Info in <TUnixSystem::ACLiC>: creating shared library /home/fatemigh/projects/rpp-jillings/fatemigh/sterile/Likelihood/LikelihoodSterile_modified6_C.so
In file included from /home/fatemigh/projects/rpp-jillings/fatemigh/sterile/Likelihood/LikelihoodSterile_modified6_C_ACLiC_dict.h:34:0,
                 from /home/fatemigh/projects/rpp-jillings/fatemigh/sterile/Likelihood/LikelihoodSterile_modified6_C_ACLiC_dict.cxx:17:
/home/fatemigh/projects/rpp-jillings/fatemigh/sterile/Likelihood/LikelihoodSterile_modified6.C: In function ‘void PoissonData(std::vector<TH1F*>&, TH1F*&)’:
/home/fatemigh/projects/rpp-jillings/fatemigh/sterile/Likelihood/LikelihoodSterile_modified6.C:182:37: warning: comparison between signed and unsigned integer expressions [-Wsign-compare]
   for (int ihist=0;ihist<histo.size();ihist++){
                                     ^
/home/fatemigh/projects/rpp-jillings/fatemigh/sterile/Likelihood/LikelihoodSterile_modified6.C: In function ‘void LikelihoodSterile_modified6(int)’:
/home/fatemigh/projects/rpp-jillings/fatemigh/sterile/Likelihood/LikelihoodSterile_modified6.C:415:36: warning: comparison between signed and unsigned integer expressions [-Wsign-compare]
   for (int i=0;i<spec_fermi.size()-1;i++){
                                    ^
Warning in <TFile::Append>: Replacing existing TH1: TEMPa (Potential memory leak).
Info in <TMinuitMinimizer::Minimize>: Finished to run MIGRAD - status 4
Warning in <Fit>: Abnormal termination of minimization.
Info in <TCanvas::MakeDefCanvas>:  created default TCanvas with name c1
Info in <TMinuitMinimizer::Minimize>: Finished to run MIGRAD - status 4
Warning in <Fit>: Abnormal termination of minimization.
Info in <TMinuitMinimizer::Minimize>: Finished to run MIGRAD - status 4
Warning in <Fit>: Abnormal termination of minimization.
Warning in <TFile::Append>: Replacing existing TH1: TEMPa (Potential memory leak).
Warning in <TFile::Append>: Replacing existing TH1: TEMPa (Potential memory leak).
Warning in <TFile::Append>: Replacing existing TH1: hfakedatabetadecay (Potential memory leak).
Info in <TMinuitMinimizer::Minimize>: Finished to run MIGRAD - status 0
Warning in <TFile::Append>: Replacing existing TH1: TEMPa (Potential memory leak).
Warning in <TFile::Append>: Replacing existing TH1: TEMPa (Potential memory leak).
Warning in <TFile::Append>: Replacing existing TH1: hfakedatabetadecay (Potential memory leak).
Info in <TMinuitMinimizer::Minimize>: Finished to run MIGRAD - status 4
Warning in <Fit>: Abnormal termination of minimization.
Info in <TMinuitMinimizer::Minimize>: Finished to run MIGRAD - status 4
Warning in <Fit>: Abnormal termination of minimization.
Info in <TMinuitMinimizer::Minimize>: Finished to run MIGRAD - status 4
Warning in <Fit>: Abnormal termination of minimization.
Warning in <TFile::Append>: Replacing existing TH1: TEMPa (Potential memory leak).
Warning in <TFile::Append>: Replacing existing TH1: TEMPa (Potential memory leak).
Warning in <TFile::Append>: Replacing existing TH1: hfakedatabetadecay (Potential memory leak).
Info in <TMinuitMinimizer::Minimize>: Finished to run MIGRAD - status 0
Warning in <TFile::Append>: Replacing existing TH1: TEMPa (Potential memory leak).
Warning in <TFile::Append>: Replacing existing TH1: TEMPa (Potential memory leak).
Warning in <TFile::Append>: Replacing existing TH1: hfakedatabetadecay (Potential memory leak).
Info in <TMinuitMinimizer::Minimize>: Finished to run MIGRAD - status 4
Warning in <Fit>: Abnormal termination of minimization.
Info in <TMinuitMinimizer::Minimize>: Finished to run MIGRAD - status 4
Warning in <Fit>: Abnormal termination of minimization.
Info in <TMinuitMinimizer::Minimize>: Finished to run MIGRAD - status 4
Warning in <Fit>: Abnormal termination of minimization.
Warning in <TFile::Append>: Replacing existing TH1: TEMPa (Potential memory leak).
Warning in <TFile::Append>: Replacing existing TH1: TEMPa (Potential memory leak).
Warning in <TFile::Append>: Replacing existing TH1: hfakedatabetadecay (Potential memory leak).
Info in <TMinuitMinimizer::Minimize>: Finished to run MIGRAD - status 4
Warning in <Fit>: Abnormal termination of minimization.
Info in <TMinuitMinimizer::Minimize>: Finished to run MIGRAD - status 0
Warning in <TFile::Append>: Replacing existing TH1: TEMPa (Potential memory leak).
Warning in <TFile::Append>: Replacing existing TH1: TEMPa (Potential memory leak).
Warning in <TFile::Append>: Replacing existing TH1: hfakedatabetadecay (Potential memory leak).
Info in <TMinuitMinimizer::Minimize>: Finished to run MIGRAD - status 0
Warning in <TFile::Append>: Replacing existing TH1: TEMPa (Potential memory leak).
Warning in <TFile::Append>: Replacing existing TH1: TEMPa (Potential memory leak).
Warning in <TFile::Append>: Replacing existing TH1: hfakedatabetadecay (Potential memory leak).
Info in <TMinuitMinimizer::Minimize>: Finished to run MIGRAD - status 4
Warning in <Fit>: Abnormal termination of minimization.
Info in <TMinuitMinimizer::Minimize>: Finished to run MIGRAD - status 4
Warning in <Fit>: Abnormal termination of minimization.
Info in <TMinuitMinimizer::Minimize>: Finished to run MIGRAD - status 0
Warning in <TFile::Append>: Replacing existing TH1: TEMPa (Potential memory leak).
Warning in <TFile::Append>: Replacing existing TH1: TEMPa (Potential memory leak).
Warning in <TFile::Append>: Replacing existing TH1: hfakedatabetadecay (Potential memory leak).
Info in <TMinuitMinimizer::Minimize>: Finished to run MIGRAD - status 4
Warning in <Fit>: Abnormal termination of minimization.
Info in <TMinuitMinimizer::Minimize>: Finished to run MIGRAD - status 4
Warning in <Fit>: Abnormal termination of minimization.
Info in <TMinuitMinimizer::Minimize>: Finished to run MIGRAD - status 4
Warning in <Fit>: Abnormal termination of minimization.
Warning in <TFile::Append>: Replacing existing TH1: TEMPa (Potential memory leak).
Warning in <TFile::Append>: Replacing existing TH1: TEMPa (Potential memory leak).
Warning in <TFile::Append>: Replacing existing TH1: hfakedatabetadecay (Potential memory leak).
Info in <TMinuitMinimizer::Minimize>: Finished to run MIGRAD - status 0
