Warning in <TFile::Append>: Replacing existing TH1: TEMPa (Potential memory leak).
Info in <TMinuitMinimizer::Minimize>: Finished to run MIGRAD - status 0
Info in <TCanvas::MakeDefCanvas>:  created default TCanvas with name c1
Warning in <TFile::Append>: Replacing existing TH1: TEMPa (Potential memory leak).
Warning in <TFile::Append>: Replacing existing TH1: TEMPa (Potential memory leak).
Warning in <TFile::Append>: Replacing existing TH1: hfakedatabetadecay (Potential memory leak).
Info in <TMinuitMinimizer::Minimize>: Finished to run MIGRAD - status 0
Info in <TMinuitMinimizer::Minimize>: Finished to run HESSE - status 0
Warning in <TFile::Append>: Replacing existing TH1: TEMPa (Potential memory leak).
Warning in <TFile::Append>: Replacing existing TH1: TEMPa (Potential memory leak).
Warning in <TFile::Append>: Replacing existing TH1: hfakedatabetadecay (Potential memory leak).
Info in <TMinuitMinimizer::Minimize>: Finished to run MIGRAD - status 0
Warning in <TFile::Append>: Replacing existing TH1: TEMPa (Potential memory leak).
Warning in <TFile::Append>: Replacing existing TH1: TEMPa (Potential memory leak).
Warning in <TFile::Append>: Replacing existing TH1: hfakedatabetadecay (Potential memory leak).
Info in <TMinuitMinimizer::Minimize>: Finished to run MIGRAD - status 4
Warning in <Fit>: Abnormal termination of minimization.
Info in <TMinuitMinimizer::Minimize>: Finished to run MIGRAD - status 4
Warning in <Fit>: Abnormal termination of minimization.
Info in <TMinuitMinimizer::Minimize>: Finished to run MIGRAD - status 4
Warning in <Fit>: Abnormal termination of minimization.
Warning in <TFile::Append>: Replacing existing TH1: TEMPa (Potential memory leak).
Warning in <TFile::Append>: Replacing existing TH1: TEMPa (Potential memory leak).
Warning in <TFile::Append>: Replacing existing TH1: hfakedatabetadecay (Potential memory leak).
Info in <TMinuitMinimizer::Minimize>: Finished to run MIGRAD - status 0
slurmstepd: error: *** JOB 7906453 ON gra584 CANCELLED AT 2018-09-25T10:45:37 DUE TO TIME LIMIT ***
