  *******************************************
  *                                         *
  *        W E L C O M E  to  R O O T       *
  *                                         *
  *   Version   5.34/36      5 April 2016   *
  *                                         *
  *  You are welcome to visit our Web site  *
  *          http://root.cern.ch            *
  *                                         *
  *******************************************

ROOT 5.34/36 (v5-34-36@v5-34-36, Apr 05 2016, 10:25:45 on linuxx8664gcc)

CINT/ROOT C/C++ Interpreter version 5.18.00, July 2, 2010
Type ? for help. Commands must be C++ statements.
Enclose multiple statements between { }.
Loading root init file.
The rat/rootinit.C file loaded the DEAP style for you, which is available from the fStyle pointer.
DEAP style applied. 
RAT: Libraries loaded.

Processing /home/fatemigh/projects/rpp-jillings/fatemigh/sterile/Likelihood/LikelihoodSterile_modified6.C+(155)...
pased here
566 lines read from file
31
spec_E  566
Before entering fitting
 **********
 **    1 **SET PRINT           2
 **********
 **********
 **    2 **SET NOGRAD
 **********
 PARAMETER DEFINITIONS:
    NO.   NAME         VALUE      STEP SIZE      LIMITS
     1 p0           5.58000e+05  1.67400e+05     no limits
     2 p1           5.65000e-01  1.69500e-01     no limits
     3 p2           0.00000e+00  3.00000e-01     no limits
     4 p3           9.99871e-04  2.99961e-04     no limits
 **********
 **    3 **SET ERR         0.5
 **********
 **********
 **    4 **SET PRINT           2
 **********
 **********
 **    5 **SET STR           1
 **********
 NOW USING STRATEGY  1: TRY TO BALANCE SPEED AGAINST RELIABILITY
 **********
 **    6 **MIGRAD        1480        0.01
 **********
 FIRST CALL TO USER FUNCTION AT NEW START POINT, WITH IFLAG=4.
 START MIGRAD MINIMIZATION.  STRATEGY  1.  CONVERGENCE WHEN EDM .LT. 1.00e-05
 FCN=17528.2 FROM MIGRAD    STATUS=INITIATE       18 CALLS          19 TOTAL
                     EDM= unknown      STRATEGY= 1      NO ERROR MATRIX       
  EXT PARAMETER               CURRENT GUESS       STEP         FIRST   
  NO.   NAME      VALUE            ERROR          SIZE      DERIVATIVE 
   1  p0           5.58000e+05   1.67400e+05   1.67400e+05  -3.64804e+01
   2  p1           5.65000e-01   1.69500e-01   1.69500e-01  -1.13243e+08
   3  p2           0.00000e+00   3.00000e-01   3.00000e-01   2.09085e+06
   4  p3           9.99871e-04   2.99961e-04   2.99961e-04  -9.83871e+08
                               ERR DEF= 0.5
NO ERROR MATRIX       
 FCN=1363.31 FROM MIGRAD    STATUS=PROGRESS       36 CALLS          37 TOTAL
                     EDM=4077.45    STRATEGY= 1      NO ERROR MATRIX       
  EXT PARAMETER               CURRENT GUESS       STEP         FIRST   
  NO.   NAME      VALUE            ERROR          SIZE      DERIVATIVE 
   1  p0           5.58357e+05   1.67400e+05   3.57020e+02  -2.52995e+00
   2  p1           5.65115e-01   1.69500e-01   1.15132e-04  -7.79422e+06
   3  p2          -2.36541e-03   3.00000e-01  -2.36541e-03  -4.75596e+05
   4  p3           1.00130e-03   2.99961e-04   1.42764e-06   5.13091e+08
                               ERR DEF= 0.5
 MIGRAD MINIMIZATION HAS CONVERGED.
 MIGRAD WILL VERIFY CONVERGENCE AND ERROR MATRIX.
   START COVARIANCE MATRIX CALCULATION.
 EIGENVALUES OF SECOND-DERIVATIVE MATRIX:
        -3.3427e-04  3.3905e-01  8.5623e-01  2.8051e+00
 MINUIT WARNING IN HESSE   
 ============== MATRIX FORCED POS-DEF BY ADDING 0.003139 TO DIAGONAL.
 FCN=90.4373 FROM HESSE     STATUS=NOT POSDEF     27 CALLS          97 TOTAL
                     EDM=1.57466e-05    STRATEGY= 1      ERR MATRIX NOT POS-DEF
  EXT PARAMETER                APPROXIMATE        STEP         FIRST   
  NO.   NAME      VALUE            ERROR          SIZE      DERIVATIVE 
   1  p0           5.58479e+05   6.82621e+01   2.66304e-01  -4.43087e-05
   2  p1           5.65154e-01   2.20916e-05   2.69487e-07   1.01974e+02
   3  p2          -4.26921e-05   8.33203e-05   3.83634e-07   6.04827e+00
   4  p3           9.99689e-04   7.69933e-08   4.76689e-10  -4.11854e+04
                               ERR DEF= 0.5
 PARAMETER  CORRELATION COEFFICIENTS  
       NO.  GLOBAL      1      2      3      4
        1  0.99719   1.000 -0.995 -0.133 -0.174
        2  0.99722  -0.995  1.000  0.186  0.176
        3  0.73957  -0.133  0.186  1.000  0.497
        4  0.58717  -0.174  0.176  0.497  1.000
 ERR MATRIX NOT POS-DEF
 FCN=90.4372 FROM MIGRAD    STATUS=PROGRESS      109 CALLS         110 TOTAL
                     EDM=9.55593e-05    STRATEGY= 1      ERR MATRIX NOT POS-DEF
  EXT PARAMETER                APPROXIMATE        STEP         FIRST   
  NO.   NAME      VALUE            ERROR          SIZE      DERIVATIVE 
   1  p0           5.58481e+05   6.82621e+01   1.85364e+00   1.50853e-05
   2  p1           5.65154e-01   2.20916e-05  -6.02097e-07   2.57658e+02
   3  p2          -4.25749e-05   8.33203e-05   1.17191e-07  -4.50743e+01
   4  p3           9.99690e-04   7.69933e-08   8.73809e-10   1.79512e+05
                               ERR DEF= 0.5
 MINUIT WARNING IN MIGRAD  
 ============== Negative diagonal element 1 in Error Matrix
 MINUIT WARNING IN MIGRAD  
 ============== Negative diagonal element 2 in Error Matrix
 MINUIT WARNING IN MIGRAD  
 ============== 2.76297e+06 added to diagonal of error matrix
 EIGENVALUES OF SECOND-DERIVATIVE MATRIX:
         9.9946e-01  1.0000e+00  1.0000e+00  1.0005e+00
 MIGRAD FAILS TO FIND IMPROVEMENT
 MIGRAD TERMINATED WITHOUT CONVERGENCE.
 FCN=90.4304 FROM MIGRAD    STATUS=FAILED        190 CALLS         191 TOTAL
                     EDM=1.2734e-05    STRATEGY= 1      ERR MATRIX NOT POS-DEF
  EXT PARAMETER                APPROXIMATE        STEP         FIRST   
  NO.   NAME      VALUE            ERROR          SIZE      DERIVATIVE 
   1  p0           5.58665e+05   7.07107e-01  -0.00000e+00   6.33842e-07
   2  p1           5.65094e-01   1.17537e+03  -0.00000e+00   9.96625e+00
   3  p2          -5.31187e-05   1.17537e+03   0.00000e+00  -5.82703e+00
   4  p3           9.99688e-04   1.17537e+03   0.00000e+00  -1.15874e+04
                               ERR DEF= 0.5
 EXTERNAL ERROR MATRIX.    NDIM=  25    NPAR=  4    ERR DEF=0.5
  5.000e-01  4.472e-01  6.270e-02 -9.958e-05 
  4.472e-01  1.381e+06 -2.027e-08  3.228e-11 
  6.270e-02 -2.027e-08  1.381e+06  1.030e-11 
 -9.958e-05  3.228e-11  1.030e-11  1.381e+06 
ERR MATRIX NOT POS-DEF
 PARAMETER  CORRELATION COEFFICIENTS  
       NO.  GLOBAL      1      2      3      4
        1  0.00054   1.000  0.001  0.000 -0.000
        2  0.00054   0.001  1.000 -0.000  0.000
        3  0.00008   0.000 -0.000  1.000  0.000
        4  0.00000  -0.000  0.000  0.000  1.000
 ERR MATRIX NOT POS-DEF
 FCN=90.4304 FROM MIGRAD    STATUS=FAILED        190 CALLS         191 TOTAL
                     EDM=1.2734e-05    STRATEGY= 1      ERR MATRIX NOT POS-DEF
  EXT PARAMETER                  PARABOLIC         MINOS ERRORS        
  NO.   NAME      VALUE            ERROR      NEGATIVE      POSITIVE   
   1  p0           5.58665e+05   7.07107e-01                            
   2  p1           5.65094e-01   1.17537e+03                            
   3  p2          -5.31187e-05   1.17537e+03                            
   4  p3           9.99688e-04   1.17537e+03                            
                               ERR DEF= 0.5
 **********
 **    7 **SET PRINT           2
 **********
 **********
 **    8 **SET NOGRAD
 **********
 PARAMETER DEFINITIONS:
    NO.   NAME         VALUE      STEP SIZE      LIMITS
     1 p0           5.58665e+05  7.07107e-01     no limits
     2 p1           5.65094e-01  1.17537e+03     no limits
     3 p2          -5.31187e-05  1.17537e+03     no limits
     4 p3           9.99688e-04  1.17537e+03     no limits
 **********
 **    9 **SET ERR         0.5
 **********
 **********
 **   10 **SET PRINT           2
 **********
 **********
 **   11 **SET STR           1
 **********
 NOW USING STRATEGY  1: TRY TO BALANCE SPEED AGAINST RELIABILITY
 **********
 **   12 **MIGRAD        1480        0.01
 **********
 FIRST CALL TO USER FUNCTION AT NEW START POINT, WITH IFLAG=4.
 START MIGRAD MINIMIZATION.  STRATEGY  1.  CONVERGENCE WHEN EDM .LT. 1.00e-05
 FCN=90.4304 FROM MIGRAD    STATUS=INITIATE       20 CALLS          21 TOTAL
                     EDM= unknown      STRATEGY= 1      NO ERROR MATRIX       
  EXT PARAMETER               CURRENT GUESS       STEP         FIRST   
  NO.   NAME      VALUE            ERROR          SIZE      DERIVATIVE 
   1  p0           5.58665e+05   7.07107e-01   7.07107e-01   6.33842e-07
   2  p1           5.65094e-01   1.17537e+03   1.17537e+03   1.11047e+11
   3  p2          -5.31187e-05   1.17537e+03   1.17537e+03   6.23227e+05
   4  p3           9.99688e-04   1.17537e+03   1.17537e+03  -4.09189e+13
                               ERR DEF= 0.5
NO ERROR MATRIX       
 MIGRAD FAILS TO FIND IMPROVEMENT
   START COVARIANCE MATRIX CALCULATION.
 EIGENVALUES OF SECOND-DERIVATIVE MATRIX:
        -1.4509e+00  8.6073e-01  1.0009e+00  3.5893e+00
 MINUIT WARNING IN HESSE   
 ============== MATRIX FORCED POS-DEF BY ADDING 1.454508 TO DIAGONAL.
 FCN=90.4304 FROM HESSE     STATUS=NOT POSDEF     31 CALLS          63 TOTAL
                     EDM=2.96799e-06    STRATEGY= 1      ERR MATRIX NOT POS-DEF
  EXT PARAMETER                APPROXIMATE        STEP         FIRST   
  NO.   NAME      VALUE            ERROR          SIZE      DERIVATIVE 
   1  p0           5.58665e+05   6.09058e+01   2.66392e-01   4.56365e-05
   2  p1           5.65094e-01   4.65490e-06   1.17537e-01   1.42322e+01
   3  p2          -5.31187e-05   9.41065e-05   1.17537e-01  -3.18178e+00
   4  p3           9.99688e-04   2.40762e-08   1.17537e-01   1.47312e+04
                               ERR DEF= 0.5
 PARAMETER  CORRELATION COEFFICIENTS  
       NO.  GLOBAL      1      2      3      4
        1  0.99856   1.000 -0.998  0.926 -0.079
        2  0.99849  -0.998  1.000 -0.922  0.078
        3  0.92742   0.926 -0.922  1.000 -0.070
        4  0.07940  -0.079  0.078 -0.070  1.000
 ERR MATRIX NOT POS-DEF
 MIGRAD FAILS TO FIND IMPROVEMENT
 MIGRAD MINIMIZATION HAS CONVERGED.
 MIGRAD WILL VERIFY CONVERGENCE AND ERROR MATRIX.
   START COVARIANCE MATRIX CALCULATION.
 EIGENVALUES OF SECOND-DERIVATIVE MATRIX:
         1.7351e-04  3.7368e-01  8.5172e-01  2.7744e+00
 COVARIANCE MATRIX CALCULATED SUCCESSFULLY
 MIGRAD TERMINATED WITHOUT CONVERGENCE.
 FCN=90.4304 FROM MIGRAD    STATUS=FAILED        109 CALLS         110 TOTAL
                     EDM=0.000106018    STRATEGY= 1      ERR MATRIX APPROXIMATE
  EXT PARAMETER                APPROXIMATE        STEP         FIRST   
  NO.   NAME      VALUE            ERROR          SIZE      DERIVATIVE 
   1  p0           5.58665e+05   2.74524e+02   9.60675e-01   4.56365e-05
   2  p1           5.65094e-01   8.86149e-05   3.45100e-07   2.43128e+01
   3  p2          -5.31187e-05   7.95168e-05   1.16259e-05   6.38691e+00
   4  p3           9.99688e-04   7.36732e-08   1.31250e-08  -3.78953e+03
                               ERR DEF= 0.5
 EXTERNAL ERROR MATRIX.    NDIM=  25    NPAR=  4    ERR DEF=0.5
  7.536e+04 -2.432e-02 -3.980e-03 -2.275e-07 
 -2.432e-02  7.853e-09  1.375e-09  7.101e-14 
 -3.980e-03  1.375e-09  6.323e-09  2.525e-12 
 -2.275e-07  7.101e-14  2.525e-12  5.428e-15 
ERR MATRIX APPROXIMATE
 PARAMETER  CORRELATION COEFFICIENTS  
       NO.  GLOBAL      1      2      3      4
        1  0.99983   1.000 -1.000 -0.182 -0.011
        2  0.99983  -1.000  1.000  0.195  0.011
        3  0.72000  -0.182  0.195  1.000  0.431
        4  0.53355  -0.011  0.011  0.431  1.000
 ERR MATRIX APPROXIMATE
 FCN=90.4304 FROM MIGRAD    STATUS=FAILED        109 CALLS         110 TOTAL
                     EDM=0.000106018    STRATEGY= 1      ERR MATRIX APPROXIMATE
  EXT PARAMETER                  PARABOLIC         MINOS ERRORS        
  NO.   NAME      VALUE            ERROR      NEGATIVE      POSITIVE   
   1  p0           5.58665e+05   2.74524e+02                            
   2  p1           5.65094e-01   8.86149e-05                            
   3  p2          -5.31187e-05   7.95168e-05                            
   4  p3           9.99688e-04   7.36732e-08                            
                               ERR DEF= 0.5
 **********
 **   13 **SET PRINT           2
 **********
 **********
 **   14 **SET NOGRAD
 **********
 PARAMETER DEFINITIONS:
    NO.   NAME         VALUE      STEP SIZE      LIMITS
     1 p0           5.58665e+05  2.74524e+02     no limits
     2 p1           5.65094e-01  8.86149e-05     no limits
     3 p2          -5.31187e-05  7.95168e-05     no limits
     4 p3           9.99688e-04  7.36732e-08     no limits
 **********
 **   15 **SET ERR         0.5
 **********
 **********
 **   16 **SET PRINT           2
 **********
 **********
 **   17 **SET STR           1
 **********
 NOW USING STRATEGY  1: TRY TO BALANCE SPEED AGAINST RELIABILITY
 **********
 **   18 **MIGRAD        1480        0.01
 **********
 FIRST CALL TO USER FUNCTION AT NEW START POINT, WITH IFLAG=4.
 START MIGRAD MINIMIZATION.  STRATEGY  1.  CONVERGENCE WHEN EDM .LT. 1.00e-05
 FCN=90.4304 FROM MIGRAD    STATUS=INITIATE       16 CALLS          17 TOTAL
                     EDM= unknown      STRATEGY= 1      NO ERROR MATRIX       
  EXT PARAMETER               CURRENT GUESS       STEP         FIRST   
  NO.   NAME      VALUE            ERROR          SIZE      DERIVATIVE 
   1  p0           5.58665e+05   2.74524e+02   2.74524e+02   8.87323e-06
   2  p1           5.65094e-01   8.86149e-05   8.86149e-05   9.96625e+00
   3  p2          -5.31187e-05   7.95168e-05   7.95168e-05   1.22203e+00
   4  p3           9.99688e-04   7.36732e-08   7.36732e-08  -1.15874e+04
                               ERR DEF= 0.5
NO ERROR MATRIX       
 MIGRAD FAILS TO FIND IMPROVEMENT
   START COVARIANCE MATRIX CALCULATION.
 EIGENVALUES OF SECOND-DERIVATIVE MATRIX:
         1.1076e-03  4.2013e-01  8.3913e-01  2.7396e+00
 COVARIANCE MATRIX CALCULATED SUCCESSFULLY
 FCN=90.4304 FROM HESSE     STATUS=OK             31 CALLS          51 TOTAL
                     EDM=9.06709e-06    STRATEGY= 1      ERROR MATRIX ACCURATE 
  EXT PARAMETER                                   STEP         FIRST   
  NO.   NAME      VALUE            ERROR          SIZE      DERIVATIVE 
   1  p0           5.58665e+05   1.08910e+02   2.74524e-01   4.56365e-05
   2  p1           5.65094e-01   3.49936e-05   2.69458e-07   2.43128e+01
   3  p2          -5.31187e-05   7.38892e-05   3.58156e-07   1.03926e+01
   4  p3           9.99688e-04   6.99506e-08   4.76688e-10  -1.94410e+04
                               ERR DEF= 0.5
 PARAMETER  CORRELATION COEFFICIENTS  
       NO.  GLOBAL      1      2      3      4
        1  0.99890   1.000 -0.998  0.129  0.124
        2  0.99889  -0.998  1.000 -0.096 -0.127
        3  0.68088   0.129 -0.096  1.000  0.369
        4  0.48769   0.124 -0.127  0.369  1.000
 MIGRAD FAILS TO FIND IMPROVEMENT
 MIGRAD MINIMIZATION HAS CONVERGED.
 FCN=90.4304 FROM MIGRAD    STATUS=CONVERGED      56 CALLS          57 TOTAL
                     EDM=9.06709e-06    STRATEGY= 1      ERROR MATRIX ACCURATE 
  EXT PARAMETER                                   STEP         FIRST   
  NO.   NAME      VALUE            ERROR          SIZE      DERIVATIVE 
   1  p0           5.58665e+05   1.08910e+02  -0.00000e+00   4.56365e-05
   2  p1           5.65094e-01   3.49936e-05   0.00000e+00   2.43128e+01
   3  p2          -5.31187e-05   7.38892e-05  -0.00000e+00   1.03926e+01
   4  p3           9.99688e-04   6.99506e-08   0.00000e+00  -1.94410e+04
                               ERR DEF= 0.5
 EXTERNAL ERROR MATRIX.    NDIM=  25    NPAR=  4    ERR DEF=0.5
  1.186e+04 -3.804e-03  1.034e-03  9.412e-07 
 -3.804e-03  1.225e-09 -2.481e-10 -3.114e-13 
  1.034e-03 -2.481e-10  5.460e-09  1.905e-12 
  9.412e-07 -3.114e-13  1.905e-12  4.893e-15 
 PARAMETER  CORRELATION COEFFICIENTS  
       NO.  GLOBAL      1      2      3      4
        1  0.99890   1.000 -0.998  0.129  0.124
        2  0.99889  -0.998  1.000 -0.096 -0.127
        3  0.68088   0.129 -0.096  1.000  0.369
        4  0.48769   0.124 -0.127  0.369  1.000
 EXTERNAL ERROR MATRIX.    NDIM=   4    NPAR=  4    ERR DEF=0.5
  1.186e+04 -3.804e-03  1.034e-03  9.412e-07 
 -3.804e-03  1.225e-09 -2.481e-10 -3.114e-13 
  1.034e-03 -2.481e-10  5.460e-09  1.905e-12 
  9.412e-07 -3.114e-13  1.905e-12  4.893e-15 
 FCN=90.4304 FROM MIGRAD    STATUS=CONVERGED      56 CALLS          57 TOTAL
                     EDM=9.06709e-06    STRATEGY= 1      ERROR MATRIX ACCURATE 
  EXT PARAMETER                  PARABOLIC         MINOS ERRORS        
  NO.   NAME      VALUE            ERROR      NEGATIVE      POSITIVE   
   1  p0           5.58665e+05   1.08910e+02                            
   2  p1           5.65094e-01   3.49936e-05                            
   3  p2          -5.31187e-05   7.38892e-05                            
   4  p3           9.99688e-04   6.99506e-08                            
                               ERR DEF= 0.5
------------------------------------------
Enering ROOFIt-------
 PARAMETER DEFINITIONS:
    NO.   NAME         VALUE      STEP SIZE      LIMITS
     1 norm         5.58665e+05  1.00000e-01     no limits
     2 Q            5.65000e-01  1.00000e-01     no limits
     3 theta        0.00000e+00  1.00000e-01     no limits
     4 pileup       9.99688e-04  1.00000e-01     no limits
 **********
 **    1 **MIGRAD
 **********
 FIRST CALL TO USER FUNCTION AT NEW START POINT, WITH IFLAG=4.
 START MIGRAD MINIMIZATION.  STRATEGY  1.  CONVERGENCE WHEN EDM .LT. 1.00e-04
 FCN=-2.37862e+11 FROM MIGRAD    STATUS=INITIATE       16 CALLS          17 TOTAL
                     EDM= unknown      STRATEGY= 1      NO ERROR MATRIX       
  EXT PARAMETER               CURRENT GUESS       STEP         FIRST   
  NO.   NAME      VALUE            ERROR          SIZE      DERIVATIVE 
   1  norm         5.58665e+05   1.00000e-01   1.00000e-01  -1.12784e+01
   2  Q            5.65000e-01   1.00000e-01   1.00000e-01  -1.67435e+08
   3  theta        0.00000e+00   1.00000e-01   1.00000e-01   6.77859e+05
   4  pileup       9.99688e-04   1.00000e-01   1.00000e-01  -9.18461e+11
 MIGRAD FAILS TO FIND IMPROVEMENT
 MACHINE ACCURACY LIMITS FURTHER IMPROVEMENT.
 MIGRAD MINIMIZATION HAS CONVERGED.
 FCN=-2.37862e+11 FROM MIGRAD    STATUS=CONVERGED     160 CALLS         161 TOTAL
                     EDM=163.916    STRATEGY= 1  ERROR MATRIX UNCERTAINTY   8.3 per cent
  EXT PARAMETER                                   STEP         FIRST   
  NO.   NAME      VALUE            ERROR          SIZE      DERIVATIVE 
   1  norm         5.58963e+05   1.06278e+01   0.00000e+00   5.36343e-02
   2  Q            5.64998e-01   4.01073e-08   0.00000e+00  -1.50546e+08
   3  theta       -7.33784e-05   1.07093e-04   0.00000e+00  -2.53205e+03
   4  pileup       9.99799e-04   7.56452e-08   0.00000e+00   6.96395e+05
 EXTERNAL ERROR MATRIX.    NDIM=  25    NPAR=  4    ERR DEF=1
  1.130e+02  1.229e-07  6.290e-04  5.641e-08 
  1.229e-07  1.609e-15  4.419e-13  5.960e-16 
  6.290e-04  4.419e-13  1.147e-08  3.134e-12 
  5.641e-08  5.960e-16  3.134e-12  5.722e-15 
 PARAMETER  CORRELATION COEFFICIENTS  
       NO.  GLOBAL      1      2      3      4
        1  0.63159   1.000  0.288  0.553  0.070
        2  0.37233   0.288  1.000  0.103  0.196
        3  0.66552   0.553  0.103  1.000  0.387
        4  0.47454   0.070  0.196  0.387  1.000
 **********
 **    2 **MIGRAD 
 **********
 START MIGRAD MINIMIZATION.  STRATEGY  1.  CONVERGENCE WHEN EDM .LT. 1.00e-04
 FCN=-2.37862e+11 FROM MIGRAD    STATUS=INITIATE       12 CALLS         173 TOTAL
                     EDM=0.0711486    STRATEGY= 1  ERROR MATRIX UNCERTAINTY   8.3 per cent
  EXT PARAMETER                                   STEP         FIRST   
  NO.   NAME      VALUE            ERROR          SIZE      DERIVATIVE 
   1  norm         5.58963e+05   1.06278e+01   0.00000e+00   5.36298e-02
   2  Q            5.64998e-01   4.01073e-08   0.00000e+00   3.69029e+05
   3  theta       -7.33784e-05   1.07093e-04   0.00000e+00  -2.53289e+03
   4  pileup       9.99799e-04   7.56452e-08   0.00000e+00   6.98543e+05
 MIGRAD FAILS TO FIND IMPROVEMENT
 MACHINE ACCURACY LIMITS FURTHER IMPROVEMENT.
 MIGRAD MINIMIZATION HAS CONVERGED.
 FCN=-2.37862e+11 FROM MIGRAD    STATUS=CONVERGED      38 CALLS         199 TOTAL
                     EDM=11.9704    STRATEGY= 1  ERROR MATRIX UNCERTAINTY   4.3 per cent
  EXT PARAMETER                                   STEP         FIRST   
  NO.   NAME      VALUE            ERROR          SIZE      DERIVATIVE 
   1  norm         5.58961e+05   1.06591e+01   0.00000e+00  -3.94426e-02
   2  Q            5.64998e-01   7.72881e-09   0.00000e+00  -1.51214e+08
   3  theta       -7.75274e-05   1.06542e-04   0.00000e+00   1.93064e+03
   4  pileup       9.99800e-04   7.42149e-08   0.00000e+00  -1.41668e+06
 EXTERNAL ERROR MATRIX.    NDIM=  25    NPAR=  4    ERR DEF=1
  1.136e+02 -1.649e-08  6.041e-04 -6.929e-09 
 -1.649e-08  5.973e-17 -2.304e-14  8.679e-18 
  6.041e-04 -2.304e-14  1.135e-08  2.944e-12 
 -6.929e-09  8.679e-18  2.944e-12  5.508e-15 
 PARAMETER  CORRELATION COEFFICIENTS  
       NO.  GLOBAL      1      2      3      4
        1  0.60398   1.000 -0.200  0.532 -0.009
        2  0.22273  -0.200  1.000 -0.028  0.015
        3  0.65633   0.532 -0.028  1.000  0.372
        4  0.44624  -0.009  0.015  0.372  1.000
status of the fit-----000------0
1  558961
2  0.564998
3  -7.75274e-05
4  0.0009998
 **********
 **   19 **SET PRINT           2
 **********
 **********
 **   20 **SET NOGRAD
 **********
 PARAMETER DEFINITIONS:
    NO.   NAME         VALUE      STEP SIZE      LIMITS
     1 p0           5.58000e+05  1.67400e+05     no limits
     2 p1           5.65000e-01  1.69500e-01     no limits
     3 p2           0.00000e+00  3.00000e-01     no limits
     4 p3           9.99871e-04  2.99961e-04     no limits
 **********
 **   21 **SET ERR         0.5
 **********
 **********
 **   22 **SET PRINT           2
 **********
 **********
 **   23 **SET STR           1
 **********
 NOW USING STRATEGY  1: TRY TO BALANCE SPEED AGAINST RELIABILITY
 **********
 **   24 **MIGRAD        1480        0.01
 **********
 FIRST CALL TO USER FUNCTION AT NEW START POINT, WITH IFLAG=4.
 START MIGRAD MINIMIZATION.  STRATEGY  1.  CONVERGENCE WHEN EDM .LT. 1.00e-05
 FCN=17283.3 FROM MIGRAD    STATUS=INITIATE       18 CALLS          19 TOTAL
                     EDM= unknown      STRATEGY= 1      NO ERROR MATRIX       
  EXT PARAMETER               CURRENT GUESS       STEP         FIRST   
  NO.   NAME      VALUE            ERROR          SIZE      DERIVATIVE 
   1  p0           5.58000e+05   1.67400e+05   1.67400e+05  -3.62416e+01
   2  p1           5.65000e-01   1.69500e-01   1.69500e-01  -1.12491e+08
   3  p2           0.00000e+00   3.00000e-01   3.00000e-01   2.05486e+06
   4  p3           9.99871e-04   2.99961e-04   2.99961e-04  -9.97027e+08
                               ERR DEF= 0.5
NO ERROR MATRIX       
 FCN=1356.99 FROM MIGRAD    STATUS=PROGRESS       36 CALLS          37 TOTAL
                     EDM=4018.44    STRATEGY= 1      NO ERROR MATRIX       
  EXT PARAMETER               CURRENT GUESS       STEP         FIRST   
  NO.   NAME      VALUE            ERROR          SIZE      DERIVATIVE 
   1  p0           5.58355e+05   1.67400e+05   3.54627e+02  -2.54503e+00
   2  p1           5.65114e-01   1.69500e-01   1.14349e-04  -7.83412e+06
   3  p2          -2.32434e-03   3.00000e-01  -2.32434e-03  -4.90446e+05
   4  p3           1.00132e-03   2.99961e-04   1.44634e-06   4.93499e+08
                               ERR DEF= 0.5
 FCN=73.431 FROM MIGRAD    STATUS=PROGRESS      147 CALLS         148 TOTAL
                     EDM=3.82605    STRATEGY= 1  ERROR MATRIX UNCERTAINTY   6.4 per cent
  EXT PARAMETER                APPROXIMATE        STEP         FIRST   
  NO.   NAME      VALUE            ERROR          SIZE      DERIVATIVE 
   1  p0           5.59540e+05   1.54091e+03   2.06129e+02  -4.32251e-03
   2  p1           5.64812e-01   4.96858e-04  -6.64680e-05  -8.52460e+03
   3  p2           8.73085e-05   1.09686e-04  -1.22841e-05   1.20302e+03
   4  p3           9.99849e-04   6.86850e-08  -8.74730e-10  -2.96085e+05
                               ERR DEF= 0.5
 FCN=72.0513 FROM MIGRAD    STATUS=PROGRESS      250 CALLS         251 TOTAL
                     EDM=4.83767    STRATEGY= 1  ERROR MATRIX UNCERTAINTY  65.0 per cent
  EXT PARAMETER                APPROXIMATE        STEP         FIRST   
  NO.   NAME      VALUE            ERROR          SIZE      DERIVATIVE 
   1  p0           5.60501e+05   1.46358e+03   6.61321e+00  -1.94358e-02
   2  p1           5.64503e-01   4.70370e-04  -2.12519e-06  -5.68801e+04
   3  p2           3.01700e-05   1.01999e-04  -3.73725e-07   1.48672e+03
   4  p3           9.99845e-04   6.85148e-08  -2.30986e-11  -6.89155e+05
                               ERR DEF= 0.5
 MINUIT WARNING IN MIGRAD  
 ============== Negative diagonal element 1 in Error Matrix
 MINUIT WARNING IN MIGRAD  
 ============== Negative diagonal element 2 in Error Matrix
 MINUIT WARNING IN MIGRAD  
 ============== Negative diagonal element 3 in Error Matrix
 MINUIT WARNING IN MIGRAD  
 ============== 1.41931e+07 added to diagonal of error matrix
 EIGENVALUES OF SECOND-DERIVATIVE MATRIX:
         9.9877e-01  1.0000e+00  1.0000e+00  1.0012e+00
 MIGRAD FAILS TO FIND IMPROVEMENT
   START COVARIANCE MATRIX CALCULATION.
 EIGENVALUES OF SECOND-DERIVATIVE MATRIX:
         2.0259e-03  4.1042e-01  8.5338e-01  2.7342e+00
 COVARIANCE MATRIX CALCULATED SUCCESSFULLY
 FCN=72.0513 FROM HESSE     STATUS=OK             23 CALLS         285 TOTAL
                     EDM=0.0100439    STRATEGY= 1      ERROR MATRIX ACCURATE 
  EXT PARAMETER                                   STEP         FIRST   
  NO.   NAME      VALUE            ERROR          SIZE      DERIVATIVE 
   1  p0           5.60501e+05   8.03404e+01   2.67268e-01  -1.94387e-02
   2  p1           5.64503e-01   2.59849e-05   2.69176e-07  -5.68723e+04
   3  p2           3.01700e-05   7.41242e-05   3.17543e-07   1.47758e+03
   4  p3           9.99845e-04   6.88519e-08   4.76763e-10  -6.85464e+05
                               ERR DEF= 0.5
 PARAMETER  CORRELATION COEFFICIENTS  
       NO.  GLOBAL      1      2      3      4
        1  0.99796   1.000 -0.997 -0.058  0.164
        2  0.99799  -0.997  1.000  0.103 -0.167
        3  0.68523  -0.058  0.103  1.000  0.351
        4  0.49656   0.164 -0.167  0.351  1.000
 FCN=72.0334 FROM MIGRAD    STATUS=PROGRESS      300 CALLS         301 TOTAL
                     EDM=0.436031    STRATEGY= 1      ERROR MATRIX ACCURATE 
  EXT PARAMETER                                   STEP         FIRST   
  NO.   NAME      VALUE            ERROR          SIZE      DERIVATIVE 
   1  p0           5.60513e+05   8.03404e+01   1.19710e+01   7.30161e-03
   2  p1           5.64499e-01   2.59849e-05  -3.68807e-06  -1.28061e+04
   3  p2           2.68165e-05   7.41242e-05  -3.35351e-06  -8.41567e+02
   4  p3           9.99847e-04   6.88519e-08   1.77766e-09   7.36519e+05
                               ERR DEF= 0.5
 MIGRAD FAILS TO FIND IMPROVEMENT
 MIGRAD TERMINATED WITHOUT CONVERGENCE.
 FCN=72.0334 FROM MIGRAD    STATUS=FAILED        311 CALLS         312 TOTAL
                     EDM=0.436031    STRATEGY= 1  ERROR MATRIX UNCERTAINTY 100.0 per cent
  EXT PARAMETER                APPROXIMATE        STEP         FIRST   
  NO.   NAME      VALUE            ERROR          SIZE      DERIVATIVE 
   1  p0           5.60513e+05   3.08606e+01  -0.00000e+00   7.30161e-03
   2  p1           5.64499e-01   9.74025e-06   0.00000e+00  -1.28061e+04
   3  p2           2.68165e-05   7.38686e-05   0.00000e+00  -8.41567e+02
   4  p3           9.99847e-04   6.77332e-08  -0.00000e+00   7.36519e+05
                               ERR DEF= 0.5
 EXTERNAL ERROR MATRIX.    NDIM=  25    NPAR=  4    ERR DEF=0.5
  9.524e+02 -2.935e-04  2.339e-04 -1.297e-08 
 -2.935e-04  9.487e-11  8.173e-12 -4.401e-16 
  2.339e-04  8.173e-12  5.457e-09  1.889e-12 
 -1.297e-08 -4.401e-16  1.889e-12  4.588e-15 
ERR MATRIX APPROXIMATE
 PARAMETER  CORRELATION COEFFICIENTS  
       NO.  GLOBAL      1      2      3      4
        1  0.98459   1.000 -0.977  0.103 -0.006
        2  0.98439  -0.977  1.000  0.011 -0.001
        3  0.65908   0.103  0.011  1.000  0.377
        4  0.46535  -0.006 -0.001  0.377  1.000
 ERR MATRIX APPROXIMATE
 FCN=72.0334 FROM MIGRAD    STATUS=FAILED        311 CALLS         312 TOTAL
                     EDM=0.436031    STRATEGY= 1  ERROR MATRIX UNCERTAINTY 100.0 per cent
  EXT PARAMETER                  PARABOLIC         MINOS ERRORS        
  NO.   NAME      VALUE            ERROR      NEGATIVE      POSITIVE   
   1  p0           5.60513e+05   3.08606e+01                            
   2  p1           5.64499e-01   9.74025e-06                            
   3  p2           2.68165e-05   7.38686e-05                            
   4  p3           9.99847e-04   6.77332e-08                            
                               ERR DEF= 0.5
 **********
 **   25 **SET PRINT           2
 **********
 **********
 **   26 **SET NOGRAD
 **********
 PARAMETER DEFINITIONS:
    NO.   NAME         VALUE      STEP SIZE      LIMITS
     1 p0           5.60513e+05  3.08606e+01     no limits
     2 p1           5.64499e-01  9.74025e-06     no limits
     3 p2           2.68165e-05  7.38686e-05     no limits
     4 p3           9.99847e-04  6.77332e-08     no limits
 **********
 **   27 **SET ERR         0.5
 **********
 **********
 **   28 **SET PRINT           2
 **********
 **********
 **   29 **SET STR           1
 **********
 NOW USING STRATEGY  1: TRY TO BALANCE SPEED AGAINST RELIABILITY
 **********
 **   30 **MIGRAD        1480        0.01
 **********
 FIRST CALL TO USER FUNCTION AT NEW START POINT, WITH IFLAG=4.
 START MIGRAD MINIMIZATION.  STRATEGY  1.  CONVERGENCE WHEN EDM .LT. 1.00e-05
 FCN=72.0334 FROM MIGRAD    STATUS=INITIATE       12 CALLS          13 TOTAL
                     EDM= unknown      STRATEGY= 1      NO ERROR MATRIX       
  EXT PARAMETER               CURRENT GUESS       STEP         FIRST   
  NO.   NAME      VALUE            ERROR          SIZE      DERIVATIVE 
   1  p0           5.60513e+05   3.08606e+01   3.08606e+01   7.30808e-03
   2  p1           5.64499e-01   9.74025e-06   9.74025e-06  -1.28061e+04
   3  p2           2.68165e-05   7.38686e-05   7.38686e-05  -8.39956e+02
   4  p3           9.99847e-04   6.77332e-08   6.77332e-08   7.36519e+05
                               ERR DEF= 0.5
NO ERROR MATRIX       
 FCN=72.032 FROM MIGRAD    STATUS=PROGRESS       22 CALLS          23 TOTAL
                     EDM=0.0110118    STRATEGY= 1      NO ERROR MATRIX       
  EXT PARAMETER               CURRENT GUESS       STEP         FIRST   
  NO.   NAME      VALUE            ERROR          SIZE      DERIVATIVE 
   1  p0           5.60513e+05   3.08606e+01  -1.10451e-01   1.31182e-04
   2  p1           5.64499e-01   9.74025e-06   1.10639e-08  -6.03339e+04
   3  p2           2.79558e-05   7.38686e-05   1.13937e-06  -1.99729e+01
   4  p3           9.99845e-04   6.77332e-08  -1.65303e-09   4.96793e+04
                               ERR DEF= 0.5
 MINUIT WARNING IN MIGRAD  
 ============== Negative diagonal element 2 in Error Matrix
 MINUIT WARNING IN MIGRAD  
 ============== Negative diagonal element 3 in Error Matrix
 MINUIT WARNING IN MIGRAD  
 ============== 1 added to diagonal of error matrix
 EIGENVALUES OF SECOND-DERIVATIVE MATRIX:
         9.9998e-01  1.0000e+00  1.0000e+00  1.0000e+00
 MIGRAD FAILS TO FIND IMPROVEMENT
   START COVARIANCE MATRIX CALCULATION.
 EIGENVALUES OF SECOND-DERIVATIVE MATRIX:
         2.8229e-01  4.4569e-01  9.2322e-01  2.3488e+00
 COVARIANCE MATRIX CALCULATED SUCCESSFULLY
 FCN=72.032 FROM HESSE     STATUS=OK             31 CALLS         100 TOTAL
                     EDM=0.0146906    STRATEGY= 1      ERROR MATRIX ACCURATE 
  EXT PARAMETER                                   STEP         FIRST   
  NO.   NAME      VALUE            ERROR          SIZE      DERIVATIVE 
   1  p0           5.60513e+05   7.68476e+00   2.67273e-01   1.09337e-04
   2  p1           5.64499e-01   1.43954e-06   2.69174e-07  -1.18705e+05
   3  p2           2.79632e-05   6.68106e-05   3.16132e-07  -4.96885e+01
   4  p3           9.99845e-04   7.05588e-08   4.76763e-10   4.30674e+04
                               ERR DEF= 0.5
 PARAMETER  CORRELATION COEFFICIENTS  
       NO.  GLOBAL      1      2      3      4
        1  0.74442   1.000 -0.585  0.413  0.004
        2  0.65756  -0.585  1.000 -0.011 -0.015
        3  0.68436   0.413 -0.011  1.000  0.464
        4  0.53895   0.004 -0.015  0.464  1.000
 MIGRAD FAILS TO FIND IMPROVEMENT
 MIGRAD TERMINATED WITHOUT CONVERGENCE.
 FCN=72.032 FROM MIGRAD    STATUS=FAILED        110 CALLS         111 TOTAL
                     EDM=0.0146906    STRATEGY= 1      ERR MATRIX APPROXIMATE
  EXT PARAMETER                APPROXIMATE        STEP         FIRST   
  NO.   NAME      VALUE            ERROR          SIZE      DERIVATIVE 
   1  p0           5.60513e+05   7.68476e+00  -0.00000e+00   1.09337e-04
   2  p1           5.64499e-01   1.43954e-06   0.00000e+00  -1.18705e+05
   3  p2           2.79632e-05   6.68106e-05  -0.00000e+00  -4.96885e+01
   4  p3           9.99845e-04   7.05588e-08  -0.00000e+00   4.30674e+04
                               ERR DEF= 0.5
 EXTERNAL ERROR MATRIX.    NDIM=  25    NPAR=  4    ERR DEF=0.5
  5.906e+01 -6.467e-06  2.118e-04  2.367e-09 
 -6.467e-06  2.072e-12 -1.028e-12 -1.530e-15 
  2.118e-04 -1.028e-12  4.464e-09  2.186e-12 
  2.367e-09 -1.530e-15  2.186e-12  4.979e-15 
ERR MATRIX APPROXIMATE
 PARAMETER  CORRELATION COEFFICIENTS  
       NO.  GLOBAL      1      2      3      4
        1  0.74442   1.000 -0.585  0.413  0.004
        2  0.65756  -0.585  1.000 -0.011 -0.015
        3  0.68436   0.413 -0.011  1.000  0.464
        4  0.53895   0.004 -0.015  0.464  1.000
 ERR MATRIX APPROXIMATE
 FCN=72.032 FROM MIGRAD    STATUS=FAILED        110 CALLS         111 TOTAL
                     EDM=0.0146906    STRATEGY= 1      ERR MATRIX APPROXIMATE
  EXT PARAMETER                  PARABOLIC         MINOS ERRORS        
  NO.   NAME      VALUE            ERROR      NEGATIVE      POSITIVE   
   1  p0           5.60513e+05   7.68476e+00                            
   2  p1           5.64499e-01   1.43954e-06                            
   3  p2           2.79632e-05   6.68106e-05                            
   4  p3           9.99845e-04   7.05588e-08                            
                               ERR DEF= 0.5
 **********
 **   31 **SET PRINT           2
 **********
 **********
 **   32 **SET NOGRAD
 **********
 PARAMETER DEFINITIONS:
    NO.   NAME         VALUE      STEP SIZE      LIMITS
     1 p0           5.60513e+05  7.68476e+00     no limits
     2 p1           5.64499e-01  1.43954e-06     no limits
     3 p2           2.79632e-05  6.68106e-05     no limits
     4 p3           9.99845e-04  7.05588e-08     no limits
 **********
 **   33 **SET ERR         0.5
 **********
 **********
 **   34 **SET PRINT           2
 **********
 **********
 **   35 **SET STR           1
 **********
 NOW USING STRATEGY  1: TRY TO BALANCE SPEED AGAINST RELIABILITY
 **********
 **   36 **MIGRAD        1480        0.01
 **********
 FIRST CALL TO USER FUNCTION AT NEW START POINT, WITH IFLAG=4.
 START MIGRAD MINIMIZATION.  STRATEGY  1.  CONVERGENCE WHEN EDM .LT. 1.00e-05
 FCN=72.032 FROM MIGRAD    STATUS=INITIATE       12 CALLS          13 TOTAL
                     EDM= unknown      STRATEGY= 1      NO ERROR MATRIX       
  EXT PARAMETER               CURRENT GUESS       STEP         FIRST   
  NO.   NAME      VALUE            ERROR          SIZE      DERIVATIVE 
   1  p0           5.60513e+05   7.68476e+00   7.68476e+00   1.15121e-04
   2  p1           5.64499e-01   1.43954e-06   1.43954e-06  -6.05562e+04
   3  p2           2.79632e-05   6.68106e-05   6.68106e-05  -1.44043e+01
   4  p3           9.99845e-04   7.05588e-08   7.05588e-08   4.61337e+04
                               ERR DEF= 0.5
NO ERROR MATRIX       
 MIGRAD FAILS TO FIND IMPROVEMENT
   START COVARIANCE MATRIX CALCULATION.
 EIGENVALUES OF SECOND-DERIVATIVE MATRIX:
         2.7734e-01  4.4886e-01  9.1314e-01  2.3607e+00
 COVARIANCE MATRIX CALCULATED SUCCESSFULLY
 FCN=72.032 FROM HESSE     STATUS=OK             31 CALLS          55 TOTAL
                     EDM=0.0146912    STRATEGY= 1      ERROR MATRIX ACCURATE 
  EXT PARAMETER                                   STEP         FIRST   
  NO.   NAME      VALUE            ERROR          SIZE      DERIVATIVE 
   1  p0           5.60513e+05   7.75569e+00   2.67273e-01   1.09337e-04
   2  p1           5.64499e-01   1.43954e-06   2.69174e-07  -1.18705e+05
   3  p2           2.79632e-05   6.96789e-05   3.11972e-07  -3.46936e+01
   4  p3           9.99845e-04   7.01632e-08   4.76763e-10   4.30674e+04
                               ERR DEF= 0.5
 PARAMETER  CORRELATION COEFFICIENTS  
       NO.  GLOBAL      1      2      3      4
        1  0.74985   1.000 -0.579  0.430  0.009
        2  0.65756  -0.579  1.000 -0.010 -0.015
        3  0.69070   0.430 -0.010  1.000  0.454
        4  0.53146   0.009 -0.015  0.454  1.000
 MIGRAD FAILS TO FIND IMPROVEMENT
 MIGRAD TERMINATED WITHOUT CONVERGENCE.
 FCN=72.032 FROM MIGRAD    STATUS=FAILED         65 CALLS          66 TOTAL
                     EDM=0.0146912    STRATEGY= 1      ERR MATRIX APPROXIMATE
  EXT PARAMETER                APPROXIMATE        STEP         FIRST   
  NO.   NAME      VALUE            ERROR          SIZE      DERIVATIVE 
   1  p0           5.60513e+05   7.75569e+00  -0.00000e+00   1.09337e-04
   2  p1           5.64499e-01   1.43954e-06   0.00000e+00  -1.18705e+05
   3  p2           2.79632e-05   6.96789e-05  -0.00000e+00  -3.46936e+01
   4  p3           9.99845e-04   7.01632e-08  -0.00000e+00   4.30674e+04
                               ERR DEF= 0.5
 EXTERNAL ERROR MATRIX.    NDIM=  25    NPAR=  4    ERR DEF=0.5
  6.015e+01 -6.467e-06  2.326e-04  4.993e-09 
 -6.467e-06  2.072e-12 -1.021e-12 -1.493e-15 
  2.326e-04 -1.021e-12  4.855e-09  2.220e-12 
  4.993e-09 -1.493e-15  2.220e-12  4.923e-15 
ERR MATRIX APPROXIMATE
 PARAMETER  CORRELATION COEFFICIENTS  
       NO.  GLOBAL      1      2      3      4
        1  0.74985   1.000 -0.579  0.430  0.009
        2  0.65756  -0.579  1.000 -0.010 -0.015
        3  0.69070   0.430 -0.010  1.000  0.454
        4  0.53146   0.009 -0.015  0.454  1.000
 ERR MATRIX APPROXIMATE
 FCN=72.032 FROM MIGRAD    STATUS=FAILED         65 CALLS          66 TOTAL
                     EDM=0.0146912    STRATEGY= 1      ERR MATRIX APPROXIMATE
  EXT PARAMETER                  PARABOLIC         MINOS ERRORS        
  NO.   NAME      VALUE            ERROR      NEGATIVE      POSITIVE   
   1  p0           5.60513e+05   7.75569e+00                            
   2  p1           5.64499e-01   1.43954e-06                            
   3  p2           2.79632e-05   6.96789e-05                            
   4  p3           9.99845e-04   7.01632e-08                            
                               ERR DEF= 0.5
------------------------------------------
Enering ROOFIt-------
 PARAMETER DEFINITIONS:
    NO.   NAME         VALUE      STEP SIZE      LIMITS
     1 norm         5.60513e+05  1.00000e-01     no limits
     2 Q            5.65000e-01  1.00000e-01     no limits
     3 theta        0.00000e+00  1.00000e-01     no limits
     4 pileup       9.99845e-04  1.00000e-01     no limits
 **********
 **    1 **MIGRAD
 **********
 FIRST CALL TO USER FUNCTION AT NEW START POINT, WITH IFLAG=4.
 START MIGRAD MINIMIZATION.  STRATEGY  1.  CONVERGENCE WHEN EDM .LT. 1.00e-04
 FCN=-2.3786e+11 FROM MIGRAD    STATUS=INITIATE       16 CALLS          17 TOTAL
                     EDM= unknown      STRATEGY= 1      NO ERROR MATRIX       
  EXT PARAMETER               CURRENT GUESS       STEP         FIRST   
  NO.   NAME      VALUE            ERROR          SIZE      DERIVATIVE 
   1  norm         5.60513e+05   1.00000e-01   1.00000e-01   5.93266e+01
   2  Q            5.65000e-01   1.00000e-01   1.00000e-01   9.19319e+08
   3  theta        0.00000e+00   1.00000e-01   1.00000e-01  -3.42883e+06
   4  pileup       9.99845e-04   1.00000e-01   1.00000e-01  -9.15935e+11
 MIGRAD FAILS TO FIND IMPROVEMENT
 EIGENVALUES OF SECOND-DERIVATIVE MATRIX:
        -4.9054e-04  3.8414e-01  9.1714e-01  2.6992e+00
 MINUIT WARNING IN HESSE   
 ============== MATRIX FORCED POS-DEF BY ADDING 0.003190 TO DIAGONAL.
 FCN=-2.3786e+11 FROM HESSE     STATUS=NOT POSDEF     27 CALLS          55 TOTAL
                     EDM=5.84192e+06    STRATEGY= 1      ERR MATRIX NOT POS-DEF
  EXT PARAMETER                APPROXIMATE        STEP         FIRST   
  NO.   NAME      VALUE            ERROR          SIZE      DERIVATIVE 
   1  norm         5.60513e+05   6.92874e+01   2.67273e+00   5.93267e+01
   2  Q            5.65000e-01   6.52311e-06   1.00000e-03   1.85004e+08
   3  theta        0.00000e+00   5.74094e-04   1.84999e-02  -3.44380e+06
   4  pileup       9.99845e-04   9.23139e-08   1.00000e-02   1.66681e+09
 MIGRAD FAILS TO FIND IMPROVEMENT
 MACHINE ACCURACY LIMITS FURTHER IMPROVEMENT.
 MIGRAD MINIMIZATION HAS CONVERGED.
 MIGRAD WILL VERIFY CONVERGENCE AND ERROR MATRIX.
 EIGENVALUES OF SECOND-DERIVATIVE MATRIX:
        -5.2675e-01  3.3273e-01  7.2068e-01  3.4733e+00
 MINUIT WARNING IN HESSE   
 ============== MATRIX FORCED POS-DEF BY ADDING 0.530219 TO DIAGONAL.
 MIGRAD TERMINATED WITHOUT CONVERGENCE.
 FCN=-2.3786e+11 FROM MIGRAD    STATUS=FAILED        321 CALLS         322 TOTAL
                     EDM=118.928    STRATEGY= 1      ERR MATRIX NOT POS-DEF
  EXT PARAMETER                APPROXIMATE        STEP         FIRST   
  NO.   NAME      VALUE            ERROR          SIZE      DERIVATIVE 
   1  norm         5.58638e+05   5.62199e+01   1.72482e+03   6.14533e-02
   2  Q            5.65103e-01   4.81068e-06   5.55026e-04   2.03174e+05
   3  theta        1.31363e-04   5.61723e-04   1.85904e-02  -1.48506e+04
   4  pileup       9.99967e-04   1.77887e-07   2.09872e-05   2.83737e+07
 EXTERNAL ERROR MATRIX.    NDIM=  25    NPAR=  4    ERR DEF=1
  3.161e+03 -2.687e-04 -3.095e-02  8.927e-06 
 -2.687e-04  2.314e-11  2.680e-09 -7.729e-13 
 -3.095e-02  2.680e-09  3.155e-07 -8.790e-11 
  8.927e-06 -7.729e-13 -8.790e-11  3.164e-14 
ERR MATRIX NOT POS-DEF
 PARAMETER  CORRELATION COEFFICIENTS  
       NO.  GLOBAL      1      2      3      4
        1  0.99456   1.000 -0.993 -0.980  0.893
        2  0.99812  -0.993  1.000  0.992 -0.903
        3  0.99367  -0.980  0.992  1.000 -0.880
        4  0.91630   0.893 -0.903 -0.880  1.000
 ERR MATRIX NOT POS-DEF
 **********
 **    2 **MIGRAD 
 **********
 START MIGRAD MINIMIZATION.  STRATEGY  1.  CONVERGENCE WHEN EDM .LT. 1.00e-04
 FCN=-2.3786e+11 FROM MIGRAD    STATUS=INITIATE        8 CALLS         330 TOTAL
                     EDM=40.5434    STRATEGY= 1      ERR MATRIX NOT POS-DEF
  EXT PARAMETER                APPROXIMATE        STEP         FIRST   
  NO.   NAME      VALUE            ERROR          SIZE      DERIVATIVE 
   1  norm         5.58638e+05   5.62199e+01   1.72482e+03   5.12117e-02
   2  Q            5.65103e-01   4.81068e-06   5.55026e-04   2.03224e+05
   3  theta        1.31363e-04   5.61723e-04   1.85904e-02  -1.23887e+04
   4  pileup       9.99967e-04   1.77887e-07   2.09872e-05   2.38640e+07
 MIGRAD FAILS TO FIND IMPROVEMENT
 MACHINE ACCURACY LIMITS FURTHER IMPROVEMENT.
 MIGRAD MINIMIZATION HAS CONVERGED.
 MIGRAD WILL VERIFY CONVERGENCE AND ERROR MATRIX.
 EIGENVALUES OF SECOND-DERIVATIVE MATRIX:
        -7.0296e-04  3.6631e-01  8.5029e-01  2.7841e+00
 MINUIT WARNING IN HESSE   
 ============== MATRIX FORCED POS-DEF BY ADDING 0.003487 TO DIAGONAL.
 FCN=-2.3786e+11 FROM HESSE     STATUS=NOT POSDEF     29 CALLS         400 TOTAL
                     EDM=0.0933451    STRATEGY= 1      ERR MATRIX NOT POS-DEF
  EXT PARAMETER                APPROXIMATE        STEP         FIRST   
  NO.   NAME      VALUE            ERROR          SIZE      DERIVATIVE 
   1  norm         5.58641e+05   9.60391e+01   1.72481e+03   6.24833e-02
   2  Q            5.65102e-01   3.15999e-05   8.68528e-05   2.05016e+05
   3  theta        1.25528e-04   1.19678e-04   1.85903e-02  -5.97891e+03
   4  pileup       9.99860e-04   1.05029e-07   2.09870e-05   4.47676e+06
 MINUIT WARNING IN MIGRAD  
 ============== Negative diagonal element 2 in Error Matrix
 MINUIT WARNING IN MIGRAD  
 ============== 1 added to diagonal of error matrix
 MIGRAD FAILS TO FIND IMPROVEMENT
 MIGRAD TERMINATED WITHOUT CONVERGENCE.
 FCN=-2.3786e+11 FROM MIGRAD    STATUS=FAILED        116 CALLS         438 TOTAL
                     EDM=4.48584e+09    STRATEGY= 1      ERR MATRIX NOT POS-DEF
  EXT PARAMETER                APPROXIMATE        STEP         FIRST   
  NO.   NAME      VALUE            ERROR          SIZE      DERIVATIVE 
   1  norm         5.58660e+05   8.97346e+00  -0.00000e+00  -9.37993e-02
   2  Q            5.65096e-01   1.00000e+00  -0.00000e+00   4.06619e+09
   3  theta        1.26609e-04   1.00000e+00  -0.00000e+00   1.67251e+04
   4  pileup       9.99844e-04   1.00000e+00   0.00000e+00  -3.02863e+07
 EXTERNAL ERROR MATRIX.    NDIM=  25    NPAR=  4    ERR DEF=1
  8.052e+01 -8.780e-10  5.230e-04 -2.032e-07 
 -8.780e-10  1.000e+00 -1.442e-15  1.746e-17 
  5.230e-04 -1.442e-15  1.000e+00  5.470e-12 
 -2.032e-07  1.746e-17  5.470e-12  1.000e+00 
ERR MATRIX NOT POS-DEF
 PARAMETER  CORRELATION COEFFICIENTS  
       NO.  GLOBAL      1      2      3      4
        1  0.00006   1.000 -0.000  0.000 -0.000
        2  0.00000  -0.000  1.000 -0.000  0.000
        3  0.00006   0.000 -0.000  1.000  0.000
        4  0.00000  -0.000  0.000  0.000  1.000
 ERR MATRIX NOT POS-DEF
status of the fit-----000------4
1  558660
2  0.565096
3  0.000126609
4  0.000999844
 PARAMETER DEFINITIONS:
    NO.   NAME         VALUE      STEP SIZE      LIMITS
     1 norm         5.58660e+05  1.00000e-01     no limits
     2 Q            5.65096e-01  1.00000e-01     no limits
     3 theta        1.26609e-04  1.00000e-01     no limits
     4 pileup       9.99844e-04  1.00000e-01     no limits
 **********
 **    3 **MIGRAD
 **********
 FIRST CALL TO USER FUNCTION AT NEW START POINT, WITH IFLAG=4.
 START MIGRAD MINIMIZATION.  STRATEGY  1.  CONVERGENCE WHEN EDM .LT. 1.00e-04
 FCN=-2.3786e+11 FROM MIGRAD    STATUS=INITIATE       16 CALLS         455 TOTAL
                     EDM= unknown      STRATEGY= 1      NO ERROR MATRIX       
  EXT PARAMETER               CURRENT GUESS       STEP         FIRST   
  NO.   NAME      VALUE            ERROR          SIZE      DERIVATIVE 
   1  norm         5.58660e+05   1.00000e-01   1.00000e-01  -2.91268e-02
   2  Q            5.65096e-01   1.00000e-01   1.00000e-01   6.87378e+06
   3  theta        1.26609e-04   1.00000e-01   1.00000e-01   1.67083e+04
   4  pileup       9.99844e-04   1.00000e-01   1.00000e-01  -9.18033e+11
 MIGRAD FAILS TO FIND IMPROVEMENT
 COVARIANCE MATRIX CALCULATED SUCCESSFULLY
 FCN=-2.3786e+11 FROM HESSE     STATUS=OK             29 CALLS         495 TOTAL
                     EDM=44.514    STRATEGY= 1      ERROR MATRIX ACCURATE 
  EXT PARAMETER                                   STEP         FIRST   
  NO.   NAME      VALUE            ERROR          SIZE      DERIVATIVE 
   1  norm         5.58660e+05   4.25833e+02   2.66390e+00  -2.90123e-02
   2  Q            5.65096e-01   4.06687e-05   1.00000e-03  -8.06158e+04
   3  theta        1.26609e-04   3.56235e-03   1.85759e-02   1.20048e+03
   4  pileup       9.99844e-04   9.24880e-08   1.00000e-02  -2.39518e+06
 MINUIT WARNING IN MIGRAD  
 ============== Negative diagonal element 2 in Error Matrix
 MINUIT WARNING IN MIGRAD  
 ============== 1 added to diagonal of error matrix
 MIGRAD FAILS TO FIND IMPROVEMENT
 MIGRAD TERMINATED WITHOUT CONVERGENCE.
 FCN=-2.3786e+11 FROM MIGRAD    STATUS=FAILED        100 CALLS         539 TOTAL
                     EDM=5.61912e+09    STRATEGY= 1  ERROR MATRIX UNCERTAINTY 100.0 per cent
  EXT PARAMETER                APPROXIMATE        STEP         FIRST   
  NO.   NAME      VALUE            ERROR          SIZE      DERIVATIVE 
   1  norm         5.58660e+05   9.14625e+00   0.00000e+00  -6.39588e-03
   2  Q            5.65096e-01   1.00000e+00  -0.00000e+00   4.06657e+09
   3  theta        1.22378e-04   1.00000e+00  -0.00000e+00   1.45580e+04
   4  pileup       9.99844e-04   1.00000e+00   0.00000e+00  -2.92450e+07
 EXTERNAL ERROR MATRIX.    NDIM=  25    NPAR=  4    ERR DEF=1
  8.365e+01 -1.812e-09  5.599e-04  7.033e-08 
 -1.812e-09  1.000e+00 -3.201e-14 -1.889e-18 
  5.599e-04 -3.201e-14  1.000e+00  5.815e-13 
  7.033e-08 -1.889e-18  5.815e-13  1.000e+00 
ERR MATRIX APPROXIMATE
 PARAMETER  CORRELATION COEFFICIENTS  
       NO.  GLOBAL      1      2      3      4
        1  0.00006   1.000 -0.000  0.000  0.000
        2  0.00000  -0.000  1.000 -0.000 -0.000
        3  0.00006   0.000 -0.000  1.000  0.000
        4  0.00000   0.000 -0.000  0.000  1.000
 ERR MATRIX APPROXIMATE
 **********
 **    4 **MIGRAD 
 **********
 START MIGRAD MINIMIZATION.  STRATEGY  1.  CONVERGENCE WHEN EDM .LT. 1.00e-04
 FCN=-2.3786e+11 FROM MIGRAD    STATUS=INITIATE       12 CALLS         551 TOTAL
                     EDM=8.57401e+16    STRATEGY= 1  ERROR MATRIX UNCERTAINTY 100.0 per cent
  EXT PARAMETER                APPROXIMATE        STEP         FIRST   
  NO.   NAME      VALUE            ERROR          SIZE      DERIVATIVE 
   1  norm         5.58660e+05   9.14625e+00   0.00000e+00  -1.25013e-02
   2  Q            5.65096e-01   1.00000e+00  -0.00000e+00  -9.53364e+03
   3  theta        1.22378e-04   1.00000e+00  -0.00000e+00   1.45575e+04
   4  pileup       9.99844e-04   1.00000e+00   0.00000e+00  -2.92452e+07
 MIGRAD FAILS TO FIND IMPROVEMENT
 EIGENVALUES OF SECOND-DERIVATIVE MATRIX:
        -6.2348e-04  3.6652e-01  8.4988e-01  2.7842e+00
 MINUIT WARNING IN HESSE   
 ============== MATRIX FORCED POS-DEF BY ADDING 0.003408 TO DIAGONAL.
 FCN=-2.3786e+11 FROM HESSE     STATUS=NOT POSDEF     29 CALLS         591 TOTAL
                     EDM=0.0238909    STRATEGY= 1      ERR MATRIX NOT POS-DEF
  EXT PARAMETER                APPROXIMATE        STEP         FIRST   
  NO.   NAME      VALUE            ERROR          SIZE      DERIVATIVE 
   1  norm         5.58660e+05   9.60302e+01   5.32780e+02  -6.34375e-03
   2  Q            5.65096e-01   3.16005e-05   8.68923e-05  -9.58456e+03
   3  theta        1.22378e-04   1.19955e-04   1.85852e-02  -9.65702e+02
   4  pileup       9.99844e-04   1.05211e-07   2.09853e-05  -8.10482e+05
 MINUIT WARNING IN MIGRAD  
 ============== Negative diagonal element 2 in Error Matrix
 MINUIT WARNING IN MIGRAD  
 ============== 1 added to diagonal of error matrix
 MIGRAD FAILS TO FIND IMPROVEMENT
 MIGRAD TERMINATED WITHOUT CONVERGENCE.
 FCN=-2.3786e+11 FROM MIGRAD    STATUS=FAILED         95 CALLS         634 TOTAL
                     EDM=6.2389e+10    STRATEGY= 1      ERR MATRIX NOT POS-DEF
  EXT PARAMETER                APPROXIMATE        STEP         FIRST   
  NO.   NAME      VALUE            ERROR          SIZE      DERIVATIVE 
   1  norm         5.58756e+05   5.99997e+00  -0.00000e+00  -3.32415e-02
   2  Q            5.65065e-01   1.00000e+00  -0.00000e+00   3.77826e+09
   3  theta        1.51500e-04   1.00000e+00  -0.00000e+00   1.58875e+04
   4  pileup       9.99881e-04   1.00000e+00   0.00000e+00  -2.28512e+07
 EXTERNAL ERROR MATRIX.    NDIM=  25    NPAR=  4    ERR DEF=1
  3.600e+01  1.692e-09 -1.506e-04 -3.428e-07 
  1.692e-09  1.000e+00 -5.715e-15  4.998e-17 
 -1.506e-04 -5.715e-15  1.000e+00  6.204e-13 
 -3.428e-07  4.998e-17  6.204e-13  1.000e+00 
ERR MATRIX NOT POS-DEF
 PARAMETER  CORRELATION COEFFICIENTS  
       NO.  GLOBAL      1      2      3      4
        1  0.00003   1.000  0.000 -0.000 -0.000
        2  0.00000   0.000  1.000 -0.000  0.000
        3  0.00003  -0.000 -0.000  1.000  0.000
        4  0.00000  -0.000  0.000  0.000  1.000
 ERR MATRIX NOT POS-DEF
status of the fit-----000------4
1  558756
2  0.565065
3  0.0001515
4  0.000999881
 PARAMETER DEFINITIONS:
    NO.   NAME         VALUE      STEP SIZE      LIMITS
     1 norm         5.58756e+05  1.00000e-01     no limits
     2 Q            5.65065e-01  1.00000e-01     no limits
     3 theta        1.51500e-04  1.00000e-01     no limits
     4 pileup       9.99881e-04  1.00000e-01     no limits
 **********
 **    5 **MIGRAD
 **********
 FIRST CALL TO USER FUNCTION AT NEW START POINT, WITH IFLAG=4.
 START MIGRAD MINIMIZATION.  STRATEGY  1.  CONVERGENCE WHEN EDM .LT. 1.00e-04
 FCN=-2.3786e+11 FROM MIGRAD    STATUS=INITIATE       16 CALLS         651 TOTAL
                     EDM= unknown      STRATEGY= 1      NO ERROR MATRIX       
  EXT PARAMETER               CURRENT GUESS       STEP         FIRST   
  NO.   NAME      VALUE            ERROR          SIZE      DERIVATIVE 
   1  norm         5.58756e+05   1.00000e-01   1.00000e-01   3.14069e-02
   2  Q            5.65065e-01   1.00000e-01   1.00000e-01   7.59908e+06
   3  theta        1.51500e-04   1.00000e-01   1.00000e-01   1.58695e+04
   4  pileup       9.99881e-04   1.00000e-01   1.00000e-01  -9.18032e+11
 MIGRAD FAILS TO FIND IMPROVEMENT
 COVARIANCE MATRIX CALCULATED SUCCESSFULLY
 FCN=-2.3786e+11 FROM HESSE     STATUS=OK             29 CALLS         691 TOTAL
                     EDM=2.38129    STRATEGY= 1      ERROR MATRIX ACCURATE 
  EXT PARAMETER                                   STEP         FIRST   
  NO.   NAME      VALUE            ERROR          SIZE      DERIVATIVE 
   1  norm         5.58756e+05   1.66878e+02   2.66436e+00   3.12981e-02
   2  Q            5.65065e-01   1.59537e-05   1.00000e-03   1.05769e+05
   3  theta        1.51500e-04   1.40151e-03   1.85546e-02   3.46960e+02
   4  pileup       9.99881e-04   9.24436e-08   1.00000e-02   5.03861e+06
 MIGRAD FAILS TO FIND IMPROVEMENT
 MACHINE ACCURACY LIMITS FURTHER IMPROVEMENT.
 MIGRAD MINIMIZATION HAS CONVERGED.
 MIGRAD WILL VERIFY CONVERGENCE AND ERROR MATRIX.
 EIGENVALUES OF SECOND-DERIVATIVE MATRIX:
        -1.1390e-04  3.7259e-01  8.5098e-01  2.7765e+00
 MINUIT WARNING IN HESSE   
 ============== MATRIX FORCED POS-DEF BY ADDING 0.002890 TO DIAGONAL.
 MIGRAD TERMINATED WITHOUT CONVERGENCE.
 FCN=-2.3786e+11 FROM MIGRAD    STATUS=FAILED        106 CALLS         741 TOTAL
                     EDM=0.274969    STRATEGY= 1      ERR MATRIX NOT POS-DEF
  EXT PARAMETER                APPROXIMATE        STEP         FIRST   
  NO.   NAME      VALUE            ERROR          SIZE      DERIVATIVE 
   1  norm         5.58756e+05   9.68490e+01   5.32872e+00   1.86414e-02
   2  Q            5.65065e-01   3.14524e-05   1.02993e-04   6.61301e+04
   3  theta        1.53845e-04   1.11691e-04   7.42183e-03   1.53517e+03
   4  pileup       9.99881e-04   1.03962e-07   2.14099e-05   5.00315e+06
 EXTERNAL ERROR MATRIX.    NDIM=  25    NPAR=  4    ERR DEF=1
  9.380e+03 -3.032e-03 -1.522e-03 -5.650e-07 
 -3.032e-03  9.893e-10  6.755e-10  1.788e-13 
 -1.522e-03  6.755e-10  1.247e-08  5.066e-12 
 -5.650e-07  1.788e-13  5.066e-12  1.081e-14 
ERR MATRIX NOT POS-DEF
 PARAMETER  CORRELATION COEFFICIENTS  
       NO.  GLOBAL      1      2      3      4
        1  0.99721   1.000 -0.996 -0.141 -0.056
        2  0.99726  -0.996  1.000  0.192  0.055
        3  0.71712  -0.141  0.192  1.000  0.436
        4  0.53250  -0.056  0.055  0.436  1.000
 ERR MATRIX NOT POS-DEF
 **********
 **    6 **MIGRAD 
 **********
 START MIGRAD MINIMIZATION.  STRATEGY  1.  CONVERGENCE WHEN EDM .LT. 1.00e-04
 FCN=-2.3786e+11 FROM MIGRAD    STATUS=INITIATE        8 CALLS         749 TOTAL
                     EDM=0.0574773    STRATEGY= 1      ERR MATRIX NOT POS-DEF
  EXT PARAMETER                APPROXIMATE        STEP         FIRST   
  NO.   NAME      VALUE            ERROR          SIZE      DERIVATIVE 
   1  norm         5.58756e+05   9.68490e+01   5.32872e+00   1.86672e-02
   2  Q            5.65065e-01   3.14524e-05   1.02993e-04   6.63759e+04
   3  theta        1.53845e-04   1.11691e-04   7.42183e-03   1.92860e+03
   4  pileup       9.99881e-04   1.03962e-07   2.14099e-05   3.08848e+05
 MINUIT WARNING IN MIGRAD  
 ============== Negative diagonal element 2 in Error Matrix
 MINUIT WARNING IN MIGRAD  
 ============== 1 added to diagonal of error matrix
 MIGRAD FAILS TO FIND IMPROVEMENT
 EIGENVALUES OF SECOND-DERIVATIVE MATRIX:
        -4.7421e-01  3.4337e-01  7.0178e-01  3.4291e+00
 MINUIT WARNING IN HESSE   
 ============== MATRIX FORCED POS-DEF BY ADDING 0.477634 TO DIAGONAL.
 FCN=-2.3786e+11 FROM HESSE     STATUS=NOT POSDEF     29 CALLS         804 TOTAL
                     EDM=0.802193    STRATEGY= 1      ERR MATRIX NOT POS-DEF
  EXT PARAMETER                APPROXIMATE        STEP         FIRST   
  NO.   NAME      VALUE            ERROR          SIZE      DERIVATIVE 
   1  norm         5.58782e+05   4.74962e+01   1.06574e+02  -1.71552e-02
   2  Q            5.65056e-01   5.18118e-06   5.54978e-04  -4.45503e+04
   3  theta        1.16692e-04   6.49628e-04   1.85642e-02  -2.43767e+03
   4  pileup       9.99869e-04   1.85421e-07   2.09871e-05   4.46758e+06
 MINUIT WARNING IN MIGRAD  
 ============== Negative diagonal element 2 in Error Matrix
 MINUIT WARNING IN MIGRAD  
 ============== 1 added to diagonal of error matrix
 MIGRAD FAILS TO FIND IMPROVEMENT
 MIGRAD TERMINATED WITHOUT CONVERGENCE.
 FCN=-2.3786e+11 FROM MIGRAD    STATUS=FAILED        102 CALLS         843 TOTAL
                     EDM=2.39467e+07    STRATEGY= 1      ERR MATRIX NOT POS-DEF
  EXT PARAMETER                APPROXIMATE        STEP         FIRST   
  NO.   NAME      VALUE            ERROR          SIZE      DERIVATIVE 
   1  norm         5.58783e+05   6.63606e+00  -0.00000e+00  -6.30926e-02
   2  Q            5.65056e-01   1.00000e+00  -0.00000e+00   3.55816e+09
   3  theta        1.16311e-04   1.00000e+00  -0.00000e+00   1.23915e+04
   4  pileup       9.99864e-04   1.00000e+00   0.00000e+00  -2.44665e+07
 EXTERNAL ERROR MATRIX.    NDIM=  25    NPAR=  4    ERR DEF=1
  4.404e+01  2.596e-10  1.667e-04 -1.686e-08 
  2.596e-10  1.000e+00  3.249e-15  1.079e-17 
  1.667e-04  3.249e-15  1.000e+00  2.901e-12 
 -1.686e-08  1.079e-17  2.901e-12  1.000e+00 
ERR MATRIX NOT POS-DEF
 PARAMETER  CORRELATION COEFFICIENTS  
       NO.  GLOBAL      1      2      3      4
        1  0.00003   1.000  0.000  0.000 -0.000
        2  0.00000   0.000  1.000  0.000  0.000
        3  0.00003   0.000  0.000  1.000  0.000
        4  0.00000  -0.000  0.000  0.000  1.000
 ERR MATRIX NOT POS-DEF
status of the fit-----000------4
1  558783
2  0.565056
3  0.000116311
4  0.000999864
 **********
 **   37 **SET PRINT           2
 **********
 **********
 **   38 **SET NOGRAD
 **********
 PARAMETER DEFINITIONS:
    NO.   NAME         VALUE      STEP SIZE      LIMITS
     1 p0           5.58000e+05  1.67400e+05     no limits
     2 p1           5.65000e-01  1.69500e-01     no limits
     3 p2           0.00000e+00  3.00000e-01     no limits
     4 p3           9.99871e-04  2.99961e-04     no limits
 **********
 **   39 **SET ERR         0.5
 **********
 **********
 **   40 **SET PRINT           2
 **********
 **********
 **   41 **SET STR           1
 **********
 NOW USING STRATEGY  1: TRY TO BALANCE SPEED AGAINST RELIABILITY
 **********
 **   42 **MIGRAD        1480        0.01
 **********
 FIRST CALL TO USER FUNCTION AT NEW START POINT, WITH IFLAG=4.
 START MIGRAD MINIMIZATION.  STRATEGY  1.  CONVERGENCE WHEN EDM .LT. 1.00e-05
 FCN=17449.6 FROM MIGRAD    STATUS=INITIATE       18 CALLS          19 TOTAL
                     EDM= unknown      STRATEGY= 1      NO ERROR MATRIX       
  EXT PARAMETER               CURRENT GUESS       STEP         FIRST   
  NO.   NAME      VALUE            ERROR          SIZE      DERIVATIVE 
   1  p0           5.58000e+05   1.67400e+05   1.67400e+05  -3.64278e+01
   2  p1           5.65000e-01   1.69500e-01   1.69500e-01  -1.13078e+08
   3  p2           0.00000e+00   3.00000e-01   3.00000e-01   2.09556e+06
   4  p3           9.99871e-04   2.99961e-04   2.99961e-04  -9.94473e+08
                               ERR DEF= 0.5
NO ERROR MATRIX       
 FCN=1309.54 FROM MIGRAD    STATUS=PROGRESS       36 CALLS          37 TOTAL
                     EDM=3980.49    STRATEGY= 1      NO ERROR MATRIX       
  EXT PARAMETER               CURRENT GUESS       STEP         FIRST   
  NO.   NAME      VALUE            ERROR          SIZE      DERIVATIVE 
   1  p0           5.58356e+05   1.67400e+05   3.56222e+02  -2.51601e+00
   2  p1           5.65115e-01   1.69500e-01   1.14874e-04  -7.75033e+06
   3  p2          -2.36878e-03   3.00000e-01  -2.36878e-03  -4.70859e+05
   4  p3           1.00131e-03   2.99961e-04   1.44181e-06   5.05206e+08
                               ERR DEF= 0.5
 FCN=63.0772 FROM MIGRAD    STATUS=PROGRESS      163 CALLS         164 TOTAL
                     EDM=0.0951828    STRATEGY= 1  ERROR MATRIX UNCERTAINTY 100.0 per cent
  EXT PARAMETER                APPROXIMATE        STEP         FIRST   
  NO.   NAME      VALUE            ERROR          SIZE      DERIVATIVE 
   1  p0           5.59942e+05   1.37682e+03   1.27856e+02   2.38677e-03
   2  p1           5.64682e-01   4.43920e-04  -4.04235e-05   7.68331e+03
   3  p2          -1.36046e-04   1.07599e-04  -5.56588e-06   5.53679e+02
   4  p3           9.99728e-04   7.31901e-08  -8.07813e-09  -5.73129e+05
                               ERR DEF= 0.5
 MIGRAD FAILS TO FIND IMPROVEMENT
 MIGRAD MINIMIZATION HAS CONVERGED.
 MIGRAD WILL VERIFY CONVERGENCE AND ERROR MATRIX.
   START COVARIANCE MATRIX CALCULATION.
 EIGENVALUES OF SECOND-DERIVATIVE MATRIX:
         5.6482e-04  3.3214e-01  9.3350e-01  2.7338e+00
 COVARIANCE MATRIX CALCULATED SUCCESSFULLY
 FCN=63.0605 FROM HESSE     STATUS=OK             29 CALLS         256 TOTAL
                     EDM=1.4413e-05    STRATEGY= 1      ERROR MATRIX ACCURATE 
  EXT PARAMETER                                   STEP         FIRST   
  NO.   NAME      VALUE            ERROR          SIZE      DERIVATIVE 
   1  p0           5.60213e+05   1.53232e+02   2.67130e-01   6.80066e-05
   2  p1           5.64594e-01   4.87829e-05   2.69220e-07   2.16825e+02
   3  p2          -1.52773e-04   8.82251e-05   2.74246e-07  -8.49149e+01
   4  p3           9.99729e-04   9.35269e-08   4.76708e-10   4.29004e+04
                               ERR DEF= 0.5
 PARAMETER  CORRELATION COEFFICIENTS  
       NO.  GLOBAL      1      2      3      4
        1  0.99944   1.000 -0.999  0.546  0.615
        2  0.99943  -0.999  1.000 -0.528 -0.613
        3  0.81614   0.546 -0.528  1.000  0.689
        4  0.77545   0.615 -0.613  0.689  1.000
 MIGRAD FAILS TO FIND IMPROVEMENT
 MIGRAD TERMINATED WITHOUT CONVERGENCE.
 FCN=63.0605 FROM MIGRAD    STATUS=FAILED        261 CALLS         262 TOTAL
                     EDM=1.4413e-05    STRATEGY= 1      ERR MATRIX APPROXIMATE
  EXT PARAMETER                APPROXIMATE        STEP         FIRST   
  NO.   NAME      VALUE            ERROR          SIZE      DERIVATIVE 
   1  p0           5.60213e+05   1.53232e+02   0.00000e+00   6.80066e-05
   2  p1           5.64594e-01   4.87829e-05  -0.00000e+00   2.16825e+02
   3  p2          -1.52773e-04   8.82251e-05   0.00000e+00  -8.49149e+01
   4  p3           9.99729e-04   9.35269e-08   0.00000e+00   4.29004e+04
                               ERR DEF= 0.5
 EXTERNAL ERROR MATRIX.    NDIM=  25    NPAR=  4    ERR DEF=0.5
  2.348e+04 -7.469e-03  7.381e-03  8.818e-06 
 -7.469e-03  2.380e-09 -2.272e-09 -2.799e-12 
  7.381e-03 -2.272e-09  7.784e-09  5.682e-12 
  8.818e-06 -2.799e-12  5.682e-12  8.747e-15 
ERR MATRIX APPROXIMATE
 PARAMETER  CORRELATION COEFFICIENTS  
       NO.  GLOBAL      1      2      3      4
        1  0.99944   1.000 -0.999  0.546  0.615
        2  0.99943  -0.999  1.000 -0.528 -0.613
        3  0.81614   0.546 -0.528  1.000  0.689
        4  0.77545   0.615 -0.613  0.689  1.000
 ERR MATRIX APPROXIMATE
 FCN=63.0605 FROM MIGRAD    STATUS=FAILED        261 CALLS         262 TOTAL
                     EDM=1.4413e-05    STRATEGY= 1      ERR MATRIX APPROXIMATE
  EXT PARAMETER                  PARABOLIC         MINOS ERRORS        
  NO.   NAME      VALUE            ERROR      NEGATIVE      POSITIVE   
   1  p0           5.60213e+05   1.53232e+02                            
   2  p1           5.64594e-01   4.87829e-05                            
   3  p2          -1.52773e-04   8.82251e-05                            
   4  p3           9.99729e-04   9.35269e-08                            
                               ERR DEF= 0.5
 **********
 **   43 **SET PRINT           2
 **********
 **********
 **   44 **SET NOGRAD
 **********
 PARAMETER DEFINITIONS:
    NO.   NAME         VALUE      STEP SIZE      LIMITS
     1 p0           5.60213e+05  1.53232e+02     no limits
     2 p1           5.64594e-01  4.87829e-05     no limits
     3 p2          -1.52773e-04  8.82251e-05     no limits
     4 p3           9.99729e-04  9.35269e-08     no limits
 **********
 **   45 **SET ERR         0.5
 **********
 **********
 **   46 **SET PRINT           2
 **********
 **********
 **   47 **SET STR           1
 **********
 NOW USING STRATEGY  1: TRY TO BALANCE SPEED AGAINST RELIABILITY
 **********
 **   48 **MIGRAD        1480        0.01
 **********
 FIRST CALL TO USER FUNCTION AT NEW START POINT, WITH IFLAG=4.
 START MIGRAD MINIMIZATION.  STRATEGY  1.  CONVERGENCE WHEN EDM .LT. 1.00e-05
 FCN=63.0605 FROM MIGRAD    STATUS=INITIATE       16 CALLS          17 TOTAL
                     EDM= unknown      STRATEGY= 1      NO ERROR MATRIX       
  EXT PARAMETER               CURRENT GUESS       STEP         FIRST   
  NO.   NAME      VALUE            ERROR          SIZE      DERIVATIVE 
   1  p0           5.60213e+05   1.53232e+02   1.53232e+02   7.15645e-05
   2  p1           5.64594e-01   4.87829e-05   4.87829e-05   2.19603e+02
   3  p2          -1.52773e-04   8.82251e-05   8.82251e-05   4.60749e+00
   4  p3           9.99729e-04   9.35269e-08   9.35269e-08   1.12199e+04
                               ERR DEF= 0.5
NO ERROR MATRIX       
 MIGRAD FAILS TO FIND IMPROVEMENT
   START COVARIANCE MATRIX CALCULATION.
 EIGENVALUES OF SECOND-DERIVATIVE MATRIX:
         4.8534e-04  3.0737e-01  9.5527e-01  2.7369e+00
 COVARIANCE MATRIX CALCULATED SUCCESSFULLY
 FCN=63.0605 FROM HESSE     STATUS=OK             29 CALLS          50 TOTAL
                     EDM=1.21183e-05    STRATEGY= 1      ERROR MATRIX ACCURATE 
  EXT PARAMETER                                   STEP         FIRST   
  NO.   NAME      VALUE            ERROR          SIZE      DERIVATIVE 
   1  p0           5.60213e+05   1.65420e+02   2.67130e-01   6.80066e-05
   2  p1           5.64594e-01   5.25656e-05   2.69220e-07   2.16825e+02
   3  p2          -1.52773e-04   9.53273e-05   2.94242e-07  -7.90532e+01
   4  p3           9.99729e-04   1.03592e-07   4.76708e-10   4.29004e+04
                               ERR DEF= 0.5
 PARAMETER  CORRELATION COEFFICIENTS  
       NO.  GLOBAL      1      2      3      4
        1  0.99952   1.000 -0.999  0.631  0.677
        2  0.99951  -0.999  1.000 -0.615 -0.675
        3  0.85321   0.631 -0.615  1.000  0.756
        4  0.82160   0.677 -0.675  0.756  1.000
 FCN=63.0605 FROM MIGRAD    STATUS=PROGRESS       63 CALLS          64 TOTAL
                     EDM=1.48823e-06    STRATEGY= 1      ERROR MATRIX ACCURATE 
  EXT PARAMETER                                   STEP         FIRST   
  NO.   NAME      VALUE            ERROR          SIZE      DERIVATIVE 
   1  p0           5.60213e+05   1.65420e+02   1.11923e-02   7.42002e-05
   2  p1           5.64594e-01   5.25656e-05  -3.38912e-09   2.14886e+02
   3  p2          -1.52759e-04   9.53273e-05   1.40220e-08   2.64764e+00
   4  p3           9.99729e-04   1.03592e-07   4.93714e-12   5.59690e+03
                               ERR DEF= 0.5
 MIGRAD FAILS TO FIND IMPROVEMENT
 MIGRAD MINIMIZATION HAS CONVERGED.
 MIGRAD WILL VERIFY CONVERGENCE AND ERROR MATRIX.
   START COVARIANCE MATRIX CALCULATION.
 EIGENVALUES OF SECOND-DERIVATIVE MATRIX:
         8.1767e-04  4.3003e-01  8.9975e-01  2.6694e+00
 COVARIANCE MATRIX CALCULATED SUCCESSFULLY
 FCN=63.0605 FROM MIGRAD    STATUS=CONVERGED      97 CALLS          98 TOTAL
                     EDM=8.44576e-06    STRATEGY= 1      ERROR MATRIX ACCURATE 
  EXT PARAMETER                                   STEP         FIRST   
  NO.   NAME      VALUE            ERROR          SIZE      DERIVATIVE 
   1  p0           5.60213e+05   1.27545e+02   2.67130e-01   6.62397e-05
   2  p1           5.64594e-01   4.04715e-05   2.69220e-07   2.33998e+02
   3  p2          -1.52759e-04   7.74332e-05   2.28927e-07   3.56670e+01
   4  p3           9.99729e-04   8.64586e-08   4.76708e-10   8.32435e+03
                               ERR DEF= 0.5
 EXTERNAL ERROR MATRIX.    NDIM=  25    NPAR=  4    ERR DEF=0.5
  1.627e+04 -5.156e-03  6.098e-03  6.427e-06 
 -5.156e-03  1.638e-09 -1.879e-09 -2.047e-12 
  6.098e-03 -1.879e-09  5.996e-09  4.222e-12 
  6.427e-06 -2.047e-12  4.222e-12  7.475e-15 
 PARAMETER  CORRELATION COEFFICIENTS  
       NO.  GLOBAL      1      2      3      4
        1  0.99919   1.000 -0.999  0.617  0.583
        2  0.99917  -0.999  1.000 -0.600 -0.585
        3  0.79858   0.617 -0.600  1.000  0.631
        4  0.71907   0.583 -0.585  0.631  1.000
 EXTERNAL ERROR MATRIX.    NDIM=   4    NPAR=  4    ERR DEF=0.5
  1.627e+04 -5.156e-03  6.098e-03  6.427e-06 
 -5.156e-03  1.638e-09 -1.879e-09 -2.047e-12 
  6.098e-03 -1.879e-09  5.996e-09  4.222e-12 
  6.427e-06 -2.047e-12  4.222e-12  7.475e-15 
 FCN=63.0605 FROM MIGRAD    STATUS=CONVERGED      97 CALLS          98 TOTAL
                     EDM=8.44576e-06    STRATEGY= 1      ERROR MATRIX ACCURATE 
  EXT PARAMETER                  PARABOLIC         MINOS ERRORS        
  NO.   NAME      VALUE            ERROR      NEGATIVE      POSITIVE   
   1  p0           5.60213e+05   1.27545e+02                            
   2  p1           5.64594e-01   4.04715e-05                            
   3  p2          -1.52759e-04   7.74332e-05                            
   4  p3           9.99729e-04   8.64586e-08                            
                               ERR DEF= 0.5
------------------------------------------
Enering ROOFIt-------
 PARAMETER DEFINITIONS:
    NO.   NAME         VALUE      STEP SIZE      LIMITS
     1 norm         5.60213e+05  1.00000e-01     no limits
     2 Q            5.65000e-01  1.00000e-01     no limits
     3 theta        0.00000e+00  1.00000e-01     no limits
     4 pileup       9.99729e-04  1.00000e-01     no limits
 **********
 **    1 **MIGRAD
 **********
 FIRST CALL TO USER FUNCTION AT NEW START POINT, WITH IFLAG=4.
 START MIGRAD MINIMIZATION.  STRATEGY  1.  CONVERGENCE WHEN EDM .LT. 1.00e-04
 FCN=-2.37862e+11 FROM MIGRAD    STATUS=INITIATE       16 CALLS          17 TOTAL
                     EDM= unknown      STRATEGY= 1      NO ERROR MATRIX       
  EXT PARAMETER               CURRENT GUESS       STEP         FIRST   
  NO.   NAME      VALUE            ERROR          SIZE      DERIVATIVE 
   1  norm         5.60213e+05   1.00000e-01   1.00000e-01   4.76588e+01
   2  Q            5.65000e-01   1.00000e-01   1.00000e-01   7.35833e+08
   3  theta        0.00000e+00   1.00000e-01   1.00000e-01  -2.71346e+06
   4  pileup       9.99729e-04   1.00000e-01   1.00000e-01  -9.16387e+11
 MIGRAD FAILS TO FIND IMPROVEMENT
 EIGENVALUES OF SECOND-DERIVATIVE MATRIX:
        -4.0420e-04  3.8440e-01  9.1707e-01  2.6989e+00
 MINUIT WARNING IN HESSE   
 ============== MATRIX FORCED POS-DEF BY ADDING 0.003103 TO DIAGONAL.
 FCN=-2.37862e+11 FROM HESSE     STATUS=NOT POSDEF     27 CALLS          55 TOTAL
                     EDM=3.7263e+06    STRATEGY= 1      ERR MATRIX NOT POS-DEF
  EXT PARAMETER                APPROXIMATE        STEP         FIRST   
  NO.   NAME      VALUE            ERROR          SIZE      DERIVATIVE 
   1  norm         5.60213e+05   6.92210e+01   2.67130e+00   4.76589e+01
   2  Q            5.65000e-01   6.52470e-06   1.00000e-03   1.48531e+08
   3  theta        0.00000e+00   5.74707e-04   1.85010e-02  -2.72842e+06
   4  pileup       9.99729e-04   9.23107e-08   1.00000e-02   1.32214e+09
 MIGRAD FAILS TO FIND IMPROVEMENT
 MACHINE ACCURACY LIMITS FURTHER IMPROVEMENT.
 MIGRAD MINIMIZATION HAS CONVERGED.
 MIGRAD WILL VERIFY CONVERGENCE AND ERROR MATRIX.
 EIGENVALUES OF SECOND-DERIVATIVE MATRIX:
        -5.2463e-01  3.3314e-01  7.1929e-01  3.4722e+00
 MINUIT WARNING IN HESSE   
 ============== MATRIX FORCED POS-DEF BY ADDING 0.528105 TO DIAGONAL.
 MIGRAD TERMINATED WITHOUT CONVERGENCE.
 FCN=-2.37862e+11 FROM MIGRAD    STATUS=FAILED        348 CALLS         349 TOTAL
                     EDM=160.771    STRATEGY= 1      ERR MATRIX NOT POS-DEF
  EXT PARAMETER                APPROXIMATE        STEP         FIRST   
  NO.   NAME      VALUE            ERROR          SIZE      DERIVATIVE 
   1  norm         5.58698e+05   5.56523e+01   1.72500e+03   8.58702e-02
   2  Q            5.65082e-01   4.83984e-06   5.55077e-04   2.74043e+05
   3  theta       -8.14874e-05   5.67378e-04   1.85769e-02  -1.73737e+04
   4  pileup       9.99844e-04   1.78694e-07   2.09866e-05   2.85566e+07
 EXTERNAL ERROR MATRIX.    NDIM=  25    NPAR=  4    ERR DEF=1
  3.097e+03 -2.675e-04 -3.094e-02  8.883e-06 
 -2.675e-04  2.342e-11  2.724e-09 -7.818e-13 
 -3.094e-02  2.724e-09  3.219e-07 -8.929e-11 
  8.883e-06 -7.818e-13 -8.929e-11  3.193e-14 
ERR MATRIX NOT POS-DEF
 PARAMETER  CORRELATION COEFFICIENTS  
       NO.  GLOBAL      1      2      3      4
        1  0.99444   1.000 -0.993 -0.980  0.893
        2  0.99812  -0.993  1.000  0.992 -0.904
        3  0.99380  -0.980  0.992  1.000 -0.881
        4  0.91697   0.893 -0.904 -0.881  1.000
 ERR MATRIX NOT POS-DEF
 **********
 **    2 **MIGRAD 
 **********
 START MIGRAD MINIMIZATION.  STRATEGY  1.  CONVERGENCE WHEN EDM .LT. 1.00e-04
 FCN=-2.37862e+11 FROM MIGRAD    STATUS=INITIATE        8 CALLS         357 TOTAL
                     EDM=57.9933    STRATEGY= 1      ERR MATRIX NOT POS-DEF
  EXT PARAMETER                APPROXIMATE        STEP         FIRST   
  NO.   NAME      VALUE            ERROR          SIZE      DERIVATIVE 
   1  norm         5.58698e+05   5.56523e+01   1.72500e+03   7.56307e-02
   2  Q            5.65082e-01   4.83984e-06   5.55077e-04   2.74129e+05
   3  theta       -8.14874e-05   5.67378e-04   1.85769e-02  -1.49103e+04
   4  pileup       9.99844e-04   1.78694e-07   2.09866e-05   2.40462e+07
 MIGRAD FAILS TO FIND IMPROVEMENT
 MACHINE ACCURACY LIMITS FURTHER IMPROVEMENT.
 MIGRAD MINIMIZATION HAS CONVERGED.
 MIGRAD WILL VERIFY CONVERGENCE AND ERROR MATRIX.
 EIGENVALUES OF SECOND-DERIVATIVE MATRIX:
        -7.0476e-04  3.6640e-01  8.5029e-01  2.7840e+00
 MINUIT WARNING IN HESSE   
 ============== MATRIX FORCED POS-DEF BY ADDING 0.003489 TO DIAGONAL.
 FCN=-2.37862e+11 FROM HESSE     STATUS=NOT POSDEF     29 CALLS         427 TOTAL
                     EDM=0.101297    STRATEGY= 1      ERR MATRIX NOT POS-DEF
  EXT PARAMETER                APPROXIMATE        STEP         FIRST   
  NO.   NAME      VALUE            ERROR          SIZE      DERIVATIVE 
   1  norm         5.58701e+05   9.60522e+01   1.72499e+03   6.82900e-02
   2  Q            5.65082e-01   3.16024e-05   8.73420e-05   2.18050e+05
   3  theta       -8.23764e-05   1.19560e-04   1.85768e-02  -7.16849e+03
   4  pileup       9.99744e-04   1.05023e-07   2.09864e-05   5.46867e+06
 MINUIT WARNING IN MIGRAD  
 ============== Negative diagonal element 2 in Error Matrix
 MINUIT WARNING IN MIGRAD  
 ============== 1 added to diagonal of error matrix
 MIGRAD FAILS TO FIND IMPROVEMENT
 MIGRAD TERMINATED WITHOUT CONVERGENCE.
 FCN=-2.37862e+11 FROM MIGRAD    STATUS=FAILED        114 CALLS         463 TOTAL
                     EDM=3.56732e+09    STRATEGY= 1      ERR MATRIX NOT POS-DEF
  EXT PARAMETER                APPROXIMATE        STEP         FIRST   
  NO.   NAME      VALUE            ERROR          SIZE      DERIVATIVE 
   1  norm         5.58711e+05   9.36306e+00  -0.00000e+00  -8.47027e-02
   2  Q            5.65078e-01   1.00000e+00  -0.00000e+00   3.98420e+09
   3  theta       -7.38214e-05   1.00000e+00  -0.00000e+00   1.66727e+04
   4  pileup       9.99730e-04   1.00000e+00   0.00000e+00  -2.96261e+07
 EXTERNAL ERROR MATRIX.    NDIM=  25    NPAR=  4    ERR DEF=1
  8.767e+01  2.046e-09  5.179e-04 -6.356e-08 
  2.046e-09  1.000e+00 -4.192e-17  2.329e-17 
  5.179e-04 -4.192e-17  1.000e+00  5.655e-12 
 -6.356e-08  2.329e-17  5.655e-12  1.000e+00 
ERR MATRIX NOT POS-DEF
 PARAMETER  CORRELATION COEFFICIENTS  
       NO.  GLOBAL      1      2      3      4
        1  0.00006   1.000  0.000  0.000 -0.000
        2  0.00000   0.000  1.000 -0.000  0.000
        3  0.00006   0.000 -0.000  1.000  0.000
        4  0.00000  -0.000  0.000  0.000  1.000
 ERR MATRIX NOT POS-DEF
status of the fit-----000------4
1  558711
2  0.565078
3  -7.38214e-05
4  0.00099973
 PARAMETER DEFINITIONS:
    NO.   NAME         VALUE      STEP SIZE      LIMITS
     1 norm         5.58711e+05  1.00000e-01     no limits
     2 Q            5.65078e-01  1.00000e-01     no limits
     3 theta       -7.38214e-05  1.00000e-01     no limits
     4 pileup       9.99730e-04  1.00000e-01     no limits
 **********
 **    3 **MIGRAD
 **********
 FIRST CALL TO USER FUNCTION AT NEW START POINT, WITH IFLAG=4.
 START MIGRAD MINIMIZATION.  STRATEGY  1.  CONVERGENCE WHEN EDM .LT. 1.00e-04
 FCN=-2.37862e+11 FROM MIGRAD    STATUS=INITIATE       16 CALLS         480 TOTAL
                     EDM= unknown      STRATEGY= 1      NO ERROR MATRIX       
  EXT PARAMETER               CURRENT GUESS       STEP         FIRST   
  NO.   NAME      VALUE            ERROR          SIZE      DERIVATIVE 
   1  norm         5.58711e+05   1.00000e-01   1.00000e-01  -2.00060e-02
   2  Q            5.65078e-01   1.00000e-01   1.00000e-01   6.54277e+06
   3  theta       -7.38214e-05   1.00000e-01   1.00000e-01   1.66545e+04
   4  pileup       9.99730e-04   1.00000e-01   1.00000e-01  -9.18066e+11
 MIGRAD FAILS TO FIND IMPROVEMENT
 COVARIANCE MATRIX CALCULATED SUCCESSFULLY
 FCN=-2.37862e+11 FROM HESSE     STATUS=OK             29 CALLS         520 TOTAL
                     EDM=6.51234    STRATEGY= 1      ERROR MATRIX ACCURATE 
  EXT PARAMETER                                   STEP         FIRST   
  NO.   NAME      VALUE            ERROR          SIZE      DERIVATIVE 
   1  norm         5.58711e+05   2.11924e+02   2.66414e+00  -2.00461e-02
   2  Q            5.65078e-01   2.02525e-05   1.00000e-03  -5.74746e+04
   3  theta       -7.38214e-05   1.77698e-03   1.85644e-02   1.13962e+03
   4  pileup       9.99730e-04   9.24473e-08   1.00000e-02  -1.73149e+06
 MINUIT WARNING IN MIGRAD  
 ============== Negative diagonal element 2 in Error Matrix
 MINUIT WARNING IN MIGRAD  
 ============== 1 added to diagonal of error matrix
 MIGRAD FAILS TO FIND IMPROVEMENT
 MIGRAD TERMINATED WITHOUT CONVERGENCE.
 FCN=-2.37862e+11 FROM MIGRAD    STATUS=FAILED        100 CALLS         564 TOTAL
                     EDM=1.60741e+09    STRATEGY= 1  ERROR MATRIX UNCERTAINTY 100.0 per cent
  EXT PARAMETER                APPROXIMATE        STEP         FIRST   
  NO.   NAME      VALUE            ERROR          SIZE      DERIVATIVE 
   1  norm         5.58712e+05   9.15141e+00   0.00000e+00  -3.97343e-03
   2  Q            5.65078e-01   1.00000e+00  -0.00000e+00   3.98447e+09
   3  theta       -7.68182e-05   1.00000e+00  -0.00000e+00   1.51362e+04
   4  pileup       9.99730e-04   1.00000e+00   0.00000e+00  -2.88893e+07
 EXTERNAL ERROR MATRIX.    NDIM=  25    NPAR=  4    ERR DEF=1
  8.375e+01 -1.846e-09  5.574e-04  6.509e-08 
 -1.846e-09  1.000e+00 -3.266e-14 -2.128e-18 
  5.574e-04 -3.266e-14  1.000e+00  6.436e-13 
  6.509e-08 -2.128e-18  6.436e-13  1.000e+00 
ERR MATRIX APPROXIMATE
 PARAMETER  CORRELATION COEFFICIENTS  
       NO.  GLOBAL      1      2      3      4
        1  0.00006   1.000 -0.000  0.000  0.000
        2  0.00000  -0.000  1.000 -0.000 -0.000
        3  0.00006   0.000 -0.000  1.000  0.000
        4  0.00000   0.000 -0.000  0.000  1.000
 ERR MATRIX APPROXIMATE
 **********
 **    4 **MIGRAD 
 **********
 START MIGRAD MINIMIZATION.  STRATEGY  1.  CONVERGENCE WHEN EDM .LT. 1.00e-04
 FCN=-2.37862e+11 FROM MIGRAD    STATUS=INITIATE       12 CALLS         576 TOTAL
                     EDM=7.90506e+16    STRATEGY= 1  ERROR MATRIX UNCERTAINTY 100.0 per cent
  EXT PARAMETER                APPROXIMATE        STEP         FIRST   
  NO.   NAME      VALUE            ERROR          SIZE      DERIVATIVE 
   1  norm         5.58712e+05   9.15141e+00   0.00000e+00  -1.00813e-02
   2  Q            5.65078e-01   1.00000e+00  -0.00000e+00  -7.12580e+03
   3  theta       -7.68182e-05   1.00000e+00  -0.00000e+00   1.51357e+04
   4  pileup       9.99730e-04   1.00000e+00   0.00000e+00  -2.88895e+07
 MIGRAD FAILS TO FIND IMPROVEMENT
 EIGENVALUES OF SECOND-DERIVATIVE MATRIX:
        -6.2549e-04  3.6659e-01  8.4988e-01  2.7841e+00
 MINUIT WARNING IN HESSE   
 ============== MATRIX FORCED POS-DEF BY ADDING 0.003410 TO DIAGONAL.
 FCN=-2.37862e+11 FROM HESSE     STATUS=NOT POSDEF     29 CALLS         616 TOTAL
                     EDM=0.00584979    STRATEGY= 1      ERR MATRIX NOT POS-DEF
  EXT PARAMETER                APPROXIMATE        STEP         FIRST   
  NO.   NAME      VALUE            ERROR          SIZE      DERIVATIVE 
   1  norm         5.58712e+05   9.60424e+01   5.32829e+02  -3.92260e-03
   2  Q            5.65078e-01   3.16028e-05   8.77652e-05  -7.20907e+03
   3  theta       -7.68182e-05   1.19841e-04   1.85737e-02  -3.94682e+02
   4  pileup       9.99730e-04   1.05206e-07   2.09848e-05  -4.51242e+05
 MINUIT WARNING IN MIGRAD  
 ============== Negative diagonal element 1 in Error Matrix
 MINUIT WARNING IN MIGRAD  
 ============== Negative diagonal element 2 in Error Matrix
 MINUIT WARNING IN MIGRAD  
 ============== Negative diagonal element 3 in Error Matrix
 MINUIT WARNING IN MIGRAD  
 ============== Negative diagonal element 4 in Error Matrix
 MINUIT WARNING IN MIGRAD  
 ============== 284347 added to diagonal of error matrix
 MIGRAD FAILS TO FIND IMPROVEMENT
 MACHINE ACCURACY LIMITS FURTHER IMPROVEMENT.
 MIGRAD MINIMIZATION HAS CONVERGED.
 MIGRAD WILL VERIFY CONVERGENCE AND ERROR MATRIX.
 EIGENVALUES OF SECOND-DERIVATIVE MATRIX:
        -3.6599e-04  3.7195e-01  8.5162e-01  2.7768e+00
 MINUIT WARNING IN HESSE   
 ============== MATRIX FORCED POS-DEF BY ADDING 0.003143 TO DIAGONAL.
 MIGRAD TERMINATED WITHOUT CONVERGENCE.
 FCN=-2.37862e+11 FROM MIGRAD    STATUS=FAILED        103 CALLS         667 TOTAL
                     EDM=0.0564672    STRATEGY= 1      ERR MATRIX NOT POS-DEF
  EXT PARAMETER                APPROXIMATE        STEP         FIRST   
  NO.   NAME      VALUE            ERROR          SIZE      DERIVATIVE 
   1  norm         5.58754e+05   9.69440e+01   2.13131e+02   1.81972e-02
   2  Q            5.65065e-01   3.14281e-05   1.75530e-04   6.07038e+04
   3  theta       -6.51717e-05   1.11142e-04   7.42948e-03  -4.38644e+02
   4  pileup       9.99747e-04   1.04008e-07   8.39392e-06   2.73626e+06
 EXTERNAL ERROR MATRIX.    NDIM=  25    NPAR=  4    ERR DEF=1
  9.398e+03 -3.033e-03 -1.168e-03 -4.302e-07 
 -3.033e-03  9.877e-10  5.594e-10  1.349e-13 
 -1.168e-03  5.594e-10  1.235e-08  5.052e-12 
 -4.302e-07  1.349e-13  5.052e-12  1.082e-14 
ERR MATRIX NOT POS-DEF
 PARAMETER  CORRELATION COEFFICIENTS  
       NO.  GLOBAL      1      2      3      4
        1  0.99721   1.000 -0.996 -0.108 -0.043
        2  0.99725  -0.996  1.000  0.160  0.041
        3  0.71383  -0.108  0.160  1.000  0.437
        4  0.53322  -0.043  0.041  0.437  1.000
 ERR MATRIX NOT POS-DEF
status of the fit-----000------4
1  558754
2  0.565065
3  -6.51717e-05
4  0.000999747
 PARAMETER DEFINITIONS:
    NO.   NAME         VALUE      STEP SIZE      LIMITS
     1 norm         5.58754e+05  1.00000e-01     no limits
     2 Q            5.65065e-01  1.00000e-01     no limits
     3 theta       -6.51717e-05  1.00000e-01     no limits
     4 pileup       9.99747e-04  1.00000e-01     no limits
 **********
 **    5 **MIGRAD
 **********
 FIRST CALL TO USER FUNCTION AT NEW START POINT, WITH IFLAG=4.
 START MIGRAD MINIMIZATION.  STRATEGY  1.  CONVERGENCE WHEN EDM .LT. 1.00e-04
 FCN=-2.37862e+11 FROM MIGRAD    STATUS=INITIATE       16 CALLS         684 TOTAL
                     EDM= unknown      STRATEGY= 1      NO ERROR MATRIX       
  EXT PARAMETER               CURRENT GUESS       STEP         FIRST   
  NO.   NAME      VALUE            ERROR          SIZE      DERIVATIVE 
   1  norm         5.58754e+05   1.00000e-01   1.00000e-01   1.81833e-02
   2  Q            5.65065e-01   1.00000e-01   1.00000e-01   7.08661e+06
   3  theta       -6.51717e-05   1.00000e-01   1.00000e-01   1.51037e+04
   4  pileup       9.99747e-04   1.00000e-01   1.00000e-01  -9.18065e+11
 MIGRAD FAILS TO FIND IMPROVEMENT
 COVARIANCE MATRIX CALCULATED SUCCESSFULLY
 FCN=-2.37862e+11 FROM HESSE     STATUS=OK             29 CALLS         724 TOTAL
                     EDM=81.4267    STRATEGY= 1      ERROR MATRIX ACCURATE 
  EXT PARAMETER                                   STEP         FIRST   
  NO.   NAME      VALUE            ERROR          SIZE      DERIVATIVE 
   1  norm         5.58754e+05   1.13981e+03   2.66435e+00   1.81547e-02
   2  Q            5.65065e-01   1.08813e-04   1.00000e-03   6.06879e+04
   3  theta       -6.51717e-05   9.51439e-03   1.85551e-02  -4.17796e+02
   4  pileup       9.99747e-04   9.28030e-08   1.00000e-02   2.15107e+06
 MIGRAD FAILS TO FIND IMPROVEMENT
 MACHINE ACCURACY LIMITS FURTHER IMPROVEMENT.
 MIGRAD MINIMIZATION HAS CONVERGED.
 MIGRAD WILL VERIFY CONVERGENCE AND ERROR MATRIX.
 EIGENVALUES OF SECOND-DERIVATIVE MATRIX:
        -5.0259e-01  3.3667e-01  7.1081e-01  3.4551e+00
 MINUIT WARNING IN HESSE   
 ============== MATRIX FORCED POS-DEF BY ADDING 0.506041 TO DIAGONAL.
 MIGRAD TERMINATED WITHOUT CONVERGENCE.
 FCN=-2.37862e+11 FROM MIGRAD    STATUS=FAILED        162 CALLS         830 TOTAL
                     EDM=0.0692142    STRATEGY= 1      ERR MATRIX NOT POS-DEF
  EXT PARAMETER                APPROXIMATE        STEP         FIRST   
  NO.   NAME      VALUE            ERROR          SIZE      DERIVATIVE 
   1  norm         5.58753e+05   5.18746e+01   1.72516e+03  -4.96771e-03
   2  Q            5.65065e-01   5.01237e-06   5.55052e-04  -1.07676e+04
   3  theta       -7.06730e-05   6.06544e-04   1.85644e-02  -1.79285e+02
   4  pileup       9.99746e-04   1.82748e-07   2.09850e-05   2.48060e+06
 EXTERNAL ERROR MATRIX.    NDIM=  25    NPAR=  4    ERR DEF=1
  2.691e+03 -2.580e-04 -3.082e-02  8.480e-06 
 -2.580e-04  2.512e-11  3.018e-09 -8.304e-13 
 -3.082e-02  3.018e-09  3.679e-07 -9.810e-11 
  8.480e-06 -8.304e-13 -9.810e-11  3.340e-14 
ERR MATRIX NOT POS-DEF
 PARAMETER  CORRELATION COEFFICIENTS  
       NO.  GLOBAL      1      2      3      4
        1  0.99350   1.000 -0.992 -0.979  0.895
        2  0.99811  -0.992  1.000  0.993 -0.907
        3  0.99450  -0.979  0.993  1.000 -0.885
        4  0.91957   0.895 -0.907 -0.885  1.000
 ERR MATRIX NOT POS-DEF
 **********
 **    6 **MIGRAD 
 **********
 START MIGRAD MINIMIZATION.  STRATEGY  1.  CONVERGENCE WHEN EDM .LT. 1.00e-04
 FCN=-2.37862e+11 FROM MIGRAD    STATUS=INITIATE        8 CALLS         838 TOTAL
                     EDM=1.49849    STRATEGY= 1      ERR MATRIX NOT POS-DEF
  EXT PARAMETER                APPROXIMATE        STEP         FIRST   
  NO.   NAME      VALUE            ERROR          SIZE      DERIVATIVE 
   1  norm         5.58753e+05   5.18746e+01   1.72516e+03  -1.52072e-02
   2  Q            5.65065e-01   5.01237e-06   5.55052e-04  -1.06839e+04
   3  theta       -7.06730e-05   6.06544e-04   1.85644e-02   2.28562e+03
   4  pileup       9.99746e-04   1.82748e-07   2.09850e-05  -2.03025e+06
 MIGRAD FAILS TO FIND IMPROVEMENT
 EIGENVALUES OF SECOND-DERIVATIVE MATRIX:
        -5.0259e-01  3.3667e-01  7.1081e-01  3.4551e+00
 MINUIT WARNING IN HESSE   
 ============== MATRIX FORCED POS-DEF BY ADDING 0.506041 TO DIAGONAL.
 FCN=-2.37862e+11 FROM HESSE     STATUS=NOT POSDEF     31 CALLS         897 TOTAL
                     EDM=0.0346441    STRATEGY= 1      ERR MATRIX NOT POS-DEF
  EXT PARAMETER                APPROXIMATE        STEP         FIRST   
  NO.   NAME      VALUE            ERROR          SIZE      DERIVATIVE 
   1  norm         5.58753e+05   5.18746e+01   1.72516e+03  -4.96506e-03
   2  Q            5.65065e-01   5.01237e-06   5.55052e-04  -1.07652e+04
   3  theta       -7.06734e-05   6.06544e-04   1.85647e-02  -1.79426e+02
   4  pileup       9.99746e-04   1.82748e-07   2.09863e-05   2.48073e+06
 MINUIT WARNING IN MIGRAD  
 ============== Negative diagonal element 2 in Error Matrix
 MINUIT WARNING IN MIGRAD  
 ============== 1 added to diagonal of error matrix
 MIGRAD FAILS TO FIND IMPROVEMENT
 MIGRAD TERMINATED WITHOUT CONVERGENCE.
 FCN=-2.37862e+11 FROM MIGRAD    STATUS=FAILED        103 CALLS         933 TOTAL
                     EDM=2.90406e+07    STRATEGY= 1      ERR MATRIX NOT POS-DEF
  EXT PARAMETER                APPROXIMATE        STEP         FIRST   
  NO.   NAME      VALUE            ERROR          SIZE      DERIVATIVE 
   1  norm         5.58753e+05   6.56719e+00  -0.00000e+00  -5.71213e-02
   2  Q            5.65065e-01   1.00000e+00  -0.00000e+00   3.77687e+09
   3  theta       -7.37460e-05   1.00000e+00  -0.00000e+00   1.43168e+04
   4  pileup       9.99743e-04   1.00000e+00   0.00000e+00  -2.60385e+07
 EXTERNAL ERROR MATRIX.    NDIM=  25    NPAR=  4    ERR DEF=1
  4.313e+01 -6.131e-11  1.670e-04 -2.599e-08 
 -6.131e-11  1.000e+00 -1.786e-16  2.696e-18 
  1.670e-04 -1.786e-16  1.000e+00  2.535e-12 
 -2.599e-08  2.696e-18  2.535e-12  1.000e+00 
ERR MATRIX NOT POS-DEF
 PARAMETER  CORRELATION COEFFICIENTS  
       NO.  GLOBAL      1      2      3      4
        1  0.00003   1.000 -0.000  0.000 -0.000
        2  0.00000  -0.000  1.000 -0.000  0.000
        3  0.00003   0.000 -0.000  1.000  0.000
        4  0.00000  -0.000  0.000  0.000  1.000
 ERR MATRIX NOT POS-DEF
status of the fit-----000------4
1  558753
2  0.565065
3  -7.3746e-05
4  0.000999743
