  *******************************************
  *                                         *
  *        W E L C O M E  to  R O O T       *
  *                                         *
  *   Version   5.34/36      5 April 2016   *
  *                                         *
  *  You are welcome to visit our Web site  *
  *          http://root.cern.ch            *
  *                                         *
  *******************************************

ROOT 5.34/36 (v5-34-36@v5-34-36, Apr 05 2016, 10:25:45 on linuxx8664gcc)

CINT/ROOT C/C++ Interpreter version 5.18.00, July 2, 2010
Type ? for help. Commands must be C++ statements.
Enclose multiple statements between { }.
Loading root init file.
The rat/rootinit.C file loaded the DEAP style for you, which is available from the fStyle pointer.
DEAP style applied. 
RAT: Libraries loaded.

Processing /home/fatemigh/projects/rpp-jillings/fatemigh/sterile/Likelihood/LikelihoodSterile_modified6.C+(31)...
pased here
566 lines read from file
31
spec_E  566
Before entering fitting
 **********
 **    1 **SET PRINT           2
 **********
 **********
 **    2 **SET NOGRAD
 **********
 PARAMETER DEFINITIONS:
    NO.   NAME         VALUE      STEP SIZE      LIMITS
     1 p0           5.58000e+05  1.67400e+05     no limits
     2 p1           5.65000e-01  1.69500e-01     no limits
     3 p2           0.00000e+00  3.00000e-01     no limits
     4 p3           9.99871e-04  2.99961e-04     no limits
 **********
 **    3 **SET ERR         0.5
 **********
 **********
 **    4 **SET PRINT           2
 **********
 **********
 **    5 **SET STR           1
 **********
 NOW USING STRATEGY  1: TRY TO BALANCE SPEED AGAINST RELIABILITY
 **********
 **    6 **MIGRAD        1480        0.01
 **********
 FIRST CALL TO USER FUNCTION AT NEW START POINT, WITH IFLAG=4.
 START MIGRAD MINIMIZATION.  STRATEGY  1.  CONVERGENCE WHEN EDM .LT. 1.00e-05
 FCN=17514.1 FROM MIGRAD    STATUS=INITIATE       18 CALLS          19 TOTAL
                     EDM= unknown      STRATEGY= 1      NO ERROR MATRIX       
  EXT PARAMETER               CURRENT GUESS       STEP         FIRST   
  NO.   NAME      VALUE            ERROR          SIZE      DERIVATIVE 
   1  p0           5.58000e+05   1.67400e+05   1.67400e+05  -3.64895e+01
   2  p1           5.65000e-01   1.69500e-01   1.69500e-01  -1.13268e+08
   3  p2           0.00000e+00   3.00000e-01   3.00000e-01   2.08629e+06
   4  p3           9.99871e-04   2.99961e-04   2.99961e-04  -9.90069e+08
                               ERR DEF= 0.5
NO ERROR MATRIX       
 FCN=1346.54 FROM MIGRAD    STATUS=PROGRESS       36 CALLS          37 TOTAL
                     EDM=4069.42    STRATEGY= 1      NO ERROR MATRIX       
  EXT PARAMETER               CURRENT GUESS       STEP         FIRST   
  NO.   NAME      VALUE            ERROR          SIZE      DERIVATIVE 
   1  p0           5.58357e+05   1.67400e+05   3.57074e+02  -2.53770e+00
   2  p1           5.65115e-01   1.69500e-01   1.15147e-04  -7.81634e+06
   3  p2          -2.36000e-03   3.00000e-01  -2.36000e-03  -4.79931e+05
   4  p3           1.00131e-03   2.99961e-04   1.43644e-06   5.08431e+08
                               ERR DEF= 0.5
 FCN=68.6439 FROM MIGRAD    STATUS=PROGRESS      152 CALLS         153 TOTAL
                     EDM=0.000181181    STRATEGY= 1  ERROR MATRIX UNCERTAINTY  21.9 per cent
  EXT PARAMETER                APPROXIMATE        STEP         FIRST   
  NO.   NAME      VALUE            ERROR          SIZE      DERIVATIVE 
   1  p0           5.60057e+05   1.29326e+03   1.48677e+02  -5.24147e-04
   2  p1           5.64646e-01   4.16447e-04  -4.77681e-05  -1.63519e+03
   3  p2          -8.34415e-05   1.07655e-04  -4.90725e-06   1.26995e+02
   4  p3           9.99729e-04   7.22230e-08   7.98799e-11   9.47097e+04
                               ERR DEF= 0.5
 MIGRAD FAILS TO FIND IMPROVEMENT
 MIGRAD MINIMIZATION HAS CONVERGED.
 MIGRAD WILL VERIFY CONVERGENCE AND ERROR MATRIX.
   START COVARIANCE MATRIX CALCULATION.
 EIGENVALUES OF SECOND-DERIVATIVE MATRIX:
         1.1350e-03  4.2659e-01  8.5468e-01  2.7176e+00
 COVARIANCE MATRIX CALCULATED SUCCESSFULLY
 FCN=68.6438 FROM HESSE     STATUS=OK             31 CALLS         236 TOTAL
                     EDM=3.26774e-05    STRATEGY= 1      ERROR MATRIX ACCURATE 
  EXT PARAMETER                                   STEP         FIRST   
  NO.   NAME      VALUE            ERROR          SIZE      DERIVATIVE 
   1  p0           5.60069e+05   1.07643e+02   2.67062e-01   3.08746e-05
   2  p1           5.64642e-01   3.46048e-05   2.69243e-07   7.34177e+01
   3  p2          -8.49337e-05   7.17746e-05   2.92314e-07   1.14225e+02
   4  p3           9.99729e-04   6.77564e-08   4.76708e-10  -1.20562e+04
                               ERR DEF= 0.5
 PARAMETER  CORRELATION COEFFICIENTS  
       NO.  GLOBAL      1      2      3      4
        1  0.99886   1.000 -0.998  0.031  0.121
        2  0.99887  -0.998  1.000  0.002 -0.124
        3  0.66965   0.031  0.002  1.000  0.357
        4  0.47811   0.121 -0.124  0.357  1.000
 FCN=68.6438 FROM MIGRAD    STATUS=PROGRESS      254 CALLS         255 TOTAL
                     EDM=2.03896e-07    STRATEGY= 1      ERROR MATRIX ACCURATE 
  EXT PARAMETER                                   STEP         FIRST   
  NO.   NAME      VALUE            ERROR          SIZE      DERIVATIVE 
   1  p0           5.60069e+05   1.07643e+02  -5.45247e-03   2.16621e-05
   2  p1           5.64642e-01   3.46048e-05   1.22822e-09   6.44954e+01
   3  p2          -8.49647e-05   7.17746e-05  -3.09959e-08  -4.89187e+00
   4  p3           9.99728e-04   6.77564e-08  -8.02822e-12  -6.61892e+03
                               ERR DEF= 0.5
 MIGRAD MINIMIZATION HAS CONVERGED.
 FCN=68.6438 FROM MIGRAD    STATUS=CONVERGED     254 CALLS         255 TOTAL
                     EDM=2.03896e-07    STRATEGY= 1  ERROR MATRIX UNCERTAINTY   0.3 per cent
  EXT PARAMETER                                   STEP         FIRST   
  NO.   NAME      VALUE            ERROR          SIZE      DERIVATIVE 
   1  p0           5.60069e+05   1.07071e+02  -5.45247e-03   2.16621e-05
   2  p1           5.64642e-01   3.45188e-05   1.22822e-09   6.44954e+01
   3  p2          -8.49647e-05   1.72830e-05  -3.09959e-08  -4.89187e+00
   4  p3           9.99728e-04   6.41826e-08  -8.02822e-12  -6.61892e+03
                               ERR DEF= 0.5
 EXTERNAL ERROR MATRIX.    NDIM=  25    NPAR=  4    ERR DEF=0.5
  1.146e+04 -3.691e-03 -5.351e-04  6.404e-07 
 -3.691e-03  1.192e-09  1.751e-10 -2.378e-13 
 -5.351e-04  1.751e-10  2.987e-10  2.237e-13 
  6.404e-07 -2.378e-13  2.237e-13  4.119e-15 
 PARAMETER  CORRELATION COEFFICIENTS  
       NO.  GLOBAL      1      2      3      4
        1  0.99885   1.000 -0.999 -0.289  0.093
        2  0.99886  -0.999  1.000  0.293 -0.107
        3  0.40375  -0.289  0.293  1.000  0.202
        4  0.39959   0.093 -0.107  0.202  1.000
 EXTERNAL ERROR MATRIX.    NDIM=   4    NPAR=  4    ERR DEF=0.5
  1.146e+04 -3.691e-03 -5.351e-04  6.404e-07 
 -3.691e-03  1.192e-09  1.751e-10 -2.378e-13 
 -5.351e-04  1.751e-10  2.987e-10  2.237e-13 
  6.404e-07 -2.378e-13  2.237e-13  4.119e-15 
 FCN=68.6438 FROM MIGRAD    STATUS=CONVERGED     254 CALLS         255 TOTAL
                     EDM=2.03896e-07    STRATEGY= 1  ERROR MATRIX UNCERTAINTY   0.3 per cent
  EXT PARAMETER                  PARABOLIC         MINOS ERRORS        
  NO.   NAME      VALUE            ERROR      NEGATIVE      POSITIVE   
   1  p0           5.60069e+05   1.07071e+02                            
   2  p1           5.64642e-01   3.45188e-05                            
   3  p2          -8.49647e-05   1.72830e-05                            
   4  p3           9.99728e-04   6.41826e-08                            
                               ERR DEF= 0.5
------------------------------------------
Enering ROOFIt-------
 PARAMETER DEFINITIONS:
    NO.   NAME         VALUE      STEP SIZE      LIMITS
     1 norm         5.60069e+05  1.00000e-01     no limits
     2 Q            5.65000e-01  1.00000e-01     no limits
     3 theta        0.00000e+00  1.00000e-01     no limits
     4 pileup       9.99728e-04  1.00000e-01     no limits
 **********
 **    1 **MIGRAD
 **********
 FIRST CALL TO USER FUNCTION AT NEW START POINT, WITH IFLAG=4.
 START MIGRAD MINIMIZATION.  STRATEGY  1.  CONVERGENCE WHEN EDM .LT. 1.00e-04
 FCN=-2.37862e+11 FROM MIGRAD    STATUS=INITIATE       16 CALLS          17 TOTAL
                     EDM= unknown      STRATEGY= 1      NO ERROR MATRIX       
  EXT PARAMETER               CURRENT GUESS       STEP         FIRST   
  NO.   NAME      VALUE            ERROR          SIZE      DERIVATIVE 
   1  norm         5.60069e+05   1.00000e-01   1.00000e-01   4.21230e+01
   2  Q            5.65000e-01   1.00000e-01   1.00000e-01   6.51915e+08
   3  theta        0.00000e+00   1.00000e-01   1.00000e-01  -2.40636e+06
   4  pileup       9.99728e-04   1.00000e-01   1.00000e-01  -9.16566e+11
 MIGRAD FAILS TO FIND IMPROVEMENT
 EIGENVALUES OF SECOND-DERIVATIVE MATRIX:
        -2.3145e-04  3.8466e-01  9.1704e-01  2.6985e+00
 MINUIT WARNING IN HESSE   
 ============== MATRIX FORCED POS-DEF BY ADDING 0.002930 TO DIAGONAL.
 FCN=-2.37862e+11 FROM HESSE     STATUS=NOT POSDEF     27 CALLS          55 TOTAL
                     EDM=2.91777e+06    STRATEGY= 1      ERR MATRIX NOT POS-DEF
  EXT PARAMETER                APPROXIMATE        STEP         FIRST   
  NO.   NAME      VALUE            ERROR          SIZE      DERIVATIVE 
   1  norm         5.60069e+05   6.91381e+01   2.67062e+00   4.21226e+01
   2  Q            5.65000e-01   6.52595e-06   1.00000e-03   1.31246e+08
   3  theta        0.00000e+00   5.75485e-04   1.85021e-02  -2.42132e+06
   4  pileup       9.99728e-04   9.23165e-08   1.00000e-02   1.17324e+09
 MIGRAD FAILS TO FIND IMPROVEMENT
 MACHINE ACCURACY LIMITS FURTHER IMPROVEMENT.
 MIGRAD MINIMIZATION HAS CONVERGED.
 MIGRAD WILL VERIFY CONVERGENCE AND ERROR MATRIX.
 EIGENVALUES OF SECOND-DERIVATIVE MATRIX:
        -5.1623e-01  3.3443e-01  7.1549e-01  3.4663e+00
 MINUIT WARNING IN HESSE   
 ============== MATRIX FORCED POS-DEF BY ADDING 0.519698 TO DIAGONAL.
 MIGRAD TERMINATED WITHOUT CONVERGENCE.
 FCN=-2.37862e+11 FROM MIGRAD    STATUS=FAILED        407 CALLS         408 TOTAL
                     EDM=42.9654    STRATEGY= 1      ERR MATRIX NOT POS-DEF
  EXT PARAMETER                APPROXIMATE        STEP         FIRST   
  NO.   NAME      VALUE            ERROR          SIZE      DERIVATIVE 
   1  norm         5.58731e+05   5.40355e+01   1.72510e+03  -8.76689e-03
   2  Q            5.65073e-01   4.91754e-06   5.55039e-04  -2.11430e+04
   3  theta       -2.38550e-06   5.84270e-04   1.85699e-02  -8.91781e+03
   4  pileup       9.99852e-04   1.80675e-07   2.09866e-05   2.60644e+07
 EXTERNAL ERROR MATRIX.    NDIM=  25    NPAR=  4    ERR DEF=1
  2.920e+03 -2.638e-04 -3.094e-02  8.730e-06 
 -2.638e-04  2.418e-11  2.851e-09 -8.045e-13 
 -3.094e-02  2.851e-09  3.414e-07 -9.322e-11 
  8.730e-06 -8.045e-13 -9.322e-11  3.264e-14 
ERR MATRIX NOT POS-DEF
 PARAMETER  CORRELATION COEFFICIENTS  
       NO.  GLOBAL      1      2      3      4
        1  0.99407   1.000 -0.993 -0.980  0.894
        2  0.99812  -0.993  1.000  0.992 -0.905
        3  0.99412  -0.980  0.992  1.000 -0.883
        4  0.91839   0.894 -0.905 -0.883  1.000
 ERR MATRIX NOT POS-DEF
 **********
 **    2 **MIGRAD 
 **********
 START MIGRAD MINIMIZATION.  STRATEGY  1.  CONVERGENCE WHEN EDM .LT. 1.00e-04
 FCN=-2.37862e+11 FROM MIGRAD    STATUS=INITIATE        8 CALLS         416 TOTAL
                     EDM=10.7341    STRATEGY= 1      ERR MATRIX NOT POS-DEF
  EXT PARAMETER                APPROXIMATE        STEP         FIRST   
  NO.   NAME      VALUE            ERROR          SIZE      DERIVATIVE 
   1  norm         5.58731e+05   5.40355e+01   1.72510e+03  -1.90043e-02
   2  Q            5.65073e-01   4.91754e-06   5.55039e-04  -2.10780e+04
   3  theta       -2.38550e-06   5.84270e-04   1.85699e-02  -6.45360e+03
   4  pileup       9.99852e-04   1.80675e-07   2.09866e-05   2.15542e+07
 MIGRAD FAILS TO FIND IMPROVEMENT
 MACHINE ACCURACY LIMITS FURTHER IMPROVEMENT.
 MIGRAD MINIMIZATION HAS CONVERGED.
 MIGRAD WILL VERIFY CONVERGENCE AND ERROR MATRIX.
 EIGENVALUES OF SECOND-DERIVATIVE MATRIX:
        -7.0978e-04  3.6641e-01  8.5026e-01  2.7840e+00
 MINUIT WARNING IN HESSE   
 ============== MATRIX FORCED POS-DEF BY ADDING 0.003494 TO DIAGONAL.
 FCN=-2.37862e+11 FROM HESSE     STATUS=NOT POSDEF     29 CALLS         486 TOTAL
                     EDM=0.0351503    STRATEGY= 1      ERR MATRIX NOT POS-DEF
  EXT PARAMETER                APPROXIMATE        STEP         FIRST   
  NO.   NAME      VALUE            ERROR          SIZE      DERIVATIVE 
   1  norm         5.58735e+05   9.60523e+01   1.72509e+03   4.30774e-02
   2  Q            5.65072e-01   3.16016e-05   8.85932e-05   1.38788e+05
   3  theta       -1.47137e-05   1.19585e-04   1.85699e-02  -3.68736e+03
   4  pileup       9.99738e-04   1.05027e-07   2.09865e-05   2.76502e+06
 MINUIT WARNING IN MIGRAD  
 ============== Negative diagonal element 2 in Error Matrix
 MINUIT WARNING IN MIGRAD  
 ============== 1 added to diagonal of error matrix
 MIGRAD FAILS TO FIND IMPROVEMENT
 MIGRAD TERMINATED WITHOUT CONVERGENCE.
 FCN=-2.37862e+11 FROM MIGRAD    STATUS=FAILED        120 CALLS         528 TOTAL
                     EDM=3.73865e+09    STRATEGY= 1      ERR MATRIX NOT POS-DEF
  EXT PARAMETER                APPROXIMATE        STEP         FIRST   
  NO.   NAME      VALUE            ERROR          SIZE      DERIVATIVE 
   1  norm         5.58742e+05   9.49755e+00  -0.00000e+00  -7.52602e-02
   2  Q            5.65070e-01   1.00000e+00  -0.00000e+00   3.85916e+09
   3  theta       -1.44297e-05   1.00000e+00  -0.00000e+00   1.58246e+04
   4  pileup       9.99731e-04   1.00000e+00   0.00000e+00  -2.90404e+07
 EXTERNAL ERROR MATRIX.    NDIM=  25    NPAR=  4    ERR DEF=1
  9.020e+01 -1.311e-09  5.051e-04 -1.999e-07 
 -1.311e-09  1.000e+00 -8.385e-16  1.359e-17 
  5.051e-04 -8.385e-16  1.000e+00  5.458e-12 
 -1.999e-07  1.359e-17  5.458e-12  1.000e+00 
ERR MATRIX NOT POS-DEF
 PARAMETER  CORRELATION COEFFICIENTS  
       NO.  GLOBAL      1      2      3      4
        1  0.00005   1.000 -0.000  0.000 -0.000
        2  0.00000  -0.000  1.000 -0.000  0.000
        3  0.00005   0.000 -0.000  1.000  0.000
        4  0.00000  -0.000  0.000  0.000  1.000
 ERR MATRIX NOT POS-DEF
status of the fit-----000------4
1  558742
2  0.56507
3  -1.44297e-05
4  0.000999731
 PARAMETER DEFINITIONS:
    NO.   NAME         VALUE      STEP SIZE      LIMITS
     1 norm         5.58742e+05  1.00000e-01     no limits
     2 Q            5.65070e-01  1.00000e-01     no limits
     3 theta       -1.44297e-05  1.00000e-01     no limits
     4 pileup       9.99731e-04  1.00000e-01     no limits
 **********
 **    3 **MIGRAD
 **********
 FIRST CALL TO USER FUNCTION AT NEW START POINT, WITH IFLAG=4.
 START MIGRAD MINIMIZATION.  STRATEGY  1.  CONVERGENCE WHEN EDM .LT. 1.00e-04
 FCN=-2.37862e+11 FROM MIGRAD    STATUS=INITIATE       16 CALLS         545 TOTAL
                     EDM= unknown      STRATEGY= 1      NO ERROR MATRIX       
  EXT PARAMETER               CURRENT GUESS       STEP         FIRST   
  NO.   NAME      VALUE            ERROR          SIZE      DERIVATIVE 
   1  norm         5.58742e+05   1.00000e-01   1.00000e-01  -1.06239e-02
   2  Q            5.65070e-01   1.00000e-01   1.00000e-01   6.69147e+06
   3  theta       -1.44297e-05   1.00000e-01   1.00000e-01   1.58083e+04
   4  pileup       9.99731e-04   1.00000e-01   1.00000e-01  -9.18054e+11
 MIGRAD FAILS TO FIND IMPROVEMENT
 COVARIANCE MATRIX CALCULATED SUCCESSFULLY
 FCN=-2.37862e+11 FROM HESSE     STATUS=OK             29 CALLS         585 TOTAL
                     EDM=1.01095    STRATEGY= 1      ERROR MATRIX ACCURATE 
  EXT PARAMETER                                   STEP         FIRST   
  NO.   NAME      VALUE            ERROR          SIZE      DERIVATIVE 
   1  norm         5.58742e+05   1.95144e+02   2.66429e+00  -1.06239e-02
   2  Q            5.65070e-01   1.86509e-05   1.00000e-03  -2.86584e+04
   3  theta       -1.44297e-05   1.63683e-03   1.85583e-02   2.88780e+02
   4  pileup       9.99731e-04   9.24457e-08   1.00000e-02  -1.14574e+06
 MINUIT WARNING IN MIGRAD  
 ============== Negative diagonal element 2 in Error Matrix
 MINUIT WARNING IN MIGRAD  
 ============== 1 added to diagonal of error matrix
 MIGRAD FAILS TO FIND IMPROVEMENT
 MIGRAD TERMINATED WITHOUT CONVERGENCE.
 FCN=-2.37862e+11 FROM MIGRAD    STATUS=FAILED         97 CALLS         626 TOTAL
                     EDM=1.16374e+09    STRATEGY= 1  ERROR MATRIX UNCERTAINTY 100.0 per cent
  EXT PARAMETER                APPROXIMATE        STEP         FIRST   
  NO.   NAME      VALUE            ERROR          SIZE      DERIVATIVE 
   1  norm         5.58743e+05   9.16998e+00   0.00000e+00  -3.21894e-03
   2  Q            5.65070e-01   1.00000e+00  -0.00000e+00   3.85928e+09
   3  theta       -1.58126e-05   1.00000e+00  -0.00000e+00   1.51159e+04
   4  pileup       9.99731e-04   1.00000e+00   0.00000e+00  -2.86991e+07
 EXTERNAL ERROR MATRIX.    NDIM=  25    NPAR=  4    ERR DEF=1
  8.409e+01 -1.892e-09  5.547e-04  5.472e-08 
 -1.892e-09  1.000e+00 -3.376e-14 -2.583e-18 
  5.547e-04 -3.376e-14  1.000e+00  7.575e-13 
  5.472e-08 -2.583e-18  7.575e-13  1.000e+00 
ERR MATRIX APPROXIMATE
 PARAMETER  CORRELATION COEFFICIENTS  
       NO.  GLOBAL      1      2      3      4
        1  0.00006   1.000 -0.000  0.000  0.000
        2  0.00000  -0.000  1.000 -0.000 -0.000
        3  0.00006   0.000 -0.000  1.000  0.000
        4  0.00000   0.000 -0.000  0.000  1.000
 ERR MATRIX APPROXIMATE
 **********
 **    4 **MIGRAD 
 **********
 START MIGRAD MINIMIZATION.  STRATEGY  1.  CONVERGENCE WHEN EDM .LT. 1.00e-04
 FCN=-2.37862e+11 FROM MIGRAD    STATUS=INITIATE       12 CALLS         638 TOTAL
                     EDM=4.53674e+16    STRATEGY= 1  ERROR MATRIX UNCERTAINTY 100.0 per cent
  EXT PARAMETER                APPROXIMATE        STEP         FIRST   
  NO.   NAME      VALUE            ERROR          SIZE      DERIVATIVE 
   1  norm         5.58743e+05   9.16998e+00   0.00000e+00  -9.32497e-03
   2  Q            5.65070e-01   1.00000e+00  -0.00000e+00  -5.35794e+03
   3  theta       -1.58126e-05   1.00000e+00  -0.00000e+00   1.51154e+04
   4  pileup       9.99731e-04   1.00000e+00   0.00000e+00  -2.86993e+07
 MIGRAD FAILS TO FIND IMPROVEMENT
 EIGENVALUES OF SECOND-DERIVATIVE MATRIX:
        -6.3068e-04  3.6661e-01  8.4986e-01  2.7842e+00
 MINUIT WARNING IN HESSE   
 ============== MATRIX FORCED POS-DEF BY ADDING 0.003415 TO DIAGONAL.
 FCN=-2.37862e+11 FROM HESSE     STATUS=NOT POSDEF     29 CALLS         678 TOTAL
                     EDM=0.00438279    STRATEGY= 1      ERR MATRIX NOT POS-DEF
  EXT PARAMETER                APPROXIMATE        STEP         FIRST   
  NO.   NAME      VALUE            ERROR          SIZE      DERIVATIVE 
   1  norm         5.58743e+05   9.60434e+01   5.32858e+02  -3.16425e-03
   2  Q            5.65070e-01   3.16020e-05   8.91387e-05  -5.43240e+03
   3  theta       -1.58126e-05   1.19853e-04   1.85676e-02  -4.19506e+02
   4  pileup       9.99731e-04   1.05208e-07   2.09848e-05  -2.61006e+05
 MINUIT WARNING IN MIGRAD  
 ============== Negative diagonal element 1 in Error Matrix
 MINUIT WARNING IN MIGRAD  
 ============== Negative diagonal element 2 in Error Matrix
 MINUIT WARNING IN MIGRAD  
 ============== Negative diagonal element 3 in Error Matrix
 MINUIT WARNING IN MIGRAD  
 ============== Negative diagonal element 4 in Error Matrix
 MINUIT WARNING IN MIGRAD  
 ============== 1.18941e+06 added to diagonal of error matrix
 MIGRAD FAILS TO FIND IMPROVEMENT
 MACHINE ACCURACY LIMITS FURTHER IMPROVEMENT.
 MIGRAD MINIMIZATION HAS CONVERGED.
 MIGRAD WILL VERIFY CONVERGENCE AND ERROR MATRIX.
 EIGENVALUES OF SECOND-DERIVATIVE MATRIX:
        -3.7060e-04  3.7199e-01  8.5160e-01  2.7768e+00
 MINUIT WARNING IN HESSE   
 ============== MATRIX FORCED POS-DEF BY ADDING 0.003147 TO DIAGONAL.
 MIGRAD TERMINATED WITHOUT CONVERGENCE.
 FCN=-2.37862e+11 FROM MIGRAD    STATUS=FAILED        102 CALLS         728 TOTAL
                     EDM=0.0548411    STRATEGY= 1      ERR MATRIX NOT POS-DEF
  EXT PARAMETER                APPROXIMATE        STEP         FIRST   
  NO.   NAME      VALUE            ERROR          SIZE      DERIVATIVE 
   1  norm         5.58791e+05   9.69495e+01   2.13143e+02   1.93817e-02
   2  Q            5.65055e-01   3.14266e-05   1.78277e-04   6.37860e+04
   3  theta       -2.45988e-06   1.11097e-04   7.42705e-03   1.81257e+02
   4  pileup       9.99745e-04   1.04003e-07   8.39390e-06   2.14819e+06
 EXTERNAL ERROR MATRIX.    NDIM=  25    NPAR=  4    ERR DEF=1
  9.399e+03 -3.033e-03 -1.172e-03 -4.301e-07 
 -3.033e-03  9.876e-10  5.603e-10  1.348e-13 
 -1.172e-03  5.603e-10  1.234e-08  5.049e-12 
 -4.301e-07  1.348e-13  5.049e-12  1.082e-14 
ERR MATRIX NOT POS-DEF
 PARAMETER  CORRELATION COEFFICIENTS  
       NO.  GLOBAL      1      2      3      4
        1  0.99721   1.000 -0.996 -0.109 -0.043
        2  0.99725  -0.996  1.000  0.160  0.041
        3  0.71383  -0.109  0.160  1.000  0.437
        4  0.53318  -0.043  0.041  0.437  1.000
 ERR MATRIX NOT POS-DEF
status of the fit-----000------4
1  558791
2  0.565055
3  -2.45988e-06
4  0.000999745
 PARAMETER DEFINITIONS:
    NO.   NAME         VALUE      STEP SIZE      LIMITS
     1 norm         5.58791e+05  1.00000e-01     no limits
     2 Q            5.65055e-01  1.00000e-01     no limits
     3 theta       -2.45988e-06  1.00000e-01     no limits
     4 pileup       9.99745e-04  1.00000e-01     no limits
 **********
 **    5 **MIGRAD
 **********
 FIRST CALL TO USER FUNCTION AT NEW START POINT, WITH IFLAG=4.
 START MIGRAD MINIMIZATION.  STRATEGY  1.  CONVERGENCE WHEN EDM .LT. 1.00e-04
 FCN=-2.37862e+11 FROM MIGRAD    STATUS=INITIATE       16 CALLS         745 TOTAL
                     EDM= unknown      STRATEGY= 1      NO ERROR MATRIX       
  EXT PARAMETER               CURRENT GUESS       STEP         FIRST   
  NO.   NAME      VALUE            ERROR          SIZE      DERIVATIVE 
   1  norm         5.58791e+05   1.00000e-01   1.00000e-01   1.93962e-02
   2  Q            5.65055e-01   1.00000e-01   1.00000e-01   7.01510e+06
   3  theta       -2.45988e-06   1.00000e-01   1.00000e-01   1.57293e+04
   4  pileup       9.99745e-04   1.00000e-01   1.00000e-01  -9.18053e+11
 MIGRAD FAILS TO FIND IMPROVEMENT
 COVARIANCE MATRIX CALCULATED SUCCESSFULLY
 FCN=-2.37862e+11 FROM HESSE     STATUS=OK             29 CALLS         785 TOTAL
                     EDM=0.762947    STRATEGY= 1      ERROR MATRIX ACCURATE 
  EXT PARAMETER                                   STEP         FIRST   
  NO.   NAME      VALUE            ERROR          SIZE      DERIVATIVE 
   1  norm         5.58791e+05   1.51468e+02   2.66452e+00   1.92702e-02
   2  Q            5.65055e-01   1.44852e-05   1.00000e-03   6.37787e+04
   3  theta       -2.45988e-06   1.27343e-03   1.85476e-02   2.02359e+02
   4  pileup       9.99745e-04   9.24413e-08   1.00000e-02   1.56287e+06
 MIGRAD FAILS TO FIND IMPROVEMENT
 MACHINE ACCURACY LIMITS FURTHER IMPROVEMENT.
 MIGRAD MINIMIZATION HAS CONVERGED.
 MIGRAD WILL VERIFY CONVERGENCE AND ERROR MATRIX.
 EIGENVALUES OF SECOND-DERIVATIVE MATRIX:
        -4.7052e-01  3.4405e-01  7.0131e-01  3.4252e+00
 MINUIT WARNING IN HESSE   
 ============== MATRIX FORCED POS-DEF BY ADDING 0.473947 TO DIAGONAL.
 MIGRAD TERMINATED WITHOUT CONVERGENCE.
 FCN=-2.37862e+11 FROM MIGRAD    STATUS=FAILED        197 CALLS         926 TOTAL
                     EDM=0.0190558    STRATEGY= 1      ERR MATRIX NOT POS-DEF
  EXT PARAMETER                APPROXIMATE        STEP         FIRST   
  NO.   NAME      VALUE            ERROR          SIZE      DERIVATIVE 
   1  norm         5.58789e+05   4.67861e+01   1.72527e+03  -8.89603e-03
   2  Q            5.65055e-01   5.20913e-06   5.55020e-04  -2.36131e+04
   3  theta       -1.17447e-05   6.56075e-04   1.85570e-02  -2.64770e+01
   4  pileup       9.99744e-04   1.86278e-07   2.09849e-05   2.08332e+06
 EXTERNAL ERROR MATRIX.    NDIM=  25    NPAR=  4    ERR DEF=1
  2.189e+03 -2.413e-04 -3.001e-02  7.784e-06 
 -2.413e-04  2.714e-11  3.396e-09 -8.807e-13 
 -3.001e-02  3.396e-09  4.304e-07 -1.085e-10 
  7.784e-06 -8.807e-13 -1.085e-10  3.470e-14 
ERR MATRIX NOT POS-DEF
 PARAMETER  CORRELATION COEFFICIENTS  
       NO.  GLOBAL      1      2      3      4
        1  0.99183   1.000 -0.990 -0.978  0.893
        2  0.99808  -0.990  1.000  0.994 -0.908
        3  0.99520  -0.978  0.994  1.000 -0.887
        4  0.92096   0.893 -0.908 -0.887  1.000
 ERR MATRIX NOT POS-DEF
 **********
 **    6 **MIGRAD 
 **********
 START MIGRAD MINIMIZATION.  STRATEGY  1.  CONVERGENCE WHEN EDM .LT. 1.00e-04
 FCN=-2.37862e+11 FROM MIGRAD    STATUS=INITIATE        8 CALLS         934 TOTAL
                     EDM=1.92105    STRATEGY= 1      ERR MATRIX NOT POS-DEF
  EXT PARAMETER                APPROXIMATE        STEP         FIRST   
  NO.   NAME      VALUE            ERROR          SIZE      DERIVATIVE 
   1  norm         5.58789e+05   4.67861e+01   1.72527e+03  -1.91357e-02
   2  Q            5.65055e-01   5.20913e-06   5.55020e-04  -2.35328e+04
   3  theta       -1.17447e-05   6.56075e-04   1.85570e-02   2.43935e+03
   4  pileup       9.99744e-04   1.86278e-07   2.09849e-05  -2.42753e+06
 MINUIT WARNING IN MIGRAD  
 ============== Negative diagonal element 2 in Error Matrix
 MINUIT WARNING IN MIGRAD  
 ============== 1 added to diagonal of error matrix
 MIGRAD FAILS TO FIND IMPROVEMENT
 EIGENVALUES OF SECOND-DERIVATIVE MATRIX:
        -4.7052e-01  3.4405e-01  7.0131e-01  3.4252e+00
 MINUIT WARNING IN HESSE   
 ============== MATRIX FORCED POS-DEF BY ADDING 0.473945 TO DIAGONAL.
 FCN=-2.37862e+11 FROM HESSE     STATUS=NOT POSDEF     31 CALLS         999 TOTAL
                     EDM=0.0130033    STRATEGY= 1      ERR MATRIX NOT POS-DEF
  EXT PARAMETER                APPROXIMATE        STEP         FIRST   
  NO.   NAME      VALUE            ERROR          SIZE      DERIVATIVE 
   1  norm         5.58789e+05   4.67861e+01   1.72527e+03  -8.35453e-03
   2  Q            5.65055e-01   5.20913e-06   5.55020e-04  -2.19307e+04
   3  theta       -1.18730e-05   6.56076e-04   1.85573e-02  -8.69327e+01
   4  pileup       9.99744e-04   1.86278e-07   2.09863e-05   2.11842e+06
 MIGRAD FAILS TO FIND IMPROVEMENT
 MACHINE ACCURACY LIMITS FURTHER IMPROVEMENT.
 MIGRAD MINIMIZATION HAS CONVERGED.
 MIGRAD WILL VERIFY CONVERGENCE AND ERROR MATRIX.
 EIGENVALUES OF SECOND-DERIVATIVE MATRIX:
        -1.0693e-02  3.3248e-01  7.4434e-01  2.9339e+00
 MINUIT WARNING IN HESSE   
 ============== MATRIX FORCED POS-DEF BY ADDING 0.013627 TO DIAGONAL.
 MIGRAD TERMINATED WITHOUT CONVERGENCE.
 FCN=-2.37862e+11 FROM MIGRAD    STATUS=FAILED        115 CALLS        1041 TOTAL
                     EDM=0.0849995    STRATEGY= 1      ERR MATRIX NOT POS-DEF
  EXT PARAMETER                APPROXIMATE        STEP         FIRST   
  NO.   NAME      VALUE            ERROR          SIZE      DERIVATIVE 
   1  norm         5.58789e+05   6.92840e+01   6.90109e+01  -8.24950e-03
   2  Q            5.65055e-01   6.72502e-06   4.18428e-03  -2.19186e+04
   3  theta       -1.18730e-05   5.14941e-04   7.42291e-04  -1.09976e+02
   4  pileup       9.99744e-04   1.03555e-07   8.39450e-07   2.16144e+06
 EXTERNAL ERROR MATRIX.    NDIM=  25    NPAR=  4    ERR DEF=1
  4.800e+03 -4.619e-04 -3.405e-02  7.504e-07 
 -4.619e-04  4.523e-11  3.386e-09 -7.548e-14 
 -3.405e-02  3.386e-09  2.652e-07 -8.568e-13 
  7.504e-07 -7.548e-14 -8.568e-13  1.072e-14 
ERR MATRIX NOT POS-DEF
 PARAMETER  CORRELATION COEFFICIENTS  
       NO.  GLOBAL      1      2      3      4
        1  0.99459   1.000 -0.991 -0.954  0.105
        2  0.99764  -0.991  1.000  0.978 -0.108
        3  0.98864  -0.954  0.978  1.000 -0.016
        4  0.53433   0.105 -0.108 -0.016  1.000
 ERR MATRIX NOT POS-DEF
status of the fit-----000------4
1  558789
2  0.565055
3  -1.1873e-05
4  0.000999744
 **********
 **    7 **SET PRINT           2
 **********
 **********
 **    8 **SET NOGRAD
 **********
 PARAMETER DEFINITIONS:
    NO.   NAME         VALUE      STEP SIZE      LIMITS
     1 p0           5.58000e+05  1.67400e+05     no limits
     2 p1           5.65000e-01  1.69500e-01     no limits
     3 p2           0.00000e+00  3.00000e-01     no limits
     4 p3           9.99871e-04  2.99961e-04     no limits
 **********
 **    9 **SET ERR         0.5
 **********
 **********
 **   10 **SET PRINT           2
 **********
 **********
 **   11 **SET STR           1
 **********
 NOW USING STRATEGY  1: TRY TO BALANCE SPEED AGAINST RELIABILITY
 **********
 **   12 **MIGRAD        1480        0.01
 **********
 FIRST CALL TO USER FUNCTION AT NEW START POINT, WITH IFLAG=4.
 START MIGRAD MINIMIZATION.  STRATEGY  1.  CONVERGENCE WHEN EDM .LT. 1.00e-05
 FCN=17174.5 FROM MIGRAD    STATUS=INITIATE       18 CALLS          19 TOTAL
                     EDM= unknown      STRATEGY= 1      NO ERROR MATRIX       
  EXT PARAMETER               CURRENT GUESS       STEP         FIRST   
  NO.   NAME      VALUE            ERROR          SIZE      DERIVATIVE 
   1  p0           5.58000e+05   1.67400e+05   1.67400e+05  -3.61308e+01
   2  p1           5.65000e-01   1.69500e-01   1.69500e-01  -1.12157e+08
   3  p2           0.00000e+00   3.00000e-01   3.00000e-01   2.06801e+06
   4  p3           9.99871e-04   2.99961e-04   2.99961e-04  -9.80726e+08
                               ERR DEF= 0.5
NO ERROR MATRIX       
 FCN=1319.28 FROM MIGRAD    STATUS=PROGRESS       36 CALLS          37 TOTAL
                     EDM=3982.47    STRATEGY= 1      NO ERROR MATRIX       
  EXT PARAMETER               CURRENT GUESS       STEP         FIRST   
  NO.   NAME      VALUE            ERROR          SIZE      DERIVATIVE 
   1  p0           5.58354e+05   1.67400e+05   3.53523e+02  -2.51053e+00
   2  p1           5.65114e-01   1.69500e-01   1.14003e-04  -7.73512e+06
   3  p2          -2.33903e-03   3.00000e-01  -2.33903e-03  -4.73803e+05
   4  p3           1.00129e-03   2.99961e-04   1.42270e-06   5.03649e+08
                               ERR DEF= 0.5
 MIGRAD MINIMIZATION HAS CONVERGED.
 MIGRAD WILL VERIFY CONVERGENCE AND ERROR MATRIX.
   START COVARIANCE MATRIX CALCULATION.
 EIGENVALUES OF SECOND-DERIVATIVE MATRIX:
         2.5109e-03  3.7554e-01  8.9217e-01  2.7298e+00
 COVARIANCE MATRIX CALCULATED SUCCESSFULLY
 FCN=70.326 FROM HESSE     STATUS=OK             31 CALLS         101 TOTAL
                     EDM=2.88419e-05    STRATEGY= 1      ERROR MATRIX ACCURATE 
  EXT PARAMETER                                   STEP         FIRST   
  NO.   NAME      VALUE            ERROR          SIZE      DERIVATIVE 
   1  p0           5.58475e+05   7.21879e+01   2.66302e-01   5.96869e-05
   2  p1           5.65153e-01   2.32883e-05   2.69486e-07  -1.37295e+02
   3  p2          -9.12875e-06   7.26550e-05   3.44938e-07   1.00688e+01
   4  p3           9.99731e-04   7.36599e-08   4.76709e-10   4.15653e+02
                               ERR DEF= 0.5
 PARAMETER  CORRELATION COEFFICIENTS  
       NO.  GLOBAL      1      2      3      4
        1  0.99749   1.000 -0.996  0.093  0.180
        2  0.99749  -0.996  1.000 -0.048 -0.180
        3  0.70102   0.093 -0.048  1.000  0.471
        4  0.56788   0.180 -0.180  0.471  1.000
 FCN=70.3257 FROM MIGRAD    STATUS=PROGRESS      111 CALLS         112 TOTAL
                     EDM=0.000342199    STRATEGY= 1      ERROR MATRIX ACCURATE 
  EXT PARAMETER                                   STEP         FIRST   
  NO.   NAME      VALUE            ERROR          SIZE      DERIVATIVE 
   1  p0           5.58468e+05   7.21879e+01  -7.68777e+00   1.60432e-04
   2  p1           5.65155e-01   2.32883e-05   2.46783e-06   2.41413e+02
   3  p2          -1.04568e-05   7.26550e-05  -1.32805e-06  -1.77799e+02
   4  p3           9.99729e-04   7.36599e-08  -1.79108e-09  -2.43780e+05
                               ERR DEF= 0.5
 MIGRAD FAILS TO FIND IMPROVEMENT
 MIGRAD MINIMIZATION HAS CONVERGED.
 MIGRAD WILL VERIFY CONVERGENCE AND ERROR MATRIX.
   START COVARIANCE MATRIX CALCULATION.
 EIGENVALUES OF SECOND-DERIVATIVE MATRIX:
         1.8060e-03  4.1515e-01  8.9689e-01  2.6862e+00
 COVARIANCE MATRIX CALCULATED SUCCESSFULLY
 FCN=70.3143 FROM MIGRAD    STATUS=CONVERGED     195 CALLS         196 TOTAL
                     EDM=5.78247e-06    STRATEGY= 1      ERROR MATRIX ACCURATE 
  EXT PARAMETER                                   STEP         FIRST   
  NO.   NAME      VALUE            ERROR          SIZE      DERIVATIVE 
   1  p0           5.58238e+05   8.48478e+01   2.66189e-01  -2.59622e-04
   2  p1           5.65230e-01   2.75266e-05   2.69523e-07  -7.65005e+02
   3  p2           4.19589e-06   6.78020e-05   3.27214e-07   3.88678e+01
   4  p3           9.99731e-04   7.01996e-08   4.76709e-10  -7.97470e+03
                               ERR DEF= 0.5
 EXTERNAL ERROR MATRIX.    NDIM=  25    NPAR=  4    ERR DEF=0.5
  7.199e+03 -2.329e-03 -2.432e-04  8.822e-07 
 -2.329e-03  7.577e-10  1.454e-10 -2.914e-13 
 -2.432e-04  1.454e-10  4.597e-09  1.984e-12 
  8.822e-07 -2.914e-13  1.984e-12  4.928e-15 
 PARAMETER  CORRELATION COEFFICIENTS  
       NO.  GLOBAL      1      2      3      4
        1  0.99818   1.000 -0.997 -0.042  0.148
        2  0.99821  -0.997  1.000  0.078 -0.151
        3  0.66749  -0.042  0.078  1.000  0.417
        4  0.53326   0.148 -0.151  0.417  1.000
 EXTERNAL ERROR MATRIX.    NDIM=   4    NPAR=  4    ERR DEF=0.5
  7.199e+03 -2.329e-03 -2.432e-04  8.822e-07 
 -2.329e-03  7.577e-10  1.454e-10 -2.914e-13 
 -2.432e-04  1.454e-10  4.597e-09  1.984e-12 
  8.822e-07 -2.914e-13  1.984e-12  4.928e-15 
 FCN=70.3143 FROM MIGRAD    STATUS=CONVERGED     195 CALLS         196 TOTAL
                     EDM=5.78247e-06    STRATEGY= 1      ERROR MATRIX ACCURATE 
  EXT PARAMETER                  PARABOLIC         MINOS ERRORS        
  NO.   NAME      VALUE            ERROR      NEGATIVE      POSITIVE   
   1  p0           5.58238e+05   8.48478e+01                            
   2  p1           5.65230e-01   2.75266e-05                            
   3  p2           4.19589e-06   6.78020e-05                            
   4  p3           9.99731e-04   7.01996e-08                            
                               ERR DEF= 0.5
------------------------------------------
Enering ROOFIt-------
 PARAMETER DEFINITIONS:
    NO.   NAME         VALUE      STEP SIZE      LIMITS
     1 norm         5.58238e+05  1.00000e-01     no limits
     2 Q            5.65000e-01  1.00000e-01     no limits
     3 theta        0.00000e+00  1.00000e-01     no limits
     4 pileup       9.99731e-04  1.00000e-01     no limits
 **********
 **    1 **MIGRAD
 **********
 FIRST CALL TO USER FUNCTION AT NEW START POINT, WITH IFLAG=4.
 START MIGRAD MINIMIZATION.  STRATEGY  1.  CONVERGENCE WHEN EDM .LT. 1.00e-04
 FCN=-2.37858e+11 FROM MIGRAD    STATUS=INITIATE       16 CALLS          17 TOTAL
                     EDM= unknown      STRATEGY= 1      NO ERROR MATRIX       
  EXT PARAMETER               CURRENT GUESS       STEP         FIRST   
  NO.   NAME      VALUE            ERROR          SIZE      DERIVATIVE 
   1  norm         5.58238e+05   1.00000e-01   1.00000e-01  -2.71979e+01
   2  Q            5.65000e-01   1.00000e-01   1.00000e-01  -4.09525e+08
   3  theta        0.00000e+00   1.00000e-01   1.00000e-01   1.58443e+06
   4  pileup       9.99731e-04   1.00000e-01   1.00000e-01  -9.18986e+11
 MIGRAD FAILS TO FIND IMPROVEMENT
 MACHINE ACCURACY LIMITS FURTHER IMPROVEMENT.
 MIGRAD MINIMIZATION HAS CONVERGED.
 MIGRAD WILL VERIFY CONVERGENCE AND ERROR MATRIX.
 EIGENVALUES OF SECOND-DERIVATIVE MATRIX:
        -7.1897e-03  5.1408e-01  6.6726e-01  2.8259e+00
 MINUIT WARNING IN HESSE   
 ============== MATRIX FORCED POS-DEF BY ADDING 0.010016 TO DIAGONAL.
 FCN=-2.37858e+11 FROM HESSE     STATUS=NOT POSDEF     31 CALLS         416 TOTAL
                     EDM=26.3857    STRATEGY= 1      ERR MATRIX NOT POS-DEF
  EXT PARAMETER                APPROXIMATE        STEP         FIRST   
  NO.   NAME      VALUE            ERROR          SIZE      DERIVATIVE 
   1  norm         5.58943e+05   1.57852e+01   1.72575e+03   6.12727e-02
   2  Q            5.65002e-01   5.05833e-06   5.54966e-04   1.90984e+05
   3  theta       -1.56058e-05   1.06565e-03   1.85200e-02  -1.05415e+04
   4  pileup       9.99846e-04   1.05571e-07   2.09863e-05   2.65155e+07
 MINUIT WARNING IN MIGRAD  
 ============== Negative diagonal element 2 in Error Matrix
 MINUIT WARNING IN MIGRAD  
 ============== 1 added to diagonal of error matrix
 MIGRAD FAILS TO FIND IMPROVEMENT
 MACHINE ACCURACY LIMITS FURTHER IMPROVEMENT.
 MIGRAD MINIMIZATION HAS CONVERGED.
 MIGRAD WILL VERIFY CONVERGENCE AND ERROR MATRIX.
 EIGENVALUES OF SECOND-DERIVATIVE MATRIX:
        -7.1863e-03  5.1408e-01  6.6728e-01  2.8258e+00
 MINUIT WARNING IN HESSE   
 ============== MATRIX FORCED POS-DEF BY ADDING 0.010012 TO DIAGONAL.
 MIGRAD TERMINATED WITHOUT CONVERGENCE.
 FCN=-2.37858e+11 FROM MIGRAD    STATUS=FAILED        482 CALLS         483 TOTAL
                     EDM=40.5744    STRATEGY= 1      ERR MATRIX NOT POS-DEF
  EXT PARAMETER                APPROXIMATE        STEP         FIRST   
  NO.   NAME      VALUE            ERROR          SIZE      DERIVATIVE 
   1  norm         5.58942e+05   1.57855e+01   1.72576e+03   4.05392e-02
   2  Q            5.65002e-01   5.05841e-06   5.54981e-04   1.26686e+05
   3  theta       -6.23411e-05   1.06566e-03   1.85201e-02  -9.40899e+03
   4  pileup       9.99746e-04   1.05565e-07   2.09875e-05   7.38035e+06
 EXTERNAL ERROR MATRIX.    NDIM=  25    NPAR=  4    ERR DEF=1
  2.492e+02  6.523e-05  1.421e-02 -2.966e-07 
  6.523e-05  2.559e-11  5.363e-09 -1.098e-13 
  1.421e-02  5.363e-09  1.136e-06 -1.814e-11 
 -2.966e-07 -1.098e-13 -1.814e-11  1.114e-14 
ERR MATRIX NOT POS-DEF
 PARAMETER  CORRELATION COEFFICIENTS  
       NO.  GLOBAL      1      2      3      4
        1  0.88957   1.000  0.817  0.844 -0.178
        2  0.99697   0.817  1.000  0.995 -0.206
        3  0.99736   0.844  0.995  1.000 -0.161
        4  0.55686  -0.178 -0.206 -0.161  1.000
 ERR MATRIX NOT POS-DEF
 **********
 **    2 **MIGRAD 
 **********
 START MIGRAD MINIMIZATION.  STRATEGY  1.  CONVERGENCE WHEN EDM .LT. 1.00e-04
 FCN=-2.37858e+11 FROM MIGRAD    STATUS=INITIATE        8 CALLS         491 TOTAL
                     EDM=10.2742    STRATEGY= 1      ERR MATRIX NOT POS-DEF
  EXT PARAMETER                APPROXIMATE        STEP         FIRST   
  NO.   NAME      VALUE            ERROR          SIZE      DERIVATIVE 
   1  norm         5.58942e+05   1.57855e+01   1.72576e+03   3.03025e-02
   2  Q            5.65002e-01   5.05841e-06   5.54981e-04   1.26772e+05
   3  theta       -6.23411e-05   1.06566e-03   1.85201e-02  -6.93913e+03
   4  pileup       9.99746e-04   1.05565e-07   2.09875e-05   2.86825e+06
 MIGRAD FAILS TO FIND IMPROVEMENT
 EIGENVALUES OF SECOND-DERIVATIVE MATRIX:
        -7.1797e-03  5.1408e-01  6.6728e-01  2.8258e+00
 MINUIT WARNING IN HESSE   
 ============== MATRIX FORCED POS-DEF BY ADDING 0.010005 TO DIAGONAL.
 FCN=-2.37858e+11 FROM HESSE     STATUS=NOT POSDEF     31 CALLS         548 TOTAL
                     EDM=0.776209    STRATEGY= 1      ERR MATRIX NOT POS-DEF
  EXT PARAMETER                APPROXIMATE        STEP         FIRST   
  NO.   NAME      VALUE            ERROR          SIZE      DERIVATIVE 
   1  norm         5.58942e+05   1.57850e+01   1.72574e+03   7.57084e-03
   2  Q            5.65002e-01   5.05838e-06   5.54971e-04   2.32153e+04
   3  theta       -3.44758e-05   1.06565e-03   1.85203e-02  -1.75963e+03
   4  pileup       9.99745e-04   1.05565e-07   2.09862e-05   3.70667e+06
 MINUIT WARNING IN MIGRAD  
 ============== Negative diagonal element 2 in Error Matrix
 MINUIT WARNING IN MIGRAD  
 ============== 1 added to diagonal of error matrix
 MIGRAD FAILS TO FIND IMPROVEMENT
 MACHINE ACCURACY LIMITS FURTHER IMPROVEMENT.
 MIGRAD MINIMIZATION HAS CONVERGED.
 MIGRAD WILL VERIFY CONVERGENCE AND ERROR MATRIX.
 EIGENVALUES OF SECOND-DERIVATIVE MATRIX:
        -7.1794e-03  5.1408e-01  6.6728e-01  2.8258e+00
 MINUIT WARNING IN HESSE   
 ============== MATRIX FORCED POS-DEF BY ADDING 0.010005 TO DIAGONAL.
 MIGRAD TERMINATED WITHOUT CONVERGENCE.
 FCN=-2.37858e+11 FROM MIGRAD    STATUS=FAILED        132 CALLS         615 TOTAL
                     EDM=1.2732    STRATEGY= 1      ERR MATRIX NOT POS-DEF
  EXT PARAMETER                APPROXIMATE        STEP         FIRST   
  NO.   NAME      VALUE            ERROR          SIZE      DERIVATIVE 
   1  norm         5.58942e+05   1.57850e+01   1.72575e+03   6.85995e-03
   2  Q            5.65002e-01   5.05838e-06   5.54971e-04   2.09991e+04
   3  theta       -3.62122e-05   1.06565e-03   1.85202e-02  -1.61515e+03
   4  pileup       9.99740e-04   1.05565e-07   2.09861e-05   2.74148e+06
 EXTERNAL ERROR MATRIX.    NDIM=  25    NPAR=  4    ERR DEF=1
  2.492e+02  6.522e-05  1.420e-02 -2.966e-07 
  6.522e-05  2.559e-11  5.362e-09 -1.098e-13 
  1.420e-02  5.362e-09  1.136e-06 -1.814e-11 
 -2.966e-07 -1.098e-13 -1.814e-11  1.114e-14 
ERR MATRIX NOT POS-DEF
 PARAMETER  CORRELATION COEFFICIENTS  
       NO.  GLOBAL      1      2      3      4
        1  0.88956   1.000  0.817  0.844 -0.178
        2  0.99697   0.817  1.000  0.995 -0.206
        3  0.99736   0.844  0.995  1.000 -0.161
        4  0.55687  -0.178 -0.206 -0.161  1.000
 ERR MATRIX NOT POS-DEF
status of the fit-----000------4
1  558942
2  0.565002
3  -3.62122e-05
4  0.00099974
 PARAMETER DEFINITIONS:
    NO.   NAME         VALUE      STEP SIZE      LIMITS
     1 norm         5.58942e+05  1.00000e-01     no limits
     2 Q            5.65002e-01  1.00000e-01     no limits
     3 theta       -3.62122e-05  1.00000e-01     no limits
     4 pileup       9.99740e-04  1.00000e-01     no limits
 **********
 **    3 **MIGRAD
 **********
 FIRST CALL TO USER FUNCTION AT NEW START POINT, WITH IFLAG=4.
 START MIGRAD MINIMIZATION.  STRATEGY  1.  CONVERGENCE WHEN EDM .LT. 1.00e-04
 FCN=-2.37858e+11 FROM MIGRAD    STATUS=INITIATE       16 CALLS         632 TOTAL
                     EDM= unknown      STRATEGY= 1      NO ERROR MATRIX       
  EXT PARAMETER               CURRENT GUESS       STEP         FIRST   
  NO.   NAME      VALUE            ERROR          SIZE      DERIVATIVE 
   1  norm         5.58942e+05   1.00000e-01   1.00000e-01   7.00179e-03
   2  Q            5.65002e-01   1.00000e-01   1.00000e-01   6.80557e+06
   3  theta       -3.62122e-05   1.00000e-01   1.00000e-01   1.39376e+04
   4  pileup       9.99740e-04   1.00000e-01   1.00000e-01  -9.18015e+11
 MIGRAD FAILS TO FIND IMPROVEMENT
 COVARIANCE MATRIX CALCULATED SUCCESSFULLY
 FCN=-2.37858e+11 FROM HESSE     STATUS=OK             29 CALLS         672 TOTAL
                     EDM=14.1648    STRATEGY= 1      ERROR MATRIX ACCURATE 
  EXT PARAMETER                                   STEP         FIRST   
  NO.   NAME      VALUE            ERROR          SIZE      DERIVATIVE 
   1  norm         5.58942e+05   4.09287e+02   2.66525e+00   6.95599e-03
   2  Q            5.65002e-01   3.90595e-05   1.00000e-03   2.09945e+04
   3  theta       -3.62122e-05   3.40892e-03   1.85106e-02  -1.61518e+03
   4  pileup       9.99740e-04   9.24827e-08   1.00000e-02   2.19431e+06
 MIGRAD FAILS TO FIND IMPROVEMENT
 MACHINE ACCURACY LIMITS FURTHER IMPROVEMENT.
 MIGRAD MINIMIZATION HAS CONVERGED.
 MIGRAD WILL VERIFY CONVERGENCE AND ERROR MATRIX.
 EIGENVALUES OF SECOND-DERIVATIVE MATRIX:
        -1.4636e-04  3.7285e-01  8.5093e-01  2.7764e+00
 MINUIT WARNING IN HESSE   
 ============== MATRIX FORCED POS-DEF BY ADDING 0.002923 TO DIAGONAL.
 MIGRAD TERMINATED WITHOUT CONVERGENCE.
 FCN=-2.37858e+11 FROM MIGRAD    STATUS=FAILED        105 CALLS         721 TOTAL
                     EDM=0.0251383    STRATEGY= 1      ERR MATRIX NOT POS-DEF
  EXT PARAMETER                APPROXIMATE        STEP         FIRST   
  NO.   NAME      VALUE            ERROR          SIZE      DERIVATIVE 
   1  norm         5.58942e+05   9.68884e+01   5.33049e+00  -5.32434e-03
   2  Q            5.65002e-01   3.14528e-05   1.02990e-04  -1.73900e+04
   3  theta       -3.39319e-05   1.11392e-04   7.40425e-03  -4.61932e+02
   4  pileup       9.99740e-04   1.03936e-07   2.14099e-05   2.18087e+06
 EXTERNAL ERROR MATRIX.    NDIM=  25    NPAR=  4    ERR DEF=1
  9.387e+03 -3.034e-03 -1.517e-03 -5.718e-07 
 -3.034e-03  9.893e-10  6.735e-10  1.809e-13 
 -1.517e-03  6.735e-10  1.241e-08  5.048e-12 
 -5.718e-07  1.809e-13  5.048e-12  1.080e-14 
ERR MATRIX NOT POS-DEF
 PARAMETER  CORRELATION COEFFICIENTS  
       NO.  GLOBAL      1      2      3      4
        1  0.99721   1.000 -0.996 -0.141 -0.057
        2  0.99726  -0.996  1.000  0.192  0.055
        3  0.71692  -0.141  0.192  1.000  0.436
        4  0.53225  -0.057  0.055  0.436  1.000
 ERR MATRIX NOT POS-DEF
 **********
 **    4 **MIGRAD 
 **********
 START MIGRAD MINIMIZATION.  STRATEGY  1.  CONVERGENCE WHEN EDM .LT. 1.00e-04
 FCN=-2.37858e+11 FROM MIGRAD    STATUS=INITIATE        8 CALLS         729 TOTAL
                     EDM=0.0183023    STRATEGY= 1      ERR MATRIX NOT POS-DEF
  EXT PARAMETER                APPROXIMATE        STEP         FIRST   
  NO.   NAME      VALUE            ERROR          SIZE      DERIVATIVE 
   1  norm         5.58942e+05   9.68884e+01   5.33049e+00  -5.36298e-03
   2  Q            5.65002e-01   3.14528e-05   1.02990e-04  -1.69657e+04
   3  theta       -3.39319e-05   1.11392e-04   7.40425e-03  -6.69146e+01
   4  pileup       9.99740e-04   1.03936e-07   2.14099e-05  -2.51471e+06
 MIGRAD FAILS TO FIND IMPROVEMENT
 MACHINE ACCURACY LIMITS FURTHER IMPROVEMENT.
 MIGRAD MINIMIZATION HAS CONVERGED.
 MIGRAD WILL VERIFY CONVERGENCE AND ERROR MATRIX.
 EIGENVALUES OF SECOND-DERIVATIVE MATRIX:
        -6.8587e-04  3.6674e-01  8.4993e-01  2.7840e+00
 MINUIT WARNING IN HESSE   
 ============== MATRIX FORCED POS-DEF BY ADDING 0.003470 TO DIAGONAL.
 FCN=-2.37858e+11 FROM HESSE     STATUS=NOT POSDEF     29 CALLS         815 TOTAL
                     EDM=0.0124962    STRATEGY= 1      ERR MATRIX NOT POS-DEF
  EXT PARAMETER                APPROXIMATE        STEP         FIRST   
  NO.   NAME      VALUE            ERROR          SIZE      DERIVATIVE 
   1  norm         5.58942e+05   9.60731e+01   1.06610e+03  -5.39877e-03
   2  Q            5.65002e-01   3.16017e-05   9.41563e-05  -1.73840e+04
   3  theta       -3.39303e-05   1.19565e-04   1.85199e-02  -4.40793e+02
   4  pileup       9.99740e-04   1.05131e-07   2.09847e-05   2.18303e+06
 MIGRAD FAILS TO FIND IMPROVEMENT
 MIGRAD TERMINATED WITHOUT CONVERGENCE.
 FCN=-2.37858e+11 FROM MIGRAD    STATUS=FAILED        137 CALLS         858 TOTAL
                     EDM=9.6914e+06    STRATEGY= 1      ERR MATRIX NOT POS-DEF
  EXT PARAMETER                APPROXIMATE        STEP         FIRST   
  NO.   NAME      VALUE            ERROR          SIZE      DERIVATIVE 
   1  norm         5.58942e+05   8.91170e+00  -0.00000e+00  -6.45611e-02
   2  Q            5.65002e-01   7.41710e-09  -0.00000e+00   2.08699e+08
   3  theta       -3.47712e-05   1.09508e-04  -0.00000e+00   1.56316e+04
   4  pileup       9.99730e-04   7.74836e-08   0.00000e+00  -2.84326e+07
 EXTERNAL ERROR MATRIX.    NDIM=  25    NPAR=  4    ERR DEF=1
  7.942e+01  5.777e-09  5.191e-04  1.336e-07 
  5.777e-09  5.501e-17  6.693e-14  3.612e-16 
  5.191e-04  6.693e-14  1.199e-08  5.832e-12 
  1.336e-07  3.612e-16  5.832e-12  6.004e-15 
ERR MATRIX NOT POS-DEF
 PARAMETER  CORRELATION COEFFICIENTS  
       NO.  GLOBAL      1      2      3      4
        1  0.69343   1.000  0.087  0.532  0.193
        2  0.84065   0.087  1.000  0.082  0.628
        3  0.90775   0.532  0.082  1.000  0.687
        4  0.92520   0.193  0.628  0.687  1.000
 ERR MATRIX NOT POS-DEF
status of the fit-----000------4
1  558942
2  0.565002
3  -3.47712e-05
4  0.00099973
 PARAMETER DEFINITIONS:
    NO.   NAME         VALUE      STEP SIZE      LIMITS
     1 norm         5.58942e+05  1.00000e-01     no limits
     2 Q            5.65002e-01  1.00000e-01     no limits
     3 theta       -3.47712e-05  1.00000e-01     no limits
     4 pileup       9.99730e-04  1.00000e-01     no limits
 **********
 **    5 **MIGRAD
 **********
 FIRST CALL TO USER FUNCTION AT NEW START POINT, WITH IFLAG=4.
 START MIGRAD MINIMIZATION.  STRATEGY  1.  CONVERGENCE WHEN EDM .LT. 1.00e-04
 FCN=-2.37858e+11 FROM MIGRAD    STATUS=INITIATE       16 CALLS         875 TOTAL
                     EDM= unknown      STRATEGY= 1      NO ERROR MATRIX       
  EXT PARAMETER               CURRENT GUESS       STEP         FIRST   
  NO.   NAME      VALUE            ERROR          SIZE      DERIVATIVE 
   1  norm         5.58942e+05   1.00000e-01   1.00000e-01   5.72511e-05
   2  Q            5.65002e-01   1.00000e-01   1.00000e-01   6.56983e+06
   3  theta       -3.47712e-05   1.00000e-01   1.00000e-01   1.56154e+04
   4  pileup       9.99730e-04   1.00000e-01   1.00000e-01  -9.18015e+11
 MIGRAD FAILS TO FIND IMPROVEMENT
 COVARIANCE MATRIX CALCULATED SUCCESSFULLY
 FCN=-2.37858e+11 FROM HESSE     STATUS=OK             29 CALLS         915 TOTAL
                     EDM=0.00131065    STRATEGY= 1      ERROR MATRIX ACCURATE 
  EXT PARAMETER                                   STEP         FIRST   
  NO.   NAME      VALUE            ERROR          SIZE      DERIVATIVE 
   1  norm         5.58942e+05   1.66468e+02   2.66524e+00   1.43128e-04
   2  Q            5.65002e-01   1.59069e-05   1.00000e-03  -6.40103e+02
   3  theta       -3.47712e-05   1.39399e-03   1.85108e-02   6.25245e+01
   4  pileup       9.99730e-04   9.24440e-08   1.00000e-02  -5.38277e+05
 MIGRAD FAILS TO FIND IMPROVEMENT
 MACHINE ACCURACY LIMITS FURTHER IMPROVEMENT.
 MIGRAD MINIMIZATION HAS CONVERGED.
 FCN=-2.37858e+11 FROM MIGRAD    STATUS=CONVERGED      64 CALLS         923 TOTAL
                     EDM=0.00131065    STRATEGY= 1      ERROR MATRIX ACCURATE 
  EXT PARAMETER                                   STEP         FIRST   
  NO.   NAME      VALUE            ERROR          SIZE      DERIVATIVE 
   1  norm         5.58942e+05   1.66468e+02   0.00000e+00   1.43128e-04
   2  Q            5.65002e-01   1.59069e-05  -0.00000e+00  -6.40103e+02
   3  theta       -3.47712e-05   1.39399e-03  -0.00000e+00   6.25245e+01
   4  pileup       9.99730e-04   9.24440e-08   0.00000e+00  -5.38277e+05
 EXTERNAL ERROR MATRIX.    NDIM=  25    NPAR=  4    ERR DEF=1
  2.771e+04 -2.644e-03 -2.306e-01 -1.982e-07 
 -2.644e-03  2.530e-10  2.212e-08  1.052e-14 
 -2.306e-01  2.212e-08  1.943e-06  1.884e-12 
 -1.982e-07  1.052e-14  1.884e-12  8.546e-15 
 PARAMETER  CORRELATION COEFFICIENTS  
       NO.  GLOBAL      1      2      3      4
        1  0.99905   1.000 -0.998 -0.994 -0.013
        2  0.99963  -0.998  1.000  0.997  0.007
        3  0.99844  -0.994  0.997  1.000  0.015
        4  0.23274  -0.013  0.007  0.015  1.000
 **********
 **    6 **MIGRAD 
 **********
 START MIGRAD MINIMIZATION.  STRATEGY  1.  CONVERGENCE WHEN EDM .LT. 1.00e-04
 FCN=-2.37858e+11 FROM MIGRAD    STATUS=INITIATE        8 CALLS         931 TOTAL
                     EDM=4.87925    STRATEGY= 1      ERROR MATRIX ACCURATE 
  EXT PARAMETER                                   STEP         FIRST   
  NO.   NAME      VALUE            ERROR          SIZE      DERIVATIVE 
   1  norm         5.58942e+05   1.66468e+02   0.00000e+00   5.72511e-05
   2  Q            5.65002e-01   1.59069e-05  -0.00000e+00  -5.36923e+02
   3  theta       -3.47712e-05   1.39399e-03  -0.00000e+00   2.53009e+03
   4  pileup       9.99730e-04   9.24440e-08   0.00000e+00  -2.95959e+07
 MIGRAD FAILS TO FIND IMPROVEMENT
 MACHINE ACCURACY LIMITS FURTHER IMPROVEMENT.
 MIGRAD MINIMIZATION HAS CONVERGED.
 FCN=-2.37858e+11 FROM MIGRAD    STATUS=CONVERGED      19 CALLS         942 TOTAL
                     EDM=4.87925    STRATEGY= 1      ERROR MATRIX ACCURATE 
  EXT PARAMETER                                   STEP         FIRST   
  NO.   NAME      VALUE            ERROR          SIZE      DERIVATIVE 
   1  norm         5.58942e+05   1.66468e+02   0.00000e+00   5.72511e-05
   2  Q            5.65002e-01   1.59069e-05  -0.00000e+00  -5.36923e+02
   3  theta       -3.47712e-05   1.39399e-03  -0.00000e+00   2.53009e+03
   4  pileup       9.99730e-04   9.24440e-08   0.00000e+00  -2.95959e+07
 EXTERNAL ERROR MATRIX.    NDIM=  25    NPAR=  4    ERR DEF=1
  2.771e+04 -2.644e-03 -2.306e-01 -1.982e-07 
 -2.644e-03  2.530e-10  2.212e-08  1.052e-14 
 -2.306e-01  2.212e-08  1.943e-06  1.884e-12 
 -1.982e-07  1.052e-14  1.884e-12  8.546e-15 
 PARAMETER  CORRELATION COEFFICIENTS  
       NO.  GLOBAL      1      2      3      4
        1  0.99905   1.000 -0.998 -0.994 -0.013
        2  0.99963  -0.998  1.000  0.997  0.007
        3  0.99844  -0.994  0.997  1.000  0.015
        4  0.23274  -0.013  0.007  0.015  1.000
status of the fit-----000------0
1  558942
2  0.565002
3  -3.47712e-05
4  0.00099973
 **********
 **   13 **SET PRINT           2
 **********
 **********
 **   14 **SET NOGRAD
 **********
 PARAMETER DEFINITIONS:
    NO.   NAME         VALUE      STEP SIZE      LIMITS
     1 p0           5.58000e+05  1.67400e+05     no limits
     2 p1           5.65000e-01  1.69500e-01     no limits
     3 p2           0.00000e+00  3.00000e-01     no limits
     4 p3           9.99871e-04  2.99961e-04     no limits
 **********
 **   15 **SET ERR         0.5
 **********
 **********
 **   16 **SET PRINT           2
 **********
 **********
 **   17 **SET STR           1
 **********
 NOW USING STRATEGY  1: TRY TO BALANCE SPEED AGAINST RELIABILITY
 **********
 **   18 **MIGRAD        1480        0.01
 **********
 FIRST CALL TO USER FUNCTION AT NEW START POINT, WITH IFLAG=4.
 START MIGRAD MINIMIZATION.  STRATEGY  1.  CONVERGENCE WHEN EDM .LT. 1.00e-05
 FCN=17594.9 FROM MIGRAD    STATUS=INITIATE       18 CALLS          19 TOTAL
                     EDM= unknown      STRATEGY= 1      NO ERROR MATRIX       
  EXT PARAMETER               CURRENT GUESS       STEP         FIRST   
  NO.   NAME      VALUE            ERROR          SIZE      DERIVATIVE 
   1  p0           5.58000e+05   1.67400e+05   1.67400e+05  -3.65799e+01
   2  p1           5.65000e-01   1.69500e-01   1.69500e-01  -1.13544e+08
   3  p2           0.00000e+00   3.00000e-01   3.00000e-01   2.06646e+06
   4  p3           9.99871e-04   2.99961e-04   2.99961e-04  -1.00933e+09
                               ERR DEF= 0.5
NO ERROR MATRIX       
 FCN=1380.67 FROM MIGRAD    STATUS=PROGRESS       36 CALLS          37 TOTAL
                     EDM=4110.52    STRATEGY= 1      NO ERROR MATRIX       
  EXT PARAMETER               CURRENT GUESS       STEP         FIRST   
  NO.   NAME      VALUE            ERROR          SIZE      DERIVATIVE 
   1  p0           5.58358e+05   1.67400e+05   3.57987e+02  -2.57747e+00
   2  p1           5.65115e-01   1.69500e-01   1.15437e-04  -7.93874e+06
   3  p2          -2.33786e-03   3.00000e-01  -2.33786e-03  -5.00771e+05
   4  p3           1.00134e-03   2.99961e-04   1.46439e-06   4.95127e+08
                               ERR DEF= 0.5
 FCN=62.5388 FROM MIGRAD    STATUS=PROGRESS      170 CALLS         171 TOTAL
                     EDM=0.0384305    STRATEGY= 1  ERROR MATRIX UNCERTAINTY  22.0 per cent
  EXT PARAMETER                APPROXIMATE        STEP         FIRST   
  NO.   NAME      VALUE            ERROR          SIZE      DERIVATIVE 
   1  p0           5.58588e+05   1.23281e+02   9.37545e+01  -2.25389e-02
   2  p1           5.65122e-01   4.14852e-05  -3.06251e-05  -6.76440e+04
   3  p2           1.79459e-04   8.53865e-05  -1.19822e-05  -1.91737e+03
   4  p3           9.99894e-04   7.30291e-08   8.28799e-09   2.39986e+06
                               ERR DEF= 0.5
 MIGRAD FAILS TO FIND IMPROVEMENT
   START COVARIANCE MATRIX CALCULATION.
 EIGENVALUES OF SECOND-DERIVATIVE MATRIX:
         1.0764e-03  4.0583e-01  8.6929e-01  2.7238e+00
 COVARIANCE MATRIX CALCULATED SUCCESSFULLY
 FCN=62.0763 FROM HESSE     STATUS=OK             31 CALLS         290 TOTAL
                     EDM=6.49995e-07    STRATEGY= 1      ERROR MATRIX ACCURATE 
  EXT PARAMETER                                   STEP         FIRST   
  NO.   NAME      VALUE            ERROR          SIZE      DERIVATIVE 
   1  p0           5.59996e+05   1.10651e+02   2.67027e-01   1.13323e-05
   2  p1           5.64669e-01   3.54848e-05   2.69255e-07   6.02990e+01
   3  p2           1.10953e-04   7.27551e-05   3.02371e-07  -1.01126e+01
   4  p3           9.99881e-04   6.87038e-08   4.76781e-10   1.85342e+03
                               ERR DEF= 0.5
 PARAMETER  CORRELATION COEFFICIENTS  
       NO.  GLOBAL      1      2      3      4
        1  0.99892   1.000 -0.998  0.134  0.218
        2  0.99892  -0.998  1.000 -0.103 -0.219
        3  0.68825   0.134 -0.103  1.000  0.411
        4  0.52711   0.218 -0.219  0.411  1.000
 FCN=62.0763 FROM MIGRAD    STATUS=PROGRESS      304 CALLS         305 TOTAL
                     EDM=5.45393e-08    STRATEGY= 1      ERROR MATRIX ACCURATE 
  EXT PARAMETER                                   STEP         FIRST   
  NO.   NAME      VALUE            ERROR          SIZE      DERIVATIVE 
   1  p0           5.59996e+05   1.10651e+02   9.43374e-05   1.63101e-05
   2  p1           5.64669e-01   3.54848e-05  -2.96940e-11   5.29257e+01
   3  p2           1.10953e-04   7.27551e-05   4.78217e-11  -5.26985e+00
   4  p3           9.99881e-04   6.87038e-08   2.27947e-14   4.29532e+03
                               ERR DEF= 0.5
 MIGRAD MINIMIZATION HAS CONVERGED.
 FCN=62.0763 FROM MIGRAD    STATUS=CONVERGED     304 CALLS         305 TOTAL
                     EDM=5.45393e-08    STRATEGY= 1  ERROR MATRIX UNCERTAINTY 100.0 per cent
  EXT PARAMETER                                   STEP         FIRST   
  NO.   NAME      VALUE            ERROR          SIZE      DERIVATIVE 
   1  p0           5.59996e+05   4.83501e+01   9.43374e-05   1.63101e-05
   2  p1           5.64669e-01   1.63111e-05  -2.96940e-11   5.29257e+01
   3  p2           1.10953e-04   6.19668e-05   4.78217e-11  -5.26985e+00
   4  p3           9.99881e-04   5.98186e-08   2.27947e-14   4.29532e+03
                               ERR DEF= 0.5
 EXTERNAL ERROR MATRIX.    NDIM=  25    NPAR=  4    ERR DEF=0.5
  2.338e+03 -7.832e-04 -2.714e-03 -1.709e-06 
 -7.832e-04  2.661e-10  9.364e-10  5.307e-13 
 -2.714e-03  9.364e-10  3.840e-09  7.650e-13 
 -1.709e-06  5.307e-13  7.650e-13  3.578e-15 
 PARAMETER  CORRELATION COEFFICIENTS  
       NO.  GLOBAL      1      2      3      4
        1  0.99663   1.000 -0.993 -0.906 -0.591
        2  0.99556  -0.993  1.000  0.926  0.544
        3  0.99463  -0.906  0.926  1.000  0.206
        4  0.97799  -0.591  0.544  0.206  1.000
 EXTERNAL ERROR MATRIX.    NDIM=   4    NPAR=  4    ERR DEF=0.5
  2.338e+03 -7.832e-04 -2.714e-03 -1.709e-06 
 -7.832e-04  2.661e-10  9.364e-10  5.307e-13 
 -2.714e-03  9.364e-10  3.840e-09  7.650e-13 
 -1.709e-06  5.307e-13  7.650e-13  3.578e-15 
 FCN=62.0763 FROM MIGRAD    STATUS=CONVERGED     304 CALLS         305 TOTAL
                     EDM=5.45393e-08    STRATEGY= 1  ERROR MATRIX UNCERTAINTY 100.0 per cent
  EXT PARAMETER                  PARABOLIC         MINOS ERRORS        
  NO.   NAME      VALUE            ERROR      NEGATIVE      POSITIVE   
   1  p0           5.59996e+05   4.83501e+01                            
   2  p1           5.64669e-01   1.63111e-05                            
   3  p2           1.10953e-04   6.19668e-05                            
   4  p3           9.99881e-04   5.98186e-08                            
                               ERR DEF= 0.5
------------------------------------------
Enering ROOFIt-------
 PARAMETER DEFINITIONS:
    NO.   NAME         VALUE      STEP SIZE      LIMITS
     1 norm         5.59996e+05  1.00000e-01     no limits
     2 Q            5.65000e-01  1.00000e-01     no limits
     3 theta        0.00000e+00  1.00000e-01     no limits
     4 pileup       9.99881e-04  1.00000e-01     no limits
 **********
 **    1 **MIGRAD
 **********
 FIRST CALL TO USER FUNCTION AT NEW START POINT, WITH IFLAG=4.
 START MIGRAD MINIMIZATION.  STRATEGY  1.  CONVERGENCE WHEN EDM .LT. 1.00e-04
 FCN=-2.37864e+11 FROM MIGRAD    STATUS=INITIATE       16 CALLS          17 TOTAL
                     EDM= unknown      STRATEGY= 1      NO ERROR MATRIX       
  EXT PARAMETER               CURRENT GUESS       STEP         FIRST   
  NO.   NAME      VALUE            ERROR          SIZE      DERIVATIVE 
   1  norm         5.59996e+05   1.00000e-01   1.00000e-01   3.94407e+01
   2  Q            5.65000e-01   1.00000e-01   1.00000e-01   6.13734e+08
   3  theta        0.00000e+00   1.00000e-01   1.00000e-01  -2.29110e+06
   4  pileup       9.99881e-04   1.00000e-01   1.00000e-01  -9.16605e+11
 MIGRAD FAILS TO FIND IMPROVEMENT
 EIGENVALUES OF SECOND-DERIVATIVE MATRIX:
        -3.0218e-04  3.8458e-01  9.1703e-01  2.6987e+00
 MINUIT WARNING IN HESSE   
 ============== MATRIX FORCED POS-DEF BY ADDING 0.003001 TO DIAGONAL.
 FCN=-2.37864e+11 FROM HESSE     STATUS=NOT POSDEF     27 CALLS          55 TOTAL
                     EDM=2.59399e+06    STRATEGY= 1      ERR MATRIX NOT POS-DEF
  EXT PARAMETER                APPROXIMATE        STEP         FIRST   
  NO.   NAME      VALUE            ERROR          SIZE      DERIVATIVE 
   1  norm         5.59996e+05   6.91571e+01   2.67027e+00   3.94406e+01
   2  Q            5.65000e-01   6.52610e-06   1.00000e-03   1.22879e+08
   3  theta        0.00000e+00   5.75329e-04   1.85035e-02  -2.30607e+06
   4  pileup       9.99881e-04   9.23139e-08   1.00000e-02   1.11658e+09
 MIGRAD FAILS TO FIND IMPROVEMENT
 MACHINE ACCURACY LIMITS FURTHER IMPROVEMENT.
 MIGRAD MINIMIZATION HAS CONVERGED.
 MIGRAD WILL VERIFY CONVERGENCE AND ERROR MATRIX.
 EIGENVALUES OF SECOND-DERIVATIVE MATRIX:
        -5.0893e-01  3.3559e-01  7.1283e-01  3.4605e+00
 MINUIT WARNING IN HESSE   
 ============== MATRIX FORCED POS-DEF BY ADDING 0.512387 TO DIAGONAL.
 MIGRAD TERMINATED WITHOUT CONVERGENCE.
 FCN=-2.37864e+11 FROM MIGRAD    STATUS=FAILED        326 CALLS         327 TOTAL
                     EDM=16.9339    STRATEGY= 1      ERR MATRIX NOT POS-DEF
  EXT PARAMETER                APPROXIMATE        STEP         FIRST   
  NO.   NAME      VALUE            ERROR          SIZE      DERIVATIVE 
   1  norm         5.58753e+05   5.28464e+01   1.72518e+03  -4.50061e-02
   2  Q            5.65068e-01   4.97056e-06   5.54967e-04  -1.34156e+05
   3  theta        1.95589e-04   5.96586e-04   1.85663e-02  -5.53039e+03
   4  pileup       1.00000e-03   1.81908e-07   2.09876e-05   2.39058e+07
 EXTERNAL ERROR MATRIX.    NDIM=  25    NPAR=  4    ERR DEF=1
  2.793e+03 -2.607e-04 -3.089e-02  8.599e-06 
 -2.607e-04  2.471e-11  2.943e-09 -8.193e-13 
 -3.089e-02  2.943e-09  3.559e-07 -9.596e-11 
  8.599e-06 -8.193e-13 -9.596e-11  3.309e-14 
ERR MATRIX NOT POS-DEF
 PARAMETER  CORRELATION COEFFICIENTS  
       NO.  GLOBAL      1      2      3      4
        1  0.99377   1.000 -0.992 -0.980  0.894
        2  0.99811  -0.992  1.000  0.993 -0.906
        3  0.99434  -0.980  0.993  1.000 -0.884
        4  0.91913   0.894 -0.906 -0.884  1.000
 ERR MATRIX NOT POS-DEF
 **********
 **    2 **MIGRAD 
 **********
 START MIGRAD MINIMIZATION.  STRATEGY  1.  CONVERGENCE WHEN EDM .LT. 1.00e-04
 FCN=-2.37864e+11 FROM MIGRAD    STATUS=INITIATE        8 CALLS         335 TOTAL
                     EDM=2.52572    STRATEGY= 1      ERR MATRIX NOT POS-DEF
  EXT PARAMETER                APPROXIMATE        STEP         FIRST   
  NO.   NAME      VALUE            ERROR          SIZE      DERIVATIVE 
   1  norm         5.58753e+05   5.28464e+01   1.72518e+03  -5.52454e-02
   2  Q            5.65068e-01   4.97056e-06   5.54967e-04  -1.34114e+05
   3  theta        1.95589e-04   5.96586e-04   1.85663e-02  -3.06554e+03
   4  pileup       1.00000e-03   1.81908e-07   2.09876e-05   1.93961e+07
 MIGRAD FAILS TO FIND IMPROVEMENT
 MACHINE ACCURACY LIMITS FURTHER IMPROVEMENT.
 MIGRAD MINIMIZATION HAS CONVERGED.
 MIGRAD WILL VERIFY CONVERGENCE AND ERROR MATRIX.
 EIGENVALUES OF SECOND-DERIVATIVE MATRIX:
        -7.1339e-04  3.6640e-01  8.5022e-01  2.7841e+00
 MINUIT WARNING IN HESSE   
 ============== MATRIX FORCED POS-DEF BY ADDING 0.003497 TO DIAGONAL.
 FCN=-2.37864e+11 FROM HESSE     STATUS=NOT POSDEF     29 CALLS         406 TOTAL
                     EDM=0.0514366    STRATEGY= 1      ERR MATRIX NOT POS-DEF
  EXT PARAMETER                APPROXIMATE        STEP         FIRST   
  NO.   NAME      VALUE            ERROR          SIZE      DERIVATIVE 
   1  norm         5.58758e+05   9.60509e+01   1.72518e+03   5.01868e-02
   2  Q            5.65068e-01   3.15986e-05   8.94260e-05   1.60826e+05
   3  theta        1.77213e-04   1.19621e-04   1.85663e-02  -4.61962e+03
   4  pileup       9.99894e-04   1.05034e-07   2.09875e-05   3.84581e+06
 MINUIT WARNING IN MIGRAD  
 ============== Negative diagonal element 2 in Error Matrix
 MINUIT WARNING IN MIGRAD  
 ============== 1 added to diagonal of error matrix
 MIGRAD FAILS TO FIND IMPROVEMENT
 MIGRAD TERMINATED WITHOUT CONVERGENCE.
 FCN=-2.37864e+11 FROM MIGRAD    STATUS=FAILED        124 CALLS         451 TOTAL
                     EDM=3.30184e+09    STRATEGY= 1      ERR MATRIX NOT POS-DEF
  EXT PARAMETER                APPROXIMATE        STEP         FIRST   
  NO.   NAME      VALUE            ERROR          SIZE      DERIVATIVE 
   1  norm         5.58764e+05   9.45519e+00  -0.00000e+00  -7.50541e-02
   2  Q            5.65066e-01   1.00000e+00  -0.00000e+00   3.77663e+09
   3  theta        1.78709e-04   1.00000e+00  -0.00000e+00   1.58872e+04
   4  pileup       9.99883e-04   1.00000e+00   0.00000e+00  -2.91057e+07
 EXTERNAL ERROR MATRIX.    NDIM=  25    NPAR=  4    ERR DEF=1
  8.940e+01 -5.319e-10  5.163e-04 -1.122e-07 
 -5.319e-10  1.000e+00 -1.694e-15  1.638e-17 
  5.163e-04 -1.694e-15  1.000e+00  5.276e-12 
 -1.122e-07  1.638e-17  5.276e-12  1.000e+00 
ERR MATRIX NOT POS-DEF
 PARAMETER  CORRELATION COEFFICIENTS  
       NO.  GLOBAL      1      2      3      4
        1  0.00005   1.000 -0.000  0.000 -0.000
        2  0.00000  -0.000  1.000 -0.000  0.000
        3  0.00005   0.000 -0.000  1.000  0.000
        4  0.00000  -0.000  0.000  0.000  1.000
 ERR MATRIX NOT POS-DEF
status of the fit-----000------4
1  558764
2  0.565066
3  0.000178709
4  0.000999883
 PARAMETER DEFINITIONS:
    NO.   NAME         VALUE      STEP SIZE      LIMITS
     1 norm         5.58764e+05  1.00000e-01     no limits
     2 Q            5.65066e-01  1.00000e-01     no limits
     3 theta        1.78709e-04  1.00000e-01     no limits
     4 pileup       9.99883e-04  1.00000e-01     no limits
 **********
 **    3 **MIGRAD
 **********
 FIRST CALL TO USER FUNCTION AT NEW START POINT, WITH IFLAG=4.
 START MIGRAD MINIMIZATION.  STRATEGY  1.  CONVERGENCE WHEN EDM .LT. 1.00e-04
 FCN=-2.37864e+11 FROM MIGRAD    STATUS=INITIATE       16 CALLS         468 TOTAL
                     EDM= unknown      STRATEGY= 1      NO ERROR MATRIX       
  EXT PARAMETER               CURRENT GUESS       STEP         FIRST   
  NO.   NAME      VALUE            ERROR          SIZE      DERIVATIVE 
   1  norm         5.58764e+05   1.00000e-01   1.00000e-01  -1.04173e-02
   2  Q            5.65066e-01   1.00000e-01   1.00000e-01   6.12300e+06
   3  theta        1.78709e-04   1.00000e-01   1.00000e-01   1.58706e+04
   4  pileup       9.99883e-04   1.00000e-01   1.00000e-01  -9.18007e+11
 MIGRAD FAILS TO FIND IMPROVEMENT
 COVARIANCE MATRIX CALCULATED SUCCESSFULLY
 FCN=-2.37864e+11 FROM HESSE     STATUS=OK             29 CALLS         508 TOTAL
                     EDM=2.046    STRATEGY= 1      ERROR MATRIX ACCURATE 
  EXT PARAMETER                                   STEP         FIRST   
  NO.   NAME      VALUE            ERROR          SIZE      DERIVATIVE 
   1  norm         5.58764e+05   2.66140e+02   2.66440e+00  -1.05375e-02
   2  Q            5.65066e-01   2.54193e-05   1.00000e-03  -2.82026e+04
   3  theta        1.78709e-04   2.22648e-03   1.85549e-02   3.47981e+02
   4  pileup       9.99883e-04   9.24569e-08   1.00000e-02  -1.21545e+06
 EIGENVALUES OF SECOND-DERIVATIVE MATRIX:
        -5.6490e-02 -1.9997e-02  4.9741e-01  3.5791e+00
 MINUIT WARNING IN MIGRAD  
 ============== MATRIX FORCED POS-DEF BY ADDING 0.060069 TO DIAGONAL.
 MIGRAD FAILS TO FIND IMPROVEMENT
 MIGRAD TERMINATED WITHOUT CONVERGENCE.
 FCN=-2.37864e+11 FROM MIGRAD    STATUS=FAILED        102 CALLS         554 TOTAL
                     EDM=2.00529e+09    STRATEGY= 1  ERROR MATRIX UNCERTAINTY 100.0 per cent
  EXT PARAMETER                APPROXIMATE        STEP         FIRST   
  NO.   NAME      VALUE            ERROR          SIZE      DERIVATIVE 
   1  norm         5.58765e+05   9.38873e+00   0.00000e+00  -3.36972e-03
   2  Q            5.65066e-01   3.48672e-10  -0.00000e+00   3.77674e+09
   3  theta        1.77392e-04   1.02442e-04  -0.00000e+00   1.52112e+04
   4  pileup       9.99883e-04   7.78745e-09   0.00000e+00  -2.87794e+07
 EXTERNAL ERROR MATRIX.    NDIM=  25    NPAR=  4    ERR DEF=1
  8.815e+01 -1.938e-09  5.552e-04  5.555e-08 
 -1.938e-09  1.216e-19 -3.450e-14 -2.633e-18 
  5.552e-04 -3.450e-14  1.049e-08  7.557e-13 
  5.555e-08 -2.633e-18  7.557e-13  6.064e-17 
ERR MATRIX APPROXIMATE
 PARAMETER  CORRELATION COEFFICIENTS  
       NO.  GLOBAL      1      2      3      4
        1  0.96997   1.000 -0.592  0.577  0.760
        2  0.99500  -0.592  1.000 -0.966 -0.970
        3  0.97244   0.577 -0.966  1.000  0.947
        4  0.99736   0.760 -0.970  0.947  1.000
 ERR MATRIX APPROXIMATE
 **********
 **    4 **MIGRAD 
 **********
 START MIGRAD MINIMIZATION.  STRATEGY  1.  CONVERGENCE WHEN EDM .LT. 1.00e-04
 FCN=-2.37864e+11 FROM MIGRAD    STATUS=INITIATE       12 CALLS         566 TOTAL
                     EDM=141.631    STRATEGY= 1  ERROR MATRIX UNCERTAINTY 100.0 per cent
  EXT PARAMETER                APPROXIMATE        STEP         FIRST   
  NO.   NAME      VALUE            ERROR          SIZE      DERIVATIVE 
   1  norm         5.58765e+05   9.38873e+00   0.00000e+00  -9.47262e-03
   2  Q            5.65066e-01   3.48672e-10  -0.00000e+00  -6.02752e+03
   3  theta        1.77392e-04   1.02442e-04  -0.00000e+00   1.52107e+04
   4  pileup       9.99883e-04   7.78745e-09   0.00000e+00  -2.87796e+07
 MIGRAD FAILS TO FIND IMPROVEMENT
 MACHINE ACCURACY LIMITS FURTHER IMPROVEMENT.
 MIGRAD MINIMIZATION HAS CONVERGED.
 MIGRAD WILL VERIFY CONVERGENCE AND ERROR MATRIX.
 EIGENVALUES OF SECOND-DERIVATIVE MATRIX:
        -6.3415e-04  3.6659e-01  8.4982e-01  2.7842e+00
 MINUIT WARNING IN HESSE   
 ============== MATRIX FORCED POS-DEF BY ADDING 0.003418 TO DIAGONAL.
 FCN=-2.37864e+11 FROM HESSE     STATUS=NOT POSDEF     29 CALLS         606 TOTAL
                     EDM=0.00413184    STRATEGY= 1      ERR MATRIX NOT POS-DEF
  EXT PARAMETER                APPROXIMATE        STEP         FIRST   
  NO.   NAME      VALUE            ERROR          SIZE      DERIVATIVE 
   1  norm         5.58765e+05   9.60419e+01   5.32879e+02  -3.31517e-03
   2  Q            5.65066e-01   3.15989e-05   9.00765e-05  -6.07123e+03
   3  theta        1.77392e-04   1.19891e-04   1.85642e-02  -3.27402e+02
   4  pileup       9.99883e-04   1.05215e-07   2.09859e-05  -3.45826e+05
 MINUIT WARNING IN MIGRAD  
 ============== Negative diagonal element 1 in Error Matrix
 MINUIT WARNING IN MIGRAD  
 ============== Negative diagonal element 2 in Error Matrix
 MINUIT WARNING IN MIGRAD  
 ============== Negative diagonal element 3 in Error Matrix
 MINUIT WARNING IN MIGRAD  
 ============== Negative diagonal element 4 in Error Matrix
 MINUIT WARNING IN MIGRAD  
 ============== 226213 added to diagonal of error matrix
 MIGRAD FAILS TO FIND IMPROVEMENT
 MACHINE ACCURACY LIMITS FURTHER IMPROVEMENT.
 MIGRAD MINIMIZATION HAS CONVERGED.
 MIGRAD WILL VERIFY CONVERGENCE AND ERROR MATRIX.
 EIGENVALUES OF SECOND-DERIVATIVE MATRIX:
        -3.7268e-04  3.7198e-01  8.5157e-01  2.7768e+00
 MINUIT WARNING IN HESSE   
 ============== MATRIX FORCED POS-DEF BY ADDING 0.003150 TO DIAGONAL.
 MIGRAD TERMINATED WITHOUT CONVERGENCE.
 FCN=-2.37864e+11 FROM MIGRAD    STATUS=FAILED        101 CALLS         655 TOTAL
                     EDM=0.0512958    STRATEGY= 1      ERR MATRIX NOT POS-DEF
  EXT PARAMETER                APPROXIMATE        STEP         FIRST   
  NO.   NAME      VALUE            ERROR          SIZE      DERIVATIVE 
   1  norm         5.58808e+05   9.69499e+01   2.13152e+02   1.91863e-02
   2  Q            5.65052e-01   3.14232e-05   1.80153e-04   6.31749e+04
   3  theta        1.87805e-04   1.11092e-04   7.42568e-03  -4.65530e+02
   4  pileup       9.99898e-04   1.04010e-07   8.39434e-06   2.61724e+06
 EXTERNAL ERROR MATRIX.    NDIM=  25    NPAR=  4    ERR DEF=1
  9.399e+03 -3.033e-03 -1.178e-03 -4.271e-07 
 -3.033e-03  9.874e-10  5.624e-10  1.339e-13 
 -1.178e-03  5.624e-10  1.234e-08  5.049e-12 
 -4.271e-07  1.339e-13  5.049e-12  1.082e-14 
ERR MATRIX NOT POS-DEF
 PARAMETER  CORRELATION COEFFICIENTS  
       NO.  GLOBAL      1      2      3      4
        1  0.99721   1.000 -0.996 -0.109 -0.042
        2  0.99726  -0.996  1.000  0.161  0.041
        3  0.71390  -0.109  0.161  1.000  0.437
        4  0.53319  -0.042  0.041  0.437  1.000
 ERR MATRIX NOT POS-DEF
status of the fit-----000------4
1  558808
2  0.565052
3  0.000187805
4  0.000999898
 PARAMETER DEFINITIONS:
    NO.   NAME         VALUE      STEP SIZE      LIMITS
     1 norm         5.58808e+05  1.00000e-01     no limits
     2 Q            5.65052e-01  1.00000e-01     no limits
     3 theta        1.87805e-04  1.00000e-01     no limits
     4 pileup       9.99898e-04  1.00000e-01     no limits
 **********
 **    5 **MIGRAD
 **********
 FIRST CALL TO USER FUNCTION AT NEW START POINT, WITH IFLAG=4.
 START MIGRAD MINIMIZATION.  STRATEGY  1.  CONVERGENCE WHEN EDM .LT. 1.00e-04
 FCN=-2.37864e+11 FROM MIGRAD    STATUS=INITIATE       16 CALLS         672 TOTAL
                     EDM= unknown      STRATEGY= 1      NO ERROR MATRIX       
  EXT PARAMETER               CURRENT GUESS       STEP         FIRST   
  NO.   NAME      VALUE            ERROR          SIZE      DERIVATIVE 
   1  norm         5.58808e+05   1.00000e-01   1.00000e-01   1.92467e-02
   2  Q            5.65052e-01   1.00000e-01   1.00000e-01   6.50818e+06
   3  theta        1.87805e-04   1.00000e-01   1.00000e-01   1.50848e+04
   4  pileup       9.99898e-04   1.00000e-01   1.00000e-01  -9.18006e+11
 MIGRAD FAILS TO FIND IMPROVEMENT
 EIGENVALUES OF SECOND-DERIVATIVE MATRIX:
        -1.4638e-04  3.8522e-01  9.1681e-01  2.6981e+00
 MINUIT WARNING IN HESSE   
 ============== MATRIX FORCED POS-DEF BY ADDING 0.002844 TO DIAGONAL.
 FCN=-2.37864e+11 FROM HESSE     STATUS=NOT POSDEF     29 CALLS         712 TOTAL
                     EDM=0.345327    STRATEGY= 1      ERR MATRIX NOT POS-DEF
  EXT PARAMETER                APPROXIMATE        STEP         FIRST   
  NO.   NAME      VALUE            ERROR          SIZE      DERIVATIVE 
   1  norm         5.58808e+05   6.89527e+01   2.66460e+00   1.92123e-02
   2  Q            5.65052e-01   6.53138e-06   1.00000e-03   6.31741e+04
   3  theta        1.87805e-04   5.78197e-04   1.85452e-02  -4.44718e+02
   4  pileup       9.99898e-04   9.23009e-08   1.00000e-02   2.03174e+06
 MIGRAD FAILS TO FIND IMPROVEMENT
 MACHINE ACCURACY LIMITS FURTHER IMPROVEMENT.
 MIGRAD MINIMIZATION HAS CONVERGED.
 MIGRAD WILL VERIFY CONVERGENCE AND ERROR MATRIX.
 EIGENVALUES OF SECOND-DERIVATIVE MATRIX:
        -1.2140e-04  3.7263e-01  8.5096e-01  2.7765e+00
 MINUIT WARNING IN HESSE   
 ============== MATRIX FORCED POS-DEF BY ADDING 0.002898 TO DIAGONAL.
 MIGRAD TERMINATED WITHOUT CONVERGENCE.
 FCN=-2.37864e+11 FROM MIGRAD    STATUS=FAILED        103 CALLS         759 TOTAL
                     EDM=0.0461361    STRATEGY= 1      ERR MATRIX NOT POS-DEF
  EXT PARAMETER                APPROXIMATE        STEP         FIRST   
  NO.   NAME      VALUE            ERROR          SIZE      DERIVATIVE 
   1  norm         5.58808e+05   9.68564e+01   5.32921e+00   7.50168e-03
   2  Q            5.65052e-01   3.14511e-05   1.02992e-04   2.66916e+04
   3  theta        1.89920e-04   1.11639e-04   7.41807e-03   6.41982e+02
   4  pileup       9.99898e-04   1.03959e-07   2.14103e-05   2.03971e+06
 EXTERNAL ERROR MATRIX.    NDIM=  25    NPAR=  4    ERR DEF=1
  9.381e+03 -3.033e-03 -1.527e-03 -5.663e-07 
 -3.033e-03  9.892e-10  6.770e-10  1.792e-13 
 -1.527e-03  6.770e-10  1.246e-08  5.063e-12 
 -5.663e-07  1.792e-13  5.063e-12  1.081e-14 
ERR MATRIX NOT POS-DEF
 PARAMETER  CORRELATION COEFFICIENTS  
       NO.  GLOBAL      1      2      3      4
        1  0.99721   1.000 -0.996 -0.141 -0.056
        2  0.99726  -0.996  1.000  0.193  0.055
        3  0.71716  -0.141  0.193  1.000  0.436
        4  0.53246  -0.056  0.055  0.436  1.000
 ERR MATRIX NOT POS-DEF
 **********
 **    6 **MIGRAD 
 **********
 START MIGRAD MINIMIZATION.  STRATEGY  1.  CONVERGENCE WHEN EDM .LT. 1.00e-04
 FCN=-2.37864e+11 FROM MIGRAD    STATUS=INITIATE        8 CALLS         767 TOTAL
                     EDM=0.0230904    STRATEGY= 1      ERR MATRIX NOT POS-DEF
  EXT PARAMETER                APPROXIMATE        STEP         FIRST   
  NO.   NAME      VALUE            ERROR          SIZE      DERIVATIVE 
   1  norm         5.58808e+05   9.68564e+01   5.32921e+00   7.50598e-03
   2  Q            5.65052e-01   3.14511e-05   1.02992e-04   2.69008e+04
   3  theta        1.89920e-04   1.11639e-04   7.41807e-03   1.03573e+03
   4  pileup       9.99898e-04   1.03959e-07   2.14103e-05  -2.65466e+06
 MINUIT WARNING IN MIGRAD  
 ============== Negative diagonal element 2 in Error Matrix
 MINUIT WARNING IN MIGRAD  
 ============== 1 added to diagonal of error matrix
 MIGRAD FAILS TO FIND IMPROVEMENT
 EIGENVALUES OF SECOND-DERIVATIVE MATRIX:
        -4.6190e-01  3.4731e-01  6.9805e-01  3.4165e+00
 MINUIT WARNING IN HESSE   
 ============== MATRIX FORCED POS-DEF BY ADDING 0.465312 TO DIAGONAL.
 FCN=-2.37864e+11 FROM HESSE     STATUS=NOT POSDEF     29 CALLS         829 TOTAL
                     EDM=0.0115171    STRATEGY= 1      ERR MATRIX NOT POS-DEF
  EXT PARAMETER                APPROXIMATE        STEP         FIRST   
  NO.   NAME      VALUE            ERROR          SIZE      DERIVATIVE 
   1  norm         5.58808e+05   4.52573e+01   1.06584e+02   7.50383e-03
   2  Q            5.65052e-01   5.26279e-06   5.54948e-04   2.66620e+04
   3  theta        1.89918e-04   6.70130e-04   1.85548e-02   6.61386e+02
   4  pileup       9.99898e-04   1.86778e-07   2.09874e-05   2.04355e+06
 MINUIT WARNING IN MIGRAD  
 ============== Negative diagonal element 2 in Error Matrix
 MINUIT WARNING IN MIGRAD  
 ============== 1 added to diagonal of error matrix
 MIGRAD FAILS TO FIND IMPROVEMENT
 MIGRAD TERMINATED WITHOUT CONVERGENCE.
 FCN=-2.37864e+11 FROM MIGRAD    STATUS=FAILED        106 CALLS         865 TOTAL
                     EDM=2.28441e+07    STRATEGY= 1      ERR MATRIX NOT POS-DEF
  EXT PARAMETER                APPROXIMATE        STEP         FIRST   
  NO.   NAME      VALUE            ERROR          SIZE      DERIVATIVE 
   1  norm         5.58808e+05   6.51463e+00  -0.00000e+00  -4.70444e-02
   2  Q            5.65052e-01   1.00000e+00  -0.00000e+00   3.45456e+09
   3  theta        1.82921e-04   1.00000e+00  -0.00000e+00   1.46103e+04
   4  pileup       9.99894e-04   1.00000e+00   0.00000e+00  -2.64395e+07
 EXTERNAL ERROR MATRIX.    NDIM=  25    NPAR=  4    ERR DEF=1
  4.244e+01  5.442e-10  1.554e-04  5.411e-08 
  5.442e-10  1.000e+00  1.173e-15  2.449e-18 
  1.554e-04  1.173e-15  1.000e+00  2.935e-12 
  5.411e-08  2.449e-18  2.935e-12  1.000e+00 
ERR MATRIX NOT POS-DEF
 PARAMETER  CORRELATION COEFFICIENTS  
       NO.  GLOBAL      1      2      3      4
        1  0.00002   1.000  0.000  0.000  0.000
        2  0.00000   0.000  1.000  0.000  0.000
        3  0.00002   0.000  0.000  1.000  0.000
        4  0.00000   0.000  0.000  0.000  1.000
 ERR MATRIX NOT POS-DEF
status of the fit-----000------4
1  558808
2  0.565052
3  0.000182921
4  0.000999894
