  *******************************************
  *                                         *
  *        W E L C O M E  to  R O O T       *
  *                                         *
  *   Version   5.34/36      5 April 2016   *
  *                                         *
  *  You are welcome to visit our Web site  *
  *          http://root.cern.ch            *
  *                                         *
  *******************************************

ROOT 5.34/36 (v5-34-36@v5-34-36, Apr 05 2016, 10:25:45 on linuxx8664gcc)

CINT/ROOT C/C++ Interpreter version 5.18.00, July 2, 2010
Type ? for help. Commands must be C++ statements.
Enclose multiple statements between { }.
Loading root init file.
The rat/rootinit.C file loaded the DEAP style for you, which is available from the fStyle pointer.
DEAP style applied. 
RAT: Libraries loaded.

Processing /home/fatemigh/projects/rpp-jillings/fatemigh/sterile/Likelihood/LikelihoodSterile_modified6.C+(1)...
pased here
566 lines read from file
31
spec_E  566
Before entering fitting
 **********
 **    1 **SET PRINT           2
 **********
 **********
 **    2 **SET NOGRAD
 **********
 PARAMETER DEFINITIONS:
    NO.   NAME         VALUE      STEP SIZE      LIMITS
     1 p0           5.58000e+05  1.67400e+05     no limits
     2 p1           5.65000e-01  1.69500e-01     no limits
     3 p2           0.00000e+00  3.00000e-01     no limits
     4 p3           9.99871e-04  2.99961e-04     no limits
 **********
 **    3 **SET ERR         0.5
 **********
 **********
 **    4 **SET PRINT           2
 **********
 **********
 **    5 **SET STR           1
 **********
 NOW USING STRATEGY  1: TRY TO BALANCE SPEED AGAINST RELIABILITY
 **********
 **    6 **MIGRAD        1480        0.01
 **********
 FIRST CALL TO USER FUNCTION AT NEW START POINT, WITH IFLAG=4.
 START MIGRAD MINIMIZATION.  STRATEGY  1.  CONVERGENCE WHEN EDM .LT. 1.00e-05
 FCN=17367.5 FROM MIGRAD    STATUS=INITIATE       18 CALLS          19 TOTAL
                     EDM= unknown      STRATEGY= 1      NO ERROR MATRIX       
  EXT PARAMETER               CURRENT GUESS       STEP         FIRST   
  NO.   NAME      VALUE            ERROR          SIZE      DERIVATIVE 
   1  p0           5.58000e+05   1.67400e+05   1.67400e+05  -3.63331e+01
   2  p1           5.65000e-01   1.69500e-01   1.69500e-01  -1.12784e+08
   3  p2           0.00000e+00   3.00000e-01   3.00000e-01   2.06896e+06
   4  p3           9.99871e-04   2.99961e-04   2.99961e-04  -9.98123e+08
                               ERR DEF= 0.5
NO ERROR MATRIX       
 FCN=1344.13 FROM MIGRAD    STATUS=PROGRESS       36 CALLS          37 TOTAL
                     EDM=4008.37    STRATEGY= 1      NO ERROR MATRIX       
  EXT PARAMETER               CURRENT GUESS       STEP         FIRST   
  NO.   NAME      VALUE            ERROR          SIZE      DERIVATIVE 
   1  p0           5.58355e+05   1.67400e+05   3.55446e+02  -2.53761e+00
   2  p1           5.65115e-01   1.69500e-01   1.14623e-04  -7.81936e+06
   3  p2          -2.33980e-03   3.00000e-01  -2.33980e-03  -4.85145e+05
   4  p3           1.00132e-03   2.99961e-04   1.44766e-06   4.96677e+08
                               ERR DEF= 0.5
 FCN=72.1391 FROM MIGRAD    STATUS=PROGRESS      160 CALLS         161 TOTAL
                     EDM=4.18655e-05    STRATEGY= 1  ERROR MATRIX UNCERTAINTY  25.5 per cent
  EXT PARAMETER                APPROXIMATE        STEP         FIRST   
  NO.   NAME      VALUE            ERROR          SIZE      DERIVATIVE 
   1  p0           5.57703e+05   1.28338e+03  -5.49508e+01   1.11893e-03
   2  p1           5.65405e-01   4.15344e-04   1.78047e-05   3.46474e+03
   3  p2           1.29348e-04   1.12458e-04   3.02376e-06  -3.61240e+01
   4  p3           9.99824e-04   7.38532e-08   2.39797e-10   5.97432e+04
                               ERR DEF= 0.5
 MIGRAD FAILS TO FIND IMPROVEMENT
 MIGRAD MINIMIZATION HAS CONVERGED.
 MIGRAD WILL VERIFY CONVERGENCE AND ERROR MATRIX.
   START COVARIANCE MATRIX CALCULATION.
 EIGENVALUES OF SECOND-DERIVATIVE MATRIX:
         6.4253e-04  3.3210e-01  9.0965e-01  2.7576e+00
 COVARIANCE MATRIX CALCULATED SUCCESSFULLY
 FCN=72.1391 FROM MIGRAD    STATUS=CONVERGED     203 CALLS         204 TOTAL
                     EDM=8.50348e-06    STRATEGY= 1      ERROR MATRIX ACCURATE 
  EXT PARAMETER                                   STEP         FIRST   
  NO.   NAME      VALUE            ERROR          SIZE      DERIVATIVE 
   1  p0           5.57704e+05   1.42295e+02   2.65934e-01   2.12063e-04
   2  p1           5.65405e-01   4.61150e-05   2.69606e-07   6.70839e+02
   3  p2           1.29112e-04   7.83275e-05   3.11947e-07   2.52478e+01
   4  p3           9.99824e-04   7.56674e-08   4.76753e-10  -1.24174e+04
                               ERR DEF= 0.5
 EXTERNAL ERROR MATRIX.    NDIM=  25    NPAR=  4    ERR DEF=0.5
  2.025e+04 -6.555e-03 -1.017e-03  1.055e-06 
 -6.555e-03  2.127e-09  4.145e-10 -3.347e-13 
 -1.017e-03  4.145e-10  6.135e-09  3.037e-12 
  1.055e-06 -3.347e-13  3.037e-12  5.726e-15 
 PARAMETER  CORRELATION COEFFICIENTS  
       NO.  GLOBAL      1      2      3      4
        1  0.99935   1.000 -0.999 -0.091  0.098
        2  0.99936  -0.999  1.000  0.115 -0.096
        3  0.73436  -0.091  0.115  1.000  0.512
        4  0.60041   0.098 -0.096  0.512  1.000
 EXTERNAL ERROR MATRIX.    NDIM=   4    NPAR=  4    ERR DEF=0.5
  2.025e+04 -6.555e-03 -1.017e-03  1.055e-06 
 -6.555e-03  2.127e-09  4.145e-10 -3.347e-13 
 -1.017e-03  4.145e-10  6.135e-09  3.037e-12 
  1.055e-06 -3.347e-13  3.037e-12  5.726e-15 
 FCN=72.1391 FROM MIGRAD    STATUS=CONVERGED     203 CALLS         204 TOTAL
                     EDM=8.50348e-06    STRATEGY= 1      ERROR MATRIX ACCURATE 
  EXT PARAMETER                  PARABOLIC         MINOS ERRORS        
  NO.   NAME      VALUE            ERROR      NEGATIVE      POSITIVE   
   1  p0           5.57704e+05   1.42295e+02                            
   2  p1           5.65405e-01   4.61150e-05                            
   3  p2           1.29112e-04   7.83275e-05                            
   4  p3           9.99824e-04   7.56674e-08                            
                               ERR DEF= 0.5
------------------------------------------
Enering ROOFIt-------
 PARAMETER DEFINITIONS:
    NO.   NAME         VALUE      STEP SIZE      LIMITS
     1 norm         5.57704e+05  1.00000e-01     no limits
     2 Q            5.65000e-01  1.00000e-01     no limits
     3 theta        0.00000e+00  1.00000e-01     no limits
     4 pileup       9.99824e-04  1.00000e-01     no limits
 **********
 **    1 **MIGRAD
 **********
 FIRST CALL TO USER FUNCTION AT NEW START POINT, WITH IFLAG=4.
 START MIGRAD MINIMIZATION.  STRATEGY  1.  CONVERGENCE WHEN EDM .LT. 1.00e-04
 FCN=-2.37861e+11 FROM MIGRAD    STATUS=INITIATE       16 CALLS          17 TOTAL
                     EDM= unknown      STRATEGY= 1      NO ERROR MATRIX       
  EXT PARAMETER               CURRENT GUESS       STEP         FIRST   
  NO.   NAME      VALUE            ERROR          SIZE      DERIVATIVE 
   1  norm         5.57704e+05   1.00000e-01   1.00000e-01  -4.77045e+01
   2  Q            5.65000e-01   1.00000e-01   1.00000e-01  -7.20816e+08
   3  theta        0.00000e+00   1.00000e-01   1.00000e-01   2.73996e+06
   4  pileup       9.99824e-04   1.00000e-01   1.00000e-01  -9.19722e+11
 MIGRAD FAILS TO FIND IMPROVEMENT
 MACHINE ACCURACY LIMITS FURTHER IMPROVEMENT.
 MIGRAD MINIMIZATION HAS CONVERGED.
 MIGRAD WILL VERIFY CONVERGENCE AND ERROR MATRIX.
 EIGENVALUES OF SECOND-DERIVATIVE MATRIX:
        -7.3065e-04  3.6662e-01  8.5014e-01  2.7840e+00
 MINUIT WARNING IN HESSE   
 ============== MATRIX FORCED POS-DEF BY ADDING 0.003515 TO DIAGONAL.
 FCN=-2.37861e+11 FROM HESSE     STATUS=NOT POSDEF     29 CALLS         268 TOTAL
                     EDM=0.788473    STRATEGY= 1      ERR MATRIX NOT POS-DEF
  EXT PARAMETER                APPROXIMATE        STEP         FIRST   
  NO.   NAME      VALUE            ERROR          SIZE      DERIVATIVE 
   1  norm         5.58946e+05   9.60803e+01   1.72578e+03   9.60752e-02
   2  Q            5.65004e-01   3.15996e-05   9.41899e-05   2.99233e+05
   3  theta        3.57056e-05   1.19397e-04   1.85208e-02  -1.62058e+04
   4  pileup       9.99885e-04   1.05035e-07   2.09866e-05   1.94510e+07
 MINUIT WARNING IN MIGRAD  
 ============== Negative diagonal element 2 in Error Matrix
 MINUIT WARNING IN MIGRAD  
 ============== 1 added to diagonal of error matrix
 MIGRAD FAILS TO FIND IMPROVEMENT
 MIGRAD TERMINATED WITHOUT CONVERGENCE.
 FCN=-2.37861e+11 FROM MIGRAD    STATUS=FAILED        310 CALLS         311 TOTAL
                     EDM=7.53607e+07    STRATEGY= 1      ERR MATRIX NOT POS-DEF
  EXT PARAMETER                APPROXIMATE        STEP         FIRST   
  NO.   NAME      VALUE            ERROR          SIZE      DERIVATIVE 
   1  norm         5.58937e+05   9.19582e+00  -0.00000e+00  -6.38685e-02
   2  Q            5.65007e-01   1.00000e+00  -0.00000e+00   5.69066e+08
   3  theta        6.28071e-05   1.00000e+00  -0.00000e+00   1.61767e+04
   4  pileup       9.99822e-04   1.00000e+00   0.00000e+00  -2.83859e+07
 EXTERNAL ERROR MATRIX.    NDIM=  25    NPAR=  4    ERR DEF=1
  8.456e+01 -2.323e-09  5.379e-04  1.575e-08 
 -2.323e-09  1.000e+00 -1.158e-15  2.933e-16 
  5.379e-04 -1.158e-15  1.000e+00  5.266e-12 
  1.575e-08  2.933e-16  5.266e-12  1.000e+00 
ERR MATRIX NOT POS-DEF
 PARAMETER  CORRELATION COEFFICIENTS  
       NO.  GLOBAL      1      2      3      4
        1  0.00006   1.000 -0.000  0.000  0.000
        2  0.00000  -0.000  1.000 -0.000  0.000
        3  0.00006   0.000 -0.000  1.000  0.000
        4  0.00000   0.000  0.000  0.000  1.000
 ERR MATRIX NOT POS-DEF
 **********
 **    2 **MIGRAD 
 **********
 START MIGRAD MINIMIZATION.  STRATEGY  1.  CONVERGENCE WHEN EDM .LT. 1.00e-04
 FCN=-2.37861e+11 FROM MIGRAD    STATUS=INITIATE       12 CALLS         323 TOTAL
                     EDM=1.29649e+16    STRATEGY= 1      ERR MATRIX NOT POS-DEF
  EXT PARAMETER                APPROXIMATE        STEP         FIRST   
  NO.   NAME      VALUE            ERROR          SIZE      DERIVATIVE 
   1  norm         5.58937e+05   9.19582e+00  -0.00000e+00  -6.38683e-02
   2  Q            5.65007e-01   1.00000e+00  -0.00000e+00   9.00194e+02
   3  theta        6.28071e-05   1.00000e+00  -0.00000e+00   1.61760e+04
   4  pileup       9.99822e-04   1.00000e+00   0.00000e+00  -2.83823e+07
 MIGRAD FAILS TO FIND IMPROVEMENT
 EIGENVALUES OF SECOND-DERIVATIVE MATRIX:
        -7.2971e-04  3.6660e-01  8.5015e-01  2.7840e+00
 MINUIT WARNING IN HESSE   
 ============== MATRIX FORCED POS-DEF BY ADDING 0.003514 TO DIAGONAL.
 FCN=-2.37861e+11 FROM HESSE     STATUS=NOT POSDEF     31 CALLS         365 TOTAL
                     EDM=0.00132438    STRATEGY= 1      ERR MATRIX NOT POS-DEF
  EXT PARAMETER                APPROXIMATE        STEP         FIRST   
  NO.   NAME      VALUE            ERROR          SIZE      DERIVATIVE 
   1  norm         5.58937e+05   9.60753e+01   1.72573e+03   6.50987e-04
   2  Q            5.65007e-01   3.15999e-05   9.42790e-05   8.41605e+02
   3  theta        6.28071e-05   1.19451e-04   1.85230e-02   6.09183e+02
   4  pileup       9.99822e-04   1.05035e-07   2.09854e-05   5.27159e+04
 EIGENVALUES OF SECOND-DERIVATIVE MATRIX:
        -1.6472e-06  6.8295e-01  1.0001e+00  2.3170e+00
 MINUIT WARNING IN MIGRAD  
 ============== MATRIX FORCED POS-DEF BY ADDING 0.002319 TO DIAGONAL.
 MIGRAD FAILS TO FIND IMPROVEMENT
 MACHINE ACCURACY LIMITS FURTHER IMPROVEMENT.
 MIGRAD MINIMIZATION HAS CONVERGED.
 MIGRAD WILL VERIFY CONVERGENCE AND ERROR MATRIX.
 EIGENVALUES OF SECOND-DERIVATIVE MATRIX:
        -7.2941e-04  3.6660e-01  8.5015e-01  2.7840e+00
 MINUIT WARNING IN HESSE   
 ============== MATRIX FORCED POS-DEF BY ADDING 0.003513 TO DIAGONAL.
 MIGRAD TERMINATED WITHOUT CONVERGENCE.
 FCN=-2.37861e+11 FROM MIGRAD    STATUS=FAILED        169 CALLS         480 TOTAL
                     EDM=0.000699614    STRATEGY= 1      ERR MATRIX NOT POS-DEF
  EXT PARAMETER                APPROXIMATE        STEP         FIRST   
  NO.   NAME      VALUE            ERROR          SIZE      DERIVATIVE 
   1  norm         5.58936e+05   9.60756e+01   1.72573e+03   3.33783e-04
   2  Q            5.65007e-01   3.16000e-05   9.42791e-05  -4.45079e+01
   3  theta        5.87633e-05   1.19447e-04   1.85231e-02  -8.57751e+01
   4  pileup       9.99821e-04   1.05034e-07   2.09854e-05   1.37716e+05
 EXTERNAL ERROR MATRIX.    NDIM=  25    NPAR=  4    ERR DEF=1
  9.231e+03 -3.022e-03 -4.026e-03 -1.483e-06 
 -3.022e-03  9.986e-10  1.511e-09  4.852e-13 
 -4.026e-03  1.511e-09  1.427e-08  5.712e-12 
 -1.483e-06  4.852e-13  5.712e-12  1.103e-14 
ERR MATRIX NOT POS-DEF
 PARAMETER  CORRELATION COEFFICIENTS  
       NO.  GLOBAL      1      2      3      4
        1  0.99716   1.000 -0.995 -0.351 -0.147
        2  0.99729  -0.995  1.000  0.400  0.146
        3  0.75989  -0.351  0.400  1.000  0.455
        4  0.54641  -0.147  0.146  0.455  1.000
 ERR MATRIX NOT POS-DEF
status of the fit-----000------4
1  558936
2  0.565007
3  5.87633e-05
4  0.000999821
 PARAMETER DEFINITIONS:
    NO.   NAME         VALUE      STEP SIZE      LIMITS
     1 norm         5.58936e+05  1.00000e-01     no limits
     2 Q            5.65007e-01  1.00000e-01     no limits
     3 theta        5.87633e-05  1.00000e-01     no limits
     4 pileup       9.99821e-04  1.00000e-01     no limits
 **********
 **    3 **MIGRAD
 **********
 FIRST CALL TO USER FUNCTION AT NEW START POINT, WITH IFLAG=4.
 START MIGRAD MINIMIZATION.  STRATEGY  1.  CONVERGENCE WHEN EDM .LT. 1.00e-04
 FCN=-2.37861e+11 FROM MIGRAD    STATUS=INITIATE       16 CALLS         497 TOTAL
                     EDM= unknown      STRATEGY= 1      NO ERROR MATRIX       
  EXT PARAMETER               CURRENT GUESS       STEP         FIRST   
  NO.   NAME      VALUE            ERROR          SIZE      DERIVATIVE 
   1  norm         5.58936e+05   1.00000e-01   1.00000e-01   4.40838e-04
   2  Q            5.65007e-01   1.00000e-01   1.00000e-01   6.09821e+06
   3  theta        5.87633e-05   1.00000e-01   1.00000e-01   1.54651e+04
   4  pileup       9.99821e-04   1.00000e-01   1.00000e-01  -9.18022e+11
 MIGRAD FAILS TO FIND IMPROVEMENT
 COVARIANCE MATRIX CALCULATED SUCCESSFULLY
 FCN=-2.37861e+11 FROM HESSE     STATUS=OK             29 CALLS         537 TOTAL
                     EDM=0.00690614    STRATEGY= 1      ERROR MATRIX ACCURATE 
  EXT PARAMETER                                   STEP         FIRST   
  NO.   NAME      VALUE            ERROR          SIZE      DERIVATIVE 
   1  norm         5.58936e+05   1.36810e+02   2.66521e+00   4.58013e-04
   2  Q            5.65007e-01   1.30823e-05   1.00000e-03  -2.82859e+01
   3  theta        5.87633e-05   1.14928e-03   1.85138e-02  -8.59006e+01
   4  pileup       9.99821e-04   9.24413e-08   1.00000e-02  -4.09505e+05
 MIGRAD FAILS TO FIND IMPROVEMENT
 MACHINE ACCURACY LIMITS FURTHER IMPROVEMENT.
 MIGRAD MINIMIZATION HAS CONVERGED.
 FCN=-2.37861e+11 FROM MIGRAD    STATUS=CONVERGED      62 CALLS         543 TOTAL
                     EDM=0.00690614    STRATEGY= 1      ERROR MATRIX ACCURATE 
  EXT PARAMETER                                   STEP         FIRST   
  NO.   NAME      VALUE            ERROR          SIZE      DERIVATIVE 
   1  norm         5.58936e+05   1.36810e+02  -0.00000e+00   4.58013e-04
   2  Q            5.65007e-01   1.30823e-05   0.00000e+00  -2.82859e+01
   3  theta        5.87633e-05   1.14928e-03   0.00000e+00  -8.59006e+01
   4  pileup       9.99821e-04   9.24413e-08   0.00000e+00  -4.09505e+05
 EXTERNAL ERROR MATRIX.    NDIM=  25    NPAR=  4    ERR DEF=1
  1.872e+04 -1.786e-03 -1.557e-01 -1.336e-07 
 -1.786e-03  1.711e-10  1.498e-08  4.352e-15 
 -1.557e-01  1.498e-08  1.321e-06  1.346e-12 
 -1.336e-07  4.352e-15  1.346e-12  8.545e-15 
 PARAMETER  CORRELATION COEFFICIENTS  
       NO.  GLOBAL      1      2      3      4
        1  0.99860   1.000 -0.998 -0.991 -0.011
        2  0.99945  -0.998  1.000  0.996  0.004
        3  0.99771  -0.991  0.996  1.000  0.013
        4  0.23263  -0.011  0.004  0.013  1.000
 **********
 **    4 **MIGRAD 
 **********
 START MIGRAD MINIMIZATION.  STRATEGY  1.  CONVERGENCE WHEN EDM .LT. 1.00e-04
 FCN=-2.37861e+11 FROM MIGRAD    STATUS=INITIATE        8 CALLS         551 TOTAL
                     EDM=3.60319    STRATEGY= 1      ERROR MATRIX ACCURATE 
  EXT PARAMETER                                   STEP         FIRST   
  NO.   NAME      VALUE            ERROR          SIZE      DERIVATIVE 
   1  norm         5.58936e+05   1.36810e+02  -0.00000e+00   4.26525e-04
   2  Q            5.65007e-01   1.30823e-05   0.00000e+00   5.64476e+01
   3  theta        5.87633e-05   1.14928e-03   0.00000e+00   2.38127e+03
   4  pileup       9.99821e-04   9.24413e-08   0.00000e+00  -2.94622e+07
 MIGRAD FAILS TO FIND IMPROVEMENT
 MACHINE ACCURACY LIMITS FURTHER IMPROVEMENT.
 MIGRAD MINIMIZATION HAS CONVERGED.
 FCN=-2.37861e+11 FROM MIGRAD    STATUS=CONVERGED      19 CALLS         562 TOTAL
                     EDM=3.60319    STRATEGY= 1      ERROR MATRIX ACCURATE 
  EXT PARAMETER                                   STEP         FIRST   
  NO.   NAME      VALUE            ERROR          SIZE      DERIVATIVE 
   1  norm         5.58936e+05   1.36810e+02   0.00000e+00   4.26525e-04
   2  Q            5.65007e-01   1.30823e-05  -0.00000e+00   5.64476e+01
   3  theta        5.87633e-05   1.14928e-03  -0.00000e+00   2.38127e+03
   4  pileup       9.99821e-04   9.24413e-08   0.00000e+00  -2.94622e+07
 EXTERNAL ERROR MATRIX.    NDIM=  25    NPAR=  4    ERR DEF=1
  1.872e+04 -1.786e-03 -1.557e-01 -1.336e-07 
 -1.786e-03  1.711e-10  1.498e-08  4.352e-15 
 -1.557e-01  1.498e-08  1.321e-06  1.346e-12 
 -1.336e-07  4.352e-15  1.346e-12  8.545e-15 
 PARAMETER  CORRELATION COEFFICIENTS  
       NO.  GLOBAL      1      2      3      4
        1  0.99860   1.000 -0.998 -0.991 -0.011
        2  0.99945  -0.998  1.000  0.996  0.004
        3  0.99771  -0.991  0.996  1.000  0.013
        4  0.23263  -0.011  0.004  0.013  1.000
status of the fit-----000------0
1  558936
2  0.565007
3  5.87633e-05
4  0.000999821
 **********
 **    7 **SET PRINT           2
 **********
 **********
 **    8 **SET NOGRAD
 **********
 PARAMETER DEFINITIONS:
    NO.   NAME         VALUE      STEP SIZE      LIMITS
     1 p0           5.58000e+05  1.67400e+05     no limits
     2 p1           5.65000e-01  1.69500e-01     no limits
     3 p2           0.00000e+00  3.00000e-01     no limits
     4 p3           9.99871e-04  2.99961e-04     no limits
 **********
 **    9 **SET ERR         0.5
 **********
 **********
 **   10 **SET PRINT           2
 **********
 **********
 **   11 **SET STR           1
 **********
 NOW USING STRATEGY  1: TRY TO BALANCE SPEED AGAINST RELIABILITY
 **********
 **   12 **MIGRAD        1480        0.01
 **********
 FIRST CALL TO USER FUNCTION AT NEW START POINT, WITH IFLAG=4.
 START MIGRAD MINIMIZATION.  STRATEGY  1.  CONVERGENCE WHEN EDM .LT. 1.00e-05
 FCN=17205 FROM MIGRAD    STATUS=INITIATE       18 CALLS          19 TOTAL
                     EDM= unknown      STRATEGY= 1      NO ERROR MATRIX       
  EXT PARAMETER               CURRENT GUESS       STEP         FIRST   
  NO.   NAME      VALUE            ERROR          SIZE      DERIVATIVE 
   1  p0           5.58000e+05   1.67400e+05   1.67400e+05  -3.61674e+01
   2  p1           5.65000e-01   1.69500e-01   1.69500e-01  -1.12269e+08
   3  p2           0.00000e+00   3.00000e-01   3.00000e-01   2.05572e+06
   4  p3           9.99871e-04   2.99961e-04   2.99961e-04  -9.73009e+08
                               ERR DEF= 0.5
NO ERROR MATRIX       
 FCN=1349.56 FROM MIGRAD    STATUS=PROGRESS       36 CALLS          37 TOTAL
                     EDM=4087.66    STRATEGY= 1      NO ERROR MATRIX       
  EXT PARAMETER               CURRENT GUESS       STEP         FIRST   
  NO.   NAME      VALUE            ERROR          SIZE      DERIVATIVE 
   1  p0           5.58354e+05   1.67400e+05   3.54186e+02  -2.53304e+00
   2  p1           5.65114e-01   1.69500e-01   1.14215e-04  -7.80346e+06
   3  p2          -2.32721e-03   3.00000e-01  -2.32721e-03  -4.83519e+05
   4  p3           1.00128e-03   2.99961e-04   1.41275e-06   5.08375e+08
                               ERR DEF= 0.5
 MIGRAD MINIMIZATION HAS CONVERGED.
 MIGRAD WILL VERIFY CONVERGENCE AND ERROR MATRIX.
   START COVARIANCE MATRIX CALCULATION.
 EIGENVALUES OF SECOND-DERIVATIVE MATRIX:
         2.9676e-04  3.9365e-01  8.3451e-01  2.7716e+00
 COVARIANCE MATRIX CALCULATED SUCCESSFULLY
 FCN=64.8524 FROM HESSE     STATUS=OK             29 CALLS          99 TOTAL
                     EDM=0.000352331    STRATEGY= 1      ERROR MATRIX ACCURATE 
  EXT PARAMETER                                   STEP         FIRST   
  NO.   NAME      VALUE            ERROR          SIZE      DERIVATIVE 
   1  p0           5.58478e+05   2.08928e+02   2.66303e-01   6.13057e-05
   2  p1           5.65154e-01   6.80555e-05   2.69486e-07  -2.54335e+02
   3  p2           5.65974e-05   9.17248e-05   3.05291e-07   1.68324e+02
   4  p3           9.99719e-04   6.99777e-08   4.76703e-10   1.64525e+03
                               ERR DEF= 0.5
 PARAMETER  CORRELATION COEFFICIENTS  
       NO.  GLOBAL      1      2      3      4
        1  0.99970   1.000 -0.999 -0.466 -0.005
        2  0.99971  -0.999  1.000  0.482  0.004
        3  0.77674  -0.466  0.482  1.000  0.323
        4  0.47795  -0.005  0.004  0.323  1.000
 FCN=64.8462 FROM MIGRAD    STATUS=PROGRESS      112 CALLS         113 TOTAL
                     EDM=0.00562961    STRATEGY= 1      ERROR MATRIX ACCURATE 
  EXT PARAMETER                                   STEP         FIRST   
  NO.   NAME      VALUE            ERROR          SIZE      DERIVATIVE 
   1  p0           5.58397e+05   2.08928e+02  -8.10272e+01  -9.03629e-05
   2  p1           5.65180e-01   6.80555e-05   2.61073e-05  -5.25318e+02
   3  p2           5.47768e-05   9.17248e-05  -1.82062e-06  -7.15261e+02
   4  p3           9.99713e-04   6.99777e-08  -5.89620e-09  -8.04659e+05
                               ERR DEF= 0.5
 MIGRAD FAILS TO FIND IMPROVEMENT
 MIGRAD TERMINATED WITHOUT CONVERGENCE.
 FCN=64.8246 FROM MIGRAD    STATUS=FAILED        161 CALLS         162 TOTAL
                     EDM=4.63301e-05    STRATEGY= 1  ERROR MATRIX UNCERTAINTY  29.3 per cent
  EXT PARAMETER                APPROXIMATE        STEP         FIRST   
  NO.   NAME      VALUE            ERROR          SIZE      DERIVATIVE 
   1  p0           5.58115e+05   9.71861e+02   0.00000e+00  -1.06927e-04
   2  p1           5.65271e-01   3.14149e-04  -0.00000e+00  -3.19396e+02
   3  p2           7.75374e-05   9.67904e-05  -0.00000e+00   3.25452e+01
   4  p3           9.99721e-04   7.43581e-08  -0.00000e+00  -1.73369e+04
                               ERR DEF= 0.5
 EXTERNAL ERROR MATRIX.    NDIM=  25    NPAR=  4    ERR DEF=0.5
  9.445e+05 -3.053e-01 -5.380e-02 -3.679e-06 
 -3.053e-01  9.869e-08  1.748e-08  1.192e-12 
 -5.380e-02  1.748e-08  9.368e-09  2.788e-12 
 -3.679e-06  1.192e-12  2.788e-12  5.529e-15 
ERR MATRIX APPROXIMATE
 PARAMETER  CORRELATION COEFFICIENTS  
       NO.  GLOBAL      1      2      3      4
        1  0.99999   1.000 -1.000 -0.572 -0.051
        2  0.99999  -1.000  1.000  0.575  0.051
        3  0.81543  -0.572  0.575  1.000  0.387
        4  0.52164  -0.051  0.051  0.387  1.000
 ERR MATRIX APPROXIMATE
 FCN=64.8246 FROM MIGRAD    STATUS=FAILED        161 CALLS         162 TOTAL
                     EDM=4.63301e-05    STRATEGY= 1  ERROR MATRIX UNCERTAINTY  29.3 per cent
  EXT PARAMETER                  PARABOLIC         MINOS ERRORS        
  NO.   NAME      VALUE            ERROR      NEGATIVE      POSITIVE   
   1  p0           5.58115e+05   9.71861e+02                            
   2  p1           5.65271e-01   3.14149e-04                            
   3  p2           7.75374e-05   9.67904e-05                            
   4  p3           9.99721e-04   7.43581e-08                            
                               ERR DEF= 0.5
 **********
 **   13 **SET PRINT           2
 **********
 **********
 **   14 **SET NOGRAD
 **********
 PARAMETER DEFINITIONS:
    NO.   NAME         VALUE      STEP SIZE      LIMITS
     1 p0           5.58115e+05  9.71861e+02     no limits
     2 p1           5.65271e-01  3.14149e-04     no limits
     3 p2           7.75374e-05  9.67904e-05     no limits
     4 p3           9.99721e-04  7.43581e-08     no limits
 **********
 **   15 **SET ERR         0.5
 **********
 **********
 **   16 **SET PRINT           2
 **********
 **********
 **   17 **SET STR           1
 **********
 NOW USING STRATEGY  1: TRY TO BALANCE SPEED AGAINST RELIABILITY
 **********
 **   18 **MIGRAD        1480        0.01
 **********
 FIRST CALL TO USER FUNCTION AT NEW START POINT, WITH IFLAG=4.
 START MIGRAD MINIMIZATION.  STRATEGY  1.  CONVERGENCE WHEN EDM .LT. 1.00e-05
 FCN=64.8246 FROM MIGRAD    STATUS=INITIATE       16 CALLS          17 TOTAL
                     EDM= unknown      STRATEGY= 1      NO ERROR MATRIX       
  EXT PARAMETER               CURRENT GUESS       STEP         FIRST   
  NO.   NAME      VALUE            ERROR          SIZE      DERIVATIVE 
   1  p0           5.58115e+05   9.71861e+02   9.71861e+02  -9.99251e-05
   2  p1           5.65271e-01   3.14149e-04   3.14149e-04  -3.18714e+02
   3  p2           7.75374e-05   9.67904e-05   9.67904e-05   3.79890e+01
   4  p3           9.99721e-04   7.43581e-08   7.43581e-08  -1.73369e+04
                               ERR DEF= 0.5
NO ERROR MATRIX       
 FCN=64.8246 FROM MIGRAD    STATUS=PROGRESS       26 CALLS          27 TOTAL
                     EDM=2.11237e-06    STRATEGY= 1      NO ERROR MATRIX       
  EXT PARAMETER               CURRENT GUESS       STEP         FIRST   
  NO.   NAME      VALUE            ERROR          SIZE      DERIVATIVE 
   1  p0           5.58115e+05   9.71861e+02   9.89263e-04   8.13033e-05
   2  p1           5.65271e-01   3.14149e-04   3.27601e-10   2.50414e+02
   3  p2           7.75001e-05   9.67904e-05  -3.72952e-08   1.58991e+01
   4  p3           9.99721e-04   7.43581e-08   2.52901e-11  -3.82661e+03
                               ERR DEF= 0.5
 MIGRAD FAILS TO FIND IMPROVEMENT
 MIGRAD MINIMIZATION HAS CONVERGED.
 MIGRAD WILL VERIFY CONVERGENCE AND ERROR MATRIX.
   START COVARIANCE MATRIX CALCULATION.
 EIGENVALUES OF SECOND-DERIVATIVE MATRIX:
         1.4563e-03  4.5271e-01  8.3814e-01  2.7077e+00
 COVARIANCE MATRIX CALCULATED SUCCESSFULLY
 FCN=64.8246 FROM MIGRAD    STATUS=CONVERGED      61 CALLS          62 TOTAL
                     EDM=3.21165e-06    STRATEGY= 1      ERROR MATRIX ACCURATE 
  EXT PARAMETER                                   STEP         FIRST   
  NO.   NAME      VALUE            ERROR          SIZE      DERIVATIVE 
   1  p0           5.58115e+05   9.51108e+01   2.66130e-01   7.42310e-05
   2  p1           5.65271e-01   3.04129e-05   2.69542e-07   2.57338e+02
   3  p2           7.75001e-05   7.34483e-05   2.84364e-07   2.00359e+01
   4  p3           9.99721e-04   7.50381e-08   4.76704e-10   4.62321e+03
                               ERR DEF= 0.5
 EXTERNAL ERROR MATRIX.    NDIM=  25    NPAR=  4    ERR DEF=0.5
  9.046e+03 -2.886e-03  2.699e-03  2.415e-06 
 -2.886e-03  9.249e-10 -7.913e-10 -7.857e-13 
  2.699e-03 -7.913e-10  5.395e-09  2.344e-12 
  2.415e-06 -7.857e-13  2.344e-12  5.631e-15 
 PARAMETER  CORRELATION COEFFICIENTS  
       NO.  GLOBAL      1      2      3      4
        1  0.99856   1.000 -0.998  0.386  0.338
        2  0.99853  -0.998  1.000 -0.354 -0.344
        3  0.70733   0.386 -0.354  1.000  0.425
        4  0.55509   0.338 -0.344  0.425  1.000
 EXTERNAL ERROR MATRIX.    NDIM=   4    NPAR=  4    ERR DEF=0.5
  9.046e+03 -2.886e-03  2.699e-03  2.415e-06 
 -2.886e-03  9.249e-10 -7.913e-10 -7.857e-13 
  2.699e-03 -7.913e-10  5.395e-09  2.344e-12 
  2.415e-06 -7.857e-13  2.344e-12  5.631e-15 
 FCN=64.8246 FROM MIGRAD    STATUS=CONVERGED      61 CALLS          62 TOTAL
                     EDM=3.21165e-06    STRATEGY= 1      ERROR MATRIX ACCURATE 
  EXT PARAMETER                  PARABOLIC         MINOS ERRORS        
  NO.   NAME      VALUE            ERROR      NEGATIVE      POSITIVE   
   1  p0           5.58115e+05   9.51108e+01                            
   2  p1           5.65271e-01   3.04129e-05                            
   3  p2           7.75001e-05   7.34483e-05                            
   4  p3           9.99721e-04   7.50381e-08                            
                               ERR DEF= 0.5
------------------------------------------
Enering ROOFIt-------
 PARAMETER DEFINITIONS:
    NO.   NAME         VALUE      STEP SIZE      LIMITS
     1 norm         5.58115e+05  1.00000e-01     no limits
     2 Q            5.65000e-01  1.00000e-01     no limits
     3 theta        0.00000e+00  1.00000e-01     no limits
     4 pileup       9.99721e-04  1.00000e-01     no limits
 **********
 **    1 **MIGRAD
 **********
 FIRST CALL TO USER FUNCTION AT NEW START POINT, WITH IFLAG=4.
 START MIGRAD MINIMIZATION.  STRATEGY  1.  CONVERGENCE WHEN EDM .LT. 1.00e-04
 FCN=-2.37859e+11 FROM MIGRAD    STATUS=INITIATE       16 CALLS          17 TOTAL
                     EDM= unknown      STRATEGY= 1      NO ERROR MATRIX       
  EXT PARAMETER               CURRENT GUESS       STEP         FIRST   
  NO.   NAME      VALUE            ERROR          SIZE      DERIVATIVE 
   1  norm         5.58115e+05   1.00000e-01   1.00000e-01  -3.19166e+01
   2  Q            5.65000e-01   1.00000e-01   1.00000e-01  -4.80281e+08
   3  theta        0.00000e+00   1.00000e-01   1.00000e-01   1.84160e+06
   4  pileup       9.99721e-04   1.00000e-01   1.00000e-01  -9.19149e+11
 MIGRAD FAILS TO FIND IMPROVEMENT
 MACHINE ACCURACY LIMITS FURTHER IMPROVEMENT.
 MIGRAD MINIMIZATION HAS CONVERGED.
 FCN=-2.37859e+11 FROM MIGRAD    STATUS=CONVERGED     255 CALLS         256 TOTAL
                     EDM=6.65111    STRATEGY= 1  ERROR MATRIX UNCERTAINTY   6.6 per cent
  EXT PARAMETER                                   STEP         FIRST   
  NO.   NAME      VALUE            ERROR          SIZE      DERIVATIVE 
   1  norm         5.58945e+05   1.06550e+01   0.00000e+00   2.56366e-02
   2  Q            5.65003e-01   1.00016e-08  -0.00000e+00   3.00474e+08
   3  theta        7.54681e-05   1.34074e-04   0.00000e+00   8.26278e+03
   4  pileup       9.99839e-04   4.76066e-08   0.00000e+00  -2.60604e+06
 EXTERNAL ERROR MATRIX.    NDIM=  25    NPAR=  4    ERR DEF=1
  1.135e+02 -4.766e-08  1.034e-03  2.576e-07 
 -4.766e-08  1.000e-16 -8.111e-13 -4.542e-16 
  1.034e-03 -8.111e-13  1.798e-08  4.518e-12 
  2.576e-07 -4.542e-16  4.518e-12  2.266e-15 
 PARAMETER  CORRELATION COEFFICIENTS  
       NO.  GLOBAL      1      2      3      4
        1  0.72552   1.000 -0.447  0.724  0.508
        2  0.95925  -0.447  1.000 -0.605 -0.954
        3  0.84288   0.724 -0.605  1.000  0.708
        4  0.96807   0.508 -0.954  0.708  1.000
 **********
 **    2 **MIGRAD 
 **********
 START MIGRAD MINIMIZATION.  STRATEGY  1.  CONVERGENCE WHEN EDM .LT. 1.00e-04
 FCN=-2.37859e+11 FROM MIGRAD    STATUS=INITIATE       12 CALLS         268 TOTAL
                     EDM=0.456177    STRATEGY= 1  ERROR MATRIX UNCERTAINTY   6.6 per cent
  EXT PARAMETER                                   STEP         FIRST   
  NO.   NAME      VALUE            ERROR          SIZE      DERIVATIVE 
   1  norm         5.58945e+05   1.06550e+01   0.00000e+00   2.56331e-02
   2  Q            5.65003e-01   1.00016e-08  -0.00000e+00   2.79915e+05
   3  theta        7.54681e-05   1.34074e-04   0.00000e+00   8.26034e+03
   4  pileup       9.99839e-04   4.76066e-08   0.00000e+00  -2.60484e+06
 MIGRAD FAILS TO FIND IMPROVEMENT
 MACHINE ACCURACY LIMITS FURTHER IMPROVEMENT.
 MIGRAD MINIMIZATION HAS CONVERGED.
 FCN=-2.37859e+11 FROM MIGRAD    STATUS=CONVERGED      57 CALLS         313 TOTAL
                     EDM=0.0937064    STRATEGY= 1  ERROR MATRIX UNCERTAINTY   4.6 per cent
  EXT PARAMETER                                   STEP         FIRST   
  NO.   NAME      VALUE            ERROR          SIZE      DERIVATIVE 
   1  norm         5.58943e+05   9.60575e+00  -0.00000e+00   1.11319e-02
   2  Q            5.65003e-01   5.18327e-11  -0.00000e+00   2.35637e+05
   3  theta        4.99591e-05   1.08652e-04  -0.00000e+00   4.42950e+03
   4  pileup       9.99833e-04   1.43494e-08  -0.00000e+00  -1.95357e+06
 EXTERNAL ERROR MATRIX.    NDIM=  25    NPAR=  4    ERR DEF=1
  9.227e+01  1.037e-13  6.722e-04  4.275e-08 
  1.037e-13  2.687e-21 -1.847e-18 -1.054e-20 
  6.722e-04 -1.847e-18  1.181e-08  8.605e-13 
  4.275e-08 -1.054e-20  8.605e-13  2.059e-16 
 PARAMETER  CORRELATION COEFFICIENTS  
       NO.  GLOBAL      1      2      3      4
        1  0.64634   1.000  0.000  0.644  0.310
        2  0.01680   0.000  1.000 -0.000 -0.014
        3  0.74300   0.644 -0.000  1.000  0.552
        4  0.55528   0.310 -0.014  0.552  1.000
status of the fit-----000------0
1  558943
2  0.565003
3  4.99591e-05
4  0.000999833
 **********
 **   19 **SET PRINT           2
 **********
 **********
 **   20 **SET NOGRAD
 **********
 PARAMETER DEFINITIONS:
    NO.   NAME         VALUE      STEP SIZE      LIMITS
     1 p0           5.58000e+05  1.67400e+05     no limits
     2 p1           5.65000e-01  1.69500e-01     no limits
     3 p2           0.00000e+00  3.00000e-01     no limits
     4 p3           9.99871e-04  2.99961e-04     no limits
 **********
 **   21 **SET ERR         0.5
 **********
 **********
 **   22 **SET PRINT           2
 **********
 **********
 **   23 **SET STR           1
 **********
 NOW USING STRATEGY  1: TRY TO BALANCE SPEED AGAINST RELIABILITY
 **********
 **   24 **MIGRAD        1480        0.01
 **********
 FIRST CALL TO USER FUNCTION AT NEW START POINT, WITH IFLAG=4.
 START MIGRAD MINIMIZATION.  STRATEGY  1.  CONVERGENCE WHEN EDM .LT. 1.00e-05
 FCN=17057.1 FROM MIGRAD    STATUS=INITIATE       18 CALLS          19 TOTAL
                     EDM= unknown      STRATEGY= 1      NO ERROR MATRIX       
  EXT PARAMETER               CURRENT GUESS       STEP         FIRST   
  NO.   NAME      VALUE            ERROR          SIZE      DERIVATIVE 
   1  p0           5.58000e+05   1.67400e+05   1.67400e+05  -3.59960e+01
   2  p1           5.65000e-01   1.69500e-01   1.69500e-01  -1.11737e+08
   3  p2           0.00000e+00   3.00000e-01   3.00000e-01   2.05475e+06
   4  p3           9.99871e-04   2.99961e-04   2.99961e-04  -9.77994e+08
                               ERR DEF= 0.5
NO ERROR MATRIX       
 FCN=1329.32 FROM MIGRAD    STATUS=PROGRESS       36 CALLS          37 TOTAL
                     EDM=3969.33    STRATEGY= 1      NO ERROR MATRIX       
  EXT PARAMETER               CURRENT GUESS       STEP         FIRST   
  NO.   NAME      VALUE            ERROR          SIZE      DERIVATIVE 
   1  p0           5.58352e+05   1.67400e+05   3.52250e+02  -2.50914e+00
   2  p1           5.65114e-01   1.69500e-01   1.13590e-04  -7.72995e+06
   3  p2          -2.32437e-03   3.00000e-01  -2.32437e-03  -4.76030e+05
   4  p3           1.00129e-03   2.99961e-04   1.41891e-06   5.00419e+08
                               ERR DEF= 0.5
 MIGRAD MINIMIZATION HAS CONVERGED.
 MIGRAD WILL VERIFY CONVERGENCE AND ERROR MATRIX.
   START COVARIANCE MATRIX CALCULATION.
 EIGENVALUES OF SECOND-DERIVATIVE MATRIX:
        -1.4282e-03  3.8000e-01  8.2380e-01  2.7976e+00
 MINUIT WARNING IN HESSE   
 ============== MATRIX FORCED POS-DEF BY ADDING 0.004226 TO DIAGONAL.
 FCN=80.5668 FROM HESSE     STATUS=NOT POSDEF     29 CALLS          99 TOTAL
                     EDM=4.23798e-05    STRATEGY= 1      ERR MATRIX NOT POS-DEF
  EXT PARAMETER                APPROXIMATE        STEP         FIRST   
  NO.   NAME      VALUE            ERROR          SIZE      DERIVATIVE 
   1  p0           5.58474e+05   6.78057e+01   2.66301e-01  -5.31334e-05
   2  p1           5.65153e-01   2.22786e-05   2.69486e-07   1.50560e+02
   3  p2           2.67178e-05   8.87931e-05   3.41245e-07   1.76856e+01
   4  p3           9.99750e-04   7.64738e-08   4.76718e-10   4.13881e+04
                               ERR DEF= 0.5
 PARAMETER  CORRELATION COEFFICIENTS  
       NO.  GLOBAL      1      2      3      4
        1  0.99715   1.000 -0.995 -0.368 -0.250
        2  0.99727  -0.995  1.000  0.418  0.246
        3  0.75890  -0.368  0.418  1.000  0.452
        4  0.55436  -0.250  0.246  0.452  1.000
 ERR MATRIX NOT POS-DEF
 FCN=80.5668 FROM MIGRAD    STATUS=PROGRESS      113 CALLS         114 TOTAL
                     EDM=2.92872e-05    STRATEGY= 1      ERR MATRIX NOT POS-DEF
  EXT PARAMETER                APPROXIMATE        STEP         FIRST   
  NO.   NAME      VALUE            ERROR          SIZE      DERIVATIVE 
   1  p0           5.58475e+05   6.78057e+01   5.63444e-01  -8.98126e-06
   2  p1           5.65152e-01   2.22786e-05  -1.86609e-07   2.75841e+02
   3  p2           2.62091e-05   8.87931e-05  -5.08703e-07  -5.45403e+01
   4  p3           9.99750e-04   7.64738e-08  -4.28370e-10  -4.68454e+04
                               ERR DEF= 0.5
 MINUIT WARNING IN MIGRAD  
 ============== Negative diagonal element 1 in Error Matrix
 MINUIT WARNING IN MIGRAD  
 ============== Negative diagonal element 2 in Error Matrix
 MINUIT WARNING IN MIGRAD  
 ============== 230800 added to diagonal of error matrix
 EIGENVALUES OF SECOND-DERIVATIVE MATRIX:
         9.9984e-01  1.0000e+00  1.0000e+00  1.0002e+00
 MIGRAD FAILS TO FIND IMPROVEMENT
 MIGRAD TERMINATED WITHOUT CONVERGENCE.
 FCN=80.5556 FROM MIGRAD    STATUS=FAILED        186 CALLS         187 TOTAL
                     EDM=7.37199e-05    STRATEGY= 1      ERR MATRIX NOT POS-DEF
  EXT PARAMETER                APPROXIMATE        STEP         FIRST   
  NO.   NAME      VALUE            ERROR          SIZE      DERIVATIVE 
   1  p0           5.58705e+05   7.07107e-01   0.00000e+00   1.21995e-06
   2  p1           5.65078e-01   3.39706e+02   0.00000e+00  -2.39544e+01
   3  p2           1.37835e-05   3.39706e+02   0.00000e+00  -1.19420e+01
   4  p3           9.99749e-04   3.39706e+02  -0.00000e+00   1.48039e+04
                               ERR DEF= 0.5
 EXTERNAL ERROR MATRIX.    NDIM=  25    NPAR=  4    ERR DEF=0.5
  5.000e-01  3.736e-02  1.175e-02 -4.586e-08 
  3.736e-02  1.154e+05 -3.706e-09  2.845e-14 
  1.175e-02 -3.706e-09  1.154e+05  2.350e-12 
 -4.586e-08  2.845e-14  2.350e-12  1.154e+05 
ERR MATRIX NOT POS-DEF
 PARAMETER  CORRELATION COEFFICIENTS  
       NO.  GLOBAL      1      2      3      4
        1  0.00016   1.000  0.000  0.000 -0.000
        2  0.00016   0.000  1.000 -0.000  0.000
        3  0.00005   0.000 -0.000  1.000  0.000
        4  0.00000  -0.000  0.000  0.000  1.000
 ERR MATRIX NOT POS-DEF
 FCN=80.5556 FROM MIGRAD    STATUS=FAILED        186 CALLS         187 TOTAL
                     EDM=7.37199e-05    STRATEGY= 1      ERR MATRIX NOT POS-DEF
  EXT PARAMETER                  PARABOLIC         MINOS ERRORS        
  NO.   NAME      VALUE            ERROR      NEGATIVE      POSITIVE   
   1  p0           5.58705e+05   7.07107e-01                            
   2  p1           5.65078e-01   3.39706e+02                            
   3  p2           1.37835e-05   3.39706e+02                            
   4  p3           9.99749e-04   3.39706e+02                            
                               ERR DEF= 0.5
 **********
 **   25 **SET PRINT           2
 **********
 **********
 **   26 **SET NOGRAD
 **********
 PARAMETER DEFINITIONS:
    NO.   NAME         VALUE      STEP SIZE      LIMITS
     1 p0           5.58705e+05  7.07107e-01     no limits
     2 p1           5.65078e-01  3.39706e+02     no limits
     3 p2           1.37835e-05  3.39706e+02     no limits
     4 p3           9.99749e-04  3.39706e+02     no limits
 **********
 **   27 **SET ERR         0.5
 **********
 **********
 **   28 **SET PRINT           2
 **********
 **********
 **   29 **SET STR           1
 **********
 NOW USING STRATEGY  1: TRY TO BALANCE SPEED AGAINST RELIABILITY
 **********
 **   30 **MIGRAD        1480        0.01
 **********
 FIRST CALL TO USER FUNCTION AT NEW START POINT, WITH IFLAG=4.
 START MIGRAD MINIMIZATION.  STRATEGY  1.  CONVERGENCE WHEN EDM .LT. 1.00e-05
 FCN=80.5556 FROM MIGRAD    STATUS=INITIATE       20 CALLS          21 TOTAL
                     EDM= unknown      STRATEGY= 1      NO ERROR MATRIX       
  EXT PARAMETER               CURRENT GUESS       STEP         FIRST   
  NO.   NAME      VALUE            ERROR          SIZE      DERIVATIVE 
   1  p0           5.58705e+05   7.07107e-01   7.07107e-01   1.21995e-06
   2  p1           5.65078e-01   3.39706e+02   3.39706e+02   1.19607e+09
   3  p2           1.37835e-05   3.39706e+02   3.39706e+02   5.20339e+04
   4  p3           9.99749e-04   3.39706e+02   3.39706e+02  -8.84133e+13
                               ERR DEF= 0.5
NO ERROR MATRIX       
 MIGRAD FAILS TO FIND IMPROVEMENT
   START COVARIANCE MATRIX CALCULATION.
 EIGENVALUES OF SECOND-DERIVATIVE MATRIX:
        -2.4332e-01  5.2777e-01  9.9918e-01  2.7164e+00
 MINUIT WARNING IN HESSE   
 ============== MATRIX FORCED POS-DEF BY ADDING 0.246037 TO DIAGONAL.
 FCN=80.5556 FROM HESSE     STATUS=NOT POSDEF     31 CALLS          63 TOTAL
                     EDM=3.55973e-06    STRATEGY= 1      ERR MATRIX NOT POS-DEF
  EXT PARAMETER                APPROXIMATE        STEP         FIRST   
  NO.   NAME      VALUE            ERROR          SIZE      DERIVATIVE 
   1  p0           5.58705e+05   6.87437e+01   2.66411e-01  -3.95951e-05
   2  p1           5.65078e-01   4.65173e-06   3.39706e-02   3.29206e+01
   3  p2           1.37835e-05   6.66057e-05   3.39706e-02  -7.86233e+00
   4  p3           9.99749e-04   1.24280e-08   3.39706e-02   8.22829e+03
                               ERR DEF= 0.5
 PARAMETER  CORRELATION COEFFICIENTS  
       NO.  GLOBAL      1      2      3      4
        1  0.99777   1.000 -0.997 -0.487 -0.083
        2  0.99787  -0.997  1.000  0.521  0.082
        3  0.67068  -0.487  0.521  1.000  0.050
        4  0.08528  -0.083  0.082  0.050  1.000
 ERR MATRIX NOT POS-DEF
 FCN=80.5556 FROM MIGRAD    STATUS=PROGRESS       76 CALLS          77 TOTAL
                     EDM=3.11302e-07    STRATEGY= 1      ERR MATRIX NOT POS-DEF
  EXT PARAMETER                APPROXIMATE        STEP         FIRST   
  NO.   NAME      VALUE            ERROR          SIZE      DERIVATIVE 
   1  p0           5.58705e+05   6.87437e+01   4.29065e-04   4.79214e-06
   2  p1           5.65078e-01   4.65173e-06  -2.87524e-11   3.20718e+01
   3  p2           1.37833e-05   6.66057e-05  -1.40330e-10  -1.02819e+01
   4  p3           9.99749e-04   1.24280e-08  -9.30763e-15   1.19619e+04
                               ERR DEF= 0.5
 MIGRAD MINIMIZATION HAS CONVERGED.
 MIGRAD WILL VERIFY CONVERGENCE AND ERROR MATRIX.
   START COVARIANCE MATRIX CALCULATION.
 EIGENVALUES OF SECOND-DERIVATIVE MATRIX:
         7.9738e-04  3.4233e-01  8.7880e-01  2.7781e+00
 COVARIANCE MATRIX CALCULATED SUCCESSFULLY
 FCN=80.5556 FROM MIGRAD    STATUS=CONVERGED     107 CALLS         108 TOTAL
                     EDM=2.6045e-06    STRATEGY= 1      ERROR MATRIX ACCURATE 
  EXT PARAMETER                                   STEP         FIRST   
  NO.   NAME      VALUE            ERROR          SIZE      DERIVATIVE 
   1  p0           5.58705e+05   1.27565e+02   2.66411e-01   1.23906e-05
   2  p1           5.65078e-01   4.14873e-05   2.69450e-07   4.27736e+01
   3  p2           1.37833e-05   8.72562e-05   3.42854e-07  -1.87193e+01
   4  p3           9.99749e-04   7.62111e-08   4.76718e-10   2.35355e+04
                               ERR DEF= 0.5
 EXTERNAL ERROR MATRIX.    NDIM=  25    NPAR=  4    ERR DEF=0.5
  1.627e+04 -5.285e-03 -4.046e-03 -2.544e-06 
 -5.285e-03  1.721e-09  1.411e-09  8.326e-13 
 -4.046e-03  1.411e-09  7.614e-09  3.558e-12 
 -2.544e-06  8.326e-13  3.558e-12  5.808e-15 
 PARAMETER  CORRELATION COEFFICIENTS  
       NO.  GLOBAL      1      2      3      4
        1  0.99919   1.000 -0.999 -0.363 -0.262
        2  0.99921  -0.999  1.000  0.390  0.263
        3  0.77329  -0.363  0.390  1.000  0.535
        4  0.60607  -0.262  0.263  0.535  1.000
 EXTERNAL ERROR MATRIX.    NDIM=   4    NPAR=  4    ERR DEF=0.5
  1.627e+04 -5.285e-03 -4.046e-03 -2.544e-06 
 -5.285e-03  1.721e-09  1.411e-09  8.326e-13 
 -4.046e-03  1.411e-09  7.614e-09  3.558e-12 
 -2.544e-06  8.326e-13  3.558e-12  5.808e-15 
 FCN=80.5556 FROM MIGRAD    STATUS=CONVERGED     107 CALLS         108 TOTAL
                     EDM=2.6045e-06    STRATEGY= 1      ERROR MATRIX ACCURATE 
  EXT PARAMETER                  PARABOLIC         MINOS ERRORS        
  NO.   NAME      VALUE            ERROR      NEGATIVE      POSITIVE   
   1  p0           5.58705e+05   1.27565e+02                            
   2  p1           5.65078e-01   4.14873e-05                            
   3  p2           1.37833e-05   8.72562e-05                            
   4  p3           9.99749e-04   7.62111e-08                            
                               ERR DEF= 0.5
------------------------------------------
Enering ROOFIt-------
 PARAMETER DEFINITIONS:
    NO.   NAME         VALUE      STEP SIZE      LIMITS
     1 norm         5.58705e+05  1.00000e-01     no limits
     2 Q            5.65000e-01  1.00000e-01     no limits
     3 theta        0.00000e+00  1.00000e-01     no limits
     4 pileup       9.99749e-04  1.00000e-01     no limits
 **********
 **    1 **MIGRAD
 **********
 FIRST CALL TO USER FUNCTION AT NEW START POINT, WITH IFLAG=4.
 START MIGRAD MINIMIZATION.  STRATEGY  1.  CONVERGENCE WHEN EDM .LT. 1.00e-04
 FCN=-2.37857e+11 FROM MIGRAD    STATUS=INITIATE       16 CALLS          17 TOTAL
                     EDM= unknown      STRATEGY= 1      NO ERROR MATRIX       
  EXT PARAMETER               CURRENT GUESS       STEP         FIRST   
  NO.   NAME      VALUE            ERROR          SIZE      DERIVATIVE 
   1  norm         5.58705e+05   1.00000e-01   1.00000e-01  -9.23211e+00
   2  Q            5.65000e-01   1.00000e-01   1.00000e-01  -1.34867e+08
   3  theta        0.00000e+00   1.00000e-01   1.00000e-01   5.46049e+05
   4  pileup       9.99749e-04   1.00000e-01   1.00000e-01  -9.18356e+11
 MIGRAD FAILS TO FIND IMPROVEMENT
 COVARIANCE MATRIX CALCULATED SUCCESSFULLY
 FCN=-2.37857e+11 FROM HESSE     STATUS=OK             27 CALLS          55 TOTAL
                     EDM=656832    STRATEGY= 1      ERROR MATRIX ACCURATE 
  EXT PARAMETER                                   STEP         FIRST   
  NO.   NAME      VALUE            ERROR          SIZE      DERIVATIVE 
   1  norm         5.58705e+05   1.48408e+02   2.66411e+00  -9.23212e+00
   2  Q            5.65000e-01   1.41944e-05   1.00000e-03  -2.86955e+07
   3  theta        0.00000e+00   1.24569e-03   1.85105e-02   5.31095e+05
   4  pileup       9.99749e-04   9.24373e-08   1.00000e-02  -2.58288e+08
 MINUIT WARNING IN MIGRAD  
 ============== Negative diagonal element 2 in Error Matrix
 MINUIT WARNING IN MIGRAD  
 ============== 1 added to diagonal of error matrix
 MIGRAD FAILS TO FIND IMPROVEMENT
 MIGRAD TERMINATED WITHOUT CONVERGENCE.
 FCN=-2.37857e+11 FROM MIGRAD    STATUS=FAILED         89 CALLS          90 TOTAL
                     EDM=3.77692e+07    STRATEGY= 1  ERROR MATRIX UNCERTAINTY 100.0 per cent
  EXT PARAMETER                APPROXIMATE        STEP         FIRST   
  NO.   NAME      VALUE            ERROR          SIZE      DERIVATIVE 
   1  norm         5.58998e+05   8.81918e+00   0.00000e+00   8.84102e-03
   2  Q            5.64984e-01   1.00000e+00   0.00000e+00  -1.31742e+09
   3  theta       -1.00780e-04   1.00000e+00  -0.00000e+00   1.91200e+04
   4  pileup       9.99492e-04   1.00000e+00   0.00000e+00  -7.73483e+07
 EXTERNAL ERROR MATRIX.    NDIM=  25    NPAR=  4    ERR DEF=1
  7.778e+01  1.498e-07  6.107e-04 -1.174e-07 
  1.498e-07  1.000e+00 -1.171e-12 -8.535e-16 
  6.107e-04 -1.171e-12  1.000e+00  1.527e-12 
 -1.174e-07 -8.535e-16  1.527e-12  1.000e+00 
ERR MATRIX APPROXIMATE
 PARAMETER  CORRELATION COEFFICIENTS  
       NO.  GLOBAL      1      2      3      4
        1  0.00007   1.000  0.000  0.000 -0.000
        2  0.00000   0.000  1.000 -0.000 -0.000
        3  0.00007   0.000 -0.000  1.000  0.000
        4  0.00000  -0.000 -0.000  0.000  1.000
 ERR MATRIX APPROXIMATE
 **********
 **    2 **MIGRAD 
 **********
 START MIGRAD MINIMIZATION.  STRATEGY  1.  CONVERGENCE WHEN EDM .LT. 1.00e-04
 FCN=-2.37857e+11 FROM MIGRAD    STATUS=INITIATE       12 CALLS         102 TOTAL
                     EDM=1.17201e+17    STRATEGY= 1  ERROR MATRIX UNCERTAINTY 100.0 per cent
  EXT PARAMETER                APPROXIMATE        STEP         FIRST   
  NO.   NAME      VALUE            ERROR          SIZE      DERIVATIVE 
   1  norm         5.58998e+05   8.81918e+00   0.00000e+00   2.74558e-03
   2  Q            5.64984e-01   1.00000e+00   0.00000e+00   2.65766e+04
   3  theta       -1.00780e-04   1.00000e+00  -0.00000e+00   1.91027e+04
   4  pileup       9.99492e-04   1.00000e+00   0.00000e+00  -7.73171e+07
 MIGRAD FAILS TO FIND IMPROVEMENT
 EIGENVALUES OF SECOND-DERIVATIVE MATRIX:
        -6.5361e-04  3.6691e-01  8.4978e-01  2.7840e+00
 MINUIT WARNING IN HESSE   
 ============== MATRIX FORCED POS-DEF BY ADDING 0.003438 TO DIAGONAL.
 FCN=-2.37857e+11 FROM HESSE     STATUS=NOT POSDEF     29 CALLS         142 TOTAL
                     EDM=6.17274    STRATEGY= 1      ERR MATRIX NOT POS-DEF
  EXT PARAMETER                APPROXIMATE        STEP         FIRST   
  NO.   NAME      VALUE            ERROR          SIZE      DERIVATIVE 
   1  norm         5.58998e+05   9.60780e+01   5.32822e+02   8.89056e-03
   2  Q            5.64984e-01   3.16028e-05   9.45006e-05   2.64815e+04
   3  theta       -1.00780e-04   1.19619e-04   1.85069e-02   3.52478e+03
   4  pileup       9.99492e-04   1.05193e-07   2.09809e-05  -4.88713e+07
 MIGRAD FAILS TO FIND IMPROVEMENT
 MACHINE ACCURACY LIMITS FURTHER IMPROVEMENT.
 MIGRAD MINIMIZATION HAS CONVERGED.
 MIGRAD WILL VERIFY CONVERGENCE AND ERROR MATRIX.
 EIGENVALUES OF SECOND-DERIVATIVE MATRIX:
        -7.3312e-04  3.6664e-01  8.5013e-01  2.7840e+00
 MINUIT WARNING IN HESSE   
 ============== MATRIX FORCED POS-DEF BY ADDING 0.003517 TO DIAGONAL.
 MIGRAD TERMINATED WITHOUT CONVERGENCE.
 FCN=-2.37857e+11 FROM MIGRAD    STATUS=FAILED        137 CALLS         227 TOTAL
                     EDM=0.0174904    STRATEGY= 1      ERR MATRIX NOT POS-DEF
  EXT PARAMETER                APPROXIMATE        STEP         FIRST   
  NO.   NAME      VALUE            ERROR          SIZE      DERIVATIVE 
   1  norm         5.58967e+05   9.60796e+01   1.72582e+03   3.30826e-03
   2  Q            5.64994e-01   3.16011e-05   9.47870e-05   9.86967e+03
   3  theta        7.21675e-06   1.19419e-04   1.85137e-02   6.86549e+02
   4  pileup       9.99757e-04   1.05035e-07   2.09848e-05   1.20321e+06
 EXTERNAL ERROR MATRIX.    NDIM=  25    NPAR=  4    ERR DEF=1
  9.231e+03 -3.022e-03 -4.033e-03 -1.488e-06 
 -3.022e-03  9.986e-10  1.514e-09  4.869e-13 
 -4.033e-03  1.514e-09  1.426e-08  5.711e-12 
 -1.488e-06  4.869e-13  5.711e-12  1.103e-14 
ERR MATRIX NOT POS-DEF
 PARAMETER  CORRELATION COEFFICIENTS  
       NO.  GLOBAL      1      2      3      4
        1  0.99716   1.000 -0.995 -0.351 -0.147
        2  0.99729  -0.995  1.000  0.401  0.147
        3  0.76004  -0.351  0.401  1.000  0.455
        4  0.54645  -0.147  0.147  0.455  1.000
 ERR MATRIX NOT POS-DEF
status of the fit-----000------4
1  558967
2  0.564994
3  7.21675e-06
4  0.000999757
 PARAMETER DEFINITIONS:
    NO.   NAME         VALUE      STEP SIZE      LIMITS
     1 norm         5.58967e+05  1.00000e-01     no limits
     2 Q            5.64994e-01  1.00000e-01     no limits
     3 theta        7.21675e-06  1.00000e-01     no limits
     4 pileup       9.99757e-04  1.00000e-01     no limits
 **********
 **    3 **MIGRAD
 **********
 FIRST CALL TO USER FUNCTION AT NEW START POINT, WITH IFLAG=4.
 START MIGRAD MINIMIZATION.  STRATEGY  1.  CONVERGENCE WHEN EDM .LT. 1.00e-04
 FCN=-2.37857e+11 FROM MIGRAD    STATUS=INITIATE       16 CALLS         244 TOTAL
                     EDM= unknown      STRATEGY= 1      NO ERROR MATRIX       
  EXT PARAMETER               CURRENT GUESS       STEP         FIRST   
  NO.   NAME      VALUE            ERROR          SIZE      DERIVATIVE 
   1  norm         5.58967e+05   1.00000e-01   1.00000e-01   3.43491e-03
   2  Q            5.64994e-01   1.00000e-01   1.00000e-01   6.24941e+06
   3  theta        7.21675e-06   1.00000e-01   1.00000e-01   1.62437e+04
   4  pileup       9.99757e-04   1.00000e-01   1.00000e-01  -9.18028e+11
 MIGRAD FAILS TO FIND IMPROVEMENT
 COVARIANCE MATRIX CALCULATED SUCCESSFULLY
 FCN=-2.37857e+11 FROM HESSE     STATUS=OK             29 CALLS         284 TOTAL
                     EDM=0.148202    STRATEGY= 1      ERROR MATRIX ACCURATE 
  EXT PARAMETER                                   STEP         FIRST   
  NO.   NAME      VALUE            ERROR          SIZE      DERIVATIVE 
   1  norm         5.58967e+05   2.27463e+02   2.66536e+00   3.32041e-03
   2  Q            5.64994e-01   2.17173e-05   1.00000e-03   9.87497e+03
   3  theta        7.21675e-06   1.89806e-03   1.85044e-02   6.86543e+02
   4  pileup       9.99757e-04   9.24500e-08   1.00000e-02   6.55991e+05
 MIGRAD FAILS TO FIND IMPROVEMENT
 MACHINE ACCURACY LIMITS FURTHER IMPROVEMENT.
 MIGRAD MINIMIZATION HAS CONVERGED.
 MIGRAD WILL VERIFY CONVERGENCE AND ERROR MATRIX.
 EIGENVALUES OF SECOND-DERIVATIVE MATRIX:
        -7.3279e-04  3.6665e-01  8.5013e-01  2.7840e+00
 MINUIT WARNING IN HESSE   
 ============== MATRIX FORCED POS-DEF BY ADDING 0.003517 TO DIAGONAL.
 MIGRAD TERMINATED WITHOUT CONVERGENCE.
 FCN=-2.37857e+11 FROM MIGRAD    STATUS=FAILED        183 CALLS         411 TOTAL
                     EDM=0.0113496    STRATEGY= 1      ERR MATRIX NOT POS-DEF
  EXT PARAMETER                APPROXIMATE        STEP         FIRST   
  NO.   NAME      VALUE            ERROR          SIZE      DERIVATIVE 
   1  norm         5.58967e+05   9.60801e+01   1.72582e+03   1.71878e-03
   2  Q            5.64994e-01   3.16011e-05   9.47874e-05   5.10867e+03
   3  theta        1.72716e-06   1.19413e-04   1.85138e-02  -3.03651e+02
   4  pileup       9.99756e-04   1.05034e-07   2.09848e-05   1.57271e+06
 EXTERNAL ERROR MATRIX.    NDIM=  25    NPAR=  4    ERR DEF=1
  9.231e+03 -3.022e-03 -4.032e-03 -1.487e-06 
 -3.022e-03  9.986e-10  1.513e-09  4.868e-13 
 -4.032e-03  1.513e-09  1.426e-08  5.711e-12 
 -1.487e-06  4.868e-13  5.711e-12  1.103e-14 
ERR MATRIX NOT POS-DEF
 PARAMETER  CORRELATION COEFFICIENTS  
       NO.  GLOBAL      1      2      3      4
        1  0.99716   1.000 -0.995 -0.351 -0.147
        2  0.99729  -0.995  1.000  0.401  0.147
        3  0.76001  -0.351  0.401  1.000  0.455
        4  0.54644  -0.147  0.147  0.455  1.000
 ERR MATRIX NOT POS-DEF
 **********
 **    4 **MIGRAD 
 **********
 START MIGRAD MINIMIZATION.  STRATEGY  1.  CONVERGENCE WHEN EDM .LT. 1.00e-04
 FCN=-2.37857e+11 FROM MIGRAD    STATUS=INITIATE        8 CALLS         419 TOTAL
                     EDM=0.290728    STRATEGY= 1      ERR MATRIX NOT POS-DEF
  EXT PARAMETER                APPROXIMATE        STEP         FIRST   
  NO.   NAME      VALUE            ERROR          SIZE      DERIVATIVE 
   1  norm         5.58967e+05   9.60801e+01   1.72582e+03  -8.51615e-03
   2  Q            5.64994e-01   3.16011e-05   9.47874e-05   5.43828e+03
   3  theta        1.72716e-06   1.19413e-04   1.85138e-02   2.16672e+03
   4  pileup       9.99756e-04   1.05034e-07   2.09848e-05  -2.93798e+06
 MIGRAD FAILS TO FIND IMPROVEMENT
 MACHINE ACCURACY LIMITS FURTHER IMPROVEMENT.
 MIGRAD MINIMIZATION HAS CONVERGED.
 MIGRAD WILL VERIFY CONVERGENCE AND ERROR MATRIX.
 EIGENVALUES OF SECOND-DERIVATIVE MATRIX:
        -4.2723e-04  3.7223e-01  8.5174e-01  2.7765e+00
 MINUIT WARNING IN HESSE   
 ============== MATRIX FORCED POS-DEF BY ADDING 0.003204 TO DIAGONAL.
 FCN=-2.37857e+11 FROM HESSE     STATUS=NOT POSDEF     31 CALLS         461 TOTAL
                     EDM=0.00595572    STRATEGY= 1      ERR MATRIX NOT POS-DEF
  EXT PARAMETER                APPROXIMATE        STEP         FIRST   
  NO.   NAME      VALUE            ERROR          SIZE      DERIVATIVE 
   1  norm         5.58967e+05   9.69981e+01   6.90328e+02   1.80642e-03
   2  Q            5.64994e-01   3.14217e-05   1.89575e-04   5.09700e+03
   3  theta        1.72716e-06   1.10715e-04   7.40551e-03  -3.24678e+02
   4  pileup       9.99756e-04   1.03957e-07   8.39390e-06   1.61106e+06
 MIGRAD FAILS TO FIND IMPROVEMENT
 MIGRAD TERMINATED WITHOUT CONVERGENCE.
 FCN=-2.37857e+11 FROM MIGRAD    STATUS=FAILED         92 CALLS         503 TOTAL
                     EDM=6.94853e+07    STRATEGY= 1      ERR MATRIX NOT POS-DEF
  EXT PARAMETER                APPROXIMATE        STEP         FIRST   
  NO.   NAME      VALUE            ERROR          SIZE      DERIVATIVE 
   1  norm         5.58967e+05   9.15295e+00  -0.00000e+00  -6.45358e-02
   2  Q            5.64994e-01   2.77842e-08   0.00000e+00  -5.59543e+08
   3  theta       -9.33975e-07   1.10896e-04   0.00000e+00   1.55704e+04
   4  pileup       9.99749e-04   9.37643e-08   0.00000e+00  -2.84666e+07
 EXTERNAL ERROR MATRIX.    NDIM=  25    NPAR=  4    ERR DEF=1
  8.378e+01  1.891e-09  5.545e-04  2.814e-08 
  1.891e-09  7.720e-16  7.577e-15 -2.947e-16 
  5.545e-04  7.577e-15  1.230e-08  5.326e-12 
  2.814e-08 -2.947e-16  5.326e-12  8.792e-15 
ERR MATRIX NOT POS-DEF
 PARAMETER  CORRELATION COEFFICIENTS  
       NO.  GLOBAL      1      2      3      4
        1  0.61820   1.000  0.007  0.546  0.033
        2  0.13934   0.007  1.000  0.002 -0.113
        3  0.73892   0.546  0.002  1.000  0.512
        4  0.60160   0.033 -0.113  0.512  1.000
 ERR MATRIX NOT POS-DEF
status of the fit-----000------4
1  558967
2  0.564994
3  -9.33975e-07
4  0.000999749
 PARAMETER DEFINITIONS:
    NO.   NAME         VALUE      STEP SIZE      LIMITS
     1 norm         5.58967e+05  1.00000e-01     no limits
     2 Q            5.64994e-01  1.00000e-01     no limits
     3 theta       -9.33975e-07  1.00000e-01     no limits
     4 pileup       9.99749e-04  1.00000e-01     no limits
 **********
 **    5 **MIGRAD
 **********
 FIRST CALL TO USER FUNCTION AT NEW START POINT, WITH IFLAG=4.
 START MIGRAD MINIMIZATION.  STRATEGY  1.  CONVERGENCE WHEN EDM .LT. 1.00e-04
 FCN=-2.37857e+11 FROM MIGRAD    STATUS=INITIATE       16 CALLS         520 TOTAL
                     EDM= unknown      STRATEGY= 1      NO ERROR MATRIX       
  EXT PARAMETER               CURRENT GUESS       STEP         FIRST   
  NO.   NAME      VALUE            ERROR          SIZE      DERIVATIVE 
   1  norm         5.58967e+05   1.00000e-01   1.00000e-01   9.15975e-05
   2  Q            5.64994e-01   1.00000e-01   1.00000e-01   6.26633e+06
   3  theta       -9.33975e-07   1.00000e-01   1.00000e-01   1.55539e+04
   4  pileup       9.99749e-04   1.00000e-01   1.00000e-01  -9.18028e+11
 MIGRAD FAILS TO FIND IMPROVEMENT
 COVARIANCE MATRIX CALCULATED SUCCESSFULLY
 FCN=-2.37857e+11 FROM HESSE     STATUS=OK             29 CALLS         560 TOTAL
                     EDM=0.222004    STRATEGY= 1      ERROR MATRIX ACCURATE 
  EXT PARAMETER                                   STEP         FIRST   
  NO.   NAME      VALUE            ERROR          SIZE      DERIVATIVE 
   1  norm         5.58967e+05   1.89468e+02   2.66536e+00  -2.86242e-05
   2  Q            5.64994e-01   1.80965e-05   1.00000e-03  -3.26861e+02
   3  theta       -9.33975e-07   1.58346e-03   1.85045e-02   5.95040e+02
   4  pileup       9.99749e-04   9.24456e-08   1.00000e-02  -5.72823e+05
 MIGRAD FAILS TO FIND IMPROVEMENT
 MACHINE ACCURACY LIMITS FURTHER IMPROVEMENT.
 MIGRAD MINIMIZATION HAS CONVERGED.
 MIGRAD WILL VERIFY CONVERGENCE AND ERROR MATRIX.
 EIGENVALUES OF SECOND-DERIVATIVE MATRIX:
        -4.8506e-04  3.6703e-01  8.4961e-01  2.7838e+00
 MINUIT WARNING IN HESSE   
 ============== MATRIX FORCED POS-DEF BY ADDING 0.003269 TO DIAGONAL.
 MIGRAD TERMINATED WITHOUT CONVERGENCE.
 FCN=-2.37857e+11 FROM MIGRAD    STATUS=FAILED        111 CALLS         615 TOTAL
                     EDM=0.00601763    STRATEGY= 1      ERR MATRIX NOT POS-DEF
  EXT PARAMETER                APPROXIMATE        STEP         FIRST   
  NO.   NAME      VALUE            ERROR          SIZE      DERIVATIVE 
   1  norm         5.58967e+05   9.60641e+01   5.33072e+00   1.43121e-05
   2  Q            5.64994e-01   3.16016e-05   1.02990e-04  -3.29650e+02
   3  theta       -9.33984e-07   1.19711e-04   1.85138e-02   5.95635e+02
   4  pileup       9.99749e-04   1.05285e-07   2.14098e-05  -1.16564e+06
 EXTERNAL ERROR MATRIX.    NDIM=  25    NPAR=  4    ERR DEF=1
  9.228e+03 -3.022e-03 -4.109e-03 -1.632e-06 
 -3.022e-03  9.987e-10  1.539e-09  5.343e-13 
 -4.109e-03  1.539e-09  1.433e-08  5.790e-12 
 -1.632e-06  5.343e-13  5.790e-12  1.108e-14 
ERR MATRIX NOT POS-DEF
 PARAMETER  CORRELATION COEFFICIENTS  
       NO.  GLOBAL      1      2      3      4
        1  0.99716   1.000 -0.995 -0.357 -0.161
        2  0.99729  -0.995  1.000  0.407  0.161
        3  0.76132  -0.357  0.407  1.000  0.459
        4  0.54934  -0.161  0.161  0.459  1.000
 ERR MATRIX NOT POS-DEF
 **********
 **    6 **MIGRAD 
 **********
 START MIGRAD MINIMIZATION.  STRATEGY  1.  CONVERGENCE WHEN EDM .LT. 1.00e-04
 FCN=-2.37857e+11 FROM MIGRAD    STATUS=INITIATE        8 CALLS         623 TOTAL
                     EDM=1.82859    STRATEGY= 1      ERR MATRIX NOT POS-DEF
  EXT PARAMETER                APPROXIMATE        STEP         FIRST   
  NO.   NAME      VALUE            ERROR          SIZE      DERIVATIVE 
   1  norm         5.58967e+05   9.60641e+01   5.33072e+00   8.01478e-05
   2  Q            5.64994e-01   3.16016e-05   1.02990e-04  -3.05945e+02
   3  theta       -9.33984e-07   1.19711e-04   1.85138e-02   1.55696e+04
   4  pileup       9.99749e-04   1.05285e-07   2.14098e-05  -2.84623e+07
 MIGRAD FAILS TO FIND IMPROVEMENT
 MACHINE ACCURACY LIMITS FURTHER IMPROVEMENT.
 MIGRAD MINIMIZATION HAS CONVERGED.
 MIGRAD WILL VERIFY CONVERGENCE AND ERROR MATRIX.
 EIGENVALUES OF SECOND-DERIVATIVE MATRIX:
        -5.3780e-04  3.6649e-01  8.4926e-01  2.7848e+00
 MINUIT WARNING IN HESSE   
 ============== MATRIX FORCED POS-DEF BY ADDING 0.003323 TO DIAGONAL.
 FCN=-2.37857e+11 FROM HESSE     STATUS=NOT POSDEF     27 CALLS         661 TOTAL
                     EDM=0.0028172    STRATEGY= 1      ERR MATRIX NOT POS-DEF
  EXT PARAMETER                APPROXIMATE        STEP         FIRST   
  NO.   NAME      VALUE            ERROR          SIZE      DERIVATIVE 
   1  norm         5.58967e+05   9.59762e+01   1.06614e+01   8.58727e-05
   2  Q            5.64994e-01   3.16176e-05   4.11962e-05  -3.29650e+02
   3  theta       -9.33984e-07   1.20992e-04   1.85138e-02   5.95644e+02
   4  pileup       9.99749e-04   1.05484e-07   2.09846e-05  -1.11900e+06
 MIGRAD FAILS TO FIND IMPROVEMENT
 MACHINE ACCURACY LIMITS FURTHER IMPROVEMENT.
 MIGRAD MINIMIZATION HAS CONVERGED.
 MIGRAD WILL VERIFY CONVERGENCE AND ERROR MATRIX.
 EIGENVALUES OF SECOND-DERIVATIVE MATRIX:
        -5.9284e-04  3.6682e-01  8.4950e-01  2.7843e+00
 MINUIT WARNING IN HESSE   
 ============== MATRIX FORCED POS-DEF BY ADDING 0.003377 TO DIAGONAL.
 MIGRAD TERMINATED WITHOUT CONVERGENCE.
 FCN=-2.37857e+11 FROM MIGRAD    STATUS=FAILED        103 CALLS         718 TOTAL
                     EDM=0.00565259    STRATEGY= 1      ERR MATRIX NOT POS-DEF
  EXT PARAMETER                APPROXIMATE        STEP         FIRST   
  NO.   NAME      VALUE            ERROR          SIZE      DERIVATIVE 
   1  norm         5.58967e+05   9.60449e+01   2.13229e+01   9.30288e-05
   2  Q            5.64994e-01   3.16054e-05   8.23923e-05  -3.56504e+02
   3  theta       -9.34054e-07   1.20077e-04   1.85138e-02   5.95578e+02
   4  pileup       9.99749e-04   1.05342e-07   2.09846e-05  -1.11888e+06
 EXTERNAL ERROR MATRIX.    NDIM=  25    NPAR=  4    ERR DEF=1
  9.225e+03 -3.022e-03 -4.194e-03 -1.668e-06 
 -3.022e-03  9.989e-10  1.567e-09  5.464e-13 
 -4.194e-03  1.567e-09  1.442e-08  5.824e-12 
 -1.668e-06  5.464e-13  5.824e-12  1.110e-14 
ERR MATRIX NOT POS-DEF
 PARAMETER  CORRELATION COEFFICIENTS  
       NO.  GLOBAL      1      2      3      4
        1  0.99716   1.000 -0.995 -0.364 -0.165
        2  0.99729  -0.995  1.000  0.413  0.164
        3  0.76303  -0.364  0.413  1.000  0.460
        4  0.55009  -0.165  0.164  0.460  1.000
 ERR MATRIX NOT POS-DEF
status of the fit-----000------4
1  558967
2  0.564994
3  -9.34054e-07
4  0.000999749
