  *******************************************
  *                                         *
  *        W E L C O M E  to  R O O T       *
  *                                         *
  *   Version   5.34/36      5 April 2016   *
  *                                         *
  *  You are welcome to visit our Web site  *
  *          http://root.cern.ch            *
  *                                         *
  *******************************************

ROOT 5.34/36 (v5-34-36@v5-34-36, Apr 05 2016, 10:25:45 on linuxx8664gcc)

CINT/ROOT C/C++ Interpreter version 5.18.00, July 2, 2010
Type ? for help. Commands must be C++ statements.
Enclose multiple statements between { }.
Loading root init file.
The rat/rootinit.C file loaded the DEAP style for you, which is available from the fStyle pointer.
DEAP style applied. 
RAT: Libraries loaded.

Processing /home/fatemigh/projects/rpp-jillings/fatemigh/sterile/Likelihood/LikelihoodSterile_modified6.C+(15)...
pased here
566 lines read from file
31
spec_E  566
Before entering fitting
 **********
 **    1 **SET PRINT           2
 **********
 **********
 **    2 **SET NOGRAD
 **********
 PARAMETER DEFINITIONS:
    NO.   NAME         VALUE      STEP SIZE      LIMITS
     1 p0           5.58000e+05  1.67400e+05     no limits
     2 p1           5.65000e-01  1.69500e-01     no limits
     3 p2           0.00000e+00  3.00000e-01     no limits
     4 p3           9.99871e-04  2.99961e-04     no limits
 **********
 **    3 **SET ERR         0.5
 **********
 **********
 **    4 **SET PRINT           2
 **********
 **********
 **    5 **SET STR           1
 **********
 NOW USING STRATEGY  1: TRY TO BALANCE SPEED AGAINST RELIABILITY
 **********
 **    6 **MIGRAD        1480        0.01
 **********
 FIRST CALL TO USER FUNCTION AT NEW START POINT, WITH IFLAG=4.
 START MIGRAD MINIMIZATION.  STRATEGY  1.  CONVERGENCE WHEN EDM .LT. 1.00e-05
 FCN=17128.7 FROM MIGRAD    STATUS=INITIATE       16 CALLS          17 TOTAL
                     EDM= unknown      STRATEGY= 1      NO ERROR MATRIX       
  EXT PARAMETER               CURRENT GUESS       STEP         FIRST   
  NO.   NAME      VALUE            ERROR          SIZE      DERIVATIVE 
   1  p0           5.58000e+05   1.67400e+05   1.67400e+05  -3.60937e+01
   2  p1           5.65000e-01   1.69500e-01   1.69500e-01  -5.10149e+08
   3  p2           0.00000e+00   3.00000e-01   3.00000e-01   2.07715e+06
   4  p3           9.99871e-04   2.99961e-04   2.99961e-04  -9.98538e+08
                               ERR DEF= 0.5
NO ERROR MATRIX       
 FCN=2523.58 FROM MIGRAD    STATUS=PROGRESS       34 CALLS          35 TOTAL
                     EDM=6106.77    STRATEGY= 1      NO ERROR MATRIX       
  EXT PARAMETER               CURRENT GUESS       STEP         FIRST   
  NO.   NAME      VALUE            ERROR          SIZE      DERIVATIVE 
   1  p0           5.58480e+05   1.67400e+05   4.80417e+02  -5.38161e+00
   2  p1           5.65028e-01   1.69500e-01   2.77143e-05  -1.66447e+07
   3  p2          -3.19589e-03   3.00000e-01  -3.19589e-03  -5.23447e+05
   4  p3           1.00184e-03   2.99961e-04   1.97039e-06   6.08488e+08
                               ERR DEF= 0.5
 MIGRAD MINIMIZATION HAS CONVERGED.
 MIGRAD WILL VERIFY CONVERGENCE AND ERROR MATRIX.
   START COVARIANCE MATRIX CALCULATION.
 EIGENVALUES OF SECOND-DERIVATIVE MATRIX:
        -1.4657e-04  3.5256e-01  8.3527e-01  2.8123e+00
 MINUIT WARNING IN HESSE   
 ============== MATRIX FORCED POS-DEF BY ADDING 0.002959 TO DIAGONAL.
 FCN=61.1753 FROM HESSE     STATUS=NOT POSDEF     29 CALLS         109 TOTAL
                     EDM=0.000176702    STRATEGY= 1      ERR MATRIX NOT POS-DEF
  EXT PARAMETER                APPROXIMATE        STEP         FIRST   
  NO.   NAME      VALUE            ERROR          SIZE      DERIVATIVE 
   1  p0           5.58841e+05   6.80729e+01   2.66476e-01   3.82091e-05
   2  p1           5.65034e-01   2.21026e-05   2.69429e-07   9.66277e+02
   3  p2          -5.12566e-05   8.69379e-05   3.11020e-07  -4.50499e+00
   4  p3           9.99804e-04   7.26465e-08   4.76744e-10   1.36058e+04
                               ERR DEF= 0.5
 PARAMETER  CORRELATION COEFFICIENTS  
       NO.  GLOBAL      1      2      3      4
        1  0.99717   1.000 -0.995 -0.135 -0.087
        2  0.99722  -0.995  1.000  0.194  0.087
        3  0.73638  -0.135  0.194  1.000  0.428
        4  0.52674  -0.087  0.087  0.428  1.000
 ERR MATRIX NOT POS-DEF
 FCN=61.1694 FROM MIGRAD    STATUS=PROGRESS      120 CALLS         121 TOTAL
                     EDM=0.00632635    STRATEGY= 1      ERR MATRIX NOT POS-DEF
  EXT PARAMETER                APPROXIMATE        STEP         FIRST   
  NO.   NAME      VALUE            ERROR          SIZE      DERIVATIVE 
   1  p0           5.58878e+05   6.80729e+01   3.74095e+01  -4.93017e-03
   2  p1           5.65021e-01   2.21026e-05  -1.22082e-05  -1.42165e+04
   3  p2          -6.10037e-05   8.69379e-05  -9.74712e-06  -8.03551e+02
   4  p3           9.99799e-04   7.26465e-08  -5.24109e-09  -5.79184e+05
                               ERR DEF= 0.5
 MIGRAD FAILS TO FIND IMPROVEMENT
 MIGRAD MINIMIZATION HAS CONVERGED.
 MIGRAD WILL VERIFY CONVERGENCE AND ERROR MATRIX.
   START COVARIANCE MATRIX CALCULATION.
 EIGENVALUES OF SECOND-DERIVATIVE MATRIX:
         7.3502e-05  4.0273e-01  8.8677e-01  2.7104e+00
 COVARIANCE MATRIX CALCULATED SUCCESSFULLY
 MIGRAD TERMINATED WITHOUT CONVERGENCE.
 FCN=61.0587 FROM MIGRAD    STATUS=FAILED        221 CALLS         222 TOTAL
                     EDM=1.64706e-05    STRATEGY= 1      ERR MATRIX APPROXIMATE
  EXT PARAMETER                APPROXIMATE        STEP         FIRST   
  NO.   NAME      VALUE            ERROR          SIZE      DERIVATIVE 
   1  p0           5.59581e+05   4.21768e+02   2.66829e-01  -1.87174e-05
   2  p1           5.64795e-01   1.36318e-04   2.69315e-07  -4.39234e+01
   3  p2          -9.15083e-05   8.19736e-05   2.65501e-07   3.31987e+01
   4  p3           9.99802e-04   7.18104e-08   4.76743e-10  -2.05255e+04
                               ERR DEF= 0.5
 EXTERNAL ERROR MATRIX.    NDIM=  25    NPAR=  4    ERR DEF=0.5
  1.779e+05 -5.749e-02 -1.958e-02  1.486e-06 
 -5.749e-02  1.858e-08  6.396e-09 -4.858e-13 
 -1.958e-02  6.396e-09  6.720e-09  1.985e-12 
  1.486e-06 -4.858e-13  1.985e-12  5.157e-15 
ERR MATRIX APPROXIMATE
 PARAMETER  CORRELATION COEFFICIENTS  
       NO.  GLOBAL      1      2      3      4
        1  0.99993   1.000 -1.000 -0.566  0.049
        2  0.99993  -1.000  1.000  0.572 -0.050
        3  0.79560  -0.566  0.572  1.000  0.337
        4  0.53580   0.049 -0.050  0.337  1.000
 ERR MATRIX APPROXIMATE
 FCN=61.0587 FROM MIGRAD    STATUS=FAILED        221 CALLS         222 TOTAL
                     EDM=1.64706e-05    STRATEGY= 1      ERR MATRIX APPROXIMATE
  EXT PARAMETER                  PARABOLIC         MINOS ERRORS        
  NO.   NAME      VALUE            ERROR      NEGATIVE      POSITIVE   
   1  p0           5.59581e+05   4.21768e+02                            
   2  p1           5.64795e-01   1.36318e-04                            
   3  p2          -9.15083e-05   8.19736e-05                            
   4  p3           9.99802e-04   7.18104e-08                            
                               ERR DEF= 0.5
 **********
 **    7 **SET PRINT           2
 **********
 **********
 **    8 **SET NOGRAD
 **********
 PARAMETER DEFINITIONS:
    NO.   NAME         VALUE      STEP SIZE      LIMITS
     1 p0           5.59581e+05  4.21768e+02     no limits
     2 p1           5.64795e-01  1.36318e-04     no limits
     3 p2          -9.15083e-05  8.19736e-05     no limits
     4 p3           9.99802e-04  7.18104e-08     no limits
 **********
 **    9 **SET ERR         0.5
 **********
 **********
 **   10 **SET PRINT           2
 **********
 **********
 **   11 **SET STR           1
 **********
 NOW USING STRATEGY  1: TRY TO BALANCE SPEED AGAINST RELIABILITY
 **********
 **   12 **MIGRAD        1480        0.01
 **********
 FIRST CALL TO USER FUNCTION AT NEW START POINT, WITH IFLAG=4.
 START MIGRAD MINIMIZATION.  STRATEGY  1.  CONVERGENCE WHEN EDM .LT. 1.00e-05
 FCN=61.0587 FROM MIGRAD    STATUS=INITIATE       16 CALLS          17 TOTAL
                     EDM= unknown      STRATEGY= 1      NO ERROR MATRIX       
  EXT PARAMETER               CURRENT GUESS       STEP         FIRST   
  NO.   NAME      VALUE            ERROR          SIZE      DERIVATIVE 
   1  p0           5.59581e+05   4.21768e+02   4.21768e+02  -1.58649e-05
   2  p1           5.64795e-01   1.36318e-04   1.36318e-04  -4.92260e+01
   3  p2          -9.15083e-05   8.19736e-05   8.19736e-05   2.09897e+01
   4  p3           9.99802e-04   7.18104e-08   7.18104e-08  -2.08237e+04
                               ERR DEF= 0.5
NO ERROR MATRIX       
 FCN=61.0587 FROM MIGRAD    STATUS=PROGRESS       35 CALLS          36 TOTAL
                     EDM=4.02121e-06    STRATEGY= 1      NO ERROR MATRIX       
  EXT PARAMETER               CURRENT GUESS       STEP         FIRST   
  NO.   NAME      VALUE            ERROR          SIZE      DERIVATIVE 
   1  p0           5.59581e+05   4.21768e+02   3.68680e-04   1.80282e-04
   2  p1           5.64795e-01   1.36318e-04   1.18013e-10   5.79902e+02
   3  p2          -9.15538e-05   8.19736e-05  -4.54692e-08  -3.29899e+00
   4  p3           9.99802e-04   7.18104e-08   6.76356e-11   7.67414e+03
                               ERR DEF= 0.5
 MIGRAD FAILS TO FIND IMPROVEMENT
 MIGRAD MINIMIZATION HAS CONVERGED.
 MIGRAD WILL VERIFY CONVERGENCE AND ERROR MATRIX.
   START COVARIANCE MATRIX CALCULATION.
 EIGENVALUES OF SECOND-DERIVATIVE MATRIX:
         1.5593e-03  4.0336e-01  8.8996e-01  2.7051e+00
 COVARIANCE MATRIX CALCULATED SUCCESSFULLY
 FCN=61.0587 FROM MIGRAD    STATUS=CONVERGED      65 CALLS          66 TOTAL
                     EDM=4.00052e-06    STRATEGY= 1      ERROR MATRIX ACCURATE 
  EXT PARAMETER                                   STEP         FIRST   
  NO.   NAME      VALUE            ERROR          SIZE      DERIVATIVE 
   1  p0           5.59581e+05   9.18210e+01   2.66829e-01   1.78656e-04
   2  p1           5.64795e-01   2.94917e-05   2.69315e-07   5.70438e+02
   3  p2          -9.15538e-05   6.96821e-05   2.68278e-07  -3.71385e+01
   4  p3           9.99802e-04   7.50700e-08   4.76743e-10   2.50940e+04
                               ERR DEF= 0.5
 EXTERNAL ERROR MATRIX.    NDIM=  25    NPAR=  4    ERR DEF=0.5
  8.431e+03 -2.702e-03  1.358e-03  2.318e-06 
 -2.702e-03  8.698e-10 -3.669e-10 -7.486e-13 
  1.358e-03 -3.669e-10  4.856e-09  2.458e-12 
  2.318e-06 -7.486e-13  2.458e-12  5.636e-15 
 PARAMETER  CORRELATION COEFFICIENTS  
       NO.  GLOBAL      1      2      3      4
        1  0.99844   1.000 -0.998  0.212  0.336
        2  0.99844  -0.998  1.000 -0.179 -0.338
        3  0.69228   0.212 -0.179  1.000  0.470
        4  0.59762   0.336 -0.338  0.470  1.000
 EXTERNAL ERROR MATRIX.    NDIM=   4    NPAR=  4    ERR DEF=0.5
  8.431e+03 -2.702e-03  1.358e-03  2.318e-06 
 -2.702e-03  8.698e-10 -3.669e-10 -7.486e-13 
  1.358e-03 -3.669e-10  4.856e-09  2.458e-12 
  2.318e-06 -7.486e-13  2.458e-12  5.636e-15 
 FCN=61.0587 FROM MIGRAD    STATUS=CONVERGED      65 CALLS          66 TOTAL
                     EDM=4.00052e-06    STRATEGY= 1      ERROR MATRIX ACCURATE 
  EXT PARAMETER                  PARABOLIC         MINOS ERRORS        
  NO.   NAME      VALUE            ERROR      NEGATIVE      POSITIVE   
   1  p0           5.59581e+05   9.18210e+01                            
   2  p1           5.64795e-01   2.94917e-05                            
   3  p2          -9.15538e-05   6.96821e-05                            
   4  p3           9.99802e-04   7.50700e-08                            
                               ERR DEF= 0.5
------------------------------------------
Enering ROOFIt-------
 PARAMETER DEFINITIONS:
    NO.   NAME         VALUE      STEP SIZE      LIMITS
     1 norm         5.59581e+05  1.00000e-01     no limits
     2 Q            5.65000e-01  1.00000e-01     no limits
     3 theta        0.00000e+00  1.00000e-01     no limits
     4 pileup       9.99802e-04  1.00000e-01     no limits
 **********
 **    1 **MIGRAD
 **********
 FIRST CALL TO USER FUNCTION AT NEW START POINT, WITH IFLAG=4.
 START MIGRAD MINIMIZATION.  STRATEGY  1.  CONVERGENCE WHEN EDM .LT. 1.00e-04
 FCN=-2.37858e+11 FROM MIGRAD    STATUS=INITIATE       16 CALLS          17 TOTAL
                     EDM= unknown      STRATEGY= 1      NO ERROR MATRIX       
  EXT PARAMETER               CURRENT GUESS       STEP         FIRST   
  NO.   NAME      VALUE            ERROR          SIZE      DERIVATIVE 
   1  norm         5.59581e+05   1.00000e-01   1.00000e-01   2.40702e+01
   2  Q            5.65000e-01   1.00000e-01   1.00000e-01   3.74146e+08
   3  theta        0.00000e+00   1.00000e-01   1.00000e-01  -1.35824e+06
   4  pileup       9.99802e-04   1.00000e-01   1.00000e-01  -9.17210e+11
 MIGRAD FAILS TO FIND IMPROVEMENT
 COVARIANCE MATRIX CALCULATED SUCCESSFULLY
 FCN=-2.37858e+11 FROM HESSE     STATUS=OK             27 CALLS          55 TOTAL
                     EDM=9.27048e+06    STRATEGY= 1      ERROR MATRIX ACCURATE 
  EXT PARAMETER                                   STEP         FIRST   
  NO.   NAME      VALUE            ERROR          SIZE      DERIVATIVE 
   1  norm         5.59581e+05   2.14911e+02   2.66829e+00   2.40702e+01
   2  Q            5.65000e-01   2.04908e-05   1.00000e-03   7.49306e+07
   3  theta        0.00000e+00   1.79043e-03   1.85051e-02  -1.37320e+06
   4  pileup       9.99802e-04   9.24580e-08   1.00000e-02   6.66087e+08
 MIGRAD FAILS TO FIND IMPROVEMENT
 MACHINE ACCURACY LIMITS FURTHER IMPROVEMENT.
 MIGRAD MINIMIZATION HAS CONVERGED.
 MIGRAD WILL VERIFY CONVERGENCE AND ERROR MATRIX.
 EIGENVALUES OF SECOND-DERIVATIVE MATRIX:
        -4.1460e-01  3.6150e-01  6.8938e-01  3.3637e+00
 MINUIT WARNING IN HESSE   
 ============== MATRIX FORCED POS-DEF BY ADDING 0.417961 TO DIAGONAL.
 MIGRAD TERMINATED WITHOUT CONVERGENCE.
 FCN=-2.37858e+11 FROM MIGRAD    STATUS=FAILED        305 CALLS         306 TOTAL
                     EDM=2.11193    STRATEGY= 1      ERR MATRIX NOT POS-DEF
  EXT PARAMETER                APPROXIMATE        STEP         FIRST   
  NO.   NAME      VALUE            ERROR          SIZE      DERIVATIVE 
   1  norm         5.58811e+05   3.84937e+01   1.72535e+03  -1.16969e-01
   2  Q            5.65042e-01   5.45591e-06   5.55024e-04  -3.59566e+05
   3  theta       -4.60085e-05   7.29574e-04   1.85484e-02  -1.08929e+03
   4  pileup       9.99896e-04   1.87758e-07   2.09865e-05   1.71564e+07
 EXTERNAL ERROR MATRIX.    NDIM=  25    NPAR=  4    ERR DEF=1
  1.482e+03 -2.067e-04 -2.729e-02  6.384e-06 
 -2.067e-04  2.977e-11  3.959e-09 -9.262e-13 
 -2.729e-02  3.959e-09  5.323e-07 -1.213e-10 
  6.384e-06 -9.262e-13 -1.213e-10  3.525e-14 
ERR MATRIX NOT POS-DEF
 PARAMETER  CORRELATION COEFFICIENTS  
       NO.  GLOBAL      1      2      3      4
        1  0.98743   1.000 -0.984 -0.972  0.883
        2  0.99803  -0.984  1.000  0.994 -0.904
        3  0.99597  -0.972  0.994  1.000 -0.885
        4  0.91904   0.883 -0.904 -0.885  1.000
 ERR MATRIX NOT POS-DEF
 **********
 **    2 **MIGRAD 
 **********
 START MIGRAD MINIMIZATION.  STRATEGY  1.  CONVERGENCE WHEN EDM .LT. 1.00e-04
 FCN=-2.37858e+11 FROM MIGRAD    STATUS=INITIATE        8 CALLS         314 TOTAL
                     EDM=1.21669    STRATEGY= 1      ERR MATRIX NOT POS-DEF
  EXT PARAMETER                APPROXIMATE        STEP         FIRST   
  NO.   NAME      VALUE            ERROR          SIZE      DERIVATIVE 
   1  norm         5.58811e+05   3.84937e+01   1.72535e+03  -1.27207e-01
   2  Q            5.65042e-01   5.45591e-06   5.55024e-04  -3.59465e+05
   3  theta       -4.60085e-05   7.29574e-04   1.85484e-02   1.37728e+03
   4  pileup       9.99896e-04   1.87758e-07   2.09865e-05   1.26463e+07
 MIGRAD FAILS TO FIND IMPROVEMENT
 MACHINE ACCURACY LIMITS FURTHER IMPROVEMENT.
 MIGRAD MINIMIZATION HAS CONVERGED.
 MIGRAD WILL VERIFY CONVERGENCE AND ERROR MATRIX.
 EIGENVALUES OF SECOND-DERIVATIVE MATRIX:
        -2.6390e-04  3.7136e-01  8.5130e-01  2.7776e+00
 MINUIT WARNING IN HESSE   
 ============== MATRIX FORCED POS-DEF BY ADDING 0.003042 TO DIAGONAL.
 FCN=-2.37858e+11 FROM HESSE     STATUS=NOT POSDEF     29 CALLS         354 TOTAL
                     EDM=1.09368    STRATEGY= 1      ERR MATRIX NOT POS-DEF
  EXT PARAMETER                APPROXIMATE        STEP         FIRST   
  NO.   NAME      VALUE            ERROR          SIZE      DERIVATIVE 
   1  norm         5.58811e+05   9.68556e+01   6.90139e+02  -1.16882e-01
   2  Q            5.65042e-01   3.14481e-05   9.70473e-05  -3.59559e+05
   3  theta       -4.60085e-05   1.11642e-04   7.41938e-03  -1.11006e+03
   4  pileup       9.99896e-04   1.04060e-07   8.39462e-06   1.71947e+07
 MINUIT WARNING IN MIGRAD  
 ============== Negative diagonal element 2 in Error Matrix
 MINUIT WARNING IN MIGRAD  
 ============== 1 added to diagonal of error matrix
 MIGRAD FAILS TO FIND IMPROVEMENT
 MIGRAD TERMINATED WITHOUT CONVERGENCE.
 FCN=-2.37858e+11 FROM MIGRAD    STATUS=FAILED         86 CALLS         392 TOTAL
                     EDM=6.2189e+08    STRATEGY= 1      ERR MATRIX NOT POS-DEF
  EXT PARAMETER                APPROXIMATE        STEP         FIRST   
  NO.   NAME      VALUE            ERROR          SIZE      DERIVATIVE 
   1  norm         5.58883e+05   9.24583e+00  -0.00000e+00  -4.99534e-02
   2  Q            5.65020e-01   1.00000e+00  -0.00000e+00   1.59381e+09
   3  theta       -6.38751e-05   1.00000e+00  -0.00000e+00   1.23389e+04
   4  pileup       9.99808e-04   1.00000e+00   0.00000e+00  -2.63179e+07
 EXTERNAL ERROR MATRIX.    NDIM=  25    NPAR=  4    ERR DEF=1
  8.549e+01  8.014e-08  5.499e-04 -1.238e-08 
  8.014e-08  1.000e+00 -1.121e-14  1.355e-16 
  5.499e-04 -1.121e-14  1.000e+00  4.958e-12 
 -1.238e-08  1.355e-16  4.958e-12  1.000e+00 
ERR MATRIX NOT POS-DEF
 PARAMETER  CORRELATION COEFFICIENTS  
       NO.  GLOBAL      1      2      3      4
        1  0.00006   1.000  0.000  0.000 -0.000
        2  0.00000   0.000  1.000 -0.000  0.000
        3  0.00006   0.000 -0.000  1.000  0.000
        4  0.00000  -0.000  0.000  0.000  1.000
 ERR MATRIX NOT POS-DEF
status of the fit-----000------4
1  558883
2  0.56502
3  -6.38751e-05
4  0.000999808
 PARAMETER DEFINITIONS:
    NO.   NAME         VALUE      STEP SIZE      LIMITS
     1 norm         5.58883e+05  1.00000e-01     no limits
     2 Q            5.65020e-01  1.00000e-01     no limits
     3 theta       -6.38751e-05  1.00000e-01     no limits
     4 pileup       9.99808e-04  1.00000e-01     no limits
 **********
 **    3 **MIGRAD
 **********
 FIRST CALL TO USER FUNCTION AT NEW START POINT, WITH IFLAG=4.
 START MIGRAD MINIMIZATION.  STRATEGY  1.  CONVERGENCE WHEN EDM .LT. 1.00e-04
 FCN=-2.37858e+11 FROM MIGRAD    STATUS=INITIATE       16 CALLS         409 TOTAL
                     EDM= unknown      STRATEGY= 1      NO ERROR MATRIX       
  EXT PARAMETER               CURRENT GUESS       STEP         FIRST   
  NO.   NAME      VALUE            ERROR          SIZE      DERIVATIVE 
   1  norm         5.58883e+05   1.00000e-01   1.00000e-01   1.46521e-02
   2  Q            5.65020e-01   1.00000e-01   1.00000e-01   7.09245e+06
   3  theta       -6.38751e-05   1.00000e-01   1.00000e-01   1.22977e+04
   4  pileup       9.99808e-04   1.00000e-01   1.00000e-01  -9.18059e+11
 MIGRAD FAILS TO FIND IMPROVEMENT
 COVARIANCE MATRIX CALCULATED SUCCESSFULLY
 FCN=-2.37858e+11 FROM HESSE     STATUS=OK             29 CALLS         449 TOTAL
                     EDM=33.2487    STRATEGY= 1      ERROR MATRIX ACCURATE 
  EXT PARAMETER                                   STEP         FIRST   
  NO.   NAME      VALUE            ERROR          SIZE      DERIVATIVE 
   1  norm         5.58883e+05   3.10827e+02   2.66496e+00   1.46006e-02
   2  Q            5.65020e-01   2.96735e-05   1.00000e-03   4.76382e+04
   3  theta       -6.38751e-05   2.59319e-03   1.85237e-02  -3.24527e+03
   4  pileup       9.99808e-04   9.24616e-08   1.00000e-02   1.57426e+06
 MIGRAD FAILS TO FIND IMPROVEMENT
 MACHINE ACCURACY LIMITS FURTHER IMPROVEMENT.
 MIGRAD MINIMIZATION HAS CONVERGED.
 MIGRAD WILL VERIFY CONVERGENCE AND ERROR MATRIX.
 EIGENVALUES OF SECOND-DERIVATIVE MATRIX:
        -6.4713e-04  3.6679e-01  8.4980e-01  2.7841e+00
 MINUIT WARNING IN HESSE   
 ============== MATRIX FORCED POS-DEF BY ADDING 0.003431 TO DIAGONAL.
 MIGRAD TERMINATED WITHOUT CONVERGENCE.
 FCN=-2.37858e+11 FROM MIGRAD    STATUS=FAILED        152 CALLS         545 TOTAL
                     EDM=0.0126922    STRATEGY= 1      ERR MATRIX NOT POS-DEF
  EXT PARAMETER                APPROXIMATE        STEP         FIRST   
  NO.   NAME      VALUE            ERROR          SIZE      DERIVATIVE 
   1  norm         5.58882e+05   9.60683e+01   5.32992e+02  -1.61551e-02
   2  Q            5.65020e-01   3.16012e-05   9.61576e-05  -4.84537e+04
   3  theta       -5.38193e-05   1.19645e-04   1.85330e-02   4.59646e+02
   4  pileup       9.99809e-04   1.05204e-07   2.09852e-05   6.01492e+05
 EXTERNAL ERROR MATRIX.    NDIM=  25    NPAR=  4    ERR DEF=1
  9.229e+03 -3.022e-03 -4.064e-03 -1.583e-06 
 -3.022e-03  9.986e-10  1.524e-09  5.183e-13 
 -4.064e-03  1.524e-09  1.432e-08  5.767e-12 
 -1.583e-06  5.183e-13  5.767e-12  1.107e-14 
ERR MATRIX NOT POS-DEF
 PARAMETER  CORRELATION COEFFICIENTS  
       NO.  GLOBAL      1      2      3      4
        1  0.99716   1.000 -0.995 -0.354 -0.157
        2  0.99729  -0.995  1.000  0.403  0.156
        3  0.76050  -0.354  0.403  1.000  0.458
        4  0.54843  -0.157  0.156  0.458  1.000
 ERR MATRIX NOT POS-DEF
 **********
 **    4 **MIGRAD 
 **********
 START MIGRAD MINIMIZATION.  STRATEGY  1.  CONVERGENCE WHEN EDM .LT. 1.00e-04
 FCN=-2.37858e+11 FROM MIGRAD    STATUS=INITIATE        8 CALLS         553 TOTAL
                     EDM=0.0400402    STRATEGY= 1      ERR MATRIX NOT POS-DEF
  EXT PARAMETER                APPROXIMATE        STEP         FIRST   
  NO.   NAME      VALUE            ERROR          SIZE      DERIVATIVE 
   1  norm         5.58882e+05   9.60683e+01   5.32992e+02  -1.71312e-02
   2  Q            5.65020e-01   3.16012e-05   9.61576e-05  -4.80678e+04
   3  theta       -5.38193e-05   1.19645e-04   1.85330e-02   2.92801e+03
   4  pileup       9.99809e-04   1.05204e-07   2.09852e-05  -3.90913e+06
 MIGRAD FAILS TO FIND IMPROVEMENT
 MACHINE ACCURACY LIMITS FURTHER IMPROVEMENT.
 MIGRAD MINIMIZATION HAS CONVERGED.
 MIGRAD WILL VERIFY CONVERGENCE AND ERROR MATRIX.
 EIGENVALUES OF SECOND-DERIVATIVE MATRIX:
        -3.9487e-04  3.7223e-01  8.5164e-01  2.7765e+00
 MINUIT WARNING IN HESSE   
 ============== MATRIX FORCED POS-DEF BY ADDING 0.003171 TO DIAGONAL.
 FCN=-2.37858e+11 FROM HESSE     STATUS=NOT POSDEF     29 CALLS         593 TOTAL
                     EDM=0.0065124    STRATEGY= 1      ERR MATRIX NOT POS-DEF
  EXT PARAMETER                APPROXIMATE        STEP         FIRST   
  NO.   NAME      VALUE            ERROR          SIZE      DERIVATIVE 
   1  norm         5.58882e+05   9.69867e+01   2.13197e+02  -1.61304e-02
   2  Q            5.65020e-01   3.14226e-05   1.92315e-04  -4.84406e+04
   3  theta       -5.38193e-05   1.10836e-04   7.41318e-03   4.38425e+02
   4  pileup       9.99809e-04   1.03985e-07   8.39410e-06   6.39729e+05
 MINUIT WARNING IN MIGRAD  
 ============== Negative diagonal element 2 in Error Matrix
 MINUIT WARNING IN MIGRAD  
 ============== 1 added to diagonal of error matrix
 MIGRAD FAILS TO FIND IMPROVEMENT
 MIGRAD TERMINATED WITHOUT CONVERGENCE.
 FCN=-2.37858e+11 FROM MIGRAD    STATUS=FAILED         93 CALLS         638 TOTAL
                     EDM=5.38342e+08    STRATEGY= 1      ERR MATRIX NOT POS-DEF
  EXT PARAMETER                APPROXIMATE        STEP         FIRST   
  NO.   NAME      VALUE            ERROR          SIZE      DERIVATIVE 
   1  norm         5.58889e+05   8.93454e+00  -0.00000e+00  -1.04483e-02
   2  Q            5.65018e-01   1.00000e+00  -0.00000e+00   1.46454e+09
   3  theta       -5.47766e-05   1.00000e+00  -0.00000e+00   1.51318e+04
   4  pileup       9.99804e-04   1.00000e+00   0.00000e+00  -2.83130e+07
 EXTERNAL ERROR MATRIX.    NDIM=  25    NPAR=  4    ERR DEF=1
  7.983e+01  3.849e-09  5.350e-04  1.741e-07 
  3.849e-09  1.000e+00 -2.096e-14  9.204e-17 
  5.350e-04 -2.096e-14  1.000e+00  5.162e-12 
  1.741e-07  9.204e-17  5.162e-12  1.000e+00 
ERR MATRIX NOT POS-DEF
 PARAMETER  CORRELATION COEFFICIENTS  
       NO.  GLOBAL      1      2      3      4
        1  0.00006   1.000  0.000  0.000  0.000
        2  0.00000   0.000  1.000 -0.000  0.000
        3  0.00006   0.000 -0.000  1.000  0.000
        4  0.00000   0.000  0.000  0.000  1.000
 ERR MATRIX NOT POS-DEF
status of the fit-----000------4
1  558889
2  0.565018
3  -5.47766e-05
4  0.000999804
 PARAMETER DEFINITIONS:
    NO.   NAME         VALUE      STEP SIZE      LIMITS
     1 norm         5.58889e+05  1.00000e-01     no limits
     2 Q            5.65018e-01  1.00000e-01     no limits
     3 theta       -5.47766e-05  1.00000e-01     no limits
     4 pileup       9.99804e-04  1.00000e-01     no limits
 **********
 **    5 **MIGRAD
 **********
 FIRST CALL TO USER FUNCTION AT NEW START POINT, WITH IFLAG=4.
 START MIGRAD MINIMIZATION.  STRATEGY  1.  CONVERGENCE WHEN EDM .LT. 1.00e-04
 FCN=-2.37858e+11 FROM MIGRAD    STATUS=INITIATE       16 CALLS         655 TOTAL
                     EDM= unknown      STRATEGY= 1      NO ERROR MATRIX       
  EXT PARAMETER               CURRENT GUESS       STEP         FIRST   
  NO.   NAME      VALUE            ERROR          SIZE      DERIVATIVE 
   1  norm         5.58889e+05   1.00000e-01   1.00000e-01   5.30194e-03
   2  Q            5.65018e-01   1.00000e-01   1.00000e-01   6.73779e+06
   3  theta       -5.47766e-05   1.00000e-01   1.00000e-01   1.51142e+04
   4  pileup       9.99804e-04   1.00000e-01   1.00000e-01  -9.18059e+11
 MIGRAD FAILS TO FIND IMPROVEMENT
 COVARIANCE MATRIX CALCULATED SUCCESSFULLY
 FCN=-2.37858e+11 FROM HESSE     STATUS=OK             29 CALLS         695 TOTAL
                     EDM=0.679446    STRATEGY= 1      ERROR MATRIX ACCURATE 
  EXT PARAMETER                                   STEP         FIRST   
  NO.   NAME      VALUE            ERROR          SIZE      DERIVATIVE 
   1  norm         5.58889e+05   2.29670e+02   2.66499e+00   5.32485e-03
   2  Q            5.65018e-01   2.19334e-05   1.00000e-03   1.82023e+04
   3  theta       -5.47766e-05   1.91886e-03   1.85221e-02  -4.30051e+02
   4  pileup       9.99804e-04   9.24494e-08   1.00000e-02  -4.20536e+05
 MIGRAD FAILS TO FIND IMPROVEMENT
 MIGRAD TERMINATED WITHOUT CONVERGENCE.
 FCN=-2.37858e+11 FROM MIGRAD    STATUS=FAILED         98 CALLS         737 TOTAL
                     EDM=1.96236e+08    STRATEGY= 1  ERROR MATRIX UNCERTAINTY 100.0 per cent
  EXT PARAMETER                APPROXIMATE        STEP         FIRST   
  NO.   NAME      VALUE            ERROR          SIZE      DERIVATIVE 
   1  norm         5.58889e+05   9.14735e+00  -0.00000e+00  -2.49924e-04
   2  Q            5.65018e-01   1.53282e-09  -0.00000e+00   1.46445e+09
   3  theta       -5.37511e-05   9.92872e-05   0.00000e+00   1.56558e+04
   4  pileup       9.99804e-04   9.50141e-09   0.00000e+00  -2.85566e+07
 EXTERNAL ERROR MATRIX.    NDIM=  25    NPAR=  4    ERR DEF=1
  8.367e+01 -4.967e-09  5.519e-04  4.114e-08 
 -4.967e-09  2.350e-18 -8.882e-14 -8.088e-18 
  5.519e-04 -8.882e-14  9.858e-09  8.969e-13 
  4.114e-08 -8.088e-18  8.969e-13  9.028e-17 
ERR MATRIX APPROXIMATE
 PARAMETER  CORRELATION COEFFICIENTS  
       NO.  GLOBAL      1      2      3      4
        1  0.69456   1.000 -0.354  0.608  0.473
        2  0.58358  -0.354  1.000 -0.584 -0.555
        3  0.96845   0.608 -0.584  1.000  0.951
        4  0.95975   0.473 -0.555  0.951  1.000
 ERR MATRIX APPROXIMATE
 **********
 **    6 **MIGRAD 
 **********
 START MIGRAD MINIMIZATION.  STRATEGY  1.  CONVERGENCE WHEN EDM .LT. 1.00e-04
 FCN=-2.37858e+11 FROM MIGRAD    STATUS=INITIATE       12 CALLS         749 TOTAL
                     EDM=30.2371    STRATEGY= 1  ERROR MATRIX UNCERTAINTY 100.0 per cent
  EXT PARAMETER                APPROXIMATE        STEP         FIRST   
  NO.   NAME      VALUE            ERROR          SIZE      DERIVATIVE 
   1  norm         5.58889e+05   9.14735e+00  -0.00000e+00  -6.35558e-03
   2  Q            5.65018e-01   1.53282e-09  -0.00000e+00   1.07651e+03
   3  theta       -5.37511e-05   9.92872e-05   0.00000e+00   1.56553e+04
   4  pileup       9.99804e-04   9.50141e-09   0.00000e+00  -2.85567e+07
 MIGRAD FAILS TO FIND IMPROVEMENT
 MACHINE ACCURACY LIMITS FURTHER IMPROVEMENT.
 MIGRAD MINIMIZATION HAS CONVERGED.
 MIGRAD WILL VERIFY CONVERGENCE AND ERROR MATRIX.
 EIGENVALUES OF SECOND-DERIVATIVE MATRIX:
        -6.4789e-04  3.6679e-01  8.4980e-01  2.7841e+00
 MINUIT WARNING IN HESSE   
 ============== MATRIX FORCED POS-DEF BY ADDING 0.003432 TO DIAGONAL.
 FCN=-2.37858e+11 FROM HESSE     STATUS=NOT POSDEF     31 CALLS         791 TOTAL
                     EDM=0.000741051    STRATEGY= 1      ERR MATRIX NOT POS-DEF
  EXT PARAMETER                APPROXIMATE        STEP         FIRST   
  NO.   NAME      VALUE            ERROR          SIZE      DERIVATIVE 
   1  norm         5.58889e+05   9.60688e+01   5.32998e+02  -2.04692e-04
   2  Q            5.65018e-01   3.16013e-05   9.60313e-05   9.81170e+02
   3  theta       -5.37511e-05   1.19645e-04   1.85314e-02   9.54732e+01
   4  pileup       9.99804e-04   1.05205e-07   2.09852e-05  -1.21157e+05
 MINUIT WARNING IN MIGRAD  
 ============== Negative diagonal element 1 in Error Matrix
 MINUIT WARNING IN MIGRAD  
 ============== Negative diagonal element 2 in Error Matrix
 MINUIT WARNING IN MIGRAD  
 ============== 598.216 added to diagonal of error matrix
 MIGRAD FAILS TO FIND IMPROVEMENT
 MACHINE ACCURACY LIMITS FURTHER IMPROVEMENT.
 MIGRAD MINIMIZATION HAS CONVERGED.
 MIGRAD WILL VERIFY CONVERGENCE AND ERROR MATRIX.
 EIGENVALUES OF SECOND-DERIVATIVE MATRIX:
        -1.3670e-04  3.7110e-01  8.5080e-01  2.7782e+00
 MINUIT WARNING IN HESSE   
 ============== MATRIX FORCED POS-DEF BY ADDING 0.002915 TO DIAGONAL.
 MIGRAD TERMINATED WITHOUT CONVERGENCE.
 FCN=-2.37858e+11 FROM MIGRAD    STATUS=FAILED        108 CALLS         845 TOTAL
                     EDM=0.00429521    STRATEGY= 1      ERR MATRIX NOT POS-DEF
  EXT PARAMETER                APPROXIMATE        STEP         FIRST   
  NO.   NAME      VALUE            ERROR          SIZE      DERIVATIVE 
   1  norm         5.58898e+05   9.67887e+01   2.13199e+02  -5.33200e-04
   2  Q            5.65015e-01   3.14636e-05   3.84125e-05  -5.56129e+01
   3  theta       -5.88870e-05   1.12131e-04   7.41258e-03  -8.51807e+02
   4  pileup       9.99804e-04   1.04142e-07   8.39407e-06   3.34931e+05
 EXTERNAL ERROR MATRIX.    NDIM=  25    NPAR=  4    ERR DEF=1
  9.368e+03 -3.032e-03 -1.773e-03 -6.598e-07 
 -3.032e-03  9.900e-10  7.581e-10  2.102e-13 
 -1.773e-03  7.581e-10  1.257e-08  5.127e-12 
 -6.598e-07  2.102e-13  5.127e-12  1.085e-14 
ERR MATRIX NOT POS-DEF
 PARAMETER  CORRELATION COEFFICIENTS  
       NO.  GLOBAL      1      2      3      4
        1  0.99720   1.000 -0.995 -0.163 -0.065
        2  0.99726  -0.995  1.000  0.215  0.064
        3  0.72102  -0.163  0.215  1.000  0.439
        4  0.53477  -0.065  0.064  0.439  1.000
 ERR MATRIX NOT POS-DEF
status of the fit-----000------4
1  558898
2  0.565015
3  -5.8887e-05
4  0.000999804
 **********
 **   13 **SET PRINT           2
 **********
 **********
 **   14 **SET NOGRAD
 **********
 PARAMETER DEFINITIONS:
    NO.   NAME         VALUE      STEP SIZE      LIMITS
     1 p0           5.58000e+05  1.67400e+05     no limits
     2 p1           5.65000e-01  1.69500e-01     no limits
     3 p2           0.00000e+00  3.00000e-01     no limits
     4 p3           9.99871e-04  2.99961e-04     no limits
 **********
 **   15 **SET ERR         0.5
 **********
 **********
 **   16 **SET PRINT           2
 **********
 **********
 **   17 **SET STR           1
 **********
 NOW USING STRATEGY  1: TRY TO BALANCE SPEED AGAINST RELIABILITY
 **********
 **   18 **MIGRAD        1480        0.01
 **********
 FIRST CALL TO USER FUNCTION AT NEW START POINT, WITH IFLAG=4.
 START MIGRAD MINIMIZATION.  STRATEGY  1.  CONVERGENCE WHEN EDM .LT. 1.00e-05
 FCN=17108 FROM MIGRAD    STATUS=INITIATE       18 CALLS          19 TOTAL
                     EDM= unknown      STRATEGY= 1      NO ERROR MATRIX       
  EXT PARAMETER               CURRENT GUESS       STEP         FIRST   
  NO.   NAME      VALUE            ERROR          SIZE      DERIVATIVE 
   1  p0           5.58000e+05   1.67400e+05   1.67400e+05  -3.60608e+01
   2  p1           5.65000e-01   1.69500e-01   1.69500e-01  -1.11938e+08
   3  p2           0.00000e+00   3.00000e-01   3.00000e-01   2.04304e+06
   4  p3           9.99871e-04   2.99961e-04   2.99961e-04  -9.88210e+08
                               ERR DEF= 0.5
NO ERROR MATRIX       
 FCN=1344.94 FROM MIGRAD    STATUS=PROGRESS       36 CALLS          37 TOTAL
                     EDM=4003.52    STRATEGY= 1      NO ERROR MATRIX       
  EXT PARAMETER               CURRENT GUESS       STEP         FIRST   
  NO.   NAME      VALUE            ERROR          SIZE      DERIVATIVE 
   1  p0           5.58353e+05   1.67400e+05   3.52930e+02  -2.53422e+00
   2  p1           5.65114e-01   1.69500e-01   1.13809e-04  -7.80732e+06
   3  p2          -2.31151e-03   3.00000e-01  -2.31151e-03  -4.88774e+05
   4  p3           1.00130e-03   2.99961e-04   1.43386e-06   4.93507e+08
                               ERR DEF= 0.5
 FCN=69.4656 FROM MIGRAD    STATUS=PROGRESS      151 CALLS         152 TOTAL
                     EDM=0.00933914    STRATEGY= 1  ERROR MATRIX UNCERTAINTY  29.0 per cent
  EXT PARAMETER                APPROXIMATE        STEP         FIRST   
  NO.   NAME      VALUE            ERROR          SIZE      DERIVATIVE 
   1  p0           5.57445e+05   9.34189e+02  -4.67294e+00  -2.88831e-03
   2  p1           5.65487e-01   3.02300e-04   1.51413e-06  -9.25318e+03
   3  p2           2.02693e-04   9.58722e-05   3.16752e-07   1.29733e+01
   4  p3           9.99838e-04   7.29558e-08   2.05440e-11   4.61952e+03
                               ERR DEF= 0.5
 MINUIT WARNING IN MIGRAD  
 ============== Negative diagonal element 1 in Error Matrix
 MINUIT WARNING IN MIGRAD  
 ============== Negative diagonal element 2 in Error Matrix
 MINUIT WARNING IN MIGRAD  
 ============== 197.274 added to diagonal of error matrix
 EIGENVALUES OF SECOND-DERIVATIVE MATRIX:
         9.9996e-01  1.0000e+00  1.0000e+00  1.0000e+00
 MIGRAD FAILS TO FIND IMPROVEMENT
   START COVARIANCE MATRIX CALCULATION.
 EIGENVALUES OF SECOND-DERIVATIVE MATRIX:
         2.8490e-01  6.2865e-01  9.4631e-01  2.1401e+00
 COVARIANCE MATRIX CALCULATED SUCCESSFULLY
 FCN=69.1488 FROM HESSE     STATUS=OK             25 CALLS         227 TOTAL
                     EDM=0.0927343    STRATEGY= 1      ERROR MATRIX ACCURATE 
  EXT PARAMETER                                   STEP         FIRST   
  NO.   NAME      VALUE            ERROR          SIZE      DERIVATIVE 
   1  p0           5.57403e+05   7.02626e+00   2.65790e-01   5.70818e-03
   2  p1           5.65501e-01   4.79839e-07   2.69652e-07   1.76394e+04
   3  p2           2.06692e-04   9.40620e-05   3.19294e-07  -2.03443e+03
   4  p3           9.99839e-04   7.38309e-08   4.76760e-10   6.60700e+06
                               ERR DEF= 0.5
 PARAMETER  CORRELATION COEFFICIENTS  
       NO.  GLOBAL      1      2      3      4
        1  0.68578   1.000 -0.206  0.596  0.026
        2  0.27977  -0.206  1.000  0.010  0.005
        3  0.74470   0.596  0.010  1.000  0.442
        4  0.53778   0.026  0.005  0.442  1.000
 FCN=69.0548 FROM MIGRAD    STATUS=PROGRESS      235 CALLS         236 TOTAL
                     EDM=0.0999424    STRATEGY= 1      ERROR MATRIX ACCURATE 
  EXT PARAMETER                                   STEP         FIRST   
  NO.   NAME      VALUE            ERROR          SIZE      DERIVATIVE 
   1  p0           5.57403e+05   7.02626e+00   4.42273e-01   5.39377e-04
   2  p1           5.65501e-01   4.79839e-07  -3.75284e-10  -9.29764e+05
   3  p2           2.02153e-04   9.40620e-05  -4.53903e-06   1.15276e+02
   4  p3           9.99809e-04   7.38309e-08  -2.98503e-08   8.11966e+04
                               ERR DEF= 0.5
 MIGRAD FAILS TO FIND IMPROVEMENT
 MIGRAD TERMINATED WITHOUT CONVERGENCE.
 FCN=69.0548 FROM MIGRAD    STATUS=FAILED        298 CALLS         299 TOTAL
                     EDM=0.379091    STRATEGY= 1  ERROR MATRIX UNCERTAINTY   1.5 per cent
  EXT PARAMETER                APPROXIMATE        STEP         FIRST   
  NO.   NAME      VALUE            ERROR          SIZE      DERIVATIVE 
   1  p0           5.57403e+05   6.46893e+00  -0.00000e+00   4.43241e-04
   2  p1           5.65501e-01   7.11436e-07   0.00000e+00  -9.36418e+05
   3  p2           2.02055e-04   7.81073e-05  -0.00000e+00   1.60371e+02
   4  p3           9.99808e-04   8.36548e-08  -0.00000e+00  -3.48244e+04
                               ERR DEF= 0.5
 EXTERNAL ERROR MATRIX.    NDIM=  25    NPAR=  4    ERR DEF=0.5
  4.185e+01 -4.511e-07  2.961e-04  1.088e-07 
 -4.511e-07  5.061e-13 -6.151e-13 -5.597e-14 
  2.961e-04 -6.151e-13  6.101e-09  1.791e-12 
  1.088e-07 -5.597e-14  1.791e-12  6.998e-15 
ERR MATRIX APPROXIMATE
 PARAMETER  CORRELATION COEFFICIENTS  
       NO.  GLOBAL      1      2      3      4
        1  0.62978   1.000 -0.098  0.586  0.201
        2  0.97677  -0.098  1.000 -0.011 -0.940
        3  0.85394   0.586 -0.011  1.000  0.274
        4  0.97831   0.201 -0.940  0.274  1.000
 ERR MATRIX APPROXIMATE
 FCN=69.0548 FROM MIGRAD    STATUS=FAILED        298 CALLS         299 TOTAL
                     EDM=0.379091    STRATEGY= 1  ERROR MATRIX UNCERTAINTY   1.5 per cent
  EXT PARAMETER                  PARABOLIC         MINOS ERRORS        
  NO.   NAME      VALUE            ERROR      NEGATIVE      POSITIVE   
   1  p0           5.57403e+05   6.46893e+00                            
   2  p1           5.65501e-01   7.11436e-07                            
   3  p2           2.02055e-04   7.81073e-05                            
   4  p3           9.99808e-04   8.36548e-08                            
                               ERR DEF= 0.5
 **********
 **   19 **SET PRINT           2
 **********
 **********
 **   20 **SET NOGRAD
 **********
 PARAMETER DEFINITIONS:
    NO.   NAME         VALUE      STEP SIZE      LIMITS
     1 p0           5.57403e+05  6.46893e+00     no limits
     2 p1           5.65501e-01  7.11436e-07     no limits
     3 p2           2.02055e-04  7.81073e-05     no limits
     4 p3           9.99808e-04  8.36548e-08     no limits
 **********
 **   21 **SET ERR         0.5
 **********
 **********
 **   22 **SET PRINT           2
 **********
 **********
 **   23 **SET STR           1
 **********
 NOW USING STRATEGY  1: TRY TO BALANCE SPEED AGAINST RELIABILITY
 **********
 **   24 **MIGRAD        1480        0.01
 **********
 FIRST CALL TO USER FUNCTION AT NEW START POINT, WITH IFLAG=4.
 START MIGRAD MINIMIZATION.  STRATEGY  1.  CONVERGENCE WHEN EDM .LT. 1.00e-05
 FCN=69.0548 FROM MIGRAD    STATUS=INITIATE       12 CALLS          13 TOTAL
                     EDM= unknown      STRATEGY= 1      NO ERROR MATRIX       
  EXT PARAMETER               CURRENT GUESS       STEP         FIRST   
  NO.   NAME      VALUE            ERROR          SIZE      DERIVATIVE 
   1  p0           5.57403e+05   6.46893e+00   6.46893e+00   4.43241e-04
   2  p1           5.65501e-01   7.11436e-07   7.11436e-07  -9.36418e+05
   3  p2           2.02055e-04   7.81073e-05   7.81073e-05   1.56907e+02
   4  p3           9.99808e-04   8.36548e-08   8.36548e-08  -3.48244e+04
                               ERR DEF= 0.5
NO ERROR MATRIX       
 FCN=69.0548 FROM MIGRAD    STATUS=PROGRESS       31 CALLS          32 TOTAL
                     EDM=0.239701    STRATEGY= 1      NO ERROR MATRIX       
  EXT PARAMETER               CURRENT GUESS       STEP         FIRST   
  NO.   NAME      VALUE            ERROR          SIZE      DERIVATIVE 
   1  p0           5.57403e+05   6.46893e+00  -1.05086e-05   4.58169e-04
   2  p1           5.65501e-01   7.11436e-07   1.16335e-10  -9.36355e+05
   3  p2           2.02055e-04   7.81073e-05  -4.26210e-10   1.54078e+02
   4  p3           9.99808e-04   8.36548e-08   1.15048e-13  -4.04331e+04
                               ERR DEF= 0.5
 MIGRAD FAILS TO FIND IMPROVEMENT
   START COVARIANCE MATRIX CALCULATION.
 EIGENVALUES OF SECOND-DERIVATIVE MATRIX:
         3.6559e-01  6.6357e-01  9.6602e-01  2.0048e+00
 COVARIANCE MATRIX CALCULATED SUCCESSFULLY
 FCN=69.0548 FROM HESSE     STATUS=OK             29 CALLS          72 TOTAL
                     EDM=6.57017e-05    STRATEGY= 1      ERROR MATRIX ACCURATE 
  EXT PARAMETER                                   STEP         FIRST   
  NO.   NAME      VALUE            ERROR          SIZE      DERIVATIVE 
   1  p0           5.57403e+05   6.49825e+00   2.65791e-01   4.57767e-04
   2  p1           5.65501e-01   3.79234e-07   2.69652e-07   9.95042e+02
   3  p2           2.02055e-04   7.26597e-05   3.14738e-07   1.38553e+02
   4  p3           9.99808e-04   6.82338e-08   4.76746e-10  -2.83300e+04
                               ERR DEF= 0.5
 PARAMETER  CORRELATION COEFFICIENTS  
       NO.  GLOBAL      1      2      3      4
        1  0.61816   1.000 -0.180  0.527 -0.054
        2  0.22395  -0.180  1.000  0.000 -0.001
        3  0.66896   0.527  0.000  1.000  0.371
        4  0.47733  -0.054 -0.001  0.371  1.000
 FCN=69.0547 FROM MIGRAD    STATUS=PROGRESS       82 CALLS          83 TOTAL
                     EDM=0.0630139    STRATEGY= 1      ERROR MATRIX ACCURATE 
  EXT PARAMETER                                   STEP         FIRST   
  NO.   NAME      VALUE            ERROR          SIZE      DERIVATIVE 
   1  p0           5.57403e+05   6.49825e+00  -6.73940e-02  -1.30645e-04
   2  p1           5.65501e-01   3.79234e-07   7.33512e-11  -9.36509e+05
   3  p2           2.01065e-04   7.26597e-05  -9.89621e-07   1.71580e+00
   4  p3           9.99808e-04   6.82338e-08  -1.39510e-10   4.72927e+03
                               ERR DEF= 0.5
 MIGRAD FAILS TO FIND IMPROVEMENT
 MIGRAD TERMINATED WITHOUT CONVERGENCE.
 FCN=69.0547 FROM MIGRAD    STATUS=FAILED        106 CALLS         107 TOTAL
                     EDM=0.000139731    STRATEGY= 1  ERROR MATRIX UNCERTAINTY  33.1 per cent
  EXT PARAMETER                APPROXIMATE        STEP         FIRST   
  NO.   NAME      VALUE            ERROR          SIZE      DERIVATIVE 
   1  p0           5.57403e+05   6.43914e+00  -0.00000e+00  -1.28222e-04
   2  p1           5.65501e-01   8.64862e-09   0.00000e+00  -9.36520e+05
   3  p2           2.01064e-04   3.25677e-05  -0.00000e+00   1.16358e+01
   4  p3           9.99808e-04   5.44891e-08   0.00000e+00   1.11731e+04
                               ERR DEF= 0.5
 EXTERNAL ERROR MATRIX.    NDIM=  25    NPAR=  4    ERR DEF=0.5
  4.146e+01 -3.293e-08  1.228e-04 -2.193e-07 
 -3.293e-08  7.480e-17 -1.819e-13  3.219e-16 
  1.228e-04 -1.819e-13  1.061e-09 -1.894e-12 
 -2.193e-07  3.219e-16 -1.894e-12  2.969e-15 
ERR MATRIX APPROXIMATE
 PARAMETER  CORRELATION COEFFICIENTS  
       NO.  GLOBAL      1      2      3      4
        1  0.64858   1.000 -0.591  0.585 -0.625
        2  0.69712  -0.591  1.000 -0.646  0.683
        3  1.07623   0.585 -0.646  1.000 -1.068
        4  1.06756  -0.625  0.683 -1.068  1.000
 ERR MATRIX APPROXIMATE
 FCN=69.0547 FROM MIGRAD    STATUS=FAILED        106 CALLS         107 TOTAL
                     EDM=0.000139731    STRATEGY= 1  ERROR MATRIX UNCERTAINTY  33.1 per cent
  EXT PARAMETER                  PARABOLIC         MINOS ERRORS        
  NO.   NAME      VALUE            ERROR      NEGATIVE      POSITIVE   
   1  p0           5.57403e+05   6.43914e+00                            
   2  p1           5.65501e-01   8.64862e-09                            
   3  p2           2.01064e-04   3.25677e-05                            
   4  p3           9.99808e-04   5.44891e-08                            
                               ERR DEF= 0.5
 **********
 **   25 **SET PRINT           2
 **********
 **********
 **   26 **SET NOGRAD
 **********
 PARAMETER DEFINITIONS:
    NO.   NAME         VALUE      STEP SIZE      LIMITS
     1 p0           5.57403e+05  6.43914e+00     no limits
     2 p1           5.65501e-01  8.64862e-09     no limits
     3 p2           2.01064e-04  3.25677e-05     no limits
     4 p3           9.99808e-04  5.44891e-08     no limits
 **********
 **   27 **SET ERR         0.5
 **********
 **********
 **   28 **SET PRINT           2
 **********
 **********
 **   29 **SET STR           1
 **********
 NOW USING STRATEGY  1: TRY TO BALANCE SPEED AGAINST RELIABILITY
 **********
 **   30 **MIGRAD        1480        0.01
 **********
 FIRST CALL TO USER FUNCTION AT NEW START POINT, WITH IFLAG=4.
 START MIGRAD MINIMIZATION.  STRATEGY  1.  CONVERGENCE WHEN EDM .LT. 1.00e-05
 FCN=69.0547 FROM MIGRAD    STATUS=INITIATE        8 CALLS           9 TOTAL
                     EDM= unknown      STRATEGY= 1      NO ERROR MATRIX       
  EXT PARAMETER               CURRENT GUESS       STEP         FIRST   
  NO.   NAME      VALUE            ERROR          SIZE      DERIVATIVE 
   1  p0           5.57403e+05   6.43914e+00   6.43914e+00  -1.28222e-04
   2  p1           5.65501e-01   8.64862e-09   8.64862e-09  -9.36520e+05
   3  p2           2.01064e-04   3.25677e-05   3.25677e-05   4.98218e+00
   4  p3           9.99808e-04   5.44891e-08   5.44891e-08   6.35178e+03
                               ERR DEF= 0.5
NO ERROR MATRIX       
 FCN=69.0547 FROM MIGRAD    STATUS=PROGRESS       27 CALLS          28 TOTAL
                     EDM=0.239255    STRATEGY= 1      NO ERROR MATRIX       
  EXT PARAMETER               CURRENT GUESS       STEP         FIRST   
  NO.   NAME      VALUE            ERROR          SIZE      DERIVATIVE 
   1  p0           5.57403e+05   6.43914e+00   9.97442e-05   3.31105e-04
   2  p1           5.65501e-01   8.64862e-09   3.82836e-09  -9.35016e+05
   3  p2           2.01063e-04   3.25677e-05  -3.84307e-10  -1.44470e+01
   4  p3           9.99808e-04   5.44891e-08  -6.93986e-13   2.21256e+04
                               ERR DEF= 0.5
 MIGRAD FAILS TO FIND IMPROVEMENT
   START COVARIANCE MATRIX CALCULATION.
 EIGENVALUES OF SECOND-DERIVATIVE MATRIX:
         3.5882e-01  6.4814e-01  9.8533e-01  2.0077e+00
 COVARIANCE MATRIX CALCULATED SUCCESSFULLY
 FCN=69.0547 FROM HESSE     STATUS=OK             27 CALLS          66 TOTAL
                     EDM=5.49476e-05    STRATEGY= 1      ERROR MATRIX ACCURATE 
  EXT PARAMETER                                   STEP         FIRST   
  NO.   NAME      VALUE            ERROR          SIZE      DERIVATIVE 
   1  p0           5.57403e+05   6.16223e+00   2.65791e-01   3.23684e-04
   2  p1           5.65501e-01   3.79574e-07   2.69652e-07   6.54704e+02
   3  p2           2.01063e-04   6.35080e-05   2.92629e-07   1.35614e+02
   4  p3           9.99808e-04   7.32964e-08   4.76746e-10   2.21466e+04
                               ERR DEF= 0.5
 PARAMETER  CORRELATION COEFFICIENTS  
       NO.  GLOBAL      1      2      3      4
        1  0.56054   1.000 -0.192  0.451 -0.013
        2  0.22411  -0.192  1.000 -0.007 -0.008
        3  0.68021   0.451 -0.007  1.000  0.496
        4  0.56569  -0.013 -0.008  0.496  1.000
 MIGRAD FAILS TO FIND IMPROVEMENT
 MIGRAD TERMINATED WITHOUT CONVERGENCE.
 FCN=69.0547 FROM MIGRAD    STATUS=FAILED         73 CALLS          74 TOTAL
                     EDM=5.49476e-05    STRATEGY= 1      ERR MATRIX APPROXIMATE
  EXT PARAMETER                APPROXIMATE        STEP         FIRST   
  NO.   NAME      VALUE            ERROR          SIZE      DERIVATIVE 
   1  p0           5.57403e+05   6.16223e+00  -0.00000e+00   3.23684e-04
   2  p1           5.65501e-01   3.79574e-07   0.00000e+00   6.54704e+02
   3  p2           2.01063e-04   6.35080e-05  -0.00000e+00   1.35614e+02
   4  p3           9.99808e-04   7.32964e-08  -0.00000e+00   2.21466e+04
                               ERR DEF= 0.5
 EXTERNAL ERROR MATRIX.    NDIM=  25    NPAR=  4    ERR DEF=0.5
  3.797e+01 -4.501e-07  1.765e-04 -6.068e-09 
 -4.501e-07  1.441e-13 -1.789e-13 -2.105e-16 
  1.765e-04 -1.789e-13  4.033e-09  2.307e-12 
 -6.068e-09 -2.105e-16  2.307e-12  5.372e-15 
ERR MATRIX APPROXIMATE
 PARAMETER  CORRELATION COEFFICIENTS  
       NO.  GLOBAL      1      2      3      4
        1  0.56054   1.000 -0.192  0.451 -0.013
        2  0.22411  -0.192  1.000 -0.007 -0.008
        3  0.68021   0.451 -0.007  1.000  0.496
        4  0.56569  -0.013 -0.008  0.496  1.000
 ERR MATRIX APPROXIMATE
 FCN=69.0547 FROM MIGRAD    STATUS=FAILED         73 CALLS          74 TOTAL
                     EDM=5.49476e-05    STRATEGY= 1      ERR MATRIX APPROXIMATE
  EXT PARAMETER                  PARABOLIC         MINOS ERRORS        
  NO.   NAME      VALUE            ERROR      NEGATIVE      POSITIVE   
   1  p0           5.57403e+05   6.16223e+00                            
   2  p1           5.65501e-01   3.79574e-07                            
   3  p2           2.01063e-04   6.35080e-05                            
   4  p3           9.99808e-04   7.32964e-08                            
                               ERR DEF= 0.5
------------------------------------------
Enering ROOFIt-------
 PARAMETER DEFINITIONS:
    NO.   NAME         VALUE      STEP SIZE      LIMITS
     1 norm         5.57403e+05  1.00000e-01     no limits
     2 Q            5.65000e-01  1.00000e-01     no limits
     3 theta        0.00000e+00  1.00000e-01     no limits
     4 pileup       9.99808e-04  1.00000e-01     no limits
 **********
 **    1 **MIGRAD
 **********
 FIRST CALL TO USER FUNCTION AT NEW START POINT, WITH IFLAG=4.
 START MIGRAD MINIMIZATION.  STRATEGY  1.  CONVERGENCE WHEN EDM .LT. 1.00e-04
 FCN=-2.37858e+11 FROM MIGRAD    STATUS=INITIATE       16 CALLS          17 TOTAL
                     EDM= unknown      STRATEGY= 1      NO ERROR MATRIX       
  EXT PARAMETER               CURRENT GUESS       STEP         FIRST   
  NO.   NAME      VALUE            ERROR          SIZE      DERIVATIVE 
   1  norm         5.57403e+05   1.00000e-01   1.00000e-01  -5.89474e+01
   2  Q            5.65000e-01   1.00000e-01   1.00000e-01  -8.91087e+08
   3  theta        0.00000e+00   1.00000e-01   1.00000e-01   3.37408e+06
   4  pileup       9.99808e-04   1.00000e-01   1.00000e-01  -9.20137e+11
 MIGRAD FAILS TO FIND IMPROVEMENT
 MACHINE ACCURACY LIMITS FURTHER IMPROVEMENT.
 MIGRAD MINIMIZATION HAS CONVERGED.
 FCN=-2.37858e+11 FROM MIGRAD    STATUS=CONVERGED     288 CALLS         289 TOTAL
                     EDM=0.31926    STRATEGY= 1  ERROR MATRIX UNCERTAINTY   2.6 per cent
  EXT PARAMETER                                   STEP         FIRST   
  NO.   NAME      VALUE            ERROR          SIZE      DERIVATIVE 
   1  norm         5.58943e+05   9.34687e+00   0.00000e+00   2.87208e-03
   2  Q            5.65003e-01   1.12883e-11   0.00000e+00   2.10759e+08
   3  theta        8.68193e-05   1.08264e-04   0.00000e+00   5.25738e+02
   4  pileup       9.99890e-04   4.66574e-08   0.00000e+00  -1.08466e+07
 EXTERNAL ERROR MATRIX.    NDIM=  25    NPAR=  4    ERR DEF=1
  8.736e+01  6.463e-13  6.180e-04  6.329e-08 
  6.463e-13 -1.274e-22  1.948e-17  1.964e-20 
  6.180e-04  1.948e-17  1.172e-08  1.651e-12 
  6.329e-08  1.964e-20  1.651e-12  2.177e-15 
 PARAMETER  CORRELATION COEFFICIENTS  
       NO.  GLOBAL      1      2      3      4
        1  0.00000   1.000  0.006  0.611  0.145
        2  0.00000   0.006 -1.000  0.016  0.037
        3  0.00000   0.611  0.016  1.000  0.327
        4  0.00000   0.145  0.037  0.327  1.000
 **********
 **    2 **MIGRAD 
 **********
 START MIGRAD MINIMIZATION.  STRATEGY  1.  CONVERGENCE WHEN EDM .LT. 1.00e-04
 FCN=-2.37858e+11 FROM MIGRAD    STATUS=INITIATE       12 CALLS         301 TOTAL
                     EDM=0.0644672    STRATEGY= 1  ERROR MATRIX UNCERTAINTY   2.6 per cent
  EXT PARAMETER                                   STEP         FIRST   
  NO.   NAME      VALUE            ERROR          SIZE      DERIVATIVE 
   1  norm         5.58943e+05   9.34687e+00   0.00000e+00   2.87206e-03
   2  Q            5.65003e-01   1.12883e-11   0.00000e+00   2.09606e+05
   3  theta        8.68193e-05   1.08264e-04   0.00000e+00   5.25739e+02
   4  pileup       9.99890e-04   4.66574e-08   0.00000e+00  -1.08466e+07
 MIGRAD FAILS TO FIND IMPROVEMENT
 MACHINE ACCURACY LIMITS FURTHER IMPROVEMENT.
 MIGRAD MINIMIZATION HAS CONVERGED.
 FCN=-2.37858e+11 FROM MIGRAD    STATUS=CONVERGED      20 CALLS         309 TOTAL
                     EDM=0.0644672    STRATEGY= 1  ERROR MATRIX UNCERTAINTY   2.6 per cent
  EXT PARAMETER                                   STEP         FIRST   
  NO.   NAME      VALUE            ERROR          SIZE      DERIVATIVE 
   1  norm         5.58943e+05   9.34687e+00   0.00000e+00   2.87206e-03
   2  Q            5.65003e-01   1.12883e-11   0.00000e+00   2.09606e+05
   3  theta        8.68193e-05   1.08264e-04   0.00000e+00   5.25739e+02
   4  pileup       9.99890e-04   4.66574e-08   0.00000e+00  -1.08466e+07
 EXTERNAL ERROR MATRIX.    NDIM=  25    NPAR=  4    ERR DEF=1
  8.736e+01  6.463e-13  6.180e-04  6.329e-08 
  6.463e-13 -1.274e-22  1.948e-17  1.964e-20 
  6.180e-04  1.948e-17  1.172e-08  1.651e-12 
  6.329e-08  1.964e-20  1.651e-12  2.177e-15 
 PARAMETER  CORRELATION COEFFICIENTS  
       NO.  GLOBAL      1      2      3      4
        1  0.00000   1.000  0.006  0.611  0.145
        2  0.00000   0.006 -1.000  0.016  0.037
        3  0.00000   0.611  0.016  1.000  0.327
        4  0.00000   0.145  0.037  0.327  1.000
status of the fit-----000------0
1  558943
2  0.565003
3  8.68193e-05
4  0.00099989
 **********
 **   31 **SET PRINT           2
 **********
 **********
 **   32 **SET NOGRAD
 **********
 PARAMETER DEFINITIONS:
    NO.   NAME         VALUE      STEP SIZE      LIMITS
     1 p0           5.58000e+05  1.67400e+05     no limits
     2 p1           5.65000e-01  1.69500e-01     no limits
     3 p2           0.00000e+00  3.00000e-01     no limits
     4 p3           9.99871e-04  2.99961e-04     no limits
 **********
 **   33 **SET ERR         0.5
 **********
 **********
 **   34 **SET PRINT           2
 **********
 **********
 **   35 **SET STR           1
 **********
 NOW USING STRATEGY  1: TRY TO BALANCE SPEED AGAINST RELIABILITY
 **********
 **   36 **MIGRAD        1480        0.01
 **********
 FIRST CALL TO USER FUNCTION AT NEW START POINT, WITH IFLAG=4.
 START MIGRAD MINIMIZATION.  STRATEGY  1.  CONVERGENCE WHEN EDM .LT. 1.00e-05
 FCN=17064.7 FROM MIGRAD    STATUS=INITIATE       18 CALLS          19 TOTAL
                     EDM= unknown      STRATEGY= 1      NO ERROR MATRIX       
  EXT PARAMETER               CURRENT GUESS       STEP         FIRST   
  NO.   NAME      VALUE            ERROR          SIZE      DERIVATIVE 
   1  p0           5.58000e+05   1.67400e+05   1.67400e+05  -3.59991e+01
   2  p1           5.65000e-01   1.69500e-01   1.69500e-01  -1.11748e+08
   3  p2           0.00000e+00   3.00000e-01   3.00000e-01   2.05510e+06
   4  p3           9.99871e-04   2.99961e-04   2.99961e-04  -9.68267e+08
                               ERR DEF= 0.5
NO ERROR MATRIX       
 FCN=1340.49 FROM MIGRAD    STATUS=PROGRESS       36 CALLS          37 TOTAL
                     EDM=4016.58    STRATEGY= 1      NO ERROR MATRIX       
  EXT PARAMETER               CURRENT GUESS       STEP         FIRST   
  NO.   NAME      VALUE            ERROR          SIZE      DERIVATIVE 
   1  p0           5.58352e+05   1.67400e+05   3.52439e+02  -2.50890e+00
   2  p1           5.65114e-01   1.69500e-01   1.13652e-04  -7.73105e+06
   3  p2          -2.32581e-03   3.00000e-01  -2.32581e-03  -4.74851e+05
   4  p3           1.00128e-03   2.99961e-04   1.40549e-06   5.07315e+08
                               ERR DEF= 0.5
 MIGRAD MINIMIZATION HAS CONVERGED.
 MIGRAD WILL VERIFY CONVERGENCE AND ERROR MATRIX.
   START COVARIANCE MATRIX CALCULATION.
 EIGENVALUES OF SECOND-DERIVATIVE MATRIX:
         8.5417e-04  3.4935e-01  9.1261e-01  2.7372e+00
 COVARIANCE MATRIX CALCULATED SUCCESSFULLY
 FCN=83.773 FROM HESSE     STATUS=OK             31 CALLS         101 TOTAL
                     EDM=4.45805e-05    STRATEGY= 1      ERROR MATRIX ACCURATE 
  EXT PARAMETER                                   STEP         FIRST   
  NO.   NAME      VALUE            ERROR          SIZE      DERIVATIVE 
   1  p0           5.58474e+05   1.24457e+02   2.66301e-01   3.00203e-05
   2  p1           5.65153e-01   3.96268e-05   2.69486e-07  -9.75512e+01
   3  p2           4.75474e-07   9.06694e-05   3.83442e-07   3.70815e+01
   4  p3           9.99696e-04   9.18443e-08   4.76692e-10  -7.05983e+03
                               ERR DEF= 0.5
 PARAMETER  CORRELATION COEFFICIENTS  
       NO.  GLOBAL      1      2      3      4
        1  0.99915   1.000 -0.999  0.570  0.601
        2  0.99913  -0.999  1.000 -0.547 -0.599
        3  0.81677   0.570 -0.547  1.000  0.670
        4  0.75527   0.601 -0.599  0.670  1.000
 FCN=83.773 FROM MIGRAD    STATUS=PROGRESS      112 CALLS         113 TOTAL
                     EDM=2.2457e-05    STRATEGY= 1      ERROR MATRIX ACCURATE 
  EXT PARAMETER                                   STEP         FIRST   
  NO.   NAME      VALUE            ERROR          SIZE      DERIVATIVE 
   1  p0           5.58474e+05   1.24457e+02  -6.37435e-01   2.11789e-05
   2  p1           5.65153e-01   3.96268e-05   2.01294e-07  -1.21916e+02
   3  p2           1.10476e-07   9.06694e-05  -3.64998e-07  -5.59736e+01
   4  p3           9.99696e-04   9.18443e-08  -3.18018e-10  -3.98388e+04
                               ERR DEF= 0.5
 MIGRAD FAILS TO FIND IMPROVEMENT
 MIGRAD MINIMIZATION HAS CONVERGED.
 MIGRAD WILL VERIFY CONVERGENCE AND ERROR MATRIX.
   START COVARIANCE MATRIX CALCULATION.
 EIGENVALUES OF SECOND-DERIVATIVE MATRIX:
         2.2154e-03  4.3012e-01  8.6095e-01  2.7067e+00
 COVARIANCE MATRIX CALCULATED SUCCESSFULLY
 MIGRAD TERMINATED WITHOUT CONVERGENCE.
 FCN=83.7691 FROM MIGRAD    STATUS=FAILED        222 CALLS         223 TOTAL
                     EDM=3.3565e-05    STRATEGY= 1      ERR MATRIX APPROXIMATE
  EXT PARAMETER                APPROXIMATE        STEP         FIRST   
  NO.   NAME      VALUE            ERROR          SIZE      DERIVATIVE 
   1  p0           5.58342e+05   7.69058e+01   2.66238e-01  -7.54214e-05
   2  p1           5.65196e-01   2.47699e-05   2.69506e-07  -3.14560e+00
   3  p2           7.81156e-06   6.96510e-05   3.34055e-07   8.55383e+00
   4  p3           9.99696e-04   6.91298e-08   4.76692e-10   2.19236e+04
                               ERR DEF= 0.5
 EXTERNAL ERROR MATRIX.    NDIM=  25    NPAR=  4    ERR DEF=0.5
  5.915e+03 -1.898e-03  4.935e-04  5.812e-07 
 -1.898e-03  6.135e-10 -8.493e-11 -1.954e-13 
  4.935e-04 -8.493e-11  4.851e-09  1.843e-12 
  5.812e-07 -1.954e-13  1.843e-12  4.779e-15 
ERR MATRIX APPROXIMATE
 PARAMETER  CORRELATION COEFFICIENTS  
       NO.  GLOBAL      1      2      3      4
        1  0.99779   1.000 -0.997  0.092  0.109
        2  0.99778  -0.997  1.000 -0.049 -0.114
        3  0.66517   0.092 -0.049  1.000  0.383
        4  0.49218   0.109 -0.114  0.383  1.000
 ERR MATRIX APPROXIMATE
 FCN=83.7691 FROM MIGRAD    STATUS=FAILED        222 CALLS         223 TOTAL
                     EDM=3.3565e-05    STRATEGY= 1      ERR MATRIX APPROXIMATE
  EXT PARAMETER                  PARABOLIC         MINOS ERRORS        
  NO.   NAME      VALUE            ERROR      NEGATIVE      POSITIVE   
   1  p0           5.58342e+05   7.69058e+01                            
   2  p1           5.65196e-01   2.47699e-05                            
   3  p2           7.81156e-06   6.96510e-05                            
   4  p3           9.99696e-04   6.91298e-08                            
                               ERR DEF= 0.5
 **********
 **   37 **SET PRINT           2
 **********
 **********
 **   38 **SET NOGRAD
 **********
 PARAMETER DEFINITIONS:
    NO.   NAME         VALUE      STEP SIZE      LIMITS
     1 p0           5.58342e+05  7.69058e+01     no limits
     2 p1           5.65196e-01  2.47699e-05     no limits
     3 p2           7.81156e-06  6.96510e-05     no limits
     4 p3           9.99696e-04  6.91298e-08     no limits
 **********
 **   39 **SET ERR         0.5
 **********
 **********
 **   40 **SET PRINT           2
 **********
 **********
 **   41 **SET STR           1
 **********
 NOW USING STRATEGY  1: TRY TO BALANCE SPEED AGAINST RELIABILITY
 **********
 **   42 **MIGRAD        1480        0.01
 **********
 FIRST CALL TO USER FUNCTION AT NEW START POINT, WITH IFLAG=4.
 START MIGRAD MINIMIZATION.  STRATEGY  1.  CONVERGENCE WHEN EDM .LT. 1.00e-05
 FCN=83.7691 FROM MIGRAD    STATUS=INITIATE       14 CALLS          15 TOTAL
                     EDM= unknown      STRATEGY= 1      NO ERROR MATRIX       
  EXT PARAMETER               CURRENT GUESS       STEP         FIRST   
  NO.   NAME      VALUE            ERROR          SIZE      DERIVATIVE 
   1  p0           5.58342e+05   7.69058e+01   7.69058e+01  -2.27701e-06
   2  p1           5.65196e-01   2.47699e-05   2.47699e-05  -2.70731e+00
   3  p2           7.81156e-06   6.96510e-05   6.96510e-05   1.27532e+01
   4  p3           9.99696e-04   6.91298e-08   6.91298e-08  -8.22896e+03
                               ERR DEF= 0.5
NO ERROR MATRIX       
 MIGRAD FAILS TO FIND IMPROVEMENT
   START COVARIANCE MATRIX CALCULATION.
 EIGENVALUES OF SECOND-DERIVATIVE MATRIX:
         2.1419e-03  3.8972e-01  8.9016e-01  2.7180e+00
 COVARIANCE MATRIX CALCULATED SUCCESSFULLY
 FCN=83.7691 FROM HESSE     STATUS=OK             31 CALLS          50 TOTAL
                     EDM=3.46542e-05    STRATEGY= 1      ERROR MATRIX ACCURATE 
  EXT PARAMETER                                   STEP         FIRST   
  NO.   NAME      VALUE            ERROR          SIZE      DERIVATIVE 
   1  p0           5.58342e+05   7.84005e+01   2.66238e-01  -7.54214e-05
   2  p1           5.65196e-01   2.51238e-05   2.69506e-07  -3.14560e+00
   3  p2           7.81156e-06   7.14516e-05   3.44519e-07  -7.70822e+01
   4  p3           9.99696e-04   7.24080e-08   4.76692e-10   2.19236e+04
                               ERR DEF= 0.5
 PARAMETER  CORRELATION COEFFICIENTS  
       NO.  GLOBAL      1      2      3      4
        1  0.99787   1.000 -0.997  0.214  0.170
        2  0.99785  -0.997  1.000 -0.174 -0.172
        3  0.70207   0.214 -0.174  1.000  0.471
        4  0.55615   0.170 -0.172  0.471  1.000
 MIGRAD FAILS TO FIND IMPROVEMENT
 MIGRAD TERMINATED WITHOUT CONVERGENCE.
 FCN=83.7691 FROM MIGRAD    STATUS=FAILED         57 CALLS          58 TOTAL
                     EDM=3.46542e-05    STRATEGY= 1      ERR MATRIX APPROXIMATE
  EXT PARAMETER                APPROXIMATE        STEP         FIRST   
  NO.   NAME      VALUE            ERROR          SIZE      DERIVATIVE 
   1  p0           5.58342e+05   7.84005e+01   0.00000e+00  -7.54214e-05
   2  p1           5.65196e-01   2.51238e-05  -0.00000e+00  -3.14560e+00
   3  p2           7.81156e-06   7.14516e-05   0.00000e+00  -7.70822e+01
   4  p3           9.99696e-04   7.24080e-08   0.00000e+00   2.19236e+04
                               ERR DEF= 0.5
 EXTERNAL ERROR MATRIX.    NDIM=  25    NPAR=  4    ERR DEF=0.5
  6.147e+03 -1.963e-03  1.201e-03  9.670e-07 
 -1.963e-03  6.312e-10 -3.126e-10 -3.124e-13 
  1.201e-03 -3.126e-10  5.105e-09  2.438e-12 
  9.670e-07 -3.124e-13  2.438e-12  5.243e-15 
ERR MATRIX APPROXIMATE
 PARAMETER  CORRELATION COEFFICIENTS  
       NO.  GLOBAL      1      2      3      4
        1  0.99787   1.000 -0.997  0.214  0.170
        2  0.99785  -0.997  1.000 -0.174 -0.172
        3  0.70207   0.214 -0.174  1.000  0.471
        4  0.55615   0.170 -0.172  0.471  1.000
 ERR MATRIX APPROXIMATE
 FCN=83.7691 FROM MIGRAD    STATUS=FAILED         57 CALLS          58 TOTAL
                     EDM=3.46542e-05    STRATEGY= 1      ERR MATRIX APPROXIMATE
  EXT PARAMETER                  PARABOLIC         MINOS ERRORS        
  NO.   NAME      VALUE            ERROR      NEGATIVE      POSITIVE   
   1  p0           5.58342e+05   7.84005e+01                            
   2  p1           5.65196e-01   2.51238e-05                            
   3  p2           7.81156e-06   7.14516e-05                            
   4  p3           9.99696e-04   7.24080e-08                            
                               ERR DEF= 0.5
 **********
 **   43 **SET PRINT           2
 **********
 **********
 **   44 **SET NOGRAD
 **********
 PARAMETER DEFINITIONS:
    NO.   NAME         VALUE      STEP SIZE      LIMITS
     1 p0           5.58342e+05  7.84005e+01     no limits
     2 p1           5.65196e-01  2.51238e-05     no limits
     3 p2           7.81156e-06  7.14516e-05     no limits
     4 p3           9.99696e-04  7.24080e-08     no limits
 **********
 **   45 **SET ERR         0.5
 **********
 **********
 **   46 **SET PRINT           2
 **********
 **********
 **   47 **SET STR           1
 **********
 NOW USING STRATEGY  1: TRY TO BALANCE SPEED AGAINST RELIABILITY
 **********
 **   48 **MIGRAD        1480        0.01
 **********
 FIRST CALL TO USER FUNCTION AT NEW START POINT, WITH IFLAG=4.
 START MIGRAD MINIMIZATION.  STRATEGY  1.  CONVERGENCE WHEN EDM .LT. 1.00e-05
 FCN=83.7691 FROM MIGRAD    STATUS=INITIATE       14 CALLS          15 TOTAL
                     EDM= unknown      STRATEGY= 1      NO ERROR MATRIX       
  EXT PARAMETER               CURRENT GUESS       STEP         FIRST   
  NO.   NAME      VALUE            ERROR          SIZE      DERIVATIVE 
   1  p0           5.58342e+05   7.84005e+01   7.84005e+01  -2.27701e-06
   2  p1           5.65196e-01   2.51238e-05   2.51238e-05  -2.70731e+00
   3  p2           7.81156e-06   7.14516e-05   7.14516e-05   5.52303e+00
   4  p3           9.99696e-04   7.24080e-08   7.24080e-08  -8.22896e+03
                               ERR DEF= 0.5
NO ERROR MATRIX       
 MIGRAD FAILS TO FIND IMPROVEMENT
   START COVARIANCE MATRIX CALCULATION.
 EIGENVALUES OF SECOND-DERIVATIVE MATRIX:
         2.2266e-03  4.2899e-01  8.6040e-01  2.7084e+00
 COVARIANCE MATRIX CALCULATED SUCCESSFULLY
 FCN=83.7691 FROM HESSE     STATUS=OK             31 CALLS          51 TOTAL
                     EDM=2.06239e-05    STRATEGY= 1      ERROR MATRIX ACCURATE 
  EXT PARAMETER                                   STEP         FIRST   
  NO.   NAME      VALUE            ERROR          SIZE      DERIVATIVE 
   1  p0           5.58342e+05   7.66002e+01   2.66238e-01  -7.54214e-05
   2  p1           5.65196e-01   2.47446e-05   2.69506e-07  -3.14560e+00
   3  p2           7.81156e-06   7.00460e-05   3.45901e-07   3.44758e+01
   4  p3           9.99696e-04   6.89474e-08   4.76692e-10   2.19236e+04
                               ERR DEF= 0.5
 PARAMETER  CORRELATION COEFFICIENTS  
       NO.  GLOBAL      1      2      3      4
        1  0.99777   1.000 -0.997  0.024  0.083
        2  0.99778  -0.997  1.000  0.020 -0.088
        3  0.66417   0.024  0.020  1.000  0.377
        4  0.48808   0.083 -0.088  0.377  1.000
 FCN=83.7691 FROM MIGRAD    STATUS=PROGRESS       66 CALLS          67 TOTAL
                     EDM=1.03428e-07    STRATEGY= 1      ERROR MATRIX ACCURATE 
  EXT PARAMETER                                   STEP         FIRST   
  NO.   NAME      VALUE            ERROR          SIZE      DERIVATIVE 
   1  p0           5.58342e+05   7.66002e+01   7.51834e-03  -2.07385e-06
   2  p1           5.65196e-01   2.47446e-05  -2.46279e-09  -6.24889e+00
   3  p2           7.80801e-06   7.00460e-05  -3.54687e-09   6.31507e+00
   4  p3           9.99696e-04   6.89474e-08  -2.38716e-12  -5.49615e+03
                               ERR DEF= 0.5
 MIGRAD MINIMIZATION HAS CONVERGED.
 FCN=83.7691 FROM MIGRAD    STATUS=CONVERGED      66 CALLS          67 TOTAL
                     EDM=1.03428e-07    STRATEGY= 1  ERROR MATRIX UNCERTAINTY  68.7 per cent
  EXT PARAMETER                                   STEP         FIRST   
  NO.   NAME      VALUE            ERROR          SIZE      DERIVATIVE 
   1  p0           5.58342e+05   3.95768e+01   7.51834e-03  -2.07385e-06
   2  p1           5.65196e-01   1.24116e-05  -2.46279e-09  -6.24889e+00
   3  p2           7.80801e-06   6.42803e-05  -3.54687e-09   6.31507e+00
   4  p3           9.99696e-04   6.49121e-08  -2.38716e-12  -5.49615e+03
                               ERR DEF= 0.5
 EXTERNAL ERROR MATRIX.    NDIM=  25    NPAR=  4    ERR DEF=0.5
  1.566e+03 -4.850e-04  1.953e-03  1.965e-06 
 -4.850e-04  1.540e-10 -5.618e-10 -6.481e-13 
  1.953e-03 -5.618e-10  4.132e-09  1.172e-12 
  1.965e-06 -6.481e-13  1.172e-12  4.214e-15 
 PARAMETER  CORRELATION COEFFICIENTS  
       NO.  GLOBAL      1      2      3      4
        1  0.99297   1.000 -0.987  0.768  0.765
        2  0.99114  -0.987  1.000 -0.704 -0.804
        3  0.91155   0.768 -0.704  1.000  0.281
        4  0.90437   0.765 -0.804  0.281  1.000
 EXTERNAL ERROR MATRIX.    NDIM=   4    NPAR=  4    ERR DEF=0.5
  1.566e+03 -4.850e-04  1.953e-03  1.965e-06 
 -4.850e-04  1.540e-10 -5.618e-10 -6.481e-13 
  1.953e-03 -5.618e-10  4.132e-09  1.172e-12 
  1.965e-06 -6.481e-13  1.172e-12  4.214e-15 
 FCN=83.7691 FROM MIGRAD    STATUS=CONVERGED      66 CALLS          67 TOTAL
                     EDM=1.03428e-07    STRATEGY= 1  ERROR MATRIX UNCERTAINTY  68.7 per cent
  EXT PARAMETER                  PARABOLIC         MINOS ERRORS        
  NO.   NAME      VALUE            ERROR      NEGATIVE      POSITIVE   
   1  p0           5.58342e+05   3.95768e+01                            
   2  p1           5.65196e-01   1.24116e-05                            
   3  p2           7.80801e-06   6.42803e-05                            
   4  p3           9.99696e-04   6.49121e-08                            
                               ERR DEF= 0.5
------------------------------------------
Enering ROOFIt-------
 PARAMETER DEFINITIONS:
    NO.   NAME         VALUE      STEP SIZE      LIMITS
     1 norm         5.58342e+05  1.00000e-01     no limits
     2 Q            5.65000e-01  1.00000e-01     no limits
     3 theta        0.00000e+00  1.00000e-01     no limits
     4 pileup       9.99696e-04  1.00000e-01     no limits
 **********
 **    1 **MIGRAD
 **********
 FIRST CALL TO USER FUNCTION AT NEW START POINT, WITH IFLAG=4.
 START MIGRAD MINIMIZATION.  STRATEGY  1.  CONVERGENCE WHEN EDM .LT. 1.00e-04
 FCN=-2.37857e+11 FROM MIGRAD    STATUS=INITIATE       16 CALLS          17 TOTAL
                     EDM= unknown      STRATEGY= 1      NO ERROR MATRIX       
  EXT PARAMETER               CURRENT GUESS       STEP         FIRST   
  NO.   NAME      VALUE            ERROR          SIZE      DERIVATIVE 
   1  norm         5.58342e+05   1.00000e-01   1.00000e-01  -2.31410e+01
   2  Q            5.65000e-01   1.00000e-01   1.00000e-01  -3.47931e+08
   3  theta        0.00000e+00   1.00000e-01   1.00000e-01   1.34970e+06
   4  pileup       9.99696e-04   1.00000e-01   1.00000e-01  -9.18828e+11
 MIGRAD FAILS TO FIND IMPROVEMENT
 MACHINE ACCURACY LIMITS FURTHER IMPROVEMENT.
 MIGRAD MINIMIZATION HAS CONVERGED.
 FCN=-2.37857e+11 FROM MIGRAD    STATUS=CONVERGED     427 CALLS         428 TOTAL
                     EDM=0.167036    STRATEGY= 1  ERROR MATRIX UNCERTAINTY   0.8 per cent
  EXT PARAMETER                                   STEP         FIRST   
  NO.   NAME      VALUE            ERROR          SIZE      DERIVATIVE 
   1  norm         5.58943e+05   9.13576e+00  -0.00000e+00   4.32907e-03
   2  Q            5.65002e-01   2.60652e-11  -0.00000e+00   2.13870e+05
   3  theta       -1.49143e-05   1.08115e-04  -0.00000e+00   1.04623e+04
   4  pileup       9.99729e-04   2.41724e-08  -0.00000e+00  -1.97024e+07
 EXTERNAL ERROR MATRIX.    NDIM=  25    NPAR=  4    ERR DEF=1
  8.346e+01  2.167e-12  6.136e-04  1.026e-07 
  2.167e-12  6.794e-22  2.224e-17 -2.488e-20 
  6.136e-04  2.224e-17  1.169e-08  2.154e-12 
  1.026e-07 -2.488e-20  2.154e-12  5.843e-16 
 PARAMETER  CORRELATION COEFFICIENTS  
       NO.  GLOBAL      1      2      3      4
        1  0.62692   1.000  0.009  0.621  0.465
        2  0.08165   0.009  1.000  0.008 -0.039
        3  0.86760   0.621  0.008  1.000  0.824
        4  0.82761   0.465 -0.039  0.824  1.000
 **********
 **    2 **MIGRAD 
 **********
 START MIGRAD MINIMIZATION.  STRATEGY  1.  CONVERGENCE WHEN EDM .LT. 1.00e-04
 FCN=-2.37857e+11 FROM MIGRAD    STATUS=INITIATE       12 CALLS         440 TOTAL
                     EDM=0.168739    STRATEGY= 1  ERROR MATRIX UNCERTAINTY   0.8 per cent
  EXT PARAMETER                                   STEP         FIRST   
  NO.   NAME      VALUE            ERROR          SIZE      DERIVATIVE 
   1  norm         5.58943e+05   9.13576e+00  -0.00000e+00   4.32899e-03
   2  Q            5.65002e-01   2.60652e-11  -0.00000e+00   1.18713e+08
   3  theta       -1.49143e-05   1.08115e-04  -0.00000e+00   1.04623e+04
   4  pileup       9.99729e-04   2.41724e-08  -0.00000e+00  -1.97024e+07
 MIGRAD FAILS TO FIND IMPROVEMENT
 MACHINE ACCURACY LIMITS FURTHER IMPROVEMENT.
 MIGRAD MINIMIZATION HAS CONVERGED.
 FCN=-2.37857e+11 FROM MIGRAD    STATUS=CONVERGED      23 CALLS         451 TOTAL
                     EDM=0.168739    STRATEGY= 1  ERROR MATRIX UNCERTAINTY   0.8 per cent
  EXT PARAMETER                                   STEP         FIRST   
  NO.   NAME      VALUE            ERROR          SIZE      DERIVATIVE 
   1  norm         5.58943e+05   9.13576e+00  -0.00000e+00   4.32899e-03
   2  Q            5.65002e-01   2.60652e-11  -0.00000e+00   1.18713e+08
   3  theta       -1.49143e-05   1.08115e-04  -0.00000e+00   1.04623e+04
   4  pileup       9.99729e-04   2.41724e-08  -0.00000e+00  -1.97024e+07
 EXTERNAL ERROR MATRIX.    NDIM=  25    NPAR=  4    ERR DEF=1
  8.346e+01  2.167e-12  6.136e-04  1.026e-07 
  2.167e-12  6.794e-22  2.224e-17 -2.488e-20 
  6.136e-04  2.224e-17  1.169e-08  2.154e-12 
  1.026e-07 -2.488e-20  2.154e-12  5.843e-16 
 PARAMETER  CORRELATION COEFFICIENTS  
       NO.  GLOBAL      1      2      3      4
        1  0.62692   1.000  0.009  0.621  0.465
        2  0.08165   0.009  1.000  0.008 -0.039
        3  0.86760   0.621  0.008  1.000  0.824
        4  0.82761   0.465 -0.039  0.824  1.000
status of the fit-----000------0
1  558943
2  0.565002
3  -1.49143e-05
4  0.000999729
