  *******************************************
  *                                         *
  *        W E L C O M E  to  R O O T       *
  *                                         *
  *   Version   5.34/36      5 April 2016   *
  *                                         *
  *  You are welcome to visit our Web site  *
  *          http://root.cern.ch            *
  *                                         *
  *******************************************

ROOT 5.34/36 (v5-34-36@v5-34-36, Apr 05 2016, 10:25:45 on linuxx8664gcc)

CINT/ROOT C/C++ Interpreter version 5.18.00, July 2, 2010
Type ? for help. Commands must be C++ statements.
Enclose multiple statements between { }.
Loading root init file.
The rat/rootinit.C file loaded the DEAP style for you, which is available from the fStyle pointer.
DEAP style applied. 
RAT: Libraries loaded.

Processing /home/fatemigh/projects/rpp-jillings/fatemigh/sterile/Likelihood/LikelihoodSterile_modified6.C+(280)...
pased here
566 lines read from file
31
spec_E  566
Before entering fitting
 **********
 **    1 **SET PRINT           2
 **********
 **********
 **    2 **SET NOGRAD
 **********
 PARAMETER DEFINITIONS:
    NO.   NAME         VALUE      STEP SIZE      LIMITS
     1 p0           5.58000e+05  1.67400e+05     no limits
     2 p1           5.65000e-01  1.69500e-01     no limits
     3 p2           0.00000e+00  3.00000e-01     no limits
     4 p3           9.99871e-04  2.99961e-04     no limits
 **********
 **    3 **SET ERR         0.5
 **********
 **********
 **    4 **SET PRINT           2
 **********
 **********
 **    5 **SET STR           1
 **********
 NOW USING STRATEGY  1: TRY TO BALANCE SPEED AGAINST RELIABILITY
 **********
 **    6 **MIGRAD        1480        0.01
 **********
 FIRST CALL TO USER FUNCTION AT NEW START POINT, WITH IFLAG=4.
 START MIGRAD MINIMIZATION.  STRATEGY  1.  CONVERGENCE WHEN EDM .LT. 1.00e-05
 FCN=17262.5 FROM MIGRAD    STATUS=INITIATE       18 CALLS          19 TOTAL
                     EDM= unknown      STRATEGY= 1      NO ERROR MATRIX       
  EXT PARAMETER               CURRENT GUESS       STEP         FIRST   
  NO.   NAME      VALUE            ERROR          SIZE      DERIVATIVE 
   1  p0           5.58000e+05   1.67400e+05   1.67400e+05  -3.62060e+01
   2  p1           5.65000e-01   1.69500e-01   1.69500e-01  -1.12380e+08
   3  p2           0.00000e+00   3.00000e-01   3.00000e-01   0.00000e+00
   4  p3           9.99871e-04   2.99961e-04   2.99961e-04  -9.53749e+08
                               ERR DEF= 0.5
NO ERROR MATRIX       
 FCN=537.198 FROM MIGRAD    STATUS=PROGRESS       34 CALLS          35 TOTAL
                     EDM=1484.74    STRATEGY= 1      NO ERROR MATRIX       
  EXT PARAMETER               CURRENT GUESS       STEP         FIRST   
  NO.   NAME      VALUE            ERROR          SIZE      DERIVATIVE 
   1  p0           5.58439e+05   1.67400e+05   4.39223e+02  -8.36039e-01
   2  p1           5.65142e-01   1.69500e-01   1.41626e-04  -2.56059e+06
   3  p2           0.00000e+00   3.00000e-01  -0.00000e+00   0.00000e+00
   4  p3           1.00159e-03   2.99961e-04   1.71552e-06   4.26593e+08
                               ERR DEF= 0.5
 MINUIT WARNING IN MIGRAD  
 ============== Negative diagonal element 1 in Error Matrix
 MINUIT WARNING IN MIGRAD  
 ============== Negative diagonal element 2 in Error Matrix
 MINUIT WARNING IN MIGRAD  
 ============== 1.19658e+06 added to diagonal of error matrix
 EIGENVALUES OF SECOND-DERIVATIVE MATRIX:
         9.9965e-01  1.0000e+00  1.0000e+00  1.0004e+00
 MIGRAD FAILS TO FIND IMPROVEMENT
   START COVARIANCE MATRIX CALCULATION.
 MINUIT WARNING IN HESSE   
 ============== Negative diagonal element 3 in Error Matrix
 MINUIT WARNING IN HESSE   
 ============== 41318.4 added to diagonal of error matrix
 EIGENVALUES OF SECOND-DERIVATIVE MATRIX:
        -1.2939e+01  9.9900e-01  1.0008e+00  1.4940e+01
 MINUIT WARNING IN HESSE   
 ============== MATRIX FORCED POS-DEF BY ADDING 12.954380 TO DIAGONAL.
 FCN=79.7549 FROM HESSE     STATUS=NOT POSDEF     23 CALLS         147 TOTAL
                     EDM=7.54357    STRATEGY= 1      ERR MATRIX NOT POS-DEF
  EXT PARAMETER                APPROXIMATE        STEP         FIRST   
  NO.   NAME      VALUE            ERROR          SIZE      DERIVATIVE 
   1  p0           5.60477e+05   1.31697e-03   2.67256e-01   7.98754e-02
   2  p1           5.64512e-01   4.98321e-07   2.69180e-07   2.52315e+05
   3  p2           0.00000e+00   5.78495e+00   3.08192e-05   0.00000e+00
   4  p3           9.99685e-04   3.64294e-07   4.76687e-10   1.08190e+07
                               ERR DEF= 0.5
 PARAMETER  CORRELATION COEFFICIENTS  
       NO.  GLOBAL      1      2      3      4
        1  0.00373   1.000 -0.002 -0.004  0.004
        2  0.46673  -0.002  1.000  0.466 -0.467
        3  0.99893  -0.004  0.466  1.000 -0.999
        4  0.99893   0.004 -0.467 -0.999  1.000
 ERR MATRIX NOT POS-DEF
 FCN=79.6202 FROM MIGRAD    STATUS=PROGRESS      160 CALLS         161 TOTAL
                     EDM=128709    STRATEGY= 1      ERR MATRIX NOT POS-DEF
  EXT PARAMETER                APPROXIMATE        STEP         FIRST   
  NO.   NAME      VALUE            ERROR          SIZE      DERIVATIVE 
   1  p0           5.60477e+05   1.31697e-03  -2.39579e-09   6.22039e-02
   2  p1           5.64512e-01   4.98321e-07   1.06751e-10   1.96856e+05
   3  p2           2.80459e-03   5.78495e+00   2.80459e-03  -8.71123e+01
   4  p3           9.99685e-04   3.64294e-07  -1.76802e-10   9.53127e+06
                               ERR DEF= 0.5
 MINUIT WARNING IN MIGRAD  
 ============== Negative diagonal element 3 in Error Matrix
 MINUIT WARNING IN MIGRAD  
 ============== 1.00007 added to diagonal of error matrix
 EIGENVALUES OF SECOND-DERIVATIVE MATRIX:
         1.0000e+00  1.0000e+00  1.0000e+00  1.0000e+00
 MIGRAD FAILS TO FIND IMPROVEMENT
 MIGRAD TERMINATED WITHOUT CONVERGENCE.
 FCN=79.6202 FROM MIGRAD    STATUS=FAILED        171 CALLS         172 TOTAL
                     EDM=128709    STRATEGY= 1      ERR MATRIX NOT POS-DEF
  EXT PARAMETER                APPROXIMATE        STEP         FIRST   
  NO.   NAME      VALUE            ERROR          SIZE      DERIVATIVE 
   1  p0           5.60477e+05   7.07131e-01  -0.00000e+00   6.22039e-02
   2  p1           5.64512e-01   7.07130e-01  -0.00000e+00   1.96856e+05
   3  p2           2.80459e-03   7.07107e-01   0.00000e+00  -8.71123e+01
   4  p3           9.99685e-04   7.07130e-01  -0.00000e+00   9.53127e+06
                               ERR DEF= 0.5
 EXTERNAL ERROR MATRIX.    NDIM=  25    NPAR=  4    ERR DEF=0.5
  5.000e-01 -3.943e-14 -2.923e-10 -4.696e-16 
 -3.943e-14  5.000e-01 -1.223e-10 -1.762e-16 
 -2.923e-10 -1.223e-10  5.000e-01 -2.065e-12 
 -4.696e-16 -1.762e-16 -2.065e-12  5.000e-01 
ERR MATRIX NOT POS-DEF
 PARAMETER  CORRELATION COEFFICIENTS  
       NO.  GLOBAL      1      2      3      4
        1  0.00000   1.000 -0.000 -0.000 -0.000
        2  0.00000  -0.000  1.000 -0.000 -0.000
        3  0.00000  -0.000 -0.000  1.000 -0.000
        4  0.00000  -0.000 -0.000 -0.000  1.000
 ERR MATRIX NOT POS-DEF
 FCN=79.6202 FROM MIGRAD    STATUS=FAILED        171 CALLS         172 TOTAL
                     EDM=128709    STRATEGY= 1      ERR MATRIX NOT POS-DEF
  EXT PARAMETER                  PARABOLIC         MINOS ERRORS        
  NO.   NAME      VALUE            ERROR      NEGATIVE      POSITIVE   
   1  p0           5.60477e+05   7.07131e-01                            
   2  p1           5.64512e-01   7.07130e-01                            
   3  p2           2.80459e-03   7.07107e-01                            
   4  p3           9.99685e-04   7.07130e-01                            
                               ERR DEF= 0.5
 **********
 **    7 **SET PRINT           2
 **********
 **********
 **    8 **SET NOGRAD
 **********
 PARAMETER DEFINITIONS:
    NO.   NAME         VALUE      STEP SIZE      LIMITS
     1 p0           5.60477e+05  7.07131e-01     no limits
     2 p1           5.64512e-01  7.07130e-01     no limits
     3 p2           2.80459e-03  7.07107e-01     no limits
     4 p3           9.99685e-04  7.07130e-01     no limits
 **********
 **    9 **SET ERR         0.5
 **********
 **********
 **   10 **SET PRINT           2
 **********
 **********
 **   11 **SET STR           1
 **********
 NOW USING STRATEGY  1: TRY TO BALANCE SPEED AGAINST RELIABILITY
 **********
 **   12 **MIGRAD        1480        0.01
 **********
 FIRST CALL TO USER FUNCTION AT NEW START POINT, WITH IFLAG=4.
 START MIGRAD MINIMIZATION.  STRATEGY  1.  CONVERGENCE WHEN EDM .LT. 1.00e-05
 FCN=79.2717 FROM MIGRAD    STATUS=INITIATE       45 CALLS          46 TOTAL
                     EDM= unknown      STRATEGY= 1      NO ERROR MATRIX       
  EXT PARAMETER               CURRENT GUESS       STEP         FIRST   
  NO.   NAME      VALUE            ERROR          SIZE      DERIVATIVE 
   1  p0           5.60477e+05   7.07131e-01   0.00000e+00  -4.02577e-02
   2  p1           5.64512e-01   7.07130e-01   0.00000e+00  -1.24573e+05
   3  p2           7.34178e-03   7.07107e-01   4.53719e-03   5.72655e+00
   4  p3           9.99685e-04   7.07130e-01   0.00000e+00   2.24399e+06
                               ERR DEF= 0.5
NO ERROR MATRIX       
 FCN=79.2368 FROM MIGRAD    STATUS=PROGRESS       55 CALLS          56 TOTAL
                     EDM=0.0744122    STRATEGY= 1      NO ERROR MATRIX       
  EXT PARAMETER               CURRENT GUESS       STEP         FIRST   
  NO.   NAME      VALUE            ERROR          SIZE      DERIVATIVE 
   1  p0           5.60478e+05   7.07131e-01   7.07772e-01   8.51182e-03
   2  p1           5.64512e-01   7.07130e-01   2.24668e-07   2.76046e+04
   3  p2           7.29389e-03   7.07107e-01  -4.78963e-05  -3.03766e+01
   4  p3           9.99679e-04   7.07130e-01  -5.79845e-09   2.36017e+06
                               ERR DEF= 0.5
 MIGRAD FAILS TO FIND IMPROVEMENT
 MIGRAD MINIMIZATION HAS CONVERGED.
 MIGRAD WILL VERIFY CONVERGENCE AND ERROR MATRIX.
   START COVARIANCE MATRIX CALCULATION.
 EIGENVALUES OF SECOND-DERIVATIVE MATRIX:
         5.5344e-04  3.7429e-01  8.5747e-01  2.7677e+00
 COVARIANCE MATRIX CALCULATED SUCCESSFULLY
 FCN=79.2247 FROM HESSE     STATUS=OK             29 CALLS         139 TOTAL
                     EDM=0.000809723    STRATEGY= 1      ERROR MATRIX ACCURATE 
  EXT PARAMETER                                   STEP         FIRST   
  NO.   NAME      VALUE            ERROR          SIZE      DERIVATIVE 
   1  p0           5.60478e+05   1.52861e+02   2.67257e-01  -2.28376e-04
   2  p1           5.64512e-01   4.99531e-05   2.69180e-07   5.67804e+01
   3  p2           7.55866e-03   6.34500e-03   2.16043e-05   6.99699e-01
   4  p3           9.99672e-04   7.23897e-08   4.76681e-10  -1.85868e+04
                               ERR DEF= 0.5
 PARAMETER  CORRELATION COEFFICIENTS  
       NO.  GLOBAL      1      2      3      4
        1  0.99944   1.000 -0.999 -0.574 -0.144
        2  0.99946  -0.999  1.000  0.594  0.143
        3  0.81986  -0.574  0.594  1.000  0.426
        4  0.53417  -0.144  0.143  0.426  1.000
 FCN=79.2232 FROM MIGRAD    STATUS=PROGRESS      151 CALLS         152 TOTAL
                     EDM=0.00147971    STRATEGY= 1      ERROR MATRIX ACCURATE 
  EXT PARAMETER                                   STEP         FIRST   
  NO.   NAME      VALUE            ERROR          SIZE      DERIVATIVE 
   1  p0           5.60490e+05   1.52861e+02   1.20327e+01  -4.10427e-04
   2  p1           5.64508e-01   4.99531e-05  -3.93780e-06  -3.59767e+02
   3  p2           7.23975e-03   6.34500e-03  -3.18907e-04  -1.11279e+01
   4  p3           9.99671e-04   7.23897e-08  -8.48017e-10   1.82080e+05
                               ERR DEF= 0.5
 MIGRAD FAILS TO FIND IMPROVEMENT
 MIGRAD TERMINATED WITHOUT CONVERGENCE.
 FCN=79.215 FROM MIGRAD    STATUS=FAILED        202 CALLS         203 TOTAL
                     EDM=0.000812943    STRATEGY= 1  ERROR MATRIX UNCERTAINTY 100.0 per cent
  EXT PARAMETER                APPROXIMATE        STEP         FIRST   
  NO.   NAME      VALUE            ERROR          SIZE      DERIVATIVE 
   1  p0           5.60517e+05   6.50283e+00  -0.00000e+00   1.76786e-05
   2  p1           5.64500e-01   4.42903e-07  -0.00000e+00   7.21055e+02
   3  p2           7.41285e-03   4.32434e-03  -0.00000e+00   4.32901e-02
   4  p3           9.99672e-04   7.05093e-08  -0.00000e+00   1.93850e+03
                               ERR DEF= 0.5
 EXTERNAL ERROR MATRIX.    NDIM=  25    NPAR=  4    ERR DEF=0.5
  4.229e+01 -3.357e-07  1.465e-02  3.051e-10 
 -3.357e-07  1.962e-13  1.072e-10  3.063e-17 
  1.465e-02  1.072e-10  1.870e-05  1.315e-10 
  3.051e-10  3.063e-17  1.315e-10  4.972e-15 
ERR MATRIX APPROXIMATE
 PARAMETER  CORRELATION COEFFICIENTS  
       NO.  GLOBAL      1      2      3      4
        1  0.59699   1.000 -0.117  0.521  0.001
        2  0.19621  -0.117  1.000  0.056  0.001
        3  0.68616   0.521  0.056  1.000  0.431
        4  0.50942   0.001  0.001  0.431  1.000
 ERR MATRIX APPROXIMATE
 FCN=79.215 FROM MIGRAD    STATUS=FAILED        202 CALLS         203 TOTAL
                     EDM=0.000812943    STRATEGY= 1  ERROR MATRIX UNCERTAINTY 100.0 per cent
  EXT PARAMETER                  PARABOLIC         MINOS ERRORS        
  NO.   NAME      VALUE            ERROR      NEGATIVE      POSITIVE   
   1  p0           5.60517e+05   6.50283e+00                            
   2  p1           5.64500e-01   4.42903e-07                            
   3  p2           7.41285e-03   4.32434e-03                            
   4  p3           9.99672e-04   7.05093e-08                            
                               ERR DEF= 0.5
 **********
 **   13 **SET PRINT           2
 **********
 **********
 **   14 **SET NOGRAD
 **********
 PARAMETER DEFINITIONS:
    NO.   NAME         VALUE      STEP SIZE      LIMITS
     1 p0           5.60517e+05  6.50283e+00     no limits
     2 p1           5.64500e-01  4.42903e-07     no limits
     3 p2           7.41285e-03  4.32434e-03     no limits
     4 p3           9.99672e-04  7.05093e-08     no limits
 **********
 **   15 **SET ERR         0.5
 **********
 **********
 **   16 **SET PRINT           2
 **********
 **********
 **   17 **SET STR           1
 **********
 NOW USING STRATEGY  1: TRY TO BALANCE SPEED AGAINST RELIABILITY
 **********
 **   18 **MIGRAD        1480        0.01
 **********
 FIRST CALL TO USER FUNCTION AT NEW START POINT, WITH IFLAG=4.
 START MIGRAD MINIMIZATION.  STRATEGY  1.  CONVERGENCE WHEN EDM .LT. 1.00e-05
 FCN=79.215 FROM MIGRAD    STATUS=INITIATE       12 CALLS          13 TOTAL
                     EDM= unknown      STRATEGY= 1      NO ERROR MATRIX       
  EXT PARAMETER               CURRENT GUESS       STEP         FIRST   
  NO.   NAME      VALUE            ERROR          SIZE      DERIVATIVE 
   1  p0           5.60517e+05   6.50283e+00   6.50283e+00   1.76786e-05
   2  p1           5.64500e-01   4.42903e-07   4.42903e-07   7.21055e+02
   3  p2           7.41285e-03   4.32434e-03   4.32434e-03   9.35562e-03
   4  p3           9.99672e-04   7.05093e-08   7.05093e-08   1.93850e+03
                               ERR DEF= 0.5
NO ERROR MATRIX       
 MIGRAD FAILS TO FIND IMPROVEMENT
   START COVARIANCE MATRIX CALCULATION.
 EIGENVALUES OF SECOND-DERIVATIVE MATRIX:
         5.6788e-04  3.5687e-01  9.1503e-01  2.7275e+00
 COVARIANCE MATRIX CALCULATED SUCCESSFULLY
 FCN=79.215 FROM HESSE     STATUS=OK             29 CALLS          45 TOTAL
                     EDM=0.000508964    STRATEGY= 1      ERROR MATRIX ACCURATE 
  EXT PARAMETER                                   STEP         FIRST   
  NO.   NAME      VALUE            ERROR          SIZE      DERIVATIVE 
   1  p0           5.60517e+05   1.53546e+02   2.67275e-01   1.13574e-05
   2  p1           5.64500e-01   4.83252e-05   2.69174e-07   7.15161e+02
   3  p2           7.41285e-03   7.58118e-03   2.23229e-05   1.10988e-01
   4  p3           9.99672e-04   1.13231e-07   4.76681e-10   3.18645e+03
                               ERR DEF= 0.5
 PARAMETER  CORRELATION COEFFICIENTS  
       NO.  GLOBAL      1      2      3      4
        1  0.99944   1.000 -0.999  0.775  0.781
        2  0.99942  -0.999  1.000 -0.760 -0.780
        3  0.89363   0.775 -0.760  1.000  0.797
        4  0.85579   0.781 -0.780  0.797  1.000
 FCN=79.215 FROM MIGRAD    STATUS=PROGRESS       54 CALLS          55 TOTAL
                     EDM=0.000464041    STRATEGY= 1      ERROR MATRIX ACCURATE 
  EXT PARAMETER                                   STEP         FIRST   
  NO.   NAME      VALUE            ERROR          SIZE      DERIVATIVE 
   1  p0           5.60518e+05   1.53546e+02   2.44539e-01   6.37426e-06
   2  p1           5.64499e-01   4.83252e-05  -7.70709e-08   7.24283e+02
   3  p2           7.42187e-03   7.58118e-03   9.02037e-06   2.80082e-01
   4  p3           9.99672e-04   1.13231e-07   1.39105e-10   2.33099e+04
                               ERR DEF= 0.5
 MINUIT WARNING IN MIGRAD  
 ============== Negative diagonal element 1 in Error Matrix
 MINUIT WARNING IN MIGRAD  
 ============== Negative diagonal element 2 in Error Matrix
 MINUIT WARNING IN MIGRAD  
 ============== 960.433 added to diagonal of error matrix
 EIGENVALUES OF SECOND-DERIVATIVE MATRIX:
         9.9954e-01  1.0000e+00  1.0000e+00  1.0005e+00
 MIGRAD FAILS TO FIND IMPROVEMENT
 MIGRAD TERMINATED WITHOUT CONVERGENCE.
 FCN=79.2149 FROM MIGRAD    STATUS=FAILED         93 CALLS          94 TOTAL
                     EDM=51.1202    STRATEGY= 1  ERROR MATRIX UNCERTAINTY 100.0 per cent
  EXT PARAMETER                APPROXIMATE        STEP         FIRST   
  NO.   NAME      VALUE            ERROR          SIZE      DERIVATIVE 
   1  p0           5.60518e+05   7.07107e-01   0.00000e+00   5.46157e-07
   2  p1           5.64499e-01   2.19138e+01   0.00000e+00  -1.11180e+06
   3  p2           7.43322e-03   2.19138e+01  -0.00000e+00   6.01428e-01
   4  p3           9.99672e-04   2.19138e+01  -0.00000e+00   4.07493e+04
                               ERR DEF= 0.5
 EXTERNAL ERROR MATRIX.    NDIM=  25    NPAR=  4    ERR DEF=0.5
  5.000e-01  1.548e-04 -7.081e-03 -2.910e-07 
  1.548e-04  4.802e+02  5.805e-09  7.981e-14 
 -7.081e-03  5.805e-09  4.802e+02 -2.944e-11 
 -2.910e-07  7.981e-14 -2.944e-11  4.802e+02 
ERR MATRIX APPROXIMATE
 PARAMETER  CORRELATION COEFFICIENTS  
       NO.  GLOBAL      1      2      3      4
        1  0.00046   1.000  0.000 -0.000 -0.000
        2  0.00001   0.000  1.000  0.000  0.000
        3  0.00046  -0.000  0.000  1.000 -0.000
        4  0.00000  -0.000  0.000 -0.000  1.000
 ERR MATRIX APPROXIMATE
 FCN=79.2149 FROM MIGRAD    STATUS=FAILED         93 CALLS          94 TOTAL
                     EDM=51.1202    STRATEGY= 1  ERROR MATRIX UNCERTAINTY 100.0 per cent
  EXT PARAMETER                  PARABOLIC         MINOS ERRORS        
  NO.   NAME      VALUE            ERROR      NEGATIVE      POSITIVE   
   1  p0           5.60518e+05   7.07107e-01                            
   2  p1           5.64499e-01   2.19138e+01                            
   3  p2           7.43322e-03   2.19138e+01                            
   4  p3           9.99672e-04   2.19138e+01                            
                               ERR DEF= 0.5
------------------------------------------
Enering ROOFIt-------
 PARAMETER DEFINITIONS:
    NO.   NAME         VALUE      STEP SIZE      LIMITS
     1 norm         5.60518e+05  1.00000e-01     no limits
     2 Q            5.65000e-01  1.00000e-01     no limits
     3 theta        0.00000e+00  1.00000e-01     no limits
     4 pileup       9.99672e-04  1.00000e-01     no limits
 **********
 **    1 **MIGRAD
 **********
 FIRST CALL TO USER FUNCTION AT NEW START POINT, WITH IFLAG=4.
 START MIGRAD MINIMIZATION.  STRATEGY  1.  CONVERGENCE WHEN EDM .LT. 1.00e-04
 FCN=-2.37859e+11 FROM MIGRAD    STATUS=INITIATE       40 CALLS          41 TOTAL
                     EDM= unknown      STRATEGY= 1      NO ERROR MATRIX       
  EXT PARAMETER               CURRENT GUESS       STEP         FIRST   
  NO.   NAME      VALUE            ERROR          SIZE      DERIVATIVE 
   1  norm         5.60518e+05   1.00000e-01   0.00000e+00   3.74711e+01
   2  Q            5.65000e-01   1.00000e-01   0.00000e+00   1.16463e+08
   3  theta        1.00000e-01   1.00000e-01   1.00000e-01   2.90771e+05
   4  pileup       9.99672e-04   1.00000e-01   0.00000e+00   8.36386e+07
 MIGRAD FAILS TO FIND IMPROVEMENT
 MACHINE ACCURACY LIMITS FURTHER IMPROVEMENT.
 MIGRAD MINIMIZATION HAS CONVERGED.
 MIGRAD WILL VERIFY CONVERGENCE AND ERROR MATRIX.
 COVARIANCE MATRIX CALCULATED SUCCESSFULLY
 FCN=-2.37859e+11 FROM HESSE     STATUS=OK             31 CALLS         289 TOTAL
                     EDM=2.32937    STRATEGY= 1      ERROR MATRIX ACCURATE 
  EXT PARAMETER                                   STEP         FIRST   
  NO.   NAME      VALUE            ERROR          SIZE      DERIVATIVE 
   1  norm         5.58972e+05   1.01207e+01   1.72583e+03   1.15001e-01
   2  Q            5.64995e-01   1.16003e-06   5.54948e-04   3.65984e+05
   3  theta        1.07475e-04   1.73861e-03   1.50909e-01  -5.95806e+00
   4  pileup       9.99720e-04   1.04506e-07   2.09851e-05   2.64419e+07
 MINUIT WARNING IN MIGRAD  
 ============== Negative diagonal element 2 in Error Matrix
 MINUIT WARNING IN MIGRAD  
 ============== 1 added to diagonal of error matrix
 MIGRAD FAILS TO FIND IMPROVEMENT
 MIGRAD TERMINATED WITHOUT CONVERGENCE.
 FCN=-2.37859e+11 FROM MIGRAD    STATUS=FAILED        324 CALLS         325 TOTAL
                     EDM=54312.1    STRATEGY= 1  ERROR MATRIX UNCERTAINTY   9.7 per cent
  EXT PARAMETER                APPROXIMATE        STEP         FIRST   
  NO.   NAME      VALUE            ERROR          SIZE      DERIVATIVE 
   1  norm         5.58972e+05   7.66527e+00   0.00000e+00  -5.14185e-02
   2  Q            5.64995e-01   1.00000e+00   0.00000e+00  -4.18803e+08
   3  theta        4.41495e-05   1.00000e+00  -0.00000e+00   2.96303e+03
   4  pileup       9.99623e-04   1.00000e+00   0.00000e+00  -2.68127e+07
 EXTERNAL ERROR MATRIX.    NDIM=  25    NPAR=  4    ERR DEF=1
  5.876e+01  2.807e-08  1.154e-03 -3.160e-07 
  2.807e-08  1.000e+00  7.825e-14 -3.944e-16 
  1.154e-03  7.825e-14  1.000e+00  6.544e-12 
 -3.160e-07 -3.944e-16  6.544e-12  1.000e+00 
ERR MATRIX APPROXIMATE
 PARAMETER  CORRELATION COEFFICIENTS  
       NO.  GLOBAL      1      2      3      4
        1  0.00015   1.000  0.000  0.000 -0.000
        2  0.00000   0.000  1.000  0.000 -0.000
        3  0.00015   0.000  0.000  1.000  0.000
        4  0.00000  -0.000 -0.000  0.000  1.000
 ERR MATRIX APPROXIMATE
 **********
 **    2 **MIGRAD 
 **********
 START MIGRAD MINIMIZATION.  STRATEGY  1.  CONVERGENCE WHEN EDM .LT. 1.00e-04
 FCN=-2.37859e+11 FROM MIGRAD    STATUS=INITIATE       12 CALLS         337 TOTAL
                     EDM=2.3182e+14    STRATEGY= 1  ERROR MATRIX UNCERTAINTY   9.7 per cent
  EXT PARAMETER                APPROXIMATE        STEP         FIRST   
  NO.   NAME      VALUE            ERROR          SIZE      DERIVATIVE 
   1  norm         5.58972e+05   7.66527e+00   0.00000e+00  -5.14187e-02
   2  Q            5.64995e-01   1.00000e+00   0.00000e+00   4.78101e+04
   3  theta        4.41495e-05   1.00000e+00  -0.00000e+00   9.81516e+01
   4  pileup       9.99623e-04   1.00000e+00   0.00000e+00  -2.68080e+07
 MIGRAD FAILS TO FIND IMPROVEMENT
 EIGENVALUES OF SECOND-DERIVATIVE MATRIX:
        -2.8454e-04  3.5426e-01  8.5151e-01  2.7945e+00
 MINUIT WARNING IN HESSE   
 ============== MATRIX FORCED POS-DEF BY ADDING 0.003079 TO DIAGONAL.
 FCN=-2.37859e+11 FROM HESSE     STATUS=NOT POSDEF     29 CALLS         377 TOTAL
                     EDM=0.0243215    STRATEGY= 1      ERR MATRIX NOT POS-DEF
  EXT PARAMETER                APPROXIMATE        STEP         FIRST   
  NO.   NAME      VALUE            ERROR          SIZE      DERIVATIVE 
   1  norm         5.58972e+05   9.68002e+01   1.72582e+03   1.30951e-02
   2  Q            5.64995e-01   3.12868e-05   9.41644e-05   4.77333e+04
   3  theta        4.41495e-05   1.96444e-03   5.85667e-02  -1.99962e+00
   4  pileup       9.99623e-04   1.04663e-07   2.09836e-05   1.63328e+06
 MINUIT WARNING IN MIGRAD  
 ============== Negative diagonal element 1 in Error Matrix
 MINUIT WARNING IN MIGRAD  
 ============== Negative diagonal element 2 in Error Matrix
 MINUIT WARNING IN MIGRAD  
 ============== Negative diagonal element 4 in Error Matrix
 MINUIT WARNING IN MIGRAD  
 ============== 9272.99 added to diagonal of error matrix
 MIGRAD FAILS TO FIND IMPROVEMENT
 MACHINE ACCURACY LIMITS FURTHER IMPROVEMENT.
 MIGRAD MINIMIZATION HAS CONVERGED.
 MIGRAD WILL VERIFY CONVERGENCE AND ERROR MATRIX.
 EIGENVALUES OF SECOND-DERIVATIVE MATRIX:
        -3.7815e-04  2.5468e-01  8.5037e-01  2.8953e+00
 MINUIT WARNING IN HESSE   
 ============== MATRIX FORCED POS-DEF BY ADDING 0.003273 TO DIAGONAL.
 MIGRAD TERMINATED WITHOUT CONVERGENCE.
 FCN=-2.37859e+11 FROM MIGRAD    STATUS=FAILED        110 CALLS         435 TOTAL
                     EDM=0.0455753    STRATEGY= 1      ERR MATRIX NOT POS-DEF
  EXT PARAMETER                APPROXIMATE        STEP         FIRST   
  NO.   NAME      VALUE            ERROR          SIZE      DERIVATIVE 
   1  norm         5.58981e+05   9.54232e+01   6.90328e+02  -1.94628e-02
   2  Q            5.64992e-01   3.06525e-05   1.88329e-04  -5.40571e+04
   3  theta       -1.06845e-04   6.36901e-03   2.34267e-02   4.68967e+00
   4  pileup       9.99615e-04   1.11625e-07   8.39343e-06  -1.18735e+06
 EXTERNAL ERROR MATRIX.    NDIM=  25    NPAR=  4    ERR DEF=1
  9.106e+03 -2.908e-03  3.530e-02  4.137e-07 
 -2.908e-03  9.396e-10  2.550e-09 -7.854e-14 
  3.530e-02  2.550e-09  4.056e-05  3.880e-10 
  4.137e-07 -7.854e-14  3.880e-10  1.246e-14 
ERR MATRIX NOT POS-DEF
 PARAMETER  CORRELATION COEFFICIENTS  
       NO.  GLOBAL      1      2      3      4
        1  0.99712   1.000 -0.994  0.058  0.039
        2  0.99712  -0.994  1.000  0.013 -0.023
        3  0.80164   0.058  0.013  1.000  0.546
        4  0.61550   0.039 -0.023  0.546  1.000
 ERR MATRIX NOT POS-DEF
status of the fit-----000------4
1  558981
2  0.564992
3  -0.000106845
4  0.000999615
 PARAMETER DEFINITIONS:
    NO.   NAME         VALUE      STEP SIZE      LIMITS
     1 norm         5.58981e+05  1.00000e-01     no limits
     2 Q            5.64992e-01  1.00000e-01     no limits
     3 theta       -1.06845e-04  1.00000e-01     no limits
     4 pileup       9.99615e-04  1.00000e-01     no limits
 **********
 **    3 **MIGRAD
 **********
 FIRST CALL TO USER FUNCTION AT NEW START POINT, WITH IFLAG=4.
 START MIGRAD MINIMIZATION.  STRATEGY  1.  CONVERGENCE WHEN EDM .LT. 1.00e-04
 FCN=-2.37859e+11 FROM MIGRAD    STATUS=INITIATE       14 CALLS         450 TOTAL
                     EDM= unknown      STRATEGY= 1      NO ERROR MATRIX       
  EXT PARAMETER               CURRENT GUESS       STEP         FIRST   
  NO.   NAME      VALUE            ERROR          SIZE      DERIVATIVE 
   1  norm         5.58981e+05   1.00000e-01   1.00000e-01  -1.94811e-02
   2  Q            5.64992e-01   1.00000e-01   1.00000e-01   8.32668e+06
   3  theta       -1.06845e-04   1.00000e-01   1.00000e-01  -7.05396e+02
   4  pileup       9.99615e-04   1.00000e-01   1.00000e-01  -9.17969e+11
 MIGRAD FAILS TO FIND IMPROVEMENT
 COVARIANCE MATRIX CALCULATED SUCCESSFULLY
 FCN=-2.37859e+11 FROM HESSE     STATUS=OK             29 CALLS         490 TOTAL
                     EDM=3.96269    STRATEGY= 1      ERROR MATRIX ACCURATE 
  EXT PARAMETER                                   STEP         FIRST   
  NO.   NAME      VALUE            ERROR          SIZE      DERIVATIVE 
   1  norm         5.58981e+05   2.74595e+02   2.66543e+00  -1.93781e-02
   2  Q            5.64992e-01   2.63418e-05   1.00000e-03  -5.40562e+04
   3  theta       -1.06845e-04   2.32350e-02   1.00000e-01   3.58200e+00
   4  pileup       9.99615e-04   9.24544e-08   1.00000e-02  -1.77275e+06
 MIGRAD FAILS TO FIND IMPROVEMENT
 MIGRAD TERMINATED WITHOUT CONVERGENCE.
 FCN=-2.37859e+11 FROM MIGRAD    STATUS=FAILED        101 CALLS         537 TOTAL
                     EDM=6.45275e+07    STRATEGY= 1  ERROR MATRIX UNCERTAINTY 100.0 per cent
  EXT PARAMETER                APPROXIMATE        STEP         FIRST   
  NO.   NAME      VALUE            ERROR          SIZE      DERIVATIVE 
   1  norm         5.58983e+05   9.12594e+00   0.00000e+00   1.69153e-02
   2  Q            5.64992e-01   1.10201e-10   0.00000e+00  -6.88695e+08
   3  theta       -2.22028e-04   9.93702e-04   0.00000e+00  -2.90475e+02
   4  pileup       9.99615e-04   1.50353e-08   0.00000e+00  -2.86524e+07
 EXTERNAL ERROR MATRIX.    NDIM=  25    NPAR=  4    ERR DEF=1
  8.328e+01 -4.586e-10  5.746e-03  5.847e-08 
 -4.586e-10  1.214e-20 -9.576e-14  4.183e-19 
  5.746e-03 -9.576e-14  9.874e-07 -4.135e-13 
  5.847e-08  4.183e-19 -4.135e-13  2.261e-16 
ERR MATRIX APPROXIMATE
 PARAMETER  CORRELATION COEFFICIENTS  
       NO.  GLOBAL      1      2      3      4
        1  0.77368   1.000 -0.456  0.634  0.426
        2  0.90381  -0.456  1.000 -0.874  0.252
        3  0.91446   0.634 -0.874  1.000 -0.028
        4  0.66336   0.426  0.252 -0.028  1.000
 ERR MATRIX APPROXIMATE
 **********
 **    4 **MIGRAD 
 **********
 START MIGRAD MINIMIZATION.  STRATEGY  1.  CONVERGENCE WHEN EDM .LT. 1.00e-04
 FCN=-2.37859e+11 FROM MIGRAD    STATUS=INITIATE       14 CALLS         551 TOTAL
                     EDM=1.77864    STRATEGY= 1  ERROR MATRIX UNCERTAINTY 100.0 per cent
  EXT PARAMETER                APPROXIMATE        STEP         FIRST   
  NO.   NAME      VALUE            ERROR          SIZE      DERIVATIVE 
   1  norm         5.58983e+05   9.12594e+00   0.00000e+00   1.08112e-02
   2  Q            5.64992e-01   1.10201e-10   0.00000e+00   5.92706e+04
   3  theta       -2.22028e-04   9.93702e-04   0.00000e+00  -2.55236e+02
   4  pileup       9.99615e-04   1.50353e-08   0.00000e+00  -2.86526e+07
 MIGRAD FAILS TO FIND IMPROVEMENT
 MACHINE ACCURACY LIMITS FURTHER IMPROVEMENT.
 MIGRAD MINIMIZATION HAS CONVERGED.
 MIGRAD WILL VERIFY CONVERGENCE AND ERROR MATRIX.
 EIGENVALUES OF SECOND-DERIVATIVE MATRIX:
        -2.7245e-04  3.4751e-01  8.5155e-01  2.8012e+00
 MINUIT WARNING IN HESSE   
 ============== MATRIX FORCED POS-DEF BY ADDING 0.003074 TO DIAGONAL.
 FCN=-2.37859e+11 FROM HESSE     STATUS=NOT POSDEF     29 CALLS         639 TOTAL
                     EDM=0.0234698    STRATEGY= 1      ERR MATRIX NOT POS-DEF
  EXT PARAMETER                APPROXIMATE        STEP         FIRST   
  NO.   NAME      VALUE            ERROR          SIZE      DERIVATIVE 
   1  norm         5.58983e+05   9.67838e+01   1.72585e+03   1.77175e-02
   2  Q            5.64992e-01   3.12197e-05   9.42311e-05   6.18328e+04
   3  theta       -2.11092e-04   2.77696e-03   4.25262e-02   9.86725e+00
   4  pileup       9.99616e-04   1.05025e-07   2.09834e-05  -1.05984e+06
 EIGENVALUES OF SECOND-DERIVATIVE MATRIX:
        -4.2748e-01  3.4203e-03  1.0136e+00  3.4104e+00
 MINUIT WARNING IN MIGRAD  
 ============== MATRIX FORCED POS-DEF BY ADDING 0.430894 TO DIAGONAL.
 EIGENVALUES OF SECOND-DERIVATIVE MATRIX:
        -2.9065e-01  9.8944e-03  1.5007e+00  2.7801e+00
 MINUIT WARNING IN MIGRAD  
 ============== MATRIX FORCED POS-DEF BY ADDING 0.293434 TO DIAGONAL.
 MIGRAD FAILS TO FIND IMPROVEMENT
 MIGRAD TERMINATED WITHOUT CONVERGENCE.
 FCN=-2.37859e+11 FROM MIGRAD    STATUS=FAILED        138 CALLS         675 TOTAL
                     EDM=3.26451e+08    STRATEGY= 1      ERR MATRIX NOT POS-DEF
  EXT PARAMETER                APPROXIMATE        STEP         FIRST   
  NO.   NAME      VALUE            ERROR          SIZE      DERIVATIVE 
   1  norm         5.58994e+05   8.34393e+01   0.00000e+00  -6.20301e-02
   2  Q            5.64988e-01   1.63805e-08  -0.00000e+00  -1.00320e+09
   3  theta       -3.42784e-04   3.13830e-03   0.00000e+00  -6.63017e+03
   4  pileup       9.99622e-04   1.95677e-08  -0.00000e+00  -2.76168e+07
 EXTERNAL ERROR MATRIX.    NDIM=  25    NPAR=  4    ERR DEF=1
  6.962e+03 -1.805e-07 -2.740e-03 -1.133e-06 
 -1.805e-07  2.683e-16 -4.986e-11  1.680e-16 
 -2.740e-03 -4.986e-11  9.849e-06 -1.925e-11 
 -1.133e-06  1.680e-16 -1.925e-11  3.829e-16 
ERR MATRIX NOT POS-DEF
 PARAMETER  CORRELATION COEFFICIENTS  
       NO.  GLOBAL      1      2      3      4
        1  0.82271   1.000 -0.132 -0.010 -0.694
        2  0.99800  -0.132  1.000 -0.970  0.524
        3  0.99742  -0.010 -0.970  1.000 -0.313
        4  0.97858  -0.694  0.524 -0.313  1.000
 ERR MATRIX NOT POS-DEF
status of the fit-----000------4
1  558994
2  0.564988
3  -0.000342784
4  0.000999622
 PARAMETER DEFINITIONS:
    NO.   NAME         VALUE      STEP SIZE      LIMITS
     1 norm         5.58994e+05  1.00000e-01     no limits
     2 Q            5.64988e-01  1.00000e-01     no limits
     3 theta       -3.42784e-04  1.00000e-01     no limits
     4 pileup       9.99622e-04  1.00000e-01     no limits
 **********
 **    5 **MIGRAD
 **********
 FIRST CALL TO USER FUNCTION AT NEW START POINT, WITH IFLAG=4.
 START MIGRAD MINIMIZATION.  STRATEGY  1.  CONVERGENCE WHEN EDM .LT. 1.00e-04
 FCN=-2.37859e+11 FROM MIGRAD    STATUS=INITIATE       14 CALLS         690 TOTAL
                     EDM= unknown      STRATEGY= 1      NO ERROR MATRIX       
  EXT PARAMETER               CURRENT GUESS       STEP         FIRST   
  NO.   NAME      VALUE            ERROR          SIZE      DERIVATIVE 
   1  norm         5.58994e+05   1.00000e-01   1.00000e-01   2.57606e-03
   2  Q            5.64988e-01   1.00000e-01   1.00000e-01   8.71280e+06
   3  theta       -3.42784e-04   1.00000e-01   1.00000e-01  -2.26258e+03
   4  pileup       9.99622e-04   1.00000e-01   1.00000e-01  -9.17968e+11
 MIGRAD FAILS TO FIND IMPROVEMENT
 COVARIANCE MATRIX CALCULATED SUCCESSFULLY
 FCN=-2.37859e+11 FROM HESSE     STATUS=OK             29 CALLS         730 TOTAL
                     EDM=0.000434429    STRATEGY= 1      ERROR MATRIX ACCURATE 
  EXT PARAMETER                                   STEP         FIRST   
  NO.   NAME      VALUE            ERROR          SIZE      DERIVATIVE 
   1  norm         5.58994e+05   9.56167e+01   2.66549e+00   2.51881e-03
   2  Q            5.64988e-01   9.07566e-06   1.00000e-03   1.43579e+04
   3  theta       -3.42784e-04   7.98661e-03   1.00000e-01   1.26648e+01
   4  pileup       9.99622e-04   9.24378e-08   1.00000e-02   2.77043e+05
 MIGRAD FAILS TO FIND IMPROVEMENT
 MACHINE ACCURACY LIMITS FURTHER IMPROVEMENT.
 MIGRAD MINIMIZATION HAS CONVERGED.
 FCN=-2.37859e+11 FROM MIGRAD    STATUS=CONVERGED      62 CALLS         738 TOTAL
                     EDM=0.000434429    STRATEGY= 1      ERROR MATRIX ACCURATE 
  EXT PARAMETER                                   STEP         FIRST   
  NO.   NAME      VALUE            ERROR          SIZE      DERIVATIVE 
   1  norm         5.58994e+05   9.56167e+01  -0.00000e+00   2.51881e-03
   2  Q            5.64988e-01   9.07566e-06   0.00000e+00   1.43579e+04
   3  theta       -3.42784e-04   7.98661e-03   0.00000e+00   1.26648e+01
   4  pileup       9.99622e-04   9.24378e-08  -0.00000e+00   2.77043e+05
 EXTERNAL ERROR MATRIX.    NDIM=  25    NPAR=  4    ERR DEF=1
  9.143e+03 -8.637e-04 -7.486e-01 -3.429e-08 
 -8.637e-04  8.237e-11  7.192e-08 -5.199e-15 
 -7.486e-01  7.192e-08  6.379e-05  5.080e-12 
 -3.429e-08 -5.199e-15  5.080e-12  8.545e-15 
 PARAMETER  CORRELATION COEFFICIENTS  
       NO.  GLOBAL      1      2      3      4
        1  0.99713   1.000 -0.995 -0.980 -0.004
        2  0.99886  -0.995  1.000  0.992 -0.006
        3  0.99520  -0.980  0.992  1.000  0.007
        4  0.23240  -0.004 -0.006  0.007  1.000
 **********
 **    6 **MIGRAD 
 **********
 START MIGRAD MINIMIZATION.  STRATEGY  1.  CONVERGENCE WHEN EDM .LT. 1.00e-04
 FCN=-2.37859e+11 FROM MIGRAD    STATUS=INITIATE        8 CALLS         746 TOTAL
                     EDM=3.87824    STRATEGY= 1      ERROR MATRIX ACCURATE 
  EXT PARAMETER                                   STEP         FIRST   
  NO.   NAME      VALUE            ERROR          SIZE      DERIVATIVE 
   1  norm         5.58994e+05   9.56167e+01  -0.00000e+00   2.59037e-03
   2  Q            5.64988e-01   9.07566e-06   0.00000e+00   1.44461e+04
   3  theta       -3.42784e-04   7.98661e-03   0.00000e+00  -3.47036e+02
   4  pileup       9.99622e-04   9.24378e-08  -0.00000e+00  -2.87877e+07
 MIGRAD FAILS TO FIND IMPROVEMENT
 MACHINE ACCURACY LIMITS FURTHER IMPROVEMENT.
 MIGRAD MINIMIZATION HAS CONVERGED.
 FCN=-2.37859e+11 FROM MIGRAD    STATUS=CONVERGED      19 CALLS         757 TOTAL
                     EDM=3.87824    STRATEGY= 1      ERROR MATRIX ACCURATE 
  EXT PARAMETER                                   STEP         FIRST   
  NO.   NAME      VALUE            ERROR          SIZE      DERIVATIVE 
   1  norm         5.58994e+05   9.56167e+01  -0.00000e+00   2.59037e-03
   2  Q            5.64988e-01   9.07566e-06   0.00000e+00   1.44461e+04
   3  theta       -3.42784e-04   7.98661e-03   0.00000e+00  -3.47036e+02
   4  pileup       9.99622e-04   9.24378e-08   0.00000e+00  -2.87877e+07
 EXTERNAL ERROR MATRIX.    NDIM=  25    NPAR=  4    ERR DEF=1
  9.143e+03 -8.637e-04 -7.486e-01 -3.429e-08 
 -8.637e-04  8.237e-11  7.192e-08 -5.199e-15 
 -7.486e-01  7.192e-08  6.379e-05  5.080e-12 
 -3.429e-08 -5.199e-15  5.080e-12  8.545e-15 
 PARAMETER  CORRELATION COEFFICIENTS  
       NO.  GLOBAL      1      2      3      4
        1  0.99713   1.000 -0.995 -0.980 -0.004
        2  0.99886  -0.995  1.000  0.992 -0.006
        3  0.99520  -0.980  0.992  1.000  0.007
        4  0.23240  -0.004 -0.006  0.007  1.000
status of the fit-----000------0
1  558994
2  0.564988
3  -0.000342784
4  0.000999622
 **********
 **   19 **SET PRINT           2
 **********
 **********
 **   20 **SET NOGRAD
 **********
 PARAMETER DEFINITIONS:
    NO.   NAME         VALUE      STEP SIZE      LIMITS
     1 p0           5.58000e+05  1.67400e+05     no limits
     2 p1           5.65000e-01  1.69500e-01     no limits
     3 p2           0.00000e+00  3.00000e-01     no limits
     4 p3           9.99871e-04  2.99961e-04     no limits
 **********
 **   21 **SET ERR         0.5
 **********
 **********
 **   22 **SET PRINT           2
 **********
 **********
 **   23 **SET STR           1
 **********
 NOW USING STRATEGY  1: TRY TO BALANCE SPEED AGAINST RELIABILITY
 **********
 **   24 **MIGRAD        1480        0.01
 **********
 FIRST CALL TO USER FUNCTION AT NEW START POINT, WITH IFLAG=4.
 START MIGRAD MINIMIZATION.  STRATEGY  1.  CONVERGENCE WHEN EDM .LT. 1.00e-05
 FCN=17103.7 FROM MIGRAD    STATUS=INITIATE       18 CALLS          19 TOTAL
                     EDM= unknown      STRATEGY= 1      NO ERROR MATRIX       
  EXT PARAMETER               CURRENT GUESS       STEP         FIRST   
  NO.   NAME      VALUE            ERROR          SIZE      DERIVATIVE 
   1  p0           5.58000e+05   1.67400e+05   1.67400e+05  -3.60537e+01
   2  p1           5.65000e-01   1.69500e-01   1.69500e-01  -1.11909e+08
   3  p2           0.00000e+00   3.00000e-01   3.00000e-01   0.00000e+00
   4  p3           9.99871e-04   2.99961e-04   2.99961e-04  -9.96342e+08
                               ERR DEF= 0.5
NO ERROR MATRIX       
 FCN=471.948 FROM MIGRAD    STATUS=PROGRESS       34 CALLS          35 TOTAL
                     EDM=1292.6    STRATEGY= 1      NO ERROR MATRIX       
  EXT PARAMETER               CURRENT GUESS       STEP         FIRST   
  NO.   NAME      VALUE            ERROR          SIZE      DERIVATIVE 
   1  p0           5.58436e+05   1.67400e+05   4.36476e+02  -8.16093e-01
   2  p1           5.65141e-01   1.69500e-01   1.40741e-04  -2.49894e+06
   3  p2           0.00000e+00   3.00000e-01  -0.00000e+00   0.00000e+00
   4  p3           1.00166e-03   2.99961e-04   1.78817e-06   3.97104e+08
                               ERR DEF= 0.5
 FCN=71.3054 FROM MIGRAD    STATUS=PROGRESS      152 CALLS         153 TOTAL
                     EDM=0.584271    STRATEGY= 1  ERROR MATRIX UNCERTAINTY  20.6 per cent
  EXT PARAMETER                APPROXIMATE        STEP         FIRST   
  NO.   NAME      VALUE            ERROR          SIZE      DERIVATIVE 
   1  p0           5.60501e+05   5.05542e+02   1.57139e+01  -1.12480e-01
   2  p1           5.64500e-01   1.62096e-04  -4.98459e-06  -3.47145e+05
   3  p2           0.00000e+00   4.93788e-04  -0.00000e+00   0.00000e+00
   4  p3           9.99856e-04   6.65059e-08   2.59103e-11  -2.42965e+06
                               ERR DEF= 0.5
 MIGRAD FAILS TO FIND IMPROVEMENT
   START COVARIANCE MATRIX CALCULATION.
 MINUIT WARNING IN HESSE   
 ============== Negative diagonal element 3 in Error Matrix
 MINUIT WARNING IN HESSE   
 ============== 3317.95 added to diagonal of error matrix
 EIGENVALUES OF SECOND-DERIVATIVE MATRIX:
        -2.9576e-01  9.0428e-01  9.9999e-01  2.3915e+00
 MINUIT WARNING IN HESSE   
 ============== MATRIX FORCED POS-DEF BY ADDING 0.298150 TO DIAGONAL.
 FCN=71.136 FROM HESSE     STATUS=NOT POSDEF     25 CALLS         230 TOTAL
                     EDM=1.41886    STRATEGY= 1      ERR MATRIX NOT POS-DEF
  EXT PARAMETER                APPROXIMATE        STEP         FIRST   
  NO.   NAME      VALUE            ERROR          SIZE      DERIVATIVE 
   1  p0           5.60506e+05   1.52652e-02   2.67270e-01   7.89565e-03
   2  p1           5.64499e-01   3.23110e-06   2.69174e-07  -7.38788e+05
   3  p2           0.00000e+00   1.46997e+01   1.49133e-04   0.00000e+00
   4  p3           9.99856e-04   8.38183e-07   4.76768e-10   8.56127e+05
                               ERR DEF= 0.5
 PARAMETER  CORRELATION COEFFICIENTS  
       NO.  GLOBAL      1      2      3      4
        1  0.06075   1.000  0.060  0.061  0.061
        2  0.98856   0.060  1.000  0.988  0.985
        3  0.99822   0.061  0.988  1.000  0.998
        4  0.99772   0.061  0.985  0.998  1.000
 ERR MATRIX NOT POS-DEF
 FCN=71.1356 FROM MIGRAD    STATUS=PROGRESS      243 CALLS         244 TOTAL
                     EDM=8993.17    STRATEGY= 1      ERR MATRIX NOT POS-DEF
  EXT PARAMETER                APPROXIMATE        STEP         FIRST   
  NO.   NAME      VALUE            ERROR          SIZE      DERIVATIVE 
   1  p0           5.60506e+05   1.52652e-02   1.89789e-07  -1.21767e-02
   2  p1           5.64499e-01   3.23110e-06   6.78562e-10  -4.57752e+05
   3  p2           3.02009e-03   1.46997e+01   3.02009e-03   9.25352e+00
   4  p3           9.99856e-04   8.38183e-07   1.71233e-10  -5.37312e+05
                               ERR DEF= 0.5
 MIGRAD FAILS TO FIND IMPROVEMENT
 MIGRAD TERMINATED WITHOUT CONVERGENCE.
 FCN=71.1325 FROM MIGRAD    STATUS=FAILED        267 CALLS         268 TOTAL
                     EDM=2707.42    STRATEGY= 1      ERR MATRIX NOT POS-DEF
  EXT PARAMETER                APPROXIMATE        STEP         FIRST   
  NO.   NAME      VALUE            ERROR          SIZE      DERIVATIVE 
   1  p0           5.60506e+05   1.52370e-02  -0.00000e+00   1.99274e-03
   2  p1           5.64499e-01   4.00058e-07   0.00000e+00  -3.97067e+05
   3  p2           1.90153e-03   1.08200e-02  -0.00000e+00  -1.66161e+00
   4  p3           9.99855e-04   5.56720e-08   0.00000e+00   2.40888e+05
                               ERR DEF= 0.5
 EXTERNAL ERROR MATRIX.    NDIM=  25    NPAR=  4    ERR DEF=0.5
  2.322e-04 -2.390e-12  2.967e-07 -8.458e-13 
 -2.390e-12  1.600e-13 -1.019e-09  1.075e-15 
  2.967e-07 -1.019e-09  1.171e-04  2.842e-10 
 -8.458e-13  1.075e-15  2.842e-10  3.099e-15 
ERR MATRIX NOT POS-DEF
 PARAMETER  CORRELATION COEFFICIENTS  
       NO.  GLOBAL      1      2      3      4
        1  0.00279   1.000 -0.000  0.002 -0.001
        2  0.29686  -0.000  1.000 -0.236  0.048
        3  0.53799   0.002 -0.236  1.000  0.472
        4  0.49946  -0.001  0.048  0.472  1.000
 ERR MATRIX NOT POS-DEF
 FCN=71.1325 FROM MIGRAD    STATUS=FAILED        267 CALLS         268 TOTAL
                     EDM=2707.42    STRATEGY= 1      ERR MATRIX NOT POS-DEF
  EXT PARAMETER                  PARABOLIC         MINOS ERRORS        
  NO.   NAME      VALUE            ERROR      NEGATIVE      POSITIVE   
   1  p0           5.60506e+05   1.52370e-02                            
   2  p1           5.64499e-01   4.00058e-07                            
   3  p2           1.90153e-03   1.08200e-02                            
   4  p3           9.99855e-04   5.56720e-08                            
                               ERR DEF= 0.5
 **********
 **   25 **SET PRINT           2
 **********
 **********
 **   26 **SET NOGRAD
 **********
 PARAMETER DEFINITIONS:
    NO.   NAME         VALUE      STEP SIZE      LIMITS
     1 p0           5.60506e+05  1.52370e-02     no limits
     2 p1           5.64499e-01  4.00058e-07     no limits
     3 p2           1.90153e-03  1.08200e-02     no limits
     4 p3           9.99855e-04  5.56720e-08     no limits
 **********
 **   27 **SET ERR         0.5
 **********
 **********
 **   28 **SET PRINT           2
 **********
 **********
 **   29 **SET STR           1
 **********
 NOW USING STRATEGY  1: TRY TO BALANCE SPEED AGAINST RELIABILITY
 **********
 **   30 **MIGRAD        1480        0.01
 **********
 FIRST CALL TO USER FUNCTION AT NEW START POINT, WITH IFLAG=4.
 START MIGRAD MINIMIZATION.  STRATEGY  1.  CONVERGENCE WHEN EDM .LT. 1.00e-05
 FCN=71.1325 FROM MIGRAD    STATUS=INITIATE        8 CALLS           9 TOTAL
                     EDM= unknown      STRATEGY= 1      NO ERROR MATRIX       
  EXT PARAMETER               CURRENT GUESS       STEP         FIRST   
  NO.   NAME      VALUE            ERROR          SIZE      DERIVATIVE 
   1  p0           5.60506e+05   1.52370e-02   1.52370e-02   1.99274e-03
   2  p1           5.64499e-01   4.00058e-07   4.00058e-07  -3.97067e+05
   3  p2           1.90153e-03   1.08200e-02   1.08200e-02  -1.67544e+00
   4  p3           9.99855e-04   5.56720e-08   5.56720e-08   2.42164e+05
                               ERR DEF= 0.5
NO ERROR MATRIX       
 FCN=71.1325 FROM MIGRAD    STATUS=PROGRESS       27 CALLS          28 TOTAL
                     EDM=0.0948877    STRATEGY= 1      NO ERROR MATRIX       
  EXT PARAMETER               CURRENT GUESS       STEP         FIRST   
  NO.   NAME      VALUE            ERROR          SIZE      DERIVATIVE 
   1  p0           5.60506e+05   1.52370e-02  -4.46979e-05   1.99627e-03
   2  p1           5.64499e-01   4.00058e-07   9.93393e-11  -3.97054e+05
   3  p2           1.90185e-03   1.08200e-02   3.23707e-07  -1.68084e+00
   4  p3           9.99855e-04   5.56720e-08  -8.28833e-13   2.44346e+05
                               ERR DEF= 0.5
 MINUIT WARNING IN MIGRAD  
 ============== Negative diagonal element 2 in Error Matrix
 MINUIT WARNING IN MIGRAD  
 ============== 1 added to diagonal of error matrix
 EIGENVALUES OF SECOND-DERIVATIVE MATRIX:
         9.9712e-01  1.0000e+00  1.0000e+00  1.0029e+00
 MIGRAD FAILS TO FIND IMPROVEMENT
   START COVARIANCE MATRIX CALCULATION.
 EIGENVALUES OF SECOND-DERIVATIVE MATRIX:
         3.0017e-01  6.3507e-01  9.2636e-01  2.1384e+00
 COVARIANCE MATRIX CALCULATED SUCCESSFULLY
 FCN=71.1325 FROM HESSE     STATUS=OK             25 CALLS          64 TOTAL
                     EDM=0.107083    STRATEGY= 1      ERROR MATRIX ACCURATE 
  EXT PARAMETER                                   STEP         FIRST   
  NO.   NAME      VALUE            ERROR          SIZE      DERIVATIVE 
   1  p0           5.60506e+05   7.09295e+00   2.67270e-01   1.99447e-03
   2  p1           5.64499e-01   5.74908e-07   2.69174e-07  -7.97538e+05
   3  p2           1.90185e-03   2.13346e-02   8.81637e-05  -1.66822e+00
   4  p3           9.99855e-04   7.18979e-08   4.76768e-10   2.43063e+05
                               ERR DEF= 0.5
 PARAMETER  CORRELATION COEFFICIENTS  
       NO.  GLOBAL      1      2      3      4
        1  0.69016   1.000 -0.254  0.590 -0.006
        2  0.32937  -0.254  1.000 -0.005 -0.006
        3  0.72379   0.590 -0.005  1.000  0.387
        4  0.49336  -0.006 -0.006  0.387  1.000
 MIGRAD FAILS TO FIND IMPROVEMENT
 MIGRAD TERMINATED WITHOUT CONVERGENCE.
 FCN=71.1325 FROM MIGRAD    STATUS=FAILED         74 CALLS          75 TOTAL
                     EDM=0.107083    STRATEGY= 1      ERR MATRIX APPROXIMATE
  EXT PARAMETER                APPROXIMATE        STEP         FIRST   
  NO.   NAME      VALUE            ERROR          SIZE      DERIVATIVE 
   1  p0           5.60506e+05   7.09295e+00  -0.00000e+00   1.99447e-03
   2  p1           5.64499e-01   5.74908e-07   0.00000e+00  -7.97538e+05
   3  p2           1.90185e-03   2.13346e-02   0.00000e+00  -1.66822e+00
   4  p3           9.99855e-04   7.18979e-08  -0.00000e+00   2.43063e+05
                               ERR DEF= 0.5
 EXTERNAL ERROR MATRIX.    NDIM=  25    NPAR=  4    ERR DEF=0.5
  5.031e+01 -1.036e-06  8.929e-02 -3.036e-09 
 -1.036e-06  3.305e-13 -5.569e-11 -2.369e-16 
  8.929e-02 -5.569e-11  4.552e-04  5.931e-10 
 -3.036e-09 -2.369e-16  5.931e-10  5.169e-15 
ERR MATRIX APPROXIMATE
 PARAMETER  CORRELATION COEFFICIENTS  
       NO.  GLOBAL      1      2      3      4
        1  0.69016   1.000 -0.254  0.590 -0.006
        2  0.32937  -0.254  1.000 -0.005 -0.006
        3  0.72379   0.590 -0.005  1.000  0.387
        4  0.49336  -0.006 -0.006  0.387  1.000
 ERR MATRIX APPROXIMATE
 FCN=71.1325 FROM MIGRAD    STATUS=FAILED         74 CALLS          75 TOTAL
                     EDM=0.107083    STRATEGY= 1      ERR MATRIX APPROXIMATE
  EXT PARAMETER                  PARABOLIC         MINOS ERRORS        
  NO.   NAME      VALUE            ERROR      NEGATIVE      POSITIVE   
   1  p0           5.60506e+05   7.09295e+00                            
   2  p1           5.64499e-01   5.74908e-07                            
   3  p2           1.90185e-03   2.13346e-02                            
   4  p3           9.99855e-04   7.18979e-08                            
                               ERR DEF= 0.5
 **********
 **   31 **SET PRINT           2
 **********
 **********
 **   32 **SET NOGRAD
 **********
 PARAMETER DEFINITIONS:
    NO.   NAME         VALUE      STEP SIZE      LIMITS
     1 p0           5.60506e+05  7.09295e+00     no limits
     2 p1           5.64499e-01  5.74908e-07     no limits
     3 p2           1.90185e-03  2.13346e-02     no limits
     4 p3           9.99855e-04  7.18979e-08     no limits
 **********
 **   33 **SET ERR         0.5
 **********
 **********
 **   34 **SET PRINT           2
 **********
 **********
 **   35 **SET STR           1
 **********
 NOW USING STRATEGY  1: TRY TO BALANCE SPEED AGAINST RELIABILITY
 **********
 **   36 **MIGRAD        1480        0.01
 **********
 FIRST CALL TO USER FUNCTION AT NEW START POINT, WITH IFLAG=4.
 START MIGRAD MINIMIZATION.  STRATEGY  1.  CONVERGENCE WHEN EDM .LT. 1.00e-05
 FCN=71.1325 FROM MIGRAD    STATUS=INITIATE       12 CALLS          13 TOTAL
                     EDM= unknown      STRATEGY= 1      NO ERROR MATRIX       
  EXT PARAMETER               CURRENT GUESS       STEP         FIRST   
  NO.   NAME      VALUE            ERROR          SIZE      DERIVATIVE 
   1  p0           5.60506e+05   7.09295e+00   7.09295e+00   1.99627e-03
   2  p1           5.64499e-01   5.74908e-07   5.74908e-07  -3.97054e+05
   3  p2           1.90185e-03   2.13346e-02   2.13346e-02  -1.65665e+00
   4  p3           9.99855e-04   7.18979e-08   7.18979e-08   2.44346e+05
                               ERR DEF= 0.5
NO ERROR MATRIX       
 MIGRAD FAILS TO FIND IMPROVEMENT
   START COVARIANCE MATRIX CALCULATION.
 EIGENVALUES OF SECOND-DERIVATIVE MATRIX:
         2.1934e-01  5.9502e-01  9.5579e-01  2.2299e+00
 COVARIANCE MATRIX CALCULATED SUCCESSFULLY
 FCN=71.1325 FROM HESSE     STATUS=OK             25 CALLS          49 TOTAL
                     EDM=0.107091    STRATEGY= 1      ERROR MATRIX ACCURATE 
  EXT PARAMETER                                   STEP         FIRST   
  NO.   NAME      VALUE            ERROR          SIZE      DERIVATIVE 
   1  p0           5.60506e+05   7.19709e+00   2.67270e-01   1.99447e-03
   2  p1           5.64499e-01   5.74909e-07   2.69174e-07  -7.97538e+05
   3  p2           1.90185e-03   2.46877e-02   8.98929e-05  -1.70898e+00
   4  p3           9.99855e-04   8.37984e-08   4.76768e-10   2.43063e+05
                               ERR DEF= 0.5
 PARAMETER  CORRELATION COEFFICIENTS  
       NO.  GLOBAL      1      2      3      4
        1  0.70097   1.000 -0.251  0.606  0.172
        2  0.32938  -0.251  1.000 -0.005 -0.006
        3  0.80578   0.606 -0.005  1.000  0.611
        4  0.66561   0.172 -0.006  0.611  1.000
 MIGRAD FAILS TO FIND IMPROVEMENT
 MIGRAD TERMINATED WITHOUT CONVERGENCE.
 FCN=71.1325 FROM MIGRAD    STATUS=FAILED         59 CALLS          60 TOTAL
                     EDM=0.107091    STRATEGY= 1      ERR MATRIX APPROXIMATE
  EXT PARAMETER                APPROXIMATE        STEP         FIRST   
  NO.   NAME      VALUE            ERROR          SIZE      DERIVATIVE 
   1  p0           5.60506e+05   7.19709e+00  -0.00000e+00   1.99447e-03
   2  p1           5.64499e-01   5.74909e-07   0.00000e+00  -7.97538e+05
   3  p2           1.90185e-03   2.46877e-02   0.00000e+00  -1.70898e+00
   4  p3           9.99855e-04   8.37984e-08   0.00000e+00   2.43063e+05
                               ERR DEF= 0.5
 EXTERNAL ERROR MATRIX.    NDIM=  25    NPAR=  4    ERR DEF=0.5
  5.180e+01 -1.037e-06  1.076e-01  1.040e-07 
 -1.037e-06  3.305e-13 -6.838e-11 -3.063e-16 
  1.076e-01 -6.838e-11  6.095e-04  1.265e-09 
  1.040e-07 -3.063e-16  1.265e-09  7.022e-15 
ERR MATRIX APPROXIMATE
 PARAMETER  CORRELATION COEFFICIENTS  
       NO.  GLOBAL      1      2      3      4
        1  0.70097   1.000 -0.251  0.606  0.172
        2  0.32938  -0.251  1.000 -0.005 -0.006
        3  0.80578   0.606 -0.005  1.000  0.611
        4  0.66561   0.172 -0.006  0.611  1.000
 ERR MATRIX APPROXIMATE
 FCN=71.1325 FROM MIGRAD    STATUS=FAILED         59 CALLS          60 TOTAL
                     EDM=0.107091    STRATEGY= 1      ERR MATRIX APPROXIMATE
  EXT PARAMETER                  PARABOLIC         MINOS ERRORS        
  NO.   NAME      VALUE            ERROR      NEGATIVE      POSITIVE   
   1  p0           5.60506e+05   7.19709e+00                            
   2  p1           5.64499e-01   5.74909e-07                            
   3  p2           1.90185e-03   2.46877e-02                            
   4  p3           9.99855e-04   8.37984e-08                            
                               ERR DEF= 0.5
------------------------------------------
Enering ROOFIt-------
 PARAMETER DEFINITIONS:
    NO.   NAME         VALUE      STEP SIZE      LIMITS
     1 norm         5.60506e+05  1.00000e-01     no limits
     2 Q            5.65000e-01  1.00000e-01     no limits
     3 theta        0.00000e+00  1.00000e-01     no limits
     4 pileup       9.99855e-04  1.00000e-01     no limits
 **********
 **    1 **MIGRAD
 **********
 FIRST CALL TO USER FUNCTION AT NEW START POINT, WITH IFLAG=4.
 START MIGRAD MINIMIZATION.  STRATEGY  1.  CONVERGENCE WHEN EDM .LT. 1.00e-04
 FCN=-2.37858e+11 FROM MIGRAD    STATUS=INITIATE       40 CALLS          41 TOTAL
                     EDM= unknown      STRATEGY= 1      NO ERROR MATRIX       
  EXT PARAMETER               CURRENT GUESS       STEP         FIRST   
  NO.   NAME      VALUE            ERROR          SIZE      DERIVATIVE 
   1  norm         5.60506e+05   1.00000e-01   0.00000e+00   3.73740e+01
   2  Q            5.65000e-01   1.00000e-01   0.00000e+00   1.16153e+08
   3  theta        1.00000e-01   1.00000e-01   1.00000e-01   2.92245e+05
   4  pileup       9.99855e-04   1.00000e-01   0.00000e+00   7.61425e+07
 MIGRAD FAILS TO FIND IMPROVEMENT
 MACHINE ACCURACY LIMITS FURTHER IMPROVEMENT.
 MIGRAD MINIMIZATION HAS CONVERGED.
 FCN=-2.37858e+11 FROM MIGRAD    STATUS=CONVERGED     189 CALLS         190 TOTAL
                     EDM=168.475    STRATEGY= 1  ERROR MATRIX UNCERTAINTY   2.2 per cent
  EXT PARAMETER                                   STEP         FIRST   
  NO.   NAME      VALUE            ERROR          SIZE      DERIVATIVE 
   1  norm         5.58972e+05   7.93746e+00  -0.00000e+00   4.66183e-01
   2  Q            5.64996e-01   2.08071e-08   0.00000e+00  -3.23384e+08
   3  theta       -1.06383e-03   6.17666e-04   0.00000e+00  -1.58331e+04
   4  pileup       9.99864e-04   7.94292e-08   0.00000e+00  -4.19064e+06
 EXTERNAL ERROR MATRIX.    NDIM=  25    NPAR=  4    ERR DEF=1
  6.300e+01  3.651e-08  7.422e-04 -3.199e-07 
  3.651e-08  4.329e-16  6.291e-12 -5.383e-17 
  7.422e-04  6.291e-12  3.815e-07  1.484e-13 
 -3.199e-07 -5.383e-17  1.484e-13  6.309e-15 
 PARAMETER  CORRELATION COEFFICIENTS  
       NO.  GLOBAL      1      2      3      4
        1  0.55039   1.000  0.221  0.151 -0.507
        2  0.51395   0.221  1.000  0.490 -0.033
        3  0.49389   0.151  0.490  1.000  0.003
        4  0.51609  -0.507 -0.033  0.003  1.000
 **********
 **    2 **MIGRAD 
 **********
 START MIGRAD MINIMIZATION.  STRATEGY  1.  CONVERGENCE WHEN EDM .LT. 1.00e-04
 FCN=-2.37858e+11 FROM MIGRAD    STATUS=INITIATE       12 CALLS         202 TOTAL
                     EDM=13.8307    STRATEGY= 1  ERROR MATRIX UNCERTAINTY   2.2 per cent
  EXT PARAMETER                                   STEP         FIRST   
  NO.   NAME      VALUE            ERROR          SIZE      DERIVATIVE 
   1  norm         5.58972e+05   7.93746e+00  -0.00000e+00   4.66184e-01
   2  Q            5.64996e-01   2.08071e-08   0.00000e+00   1.65947e+06
   3  theta       -1.06383e-03   6.17666e-04   0.00000e+00  -1.07958e+04
   4  pileup       9.99864e-04   7.94292e-08   0.00000e+00  -4.19294e+06
 MIGRAD FAILS TO FIND IMPROVEMENT
 MACHINE ACCURACY LIMITS FURTHER IMPROVEMENT.
 MIGRAD MINIMIZATION HAS CONVERGED.
 FCN=-2.37858e+11 FROM MIGRAD    STATUS=CONVERGED     138 CALLS         328 TOTAL
                     EDM=0.958822    STRATEGY= 1  ERROR MATRIX UNCERTAINTY   9.2 per cent
  EXT PARAMETER                                   STEP         FIRST   
  NO.   NAME      VALUE            ERROR          SIZE      DERIVATIVE 
   1  norm         5.58962e+05   9.48328e+00  -0.00000e+00   1.37579e-01
   2  Q            5.64996e-01   1.31139e-09  -0.00000e+00  -3.25927e+08
   3  theta       -2.40100e-04   3.38068e-04   0.00000e+00  -3.68058e+03
   4  pileup       9.99884e-04   1.01515e-07   0.00000e+00  -8.70261e+06
 EXTERNAL ERROR MATRIX.    NDIM=  25    NPAR=  4    ERR DEF=1
  8.993e+01  1.576e-09 -7.972e-04 -6.525e-07 
  1.576e-09  1.720e-18 -4.342e-13 -2.825e-17 
 -7.972e-04 -4.342e-13  1.143e-07  1.098e-11 
 -6.525e-07 -2.825e-17  1.098e-11  1.031e-14 
 PARAMETER  CORRELATION COEFFICIENTS  
       NO.  GLOBAL      1      2      3      4
        1  0.73717   1.000  0.127 -0.249 -0.678
        2  0.98745   0.127  1.000 -0.979 -0.212
        3  0.98823  -0.249 -0.979  1.000  0.320
        4  0.71475  -0.678 -0.212  0.320  1.000
status of the fit-----000------0
1  558962
2  0.564996
3  -0.0002401
4  0.000999884
 **********
 **   37 **SET PRINT           2
 **********
 **********
 **   38 **SET NOGRAD
 **********
 PARAMETER DEFINITIONS:
    NO.   NAME         VALUE      STEP SIZE      LIMITS
     1 p0           5.58000e+05  1.67400e+05     no limits
     2 p1           5.65000e-01  1.69500e-01     no limits
     3 p2           0.00000e+00  3.00000e-01     no limits
     4 p3           9.99871e-04  2.99961e-04     no limits
 **********
 **   39 **SET ERR         0.5
 **********
 **********
 **   40 **SET PRINT           2
 **********
 **********
 **   41 **SET STR           1
 **********
 NOW USING STRATEGY  1: TRY TO BALANCE SPEED AGAINST RELIABILITY
 **********
 **   42 **MIGRAD        1480        0.01
 **********
 FIRST CALL TO USER FUNCTION AT NEW START POINT, WITH IFLAG=4.
 START MIGRAD MINIMIZATION.  STRATEGY  1.  CONVERGENCE WHEN EDM .LT. 1.00e-05
 FCN=17410.5 FROM MIGRAD    STATUS=INITIATE       18 CALLS          19 TOTAL
                     EDM= unknown      STRATEGY= 1      NO ERROR MATRIX       
  EXT PARAMETER               CURRENT GUESS       STEP         FIRST   
  NO.   NAME      VALUE            ERROR          SIZE      DERIVATIVE 
   1  p0           5.58000e+05   1.67400e+05   1.67400e+05  -3.63794e+01
   2  p1           5.65000e-01   1.69500e-01   1.69500e-01  -1.12922e+08
   3  p2           0.00000e+00   3.00000e-01   3.00000e-01   0.00000e+00
   4  p3           9.99871e-04   2.99961e-04   2.99961e-04  -9.97983e+08
                               ERR DEF= 0.5
NO ERROR MATRIX       
 FCN=484.471 FROM MIGRAD    STATUS=PROGRESS       34 CALLS          35 TOTAL
                     EDM=1344.17    STRATEGY= 1      NO ERROR MATRIX       
  EXT PARAMETER               CURRENT GUESS       STEP         FIRST   
  NO.   NAME      VALUE            ERROR          SIZE      DERIVATIVE 
   1  p0           5.58441e+05   1.67400e+05   4.40552e+02  -8.26008e-01
   2  p1           5.65142e-01   1.69500e-01   1.42060e-04  -2.53217e+06
   3  p2           0.00000e+00   3.00000e-01  -0.00000e+00   0.00000e+00
   4  p3           1.00166e-03   2.99961e-04   1.79171e-06   4.05102e+08
                               ERR DEF= 0.5
 MINUIT WARNING IN MIGRAD  
 ============== Negative diagonal element 1 in Error Matrix
 MINUIT WARNING IN MIGRAD  
 ============== Negative diagonal element 2 in Error Matrix
 MINUIT WARNING IN MIGRAD  
 ============== 68876.4 added to diagonal of error matrix
 EIGENVALUES OF SECOND-DERIVATIVE MATRIX:
         9.9992e-01  1.0000e+00  1.0000e+00  1.0001e+00
 MIGRAD FAILS TO FIND IMPROVEMENT
   START COVARIANCE MATRIX CALCULATION.
 MINUIT WARNING IN HESSE   
 ============== Negative diagonal element 3 in Error Matrix
 MINUIT WARNING IN HESSE   
 ============== 22924.8 added to diagonal of error matrix
 EIGENVALUES OF SECOND-DERIVATIVE MATRIX:
        -1.7358e+01  9.6894e-01  1.0000e+00  1.9389e+01
 MINUIT WARNING IN HESSE   
 ============== MATRIX FORCED POS-DEF BY ADDING 17.376966 TO DIAGONAL.
 FCN=69.9002 FROM HESSE     STATUS=NOT POSDEF     23 CALLS         182 TOTAL
                     EDM=0.0186269    STRATEGY= 1      ERR MATRIX NOT POS-DEF
  EXT PARAMETER                APPROXIMATE        STEP         FIRST   
  NO.   NAME      VALUE            ERROR          SIZE      DERIVATIVE 
   1  p0           5.60512e+05   1.54069e-03   2.67273e-01  -2.75093e-02
   2  p1           5.64500e-01   4.18687e-07   2.69175e-07  -8.48734e+04
   3  p2           0.00000e+00   5.08061e+00   4.44137e-05   0.00000e+00
   4  p3           9.99821e-04   3.48888e-07   4.76752e-10  -5.04905e+05
                               ERR DEF= 0.5
 PARAMETER  CORRELATION COEFFICIENTS  
       NO.  GLOBAL      1      2      3      4
        1  0.00439   1.000  0.002 -0.004  0.004
        2  0.39796   0.002  1.000 -0.398  0.396
        3  0.99895  -0.004 -0.398  1.000 -0.999
        4  0.99894   0.004  0.396 -0.999  1.000
 ERR MATRIX NOT POS-DEF
 FCN=69.8581 FROM MIGRAD    STATUS=PROGRESS      194 CALLS         195 TOTAL
                     EDM=11611.4    STRATEGY= 1      ERR MATRIX NOT POS-DEF
  EXT PARAMETER                APPROXIMATE        STEP         FIRST   
  NO.   NAME      VALUE            ERROR          SIZE      DERIVATIVE 
   1  p0           5.60512e+05   1.54069e-03   3.36693e-09  -4.02942e-02
   2  p1           5.64500e-01   4.18687e-07   1.10251e-10  -1.24984e+05
   3  p2          -2.41450e-03   5.08061e+00  -2.41450e-03   2.98949e+01
   4  p3           9.99821e-04   3.48888e-07   1.65927e-10  -1.39165e+06
                               ERR DEF= 0.5
 MINUIT WARNING IN MIGRAD  
 ============== Negative diagonal element 3 in Error Matrix
 MINUIT WARNING IN MIGRAD  
 ============== 1.00016 added to diagonal of error matrix
 EIGENVALUES OF SECOND-DERIVATIVE MATRIX:
         1.0000e+00  1.0000e+00  1.0000e+00  1.0000e+00
 MIGRAD FAILS TO FIND IMPROVEMENT
 MIGRAD TERMINATED WITHOUT CONVERGENCE.
 FCN=69.8581 FROM MIGRAD    STATUS=FAILED        205 CALLS         206 TOTAL
                     EDM=11611.4    STRATEGY= 1      ERR MATRIX NOT POS-DEF
  EXT PARAMETER                APPROXIMATE        STEP         FIRST   
  NO.   NAME      VALUE            ERROR          SIZE      DERIVATIVE 
   1  p0           5.60512e+05   7.07165e-01   0.00000e+00  -4.02942e-02
   2  p1           5.64500e-01   7.07164e-01   0.00000e+00  -1.24984e+05
   3  p2          -2.41450e-03   7.07107e-01  -0.00000e+00   2.98949e+01
   4  p3           9.99821e-04   7.07164e-01   0.00000e+00  -1.39165e+06
                               ERR DEF= 0.5
 EXTERNAL ERROR MATRIX.    NDIM=  25    NPAR=  4    ERR DEF=0.5
  5.001e-01 -4.140e-14  1.050e-09 -7.447e-16 
 -4.140e-14  5.001e-01  1.975e-10 -1.418e-16 
  1.050e-09  1.975e-10  5.000e-01  1.294e-11 
 -7.447e-16 -1.418e-16  1.294e-11  5.001e-01 
ERR MATRIX NOT POS-DEF
 PARAMETER  CORRELATION COEFFICIENTS  
       NO.  GLOBAL      1      2      3      4
        1  0.00000   1.000 -0.000  0.000 -0.000
        2  0.00000  -0.000  1.000  0.000 -0.000
        3  0.00000   0.000  0.000  1.000  0.000
        4  0.00000  -0.000 -0.000  0.000  1.000
 ERR MATRIX NOT POS-DEF
 FCN=69.8581 FROM MIGRAD    STATUS=FAILED        205 CALLS         206 TOTAL
                     EDM=11611.4    STRATEGY= 1      ERR MATRIX NOT POS-DEF
  EXT PARAMETER                  PARABOLIC         MINOS ERRORS        
  NO.   NAME      VALUE            ERROR      NEGATIVE      POSITIVE   
   1  p0           5.60512e+05   7.07165e-01                            
   2  p1           5.64500e-01   7.07164e-01                            
   3  p2          -2.41450e-03   7.07107e-01                            
   4  p3           9.99821e-04   7.07164e-01                            
                               ERR DEF= 0.5
 **********
 **   43 **SET PRINT           2
 **********
 **********
 **   44 **SET NOGRAD
 **********
 PARAMETER DEFINITIONS:
    NO.   NAME         VALUE      STEP SIZE      LIMITS
     1 p0           5.60512e+05  7.07165e-01     no limits
     2 p1           5.64500e-01  7.07164e-01     no limits
     3 p2          -2.41450e-03  7.07107e-01     no limits
     4 p3           9.99821e-04  7.07164e-01     no limits
 **********
 **   45 **SET ERR         0.5
 **********
 **********
 **   46 **SET PRINT           2
 **********
 **********
 **   47 **SET STR           1
 **********
 NOW USING STRATEGY  1: TRY TO BALANCE SPEED AGAINST RELIABILITY
 **********
 **   48 **MIGRAD        1480        0.01
 **********
 FIRST CALL TO USER FUNCTION AT NEW START POINT, WITH IFLAG=4.
 START MIGRAD MINIMIZATION.  STRATEGY  1.  CONVERGENCE WHEN EDM .LT. 1.00e-05
 FCN=69.8038 FROM MIGRAD    STATUS=INITIATE       43 CALLS          44 TOTAL
                     EDM= unknown      STRATEGY= 1      NO ERROR MATRIX       
  EXT PARAMETER               CURRENT GUESS       STEP         FIRST   
  NO.   NAME      VALUE            ERROR          SIZE      DERIVATIVE 
   1  p0           5.60512e+05   7.07165e-01   0.00000e+00  -8.56570e-02
   2  p1           5.64500e-01   7.07164e-01   0.00000e+00  -2.67194e+05
   3  p2          -5.11775e-03   7.07107e-01  -2.70325e-03  -8.81709e+00
   4  p3           9.99821e-04   7.07164e-01   0.00000e+00  -4.61895e+06
                               ERR DEF= 0.5
NO ERROR MATRIX       
 FCN=69.7019 FROM MIGRAD    STATUS=PROGRESS       55 CALLS          56 TOTAL
                     EDM=0.13953    STRATEGY= 1      NO ERROR MATRIX       
  EXT PARAMETER               CURRENT GUESS       STEP         FIRST   
  NO.   NAME      VALUE            ERROR          SIZE      DERIVATIVE 
   1  p0           5.60513e+05   7.07165e-01   9.78559e-01  -1.12875e-03
   2  p1           5.64500e-01   7.07164e-01   3.12640e-07  -3.18394e+03
   3  p2          -5.01665e-03   7.07107e-01   1.01100e-04   5.10590e+01
   4  p3           9.99829e-04   7.07164e-01   7.75437e-09  -3.79236e+05
                               ERR DEF= 0.5
 MIGRAD MINIMIZATION HAS CONVERGED.
 MIGRAD WILL VERIFY CONVERGENCE AND ERROR MATRIX.
   START COVARIANCE MATRIX CALCULATION.
 EIGENVALUES OF SECOND-DERIVATIVE MATRIX:
        -1.2575e-04  3.0376e-01  8.8733e-01  2.8090e+00
 MINUIT WARNING IN HESSE   
 ============== MATRIX FORCED POS-DEF BY ADDING 0.002935 TO DIAGONAL.
 FCN=69.6213 FROM HESSE     STATUS=NOT POSDEF     29 CALLS         138 TOTAL
                     EDM=0.000157935    STRATEGY= 1      ERR MATRIX NOT POS-DEF
  EXT PARAMETER                APPROXIMATE        STEP         FIRST   
  NO.   NAME      VALUE            ERROR          SIZE      DERIVATIVE 
   1  p0           5.60514e+05   6.85370e+01   2.67274e-01   2.31092e-04
   2  p1           5.64501e-01   2.20201e-05   2.69175e-07   1.77651e+02
   3  p2          -7.44731e-03   5.33422e-03   2.01354e-05   2.26844e+00
   4  p3           9.99843e-04   8.46534e-08   4.76763e-10  -2.34502e+03
                               ERR DEF= 0.5
 PARAMETER  CORRELATION COEFFICIENTS  
       NO.  GLOBAL      1      2      3      4
        1  0.99719   1.000 -0.996  0.096 -0.144
        2  0.99721  -0.996  1.000 -0.144  0.147
        3  0.75443   0.096 -0.144  1.000 -0.573
        4  0.64756  -0.144  0.147 -0.573  1.000
 ERR MATRIX NOT POS-DEF
 FCN=69.6212 FROM MIGRAD    STATUS=PROGRESS      151 CALLS         152 TOTAL
                     EDM=0.000155653    STRATEGY= 1      ERR MATRIX NOT POS-DEF
  EXT PARAMETER                APPROXIMATE        STEP         FIRST   
  NO.   NAME      VALUE            ERROR          SIZE      DERIVATIVE 
   1  p0           5.60513e+05   6.85370e+01  -8.41254e-01   8.87550e-05
   2  p1           5.64501e-01   2.20201e-05   2.80395e-07  -3.33176e+02
   3  p2          -7.51297e-03   5.33422e-03  -6.56681e-05  -1.83924e+00
   4  p3           9.99844e-04   8.46534e-08   6.98186e-10   6.29742e+04
                               ERR DEF= 0.5
 MIGRAD FAILS TO FIND IMPROVEMENT
 MIGRAD MINIMIZATION HAS CONVERGED.
 MIGRAD WILL VERIFY CONVERGENCE AND ERROR MATRIX.
   START COVARIANCE MATRIX CALCULATION.
 EIGENVALUES OF SECOND-DERIVATIVE MATRIX:
         3.8114e-04  5.5476e-01  8.2672e-01  2.6181e+00
 COVARIANCE MATRIX CALCULATED SUCCESSFULLY
 FCN=69.5678 FROM MIGRAD    STATUS=CONVERGED     284 CALLS         285 TOTAL
                     EDM=4.0731e-06    STRATEGY= 1      ERROR MATRIX ACCURATE 
  EXT PARAMETER                                   STEP         FIRST   
  NO.   NAME      VALUE            ERROR          SIZE      DERIVATIVE 
   1  p0           5.60011e+05   1.85085e+02   2.67034e-01  -5.13751e-05
   2  p1           5.64662e-01   5.99136e-05   2.69252e-07  -1.23039e+02
   3  p2          -9.12772e-03   3.72983e-03   1.59412e-05   2.23012e-01
   4  p3           9.99845e-04   6.60714e-08   4.76763e-10   6.48025e+03
                               ERR DEF= 0.5
 EXTERNAL ERROR MATRIX.    NDIM=  25    NPAR=  4    ERR DEF=0.5
  3.426e+04 -1.108e-02  3.344e-01 -1.627e-06 
 -1.108e-02  3.590e-09 -1.114e-07  5.042e-13 
  3.344e-01 -1.114e-07  1.391e-05 -6.170e-11 
 -1.627e-06  5.042e-13 -6.170e-11  4.365e-15 
 PARAMETER  CORRELATION COEFFICIENTS  
       NO.  GLOBAL      1      2      3      4
        1  0.99962   1.000 -0.999  0.484 -0.133
        2  0.99962  -0.999  1.000 -0.499  0.127
        3  0.70069   0.484 -0.499  1.000 -0.250
        4  0.40202  -0.133  0.127 -0.250  1.000
 EXTERNAL ERROR MATRIX.    NDIM=   4    NPAR=  4    ERR DEF=0.5
  3.426e+04 -1.108e-02  3.344e-01 -1.627e-06 
 -1.108e-02  3.590e-09 -1.114e-07  5.042e-13 
  3.344e-01 -1.114e-07  1.391e-05 -6.170e-11 
 -1.627e-06  5.042e-13 -6.170e-11  4.365e-15 
 FCN=69.5678 FROM MIGRAD    STATUS=CONVERGED     284 CALLS         285 TOTAL
                     EDM=4.0731e-06    STRATEGY= 1      ERROR MATRIX ACCURATE 
  EXT PARAMETER                  PARABOLIC         MINOS ERRORS        
  NO.   NAME      VALUE            ERROR      NEGATIVE      POSITIVE   
   1  p0           5.60011e+05   1.85085e+02                            
   2  p1           5.64662e-01   5.99136e-05                            
   3  p2          -9.12772e-03   3.72983e-03                            
   4  p3           9.99845e-04   6.60714e-08                            
                               ERR DEF= 0.5
------------------------------------------
Enering ROOFIt-------
 PARAMETER DEFINITIONS:
    NO.   NAME         VALUE      STEP SIZE      LIMITS
     1 norm         5.60011e+05  1.00000e-01     no limits
     2 Q            5.65000e-01  1.00000e-01     no limits
     3 theta        0.00000e+00  1.00000e-01     no limits
     4 pileup       9.99845e-04  1.00000e-01     no limits
 **********
 **    1 **MIGRAD
 **********
 FIRST CALL TO USER FUNCTION AT NEW START POINT, WITH IFLAG=4.
 START MIGRAD MINIMIZATION.  STRATEGY  1.  CONVERGENCE WHEN EDM .LT. 1.00e-04
 FCN=-2.37861e+11 FROM MIGRAD    STATUS=INITIATE       44 CALLS          45 TOTAL
                     EDM= unknown      STRATEGY= 1      NO ERROR MATRIX       
  EXT PARAMETER               CURRENT GUESS       STEP         FIRST   
  NO.   NAME      VALUE            ERROR          SIZE      DERIVATIVE 
   1  norm         5.60011e+05   1.00000e-01   0.00000e+00   2.55588e+01
   2  Q            5.65000e-01   1.00000e-01   0.00000e+00   7.93959e+07
   3  theta        8.16242e-02   1.00000e-01   8.16242e-02   6.23681e+05
   4  pileup       9.99845e-04   1.00000e-01   0.00000e+00   6.81578e+07
 MIGRAD FAILS TO FIND IMPROVEMENT
 COVARIANCE MATRIX CALCULATED SUCCESSFULLY
 FCN=-2.37861e+11 FROM HESSE     STATUS=OK             29 CALLS         140 TOTAL
                     EDM=911.043    STRATEGY= 1      ERROR MATRIX ACCURATE 
  EXT PARAMETER                                   STEP         FIRST   
  NO.   NAME      VALUE            ERROR          SIZE      DERIVATIVE 
   1  norm         5.59458e+05   1.75797e+01   1.72740e+03   3.47125e+00
   2  Q            5.64880e-01   3.70202e-07   5.54517e-04   1.07922e+07
   3  theta        2.71947e-02   2.01422e-03   1.15299e-01  -3.97072e+03
   4  pileup       9.99923e-04   1.70937e-07   2.09780e-05   5.59169e+07
 MINUIT WARNING IN MIGRAD  
 ============== Negative diagonal element 2 in Error Matrix
 MINUIT WARNING IN MIGRAD  
 ============== Negative diagonal element 3 in Error Matrix
 MINUIT WARNING IN MIGRAD  
 ============== 1 added to diagonal of error matrix
 MIGRAD FAILS TO FIND IMPROVEMENT
 MIGRAD TERMINATED WITHOUT CONVERGENCE.
 FCN=-2.37861e+11 FROM MIGRAD    STATUS=FAILED        200 CALLS         201 TOTAL
                     EDM=9.49891e+15    STRATEGY= 1  ERROR MATRIX UNCERTAINTY  16.8 per cent
  EXT PARAMETER                APPROXIMATE        STEP         FIRST   
  NO.   NAME      VALUE            ERROR          SIZE      DERIVATIVE 
   1  norm         5.59371e+05   9.64899e+00  -0.00000e+00   1.97298e-01
   2  Q            5.64880e-01   1.00066e-03   0.00000e+00   7.92163e+05
   3  theta        2.19423e-02   1.00000e+00  -0.00000e+00   1.19402e+05
   4  pileup       9.99481e-04   1.00000e+00   0.00000e+00  -1.38685e+08
 EXTERNAL ERROR MATRIX.    NDIM=  25    NPAR=  4    ERR DEF=1
  9.310e+01  3.665e-07  2.146e-03  1.323e-07 
  3.665e-07  1.001e-06  1.703e-04  9.861e-04 
  2.146e-03  1.703e-04  1.000e+00 -1.679e-07 
  1.323e-07  9.861e-04 -1.679e-07  1.000e+00 
ERR MATRIX APPROXIMATE
 PARAMETER  CORRELATION COEFFICIENTS  
       NO.  GLOBAL      1      2      3      4
        1  0.00000   1.000  0.000  0.000  0.000
        2  1.00000   0.000  1.000  0.170  0.985
        3  1.00000   0.000  0.170  1.000 -0.000
        4  1.00000   0.000  0.985 -0.000  1.000
 ERR MATRIX APPROXIMATE
 **********
 **    2 **MIGRAD 
 **********
 START MIGRAD MINIMIZATION.  STRATEGY  1.  CONVERGENCE WHEN EDM .LT. 1.00e-04
 FCN=-2.37861e+11 FROM MIGRAD    STATUS=INITIATE       16 CALLS         217 TOTAL
                     EDM=7.65331e+15    STRATEGY= 1  ERROR MATRIX UNCERTAINTY  16.8 per cent
  EXT PARAMETER                APPROXIMATE        STEP         FIRST   
  NO.   NAME      VALUE            ERROR          SIZE      DERIVATIVE 
   1  norm         5.59371e+05   9.64899e+00  -0.00000e+00   1.97299e-01
   2  Q            5.64880e-01   1.00066e-03   0.00000e+00  -4.07998e+09
   3  theta        2.19423e-02   1.00000e+00  -0.00000e+00   4.21917e+05
   4  pileup       9.99481e-04   1.00000e+00   0.00000e+00  -1.38684e+08
 MIGRAD FAILS TO FIND IMPROVEMENT
 COVARIANCE MATRIX CALCULATED SUCCESSFULLY
 FCN=-2.37861e+11 FROM HESSE     STATUS=OK             31 CALLS         259 TOTAL
                     EDM=32.2866    STRATEGY= 1      ERROR MATRIX ACCURATE 
  EXT PARAMETER                                   STEP         FIRST   
  NO.   NAME      VALUE            ERROR          SIZE      DERIVATIVE 
   1  norm         5.59371e+05   1.12923e+01   1.72705e+03   2.61770e-01
   2  Q            5.64880e-01   3.68699e-07   5.54633e-04   7.92214e+05
   3  theta        2.19423e-02   8.41721e-04   1.67811e-01   4.78725e+03
   4  pileup       9.99481e-04   1.20151e-07   2.09788e-05  -1.10237e+08
 EIGENVALUES OF SECOND-DERIVATIVE MATRIX:
        -3.7222e-02  5.3467e-01  1.2866e+00  2.2159e+00
 MINUIT WARNING IN MIGRAD  
 ============== MATRIX FORCED POS-DEF BY ADDING 0.039438 TO DIAGONAL.
 MINUIT WARNING IN MIGRAD  
 ============== Negative diagonal element 2 in Error Matrix
 MINUIT WARNING IN MIGRAD  
 ============== Negative diagonal element 3 in Error Matrix
 MINUIT WARNING IN MIGRAD  
 ============== 1 added to diagonal of error matrix
 MIGRAD FAILS TO FIND IMPROVEMENT
 MACHINE ACCURACY LIMITS FURTHER IMPROVEMENT.
 MIGRAD MINIMIZATION HAS CONVERGED.
 MIGRAD WILL VERIFY CONVERGENCE AND ERROR MATRIX.
 EIGENVALUES OF SECOND-DERIVATIVE MATRIX:
        -2.0654e-03  9.7511e-02  8.4661e-01  3.0579e+00
 MINUIT WARNING IN HESSE   
 ============== MATRIX FORCED POS-DEF BY ADDING 0.005123 TO DIAGONAL.
 MIGRAD TERMINATED WITHOUT CONVERGENCE.
 FCN=-2.37861e+11 FROM MIGRAD    STATUS=FAILED        146 CALLS         347 TOTAL
                     EDM=39.3449    STRATEGY= 1      ERR MATRIX NOT POS-DEF
  EXT PARAMETER                APPROXIMATE        STEP         FIRST   
  NO.   NAME      VALUE            ERROR          SIZE      DERIVATIVE 
   1  norm         5.59348e+05   8.75405e+01   1.72703e+03   1.14607e-02
   2  Q            5.64880e-01   3.11188e-05   8.67483e-05   2.21903e+04
   3  theta        2.20307e-02   2.30530e-03   9.84722e-02   2.47721e+03
   4  pileup       1.00010e-03   1.62601e-07   2.09881e-05   2.25417e+07
 EXTERNAL ERROR MATRIX.    NDIM=  25    NPAR=  4    ERR DEF=1
  7.663e+03 -2.690e-03 -1.096e-01 -6.274e-06 
 -2.690e-03  9.684e-10  4.669e-08  2.600e-12 
 -1.096e-01  4.669e-08  5.314e-06  3.068e-10 
 -6.274e-06  2.600e-12  3.068e-10  2.644e-14 
ERR MATRIX NOT POS-DEF
 PARAMETER  CORRELATION COEFFICIENTS  
       NO.  GLOBAL      1      2      3      4
        1  0.99658   1.000 -0.987 -0.543 -0.441
        2  0.99721  -0.987  1.000  0.651  0.514
        3  0.95208  -0.543  0.651  1.000  0.818
        4  0.84125  -0.441  0.514  0.818  1.000
 ERR MATRIX NOT POS-DEF
status of the fit-----000------4
1  559348
2  0.56488
3  0.0220307
4  0.0010001
 PARAMETER DEFINITIONS:
    NO.   NAME         VALUE      STEP SIZE      LIMITS
     1 norm         5.59348e+05  1.00000e-01     no limits
     2 Q            5.64880e-01  1.00000e-01     no limits
     3 theta        2.20307e-02  1.00000e-01     no limits
     4 pileup       1.00010e-03  1.00000e-01     no limits
 **********
 **    3 **MIGRAD
 **********
 FIRST CALL TO USER FUNCTION AT NEW START POINT, WITH IFLAG=4.
 START MIGRAD MINIMIZATION.  STRATEGY  1.  CONVERGENCE WHEN EDM .LT. 1.00e-04
 FCN=-2.37861e+11 FROM MIGRAD    STATUS=INITIATE       18 CALLS         366 TOTAL
                     EDM= unknown      STRATEGY= 1      NO ERROR MATRIX       
  EXT PARAMETER               CURRENT GUESS       STEP         FIRST   
  NO.   NAME      VALUE            ERROR          SIZE      DERIVATIVE 
   1  norm         5.59348e+05   1.00000e-01   1.00000e-01   1.15792e-02
   2  Q            5.64880e-01   1.00000e-01   1.00000e-01   2.45989e+06
   3  theta        2.20307e-02   1.00000e-01   1.00000e-01   1.68888e+05
   4  pileup       1.00010e-03   1.00000e-01   1.00000e-01  -9.18026e+11
 MIGRAD FAILS TO FIND IMPROVEMENT
 EIGENVALUES OF SECOND-DERIVATIVE MATRIX:
        -1.3979e-01  2.3885e-01  9.1643e-01  2.9845e+00
 MINUIT WARNING IN HESSE   
 ============== MATRIX FORCED POS-DEF BY ADDING 0.142778 TO DIAGONAL.
 FCN=-2.37861e+11 FROM HESSE     STATUS=NOT POSDEF     29 CALLS         406 TOTAL
                     EDM=101.017    STRATEGY= 1      ERR MATRIX NOT POS-DEF
  EXT PARAMETER                APPROXIMATE        STEP         FIRST   
  NO.   NAME      VALUE            ERROR          SIZE      DERIVATIVE 
   1  norm         5.59348e+05   2.63826e+01   2.66718e+00   1.16993e-02
   2  Q            5.64880e-01   6.00811e-06   1.00000e-03   2.22024e+04
   3  theta        2.20307e-02   7.61856e-03   1.06156e-01   2.51428e+03
   4  pileup       1.00010e-03   9.72731e-08   1.00000e-02   2.19948e+07
 MINUIT WARNING IN MIGRAD  
 ============== Negative diagonal element 3 in Error Matrix
 MINUIT WARNING IN MIGRAD  
 ============== 1 added to diagonal of error matrix
 MIGRAD FAILS TO FIND IMPROVEMENT
 MACHINE ACCURACY LIMITS FURTHER IMPROVEMENT.
 MIGRAD MINIMIZATION HAS CONVERGED.
 MIGRAD WILL VERIFY CONVERGENCE AND ERROR MATRIX.
 EIGENVALUES OF SECOND-DERIVATIVE MATRIX:
        -2.3390e-02  1.7063e-04  8.4651e-01  3.1767e+00
 MINUIT WARNING IN HESSE   
 ============== MATRIX FORCED POS-DEF BY ADDING 0.026566 TO DIAGONAL.
 MIGRAD TERMINATED WITHOUT CONVERGENCE.
 FCN=-2.37861e+11 FROM MIGRAD    STATUS=FAILED        106 CALLS         454 TOTAL
                     EDM=1832.54    STRATEGY= 1      ERR MATRIX NOT POS-DEF
  EXT PARAMETER                APPROXIMATE        STEP         FIRST   
  NO.   NAME      VALUE            ERROR          SIZE      DERIVATIVE 
   1  norm         5.59366e+05   4.03694e+01   5.33436e+00   6.08237e-01
   2  Q            5.64876e-01   1.87147e-05   1.02986e-04   1.88750e+06
   3  theta        1.61944e-02   2.12712e-02   4.24626e-02  -7.96106e+02
   4  pileup       1.00005e-03   6.47558e-07   2.14100e-05   5.09126e+07
 EXTERNAL ERROR MATRIX.    NDIM=  25    NPAR=  4    ERR DEF=1
  1.630e+03  6.971e-05  5.262e-01  1.576e-05 
  6.971e-05  3.502e-10  3.331e-07  9.993e-12 
  5.262e-01  3.331e-07  4.525e-04  1.363e-08 
  1.576e-05  9.993e-12  1.363e-08  4.193e-13 
ERR MATRIX NOT POS-DEF
 PARAMETER  CORRELATION COEFFICIENTS  
       NO.  GLOBAL      1      2      3      4
        1  0.98415   1.000  0.092  0.613  0.603
        2  0.99243   0.092  1.000  0.837  0.825
        3  0.99761   0.613  0.837  1.000  0.990
        4  0.99094   0.603  0.825  0.990  1.000
 ERR MATRIX NOT POS-DEF
 **********
 **    4 **MIGRAD 
 **********
 START MIGRAD MINIMIZATION.  STRATEGY  1.  CONVERGENCE WHEN EDM .LT. 1.00e-04
 FCN=-2.37861e+11 FROM MIGRAD    STATUS=INITIATE        8 CALLS         462 TOTAL
                     EDM=3790.82    STRATEGY= 1      ERR MATRIX NOT POS-DEF
  EXT PARAMETER                APPROXIMATE        STEP         FIRST   
  NO.   NAME      VALUE            ERROR          SIZE      DERIVATIVE 
   1  norm         5.59366e+05   4.03694e+01   5.33436e+00   6.08185e-01
   2  Q            5.64876e-01   1.87147e-05   1.02986e-04   1.88752e+06
   3  theta        1.61944e-02   2.12712e-02   4.24626e-02   2.29449e+03
   4  pileup       1.00005e-03   6.47558e-07   2.14100e-05   4.62204e+07
 MINUIT WARNING IN MIGRAD  
 ============== Negative diagonal element 2 in Error Matrix
 MINUIT WARNING IN MIGRAD  
 ============== Negative diagonal element 3 in Error Matrix
 MINUIT WARNING IN MIGRAD  
 ============== 1 added to diagonal of error matrix
 MIGRAD FAILS TO FIND IMPROVEMENT
 MACHINE ACCURACY LIMITS FURTHER IMPROVEMENT.
 MIGRAD MINIMIZATION HAS CONVERGED.
 MIGRAD WILL VERIFY CONVERGENCE AND ERROR MATRIX.
 COVARIANCE MATRIX CALCULATED SUCCESSFULLY
 FCN=-2.37861e+11 FROM HESSE     STATUS=OK             31 CALLS         571 TOTAL
                     EDM=8.01059    STRATEGY= 1      ERROR MATRIX ACCURATE 
  EXT PARAMETER                                   STEP         FIRST   
  NO.   NAME      VALUE            ERROR          SIZE      DERIVATIVE 
   1  norm         5.59353e+05   1.00745e+01   1.72703e+03  -3.17326e-02
   2  Q            5.64873e-01   3.69081e-07   5.54782e-04  -1.01397e+05
   3  theta        1.01322e-02   7.50790e-04   1.64866e-01   7.28234e+03
   4  pileup       9.99870e-04   1.10449e-07   2.09859e-05   6.04396e+06
 MINUIT WARNING IN MIGRAD  
 ============== Negative diagonal element 3 in Error Matrix
 MINUIT WARNING IN MIGRAD  
 ============== 1 added to diagonal of error matrix
 MIGRAD FAILS TO FIND IMPROVEMENT
 MIGRAD TERMINATED WITHOUT CONVERGENCE.
 FCN=-2.37861e+11 FROM MIGRAD    STATUS=FAILED        196 CALLS         650 TOTAL
                     EDM=2.27236e+14    STRATEGY= 1  ERROR MATRIX UNCERTAINTY   4.8 per cent
  EXT PARAMETER                APPROXIMATE        STEP         FIRST   
  NO.   NAME      VALUE            ERROR          SIZE      DERIVATIVE 
   1  norm         5.59353e+05   7.85288e+00   0.00000e+00  -1.24864e-01
   2  Q            5.64873e-01   2.26860e-05  -0.00000e+00  -1.90753e+05
   3  theta        1.00832e-02   1.00000e+00  -0.00000e+00   8.59023e+04
   4  pileup       9.99854e-04   7.89762e-05  -0.00000e+00  -2.68150e+07
 EXTERNAL ERROR MATRIX.    NDIM=  25    NPAR=  4    ERR DEF=1
  6.167e+01 -1.223e-10 -7.104e-06 -1.514e-07 
 -1.223e-10  5.147e-10  2.269e-05  1.791e-09 
 -7.104e-06  2.269e-05  1.000e+00  7.896e-05 
 -1.514e-07  1.791e-09  7.896e-05  6.237e-09 
ERR MATRIX APPROXIMATE
 PARAMETER  CORRELATION COEFFICIENTS  
       NO.  GLOBAL      1      2      3      4
        1  0.08628   1.000 -0.000 -0.000 -0.000
        2  1.00000  -0.000  1.000  1.000  1.000
        3  1.00000  -0.000  1.000  1.000  1.000
        4  0.99999  -0.000  1.000  1.000  1.000
 ERR MATRIX APPROXIMATE
status of the fit-----000------4
1  559353
2  0.564873
3  0.0100832
4  0.000999854
 PARAMETER DEFINITIONS:
    NO.   NAME         VALUE      STEP SIZE      LIMITS
     1 norm         5.59353e+05  1.00000e-01     no limits
     2 Q            5.64873e-01  1.00000e-01     no limits
     3 theta        1.00832e-02  1.00000e-01     no limits
     4 pileup       9.99854e-04  1.00000e-01     no limits
 **********
 **    5 **MIGRAD
 **********
 FIRST CALL TO USER FUNCTION AT NEW START POINT, WITH IFLAG=4.
 START MIGRAD MINIMIZATION.  STRATEGY  1.  CONVERGENCE WHEN EDM .LT. 1.00e-04
 FCN=-2.37861e+11 FROM MIGRAD    STATUS=INITIATE       18 CALLS         669 TOTAL
                     EDM= unknown      STRATEGY= 1      NO ERROR MATRIX       
  EXT PARAMETER               CURRENT GUESS       STEP         FIRST   
  NO.   NAME      VALUE            ERROR          SIZE      DERIVATIVE 
   1  norm         5.59353e+05   1.00000e-01   1.00000e-01  -6.02925e-02
   2  Q            5.64873e-01   1.00000e-01   1.00000e-01   6.06187e+06
   3  theta        1.00832e-02   1.00000e-01   1.00000e-01   6.90550e+04
   4  pileup       9.99854e-04   1.00000e-01   1.00000e-01  -9.18017e+11
 MIGRAD FAILS TO FIND IMPROVEMENT
 EIGENVALUES OF SECOND-DERIVATIVE MATRIX:
        -6.9234e-02  2.8416e-01  9.1658e-01  2.8685e+00
 MINUIT WARNING IN HESSE   
 ============== MATRIX FORCED POS-DEF BY ADDING 0.072102 TO DIAGONAL.
 FCN=-2.37861e+11 FROM HESSE     STATUS=NOT POSDEF     29 CALLS         709 TOTAL
                     EDM=121.585    STRATEGY= 1      ERR MATRIX NOT POS-DEF
  EXT PARAMETER                APPROXIMATE        STEP         FIRST   
  NO.   NAME      VALUE            ERROR          SIZE      DERIVATIVE 
   1  norm         5.59353e+05   4.35482e+01   2.66720e+00  -6.03841e-02
   2  Q            5.64873e-01   6.31671e-06   1.00000e-03  -1.90786e+05
   3  theta        1.00832e-02   7.58360e-03   1.01043e-01   2.73130e+03
   4  pileup       9.99854e-04   9.28329e-08   1.00000e-02   1.07263e+06
 MINUIT WARNING IN MIGRAD  
 ============== Negative diagonal element 3 in Error Matrix
 MINUIT WARNING IN MIGRAD  
 ============== 1 added to diagonal of error matrix
 MIGRAD FAILS TO FIND IMPROVEMENT
 MIGRAD TERMINATED WITHOUT CONVERGENCE.
 FCN=-2.37861e+11 FROM MIGRAD    STATUS=FAILED         87 CALLS         738 TOTAL
                     EDM=627527    STRATEGY= 1      ERR MATRIX NOT POS-DEF
  EXT PARAMETER                APPROXIMATE        STEP         FIRST   
  NO.   NAME      VALUE            ERROR          SIZE      DERIVATIVE 
   1  norm         5.59354e+05   1.38062e+01   0.00000e+00  -2.39791e-02
   2  Q            5.64873e-01   1.00000e+00   0.00000e+00  -7.76249e+04
   3  theta        9.84334e-03   1.00000e+00  -0.00000e+00   2.08942e+05
   4  pileup       9.99853e-04   1.00000e+00   0.00000e+00  -2.67098e+07
 EXTERNAL ERROR MATRIX.    NDIM=  25    NPAR=  4    ERR DEF=1
  1.906e+02 -9.727e-06 -1.891e-05 -2.657e-08 
 -9.727e-06  1.000e+00 -1.430e-12 -6.287e-15 
 -1.891e-05 -1.430e-12  1.000e+00  1.067e-12 
 -2.657e-08 -6.287e-15  1.067e-12  1.000e+00 
ERR MATRIX NOT POS-DEF
 PARAMETER  CORRELATION COEFFICIENTS  
       NO.  GLOBAL      1      2      3      4
        1  0.00000   1.000 -0.000 -0.000 -0.000
        2  0.00000  -0.000  1.000 -0.000 -0.000
        3  0.00000  -0.000 -0.000  1.000  0.000
        4  0.00000  -0.000 -0.000  0.000  1.000
 ERR MATRIX NOT POS-DEF
 **********
 **    6 **MIGRAD 
 **********
 START MIGRAD MINIMIZATION.  STRATEGY  1.  CONVERGENCE WHEN EDM .LT. 1.00e-04
 FCN=-2.37861e+11 FROM MIGRAD    STATUS=INITIATE       16 CALLS         754 TOTAL
                     EDM=3.21565e+19    STRATEGY= 1      ERR MATRIX NOT POS-DEF
  EXT PARAMETER                APPROXIMATE        STEP         FIRST   
  NO.   NAME      VALUE            ERROR          SIZE      DERIVATIVE 
   1  norm         5.59354e+05   1.38062e+01   0.00000e+00  -2.40612e-02
   2  Q            5.64873e-01   1.00000e+00   0.00000e+00  -4.07317e+09
   3  theta        9.84334e-03   1.00000e+00  -0.00000e+00   7.11351e+04
   4  pileup       9.99853e-04   1.00000e+00   0.00000e+00  -2.55455e+07
 MIGRAD FAILS TO FIND IMPROVEMENT
 COVARIANCE MATRIX CALCULATED SUCCESSFULLY
 FCN=-2.37861e+11 FROM HESSE     STATUS=OK             29 CALLS         794 TOTAL
                     EDM=3.23916    STRATEGY= 1      ERROR MATRIX ACCURATE 
  EXT PARAMETER                                   STEP         FIRST   
  NO.   NAME      VALUE            ERROR          SIZE      DERIVATIVE 
   1  norm         5.59354e+05   1.07267e+01   5.33440e+01  -2.40020e-02
   2  Q            5.64873e-01   3.69073e-07   5.54784e-04  -7.76798e+04
   3  theta        9.84334e-03   1.29288e-03   1.03824e-01   2.75730e+03
   4  pileup       9.99853e-04   1.14833e-07   2.09855e-05   2.88894e+06
 MINUIT WARNING IN MIGRAD  
 ============== Negative diagonal element 3 in Error Matrix
 MINUIT WARNING IN MIGRAD  
 ============== 1 added to diagonal of error matrix
 MIGRAD FAILS TO FIND IMPROVEMENT
 MIGRAD TERMINATED WITHOUT CONVERGENCE.
 FCN=-2.37861e+11 FROM MIGRAD    STATUS=FAILED         90 CALLS         828 TOTAL
                     EDM=16524.6    STRATEGY= 1  ERROR MATRIX UNCERTAINTY  22.4 per cent
  EXT PARAMETER                APPROXIMATE        STEP         FIRST   
  NO.   NAME      VALUE            ERROR          SIZE      DERIVATIVE 
   1  norm         5.59354e+05   7.85354e+00   0.00000e+00  -2.45931e-02
   2  Q            5.64873e-01   1.00000e+00   0.00000e+00  -7.87214e+04
   3  theta        9.84175e-03   1.00000e+00  -0.00000e+00   1.99080e+05
   4  pileup       9.99853e-04   1.00000e+00   0.00000e+00  -1.64926e+06
 EXTERNAL ERROR MATRIX.    NDIM=  25    NPAR=  4    ERR DEF=1
  6.168e+01 -4.244e-07 -5.541e-06 -2.438e-07 
 -4.244e-07  1.000e+00 -6.290e-16 -2.914e-18 
 -5.541e-06 -6.290e-16  1.000e+00  2.016e-13 
 -2.438e-07 -2.914e-18  2.016e-13  1.000e+00 
ERR MATRIX APPROXIMATE
 PARAMETER  CORRELATION COEFFICIENTS  
       NO.  GLOBAL      1      2      3      4
        1  0.00000   1.000 -0.000 -0.000 -0.000
        2  0.00000  -0.000  1.000 -0.000 -0.000
        3  0.00000  -0.000 -0.000  1.000  0.000
        4  0.00000  -0.000 -0.000  0.000  1.000
 ERR MATRIX APPROXIMATE
status of the fit-----000------4
1  559354
2  0.564873
3  0.00984175
4  0.000999853
