  *******************************************
  *                                         *
  *        W E L C O M E  to  R O O T       *
  *                                         *
  *   Version   5.34/36      5 April 2016   *
  *                                         *
  *  You are welcome to visit our Web site  *
  *          http://root.cern.ch            *
  *                                         *
  *******************************************

ROOT 5.34/36 (v5-34-36@v5-34-36, Apr 05 2016, 10:25:45 on linuxx8664gcc)

CINT/ROOT C/C++ Interpreter version 5.18.00, July 2, 2010
Type ? for help. Commands must be C++ statements.
Enclose multiple statements between { }.
Loading root init file.
The rat/rootinit.C file loaded the DEAP style for you, which is available from the fStyle pointer.
DEAP style applied. 
RAT: Libraries loaded.

Processing /home/fatemigh/projects/rpp-jillings/fatemigh/sterile/Likelihood/LikelihoodSterile_modified6.C+(267)...
pased here
566 lines read from file
31
spec_E  566
Before entering fitting
 **********
 **    1 **SET PRINT           2
 **********
 **********
 **    2 **SET NOGRAD
 **********
 PARAMETER DEFINITIONS:
    NO.   NAME         VALUE      STEP SIZE      LIMITS
     1 p0           5.58000e+05  1.67400e+05     no limits
     2 p1           5.65000e-01  1.69500e-01     no limits
     3 p2           0.00000e+00  3.00000e-01     no limits
     4 p3           9.99871e-04  2.99961e-04     no limits
 **********
 **    3 **SET ERR         0.5
 **********
 **********
 **    4 **SET PRINT           2
 **********
 **********
 **    5 **SET STR           1
 **********
 NOW USING STRATEGY  1: TRY TO BALANCE SPEED AGAINST RELIABILITY
 **********
 **    6 **MIGRAD        1480        0.01
 **********
 FIRST CALL TO USER FUNCTION AT NEW START POINT, WITH IFLAG=4.
 START MIGRAD MINIMIZATION.  STRATEGY  1.  CONVERGENCE WHEN EDM .LT. 1.00e-05
 FCN=17344.7 FROM MIGRAD    STATUS=INITIATE       18 CALLS          19 TOTAL
                     EDM= unknown      STRATEGY= 1      NO ERROR MATRIX       
  EXT PARAMETER               CURRENT GUESS       STEP         FIRST   
  NO.   NAME      VALUE            ERROR          SIZE      DERIVATIVE 
   1  p0           5.58000e+05   1.67400e+05   1.67400e+05  -3.62966e+01
   2  p1           5.65000e-01   1.69500e-01   1.69500e-01  -1.12669e+08
   3  p2           0.00000e+00   3.00000e-01   3.00000e-01   0.00000e+00
   4  p3           9.99871e-04   2.99961e-04   2.99961e-04  -9.70348e+08
                               ERR DEF= 0.5
NO ERROR MATRIX       
 FCN=520.697 FROM MIGRAD    STATUS=PROGRESS       34 CALLS          35 TOTAL
                     EDM=1435.5    STRATEGY= 1      NO ERROR MATRIX       
  EXT PARAMETER               CURRENT GUESS       STEP         FIRST   
  NO.   NAME      VALUE            ERROR          SIZE      DERIVATIVE 
   1  p0           5.58440e+05   1.67400e+05   4.40041e+02  -8.32461e-01
   2  p1           5.65142e-01   1.69500e-01   1.41900e-04  -2.55635e+06
   3  p2           0.00000e+00   3.00000e-01  -0.00000e+00   0.00000e+00
   4  p3           1.00162e-03   2.99961e-04   1.74420e-06   4.19167e+08
                               ERR DEF= 0.5
 MIGRAD FAILS TO FIND IMPROVEMENT
 MIGRAD MINIMIZATION HAS CONVERGED.
 MIGRAD WILL VERIFY CONVERGENCE AND ERROR MATRIX.
   START COVARIANCE MATRIX CALCULATION.
 MINUIT WARNING IN HESSE   
 ============== Negative diagonal element 3 in Error Matrix
 MINUIT WARNING IN HESSE   
 ============== 20629.9 added to diagonal of error matrix
 EIGENVALUES OF SECOND-DERIVATIVE MATRIX:
        -1.1590e+00  8.9004e-01  1.0000e+00  3.2689e+00
 MINUIT WARNING IN HESSE   
 ============== MATRIX FORCED POS-DEF BY ADDING 1.162257 TO DIAGONAL.
 FCN=81.0054 FROM HESSE     STATUS=NOT POSDEF     25 CALLS         177 TOTAL
                     EDM=0.000106683    STRATEGY= 1      ERR MATRIX NOT POS-DEF
  EXT PARAMETER                APPROXIMATE        STEP         FIRST   
  NO.   NAME      VALUE            ERROR          SIZE      DERIVATIVE 
   1  p0           5.59100e+05   4.73562e-03   2.66600e-01   2.13244e-04
   2  p1           5.64954e-01   1.22954e-06   2.69391e-07   7.10414e+02
   3  p2           0.00000e+00   1.23940e+01   4.26896e-05   0.00000e+00
   4  p3           9.99682e-04   7.49640e-07   4.76686e-10   1.90146e+04
                               ERR DEF= 0.5
 PARAMETER  CORRELATION COEFFICIENTS  
       NO.  GLOBAL      1      2      3      4
        1  0.01913   1.000  0.007  0.019  0.019
        2  0.41168   0.007  1.000  0.387  0.378
        3  0.99849   0.019  0.387  1.000  0.998
        4  0.99848   0.019  0.378  0.998  1.000
 ERR MATRIX NOT POS-DEF
 MIGRAD FAILS TO FIND IMPROVEMENT
 MIGRAD TERMINATED WITHOUT CONVERGENCE.
 FCN=81.0054 FROM MIGRAD    STATUS=FAILED        178 CALLS         179 TOTAL
                     EDM=0.000106683    STRATEGY= 1      ERR MATRIX NOT POS-DEF
  EXT PARAMETER                APPROXIMATE        STEP         FIRST   
  NO.   NAME      VALUE            ERROR          SIZE      DERIVATIVE 
   1  p0           5.59100e+05   4.73562e-03  -0.00000e+00   2.13244e-04
   2  p1           5.64954e-01   1.22954e-06  -0.00000e+00   7.10414e+02
   3  p2           0.00000e+00   1.23940e+01  -0.00000e+00   0.00000e+00
   4  p3           9.99682e-04   7.49640e-07  -0.00000e+00   1.90146e+04
                               ERR DEF= 0.5
 EXTERNAL ERROR MATRIX.    NDIM=  25    NPAR=  4    ERR DEF=0.5
  2.243e-05  3.984e-11  1.122e-03  6.775e-11 
  3.984e-11  1.512e-12  5.896e-06  3.488e-13 
  1.122e-03  5.896e-06  1.536e+02  9.277e-06 
  6.775e-11  3.488e-13  9.277e-06  5.620e-13 
ERR MATRIX NOT POS-DEF
 PARAMETER  CORRELATION COEFFICIENTS  
       NO.  GLOBAL      1      2      3      4
        1  0.01913   1.000  0.007  0.019  0.019
        2  0.41168   0.007  1.000  0.387  0.378
        3  0.99849   0.019  0.387  1.000  0.998
        4  0.99848   0.019  0.378  0.998  1.000
 ERR MATRIX NOT POS-DEF
 FCN=81.0054 FROM MIGRAD    STATUS=FAILED        178 CALLS         179 TOTAL
                     EDM=0.000106683    STRATEGY= 1      ERR MATRIX NOT POS-DEF
  EXT PARAMETER                  PARABOLIC         MINOS ERRORS        
  NO.   NAME      VALUE            ERROR      NEGATIVE      POSITIVE   
   1  p0           5.59100e+05   4.73562e-03                            
   2  p1           5.64954e-01   1.22954e-06                            
   3  p2           0.00000e+00   1.23940e+01                            
   4  p3           9.99682e-04   7.49640e-07                            
                               ERR DEF= 0.5
 **********
 **    7 **SET PRINT           2
 **********
 **********
 **    8 **SET NOGRAD
 **********
 PARAMETER DEFINITIONS:
    NO.   NAME         VALUE      STEP SIZE      LIMITS
     1 p0           5.59100e+05  4.73562e-03     no limits
     2 p1           5.64954e-01  1.22954e-06     no limits
     3 p2           0.00000e+00  1.23940e+01     no limits
     4 p3           9.99682e-04  7.49640e-07     no limits
 **********
 **    9 **SET ERR         0.5
 **********
 **********
 **   10 **SET PRINT           2
 **********
 **********
 **   11 **SET STR           1
 **********
 NOW USING STRATEGY  1: TRY TO BALANCE SPEED AGAINST RELIABILITY
 **********
 **   12 **MIGRAD        1480        0.01
 **********
 FIRST CALL TO USER FUNCTION AT NEW START POINT, WITH IFLAG=4.
 START MIGRAD MINIMIZATION.  STRATEGY  1.  CONVERGENCE WHEN EDM .LT. 1.00e-05
 FCN=81.0054 FROM MIGRAD    STATUS=INITIATE       12 CALLS          13 TOTAL
                     EDM= unknown      STRATEGY= 1      NO ERROR MATRIX       
  EXT PARAMETER               CURRENT GUESS       STEP         FIRST   
  NO.   NAME      VALUE            ERROR          SIZE      DERIVATIVE 
   1  p0           5.59100e+05   4.73562e-03   4.73562e-03   2.22378e-04
   2  p1           5.64954e-01   1.22954e-06   1.22954e-06   7.01129e+02
   3  p2           0.00000e+00   1.23940e+01   1.23940e+01   0.00000e+00
   4  p3           9.99682e-04   7.49640e-07   7.49640e-07   1.74914e+04
                               ERR DEF= 0.5
NO ERROR MATRIX       
 MIGRAD FAILS TO FIND IMPROVEMENT
   START COVARIANCE MATRIX CALCULATION.
 EIGENVALUES OF SECOND-DERIVATIVE MATRIX:
         8.7415e-04  8.8726e-02  8.5593e-01  3.0545e+00
 COVARIANCE MATRIX CALCULATED SUCCESSFULLY
 FCN=81.0054 FROM HESSE     STATUS=OK             25 CALLS          39 TOTAL
                     EDM=9.32979e-06    STRATEGY= 1      ERROR MATRIX ACCURATE 
  EXT PARAMETER                                   STEP         FIRST   
  NO.   NAME      VALUE            ERROR          SIZE      DERIVATIVE 
   1  p0           5.59100e+05   1.22178e+02   2.66600e-01   2.13244e-04
   2  p1           5.64954e-01   3.95935e-05   2.69391e-07   7.10414e+02
   3  p2           0.00000e+00   1.62646e-02   1.23940e-02   0.00000e+00
   4  p3           9.99682e-04   1.03619e-07   7.49640e-10   1.90146e+04
                               ERR DEF= 0.5
 PARAMETER  CORRELATION COEFFICIENTS  
       NO.  GLOBAL      1      2      3      4
        1  0.99912   1.000 -0.996 -0.023  0.102
        2  0.99913  -0.996  1.000  0.099 -0.052
        3  0.93286  -0.023  0.099  1.000  0.770
        4  0.80673   0.102 -0.052  0.770  1.000
 FCN=81.0054 FROM MIGRAD    STATUS=PROGRESS       51 CALLS          52 TOTAL
                     EDM=3.14526e-06    STRATEGY= 1      ERROR MATRIX ACCURATE 
  EXT PARAMETER                                   STEP         FIRST   
  NO.   NAME      VALUE            ERROR          SIZE      DERIVATIVE 
   1  p0           5.59100e+05   1.22178e+02   4.94143e-02  -2.06796e-04
   2  p1           5.64954e-01   3.95935e-05  -1.88388e-08  -6.40172e+02
   3  p2          -1.38583e-05   1.62646e-02  -1.38583e-05   3.09152e-01
   4  p3           9.99682e-04   1.03619e-07  -7.54148e-11  -1.05664e+04
                               ERR DEF= 0.5
 MINUIT WARNING IN MIGRAD  
 ============== Negative diagonal element 3 in Error Matrix
 MINUIT WARNING IN MIGRAD  
 ============== Negative diagonal element 4 in Error Matrix
 MINUIT WARNING IN MIGRAD  
 ============== 1.005 added to diagonal of error matrix
 EIGENVALUES OF SECOND-DERIVATIVE MATRIX:
         9.4366e-01  1.0000e+00  1.0000e+00  1.0563e+00
 MIGRAD FAILS TO FIND IMPROVEMENT
 MIGRAD TERMINATED WITHOUT CONVERGENCE.
 FCN=81.005 FROM MIGRAD    STATUS=FAILED         76 CALLS          77 TOTAL
                     EDM=0.00229568    STRATEGY= 1  ERROR MATRIX UNCERTAINTY  43.6 per cent
  EXT PARAMETER                APPROXIMATE        STEP         FIRST   
  NO.   NAME      VALUE            ERROR          SIZE      DERIVATIVE 
   1  p0           5.59101e+05   6.89254e+01  -0.00000e+00  -1.57032e-02
   2  p1           5.64954e-01   7.08871e-01   0.00000e+00  -4.89100e+04
   3  p2          -6.61677e-04   7.07107e-01  -0.00000e+00   1.27660e+01
   4  p3           9.99679e-04   7.08871e-01   0.00000e+00  -1.14072e+06
                               ERR DEF= 0.5
 EXTERNAL ERROR MATRIX.    NDIM=  25    NPAR=  4    ERR DEF=0.5
  4.751e+03 -1.119e-03  2.746e+00  1.232e-05 
 -1.119e-03  5.025e-01 -1.255e-06 -5.677e-12 
  2.746e+00 -1.255e-06  5.000e-01 -1.100e-08 
  1.232e-05 -5.677e-12 -1.100e-08  5.025e-01 
ERR MATRIX APPROXIMATE
 PARAMETER  CORRELATION COEFFICIENTS  
       NO.  GLOBAL      1      2      3      4
        1  0.05634   1.000 -0.000  0.056  0.000
        2  0.00002  -0.000  1.000 -0.000 -0.000
        3  0.05634   0.056 -0.000  1.000 -0.000
        4  0.00000   0.000 -0.000 -0.000  1.000
 ERR MATRIX APPROXIMATE
 FCN=81.005 FROM MIGRAD    STATUS=FAILED         76 CALLS          77 TOTAL
                     EDM=0.00229568    STRATEGY= 1  ERROR MATRIX UNCERTAINTY  43.6 per cent
  EXT PARAMETER                  PARABOLIC         MINOS ERRORS        
  NO.   NAME      VALUE            ERROR      NEGATIVE      POSITIVE   
   1  p0           5.59101e+05   6.89254e+01                            
   2  p1           5.64954e-01   7.08871e-01                            
   3  p2          -6.61677e-04   7.07107e-01                            
   4  p3           9.99679e-04   7.08871e-01                            
                               ERR DEF= 0.5
 **********
 **   13 **SET PRINT           2
 **********
 **********
 **   14 **SET NOGRAD
 **********
 PARAMETER DEFINITIONS:
    NO.   NAME         VALUE      STEP SIZE      LIMITS
     1 p0           5.59101e+05  6.89254e+01     no limits
     2 p1           5.64954e-01  7.08871e-01     no limits
     3 p2          -6.61677e-04  7.07107e-01     no limits
     4 p3           9.99679e-04  7.08871e-01     no limits
 **********
 **   15 **SET ERR         0.5
 **********
 **********
 **   16 **SET PRINT           2
 **********
 **********
 **   17 **SET STR           1
 **********
 NOW USING STRATEGY  1: TRY TO BALANCE SPEED AGAINST RELIABILITY
 **********
 **   18 **MIGRAD        1480        0.01
 **********
 FIRST CALL TO USER FUNCTION AT NEW START POINT, WITH IFLAG=4.
 START MIGRAD MINIMIZATION.  STRATEGY  1.  CONVERGENCE WHEN EDM .LT. 1.00e-05
 FCN=80.8658 FROM MIGRAD    STATUS=INITIATE       47 CALLS          48 TOTAL
                     EDM= unknown      STRATEGY= 1      NO ERROR MATRIX       
  EXT PARAMETER               CURRENT GUESS       STEP         FIRST   
  NO.   NAME      VALUE            ERROR          SIZE      DERIVATIVE 
   1  p0           5.59101e+05   6.89254e+01   0.00000e+00  -8.38595e-02
   2  p1           5.64954e-01   7.08871e-01   0.00000e+00  -2.61974e+05
   3  p2          -5.61394e-03   7.07107e-01  -4.95226e-03  -7.62023e+00
   4  p3           9.99679e-04   7.08871e-01   0.00000e+00  -5.97911e+06
                               ERR DEF= 0.5
NO ERROR MATRIX       
 FCN=80.7529 FROM MIGRAD    STATUS=PROGRESS       59 CALLS          60 TOTAL
                     EDM=0.195315    STRATEGY= 1      NO ERROR MATRIX       
  EXT PARAMETER               CURRENT GUESS       STEP         FIRST   
  NO.   NAME      VALUE            ERROR          SIZE      DERIVATIVE 
   1  p0           5.59102e+05   6.89254e+01   9.74465e-01   3.40546e-03
   2  p1           5.64954e-01   7.08871e-01   3.14313e-07   9.64830e+03
   3  p2          -5.53028e-03   7.07107e-01   8.36653e-05   6.09631e+01
   4  p3           9.99689e-04   7.08871e-01   1.02591e-08  -1.10720e+06
                               ERR DEF= 0.5
 FCN=80.2118 FROM MIGRAD    STATUS=PROGRESS      183 CALLS         184 TOTAL
                     EDM=0.00280568    STRATEGY= 1  ERROR MATRIX UNCERTAINTY  19.9 per cent
  EXT PARAMETER                APPROXIMATE        STEP         FIRST   
  NO.   NAME      VALUE            ERROR          SIZE      DERIVATIVE 
   1  p0           5.57722e+05   1.48593e+03  -7.74384e+01  -8.61242e-03
   2  p1           5.65400e-01   4.79881e-04   2.50555e-05  -2.67800e+04
   3  p2          -1.20930e-02   6.50088e-03  -2.98298e-04  -1.54328e+01
   4  p3           9.99715e-04   7.92990e-08   1.12237e-09  -1.04912e+05
                               ERR DEF= 0.5
 MIGRAD FAILS TO FIND IMPROVEMENT
   START COVARIANCE MATRIX CALCULATION.
 EIGENVALUES OF SECOND-DERIVATIVE MATRIX:
         1.7129e-03  4.1850e-01  8.7592e-01  2.7039e+00
 COVARIANCE MATRIX CALCULATED SUCCESSFULLY
 FCN=80.2102 FROM HESSE     STATUS=OK             29 CALLS         261 TOTAL
                     EDM=1.70647e-05    STRATEGY= 1      ERROR MATRIX ACCURATE 
  EXT PARAMETER                                   STEP         FIRST   
  NO.   NAME      VALUE            ERROR          SIZE      DERIVATIVE 
   1  p0           5.57682e+05   8.70339e+01   2.65923e-01   1.05176e-04
   2  p1           5.65413e-01   2.82739e-05   2.69610e-07   3.12829e+02
   3  p2          -1.21394e-02   2.84422e-03   1.36726e-05   2.35204e+00
   4  p3           9.99714e-04   7.43328e-08   4.76701e-10   3.03813e+04
                               ERR DEF= 0.5
 PARAMETER  CORRELATION COEFFICIENTS  
       NO.  GLOBAL      1      2      3      4
        1  0.99828   1.000 -0.997 -0.010  0.244
        2  0.99830  -0.997  1.000 -0.025 -0.248
        3  0.66591  -0.010 -0.025  1.000 -0.404
        4  0.55667   0.244 -0.248 -0.404  1.000
 MIGRAD FAILS TO FIND IMPROVEMENT
 MIGRAD TERMINATED WITHOUT CONVERGENCE.
 FCN=80.2102 FROM MIGRAD    STATUS=FAILED        266 CALLS         267 TOTAL
                     EDM=1.70647e-05    STRATEGY= 1      ERR MATRIX APPROXIMATE
  EXT PARAMETER                APPROXIMATE        STEP         FIRST   
  NO.   NAME      VALUE            ERROR          SIZE      DERIVATIVE 
   1  p0           5.57682e+05   8.70339e+01  -0.00000e+00   1.05176e-04
   2  p1           5.65413e-01   2.82739e-05   0.00000e+00   3.12829e+02
   3  p2          -1.21394e-02   2.84422e-03  -0.00000e+00   2.35204e+00
   4  p3           9.99714e-04   7.43328e-08   0.00000e+00   3.03813e+04
                               ERR DEF= 0.5
 EXTERNAL ERROR MATRIX.    NDIM=  25    NPAR=  4    ERR DEF=0.5
  7.575e+03 -2.455e-03 -2.436e-03  1.580e-06 
 -2.455e-03  7.994e-10 -2.045e-09 -5.211e-13 
 -2.436e-03 -2.045e-09  8.090e-06 -8.542e-11 
  1.580e-06 -5.211e-13 -8.542e-11  5.525e-15 
ERR MATRIX APPROXIMATE
 PARAMETER  CORRELATION COEFFICIENTS  
       NO.  GLOBAL      1      2      3      4
        1  0.99828   1.000 -0.997 -0.010  0.244
        2  0.99830  -0.997  1.000 -0.025 -0.248
        3  0.66591  -0.010 -0.025  1.000 -0.404
        4  0.55667   0.244 -0.248 -0.404  1.000
 ERR MATRIX APPROXIMATE
 FCN=80.2102 FROM MIGRAD    STATUS=FAILED        266 CALLS         267 TOTAL
                     EDM=1.70647e-05    STRATEGY= 1      ERR MATRIX APPROXIMATE
  EXT PARAMETER                  PARABOLIC         MINOS ERRORS        
  NO.   NAME      VALUE            ERROR      NEGATIVE      POSITIVE   
   1  p0           5.57682e+05   8.70339e+01                            
   2  p1           5.65413e-01   2.82739e-05                            
   3  p2          -1.21394e-02   2.84422e-03                            
   4  p3           9.99714e-04   7.43328e-08                            
                               ERR DEF= 0.5
------------------------------------------
Enering ROOFIt-------
 PARAMETER DEFINITIONS:
    NO.   NAME         VALUE      STEP SIZE      LIMITS
     1 norm         5.57682e+05  1.00000e-01     no limits
     2 Q            5.65000e-01  1.00000e-01     no limits
     3 theta        0.00000e+00  1.00000e-01     no limits
     4 pileup       9.99714e-04  1.00000e-01     no limits
 **********
 **    1 **MIGRAD
 **********
 FIRST CALL TO USER FUNCTION AT NEW START POINT, WITH IFLAG=4.
 START MIGRAD MINIMIZATION.  STRATEGY  1.  CONVERGENCE WHEN EDM .LT. 1.00e-04
 FCN=-2.3786e+11 FROM MIGRAD    STATUS=INITIATE       14 CALLS          15 TOTAL
                     EDM= unknown      STRATEGY= 1      NO ERROR MATRIX       
  EXT PARAMETER               CURRENT GUESS       STEP         FIRST   
  NO.   NAME      VALUE            ERROR          SIZE      DERIVATIVE 
   1  norm         5.57682e+05   1.00000e-01   1.00000e-01  -4.86225e+01
   2  Q            5.65000e-01   1.00000e-01   1.00000e-01  -7.34171e+08
   3  theta        0.00000e+00   1.00000e-01   1.00000e-01   0.00000e+00
   4  pileup       9.99714e-04   1.00000e-01   1.00000e-01  -9.19749e+11
 MIGRAD FAILS TO FIND IMPROVEMENT
 EIGENVALUES OF SECOND-DERIVATIVE MATRIX:
        -2.8269e-01  4.2973e-01  6.6796e-01  3.1850e+00
 MINUIT WARNING IN HESSE   
 ============== MATRIX FORCED POS-DEF BY ADDING 0.285874 TO DIAGONAL.
 FCN=-2.3786e+11 FROM HESSE     STATUS=NOT POSDEF     25 CALLS          92 TOTAL
                     EDM=4031.24    STRATEGY= 1      ERR MATRIX NOT POS-DEF
  EXT PARAMETER                APPROXIMATE        STEP         FIRST   
  NO.   NAME      VALUE            ERROR          SIZE      DERIVATIVE 
   1  norm         5.58805e+05   9.68905e+00   1.72568e+03   1.38554e+00
   2  Q            5.65013e-01   4.84998e-06   5.55094e-04   4.39162e+06
   3  theta        0.00000e+00   9.78184e-03   1.18200e-01   0.00000e+00
   4  pileup       1.00502e-03   9.23195e-08   2.10569e-05   1.25028e+09
 MIGRAD FAILS TO FIND IMPROVEMENT
 MACHINE ACCURACY LIMITS FURTHER IMPROVEMENT.
 MIGRAD MINIMIZATION HAS CONVERGED.
 MIGRAD WILL VERIFY CONVERGENCE AND ERROR MATRIX.
 EIGENVALUES OF SECOND-DERIVATIVE MATRIX:
        -1.4021e-01  4.4509e-01  6.7090e-01  3.0242e+00
 MINUIT WARNING IN HESSE   
 ============== MATRIX FORCED POS-DEF BY ADDING 0.143235 TO DIAGONAL.
 MIGRAD TERMINATED WITHOUT CONVERGENCE.
 FCN=-2.3786e+11 FROM MIGRAD    STATUS=FAILED        234 CALLS         235 TOTAL
                     EDM=0.145251    STRATEGY= 1      ERR MATRIX NOT POS-DEF
  EXT PARAMETER                APPROXIMATE        STEP         FIRST   
  NO.   NAME      VALUE            ERROR          SIZE      DERIVATIVE 
   1  norm         5.58910e+05   1.15748e+01   1.72564e+03   5.19653e-02
   2  Q            5.65016e-01   5.36207e-06   5.54970e-04   1.63172e+05
   3  theta       -6.73636e-05   9.02781e-03   1.05607e-01   1.43403e+00
   4  pileup       9.99688e-04   1.35813e-07   2.09843e-05   3.77246e+06
 EXTERNAL ERROR MATRIX.    NDIM=  25    NPAR=  4    ERR DEF=1
  1.340e+02 -4.450e-05 -7.114e-02  7.747e-07 
 -4.450e-05  2.875e-11  4.817e-08 -5.290e-13 
 -7.114e-02  4.817e-08  8.150e-05 -8.547e-10 
  7.747e-07 -5.290e-13 -8.547e-10  1.845e-14 
ERR MATRIX NOT POS-DEF
 PARAMETER  CORRELATION COEFFICIENTS  
       NO.  GLOBAL      1      2      3      4
        1  0.81066   1.000 -0.717 -0.681  0.493
        2  0.99756  -0.717  1.000  0.995 -0.726
        3  0.99707  -0.681  0.995  1.000 -0.697
        4  0.79485   0.493 -0.726 -0.697  1.000
 ERR MATRIX NOT POS-DEF
 **********
 **    2 **MIGRAD 
 **********
 START MIGRAD MINIMIZATION.  STRATEGY  1.  CONVERGENCE WHEN EDM .LT. 1.00e-04
 FCN=-2.3786e+11 FROM MIGRAD    STATUS=INITIATE        8 CALLS         243 TOTAL
                     EDM=0.0288957    STRATEGY= 1      ERR MATRIX NOT POS-DEF
  EXT PARAMETER                APPROXIMATE        STEP         FIRST   
  NO.   NAME      VALUE            ERROR          SIZE      DERIVATIVE 
   1  norm         5.58910e+05   1.15748e+01   1.72564e+03   4.17276e-02
   2  Q            5.65016e-01   5.36207e-06   5.54970e-04   1.63255e+05
   3  theta       -6.73636e-05   9.02781e-03   1.05607e-01  -7.72367e+01
   4  pileup       9.99688e-04   1.35813e-07   2.09843e-05  -7.38830e+05
 MIGRAD FAILS TO FIND IMPROVEMENT
 EIGENVALUES OF SECOND-DERIVATIVE MATRIX:
        -1.8269e-01  4.3187e-01  6.7161e-01  3.0792e+00
 MINUIT WARNING IN HESSE   
 ============== MATRIX FORCED POS-DEF BY ADDING 0.185770 TO DIAGONAL.
 FCN=-2.3786e+11 FROM HESSE     STATUS=NOT POSDEF     31 CALLS         300 TOTAL
                     EDM=0.0343339    STRATEGY= 1      ERR MATRIX NOT POS-DEF
  EXT PARAMETER                APPROXIMATE        STEP         FIRST   
  NO.   NAME      VALUE            ERROR          SIZE      DERIVATIVE 
   1  norm         5.58908e+05   1.00987e+01   1.72564e+03   1.99513e-02
   2  Q            5.65016e-01   5.23018e-06   5.54971e-04   6.36595e+04
   3  theta        3.16322e-04   2.29276e-02   4.27649e-02  -8.74176e+00
   4  pileup       9.99689e-04   1.16295e-07   2.09856e-05   3.06071e+06
 MIGRAD FAILS TO FIND IMPROVEMENT
 MACHINE ACCURACY LIMITS FURTHER IMPROVEMENT.
 MIGRAD MINIMIZATION HAS CONVERGED.
 MIGRAD WILL VERIFY CONVERGENCE AND ERROR MATRIX.
 EIGENVALUES OF SECOND-DERIVATIVE MATRIX:
        -2.6917e-04  6.3149e-03  8.4751e-01  3.1464e+00
 MINUIT WARNING IN HESSE   
 ============== MATRIX FORCED POS-DEF BY ADDING 0.003416 TO DIAGONAL.
 MIGRAD TERMINATED WITHOUT CONVERGENCE.
 FCN=-2.3786e+11 FROM MIGRAD    STATUS=FAILED        122 CALLS         357 TOTAL
                     EDM=11.9932    STRATEGY= 1      ERR MATRIX NOT POS-DEF
  EXT PARAMETER                APPROXIMATE        STEP         FIRST   
  NO.   NAME      VALUE            ERROR          SIZE      DERIVATIVE 
   1  norm         5.58906e+05   9.06571e+01   6.90255e+02  -1.34736e-02
   2  Q            5.65017e-01   3.09254e-05   9.46750e-05  -4.14280e+04
   3  theta        3.80038e-03   3.71433e-02   1.71059e-02  -5.28297e+01
   4  pileup       9.99658e-04   3.88277e-07   8.39423e-06  -6.21014e+06
 EXTERNAL ERROR MATRIX.    NDIM=  25    NPAR=  4    ERR DEF=1
  8.219e+03 -2.513e-03  3.358e-01  3.474e-06 
 -2.513e-03  9.564e-10  3.960e-07  3.918e-12 
  3.358e-01  3.960e-07  1.380e-03  1.400e-08 
  3.474e-06  3.918e-12  1.400e-08  1.508e-13 
ERR MATRIX NOT POS-DEF
 PARAMETER  CORRELATION COEFFICIENTS  
       NO.  GLOBAL      1      2      3      4
        1  0.99681   1.000 -0.896  0.100  0.099
        2  0.99717  -0.896  1.000  0.345  0.326
        3  0.99286   0.100  0.345  1.000  0.971
        4  0.97400   0.099  0.326  0.971  1.000
 ERR MATRIX NOT POS-DEF
status of the fit-----000------4
1  558906
2  0.565017
3  0.00380038
4  0.000999658
 PARAMETER DEFINITIONS:
    NO.   NAME         VALUE      STEP SIZE      LIMITS
     1 norm         5.58906e+05  1.00000e-01     no limits
     2 Q            5.65017e-01  1.00000e-01     no limits
     3 theta        3.80038e-03  1.00000e-01     no limits
     4 pileup       9.99658e-04  1.00000e-01     no limits
 **********
 **    3 **MIGRAD
 **********
 FIRST CALL TO USER FUNCTION AT NEW START POINT, WITH IFLAG=4.
 START MIGRAD MINIMIZATION.  STRATEGY  1.  CONVERGENCE WHEN EDM .LT. 1.00e-04
 FCN=-2.3786e+11 FROM MIGRAD    STATUS=INITIATE       14 CALLS         372 TOTAL
                     EDM= unknown      STRATEGY= 1      NO ERROR MATRIX       
  EXT PARAMETER               CURRENT GUESS       STEP         FIRST   
  NO.   NAME      VALUE            ERROR          SIZE      DERIVATIVE 
   1  norm         5.58906e+05   1.00000e-01   1.00000e-01  -1.34606e-02
   2  Q            5.65017e-01   1.00000e-01   1.00000e-01   6.84925e+06
   3  theta        3.80038e-03   1.00000e-01   1.00000e-01   2.51567e+04
   4  pileup       9.99658e-04   1.00000e-01   1.00000e-01  -9.18016e+11
 MIGRAD FAILS TO FIND IMPROVEMENT
 EIGENVALUES OF SECOND-DERIVATIVE MATRIX:
        -2.3487e-02  3.3808e-01  9.1674e-01  2.7687e+00
 MINUIT WARNING IN HESSE   
 ============== MATRIX FORCED POS-DEF BY ADDING 0.026256 TO DIAGONAL.
 FCN=-2.3786e+11 FROM HESSE     STATUS=NOT POSDEF     29 CALLS         412 TOTAL
                     EDM=11.4409    STRATEGY= 1      ERR MATRIX NOT POS-DEF
  EXT PARAMETER                APPROXIMATE        STEP         FIRST   
  NO.   NAME      VALUE            ERROR          SIZE      DERIVATIVE 
   1  norm         5.58906e+05   5.90145e+01   2.66507e+00  -1.32545e-02
   2  Q            5.65017e-01   6.48034e-06   1.00000e-03  -4.14307e+04
   3  theta        3.80038e-03   6.65162e-03   1.00000e-01   9.50436e+02
   4  pileup       9.99658e-04   9.17450e-08   1.00000e-02  -6.79618e+06
 EIGENVALUES OF SECOND-DERIVATIVE MATRIX:
        -1.0971e-01  9.9428e-02  1.8835e+00  2.1267e+00
 MINUIT WARNING IN MIGRAD  
 ============== MATRIX FORCED POS-DEF BY ADDING 0.111839 TO DIAGONAL.
 MINUIT WARNING IN MIGRAD  
 ============== Negative diagonal element 2 in Error Matrix
 MINUIT WARNING IN MIGRAD  
 ============== 1 added to diagonal of error matrix
 MIGRAD FAILS TO FIND IMPROVEMENT
 MIGRAD TERMINATED WITHOUT CONVERGENCE.
 FCN=-2.3786e+11 FROM MIGRAD    STATUS=FAILED        104 CALLS         462 TOTAL
                     EDM=4.73865e+06    STRATEGY= 1      ERR MATRIX NOT POS-DEF
  EXT PARAMETER                APPROXIMATE        STEP         FIRST   
  NO.   NAME      VALUE            ERROR          SIZE      DERIVATIVE 
   1  norm         5.58907e+05   1.02811e+01  -0.00000e+00   3.04581e-02
   2  Q            5.65017e-01   1.00000e+00  -0.00000e+00   1.33287e+09
   3  theta        3.79862e-03   1.00000e+00  -0.00000e+00   2.46306e+04
   4  pileup       9.99678e-04   1.00000e+00   0.00000e+00  -2.89977e+07
 EXTERNAL ERROR MATRIX.    NDIM=  25    NPAR=  4    ERR DEF=1
  1.057e+02 -3.560e-09 -3.919e-05 -1.109e-07 
 -3.560e-09  1.000e+00  3.540e-14  1.165e-16 
 -3.919e-05  3.540e-14  1.000e+00  2.773e-12 
 -1.109e-07  1.165e-16  2.773e-12  1.000e+00 
ERR MATRIX NOT POS-DEF
 PARAMETER  CORRELATION COEFFICIENTS  
       NO.  GLOBAL      1      2      3      4
        1  0.00000   1.000 -0.000 -0.000 -0.000
        2  0.00000  -0.000  1.000  0.000  0.000
        3  0.00000  -0.000  0.000  1.000  0.000
        4  0.00000  -0.000  0.000  0.000  1.000
 ERR MATRIX NOT POS-DEF
 **********
 **    4 **MIGRAD 
 **********
 START MIGRAD MINIMIZATION.  STRATEGY  1.  CONVERGENCE WHEN EDM .LT. 1.00e-04
 FCN=-2.3786e+11 FROM MIGRAD    STATUS=INITIATE       16 CALLS         478 TOTAL
                     EDM=1.44533e+15    STRATEGY= 1      ERR MATRIX NOT POS-DEF
  EXT PARAMETER                APPROXIMATE        STEP         FIRST   
  NO.   NAME      VALUE            ERROR          SIZE      DERIVATIVE 
   1  norm         5.58907e+05   1.02811e+01  -0.00000e+00   2.43535e-02
   2  Q            5.65017e-01   1.00000e+00  -0.00000e+00   9.56647e+04
   3  theta        3.79862e-03   1.00000e+00  -0.00000e+00   8.96163e+04
   4  pileup       9.99678e-04   1.00000e+00   0.00000e+00  -2.89987e+07
 MIGRAD FAILS TO FIND IMPROVEMENT
 EIGENVALUES OF SECOND-DERIVATIVE MATRIX:
        -2.3619e-03  3.2624e-01  8.4719e-01  2.8289e+00
 MINUIT WARNING IN HESSE   
 ============== MATRIX FORCED POS-DEF BY ADDING 0.005191 TO DIAGONAL.
 FCN=-2.3786e+11 FROM HESSE     STATUS=NOT POSDEF     29 CALLS         518 TOTAL
                     EDM=2.33577    STRATEGY= 1      ERR MATRIX NOT POS-DEF
  EXT PARAMETER                APPROXIMATE        STEP         FIRST   
  NO.   NAME      VALUE            ERROR          SIZE      DERIVATIVE 
   1  norm         5.58907e+05   9.36132e+01   5.33015e+02   3.05067e-02
   2  Q            5.65017e-01   3.17428e-05   9.53076e-05   9.55848e+04
   3  theta        3.79862e-03   8.20441e-04   1.87683e-01   3.45072e+03
   4  pileup       9.99678e-04   1.13357e-07   2.09840e-05  -5.58787e+05
 MINUIT WARNING IN MIGRAD  
 ============== Negative diagonal element 3 in Error Matrix
 MINUIT WARNING IN MIGRAD  
 ============== 1 added to diagonal of error matrix
 MIGRAD FAILS TO FIND IMPROVEMENT
 MACHINE ACCURACY LIMITS FURTHER IMPROVEMENT.
 MIGRAD MINIMIZATION HAS CONVERGED.
 MIGRAD WILL VERIFY CONVERGENCE AND ERROR MATRIX.
 EIGENVALUES OF SECOND-DERIVATIVE MATRIX:
        -4.9058e-04  3.0458e-01  8.4999e-01  2.8459e+00
 MINUIT WARNING IN HESSE   
 ============== MATRIX FORCED POS-DEF BY ADDING 0.003336 TO DIAGONAL.
 MIGRAD TERMINATED WITHOUT CONVERGENCE.
 FCN=-2.3786e+11 FROM MIGRAD    STATUS=FAILED        109 CALLS         571 TOTAL
                     EDM=0.0232715    STRATEGY= 1      ERR MATRIX NOT POS-DEF
  EXT PARAMETER                APPROXIMATE        STEP         FIRST   
  NO.   NAME      VALUE            ERROR          SIZE      DERIVATIVE 
   1  norm         5.58909e+05   9.54523e+01   2.13206e+02   1.64965e-02
   2  Q            5.65016e-01   3.11471e-05   1.90615e-04   5.19162e+04
   3  theta        3.76733e-03   1.25049e-03   9.82650e-02  -4.04704e+01
   4  pileup       9.99676e-04   1.08046e-07   8.39362e-06  -1.42460e+06
 EXTERNAL ERROR MATRIX.    NDIM=  25    NPAR=  4    ERR DEF=1
  9.111e+03 -2.958e-03 -2.261e-02 -9.394e-07 
 -2.958e-03  9.701e-10  9.742e-09  3.305e-13 
 -2.261e-02  9.742e-09  1.564e-06  6.764e-11 
 -9.394e-07  3.305e-13  6.764e-11  1.167e-14 
ERR MATRIX NOT POS-DEF
 PARAMETER  CORRELATION COEFFICIENTS  
       NO.  GLOBAL      1      2      3      4
        1  0.99712   1.000 -0.995 -0.189 -0.091
        2  0.99721  -0.995  1.000  0.250  0.098
        3  0.77535  -0.189  0.250  1.000  0.501
        4  0.58053  -0.091  0.098  0.501  1.000
 ERR MATRIX NOT POS-DEF
status of the fit-----000------4
1  558909
2  0.565016
3  0.00376733
4  0.000999676
 PARAMETER DEFINITIONS:
    NO.   NAME         VALUE      STEP SIZE      LIMITS
     1 norm         5.58909e+05  1.00000e-01     no limits
     2 Q            5.65016e-01  1.00000e-01     no limits
     3 theta        3.76733e-03  1.00000e-01     no limits
     4 pileup       9.99676e-04  1.00000e-01     no limits
 **********
 **    5 **MIGRAD
 **********
 FIRST CALL TO USER FUNCTION AT NEW START POINT, WITH IFLAG=4.
 START MIGRAD MINIMIZATION.  STRATEGY  1.  CONVERGENCE WHEN EDM .LT. 1.00e-04
 FCN=-2.3786e+11 FROM MIGRAD    STATUS=INITIATE       14 CALLS         586 TOTAL
                     EDM= unknown      STRATEGY= 1      NO ERROR MATRIX       
  EXT PARAMETER               CURRENT GUESS       STEP         FIRST   
  NO.   NAME      VALUE            ERROR          SIZE      DERIVATIVE 
   1  norm         5.58909e+05   1.00000e-01   1.00000e-01   1.64835e-02
   2  Q            5.65016e-01   1.00000e-01   1.00000e-01   7.47999e+06
   3  theta        3.76733e-03   1.00000e-01   1.00000e-01   2.49140e+04
   4  pileup       9.99676e-04   1.00000e-01   1.00000e-01  -9.18014e+11
 MIGRAD FAILS TO FIND IMPROVEMENT
 EIGENVALUES OF SECOND-DERIVATIVE MATRIX:
        -2.3839e-02  3.3748e-01  9.1674e-01  2.7696e+00
 MINUIT WARNING IN HESSE   
 ============== MATRIX FORCED POS-DEF BY ADDING 0.026609 TO DIAGONAL.
 FCN=-2.3786e+11 FROM HESSE     STATUS=NOT POSDEF     29 CALLS         626 TOTAL
                     EDM=0.220429    STRATEGY= 1      ERR MATRIX NOT POS-DEF
  EXT PARAMETER                APPROXIMATE        STEP         FIRST   
  NO.   NAME      VALUE            ERROR          SIZE      DERIVATIVE 
   1  norm         5.58909e+05   5.90265e+01   2.66509e+00   1.66038e-02
   2  Q            5.65016e-01   6.47945e-06   1.00000e-03   5.19039e+04
   3  theta        3.76733e-03   6.65730e-03   1.00000e-01  -3.90930e+01
   4  pileup       9.99676e-04   9.17405e-08   1.00000e-02  -2.01047e+06
 EIGENVALUES OF SECOND-DERIVATIVE MATRIX:
        -3.0173e-05  1.3971e-01  6.1693e-01  3.2434e+00
 MINUIT WARNING IN MIGRAD  
 ============== MATRIX FORCED POS-DEF BY ADDING 0.003274 TO DIAGONAL.
 MIGRAD FAILS TO FIND IMPROVEMENT
 MIGRAD TERMINATED WITHOUT CONVERGENCE.
 FCN=-2.3786e+11 FROM MIGRAD    STATUS=FAILED         98 CALLS         670 TOTAL
                     EDM=6.05681e+06    STRATEGY= 1      ERR MATRIX NOT POS-DEF
  EXT PARAMETER                APPROXIMATE        STEP         FIRST   
  NO.   NAME      VALUE            ERROR          SIZE      DERIVATIVE 
   1  norm         5.58908e+05   9.27364e+00  -0.00000e+00  -2.17415e-02
   2  Q            5.65016e-01   1.95434e-07  -0.00000e+00   1.33233e+09
   3  theta        3.91001e-03   5.68153e-04  -0.00000e+00   4.62249e+05
   4  pileup       9.99677e-04   7.17839e-08   0.00000e+00  -3.06951e+07
 EXTERNAL ERROR MATRIX.    NDIM=  25    NPAR=  4    ERR DEF=1
  8.600e+01 -1.120e-06  3.255e-03  2.846e-07 
 -1.120e-06  3.819e-14 -1.107e-10 -1.214e-14 
  3.255e-03 -1.107e-10  3.228e-07  3.529e-11 
  2.846e-07 -1.214e-14  3.529e-11  5.153e-15 
ERR MATRIX NOT POS-DEF
 PARAMETER  CORRELATION COEFFICIENTS  
       NO.  GLOBAL      1      2      3      4
        1  0.65483   1.000 -0.618  0.618  0.428
        2  0.99679  -0.618  1.000 -0.997 -0.865
        3  0.99679   0.618 -0.997  1.000  0.865
        4  0.87685   0.428 -0.865  0.865  1.000
 ERR MATRIX NOT POS-DEF
 **********
 **    6 **MIGRAD 
 **********
 START MIGRAD MINIMIZATION.  STRATEGY  1.  CONVERGENCE WHEN EDM .LT. 1.00e-04
 FCN=-2.3786e+11 FROM MIGRAD    STATUS=INITIATE       16 CALLS         686 TOTAL
                     EDM=2.80863    STRATEGY= 1      ERR MATRIX NOT POS-DEF
  EXT PARAMETER                APPROXIMATE        STEP         FIRST   
  NO.   NAME      VALUE            ERROR          SIZE      DERIVATIVE 
   1  norm         5.58908e+05   9.27364e+00  -0.00000e+00  -2.78479e-02
   2  Q            5.65016e-01   1.95434e-07  -0.00000e+00  -6.67130e+04
   3  theta        3.91001e-03   5.68153e-04  -0.00000e+00   4.80169e+03
   4  pileup       9.99677e-04   7.17839e-08   0.00000e+00  -3.06953e+07
 MIGRAD FAILS TO FIND IMPROVEMENT
 MACHINE ACCURACY LIMITS FURTHER IMPROVEMENT.
 MIGRAD MINIMIZATION HAS CONVERGED.
 MIGRAD WILL VERIFY CONVERGENCE AND ERROR MATRIX.
 EIGENVALUES OF SECOND-DERIVATIVE MATRIX:
        -1.9363e-04  2.2009e-01  8.4910e-01  2.9310e+00
 MINUIT WARNING IN HESSE   
 ============== MATRIX FORCED POS-DEF BY ADDING 0.003125 TO DIAGONAL.
 FCN=-2.3786e+11 FROM HESSE     STATUS=NOT POSDEF     29 CALLS         726 TOTAL
                     EDM=0.0731324    STRATEGY= 1      ERR MATRIX NOT POS-DEF
  EXT PARAMETER                APPROXIMATE        STEP         FIRST   
  NO.   NAME      VALUE            ERROR          SIZE      DERIVATIVE 
   1  norm         5.58908e+05   9.44567e+01   5.33017e+02  -2.16901e-02
   2  Q            5.65016e-01   3.05941e-05   9.53099e-05  -6.67931e+04
   3  theta        3.91001e-03   3.20231e-03   4.33846e-02  -5.64934e+01
   4  pileup       9.99677e-04   1.14999e-07   2.09840e-05  -2.25558e+06
 EIGENVALUES OF SECOND-DERIVATIVE MATRIX:
        -6.8409e-03  5.9331e-01  1.0579e+00  2.3556e+00
 MINUIT WARNING IN MIGRAD  
 ============== MATRIX FORCED POS-DEF BY ADDING 0.009197 TO DIAGONAL.
 MIGRAD FAILS TO FIND IMPROVEMENT
 MIGRAD TERMINATED WITHOUT CONVERGENCE.
 FCN=-2.3786e+11 FROM MIGRAD    STATUS=FAILED        100 CALLS         770 TOTAL
                     EDM=4.06626e+08    STRATEGY= 1      ERR MATRIX NOT POS-DEF
  EXT PARAMETER                APPROXIMATE        STEP         FIRST   
  NO.   NAME      VALUE            ERROR          SIZE      DERIVATIVE 
   1  norm         5.58908e+05   7.16790e+00  -0.00000e+00  -4.33206e-02
   2  Q            5.65016e-01   2.21130e-08   0.00000e+00   1.33284e+09
   3  theta        4.26272e-03   9.89426e-04  -0.00000e+00   3.18889e+04
   4  pileup       9.99688e-04   1.02587e-07   0.00000e+00  -2.73377e+07
 EXTERNAL ERROR MATRIX.    NDIM=  25    NPAR=  4    ERR DEF=1
  5.138e+01  7.710e-09 -3.544e-04 -1.682e-07 
  7.710e-09  4.890e-16 -2.178e-11 -9.911e-16 
 -3.544e-04 -2.178e-11  9.790e-07  5.010e-11 
 -1.682e-07 -9.911e-16  5.010e-11  1.052e-14 
ERR MATRIX NOT POS-DEF
 PARAMETER  CORRELATION COEFFICIENTS  
       NO.  GLOBAL      1      2      3      4
        1  0.30686   1.000  0.049 -0.050 -0.229
        2  0.99758   0.049  1.000 -0.996 -0.437
        3  0.99774  -0.050 -0.996  1.000  0.494
        4  0.78329  -0.229 -0.437  0.494  1.000
 ERR MATRIX NOT POS-DEF
status of the fit-----000------4
1  558908
2  0.565016
3  0.00426272
4  0.000999688
 **********
 **   19 **SET PRINT           2
 **********
 **********
 **   20 **SET NOGRAD
 **********
 PARAMETER DEFINITIONS:
    NO.   NAME         VALUE      STEP SIZE      LIMITS
     1 p0           5.58000e+05  1.67400e+05     no limits
     2 p1           5.65000e-01  1.69500e-01     no limits
     3 p2           0.00000e+00  3.00000e-01     no limits
     4 p3           9.99871e-04  2.99961e-04     no limits
 **********
 **   21 **SET ERR         0.5
 **********
 **********
 **   22 **SET PRINT           2
 **********
 **********
 **   23 **SET STR           1
 **********
 NOW USING STRATEGY  1: TRY TO BALANCE SPEED AGAINST RELIABILITY
 **********
 **   24 **MIGRAD        1480        0.01
 **********
 FIRST CALL TO USER FUNCTION AT NEW START POINT, WITH IFLAG=4.
 START MIGRAD MINIMIZATION.  STRATEGY  1.  CONVERGENCE WHEN EDM .LT. 1.00e-05
 FCN=17466 FROM MIGRAD    STATUS=INITIATE       18 CALLS          19 TOTAL
                     EDM= unknown      STRATEGY= 1      NO ERROR MATRIX       
  EXT PARAMETER               CURRENT GUESS       STEP         FIRST   
  NO.   NAME      VALUE            ERROR          SIZE      DERIVATIVE 
   1  p0           5.58000e+05   1.67400e+05   1.67400e+05  -3.64505e+01
   2  p1           5.65000e-01   1.69500e-01   1.69500e-01  -1.13151e+08
   3  p2           0.00000e+00   3.00000e-01   3.00000e-01   0.00000e+00
   4  p3           9.99871e-04   2.99961e-04   2.99961e-04  -9.99738e+08
                               ERR DEF= 0.5
NO ERROR MATRIX       
 FCN=472.878 FROM MIGRAD    STATUS=PROGRESS       34 CALLS          35 TOTAL
                     EDM=1350.51    STRATEGY= 1      NO ERROR MATRIX       
  EXT PARAMETER               CURRENT GUESS       STEP         FIRST   
  NO.   NAME      VALUE            ERROR          SIZE      DERIVATIVE 
   1  p0           5.58441e+05   1.67400e+05   4.41416e+02  -8.26508e-01
   2  p1           5.65142e-01   1.69500e-01   1.42349e-04  -2.54157e+06
   3  p2           0.00000e+00   3.00000e-01  -0.00000e+00   0.00000e+00
   4  p3           1.00167e-03   2.99961e-04   1.79494e-06   4.06055e+08
                               ERR DEF= 0.5
 MIGRAD FAILS TO FIND IMPROVEMENT
 MIGRAD MINIMIZATION HAS CONVERGED.
 MIGRAD WILL VERIFY CONVERGENCE AND ERROR MATRIX.
   START COVARIANCE MATRIX CALCULATION.
 EIGENVALUES OF SECOND-DERIVATIVE MATRIX:
         1.7619e-03  8.0728e-01  1.0066e+00  2.1843e+00
 COVARIANCE MATRIX CALCULATED SUCCESSFULLY
 FCN=58.8907 FROM HESSE     STATUS=OK             25 CALLS          82 TOTAL
                     EDM=0.000473436    STRATEGY= 1      ERROR MATRIX ACCURATE 
  EXT PARAMETER                                   STEP         FIRST   
  NO.   NAME      VALUE            ERROR          SIZE      DERIVATIVE 
   1  p0           5.58479e+05   8.60988e+01   2.66303e-01   1.77115e-04
   2  p1           5.65154e-01   2.78010e-05   2.69487e-07  -5.56502e+02
   3  p2           0.00000e+00   9.90518e-03   4.72272e-05   0.00000e+00
   4  p3           9.99778e-04   6.57062e-08   4.76732e-10   9.01665e+03
                               ERR DEF= 0.5
 PARAMETER  CORRELATION COEFFICIENTS  
       NO.  GLOBAL      1      2      3      4
        1  0.99823   1.000 -0.998  0.358  0.091
        2  0.99824  -0.998  1.000 -0.359 -0.112
        3  0.36153   0.358 -0.359  1.000  0.080
        4  0.34760   0.091 -0.112  0.080  1.000
 FCN=58.8879 FROM MIGRAD    STATUS=PROGRESS       92 CALLS          93 TOTAL
                     EDM=0.00286979    STRATEGY= 1      ERROR MATRIX ACCURATE 
  EXT PARAMETER                                   STEP         FIRST   
  NO.   NAME      VALUE            ERROR          SIZE      DERIVATIVE 
   1  p0           5.58463e+05   8.60988e+01  -1.56730e+01  -3.03182e-04
   2  p1           5.65159e-01   2.78010e-05   5.06286e-06  -2.03042e+03
   3  p2          -6.48652e-04   9.90518e-03  -6.48652e-04  -7.81386e+00
   4  p3           9.99777e-04   6.57062e-08  -1.44496e-09  -3.10388e+05
                               ERR DEF= 0.5
 MIGRAD MINIMIZATION HAS CONVERGED.
 MIGRAD WILL VERIFY CONVERGENCE AND ERROR MATRIX.
   START COVARIANCE MATRIX CALCULATION.
 EIGENVALUES OF SECOND-DERIVATIVE MATRIX:
        -3.9591e-04  7.8187e-01  1.0312e+00  2.1873e+00
 MINUIT WARNING IN HESSE   
 ============== MATRIX FORCED POS-DEF BY ADDING 0.002583 TO DIAGONAL.
 MIGRAD TERMINATED WITHOUT CONVERGENCE.
 FCN=58.8242 FROM MIGRAD    STATUS=FAILED        178 CALLS         179 TOTAL
                     EDM=7.43814e-05    STRATEGY= 1      ERR MATRIX NOT POS-DEF
  EXT PARAMETER                APPROXIMATE        STEP         FIRST   
  NO.   NAME      VALUE            ERROR          SIZE      DERIVATIVE 
   1  p0           5.58100e+05   7.75020e+01   2.66123e-01  -2.53635e-05
   2  p1           5.65276e-01   2.49272e-05   2.69545e-07   2.34839e+01
   3  p2           5.20123e-07   1.49269e-02   8.39312e-05  -5.38749e-01
   4  p3           9.99771e-04   6.49134e-08   4.76728e-10   5.91970e+04
                               ERR DEF= 0.5
 EXTERNAL ERROR MATRIX.    NDIM=  25    NPAR=  4    ERR DEF=0.5
  6.007e+03 -1.927e-03 -1.749e-01 -3.671e-07 
 -1.927e-03  6.214e-10  5.575e-08  8.076e-14 
 -1.749e-01  5.575e-08  2.228e-04  1.049e-10 
 -3.671e-07  8.076e-14  1.049e-10  4.214e-15 
ERR MATRIX NOT POS-DEF
 PARAMETER  CORRELATION COEFFICIENTS  
       NO.  GLOBAL      1      2      3      4
        1  0.99782   1.000 -0.998 -0.151 -0.073
        2  0.99782  -0.998  1.000  0.150  0.050
        3  0.18090  -0.151  0.150  1.000  0.108
        4  0.34801  -0.073  0.050  0.108  1.000
 ERR MATRIX NOT POS-DEF
 FCN=58.8242 FROM MIGRAD    STATUS=FAILED        178 CALLS         179 TOTAL
                     EDM=7.43814e-05    STRATEGY= 1      ERR MATRIX NOT POS-DEF
  EXT PARAMETER                  PARABOLIC         MINOS ERRORS        
  NO.   NAME      VALUE            ERROR      NEGATIVE      POSITIVE   
   1  p0           5.58100e+05   7.75020e+01                            
   2  p1           5.65276e-01   2.49272e-05                            
   3  p2           5.20123e-07   1.49269e-02                            
   4  p3           9.99771e-04   6.49134e-08                            
                               ERR DEF= 0.5
 **********
 **   25 **SET PRINT           2
 **********
 **********
 **   26 **SET NOGRAD
 **********
 PARAMETER DEFINITIONS:
    NO.   NAME         VALUE      STEP SIZE      LIMITS
     1 p0           5.58100e+05  7.75020e+01     no limits
     2 p1           5.65276e-01  2.49272e-05     no limits
     3 p2           5.20123e-07  1.49269e-02     no limits
     4 p3           9.99771e-04  6.49134e-08     no limits
 **********
 **   27 **SET ERR         0.5
 **********
 **********
 **   28 **SET PRINT           2
 **********
 **********
 **   29 **SET STR           1
 **********
 NOW USING STRATEGY  1: TRY TO BALANCE SPEED AGAINST RELIABILITY
 **********
 **   30 **MIGRAD        1480        0.01
 **********
 FIRST CALL TO USER FUNCTION AT NEW START POINT, WITH IFLAG=4.
 START MIGRAD MINIMIZATION.  STRATEGY  1.  CONVERGENCE WHEN EDM .LT. 1.00e-05
 FCN=58.8242 FROM MIGRAD    STATUS=INITIATE       14 CALLS          15 TOTAL
                     EDM= unknown      STRATEGY= 1      NO ERROR MATRIX       
  EXT PARAMETER               CURRENT GUESS       STEP         FIRST   
  NO.   NAME      VALUE            ERROR          SIZE      DERIVATIVE 
   1  p0           5.58100e+05   7.75020e+01   7.75020e+01   7.00186e-06
   2  p1           5.65276e-01   2.49272e-05   2.49272e-05   2.40346e+01
   3  p2           5.20123e-07   1.49269e-02   1.49269e-02  -9.01514e-03
   4  p3           9.99771e-04   6.49134e-08   6.49134e-08  -5.40134e+03
                               ERR DEF= 0.5
NO ERROR MATRIX       
 FCN=58.8242 FROM MIGRAD    STATUS=PROGRESS       33 CALLS          34 TOTAL
                     EDM=6.51291e-07    STRATEGY= 1      NO ERROR MATRIX       
  EXT PARAMETER               CURRENT GUESS       STEP         FIRST   
  NO.   NAME      VALUE            ERROR          SIZE      DERIVATIVE 
   1  p0           5.58100e+05   7.75020e+01  -9.17457e-05  -3.43892e-06
   2  p1           5.65276e-01   2.49272e-05  -3.26624e-11   2.55319e+01
   3  p2           1.51947e-06   1.49269e-02   9.99348e-07   3.00741e-02
   4  p3           9.99771e-04   6.49134e-08   1.00252e-11  -5.75552e+03
                               ERR DEF= 0.5
 MIGRAD MINIMIZATION HAS CONVERGED.
 MIGRAD WILL VERIFY CONVERGENCE AND ERROR MATRIX.
   START COVARIANCE MATRIX CALCULATION.
 EIGENVALUES OF SECOND-DERIVATIVE MATRIX:
        -3.0641e-04  8.0769e-01  1.0001e+00  2.1925e+00
 MINUIT WARNING IN HESSE   
 ============== MATRIX FORCED POS-DEF BY ADDING 0.002499 TO DIAGONAL.
 FCN=58.8242 FROM MIGRAD    STATUS=CONVERGED      62 CALLS          63 TOTAL
                     EDM=6.65537e-06    STRATEGY= 1      ERR MATRIX NOT POS-DEF
  EXT PARAMETER                APPROXIMATE        STEP         FIRST   
  NO.   NAME      VALUE            ERROR          SIZE      DERIVATIVE 
   1  p0           5.58100e+05   7.74001e+01   2.66123e-01   3.07291e-05
   2  p1           5.65276e-01   2.48832e-05   2.69545e-07   2.55892e+01
   3  p2           1.51947e-06   1.36133e-02   7.92024e-05   2.58015e-02
   4  p3           9.99771e-04   6.51755e-08   4.76728e-10   3.22059e+04
                               ERR DEF= 0.5
 EXTERNAL ERROR MATRIX.    NDIM=  25    NPAR=  4    ERR DEF=0.5
  5.991e+03 -1.921e-03  1.357e-02 -5.912e-07 
 -1.921e-03  6.192e-10 -4.041e-09  1.518e-13 
  1.357e-02 -4.041e-09  1.853e-04 -6.685e-12 
 -5.912e-07  1.518e-13 -6.685e-12  4.248e-15 
ERR MATRIX NOT POS-DEF
 PARAMETER  CORRELATION COEFFICIENTS  
       NO.  GLOBAL      1      2      3      4
        1  0.99782   1.000 -0.998  0.013 -0.117
        2  0.99781  -0.998  1.000 -0.012  0.094
        3  0.01839   0.013 -0.012  1.000 -0.008
        4  0.35200  -0.117  0.094 -0.008  1.000
 ERR MATRIX NOT POS-DEF
 **********
 **   31 **HESSE        1480
 **********
   START COVARIANCE MATRIX CALCULATION.
 EIGENVALUES OF SECOND-DERIVATIVE MATRIX:
         5.4929e-05  7.1990e-01  8.8447e-01  2.3956e+00
 COVARIANCE MATRIX CALCULATED SUCCESSFULLY
 FCN=58.8242 FROM HESSE     STATUS=OK             39 CALLS         102 TOTAL
                     EDM=6.95066e-06    STRATEGY= 1      ERROR MATRIX ACCURATE 
  EXT PARAMETER                                INTERNAL      INTERNAL  
  NO.   NAME      VALUE            ERROR       STEP SIZE       VALUE   
   1  p0           5.58100e+05   4.87867e+02   8.01068e-01   5.58100e+05
   2  p1           5.65276e-01   1.57380e-04   1.34772e-07   5.65276e-01
   3  p2           1.51947e-06   1.31284e-02   2.40371e-03   1.51947e-06
   4  p3           9.99771e-04   6.81061e-08   1.05982e-08   9.99771e-04
                               ERR DEF= 0.5
 EXTERNAL ERROR MATRIX.    NDIM=  25    NPAR=  4    ERR DEF=0.5
  2.380e+05 -7.678e-02 -8.477e-01  4.371e-06 
 -7.678e-02  2.477e-08  2.795e-07 -1.444e-12 
 -8.477e-01  2.795e-07  1.724e-04  1.512e-10 
  4.371e-06 -1.444e-12  1.512e-10  4.638e-15 
 PARAMETER  CORRELATION COEFFICIENTS  
       NO.  GLOBAL      1      2      3      4
        1  0.99995   1.000 -1.000 -0.132  0.132
        2  0.99995  -1.000  1.000  0.135 -0.135
        3  0.39096  -0.132  0.135  1.000  0.169
        4  0.40366   0.132 -0.135  0.169  1.000
 EXTERNAL ERROR MATRIX.    NDIM=   4    NPAR=  4    ERR DEF=0.5
  2.380e+05 -7.678e-02 -8.477e-01  4.371e-06 
 -7.678e-02  2.477e-08  2.795e-07 -1.444e-12 
 -8.477e-01  2.795e-07  1.724e-04  1.512e-10 
  4.371e-06 -1.444e-12  1.512e-10  4.638e-15 
 FCN=58.8242 FROM HESSE     STATUS=OK             39 CALLS         102 TOTAL
                     EDM=6.95066e-06    STRATEGY= 1      ERROR MATRIX ACCURATE 
  EXT PARAMETER                  PARABOLIC         MINOS ERRORS        
  NO.   NAME      VALUE            ERROR      NEGATIVE      POSITIVE   
   1  p0           5.58100e+05   4.87867e+02                            
   2  p1           5.65276e-01   1.57380e-04                            
   3  p2           1.51947e-06   1.31284e-02                            
   4  p3           9.99771e-04   6.81061e-08                            
                               ERR DEF= 0.5
------------------------------------------
Enering ROOFIt-------
 PARAMETER DEFINITIONS:
    NO.   NAME         VALUE      STEP SIZE      LIMITS
     1 norm         5.58100e+05  1.00000e-01     no limits
     2 Q            5.65000e-01  1.00000e-01     no limits
     3 theta        0.00000e+00  1.00000e-01     no limits
     4 pileup       9.99771e-04  1.00000e-01     no limits
 **********
 **    1 **MIGRAD
 **********
 FIRST CALL TO USER FUNCTION AT NEW START POINT, WITH IFLAG=4.
 START MIGRAD MINIMIZATION.  STRATEGY  1.  CONVERGENCE WHEN EDM .LT. 1.00e-04
 FCN=-2.37862e+11 FROM MIGRAD    STATUS=INITIATE       14 CALLS          15 TOTAL
                     EDM= unknown      STRATEGY= 1      NO ERROR MATRIX       
  EXT PARAMETER               CURRENT GUESS       STEP         FIRST   
  NO.   NAME      VALUE            ERROR          SIZE      DERIVATIVE 
   1  norm         5.58100e+05   1.00000e-01   1.00000e-01  -3.27187e+01
   2  Q            5.65000e-01   1.00000e-01   1.00000e-01  -4.94131e+08
   3  theta        0.00000e+00   1.00000e-01   1.00000e-01   0.00000e+00
   4  pileup       9.99771e-04   1.00000e-01   1.00000e-01  -9.19228e+11
 MIGRAD FAILS TO FIND IMPROVEMENT
 EIGENVALUES OF SECOND-DERIVATIVE MATRIX:
        -1.6563e-01  4.6536e-01  6.6694e-01  3.0333e+00
 MINUIT WARNING IN HESSE   
 ============== MATRIX FORCED POS-DEF BY ADDING 0.168668 TO DIAGONAL.
 FCN=-2.37862e+11 FROM HESSE     STATUS=NOT POSDEF     27 CALLS          95 TOTAL
                     EDM=1760.42    STRATEGY= 1      ERR MATRIX NOT POS-DEF
  EXT PARAMETER                APPROXIMATE        STEP         FIRST   
  NO.   NAME      VALUE            ERROR          SIZE      DERIVATIVE 
   1  norm         5.58857e+05   1.15036e+01   1.72573e+03   9.49373e-01
   2  Q            5.65008e-01   4.94657e-06   5.55050e-04   3.00031e+06
   3  theta        0.00000e+00   9.34864e-03   1.19395e-01   0.00000e+00
   4  pileup       1.00337e-03   9.44223e-08   2.10339e-05   8.38145e+08
 MIGRAD FAILS TO FIND IMPROVEMENT
 MACHINE ACCURACY LIMITS FURTHER IMPROVEMENT.
 MIGRAD MINIMIZATION HAS CONVERGED.
 MIGRAD WILL VERIFY CONVERGENCE AND ERROR MATRIX.
 EIGENVALUES OF SECOND-DERIVATIVE MATRIX:
        -4.5773e-04  3.7344e-01  8.5101e-01  2.7760e+00
 MINUIT WARNING IN HESSE   
 ============== MATRIX FORCED POS-DEF BY ADDING 0.003234 TO DIAGONAL.
 MIGRAD TERMINATED WITHOUT CONVERGENCE.
 FCN=-2.37862e+11 FROM MIGRAD    STATUS=FAILED        218 CALLS         219 TOTAL
                     EDM=2.83799    STRATEGY= 1      ERR MATRIX NOT POS-DEF
  EXT PARAMETER                APPROXIMATE        STEP         FIRST   
  NO.   NAME      VALUE            ERROR          SIZE      DERIVATIVE 
   1  norm         5.58932e+05   9.66496e+01   1.72572e+03   1.93671e-01
   2  Q            5.65010e-01   3.15271e-05   9.49814e-05   6.01136e+05
   3  theta       -1.93362e-04   1.04031e-03   1.08889e-01  -5.85847e+01
   4  pileup       9.99833e-04   1.04019e-07   2.09860e-05   1.57002e+07
 EXTERNAL ERROR MATRIX.    NDIM=  25    NPAR=  4    ERR DEF=1
  9.341e+03 -3.033e-03 -2.233e-02 -8.252e-07 
 -3.033e-03  9.940e-10  8.948e-09  2.643e-13 
 -2.233e-02  8.948e-09  1.082e-06  4.733e-11 
 -8.252e-07  2.643e-13  4.733e-11  1.082e-14 
ERR MATRIX NOT POS-DEF
 PARAMETER  CORRELATION COEFFICIENTS  
       NO.  GLOBAL      1      2      3      4
        1  0.99719   1.000 -0.996 -0.222 -0.082
        2  0.99727  -0.996  1.000  0.273  0.081
        3  0.72814  -0.222  0.273  1.000  0.437
        4  0.53344  -0.082  0.081  0.437  1.000
 ERR MATRIX NOT POS-DEF
 **********
 **    2 **MIGRAD 
 **********
 START MIGRAD MINIMIZATION.  STRATEGY  1.  CONVERGENCE WHEN EDM .LT. 1.00e-04
 FCN=-2.37862e+11 FROM MIGRAD    STATUS=INITIATE        8 CALLS         227 TOTAL
                     EDM=1.90624    STRATEGY= 1      ERR MATRIX NOT POS-DEF
  EXT PARAMETER                APPROXIMATE        STEP         FIRST   
  NO.   NAME      VALUE            ERROR          SIZE      DERIVATIVE 
   1  norm         5.58932e+05   9.66496e+01   1.72572e+03   1.83435e-01
   2  Q            5.65010e-01   3.15271e-05   9.49814e-05   6.01465e+05
   3  theta       -1.93362e-04   1.04031e-03   1.08889e-01  -3.73987e+03
   4  pileup       9.99833e-04   1.04019e-07   2.09860e-05   1.11896e+07
 MIGRAD FAILS TO FIND IMPROVEMENT
 MACHINE ACCURACY LIMITS FURTHER IMPROVEMENT.
 MIGRAD MINIMIZATION HAS CONVERGED.
 MIGRAD WILL VERIFY CONVERGENCE AND ERROR MATRIX.
 EIGENVALUES OF SECOND-DERIVATIVE MATRIX:
        -1.3608e-03  3.6615e-01  8.4942e-01  2.7858e+00
 MINUIT WARNING IN HESSE   
 ============== MATRIX FORCED POS-DEF BY ADDING 0.004147 TO DIAGONAL.
 FCN=-2.37862e+11 FROM HESSE     STATUS=NOT POSDEF     29 CALLS         267 TOTAL
                     EDM=1.58482    STRATEGY= 1      ERR MATRIX NOT POS-DEF
  EXT PARAMETER                APPROXIMATE        STEP         FIRST   
  NO.   NAME      VALUE            ERROR          SIZE      DERIVATIVE 
   1  norm         5.58932e+05   9.55184e+01   6.90286e+02   1.93758e-01
   2  Q            5.65010e-01   3.17194e-05   1.89963e-04   6.01142e+05
   3  theta       -1.93362e-04   7.52720e-04   1.70081e-01  -1.45919e+02
   4  pileup       9.99833e-04   1.06789e-07   8.39441e-06   1.57383e+07
 MIGRAD FAILS TO FIND IMPROVEMENT
 MIGRAD TERMINATED WITHOUT CONVERGENCE.
 FCN=-2.37862e+11 FROM MIGRAD    STATUS=FAILED         86 CALLS         305 TOTAL
                     EDM=5.25002e+07    STRATEGY= 1      ERR MATRIX NOT POS-DEF
  EXT PARAMETER                APPROXIMATE        STEP         FIRST   
  NO.   NAME      VALUE            ERROR          SIZE      DERIVATIVE 
   1  norm         5.58941e+05   7.44890e+00   0.00000e+00  -5.03086e-02
   2  Q            5.65006e-01   1.04049e-07  -0.00000e+00   4.77853e+08
   3  theta       -3.63150e-04   3.50476e-04   0.00000e+00  -7.02150e+03
   4  pileup       9.99794e-04   9.13478e-08   0.00000e+00  -2.67371e+07
 EXTERNAL ERROR MATRIX.    NDIM=  25    NPAR=  4    ERR DEF=1
  5.549e+01 -4.063e-08  2.756e-04 -2.821e-07 
 -4.063e-08  1.083e-14  1.486e-12  4.610e-16 
  2.756e-04  1.486e-12  1.228e-07  1.871e-12 
 -2.821e-07  4.610e-16  1.871e-12  8.344e-15 
ERR MATRIX NOT POS-DEF
 PARAMETER  CORRELATION COEFFICIENTS  
       NO.  GLOBAL      1      2      3      4
        1  0.43615   1.000 -0.052  0.106 -0.415
        2  0.07419  -0.052  1.000  0.041  0.049
        3  0.16003   0.106  0.041  1.000  0.058
        4  0.42776  -0.415  0.049  0.058  1.000
 ERR MATRIX NOT POS-DEF
status of the fit-----000------4
1  558941
2  0.565006
3  -0.00036315
4  0.000999794
 PARAMETER DEFINITIONS:
    NO.   NAME         VALUE      STEP SIZE      LIMITS
     1 norm         5.58941e+05  1.00000e-01     no limits
     2 Q            5.65006e-01  1.00000e-01     no limits
     3 theta       -3.63150e-04  1.00000e-01     no limits
     4 pileup       9.99794e-04  1.00000e-01     no limits
 **********
 **    3 **MIGRAD
 **********
 FIRST CALL TO USER FUNCTION AT NEW START POINT, WITH IFLAG=4.
 START MIGRAD MINIMIZATION.  STRATEGY  1.  CONVERGENCE WHEN EDM .LT. 1.00e-04
 FCN=-2.37862e+11 FROM MIGRAD    STATUS=INITIATE       14 CALLS         320 TOTAL
                     EDM= unknown      STRATEGY= 1      NO ERROR MATRIX       
  EXT PARAMETER               CURRENT GUESS       STEP         FIRST   
  NO.   NAME      VALUE            ERROR          SIZE      DERIVATIVE 
   1  norm         5.58941e+05   1.00000e-01   1.00000e-01   1.42555e-02
   2  Q            5.65006e-01   1.00000e-01   1.00000e-01   6.00053e+06
   3  theta       -3.63150e-04   1.00000e-01   1.00000e-01  -2.41752e+03
   4  pileup       9.99794e-04   1.00000e-01   1.00000e-01  -9.18061e+11
 MIGRAD FAILS TO FIND IMPROVEMENT
 COVARIANCE MATRIX CALCULATED SUCCESSFULLY
 FCN=-2.37862e+11 FROM HESSE     STATUS=OK             29 CALLS         360 TOTAL
                     EDM=0.106737    STRATEGY= 1      ERROR MATRIX ACCURATE 
  EXT PARAMETER                                   STEP         FIRST   
  NO.   NAME      VALUE            ERROR          SIZE      DERIVATIVE 
   1  norm         5.58941e+05   5.59018e+01   2.66524e+00   1.46277e-02
   2  Q            5.65006e-01   5.18084e-06   1.00000e-03   4.23766e+04
   3  theta       -3.63150e-04   4.48878e-03   1.00000e-01  -1.03111e+01
   4  pileup       9.99794e-04   9.24331e-08   1.00000e-02   1.15616e+06
 MIGRAD FAILS TO FIND IMPROVEMENT
 MIGRAD TERMINATED WITHOUT CONVERGENCE.
 FCN=-2.37862e+11 FROM MIGRAD    STATUS=FAILED        100 CALLS         406 TOTAL
                     EDM=2.02874e+06    STRATEGY= 1  ERROR MATRIX UNCERTAINTY 100.0 per cent
  EXT PARAMETER                APPROXIMATE        STEP         FIRST   
  NO.   NAME      VALUE            ERROR          SIZE      DERIVATIVE 
   1  norm         5.58940e+05   9.20260e+00  -0.00000e+00  -1.05042e-02
   2  Q            5.65006e-01   3.86666e-10  -0.00000e+00   4.77621e+08
   3  theta       -2.95653e-04   9.49969e-04  -0.00000e+00  -4.06703e+02
   4  pileup       9.99793e-04   1.57914e-08   0.00000e+00  -2.74736e+07
 EXTERNAL ERROR MATRIX.    NDIM=  25    NPAR=  4    ERR DEF=1
  8.469e+01  1.280e-09  5.269e-03 -1.244e-07 
  1.280e-09  1.495e-19  1.997e-13 -3.138e-18 
  5.269e-03  1.997e-13  9.024e-07 -1.370e-11 
 -1.244e-07 -3.138e-18 -1.370e-11  2.494e-16 
ERR MATRIX APPROXIMATE
 PARAMETER  CORRELATION COEFFICIENTS  
       NO.  GLOBAL      1      2      3      4
        1  0.96234   1.000  0.360  0.603 -0.856
        2  0.54536   0.360  1.000  0.544 -0.514
        3  0.97712   0.603  0.544  1.000 -0.913
        4  0.99033  -0.856 -0.514 -0.913  1.000
 ERR MATRIX APPROXIMATE
 **********
 **    4 **MIGRAD 
 **********
 START MIGRAD MINIMIZATION.  STRATEGY  1.  CONVERGENCE WHEN EDM .LT. 1.00e-04
 FCN=-2.37862e+11 FROM MIGRAD    STATUS=INITIATE       14 CALLS         420 TOTAL
                     EDM=0.0946091    STRATEGY= 1  ERROR MATRIX UNCERTAINTY 100.0 per cent
  EXT PARAMETER                APPROXIMATE        STEP         FIRST   
  NO.   NAME      VALUE            ERROR          SIZE      DERIVATIVE 
   1  norm         5.58940e+05   9.20260e+00  -0.00000e+00  -1.66079e-02
   2  Q            5.65006e-01   3.86666e-10  -0.00000e+00  -3.45270e+04
   3  theta       -2.95653e-04   9.49969e-04  -0.00000e+00  -4.00290e+02
   4  pileup       9.99793e-04   1.57914e-08   0.00000e+00  -2.74738e+07
 MIGRAD FAILS TO FIND IMPROVEMENT
 MACHINE ACCURACY LIMITS FURTHER IMPROVEMENT.
 MIGRAD MINIMIZATION HAS CONVERGED.
 MIGRAD WILL VERIFY CONVERGENCE AND ERROR MATRIX.
 EIGENVALUES OF SECOND-DERIVATIVE MATRIX:
        -2.4033e-02  4.8531e-01  6.6355e-01  2.8752e+00
 MINUIT WARNING IN HESSE   
 ============== MATRIX FORCED POS-DEF BY ADDING 0.026908 TO DIAGONAL.
 FCN=-2.37862e+11 FROM HESSE     STATUS=NOT POSDEF     31 CALLS         517 TOTAL
                     EDM=0.00202227    STRATEGY= 1      ERR MATRIX NOT POS-DEF
  EXT PARAMETER                APPROXIMATE        STEP         FIRST   
  NO.   NAME      VALUE            ERROR          SIZE      DERIVATIVE 
   1  norm         5.58940e+05   9.31617e+00   1.72574e+03   3.64860e-03
   2  Q            5.65006e-01   5.19042e-06   5.54963e-04   9.48398e+03
   3  theta        4.20395e-05   2.46066e-03   4.09847e-01   1.88587e+00
   4  pileup       9.99790e-04   1.04769e-07   2.09853e-05   6.23849e+05
 MIGRAD FAILS TO FIND IMPROVEMENT
 MACHINE ACCURACY LIMITS FURTHER IMPROVEMENT.
 MIGRAD MINIMIZATION HAS CONVERGED.
 MIGRAD WILL VERIFY CONVERGENCE AND ERROR MATRIX.
 EIGENVALUES OF SECOND-DERIVATIVE MATRIX:
        -1.9196e-04  3.8578e-01  8.5216e-01  2.7623e+00
 MINUIT WARNING IN HESSE   
 ============== MATRIX FORCED POS-DEF BY ADDING 0.002954 TO DIAGONAL.
 MIGRAD TERMINATED WITHOUT CONVERGENCE.
 FCN=-2.37862e+11 FROM MIGRAD    STATUS=FAILED        167 CALLS         573 TOTAL
                     EDM=0.00498726    STRATEGY= 1      ERR MATRIX NOT POS-DEF
  EXT PARAMETER                APPROXIMATE        STEP         FIRST   
  NO.   NAME      VALUE            ERROR          SIZE      DERIVATIVE 
   1  norm         5.58940e+05   9.74499e+01   6.90296e+02   3.73293e-03
   2  Q            5.65006e-01   3.14372e-05   9.42442e-05   9.49018e+03
   3  theta        4.20383e-05   2.41825e-03   4.41110e-02   8.82090e-01
   4  pileup       9.99790e-04   1.03332e-07   8.39412e-06   6.61904e+05
 EXTERNAL ERROR MATRIX.    NDIM=  25    NPAR=  4    ERR DEF=1
  9.496e+03 -3.050e-03 -5.817e-03 -7.108e-09 
 -3.050e-03  9.883e-10  5.702e-09 -6.801e-15 
 -5.817e-03  5.702e-09  5.848e-06  1.060e-10 
 -7.108e-09 -6.801e-15  1.060e-10  1.068e-14 
ERR MATRIX NOT POS-DEF
 PARAMETER  CORRELATION COEFFICIENTS  
       NO.  GLOBAL      1      2      3      4
        1  0.99724   1.000 -0.996 -0.025 -0.001
        2  0.99726  -0.996  1.000  0.075 -0.002
        3  0.69703  -0.025  0.075  1.000  0.424
        4  0.52420  -0.001 -0.002  0.424  1.000
 ERR MATRIX NOT POS-DEF
status of the fit-----000------4
1  558940
2  0.565006
3  4.20383e-05
4  0.00099979
 PARAMETER DEFINITIONS:
    NO.   NAME         VALUE      STEP SIZE      LIMITS
     1 norm         5.58940e+05  1.00000e-01     no limits
     2 Q            5.65006e-01  1.00000e-01     no limits
     3 theta        4.20383e-05  1.00000e-01     no limits
     4 pileup       9.99790e-04  1.00000e-01     no limits
 **********
 **    5 **MIGRAD
 **********
 FIRST CALL TO USER FUNCTION AT NEW START POINT, WITH IFLAG=4.
 START MIGRAD MINIMIZATION.  STRATEGY  1.  CONVERGENCE WHEN EDM .LT. 1.00e-04
 FCN=-2.37862e+11 FROM MIGRAD    STATUS=INITIATE       14 CALLS         588 TOTAL
                     EDM= unknown      STRATEGY= 1      NO ERROR MATRIX       
  EXT PARAMETER               CURRENT GUESS       STEP         FIRST   
  NO.   NAME      VALUE            ERROR          SIZE      DERIVATIVE 
   1  norm         5.58940e+05   1.00000e-01   1.00000e-01   3.80720e-03
   2  Q            5.65006e-01   1.00000e-01   1.00000e-01   5.80695e+06
   3  theta        4.20383e-05   1.00000e-01   1.00000e-01   2.79928e+02
   4  pileup       9.99790e-04   1.00000e-01   1.00000e-01  -9.18062e+11
 MIGRAD FAILS TO FIND IMPROVEMENT
 COVARIANCE MATRIX CALCULATED SUCCESSFULLY
 FCN=-2.37862e+11 FROM HESSE     STATUS=OK             29 CALLS         628 TOTAL
                     EDM=0.0117356    STRATEGY= 1      ERROR MATRIX ACCURATE 
  EXT PARAMETER                                   STEP         FIRST   
  NO.   NAME      VALUE            ERROR          SIZE      DERIVATIVE 
   1  norm         5.58940e+05   7.31060e+01   2.66523e+00   3.95033e-03
   2  Q            5.65006e-01   6.90730e-06   1.00000e-03   9.48418e+03
   3  theta        4.20383e-05   6.03326e-03   1.00000e-01   1.27792e+00
   4  pileup       9.99790e-04   9.24339e-08   1.00000e-02   7.64756e+04
 MIGRAD FAILS TO FIND IMPROVEMENT
 MACHINE ACCURACY LIMITS FURTHER IMPROVEMENT.
 MIGRAD MINIMIZATION HAS CONVERGED.
 FCN=-2.37862e+11 FROM MIGRAD    STATUS=CONVERGED      63 CALLS         637 TOTAL
                     EDM=0.0117356    STRATEGY= 1      ERROR MATRIX ACCURATE 
  EXT PARAMETER                                   STEP         FIRST   
  NO.   NAME      VALUE            ERROR          SIZE      DERIVATIVE 
   1  norm         5.58940e+05   7.31060e+01  -0.00000e+00   3.95033e-03
   2  Q            5.65006e-01   6.90730e-06   0.00000e+00   9.48418e+03
   3  theta        4.20383e-05   6.03326e-03   0.00000e+00   1.27792e+00
   4  pileup       9.99790e-04   9.24339e-08  -0.00000e+00   7.64756e+04
 EXTERNAL ERROR MATRIX.    NDIM=  25    NPAR=  4    ERR DEF=1
  5.344e+03 -5.009e-04 -4.262e-01 -1.256e-08 
 -5.009e-04  4.771e-11  4.111e-08 -7.281e-15 
 -4.262e-01  4.111e-08  3.640e-05  3.216e-12 
 -1.256e-08 -7.281e-15  3.216e-12  8.544e-15 
 PARAMETER  CORRELATION COEFFICIENTS  
       NO.  GLOBAL      1      2      3      4
        1  0.99509   1.000 -0.992 -0.966 -0.002
        2  0.99804  -0.992  1.000  0.987 -0.011
        3  0.99173  -0.966  0.987  1.000  0.006
        4  0.23236  -0.002 -0.011  0.006  1.000
 **********
 **    6 **MIGRAD 
 **********
 START MIGRAD MINIMIZATION.  STRATEGY  1.  CONVERGENCE WHEN EDM .LT. 1.00e-04
 FCN=-2.37862e+11 FROM MIGRAD    STATUS=INITIATE        8 CALLS         645 TOTAL
                     EDM=1.79539    STRATEGY= 1      ERROR MATRIX ACCURATE 
  EXT PARAMETER                                   STEP         FIRST   
  NO.   NAME      VALUE            ERROR          SIZE      DERIVATIVE 
   1  norm         5.58940e+05   7.31060e+01  -0.00000e+00   3.74137e-03
   2  Q            5.65006e-01   6.90730e-06   0.00000e+00   9.58443e+03
   3  theta        4.20383e-05   6.03326e-03   0.00000e+00   4.53243e+01
   4  pileup       9.99790e-04   9.24339e-08  -0.00000e+00  -2.89768e+07
 MIGRAD FAILS TO FIND IMPROVEMENT
 MACHINE ACCURACY LIMITS FURTHER IMPROVEMENT.
 MIGRAD MINIMIZATION HAS CONVERGED.
 FCN=-2.37862e+11 FROM MIGRAD    STATUS=CONVERGED      19 CALLS         656 TOTAL
                     EDM=1.79539    STRATEGY= 1      ERROR MATRIX ACCURATE 
  EXT PARAMETER                                   STEP         FIRST   
  NO.   NAME      VALUE            ERROR          SIZE      DERIVATIVE 
   1  norm         5.58940e+05   7.31060e+01   0.00000e+00   3.74137e-03
   2  Q            5.65006e-01   6.90730e-06  -0.00000e+00   9.58443e+03
   3  theta        4.20383e-05   6.03326e-03  -0.00000e+00   4.53243e+01
   4  pileup       9.99790e-04   9.24339e-08   0.00000e+00  -2.89768e+07
 EXTERNAL ERROR MATRIX.    NDIM=  25    NPAR=  4    ERR DEF=1
  5.344e+03 -5.009e-04 -4.262e-01 -1.256e-08 
 -5.009e-04  4.771e-11  4.111e-08 -7.281e-15 
 -4.262e-01  4.111e-08  3.640e-05  3.216e-12 
 -1.256e-08 -7.281e-15  3.216e-12  8.544e-15 
 PARAMETER  CORRELATION COEFFICIENTS  
       NO.  GLOBAL      1      2      3      4
        1  0.99509   1.000 -0.992 -0.966 -0.002
        2  0.99804  -0.992  1.000  0.987 -0.011
        3  0.99173  -0.966  0.987  1.000  0.006
        4  0.23236  -0.002 -0.011  0.006  1.000
status of the fit-----000------0
1  558940
2  0.565006
3  4.20383e-05
4  0.00099979
 **********
 **   32 **SET PRINT           2
 **********
 **********
 **   33 **SET NOGRAD
 **********
 PARAMETER DEFINITIONS:
    NO.   NAME         VALUE      STEP SIZE      LIMITS
     1 p0           5.58000e+05  1.67400e+05     no limits
     2 p1           5.65000e-01  1.69500e-01     no limits
     3 p2           0.00000e+00  3.00000e-01     no limits
     4 p3           9.99871e-04  2.99961e-04     no limits
 **********
 **   34 **SET ERR         0.5
 **********
 **********
 **   35 **SET PRINT           2
 **********
 **********
 **   36 **SET STR           1
 **********
 NOW USING STRATEGY  1: TRY TO BALANCE SPEED AGAINST RELIABILITY
 **********
 **   37 **MIGRAD        1480        0.01
 **********
 FIRST CALL TO USER FUNCTION AT NEW START POINT, WITH IFLAG=4.
 START MIGRAD MINIMIZATION.  STRATEGY  1.  CONVERGENCE WHEN EDM .LT. 1.00e-05
 FCN=17437.4 FROM MIGRAD    STATUS=INITIATE       18 CALLS          19 TOTAL
                     EDM= unknown      STRATEGY= 1      NO ERROR MATRIX       
  EXT PARAMETER               CURRENT GUESS       STEP         FIRST   
  NO.   NAME      VALUE            ERROR          SIZE      DERIVATIVE 
   1  p0           5.58000e+05   1.67400e+05   1.67400e+05  -3.64068e+01
   2  p1           5.65000e-01   1.69500e-01   1.69500e-01  -1.13012e+08
   3  p2           0.00000e+00   3.00000e-01   3.00000e-01   0.00000e+00
   4  p3           9.99871e-04   2.99961e-04   2.99961e-04  -9.74900e+08
                               ERR DEF= 0.5
NO ERROR MATRIX       
 FCN=509.848 FROM MIGRAD    STATUS=PROGRESS       34 CALLS          35 TOTAL
                     EDM=1439.49    STRATEGY= 1      NO ERROR MATRIX       
  EXT PARAMETER               CURRENT GUESS       STEP         FIRST   
  NO.   NAME      VALUE            ERROR          SIZE      DERIVATIVE 
   1  p0           5.58441e+05   1.67400e+05   4.41337e+02  -8.34707e-01
   2  p1           5.65142e-01   1.69500e-01   1.42320e-04  -2.56433e+06
   3  p2           0.00000e+00   3.00000e-01  -0.00000e+00   0.00000e+00
   4  p3           1.00162e-03   2.99961e-04   1.75227e-06   4.19711e+08
                               ERR DEF= 0.5
 MIGRAD MINIMIZATION HAS CONVERGED.
 MIGRAD WILL VERIFY CONVERGENCE AND ERROR MATRIX.
   START COVARIANCE MATRIX CALCULATION.
 EIGENVALUES OF SECOND-DERIVATIVE MATRIX:
         2.9233e-04  7.9448e-01  1.0339e+00  2.1713e+00
 COVARIANCE MATRIX CALCULATED SUCCESSFULLY
 FCN=69.0759 FROM HESSE     STATUS=OK             27 CALLS          83 TOTAL
                     EDM=0.00145533    STRATEGY= 1      ERROR MATRIX ACCURATE 
  EXT PARAMETER                                   STEP         FIRST   
  NO.   NAME      VALUE            ERROR          SIZE      DERIVATIVE 
   1  p0           5.58480e+05   2.10957e+02   2.66304e-01  -1.36269e-04
   2  p1           5.65155e-01   6.83914e-05   2.69487e-07   3.69012e+02
   3  p2           0.00000e+00   6.88173e-03   4.14553e-05   0.00000e+00
   4  p3           9.99675e-04   8.02261e-08   4.76682e-10   5.88242e+02
                               ERR DEF= 0.5
 PARAMETER  CORRELATION COEFFICIENTS  
       NO.  GLOBAL      1      2      3      4
        1  0.99971   1.000 -1.000  0.087  0.617
        2  0.99971  -1.000  1.000 -0.088 -0.623
        3  0.12973   0.087 -0.088  1.000  0.129
        4  0.67141   0.617 -0.623  0.129  1.000
 FCN=69.0733 FROM MIGRAD    STATUS=PROGRESS       93 CALLS          94 TOTAL
                     EDM=0.00216966    STRATEGY= 1      ERROR MATRIX ACCURATE 
  EXT PARAMETER                                   STEP         FIRST   
  NO.   NAME      VALUE            ERROR          SIZE      DERIVATIVE 
   1  p0           5.58500e+05   2.10957e+02   2.08745e+01  -4.26735e-04
   2  p1           5.65148e-01   6.83914e-05  -6.76725e-06  -5.73850e+02
   3  p2           5.93559e-05   6.88173e-03   5.93559e-05   1.17068e+00
   4  p3           9.99680e-04   8.02261e-08   4.91462e-09   1.01767e+06
                               ERR DEF= 0.5
 MIGRAD FAILS TO FIND IMPROVEMENT
 MIGRAD TERMINATED WITHOUT CONVERGENCE.
 FCN=69.0442 FROM MIGRAD    STATUS=FAILED        145 CALLS         146 TOTAL
                     EDM=1.24825e-05    STRATEGY= 1  ERROR MATRIX UNCERTAINTY 100.0 per cent
  EXT PARAMETER                APPROXIMATE        STEP         FIRST   
  NO.   NAME      VALUE            ERROR          SIZE      DERIVATIVE 
   1  p0           5.58741e+05   3.71892e+02  -0.00000e+00  -6.97143e-05
   2  p1           5.65070e-01   1.19750e-04   0.00000e+00  -2.23939e+02
   3  p2          -1.18975e-07   5.25080e-03   0.00000e+00  -1.48078e-02
   4  p3           9.99680e-04   5.58130e-08  -0.00000e+00   1.26034e+03
                               ERR DEF= 0.5
 EXTERNAL ERROR MATRIX.    NDIM=  25    NPAR=  4    ERR DEF=0.5
  1.383e+05 -4.453e-02 -2.386e-01  4.265e-06 
 -4.453e-02  1.434e-08  7.602e-08 -1.405e-12 
 -2.386e-01  7.602e-08  2.757e-05  1.172e-10 
  4.265e-06 -1.405e-12  1.172e-10  3.115e-15 
ERR MATRIX APPROXIMATE
 PARAMETER  CORRELATION COEFFICIENTS  
       NO.  GLOBAL      1      2      3      4
        1  0.99991   1.000 -1.000 -0.122  0.205
        2  0.99991  -1.000  1.000  0.121 -0.210
        3  0.45517  -0.122  0.121  1.000  0.400
        4  0.55598   0.205 -0.210  0.400  1.000
 ERR MATRIX APPROXIMATE
 FCN=69.0442 FROM MIGRAD    STATUS=FAILED        145 CALLS         146 TOTAL
                     EDM=1.24825e-05    STRATEGY= 1  ERROR MATRIX UNCERTAINTY 100.0 per cent
  EXT PARAMETER                  PARABOLIC         MINOS ERRORS        
  NO.   NAME      VALUE            ERROR      NEGATIVE      POSITIVE   
   1  p0           5.58741e+05   3.71892e+02                            
   2  p1           5.65070e-01   1.19750e-04                            
   3  p2          -1.18975e-07   5.25080e-03                            
   4  p3           9.99680e-04   5.58130e-08                            
                               ERR DEF= 0.5
 **********
 **   38 **SET PRINT           2
 **********
 **********
 **   39 **SET NOGRAD
 **********
 PARAMETER DEFINITIONS:
    NO.   NAME         VALUE      STEP SIZE      LIMITS
     1 p0           5.58741e+05  3.71892e+02     no limits
     2 p1           5.65070e-01  1.19750e-04     no limits
     3 p2          -1.18975e-07  5.25080e-03     no limits
     4 p3           9.99680e-04  5.58130e-08     no limits
 **********
 **   40 **SET ERR         0.5
 **********
 **********
 **   41 **SET PRINT           2
 **********
 **********
 **   42 **SET STR           1
 **********
 NOW USING STRATEGY  1: TRY TO BALANCE SPEED AGAINST RELIABILITY
 **********
 **   43 **MIGRAD        1480        0.01
 **********
 FIRST CALL TO USER FUNCTION AT NEW START POINT, WITH IFLAG=4.
 START MIGRAD MINIMIZATION.  STRATEGY  1.  CONVERGENCE WHEN EDM .LT. 1.00e-05
 FCN=69.0442 FROM MIGRAD    STATUS=INITIATE       14 CALLS          15 TOTAL
                     EDM= unknown      STRATEGY= 1      NO ERROR MATRIX       
  EXT PARAMETER               CURRENT GUESS       STEP         FIRST   
  NO.   NAME      VALUE            ERROR          SIZE      DERIVATIVE 
   1  p0           5.58741e+05   3.71892e+02   3.71892e+02  -7.18883e-05
   2  p1           5.65070e-01   1.19750e-04   1.19750e-04  -2.23939e+02
   3  p2          -1.18975e-07   5.25080e-03   5.25080e-03  -3.25386e-02
   4  p3           9.99680e-04   5.58130e-08   5.58130e-08  -5.81075e+02
                               ERR DEF= 0.5
NO ERROR MATRIX       
 MIGRAD FAILS TO FIND IMPROVEMENT
   START COVARIANCE MATRIX CALCULATION.
 EIGENVALUES OF SECOND-DERIVATIVE MATRIX:
         1.7360e-03  8.0459e-01  1.0273e+00  2.1664e+00
 COVARIANCE MATRIX CALCULATED SUCCESSFULLY
 FCN=69.0442 FROM HESSE     STATUS=OK             27 CALLS          50 TOTAL
                     EDM=9.35262e-07    STRATEGY= 1      ERROR MATRIX ACCURATE 
  EXT PARAMETER                                   STEP         FIRST   
  NO.   NAME      VALUE            ERROR          SIZE      DERIVATIVE 
   1  p0           5.58741e+05   8.66406e+01   3.71892e-01  -7.54302e-05
   2  p1           5.65070e-01   2.80358e-05   2.69447e-07  -2.15819e+02
   3  p2          -1.18975e-07   5.93421e-03   3.44157e-05   2.36770e-01
   4  p3           9.99680e-04   6.33493e-08   5.58130e-10  -6.06784e+03
                               ERR DEF= 0.5
 PARAMETER  CORRELATION COEFFICIENTS  
       NO.  GLOBAL      1      2      3      4
        1  0.99826   1.000 -0.998  0.349  0.221
        2  0.99827  -0.998  1.000 -0.350 -0.239
        3  0.35922   0.349 -0.350  1.000  0.160
        4  0.38905   0.221 -0.239  0.160  1.000
 FCN=69.0442 FROM MIGRAD    STATUS=PROGRESS       66 CALLS          67 TOTAL
                     EDM=1.55643e-07    STRATEGY= 1      ERROR MATRIX ACCURATE 
  EXT PARAMETER                                   STEP         FIRST   
  NO.   NAME      VALUE            ERROR          SIZE      DERIVATIVE 
   1  p0           5.58741e+05   8.66406e+01   3.67437e-10  -6.77031e-05
   2  p1           5.65070e-01   2.80358e-05  -9.50204e-17  -2.23009e+02
   3  p2          -1.18976e-07   5.93421e-03  -3.26931e-13  -3.41466e-02
   4  p3           9.99680e-04   6.33493e-08   4.50652e-19   1.35840e+03
                               ERR DEF= 0.5
 MIGRAD MINIMIZATION HAS CONVERGED.
 FCN=69.0442 FROM MIGRAD    STATUS=CONVERGED      66 CALLS          67 TOTAL
                     EDM=1.55643e-07    STRATEGY= 1  ERROR MATRIX UNCERTAINTY   1.8 per cent
  EXT PARAMETER                                   STEP         FIRST   
  NO.   NAME      VALUE            ERROR          SIZE      DERIVATIVE 
   1  p0           5.58741e+05   8.36605e+01   3.67437e-10  -6.77031e-05
   2  p1           5.65070e-01   2.70402e-05  -9.50204e-17  -2.23009e+02
   3  p2          -1.18976e-07   3.76886e-03  -3.26931e-13  -3.41466e-02
   4  p3           9.99680e-04   6.12206e-08   4.50652e-19   1.35840e+03
                               ERR DEF= 0.5
 EXTERNAL ERROR MATRIX.    NDIM=  25    NPAR=  4    ERR DEF=0.5
  6.999e+03 -2.258e-03  2.827e-01  8.434e-07 
 -2.258e-03  7.312e-10 -9.214e-08 -3.045e-13 
  2.827e-01 -9.214e-08  1.420e-05  1.349e-10 
  8.434e-07 -3.045e-13  1.349e-10  3.748e-15 
 PARAMETER  CORRELATION COEFFICIENTS  
       NO.  GLOBAL      1      2      3      4
        1  1.00000   1.000 -0.998  0.896  0.165
        2  1.00000  -0.998  1.000 -0.904 -0.184
        3  1.00000   0.896 -0.904  1.000  0.585
        4  1.00000   0.165 -0.184  0.585  1.000
 EXTERNAL ERROR MATRIX.    NDIM=   4    NPAR=  4    ERR DEF=0.5
  6.999e+03 -2.258e-03  2.827e-01  8.434e-07 
 -2.258e-03  7.312e-10 -9.214e-08 -3.045e-13 
  2.827e-01 -9.214e-08  1.420e-05  1.349e-10 
  8.434e-07 -3.045e-13  1.349e-10  3.748e-15 
 FCN=69.0442 FROM MIGRAD    STATUS=CONVERGED      66 CALLS          67 TOTAL
                     EDM=1.55643e-07    STRATEGY= 1  ERROR MATRIX UNCERTAINTY   1.8 per cent
  EXT PARAMETER                  PARABOLIC         MINOS ERRORS        
  NO.   NAME      VALUE            ERROR      NEGATIVE      POSITIVE   
   1  p0           5.58741e+05   8.36605e+01                            
   2  p1           5.65070e-01   2.70402e-05                            
   3  p2          -1.18976e-07   3.76886e-03                            
   4  p3           9.99680e-04   6.12206e-08                            
                               ERR DEF= 0.5
------------------------------------------
Enering ROOFIt-------
 PARAMETER DEFINITIONS:
    NO.   NAME         VALUE      STEP SIZE      LIMITS
     1 norm         5.58741e+05  1.00000e-01     no limits
     2 Q            5.65000e-01  1.00000e-01     no limits
     3 theta        0.00000e+00  1.00000e-01     no limits
     4 pileup       9.99680e-04  1.00000e-01     no limits
 **********
 **    1 **MIGRAD
 **********
 FIRST CALL TO USER FUNCTION AT NEW START POINT, WITH IFLAG=4.
 START MIGRAD MINIMIZATION.  STRATEGY  1.  CONVERGENCE WHEN EDM .LT. 1.00e-04
 FCN=-2.37861e+11 FROM MIGRAD    STATUS=INITIATE       14 CALLS          15 TOTAL
                     EDM= unknown      STRATEGY= 1      NO ERROR MATRIX       
  EXT PARAMETER               CURRENT GUESS       STEP         FIRST   
  NO.   NAME      VALUE            ERROR          SIZE      DERIVATIVE 
   1  norm         5.58741e+05   1.00000e-01   1.00000e-01  -8.32212e+00
   2  Q            5.65000e-01   1.00000e-01   1.00000e-01  -1.21671e+08
   3  theta        0.00000e+00   1.00000e-01   1.00000e-01   0.00000e+00
   4  pileup       9.99680e-04   1.00000e-01   1.00000e-01  -9.18345e+11
 MIGRAD FAILS TO FIND IMPROVEMENT
 COVARIANCE MATRIX CALCULATED SUCCESSFULLY
 FCN=-2.37861e+11 FROM HESSE     STATUS=OK             27 CALLS          53 TOTAL
                     EDM=6769.86    STRATEGY= 1      ERROR MATRIX ACCURATE 
  EXT PARAMETER                                   STEP         FIRST   
  NO.   NAME      VALUE            ERROR          SIZE      DERIVATIVE 
   1  norm         5.58741e+05   2.52265e+01   2.66429e+00  -8.32202e+00
   2  Q            5.65000e-01   1.96094e-06   1.00000e-03  -2.58690e+07
   3  theta        0.00000e+00   1.40360e-03   1.00000e-01   0.00000e+00
   4  pileup       9.99680e-04   9.24283e-08   1.00000e-02  -2.34067e+08
 MIGRAD FAILS TO FIND IMPROVEMENT
 MIGRAD TERMINATED WITHOUT CONVERGENCE.
 FCN=-2.37861e+11 FROM MIGRAD    STATUS=FAILED         77 CALLS          78 TOTAL
                     EDM=25026.3    STRATEGY= 1  ERROR MATRIX UNCERTAINTY  63.4 per cent
  EXT PARAMETER                APPROXIMATE        STEP         FIRST   
  NO.   NAME      VALUE            ERROR          SIZE      DERIVATIVE 
   1  norm         5.59095e+05   1.34123e+01   0.00000e+00   2.06776e+00
   2  Q            5.64975e-01   7.88270e-07  -0.00000e+00   6.42786e+06
   3  theta       -1.17958e-02   5.70677e-04   0.00000e+00  -2.06959e+05
   4  pileup       9.99845e-04   9.23380e-08   0.00000e+00   5.13352e+07
 EXTERNAL ERROR MATRIX.    NDIM=  25    NPAR=  4    ERR DEF=1
  1.799e+02 -8.032e-06  4.260e-03 -7.104e-08 
 -8.032e-06  6.214e-13 -6.845e-11 -2.653e-15 
  4.260e-03 -6.845e-11  3.257e-07  6.179e-12 
 -7.104e-08 -2.653e-15  6.179e-12  8.526e-15 
ERR MATRIX APPROXIMATE
 PARAMETER  CORRELATION COEFFICIENTS  
       NO.  GLOBAL      1      2      3      4
        1  0.89154   1.000 -0.760  0.557 -0.057
        2  0.83859  -0.760  1.000 -0.152 -0.036
        3  0.72380   0.557 -0.152  1.000  0.117
        4  0.31004  -0.057 -0.036  0.117  1.000
 ERR MATRIX APPROXIMATE
 **********
 **    2 **MIGRAD 
 **********
 START MIGRAD MINIMIZATION.  STRATEGY  1.  CONVERGENCE WHEN EDM .LT. 1.00e-04
 FCN=-2.37861e+11 FROM MIGRAD    STATUS=INITIATE       16 CALLS          94 TOTAL
                     EDM=1.89884e+06    STRATEGY= 1  ERROR MATRIX UNCERTAINTY  63.4 per cent
  EXT PARAMETER                APPROXIMATE        STEP         FIRST   
  NO.   NAME      VALUE            ERROR          SIZE      DERIVATIVE 
   1  norm         5.59095e+05   1.34123e+01   0.00000e+00   2.06770e+00
   2  Q            5.64975e-01   7.88270e-07  -0.00000e+00  -2.03501e+09
   3  theta       -1.17958e-02   5.70677e-04   0.00000e+00  -9.84189e+04
   4  pileup       9.99845e-04   9.23380e-08   0.00000e+00   5.24906e+07
 MIGRAD FAILS TO FIND IMPROVEMENT
 COVARIANCE MATRIX CALCULATED SUCCESSFULLY
 FCN=-2.37861e+11 FROM HESSE     STATUS=OK             31 CALLS         180 TOTAL
                     EDM=0.834088    STRATEGY= 1      ERROR MATRIX ACCURATE 
  EXT PARAMETER                                   STEP         FIRST   
  NO.   NAME      VALUE            ERROR          SIZE      DERIVATIVE 
   1  norm         5.59026e+05   8.35794e+00   1.72601e+03   3.74272e-02
   2  Q            5.64980e-01   4.85050e-07   5.54881e-04   1.11758e+05
   3  theta       -1.22159e-02   8.53281e-04   1.12898e-01  -9.07199e+02
   4  pileup       9.99825e-04   1.01167e-07   2.09862e-05   1.87029e+07
 MINUIT WARNING IN MIGRAD  
 ============== Negative diagonal element 2 in Error Matrix
 MINUIT WARNING IN MIGRAD  
 ============== Negative diagonal element 3 in Error Matrix
 MINUIT WARNING IN MIGRAD  
 ============== Negative diagonal element 4 in Error Matrix
 MINUIT WARNING IN MIGRAD  
 ============== 1 added to diagonal of error matrix
 MIGRAD FAILS TO FIND IMPROVEMENT
 MACHINE ACCURACY LIMITS FURTHER IMPROVEMENT.
 MIGRAD MINIMIZATION HAS CONVERGED.
 FCN=-2.37861e+11 FROM MIGRAD    STATUS=CONVERGED     122 CALLS         200 TOTAL
                     EDM=54.9473    STRATEGY= 1  ERROR MATRIX UNCERTAINTY   8.2 per cent
  EXT PARAMETER                                   STEP         FIRST   
  NO.   NAME      VALUE            ERROR          SIZE      DERIVATIVE 
   1  norm         5.59027e+05   7.32653e+00  -0.00000e+00   5.81560e-03
   2  Q            5.64981e-01   1.00000e+00  -0.00000e+00   4.42021e+04
   3  theta       -1.20774e-02   1.00000e+00   0.00000e+00  -1.72759e+04
   4  pileup       9.99739e-04   1.00000e+00   0.00000e+00  -5.61087e+06
 EXTERNAL ERROR MATRIX.    NDIM=  25    NPAR=  4    ERR DEF=1
  5.368e+01 -2.304e-06 -1.112e-03  5.964e-07 
 -2.304e-06  1.000e+00 -1.871e-10  1.146e-13 
 -1.112e-03 -1.871e-10  1.000e+00  9.090e-11 
  5.964e-07  1.146e-13  9.090e-11  1.000e+00 
 PARAMETER  CORRELATION COEFFICIENTS  
       NO.  GLOBAL      1      2      3      4
        1  0.00015   1.000 -0.000 -0.000  0.000
        2  0.00000  -0.000  1.000 -0.000  0.000
        3  0.00015  -0.000 -0.000  1.000  0.000
        4  0.00000   0.000  0.000  0.000  1.000
status of the fit-----000------0
1  559027
2  0.564981
3  -0.0120774
4  0.000999739
 PARAMETER DEFINITIONS:
    NO.   NAME         VALUE      STEP SIZE      LIMITS
     1 norm         5.59027e+05  1.00000e-01     no limits
     2 Q            5.64981e-01  1.00000e-01     no limits
     3 theta       -1.20774e-02  1.00000e-01     no limits
     4 pileup       9.99739e-04  1.00000e-01     no limits
 **********
 **    3 **MIGRAD
 **********
 FIRST CALL TO USER FUNCTION AT NEW START POINT, WITH IFLAG=4.
 START MIGRAD MINIMIZATION.  STRATEGY  1.  CONVERGENCE WHEN EDM .LT. 1.00e-04
 FCN=-2.37861e+11 FROM MIGRAD    STATUS=INITIATE       18 CALLS         219 TOTAL
                     EDM= unknown      STRATEGY= 1      NO ERROR MATRIX       
  EXT PARAMETER               CURRENT GUESS       STEP         FIRST   
  NO.   NAME      VALUE            ERROR          SIZE      DERIVATIVE 
   1  norm         5.59027e+05   1.00000e-01   1.00000e-01   1.61710e-02
   2  Q            5.64981e-01   1.00000e-01   1.00000e-01   3.63760e+06
   3  theta       -1.20774e-02   1.00000e-01   1.00000e-01  -8.51906e+04
   4  pileup       9.99739e-04   1.00000e-01   1.00000e-01  -9.18054e+11
 MIGRAD FAILS TO FIND IMPROVEMENT
 COVARIANCE MATRIX CALCULATED SUCCESSFULLY
 FCN=-2.37861e+11 FROM HESSE     STATUS=OK             29 CALLS         259 TOTAL
                     EDM=0.428586    STRATEGY= 1      ERROR MATRIX ACCURATE 
  EXT PARAMETER                                   STEP         FIRST   
  NO.   NAME      VALUE            ERROR          SIZE      DERIVATIVE 
   1  norm         5.59027e+05   2.15934e+01   2.66565e+00   1.59706e-02
   2  Q            5.64981e-01   1.49537e-06   1.00000e-03   4.41523e+04
   3  theta       -1.20774e-02   1.07339e-03   1.02382e-01  -1.07627e+03
   4  pileup       9.99739e-04   9.24329e-08   1.00000e-02  -1.64674e+06
 EIGENVALUES OF SECOND-DERIVATIVE MATRIX:
        -2.1515e+00  6.5586e-02  1.3159e+00  4.7700e+00
 MINUIT WARNING IN MIGRAD  
 ============== MATRIX FORCED POS-DEF BY ADDING 2.156265 TO DIAGONAL.
 EIGENVALUES OF SECOND-DERIVATIVE MATRIX:
        -1.7828e-03  2.2065e-03  1.0035e+00  2.9961e+00
 MINUIT WARNING IN MIGRAD  
 ============== MATRIX FORCED POS-DEF BY ADDING 0.004779 TO DIAGONAL.
 MIGRAD FAILS TO FIND IMPROVEMENT
 MIGRAD TERMINATED WITHOUT CONVERGENCE.
 FCN=-2.37861e+11 FROM MIGRAD    STATUS=FAILED         97 CALLS         298 TOTAL
                     EDM=3.62924e+06    STRATEGY= 1      ERR MATRIX NOT POS-DEF
  EXT PARAMETER                APPROXIMATE        STEP         FIRST   
  NO.   NAME      VALUE            ERROR          SIZE      DERIVATIVE 
   1  norm         5.59025e+05   3.41211e+01   0.00000e+00   4.18164e-02
   2  Q            5.64981e-01   7.56745e-08   0.00000e+00  -1.58759e+09
   3  theta       -1.16932e-02   1.33831e-04  -0.00000e+00  -8.88889e+05
   4  pileup       9.99763e-04   1.59882e-07   0.00000e+00  -2.26624e+07
 EXTERNAL ERROR MATRIX.    NDIM=  25    NPAR=  4    ERR DEF=1
  1.164e+03  1.115e-06 -1.834e-03 -2.101e-08 
  1.115e-06  5.727e-15 -1.009e-11  1.082e-14 
 -1.834e-03 -1.009e-11  1.791e-08 -1.941e-11 
 -2.101e-08  1.082e-14 -1.941e-11  2.556e-14 
ERR MATRIX NOT POS-DEF
 PARAMETER  CORRELATION COEFFICIENTS  
       NO.  GLOBAL      1      2      3      4
        1  0.97474   1.000  0.432 -0.402 -0.004
        2  0.99766   0.432  1.000 -0.996  0.895
        3  0.99691  -0.402 -0.996  1.000 -0.907
        4  0.99407  -0.004  0.895 -0.907  1.000
 ERR MATRIX NOT POS-DEF
 **********
 **    4 **MIGRAD 
 **********
 START MIGRAD MINIMIZATION.  STRATEGY  1.  CONVERGENCE WHEN EDM .LT. 1.00e-04
 FCN=-2.37861e+11 FROM MIGRAD    STATUS=INITIATE       16 CALLS         314 TOTAL
                     EDM=2.27955    STRATEGY= 1      ERR MATRIX NOT POS-DEF
  EXT PARAMETER                APPROXIMATE        STEP         FIRST   
  NO.   NAME      VALUE            ERROR          SIZE      DERIVATIVE 
   1  norm         5.59025e+05   3.41211e+01   0.00000e+00   3.57136e-02
   2  Q            5.64981e-01   7.56745e-08   0.00000e+00   1.24920e+05
   3  theta       -1.16932e-02   1.33831e-04  -0.00000e+00  -2.90227e+04
   4  pileup       9.99763e-04   1.59882e-07   0.00000e+00  -2.26635e+07
 MIGRAD FAILS TO FIND IMPROVEMENT
 MACHINE ACCURACY LIMITS FURTHER IMPROVEMENT.
 MIGRAD MINIMIZATION HAS CONVERGED.
 MIGRAD WILL VERIFY CONVERGENCE AND ERROR MATRIX.
 COVARIANCE MATRIX CALCULATED SUCCESSFULLY
 FCN=-2.37861e+11 FROM HESSE     STATUS=OK             31 CALLS         422 TOTAL
                     EDM=0.106339    STRATEGY= 1      ERROR MATRIX ACCURATE 
  EXT PARAMETER                                   STEP         FIRST   
  NO.   NAME      VALUE            ERROR          SIZE      DERIVATIVE 
   1  norm         5.59025e+05   8.68920e+00   1.72600e+03   2.68223e-02
   2  Q            5.64981e-01   5.14608e-07   5.54885e-04   7.83065e+04
   3  theta       -1.16842e-02   4.99339e-04   2.23653e-01  -1.42890e+03
   4  pileup       9.99759e-04   1.02553e-07   2.09853e-05   4.46830e+06
 MINUIT WARNING IN MIGRAD  
 ============== Negative diagonal element 3 in Error Matrix
 MINUIT WARNING IN MIGRAD  
 ============== 1 added to diagonal of error matrix
 MIGRAD FAILS TO FIND IMPROVEMENT
 MACHINE ACCURACY LIMITS FURTHER IMPROVEMENT.
 MIGRAD MINIMIZATION HAS CONVERGED.
 FCN=-2.37861e+11 FROM MIGRAD    STATUS=CONVERGED     147 CALLS         445 TOTAL
                     EDM=158.699    STRATEGY= 1  ERROR MATRIX UNCERTAINTY   4.8 per cent
  EXT PARAMETER                                   STEP         FIRST   
  NO.   NAME      VALUE            ERROR          SIZE      DERIVATIVE 
   1  norm         5.59026e+05   8.01728e+00  -0.00000e+00   8.02165e-02
   2  Q            5.64981e-01   1.00000e+00  -0.00000e+00   2.76044e+05
   3  theta       -1.13469e-02   1.00000e+00   0.00000e+00  -5.08642e+04
   4  pileup       9.99722e-04   1.00000e+00   0.00000e+00  -5.88468e+06
 EXTERNAL ERROR MATRIX.    NDIM=  25    NPAR=  4    ERR DEF=1
  6.428e+01 -7.169e-07  4.824e-05 -1.917e-07 
 -7.169e-07  1.000e+00 -7.577e-12 -1.531e-14 
  4.824e-05 -7.577e-12  1.000e+00 -7.823e-13 
 -1.917e-07 -1.531e-14 -7.823e-13  1.000e+00 
 PARAMETER  CORRELATION COEFFICIENTS  
       NO.  GLOBAL      1      2      3      4
        1  0.00001   1.000 -0.000  0.000 -0.000
        2  0.00000  -0.000  1.000 -0.000 -0.000
        3  0.00001   0.000 -0.000  1.000 -0.000
        4  0.00000  -0.000 -0.000 -0.000  1.000
status of the fit-----000------0
1  559026
2  0.564981
3  -0.0113469
4  0.000999722
 PARAMETER DEFINITIONS:
    NO.   NAME         VALUE      STEP SIZE      LIMITS
     1 norm         5.59026e+05  1.00000e-01     no limits
     2 Q            5.64981e-01  1.00000e-01     no limits
     3 theta       -1.13469e-02  1.00000e-01     no limits
     4 pileup       9.99722e-04  1.00000e-01     no limits
 **********
 **    5 **MIGRAD
 **********
 FIRST CALL TO USER FUNCTION AT NEW START POINT, WITH IFLAG=4.
 START MIGRAD MINIMIZATION.  STRATEGY  1.  CONVERGENCE WHEN EDM .LT. 1.00e-04
 FCN=-2.37861e+11 FROM MIGRAD    STATUS=INITIATE       18 CALLS         464 TOTAL
                     EDM= unknown      STRATEGY= 1      NO ERROR MATRIX       
  EXT PARAMETER               CURRENT GUESS       STEP         FIRST   
  NO.   NAME      VALUE            ERROR          SIZE      DERIVATIVE 
   1  norm         5.59026e+05   1.00000e-01   1.00000e-01   9.05460e-02
   2  Q            5.64981e-01   1.00000e-01   1.00000e-01   4.92196e+06
   3  theta       -1.13469e-02   1.00000e-01   1.00000e-01  -7.93837e+04
   4  pileup       9.99722e-04   1.00000e-01   1.00000e-01  -9.18051e+11
 MIGRAD FAILS TO FIND IMPROVEMENT
 COVARIANCE MATRIX CALCULATED SUCCESSFULLY
 FCN=-2.37861e+11 FROM HESSE     STATUS=OK             29 CALLS         504 TOTAL
                     EDM=1.18288    STRATEGY= 1      ERROR MATRIX ACCURATE 
  EXT PARAMETER                                   STEP         FIRST   
  NO.   NAME      VALUE            ERROR          SIZE      DERIVATIVE 
   1  norm         5.59026e+05   2.15957e+01   2.66564e+00   9.04144e-02
   2  Q            5.64981e-01   1.51271e-06   1.00000e-03   2.75985e+05
   3  theta       -1.13469e-02   1.10850e-03   1.02054e-01  -8.70340e+02
   4  pileup       9.99722e-04   9.24328e-08   1.00000e-02  -1.92072e+06
 EIGENVALUES OF SECOND-DERIVATIVE MATRIX:
        -2.5582e-01  6.7393e-02  1.2180e+00  2.9704e+00
 MINUIT WARNING IN MIGRAD  
 ============== MATRIX FORCED POS-DEF BY ADDING 0.258786 TO DIAGONAL.
 MIGRAD FAILS TO FIND IMPROVEMENT
 MACHINE ACCURACY LIMITS FURTHER IMPROVEMENT.
 MIGRAD MINIMIZATION HAS CONVERGED.
 MIGRAD WILL VERIFY CONVERGENCE AND ERROR MATRIX.
 EIGENVALUES OF SECOND-DERIVATIVE MATRIX:
        -1.6578e-04  7.7473e-01  9.2014e-01  2.3053e+00
 MINUIT WARNING IN HESSE   
 ============== MATRIX FORCED POS-DEF BY ADDING 0.002471 TO DIAGONAL.
 MIGRAD TERMINATED WITHOUT CONVERGENCE.
 FCN=-2.37861e+11 FROM MIGRAD    STATUS=FAILED        102 CALLS         548 TOTAL
                     EDM=1.44363    STRATEGY= 1      ERR MATRIX NOT POS-DEF
  EXT PARAMETER                APPROXIMATE        STEP         FIRST   
  NO.   NAME      VALUE            ERROR          SIZE      DERIVATIVE 
   1  norm         5.59021e+05   1.06780e+02   5.33129e+00  -5.24340e-02
   2  Q            5.64982e-01   3.43498e-05   1.02988e-04  -1.68492e+05
   3  theta       -1.11318e-02   1.64225e-03   4.08216e-02  -9.07052e+02
   4  pileup       9.99724e-04   9.43953e-08   2.14098e-05  -4.44114e+06
 EXTERNAL ERROR MATRIX.    NDIM=  25    NPAR=  4    ERR DEF=1
  1.140e+04 -3.658e-03 -4.399e-04  8.345e-08 
 -3.658e-03  1.180e-09  8.841e-10 -9.970e-14 
 -4.399e-04  8.841e-10  2.697e-06  2.047e-11 
  8.345e-08 -9.970e-14  2.047e-11  8.910e-15 
ERR MATRIX NOT POS-DEF
 PARAMETER  CORRELATION COEFFICIENTS  
       NO.  GLOBAL      1      2      3      4
        1  0.99770   1.000 -0.997 -0.003  0.008
        2  0.99770  -0.997  1.000  0.016 -0.031
        3  0.26668  -0.003  0.016  1.000  0.132
        4  0.36153   0.008 -0.031  0.132  1.000
 ERR MATRIX NOT POS-DEF
 **********
 **    6 **MIGRAD 
 **********
 START MIGRAD MINIMIZATION.  STRATEGY  1.  CONVERGENCE WHEN EDM .LT. 1.00e-04
 FCN=-2.37861e+11 FROM MIGRAD    STATUS=INITIATE        8 CALLS         556 TOTAL
                     EDM=6.11932    STRATEGY= 1      ERR MATRIX NOT POS-DEF
  EXT PARAMETER                APPROXIMATE        STEP         FIRST   
  NO.   NAME      VALUE            ERROR          SIZE      DERIVATIVE 
   1  norm         5.59021e+05   1.06780e+02   5.33129e+00  -5.24212e-02
   2  Q            5.64982e-01   3.43498e-05   1.02988e-04  -1.68234e+05
   3  theta       -1.11318e-02   1.64225e-03   4.08216e-02  -2.85403e+03
   4  pileup       9.99724e-04   9.43953e-08   2.14098e-05  -9.13674e+06
 EIGENVALUES OF SECOND-DERIVATIVE MATRIX:
        -5.0353e-02  6.0302e-01  1.2789e+00  2.1684e+00
 MINUIT WARNING IN MIGRAD  
 ============== MATRIX FORCED POS-DEF BY ADDING 0.052521 TO DIAGONAL.
 MINUIT WARNING IN MIGRAD  
 ============== Negative diagonal element 2 in Error Matrix
 MINUIT WARNING IN MIGRAD  
 ============== 1 added to diagonal of error matrix
 MIGRAD FAILS TO FIND IMPROVEMENT
 COVARIANCE MATRIX CALCULATED SUCCESSFULLY
 FCN=-2.37861e+11 FROM HESSE     STATUS=OK             31 CALLS         654 TOTAL
                     EDM=0.116596    STRATEGY= 1      ERROR MATRIX ACCURATE 
  EXT PARAMETER                                   STEP         FIRST   
  NO.   NAME      VALUE            ERROR          SIZE      DERIVATIVE 
   1  norm         5.59013e+05   8.64387e+00   1.72598e+03   2.81111e-03
   2  Q            5.64984e-01   5.34340e-07   5.54919e-04   5.99954e+03
   3  theta       -6.83534e-03   9.98809e-04   1.13543e-01  -4.28021e+02
   4  pileup       9.99685e-04   1.02266e-07   2.09855e-05  -4.53342e+06
 MINUIT WARNING IN MIGRAD  
 ============== Negative diagonal element 3 in Error Matrix
 MINUIT WARNING IN MIGRAD  
 ============== 1 added to diagonal of error matrix
 MIGRAD FAILS TO FIND IMPROVEMENT
 MACHINE ACCURACY LIMITS FURTHER IMPROVEMENT.
 MIGRAD MINIMIZATION HAS CONVERGED.
 FCN=-2.37861e+11 FROM MIGRAD    STATUS=CONVERGED     127 CALLS         675 TOTAL
                     EDM=21.5704    STRATEGY= 1  ERROR MATRIX UNCERTAINTY   4.3 per cent
  EXT PARAMETER                                   STEP         FIRST   
  NO.   NAME      VALUE            ERROR          SIZE      DERIVATIVE 
   1  norm         5.59013e+05   8.04566e+00  -0.00000e+00   3.16709e-02
   2  Q            5.64984e-01   1.00000e+00  -0.00000e+00   1.28020e+05
   3  theta       -6.65934e-03   1.00000e+00   0.00000e+00  -9.37113e+03
   4  pileup       9.99704e-04   1.00000e+00   0.00000e+00  -3.25996e+06
 EXTERNAL ERROR MATRIX.    NDIM=  25    NPAR=  4    ERR DEF=1
  6.473e+01 -8.064e-07  1.087e-04 -1.783e-07 
 -8.064e-07  1.000e+00 -7.359e-12 -1.705e-14 
  1.087e-04 -7.359e-12  1.000e+00 -3.825e-12 
 -1.783e-07 -1.705e-14 -3.825e-12  1.000e+00 
 PARAMETER  CORRELATION COEFFICIENTS  
       NO.  GLOBAL      1      2      3      4
        1  0.00001   1.000 -0.000  0.000 -0.000
        2  0.00000  -0.000  1.000 -0.000 -0.000
        3  0.00001   0.000 -0.000  1.000 -0.000
        4  0.00000  -0.000 -0.000 -0.000  1.000
status of the fit-----000------0
1  559013
2  0.564984
3  -0.00665934
4  0.000999704
