  *******************************************
  *                                         *
  *        W E L C O M E  to  R O O T       *
  *                                         *
  *   Version   5.34/36      5 April 2016   *
  *                                         *
  *  You are welcome to visit our Web site  *
  *          http://root.cern.ch            *
  *                                         *
  *******************************************

ROOT 5.34/36 (v5-34-36@v5-34-36, Apr 05 2016, 10:25:45 on linuxx8664gcc)

CINT/ROOT C/C++ Interpreter version 5.18.00, July 2, 2010
Type ? for help. Commands must be C++ statements.
Enclose multiple statements between { }.
Loading root init file.
The rat/rootinit.C file loaded the DEAP style for you, which is available from the fStyle pointer.
DEAP style applied. 
RAT: Libraries loaded.

Processing /home/fatemigh/projects/rpp-jillings/fatemigh/sterile/Likelihood/LikelihoodSterile_modified6.C+(80)...
pased here
566 lines read from file
31
spec_E  566
Before entering fitting
 **********
 **    1 **SET PRINT           2
 **********
 **********
 **    2 **SET NOGRAD
 **********
 PARAMETER DEFINITIONS:
    NO.   NAME         VALUE      STEP SIZE      LIMITS
     1 p0           5.58000e+05  1.67400e+05     no limits
     2 p1           5.65000e-01  1.69500e-01     no limits
     3 p2           0.00000e+00  3.00000e-01     no limits
     4 p3           9.99871e-04  2.99961e-04     no limits
 **********
 **    3 **SET ERR         0.5
 **********
 **********
 **    4 **SET PRINT           2
 **********
 **********
 **    5 **SET STR           1
 **********
 NOW USING STRATEGY  1: TRY TO BALANCE SPEED AGAINST RELIABILITY
 **********
 **    6 **MIGRAD        1480        0.01
 **********
 FIRST CALL TO USER FUNCTION AT NEW START POINT, WITH IFLAG=4.
 START MIGRAD MINIMIZATION.  STRATEGY  1.  CONVERGENCE WHEN EDM .LT. 1.00e-05
 FCN=17388.3 FROM MIGRAD    STATUS=INITIATE       18 CALLS          19 TOTAL
                     EDM= unknown      STRATEGY= 1      NO ERROR MATRIX       
  EXT PARAMETER               CURRENT GUESS       STEP         FIRST   
  NO.   NAME      VALUE            ERROR          SIZE      DERIVATIVE 
   1  p0           5.58000e+05   1.67400e+05   1.67400e+05  -3.63254e+01
   2  p1           5.65000e-01   1.69500e-01   1.69500e-01  -1.12760e+08
   3  p2           0.00000e+00   3.00000e-01   3.00000e-01   2.08298e+06
   4  p3           9.99871e-04   2.99961e-04   2.99961e-04  -9.85043e+08
                               ERR DEF= 0.5
NO ERROR MATRIX       
 FCN=1354.97 FROM MIGRAD    STATUS=PROGRESS       36 CALLS          37 TOTAL
                     EDM=4012.82    STRATEGY= 1      NO ERROR MATRIX       
  EXT PARAMETER               CURRENT GUESS       STEP         FIRST   
  NO.   NAME      VALUE            ERROR          SIZE      DERIVATIVE 
   1  p0           5.58355e+05   1.67400e+05   3.55407e+02  -2.51791e+00
   2  p1           5.65115e-01   1.69500e-01   1.14610e-04  -7.75707e+06
   3  p2          -2.35583e-03   3.00000e-01  -2.35583e-03  -4.73392e+05
   4  p3           1.00130e-03   2.99961e-04   1.42892e-06   5.07332e+08
                               ERR DEF= 0.5
 MIGRAD FAILS TO FIND IMPROVEMENT
 MIGRAD MINIMIZATION HAS CONVERGED.
 MIGRAD WILL VERIFY CONVERGENCE AND ERROR MATRIX.
   START COVARIANCE MATRIX CALCULATION.
 EIGENVALUES OF SECOND-DERIVATIVE MATRIX:
         2.8101e-03  3.4336e-01  9.5384e-01  2.7000e+00
 COVARIANCE MATRIX CALCULATED SUCCESSFULLY
 FCN=99.4211 FROM HESSE     STATUS=OK             27 CALLS         138 TOTAL
                     EDM=0.000508052    STRATEGY= 1      ERROR MATRIX ACCURATE 
  EXT PARAMETER                                   STEP         FIRST   
  NO.   NAME      VALUE            ERROR          SIZE      DERIVATIVE 
   1  p0           5.58477e+05   6.82687e+01   2.66303e-01  -1.45887e-04
   2  p1           5.65154e-01   2.19806e-05   2.69486e-07   1.01924e+03
   3  p2          -3.60085e-05   7.24068e-05   3.73391e-07  -7.82263e+01
   4  p3           9.99716e-04   7.49168e-08   4.76702e-10   8.45643e+04
                               ERR DEF= 0.5
 PARAMETER  CORRELATION COEFFICIENTS  
       NO.  GLOBAL      1      2      3      4
        1  0.99720   1.000 -0.996  0.191  0.297
        2  0.99719  -0.996  1.000 -0.146 -0.293
        3  0.72637   0.191 -0.146  1.000  0.554
        4  0.63789   0.297 -0.293  0.554  1.000
 FCN=99.4149 FROM MIGRAD    STATUS=PROGRESS      148 CALLS         149 TOTAL
                     EDM=0.00589774    STRATEGY= 1      ERROR MATRIX ACCURATE 
  EXT PARAMETER                                   STEP         FIRST   
  NO.   NAME      VALUE            ERROR          SIZE      DERIVATIVE 
   1  p0           5.58505e+05   6.82687e+01   2.72022e+01  -2.66270e-03
   2  p1           5.65145e-01   2.19806e-05  -8.70925e-06  -7.03144e+03
   3  p2          -2.92813e-05   7.24068e-05   6.72718e-06   1.16632e+03
   4  p3           9.99722e-04   7.49168e-08   5.99266e-09   6.24915e+05
                               ERR DEF= 0.5
 MIGRAD FAILS TO FIND IMPROVEMENT
 MIGRAD TERMINATED WITHOUT CONVERGENCE.
 FCN=99.1634 FROM MIGRAD    STATUS=FAILED        199 CALLS         200 TOTAL
                     EDM=0.000190589    STRATEGY= 1  ERROR MATRIX UNCERTAINTY  29.6 per cent
  EXT PARAMETER                APPROXIMATE        STEP         FIRST   
  NO.   NAME      VALUE            ERROR          SIZE      DERIVATIVE 
   1  p0           5.59579e+05   4.71661e+03   0.00000e+00  -6.28561e-04
   2  p1           5.64798e-01   1.51782e-03  -0.00000e+00  -1.91839e+03
   3  p2          -9.57889e-05   1.36279e-04  -0.00000e+00  -5.01803e+00
   4  p3           9.99713e-04   7.70665e-08  -0.00000e+00  -2.53717e+04
                               ERR DEF= 0.5
 EXTERNAL ERROR MATRIX.    NDIM=  25    NPAR=  4    ERR DEF=0.5
  2.225e+07 -7.159e+00 -6.018e-01 -1.081e-04 
 -7.159e+00  2.304e-06  1.937e-07  3.479e-11 
 -6.018e-01  1.937e-07  1.857e-08  5.844e-12 
 -1.081e-04  3.479e-11  5.844e-12  5.939e-15 
ERR MATRIX APPROXIMATE
 PARAMETER  CORRELATION COEFFICIENTS  
       NO.  GLOBAL      1      2      3      4
        1  1.00000   1.000 -1.000 -0.936 -0.297
        2  1.00000  -1.000  1.000  0.937  0.297
        3  0.99760  -0.936  0.937  1.000  0.556
        4  0.97335  -0.297  0.297  0.556  1.000
 ERR MATRIX APPROXIMATE
 FCN=99.1634 FROM MIGRAD    STATUS=FAILED        199 CALLS         200 TOTAL
                     EDM=0.000190589    STRATEGY= 1  ERROR MATRIX UNCERTAINTY  29.6 per cent
  EXT PARAMETER                  PARABOLIC         MINOS ERRORS        
  NO.   NAME      VALUE            ERROR      NEGATIVE      POSITIVE   
   1  p0           5.59579e+05   4.71661e+03                            
   2  p1           5.64798e-01   1.51782e-03                            
   3  p2          -9.57889e-05   1.36279e-04                            
   4  p3           9.99713e-04   7.70665e-08                            
                               ERR DEF= 0.5
 **********
 **    7 **SET PRINT           2
 **********
 **********
 **    8 **SET NOGRAD
 **********
 PARAMETER DEFINITIONS:
    NO.   NAME         VALUE      STEP SIZE      LIMITS
     1 p0           5.59579e+05  4.71661e+03     no limits
     2 p1           5.64798e-01  1.51782e-03     no limits
     3 p2          -9.57889e-05  1.36279e-04     no limits
     4 p3           9.99713e-04  7.70665e-08     no limits
 **********
 **    9 **SET ERR         0.5
 **********
 **********
 **   10 **SET PRINT           2
 **********
 **********
 **   11 **SET STR           1
 **********
 NOW USING STRATEGY  1: TRY TO BALANCE SPEED AGAINST RELIABILITY
 **********
 **   12 **MIGRAD        1480        0.01
 **********
 FIRST CALL TO USER FUNCTION AT NEW START POINT, WITH IFLAG=4.
 START MIGRAD MINIMIZATION.  STRATEGY  1.  CONVERGENCE WHEN EDM .LT. 1.00e-05
 FCN=99.1634 FROM MIGRAD    STATUS=INITIATE       18 CALLS          19 TOTAL
                     EDM= unknown      STRATEGY= 1      NO ERROR MATRIX       
  EXT PARAMETER               CURRENT GUESS       STEP         FIRST   
  NO.   NAME      VALUE            ERROR          SIZE      DERIVATIVE 
   1  p0           5.59579e+05   4.71661e+03   4.71661e+03  -6.20186e-04
   2  p1           5.64798e-01   1.51782e-03   1.51782e-03  -1.92618e+03
   3  p2          -9.57889e-05   1.36279e-04   1.36279e-04  -1.83539e+00
   4  p3           9.99713e-04   7.70665e-08   7.70665e-08  -2.53717e+04
                               ERR DEF= 0.5
NO ERROR MATRIX       
 FCN=99.1634 FROM MIGRAD    STATUS=PROGRESS       28 CALLS          29 TOTAL
                     EDM=7.36285e-06    STRATEGY= 1      NO ERROR MATRIX       
  EXT PARAMETER               CURRENT GUESS       STEP         FIRST   
  NO.   NAME      VALUE            ERROR          SIZE      DERIVATIVE 
   1  p0           5.59579e+05   4.71661e+03   7.56607e-03  -5.34426e-06
   2  p1           5.64798e-01   1.51782e-03   2.42473e-09  -2.10372e+01
   3  p2          -9.57864e-05   1.36279e-04   2.43491e-09  -3.58434e+01
   4  p3           9.99713e-04   7.70665e-08   4.32036e-11   1.17697e+03
                               ERR DEF= 0.5
 MIGRAD MINIMIZATION HAS CONVERGED.
 MIGRAD WILL VERIFY CONVERGENCE AND ERROR MATRIX.
   START COVARIANCE MATRIX CALCULATION.
 EIGENVALUES OF SECOND-DERIVATIVE MATRIX:
         8.2322e-04  3.8192e-01  8.9790e-01  2.7194e+00
 COVARIANCE MATRIX CALCULATED SUCCESSFULLY
 FCN=99.1634 FROM MIGRAD    STATUS=CONVERGED      78 CALLS          79 TOTAL
                     EDM=8.35672e-06    STRATEGY= 1      ERROR MATRIX ACCURATE 
  EXT PARAMETER                                   STEP         FIRST   
  NO.   NAME      VALUE            ERROR          SIZE      DERIVATIVE 
   1  p0           5.59579e+05   1.26258e+02   2.66828e-01  -9.08388e-06
   2  p1           5.64798e-01   4.06386e-05   2.69317e-07  -5.33142e+01
   3  p2          -9.56746e-05   6.96754e-05   3.67003e-07   4.39976e+01
   4  p3           9.99713e-04   7.44272e-08   4.76700e-10  -1.23805e+04
                               ERR DEF= 0.5
 EXTERNAL ERROR MATRIX.    NDIM=  25    NPAR=  4    ERR DEF=0.5
  1.594e+04 -5.125e-03  7.236e-04  2.287e-06 
 -5.125e-03  1.651e-09 -1.623e-10 -7.376e-13 
  7.236e-04 -1.623e-10  4.855e-09  2.441e-12 
  2.287e-06 -7.376e-13  2.441e-12  5.539e-15 
 PARAMETER  CORRELATION COEFFICIENTS  
       NO.  GLOBAL      1      2      3      4
        1  0.99918   1.000 -0.999  0.082  0.243
        2  0.99918  -0.999  1.000 -0.057 -0.244
        3  0.69381   0.082 -0.057  1.000  0.471
        4  0.58594   0.243 -0.244  0.471  1.000
 EXTERNAL ERROR MATRIX.    NDIM=   4    NPAR=  4    ERR DEF=0.5
  1.594e+04 -5.125e-03  7.236e-04  2.287e-06 
 -5.125e-03  1.651e-09 -1.623e-10 -7.376e-13 
  7.236e-04 -1.623e-10  4.855e-09  2.441e-12 
  2.287e-06 -7.376e-13  2.441e-12  5.539e-15 
 FCN=99.1634 FROM MIGRAD    STATUS=CONVERGED      78 CALLS          79 TOTAL
                     EDM=8.35672e-06    STRATEGY= 1      ERROR MATRIX ACCURATE 
  EXT PARAMETER                  PARABOLIC         MINOS ERRORS        
  NO.   NAME      VALUE            ERROR      NEGATIVE      POSITIVE   
   1  p0           5.59579e+05   1.26258e+02                            
   2  p1           5.64798e-01   4.06386e-05                            
   3  p2          -9.56746e-05   6.96754e-05                            
   4  p3           9.99713e-04   7.44272e-08                            
                               ERR DEF= 0.5
------------------------------------------
Enering ROOFIt-------
 PARAMETER DEFINITIONS:
    NO.   NAME         VALUE      STEP SIZE      LIMITS
     1 norm         5.59579e+05  1.00000e-01     no limits
     2 Q            5.65000e-01  1.00000e-01     no limits
     3 theta        0.00000e+00  1.00000e-01     no limits
     4 pileup       9.99713e-04  1.00000e-01     no limits
 **********
 **    1 **MIGRAD
 **********
 FIRST CALL TO USER FUNCTION AT NEW START POINT, WITH IFLAG=4.
 START MIGRAD MINIMIZATION.  STRATEGY  1.  CONVERGENCE WHEN EDM .LT. 1.00e-04
 FCN=-2.37861e+11 FROM MIGRAD    STATUS=INITIATE       16 CALLS          17 TOTAL
                     EDM= unknown      STRATEGY= 1      NO ERROR MATRIX       
  EXT PARAMETER               CURRENT GUESS       STEP         FIRST   
  NO.   NAME      VALUE            ERROR          SIZE      DERIVATIVE 
   1  norm         5.59579e+05   1.00000e-01   1.00000e-01   2.36648e+01
   2  Q            5.65000e-01   1.00000e-01   1.00000e-01   3.67442e+08
   3  theta        0.00000e+00   1.00000e-01   1.00000e-01  -1.33392e+06
   4  pileup       9.99713e-04   1.00000e-01   1.00000e-01  -9.17211e+11
 MIGRAD FAILS TO FIND IMPROVEMENT
 EIGENVALUES OF SECOND-DERIVATIVE MATRIX:
        -2.1192e-04  3.8491e-01  9.1694e-01  2.6984e+00
 MINUIT WARNING IN HESSE   
 ============== MATRIX FORCED POS-DEF BY ADDING 0.002910 TO DIAGONAL.
 FCN=-2.37861e+11 FROM HESSE     STATUS=NOT POSDEF     27 CALLS          55 TOTAL
                     EDM=914373    STRATEGY= 1      ERR MATRIX NOT POS-DEF
  EXT PARAMETER                APPROXIMATE        STEP         FIRST   
  NO.   NAME      VALUE            ERROR          SIZE      DERIVATIVE 
   1  norm         5.59579e+05   6.90793e+01   2.66828e+00   2.36647e+01
   2  Q            5.65000e-01   6.52824e-06   1.00000e-03   7.36684e+07
   3  theta        0.00000e+00   5.76044e-04   1.85049e-02  -1.34888e+06
   4  pileup       9.99713e-04   9.23083e-08   1.00000e-02   6.54325e+08
 MIGRAD FAILS TO FIND IMPROVEMENT
 MACHINE ACCURACY LIMITS FURTHER IMPROVEMENT.
 MIGRAD MINIMIZATION HAS CONVERGED.
 MIGRAD WILL VERIFY CONVERGENCE AND ERROR MATRIX.
 EIGENVALUES OF SECOND-DERIVATIVE MATRIX:
        -7.1899e-04  3.6655e-01  8.5024e-01  2.7839e+00
 MINUIT WARNING IN HESSE   
 ============== MATRIX FORCED POS-DEF BY ADDING 0.003503 TO DIAGONAL.
 MIGRAD TERMINATED WITHOUT CONVERGENCE.
 FCN=-2.37861e+11 FROM MIGRAD    STATUS=FAILED        326 CALLS         327 TOTAL
                     EDM=2.1869    STRATEGY= 1      ERR MATRIX NOT POS-DEF
  EXT PARAMETER                APPROXIMATE        STEP         FIRST   
  NO.   NAME      VALUE            ERROR          SIZE      DERIVATIVE 
   1  norm         5.58822e+05   9.60755e+01   1.72537e+03  -1.16088e-01
   2  Q            5.65041e-01   3.15998e-05   9.73390e-05  -3.56839e+05
   3  theta       -5.21284e-05   1.19351e-04   1.85476e-02  -1.36063e+03
   4  pileup       9.99806e-04   1.05017e-07   2.09861e-05   1.72758e+07
 EXTERNAL ERROR MATRIX.    NDIM=  25    NPAR=  4    ERR DEF=1
  9.231e+03 -3.022e-03 -3.966e-03 -1.461e-06 
 -3.022e-03  9.986e-10  1.492e-09  4.780e-13 
 -3.966e-03  1.492e-09  1.424e-08  5.702e-12 
 -1.461e-06  4.780e-13  5.702e-12  1.103e-14 
ERR MATRIX NOT POS-DEF
 PARAMETER  CORRELATION COEFFICIENTS  
       NO.  GLOBAL      1      2      3      4
        1  0.99716   1.000 -0.995 -0.346 -0.145
        2  0.99729  -0.995  1.000  0.395  0.144
        3  0.75870  -0.346  0.395  1.000  0.455
        4  0.54615  -0.145  0.144  0.455  1.000
 ERR MATRIX NOT POS-DEF
 **********
 **    2 **MIGRAD 
 **********
 START MIGRAD MINIMIZATION.  STRATEGY  1.  CONVERGENCE WHEN EDM .LT. 1.00e-04
 FCN=-2.37861e+11 FROM MIGRAD    STATUS=INITIATE        8 CALLS         335 TOTAL
                     EDM=1.06979    STRATEGY= 1      ERR MATRIX NOT POS-DEF
  EXT PARAMETER                APPROXIMATE        STEP         FIRST   
  NO.   NAME      VALUE            ERROR          SIZE      DERIVATIVE 
   1  norm         5.58822e+05   9.60755e+01   1.72537e+03  -1.26326e-01
   2  Q            5.65041e-01   3.15998e-05   9.73390e-05  -3.56442e+05
   3  theta       -5.21284e-05   1.19351e-04   1.85476e-02   1.10603e+03
   4  pileup       9.99806e-04   1.05017e-07   2.09861e-05   1.27654e+07
 MINUIT WARNING IN MIGRAD  
 ============== Negative diagonal element 2 in Error Matrix
 MINUIT WARNING IN MIGRAD  
 ============== 1 added to diagonal of error matrix
 MIGRAD FAILS TO FIND IMPROVEMENT
 EIGENVALUES OF SECOND-DERIVATIVE MATRIX:
        -2.2673e-01  4.1104e-01  6.7530e-01  3.1404e+00
 MINUIT WARNING IN HESSE   
 ============== MATRIX FORCED POS-DEF BY ADDING 0.229866 TO DIAGONAL.
 FCN=-2.37861e+11 FROM HESSE     STATUS=NOT POSDEF     31 CALLS         390 TOTAL
                     EDM=8.44924    STRATEGY= 1      ERR MATRIX NOT POS-DEF
  EXT PARAMETER                APPROXIMATE        STEP         FIRST   
  NO.   NAME      VALUE            ERROR          SIZE      DERIVATIVE 
   1  norm         5.58878e+05   2.10783e+01   1.72538e+03   2.93634e-03
   2  Q            5.65024e-01   5.47297e-06   5.55011e-04   1.21886e+04
   3  theta       -8.10392e-05   8.75887e-04   1.85479e-02  -5.93835e+03
   4  pileup       9.99726e-04   1.58679e-07   2.09874e-05   4.72861e+06
 MINUIT WARNING IN MIGRAD  
 ============== Negative diagonal element 2 in Error Matrix
 MINUIT WARNING IN MIGRAD  
 ============== 1 added to diagonal of error matrix
 MIGRAD FAILS TO FIND IMPROVEMENT
 MIGRAD TERMINATED WITHOUT CONVERGENCE.
 FCN=-2.37861e+11 FROM MIGRAD    STATUS=FAILED        100 CALLS         427 TOTAL
                     EDM=1.77263e+06    STRATEGY= 1      ERR MATRIX NOT POS-DEF
  EXT PARAMETER                APPROXIMATE        STEP         FIRST   
  NO.   NAME      VALUE            ERROR          SIZE      DERIVATIVE 
   1  norm         5.58878e+05   7.63538e+00  -0.00000e+00  -6.71702e-02
   2  Q            5.65024e-01   1.00000e+00  -0.00000e+00   1.93604e+09
   3  theta       -6.31133e-05   1.00000e+00  -0.00000e+00   1.36371e+04
   4  pileup       9.99725e-04   1.00000e+00   0.00000e+00  -2.56429e+07
 EXTERNAL ERROR MATRIX.    NDIM=  25    NPAR=  4    ERR DEF=1
  5.830e+01 -6.781e-10  2.933e-04 -5.393e-08 
 -6.781e-10  1.000e+00  1.127e-14  5.360e-17 
  2.933e-04  1.127e-14  1.000e+00  3.887e-12 
 -5.393e-08  5.360e-17  3.887e-12  1.000e+00 
ERR MATRIX NOT POS-DEF
 PARAMETER  CORRELATION COEFFICIENTS  
       NO.  GLOBAL      1      2      3      4
        1  0.00004   1.000 -0.000  0.000 -0.000
        2  0.00000  -0.000  1.000  0.000  0.000
        3  0.00004   0.000  0.000  1.000  0.000
        4  0.00000  -0.000  0.000  0.000  1.000
 ERR MATRIX NOT POS-DEF
status of the fit-----000------4
1  558878
2  0.565024
3  -6.31133e-05
4  0.000999725
 PARAMETER DEFINITIONS:
    NO.   NAME         VALUE      STEP SIZE      LIMITS
     1 norm         5.58878e+05  1.00000e-01     no limits
     2 Q            5.65024e-01  1.00000e-01     no limits
     3 theta       -6.31133e-05  1.00000e-01     no limits
     4 pileup       9.99725e-04  1.00000e-01     no limits
 **********
 **    3 **MIGRAD
 **********
 FIRST CALL TO USER FUNCTION AT NEW START POINT, WITH IFLAG=4.
 START MIGRAD MINIMIZATION.  STRATEGY  1.  CONVERGENCE WHEN EDM .LT. 1.00e-04
 FCN=-2.37861e+11 FROM MIGRAD    STATUS=INITIATE       16 CALLS         444 TOTAL
                     EDM= unknown      STRATEGY= 1      NO ERROR MATRIX       
  EXT PARAMETER               CURRENT GUESS       STEP         FIRST   
  NO.   NAME      VALUE            ERROR          SIZE      DERIVATIVE 
   1  norm         5.58878e+05   1.00000e-01   1.00000e-01  -2.55941e-03
   2  Q            5.65024e-01   1.00000e-01   1.00000e-01   6.40368e+06
   3  theta       -6.31133e-05   1.00000e-01   1.00000e-01   1.36209e+04
   4  pileup       9.99725e-04   1.00000e-01   1.00000e-01  -9.18046e+11
 MIGRAD FAILS TO FIND IMPROVEMENT
 COVARIANCE MATRIX CALCULATED SUCCESSFULLY
 FCN=-2.37861e+11 FROM HESSE     STATUS=OK             29 CALLS         484 TOTAL
                     EDM=2.0921    STRATEGY= 1      ERROR MATRIX ACCURATE 
  EXT PARAMETER                                   STEP         FIRST   
  NO.   NAME      VALUE            ERROR          SIZE      DERIVATIVE 
   1  norm         5.58878e+05   2.08191e+02   2.66494e+00  -2.74836e-03
   2  Q            5.65024e-01   1.98859e-05   1.00000e-03  -5.75771e+03
   3  theta       -6.31133e-05   1.74107e-03   1.85263e-02  -1.92072e+03
   4  pileup       9.99725e-04   9.24472e-08   1.00000e-02   2.25105e+06
 MIGRAD FAILS TO FIND IMPROVEMENT
 MACHINE ACCURACY LIMITS FURTHER IMPROVEMENT.
 MIGRAD MINIMIZATION HAS CONVERGED.
 MIGRAD WILL VERIFY CONVERGENCE AND ERROR MATRIX.
 EIGENVALUES OF SECOND-DERIVATIVE MATRIX:
        -7.2448e-04  3.6659e-01  8.5022e-01  2.7839e+00
 MINUIT WARNING IN HESSE   
 ============== MATRIX FORCED POS-DEF BY ADDING 0.003508 TO DIAGONAL.
 MIGRAD TERMINATED WITHOUT CONVERGENCE.
 FCN=-2.37861e+11 FROM MIGRAD    STATUS=FAILED        229 CALLS         657 TOTAL
                     EDM=0.027949    STRATEGY= 1      ERR MATRIX NOT POS-DEF
  EXT PARAMETER                APPROXIMATE        STEP         FIRST   
  NO.   NAME      VALUE            ERROR          SIZE      DERIVATIVE 
   1  norm         5.58879e+05   9.60785e+01   1.72554e+03  -5.11406e-03
   2  Q            5.65024e-01   3.16005e-05   9.57657e-05  -1.36821e+04
   3  theta       -5.53804e-05   1.19364e-04   1.85355e-02  -2.69419e+02
   4  pileup       9.99726e-04   1.05018e-07   2.09849e-05   2.17127e+06
 EXTERNAL ERROR MATRIX.    NDIM=  25    NPAR=  4    ERR DEF=1
  9.231e+03 -3.022e-03 -3.987e-03 -1.470e-06 
 -3.022e-03  9.986e-10  1.499e-09  4.811e-13 
 -3.987e-03  1.499e-09  1.425e-08  5.704e-12 
 -1.470e-06  4.811e-13  5.704e-12  1.103e-14 
ERR MATRIX NOT POS-DEF
 PARAMETER  CORRELATION COEFFICIENTS  
       NO.  GLOBAL      1      2      3      4
        1  0.99716   1.000 -0.995 -0.348 -0.146
        2  0.99729  -0.995  1.000  0.397  0.145
        3  0.75913  -0.348  0.397  1.000  0.455
        4  0.54624  -0.146  0.145  0.455  1.000
 ERR MATRIX NOT POS-DEF
 **********
 **    4 **MIGRAD 
 **********
 START MIGRAD MINIMIZATION.  STRATEGY  1.  CONVERGENCE WHEN EDM .LT. 1.00e-04
 FCN=-2.37861e+11 FROM MIGRAD    STATUS=INITIATE        8 CALLS         665 TOTAL
                     EDM=0.323697    STRATEGY= 1      ERR MATRIX NOT POS-DEF
  EXT PARAMETER                APPROXIMATE        STEP         FIRST   
  NO.   NAME      VALUE            ERROR          SIZE      DERIVATIVE 
   1  norm         5.58879e+05   9.60785e+01   1.72554e+03  -1.53519e-02
   2  Q            5.65024e-01   3.16005e-05   9.57657e-05  -1.32957e+04
   3  theta       -5.53804e-05   1.19364e-04   1.85355e-02   2.19877e+03
   4  pileup       9.99726e-04   1.05018e-07   2.09849e-05  -2.33966e+06
 MINUIT WARNING IN MIGRAD  
 ============== Negative diagonal element 2 in Error Matrix
 MINUIT WARNING IN MIGRAD  
 ============== 1 added to diagonal of error matrix
 MIGRAD FAILS TO FIND IMPROVEMENT
 EIGENVALUES OF SECOND-DERIVATIVE MATRIX:
        -2.0604e-01  4.1600e-01  6.7457e-01  3.1155e+00
 MINUIT WARNING IN HESSE   
 ============== MATRIX FORCED POS-DEF BY ADDING 0.209155 TO DIAGONAL.
 FCN=-2.37861e+11 FROM HESSE     STATUS=NOT POSDEF     31 CALLS         723 TOTAL
                     EDM=0.36843    STRATEGY= 1      ERR MATRIX NOT POS-DEF
  EXT PARAMETER                APPROXIMATE        STEP         FIRST   
  NO.   NAME      VALUE            ERROR          SIZE      DERIVATIVE 
   1  norm         5.58885e+05   1.94673e+01   1.72555e+03  -3.97067e-03
   2  Q            5.65022e-01   5.43456e-06   5.55001e-04  -1.01056e+04
   3  theta       -5.91768e-05   8.89641e-04   1.85358e-02  -1.01715e+03
   4  pileup       9.99726e-04   1.53442e-07   2.09862e-05   2.48711e+06
 MINUIT WARNING IN MIGRAD  
 ============== Negative diagonal element 2 in Error Matrix
 MINUIT WARNING IN MIGRAD  
 ============== 1 added to diagonal of error matrix
 MIGRAD FAILS TO FIND IMPROVEMENT
 MIGRAD TERMINATED WITHOUT CONVERGENCE.
 FCN=-2.37861e+11 FROM MIGRAD    STATUS=FAILED        102 CALLS         759 TOTAL
                     EDM=1.31844e+06    STRATEGY= 1      ERR MATRIX NOT POS-DEF
  EXT PARAMETER                APPROXIMATE        STEP         FIRST   
  NO.   NAME      VALUE            ERROR          SIZE      DERIVATIVE 
   1  norm         5.58886e+05   7.72156e+00   0.00000e+00  -6.46601e-02
   2  Q            5.65022e-01   1.00000e+00  -0.00000e+00   1.76568e+09
   3  theta       -5.91765e-05   1.00000e+00  -0.00000e+00   1.45617e+04
   4  pileup       9.99723e-04   1.00000e+00   0.00000e+00  -2.64282e+07
 EXTERNAL ERROR MATRIX.    NDIM=  25    NPAR=  4    ERR DEF=1
  5.962e+01 -4.340e-10  2.931e-04 -9.928e-09 
 -4.340e-10  1.000e+00  7.251e-15  2.232e-17 
  2.931e-04  7.251e-15  1.000e+00  4.049e-12 
 -9.928e-09  2.232e-17  4.049e-12  1.000e+00 
ERR MATRIX NOT POS-DEF
 PARAMETER  CORRELATION COEFFICIENTS  
       NO.  GLOBAL      1      2      3      4
        1  0.00004   1.000 -0.000  0.000 -0.000
        2  0.00000  -0.000  1.000  0.000  0.000
        3  0.00004   0.000  0.000  1.000  0.000
        4  0.00000  -0.000  0.000  0.000  1.000
 ERR MATRIX NOT POS-DEF
status of the fit-----000------4
1  558886
2  0.565022
3  -5.91765e-05
4  0.000999723
 PARAMETER DEFINITIONS:
    NO.   NAME         VALUE      STEP SIZE      LIMITS
     1 norm         5.58886e+05  1.00000e-01     no limits
     2 Q            5.65022e-01  1.00000e-01     no limits
     3 theta       -5.91765e-05  1.00000e-01     no limits
     4 pileup       9.99723e-04  1.00000e-01     no limits
 **********
 **    5 **MIGRAD
 **********
 FIRST CALL TO USER FUNCTION AT NEW START POINT, WITH IFLAG=4.
 START MIGRAD MINIMIZATION.  STRATEGY  1.  CONVERGENCE WHEN EDM .LT. 1.00e-04
 FCN=-2.37861e+11 FROM MIGRAD    STATUS=INITIATE       16 CALLS         776 TOTAL
                     EDM= unknown      STRATEGY= 1      NO ERROR MATRIX       
  EXT PARAMETER               CURRENT GUESS       STEP         FIRST   
  NO.   NAME      VALUE            ERROR          SIZE      DERIVATIVE 
   1  norm         5.58886e+05   1.00000e-01   1.00000e-01  -6.87082e-05
   2  Q            5.65022e-01   1.00000e-01   1.00000e-01   6.34169e+06
   3  theta       -5.91765e-05   1.00000e-01   1.00000e-01   1.45456e+04
   4  pileup       9.99723e-04   1.00000e-01   1.00000e-01  -9.18046e+11
 MIGRAD FAILS TO FIND IMPROVEMENT
 COVARIANCE MATRIX CALCULATED SUCCESSFULLY
 FCN=-2.37861e+11 FROM HESSE     STATUS=OK             29 CALLS         816 TOTAL
                     EDM=1.11607    STRATEGY= 1      ERROR MATRIX ACCURATE 
  EXT PARAMETER                                   STEP         FIRST   
  NO.   NAME      VALUE            ERROR          SIZE      DERIVATIVE 
   1  norm         5.58886e+05   2.62584e+02   2.66497e+00  -1.14514e-04
   2  Q            5.65022e-01   2.50716e-05   1.00000e-03   1.77886e+03
   3  theta       -5.91765e-05   2.19233e-03   1.85247e-02  -9.97111e+02
   4  pileup       9.99723e-04   9.24543e-08   1.00000e-02   1.46601e+06
 MINUIT WARNING IN MIGRAD  
 ============== Negative diagonal element 1 in Error Matrix
 MINUIT WARNING IN MIGRAD  
 ============== Negative diagonal element 2 in Error Matrix
 MINUIT WARNING IN MIGRAD  
 ============== Negative diagonal element 3 in Error Matrix
 MINUIT WARNING IN MIGRAD  
 ============== 2.01964 added to diagonal of error matrix
 MIGRAD FAILS TO FIND IMPROVEMENT
 MACHINE ACCURACY LIMITS FURTHER IMPROVEMENT.
 MIGRAD MINIMIZATION HAS CONVERGED.
 MIGRAD WILL VERIFY CONVERGENCE AND ERROR MATRIX.
 EIGENVALUES OF SECOND-DERIVATIVE MATRIX:
        -7.2502e-04  3.6660e-01  8.5021e-01  2.7839e+00
 MINUIT WARNING IN HESSE   
 ============== MATRIX FORCED POS-DEF BY ADDING 0.003509 TO DIAGONAL.
 MIGRAD TERMINATED WITHOUT CONVERGENCE.
 FCN=-2.37861e+11 FROM MIGRAD    STATUS=FAILED        190 CALLS         950 TOTAL
                     EDM=0.0180222    STRATEGY= 1      ERR MATRIX NOT POS-DEF
  EXT PARAMETER                APPROXIMATE        STEP         FIRST   
  NO.   NAME      VALUE            ERROR          SIZE      DERIVATIVE 
   1  norm         5.58886e+05   9.60788e+01   1.72557e+03  -1.34631e-03
   2  Q            5.65022e-01   3.16006e-05   9.56434e-05  -2.12744e+03
   3  theta       -5.46957e-05   1.19366e-04   1.85339e-02  -5.10439e+01
   4  pileup       9.99724e-04   1.05019e-07   2.09848e-05   1.65185e+06
 EXTERNAL ERROR MATRIX.    NDIM=  25    NPAR=  4    ERR DEF=1
  9.231e+03 -3.022e-03 -3.990e-03 -1.471e-06 
 -3.022e-03  9.986e-10  1.500e-09  4.815e-13 
 -3.990e-03  1.500e-09  1.425e-08  5.705e-12 
 -1.471e-06  4.815e-13  5.705e-12  1.103e-14 
ERR MATRIX NOT POS-DEF
 PARAMETER  CORRELATION COEFFICIENTS  
       NO.  GLOBAL      1      2      3      4
        1  0.99716   1.000 -0.995 -0.348 -0.146
        2  0.99729  -0.995  1.000  0.398  0.145
        3  0.75919  -0.348  0.398  1.000  0.455
        4  0.54625  -0.146  0.145  0.455  1.000
 ERR MATRIX NOT POS-DEF
 **********
 **    6 **MIGRAD 
 **********
 START MIGRAD MINIMIZATION.  STRATEGY  1.  CONVERGENCE WHEN EDM .LT. 1.00e-04
 FCN=-2.37861e+11 FROM MIGRAD    STATUS=INITIATE        8 CALLS         958 TOTAL
                     EDM=0.333055    STRATEGY= 1      ERR MATRIX NOT POS-DEF
  EXT PARAMETER                APPROXIMATE        STEP         FIRST   
  NO.   NAME      VALUE            ERROR          SIZE      DERIVATIVE 
   1  norm         5.58886e+05   9.60788e+01   1.72557e+03  -1.15833e-02
   2  Q            5.65022e-01   3.16006e-05   9.56434e-05  -1.74375e+03
   3  theta       -5.46957e-05   1.19366e-04   1.85339e-02   2.41724e+03
   4  pileup       9.99724e-04   1.05019e-07   2.09848e-05  -2.85915e+06
 MINUIT WARNING IN MIGRAD  
 ============== Negative diagonal element 2 in Error Matrix
 MINUIT WARNING IN MIGRAD  
 ============== 1 added to diagonal of error matrix
 MIGRAD FAILS TO FIND IMPROVEMENT
 EIGENVALUES OF SECOND-DERIVATIVE MATRIX:
        -1.8312e-01  4.2521e-01  6.7314e-01  3.0848e+00
 MINUIT WARNING IN HESSE   
 ============== MATRIX FORCED POS-DEF BY ADDING 0.186207 TO DIAGONAL.
 FCN=-2.37861e+11 FROM HESSE     STATUS=NOT POSDEF     31 CALLS        1016 TOTAL
                     EDM=0.262059    STRATEGY= 1      ERR MATRIX NOT POS-DEF
  EXT PARAMETER                APPROXIMATE        STEP         FIRST   
  NO.   NAME      VALUE            ERROR          SIZE      DERIVATIVE 
   1  norm         5.58893e+05   1.67799e+01   1.72557e+03  -6.60112e-04
   2  Q            5.65019e-01   5.41648e-06   5.54998e-04   4.17968e+01
   3  theta       -5.88098e-05   9.09975e-04   1.85342e-02  -8.61559e+02
   4  pileup       9.99724e-04   1.47698e-07   2.09862e-05   2.04921e+06
 MINUIT WARNING IN MIGRAD  
 ============== Negative diagonal element 2 in Error Matrix
 MINUIT WARNING IN MIGRAD  
 ============== 1 added to diagonal of error matrix
 MIGRAD FAILS TO FIND IMPROVEMENT
 MIGRAD TERMINATED WITHOUT CONVERGENCE.
 FCN=-2.37861e+11 FROM MIGRAD    STATUS=FAILED        102 CALLS        1052 TOTAL
                     EDM=831888    STRATEGY= 1      ERR MATRIX NOT POS-DEF
  EXT PARAMETER                APPROXIMATE        STEP         FIRST   
  NO.   NAME      VALUE            ERROR          SIZE      DERIVATIVE 
   1  norm         5.58893e+05   7.83588e+00   0.00000e+00  -6.41407e-02
   2  Q            5.65019e-01   1.00000e+00  -0.00000e+00   1.59283e+09
   3  theta       -5.86169e-05   1.00000e+00  -0.00000e+00   1.48483e+04
   4  pileup       9.99722e-04   1.00000e+00   0.00000e+00  -2.67927e+07
 EXTERNAL ERROR MATRIX.    NDIM=  25    NPAR=  4    ERR DEF=1
  6.140e+01 -4.164e-10  3.086e-04  1.488e-09 
 -4.164e-10  1.000e+00  8.103e-15  2.192e-17 
  3.086e-04  8.103e-15  1.000e+00  4.185e-12 
  1.488e-09  2.192e-17  4.185e-12  1.000e+00 
ERR MATRIX NOT POS-DEF
 PARAMETER  CORRELATION COEFFICIENTS  
       NO.  GLOBAL      1      2      3      4
        1  0.00004   1.000 -0.000  0.000  0.000
        2  0.00000  -0.000  1.000  0.000  0.000
        3  0.00004   0.000  0.000  1.000  0.000
        4  0.00000   0.000  0.000  0.000  1.000
 ERR MATRIX NOT POS-DEF
status of the fit-----000------4
1  558893
2  0.565019
3  -5.86169e-05
4  0.000999722
 **********
 **   13 **SET PRINT           2
 **********
 **********
 **   14 **SET NOGRAD
 **********
 PARAMETER DEFINITIONS:
    NO.   NAME         VALUE      STEP SIZE      LIMITS
     1 p0           5.58000e+05  1.67400e+05     no limits
     2 p1           5.65000e-01  1.69500e-01     no limits
     3 p2           0.00000e+00  3.00000e-01     no limits
     4 p3           9.99871e-04  2.99961e-04     no limits
 **********
 **   15 **SET ERR         0.5
 **********
 **********
 **   16 **SET PRINT           2
 **********
 **********
 **   17 **SET STR           1
 **********
 NOW USING STRATEGY  1: TRY TO BALANCE SPEED AGAINST RELIABILITY
 **********
 **   18 **MIGRAD        1480        0.01
 **********
 FIRST CALL TO USER FUNCTION AT NEW START POINT, WITH IFLAG=4.
 START MIGRAD MINIMIZATION.  STRATEGY  1.  CONVERGENCE WHEN EDM .LT. 1.00e-05
 FCN=17621.1 FROM MIGRAD    STATUS=INITIATE       18 CALLS          19 TOTAL
                     EDM= unknown      STRATEGY= 1      NO ERROR MATRIX       
  EXT PARAMETER               CURRENT GUESS       STEP         FIRST   
  NO.   NAME      VALUE            ERROR          SIZE      DERIVATIVE 
   1  p0           5.58000e+05   1.67400e+05   1.67400e+05  -3.66155e+01
   2  p1           5.65000e-01   1.69500e-01   1.69500e-01  -1.13662e+08
   3  p2           0.00000e+00   3.00000e-01   3.00000e-01   2.09125e+06
   4  p3           9.99871e-04   2.99961e-04   2.99961e-04  -9.92365e+08
                               ERR DEF= 0.5
NO ERROR MATRIX       
 FCN=1346.98 FROM MIGRAD    STATUS=PROGRESS       36 CALLS          37 TOTAL
                     EDM=4114.73    STRATEGY= 1      NO ERROR MATRIX       
  EXT PARAMETER               CURRENT GUESS       STEP         FIRST   
  NO.   NAME      VALUE            ERROR          SIZE      DERIVATIVE 
   1  p0           5.58358e+05   1.67400e+05   3.58347e+02  -2.54957e+00
   2  p1           5.65116e-01   1.69500e-01   1.15560e-04  -7.85573e+06
   3  p2          -2.36590e-03   3.00000e-01  -2.36590e-03  -4.83210e+05
   4  p3           1.00131e-03   2.99961e-04   1.43994e-06   5.10918e+08
                               ERR DEF= 0.5
 MIGRAD MINIMIZATION HAS CONVERGED.
 MIGRAD WILL VERIFY CONVERGENCE AND ERROR MATRIX.
   START COVARIANCE MATRIX CALCULATION.
 EIGENVALUES OF SECOND-DERIVATIVE MATRIX:
        -1.1855e-03  4.0490e-01  7.9560e-01  2.8007e+00
 MINUIT WARNING IN HESSE   
 ============== MATRIX FORCED POS-DEF BY ADDING 0.003986 TO DIAGONAL.
 FCN=54.8359 FROM HESSE     STATUS=NOT POSDEF     27 CALLS          97 TOTAL
                     EDM=0.000171324    STRATEGY= 1      ERR MATRIX NOT POS-DEF
  EXT PARAMETER                APPROXIMATE        STEP         FIRST   
  NO.   NAME      VALUE            ERROR          SIZE      DERIVATIVE 
   1  p0           5.58482e+05   6.80636e+01   2.66305e-01   1.28220e-04
   2  p1           5.65155e-01   2.22043e-05   2.69487e-07  -4.35181e+02
   3  p2           1.44824e-05   8.90700e-05   2.51967e-07   1.08226e+02
   4  p3           9.99732e-04   6.96075e-08   4.76709e-10   4.11489e+03
                               ERR DEF= 0.5
 PARAMETER  CORRELATION COEFFICIENTS  
       NO.  GLOBAL      1      2      3      4
        1  0.99717   1.000 -0.995 -0.212 -0.149
        2  0.99725  -0.995  1.000  0.276  0.132
        3  0.71610  -0.212  0.276  1.000  0.191
        4  0.40618  -0.149  0.132  0.191  1.000
 ERR MATRIX NOT POS-DEF
 FCN=54.8352 FROM MIGRAD    STATUS=PROGRESS      109 CALLS         110 TOTAL
                     EDM=0.00141286    STRATEGY= 1      ERR MATRIX NOT POS-DEF
  EXT PARAMETER                APPROXIMATE        STEP         FIRST   
  NO.   NAME      VALUE            ERROR          SIZE      DERIVATIVE 
   1  p0           5.58477e+05   6.80636e+01  -5.48553e+00   9.41680e-05
   2  p1           5.65157e-01   2.22043e-05   1.72240e-06  -4.36739e+02
   3  p2           1.21983e-05   8.90700e-05  -2.28412e-06  -5.32149e+02
   4  p3           9.99732e-04   6.96075e-08   1.57082e-10   2.76956e+05
                               ERR DEF= 0.5
 MIGRAD MINIMIZATION HAS CONVERGED.
 MIGRAD WILL VERIFY CONVERGENCE AND ERROR MATRIX.
   START COVARIANCE MATRIX CALCULATION.
 EIGENVALUES OF SECOND-DERIVATIVE MATRIX:
         1.7169e-03  4.4112e-01  9.2164e-01  2.6355e+00
 COVARIANCE MATRIX CALCULATED SUCCESSFULLY
 MIGRAD TERMINATED WITHOUT CONVERGENCE.
 FCN=54.7481 FROM MIGRAD    STATUS=FAILED        207 CALLS         208 TOTAL
                     EDM=1.26331e-05    STRATEGY= 1      ERR MATRIX APPROXIMATE
  EXT PARAMETER                APPROXIMATE        STEP         FIRST   
  NO.   NAME      VALUE            ERROR          SIZE      DERIVATIVE 
   1  p0           5.57831e+05   8.72122e+01   2.65995e-01   1.65956e-04
   2  p1           5.65366e-01   2.81239e-05   2.69587e-07   5.69426e+02
   3  p2           5.16876e-05   6.17500e-05   2.75216e-07   4.86739e+01
   4  p3           9.99734e-04   7.15795e-08   4.76710e-10  -7.38363e+03
                               ERR DEF= 0.5
 EXTERNAL ERROR MATRIX.    NDIM=  25    NPAR=  4    ERR DEF=0.5
  7.606e+03 -2.447e-03  1.262e-03  2.020e-06 
 -2.447e-03  7.910e-10 -3.546e-10 -6.592e-13 
  1.262e-03 -3.546e-10  3.813e-09  2.058e-12 
  2.020e-06 -6.592e-13  2.058e-12  5.124e-15 
ERR MATRIX APPROXIMATE
 PARAMETER  CORRELATION COEFFICIENTS  
       NO.  GLOBAL      1      2      3      4
        1  0.99829   1.000 -0.998  0.234  0.324
        2  0.99828  -0.998  1.000 -0.204 -0.327
        3  0.66009   0.234 -0.204  1.000  0.466
        4  0.58245   0.324 -0.327  0.466  1.000
 ERR MATRIX APPROXIMATE
 FCN=54.7481 FROM MIGRAD    STATUS=FAILED        207 CALLS         208 TOTAL
                     EDM=1.26331e-05    STRATEGY= 1      ERR MATRIX APPROXIMATE
  EXT PARAMETER                  PARABOLIC         MINOS ERRORS        
  NO.   NAME      VALUE            ERROR      NEGATIVE      POSITIVE   
   1  p0           5.57831e+05   8.72122e+01                            
   2  p1           5.65366e-01   2.81239e-05                            
   3  p2           5.16876e-05   6.17500e-05                            
   4  p3           9.99734e-04   7.15795e-08                            
                               ERR DEF= 0.5
 **********
 **   19 **SET PRINT           2
 **********
 **********
 **   20 **SET NOGRAD
 **********
 PARAMETER DEFINITIONS:
    NO.   NAME         VALUE      STEP SIZE      LIMITS
     1 p0           5.57831e+05  8.72122e+01     no limits
     2 p1           5.65366e-01  2.81239e-05     no limits
     3 p2           5.16876e-05  6.17500e-05     no limits
     4 p3           9.99734e-04  7.15795e-08     no limits
 **********
 **   21 **SET ERR         0.5
 **********
 **********
 **   22 **SET PRINT           2
 **********
 **********
 **   23 **SET STR           1
 **********
 NOW USING STRATEGY  1: TRY TO BALANCE SPEED AGAINST RELIABILITY
 **********
 **   24 **MIGRAD        1480        0.01
 **********
 FIRST CALL TO USER FUNCTION AT NEW START POINT, WITH IFLAG=4.
 START MIGRAD MINIMIZATION.  STRATEGY  1.  CONVERGENCE WHEN EDM .LT. 1.00e-05
 FCN=54.7481 FROM MIGRAD    STATUS=INITIATE       14 CALLS          15 TOTAL
                     EDM= unknown      STRATEGY= 1      NO ERROR MATRIX       
  EXT PARAMETER               CURRENT GUESS       STEP         FIRST   
  NO.   NAME      VALUE            ERROR          SIZE      DERIVATIVE 
   1  p0           5.57831e+05   8.72122e+01   8.72122e+01   1.79674e-04
   2  p1           5.65366e-01   2.81239e-05   2.81239e-05   5.76096e+02
   3  p2           5.16876e-05   6.17500e-05   6.17500e-05   1.23949e+01
   4  p3           9.99734e-04   7.15795e-08   7.15795e-08  -9.96864e+03
                               ERR DEF= 0.5
NO ERROR MATRIX       
 MIGRAD FAILS TO FIND IMPROVEMENT
   START COVARIANCE MATRIX CALCULATION.
 EIGENVALUES OF SECOND-DERIVATIVE MATRIX:
         1.8302e-03  4.0746e-01  9.0102e-01  2.6897e+00
 COVARIANCE MATRIX CALCULATED SUCCESSFULLY
 FCN=54.7481 FROM HESSE     STATUS=OK             29 CALLS          48 TOTAL
                     EDM=1.15502e-05    STRATEGY= 1      ERROR MATRIX ACCURATE 
  EXT PARAMETER                                   STEP         FIRST   
  NO.   NAME      VALUE            ERROR          SIZE      DERIVATIVE 
   1  p0           5.57831e+05   8.47008e+01   2.65995e-01   1.65956e-04
   2  p1           5.65366e-01   2.71649e-05   2.81239e-07   5.69426e+02
   3  p2           5.16876e-05   7.17364e-05   2.79112e-07  -5.89309e+01
   4  p3           9.99734e-04   7.17234e-08   4.76710e-10  -7.38363e+03
                               ERR DEF= 0.5
 PARAMETER  CORRELATION COEFFICIENTS  
       NO.  GLOBAL      1      2      3      4
        1  0.99818   1.000 -0.997  0.315  0.323
        2  0.99816  -0.997  1.000 -0.279 -0.324
        3  0.70886   0.315 -0.279  1.000  0.487
        4  0.58472   0.323 -0.324  0.487  1.000
 MIGRAD FAILS TO FIND IMPROVEMENT
 MIGRAD TERMINATED WITHOUT CONVERGENCE.
 FCN=54.7481 FROM MIGRAD    STATUS=FAILED         53 CALLS          54 TOTAL
                     EDM=1.15502e-05    STRATEGY= 1      ERR MATRIX APPROXIMATE
  EXT PARAMETER                APPROXIMATE        STEP         FIRST   
  NO.   NAME      VALUE            ERROR          SIZE      DERIVATIVE 
   1  p0           5.57831e+05   8.47008e+01   0.00000e+00   1.65956e-04
   2  p1           5.65366e-01   2.71649e-05  -0.00000e+00   5.69426e+02
   3  p2           5.16876e-05   7.17364e-05   0.00000e+00  -5.89309e+01
   4  p3           9.99734e-04   7.17234e-08   0.00000e+00  -7.38363e+03
                               ERR DEF= 0.5
 EXTERNAL ERROR MATRIX.    NDIM=  25    NPAR=  4    ERR DEF=0.5
  7.174e+03 -2.295e-03  1.916e-03  1.962e-06 
 -2.295e-03  7.379e-10 -5.446e-10 -6.319e-13 
  1.916e-03 -5.446e-10  5.146e-09  2.508e-12 
  1.962e-06 -6.319e-13  2.508e-12  5.144e-15 
ERR MATRIX APPROXIMATE
 PARAMETER  CORRELATION COEFFICIENTS  
       NO.  GLOBAL      1      2      3      4
        1  0.99818   1.000 -0.997  0.315  0.323
        2  0.99816  -0.997  1.000 -0.279 -0.324
        3  0.70886   0.315 -0.279  1.000  0.487
        4  0.58472   0.323 -0.324  0.487  1.000
 ERR MATRIX APPROXIMATE
 FCN=54.7481 FROM MIGRAD    STATUS=FAILED         53 CALLS          54 TOTAL
                     EDM=1.15502e-05    STRATEGY= 1      ERR MATRIX APPROXIMATE
  EXT PARAMETER                  PARABOLIC         MINOS ERRORS        
  NO.   NAME      VALUE            ERROR      NEGATIVE      POSITIVE   
   1  p0           5.57831e+05   8.47008e+01                            
   2  p1           5.65366e-01   2.71649e-05                            
   3  p2           5.16876e-05   7.17364e-05                            
   4  p3           9.99734e-04   7.17234e-08                            
                               ERR DEF= 0.5
 **********
 **   25 **SET PRINT           2
 **********
 **********
 **   26 **SET NOGRAD
 **********
 PARAMETER DEFINITIONS:
    NO.   NAME         VALUE      STEP SIZE      LIMITS
     1 p0           5.57831e+05  8.47008e+01     no limits
     2 p1           5.65366e-01  2.71649e-05     no limits
     3 p2           5.16876e-05  7.17364e-05     no limits
     4 p3           9.99734e-04  7.17234e-08     no limits
 **********
 **   27 **SET ERR         0.5
 **********
 **********
 **   28 **SET PRINT           2
 **********
 **********
 **   29 **SET STR           1
 **********
 NOW USING STRATEGY  1: TRY TO BALANCE SPEED AGAINST RELIABILITY
 **********
 **   30 **MIGRAD        1480        0.01
 **********
 FIRST CALL TO USER FUNCTION AT NEW START POINT, WITH IFLAG=4.
 START MIGRAD MINIMIZATION.  STRATEGY  1.  CONVERGENCE WHEN EDM .LT. 1.00e-05
 FCN=54.7481 FROM MIGRAD    STATUS=INITIATE       14 CALLS          15 TOTAL
                     EDM= unknown      STRATEGY= 1      NO ERROR MATRIX       
  EXT PARAMETER               CURRENT GUESS       STEP         FIRST   
  NO.   NAME      VALUE            ERROR          SIZE      DERIVATIVE 
   1  p0           5.57831e+05   8.47008e+01   8.47008e+01   1.79674e-04
   2  p1           5.65366e-01   2.71649e-05   2.71649e-05   5.83095e+02
   3  p2           5.16876e-05   7.17364e-05   7.17364e-05   9.70733e+00
   4  p3           9.99734e-04   7.17234e-08   7.17234e-08  -9.96864e+03
                               ERR DEF= 0.5
NO ERROR MATRIX       
 MIGRAD FAILS TO FIND IMPROVEMENT
   START COVARIANCE MATRIX CALCULATION.
 EIGENVALUES OF SECOND-DERIVATIVE MATRIX:
         2.5751e-03  3.7651e-01  9.5550e-01  2.6654e+00
 COVARIANCE MATRIX CALCULATED SUCCESSFULLY
 FCN=54.7481 FROM HESSE     STATUS=OK             29 CALLS          48 TOTAL
                     EDM=2.60082e-06    STRATEGY= 1      ERROR MATRIX ACCURATE 
  EXT PARAMETER                                   STEP         FIRST   
  NO.   NAME      VALUE            ERROR          SIZE      DERIVATIVE 
   1  p0           5.57831e+05   7.11662e+01   2.65995e-01   1.65956e-04
   2  p1           5.65366e-01   2.29992e-05   2.71649e-07   5.69426e+02
   3  p2           5.16876e-05   6.46102e-05   2.77737e-07  -2.27833e+01
   4  p3           9.99734e-04   7.23495e-08   4.76710e-10  -7.38363e+03
                               ERR DEF= 0.5
 PARAMETER  CORRELATION COEFFICIENTS  
       NO.  GLOBAL      1      2      3      4
        1  0.99742   1.000 -0.996  0.106  0.184
        2  0.99743  -0.996  1.000 -0.068 -0.185
        3  0.68839   0.106 -0.068  1.000  0.516
        4  0.59434   0.184 -0.185  0.516  1.000
 MIGRAD FAILS TO FIND IMPROVEMENT
 MIGRAD MINIMIZATION HAS CONVERGED.
 FCN=54.7481 FROM MIGRAD    STATUS=CONVERGED      52 CALLS          53 TOTAL
                     EDM=2.60082e-06    STRATEGY= 1      ERROR MATRIX ACCURATE 
  EXT PARAMETER                                   STEP         FIRST   
  NO.   NAME      VALUE            ERROR          SIZE      DERIVATIVE 
   1  p0           5.57831e+05   7.11662e+01   0.00000e+00   1.65956e-04
   2  p1           5.65366e-01   2.29992e-05  -0.00000e+00   5.69426e+02
   3  p2           5.16876e-05   6.46102e-05   0.00000e+00  -2.27833e+01
   4  p3           9.99734e-04   7.23495e-08   0.00000e+00  -7.38363e+03
                               ERR DEF= 0.5
 EXTERNAL ERROR MATRIX.    NDIM=  25    NPAR=  4    ERR DEF=0.5
  5.065e+03 -1.631e-03  4.897e-04  9.495e-07 
 -1.631e-03  5.290e-10 -1.010e-10 -3.072e-13 
  4.897e-04 -1.010e-10  4.174e-09  2.411e-12 
  9.495e-07 -3.072e-13  2.411e-12  5.234e-15 
 PARAMETER  CORRELATION COEFFICIENTS  
       NO.  GLOBAL      1      2      3      4
        1  0.99742   1.000 -0.996  0.106  0.184
        2  0.99743  -0.996  1.000 -0.068 -0.185
        3  0.68839   0.106 -0.068  1.000  0.516
        4  0.59434   0.184 -0.185  0.516  1.000
 EXTERNAL ERROR MATRIX.    NDIM=   4    NPAR=  4    ERR DEF=0.5
  5.065e+03 -1.631e-03  4.897e-04  9.495e-07 
 -1.631e-03  5.290e-10 -1.010e-10 -3.072e-13 
  4.897e-04 -1.010e-10  4.174e-09  2.411e-12 
  9.495e-07 -3.072e-13  2.411e-12  5.234e-15 
 FCN=54.7481 FROM MIGRAD    STATUS=CONVERGED      52 CALLS          53 TOTAL
                     EDM=2.60082e-06    STRATEGY= 1      ERROR MATRIX ACCURATE 
  EXT PARAMETER                  PARABOLIC         MINOS ERRORS        
  NO.   NAME      VALUE            ERROR      NEGATIVE      POSITIVE   
   1  p0           5.57831e+05   7.11662e+01                            
   2  p1           5.65366e-01   2.29992e-05                            
   3  p2           5.16876e-05   6.46102e-05                            
   4  p3           9.99734e-04   7.23495e-08                            
                               ERR DEF= 0.5
------------------------------------------
Enering ROOFIt-------
 PARAMETER DEFINITIONS:
    NO.   NAME         VALUE      STEP SIZE      LIMITS
     1 norm         5.57831e+05  1.00000e-01     no limits
     2 Q            5.65000e-01  1.00000e-01     no limits
     3 theta        0.00000e+00  1.00000e-01     no limits
     4 pileup       9.99734e-04  1.00000e-01     no limits
 **********
 **    1 **MIGRAD
 **********
 FIRST CALL TO USER FUNCTION AT NEW START POINT, WITH IFLAG=4.
 START MIGRAD MINIMIZATION.  STRATEGY  1.  CONVERGENCE WHEN EDM .LT. 1.00e-04
 FCN=-2.37864e+11 FROM MIGRAD    STATUS=INITIATE       16 CALLS          17 TOTAL
                     EDM= unknown      STRATEGY= 1      NO ERROR MATRIX       
  EXT PARAMETER               CURRENT GUESS       STEP         FIRST   
  NO.   NAME      VALUE            ERROR          SIZE      DERIVATIVE 
   1  norm         5.57831e+05   1.00000e-01   1.00000e-01  -4.32021e+01
   2  Q            5.65000e-01   1.00000e-01   1.00000e-01  -6.53249e+08
   3  theta        0.00000e+00   1.00000e-01   1.00000e-01   2.49671e+06
   4  pileup       9.99734e-04   1.00000e-01   1.00000e-01  -9.19598e+11
 MINUIT WARNING IN MIGRAD  
 ============== Negative diagonal element 2 in Error Matrix
 MINUIT WARNING IN MIGRAD  
 ============== Negative diagonal element 4 in Error Matrix
 MINUIT WARNING IN MIGRAD  
 ============== 1 added to diagonal of error matrix
 MIGRAD FAILS TO FIND IMPROVEMENT
 MACHINE ACCURACY LIMITS FURTHER IMPROVEMENT.
 MIGRAD MINIMIZATION HAS CONVERGED.
 MIGRAD WILL VERIFY CONVERGENCE AND ERROR MATRIX.
 EIGENVALUES OF SECOND-DERIVATIVE MATRIX:
        -7.2947e-04  3.6664e-01  8.5016e-01  2.7839e+00
 MINUIT WARNING IN HESSE   
 ============== MATRIX FORCED POS-DEF BY ADDING 0.003513 TO DIAGONAL.
 FCN=-2.37864e+11 FROM HESSE     STATUS=NOT POSDEF     29 CALLS         310 TOTAL
                     EDM=0.544159    STRATEGY= 1      ERR MATRIX NOT POS-DEF
  EXT PARAMETER                APPROXIMATE        STEP         FIRST   
  NO.   NAME      VALUE            ERROR          SIZE      DERIVATIVE 
   1  norm         5.58953e+05   9.60822e+01   1.72577e+03   5.64786e-02
   2  Q            5.65003e-01   3.16010e-05   9.41707e-05   1.76599e+05
   3  theta       -5.69743e-05   1.19379e-04   1.85206e-02  -1.55620e+04
   4  pileup       9.99764e-04   1.05029e-07   2.09855e-05   1.34101e+07
 MINUIT WARNING IN MIGRAD  
 ============== Negative diagonal element 2 in Error Matrix
 MINUIT WARNING IN MIGRAD  
 ============== 1 added to diagonal of error matrix
 MIGRAD FAILS TO FIND IMPROVEMENT
 MIGRAD TERMINATED WITHOUT CONVERGENCE.
 FCN=-2.37864e+11 FROM MIGRAD    STATUS=FAILED        345 CALLS         346 TOTAL
                     EDM=7.22012e+07    STRATEGY= 1      ERR MATRIX NOT POS-DEF
  EXT PARAMETER                APPROXIMATE        STEP         FIRST   
  NO.   NAME      VALUE            ERROR          SIZE      DERIVATIVE 
   1  norm         5.58941e+05   9.14838e+00  -0.00000e+00  -6.34991e-02
   2  Q            5.65007e-01   1.00000e+00  -0.00000e+00   5.69000e+08
   3  theta       -5.66394e-06   1.00000e+00  -0.00000e+00   1.64153e+04
   4  pileup       9.99733e-04   1.00000e+00   0.00000e+00  -2.82931e+07
 EXTERNAL ERROR MATRIX.    NDIM=  25    NPAR=  4    ERR DEF=1
  8.369e+01  8.180e-09  5.345e-04  2.022e-08 
  8.180e-09  1.000e+00  1.903e-15  2.970e-16 
  5.345e-04  1.903e-15  1.000e+00  5.433e-12 
  2.022e-08  2.970e-16  5.433e-12  1.000e+00 
ERR MATRIX NOT POS-DEF
 PARAMETER  CORRELATION COEFFICIENTS  
       NO.  GLOBAL      1      2      3      4
        1  0.00006   1.000  0.000  0.000  0.000
        2  0.00000   0.000  1.000  0.000  0.000
        3  0.00006   0.000  0.000  1.000  0.000
        4  0.00000   0.000  0.000  0.000  1.000
 ERR MATRIX NOT POS-DEF
 **********
 **    2 **MIGRAD 
 **********
 START MIGRAD MINIMIZATION.  STRATEGY  1.  CONVERGENCE WHEN EDM .LT. 1.00e-04
 FCN=-2.37864e+11 FROM MIGRAD    STATUS=INITIATE       12 CALLS         358 TOTAL
                     EDM=1.16423e+16    STRATEGY= 1      ERR MATRIX NOT POS-DEF
  EXT PARAMETER                APPROXIMATE        STEP         FIRST   
  NO.   NAME      VALUE            ERROR          SIZE      DERIVATIVE 
   1  norm         5.58941e+05   9.14838e+00  -0.00000e+00  -6.34996e-02
   2  Q            5.65007e-01   1.00000e+00  -0.00000e+00   2.26574e+03
   3  theta       -5.66394e-06   1.00000e+00  -0.00000e+00   1.64135e+04
   4  pileup       9.99733e-04   1.00000e+00   0.00000e+00  -2.82895e+07
 MIGRAD FAILS TO FIND IMPROVEMENT
 EIGENVALUES OF SECOND-DERIVATIVE MATRIX:
        -7.3009e-04  3.6661e-01  8.5016e-01  2.7840e+00
 MINUIT WARNING IN HESSE   
 ============== MATRIX FORCED POS-DEF BY ADDING 0.003514 TO DIAGONAL.
 FCN=-2.37864e+11 FROM HESSE     STATUS=NOT POSDEF     29 CALLS         398 TOTAL
                     EDM=0.0028314    STRATEGY= 1      ERR MATRIX NOT POS-DEF
  EXT PARAMETER                APPROXIMATE        STEP         FIRST   
  NO.   NAME      VALUE            ERROR          SIZE      DERIVATIVE 
   1  norm         5.58941e+05   9.60760e+01   1.72574e+03   1.02013e-03
   2  Q            5.65007e-01   3.16010e-05   9.42773e-05   2.18821e+03
   3  theta       -5.66394e-06   1.19447e-04   1.85234e-02   8.47008e+02
   4  pileup       9.99733e-04   1.05032e-07   2.09849e-05   1.48790e+05
 MINUIT WARNING IN MIGRAD  
 ============== Negative diagonal element 2 in Error Matrix
 MINUIT WARNING IN MIGRAD  
 ============== 1 added to diagonal of error matrix
 MIGRAD FAILS TO FIND IMPROVEMENT
 MIGRAD TERMINATED WITHOUT CONVERGENCE.
 FCN=-2.37864e+11 FROM MIGRAD    STATUS=FAILED         99 CALLS         445 TOTAL
                     EDM=1.05891e+08    STRATEGY= 1      ERR MATRIX NOT POS-DEF
  EXT PARAMETER                APPROXIMATE        STEP         FIRST   
  NO.   NAME      VALUE            ERROR          SIZE      DERIVATIVE 
   1  norm         5.58942e+05   1.49309e+01  -0.00000e+00  -6.45892e-02
   2  Q            5.65007e-01   1.00000e+00  -0.00000e+00   5.69182e+08
   3  theta       -1.18181e-05   1.00000e+00  -0.00000e+00   1.55133e+04
   4  pileup       9.99730e-04   1.00000e+00   0.00000e+00  -2.84428e+07
 EXTERNAL ERROR MATRIX.    NDIM=  25    NPAR=  4    ERR DEF=1
  2.229e+02 -2.768e-08  3.224e-03  6.006e-07 
 -2.768e-08  1.000e+00 -5.377e-13 -1.226e-16 
  3.224e-03 -5.377e-13  1.000e+00  1.456e-11 
  6.006e-07 -1.226e-16  1.456e-11  1.000e+00 
ERR MATRIX NOT POS-DEF
 PARAMETER  CORRELATION COEFFICIENTS  
       NO.  GLOBAL      1      2      3      4
        1  0.00022   1.000 -0.000  0.000  0.000
        2  0.00000  -0.000  1.000 -0.000 -0.000
        3  0.00022   0.000 -0.000  1.000  0.000
        4  0.00000   0.000 -0.000  0.000  1.000
 ERR MATRIX NOT POS-DEF
status of the fit-----000------4
1  558942
2  0.565007
3  -1.18181e-05
4  0.00099973
 PARAMETER DEFINITIONS:
    NO.   NAME         VALUE      STEP SIZE      LIMITS
     1 norm         5.58942e+05  1.00000e-01     no limits
     2 Q            5.65007e-01  1.00000e-01     no limits
     3 theta       -1.18181e-05  1.00000e-01     no limits
     4 pileup       9.99730e-04  1.00000e-01     no limits
 **********
 **    3 **MIGRAD
 **********
 FIRST CALL TO USER FUNCTION AT NEW START POINT, WITH IFLAG=4.
 START MIGRAD MINIMIZATION.  STRATEGY  1.  CONVERGENCE WHEN EDM .LT. 1.00e-04
 FCN=-2.37864e+11 FROM MIGRAD    STATUS=INITIATE       16 CALLS         462 TOTAL
                     EDM= unknown      STRATEGY= 1      NO ERROR MATRIX       
  EXT PARAMETER               CURRENT GUESS       STEP         FIRST   
  NO.   NAME      VALUE            ERROR          SIZE      DERIVATIVE 
   1  norm         5.58942e+05   1.00000e-01   1.00000e-01  -5.72511e-06
   2  Q            5.65007e-01   1.00000e-01   1.00000e-01   6.40392e+06
   3  theta       -1.18181e-05   1.00000e-01   1.00000e-01   1.54971e+04
   4  pileup       9.99730e-04   1.00000e-01   1.00000e-01  -9.18056e+11
 MIGRAD FAILS TO FIND IMPROVEMENT
 COVARIANCE MATRIX CALCULATED SUCCESSFULLY
 FCN=-2.37864e+11 FROM HESSE     STATUS=OK             29 CALLS         502 TOTAL
                     EDM=0.00261917    STRATEGY= 1      ERROR MATRIX ACCURATE 
  EXT PARAMETER                                   STEP         FIRST   
  NO.   NAME      VALUE            ERROR          SIZE      DERIVATIVE 
   1  norm         5.58942e+05   1.79418e+02   2.66524e+00  -5.72511e-05
   2  Q            5.65007e-01   1.71414e-05   1.00000e-03  -1.04344e+03
   3  theta       -1.18181e-05   1.50147e-03   1.85140e-02  -5.36746e+01
   4  pileup       9.99730e-04   9.24437e-08   1.00000e-02  -5.47940e+05
 MIGRAD FAILS TO FIND IMPROVEMENT
 MACHINE ACCURACY LIMITS FURTHER IMPROVEMENT.
 MIGRAD MINIMIZATION HAS CONVERGED.
 MIGRAD WILL VERIFY CONVERGENCE AND ERROR MATRIX.
 COVARIANCE MATRIX CALCULATED SUCCESSFULLY
 MIGRAD TERMINATED WITHOUT CONVERGENCE.
 FCN=-2.37864e+11 FROM MIGRAD    STATUS=FAILED        112 CALLS         558 TOTAL
                     EDM=0.226635    STRATEGY= 1      ERR MATRIX APPROXIMATE
  EXT PARAMETER                APPROXIMATE        STEP         FIRST   
  NO.   NAME      VALUE            ERROR          SIZE      DERIVATIVE 
   1  norm         5.58942e+05   1.39060e+03   5.33048e+00   4.29383e-05
   2  Q            5.65007e-01   4.51597e-04   1.02990e-04  -1.07414e+03
   3  theta       -1.18177e-05   2.93439e-04   7.40558e-03  -7.47426e+01
   4  pileup       9.99730e-04   1.34299e-07   2.14098e-05  -1.14097e+06
 EXTERNAL ERROR MATRIX.    NDIM=  25    NPAR=  4    ERR DEF=1
  1.934e+06 -6.280e-01 -3.779e-01 -1.181e-04 
 -6.280e-01  2.039e-07  1.229e-07  3.835e-11 
 -3.779e-01  1.229e-07  8.611e-08  2.808e-11 
 -1.181e-04  3.835e-11  2.808e-11  1.804e-14 
ERR MATRIX APPROXIMATE
 PARAMETER  CORRELATION COEFFICIENTS  
       NO.  GLOBAL      1      2      3      4
        1  0.99999   1.000 -1.000 -0.926 -0.632
        2  0.99999  -1.000  1.000  0.927  0.632
        3  0.96423  -0.926  0.927  1.000  0.713
        4  0.75464  -0.632  0.632  0.713  1.000
 ERR MATRIX APPROXIMATE
 **********
 **    4 **MIGRAD 
 **********
 START MIGRAD MINIMIZATION.  STRATEGY  1.  CONVERGENCE WHEN EDM .LT. 1.00e-04
 FCN=-2.37864e+11 FROM MIGRAD    STATUS=INITIATE        8 CALLS         566 TOTAL
                     EDM=4.1795    STRATEGY= 1      ERR MATRIX APPROXIMATE
  EXT PARAMETER                APPROXIMATE        STEP         FIRST   
  NO.   NAME      VALUE            ERROR          SIZE      DERIVATIVE 
   1  norm         5.58942e+05   1.39060e+03   5.33048e+00   3.00568e-05
   2  Q            5.65007e-01   4.51597e-04   1.02990e-04  -1.03636e+03
   3  theta       -1.18177e-05   2.93439e-04   7.40558e-03   3.20337e+02
   4  pileup       9.99730e-04   1.34299e-07   2.14098e-05  -2.84392e+07
 MINUIT WARNING IN MIGRAD  
 ============== Negative diagonal element 2 in Error Matrix
 MINUIT WARNING IN MIGRAD  
 ============== 1 added to diagonal of error matrix
 MIGRAD FAILS TO FIND IMPROVEMENT
 EIGENVALUES OF SECOND-DERIVATIVE MATRIX:
        -1.8075e-01  4.2957e-01  6.7212e-01  3.0791e+00
 MINUIT WARNING IN HESSE   
 ============== MATRIX FORCED POS-DEF BY ADDING 0.183832 TO DIAGONAL.
 FCN=-2.37864e+11 FROM HESSE     STATUS=NOT POSDEF     31 CALLS         643 TOTAL
                     EDM=0.103776    STRATEGY= 1      ERR MATRIX NOT POS-DEF
  EXT PARAMETER                APPROXIMATE        STEP         FIRST   
  NO.   NAME      VALUE            ERROR          SIZE      DERIVATIVE 
   1  norm         5.58904e+05   1.57591e+01   1.06610e+03   3.16312e-04
   2  Q            5.65019e-01   5.44029e-06   5.54977e-04   3.00908e+02
   3  theta       -3.26097e-06   9.16119e-04   1.85318e-02   7.71429e+02
   4  pileup       9.99736e-04   1.47368e-07   2.09849e-05   5.53711e+05
 MINUIT WARNING IN MIGRAD  
 ============== Negative diagonal element 2 in Error Matrix
 MINUIT WARNING IN MIGRAD  
 ============== 1 added to diagonal of error matrix
 MIGRAD FAILS TO FIND IMPROVEMENT
 MIGRAD TERMINATED WITHOUT CONVERGENCE.
 FCN=-2.37864e+11 FROM MIGRAD    STATUS=FAILED        123 CALLS         681 TOTAL
                     EDM=1.13547e+06    STRATEGY= 1      ERR MATRIX NOT POS-DEF
  EXT PARAMETER                APPROXIMATE        STEP         FIRST   
  NO.   NAME      VALUE            ERROR          SIZE      DERIVATIVE 
   1  norm         5.58905e+05   7.51756e+00  -0.00000e+00  -5.62162e-02
   2  Q            5.65019e-01   1.00000e+00  -0.00000e+00   1.55232e+09
   3  theta       -7.82491e-06   1.00000e+00  -0.00000e+00   1.50554e+04
   4  pileup       9.99734e-04   1.00000e+00   0.00000e+00  -2.75196e+07
 EXTERNAL ERROR MATRIX.    NDIM=  25    NPAR=  4    ERR DEF=1
  5.651e+01  1.969e-09  3.079e-04  1.544e-07 
  1.969e-09  1.000e+00 -1.898e-15 -9.560e-18 
  3.079e-04 -1.898e-15  1.000e+00  3.581e-12 
  1.544e-07 -9.560e-18  3.581e-12  1.000e+00 
ERR MATRIX NOT POS-DEF
 PARAMETER  CORRELATION COEFFICIENTS  
       NO.  GLOBAL      1      2      3      4
        1  0.00004   1.000  0.000  0.000  0.000
        2  0.00000   0.000  1.000 -0.000 -0.000
        3  0.00004   0.000 -0.000  1.000  0.000
        4  0.00000   0.000 -0.000  0.000  1.000
 ERR MATRIX NOT POS-DEF
status of the fit-----000------4
1  558905
2  0.565019
3  -7.82491e-06
4  0.000999734
 PARAMETER DEFINITIONS:
    NO.   NAME         VALUE      STEP SIZE      LIMITS
     1 norm         5.58905e+05  1.00000e-01     no limits
     2 Q            5.65019e-01  1.00000e-01     no limits
     3 theta       -7.82491e-06  1.00000e-01     no limits
     4 pileup       9.99734e-04  1.00000e-01     no limits
 **********
 **    5 **MIGRAD
 **********
 FIRST CALL TO USER FUNCTION AT NEW START POINT, WITH IFLAG=4.
 START MIGRAD MINIMIZATION.  STRATEGY  1.  CONVERGENCE WHEN EDM .LT. 1.00e-04
 FCN=-2.37864e+11 FROM MIGRAD    STATUS=INITIATE       16 CALLS         698 TOTAL
                     EDM= unknown      STRATEGY= 1      NO ERROR MATRIX       
  EXT PARAMETER               CURRENT GUESS       STEP         FIRST   
  NO.   NAME      VALUE            ERROR          SIZE      DERIVATIVE 
   1  norm         5.58905e+05   1.00000e-01   1.00000e-01   8.41074e-03
   2  Q            5.65019e-01   1.00000e-01   1.00000e-01   6.54049e+06
   3  theta       -7.82491e-06   1.00000e-01   1.00000e-01   1.50393e+04
   4  pileup       9.99734e-04   1.00000e-01   1.00000e-01  -9.18055e+11
 MIGRAD FAILS TO FIND IMPROVEMENT
 COVARIANCE MATRIX CALCULATED SUCCESSFULLY
 FCN=-2.37864e+11 FROM HESSE     STATUS=OK             29 CALLS         738 TOTAL
                     EDM=0.717132    STRATEGY= 1      ERROR MATRIX ACCURATE 
  EXT PARAMETER                                   STEP         FIRST   
  NO.   NAME      VALUE            ERROR          SIZE      DERIVATIVE 
   1  norm         5.58905e+05   1.68430e+02   2.66506e+00   8.27333e-03
   2  Q            5.65019e-01   1.60963e-05   1.00000e-03   2.54814e+04
   3  theta       -7.82491e-06   1.41143e-03   1.85225e-02  -5.05359e+02
   4  pileup       9.99734e-04   9.24427e-08   1.00000e-02   3.75184e+05
 MIGRAD FAILS TO FIND IMPROVEMENT
 MACHINE ACCURACY LIMITS FURTHER IMPROVEMENT.
 MIGRAD MINIMIZATION HAS CONVERGED.
 MIGRAD WILL VERIFY CONVERGENCE AND ERROR MATRIX.
 EIGENVALUES OF SECOND-DERIVATIVE MATRIX:
        -7.2889e-04  3.6660e-01  8.5019e-01  2.7839e+00
 MINUIT WARNING IN HESSE   
 ============== MATRIX FORCED POS-DEF BY ADDING 0.003513 TO DIAGONAL.
 MIGRAD TERMINATED WITHOUT CONVERGENCE.
 FCN=-2.37864e+11 FROM MIGRAD    STATUS=FAILED        191 CALLS         873 TOTAL
                     EDM=0.00246147    STRATEGY= 1      ERR MATRIX NOT POS-DEF
  EXT PARAMETER                APPROXIMATE        STEP         FIRST   
  NO.   NAME      VALUE            ERROR          SIZE      DERIVATIVE 
   1  norm         5.58904e+05   9.60764e+01   1.72562e+03   1.00826e-03
   2  Q            5.65019e-01   3.16002e-05   9.60959e-05   2.82165e+03
   3  theta       -8.70390e-06   1.19411e-04   1.85318e-02  -2.48415e+02
   4  pileup       9.99734e-04   1.05023e-07   2.09849e-05   7.58708e+05
 EXTERNAL ERROR MATRIX.    NDIM=  25    NPAR=  4    ERR DEF=1
  9.231e+03 -3.022e-03 -4.005e-03 -1.476e-06 
 -3.022e-03  9.986e-10  1.504e-09  4.830e-13 
 -4.005e-03  1.504e-09  1.426e-08  5.708e-12 
 -1.476e-06  4.830e-13  5.708e-12  1.103e-14 
ERR MATRIX NOT POS-DEF
 PARAMETER  CORRELATION COEFFICIENTS  
       NO.  GLOBAL      1      2      3      4
        1  0.99716   1.000 -0.995 -0.349 -0.146
        2  0.99729  -0.995  1.000  0.399  0.146
        3  0.75947  -0.349  0.399  1.000  0.455
        4  0.54631  -0.146  0.146  0.455  1.000
 ERR MATRIX NOT POS-DEF
 **********
 **    6 **MIGRAD 
 **********
 START MIGRAD MINIMIZATION.  STRATEGY  1.  CONVERGENCE WHEN EDM .LT. 1.00e-04
 FCN=-2.37864e+11 FROM MIGRAD    STATUS=INITIATE        8 CALLS         881 TOTAL
                     EDM=0.293747    STRATEGY= 1      ERR MATRIX NOT POS-DEF
  EXT PARAMETER                APPROXIMATE        STEP         FIRST   
  NO.   NAME      VALUE            ERROR          SIZE      DERIVATIVE 
   1  norm         5.58904e+05   9.60764e+01   1.72562e+03  -9.22799e-03
   2  Q            5.65019e-01   3.16002e-05   9.60959e-05   3.17098e+03
   3  theta       -8.70390e-06   1.19411e-04   1.85318e-02   2.21995e+03
   4  pileup       9.99734e-04   1.05023e-07   2.09849e-05  -3.75221e+06
 MINUIT WARNING IN MIGRAD  
 ============== Negative diagonal element 2 in Error Matrix
 MINUIT WARNING IN MIGRAD  
 ============== 1 added to diagonal of error matrix
 MIGRAD FAILS TO FIND IMPROVEMENT
 EIGENVALUES OF SECOND-DERIVATIVE MATRIX:
        -1.8075e-01  4.2930e-01  6.7246e-01  3.0790e+00
 MINUIT WARNING IN HESSE   
 ============== MATRIX FORCED POS-DEF BY ADDING 0.183833 TO DIAGONAL.
 FCN=-2.37864e+11 FROM HESSE     STATUS=NOT POSDEF     31 CALLS         946 TOTAL
                     EDM=0.0258895    STRATEGY= 1      ERR MATRIX NOT POS-DEF
  EXT PARAMETER                APPROXIMATE        STEP         FIRST   
  NO.   NAME      VALUE            ERROR          SIZE      DERIVATIVE 
   1  norm         5.58904e+05   1.57649e+01   1.72563e+03   1.00959e-03
   2  Q            5.65019e-01   5.44047e-06   5.54979e-04   2.82495e+03
   3  theta       -8.71531e-06   9.16080e-04   1.85321e-02  -2.51066e+02
   4  pileup       9.99734e-04   1.47419e-07   2.09862e-05   7.60623e+05
 MINUIT WARNING IN MIGRAD  
 ============== Negative diagonal element 2 in Error Matrix
 MINUIT WARNING IN MIGRAD  
 ============== 1 added to diagonal of error matrix
 MIGRAD FAILS TO FIND IMPROVEMENT
 MIGRAD TERMINATED WITHOUT CONVERGENCE.
 FCN=-2.37864e+11 FROM MIGRAD    STATUS=FAILED        124 CALLS         997 TOTAL
                     EDM=844805    STRATEGY= 1      ERR MATRIX NOT POS-DEF
  EXT PARAMETER                APPROXIMATE        STEP         FIRST   
  NO.   NAME      VALUE            ERROR          SIZE      DERIVATIVE 
   1  norm         5.58904e+05   7.81351e+00   0.00000e+00  -6.35259e-02
   2  Q            5.65019e-01   1.00000e+00  -0.00000e+00   1.55228e+09
   3  theta       -8.71024e-06   1.00000e+00  -0.00000e+00   1.53117e+04
   4  pileup       9.99734e-04   1.00000e+00   0.00000e+00  -2.76828e+07
 EXTERNAL ERROR MATRIX.    NDIM=  25    NPAR=  4    ERR DEF=1
  6.105e+01 -1.134e-12  3.144e-04  3.572e-08 
 -1.134e-12  1.000e+00  3.774e-17  5.934e-20 
  3.144e-04  3.774e-17  1.000e+00  3.699e-12 
  3.572e-08  5.934e-20  3.699e-12  1.000e+00 
ERR MATRIX NOT POS-DEF
 PARAMETER  CORRELATION COEFFICIENTS  
       NO.  GLOBAL      1      2      3      4
        1  0.00004   1.000 -0.000  0.000  0.000
        2  0.00000  -0.000  1.000  0.000  0.000
        3  0.00004   0.000  0.000  1.000  0.000
        4  0.00000   0.000  0.000  0.000  1.000
 ERR MATRIX NOT POS-DEF
status of the fit-----000------4
1  558904
2  0.565019
3  -8.71024e-06
4  0.000999734
 **********
 **   31 **SET PRINT           2
 **********
 **********
 **   32 **SET NOGRAD
 **********
 PARAMETER DEFINITIONS:
    NO.   NAME         VALUE      STEP SIZE      LIMITS
     1 p0           5.58000e+05  1.67400e+05     no limits
     2 p1           5.65000e-01  1.69500e-01     no limits
     3 p2           0.00000e+00  3.00000e-01     no limits
     4 p3           9.99871e-04  2.99961e-04     no limits
 **********
 **   33 **SET ERR         0.5
 **********
 **********
 **   34 **SET PRINT           2
 **********
 **********
 **   35 **SET STR           1
 **********
 NOW USING STRATEGY  1: TRY TO BALANCE SPEED AGAINST RELIABILITY
 **********
 **   36 **MIGRAD        1480        0.01
 **********
 FIRST CALL TO USER FUNCTION AT NEW START POINT, WITH IFLAG=4.
 START MIGRAD MINIMIZATION.  STRATEGY  1.  CONVERGENCE WHEN EDM .LT. 1.00e-05
 FCN=17358.6 FROM MIGRAD    STATUS=INITIATE       18 CALLS          19 TOTAL
                     EDM= unknown      STRATEGY= 1      NO ERROR MATRIX       
  EXT PARAMETER               CURRENT GUESS       STEP         FIRST   
  NO.   NAME      VALUE            ERROR          SIZE      DERIVATIVE 
   1  p0           5.58000e+05   1.67400e+05   1.67400e+05  -3.63269e+01
   2  p1           5.65000e-01   1.69500e-01   1.69500e-01  -1.12762e+08
   3  p2           0.00000e+00   3.00000e-01   3.00000e-01   2.06795e+06
   4  p3           9.99871e-04   2.99961e-04   2.99961e-04  -9.78076e+08
                               ERR DEF= 0.5
NO ERROR MATRIX       
 FCN=1357.11 FROM MIGRAD    STATUS=PROGRESS       36 CALLS          37 TOTAL
                     EDM=4107.47    STRATEGY= 1      NO ERROR MATRIX       
  EXT PARAMETER               CURRENT GUESS       STEP         FIRST   
  NO.   NAME      VALUE            ERROR          SIZE      DERIVATIVE 
   1  p0           5.58356e+05   1.67400e+05   3.55702e+02  -2.53982e+00
   2  p1           5.65115e-01   1.69500e-01   1.14702e-04  -7.82249e+06
   3  p2          -2.34073e-03   3.00000e-01  -2.34073e-03  -4.83467e+05
   4  p3           1.00129e-03   2.99961e-04   1.41993e-06   5.10489e+08
                               ERR DEF= 0.5
 FCN=66.9993 FROM MIGRAD    STATUS=PROGRESS      154 CALLS         155 TOTAL
                     EDM=0.000242283    STRATEGY= 1  ERROR MATRIX UNCERTAINTY  27.8 per cent
  EXT PARAMETER                APPROXIMATE        STEP         FIRST   
  NO.   NAME      VALUE            ERROR          SIZE      DERIVATIVE 
   1  p0           5.60211e+05   1.50031e+03   1.83732e+00   1.88265e-04
   2  p1           5.64596e-01   4.82677e-04  -5.19790e-07   6.16472e+02
   3  p2          -5.65960e-05   1.12049e-04   1.32633e-06   1.31679e+01
   4  p3           9.99709e-04   6.93529e-08   2.13684e-09  -7.78468e+03
                               ERR DEF= 0.5
 MIGRAD MINIMIZATION HAS CONVERGED.
 MIGRAD WILL VERIFY CONVERGENCE AND ERROR MATRIX.
   START COVARIANCE MATRIX CALCULATION.
 EIGENVALUES OF SECOND-DERIVATIVE MATRIX:
         2.2768e-03  5.0240e-01  8.5165e-01  2.6437e+00
 COVARIANCE MATRIX CALCULATED SUCCESSFULLY
 FCN=66.9993 FROM HESSE     STATUS=OK             31 CALLS         214 TOTAL
                     EDM=1.34221e-05    STRATEGY= 1      ERROR MATRIX ACCURATE 
  EXT PARAMETER                                   STEP         FIRST   
  NO.   NAME      VALUE            ERROR          SIZE      DERIVATIVE 
   1  p0           5.60224e+05   7.61062e+01   2.67136e-01   4.09270e-05
   2  p1           5.64592e-01   2.43921e-05   2.69218e-07   2.50380e+01
   3  p2          -5.74308e-05   6.16409e-05   3.07096e-07  -8.33661e+01
   4  p3           9.99709e-04   6.60498e-08   4.76699e-10   1.58657e+04
                               ERR DEF= 0.5
 PARAMETER  CORRELATION COEFFICIENTS  
       NO.  GLOBAL      1      2      3      4
        1  0.99773   1.000 -0.997  0.170  0.211
        2  0.99772  -0.997  1.000 -0.130 -0.220
        3  0.62088   0.170 -0.130  1.000  0.316
        4  0.46418   0.211 -0.220  0.316  1.000
 FCN=66.9993 FROM MIGRAD    STATUS=PROGRESS      230 CALLS         231 TOTAL
                     EDM=3.55728e-08    STRATEGY= 1      ERROR MATRIX ACCURATE 
  EXT PARAMETER                                   STEP         FIRST   
  NO.   NAME      VALUE            ERROR          SIZE      DERIVATIVE 
   1  p0           5.60224e+05   7.61062e+01  -4.87923e-03   9.51964e-06
   2  p1           5.64592e-01   2.43921e-05   1.73591e-09   3.38565e+01
   3  p2          -5.74215e-05   6.16409e-05   9.29994e-09   2.14327e+00
   4  p3           9.99709e-04   6.60498e-08   1.17404e-13  -3.03849e+03
                               ERR DEF= 0.5
 MIGRAD MINIMIZATION HAS CONVERGED.
 FCN=66.9993 FROM MIGRAD    STATUS=CONVERGED     230 CALLS         231 TOTAL
                     EDM=3.55728e-08    STRATEGY= 1  ERROR MATRIX UNCERTAINTY   3.8 per cent
  EXT PARAMETER                                   STEP         FIRST   
  NO.   NAME      VALUE            ERROR          SIZE      DERIVATIVE 
   1  p0           5.60224e+05   7.09616e+01  -4.87923e-03   9.51964e-06
   2  p1           5.64592e-01   2.23443e-05   1.73591e-09   3.38565e+01
   3  p2          -5.74215e-05   3.58265e-05   9.29994e-09   2.14327e+00
   4  p3           9.99709e-04   6.60285e-08   1.17404e-13  -3.03849e+03
                               ERR DEF= 0.5
 EXTERNAL ERROR MATRIX.    NDIM=  25    NPAR=  4    ERR DEF=0.5
  5.036e+03 -1.581e-03  2.180e-03  1.014e-06 
 -1.581e-03  4.993e-10 -6.867e-10 -3.382e-13 
  2.180e-03 -6.867e-10  1.284e-09  1.372e-12 
  1.014e-06 -3.382e-13  1.372e-12  4.360e-15 
 PARAMETER  CORRELATION COEFFICIENTS  
       NO.  GLOBAL      1      2      3      4
        1  0.99745   1.000 -0.997  0.857  0.216
        2  0.99728  -0.997  1.000 -0.858 -0.229
        3  0.94857   0.857 -0.858  1.000  0.580
        4  0.80600   0.216 -0.229  0.580  1.000
 EXTERNAL ERROR MATRIX.    NDIM=   4    NPAR=  4    ERR DEF=0.5
  5.036e+03 -1.581e-03  2.180e-03  1.014e-06 
 -1.581e-03  4.993e-10 -6.867e-10 -3.382e-13 
  2.180e-03 -6.867e-10  1.284e-09  1.372e-12 
  1.014e-06 -3.382e-13  1.372e-12  4.360e-15 
 FCN=66.9993 FROM MIGRAD    STATUS=CONVERGED     230 CALLS         231 TOTAL
                     EDM=3.55728e-08    STRATEGY= 1  ERROR MATRIX UNCERTAINTY   3.8 per cent
  EXT PARAMETER                  PARABOLIC         MINOS ERRORS        
  NO.   NAME      VALUE            ERROR      NEGATIVE      POSITIVE   
   1  p0           5.60224e+05   7.09616e+01                            
   2  p1           5.64592e-01   2.23443e-05                            
   3  p2          -5.74215e-05   3.58265e-05                            
   4  p3           9.99709e-04   6.60285e-08                            
                               ERR DEF= 0.5
------------------------------------------
Enering ROOFIt-------
 PARAMETER DEFINITIONS:
    NO.   NAME         VALUE      STEP SIZE      LIMITS
     1 norm         5.60224e+05  1.00000e-01     no limits
     2 Q            5.65000e-01  1.00000e-01     no limits
     3 theta        0.00000e+00  1.00000e-01     no limits
     4 pileup       9.99709e-04  1.00000e-01     no limits
 **********
 **    1 **MIGRAD
 **********
 FIRST CALL TO USER FUNCTION AT NEW START POINT, WITH IFLAG=4.
 START MIGRAD MINIMIZATION.  STRATEGY  1.  CONVERGENCE WHEN EDM .LT. 1.00e-04
 FCN=-2.37861e+11 FROM MIGRAD    STATUS=INITIATE       16 CALLS          17 TOTAL
                     EDM= unknown      STRATEGY= 1      NO ERROR MATRIX       
  EXT PARAMETER               CURRENT GUESS       STEP         FIRST   
  NO.   NAME      VALUE            ERROR          SIZE      DERIVATIVE 
   1  norm         5.60224e+05   1.00000e-01   1.00000e-01   4.81681e+01
   2  Q            5.65000e-01   1.00000e-01   1.00000e-01   7.45447e+08
   3  theta        0.00000e+00   1.00000e-01   1.00000e-01  -2.76287e+06
   4  pileup       9.99709e-04   1.00000e-01   1.00000e-01  -9.16323e+11
 MIGRAD FAILS TO FIND IMPROVEMENT
 EIGENVALUES OF SECOND-DERIVATIVE MATRIX:
        -1.9439e-04  3.8462e-01  9.1708e-01  2.6985e+00
 MINUIT WARNING IN HESSE   
 ============== MATRIX FORCED POS-DEF BY ADDING 0.002893 TO DIAGONAL.
 FCN=-2.37861e+11 FROM HESSE     STATUS=NOT POSDEF     27 CALLS          55 TOTAL
                     EDM=3.82523e+06    STRATEGY= 1      ERR MATRIX NOT POS-DEF
  EXT PARAMETER                APPROXIMATE        STEP         FIRST   
  NO.   NAME      VALUE            ERROR          SIZE      DERIVATIVE 
   1  norm         5.60224e+05   6.91435e+01   2.67136e+00   4.81681e+01
   2  Q            5.65000e-01   6.52535e-06   1.00000e-03   1.50124e+08
   3  theta        0.00000e+00   5.75430e-04   1.85011e-02  -2.77784e+06
   4  pileup       9.99709e-04   9.23225e-08   1.00000e-02   1.34550e+09
 MIGRAD FAILS TO FIND IMPROVEMENT
 MACHINE ACCURACY LIMITS FURTHER IMPROVEMENT.
 MIGRAD MINIMIZATION HAS CONVERGED.
 MIGRAD WILL VERIFY CONVERGENCE AND ERROR MATRIX.
 EIGENVALUES OF SECOND-DERIVATIVE MATRIX:
        -5.2516e-01  3.3306e-01  7.1959e-01  3.4725e+00
 MINUIT WARNING IN HESSE   
 ============== MATRIX FORCED POS-DEF BY ADDING 0.528630 TO DIAGONAL.
 MIGRAD TERMINATED WITHOUT CONVERGENCE.
 FCN=-2.37861e+11 FROM MIGRAD    STATUS=FAILED        349 CALLS         350 TOTAL
                     EDM=162.336    STRATEGY= 1      ERR MATRIX NOT POS-DEF
  EXT PARAMETER                APPROXIMATE        STEP         FIRST   
  NO.   NAME      VALUE            ERROR          SIZE      DERIVATIVE 
   1  norm         5.58699e+05   5.57735e+01   1.72500e+03   8.70886e-02
   2  Q            5.65083e-01   4.83354e-06   5.55042e-04   2.77951e+05
   3  theta        1.65166e-05   5.66108e-04   1.85771e-02  -1.74751e+04
   4  pileup       9.99825e-04   1.78522e-07   2.09863e-05   2.85399e+07
 EXTERNAL ERROR MATRIX.    NDIM=  25    NPAR=  4    ERR DEF=1
  3.111e+03 -2.678e-04 -3.094e-02  8.893e-06 
 -2.678e-04  2.336e-11  2.714e-09 -7.799e-13 
 -3.094e-02  2.714e-09  3.205e-07 -8.899e-11 
  8.893e-06 -7.799e-13 -8.899e-11  3.187e-14 
ERR MATRIX NOT POS-DEF
 PARAMETER  CORRELATION COEFFICIENTS  
       NO.  GLOBAL      1      2      3      4
        1  0.99447   1.000 -0.993 -0.980  0.893
        2  0.99812  -0.993  1.000  0.992 -0.904
        3  0.99377  -0.980  0.992  1.000 -0.881
        4  0.91684   0.893 -0.904 -0.881  1.000
 ERR MATRIX NOT POS-DEF
 **********
 **    2 **MIGRAD 
 **********
 START MIGRAD MINIMIZATION.  STRATEGY  1.  CONVERGENCE WHEN EDM .LT. 1.00e-04
 FCN=-2.37861e+11 FROM MIGRAD    STATUS=INITIATE        8 CALLS         358 TOTAL
                     EDM=58.6779    STRATEGY= 1      ERR MATRIX NOT POS-DEF
  EXT PARAMETER                APPROXIMATE        STEP         FIRST   
  NO.   NAME      VALUE            ERROR          SIZE      DERIVATIVE 
   1  norm         5.58699e+05   5.57735e+01   1.72500e+03   7.68466e-02
   2  Q            5.65083e-01   4.83354e-06   5.55042e-04   2.78020e+05
   3  theta        1.65166e-05   5.66108e-04   1.85771e-02  -1.50116e+04
   4  pileup       9.99825e-04   1.78522e-07   2.09863e-05   2.40294e+07
 MIGRAD FAILS TO FIND IMPROVEMENT
 MACHINE ACCURACY LIMITS FURTHER IMPROVEMENT.
 MIGRAD MINIMIZATION HAS CONVERGED.
 MIGRAD WILL VERIFY CONVERGENCE AND ERROR MATRIX.
 EIGENVALUES OF SECOND-DERIVATIVE MATRIX:
        -7.0636e-04  3.6638e-01  8.5028e-01  2.7840e+00
 MINUIT WARNING IN HESSE   
 ============== MATRIX FORCED POS-DEF BY ADDING 0.003490 TO DIAGONAL.
 FCN=-2.37861e+11 FROM HESSE     STATUS=NOT POSDEF     29 CALLS         428 TOTAL
                     EDM=0.10244    STRATEGY= 1      ERR MATRIX NOT POS-DEF
  EXT PARAMETER                APPROXIMATE        STEP         FIRST   
  NO.   NAME      VALUE            ERROR          SIZE      DERIVATIVE 
   1  norm         5.58702e+05   9.60481e+01   1.72499e+03   6.86518e-02
   2  Q            5.65083e-01   3.16013e-05   8.72374e-05   2.19275e+05
   3  theta        1.58931e-05   1.19612e-04   1.85771e-02  -7.20531e+03
   4  pileup       9.99726e-04   1.05025e-07   2.09860e-05   5.49741e+06
 MINUIT WARNING IN MIGRAD  
 ============== Negative diagonal element 2 in Error Matrix
 MINUIT WARNING IN MIGRAD  
 ============== 1 added to diagonal of error matrix
 MIGRAD FAILS TO FIND IMPROVEMENT
 MIGRAD TERMINATED WITHOUT CONVERGENCE.
 FCN=-2.37861e+11 FROM MIGRAD    STATUS=FAILED        115 CALLS         465 TOTAL
                     EDM=3.59886e+09    STRATEGY= 1      ERR MATRIX NOT POS-DEF
  EXT PARAMETER                APPROXIMATE        STEP         FIRST   
  NO.   NAME      VALUE            ERROR          SIZE      DERIVATIVE 
   1  norm         5.58712e+05   9.36074e+00  -0.00000e+00  -8.50451e-02
   2  Q            5.65079e-01   1.00000e+00  -0.00000e+00   3.99902e+09
   3  theta        2.44446e-05   1.00000e+00  -0.00000e+00   1.66930e+04
   4  pileup       9.99711e-04   1.00000e+00   0.00000e+00  -2.96487e+07
 EXTERNAL ERROR MATRIX.    NDIM=  25    NPAR=  4    ERR DEF=1
  8.762e+01  2.072e-09  5.181e-04 -6.435e-08 
  2.072e-09  1.000e+00 -6.974e-17  2.323e-17 
  5.181e-04 -6.974e-17  1.000e+00  5.652e-12 
 -6.435e-08  2.323e-17  5.652e-12  1.000e+00 
ERR MATRIX NOT POS-DEF
 PARAMETER  CORRELATION COEFFICIENTS  
       NO.  GLOBAL      1      2      3      4
        1  0.00006   1.000  0.000  0.000 -0.000
        2  0.00000   0.000  1.000 -0.000  0.000
        3  0.00006   0.000 -0.000  1.000  0.000
        4  0.00000  -0.000  0.000  0.000  1.000
 ERR MATRIX NOT POS-DEF
status of the fit-----000------4
1  558712
2  0.565079
3  2.44446e-05
4  0.000999711
 PARAMETER DEFINITIONS:
    NO.   NAME         VALUE      STEP SIZE      LIMITS
     1 norm         5.58712e+05  1.00000e-01     no limits
     2 Q            5.65079e-01  1.00000e-01     no limits
     3 theta        2.44446e-05  1.00000e-01     no limits
     4 pileup       9.99711e-04  1.00000e-01     no limits
 **********
 **    3 **MIGRAD
 **********
 FIRST CALL TO USER FUNCTION AT NEW START POINT, WITH IFLAG=4.
 START MIGRAD MINIMIZATION.  STRATEGY  1.  CONVERGENCE WHEN EDM .LT. 1.00e-04
 FCN=-2.37861e+11 FROM MIGRAD    STATUS=INITIATE       16 CALLS         482 TOTAL
                     EDM= unknown      STRATEGY= 1      NO ERROR MATRIX       
  EXT PARAMETER               CURRENT GUESS       STEP         FIRST   
  NO.   NAME      VALUE            ERROR          SIZE      DERIVATIVE 
   1  norm         5.58712e+05   1.00000e-01   1.00000e-01  -2.03955e-02
   2  Q            5.65079e-01   1.00000e-01   1.00000e-01   6.52492e+06
   3  theta        2.44446e-05   1.00000e-01   1.00000e-01   1.66747e+04
   4  pileup       9.99711e-04   1.00000e-01   1.00000e-01  -9.18025e+11
 MIGRAD FAILS TO FIND IMPROVEMENT
 COVARIANCE MATRIX CALCULATED SUCCESSFULLY
 FCN=-2.37861e+11 FROM HESSE     STATUS=OK             29 CALLS         522 TOTAL
                     EDM=8.32948    STRATEGY= 1      ERROR MATRIX ACCURATE 
  EXT PARAMETER                                   STEP         FIRST   
  NO.   NAME      VALUE            ERROR          SIZE      DERIVATIVE 
   1  norm         5.58712e+05   2.36480e+02   2.66414e+00  -2.03039e-02
   2  Q            5.65079e-01   2.25948e-05   1.00000e-03  -5.84744e+04
   3  theta        2.44446e-05   1.98138e-03   1.85646e-02   1.15956e+03
   4  pileup       9.99711e-04   9.24519e-08   1.00000e-02  -1.75369e+06
 MINUIT WARNING IN MIGRAD  
 ============== Negative diagonal element 2 in Error Matrix
 MINUIT WARNING IN MIGRAD  
 ============== 1 added to diagonal of error matrix
 MIGRAD FAILS TO FIND IMPROVEMENT
 MIGRAD TERMINATED WITHOUT CONVERGENCE.
 FCN=-2.37861e+11 FROM MIGRAD    STATUS=FAILED         97 CALLS         563 TOTAL
                     EDM=1.99862e+09    STRATEGY= 1  ERROR MATRIX UNCERTAINTY 100.0 per cent
  EXT PARAMETER                APPROXIMATE        STEP         FIRST   
  NO.   NAME      VALUE            ERROR          SIZE      DERIVATIVE 
   1  norm         5.58712e+05   9.15277e+00   0.00000e+00  -2.18474e-03
   2  Q            5.65079e-01   1.00000e+00  -0.00000e+00   3.99933e+09
   3  theta        2.10529e-05   1.00000e+00  -0.00000e+00   1.49536e+04
   4  pileup       9.99711e-04   1.00000e+00   0.00000e+00  -2.88143e+07
 EXTERNAL ERROR MATRIX.    NDIM=  25    NPAR=  4    ERR DEF=1
  8.377e+01 -1.835e-09  5.577e-04  6.517e-08 
 -1.835e-09  1.000e+00 -3.255e-14 -2.104e-18 
  5.577e-04 -3.255e-14  1.000e+00  6.383e-13 
  6.517e-08 -2.104e-18  6.383e-13  1.000e+00 
ERR MATRIX APPROXIMATE
 PARAMETER  CORRELATION COEFFICIENTS  
       NO.  GLOBAL      1      2      3      4
        1  0.00006   1.000 -0.000  0.000  0.000
        2  0.00000  -0.000  1.000 -0.000 -0.000
        3  0.00006   0.000 -0.000  1.000  0.000
        4  0.00000   0.000 -0.000  0.000  1.000
 ERR MATRIX APPROXIMATE
 **********
 **    4 **MIGRAD 
 **********
 START MIGRAD MINIMIZATION.  STRATEGY  1.  CONVERGENCE WHEN EDM .LT. 1.00e-04
 FCN=-2.37861e+11 FROM MIGRAD    STATUS=INITIATE       12 CALLS         575 TOTAL
                     EDM=9.42166e+16    STRATEGY= 1  ERROR MATRIX UNCERTAINTY 100.0 per cent
  EXT PARAMETER                APPROXIMATE        STEP         FIRST   
  NO.   NAME      VALUE            ERROR          SIZE      DERIVATIVE 
   1  norm         5.58712e+05   9.15277e+00   0.00000e+00  -8.29073e-03
   2  Q            5.65079e-01   1.00000e+00  -0.00000e+00  -1.49830e+03
   3  theta        2.10529e-05   1.00000e+00  -0.00000e+00   1.49532e+04
   4  pileup       9.99711e-04   1.00000e+00   0.00000e+00  -2.88144e+07
 MIGRAD FAILS TO FIND IMPROVEMENT
 EIGENVALUES OF SECOND-DERIVATIVE MATRIX:
        -6.2695e-04  3.6658e-01  8.4987e-01  2.7842e+00
 MINUIT WARNING IN HESSE   
 ============== MATRIX FORCED POS-DEF BY ADDING 0.003411 TO DIAGONAL.
 FCN=-2.37861e+11 FROM HESSE     STATUS=NOT POSDEF     29 CALLS         615 TOTAL
                     EDM=0.00596132    STRATEGY= 1      ERR MATRIX NOT POS-DEF
  EXT PARAMETER                APPROXIMATE        STEP         FIRST   
  NO.   NAME      VALUE            ERROR          SIZE      DERIVATIVE 
   1  norm         5.58712e+05   9.60382e+01   5.32829e+02  -2.12847e-03
   2  Q            5.65079e-01   3.16017e-05   8.76031e-05  -1.56240e+03
   3  theta        2.10529e-05   1.19894e-04   1.85739e-02  -5.77671e+02
   4  pileup       9.99711e-04   1.05208e-07   2.09844e-05  -3.75590e+05
 MINUIT WARNING IN MIGRAD  
 ============== Negative diagonal element 1 in Error Matrix
 MINUIT WARNING IN MIGRAD  
 ============== Negative diagonal element 2 in Error Matrix
 MINUIT WARNING IN MIGRAD  
 ============== Negative diagonal element 3 in Error Matrix
 MINUIT WARNING IN MIGRAD  
 ============== Negative diagonal element 4 in Error Matrix
 MINUIT WARNING IN MIGRAD  
 ============== 3.63767e+06 added to diagonal of error matrix
 MIGRAD FAILS TO FIND IMPROVEMENT
 MACHINE ACCURACY LIMITS FURTHER IMPROVEMENT.
 MIGRAD MINIMIZATION HAS CONVERGED.
 MIGRAD WILL VERIFY CONVERGENCE AND ERROR MATRIX.
 EIGENVALUES OF SECOND-DERIVATIVE MATRIX:
        -3.6449e-04  3.7193e-01  8.5160e-01  2.7768e+00
 MINUIT WARNING IN HESSE   
 ============== MATRIX FORCED POS-DEF BY ADDING 0.003141 TO DIAGONAL.
 MIGRAD TERMINATED WITHOUT CONVERGENCE.
 FCN=-2.37861e+11 FROM MIGRAD    STATUS=FAILED        103 CALLS         666 TOTAL
                     EDM=0.061438    STRATEGY= 1      ERR MATRIX NOT POS-DEF
  EXT PARAMETER                APPROXIMATE        STEP         FIRST   
  NO.   NAME      VALUE            ERROR          SIZE      DERIVATIVE 
   1  norm         5.58755e+05   9.69396e+01   2.13132e+02   7.94148e-03
   2  Q            5.65065e-01   3.14271e-05   1.75206e-04   2.88256e+04
   3  theta        3.63118e-05   1.11166e-04   7.42956e-03   7.19701e+02
   4  pileup       9.99729e-04   1.04008e-07   8.39378e-06   2.39600e+06
 EXTERNAL ERROR MATRIX.    NDIM=  25    NPAR=  4    ERR DEF=1
  9.397e+03 -3.033e-03 -1.183e-03 -4.331e-07 
 -3.033e-03  9.877e-10  5.643e-10  1.359e-13 
 -1.183e-03  5.643e-10  1.236e-08  5.054e-12 
 -4.331e-07  1.359e-13  5.054e-12  1.082e-14 
ERR MATRIX NOT POS-DEF
 PARAMETER  CORRELATION COEFFICIENTS  
       NO.  GLOBAL      1      2      3      4
        1  0.99721   1.000 -0.996 -0.110 -0.043
        2  0.99726  -0.996  1.000  0.162  0.042
        3  0.71398  -0.110  0.162  1.000  0.437
        4  0.53324  -0.043  0.042  0.437  1.000
 ERR MATRIX NOT POS-DEF
status of the fit-----000------4
1  558755
2  0.565065
3  3.63118e-05
4  0.000999729
 PARAMETER DEFINITIONS:
    NO.   NAME         VALUE      STEP SIZE      LIMITS
     1 norm         5.58755e+05  1.00000e-01     no limits
     2 Q            5.65065e-01  1.00000e-01     no limits
     3 theta        3.63118e-05  1.00000e-01     no limits
     4 pileup       9.99729e-04  1.00000e-01     no limits
 **********
 **    5 **MIGRAD
 **********
 FIRST CALL TO USER FUNCTION AT NEW START POINT, WITH IFLAG=4.
 START MIGRAD MINIMIZATION.  STRATEGY  1.  CONVERGENCE WHEN EDM .LT. 1.00e-04
 FCN=-2.37861e+11 FROM MIGRAD    STATUS=INITIATE       16 CALLS         683 TOTAL
                     EDM= unknown      STRATEGY= 1      NO ERROR MATRIX       
  EXT PARAMETER               CURRENT GUESS       STEP         FIRST   
  NO.   NAME      VALUE            ERROR          SIZE      DERIVATIVE 
   1  norm         5.58755e+05   1.00000e-01   1.00000e-01   7.96628e-03
   2  Q            5.65065e-01   1.00000e-01   1.00000e-01   6.86726e+06
   3  theta        3.63118e-05   1.00000e-01   1.00000e-01   1.62629e+04
   4  pileup       9.99729e-04   1.00000e-01   1.00000e-01  -9.18024e+11
 MIGRAD FAILS TO FIND IMPROVEMENT
 COVARIANCE MATRIX CALCULATED SUCCESSFULLY
 FCN=-2.37861e+11 FROM HESSE     STATUS=OK             29 CALLS         723 TOTAL
                     EDM=0.0331778    STRATEGY= 1      ERROR MATRIX ACCURATE 
  EXT PARAMETER                                   STEP         FIRST   
  NO.   NAME      VALUE            ERROR          SIZE      DERIVATIVE 
   1  norm         5.58755e+05   3.25096e+02   2.66435e+00   8.04645e-03
   2  Q            5.65065e-01   3.10464e-05   1.00000e-03   2.88125e+04
   3  theta        3.63118e-05   2.71784e-03   1.85549e-02   7.40678e+02
   4  pileup       9.99729e-04   9.24660e-08   1.00000e-02   1.81046e+06
 MIGRAD FAILS TO FIND IMPROVEMENT
 MACHINE ACCURACY LIMITS FURTHER IMPROVEMENT.
 MIGRAD MINIMIZATION HAS CONVERGED.
 MIGRAD WILL VERIFY CONVERGENCE AND ERROR MATRIX.
 EIGENVALUES OF SECOND-DERIVATIVE MATRIX:
        -2.3269e-04  3.7261e-01  8.5100e-01  2.7766e+00
 MINUIT WARNING IN HESSE   
 ============== MATRIX FORCED POS-DEF BY ADDING 0.003009 TO DIAGONAL.
 MIGRAD TERMINATED WITHOUT CONVERGENCE.
 FCN=-2.37861e+11 FROM MIGRAD    STATUS=FAILED        107 CALLS         774 TOTAL
                     EDM=0.0598363    STRATEGY= 1      ERR MATRIX NOT POS-DEF
  EXT PARAMETER                APPROXIMATE        STEP         FIRST   
  NO.   NAME      VALUE            ERROR          SIZE      DERIVATIVE 
   1  norm         5.58756e+05   9.68657e+01   5.32871e+00   9.30640e-03
   2  Q            5.65065e-01   3.14519e-05   1.02992e-04   3.27941e+04
   3  theta        3.60696e-05   1.11634e-04   7.42196e-03   5.98009e+02
   4  pileup       9.99729e-04   1.03943e-07   2.14099e-05   2.41330e+06
 EXTERNAL ERROR MATRIX.    NDIM=  25    NPAR=  4    ERR DEF=1
  9.383e+03 -3.033e-03 -1.498e-03 -5.643e-07 
 -3.033e-03  9.892e-10  6.676e-10  1.786e-13 
 -1.498e-03  6.676e-10  1.246e-08  5.061e-12 
 -5.643e-07  1.786e-13  5.061e-12  1.080e-14 
ERR MATRIX NOT POS-DEF
 PARAMETER  CORRELATION COEFFICIENTS  
       NO.  GLOBAL      1      2      3      4
        1  0.99721   1.000 -0.996 -0.138 -0.056
        2  0.99726  -0.996  1.000  0.190  0.055
        3  0.71680  -0.138  0.190  1.000  0.436
        4  0.53240  -0.056  0.055  0.436  1.000
 ERR MATRIX NOT POS-DEF
 **********
 **    6 **MIGRAD 
 **********
 START MIGRAD MINIMIZATION.  STRATEGY  1.  CONVERGENCE WHEN EDM .LT. 1.00e-04
 FCN=-2.37861e+11 FROM MIGRAD    STATUS=INITIATE        8 CALLS         782 TOTAL
                     EDM=0.0223428    STRATEGY= 1      ERR MATRIX NOT POS-DEF
  EXT PARAMETER                APPROXIMATE        STEP         FIRST   
  NO.   NAME      VALUE            ERROR          SIZE      DERIVATIVE 
   1  norm         5.58756e+05   9.68657e+01   5.32871e+00   9.22765e-03
   2  Q            5.65065e-01   3.14519e-05   1.02992e-04   3.31489e+04
   3  theta        3.60696e-05   1.11634e-04   7.42196e-03   9.91847e+02
   4  pileup       9.99729e-04   1.03943e-07   2.14099e-05  -2.28240e+06
 MINUIT WARNING IN MIGRAD  
 ============== Negative diagonal element 2 in Error Matrix
 MINUIT WARNING IN MIGRAD  
 ============== 1 added to diagonal of error matrix
 MIGRAD FAILS TO FIND IMPROVEMENT
 EIGENVALUES OF SECOND-DERIVATIVE MATRIX:
        -5.0241e-01  3.3718e-01  7.1006e-01  3.4552e+00
 MINUIT WARNING IN HESSE   
 ============== MATRIX FORCED POS-DEF BY ADDING 0.505865 TO DIAGONAL.
 FCN=-2.37861e+11 FROM HESSE     STATUS=NOT POSDEF     29 CALLS         842 TOTAL
                     EDM=0.0399372    STRATEGY= 1      ERR MATRIX NOT POS-DEF
  EXT PARAMETER                APPROXIMATE        STEP         FIRST   
  NO.   NAME      VALUE            ERROR          SIZE      DERIVATIVE 
   1  norm         5.58756e+05   5.18591e+01   1.06574e+02   9.19257e-03
   2  Q            5.65065e-01   5.01186e-06   5.55014e-04   3.27060e+04
   3  theta        3.60566e-05   6.06838e-04   1.85645e-02   6.15504e+02
   4  pileup       9.99729e-04   1.82342e-07   2.09860e-05   2.42161e+06
 MINUIT WARNING IN MIGRAD  
 ============== Negative diagonal element 2 in Error Matrix
 MINUIT WARNING IN MIGRAD  
 ============== 1 added to diagonal of error matrix
 MIGRAD FAILS TO FIND IMPROVEMENT
 MIGRAD TERMINATED WITHOUT CONVERGENCE.
 FCN=-2.37861e+11 FROM MIGRAD    STATUS=FAILED        103 CALLS         877 TOTAL
                     EDM=3.01533e+07    STRATEGY= 1      ERR MATRIX NOT POS-DEF
  EXT PARAMETER                APPROXIMATE        STEP         FIRST   
  NO.   NAME      VALUE            ERROR          SIZE      DERIVATIVE 
   1  norm         5.58756e+05   6.43122e+00  -0.00000e+00  -4.39755e-02
   2  Q            5.65065e-01   1.00000e+00  -0.00000e+00   3.77716e+09
   3  theta        2.78817e-05   1.00000e+00  -0.00000e+00   1.43126e+04
   4  pileup       9.99724e-04   1.00000e+00   0.00000e+00  -2.60958e+07
 EXTERNAL ERROR MATRIX.    NDIM=  25    NPAR=  4    ERR DEF=1
  4.136e+01  4.138e-10  1.465e-04  3.930e-08 
  4.138e-10  1.000e+00  4.908e-16  2.403e-18 
  1.465e-04  4.908e-16  1.000e+00  2.807e-12 
  3.930e-08  2.403e-18  2.807e-12  1.000e+00 
ERR MATRIX NOT POS-DEF
 PARAMETER  CORRELATION COEFFICIENTS  
       NO.  GLOBAL      1      2      3      4
        1  0.00002   1.000  0.000  0.000  0.000
        2  0.00000   0.000  1.000  0.000  0.000
        3  0.00002   0.000  0.000  1.000  0.000
        4  0.00000   0.000  0.000  0.000  1.000
 ERR MATRIX NOT POS-DEF
status of the fit-----000------4
1  558756
2  0.565065
3  2.78817e-05
4  0.000999724
