  *******************************************
  *                                         *
  *        W E L C O M E  to  R O O T       *
  *                                         *
  *   Version   5.34/36      5 April 2016   *
  *                                         *
  *  You are welcome to visit our Web site  *
  *          http://root.cern.ch            *
  *                                         *
  *******************************************

ROOT 5.34/36 (v5-34-36@v5-34-36, Apr 05 2016, 10:25:45 on linuxx8664gcc)

CINT/ROOT C/C++ Interpreter version 5.18.00, July 2, 2010
Type ? for help. Commands must be C++ statements.
Enclose multiple statements between { }.
Loading root init file.
The rat/rootinit.C file loaded the DEAP style for you, which is available from the fStyle pointer.
DEAP style applied. 
RAT: Libraries loaded.

Processing /home/fatemigh/projects/rpp-jillings/fatemigh/sterile/Likelihood/LikelihoodSterile_modified6.C+(77)...
pased here
566 lines read from file
31
spec_E  566
Before entering fitting
 **********
 **    1 **SET PRINT           2
 **********
 **********
 **    2 **SET NOGRAD
 **********
 PARAMETER DEFINITIONS:
    NO.   NAME         VALUE      STEP SIZE      LIMITS
     1 p0           5.58000e+05  1.67400e+05     no limits
     2 p1           5.65000e-01  1.69500e-01     no limits
     3 p2           0.00000e+00  3.00000e-01     no limits
     4 p3           9.99871e-04  2.99961e-04     no limits
 **********
 **    3 **SET ERR         0.5
 **********
 **********
 **    4 **SET PRINT           2
 **********
 **********
 **    5 **SET STR           1
 **********
 NOW USING STRATEGY  1: TRY TO BALANCE SPEED AGAINST RELIABILITY
 **********
 **    6 **MIGRAD        1480        0.01
 **********
 FIRST CALL TO USER FUNCTION AT NEW START POINT, WITH IFLAG=4.
 START MIGRAD MINIMIZATION.  STRATEGY  1.  CONVERGENCE WHEN EDM .LT. 1.00e-05
 FCN=17075.7 FROM MIGRAD    STATUS=INITIATE       16 CALLS          17 TOTAL
                     EDM= unknown      STRATEGY= 1      NO ERROR MATRIX       
  EXT PARAMETER               CURRENT GUESS       STEP         FIRST   
  NO.   NAME      VALUE            ERROR          SIZE      DERIVATIVE 
   1  p0           5.58000e+05   1.67400e+05   1.67400e+05  -3.60280e+01
   2  p1           5.65000e-01   1.69500e-01   1.69500e-01  -5.08289e+08
   3  p2           0.00000e+00   3.00000e-01   3.00000e-01   2.05121e+06
   4  p3           9.99871e-04   2.99961e-04   2.99961e-04  -9.71689e+08
                               ERR DEF= 0.5
NO ERROR MATRIX       
 FCN=2596.02 FROM MIGRAD    STATUS=PROGRESS       34 CALLS          35 TOTAL
                     EDM=6283.01    STRATEGY= 1      NO ERROR MATRIX       
  EXT PARAMETER               CURRENT GUESS       STEP         FIRST   
  NO.   NAME      VALUE            ERROR          SIZE      DERIVATIVE 
   1  p0           5.58481e+05   1.67400e+05   4.80823e+02  -5.43128e+00
   2  p1           5.65028e-01   1.69500e-01   2.76169e-05  -1.67992e+07
   3  p2          -3.16454e-03   3.00000e-01  -3.16454e-03  -5.31840e+05
   4  p3           1.00179e-03   2.99961e-04   1.92268e-06   6.18286e+08
                               ERR DEF= 0.5
 MIGRAD MINIMIZATION HAS CONVERGED.
 MIGRAD WILL VERIFY CONVERGENCE AND ERROR MATRIX.
   START COVARIANCE MATRIX CALCULATION.
 EIGENVALUES OF SECOND-DERIVATIVE MATRIX:
         2.0916e-04  2.9933e-01  8.8660e-01  2.8139e+00
 COVARIANCE MATRIX CALCULATED SUCCESSFULLY
 FCN=68.0294 FROM HESSE     STATUS=OK             29 CALLS         109 TOTAL
                     EDM=0.000735426    STRATEGY= 1      ERROR MATRIX ACCURATE 
  EXT PARAMETER                                   STEP         FIRST   
  NO.   NAME      VALUE            ERROR          SIZE      DERIVATIVE 
   1  p0           5.58845e+05   2.50262e+02   2.66478e-01  -6.03967e-05
   2  p1           5.65034e-01   8.06618e-05   2.69429e-07  -6.55789e+02
   3  p2           2.01395e-05   8.30691e-05   3.16801e-07  -4.17181e+01
   4  p3           9.99724e-04   8.34769e-08   4.76706e-10   7.68959e+03
                               ERR DEF= 0.5
 PARAMETER  CORRELATION COEFFICIENTS  
       NO.  GLOBAL      1      2      3      4
        1  0.99979   1.000 -1.000 -0.115 -0.044
        2  0.99979  -1.000  1.000  0.129  0.046
        3  0.76177  -0.115  0.129  1.000  0.565
        4  0.63557  -0.044  0.046  0.565  1.000
 FCN=67.988 FROM MIGRAD    STATUS=PROGRESS      122 CALLS         123 TOTAL
                     EDM=0.0108183    STRATEGY= 1      ERROR MATRIX ACCURATE 
  EXT PARAMETER                                   STEP         FIRST   
  NO.   NAME      VALUE            ERROR          SIZE      DERIVATIVE 
   1  p0           5.58452e+05   2.50262e+02  -3.93200e+02   4.85856e-04
   2  p1           5.65161e-01   8.06618e-05   1.26964e-04   1.30446e+03
   3  p2           4.81212e-05   8.30691e-05   2.79817e-05   2.79161e+02
   4  p3           9.99735e-04   8.34769e-08   1.05437e-08   1.58569e+06
                               ERR DEF= 0.5
 MIGRAD FAILS TO FIND IMPROVEMENT
 MIGRAD TERMINATED WITHOUT CONVERGENCE.
 FCN=67.9776 FROM MIGRAD    STATUS=FAILED        182 CALLS         183 TOTAL
                     EDM=2.97982e-05    STRATEGY= 1  ERROR MATRIX UNCERTAINTY 100.0 per cent
  EXT PARAMETER                APPROXIMATE        STEP         FIRST   
  NO.   NAME      VALUE            ERROR          SIZE      DERIVATIVE 
   1  p0           5.58351e+05   5.66785e+01  -0.00000e+00   2.20638e-05
   2  p1           5.65193e-01   1.85118e-05   0.00000e+00   4.07471e+01
   3  p2           4.79130e-05   1.91990e-05   0.00000e+00  -1.39818e+01
   4  p3           9.99726e-04   7.42389e-08  -0.00000e+00   3.25138e+03
                               ERR DEF= 0.5
 EXTERNAL ERROR MATRIX.    NDIM=  25    NPAR=  4    ERR DEF=0.5
  3.212e+03 -1.044e-03  2.996e-04  2.382e-06 
 -1.044e-03  3.427e-10 -8.050e-11 -8.286e-13 
  2.996e-04 -8.050e-11  3.686e-10 -1.057e-12 
  2.382e-06 -8.286e-13 -1.057e-12  5.511e-15 
ERR MATRIX APPROXIMATE
 PARAMETER  CORRELATION COEFFICIENTS  
       NO.  GLOBAL      1      2      3      4
        1  0.99608   1.000 -0.995  0.275  0.566
        2  0.99630  -0.995  1.000 -0.226 -0.603
        3  1.12404   0.275 -0.226  1.000 -0.741
        4  1.09441   0.566 -0.603 -0.741  1.000
 ERR MATRIX APPROXIMATE
 FCN=67.9776 FROM MIGRAD    STATUS=FAILED        182 CALLS         183 TOTAL
                     EDM=2.97982e-05    STRATEGY= 1  ERROR MATRIX UNCERTAINTY 100.0 per cent
  EXT PARAMETER                  PARABOLIC         MINOS ERRORS        
  NO.   NAME      VALUE            ERROR      NEGATIVE      POSITIVE   
   1  p0           5.58351e+05   5.66785e+01                            
   2  p1           5.65193e-01   1.85118e-05                            
   3  p2           4.79130e-05   1.91990e-05                            
   4  p3           9.99726e-04   7.42389e-08                            
                               ERR DEF= 0.5
 **********
 **    7 **SET PRINT           2
 **********
 **********
 **    8 **SET NOGRAD
 **********
 PARAMETER DEFINITIONS:
    NO.   NAME         VALUE      STEP SIZE      LIMITS
     1 p0           5.58351e+05  5.66785e+01     no limits
     2 p1           5.65193e-01  1.85118e-05     no limits
     3 p2           4.79130e-05  1.91990e-05     no limits
     4 p3           9.99726e-04  7.42389e-08     no limits
 **********
 **    9 **SET ERR         0.5
 **********
 **********
 **   10 **SET PRINT           2
 **********
 **********
 **   11 **SET STR           1
 **********
 NOW USING STRATEGY  1: TRY TO BALANCE SPEED AGAINST RELIABILITY
 **********
 **   12 **MIGRAD        1480        0.01
 **********
 FIRST CALL TO USER FUNCTION AT NEW START POINT, WITH IFLAG=4.
 START MIGRAD MINIMIZATION.  STRATEGY  1.  CONVERGENCE WHEN EDM .LT. 1.00e-05
 FCN=67.9776 FROM MIGRAD    STATUS=INITIATE       14 CALLS          15 TOTAL
                     EDM= unknown      STRATEGY= 1      NO ERROR MATRIX       
  EXT PARAMETER               CURRENT GUESS       STEP         FIRST   
  NO.   NAME      VALUE            ERROR          SIZE      DERIVATIVE 
   1  p0           5.58351e+05   5.66785e+01   5.66785e+01   2.20638e-05
   2  p1           5.65193e-01   1.85118e-05   1.85118e-05   4.07471e+01
   3  p2           4.79130e-05   1.91990e-05   1.91990e-05  -1.54327e+01
   4  p3           9.99726e-04   7.42389e-08   7.42389e-08   3.25138e+03
                               ERR DEF= 0.5
NO ERROR MATRIX       
 FCN=67.9776 FROM MIGRAD    STATUS=PROGRESS       23 CALLS          24 TOTAL
                     EDM=2.66189e-06    STRATEGY= 1      NO ERROR MATRIX       
  EXT PARAMETER               CURRENT GUESS       STEP         FIRST   
  NO.   NAME      VALUE            ERROR          SIZE      DERIVATIVE 
   1  p0           5.58351e+05   5.66785e+01  -5.77337e-04  -1.14395e-04
   2  p1           5.65193e-01   1.85118e-05  -1.10708e-10  -3.64740e+02
   3  p2           4.79499e-05   1.91990e-05   3.69659e-08   1.23399e+01
   4  p3           9.99726e-04   7.42389e-08  -1.21693e-11  -8.37188e+03
                               ERR DEF= 0.5
 MIGRAD MINIMIZATION HAS CONVERGED.
 MIGRAD WILL VERIFY CONVERGENCE AND ERROR MATRIX.
   START COVARIANCE MATRIX CALCULATION.
 EIGENVALUES OF SECOND-DERIVATIVE MATRIX:
         1.6136e-03  4.9846e-01  8.6322e-01  2.6367e+00
 COVARIANCE MATRIX CALCULATED SUCCESSFULLY
 FCN=67.9776 FROM MIGRAD    STATUS=CONVERGED      66 CALLS          67 TOTAL
                     EDM=5.20727e-06    STRATEGY= 1      ERROR MATRIX ACCURATE 
  EXT PARAMETER                                   STEP         FIRST   
  NO.   NAME      VALUE            ERROR          SIZE      DERIVATIVE 
   1  p0           5.58351e+05   9.04145e+01   2.66243e-01  -1.36564e-04
   2  p1           5.65193e-01   2.88772e-05   2.69505e-07  -3.60410e+02
   3  p2           4.79499e-05   6.55755e-05   2.90333e-07   4.70377e-01
   4  p3           9.99726e-04   7.19416e-08   4.76706e-10  -7.29292e+03
                               ERR DEF= 0.5
 EXTERNAL ERROR MATRIX.    NDIM=  25    NPAR=  4    ERR DEF=0.5
  8.175e+03 -2.605e-03  2.547e-03  2.344e-06 
 -2.605e-03  8.339e-10 -7.576e-10 -7.634e-13 
  2.547e-03 -7.576e-10  4.300e-09  2.005e-12 
  2.344e-06 -7.634e-13  2.005e-12  5.176e-15 
 PARAMETER  CORRELATION COEFFICIENTS  
       NO.  GLOBAL      1      2      3      4
        1  0.99840   1.000 -0.998  0.430  0.360
        2  0.99837  -0.998  1.000 -0.400 -0.367
        3  0.69104   0.430 -0.400  1.000  0.425
        4  0.54939   0.360 -0.367  0.425  1.000
 EXTERNAL ERROR MATRIX.    NDIM=   4    NPAR=  4    ERR DEF=0.5
  8.175e+03 -2.605e-03  2.547e-03  2.344e-06 
 -2.605e-03  8.339e-10 -7.576e-10 -7.634e-13 
  2.547e-03 -7.576e-10  4.300e-09  2.005e-12 
  2.344e-06 -7.634e-13  2.005e-12  5.176e-15 
 FCN=67.9776 FROM MIGRAD    STATUS=CONVERGED      66 CALLS          67 TOTAL
                     EDM=5.20727e-06    STRATEGY= 1      ERROR MATRIX ACCURATE 
  EXT PARAMETER                  PARABOLIC         MINOS ERRORS        
  NO.   NAME      VALUE            ERROR      NEGATIVE      POSITIVE   
   1  p0           5.58351e+05   9.04145e+01                            
   2  p1           5.65193e-01   2.88772e-05                            
   3  p2           4.79499e-05   6.55755e-05                            
   4  p3           9.99726e-04   7.19416e-08                            
                               ERR DEF= 0.5
------------------------------------------
Enering ROOFIt-------
 PARAMETER DEFINITIONS:
    NO.   NAME         VALUE      STEP SIZE      LIMITS
     1 norm         5.58351e+05  1.00000e-01     no limits
     2 Q            5.65000e-01  1.00000e-01     no limits
     3 theta        0.00000e+00  1.00000e-01     no limits
     4 pileup       9.99726e-04  1.00000e-01     no limits
 **********
 **    1 **MIGRAD
 **********
 FIRST CALL TO USER FUNCTION AT NEW START POINT, WITH IFLAG=4.
 START MIGRAD MINIMIZATION.  STRATEGY  1.  CONVERGENCE WHEN EDM .LT. 1.00e-04
 FCN=-2.37857e+11 FROM MIGRAD    STATUS=INITIATE       16 CALLS          17 TOTAL
                     EDM= unknown      STRATEGY= 1      NO ERROR MATRIX       
  EXT PARAMETER               CURRENT GUESS       STEP         FIRST   
  NO.   NAME      VALUE            ERROR          SIZE      DERIVATIVE 
   1  norm         5.58351e+05   1.00000e-01   1.00000e-01  -2.27654e+01
   2  Q            5.65000e-01   1.00000e-01   1.00000e-01  -3.41329e+08
   3  theta        0.00000e+00   1.00000e-01   1.00000e-01   1.32000e+06
   4  pileup       9.99726e-04   1.00000e-01   1.00000e-01  -9.18838e+11
 MIGRAD FAILS TO FIND IMPROVEMENT
 MACHINE ACCURACY LIMITS FURTHER IMPROVEMENT.
 MIGRAD MINIMIZATION HAS CONVERGED.
 FCN=-2.37857e+11 FROM MIGRAD    STATUS=CONVERGED     451 CALLS         452 TOTAL
                     EDM=0.000703246    STRATEGY= 1  ERROR MATRIX UNCERTAINTY   1.3 per cent
  EXT PARAMETER                                   STEP         FIRST   
  NO.   NAME      VALUE            ERROR          SIZE      DERIVATIVE 
   1  norm         5.58943e+05   8.92632e+00  -0.00000e+00  -1.36827e-04
   2  Q            5.65002e-01   4.47496e-13  -0.00000e+00   2.01630e+05
   3  theta        9.59555e-06   1.09628e-04   0.00000e+00   3.12983e+02
   4  pileup       9.99836e-04   8.40664e-08   0.00000e+00  -7.38992e+05
 EXTERNAL ERROR MATRIX.    NDIM=  25    NPAR=  4    ERR DEF=1
  7.968e+01 -1.693e-12  5.471e-04  9.660e-08 
 -1.693e-12  2.003e-25 -4.203e-17 -3.017e-20 
  5.471e-04 -4.203e-17  1.202e-08  5.177e-12 
  9.660e-08 -3.017e-20  5.177e-12  7.067e-15 
 PARAMETER  CORRELATION COEFFICIENTS  
       NO.  GLOBAL      1      2      3      4
        1  0.60949   1.000 -0.424  0.559  0.129
        2  0.94116  -0.424  1.000 -0.857 -0.802
        3  0.89399   0.559 -0.857  1.000  0.562
        4  0.85036   0.129 -0.802  0.562  1.000
 **********
 **    2 **MIGRAD 
 **********
 START MIGRAD MINIMIZATION.  STRATEGY  1.  CONVERGENCE WHEN EDM .LT. 1.00e-04
 FCN=-2.37857e+11 FROM MIGRAD    STATUS=INITIATE       12 CALLS         464 TOTAL
                     EDM=0.000679896    STRATEGY= 1  ERROR MATRIX UNCERTAINTY   1.3 per cent
  EXT PARAMETER                                   STEP         FIRST   
  NO.   NAME      VALUE            ERROR          SIZE      DERIVATIVE 
   1  norm         5.58943e+05   8.92632e+00  -0.00000e+00  -1.36854e-04
   2  Q            5.65002e-01   4.47496e-13  -0.00000e+00   1.21258e+08
   3  theta        9.59555e-06   1.09628e-04   0.00000e+00   3.12981e+02
   4  pileup       9.99836e-04   8.40664e-08   0.00000e+00  -7.38993e+05
 MIGRAD FAILS TO FIND IMPROVEMENT
 MACHINE ACCURACY LIMITS FURTHER IMPROVEMENT.
 MIGRAD MINIMIZATION HAS CONVERGED.
 FCN=-2.37857e+11 FROM MIGRAD    STATUS=CONVERGED      16 CALLS         468 TOTAL
                     EDM=0.000679896    STRATEGY= 1  ERROR MATRIX UNCERTAINTY   1.3 per cent
  EXT PARAMETER                                   STEP         FIRST   
  NO.   NAME      VALUE            ERROR          SIZE      DERIVATIVE 
   1  norm         5.58943e+05   8.92632e+00  -0.00000e+00  -1.36854e-04
   2  Q            5.65002e-01   4.47496e-13  -0.00000e+00   1.21258e+08
   3  theta        9.59555e-06   1.09628e-04   0.00000e+00   3.12981e+02
   4  pileup       9.99836e-04   8.40664e-08   0.00000e+00  -7.38993e+05
 EXTERNAL ERROR MATRIX.    NDIM=  25    NPAR=  4    ERR DEF=1
  7.968e+01 -1.693e-12  5.471e-04  9.660e-08 
 -1.693e-12  2.003e-25 -4.203e-17 -3.017e-20 
  5.471e-04 -4.203e-17  1.202e-08  5.177e-12 
  9.660e-08 -3.017e-20  5.177e-12  7.067e-15 
 PARAMETER  CORRELATION COEFFICIENTS  
       NO.  GLOBAL      1      2      3      4
        1  0.60949   1.000 -0.424  0.559  0.129
        2  0.94116  -0.424  1.000 -0.857 -0.802
        3  0.89399   0.559 -0.857  1.000  0.562
        4  0.85036   0.129 -0.802  0.562  1.000
status of the fit-----000------0
1  558943
2  0.565002
3  9.59555e-06
4  0.000999836
 **********
 **   13 **SET PRINT           2
 **********
 **********
 **   14 **SET NOGRAD
 **********
 PARAMETER DEFINITIONS:
    NO.   NAME         VALUE      STEP SIZE      LIMITS
     1 p0           5.58000e+05  1.67400e+05     no limits
     2 p1           5.65000e-01  1.69500e-01     no limits
     3 p2           0.00000e+00  3.00000e-01     no limits
     4 p3           9.99871e-04  2.99961e-04     no limits
 **********
 **   15 **SET ERR         0.5
 **********
 **********
 **   16 **SET PRINT           2
 **********
 **********
 **   17 **SET STR           1
 **********
 NOW USING STRATEGY  1: TRY TO BALANCE SPEED AGAINST RELIABILITY
 **********
 **   18 **MIGRAD        1480        0.01
 **********
 FIRST CALL TO USER FUNCTION AT NEW START POINT, WITH IFLAG=4.
 START MIGRAD MINIMIZATION.  STRATEGY  1.  CONVERGENCE WHEN EDM .LT. 1.00e-05
 FCN=16970 FROM MIGRAD    STATUS=INITIATE       18 CALLS          19 TOTAL
                     EDM= unknown      STRATEGY= 1      NO ERROR MATRIX       
  EXT PARAMETER               CURRENT GUESS       STEP         FIRST   
  NO.   NAME      VALUE            ERROR          SIZE      DERIVATIVE 
   1  p0           5.58000e+05   1.67400e+05   1.67400e+05  -3.59127e+01
   2  p1           5.65000e-01   1.69500e-01   1.69500e-01  -1.11477e+08
   3  p2           0.00000e+00   3.00000e-01   3.00000e-01   2.05056e+06
   4  p3           9.99871e-04   2.99961e-04   2.99961e-04  -1.01207e+09
                               ERR DEF= 0.5
NO ERROR MATRIX       
 FCN=1287.31 FROM MIGRAD    STATUS=PROGRESS       36 CALLS          37 TOTAL
                     EDM=3780.46    STRATEGY= 1      NO ERROR MATRIX       
  EXT PARAMETER               CURRENT GUESS       STEP         FIRST   
  NO.   NAME      VALUE            ERROR          SIZE      DERIVATIVE 
   1  p0           5.58351e+05   1.67400e+05   3.50864e+02  -2.50066e+00
   2  p1           5.65113e-01   1.69500e-01   1.13141e-04  -7.70117e+06
   3  p2          -2.31585e-03   3.00000e-01  -2.31585e-03  -4.78592e+05
   4  p3           1.00134e-03   2.99961e-04   1.46577e-06   4.74138e+08
                               ERR DEF= 0.5
 FCN=72.5373 FROM MIGRAD    STATUS=PROGRESS      151 CALLS         152 TOTAL
                     EDM=2.27809e-05    STRATEGY= 1  ERROR MATRIX UNCERTAINTY  20.1 per cent
  EXT PARAMETER                APPROXIMATE        STEP         FIRST   
  NO.   NAME      VALUE            ERROR          SIZE      DERIVATIVE 
   1  p0           5.60175e+05   1.62009e+03   2.42021e+01  -3.83503e-04
   2  p1           5.64604e-01   5.21268e-04  -7.79510e-06  -1.20710e+03
   3  p2           1.83474e-05   1.17277e-04  -2.87956e-06   3.59427e+01
   4  p3           9.99941e-04   7.30535e-08  -1.13055e-09   7.24481e+02
                               ERR DEF= 0.5
 EIGENVALUES OF SECOND-DERIVATIVE MATRIX:
        -2.6636e+00  1.1811e-03  9.5173e-01  5.7107e+00
 MINUIT WARNING IN MIGRAD  
 ============== MATRIX FORCED POS-DEF BY ADDING 2.669301 TO DIAGONAL.
 MIGRAD FAILS TO FIND IMPROVEMENT
   START COVARIANCE MATRIX CALCULATION.
 EIGENVALUES OF SECOND-DERIVATIVE MATRIX:
        -7.4280e-04  3.8229e-01  8.8725e-01  2.7312e+00
 MINUIT WARNING IN HESSE   
 ============== MATRIX FORCED POS-DEF BY ADDING 0.003474 TO DIAGONAL.
 FCN=72.5373 FROM HESSE     STATUS=NOT POSDEF     29 CALLS         226 TOTAL
                     EDM=3.36335e-06    STRATEGY= 1      ERR MATRIX NOT POS-DEF
  EXT PARAMETER                APPROXIMATE        STEP         FIRST   
  NO.   NAME      VALUE            ERROR          SIZE      DERIVATIVE 
   1  p0           5.60174e+05   6.93099e+01   2.67112e-01  -1.33121e-04
   2  p1           5.64604e-01   2.23824e-05   2.69224e-07  -4.29590e+02
   3  p2           1.83462e-05   7.17495e-05   3.15290e-07   3.70621e+01
   4  p3           9.99941e-04   7.19403e-08   4.76809e-10   6.52987e+03
                               ERR DEF= 0.5
 PARAMETER  CORRELATION COEFFICIENTS  
       NO.  GLOBAL      1      2      3      4
        1  0.99726   1.000 -0.996 -0.131 -0.065
        2  0.99730  -0.996  1.000  0.176  0.064
        3  0.70035  -0.131  0.176  1.000  0.464
        4  0.54791  -0.065  0.064  0.464  1.000
 ERR MATRIX NOT POS-DEF
 MIGRAD FAILS TO FIND IMPROVEMENT
 MIGRAD MINIMIZATION HAS CONVERGED.
 MIGRAD WILL VERIFY CONVERGENCE AND ERROR MATRIX.
   START COVARIANCE MATRIX CALCULATION.
 EIGENVALUES OF SECOND-DERIVATIVE MATRIX:
        -1.8828e-02  3.7608e-01  8.4923e-01  2.7935e+00
 MINUIT WARNING IN HESSE   
 ============== MATRIX FORCED POS-DEF BY ADDING 0.021621 TO DIAGONAL.
 FCN=72.5373 FROM MIGRAD    STATUS=CONVERGED     266 CALLS         267 TOTAL
                     EDM=5.45837e-07    STRATEGY= 1      ERR MATRIX NOT POS-DEF
  EXT PARAMETER                APPROXIMATE        STEP         FIRST   
  NO.   NAME      VALUE            ERROR          SIZE      DERIVATIVE 
   1  p0           5.60174e+05   7.03713e+01   2.67112e-02  -1.33121e-04
   2  p1           5.64604e-01   2.19653e-05   1.34612e-07  -4.29590e+02
   3  p2           1.83462e-05   7.47175e-05   1.02104e-05   9.78897e+00
   4  p3           9.99941e-04   7.23199e-08   1.05601e-08  -2.35322e+03
                               ERR DEF= 0.5
 EXTERNAL ERROR MATRIX.    NDIM=  25    NPAR=  4    ERR DEF=0.5
  4.952e+03 -1.539e-03  5.960e-04 -2.939e-07 
 -1.539e-03  4.825e-10 -1.036e-10  8.724e-14 
  5.960e-04 -1.036e-10  5.583e-09  2.234e-12 
 -2.939e-07  8.724e-14  2.234e-12  5.230e-15 
ERR MATRIX NOT POS-DEF
 PARAMETER  CORRELATION COEFFICIENTS  
       NO.  GLOBAL      1      2      3      4
        1  0.99729   1.000 -0.996  0.113 -0.058
        2  0.99725  -0.996  1.000 -0.063  0.055
        3  0.69808   0.113 -0.063  1.000  0.413
        4  0.52269  -0.058  0.055  0.413  1.000
 ERR MATRIX NOT POS-DEF
 **********
 **   19 **HESSE        1480
 **********
   START COVARIANCE MATRIX CALCULATION.
 EIGENVALUES OF SECOND-DERIVATIVE MATRIX:
        -3.2518e-02  4.0798e-01  7.7373e-01  2.8508e+00
 MINUIT WARNING IN HESSE   
 ============== MATRIX FORCED POS-DEF BY ADDING 0.035369 TO DIAGONAL.
 FCN=72.5373 FROM HESSE     STATUS=NOT POSDEF     31 CALLS         298 TOTAL
                     EDM=3.8543e-06    STRATEGY= 1      ERR MATRIX NOT POS-DEF
  EXT PARAMETER                APPROXIMATE     INTERNAL      INTERNAL  
  NO.   NAME      VALUE            ERROR       STEP SIZE       VALUE   
   1  p0           5.60174e+05   6.98338e+01   2.67112e-02   5.60174e+05
   2  p1           5.64604e-01   2.12372e-05   1.34612e-07   5.64604e-01
   3  p2           1.83462e-05   8.80123e-05   9.18461e-06   1.83462e-05
   4  p3           9.99941e-04   1.73381e-07   2.60047e-10   9.99941e-04
                               ERR DEF= 0.5
 EXTERNAL ERROR MATRIX.    NDIM=  25    NPAR=  4    ERR DEF=0.5
  4.877e+03 -1.476e-03 -3.438e-03 -1.101e-05 
 -1.476e-03  4.510e-10  1.119e-09  3.329e-12 
 -3.438e-03  1.119e-09  7.746e-09  9.958e-12 
 -1.101e-05  3.329e-12  9.958e-12  3.006e-14 
ERR MATRIX NOT POS-DEF
 PARAMETER  CORRELATION COEFFICIENTS  
       NO.  GLOBAL      1      2      3      4
        1  0.99728   1.000 -0.995 -0.559 -0.910
        2  0.99709  -0.995  1.000  0.599  0.904
        3  0.79712  -0.559  0.599  1.000  0.653
        4  0.93424  -0.910  0.904  0.653  1.000
 ERR MATRIX NOT POS-DEF
 EXTERNAL ERROR MATRIX.    NDIM=   4    NPAR=  4    ERR DEF=0.5
  4.877e+03 -1.476e-03 -3.438e-03 -1.101e-05 
 -1.476e-03  4.510e-10  1.119e-09  3.329e-12 
 -3.438e-03  1.119e-09  7.746e-09  9.958e-12 
 -1.101e-05  3.329e-12  9.958e-12  3.006e-14 
 FCN=72.5373 FROM HESSE     STATUS=NOT POSDEF     31 CALLS         298 TOTAL
                     EDM=3.8543e-06    STRATEGY= 1      ERR MATRIX NOT POS-DEF
  EXT PARAMETER                  PARABOLIC         MINOS ERRORS        
  NO.   NAME      VALUE            ERROR      NEGATIVE      POSITIVE   
   1  p0           5.60174e+05   6.98338e+01                            
   2  p1           5.64604e-01   2.12372e-05                            
   3  p2           1.83462e-05   8.80123e-05                            
   4  p3           9.99941e-04   1.73381e-07                            
                               ERR DEF= 0.5
------------------------------------------
Enering ROOFIt-------
 PARAMETER DEFINITIONS:
    NO.   NAME         VALUE      STEP SIZE      LIMITS
     1 norm         5.60174e+05  1.00000e-01     no limits
     2 Q            5.65000e-01  1.00000e-01     no limits
     3 theta        0.00000e+00  1.00000e-01     no limits
     4 pileup       9.99941e-04  1.00000e-01     no limits
 **********
 **    1 **MIGRAD
 **********
 FIRST CALL TO USER FUNCTION AT NEW START POINT, WITH IFLAG=4.
 START MIGRAD MINIMIZATION.  STRATEGY  1.  CONVERGENCE WHEN EDM .LT. 1.00e-04
 FCN=-2.37857e+11 FROM MIGRAD    STATUS=INITIATE       16 CALLS          17 TOTAL
                     EDM= unknown      STRATEGY= 1      NO ERROR MATRIX       
  EXT PARAMETER               CURRENT GUESS       STEP         FIRST   
  NO.   NAME      VALUE            ERROR          SIZE      DERIVATIVE 
   1  norm         5.60174e+05   1.00000e-01   1.00000e-01   4.69030e+01
   2  Q            5.65000e-01   1.00000e-01   1.00000e-01   7.27416e+08
   3  theta        0.00000e+00   1.00000e-01   1.00000e-01  -2.70509e+06
   4  pileup       9.99941e-04   1.00000e-01   1.00000e-01  -9.16399e+11
 MIGRAD FAILS TO FIND IMPROVEMENT
 EIGENVALUES OF SECOND-DERIVATIVE MATRIX:
        -5.5309e-04  3.8422e-01  9.1707e-01  2.6993e+00
 MINUIT WARNING IN HESSE   
 ============== MATRIX FORCED POS-DEF BY ADDING 0.003252 TO DIAGONAL.
 FCN=-2.37857e+11 FROM HESSE     STATUS=NOT POSDEF     27 CALLS          55 TOTAL
                     EDM=3.64861e+06    STRATEGY= 1      ERR MATRIX NOT POS-DEF
  EXT PARAMETER                APPROXIMATE        STEP         FIRST   
  NO.   NAME      VALUE            ERROR          SIZE      DERIVATIVE 
   1  norm         5.60174e+05   6.92686e+01   2.67112e+00   4.69030e+01
   2  Q            5.65000e-01   6.52450e-06   1.00000e-03   1.46171e+08
   3  theta        0.00000e+00   5.74291e-04   1.85022e-02  -2.72005e+06
   4  pileup       9.99941e-04   9.23037e-08   1.00000e-02   1.31718e+09
 MIGRAD FAILS TO FIND IMPROVEMENT
 MACHINE ACCURACY LIMITS FURTHER IMPROVEMENT.
 MIGRAD MINIMIZATION HAS CONVERGED.
 MIGRAD WILL VERIFY CONVERGENCE AND ERROR MATRIX.
 EIGENVALUES OF SECOND-DERIVATIVE MATRIX:
        -5.2407e-01  3.3324e-01  7.1893e-01  3.4719e+00
 MINUIT WARNING IN HESSE   
 ============== MATRIX FORCED POS-DEF BY ADDING 0.527542 TO DIAGONAL.
 MIGRAD TERMINATED WITHOUT CONVERGENCE.
 FCN=-2.37857e+11 FROM MIGRAD    STATUS=FAILED        354 CALLS         355 TOTAL
                     EDM=109.245    STRATEGY= 1      ERR MATRIX NOT POS-DEF
  EXT PARAMETER                APPROXIMATE        STEP         FIRST   
  NO.   NAME      VALUE            ERROR          SIZE      DERIVATIVE 
   1  norm         5.58691e+05   5.55095e+01   1.72500e+03   5.05507e-02
   2  Q            5.65081e-01   4.84687e-06   5.55017e-04   1.64122e+05
   3  theta        9.99129e-05   5.68862e-04   1.85759e-02  -1.43307e+04
   4  pileup       1.00006e-03   1.78903e-07   2.09878e-05   2.82063e+07
 EXTERNAL ERROR MATRIX.    NDIM=  25    NPAR=  4    ERR DEF=1
  3.081e+03 -2.672e-04 -3.095e-02  8.872e-06 
 -2.672e-04  2.349e-11  2.735e-09 -7.840e-13 
 -3.095e-02  2.735e-09  3.236e-07 -8.966e-11 
  8.872e-06 -7.840e-13 -8.966e-11  3.201e-14 
ERR MATRIX NOT POS-DEF
 PARAMETER  CORRELATION COEFFICIENTS  
       NO.  GLOBAL      1      2      3      4
        1  0.99441   1.000 -0.993 -0.980  0.893
        2  0.99812  -0.993  1.000  0.992 -0.904
        3  0.99383  -0.980  0.992  1.000 -0.881
        4  0.91713   0.893 -0.904 -0.881  1.000
 ERR MATRIX NOT POS-DEF
 **********
 **    2 **MIGRAD 
 **********
 START MIGRAD MINIMIZATION.  STRATEGY  1.  CONVERGENCE WHEN EDM .LT. 1.00e-04
 FCN=-2.37857e+11 FROM MIGRAD    STATUS=INITIATE        8 CALLS         363 TOTAL
                     EDM=36.4694    STRATEGY= 1      ERR MATRIX NOT POS-DEF
  EXT PARAMETER                APPROXIMATE        STEP         FIRST   
  NO.   NAME      VALUE            ERROR          SIZE      DERIVATIVE 
   1  norm         5.58691e+05   5.55095e+01   1.72500e+03   4.03121e-02
   2  Q            5.65081e-01   4.84687e-06   5.55017e-04   1.64183e+05
   3  theta        9.99129e-05   5.68862e-04   1.85759e-02  -1.18672e+04
   4  pileup       1.00006e-03   1.78903e-07   2.09878e-05   2.36971e+07
 MIGRAD FAILS TO FIND IMPROVEMENT
 MACHINE ACCURACY LIMITS FURTHER IMPROVEMENT.
 MIGRAD MINIMIZATION HAS CONVERGED.
 MIGRAD WILL VERIFY CONVERGENCE AND ERROR MATRIX.
 EIGENVALUES OF SECOND-DERIVATIVE MATRIX:
        -7.0873e-04  3.6636e-01  8.5024e-01  2.7841e+00
 MINUIT WARNING IN HESSE   
 ============== MATRIX FORCED POS-DEF BY ADDING 0.003493 TO DIAGONAL.
 FCN=-2.37857e+11 FROM HESSE     STATUS=NOT POSDEF     29 CALLS         433 TOTAL
                     EDM=0.0709335    STRATEGY= 1      ERR MATRIX NOT POS-DEF
  EXT PARAMETER                APPROXIMATE        STEP         FIRST   
  NO.   NAME      VALUE            ERROR          SIZE      DERIVATIVE 
   1  norm         5.58695e+05   9.60439e+01   1.72499e+03   5.96302e-02
   2  Q            5.65081e-01   3.16009e-05   8.74550e-05   1.90977e+05
   3  theta        9.41722e-05   1.19659e-04   1.85758e-02  -5.81221e+03
   4  pileup       9.99954e-04   1.05039e-07   2.09876e-05   4.31928e+06
 MINUIT WARNING IN MIGRAD  
 ============== Negative diagonal element 2 in Error Matrix
 MINUIT WARNING IN MIGRAD  
 ============== 1 added to diagonal of error matrix
 MIGRAD FAILS TO FIND IMPROVEMENT
 MIGRAD TERMINATED WITHOUT CONVERGENCE.
 FCN=-2.37857e+11 FROM MIGRAD    STATUS=FAILED        115 CALLS         470 TOTAL
                     EDM=3.63882e+09    STRATEGY= 1      ERR MATRIX NOT POS-DEF
  EXT PARAMETER                APPROXIMATE        STEP         FIRST   
  NO.   NAME      VALUE            ERROR          SIZE      DERIVATIVE 
   1  norm         5.58703e+05   9.40837e+00  -0.00000e+00  -8.06761e-02
   2  Q            5.65078e-01   1.00000e+00  -0.00000e+00   3.98438e+09
   3  theta        9.95266e-05   1.00000e+00  -0.00000e+00   1.63345e+04
   4  pileup       9.99943e-04   1.00000e+00   0.00000e+00  -2.93805e+07
 EXTERNAL ERROR MATRIX.    NDIM=  25    NPAR=  4    ERR DEF=1
  8.852e+01  3.367e-10  5.129e-04 -1.044e-07 
  3.367e-10  1.000e+00  5.458e-17  1.947e-17 
  5.129e-04  5.458e-17  1.000e+00  5.661e-12 
 -1.044e-07  1.947e-17  5.661e-12  1.000e+00 
ERR MATRIX NOT POS-DEF
 PARAMETER  CORRELATION COEFFICIENTS  
       NO.  GLOBAL      1      2      3      4
        1  0.00005   1.000  0.000  0.000 -0.000
        2  0.00000   0.000  1.000  0.000  0.000
        3  0.00005   0.000  0.000  1.000  0.000
        4  0.00000  -0.000  0.000  0.000  1.000
 ERR MATRIX NOT POS-DEF
status of the fit-----000------4
1  558703
2  0.565078
3  9.95266e-05
4  0.000999943
 PARAMETER DEFINITIONS:
    NO.   NAME         VALUE      STEP SIZE      LIMITS
     1 norm         5.58703e+05  1.00000e-01     no limits
     2 Q            5.65078e-01  1.00000e-01     no limits
     3 theta        9.95266e-05  1.00000e-01     no limits
     4 pileup       9.99943e-04  1.00000e-01     no limits
 **********
 **    3 **MIGRAD
 **********
 FIRST CALL TO USER FUNCTION AT NEW START POINT, WITH IFLAG=4.
 START MIGRAD MINIMIZATION.  STRATEGY  1.  CONVERGENCE WHEN EDM .LT. 1.00e-04
 FCN=-2.37857e+11 FROM MIGRAD    STATUS=INITIATE       16 CALLS         487 TOTAL
                     EDM= unknown      STRATEGY= 1      NO ERROR MATRIX       
  EXT PARAMETER               CURRENT GUESS       STEP         FIRST   
  NO.   NAME      VALUE            ERROR          SIZE      DERIVATIVE 
   1  norm         5.58703e+05   1.00000e-01   1.00000e-01  -1.60257e-02
   2  Q            5.65078e-01   1.00000e-01   1.00000e-01   6.64373e+06
   3  theta        9.95266e-05   1.00000e-01   1.00000e-01   1.63174e+04
   4  pileup       9.99943e-04   1.00000e-01   1.00000e-01  -9.18060e+11
 MIGRAD FAILS TO FIND IMPROVEMENT
 COVARIANCE MATRIX CALCULATED SUCCESSFULLY
 FCN=-2.37857e+11 FROM HESSE     STATUS=OK             29 CALLS         527 TOTAL
                     EDM=8.54867    STRATEGY= 1      ERROR MATRIX ACCURATE 
  EXT PARAMETER                                   STEP         FIRST   
  NO.   NAME      VALUE            ERROR          SIZE      DERIVATIVE 
   1  norm         5.58703e+05   3.16645e+02   2.66410e+00  -1.60658e-02
   2  Q            5.65078e-01   3.02445e-05   1.00000e-03  -4.49722e+04
   3  theta        9.95266e-05   2.64918e-03   1.85639e-02   8.02151e+02
   4  pileup       9.99943e-04   9.24634e-08   1.00000e-02  -1.49240e+06
 MIGRAD FAILS TO FIND IMPROVEMENT
 MACHINE ACCURACY LIMITS FURTHER IMPROVEMENT.
 MIGRAD MINIMIZATION HAS CONVERGED.
 FCN=-2.37857e+11 FROM MIGRAD    STATUS=CONVERGED      78 CALLS         549 TOTAL
                     EDM=12.3462    STRATEGY= 1  ERROR MATRIX UNCERTAINTY   1.4 per cent
  EXT PARAMETER                                   STEP         FIRST   
  NO.   NAME      VALUE            ERROR          SIZE      DERIVATIVE 
   1  norm         5.58703e+05   3.08201e+02   0.00000e+00  -3.73150e-03
   2  Q            5.65078e-01   2.94022e-05  -0.00000e+00  -6.57737e+03
   3  theta        9.72437e-05   2.57619e-03  -0.00000e+00   2.09441e+03
   4  pileup       9.99943e-04   2.42711e-08  -0.00000e+00  -2.99801e+07
 EXTERNAL ERROR MATRIX.    NDIM=  25    NPAR=  4    ERR DEF=1
  9.499e+04 -9.058e-03 -7.925e-01 -7.049e-06 
 -9.058e-03  8.645e-10  7.569e-08  6.786e-13 
 -7.925e-01  7.569e-08  6.637e-06  6.010e-11 
 -7.049e-06  6.786e-13  6.010e-11  5.891e-16 
 PARAMETER  CORRELATION COEFFICIENTS  
       NO.  GLOBAL      1      2      3      4
        1  1.00005   1.000 -1.000 -0.998 -0.942
        2  0.99986  -1.000  1.000  0.999  0.951
        3  1.00006  -0.998  0.999  1.000  0.961
        4  1.00121  -0.942  0.951  0.961  1.000
 **********
 **    4 **MIGRAD 
 **********
 START MIGRAD MINIMIZATION.  STRATEGY  1.  CONVERGENCE WHEN EDM .LT. 1.00e-04
 FCN=-2.37857e+11 FROM MIGRAD    STATUS=INITIATE       12 CALLS         561 TOTAL
                     EDM=3.57671e+09    STRATEGY= 1  ERROR MATRIX UNCERTAINTY   1.4 per cent
  EXT PARAMETER                                   STEP         FIRST   
  NO.   NAME      VALUE            ERROR          SIZE      DERIVATIVE 
   1  norm         5.58703e+05   3.08201e+02   0.00000e+00  -3.78305e-03
   2  Q            5.65078e-01   2.94022e-05  -0.00000e+00   3.98459e+09
   3  theta        9.72437e-05   2.57619e-03  -0.00000e+00   1.51642e+04
   4  pileup       9.99943e-04   2.42711e-08  -0.00000e+00  -2.88185e+07
 MIGRAD FAILS TO FIND IMPROVEMENT
 EIGENVALUES OF SECOND-DERIVATIVE MATRIX:
        -5.2245e-01  3.3404e-01  7.1730e-01  3.4711e+00
 MINUIT WARNING IN HESSE   
 ============== MATRIX FORCED POS-DEF BY ADDING 0.525922 TO DIAGONAL.
 FCN=-2.37857e+11 FROM HESSE     STATUS=NOT POSDEF     29 CALLS         601 TOTAL
                     EDM=0.000900107    STRATEGY= 1      ERR MATRIX NOT POS-DEF
  EXT PARAMETER                APPROXIMATE        STEP         FIRST   
  NO.   NAME      VALUE            ERROR          SIZE      DERIVATIVE 
   1  norm         5.58703e+05   5.51252e+01   5.32821e+01  -3.72864e-03
   2  Q            5.65078e-01   4.86535e-06   5.55012e-04  -6.64772e+03
   3  theta        9.72437e-05   5.72970e-04   1.85735e-02  -3.67001e+02
   4  pileup       9.99943e-04   1.78973e-07   2.09858e-05  -3.87144e+05
 MIGRAD FAILS TO FIND IMPROVEMENT
 MACHINE ACCURACY LIMITS FURTHER IMPROVEMENT.
 MIGRAD MINIMIZATION HAS CONVERGED.
 MIGRAD WILL VERIFY CONVERGENCE AND ERROR MATRIX.
 EIGENVALUES OF SECOND-DERIVATIVE MATRIX:
        -2.2528e-02  3.3293e-01  7.3644e-01  2.9532e+00
 MINUIT WARNING IN HESSE   
 ============== MATRIX FORCED POS-DEF BY ADDING 0.025482 TO DIAGONAL.
 MIGRAD TERMINATED WITHOUT CONVERGENCE.
 FCN=-2.37857e+11 FROM MIGRAD    STATUS=FAILED         91 CALLS         640 TOTAL
                     EDM=0.00350699    STRATEGY= 1      ERR MATRIX NOT POS-DEF
  EXT PARAMETER                APPROXIMATE        STEP         FIRST   
  NO.   NAME      VALUE            ERROR          SIZE      DERIVATIVE 
   1  norm         5.58703e+05   6.44486e+01   1.06564e+01  -3.74439e-03
   2  Q            5.65078e-01   6.76855e-06   3.99131e-03  -6.65362e+03
   3  theta        9.72437e-05   5.71805e-04   7.42939e-04  -3.86122e+02
   4  pileup       9.99943e-04   1.02694e-07   8.39434e-07  -3.42191e+05
 EXTERNAL ERROR MATRIX.    NDIM=  25    NPAR=  4    ERR DEF=1
  4.154e+03 -4.320e-04 -3.535e-02  7.749e-07 
 -4.320e-04  4.581e-11  3.802e-09 -8.478e-14 
 -3.535e-02  3.802e-09  3.270e-07 -2.414e-12 
  7.749e-07 -8.478e-14 -2.414e-12  1.055e-14 
ERR MATRIX NOT POS-DEF
 PARAMETER  CORRELATION COEFFICIENTS  
       NO.  GLOBAL      1      2      3      4
        1  0.99382   1.000 -0.990 -0.959  0.117
        2  0.99766  -0.990  1.000  0.982 -0.122
        3  0.99089  -0.959  0.982  1.000 -0.041
        4  0.53085   0.117 -0.122 -0.041  1.000
 ERR MATRIX NOT POS-DEF
status of the fit-----000------4
1  558703
2  0.565078
3  9.72437e-05
4  0.000999943
 PARAMETER DEFINITIONS:
    NO.   NAME         VALUE      STEP SIZE      LIMITS
     1 norm         5.58703e+05  1.00000e-01     no limits
     2 Q            5.65078e-01  1.00000e-01     no limits
     3 theta        9.72437e-05  1.00000e-01     no limits
     4 pileup       9.99943e-04  1.00000e-01     no limits
 **********
 **    5 **MIGRAD
 **********
 FIRST CALL TO USER FUNCTION AT NEW START POINT, WITH IFLAG=4.
 START MIGRAD MINIMIZATION.  STRATEGY  1.  CONVERGENCE WHEN EDM .LT. 1.00e-04
 FCN=-2.37857e+11 FROM MIGRAD    STATUS=INITIATE       16 CALLS         657 TOTAL
                     EDM= unknown      STRATEGY= 1      NO ERROR MATRIX       
  EXT PARAMETER               CURRENT GUESS       STEP         FIRST   
  NO.   NAME      VALUE            ERROR          SIZE      DERIVATIVE 
   1  norm         5.58703e+05   1.00000e-01   1.00000e-01  -3.72291e-03
   2  Q            5.65078e-01   1.00000e-01   1.00000e-01   6.87385e+06
   3  theta        9.72437e-05   1.00000e-01   1.00000e-01   1.51482e+04
   4  pileup       9.99943e-04   1.00000e-01   1.00000e-01  -9.18060e+11
 MIGRAD FAILS TO FIND IMPROVEMENT
 COVARIANCE MATRIX CALCULATED SUCCESSFULLY
 FCN=-2.37857e+11 FROM HESSE     STATUS=OK             29 CALLS         697 TOTAL
                     EDM=0.00329669    STRATEGY= 1      ERROR MATRIX ACCURATE 
  EXT PARAMETER                                   STEP         FIRST   
  NO.   NAME      VALUE            ERROR          SIZE      DERIVATIVE 
   1  norm         5.58703e+05   1.91763e+02   2.66410e+00  -3.49380e-03
   2  Q            5.65078e-01   1.83297e-05   1.00000e-03  -6.64385e+03
   3  theta        9.72437e-05   1.60930e-03   1.85639e-02  -3.67046e+02
   4  pileup       9.99943e-04   9.24453e-08   1.00000e-02  -9.34211e+05
 MIGRAD FAILS TO FIND IMPROVEMENT
 MACHINE ACCURACY LIMITS FURTHER IMPROVEMENT.
 MIGRAD MINIMIZATION HAS CONVERGED.
 FCN=-2.37857e+11 FROM MIGRAD    STATUS=CONVERGED      63 CALLS         704 TOTAL
                     EDM=0.00329669    STRATEGY= 1      ERROR MATRIX ACCURATE 
  EXT PARAMETER                                   STEP         FIRST   
  NO.   NAME      VALUE            ERROR          SIZE      DERIVATIVE 
   1  norm         5.58703e+05   1.91763e+02  -0.00000e+00  -3.49380e-03
   2  Q            5.65078e-01   1.83297e-05   0.00000e+00  -6.64385e+03
   3  theta        9.72437e-05   1.60930e-03   0.00000e+00  -3.67046e+02
   4  pileup       9.99943e-04   9.24453e-08   0.00000e+00  -9.34211e+05
 EXTERNAL ERROR MATRIX.    NDIM=  25    NPAR=  4    ERR DEF=1
  3.677e+04 -3.511e-03 -3.071e-01 -2.674e-07 
 -3.511e-03  3.360e-10  2.944e-08  1.713e-14 
 -3.071e-01  2.944e-08  2.590e-06  2.469e-12 
 -2.674e-07  1.713e-14  2.469e-12  8.546e-15 
 PARAMETER  CORRELATION COEFFICIENTS  
       NO.  GLOBAL      1      2      3      4
        1  0.99929   1.000 -0.999 -0.995 -0.015
        2  0.99972  -0.999  1.000  0.998  0.010
        3  0.99882  -0.995  0.998  1.000  0.017
        4  0.23286  -0.015  0.010  0.017  1.000
 **********
 **    6 **MIGRAD 
 **********
 START MIGRAD MINIMIZATION.  STRATEGY  1.  CONVERGENCE WHEN EDM .LT. 1.00e-04
 FCN=-2.37857e+11 FROM MIGRAD    STATUS=INITIATE        8 CALLS         712 TOTAL
                     EDM=5.75548    STRATEGY= 1      ERROR MATRIX ACCURATE 
  EXT PARAMETER                                   STEP         FIRST   
  NO.   NAME      VALUE            ERROR          SIZE      DERIVATIVE 
   1  norm         5.58703e+05   1.91763e+02  -0.00000e+00  -3.73150e-03
   2  Q            5.65078e-01   1.83297e-05   0.00000e+00  -6.57707e+03
   3  theta        9.72437e-05   1.60930e-03   0.00000e+00   2.09439e+03
   4  pileup       9.99943e-04   9.24453e-08   0.00000e+00  -2.99801e+07
 MIGRAD FAILS TO FIND IMPROVEMENT
 MACHINE ACCURACY LIMITS FURTHER IMPROVEMENT.
 MIGRAD MINIMIZATION HAS CONVERGED.
 FCN=-2.37857e+11 FROM MIGRAD    STATUS=CONVERGED      19 CALLS         723 TOTAL
                     EDM=5.75548    STRATEGY= 1      ERROR MATRIX ACCURATE 
  EXT PARAMETER                                   STEP         FIRST   
  NO.   NAME      VALUE            ERROR          SIZE      DERIVATIVE 
   1  norm         5.58703e+05   1.91763e+02   0.00000e+00  -3.73150e-03
   2  Q            5.65078e-01   1.83297e-05  -0.00000e+00  -6.57707e+03
   3  theta        9.72437e-05   1.60930e-03  -0.00000e+00   2.09439e+03
   4  pileup       9.99943e-04   9.24453e-08   0.00000e+00  -2.99801e+07
 EXTERNAL ERROR MATRIX.    NDIM=  25    NPAR=  4    ERR DEF=1
  3.677e+04 -3.511e-03 -3.071e-01 -2.674e-07 
 -3.511e-03  3.360e-10  2.944e-08  1.713e-14 
 -3.071e-01  2.944e-08  2.590e-06  2.469e-12 
 -2.674e-07  1.713e-14  2.469e-12  8.546e-15 
 PARAMETER  CORRELATION COEFFICIENTS  
       NO.  GLOBAL      1      2      3      4
        1  0.99929   1.000 -0.999 -0.995 -0.015
        2  0.99972  -0.999  1.000  0.998  0.010
        3  0.99882  -0.995  0.998  1.000  0.017
        4  0.23286  -0.015  0.010  0.017  1.000
status of the fit-----000------0
1  558703
2  0.565078
3  9.72437e-05
4  0.000999943
 **********
 **   20 **SET PRINT           2
 **********
 **********
 **   21 **SET NOGRAD
 **********
 PARAMETER DEFINITIONS:
    NO.   NAME         VALUE      STEP SIZE      LIMITS
     1 p0           5.58000e+05  1.67400e+05     no limits
     2 p1           5.65000e-01  1.69500e-01     no limits
     3 p2           0.00000e+00  3.00000e-01     no limits
     4 p3           9.99871e-04  2.99961e-04     no limits
 **********
 **   22 **SET ERR         0.5
 **********
 **********
 **   23 **SET PRINT           2
 **********
 **********
 **   24 **SET STR           1
 **********
 NOW USING STRATEGY  1: TRY TO BALANCE SPEED AGAINST RELIABILITY
 **********
 **   25 **MIGRAD        1480        0.01
 **********
 FIRST CALL TO USER FUNCTION AT NEW START POINT, WITH IFLAG=4.
 START MIGRAD MINIMIZATION.  STRATEGY  1.  CONVERGENCE WHEN EDM .LT. 1.00e-05
 FCN=17122.6 FROM MIGRAD    STATUS=INITIATE       18 CALLS          19 TOTAL
                     EDM= unknown      STRATEGY= 1      NO ERROR MATRIX       
  EXT PARAMETER               CURRENT GUESS       STEP         FIRST   
  NO.   NAME      VALUE            ERROR          SIZE      DERIVATIVE 
   1  p0           5.58000e+05   1.67400e+05   1.67400e+05  -3.60808e+01
   2  p1           5.65000e-01   1.69500e-01   1.69500e-01  -1.11996e+08
   3  p2           0.00000e+00   3.00000e-01   3.00000e-01   2.04499e+06
   4  p3           9.99871e-04   2.99961e-04   2.99961e-04  -9.69630e+08
                               ERR DEF= 0.5
NO ERROR MATRIX       
 FCN=1354.41 FROM MIGRAD    STATUS=PROGRESS       36 CALLS          37 TOTAL
                     EDM=4095.34    STRATEGY= 1      NO ERROR MATRIX       
  EXT PARAMETER               CURRENT GUESS       STEP         FIRST   
  NO.   NAME      VALUE            ERROR          SIZE      DERIVATIVE 
   1  p0           5.58353e+05   1.67400e+05   3.53423e+02  -2.53541e+00
   2  p1           5.65114e-01   1.69500e-01   1.13964e-04  -7.80759e+06
   3  p2          -2.31562e-03   3.00000e-01  -2.31562e-03  -4.86322e+05
   4  p3           1.00128e-03   2.99961e-04   1.40817e-06   5.07138e+08
                               ERR DEF= 0.5
 FCN=63.66 FROM MIGRAD    STATUS=PROGRESS      164 CALLS         165 TOTAL
                     EDM=0.0679466    STRATEGY= 1  ERROR MATRIX UNCERTAINTY  53.4 per cent
  EXT PARAMETER                APPROXIMATE        STEP         FIRST   
  NO.   NAME      VALUE            ERROR          SIZE      DERIVATIVE 
   1  p0           5.60320e+05   1.34286e+03   6.52794e+02  -4.20944e-02
   2  p1           5.64560e-01   4.33172e-04  -2.10111e-04  -1.30956e+05
   3  p2          -1.43951e-05   1.10750e-04  -2.82560e-05   2.06669e+03
   4  p3           9.99727e-04   6.79478e-08   3.80838e-08  -1.07133e+05
                               ERR DEF= 0.5
 MINUIT WARNING IN MIGRAD  
 ============== Negative diagonal element 1 in Error Matrix
 MINUIT WARNING IN MIGRAD  
 ============== Negative diagonal element 2 in Error Matrix
 MINUIT WARNING IN MIGRAD  
 ============== 90868.9 added to diagonal of error matrix
 EIGENVALUES OF SECOND-DERIVATIVE MATRIX:
         9.9990e-01  1.0000e+00  1.0000e+00  1.0001e+00
 MIGRAD FAILS TO FIND IMPROVEMENT
   START COVARIANCE MATRIX CALCULATION.
 EIGENVALUES OF SECOND-DERIVATIVE MATRIX:
        -1.4172e-03  3.8707e-01  7.9751e-01  2.8168e+00
 MINUIT WARNING IN HESSE   
 ============== MATRIX FORCED POS-DEF BY ADDING 0.004234 TO DIAGONAL.
 FCN=63.3639 FROM HESSE     STATUS=NOT POSDEF     23 CALLS         245 TOTAL
                     EDM=0.0919511    STRATEGY= 1      ERR MATRIX NOT POS-DEF
  EXT PARAMETER                APPROXIMATE        STEP         FIRST   
  NO.   NAME      VALUE            ERROR          SIZE      DERIVATIVE 
   1  p0           5.60510e+05   6.83074e+01   2.67272e-01  -4.75586e-03
   2  p1           5.64499e-01   2.20456e-05   2.69174e-07  -1.49565e+04
   3  p2          -2.49018e-05   8.23649e-05   3.21603e-07   2.26036e+03
   4  p3           9.99723e-04   7.53484e-08   4.76705e-10  -6.26666e+06
                               ERR DEF= 0.5
 PARAMETER  CORRELATION COEFFICIENTS  
       NO.  GLOBAL      1      2      3      4
        1  0.99717   1.000 -0.995 -0.163 -0.175
        2  0.99722  -0.995  1.000  0.219  0.168
        3  0.71738  -0.163  0.219  1.000  0.377
        4  0.51393  -0.175  0.168  0.377  1.000
 ERR MATRIX NOT POS-DEF
 FCN=63.336 FROM MIGRAD    STATUS=PROGRESS      254 CALLS         255 TOTAL
                     EDM=72.0917    STRATEGY= 1      ERR MATRIX NOT POS-DEF
  EXT PARAMETER                APPROXIMATE        STEP         FIRST   
  NO.   NAME      VALUE            ERROR          SIZE      DERIVATIVE 
   1  p0           5.60509e+05   6.83074e+01  -6.36339e-01  -4.13191e-03
   2  p1           5.64499e-01   2.20456e-05   1.66747e-07   5.33208e+05
   3  p2          -2.47468e-05   8.23649e-05   1.55011e-07   1.75923e+03
   4  p3           9.99728e-04   7.53484e-08   5.05194e-09  -5.11414e+06
                               ERR DEF= 0.5
 MIGRAD FAILS TO FIND IMPROVEMENT
 MIGRAD MINIMIZATION HAS CONVERGED.
 MIGRAD WILL VERIFY CONVERGENCE AND ERROR MATRIX.
   START COVARIANCE MATRIX CALCULATION.
 EIGENVALUES OF SECOND-DERIVATIVE MATRIX:
         1.0682e-05  3.5400e-01  8.8027e-01  2.7657e+00
 COVARIANCE MATRIX CALCULATED SUCCESSFULLY
 MIGRAD TERMINATED WITHOUT CONVERGENCE.
 FCN=63.28 FROM MIGRAD    STATUS=FAILED        322 CALLS         323 TOTAL
                     EDM=0.00690596    STRATEGY= 1      ERR MATRIX APPROXIMATE
  EXT PARAMETER                APPROXIMATE        STEP         FIRST   
  NO.   NAME      VALUE            ERROR          SIZE      DERIVATIVE 
   1  p0           5.60510e+05   1.10436e+03   2.67272e-01  -4.49905e-05
   2  p1           5.64499e-01   3.58426e-04   2.69174e-07   8.68104e+00
   3  p2          -2.13837e-05   3.19655e-04   2.85835e-07   9.55100e+01
   4  p3           9.99751e-04   1.54982e-07   4.76718e-10   2.43779e+03
                               ERR DEF= 0.5
 EXTERNAL ERROR MATRIX.    NDIM=  25    NPAR=  4    ERR DEF=0.5
  1.220e+06 -3.958e-01 -3.427e-01 -1.510e-04 
 -3.958e-01  1.285e-07  1.113e-07  4.900e-11 
 -3.427e-01  1.113e-07  1.022e-07  4.510e-11 
 -1.510e-04  4.900e-11  4.510e-11  2.402e-14 
ERR MATRIX APPROXIMATE
 PARAMETER  CORRELATION COEFFICIENTS  
       NO.  GLOBAL      1      2      3      4
        1  0.99999   1.000 -1.000 -0.971 -0.882
        2  0.99999  -1.000  1.000  0.972  0.882
        3  0.98621  -0.971  0.972  1.000  0.910
        4  0.92060  -0.882  0.882  0.910  1.000
 ERR MATRIX APPROXIMATE
 FCN=63.28 FROM MIGRAD    STATUS=FAILED        322 CALLS         323 TOTAL
                     EDM=0.00690596    STRATEGY= 1      ERR MATRIX APPROXIMATE
  EXT PARAMETER                  PARABOLIC         MINOS ERRORS        
  NO.   NAME      VALUE            ERROR      NEGATIVE      POSITIVE   
   1  p0           5.60510e+05   1.10436e+03                            
   2  p1           5.64499e-01   3.58426e-04                            
   3  p2          -2.13837e-05   3.19655e-04                            
   4  p3           9.99751e-04   1.54982e-07                            
                               ERR DEF= 0.5
 **********
 **   26 **SET PRINT           2
 **********
 **********
 **   27 **SET NOGRAD
 **********
 PARAMETER DEFINITIONS:
    NO.   NAME         VALUE      STEP SIZE      LIMITS
     1 p0           5.60510e+05  1.10436e+03     no limits
     2 p1           5.64499e-01  3.58426e-04     no limits
     3 p2          -2.13837e-05  3.19655e-04     no limits
     4 p3           9.99751e-04  1.54982e-07     no limits
 **********
 **   28 **SET ERR         0.5
 **********
 **********
 **   29 **SET PRINT           2
 **********
 **********
 **   30 **SET STR           1
 **********
 NOW USING STRATEGY  1: TRY TO BALANCE SPEED AGAINST RELIABILITY
 **********
 **   31 **MIGRAD        1480        0.01
 **********
 FIRST CALL TO USER FUNCTION AT NEW START POINT, WITH IFLAG=4.
 START MIGRAD MINIMIZATION.  STRATEGY  1.  CONVERGENCE WHEN EDM .LT. 1.00e-05
 FCN=63.28 FROM MIGRAD    STATUS=INITIATE       20 CALLS          21 TOTAL
                     EDM= unknown      STRATEGY= 1      NO ERROR MATRIX       
  EXT PARAMETER               CURRENT GUESS       STEP         FIRST   
  NO.   NAME      VALUE            ERROR          SIZE      DERIVATIVE 
   1  p0           5.60510e+05   1.10436e+03   1.10436e+03  -4.47245e-05
   2  p1           5.64499e-01   3.58426e-04   3.58426e-04   1.60928e+01
   3  p2          -2.13837e-05   3.19655e-04   3.19655e-04   8.36713e+00
   4  p3           9.99751e-04   1.54982e-07   1.54982e-07  -1.11212e+02
                               ERR DEF= 0.5
NO ERROR MATRIX       
 FCN=63.2799 FROM MIGRAD    STATUS=PROGRESS       37 CALLS          38 TOTAL
                     EDM=2.54878e-06    STRATEGY= 1      NO ERROR MATRIX       
  EXT PARAMETER               CURRENT GUESS       STEP         FIRST   
  NO.   NAME      VALUE            ERROR          SIZE      DERIVATIVE 
   1  p0           5.60510e+05   1.10436e+03   2.23783e-03   1.13005e-04
   2  p1           5.64499e-01   3.58426e-04  -8.26209e-11   5.14348e+02
   3  p2          -2.14212e-05   3.19655e-04  -3.75607e-08  -5.72244e+00
   4  p3           9.99751e-04   1.54982e-07   7.71657e-13   6.23841e+03
                               ERR DEF= 0.5
 MIGRAD FAILS TO FIND IMPROVEMENT
 MIGRAD MINIMIZATION HAS CONVERGED.
 MIGRAD WILL VERIFY CONVERGENCE AND ERROR MATRIX.
   START COVARIANCE MATRIX CALCULATION.
 EIGENVALUES OF SECOND-DERIVATIVE MATRIX:
         1.5318e-03  4.7655e-01  8.5411e-01  2.6678e+00
 COVARIANCE MATRIX CALCULATED SUCCESSFULLY
 FCN=63.2799 FROM HESSE     STATUS=OK             29 CALLS          70 TOTAL
                     EDM=9.60422e-06    STRATEGY= 1      ERROR MATRIX ACCURATE 
  EXT PARAMETER                                   STEP         FIRST   
  NO.   NAME      VALUE            ERROR          SIZE      DERIVATIVE 
   1  p0           5.60510e+05   9.30003e+01   2.67272e-01   1.19190e-04
   2  p1           5.64499e-01   2.96743e-05   2.69174e-07   5.08409e+02
   3  p2          -2.14212e-05   6.44007e-05   2.68453e-07   3.48766e+01
   4  p3           9.99751e-04   6.93946e-08   4.76718e-10   1.09684e+04
                               ERR DEF= 0.5
 PARAMETER  CORRELATION COEFFICIENTS  
       NO.  GLOBAL      1      2      3      4
        1  0.99848   1.000 -0.998  0.274  0.266
        2  0.99846  -0.998  1.000 -0.241 -0.272
        3  0.65917   0.274 -0.241  1.000  0.374
        4  0.50720   0.266 -0.272  0.374  1.000
 FCN=63.2799 FROM MIGRAD    STATUS=PROGRESS       90 CALLS          91 TOTAL
                     EDM=2.18993e+06    STRATEGY= 1      ERROR MATRIX ACCURATE 
  EXT PARAMETER                                   STEP         FIRST   
  NO.   NAME      VALUE            ERROR          SIZE      DERIVATIVE 
   1  p0           5.60511e+05   9.30003e+01   1.38437e+00  -6.39513e-04
   2  p1           5.64498e-01   2.96743e-05  -4.59699e-07  -7.05279e+07
   3  p2          -2.20079e-05   6.44007e-05  -5.86670e-07  -4.72889e+01
   4  p3           9.99751e-04   6.93946e-08  -1.44650e-10   7.17820e+03
                               ERR DEF= 0.5
 MIGRAD FAILS TO FIND IMPROVEMENT
 MIGRAD TERMINATED WITHOUT CONVERGENCE.
 FCN=63.2799 FROM MIGRAD    STATUS=FAILED        101 CALLS         102 TOTAL
                     EDM=2.18993e+06    STRATEGY= 1  ERROR MATRIX UNCERTAINTY 100.0 per cent
  EXT PARAMETER                APPROXIMATE        STEP         FIRST   
  NO.   NAME      VALUE            ERROR          SIZE      DERIVATIVE 
   1  p0           5.60511e+05   6.28188e+00  -0.00000e+00  -6.39513e-04
   2  p1           5.64498e-01   8.07350e-08   0.00000e+00  -7.05279e+07
   3  p2          -2.20079e-05   6.25004e-05   0.00000e+00  -4.72889e+01
   4  p3           9.99751e-04   6.67769e-08   0.00000e+00   7.17820e+03
                               ERR DEF= 0.5
 EXTERNAL ERROR MATRIX.    NDIM=  25    NPAR=  4    ERR DEF=0.5
  3.946e+01 -2.028e-08  1.990e-04 -3.743e-08 
 -2.028e-08  6.518e-15  1.552e-15  6.084e-19 
  1.990e-04  1.552e-15  3.906e-09  1.378e-12 
 -3.743e-08  6.084e-19  1.378e-12  4.459e-15 
ERR MATRIX APPROXIMATE
 PARAMETER  CORRELATION COEFFICIENTS  
       NO.  GLOBAL      1      2      3      4
        1  0.57668   1.000 -0.040  0.507 -0.089
        2  0.04908  -0.040  1.000  0.000  0.000
        3  0.63213   0.507  0.000  1.000  0.330
        4  0.44483  -0.089  0.000  0.330  1.000
 ERR MATRIX APPROXIMATE
 FCN=63.2799 FROM MIGRAD    STATUS=FAILED        101 CALLS         102 TOTAL
                     EDM=2.18993e+06    STRATEGY= 1  ERROR MATRIX UNCERTAINTY 100.0 per cent
  EXT PARAMETER                  PARABOLIC         MINOS ERRORS        
  NO.   NAME      VALUE            ERROR      NEGATIVE      POSITIVE   
   1  p0           5.60511e+05   6.28188e+00                            
   2  p1           5.64498e-01   8.07350e-08                            
   3  p2          -2.20079e-05   6.25004e-05                            
   4  p3           9.99751e-04   6.67769e-08                            
                               ERR DEF= 0.5
 **********
 **   32 **SET PRINT           2
 **********
 **********
 **   33 **SET NOGRAD
 **********
 PARAMETER DEFINITIONS:
    NO.   NAME         VALUE      STEP SIZE      LIMITS
     1 p0           5.60511e+05  6.28188e+00     no limits
     2 p1           5.64498e-01  8.07350e-08     no limits
     3 p2          -2.20079e-05  6.25004e-05     no limits
     4 p3           9.99751e-04  6.67769e-08     no limits
 **********
 **   34 **SET ERR         0.5
 **********
 **********
 **   35 **SET PRINT           2
 **********
 **********
 **   36 **SET STR           1
 **********
 NOW USING STRATEGY  1: TRY TO BALANCE SPEED AGAINST RELIABILITY
 **********
 **   37 **MIGRAD        1480        0.01
 **********
 FIRST CALL TO USER FUNCTION AT NEW START POINT, WITH IFLAG=4.
 START MIGRAD MINIMIZATION.  STRATEGY  1.  CONVERGENCE WHEN EDM .LT. 1.00e-05
 FCN=63.2799 FROM MIGRAD    STATUS=INITIATE       12 CALLS          13 TOTAL
                     EDM= unknown      STRATEGY= 1      NO ERROR MATRIX       
  EXT PARAMETER               CURRENT GUESS       STEP         FIRST   
  NO.   NAME      VALUE            ERROR          SIZE      DERIVATIVE 
   1  p0           5.60511e+05   6.28188e+00   6.28188e+00  -6.39513e-04
   2  p1           5.64498e-01   8.07350e-08   8.07350e-08  -7.05279e+07
   3  p2          -2.20079e-05   6.25004e-05   6.25004e-05  -5.56227e+01
   4  p3           9.99751e-04   6.67769e-08   6.67769e-08   7.17820e+03
                               ERR DEF= 0.5
NO ERROR MATRIX       
 FCN=63.2799 FROM MIGRAD    STATUS=PROGRESS       31 CALLS          32 TOTAL
                     EDM=18.9683    STRATEGY= 1      NO ERROR MATRIX       
  EXT PARAMETER               CURRENT GUESS       STEP         FIRST   
  NO.   NAME      VALUE            ERROR          SIZE      DERIVATIVE 
   1  p0           5.60511e+05   6.28188e+00   1.05271e-03   3.72468e-04
   2  p1           5.64498e-01   8.07350e-08   8.40110e-09  -7.05220e+07
   3  p2          -2.19994e-05   6.25004e-05   8.48546e-09  -1.18744e+02
   4  p3           9.99751e-04   6.67769e-08  -1.62351e-12   3.52712e+04
                               ERR DEF= 0.5
 MIGRAD FAILS TO FIND IMPROVEMENT
   START COVARIANCE MATRIX CALCULATION.
 EIGENVALUES OF SECOND-DERIVATIVE MATRIX:
         3.8823e-01  6.7501e-01  9.9940e-01  1.9374e+00
 COVARIANCE MATRIX CALCULATED SUCCESSFULLY
 FCN=63.2799 FROM HESSE     STATUS=OK             29 CALLS          72 TOTAL
                     EDM=18.9531    STRATEGY= 1      ERROR MATRIX ACCURATE 
  EXT PARAMETER                                   STEP         FIRST   
  NO.   NAME      VALUE            ERROR          SIZE      DERIVATIVE 
   1  p0           5.60511e+05   6.39244e+00   2.67272e-01   3.73062e-04
   2  p1           5.64498e-01   4.36853e-08   2.69174e-07  -1.40934e+08
   3  p2          -2.19994e-05   6.71677e-05   2.72537e-07  -1.40279e+02
   4  p3           9.99751e-04   7.15840e-08   4.76718e-10   3.09319e+04
                               ERR DEF= 0.5
 PARAMETER  CORRELATION COEFFICIENTS  
       NO.  GLOBAL      1      2      3      4
        1  0.59520   1.000 -0.021  0.519 -0.095
        2  0.02652  -0.021  1.000 -0.000 -0.000
        3  0.65236   0.519 -0.000  1.000  0.345
        4  0.47018  -0.095 -0.000  0.345  1.000
 FCN=63.2799 FROM MIGRAD    STATUS=PROGRESS       90 CALLS          91 TOTAL
                     EDM=4.74576    STRATEGY= 1      ERROR MATRIX ACCURATE 
  EXT PARAMETER                                   STEP         FIRST   
  NO.   NAME      VALUE            ERROR          SIZE      DERIVATIVE 
   1  p0           5.60511e+05   6.39244e+00  -8.05085e-04   3.74095e-04
   2  p1           5.64498e-01   4.36853e-08   2.62648e-10  -7.05221e+07
   3  p2          -2.19990e-05   6.71677e-05   3.98903e-10  -1.25016e+02
   4  p3           9.99751e-04   7.15840e-08  -1.13761e-15   3.15270e+04
                               ERR DEF= 0.5
 MIGRAD FAILS TO FIND IMPROVEMENT
 MIGRAD TERMINATED WITHOUT CONVERGENCE.
 FCN=63.2799 FROM MIGRAD    STATUS=FAILED        131 CALLS         132 TOTAL
                     EDM=6.05014    STRATEGY= 1  ERROR MATRIX UNCERTAINTY   2.3 per cent
  EXT PARAMETER                APPROXIMATE        STEP         FIRST   
  NO.   NAME      VALUE            ERROR          SIZE      DERIVATIVE 
   1  p0           5.60511e+05   6.76649e+00   0.00000e+00  -2.25009e-04
   2  p1           5.64498e-01   6.18905e-08   0.00000e+00  -7.05533e+07
   3  p2          -2.14140e-05   9.37987e-05   0.00000e+00   3.16418e+01
   4  p3           9.99751e-04   7.28179e-08   0.00000e+00  -2.43164e+04
                               ERR DEF= 0.5
 EXTERNAL ERROR MATRIX.    NDIM=  25    NPAR=  4    ERR DEF=0.5
  4.579e+01  1.804e-07  3.724e-04 -7.072e-09 
  1.804e-07  3.830e-15  5.508e-12  9.688e-16 
  3.724e-04  5.508e-12  8.798e-09  2.862e-12 
 -7.072e-09  9.688e-16  2.862e-12  5.302e-15 
ERR MATRIX APPROXIMATE
 PARAMETER  CORRELATION COEFFICIENTS  
       NO.  GLOBAL      1      2      3      4
        1  0.99660   1.000  0.431  0.587 -0.014
        2  0.99965   0.431  1.000  0.949  0.215
        3  0.99978   0.587  0.949  1.000  0.419
        4  0.99664  -0.014  0.215  0.419  1.000
 ERR MATRIX APPROXIMATE
 FCN=63.2799 FROM MIGRAD    STATUS=FAILED        131 CALLS         132 TOTAL
                     EDM=6.05014    STRATEGY= 1  ERROR MATRIX UNCERTAINTY   2.3 per cent
  EXT PARAMETER                  PARABOLIC         MINOS ERRORS        
  NO.   NAME      VALUE            ERROR      NEGATIVE      POSITIVE   
   1  p0           5.60511e+05   6.76649e+00                            
   2  p1           5.64498e-01   6.18905e-08                            
   3  p2          -2.14140e-05   9.37987e-05                            
   4  p3           9.99751e-04   7.28179e-08                            
                               ERR DEF= 0.5
------------------------------------------
Enering ROOFIt-------
 PARAMETER DEFINITIONS:
    NO.   NAME         VALUE      STEP SIZE      LIMITS
     1 norm         5.60511e+05  1.00000e-01     no limits
     2 Q            5.65000e-01  1.00000e-01     no limits
     3 theta        0.00000e+00  1.00000e-01     no limits
     4 pileup       9.99751e-04  1.00000e-01     no limits
 **********
 **    1 **MIGRAD
 **********
 FIRST CALL TO USER FUNCTION AT NEW START POINT, WITH IFLAG=4.
 START MIGRAD MINIMIZATION.  STRATEGY  1.  CONVERGENCE WHEN EDM .LT. 1.00e-04
 FCN=-2.37858e+11 FROM MIGRAD    STATUS=INITIATE       16 CALLS          17 TOTAL
                     EDM= unknown      STRATEGY= 1      NO ERROR MATRIX       
  EXT PARAMETER               CURRENT GUESS       STEP         FIRST   
  NO.   NAME      VALUE            ERROR          SIZE      DERIVATIVE 
   1  norm         5.60511e+05   1.00000e-01   1.00000e-01   5.93146e+01
   2  Q            5.65000e-01   1.00000e-01   1.00000e-01   9.18219e+08
   3  theta        0.00000e+00   1.00000e-01   1.00000e-01  -3.41992e+06
   4  pileup       9.99751e-04   1.00000e-01   1.00000e-01  -9.15917e+11
 MIGRAD FAILS TO FIND IMPROVEMENT
 EIGENVALUES OF SECOND-DERIVATIVE MATRIX:
        -5.4963e-04  3.8408e-01  9.1713e-01  2.6993e+00
 MINUIT WARNING IN HESSE   
 ============== MATRIX FORCED POS-DEF BY ADDING 0.003249 TO DIAGONAL.
 FCN=-2.37858e+11 FROM HESSE     STATUS=NOT POSDEF     27 CALLS          55 TOTAL
                     EDM=5.82964e+06    STRATEGY= 1      ERR MATRIX NOT POS-DEF
  EXT PARAMETER                APPROXIMATE        STEP         FIRST   
  NO.   NAME      VALUE            ERROR          SIZE      DERIVATIVE 
   1  norm         5.60511e+05   6.93054e+01   2.67272e+00   5.93145e+01
   2  Q            5.65000e-01   6.52289e-06   1.00000e-03   1.84961e+08
   3  theta        0.00000e+00   5.73925e-04   1.84996e-02  -3.43489e+06
   4  pileup       9.99751e-04   9.23117e-08   1.00000e-02   1.66799e+09
 MINUIT WARNING IN MIGRAD  
 ============== Negative diagonal element 2 in Error Matrix
 MINUIT WARNING IN MIGRAD  
 ============== 1 added to diagonal of error matrix
 MIGRAD FAILS TO FIND IMPROVEMENT
 MACHINE ACCURACY LIMITS FURTHER IMPROVEMENT.
 MIGRAD MINIMIZATION HAS CONVERGED.
 MIGRAD WILL VERIFY CONVERGENCE AND ERROR MATRIX.
 EIGENVALUES OF SECOND-DERIVATIVE MATRIX:
        -5.2675e-01  3.3273e-01  7.2069e-01  3.4733e+00
 MINUIT WARNING IN HESSE   
 ============== MATRIX FORCED POS-DEF BY ADDING 0.530220 TO DIAGONAL.
 MIGRAD TERMINATED WITHOUT CONVERGENCE.
 FCN=-2.37858e+11 FROM MIGRAD    STATUS=FAILED        357 CALLS         358 TOTAL
                     EDM=144.068    STRATEGY= 1      ERR MATRIX NOT POS-DEF
  EXT PARAMETER                APPROXIMATE        STEP         FIRST   
  NO.   NAME      VALUE            ERROR          SIZE      DERIVATIVE 
   1  norm         5.58634e+05   5.62182e+01   1.72480e+03   7.20527e-02
   2  Q            5.65102e-01   4.81077e-06   5.55045e-04   2.32493e+05
   3  theta        6.89134e-05   5.61745e-04   1.85904e-02  -1.68316e+04
   4  pileup       9.99840e-04   1.77869e-07   2.09861e-05   2.84211e+07
 EXTERNAL ERROR MATRIX.    NDIM=  25    NPAR=  4    ERR DEF=1
  3.160e+03 -2.687e-04 -3.095e-02  8.926e-06 
 -2.687e-04  2.314e-11  2.680e-09 -7.728e-13 
 -3.095e-02  2.680e-09  3.156e-07 -8.789e-11 
  8.926e-06 -7.728e-13 -8.789e-11  3.164e-14 
ERR MATRIX NOT POS-DEF
 PARAMETER  CORRELATION COEFFICIENTS  
       NO.  GLOBAL      1      2      3      4
        1  0.99456   1.000 -0.993 -0.980  0.893
        2  0.99812  -0.993  1.000  0.992 -0.903
        3  0.99367  -0.980  0.992  1.000 -0.880
        4  0.91629   0.893 -0.903 -0.880  1.000
 ERR MATRIX NOT POS-DEF
 **********
 **    2 **MIGRAD 
 **********
 START MIGRAD MINIMIZATION.  STRATEGY  1.  CONVERGENCE WHEN EDM .LT. 1.00e-04
 FCN=-2.37858e+11 FROM MIGRAD    STATUS=INITIATE        8 CALLS         366 TOTAL
                     EDM=51.0256    STRATEGY= 1      ERR MATRIX NOT POS-DEF
  EXT PARAMETER                APPROXIMATE        STEP         FIRST   
  NO.   NAME      VALUE            ERROR          SIZE      DERIVATIVE 
   1  norm         5.58634e+05   5.62182e+01   1.72480e+03   6.18123e-02
   2  Q            5.65102e-01   4.81077e-06   5.55045e-04   2.32551e+05
   3  theta        6.89134e-05   5.61745e-04   1.85904e-02  -1.43696e+04
   4  pileup       9.99840e-04   1.77869e-07   2.09861e-05   2.39107e+07
 MIGRAD FAILS TO FIND IMPROVEMENT
 MACHINE ACCURACY LIMITS FURTHER IMPROVEMENT.
 MIGRAD MINIMIZATION HAS CONVERGED.
 MIGRAD WILL VERIFY CONVERGENCE AND ERROR MATRIX.
 EIGENVALUES OF SECOND-DERIVATIVE MATRIX:
        -7.0290e-04  3.6632e-01  8.5030e-01  2.7841e+00
 MINUIT WARNING IN HESSE   
 ============== MATRIX FORCED POS-DEF BY ADDING 0.003487 TO DIAGONAL.
 FCN=-2.37858e+11 FROM HESSE     STATUS=NOT POSDEF     29 CALLS         481 TOTAL
                     EDM=0.0942154    STRATEGY= 1      ERR MATRIX NOT POS-DEF
  EXT PARAMETER                APPROXIMATE        STEP         FIRST   
  NO.   NAME      VALUE            ERROR          SIZE      DERIVATIVE 
   1  norm         5.58638e+05   9.60395e+01   1.72480e+03   6.56907e-02
   2  Q            5.65102e-01   3.16008e-05   8.68549e-05   2.11251e+05
   3  theta        6.92563e-05   1.19667e-04   1.85899e-02  -6.83591e+03
   4  pileup       9.99738e-04   1.05023e-07   2.09845e-05   5.07658e+06
 MINUIT WARNING IN MIGRAD  
 ============== Negative diagonal element 2 in Error Matrix
 MINUIT WARNING IN MIGRAD  
 ============== 1 added to diagonal of error matrix
 MIGRAD FAILS TO FIND IMPROVEMENT
 MIGRAD TERMINATED WITHOUT CONVERGENCE.
 FCN=-2.37858e+11 FROM MIGRAD    STATUS=FAILED        160 CALLS         518 TOTAL
                     EDM=3.80391e+09    STRATEGY= 1      ERR MATRIX NOT POS-DEF
  EXT PARAMETER                APPROXIMATE        STEP         FIRST   
  NO.   NAME      VALUE            ERROR          SIZE      DERIVATIVE 
   1  norm         5.58649e+05   9.32206e+00  -0.00000e+00  -8.53907e-02
   2  Q            5.65098e-01   1.00000e+00  -0.00000e+00   4.06788e+09
   3  theta        7.71383e-05   1.00000e+00  -0.00000e+00   1.66875e+04
   4  pileup       9.99724e-04   1.00000e+00   0.00000e+00  -2.97375e+07
 EXTERNAL ERROR MATRIX.    NDIM=  25    NPAR=  4    ERR DEF=1
  8.690e+01  1.030e-09  5.192e-04 -9.164e-08 
  1.030e-09  1.000e+00  3.158e-16  2.058e-17 
  5.192e-04  3.158e-16  1.000e+00  5.756e-12 
 -9.164e-08  2.058e-17  5.756e-12  1.000e+00 
ERR MATRIX NOT POS-DEF
 PARAMETER  CORRELATION COEFFICIENTS  
       NO.  GLOBAL      1      2      3      4
        1  0.00006   1.000  0.000  0.000 -0.000
        2  0.00000   0.000  1.000  0.000  0.000
        3  0.00006   0.000  0.000  1.000  0.000
        4  0.00000  -0.000  0.000  0.000  1.000
 ERR MATRIX NOT POS-DEF
status of the fit-----000------4
1  558649
2  0.565098
3  7.71383e-05
4  0.000999724
 PARAMETER DEFINITIONS:
    NO.   NAME         VALUE      STEP SIZE      LIMITS
     1 norm         5.58649e+05  1.00000e-01     no limits
     2 Q            5.65098e-01  1.00000e-01     no limits
     3 theta        7.71383e-05  1.00000e-01     no limits
     4 pileup       9.99724e-04  1.00000e-01     no limits
 **********
 **    3 **MIGRAD
 **********
 FIRST CALL TO USER FUNCTION AT NEW START POINT, WITH IFLAG=4.
 START MIGRAD MINIMIZATION.  STRATEGY  1.  CONVERGENCE WHEN EDM .LT. 1.00e-04
 FCN=-2.37858e+11 FROM MIGRAD    STATUS=INITIATE       16 CALLS         535 TOTAL
                     EDM= unknown      STRATEGY= 1      NO ERROR MATRIX       
  EXT PARAMETER               CURRENT GUESS       STEP         FIRST   
  NO.   NAME      VALUE            ERROR          SIZE      DERIVATIVE 
   1  norm         5.58649e+05   1.00000e-01   1.00000e-01  -2.07186e-02
   2  Q            5.65098e-01   1.00000e-01   1.00000e-01   6.75261e+06
   3  theta        7.71383e-05   1.00000e-01   1.00000e-01   1.66699e+04
   4  pileup       9.99724e-04   1.00000e-01   1.00000e-01  -9.18013e+11
 MIGRAD FAILS TO FIND IMPROVEMENT
 COVARIANCE MATRIX CALCULATED SUCCESSFULLY
 FCN=-2.37858e+11 FROM HESSE     STATUS=OK             29 CALLS         575 TOTAL
                     EDM=11.4417    STRATEGY= 1      ERROR MATRIX ACCURATE 
  EXT PARAMETER                                   STEP         FIRST   
  NO.   NAME      VALUE            ERROR          SIZE      DERIVATIVE 
   1  norm         5.58649e+05   2.70808e+02   2.66384e+00  -2.08217e-02
   2  Q            5.65098e-01   2.58746e-05   1.00000e-03  -5.82951e+04
   3  theta        7.71383e-05   2.26940e-03   1.85777e-02   1.16356e+03
   4  pileup       9.99724e-04   9.24575e-08   1.00000e-02  -1.84301e+06
 MINUIT WARNING IN MIGRAD  
 ============== Negative diagonal element 2 in Error Matrix
 MINUIT WARNING IN MIGRAD  
 ============== 1 added to diagonal of error matrix
 MIGRAD FAILS TO FIND IMPROVEMENT
 MIGRAD TERMINATED WITHOUT CONVERGENCE.
 FCN=-2.37858e+11 FROM MIGRAD    STATUS=FAILED         98 CALLS         617 TOTAL
                     EDM=2.66072e+09    STRATEGY= 1  ERROR MATRIX UNCERTAINTY 100.0 per cent
  EXT PARAMETER                APPROXIMATE        STEP         FIRST   
  NO.   NAME      VALUE            ERROR          SIZE      DERIVATIVE 
   1  norm         5.58649e+05   9.15152e+00   0.00000e+00  -3.13614e-03
   2  Q            5.65098e-01   1.00000e+00  -0.00000e+00   4.06818e+09
   3  theta        7.38593e-05   1.00000e+00  -0.00000e+00   1.50090e+04
   4  pileup       9.99724e-04   1.00000e+00   0.00000e+00  -2.89317e+07
 EXTERNAL ERROR MATRIX.    NDIM=  25    NPAR=  4    ERR DEF=1
  8.375e+01 -1.808e-09  5.583e-04  6.615e-08 
 -1.808e-09  1.000e+00 -3.203e-14 -2.067e-18 
  5.583e-04 -3.203e-14  1.000e+00  6.384e-13 
  6.615e-08 -2.067e-18  6.384e-13  1.000e+00 
ERR MATRIX APPROXIMATE
 PARAMETER  CORRELATION COEFFICIENTS  
       NO.  GLOBAL      1      2      3      4
        1  0.00006   1.000 -0.000  0.000  0.000
        2  0.00000  -0.000  1.000 -0.000 -0.000
        3  0.00006   0.000 -0.000  1.000  0.000
        4  0.00000   0.000 -0.000  0.000  1.000
 ERR MATRIX APPROXIMATE
 **********
 **    4 **MIGRAD 
 **********
 START MIGRAD MINIMIZATION.  STRATEGY  1.  CONVERGENCE WHEN EDM .LT. 1.00e-04
 FCN=-2.37858e+11 FROM MIGRAD    STATUS=INITIATE       12 CALLS         629 TOTAL
                     EDM=1.13866e+17    STRATEGY= 1  ERROR MATRIX UNCERTAINTY 100.0 per cent
  EXT PARAMETER                APPROXIMATE        STEP         FIRST   
  NO.   NAME      VALUE            ERROR          SIZE      DERIVATIVE 
   1  norm         5.58649e+05   9.15152e+00   0.00000e+00  -9.24520e-03
   2  Q            5.65098e-01   1.00000e+00  -0.00000e+00  -3.24807e+03
   3  theta        7.38593e-05   1.00000e+00  -0.00000e+00   1.50085e+04
   4  pileup       9.99724e-04   1.00000e+00   0.00000e+00  -2.89319e+07
 MIGRAD FAILS TO FIND IMPROVEMENT
 EIGENVALUES OF SECOND-DERIVATIVE MATRIX:
        -6.2333e-04  3.6652e-01  8.4989e-01  2.7842e+00
 MINUIT WARNING IN HESSE   
 ============== MATRIX FORCED POS-DEF BY ADDING 0.003408 TO DIAGONAL.
 FCN=-2.37858e+11 FROM HESSE     STATUS=NOT POSDEF     29 CALLS         669 TOTAL
                     EDM=0.00897757    STRATEGY= 1      ERR MATRIX NOT POS-DEF
  EXT PARAMETER                APPROXIMATE        STEP         FIRST   
  NO.   NAME      VALUE            ERROR          SIZE      DERIVATIVE 
   1  norm         5.58649e+05   9.60293e+01   5.32769e+02  -3.09032e-03
   2  Q            5.65098e-01   3.16014e-05   8.68766e-05  -3.30111e+03
   3  theta        7.38593e-05   1.19955e-04   1.85870e-02  -5.13292e+02
   4  pileup       9.99724e-04   1.05206e-07   2.09843e-05  -4.93719e+05
 MINUIT WARNING IN MIGRAD  
 ============== Negative diagonal element 2 in Error Matrix
 MINUIT WARNING IN MIGRAD  
 ============== 1 added to diagonal of error matrix
 MIGRAD FAILS TO FIND IMPROVEMENT
 MIGRAD TERMINATED WITHOUT CONVERGENCE.
 FCN=-2.37858e+11 FROM MIGRAD    STATUS=FAILED         97 CALLS         714 TOTAL
                     EDM=6.64567e+11    STRATEGY= 1      ERR MATRIX NOT POS-DEF
  EXT PARAMETER                APPROXIMATE        STEP         FIRST   
  NO.   NAME      VALUE            ERROR          SIZE      DERIVATIVE 
   1  norm         5.58730e+05   5.75874e+00  -0.00000e+00  -4.59754e-02
   2  Q            5.65072e-01   1.00000e+00  -0.00000e+00   3.90810e+09
   3  theta        8.79270e-05   1.00000e+00  -0.00000e+00   1.49842e+04
   4  pileup       9.99751e-04   1.00000e+00   0.00000e+00  -2.38322e+07
 EXTERNAL ERROR MATRIX.    NDIM=  25    NPAR=  4    ERR DEF=1
  3.316e+01 -7.771e-10 -1.975e-04 -3.372e-07 
 -7.771e-10  1.000e+00 -3.776e-15  4.998e-17 
 -1.975e-04 -3.776e-15  1.000e+00  7.464e-13 
 -3.372e-07  4.998e-17  7.464e-13  1.000e+00 
ERR MATRIX NOT POS-DEF
 PARAMETER  CORRELATION COEFFICIENTS  
       NO.  GLOBAL      1      2      3      4
        1  0.00003   1.000 -0.000 -0.000 -0.000
        2  0.00000  -0.000  1.000 -0.000  0.000
        3  0.00003  -0.000 -0.000  1.000  0.000
        4  0.00000  -0.000  0.000  0.000  1.000
 ERR MATRIX NOT POS-DEF
status of the fit-----000------4
1  558730
2  0.565072
3  8.7927e-05
4  0.000999751
 PARAMETER DEFINITIONS:
    NO.   NAME         VALUE      STEP SIZE      LIMITS
     1 norm         5.58730e+05  1.00000e-01     no limits
     2 Q            5.65072e-01  1.00000e-01     no limits
     3 theta        8.79270e-05  1.00000e-01     no limits
     4 pileup       9.99751e-04  1.00000e-01     no limits
 **********
 **    5 **MIGRAD
 **********
 FIRST CALL TO USER FUNCTION AT NEW START POINT, WITH IFLAG=4.
 START MIGRAD MINIMIZATION.  STRATEGY  1.  CONVERGENCE WHEN EDM .LT. 1.00e-04
 FCN=-2.37858e+11 FROM MIGRAD    STATUS=INITIATE       16 CALLS         731 TOTAL
                     EDM= unknown      STRATEGY= 1      NO ERROR MATRIX       
  EXT PARAMETER               CURRENT GUESS       STEP         FIRST   
  NO.   NAME      VALUE            ERROR          SIZE      DERIVATIVE 
   1  norm         5.58730e+05   1.00000e-01   1.00000e-01   1.86595e-02
   2  Q            5.65072e-01   1.00000e-01   1.00000e-01   7.33098e+06
   3  theta        8.79270e-05   1.00000e-01   1.00000e-01   1.49681e+04
   4  pileup       9.99751e-04   1.00000e-01   1.00000e-01  -9.18012e+11
 MIGRAD FAILS TO FIND IMPROVEMENT
 COVARIANCE MATRIX CALCULATED SUCCESSFULLY
 FCN=-2.37858e+11 FROM HESSE     STATUS=OK             29 CALLS         771 TOTAL
                     EDM=2.8152    STRATEGY= 1      ERROR MATRIX ACCURATE 
  EXT PARAMETER                                   STEP         FIRST   
  NO.   NAME      VALUE            ERROR          SIZE      DERIVATIVE 
   1  norm         5.58730e+05   1.93582e+02   2.66423e+00   1.86709e-02
   2  Q            5.65072e-01   1.85020e-05   1.00000e-03   6.29595e+04
   3  theta        8.79270e-05   1.62397e-03   1.85597e-02  -5.50674e+02
   4  pileup       9.99751e-04   9.24470e-08   1.00000e-02   4.06141e+06
 MINUIT WARNING IN MIGRAD  
 ============== Negative diagonal element 2 in Error Matrix
 MINUIT WARNING IN MIGRAD  
 ============== Negative diagonal element 3 in Error Matrix
 MINUIT WARNING IN MIGRAD  
 ============== 1 added to diagonal of error matrix
 MIGRAD FAILS TO FIND IMPROVEMENT
 MACHINE ACCURACY LIMITS FURTHER IMPROVEMENT.
 MIGRAD MINIMIZATION HAS CONVERGED.
 MIGRAD WILL VERIFY CONVERGENCE AND ERROR MATRIX.
 EIGENVALUES OF SECOND-DERIVATIVE MATRIX:
        -5.1639e-01  3.3445e-01  7.1552e-01  3.4664e+00
 MINUIT WARNING IN HESSE   
 ============== MATRIX FORCED POS-DEF BY ADDING 0.519860 TO DIAGONAL.
 MIGRAD TERMINATED WITHOUT CONVERGENCE.
 FCN=-2.37858e+11 FROM MIGRAD    STATUS=FAILED        200 CALLS         915 TOTAL
                     EDM=0.249299    STRATEGY= 1      ERR MATRIX NOT POS-DEF
  EXT PARAMETER                APPROXIMATE        STEP         FIRST   
  NO.   NAME      VALUE            ERROR          SIZE      DERIVATIVE 
   1  norm         5.58729e+05   5.40362e+01   1.72508e+03  -3.98876e-03
   2  Q            5.65072e-01   4.91763e-06   5.55005e-04  -6.99425e+03
   3  theta        8.34507e-05   5.84233e-04   1.85690e-02  -1.52411e+02
   4  pileup       9.99751e-04   1.80670e-07   2.09847e-05   4.35800e+06
 EXTERNAL ERROR MATRIX.    NDIM=  25    NPAR=  4    ERR DEF=1
  2.920e+03 -2.638e-04 -3.093e-02  8.730e-06 
 -2.638e-04  2.418e-11  2.851e-09 -8.045e-13 
 -3.093e-02  2.851e-09  3.413e-07 -9.321e-11 
  8.730e-06 -8.045e-13 -9.321e-11  3.264e-14 
ERR MATRIX NOT POS-DEF
 PARAMETER  CORRELATION COEFFICIENTS  
       NO.  GLOBAL      1      2      3      4
        1  0.99407   1.000 -0.993 -0.980  0.894
        2  0.99812  -0.993  1.000  0.992 -0.905
        3  0.99412  -0.980  0.992  1.000 -0.883
        4  0.91841   0.894 -0.905 -0.883  1.000
 ERR MATRIX NOT POS-DEF
 **********
 **    6 **MIGRAD 
 **********
 START MIGRAD MINIMIZATION.  STRATEGY  1.  CONVERGENCE WHEN EDM .LT. 1.00e-04
 FCN=-2.37858e+11 FROM MIGRAD    STATUS=INITIATE        8 CALLS         923 TOTAL
                     EDM=1.10289    STRATEGY= 1      ERR MATRIX NOT POS-DEF
  EXT PARAMETER                APPROXIMATE        STEP         FIRST   
  NO.   NAME      VALUE            ERROR          SIZE      DERIVATIVE 
   1  norm         5.58729e+05   5.40362e+01   1.72508e+03  -1.42288e-02
   2  Q            5.65072e-01   4.91763e-06   5.55005e-04  -6.94014e+03
   3  theta        8.34507e-05   5.84233e-04   1.85690e-02   2.31203e+03
   4  pileup       9.99751e-04   1.80670e-07   2.09847e-05  -1.52916e+05
 MIGRAD FAILS TO FIND IMPROVEMENT
 MACHINE ACCURACY LIMITS FURTHER IMPROVEMENT.
 MIGRAD MINIMIZATION HAS CONVERGED.
 MIGRAD WILL VERIFY CONVERGENCE AND ERROR MATRIX.
 EIGENVALUES OF SECOND-DERIVATIVE MATRIX:
        -2.5277e-04  3.7119e-01  8.5129e-01  2.7778e+00
 MINUIT WARNING IN HESSE   
 ============== MATRIX FORCED POS-DEF BY ADDING 0.003031 TO DIAGONAL.
 FCN=-2.37858e+11 FROM HESSE     STATUS=NOT POSDEF     29 CALLS         962 TOTAL
                     EDM=0.0587681    STRATEGY= 1      ERR MATRIX NOT POS-DEF
  EXT PARAMETER                APPROXIMATE        STEP         FIRST   
  NO.   NAME      VALUE            ERROR          SIZE      DERIVATIVE 
   1  norm         5.58729e+05   9.68262e+01   6.90033e+02  -3.90573e-03
   2  Q            5.65072e-01   3.14495e-05   8.85937e-05  -6.99526e+03
   3  theta        8.34507e-05   1.11864e-04   7.42761e-03  -1.73232e+02
   4  pileup       9.99751e-04   1.04066e-07   8.39387e-06   4.39606e+06
 MINUIT WARNING IN MIGRAD  
 ============== Negative diagonal element 2 in Error Matrix
 MINUIT WARNING IN MIGRAD  
 ============== 1 added to diagonal of error matrix
 MIGRAD FAILS TO FIND IMPROVEMENT
 MIGRAD TERMINATED WITHOUT CONVERGENCE.
 FCN=-2.37858e+11 FROM MIGRAD    STATUS=FAILED         87 CALLS        1002 TOTAL
                     EDM=3.57519e+09    STRATEGY= 1      ERR MATRIX NOT POS-DEF
  EXT PARAMETER                APPROXIMATE        STEP         FIRST   
  NO.   NAME      VALUE            ERROR          SIZE      DERIVATIVE 
   1  norm         5.58784e+05   9.24115e+00  -0.00000e+00  -6.04623e-02
   2  Q            5.65055e-01   1.00000e+00  -0.00000e+00   3.52341e+09
   3  theta        5.64509e-05   1.00000e+00  -0.00000e+00   1.41061e+04
   4  pileup       9.99708e-04   1.00000e+00   0.00000e+00  -3.13384e+07
 EXTERNAL ERROR MATRIX.    NDIM=  25    NPAR=  4    ERR DEF=1
  8.540e+01  2.491e-08  5.500e-04 -1.698e-08 
  2.491e-08  1.000e+00 -1.356e-14  3.987e-17 
  5.500e-04 -1.356e-14  1.000e+00  3.669e-12 
 -1.698e-08  3.987e-17  3.669e-12  1.000e+00 
ERR MATRIX NOT POS-DEF
 PARAMETER  CORRELATION COEFFICIENTS  
       NO.  GLOBAL      1      2      3      4
        1  0.00006   1.000  0.000  0.000 -0.000
        2  0.00000   0.000  1.000 -0.000  0.000
        3  0.00006   0.000 -0.000  1.000  0.000
        4  0.00000  -0.000  0.000  0.000  1.000
 ERR MATRIX NOT POS-DEF
status of the fit-----000------4
1  558784
2  0.565055
3  5.64509e-05
4  0.000999708
