  *******************************************
  *                                         *
  *        W E L C O M E  to  R O O T       *
  *                                         *
  *   Version   5.34/36      5 April 2016   *
  *                                         *
  *  You are welcome to visit our Web site  *
  *          http://root.cern.ch            *
  *                                         *
  *******************************************

ROOT 5.34/36 (v5-34-36@v5-34-36, Apr 05 2016, 10:25:45 on linuxx8664gcc)

CINT/ROOT C/C++ Interpreter version 5.18.00, July 2, 2010
Type ? for help. Commands must be C++ statements.
Enclose multiple statements between { }.
Loading root init file.
The rat/rootinit.C file loaded the DEAP style for you, which is available from the fStyle pointer.
DEAP style applied. 
RAT: Libraries loaded.

Processing /home/fatemigh/projects/rpp-jillings/fatemigh/sterile/Likelihood/LikelihoodSterile_modified6.C+(151)...
pased here
566 lines read from file
31
spec_E  566
Before entering fitting
 **********
 **    1 **SET PRINT           2
 **********
 **********
 **    2 **SET NOGRAD
 **********
 PARAMETER DEFINITIONS:
    NO.   NAME         VALUE      STEP SIZE      LIMITS
     1 p0           5.58000e+05  1.67400e+05     no limits
     2 p1           5.65000e-01  1.69500e-01     no limits
     3 p2           0.00000e+00  3.00000e-01     no limits
     4 p3           9.99871e-04  2.99961e-04     no limits
 **********
 **    3 **SET ERR         0.5
 **********
 **********
 **    4 **SET PRINT           2
 **********
 **********
 **    5 **SET STR           1
 **********
 NOW USING STRATEGY  1: TRY TO BALANCE SPEED AGAINST RELIABILITY
 **********
 **    6 **MIGRAD        1480        0.01
 **********
 FIRST CALL TO USER FUNCTION AT NEW START POINT, WITH IFLAG=4.
 START MIGRAD MINIMIZATION.  STRATEGY  1.  CONVERGENCE WHEN EDM .LT. 1.00e-05
 FCN=17485.5 FROM MIGRAD    STATUS=INITIATE       18 CALLS          19 TOTAL
                     EDM= unknown      STRATEGY= 1      NO ERROR MATRIX       
  EXT PARAMETER               CURRENT GUESS       STEP         FIRST   
  NO.   NAME      VALUE            ERROR          SIZE      DERIVATIVE 
   1  p0           5.58000e+05   1.67400e+05   1.67400e+05  -3.64482e+01
   2  p1           5.65000e-01   1.69500e-01   1.69500e-01  -1.13142e+08
   3  p2           0.00000e+00   3.00000e-01   3.00000e-01   2.08491e+06
   4  p3           9.99871e-04   2.99961e-04   2.99961e-04  -1.02523e+09
                               ERR DEF= 0.5
NO ERROR MATRIX       
 FCN=1325.31 FROM MIGRAD    STATUS=PROGRESS       36 CALLS          37 TOTAL
                     EDM=3885.41    STRATEGY= 1      NO ERROR MATRIX       
  EXT PARAMETER               CURRENT GUESS       STEP         FIRST   
  NO.   NAME      VALUE            ERROR          SIZE      DERIVATIVE 
   1  p0           5.58356e+05   1.67400e+05   3.56096e+02  -2.53103e+00
   2  p1           5.65115e-01   1.69500e-01   1.14833e-04  -7.79745e+06
   3  p2          -2.35465e-03   3.00000e-01  -2.35465e-03  -4.82751e+05
   4  p3           1.00136e-03   2.99961e-04   1.48486e-06   4.82847e+08
                               ERR DEF= 0.5
 MIGRAD MINIMIZATION HAS CONVERGED.
 MIGRAD WILL VERIFY CONVERGENCE AND ERROR MATRIX.
   START COVARIANCE MATRIX CALCULATION.
 EIGENVALUES OF SECOND-DERIVATIVE MATRIX:
        -1.4485e-03  3.4400e-01  8.1430e-01  2.8431e+00
 MINUIT WARNING IN HESSE   
 ============== MATRIX FORCED POS-DEF BY ADDING 0.004292 TO DIAGONAL.
 FCN=81.1381 FROM HESSE     STATUS=NOT POSDEF     31 CALLS         101 TOTAL
                     EDM=0.000108799    STRATEGY= 1      ERR MATRIX NOT POS-DEF
  EXT PARAMETER                APPROXIMATE        STEP         FIRST   
  NO.   NAME      VALUE            ERROR          SIZE      DERIVATIVE 
   1  p0           5.58479e+05   6.80159e+01   2.66304e-01  -5.34720e-05
   2  p1           5.65154e-01   2.18940e-05   2.69487e-07   5.31614e+01
   3  p2           8.82907e-05   8.71549e-05   3.69886e-07  -1.64177e+02
   4  p3           9.99928e-04   7.82725e-08   4.76803e-10   1.27372e+03
                               ERR DEF= 0.5
 PARAMETER  CORRELATION COEFFICIENTS  
       NO.  GLOBAL      1      2      3      4
        1  0.99717   1.000 -0.995 -0.052 -0.163
        2  0.99717  -0.995  1.000  0.110  0.162
        3  0.73585  -0.052  0.110  1.000  0.438
        4  0.55844  -0.163  0.162  0.438  1.000
 ERR MATRIX NOT POS-DEF
 FCN=81.1381 FROM MIGRAD    STATUS=PROGRESS      115 CALLS         116 TOTAL
                     EDM=5.96032e-06    STRATEGY= 1      ERR MATRIX NOT POS-DEF
  EXT PARAMETER                APPROXIMATE        STEP         FIRST   
  NO.   NAME      VALUE            ERROR          SIZE      DERIVATIVE 
   1  p0           5.58479e+05   6.80159e+01   3.58846e-02  -2.72992e-05
   2  p1           5.65154e-01   2.18940e-05  -9.13551e-09   5.83186e+01
   3  p2           8.84483e-05   8.71549e-05   1.57575e-07   1.56508e+01
   4  p3           9.99928e-04   7.82725e-08   5.46932e-11  -2.41340e+03
                               ERR DEF= 0.5
 MINUIT WARNING IN MIGRAD  
 ============== Negative diagonal element 1 in Error Matrix
 MINUIT WARNING IN MIGRAD  
 ============== Negative diagonal element 2 in Error Matrix
 MINUIT WARNING IN MIGRAD  
 ============== 1.7385e+06 added to diagonal of error matrix
 EIGENVALUES OF SECOND-DERIVATIVE MATRIX:
         9.9957e-01  1.0000e+00  1.0000e+00  1.0004e+00
 MIGRAD FAILS TO FIND IMPROVEMENT
 MIGRAD TERMINATED WITHOUT CONVERGENCE.
 FCN=81.1344 FROM MIGRAD    STATUS=FAILED        236 CALLS         237 TOTAL
                     EDM=4.0216e-05    STRATEGY= 1      ERR MATRIX NOT POS-DEF
  EXT PARAMETER                APPROXIMATE        STEP         FIRST   
  NO.   NAME      VALUE            ERROR          SIZE      DERIVATIVE 
   1  p0           5.58607e+05   7.07107e-01  -0.00000e+00   3.88103e-05
   2  p1           5.65113e-01   9.32336e+02  -0.00000e+00   1.37116e+02
   3  p2           8.10386e-05   9.32336e+02  -0.00000e+00   1.86741e+01
   4  p3           9.99928e-04   9.32336e+02   0.00000e+00  -2.61884e+04
                               ERR DEF= 0.5
 EXTERNAL ERROR MATRIX.    NDIM=  25    NPAR=  4    ERR DEF=0.5
  5.000e-01  2.807e-01  5.631e-02  5.457e-06 
  2.807e-01  8.692e+05 -1.810e-08 -1.751e-12 
  5.631e-02 -1.810e-08  8.692e+05  2.440e-12 
  5.457e-06 -1.751e-12  2.440e-12  8.692e+05 
ERR MATRIX NOT POS-DEF
 PARAMETER  CORRELATION COEFFICIENTS  
       NO.  GLOBAL      1      2      3      4
        1  0.00043   1.000  0.000  0.000  0.000
        2  0.00043   0.000  1.000 -0.000 -0.000
        3  0.00009   0.000 -0.000  1.000  0.000
        4  0.00000   0.000 -0.000  0.000  1.000
 ERR MATRIX NOT POS-DEF
 FCN=81.1344 FROM MIGRAD    STATUS=FAILED        236 CALLS         237 TOTAL
                     EDM=4.0216e-05    STRATEGY= 1      ERR MATRIX NOT POS-DEF
  EXT PARAMETER                  PARABOLIC         MINOS ERRORS        
  NO.   NAME      VALUE            ERROR      NEGATIVE      POSITIVE   
   1  p0           5.58607e+05   7.07107e-01                            
   2  p1           5.65113e-01   9.32336e+02                            
   3  p2           8.10386e-05   9.32336e+02                            
   4  p3           9.99928e-04   9.32336e+02                            
                               ERR DEF= 0.5
 **********
 **    7 **SET PRINT           2
 **********
 **********
 **    8 **SET NOGRAD
 **********
 PARAMETER DEFINITIONS:
    NO.   NAME         VALUE      STEP SIZE      LIMITS
     1 p0           5.58607e+05  7.07107e-01     no limits
     2 p1           5.65113e-01  9.32336e+02     no limits
     3 p2           8.10386e-05  9.32336e+02     no limits
     4 p3           9.99928e-04  9.32336e+02     no limits
 **********
 **    9 **SET ERR         0.5
 **********
 **********
 **   10 **SET PRINT           2
 **********
 **********
 **   11 **SET STR           1
 **********
 NOW USING STRATEGY  1: TRY TO BALANCE SPEED AGAINST RELIABILITY
 **********
 **   12 **MIGRAD        1480        0.01
 **********
 FIRST CALL TO USER FUNCTION AT NEW START POINT, WITH IFLAG=4.
 START MIGRAD MINIMIZATION.  STRATEGY  1.  CONVERGENCE WHEN EDM .LT. 1.00e-05
 FCN=81.1344 FROM MIGRAD    STATUS=INITIATE       20 CALLS          21 TOTAL
                     EDM= unknown      STRATEGY= 1      NO ERROR MATRIX       
  EXT PARAMETER               CURRENT GUESS       STEP         FIRST   
  NO.   NAME      VALUE            ERROR          SIZE      DERIVATIVE 
   1  p0           5.58607e+05   7.07107e-01   7.07107e-01   3.88103e-05
   2  p1           5.65113e-01   9.32336e+02   9.32336e+02   5.15340e+10
   3  p2           8.10386e-05   9.32336e+02   9.32336e+02   3.91072e+05
   4  p3           9.99928e-04   9.32336e+02   9.32336e+02  -5.16831e+13
                               ERR DEF= 0.5
NO ERROR MATRIX       
 MIGRAD FAILS TO FIND IMPROVEMENT
   START COVARIANCE MATRIX CALCULATION.
 EIGENVALUES OF SECOND-DERIVATIVE MATRIX:
        -1.0262e+00  8.0883e-01  1.0001e+00  3.2172e+00
 MINUIT WARNING IN HESSE   
 ============== MATRIX FORCED POS-DEF BY ADDING 1.029404 TO DIAGONAL.
 FCN=81.1344 FROM HESSE     STATUS=NOT POSDEF     31 CALLS          63 TOTAL
                     EDM=8.08491e-06    STRATEGY= 1      ERR MATRIX NOT POS-DEF
  EXT PARAMETER                APPROXIMATE        STEP         FIRST   
  NO.   NAME      VALUE            ERROR          SIZE      DERIVATIVE 
   1  p0           5.58607e+05   6.46233e+01   2.66365e-01   4.06280e-05
   2  p1           5.65113e-01   4.52746e-06   9.32336e-02   9.25413e+01
   3  p2           8.10386e-05   1.03447e-04   9.32336e-02   1.81033e+01
   4  p3           9.99928e-04   2.10332e-08   9.32336e-02  -7.97948e+03
                               ERR DEF= 0.5
 PARAMETER  CORRELATION COEFFICIENTS  
       NO.  GLOBAL      1      2      3      4
        1  0.99845   1.000 -0.998  0.925 -0.084
        2  0.99834  -0.998  1.000 -0.920  0.084
        3  0.92720   0.925 -0.920  1.000 -0.075
        4  0.08532  -0.084  0.084 -0.075  1.000
 ERR MATRIX NOT POS-DEF
 MIGRAD FAILS TO FIND IMPROVEMENT
 MIGRAD MINIMIZATION HAS CONVERGED.
 MIGRAD WILL VERIFY CONVERGENCE AND ERROR MATRIX.
   START COVARIANCE MATRIX CALCULATION.
 EIGENVALUES OF SECOND-DERIVATIVE MATRIX:
         8.5444e-05  3.7352e-01  8.5174e-01  2.7747e+00
 COVARIANCE MATRIX CALCULATED SUCCESSFULLY
 FCN=81.1344 FROM MIGRAD    STATUS=CONVERGED     104 CALLS         105 TOTAL
                     EDM=5.62862e-06    STRATEGY= 1      ERROR MATRIX ACCURATE 
  EXT PARAMETER                                   STEP         FIRST   
  NO.   NAME      VALUE            ERROR          SIZE      DERIVATIVE 
   1  p0           5.58607e+05   3.91122e+02   9.90545e-01   4.25132e-05
   2  p1           5.65113e-01   1.26285e-04   3.27246e-07   1.38444e+02
   3  p2           8.10386e-05   8.13330e-05   1.10228e-05   1.95752e+01
   4  p3           9.99928e-04   7.36921e-08   1.24413e-08  -2.59115e+04
                               ERR DEF= 0.5
 EXTERNAL ERROR MATRIX.    NDIM=  25    NPAR=  4    ERR DEF=0.5
  1.530e+05 -4.939e-02 -8.658e-03 -3.458e-07 
 -4.939e-02  1.595e-08  2.886e-09  1.093e-13 
 -8.658e-03  2.886e-09  6.615e-09  2.537e-12 
 -3.458e-07  1.093e-13  2.537e-12  5.431e-15 
 PARAMETER  CORRELATION COEFFICIENTS  
       NO.  GLOBAL      1      2      3      4
        1  0.99991   1.000 -1.000 -0.272 -0.012
        2  0.99991  -1.000  1.000  0.281  0.012
        3  0.73415  -0.272  0.281  1.000  0.423
        4  0.53373  -0.012  0.012  0.423  1.000
 EXTERNAL ERROR MATRIX.    NDIM=   4    NPAR=  4    ERR DEF=0.5
  1.530e+05 -4.939e-02 -8.658e-03 -3.458e-07 
 -4.939e-02  1.595e-08  2.886e-09  1.093e-13 
 -8.658e-03  2.886e-09  6.615e-09  2.537e-12 
 -3.458e-07  1.093e-13  2.537e-12  5.431e-15 
 FCN=81.1344 FROM MIGRAD    STATUS=CONVERGED     104 CALLS         105 TOTAL
                     EDM=5.62862e-06    STRATEGY= 1      ERROR MATRIX ACCURATE 
  EXT PARAMETER                  PARABOLIC         MINOS ERRORS        
  NO.   NAME      VALUE            ERROR      NEGATIVE      POSITIVE   
   1  p0           5.58607e+05   3.91122e+02                            
   2  p1           5.65113e-01   1.26285e-04                            
   3  p2           8.10386e-05   8.13330e-05                            
   4  p3           9.99928e-04   7.36921e-08                            
                               ERR DEF= 0.5
------------------------------------------
Enering ROOFIt-------
 PARAMETER DEFINITIONS:
    NO.   NAME         VALUE      STEP SIZE      LIMITS
     1 norm         5.58607e+05  1.00000e-01     no limits
     2 Q            5.65000e-01  1.00000e-01     no limits
     3 theta        0.00000e+00  1.00000e-01     no limits
     4 pileup       9.99928e-04  1.00000e-01     no limits
 **********
 **    1 **MIGRAD
 **********
 FIRST CALL TO USER FUNCTION AT NEW START POINT, WITH IFLAG=4.
 START MIGRAD MINIMIZATION.  STRATEGY  1.  CONVERGENCE WHEN EDM .LT. 1.00e-04
 FCN=-2.37863e+11 FROM MIGRAD    STATUS=INITIATE       16 CALLS          17 TOTAL
                     EDM= unknown      STRATEGY= 1      NO ERROR MATRIX       
  EXT PARAMETER               CURRENT GUESS       STEP         FIRST   
  NO.   NAME      VALUE            ERROR          SIZE      DERIVATIVE 
   1  norm         5.58607e+05   1.00000e-01   1.00000e-01  -1.32060e+01
   2  Q            5.65000e-01   1.00000e-01   1.00000e-01  -1.94095e+08
   3  theta        0.00000e+00   1.00000e-01   1.00000e-01   7.61833e+05
   4  pileup       9.99928e-04   1.00000e-01   1.00000e-01  -9.18527e+11
 MIGRAD FAILS TO FIND IMPROVEMENT
 MACHINE ACCURACY LIMITS FURTHER IMPROVEMENT.
 MIGRAD MINIMIZATION HAS CONVERGED.
 FCN=-2.37863e+11 FROM MIGRAD    STATUS=CONVERGED     223 CALLS         224 TOTAL
                     EDM=98.1176    STRATEGY= 1  ERROR MATRIX UNCERTAINTY   5.4 per cent
  EXT PARAMETER                                   STEP         FIRST   
  NO.   NAME      VALUE            ERROR          SIZE      DERIVATIVE 
   1  norm         5.58971e+05   9.80337e+00   0.00000e+00  -6.18603e-03
   2  Q            5.64996e-01   3.59821e-08   0.00000e+00  -3.32369e+08
   3  theta        2.62160e-04   1.25556e-04   0.00000e+00   1.25113e+04
   4  pileup       1.00036e-03   3.90607e-08   0.00000e+00   5.32972e+07
 EXTERNAL ERROR MATRIX.    NDIM=  25    NPAR=  4    ERR DEF=1
  9.611e+01  1.156e-07  8.340e-04  6.486e-08 
  1.156e-07  1.295e-15  2.453e-12  5.822e-16 
  8.340e-04  2.453e-12  1.576e-08  1.907e-12 
  6.486e-08  5.822e-16  1.907e-12  1.526e-15 
 PARAMETER  CORRELATION COEFFICIENTS  
       NO.  GLOBAL      1      2      3      4
        1  0.68561   1.000  0.328  0.678  0.169
        2  0.58647   0.328  1.000  0.543  0.414
        3  0.77456   0.678  0.543  1.000  0.389
        4  0.47159   0.169  0.414  0.389  1.000
 **********
 **    2 **MIGRAD 
 **********
 START MIGRAD MINIMIZATION.  STRATEGY  1.  CONVERGENCE WHEN EDM .LT. 1.00e-04
 FCN=-2.37863e+11 FROM MIGRAD    STATUS=INITIATE       12 CALLS         236 TOTAL
                     EDM=2.66888    STRATEGY= 1  ERROR MATRIX UNCERTAINTY   5.4 per cent
  EXT PARAMETER                                   STEP         FIRST   
  NO.   NAME      VALUE            ERROR          SIZE      DERIVATIVE 
   1  norm         5.58971e+05   9.80337e+00   0.00000e+00  -6.19656e-03
   2  Q            5.64996e-01   3.59821e-08   0.00000e+00   1.80132e+05
   3  theta        2.62160e-04   1.25556e-04   0.00000e+00   1.25008e+04
   4  pileup       1.00036e-03   3.90607e-08   0.00000e+00   5.33030e+07
 MIGRAD FAILS TO FIND IMPROVEMENT
 MACHINE ACCURACY LIMITS FURTHER IMPROVEMENT.
 MIGRAD MINIMIZATION HAS CONVERGED.
 FCN=-2.37863e+11 FROM MIGRAD    STATUS=CONVERGED     232 CALLS         456 TOTAL
                     EDM=0.179732    STRATEGY= 1  ERROR MATRIX UNCERTAINTY   1.9 per cent
  EXT PARAMETER                                   STEP         FIRST   
  NO.   NAME      VALUE            ERROR          SIZE      DERIVATIVE 
   1  norm         5.58966e+05   9.10087e+00   0.00000e+00   2.68924e-03
   2  Q            5.64996e-01   5.08043e-11   0.00000e+00  -3.29172e+08
   3  theta        1.28994e-05   1.21379e-04   0.00000e+00  -5.83818e+03
   4  pileup       1.00001e-03   1.07055e-07   0.00000e+00  -3.16349e+06
 EXTERNAL ERROR MATRIX.    NDIM=  25    NPAR=  4    ERR DEF=1
  8.283e+01  9.752e-11  6.201e-04  1.322e-07 
  9.752e-11  2.581e-21  2.818e-15  2.143e-18 
  6.201e-04  2.818e-15  1.473e-08  7.976e-12 
  1.322e-07  2.143e-18  7.976e-12  1.146e-14 
 PARAMETER  CORRELATION COEFFICIENTS  
       NO.  GLOBAL      1      2      3      4
        1  0.62062   1.000  0.211  0.561  0.136
        2  0.47917   0.211  1.000  0.457  0.394
        3  0.79559   0.561  0.457  1.000  0.614
        4  0.67307   0.136  0.394  0.614  1.000
status of the fit-----000------0
1  558966
2  0.564996
3  1.28994e-05
4  0.00100001
 **********
 **   13 **SET PRINT           2
 **********
 **********
 **   14 **SET NOGRAD
 **********
 PARAMETER DEFINITIONS:
    NO.   NAME         VALUE      STEP SIZE      LIMITS
     1 p0           5.58000e+05  1.67400e+05     no limits
     2 p1           5.65000e-01  1.69500e-01     no limits
     3 p2           0.00000e+00  3.00000e-01     no limits
     4 p3           9.99871e-04  2.99961e-04     no limits
 **********
 **   15 **SET ERR         0.5
 **********
 **********
 **   16 **SET PRINT           2
 **********
 **********
 **   17 **SET STR           1
 **********
 NOW USING STRATEGY  1: TRY TO BALANCE SPEED AGAINST RELIABILITY
 **********
 **   18 **MIGRAD        1480        0.01
 **********
 FIRST CALL TO USER FUNCTION AT NEW START POINT, WITH IFLAG=4.
 START MIGRAD MINIMIZATION.  STRATEGY  1.  CONVERGENCE WHEN EDM .LT. 1.00e-05
 FCN=17424.6 FROM MIGRAD    STATUS=INITIATE       18 CALLS          19 TOTAL
                     EDM= unknown      STRATEGY= 1      NO ERROR MATRIX       
  EXT PARAMETER               CURRENT GUESS       STEP         FIRST   
  NO.   NAME      VALUE            ERROR          SIZE      DERIVATIVE 
   1  p0           5.58000e+05   1.67400e+05   1.67400e+05  -3.63921e+01
   2  p1           5.65000e-01   1.69500e-01   1.69500e-01  -1.12971e+08
   3  p2           0.00000e+00   3.00000e-01   3.00000e-01   2.09263e+06
   4  p3           9.99871e-04   2.99961e-04   2.99961e-04  -1.00141e+09
                               ERR DEF= 0.5
NO ERROR MATRIX       
 FCN=1311.65 FROM MIGRAD    STATUS=PROGRESS       36 CALLS          37 TOTAL
                     EDM=3938.34    STRATEGY= 1      NO ERROR MATRIX       
  EXT PARAMETER               CURRENT GUESS       STEP         FIRST   
  NO.   NAME      VALUE            ERROR          SIZE      DERIVATIVE 
   1  p0           5.58356e+05   1.67400e+05   3.55757e+02  -2.51418e+00
   2  p1           5.65115e-01   1.69500e-01   1.14727e-04  -7.74749e+06
   3  p2          -2.36473e-03   3.00000e-01  -2.36473e-03  -4.71926e+05
   4  p3           1.00132e-03   2.99961e-04   1.45135e-06   4.99115e+08
                               ERR DEF= 0.5
 FCN=72.9058 FROM MIGRAD    STATUS=PROGRESS      160 CALLS         161 TOTAL
                     EDM=9.20407e-06    STRATEGY= 1  ERROR MATRIX UNCERTAINTY  22.6 per cent
  EXT PARAMETER                APPROXIMATE        STEP         FIRST   
  NO.   NAME      VALUE            ERROR          SIZE      DERIVATIVE 
   1  p0           5.57443e+05   1.43845e+03  -8.07093e+01   1.04621e-06
   2  p1           5.65488e-01   4.65738e-04   2.61037e-05  -7.66249e+00
   3  p2           2.52073e-05   1.16388e-04   3.56187e-06   3.81443e+01
   4  p3           9.99783e-04   7.38741e-08  -3.68860e-11  -1.48965e+04
                               ERR DEF= 0.5
 MIGRAD FAILS TO FIND IMPROVEMENT
   START COVARIANCE MATRIX CALCULATION.
 EIGENVALUES OF SECOND-DERIVATIVE MATRIX:
         9.1685e-04  4.5100e-01  8.3696e-01  2.7111e+00
 COVARIANCE MATRIX CALCULATED SUCCESSFULLY
 FCN=72.9057 FROM HESSE     STATUS=OK             31 CALLS         220 TOTAL
                     EDM=3.78704e-06    STRATEGY= 1      ERROR MATRIX ACCURATE 
  EXT PARAMETER                                   STEP         FIRST   
  NO.   NAME      VALUE            ERROR          SIZE      DERIVATIVE 
   1  p0           5.57439e+05   1.19105e+02   2.65808e-01  -1.82403e-05
   2  p1           5.65489e-01   3.85934e-05   2.69646e-07  -3.15666e+01
   3  p2           2.51690e-05   6.97010e-05   3.45226e-07  -3.79670e+01
   4  p3           9.99783e-04   7.06331e-08   4.76733e-10   3.24291e+03
                               ERR DEF= 0.5
 PARAMETER  CORRELATION COEFFICIENTS  
       NO.  GLOBAL      1      2      3      4
        1  0.99908   1.000 -0.999 -0.024  0.114
        2  0.99909  -0.999  1.000  0.052 -0.119
        3  0.65063  -0.024  0.052  1.000  0.336
        4  0.47788   0.114 -0.119  0.336  1.000
 MIGRAD FAILS TO FIND IMPROVEMENT
 MIGRAD MINIMIZATION HAS CONVERGED.
 FCN=72.9057 FROM MIGRAD    STATUS=CONVERGED     225 CALLS         226 TOTAL
                     EDM=3.78704e-06    STRATEGY= 1      ERROR MATRIX ACCURATE 
  EXT PARAMETER                                   STEP         FIRST   
  NO.   NAME      VALUE            ERROR          SIZE      DERIVATIVE 
   1  p0           5.57439e+05   1.19105e+02   0.00000e+00  -1.82403e-05
   2  p1           5.65489e-01   3.85934e-05  -0.00000e+00  -3.15666e+01
   3  p2           2.51690e-05   6.97010e-05   0.00000e+00  -3.79670e+01
   4  p3           9.99783e-04   7.06331e-08   0.00000e+00   3.24291e+03
                               ERR DEF= 0.5
 EXTERNAL ERROR MATRIX.    NDIM=  25    NPAR=  4    ERR DEF=0.5
  1.419e+04 -4.590e-03 -2.020e-04  9.628e-07 
 -4.590e-03  1.489e-09  1.395e-10 -3.254e-13 
 -2.020e-04  1.395e-10  4.858e-09  1.652e-12 
  9.628e-07 -3.254e-13  1.652e-12  4.989e-15 
 PARAMETER  CORRELATION COEFFICIENTS  
       NO.  GLOBAL      1      2      3      4
        1  0.99908   1.000 -0.999 -0.024  0.114
        2  0.99909  -0.999  1.000  0.052 -0.119
        3  0.65063  -0.024  0.052  1.000  0.336
        4  0.47788   0.114 -0.119  0.336  1.000
 EXTERNAL ERROR MATRIX.    NDIM=   4    NPAR=  4    ERR DEF=0.5
  1.419e+04 -4.590e-03 -2.020e-04  9.628e-07 
 -4.590e-03  1.489e-09  1.395e-10 -3.254e-13 
 -2.020e-04  1.395e-10  4.858e-09  1.652e-12 
  9.628e-07 -3.254e-13  1.652e-12  4.989e-15 
 FCN=72.9057 FROM MIGRAD    STATUS=CONVERGED     225 CALLS         226 TOTAL
                     EDM=3.78704e-06    STRATEGY= 1      ERROR MATRIX ACCURATE 
  EXT PARAMETER                  PARABOLIC         MINOS ERRORS        
  NO.   NAME      VALUE            ERROR      NEGATIVE      POSITIVE   
   1  p0           5.57439e+05   1.19105e+02                            
   2  p1           5.65489e-01   3.85934e-05                            
   3  p2           2.51690e-05   6.97010e-05                            
   4  p3           9.99783e-04   7.06331e-08                            
                               ERR DEF= 0.5
------------------------------------------
Enering ROOFIt-------
 PARAMETER DEFINITIONS:
    NO.   NAME         VALUE      STEP SIZE      LIMITS
     1 norm         5.57439e+05  1.00000e-01     no limits
     2 Q            5.65000e-01  1.00000e-01     no limits
     3 theta        0.00000e+00  1.00000e-01     no limits
     4 pileup       9.99783e-04  1.00000e-01     no limits
 **********
 **    1 **MIGRAD
 **********
 FIRST CALL TO USER FUNCTION AT NEW START POINT, WITH IFLAG=4.
 START MIGRAD MINIMIZATION.  STRATEGY  1.  CONVERGENCE WHEN EDM .LT. 1.00e-04
 FCN=-2.37861e+11 FROM MIGRAD    STATUS=INITIATE       16 CALLS          17 TOTAL
                     EDM= unknown      STRATEGY= 1      NO ERROR MATRIX       
  EXT PARAMETER               CURRENT GUESS       STEP         FIRST   
  NO.   NAME      VALUE            ERROR          SIZE      DERIVATIVE 
   1  norm         5.57439e+05   1.00000e-01   1.00000e-01  -5.79227e+01
   2  Q            5.65000e-01   1.00000e-01   1.00000e-01  -8.78269e+08
   3  theta        0.00000e+00   1.00000e-01   1.00000e-01   3.34853e+06
   4  pileup       9.99783e-04   1.00000e-01   1.00000e-01  -9.20144e+11
 MIGRAD FAILS TO FIND IMPROVEMENT
 MACHINE ACCURACY LIMITS FURTHER IMPROVEMENT.
 MIGRAD MINIMIZATION HAS CONVERGED.
 FCN=-2.37862e+11 FROM MIGRAD    STATUS=CONVERGED     261 CALLS         262 TOTAL
                     EDM=0.732613    STRATEGY= 1  ERROR MATRIX UNCERTAINTY   1.6 per cent
  EXT PARAMETER                                   STEP         FIRST   
  NO.   NAME      VALUE            ERROR          SIZE      DERIVATIVE 
   1  norm         5.58940e+05   9.76881e+00  -0.00000e+00  -8.36151e-03
   2  Q            5.65004e-01   4.14159e-11  -0.00000e+00   3.01051e+08
   3  theta       -1.12397e-04   1.07948e-04   0.00000e+00   1.35758e+03
   4  pileup       9.99780e-04   3.95757e-08   0.00000e+00  -2.14700e+07
 EXTERNAL ERROR MATRIX.    NDIM=  25    NPAR=  4    ERR DEF=1
  9.543e+01 -2.693e-14  6.131e-04 -5.299e-08 
 -2.693e-14  1.715e-21  4.765e-18  1.970e-20 
  6.131e-04  4.765e-18  1.165e-08  7.803e-13 
 -5.299e-08  1.970e-20  7.803e-13  1.566e-15 
 PARAMETER  CORRELATION COEFFICIENTS  
       NO.  GLOBAL      1      2      3      4
        1  0.63183   1.000 -0.000  0.581 -0.137
        2  0.01243  -0.000  1.000  0.001  0.012
        3  0.63885   0.581  0.001  1.000  0.183
        4  0.35053  -0.137  0.012  0.183  1.000
 **********
 **    2 **MIGRAD 
 **********
 START MIGRAD MINIMIZATION.  STRATEGY  1.  CONVERGENCE WHEN EDM .LT. 1.00e-04
 FCN=-2.37862e+11 FROM MIGRAD    STATUS=INITIATE       12 CALLS         274 TOTAL
                     EDM=0.176016    STRATEGY= 1  ERROR MATRIX UNCERTAINTY   1.6 per cent
  EXT PARAMETER                                   STEP         FIRST   
  NO.   NAME      VALUE            ERROR          SIZE      DERIVATIVE 
   1  norm         5.58940e+05   9.76881e+00  -0.00000e+00  -8.36150e-03
   2  Q            5.65004e-01   4.14159e-11  -0.00000e+00   1.75065e+05
   3  theta       -1.12397e-04   1.07948e-04   0.00000e+00   1.35758e+03
   4  pileup       9.99780e-04   3.95757e-08   0.00000e+00  -2.14700e+07
 MIGRAD FAILS TO FIND IMPROVEMENT
 MACHINE ACCURACY LIMITS FURTHER IMPROVEMENT.
 MIGRAD MINIMIZATION HAS CONVERGED.
 FCN=-2.37862e+11 FROM MIGRAD    STATUS=CONVERGED      23 CALLS         285 TOTAL
                     EDM=0.176016    STRATEGY= 1  ERROR MATRIX UNCERTAINTY   1.6 per cent
  EXT PARAMETER                                   STEP         FIRST   
  NO.   NAME      VALUE            ERROR          SIZE      DERIVATIVE 
   1  norm         5.58940e+05   9.76881e+00  -0.00000e+00  -8.36150e-03
   2  Q            5.65004e-01   4.14159e-11   0.00000e+00   1.75065e+05
   3  theta       -1.12397e-04   1.07948e-04   0.00000e+00   1.35758e+03
   4  pileup       9.99780e-04   3.95757e-08   0.00000e+00  -2.14700e+07
 EXTERNAL ERROR MATRIX.    NDIM=  25    NPAR=  4    ERR DEF=1
  9.543e+01 -2.693e-14  6.131e-04 -5.299e-08 
 -2.693e-14  1.715e-21  4.765e-18  1.970e-20 
  6.131e-04  4.765e-18  1.165e-08  7.803e-13 
 -5.299e-08  1.970e-20  7.803e-13  1.566e-15 
 PARAMETER  CORRELATION COEFFICIENTS  
       NO.  GLOBAL      1      2      3      4
        1  0.63183   1.000 -0.000  0.581 -0.137
        2  0.01243  -0.000  1.000  0.001  0.012
        3  0.63885   0.581  0.001  1.000  0.183
        4  0.35053  -0.137  0.012  0.183  1.000
status of the fit-----000------0
1  558940
2  0.565004
3  -0.000112397
4  0.00099978
 **********
 **   19 **SET PRINT           2
 **********
 **********
 **   20 **SET NOGRAD
 **********
 PARAMETER DEFINITIONS:
    NO.   NAME         VALUE      STEP SIZE      LIMITS
     1 p0           5.58000e+05  1.67400e+05     no limits
     2 p1           5.65000e-01  1.69500e-01     no limits
     3 p2           0.00000e+00  3.00000e-01     no limits
     4 p3           9.99871e-04  2.99961e-04     no limits
 **********
 **   21 **SET ERR         0.5
 **********
 **********
 **   22 **SET PRINT           2
 **********
 **********
 **   23 **SET STR           1
 **********
 NOW USING STRATEGY  1: TRY TO BALANCE SPEED AGAINST RELIABILITY
 **********
 **   24 **MIGRAD        1480        0.01
 **********
 FIRST CALL TO USER FUNCTION AT NEW START POINT, WITH IFLAG=4.
 START MIGRAD MINIMIZATION.  STRATEGY  1.  CONVERGENCE WHEN EDM .LT. 1.00e-05
 FCN=17169.4 FROM MIGRAD    STATUS=INITIATE       18 CALLS          19 TOTAL
                     EDM= unknown      STRATEGY= 1      NO ERROR MATRIX       
  EXT PARAMETER               CURRENT GUESS       STEP         FIRST   
  NO.   NAME      VALUE            ERROR          SIZE      DERIVATIVE 
   1  p0           5.58000e+05   1.67400e+05   1.67400e+05  -3.61218e+01
   2  p1           5.65000e-01   1.69500e-01   1.69500e-01  -1.12127e+08
   3  p2           0.00000e+00   3.00000e-01   3.00000e-01   2.04486e+06
   4  p3           9.99871e-04   2.99961e-04   2.99961e-04  -9.87731e+08
                               ERR DEF= 0.5
NO ERROR MATRIX       
 FCN=1357.28 FROM MIGRAD    STATUS=PROGRESS       36 CALLS          37 TOTAL
                     EDM=4033.53    STRATEGY= 1      NO ERROR MATRIX       
  EXT PARAMETER               CURRENT GUESS       STEP         FIRST   
  NO.   NAME      VALUE            ERROR          SIZE      DERIVATIVE 
   1  p0           5.58354e+05   1.67400e+05   3.53584e+02  -2.54053e+00
   2  p1           5.65114e-01   1.69500e-01   1.14020e-04  -7.82749e+06
   3  p2          -2.31392e-03   3.00000e-01  -2.31392e-03  -4.90515e+05
   4  p3           1.00130e-03   2.99961e-04   1.43340e-06   4.95632e+08
                               ERR DEF= 0.5
 FCN=72.797 FROM MIGRAD    STATUS=PROGRESS      157 CALLS         158 TOTAL
                     EDM=0.332479    STRATEGY= 1  ERROR MATRIX UNCERTAINTY  55.6 per cent
  EXT PARAMETER                APPROXIMATE        STEP         FIRST   
  NO.   NAME      VALUE            ERROR          SIZE      DERIVATIVE 
   1  p0           5.57425e+05   1.72559e+03  -1.98935e+00  -3.91322e-02
   2  p1           5.65494e-01   5.58631e-04   6.44530e-07  -1.22029e+05
   3  p2           2.21119e-04   8.08879e-05   4.50476e-08   3.76051e+03
   4  p3           9.99840e-04   7.46898e-08  -4.54448e-11  -1.27739e+05
                               ERR DEF= 0.5
 MINUIT WARNING IN MIGRAD  
 ============== Negative diagonal element 1 in Error Matrix
 MINUIT WARNING IN MIGRAD  
 ============== Negative diagonal element 2 in Error Matrix
 MINUIT WARNING IN MIGRAD  
 ============== 625003 added to diagonal of error matrix
 EIGENVALUES OF SECOND-DERIVATIVE MATRIX:
         9.9974e-01  1.0000e+00  1.0000e+00  1.0003e+00
 MIGRAD FAILS TO FIND IMPROVEMENT
   START COVARIANCE MATRIX CALCULATION.
 EIGENVALUES OF SECOND-DERIVATIVE MATRIX:
        -5.3246e-04  3.9401e-01  8.3541e-01  2.7711e+00
 MINUIT WARNING IN HESSE   
 ============== MATRIX FORCED POS-DEF BY ADDING 0.003304 TO DIAGONAL.
 FCN=72.7858 FROM HESSE     STATUS=NOT POSDEF     23 CALLS         233 TOTAL
                     EDM=0.0255417    STRATEGY= 1      ERR MATRIX NOT POS-DEF
  EXT PARAMETER                APPROXIMATE        STEP         FIRST   
  NO.   NAME      VALUE            ERROR          SIZE      DERIVATIVE 
   1  p0           5.57407e+05   6.83460e+01   2.65792e-01  -3.35465e-02
   2  p1           5.65500e-01   2.22819e-05   2.69651e-07  -1.04817e+05
   3  p2           2.20754e-04   8.07206e-05   3.34916e-07   3.26849e+03
   4  p3           9.99839e-04   7.40253e-08   4.76760e-10  -1.01506e+05
                               ERR DEF= 0.5
 PARAMETER  CORRELATION COEFFICIENTS  
       NO.  GLOBAL      1      2      3      4
        1  0.99720   1.000 -0.996 -0.232 -0.155
        2  0.99727  -0.996  1.000  0.281  0.150
        3  0.71679  -0.232  0.281  1.000  0.423
        4  0.52861  -0.155  0.150  0.423  1.000
 ERR MATRIX NOT POS-DEF
 FCN=72.7606 FROM MIGRAD    STATUS=PROGRESS      241 CALLS         242 TOTAL
                     EDM=5.44393e-05    STRATEGY= 1      ERR MATRIX NOT POS-DEF
  EXT PARAMETER                APPROXIMATE        STEP         FIRST   
  NO.   NAME      VALUE            ERROR          SIZE      DERIVATIVE 
   1  p0           5.57409e+05   6.83460e+01   1.88929e+00   4.91841e-04
   2  p1           5.65500e-01   2.22819e-05  -4.48872e-07   1.07725e+03
   3  p2           2.09873e-04   8.07206e-05  -1.08810e-05  -4.15542e+01
   4  p3           9.99831e-04   7.40253e-08  -7.98355e-09   3.51334e+04
                               ERR DEF= 0.5
 MINUIT WARNING IN MIGRAD  
 ============== Negative diagonal element 1 in Error Matrix
 MINUIT WARNING IN MIGRAD  
 ============== Negative diagonal element 2 in Error Matrix
 MINUIT WARNING IN MIGRAD  
 ============== 12996.4 added to diagonal of error matrix
 EIGENVALUES OF SECOND-DERIVATIVE MATRIX:
         9.9994e-01  1.0000e+00  1.0000e+00  1.0001e+00
 MIGRAD FAILS TO FIND IMPROVEMENT
 MIGRAD TERMINATED WITHOUT CONVERGENCE.
 FCN=72.7602 FROM MIGRAD    STATUS=FAILED        284 CALLS         285 TOTAL
                     EDM=36.2836    STRATEGY= 1      ERR MATRIX NOT POS-DEF
  EXT PARAMETER                APPROXIMATE        STEP         FIRST   
  NO.   NAME      VALUE            ERROR          SIZE      DERIVATIVE 
   1  p0           5.57406e+05   7.07107e-01  -0.00000e+00  -1.50015e-03
   2  p1           5.65501e-01   8.06115e+01  -0.00000e+00   9.86206e+05
   3  p2           2.11077e-04   8.06115e+01  -0.00000e+00   2.49199e+02
   4  p3           9.99831e-04   8.06115e+01   0.00000e+00  -9.40978e+04
                               ERR DEF= 0.5
 EXTERNAL ERROR MATRIX.    NDIM=  25    NPAR=  4    ERR DEF=0.5
  5.000e-01  2.123e-03  2.556e-03  3.263e-07 
  2.123e-03  6.498e+03 -7.358e-10 -9.674e-14 
  2.556e-03 -7.358e-10  6.498e+03 -3.349e-14 
  3.263e-07 -9.674e-14 -3.349e-14  6.498e+03 
ERR MATRIX NOT POS-DEF
 PARAMETER  CORRELATION COEFFICIENTS  
       NO.  GLOBAL      1      2      3      4
        1  0.00006   1.000  0.000  0.000  0.000
        2  0.00004   0.000  1.000 -0.000 -0.000
        3  0.00004   0.000 -0.000  1.000 -0.000
        4  0.00000   0.000 -0.000 -0.000  1.000
 ERR MATRIX NOT POS-DEF
 FCN=72.7602 FROM MIGRAD    STATUS=FAILED        284 CALLS         285 TOTAL
                     EDM=36.2836    STRATEGY= 1      ERR MATRIX NOT POS-DEF
  EXT PARAMETER                  PARABOLIC         MINOS ERRORS        
  NO.   NAME      VALUE            ERROR      NEGATIVE      POSITIVE   
   1  p0           5.57406e+05   7.07107e-01                            
   2  p1           5.65501e-01   8.06115e+01                            
   3  p2           2.11077e-04   8.06115e+01                            
   4  p3           9.99831e-04   8.06115e+01                            
                               ERR DEF= 0.5
 **********
 **   25 **SET PRINT           2
 **********
 **********
 **   26 **SET NOGRAD
 **********
 PARAMETER DEFINITIONS:
    NO.   NAME         VALUE      STEP SIZE      LIMITS
     1 p0           5.57406e+05  7.07107e-01     no limits
     2 p1           5.65501e-01  8.06115e+01     no limits
     3 p2           2.11077e-04  8.06115e+01     no limits
     4 p3           9.99831e-04  8.06115e+01     no limits
 **********
 **   27 **SET ERR         0.5
 **********
 **********
 **   28 **SET PRINT           2
 **********
 **********
 **   29 **SET STR           1
 **********
 NOW USING STRATEGY  1: TRY TO BALANCE SPEED AGAINST RELIABILITY
 **********
 **   30 **MIGRAD        1480        0.01
 **********
 FIRST CALL TO USER FUNCTION AT NEW START POINT, WITH IFLAG=4.
 START MIGRAD MINIMIZATION.  STRATEGY  1.  CONVERGENCE WHEN EDM .LT. 1.00e-05
 FCN=72.7602 FROM MIGRAD    STATUS=INITIATE       20 CALLS          21 TOTAL
                     EDM= unknown      STRATEGY= 1      NO ERROR MATRIX       
  EXT PARAMETER               CURRENT GUESS       STEP         FIRST   
  NO.   NAME      VALUE            ERROR          SIZE      DERIVATIVE 
   1  p0           5.57406e+05   7.07107e-01   7.07107e-01  -1.50015e-03
   2  p1           5.65501e-01   8.06115e+01   8.06115e+01   3.70116e+09
   3  p2           2.11077e-04   8.06115e+01   8.06115e+01   3.05385e+03
   4  p3           9.99831e-04   8.06115e+01   8.06115e+01  -4.10471e+13
                               ERR DEF= 0.5
NO ERROR MATRIX       
 MIGRAD FAILS TO FIND IMPROVEMENT
   START COVARIANCE MATRIX CALCULATION.
 EIGENVALUES OF SECOND-DERIVATIVE MATRIX:
        -8.8276e-02  3.9560e-01  9.9771e-01  2.6950e+00
 MINUIT WARNING IN HESSE   
 ============== MATRIX FORCED POS-DEF BY ADDING 0.090971 TO DIAGONAL.
 FCN=72.7602 FROM HESSE     STATUS=NOT POSDEF     29 CALLS          61 TOTAL
                     EDM=0.0094533    STRATEGY= 1      ERR MATRIX NOT POS-DEF
  EXT PARAMETER                APPROXIMATE        STEP         FIRST   
  NO.   NAME      VALUE            ERROR          SIZE      DERIVATIVE 
   1  p0           5.57406e+05   5.45767e+01   2.65792e-01  -1.48421e-03
   2  p1           5.65501e-01   5.01287e-06   8.06115e-03  -5.09708e+03
   3  p2           2.11077e-04   3.42144e-04   8.06115e-03   2.43903e+02
   4  p3           9.99831e-04   9.46315e-09   8.06115e-03  -1.07682e+05
                               ERR DEF= 0.5
 PARAMETER  CORRELATION COEFFICIENTS  
       NO.  GLOBAL      1      2      3      4
        1  0.99598   1.000 -0.994 -0.964 -0.027
        2  0.99793  -0.994  1.000  0.982  0.026
        3  0.98764  -0.964  0.982  1.000  0.029
        4  0.04489  -0.027  0.026  0.029  1.000
 ERR MATRIX NOT POS-DEF
 FCN=72.7602 FROM MIGRAD    STATUS=PROGRESS       71 CALLS          72 TOTAL
                     EDM=12.384    STRATEGY= 1      ERR MATRIX NOT POS-DEF
  EXT PARAMETER                APPROXIMATE        STEP         FIRST   
  NO.   NAME      VALUE            ERROR          SIZE      DERIVATIVE 
   1  p0           5.57406e+05   5.45767e+01   4.97225e-02   5.43337e-04
   2  p1           5.65501e-01   5.01287e-06  -4.59482e-09   9.93971e+05
   3  p2           2.10764e-04   3.42144e-04  -3.12630e-07   7.01679e+01
   4  p3           9.99831e-04   9.46315e-09  -1.86649e-13  -6.79599e+03
                               ERR DEF= 0.5
 MINUIT WARNING IN MIGRAD  
 ============== Negative diagonal element 2 in Error Matrix
 MINUIT WARNING IN MIGRAD  
 ============== 1 added to diagonal of error matrix
 EIGENVALUES OF SECOND-DERIVATIVE MATRIX:
         9.9995e-01  1.0000e+00  1.0000e+00  1.0001e+00
 MIGRAD FAILS TO FIND IMPROVEMENT
 MIGRAD TERMINATED WITHOUT CONVERGENCE.
 FCN=72.7602 FROM MIGRAD    STATUS=FAILED         82 CALLS          83 TOTAL
                     EDM=12.384    STRATEGY= 1      ERR MATRIX NOT POS-DEF
  EXT PARAMETER                APPROXIMATE        STEP         FIRST   
  NO.   NAME      VALUE            ERROR          SIZE      DERIVATIVE 
   1  p0           5.57406e+05   5.98482e+00  -0.00000e+00   5.43337e-04
   2  p1           5.65501e-01   7.07107e-01  -0.00000e+00   9.93971e+05
   3  p2           2.10764e-04   7.07107e-01  -0.00000e+00   7.01679e+01
   4  p3           9.99831e-04   7.07107e-01   0.00000e+00  -6.79599e+03
                               ERR DEF= 0.5
 EXTERNAL ERROR MATRIX.    NDIM=  25    NPAR=  4    ERR DEF=0.5
  3.582e+01  1.564e-08  2.154e-04 -8.277e-10 
  1.564e-08  5.000e-01 -1.284e-14 -5.637e-18 
  2.154e-04 -1.284e-14  5.000e-01  1.097e-14 
 -8.277e-10 -5.637e-18  1.097e-14  5.000e-01 
ERR MATRIX NOT POS-DEF
 PARAMETER  CORRELATION COEFFICIENTS  
       NO.  GLOBAL      1      2      3      4
        1  0.00005   1.000  0.000  0.000 -0.000
        2  0.00000   0.000  1.000 -0.000 -0.000
        3  0.00005   0.000 -0.000  1.000  0.000
        4  0.00000  -0.000 -0.000  0.000  1.000
 ERR MATRIX NOT POS-DEF
 FCN=72.7602 FROM MIGRAD    STATUS=FAILED         82 CALLS          83 TOTAL
                     EDM=12.384    STRATEGY= 1      ERR MATRIX NOT POS-DEF
  EXT PARAMETER                  PARABOLIC         MINOS ERRORS        
  NO.   NAME      VALUE            ERROR      NEGATIVE      POSITIVE   
   1  p0           5.57406e+05   5.98482e+00                            
   2  p1           5.65501e-01   7.07107e-01                            
   3  p2           2.10764e-04   7.07107e-01                            
   4  p3           9.99831e-04   7.07107e-01                            
                               ERR DEF= 0.5
 **********
 **   31 **SET PRINT           2
 **********
 **********
 **   32 **SET NOGRAD
 **********
 PARAMETER DEFINITIONS:
    NO.   NAME         VALUE      STEP SIZE      LIMITS
     1 p0           5.57406e+05  5.98482e+00     no limits
     2 p1           5.65501e-01  7.07107e-01     no limits
     3 p2           2.10764e-04  7.07107e-01     no limits
     4 p3           9.99831e-04  7.07107e-01     no limits
 **********
 **   33 **SET ERR         0.5
 **********
 **********
 **   34 **SET PRINT           2
 **********
 **********
 **   35 **SET STR           1
 **********
 NOW USING STRATEGY  1: TRY TO BALANCE SPEED AGAINST RELIABILITY
 **********
 **   36 **MIGRAD        1480        0.01
 **********
 FIRST CALL TO USER FUNCTION AT NEW START POINT, WITH IFLAG=4.
 START MIGRAD MINIMIZATION.  STRATEGY  1.  CONVERGENCE WHEN EDM .LT. 1.00e-05
 FCN=72.7602 FROM MIGRAD    STATUS=INITIATE       20 CALLS          21 TOTAL
                     EDM= unknown      STRATEGY= 1      NO ERROR MATRIX       
  EXT PARAMETER               CURRENT GUESS       STEP         FIRST   
  NO.   NAME      VALUE            ERROR          SIZE      DERIVATIVE 
   1  p0           5.57406e+05   5.98482e+00   5.98482e+00   5.43337e-04
   2  p1           5.65501e-01   7.07107e-01   7.07107e-01   1.62400e+10
   3  p2           2.10764e-04   7.07107e-01   7.07107e-01   7.24212e+01
   4  p3           9.99831e-04   7.07107e-01   7.07107e-01  -3.24127e+08
                               ERR DEF= 0.5
NO ERROR MATRIX       
 MIGRAD FAILS TO FIND IMPROVEMENT
   START COVARIANCE MATRIX CALCULATION.
 EIGENVALUES OF SECOND-DERIVATIVE MATRIX:
        -3.9666e-01  4.8153e-01  6.6955e-01  3.2456e+00
 MINUIT WARNING IN HESSE   
 ============== MATRIX FORCED POS-DEF BY ADDING 0.399905 TO DIAGONAL.
 FCN=72.7602 FROM HESSE     STATUS=NOT POSDEF     27 CALLS          59 TOTAL
                     EDM=0.00104554    STRATEGY= 1      ERR MATRIX NOT POS-DEF
  EXT PARAMETER                APPROXIMATE        STEP         FIRST   
  NO.   NAME      VALUE            ERROR          SIZE      DERIVATIVE 
   1  p0           5.57406e+05   6.98243e+00   2.65792e-01   5.23927e-04
   2  p1           5.65501e-01   6.05913e-07   7.07107e-05   1.22167e+03
   3  p2           2.10764e-04   6.49919e-04   7.07107e-05   7.08151e+01
   4  p3           9.99831e-04   1.41591e-07   7.07107e-05  -1.12152e+04
                               ERR DEF= 0.5
 PARAMETER  CORRELATION COEFFICIENTS  
       NO.  GLOBAL      1      2      3      4
        1  0.78525   1.000 -0.721 -0.695  0.635
        2  0.99788  -0.721  1.000  0.996 -0.915
        3  0.99734  -0.695  0.996  1.000 -0.901
        4  0.92837   0.635 -0.915 -0.901  1.000
 ERR MATRIX NOT POS-DEF
 FCN=72.7602 FROM MIGRAD    STATUS=PROGRESS       69 CALLS          70 TOTAL
                     EDM=0.180306    STRATEGY= 1      ERR MATRIX NOT POS-DEF
  EXT PARAMETER                APPROXIMATE        STEP         FIRST   
  NO.   NAME      VALUE            ERROR          SIZE      DERIVATIVE 
   1  p0           5.57406e+05   6.98243e+00   1.22351e-03   9.79044e-04
   2  p1           5.65501e-01   6.05913e-07  -1.61351e-10   9.96439e+05
   3  p2           2.10590e-04   6.49919e-04  -1.73973e-07   8.04040e+00
   4  p3           9.99831e-04   1.41591e-07   3.44000e-11   2.73555e+04
                               ERR DEF= 0.5
 MINUIT WARNING IN MIGRAD  
 ============== Negative diagonal element 2 in Error Matrix
 MINUIT WARNING IN MIGRAD  
 ============== 1 added to diagonal of error matrix
 EIGENVALUES OF SECOND-DERIVATIVE MATRIX:
         9.9997e-01  1.0000e+00  1.0000e+00  1.0000e+00
 MIGRAD FAILS TO FIND IMPROVEMENT
 MIGRAD TERMINATED WITHOUT CONVERGENCE.
 FCN=72.7602 FROM MIGRAD    STATUS=FAILED         80 CALLS          81 TOTAL
                     EDM=0.180306    STRATEGY= 1      ERR MATRIX NOT POS-DEF
  EXT PARAMETER                APPROXIMATE        STEP         FIRST   
  NO.   NAME      VALUE            ERROR          SIZE      DERIVATIVE 
   1  p0           5.57406e+05   4.89472e+00  -0.00000e+00   9.79044e-04
   2  p1           5.65501e-01   7.07107e-01  -0.00000e+00   9.96439e+05
   3  p2           2.10590e-04   7.07107e-01  -0.00000e+00   8.04040e+00
   4  p3           9.99831e-04   7.07107e-01  -0.00000e+00   2.73555e+04
                               ERR DEF= 0.5
 EXTERNAL ERROR MATRIX.    NDIM=  25    NPAR=  4    ERR DEF=0.5
  2.396e+01 -2.165e-09  1.015e-04 -2.403e-08 
 -2.165e-09  5.000e-01 -5.925e-14 -2.260e-17 
  1.015e-04 -5.925e-14  5.000e-01  9.264e-13 
 -2.403e-08 -2.260e-17  9.264e-13  5.000e-01 
ERR MATRIX NOT POS-DEF
 PARAMETER  CORRELATION COEFFICIENTS  
       NO.  GLOBAL      1      2      3      4
        1  0.00003   1.000 -0.000  0.000 -0.000
        2  0.00000  -0.000  1.000 -0.000 -0.000
        3  0.00003   0.000 -0.000  1.000  0.000
        4  0.00000  -0.000 -0.000  0.000  1.000
 ERR MATRIX NOT POS-DEF
 FCN=72.7602 FROM MIGRAD    STATUS=FAILED         80 CALLS          81 TOTAL
                     EDM=0.180306    STRATEGY= 1      ERR MATRIX NOT POS-DEF
  EXT PARAMETER                  PARABOLIC         MINOS ERRORS        
  NO.   NAME      VALUE            ERROR      NEGATIVE      POSITIVE   
   1  p0           5.57406e+05   4.89472e+00                            
   2  p1           5.65501e-01   7.07107e-01                            
   3  p2           2.10590e-04   7.07107e-01                            
   4  p3           9.99831e-04   7.07107e-01                            
                               ERR DEF= 0.5
------------------------------------------
Enering ROOFIt-------
 PARAMETER DEFINITIONS:
    NO.   NAME         VALUE      STEP SIZE      LIMITS
     1 norm         5.57406e+05  1.00000e-01     no limits
     2 Q            5.65000e-01  1.00000e-01     no limits
     3 theta        0.00000e+00  1.00000e-01     no limits
     4 pileup       9.99831e-04  1.00000e-01     no limits
 **********
 **    1 **MIGRAD
 **********
 FIRST CALL TO USER FUNCTION AT NEW START POINT, WITH IFLAG=4.
 START MIGRAD MINIMIZATION.  STRATEGY  1.  CONVERGENCE WHEN EDM .LT. 1.00e-04
 FCN=-2.37858e+11 FROM MIGRAD    STATUS=INITIATE       16 CALLS          17 TOTAL
                     EDM= unknown      STRATEGY= 1      NO ERROR MATRIX       
  EXT PARAMETER               CURRENT GUESS       STEP         FIRST   
  NO.   NAME      VALUE            ERROR          SIZE      DERIVATIVE 
   1  norm         5.57406e+05   1.00000e-01   1.00000e-01  -5.88957e+01
   2  Q            5.65000e-01   1.00000e-01   1.00000e-01  -8.89748e+08
   3  theta        0.00000e+00   1.00000e-01   1.00000e-01   3.36729e+06
   4  pileup       9.99831e-04   1.00000e-01   1.00000e-01  -9.20111e+11
 MIGRAD FAILS TO FIND IMPROVEMENT
 MACHINE ACCURACY LIMITS FURTHER IMPROVEMENT.
 MIGRAD MINIMIZATION HAS CONVERGED.
 MIGRAD WILL VERIFY CONVERGENCE AND ERROR MATRIX.
 EIGENVALUES OF SECOND-DERIVATIVE MATRIX:
        -7.3329e-04  3.6661e-01  8.5012e-01  2.7840e+00
 MINUIT WARNING IN HESSE   
 ============== MATRIX FORCED POS-DEF BY ADDING 0.003517 TO DIAGONAL.
 FCN=-2.37859e+11 FROM HESSE     STATUS=NOT POSDEF     29 CALLS         292 TOTAL
                     EDM=0.642661    STRATEGY= 1      ERR MATRIX NOT POS-DEF
  EXT PARAMETER                APPROXIMATE        STEP         FIRST   
  NO.   NAME      VALUE            ERROR          SIZE      DERIVATIVE 
   1  norm         5.58946e+05   9.60757e+01   1.72576e+03   9.18636e-02
   2  Q            5.65003e-01   3.15995e-05   9.41692e-05   2.85285e+05
   3  theta        9.46669e-05   1.19455e-04   1.85204e-02  -1.54674e+04
   4  pileup       9.99879e-04   1.05039e-07   2.09861e-05   1.71516e+07
 MINUIT WARNING IN MIGRAD  
 ============== Negative diagonal element 2 in Error Matrix
 MINUIT WARNING IN MIGRAD  
 ============== 1 added to diagonal of error matrix
 MIGRAD FAILS TO FIND IMPROVEMENT
 MIGRAD TERMINATED WITHOUT CONVERGENCE.
 FCN=-2.37859e+11 FROM MIGRAD    STATUS=FAILED        331 CALLS         332 TOTAL
                     EDM=6.35769e+07    STRATEGY= 1      ERR MATRIX NOT POS-DEF
  EXT PARAMETER                APPROXIMATE        STEP         FIRST   
  NO.   NAME      VALUE            ERROR          SIZE      DERIVATIVE 
   1  norm         5.58935e+05   9.18806e+00  -0.00000e+00  -6.35162e-02
   2  Q            5.65007e-01   1.00000e+00  -0.00000e+00   5.25394e+08
   3  theta        1.25290e-04   1.00000e+00  -0.00000e+00   1.63216e+04
   4  pileup       9.99827e-04   1.00000e+00   0.00000e+00  -2.84031e+07
 EXTERNAL ERROR MATRIX.    NDIM=  25    NPAR=  4    ERR DEF=1
  8.442e+01 -3.151e-09  5.338e-04  1.895e-08 
 -3.151e-09  1.000e+00  1.291e-15  3.168e-16 
  5.338e-04  1.291e-15  1.000e+00  5.316e-12 
  1.895e-08  3.168e-16  5.316e-12  1.000e+00 
ERR MATRIX NOT POS-DEF
 PARAMETER  CORRELATION COEFFICIENTS  
       NO.  GLOBAL      1      2      3      4
        1  0.00006   1.000 -0.000  0.000  0.000
        2  0.00000  -0.000  1.000  0.000  0.000
        3  0.00006   0.000  0.000  1.000  0.000
        4  0.00000   0.000  0.000  0.000  1.000
 ERR MATRIX NOT POS-DEF
 **********
 **    2 **MIGRAD 
 **********
 START MIGRAD MINIMIZATION.  STRATEGY  1.  CONVERGENCE WHEN EDM .LT. 1.00e-04
 FCN=-2.37859e+11 FROM MIGRAD    STATUS=INITIATE       12 CALLS         344 TOTAL
                     EDM=1.24889e+16    STRATEGY= 1      ERR MATRIX NOT POS-DEF
  EXT PARAMETER                APPROXIMATE        STEP         FIRST   
  NO.   NAME      VALUE            ERROR          SIZE      DERIVATIVE 
   1  norm         5.58935e+05   9.18806e+00  -0.00000e+00  -6.35160e-02
   2  Q            5.65007e-01   1.00000e+00  -0.00000e+00   1.14420e+03
   3  theta        1.25290e-04   1.00000e+00  -0.00000e+00   1.63211e+04
   4  pileup       9.99827e-04   1.00000e+00   0.00000e+00  -2.83995e+07
 MIGRAD FAILS TO FIND IMPROVEMENT
 EIGENVALUES OF SECOND-DERIVATIVE MATRIX:
        -7.3290e-04  3.6659e-01  8.5013e-01  2.7840e+00
 MINUIT WARNING IN HESSE   
 ============== MATRIX FORCED POS-DEF BY ADDING 0.003517 TO DIAGONAL.
 FCN=-2.37859e+11 FROM HESSE     STATUS=NOT POSDEF     31 CALLS         386 TOTAL
                     EDM=0.00338348    STRATEGY= 1      ERR MATRIX NOT POS-DEF
  EXT PARAMETER                APPROXIMATE        STEP         FIRST   
  NO.   NAME      VALUE            ERROR          SIZE      DERIVATIVE 
   1  norm         5.58935e+05   9.60715e+01   1.72573e+03   9.99803e-04
   2  Q            5.65007e-01   3.15996e-05   9.48706e-05   1.11380e+03
   3  theta        1.25290e-04   1.19497e-04   1.85226e-02   7.54058e+02
   4  pileup       9.99827e-04   1.05037e-07   2.09851e-05  -1.05773e+06
 EIGENVALUES OF SECOND-DERIVATIVE MATRIX:
        -6.9870e-02  2.9929e-03  6.7358e-01  3.3933e+00
 MINUIT WARNING IN MIGRAD  
 ============== MATRIX FORCED POS-DEF BY ADDING 0.073263 TO DIAGONAL.
 MIGRAD FAILS TO FIND IMPROVEMENT
 MACHINE ACCURACY LIMITS FURTHER IMPROVEMENT.
 MIGRAD MINIMIZATION HAS CONVERGED.
 MIGRAD WILL VERIFY CONVERGENCE AND ERROR MATRIX.
 EIGENVALUES OF SECOND-DERIVATIVE MATRIX:
        -1.0702e-03  3.6880e-01  8.5170e-01  2.7806e+00
 MINUIT WARNING IN HESSE   
 ============== MATRIX FORCED POS-DEF BY ADDING 0.003851 TO DIAGONAL.
 MIGRAD TERMINATED WITHOUT CONVERGENCE.
 FCN=-2.37859e+11 FROM MIGRAD    STATUS=FAILED        122 CALLS         454 TOTAL
                     EDM=0.00534119    STRATEGY= 1      ERR MATRIX NOT POS-DEF
  EXT PARAMETER                APPROXIMATE        STEP         FIRST   
  NO.   NAME      VALUE            ERROR          SIZE      DERIVATIVE 
   1  norm         5.58934e+05   9.64972e+01   1.72573e+03   7.90470e-04
   2  Q            5.65007e-01   3.15197e-05   3.79483e-04   5.04629e+02
   3  theta        1.24611e-04   1.14578e-04   1.85232e-02   3.91496e+02
   4  pileup       9.99830e-04   1.04368e-07   2.09852e-05   6.36651e+05
 EXTERNAL ERROR MATRIX.    NDIM=  25    NPAR=  4    ERR DEF=1
  9.312e+03 -3.028e-03 -2.723e-03 -9.886e-07 
 -3.028e-03  9.935e-10  1.073e-09  3.197e-13 
 -2.723e-03  1.073e-09  1.313e-08  5.317e-12 
 -9.886e-07  3.197e-13  5.317e-12  1.089e-14 
ERR MATRIX NOT POS-DEF
 PARAMETER  CORRELATION COEFFICIENTS  
       NO.  GLOBAL      1      2      3      4
        1  0.99719   1.000 -0.995 -0.246 -0.098
        2  0.99727  -0.995  1.000  0.297  0.097
        3  0.73547  -0.246  0.297  1.000  0.445
        4  0.53836  -0.098  0.097  0.445  1.000
 ERR MATRIX NOT POS-DEF
status of the fit-----000------4
1  558934
2  0.565007
3  0.000124611
4  0.00099983
 PARAMETER DEFINITIONS:
    NO.   NAME         VALUE      STEP SIZE      LIMITS
     1 norm         5.58934e+05  1.00000e-01     no limits
     2 Q            5.65007e-01  1.00000e-01     no limits
     3 theta        1.24611e-04  1.00000e-01     no limits
     4 pileup       9.99830e-04  1.00000e-01     no limits
 **********
 **    3 **MIGRAD
 **********
 FIRST CALL TO USER FUNCTION AT NEW START POINT, WITH IFLAG=4.
 START MIGRAD MINIMIZATION.  STRATEGY  1.  CONVERGENCE WHEN EDM .LT. 1.00e-04
 FCN=-2.37859e+11 FROM MIGRAD    STATUS=INITIATE       16 CALLS         471 TOTAL
                     EDM= unknown      STRATEGY= 1      NO ERROR MATRIX       
  EXT PARAMETER               CURRENT GUESS       STEP         FIRST   
  NO.   NAME      VALUE            ERROR          SIZE      DERIVATIVE 
   1  norm         5.58934e+05   1.00000e-01   1.00000e-01   9.10305e-04
   2  Q            5.65007e-01   1.00000e-01   1.00000e-01   6.27537e+06
   3  theta        1.24611e-04   1.00000e-01   1.00000e-01   1.59428e+04
   4  pileup       9.99830e-04   1.00000e-01   1.00000e-01  -9.18011e+11
 MIGRAD FAILS TO FIND IMPROVEMENT
 COVARIANCE MATRIX CALCULATED SUCCESSFULLY
 FCN=-2.37859e+11 FROM HESSE     STATUS=OK             29 CALLS         511 TOTAL
                     EDM=0.0268439    STRATEGY= 1      ERROR MATRIX ACCURATE 
  EXT PARAMETER                                   STEP         FIRST   
  NO.   NAME      VALUE            ERROR          SIZE      DERIVATIVE 
   1  norm         5.58934e+05   1.43070e+02   2.66520e+00   1.05916e-03
   2  Q            5.65007e-01   1.36790e-05   1.00000e-03   5.04959e+02
   3  theta        1.24611e-04   1.20104e-03   1.85136e-02   3.91513e+02
   4  pileup       9.99830e-04   9.24421e-08   1.00000e-02   8.94262e+04
 MIGRAD FAILS TO FIND IMPROVEMENT
 MACHINE ACCURACY LIMITS FURTHER IMPROVEMENT.
 MIGRAD MINIMIZATION HAS CONVERGED.
 FCN=-2.37859e+11 FROM MIGRAD    STATUS=CONVERGED      65 CALLS         520 TOTAL
                     EDM=0.0268439    STRATEGY= 1      ERROR MATRIX ACCURATE 
  EXT PARAMETER                                   STEP         FIRST   
  NO.   NAME      VALUE            ERROR          SIZE      DERIVATIVE 
   1  norm         5.58934e+05   1.43070e+02   0.00000e+00   1.05916e-03
   2  Q            5.65007e-01   1.36790e-05  -0.00000e+00   5.04959e+02
   3  theta        1.24611e-04   1.20104e-03  -0.00000e+00   3.91513e+02
   4  pileup       9.99830e-04   9.24421e-08  -0.00000e+00   8.94262e+04
 EXTERNAL ERROR MATRIX.    NDIM=  25    NPAR=  4    ERR DEF=1
  2.047e+04 -1.953e-03 -1.703e-01 -1.464e-07 
 -1.953e-03  1.871e-10  1.637e-08  5.577e-15 
 -1.703e-01  1.637e-08  1.442e-06  1.453e-12 
 -1.464e-07  5.577e-15  1.453e-12  8.546e-15 
 PARAMETER  CORRELATION COEFFICIENTS  
       NO.  GLOBAL      1      2      3      4
        1  0.99872   1.000 -0.998 -0.991 -0.011
        2  0.99950  -0.998  1.000  0.997  0.004
        3  0.99790  -0.991  0.997  1.000  0.013
        4  0.23265  -0.011  0.004  0.013  1.000
 **********
 **    4 **MIGRAD 
 **********
 START MIGRAD MINIMIZATION.  STRATEGY  1.  CONVERGENCE WHEN EDM .LT. 1.00e-04
 FCN=-2.37859e+11 FROM MIGRAD    STATUS=INITIATE        8 CALLS         528 TOTAL
                     EDM=4.4802    STRATEGY= 1      ERROR MATRIX ACCURATE 
  EXT PARAMETER                                   STEP         FIRST   
  NO.   NAME      VALUE            ERROR          SIZE      DERIVATIVE 
   1  norm         5.58934e+05   1.43070e+02   0.00000e+00   8.93129e-04
   2  Q            5.65007e-01   1.36790e-05  -0.00000e+00   5.69962e+02
   3  theta        1.24611e-04   1.20104e-03  -0.00000e+00   2.85859e+03
   4  pileup       9.99830e-04   9.24421e-08  -0.00000e+00  -2.89636e+07
 MIGRAD FAILS TO FIND IMPROVEMENT
 MACHINE ACCURACY LIMITS FURTHER IMPROVEMENT.
 MIGRAD MINIMIZATION HAS CONVERGED.
 FCN=-2.37859e+11 FROM MIGRAD    STATUS=CONVERGED      19 CALLS         539 TOTAL
                     EDM=4.4802    STRATEGY= 1      ERROR MATRIX ACCURATE 
  EXT PARAMETER                                   STEP         FIRST   
  NO.   NAME      VALUE            ERROR          SIZE      DERIVATIVE 
   1  norm         5.58934e+05   1.43070e+02   0.00000e+00   8.93129e-04
   2  Q            5.65007e-01   1.36790e-05  -0.00000e+00   5.69962e+02
   3  theta        1.24611e-04   1.20104e-03  -0.00000e+00   2.85859e+03
   4  pileup       9.99830e-04   9.24421e-08   0.00000e+00  -2.89636e+07
 EXTERNAL ERROR MATRIX.    NDIM=  25    NPAR=  4    ERR DEF=1
  2.047e+04 -1.953e-03 -1.703e-01 -1.464e-07 
 -1.953e-03  1.871e-10  1.637e-08  5.577e-15 
 -1.703e-01  1.637e-08  1.442e-06  1.453e-12 
 -1.464e-07  5.577e-15  1.453e-12  8.546e-15 
 PARAMETER  CORRELATION COEFFICIENTS  
       NO.  GLOBAL      1      2      3      4
        1  0.99872   1.000 -0.998 -0.991 -0.011
        2  0.99950  -0.998  1.000  0.997  0.004
        3  0.99790  -0.991  0.997  1.000  0.013
        4  0.23265  -0.011  0.004  0.013  1.000
status of the fit-----000------0
1  558934
2  0.565007
3  0.000124611
4  0.00099983
