  *******************************************
  *                                         *
  *        W E L C O M E  to  R O O T       *
  *                                         *
  *   Version   5.34/36      5 April 2016   *
  *                                         *
  *  You are welcome to visit our Web site  *
  *          http://root.cern.ch            *
  *                                         *
  *******************************************

ROOT 5.34/36 (v5-34-36@v5-34-36, Apr 05 2016, 10:25:45 on linuxx8664gcc)

CINT/ROOT C/C++ Interpreter version 5.18.00, July 2, 2010
Type ? for help. Commands must be C++ statements.
Enclose multiple statements between { }.
Loading root init file.
The rat/rootinit.C file loaded the DEAP style for you, which is available from the fStyle pointer.
DEAP style applied. 
RAT: Libraries loaded.

Processing /home/fatemigh/projects/rpp-jillings/fatemigh/sterile/Likelihood/LikelihoodSterile_modified6.C+(310)...
pased here
566 lines read from file
31
spec_E  566
Before entering fitting
 **********
 **    1 **SET PRINT           2
 **********
 **********
 **    2 **SET NOGRAD
 **********
 PARAMETER DEFINITIONS:
    NO.   NAME         VALUE      STEP SIZE      LIMITS
     1 p0           5.58000e+05  1.67400e+05     no limits
     2 p1           5.65000e-01  1.69500e-01     no limits
     3 p2           0.00000e+00  3.00000e-01     no limits
     4 p3           9.99871e-04  2.99961e-04     no limits
 **********
 **    3 **SET ERR         0.5
 **********
 **********
 **    4 **SET PRINT           2
 **********
 **********
 **    5 **SET STR           1
 **********
 NOW USING STRATEGY  1: TRY TO BALANCE SPEED AGAINST RELIABILITY
 **********
 **    6 **MIGRAD        1480        0.01
 **********
 FIRST CALL TO USER FUNCTION AT NEW START POINT, WITH IFLAG=4.
 START MIGRAD MINIMIZATION.  STRATEGY  1.  CONVERGENCE WHEN EDM .LT. 1.00e-05
 FCN=17559.4 FROM MIGRAD    STATUS=INITIATE       18 CALLS          19 TOTAL
                     EDM= unknown      STRATEGY= 1      NO ERROR MATRIX       
  EXT PARAMETER               CURRENT GUESS       STEP         FIRST   
  NO.   NAME      VALUE            ERROR          SIZE      DERIVATIVE 
   1  p0           5.58000e+05   1.67400e+05   1.67400e+05  -3.65256e+01
   2  p1           5.65000e-01   1.69500e-01   1.69500e-01  -1.13379e+08
   3  p2           0.00000e+00   3.00000e-01   3.00000e-01   0.00000e+00
   4  p3           9.99871e-04   2.99961e-04   2.99961e-04  -9.92851e+08
                               ERR DEF= 0.5
NO ERROR MATRIX       
 FCN=505.952 FROM MIGRAD    STATUS=PROGRESS       34 CALLS          35 TOTAL
                     EDM=1389.05    STRATEGY= 1      NO ERROR MATRIX       
  EXT PARAMETER               CURRENT GUESS       STEP         FIRST   
  NO.   NAME      VALUE            ERROR          SIZE      DERIVATIVE 
   1  p0           5.58442e+05   1.67400e+05   4.42498e+02  -8.31957e-01
   2  p1           5.65143e-01   1.69500e-01   1.42693e-04  -2.55380e+06
   3  p2           0.00000e+00   3.00000e-01  -0.00000e+00   0.00000e+00
   4  p3           1.00165e-03   2.99961e-04   1.78330e-06   4.11993e+08
                               ERR DEF= 0.5
 FCN=79.7469 FROM MIGRAD    STATUS=PROGRESS      160 CALLS         161 TOTAL
                     EDM=2.65147e-06    STRATEGY= 1  ERROR MATRIX UNCERTAINTY  48.6 per cent
  EXT PARAMETER                APPROXIMATE        STEP         FIRST   
  NO.   NAME      VALUE            ERROR          SIZE      DERIVATIVE 
   1  p0           5.59598e+05   6.31194e+02   1.83281e+00   9.26593e-05
   2  p1           5.64795e-01   2.02449e-04  -5.85851e-07   2.96144e+02
   3  p2           0.00000e+00   4.91228e-04  -0.00000e+00   0.00000e+00
   4  p3           9.99762e-04   7.09846e-08   1.09180e-10   6.65501e+03
                               ERR DEF= 0.5
 MIGRAD MINIMIZATION HAS CONVERGED.
 MIGRAD WILL VERIFY CONVERGENCE AND ERROR MATRIX.
   START COVARIANCE MATRIX CALCULATION.
 MINUIT WARNING IN HESSE   
 ============== Negative diagonal element 3 in Error Matrix
 MINUIT WARNING IN HESSE   
 ============== 12359.9 added to diagonal of error matrix
 EIGENVALUES OF SECOND-DERIVATIVE MATRIX:
        -9.7250e+00  9.5420e-01  1.0001e+00  1.1771e+01
 MINUIT WARNING IN HESSE   
 ============== MATRIX FORCED POS-DEF BY ADDING 9.736811 TO DIAGONAL.
 FCN=79.7469 FROM HESSE     STATUS=NOT POSDEF     27 CALLS         206 TOTAL
                     EDM=6.59034e-06    STRATEGY= 1      ERR MATRIX NOT POS-DEF
  EXT PARAMETER                APPROXIMATE        STEP         FIRST   
  NO.   NAME      VALUE            ERROR          SIZE      DERIVATIVE 
   1  p0           5.59598e+05   2.74511e-03   2.66837e-01   1.01047e-04
   2  p1           5.64795e-01   6.92167e-07   2.69315e-07   2.16627e+02
   3  p2           0.00000e+00   6.52351e+00   5.19935e-05   0.00000e+00
   4  p3           9.99762e-04   3.75734e-07   4.76724e-10   9.38460e+03
                               ERR DEF= 0.5
 PARAMETER  CORRELATION COEFFICIENTS  
       NO.  GLOBAL      1      2      3      4
        1  0.00500   1.000  0.003  0.005  0.005
        2  0.68742   0.003  1.000  0.687  0.685
        3  0.99891   0.005  0.687  1.000  0.999
        4  0.99890   0.005  0.685  0.999  1.000
 ERR MATRIX NOT POS-DEF
 FCN=79.7363 FROM MIGRAD    STATUS=PROGRESS      215 CALLS         216 TOTAL
                     EDM=6388.01    STRATEGY= 1      ERR MATRIX NOT POS-DEF
  EXT PARAMETER                APPROXIMATE        STEP         FIRST   
  NO.   NAME      VALUE            ERROR          SIZE      DERIVATIVE 
   1  p0           5.59598e+05   2.74511e-03  -2.52066e-09  -3.09236e-03
   2  p1           5.64795e-01   6.92167e-07  -8.88239e-11  -9.66506e+03
   3  p2          -1.18247e-03   6.52351e+00  -1.18247e-03   1.73408e+01
   4  p3           9.99762e-04   3.75734e-07  -6.81747e-11  -2.31569e+05
                               ERR DEF= 0.5
 MINUIT WARNING IN MIGRAD  
 ============== Negative diagonal element 3 in Error Matrix
 MINUIT WARNING IN MIGRAD  
 ============== 1.00014 added to diagonal of error matrix
 EIGENVALUES OF SECOND-DERIVATIVE MATRIX:
         1.0000e+00  1.0000e+00  1.0000e+00  1.0000e+00
 MIGRAD FAILS TO FIND IMPROVEMENT
 MIGRAD TERMINATED WITHOUT CONVERGENCE.
 FCN=79.7363 FROM MIGRAD    STATUS=FAILED        226 CALLS         227 TOTAL
                     EDM=6388.01    STRATEGY= 1      ERR MATRIX NOT POS-DEF
  EXT PARAMETER                APPROXIMATE        STEP         FIRST   
  NO.   NAME      VALUE            ERROR          SIZE      DERIVATIVE 
   1  p0           5.59598e+05   7.07161e-01   0.00000e+00  -3.09236e-03
   2  p1           5.64795e-01   7.07155e-01   0.00000e+00  -9.66506e+03
   3  p2          -1.18247e-03   7.07107e-01  -0.00000e+00   1.73408e+01
   4  p3           9.99762e-04   7.07155e-01   0.00000e+00  -2.31569e+05
                               ERR DEF= 0.5
 EXTERNAL ERROR MATRIX.    NDIM=  25    NPAR=  4    ERR DEF=0.5
  5.001e-01 -2.232e-13  1.087e-09 -1.993e-15 
 -2.232e-13  5.001e-01  1.355e-10 -2.505e-16 
  1.087e-09  1.355e-10  5.000e-01  2.458e-13 
 -1.993e-15 -2.505e-16  2.458e-13  5.001e-01 
ERR MATRIX NOT POS-DEF
 PARAMETER  CORRELATION COEFFICIENTS  
       NO.  GLOBAL      1      2      3      4
        1  0.00000   1.000 -0.000  0.000 -0.000
        2  0.00000  -0.000  1.000  0.000 -0.000
        3  0.00000   0.000  0.000  1.000  0.000
        4  0.00000  -0.000 -0.000  0.000  1.000
 ERR MATRIX NOT POS-DEF
 FCN=79.7363 FROM MIGRAD    STATUS=FAILED        226 CALLS         227 TOTAL
                     EDM=6388.01    STRATEGY= 1      ERR MATRIX NOT POS-DEF
  EXT PARAMETER                  PARABOLIC         MINOS ERRORS        
  NO.   NAME      VALUE            ERROR      NEGATIVE      POSITIVE   
   1  p0           5.59598e+05   7.07161e-01                            
   2  p1           5.64795e-01   7.07155e-01                            
   3  p2          -1.18247e-03   7.07107e-01                            
   4  p3           9.99762e-04   7.07155e-01                            
                               ERR DEF= 0.5
 **********
 **    7 **SET PRINT           2
 **********
 **********
 **    8 **SET NOGRAD
 **********
 PARAMETER DEFINITIONS:
    NO.   NAME         VALUE      STEP SIZE      LIMITS
     1 p0           5.59598e+05  7.07161e-01     no limits
     2 p1           5.64795e-01  7.07155e-01     no limits
     3 p2          -1.18247e-03  7.07107e-01     no limits
     4 p3           9.99762e-04  7.07155e-01     no limits
 **********
 **    9 **SET ERR         0.5
 **********
 **********
 **   10 **SET PRINT           2
 **********
 **********
 **   11 **SET STR           1
 **********
 NOW USING STRATEGY  1: TRY TO BALANCE SPEED AGAINST RELIABILITY
 **********
 **   12 **MIGRAD        1480        0.01
 **********
 FIRST CALL TO USER FUNCTION AT NEW START POINT, WITH IFLAG=4.
 START MIGRAD MINIMIZATION.  STRATEGY  1.  CONVERGENCE WHEN EDM .LT. 1.00e-05
 FCN=79.6591 FROM MIGRAD    STATUS=INITIATE       43 CALLS          44 TOTAL
                     EDM= unknown      STRATEGY= 1      NO ERROR MATRIX       
  EXT PARAMETER               CURRENT GUESS       STEP         FIRST   
  NO.   NAME      VALUE            ERROR          SIZE      DERIVATIVE 
   1  p0           5.59598e+05   7.07161e-01   0.00000e+00  -4.19907e-02
   2  p1           5.64795e-01   7.07155e-01   0.00000e+00  -1.31411e+05
   3  p2          -4.36445e-03   7.07107e-01  -3.18198e-03   1.22587e+01
   4  p3           9.99762e-04   7.07155e-01   0.00000e+00  -2.99435e+06
                               ERR DEF= 0.5
NO ERROR MATRIX       
 FCN=79.6142 FROM MIGRAD    STATUS=PROGRESS       55 CALLS          56 TOTAL
                     EDM=0.220669    STRATEGY= 1      NO ERROR MATRIX       
  EXT PARAMETER               CURRENT GUESS       STEP         FIRST   
  NO.   NAME      VALUE            ERROR          SIZE      DERIVATIVE 
   1  p0           5.59599e+05   7.07161e-01   7.34471e-01   1.33099e-02
   2  p1           5.64795e-01   7.07155e-01   2.36553e-07   4.07830e+04
   3  p2          -4.80007e-03   7.07107e-01  -4.35617e-04   4.34522e+01
   4  p3           9.99770e-04   7.07155e-01   7.71385e-09  -6.46260e+04
                               ERR DEF= 0.5
 FCN=79.356 FROM MIGRAD    STATUS=PROGRESS      177 CALLS         178 TOTAL
                     EDM=0.000114811    STRATEGY= 1  ERROR MATRIX UNCERTAINTY  15.0 per cent
  EXT PARAMETER                APPROXIMATE        STEP         FIRST   
  NO.   NAME      VALUE            ERROR          SIZE      DERIVATIVE 
   1  p0           5.58614e+05   1.70577e+03  -4.03413e+01  -1.81862e-03
   2  p1           5.65113e-01   5.50450e-04   1.30013e-05  -5.68482e+03
   3  p2          -1.01098e-02   6.65687e-03  -6.54573e-05  -4.73478e+00
   4  p3           9.99785e-04   7.26730e-08  -2.77585e-10  -9.65257e+04
                               ERR DEF= 0.5
 MIGRAD FAILS TO FIND IMPROVEMENT
 MIGRAD MINIMIZATION HAS CONVERGED.
 MIGRAD WILL VERIFY CONVERGENCE AND ERROR MATRIX.
   START COVARIANCE MATRIX CALCULATION.
 EIGENVALUES OF SECOND-DERIVATIVE MATRIX:
         1.4611e-03  5.1634e-01  8.5253e-01  2.6297e+00
 COVARIANCE MATRIX CALCULATED SUCCESSFULLY
 FCN=79.3559 FROM HESSE     STATUS=OK             27 CALLS         253 TOTAL
                     EDM=2.73487e-05    STRATEGY= 1      ERROR MATRIX ACCURATE 
  EXT PARAMETER                                   STEP         FIRST   
  NO.   NAME      VALUE            ERROR          SIZE      DERIVATIVE 
   1  p0           5.58613e+05   9.43431e+01   2.66367e-01   2.79786e-04
   2  p1           5.65114e-01   3.06053e-05   2.69467e-07   8.76528e+02
   3  p2          -1.00753e-02   3.07058e-03   1.72836e-05   2.74442e+00
   4  p3           9.99785e-04   6.86000e-08   4.76734e-10   1.99926e+04
                               ERR DEF= 0.5
 PARAMETER  CORRELATION COEFFICIENTS  
       NO.  GLOBAL      1      2      3      4
        1  0.99853   1.000 -0.998  0.010  0.311
        2  0.99855  -0.998  1.000 -0.042 -0.319
        3  0.59853   0.010 -0.042  1.000 -0.258
        4  0.50198   0.311 -0.319 -0.258  1.000
 MIGRAD FAILS TO FIND IMPROVEMENT
 MIGRAD TERMINATED WITHOUT CONVERGENCE.
 FCN=79.3559 FROM MIGRAD    STATUS=FAILED        259 CALLS         260 TOTAL
                     EDM=2.73487e-05    STRATEGY= 1      ERR MATRIX APPROXIMATE
  EXT PARAMETER                APPROXIMATE        STEP         FIRST   
  NO.   NAME      VALUE            ERROR          SIZE      DERIVATIVE 
   1  p0           5.58613e+05   9.43431e+01  -0.00000e+00   2.79786e-04
   2  p1           5.65114e-01   3.06053e-05   0.00000e+00   8.76528e+02
   3  p2          -1.00753e-02   3.07058e-03  -0.00000e+00   2.74442e+00
   4  p3           9.99785e-04   6.86000e-08   0.00000e+00   1.99926e+04
                               ERR DEF= 0.5
 EXTERNAL ERROR MATRIX.    NDIM=  25    NPAR=  4    ERR DEF=0.5
  8.901e+03 -2.881e-03  2.960e-03  2.013e-06 
 -2.881e-03  9.367e-10 -3.956e-09 -6.694e-13 
  2.960e-03 -3.956e-09  9.428e-06 -5.445e-11 
  2.013e-06 -6.694e-13 -5.445e-11  4.706e-15 
ERR MATRIX APPROXIMATE
 PARAMETER  CORRELATION COEFFICIENTS  
       NO.  GLOBAL      1      2      3      4
        1  0.99853   1.000 -0.998  0.010  0.311
        2  0.99855  -0.998  1.000 -0.042 -0.319
        3  0.59853   0.010 -0.042  1.000 -0.258
        4  0.50198   0.311 -0.319 -0.258  1.000
 ERR MATRIX APPROXIMATE
 FCN=79.3559 FROM MIGRAD    STATUS=FAILED        259 CALLS         260 TOTAL
                     EDM=2.73487e-05    STRATEGY= 1      ERR MATRIX APPROXIMATE
  EXT PARAMETER                  PARABOLIC         MINOS ERRORS        
  NO.   NAME      VALUE            ERROR      NEGATIVE      POSITIVE   
   1  p0           5.58613e+05   9.43431e+01                            
   2  p1           5.65114e-01   3.06053e-05                            
   3  p2          -1.00753e-02   3.07058e-03                            
   4  p3           9.99785e-04   6.86000e-08                            
                               ERR DEF= 0.5
 **********
 **   13 **SET PRINT           2
 **********
 **********
 **   14 **SET NOGRAD
 **********
 PARAMETER DEFINITIONS:
    NO.   NAME         VALUE      STEP SIZE      LIMITS
     1 p0           5.58613e+05  9.43431e+01     no limits
     2 p1           5.65114e-01  3.06053e-05     no limits
     3 p2          -1.00753e-02  3.07058e-03     no limits
     4 p3           9.99785e-04  6.86000e-08     no limits
 **********
 **   15 **SET ERR         0.5
 **********
 **********
 **   16 **SET PRINT           2
 **********
 **********
 **   17 **SET STR           1
 **********
 NOW USING STRATEGY  1: TRY TO BALANCE SPEED AGAINST RELIABILITY
 **********
 **   18 **MIGRAD        1480        0.01
 **********
 FIRST CALL TO USER FUNCTION AT NEW START POINT, WITH IFLAG=4.
 START MIGRAD MINIMIZATION.  STRATEGY  1.  CONVERGENCE WHEN EDM .LT. 1.00e-05
 FCN=79.3559 FROM MIGRAD    STATUS=INITIATE       14 CALLS          15 TOTAL
                     EDM= unknown      STRATEGY= 1      NO ERROR MATRIX       
  EXT PARAMETER               CURRENT GUESS       STEP         FIRST   
  NO.   NAME      VALUE            ERROR          SIZE      DERIVATIVE 
   1  p0           5.58613e+05   9.43431e+01   9.43431e+01   2.83390e-04
   2  p1           5.65114e-01   3.06053e-05   3.06053e-05   8.81489e+02
   3  p2          -1.00753e-02   3.07058e-03   3.07058e-03   5.83084e-01
   4  p3           9.99785e-04   6.86000e-08   6.86000e-08   1.89567e+04
                               ERR DEF= 0.5
NO ERROR MATRIX       
 MIGRAD FAILS TO FIND IMPROVEMENT
   START COVARIANCE MATRIX CALCULATION.
 EIGENVALUES OF SECOND-DERIVATIVE MATRIX:
         1.5562e-03  5.2359e-01  8.4770e-01  2.6271e+00
 COVARIANCE MATRIX CALCULATED SUCCESSFULLY
 FCN=79.3559 FROM HESSE     STATUS=OK             25 CALLS          45 TOTAL
                     EDM=1.47665e-06    STRATEGY= 1      ERROR MATRIX ACCURATE 
  EXT PARAMETER                                   STEP         FIRST   
  NO.   NAME      VALUE            ERROR          SIZE      DERIVATIVE 
   1  p0           5.58613e+05   9.13824e+01   2.66367e-01   2.79786e-04
   2  p1           5.65114e-01   2.96715e-05   3.06053e-07   8.76528e+02
   3  p2          -1.00753e-02   3.09656e-03   1.63426e-05   5.60562e-01
   4  p3           9.99785e-04   6.67443e-08   4.76734e-10   1.99926e+04
                               ERR DEF= 0.5
 PARAMETER  CORRELATION COEFFICIENTS  
       NO.  GLOBAL      1      2      3      4
        1  0.99843   1.000 -0.998  0.066  0.242
        2  0.99846  -0.998  1.000 -0.099 -0.251
        3  0.59842   0.066 -0.099  1.000 -0.232
        4  0.45805   0.242 -0.251 -0.232  1.000
 MIGRAD FAILS TO FIND IMPROVEMENT
 MIGRAD MINIMIZATION HAS CONVERGED.
 FCN=79.3559 FROM MIGRAD    STATUS=CONVERGED      48 CALLS          49 TOTAL
                     EDM=1.47665e-06    STRATEGY= 1      ERROR MATRIX ACCURATE 
  EXT PARAMETER                                   STEP         FIRST   
  NO.   NAME      VALUE            ERROR          SIZE      DERIVATIVE 
   1  p0           5.58613e+05   9.13824e+01  -0.00000e+00   2.79786e-04
   2  p1           5.65114e-01   2.96715e-05   0.00000e+00   8.76528e+02
   3  p2          -1.00753e-02   3.09656e-03  -0.00000e+00   5.60562e-01
   4  p3           9.99785e-04   6.67443e-08  -0.00000e+00   1.99926e+04
                               ERR DEF= 0.5
 EXTERNAL ERROR MATRIX.    NDIM=  25    NPAR=  4    ERR DEF=0.5
  8.351e+03 -2.705e-03  1.860e-02  1.476e-06 
 -2.705e-03  8.804e-10 -9.106e-09 -4.966e-13 
  1.860e-02 -9.106e-09  9.589e-06 -4.785e-11 
  1.476e-06 -4.966e-13 -4.785e-11  4.455e-15 
 PARAMETER  CORRELATION COEFFICIENTS  
       NO.  GLOBAL      1      2      3      4
        1  0.99843   1.000 -0.998  0.066  0.242
        2  0.99846  -0.998  1.000 -0.099 -0.251
        3  0.59842   0.066 -0.099  1.000 -0.232
        4  0.45805   0.242 -0.251 -0.232  1.000
 EXTERNAL ERROR MATRIX.    NDIM=   4    NPAR=  4    ERR DEF=0.5
  8.351e+03 -2.705e-03  1.860e-02  1.476e-06 
 -2.705e-03  8.804e-10 -9.106e-09 -4.966e-13 
  1.860e-02 -9.106e-09  9.589e-06 -4.785e-11 
  1.476e-06 -4.966e-13 -4.785e-11  4.455e-15 
 FCN=79.3559 FROM MIGRAD    STATUS=CONVERGED      48 CALLS          49 TOTAL
                     EDM=1.47665e-06    STRATEGY= 1      ERROR MATRIX ACCURATE 
  EXT PARAMETER                  PARABOLIC         MINOS ERRORS        
  NO.   NAME      VALUE            ERROR      NEGATIVE      POSITIVE   
   1  p0           5.58613e+05   9.13824e+01                            
   2  p1           5.65114e-01   2.96715e-05                            
   3  p2          -1.00753e-02   3.09656e-03                            
   4  p3           9.99785e-04   6.67443e-08                            
                               ERR DEF= 0.5
------------------------------------------
Enering ROOFIt-------
 PARAMETER DEFINITIONS:
    NO.   NAME         VALUE      STEP SIZE      LIMITS
     1 norm         5.58613e+05  1.00000e-01     no limits
     2 Q            5.65000e-01  1.00000e-01     no limits
     3 theta        0.00000e+00  1.00000e-01     no limits
     4 pileup       9.99785e-04  1.00000e-01     no limits
 **********
 **    1 **MIGRAD
 **********
 FIRST CALL TO USER FUNCTION AT NEW START POINT, WITH IFLAG=4.
 START MIGRAD MINIMIZATION.  STRATEGY  1.  CONVERGENCE WHEN EDM .LT. 1.00e-04
 FCN=-2.37863e+11 FROM MIGRAD    STATUS=INITIATE       14 CALLS          15 TOTAL
                     EDM= unknown      STRATEGY= 1      NO ERROR MATRIX       
  EXT PARAMETER               CURRENT GUESS       STEP         FIRST   
  NO.   NAME      VALUE            ERROR          SIZE      DERIVATIVE 
   1  norm         5.58613e+05   1.00000e-01   1.00000e-01  -1.32273e+01
   2  Q            5.65000e-01   1.00000e-01   1.00000e-01  -1.94577e+08
   3  theta        0.00000e+00   1.00000e-01   1.00000e-01   0.00000e+00
   4  pileup       9.99785e-04   1.00000e-01   1.00000e-01  -9.18478e+11
 MIGRAD FAILS TO FIND IMPROVEMENT
 MACHINE ACCURACY LIMITS FURTHER IMPROVEMENT.
 MIGRAD MINIMIZATION HAS CONVERGED.
 MIGRAD WILL VERIFY CONVERGENCE AND ERROR MATRIX.
 EIGENVALUES OF SECOND-DERIVATIVE MATRIX:
        -8.4210e-02  5.0158e-01  6.6582e-01  2.9168e+00
 MINUIT WARNING IN HESSE   
 ============== MATRIX FORCED POS-DEF BY ADDING 0.087127 TO DIAGONAL.
 FCN=-2.37863e+11 FROM HESSE     STATUS=NOT POSDEF     27 CALLS          93 TOTAL
                     EDM=808.823    STRATEGY= 1      ERR MATRIX NOT POS-DEF
  EXT PARAMETER                APPROXIMATE        STEP         FIRST   
  NO.   NAME      VALUE            ERROR          SIZE      DERIVATIVE 
   1  norm         5.58896e+05   1.69353e+01   2.66367e+02   3.53245e-01
   2  Q            5.65003e-01   4.90294e-06   5.55016e-04   1.13315e+06
   3  theta        0.00000e+00   9.81989e-03   1.14635e-01   0.00000e+00
   4  pileup       1.00206e-03   1.00718e-07   2.10182e-05   5.35533e+08
 MINUIT WARNING IN MIGRAD  
 ============== Negative diagonal element 1 in Error Matrix
 MINUIT WARNING IN MIGRAD  
 ============== Negative diagonal element 2 in Error Matrix
 MINUIT WARNING IN MIGRAD  
 ============== Negative diagonal element 3 in Error Matrix
 MINUIT WARNING IN MIGRAD  
 ============== 150.397 added to diagonal of error matrix
 MIGRAD FAILS TO FIND IMPROVEMENT
 MACHINE ACCURACY LIMITS FURTHER IMPROVEMENT.
 MIGRAD MINIMIZATION HAS CONVERGED.
 MIGRAD WILL VERIFY CONVERGENCE AND ERROR MATRIX.
 EIGENVALUES OF SECOND-DERIVATIVE MATRIX:
        -1.0383e-02  5.0850e-01  6.6687e-01  2.8350e+00
 MINUIT WARNING IN HESSE   
 ============== MATRIX FORCED POS-DEF BY ADDING 0.013218 TO DIAGONAL.
 MIGRAD TERMINATED WITHOUT CONVERGENCE.
 FCN=-2.37863e+11 FROM MIGRAD    STATUS=FAILED        195 CALLS         196 TOTAL
                     EDM=5.62807    STRATEGY= 1      ERR MATRIX NOT POS-DEF
  EXT PARAMETER                APPROXIMATE        STEP         FIRST   
  NO.   NAME      VALUE            ERROR          SIZE      DERIVATIVE 
   1  norm         5.58949e+05   1.39227e+01   1.72576e+03   4.89789e-02
   2  Q            5.65003e-01   5.10529e-06   5.54962e-04   1.56339e+05
   3  theta       -4.52872e-04   6.05984e-03   1.74139e-01  -3.38068e+02
   4  pileup       9.99872e-04   1.07401e-07   2.09868e-05   2.93102e+07
 EXTERNAL ERROR MATRIX.    NDIM=  25    NPAR=  4    ERR DEF=1
  1.938e+02  5.407e-05  6.682e-02 -3.453e-07 
  5.407e-05  2.606e-11  3.078e-08 -1.560e-13 
  6.682e-02  3.078e-08  3.672e-05 -1.568e-10 
 -3.453e-07 -1.560e-13 -1.568e-10  1.153e-14 
ERR MATRIX NOT POS-DEF
 PARAMETER  CORRELATION COEFFICIENTS  
       NO.  GLOBAL      1      2      3      4
        1  0.85592   1.000  0.761  0.792 -0.231
        2  0.99703   0.761  1.000  0.995 -0.284
        3  0.99732   0.792  0.995  1.000 -0.241
        4  0.57921  -0.231 -0.284 -0.241  1.000
 ERR MATRIX NOT POS-DEF
 **********
 **    2 **MIGRAD 
 **********
 START MIGRAD MINIMIZATION.  STRATEGY  1.  CONVERGENCE WHEN EDM .LT. 1.00e-04
 FCN=-2.37863e+11 FROM MIGRAD    STATUS=INITIATE        8 CALLS         204 TOTAL
                     EDM=99.9461    STRATEGY= 1      ERR MATRIX NOT POS-DEF
  EXT PARAMETER                APPROXIMATE        STEP         FIRST   
  NO.   NAME      VALUE            ERROR          SIZE      DERIVATIVE 
   1  norm         5.58949e+05   1.39227e+01   1.72576e+03   3.87441e-02
   2  Q            5.65003e-01   5.10529e-06   5.54962e-04   1.56423e+05
   3  theta       -4.52872e-04   6.05984e-03   1.74139e-01  -3.36845e+03
   4  pileup       9.99872e-04   1.07401e-07   2.09868e-05   2.47999e+07
 MIGRAD FAILS TO FIND IMPROVEMENT
 MACHINE ACCURACY LIMITS FURTHER IMPROVEMENT.
 MIGRAD MINIMIZATION HAS CONVERGED.
 MIGRAD WILL VERIFY CONVERGENCE AND ERROR MATRIX.
 EIGENVALUES OF SECOND-DERIVATIVE MATRIX:
        -3.5754e-04  3.7175e-01  8.5084e-01  2.7778e+00
 MINUIT WARNING IN HESSE   
 ============== MATRIX FORCED POS-DEF BY ADDING 0.003135 TO DIAGONAL.
 FCN=-2.37863e+11 FROM HESSE     STATUS=NOT POSDEF     29 CALLS         244 TOTAL
                     EDM=2.43258    STRATEGY= 1      ERR MATRIX NOT POS-DEF
  EXT PARAMETER                APPROXIMATE        STEP         FIRST   
  NO.   NAME      VALUE            ERROR          SIZE      DERIVATIVE 
   1  norm         5.58949e+05   9.66548e+01   6.90306e+02   4.90629e-02
   2  Q            5.65003e-01   3.15071e-05   9.41719e-05   1.56346e+05
   3  theta       -4.52872e-04   1.07282e-03   1.06207e-01   1.99593e+01
   4  pileup       9.99872e-04   1.04243e-07   8.39474e-06   2.93483e+07
 MINUIT WARNING IN MIGRAD  
 ============== Negative diagonal element 2 in Error Matrix
 MINUIT WARNING IN MIGRAD  
 ============== 1 added to diagonal of error matrix
 MIGRAD FAILS TO FIND IMPROVEMENT
 MIGRAD TERMINATED WITHOUT CONVERGENCE.
 FCN=-2.37863e+11 FROM MIGRAD    STATUS=FAILED         86 CALLS         282 TOTAL
                     EDM=889088    STRATEGY= 1      ERR MATRIX NOT POS-DEF
  EXT PARAMETER                APPROXIMATE        STEP         FIRST   
  NO.   NAME      VALUE            ERROR          SIZE      DERIVATIVE 
   1  norm         5.58963e+05   7.91842e+00   0.00000e+00  -6.07387e-02
   2  Q            5.64999e-01   1.00000e+00   0.00000e+00  -6.04916e+07
   3  theta       -7.07943e-04   1.00000e+00   0.00000e+00  -8.25659e+02
   4  pileup       9.99756e-04   1.00000e+00   0.00000e+00  -2.70302e+07
 EXTERNAL ERROR MATRIX.    NDIM=  25    NPAR=  4    ERR DEF=1
  6.270e+01  2.124e-07  1.660e-03 -3.341e-07 
  2.124e-07  1.000e+00 -7.730e-12 -3.891e-15 
  1.660e-03 -7.730e-12  1.000e+00  5.034e-12 
 -3.341e-07 -3.891e-15  5.034e-12  1.000e+00 
ERR MATRIX NOT POS-DEF
 PARAMETER  CORRELATION COEFFICIENTS  
       NO.  GLOBAL      1      2      3      4
        1  0.00021   1.000  0.000  0.000 -0.000
        2  0.00000   0.000  1.000 -0.000 -0.000
        3  0.00021   0.000 -0.000  1.000  0.000
        4  0.00000  -0.000 -0.000  0.000  1.000
 ERR MATRIX NOT POS-DEF
status of the fit-----000------4
1  558963
2  0.564999
3  -0.000707943
4  0.000999756
 PARAMETER DEFINITIONS:
    NO.   NAME         VALUE      STEP SIZE      LIMITS
     1 norm         5.58963e+05  1.00000e-01     no limits
     2 Q            5.64999e-01  1.00000e-01     no limits
     3 theta       -7.07943e-04  1.00000e-01     no limits
     4 pileup       9.99756e-04  1.00000e-01     no limits
 **********
 **    3 **MIGRAD
 **********
 FIRST CALL TO USER FUNCTION AT NEW START POINT, WITH IFLAG=4.
 START MIGRAD MINIMIZATION.  STRATEGY  1.  CONVERGENCE WHEN EDM .LT. 1.00e-04
 FCN=-2.37863e+11 FROM MIGRAD    STATUS=INITIATE       14 CALLS         297 TOTAL
                     EDM= unknown      STRATEGY= 1      NO ERROR MATRIX       
  EXT PARAMETER               CURRENT GUESS       STEP         FIRST   
  NO.   NAME      VALUE            ERROR          SIZE      DERIVATIVE 
   1  norm         5.58963e+05   1.00000e-01   1.00000e-01   3.93300e-03
   2  Q            5.64999e-01   1.00000e-01   1.00000e-01   7.37866e+06
   3  theta       -7.07943e-04   1.00000e-01   1.00000e-01  -4.68220e+03
   4  pileup       9.99756e-04   1.00000e-01   1.00000e-01  -9.18009e+11
 MIGRAD FAILS TO FIND IMPROVEMENT
 COVARIANCE MATRIX CALCULATED SUCCESSFULLY
 FCN=-2.37863e+11 FROM HESSE     STATUS=OK             29 CALLS         337 TOTAL
                     EDM=0.00350189    STRATEGY= 1      ERROR MATRIX ACCURATE 
  EXT PARAMETER                                   STEP         FIRST   
  NO.   NAME      VALUE            ERROR          SIZE      DERIVATIVE 
   1  norm         5.58963e+05   5.57438e+01   2.66534e+00   3.72118e-03
   2  Q            5.64999e-01   5.16489e-06   1.00000e-03   1.39534e+04
   3  theta       -7.07943e-04   4.50465e-03   1.00000e-01   1.26343e+01
   4  pileup       9.99756e-04   9.24351e-08   1.00000e-02   8.64808e+05
 MIGRAD FAILS TO FIND IMPROVEMENT
 MACHINE ACCURACY LIMITS FURTHER IMPROVEMENT.
 MIGRAD MINIMIZATION HAS CONVERGED.
 MIGRAD WILL VERIFY CONVERGENCE AND ERROR MATRIX.
 EIGENVALUES OF SECOND-DERIVATIVE MATRIX:
        -5.2397e-05  3.8396e-01  8.5183e-01  2.7643e+00
 MINUIT WARNING IN HESSE   
 ============== MATRIX FORCED POS-DEF BY ADDING 0.002817 TO DIAGONAL.
 MIGRAD TERMINATED WITHOUT CONVERGENCE.
 FCN=-2.37863e+11 FROM MIGRAD    STATUS=FAILED        102 CALLS         385 TOTAL
                     EDM=0.0142575    STRATEGY= 1      ERR MATRIX NOT POS-DEF
  EXT PARAMETER                APPROXIMATE        STEP         FIRST   
  NO.   NAME      VALUE            ERROR          SIZE      DERIVATIVE 
   1  norm         5.58963e+05   9.74377e+01   5.33068e+00  -4.29367e-05
   2  Q            5.64999e-01   3.14163e-05   1.02991e-04   1.65936e+03
   3  theta       -6.99013e-04   2.78486e-03   4.00000e-02   1.83773e+01
   4  pileup       9.99756e-04   1.03348e-07   2.14102e-05   1.25239e+06
 EXTERNAL ERROR MATRIX.    NDIM=  25    NPAR=  4    ERR DEF=1
  9.494e+03 -3.048e-03 -4.150e-03 -1.251e-08 
 -3.048e-03  9.870e-10  5.776e-09 -4.369e-15 
 -4.150e-03  5.776e-09  7.755e-06  1.223e-10 
 -1.251e-08 -4.369e-15  1.223e-10  1.068e-14 
ERR MATRIX NOT POS-DEF
 PARAMETER  CORRELATION COEFFICIENTS  
       NO.  GLOBAL      1      2      3      4
        1  0.99724   1.000 -0.996 -0.015 -0.001
        2  0.99725  -0.996  1.000  0.066 -0.001
        3  0.69845  -0.015  0.066  1.000  0.425
        4  0.52443  -0.001 -0.001  0.425  1.000
 ERR MATRIX NOT POS-DEF
 **********
 **    4 **MIGRAD 
 **********
 START MIGRAD MINIMIZATION.  STRATEGY  1.  CONVERGENCE WHEN EDM .LT. 1.00e-04
 FCN=-2.37863e+11 FROM MIGRAD    STATUS=INITIATE        8 CALLS         393 TOTAL
                     EDM=0.07185    STRATEGY= 1      ERR MATRIX NOT POS-DEF
  EXT PARAMETER                APPROXIMATE        STEP         FIRST   
  NO.   NAME      VALUE            ERROR          SIZE      DERIVATIVE 
   1  norm         5.58963e+05   9.74377e+01   5.33068e+00  -8.15797e-05
   2  Q            5.64999e-01   3.14163e-05   1.02991e-04   1.68232e+03
   3  theta       -6.99013e-04   2.78486e-03   4.00000e-02  -9.88350e+01
   4  pileup       9.99756e-04   1.03348e-07   2.14102e-05  -3.44314e+06
 MIGRAD FAILS TO FIND IMPROVEMENT
 MACHINE ACCURACY LIMITS FURTHER IMPROVEMENT.
 MIGRAD MINIMIZATION HAS CONVERGED.
 MIGRAD WILL VERIFY CONVERGENCE AND ERROR MATRIX.
 EIGENVALUES OF SECOND-DERIVATIVE MATRIX:
        -7.3378e-06  2.8022e-01  8.4982e-01  2.8700e+00
 MINUIT WARNING IN HESSE   
 ============== MATRIX FORCED POS-DEF BY ADDING 0.002877 TO DIAGONAL.
 FCN=-2.37863e+11 FROM HESSE     STATUS=NOT POSDEF     27 CALLS         431 TOTAL
                     EDM=0.0211463    STRATEGY= 1      ERR MATRIX NOT POS-DEF
  EXT PARAMETER                APPROXIMATE        STEP         FIRST   
  NO.   NAME      VALUE            ERROR          SIZE      DERIVATIVE 
   1  norm         5.58963e+05   9.56142e+01   1.06614e+01  -3.57806e-05
   2  Q            5.64999e-01   3.08544e-05   4.11963e-05   1.66677e+03
   3  theta       -6.99013e-04   9.46263e-03   1.60000e-02   1.92642e+01
   4  pileup       9.99756e-04   1.09412e-07   8.56408e-06   1.29210e+06
 MIGRAD FAILS TO FIND IMPROVEMENT
 MIGRAD TERMINATED WITHOUT CONVERGENCE.
 FCN=-2.37863e+11 FROM MIGRAD    STATUS=FAILED        124 CALLS         509 TOTAL
                     EDM=1.48398e+07    STRATEGY= 1      ERR MATRIX NOT POS-DEF
  EXT PARAMETER                APPROXIMATE        STEP         FIRST   
  NO.   NAME      VALUE            ERROR          SIZE      DERIVATIVE 
   1  norm         5.58968e+05   7.29759e+00  -0.00000e+00  -8.06058e-02
   2  Q            5.64999e-01   1.24564e-08   0.00000e+00  -1.53486e+08
   3  theta        8.26537e-03   1.98985e-04  -0.00000e+00   4.80303e+05
   4  pileup       9.99773e-04   8.08582e-08   0.00000e+00  -3.00404e+07
 EXTERNAL ERROR MATRIX.    NDIM=  25    NPAR=  4    ERR DEF=1
  5.325e+01  2.192e-08  1.958e-05 -3.377e-07 
  2.192e-08  1.552e-16  1.205e-14 -1.402e-16 
  1.958e-05  1.205e-14  3.959e-08  6.628e-14 
 -3.377e-07 -1.402e-16  6.628e-14  6.538e-15 
ERR MATRIX NOT POS-DEF
 PARAMETER  CORRELATION COEFFICIENTS  
       NO.  GLOBAL      1      2      3      4
        1  0.59521   1.000  0.241  0.013 -0.572
        2  0.24110   0.241  1.000  0.005 -0.139
        3  0.01983   0.013  0.005  1.000  0.004
        4  0.57238  -0.572 -0.139  0.004  1.000
 ERR MATRIX NOT POS-DEF
status of the fit-----000------4
1  558968
2  0.564999
3  0.00826537
4  0.000999773
 PARAMETER DEFINITIONS:
    NO.   NAME         VALUE      STEP SIZE      LIMITS
     1 norm         5.58968e+05  1.00000e-01     no limits
     2 Q            5.64999e-01  1.00000e-01     no limits
     3 theta        8.26537e-03  1.00000e-01     no limits
     4 pileup       9.99773e-04  1.00000e-01     no limits
 **********
 **    5 **MIGRAD
 **********
 FIRST CALL TO USER FUNCTION AT NEW START POINT, WITH IFLAG=4.
 START MIGRAD MINIMIZATION.  STRATEGY  1.  CONVERGENCE WHEN EDM .LT. 1.00e-04
 FCN=-2.37863e+11 FROM MIGRAD    STATUS=INITIATE       14 CALLS         524 TOTAL
                     EDM= unknown      STRATEGY= 1      NO ERROR MATRIX       
  EXT PARAMETER               CURRENT GUESS       STEP         FIRST   
  NO.   NAME      VALUE            ERROR          SIZE      DERIVATIVE 
   1  norm         5.58968e+05   1.00000e-01   1.00000e-01  -1.59608e-02
   2  Q            5.64999e-01   1.00000e-01   1.00000e-01   5.98979e+06
   3  theta        8.26537e-03   1.00000e-01   1.00000e-01   5.48963e+04
   4  pileup       9.99773e-04   1.00000e-01   1.00000e-01  -9.18012e+11
 MIGRAD FAILS TO FIND IMPROVEMENT
 EIGENVALUES OF SECOND-DERIVATIVE MATRIX:
        -5.5893e-02  2.9636e-01  9.1662e-01  2.8429e+00
 MINUIT WARNING IN HESSE   
 ============== MATRIX FORCED POS-DEF BY ADDING 0.058736 TO DIAGONAL.
 FCN=-2.37863e+11 FROM HESSE     STATUS=NOT POSDEF     29 CALLS         564 TOTAL
                     EDM=68.472    STRATEGY= 1      ERR MATRIX NOT POS-DEF
  EXT PARAMETER                APPROXIMATE        STEP         FIRST   
  NO.   NAME      VALUE            ERROR          SIZE      DERIVATIVE 
   1  norm         5.58968e+05   4.77648e+01   2.66537e+00  -1.58292e-02
   2  Q            5.64999e-01   6.37082e-06   1.00000e-03  -4.99459e+04
   3  theta        8.26537e-03   7.44534e-03   1.00000e-01   2.17448e+03
   4  pileup       9.99773e-04   9.22875e-08   1.00000e-02  -2.15125e+06
 MINUIT WARNING IN MIGRAD  
 ============== Negative diagonal element 3 in Error Matrix
 MINUIT WARNING IN MIGRAD  
 ============== 1 added to diagonal of error matrix
 MIGRAD FAILS TO FIND IMPROVEMENT
 MIGRAD TERMINATED WITHOUT CONVERGENCE.
 FCN=-2.37863e+11 FROM MIGRAD    STATUS=FAILED         87 CALLS         597 TOTAL
                     EDM=454581    STRATEGY= 1      ERR MATRIX NOT POS-DEF
  EXT PARAMETER                APPROXIMATE        STEP         FIRST   
  NO.   NAME      VALUE            ERROR          SIZE      DERIVATIVE 
   1  norm         5.58969e+05   1.44493e+01   0.00000e+00  -5.94524e-03
   2  Q            5.64998e-01   1.00000e+00   0.00000e+00  -1.86344e+04
   3  theta        8.20502e-03   1.00000e+00  -0.00000e+00   1.81185e+05
   4  pileup       9.99773e-04   1.00000e+00   0.00000e+00  -3.08729e+07
 EXTERNAL ERROR MATRIX.    NDIM=  25    NPAR=  4    ERR DEF=1
  2.088e+02 -1.080e-05 -9.368e-06 -2.445e-08 
 -1.080e-05  1.000e+00 -1.149e-12 -6.499e-15 
 -9.368e-06 -1.149e-12  1.000e+00  1.289e-12 
 -2.445e-08 -6.499e-15  1.289e-12  1.000e+00 
ERR MATRIX NOT POS-DEF
 PARAMETER  CORRELATION COEFFICIENTS  
       NO.  GLOBAL      1      2      3      4
        1  0.00000   1.000 -0.000 -0.000 -0.000
        2  0.00000  -0.000  1.000 -0.000 -0.000
        3  0.00000  -0.000 -0.000  1.000  0.000
        4  0.00000  -0.000 -0.000  0.000  1.000
 ERR MATRIX NOT POS-DEF
 **********
 **    6 **MIGRAD 
 **********
 START MIGRAD MINIMIZATION.  STRATEGY  1.  CONVERGENCE WHEN EDM .LT. 1.00e-04
 FCN=-2.37863e+11 FROM MIGRAD    STATUS=INITIATE       16 CALLS         613 TOTAL
                     EDM=5.17672e+16    STRATEGY= 1      ERR MATRIX NOT POS-DEF
  EXT PARAMETER                APPROXIMATE        STEP         FIRST   
  NO.   NAME      VALUE            ERROR          SIZE      DERIVATIVE 
   1  norm         5.58969e+05   1.44493e+01   0.00000e+00  -6.01794e-03
   2  Q            5.64998e-01   1.00000e+00   0.00000e+00  -1.53355e+08
   3  theta        8.20502e-03   1.00000e+00  -0.00000e+00   5.63927e+04
   4  pileup       9.99773e-04   1.00000e+00   0.00000e+00  -2.97067e+07
 MIGRAD FAILS TO FIND IMPROVEMENT
 EIGENVALUES OF SECOND-DERIVATIVE MATRIX:
        -1.3651e-01  5.2053e-01  6.6676e-01  2.9492e+00
 MINUIT WARNING IN HESSE   
 ============== MATRIX FORCED POS-DEF BY ADDING 0.139458 TO DIAGONAL.
 FCN=-2.37863e+11 FROM HESSE     STATUS=NOT POSDEF     29 CALLS         653 TOTAL
                     EDM=131.591    STRATEGY= 1      ERR MATRIX NOT POS-DEF
  EXT PARAMETER                APPROXIMATE        STEP         FIRST   
  NO.   NAME      VALUE            ERROR          SIZE      DERIVATIVE 
   1  norm         5.58969e+05   2.55044e+01   5.33074e+01  -5.94953e-03
   2  Q            5.64998e-01   4.57161e-06   5.54930e-04  -1.87145e+04
   3  theta        8.20502e-03   1.04871e-02   1.01729e-01   2.22188e+03
   4  pileup       9.99773e-04   1.38048e-07   2.09850e-05  -1.26999e+06
 MIGRAD FAILS TO FIND IMPROVEMENT
 MACHINE ACCURACY LIMITS FURTHER IMPROVEMENT.
 MIGRAD MINIMIZATION HAS CONVERGED.
 MIGRAD WILL VERIFY CONVERGENCE AND ERROR MATRIX.
 EIGENVALUES OF SECOND-DERIVATIVE MATRIX:
        -1.6488e-02  2.9184e-01  7.4609e-01  2.9786e+00
 MINUIT WARNING IN HESSE   
 ============== MATRIX FORCED POS-DEF BY ADDING 0.019466 TO DIAGONAL.
 MIGRAD TERMINATED WITHOUT CONVERGENCE.
 FCN=-2.37863e+11 FROM MIGRAD    STATUS=FAILED        106 CALLS         703 TOTAL
                     EDM=0.57751    STRATEGY= 1      ERR MATRIX NOT POS-DEF
  EXT PARAMETER                APPROXIMATE        STEP         FIRST   
  NO.   NAME      VALUE            ERROR          SIZE      DERIVATIVE 
   1  norm         5.58969e+05   6.16211e+01   1.06615e+01  -5.96098e-03
   2  Q            5.64998e-01   6.65691e-06   4.21742e-03  -1.87146e+04
   3  theta        8.20502e-03   2.13436e-03   2.82952e-01   4.27526e+02
   4  pileup       9.99773e-04   1.19689e-07   8.39399e-07  -1.22639e+06
 EXTERNAL ERROR MATRIX.    NDIM=  25    NPAR=  4    ERR DEF=1
  3.797e+03 -4.056e-04 -1.257e-01 -3.373e-06 
 -4.056e-04  4.431e-11  1.396e-08  3.722e-13 
 -1.257e-01  1.396e-08  4.556e-06  1.375e-10 
 -3.373e-06  3.722e-13  1.375e-10  1.433e-14 
ERR MATRIX NOT POS-DEF
 PARAMETER  CORRELATION COEFFICIENTS  
       NO.  GLOBAL      1      2      3      4
        1  0.99319   1.000 -0.989 -0.956 -0.457
        2  0.99760  -0.989  1.000  0.983  0.467
        3  0.99205  -0.956  0.983  1.000  0.538
        4  0.68426  -0.457  0.467  0.538  1.000
 ERR MATRIX NOT POS-DEF
status of the fit-----000------4
1  558969
2  0.564998
3  0.00820502
4  0.000999773
 **********
 **   19 **SET PRINT           2
 **********
 **********
 **   20 **SET NOGRAD
 **********
 PARAMETER DEFINITIONS:
    NO.   NAME         VALUE      STEP SIZE      LIMITS
     1 p0           5.58000e+05  1.67400e+05     no limits
     2 p1           5.65000e-01  1.69500e-01     no limits
     3 p2           0.00000e+00  3.00000e-01     no limits
     4 p3           9.99871e-04  2.99961e-04     no limits
 **********
 **   21 **SET ERR         0.5
 **********
 **********
 **   22 **SET PRINT           2
 **********
 **********
 **   23 **SET STR           1
 **********
 NOW USING STRATEGY  1: TRY TO BALANCE SPEED AGAINST RELIABILITY
 **********
 **   24 **MIGRAD        1480        0.01
 **********
 FIRST CALL TO USER FUNCTION AT NEW START POINT, WITH IFLAG=4.
 START MIGRAD MINIMIZATION.  STRATEGY  1.  CONVERGENCE WHEN EDM .LT. 1.00e-05
 FCN=17033.7 FROM MIGRAD    STATUS=INITIATE       18 CALLS          19 TOTAL
                     EDM= unknown      STRATEGY= 1      NO ERROR MATRIX       
  EXT PARAMETER               CURRENT GUESS       STEP         FIRST   
  NO.   NAME      VALUE            ERROR          SIZE      DERIVATIVE 
   1  p0           5.58000e+05   1.67400e+05   1.67400e+05  -3.59748e+01
   2  p1           5.65000e-01   1.69500e-01   1.69500e-01  -1.11670e+08
   3  p2           0.00000e+00   3.00000e-01   3.00000e-01   0.00000e+00
   4  p3           9.99871e-04   2.99961e-04   2.99961e-04  -9.71419e+08
                               ERR DEF= 0.5
NO ERROR MATRIX       
 FCN=497.375 FROM MIGRAD    STATUS=PROGRESS       34 CALLS          35 TOTAL
                     EDM=1373.84    STRATEGY= 1      NO ERROR MATRIX       
  EXT PARAMETER               CURRENT GUESS       STEP         FIRST   
  NO.   NAME      VALUE            ERROR          SIZE      DERIVATIVE 
   1  p0           5.58436e+05   1.67400e+05   4.35951e+02  -8.22070e-01
   2  p1           5.65141e-01   1.69500e-01   1.40580e-04  -2.52444e+06
   3  p2           0.00000e+00   3.00000e-01  -0.00000e+00   0.00000e+00
   4  p3           1.00162e-03   2.99961e-04   1.74527e-06   4.09870e+08
                               ERR DEF= 0.5
 FCN=76.3324 FROM MIGRAD    STATUS=PROGRESS      157 CALLS         158 TOTAL
                     EDM=4.58037e-07    STRATEGY= 1  ERROR MATRIX UNCERTAINTY 100.0 per cent
  EXT PARAMETER                APPROXIMATE        STEP         FIRST   
  NO.   NAME      VALUE            ERROR          SIZE      DERIVATIVE 
   1  p0           5.59169e+05   8.96222e+01   1.13214e-01   5.09140e-06
   2  p1           5.64929e-01   2.88191e-05  -3.60981e-08   1.71101e+01
   3  p2           0.00000e+00   4.96907e-04  -0.00000e+00   0.00000e+00
   4  p3           9.99727e-04   6.56035e-08  -1.73649e-10  -1.12568e+03
                               ERR DEF= 0.5
 MIGRAD MINIMIZATION HAS CONVERGED.
 MIGRAD WILL VERIFY CONVERGENCE AND ERROR MATRIX.
   START COVARIANCE MATRIX CALCULATION.
 MINUIT WARNING IN HESSE   
 ============== Negative diagonal element 3 in Error Matrix
 MINUIT WARNING IN HESSE   
 ============== 44768.4 added to diagonal of error matrix
 EIGENVALUES OF SECOND-DERIVATIVE MATRIX:
        -8.0347e+00  9.9868e-01  1.0005e+00  1.0036e+01
 MINUIT WARNING IN HESSE   
 ============== MATRIX FORCED POS-DEF BY ADDING 8.044750 TO DIAGONAL.
 FCN=76.3324 FROM MIGRAD    STATUS=CONVERGED     186 CALLS         187 TOTAL
                     EDM=1.38001e-06    STRATEGY= 1      ERR MATRIX NOT POS-DEF
  EXT PARAMETER                APPROXIMATE        STEP         FIRST   
  NO.   NAME      VALUE            ERROR          SIZE      DERIVATIVE 
   1  p0           5.59169e+05   1.57153e-03   2.66632e-01   2.65060e-06
   2  p1           5.64929e-01   6.89994e-07   2.69379e-07   1.19709e+01
   3  p2           0.00000e+00   7.05576e+00   2.95693e-05   0.00000e+00
   4  p3           9.99727e-04   4.30353e-07   4.76707e-10  -2.71800e+03
                               ERR DEF= 0.5
 EXTERNAL ERROR MATRIX.    NDIM=  25    NPAR=  4    ERR DEF=0.5
  2.470e-06 -3.670e-12  6.034e-05  3.675e-12 
 -3.670e-12  4.761e-13 -2.956e-06 -1.805e-13 
  6.034e-05 -2.956e-06  4.978e+01  3.033e-06 
  3.675e-12 -1.805e-13  3.033e-06  1.852e-13 
ERR MATRIX NOT POS-DEF
 PARAMETER  CORRELATION COEFFICIENTS  
       NO.  GLOBAL      1      2      3      4
        1  0.00544   1.000 -0.003  0.005  0.005
        2  0.60799  -0.003  1.000 -0.607 -0.608
        3  0.99889   0.005 -0.607  1.000  0.999
        4  0.99889   0.005 -0.608  0.999  1.000
 ERR MATRIX NOT POS-DEF
 **********
 **   25 **HESSE        1480
 **********
   START COVARIANCE MATRIX CALCULATION.
 MINUIT WARNING IN HESSE   
 ============== Negative diagonal element 3 in Error Matrix
 MINUIT WARNING IN HESSE   
 ============== 44768.4 added to diagonal of error matrix
 EIGENVALUES OF SECOND-DERIVATIVE MATRIX:
        -1.1386e+00  7.5836e-01  1.0000e+00  3.3803e+00
 MINUIT WARNING IN HESSE   
 ============== MATRIX FORCED POS-DEF BY ADDING 1.142022 TO DIAGONAL.
 FCN=76.3324 FROM HESSE     STATUS=NOT POSDEF     27 CALLS         214 TOTAL
                     EDM=2.16907e-05    STRATEGY= 1      ERR MATRIX NOT POS-DEF
  EXT PARAMETER                APPROXIMATE     INTERNAL      INTERNAL  
  NO.   NAME      VALUE            ERROR       STEP SIZE       VALUE   
   1  p0           5.59169e+05   3.22934e-03   1.33316e-01   5.59169e+05
   2  p1           5.64929e-01   1.88941e-05   1.34690e-07   5.64929e-01
   3  p2           0.00000e+00   1.24074e+01   2.95693e-05   0.00000e+00
   4  p3           9.99727e-04   2.06211e-07   9.73947e-09   9.99727e-04
                               ERR DEF= 0.5
 EXTERNAL ERROR MATRIX.    NDIM=  25    NPAR=  4    ERR DEF=0.5
  1.043e-05 -4.419e-10 -2.897e-04 -4.720e-12 
 -4.419e-10  3.570e-10  2.340e-04  3.795e-12 
 -2.897e-04  2.340e-04  1.539e+02  2.502e-06 
 -4.720e-12  3.795e-12  2.502e-06  4.252e-14 
ERR MATRIX NOT POS-DEF
 PARAMETER  CORRELATION COEFFICIENTS  
       NO.  GLOBAL      1      2      3      4
        1  0.00724   1.000 -0.007 -0.007 -0.007
        2  0.99823  -0.007  1.000  0.998  0.974
        3  0.99848  -0.007  0.998  1.000  0.978
        4  0.97846  -0.007  0.974  0.978  1.000
 ERR MATRIX NOT POS-DEF
 EXTERNAL ERROR MATRIX.    NDIM=   4    NPAR=  4    ERR DEF=0.5
  1.043e-05 -4.419e-10 -2.897e-04 -4.720e-12 
 -4.419e-10  3.570e-10  2.340e-04  3.795e-12 
 -2.897e-04  2.340e-04  1.539e+02  2.502e-06 
 -4.720e-12  3.795e-12  2.502e-06  4.252e-14 
 FCN=76.3324 FROM HESSE     STATUS=NOT POSDEF     27 CALLS         214 TOTAL
                     EDM=2.16907e-05    STRATEGY= 1      ERR MATRIX NOT POS-DEF
  EXT PARAMETER                  PARABOLIC         MINOS ERRORS        
  NO.   NAME      VALUE            ERROR      NEGATIVE      POSITIVE   
   1  p0           5.59169e+05   3.22934e-03                            
   2  p1           5.64929e-01   1.88941e-05                            
   3  p2           0.00000e+00   1.24074e+01                            
   4  p3           9.99727e-04   2.06211e-07                            
                               ERR DEF= 0.5
------------------------------------------
Enering ROOFIt-------
 PARAMETER DEFINITIONS:
    NO.   NAME         VALUE      STEP SIZE      LIMITS
     1 norm         5.59169e+05  1.00000e-01     no limits
     2 Q            5.65000e-01  1.00000e-01     no limits
     3 theta        0.00000e+00  1.00000e-01     no limits
     4 pileup       9.99727e-04  1.00000e-01     no limits
 **********
 **    1 **MIGRAD
 **********
 FIRST CALL TO USER FUNCTION AT NEW START POINT, WITH IFLAG=4.
 START MIGRAD MINIMIZATION.  STRATEGY  1.  CONVERGENCE WHEN EDM .LT. 1.00e-04
 FCN=-2.37857e+11 FROM MIGRAD    STATUS=INITIATE       14 CALLS          15 TOTAL
                     EDM= unknown      STRATEGY= 1      NO ERROR MATRIX       
  EXT PARAMETER               CURRENT GUESS       STEP         FIRST   
  NO.   NAME      VALUE            ERROR          SIZE      DERIVATIVE 
   1  norm         5.59169e+05   1.00000e-01   1.00000e-01   8.43434e+00
   2  Q            5.65000e-01   1.00000e-01   1.00000e-01   1.37508e+08
   3  theta        0.00000e+00   1.00000e-01   1.00000e-01   0.00000e+00
   4  pileup       9.99727e-04   1.00000e-01   1.00000e-01  -9.17675e+11
 MIGRAD FAILS TO FIND IMPROVEMENT
 EIGENVALUES OF SECOND-DERIVATIVE MATRIX:
        -8.3789e-02  2.7029e-01  9.1661e-01  2.8969e+00
 MINUIT WARNING IN HESSE   
 ============== MATRIX FORCED POS-DEF BY ADDING 0.086686 TO DIAGONAL.
 FCN=-2.37857e+11 FROM HESSE     STATUS=NOT POSDEF     27 CALLS          53 TOTAL
                     EDM=7519.21    STRATEGY= 1      ERR MATRIX NOT POS-DEF
  EXT PARAMETER                APPROXIMATE        STEP         FIRST   
  NO.   NAME      VALUE            ERROR          SIZE      DERIVATIVE 
   1  norm         5.59169e+05   3.95655e+01   2.66632e+00   8.43426e+00
   2  Q            5.65000e-01   6.25490e-06   1.00000e-03   2.62379e+07
   3  theta        0.00000e+00   9.76476e-03   1.00000e-01   0.00000e+00
   4  pileup       9.99727e-04   9.35558e-08   1.00000e-02   2.36037e+08
 MINUIT WARNING IN MIGRAD  
 ============== Negative diagonal element 2 in Error Matrix
 MINUIT WARNING IN MIGRAD  
 ============== Negative diagonal element 3 in Error Matrix
 MINUIT WARNING IN MIGRAD  
 ============== 1 added to diagonal of error matrix
 MIGRAD FAILS TO FIND IMPROVEMENT
 MACHINE ACCURACY LIMITS FURTHER IMPROVEMENT.
 MIGRAD MINIMIZATION HAS CONVERGED.
 MIGRAD WILL VERIFY CONVERGENCE AND ERROR MATRIX.
 EIGENVALUES OF SECOND-DERIVATIVE MATRIX:
        -4.6095e-01  3.5691e-01  6.7449e-01  3.4296e+00
 MINUIT WARNING IN HESSE   
 ============== MATRIX FORCED POS-DEF BY ADDING 0.464382 TO DIAGONAL.
 MIGRAD TERMINATED WITHOUT CONVERGENCE.
 FCN=-2.37857e+11 FROM MIGRAD    STATUS=FAILED        162 CALLS         163 TOTAL
                     EDM=46.3922    STRATEGY= 1      ERR MATRIX NOT POS-DEF
  EXT PARAMETER                APPROXIMATE        STEP         FIRST   
  NO.   NAME      VALUE            ERROR          SIZE      DERIVATIVE 
   1  norm         5.58873e+05   8.47959e+00   1.72558e+03  -5.32650e-01
   2  Q            5.65024e-01   4.99503e-06   5.54865e-04  -1.66376e+06
   3  theta        1.86437e-02   6.16500e-03   1.43832e-01   2.40520e+03
   4  pileup       9.99937e-04   8.13465e-08   2.09801e-05   1.54352e+06
 EXTERNAL ERROR MATRIX.    NDIM=  25    NPAR=  4    ERR DEF=1
  7.190e+01 -2.426e-05 -2.809e-02  2.212e-08 
 -2.426e-05  2.495e-11  3.068e-08 -2.786e-14 
 -2.809e-02  3.068e-08  3.801e-05 -1.735e-11 
  2.212e-08 -2.786e-14 -1.735e-11  6.617e-15 
ERR MATRIX NOT POS-DEF
 PARAMETER  CORRELATION COEFFICIENTS  
       NO.  GLOBAL      1      2      3      4
        1  0.70806   1.000 -0.573 -0.537  0.032
        2  0.99773  -0.573  1.000  0.996 -0.069
        3  0.99758  -0.537  0.996  1.000 -0.035
        4  0.44557   0.032 -0.069 -0.035  1.000
 ERR MATRIX NOT POS-DEF
 **********
 **    2 **MIGRAD 
 **********
 START MIGRAD MINIMIZATION.  STRATEGY  1.  CONVERGENCE WHEN EDM .LT. 1.00e-04
 FCN=-2.37857e+11 FROM MIGRAD    STATUS=INITIATE        8 CALLS         171 TOTAL
                     EDM=16661.3    STRATEGY= 1      ERR MATRIX NOT POS-DEF
  EXT PARAMETER                APPROXIMATE        STEP         FIRST   
  NO.   NAME      VALUE            ERROR          SIZE      DERIVATIVE 
   1  norm         5.58873e+05   8.47959e+00   1.72558e+03  -5.42889e-01
   2  Q            5.65024e-01   4.99503e-06   5.54865e-04  -1.66376e+06
   3  theta        1.86437e-02   6.16500e-03   1.43832e-01   4.28110e+04
   4  pileup       9.99937e-04   8.13465e-08   2.09801e-05  -2.96362e+06
 EIGENVALUES OF SECOND-DERIVATIVE MATRIX:
        -1.8356e-01  5.0096e-01  1.0015e+00  2.6811e+00
 MINUIT WARNING IN MIGRAD  
 ============== MATRIX FORCED POS-DEF BY ADDING 0.186240 TO DIAGONAL.
 MIGRAD FAILS TO FIND IMPROVEMENT
 MACHINE ACCURACY LIMITS FURTHER IMPROVEMENT.
 MIGRAD MINIMIZATION HAS CONVERGED.
 MIGRAD WILL VERIFY CONVERGENCE AND ERROR MATRIX.
 EIGENVALUES OF SECOND-DERIVATIVE MATRIX:
        -5.9188e-04  1.5355e-01  8.4807e-01  2.9990e+00
 MINUIT WARNING IN HESSE   
 ============== MATRIX FORCED POS-DEF BY ADDING 0.003591 TO DIAGONAL.
 FCN=-2.37857e+11 FROM HESSE     STATUS=NOT POSDEF     29 CALLS         252 TOTAL
                     EDM=8.65467    STRATEGY= 1      ERR MATRIX NOT POS-DEF
  EXT PARAMETER                APPROXIMATE        STEP         FIRST   
  NO.   NAME      VALUE            ERROR          SIZE      DERIVATIVE 
   1  norm         5.58871e+05   9.20469e+01   1.72555e+03  -5.56488e-01
   2  Q            5.65022e-01   3.06420e-05   9.62733e-05  -1.73202e+06
   3  theta        1.28592e-02   2.04172e-03   7.96637e-02   7.14521e+02
   4  pileup       9.99866e-04   1.27816e-07   2.09867e-05   1.95505e+06
 EIGENVALUES OF SECOND-DERIVATIVE MATRIX:
        -1.0086e-01  5.6682e-01  1.3432e+00  2.1909e+00
 MINUIT WARNING IN MIGRAD  
 ============== MATRIX FORCED POS-DEF BY ADDING 0.103055 TO DIAGONAL.
 MIGRAD FAILS TO FIND IMPROVEMENT
 MACHINE ACCURACY LIMITS FURTHER IMPROVEMENT.
 MIGRAD MINIMIZATION HAS CONVERGED.
 MIGRAD WILL VERIFY CONVERGENCE AND ERROR MATRIX.
 EIGENVALUES OF SECOND-DERIVATIVE MATRIX:
        -5.3126e-04  1.1053e-01  8.4794e-01  3.0421e+00
 MINUIT WARNING IN HESSE   
 ============== MATRIX FORCED POS-DEF BY ADDING 0.003573 TO DIAGONAL.
 MIGRAD TERMINATED WITHOUT CONVERGENCE.
 FCN=-2.37857e+11 FROM MIGRAD    STATUS=FAILED        182 CALLS         345 TOTAL
                     EDM=0.0186138    STRATEGY= 1      ERR MATRIX NOT POS-DEF
  EXT PARAMETER                APPROXIMATE        STEP         FIRST   
  NO.   NAME      VALUE            ERROR          SIZE      DERIVATIVE 
   1  norm         5.58879e+05   9.13584e+01   1.72555e+03  -2.05793e-02
   2  Q            5.65024e-01   3.04686e-05   9.64135e-05  -6.66782e+04
   3  theta        1.28622e-02   2.80360e-03   6.60656e-02   7.69111e+01
   4  pileup       9.99791e-04   1.40217e-07   2.09847e-05  -2.53390e+05
 EXTERNAL ERROR MATRIX.    NDIM=  25    NPAR=  4    ERR DEF=1
  8.346e+03 -2.753e-03 -5.558e-02 -1.944e-06 
 -2.753e-03  9.283e-10  2.864e-08  9.481e-13 
 -5.558e-02  2.864e-08  7.860e-06  2.929e-10 
 -1.944e-06  9.481e-13  2.929e-10  1.966e-14 
ERR MATRIX NOT POS-DEF
 PARAMETER  CORRELATION COEFFICIENTS  
       NO.  GLOBAL      1      2      3      4
        1  0.99686   1.000 -0.989 -0.217 -0.152
        2  0.99708  -0.989  1.000  0.335  0.222
        3  0.92063  -0.217  0.335  1.000  0.745
        4  0.77875  -0.152  0.222  0.745  1.000
 ERR MATRIX NOT POS-DEF
status of the fit-----000------4
1  558879
2  0.565024
3  0.0128622
4  0.000999791
 PARAMETER DEFINITIONS:
    NO.   NAME         VALUE      STEP SIZE      LIMITS
     1 norm         5.58879e+05  1.00000e-01     no limits
     2 Q            5.65024e-01  1.00000e-01     no limits
     3 theta        1.28622e-02  1.00000e-01     no limits
     4 pileup       9.99791e-04  1.00000e-01     no limits
 **********
 **    3 **MIGRAD
 **********
 FIRST CALL TO USER FUNCTION AT NEW START POINT, WITH IFLAG=4.
 START MIGRAD MINIMIZATION.  STRATEGY  1.  CONVERGENCE WHEN EDM .LT. 1.00e-04
 FCN=-2.37857e+11 FROM MIGRAD    STATUS=INITIATE       18 CALLS         364 TOTAL
                     EDM= unknown      STRATEGY= 1      NO ERROR MATRIX       
  EXT PARAMETER               CURRENT GUESS       STEP         FIRST   
  NO.   NAME      VALUE            ERROR          SIZE      DERIVATIVE 
   1  norm         5.58879e+05   1.00000e-01   1.00000e-01  -2.04409e-02
   2  Q            5.65024e-01   1.00000e-01   1.00000e-01   5.80467e+06
   3  theta        1.28622e-02   1.00000e-01   1.00000e-01   8.85996e+04
   4  pileup       9.99791e-04   1.00000e-01   1.00000e-01  -9.17981e+11
 MIGRAD FAILS TO FIND IMPROVEMENT
 EIGENVALUES OF SECOND-DERIVATIVE MATRIX:
        -9.0310e-02  2.6651e-01  9.1653e-01  2.9073e+00
 MINUIT WARNING IN HESSE   
 ============== MATRIX FORCED POS-DEF BY ADDING 0.093217 TO DIAGONAL.
 FCN=-2.37857e+11 FROM HESSE     STATUS=NOT POSDEF     29 CALLS         404 TOTAL
                     EDM=0.599093    STRATEGY= 1      ERR MATRIX NOT POS-DEF
  EXT PARAMETER                APPROXIMATE        STEP         FIRST   
  NO.   NAME      VALUE            ERROR          SIZE      DERIVATIVE 
   1  norm         5.58879e+05   3.77534e+01   2.66494e+00  -2.04409e-02
   2  Q            5.65024e-01   6.22765e-06   1.00000e-03  -6.66870e+04
   3  theta        1.28622e-02   7.83970e-03   1.01907e-01   1.58716e+02
   4  pileup       9.99791e-04   9.39423e-08   1.00000e-02  -8.00607e+05
 EIGENVALUES OF SECOND-DERIVATIVE MATRIX:
        -3.2632e-01  1.5140e-01  1.7771e+00  2.3978e+00
 MINUIT WARNING IN MIGRAD  
 ============== MATRIX FORCED POS-DEF BY ADDING 0.328721 TO DIAGONAL.
 MIGRAD FAILS TO FIND IMPROVEMENT
 MACHINE ACCURACY LIMITS FURTHER IMPROVEMENT.
 MIGRAD MINIMIZATION HAS CONVERGED.
 MIGRAD WILL VERIFY CONVERGENCE AND ERROR MATRIX.
 EIGENVALUES OF SECOND-DERIVATIVE MATRIX:
        -3.1629e-01  3.7887e-01  6.7421e-01  3.2632e+00
 MINUIT WARNING IN HESSE   
 ============== MATRIX FORCED POS-DEF BY ADDING 0.319553 TO DIAGONAL.
 MIGRAD TERMINATED WITHOUT CONVERGENCE.
 FCN=-2.37857e+11 FROM MIGRAD    STATUS=FAILED        185 CALLS         531 TOTAL
                     EDM=2.44404    STRATEGY= 1      ERR MATRIX NOT POS-DEF
  EXT PARAMETER                APPROXIMATE        STEP         FIRST   
  NO.   NAME      VALUE            ERROR          SIZE      DERIVATIVE 
   1  norm         5.58880e+05   1.65219e+01   1.72556e+03   1.02709e-03
   2  Q            5.65024e-01   5.27034e-06   5.54924e-04   5.81940e+02
   3  theta        1.27596e-02   3.18358e-03   2.77688e-01   7.03834e+02
   4  pileup       9.99789e-04   1.08989e-07   2.09847e-05   2.85057e+05
 EXTERNAL ERROR MATRIX.    NDIM=  25    NPAR=  4    ERR DEF=1
  2.730e+02 -7.813e-05 -4.601e-02  9.697e-07 
 -7.813e-05  2.778e-11  1.670e-08 -3.540e-13 
 -4.601e-02  1.670e-08  1.014e-05 -2.031e-10 
  9.697e-07 -3.540e-13 -2.031e-10  1.188e-14 
ERR MATRIX NOT POS-DEF
 PARAMETER  CORRELATION COEFFICIENTS  
       NO.  GLOBAL      1      2      3      4
        1  0.92425   1.000 -0.897 -0.875  0.539
        2  0.99776  -0.897  1.000  0.996 -0.616
        3  0.99715  -0.875  0.996  1.000 -0.585
        4  0.71035   0.539 -0.616 -0.585  1.000
 ERR MATRIX NOT POS-DEF
 **********
 **    4 **MIGRAD 
 **********
 START MIGRAD MINIMIZATION.  STRATEGY  1.  CONVERGENCE WHEN EDM .LT. 1.00e-04
 FCN=-2.37857e+11 FROM MIGRAD    STATUS=INITIATE        8 CALLS         539 TOTAL
                     EDM=3391.61    STRATEGY= 1      ERR MATRIX NOT POS-DEF
  EXT PARAMETER                APPROXIMATE        STEP         FIRST   
  NO.   NAME      VALUE            ERROR          SIZE      DERIVATIVE 
   1  norm         5.58880e+05   1.65219e+01   1.72556e+03  -9.20923e-03
   2  Q            5.65024e-01   5.27034e-06   5.54924e-04   6.20564e+02
   3  theta        1.27596e-02   3.18358e-03   2.77688e-01   3.64585e+04
   4  pileup       9.99789e-04   1.08989e-07   2.09847e-05  -4.22566e+06
 MIGRAD FAILS TO FIND IMPROVEMENT
 MACHINE ACCURACY LIMITS FURTHER IMPROVEMENT.
 MIGRAD MINIMIZATION HAS CONVERGED.
 MIGRAD WILL VERIFY CONVERGENCE AND ERROR MATRIX.
 EIGENVALUES OF SECOND-DERIVATIVE MATRIX:
        -4.7128e-04  1.0880e-01  8.4769e-01  3.0440e+00
 MINUIT WARNING IN HESSE   
 ============== MATRIX FORCED POS-DEF BY ADDING 0.003515 TO DIAGONAL.
 FCN=-2.37857e+11 FROM HESSE     STATUS=NOT POSDEF     31 CALLS         581 TOTAL
                     EDM=4.20752    STRATEGY= 1      ERR MATRIX NOT POS-DEF
  EXT PARAMETER                APPROXIMATE        STEP         FIRST   
  NO.   NAME      VALUE            ERROR          SIZE      DERIVATIVE 
   1  norm         5.58880e+05   9.12548e+01   6.90222e+02   1.11420e-03
   2  Q            5.65024e-01   3.04778e-05   9.64118e-05   5.85587e+02
   3  theta        1.27596e-02   2.85141e-03   6.57448e-02   1.43228e+03
   4  pileup       9.99789e-04   1.41613e-07   8.39387e-06   3.23532e+05
 MIGRAD FAILS TO FIND IMPROVEMENT
 MACHINE ACCURACY LIMITS FURTHER IMPROVEMENT.
 MIGRAD MINIMIZATION HAS CONVERGED.
 MIGRAD WILL VERIFY CONVERGENCE AND ERROR MATRIX.
 EIGENVALUES OF SECOND-DERIVATIVE MATRIX:
        -7.8629e-02  2.9099e-01  8.3267e-01  2.9550e+00
 MINUIT WARNING IN HESSE   
 ============== MATRIX FORCED POS-DEF BY ADDING 0.081584 TO DIAGONAL.
 MIGRAD TERMINATED WITHOUT CONVERGENCE.
 FCN=-2.37857e+11 FROM MIGRAD    STATUS=FAILED         94 CALLS         625 TOTAL
                     EDM=0.0687932    STRATEGY= 1      ERR MATRIX NOT POS-DEF
  EXT PARAMETER                APPROXIMATE        STEP         FIRST   
  NO.   NAME      VALUE            ERROR          SIZE      DERIVATIVE 
   1  norm         5.58880e+05   6.85726e+01   2.76089e+01   1.12746e-03
   2  Q            5.65024e-01   3.22143e-05   3.85647e-06   4.94584e+02
   3  theta        1.27596e-02   1.29397e-03   4.29418e-01   2.72018e+02
   4  pileup       9.99789e-04   2.47616e-07   3.35755e-07   3.30394e+05
 EXTERNAL ERROR MATRIX.    NDIM=  25    NPAR=  4    ERR DEF=1
  4.702e+03 -2.192e-03 -8.551e-02 -1.536e-05 
 -2.192e-03  1.038e-09  4.098e-08  7.276e-12 
 -8.551e-02  4.098e-08  1.674e-06  2.988e-10 
 -1.536e-05  7.276e-12  2.988e-10  6.131e-14 
ERR MATRIX NOT POS-DEF
 PARAMETER  CORRELATION COEFFICIENTS  
       NO.  GLOBAL      1      2      3      4
        1  0.99482   1.000 -0.992 -0.964 -0.905
        2  0.99758  -0.992  1.000  0.983  0.912
        3  0.99139  -0.964  0.983  1.000  0.932
        4  0.93962  -0.905  0.912  0.932  1.000
 ERR MATRIX NOT POS-DEF
status of the fit-----000------4
1  558880
2  0.565024
3  0.0127596
4  0.000999789
 PARAMETER DEFINITIONS:
    NO.   NAME         VALUE      STEP SIZE      LIMITS
     1 norm         5.58880e+05  1.00000e-01     no limits
     2 Q            5.65024e-01  1.00000e-01     no limits
     3 theta        1.27596e-02  1.00000e-01     no limits
     4 pileup       9.99789e-04  1.00000e-01     no limits
 **********
 **    5 **MIGRAD
 **********
 FIRST CALL TO USER FUNCTION AT NEW START POINT, WITH IFLAG=4.
 START MIGRAD MINIMIZATION.  STRATEGY  1.  CONVERGENCE WHEN EDM .LT. 1.00e-04
 FCN=-2.37857e+11 FROM MIGRAD    STATUS=INITIATE       18 CALLS         644 TOTAL
                     EDM= unknown      STRATEGY= 1      NO ERROR MATRIX       
  EXT PARAMETER               CURRENT GUESS       STEP         FIRST   
  NO.   NAME      VALUE            ERROR          SIZE      DERIVATIVE 
   1  norm         5.58880e+05   1.00000e-01   1.00000e-01   1.14515e-03
   2  Q            5.65024e-01   1.00000e-01   1.00000e-01   6.16981e+06
   3  theta        1.27596e-02   1.00000e-01   1.00000e-01   8.77382e+04
   4  pileup       9.99789e-04   1.00000e-01   1.00000e-01  -9.17980e+11
 MIGRAD FAILS TO FIND IMPROVEMENT
 EIGENVALUES OF SECOND-DERIVATIVE MATRIX:
        -8.9800e-02  2.6732e-01  9.1653e-01  2.9059e+00
 MINUIT WARNING IN HESSE   
 ============== MATRIX FORCED POS-DEF BY ADDING 0.092706 TO DIAGONAL.
 FCN=-2.37857e+11 FROM HESSE     STATUS=NOT POSDEF     29 CALLS         684 TOTAL
                     EDM=185.132    STRATEGY= 1      ERR MATRIX NOT POS-DEF
  EXT PARAMETER                APPROXIMATE        STEP         FIRST   
  NO.   NAME      VALUE            ERROR          SIZE      DERIVATIVE 
   1  norm         5.58880e+05   3.77837e+01   2.66495e+00   1.03063e-03
   2  Q            5.65024e-01   6.22928e-06   1.00000e-03   5.75150e+02
   3  theta        1.27596e-02   7.85077e-03   1.01842e-01   3.47154e+03
   4  pileup       9.99789e-04   9.39169e-08   1.00000e-02  -2.62264e+05
 MIGRAD FAILS TO FIND IMPROVEMENT
 MACHINE ACCURACY LIMITS FURTHER IMPROVEMENT.
 MIGRAD MINIMIZATION HAS CONVERGED.
 MIGRAD WILL VERIFY CONVERGENCE AND ERROR MATRIX.
 EIGENVALUES OF SECOND-DERIVATIVE MATRIX:
        -3.0291e-02  2.7218e-01  7.5751e-01  3.0006e+00
 MINUIT WARNING IN HESSE   
 ============== MATRIX FORCED POS-DEF BY ADDING 0.033291 TO DIAGONAL.
 MIGRAD TERMINATED WITHOUT CONVERGENCE.
 FCN=-2.37857e+11 FROM MIGRAD    STATUS=FAILED        110 CALLS         736 TOTAL
                     EDM=0.944974    STRATEGY= 1      ERR MATRIX NOT POS-DEF
  EXT PARAMETER                APPROXIMATE        STEP         FIRST   
  NO.   NAME      VALUE            ERROR          SIZE      DERIVATIVE 
   1  norm         5.58880e+05   6.22960e+01   5.32989e-01   1.14515e-03
   2  Q            5.65024e-01   6.80127e-06   4.51842e-03   5.68691e+02
   3  theta        1.27596e-02   2.07037e-03   2.81635e-01   6.83283e+02
   4  pileup       9.99789e-04   1.23288e-07   3.02785e-06   3.29582e+05
 EXTERNAL ERROR MATRIX.    NDIM=  25    NPAR=  4    ERR DEF=1
  3.881e+03 -4.192e-04 -1.231e-01 -3.827e-06 
 -4.192e-04  4.626e-11  1.382e-08  4.285e-13 
 -1.231e-01  1.382e-08  4.286e-06  1.492e-10 
 -3.827e-06  4.285e-13  1.492e-10  1.520e-14 
ERR MATRIX NOT POS-DEF
 PARAMETER  CORRELATION COEFFICIENTS  
       NO.  GLOBAL      1      2      3      4
        1  0.99360   1.000 -0.989 -0.955 -0.498
        2  0.99761  -0.989  1.000  0.981  0.511
        3  0.99160  -0.955  0.981  1.000  0.585
        4  0.71100  -0.498  0.511  0.585  1.000
 ERR MATRIX NOT POS-DEF
 **********
 **    6 **MIGRAD 
 **********
 START MIGRAD MINIMIZATION.  STRATEGY  1.  CONVERGENCE WHEN EDM .LT. 1.00e-04
 FCN=-2.37857e+11 FROM MIGRAD    STATUS=INITIATE        8 CALLS         744 TOTAL
                     EDM=1343.35    STRATEGY= 1      ERR MATRIX NOT POS-DEF
  EXT PARAMETER                APPROXIMATE        STEP         FIRST   
  NO.   NAME      VALUE            ERROR          SIZE      DERIVATIVE 
   1  norm         5.58880e+05   6.22960e+01   5.32989e-01   1.08789e-03
   2  Q            5.65024e-01   6.80127e-06   4.51842e-03   6.41792e+02
   3  theta        1.27596e-02   2.07037e-03   2.81635e-01   3.54271e+04
   4  pileup       9.99789e-04   1.23288e-07   3.02785e-06   2.35785e+05
 MIGRAD FAILS TO FIND IMPROVEMENT
 MACHINE ACCURACY LIMITS FURTHER IMPROVEMENT.
 MIGRAD MINIMIZATION HAS CONVERGED.
 MIGRAD WILL VERIFY CONVERGENCE AND ERROR MATRIX.
 COVARIANCE MATRIX CALCULATED SUCCESSFULLY
 FCN=-2.37857e+11 FROM HESSE     STATUS=OK             29 CALLS         784 TOTAL
                     EDM=5.35057    STRATEGY= 1      ERROR MATRIX ACCURATE 
  EXT PARAMETER                                   STEP         FIRST   
  NO.   NAME      VALUE            ERROR          SIZE      DERIVATIVE 
   1  norm         5.58880e+05   1.73614e+02   1.33247e+00   9.73376e-04
   2  Q            5.65024e-01   5.83037e-05   1.13836e-04   5.86432e+02
   3  theta        1.27596e-02   3.34201e-03   6.48104e-02   1.39117e+03
   4  pileup       9.99789e-04   1.54312e-07   1.21114e-06   3.29141e+05
 MIGRAD FAILS TO FIND IMPROVEMENT
 MACHINE ACCURACY LIMITS FURTHER IMPROVEMENT.
 MIGRAD MINIMIZATION HAS CONVERGED.
 FCN=-2.37857e+11 FROM MIGRAD    STATUS=CONVERGED      59 CALLS         795 TOTAL
                     EDM=5.35057    STRATEGY= 1      ERROR MATRIX ACCURATE 
  EXT PARAMETER                                   STEP         FIRST   
  NO.   NAME      VALUE            ERROR          SIZE      DERIVATIVE 
   1  norm         5.58880e+05   1.73614e+02   0.00000e+00   9.73376e-04
   2  Q            5.65024e-01   5.83037e-05  -0.00000e+00   5.86432e+02
   3  theta        1.27596e-02   3.34201e-03  -0.00000e+00   1.39117e+03
   4  pileup       9.99789e-04   1.54312e-07  -0.00000e+00   3.29141e+05
 EXTERNAL ERROR MATRIX.    NDIM=  25    NPAR=  4    ERR DEF=1
  3.014e+04 -1.009e-02 -2.881e-01 -1.012e-05 
 -1.009e-02  3.399e-09  1.078e-07  3.732e-12 
 -2.881e-01  1.078e-07  1.117e-05  4.095e-10 
 -1.012e-05  3.732e-12  4.095e-10  2.381e-14 
 PARAMETER  CORRELATION COEFFICIENTS  
       NO.  GLOBAL      1      2      3      4
        1  0.99913   1.000 -0.997 -0.497 -0.378
        2  0.99920  -0.997  1.000  0.553  0.415
        3  0.94246  -0.497  0.553  1.000  0.794
        4  0.82089  -0.378  0.415  0.794  1.000
status of the fit-----000------0
1  558880
2  0.565024
3  0.0127596
4  0.000999789
 **********
 **   26 **SET PRINT           2
 **********
 **********
 **   27 **SET NOGRAD
 **********
 PARAMETER DEFINITIONS:
    NO.   NAME         VALUE      STEP SIZE      LIMITS
     1 p0           5.58000e+05  1.67400e+05     no limits
     2 p1           5.65000e-01  1.69500e-01     no limits
     3 p2           0.00000e+00  3.00000e-01     no limits
     4 p3           9.99871e-04  2.99961e-04     no limits
 **********
 **   28 **SET ERR         0.5
 **********
 **********
 **   29 **SET PRINT           2
 **********
 **********
 **   30 **SET STR           1
 **********
 NOW USING STRATEGY  1: TRY TO BALANCE SPEED AGAINST RELIABILITY
 **********
 **   31 **MIGRAD        1480        0.01
 **********
 FIRST CALL TO USER FUNCTION AT NEW START POINT, WITH IFLAG=4.
 START MIGRAD MINIMIZATION.  STRATEGY  1.  CONVERGENCE WHEN EDM .LT. 1.00e-05
 FCN=16977.4 FROM MIGRAD    STATUS=INITIATE       18 CALLS          19 TOTAL
                     EDM= unknown      STRATEGY= 1      NO ERROR MATRIX       
  EXT PARAMETER               CURRENT GUESS       STEP         FIRST   
  NO.   NAME      VALUE            ERROR          SIZE      DERIVATIVE 
   1  p0           5.58000e+05   1.67400e+05   1.67400e+05  -3.59269e+01
   2  p1           5.65000e-01   1.69500e-01   1.69500e-01  -1.11522e+08
   3  p2           0.00000e+00   3.00000e-01   3.00000e-01   0.00000e+00
   4  p3           9.99871e-04   2.99961e-04   2.99961e-04  -9.71886e+08
                               ERR DEF= 0.5
NO ERROR MATRIX       
 FCN=483.255 FROM MIGRAD    STATUS=PROGRESS       34 CALLS          35 TOTAL
                     EDM=1363.52    STRATEGY= 1      NO ERROR MATRIX       
  EXT PARAMETER               CURRENT GUESS       STEP         FIRST   
  NO.   NAME      VALUE            ERROR          SIZE      DERIVATIVE 
   1  p0           5.58435e+05   1.67400e+05   4.35337e+02  -8.20323e-01
   2  p1           5.65140e-01   1.69500e-01   1.40382e-04  -2.51948e+06
   3  p2           0.00000e+00   3.00000e-01  -0.00000e+00   0.00000e+00
   4  p3           1.00162e-03   2.99961e-04   1.74603e-06   4.08283e+08
                               ERR DEF= 0.5
 MIGRAD FAILS TO FIND IMPROVEMENT
 MIGRAD MINIMIZATION HAS CONVERGED.
 MIGRAD WILL VERIFY CONVERGENCE AND ERROR MATRIX.
   START COVARIANCE MATRIX CALCULATION.
 EIGENVALUES OF SECOND-DERIVATIVE MATRIX:
         9.2394e-04  7.9942e-01  1.0033e+00  2.1963e+00
 COVARIANCE MATRIX CALCULATED SUCCESSFULLY
 FCN=65.5599 FROM HESSE     STATUS=OK             23 CALLS         165 TOTAL
                     EDM=0.00197446    STRATEGY= 1      ERROR MATRIX ACCURATE 
  EXT PARAMETER                                   STEP         FIRST   
  NO.   NAME      VALUE            ERROR          SIZE      DERIVATIVE 
   1  p0           5.58473e+05   1.18908e+02   2.66301e-01   8.65018e-05
   2  p1           5.65152e-01   3.83949e-05   2.69486e-07   1.89242e+03
   3  p2           0.00000e+00   9.59073e-03   5.84151e-05   0.00000e+00
   4  p3           9.99720e-04   6.74365e-08   4.76704e-10  -4.11320e+04
                               ERR DEF= 0.5
 PARAMETER  CORRELATION COEFFICIENTS  
       NO.  GLOBAL      1      2      3      4
        1  0.99907   1.000 -0.999  0.080  0.124
        2  0.99908  -0.999  1.000 -0.080 -0.140
        3  0.08504   0.080 -0.080  1.000 -0.016
        4  0.36609   0.124 -0.140 -0.016  1.000
 FCN=65.5162 FROM MIGRAD    STATUS=PROGRESS      176 CALLS         177 TOTAL
                     EDM=0.0311987    STRATEGY= 1      ERROR MATRIX ACCURATE 
  EXT PARAMETER                                   STEP         FIRST   
  NO.   NAME      VALUE            ERROR          SIZE      DERIVATIVE 
   1  p0           5.58638e+05   1.18908e+02   1.64521e+02  -1.63758e-02
   2  p1           5.65099e-01   3.83949e-05  -5.32339e-05  -4.95699e+04
   3  p2           1.03980e-03   9.59073e-03   1.03980e-03   1.29941e+01
   4  p3           9.99738e-04   6.74365e-08   1.73365e-08   2.59678e+06
                               ERR DEF= 0.5
 MIGRAD FAILS TO FIND IMPROVEMENT
 MIGRAD MINIMIZATION HAS CONVERGED.
 MIGRAD WILL VERIFY CONVERGENCE AND ERROR MATRIX.
   START COVARIANCE MATRIX CALCULATION.
 EIGENVALUES OF SECOND-DERIVATIVE MATRIX:
         8.5190e-04  8.1498e-01  1.0158e+00  2.1684e+00
 COVARIANCE MATRIX CALCULATED SUCCESSFULLY
 FCN=65.4097 FROM MIGRAD    STATUS=CONVERGED     255 CALLS         256 TOTAL
                     EDM=4.15736e-06    STRATEGY= 1      ERROR MATRIX ACCURATE 
  EXT PARAMETER                                   STEP         FIRST   
  NO.   NAME      VALUE            ERROR          SIZE      DERIVATIVE 
   1  p0           5.59040e+05   1.24035e+02   2.66571e-01  -1.69234e-04
   2  p1           5.64970e-01   3.99567e-05   2.69398e-07  -5.35570e+02
   3  p2          -1.15400e-06   6.85488e-03   3.76246e-05  -2.75141e-01
   4  p3           9.99732e-04   6.19858e-08   4.76709e-10   1.56532e+03
                               ERR DEF= 0.5
 EXTERNAL ERROR MATRIX.    NDIM=  25    NPAR=  4    ERR DEF=0.5
  1.538e+04 -4.951e-03  2.317e-01  8.761e-07 
 -4.951e-03  1.597e-09 -7.475e-08 -3.157e-13 
  2.317e-01 -7.475e-08  4.699e-05  4.048e-11 
  8.761e-07 -3.157e-13  4.048e-11  3.842e-15 
 PARAMETER  CORRELATION COEFFICIENTS  
       NO.  GLOBAL      1      2      3      4
        1  0.99915   1.000 -0.999  0.272  0.114
        2  0.99915  -0.999  1.000 -0.273 -0.127
        3  0.28006   0.272 -0.273  1.000  0.095
        4  0.33929   0.114 -0.127  0.095  1.000
 EXTERNAL ERROR MATRIX.    NDIM=   4    NPAR=  4    ERR DEF=0.5
  1.538e+04 -4.951e-03  2.317e-01  8.761e-07 
 -4.951e-03  1.597e-09 -7.475e-08 -3.157e-13 
  2.317e-01 -7.475e-08  4.699e-05  4.048e-11 
  8.761e-07 -3.157e-13  4.048e-11  3.842e-15 
 FCN=65.4097 FROM MIGRAD    STATUS=CONVERGED     255 CALLS         256 TOTAL
                     EDM=4.15736e-06    STRATEGY= 1      ERROR MATRIX ACCURATE 
  EXT PARAMETER                  PARABOLIC         MINOS ERRORS        
  NO.   NAME      VALUE            ERROR      NEGATIVE      POSITIVE   
   1  p0           5.59040e+05   1.24035e+02                            
   2  p1           5.64970e-01   3.99567e-05                            
   3  p2          -1.15400e-06   6.85488e-03                            
   4  p3           9.99732e-04   6.19858e-08                            
                               ERR DEF= 0.5
------------------------------------------
Enering ROOFIt-------
 PARAMETER DEFINITIONS:
    NO.   NAME         VALUE      STEP SIZE      LIMITS
     1 norm         5.59040e+05  1.00000e-01     no limits
     2 Q            5.65000e-01  1.00000e-01     no limits
     3 theta        0.00000e+00  1.00000e-01     no limits
     4 pileup       9.99732e-04  1.00000e-01     no limits
 **********
 **    1 **MIGRAD
 **********
 FIRST CALL TO USER FUNCTION AT NEW START POINT, WITH IFLAG=4.
 START MIGRAD MINIMIZATION.  STRATEGY  1.  CONVERGENCE WHEN EDM .LT. 1.00e-04
 FCN=-2.37856e+11 FROM MIGRAD    STATUS=INITIATE       14 CALLS          15 TOTAL
                     EDM= unknown      STRATEGY= 1      NO ERROR MATRIX       
  EXT PARAMETER               CURRENT GUESS       STEP         FIRST   
  NO.   NAME      VALUE            ERROR          SIZE      DERIVATIVE 
   1  norm         5.59040e+05   1.00000e-01   1.00000e-01   3.60264e+00
   2  Q            5.65000e-01   1.00000e-01   1.00000e-01   6.11117e+07
   3  theta        0.00000e+00   1.00000e-01   1.00000e-01   0.00000e+00
   4  pileup       9.99732e-04   1.00000e-01   1.00000e-01  -9.17901e+11
 MIGRAD FAILS TO FIND IMPROVEMENT
 EIGENVALUES OF SECOND-DERIVATIVE MATRIX:
        -1.9756e-02  3.4401e-01  9.1678e-01  2.7590e+00
 MINUIT WARNING IN HESSE   
 ============== MATRIX FORCED POS-DEF BY ADDING 0.022515 TO DIAGONAL.
 FCN=-2.37856e+11 FROM HESSE     STATUS=NOT POSDEF     27 CALLS          53 TOTAL
                     EDM=5284.06    STRATEGY= 1      ERR MATRIX NOT POS-DEF
  EXT PARAMETER                APPROXIMATE        STEP         FIRST   
  NO.   NAME      VALUE            ERROR          SIZE      DERIVATIVE 
   1  norm         5.59040e+05   6.03591e+01   2.66571e+00   3.60254e+00
   2  Q            5.65000e-01   6.48999e-06   1.00000e-03   1.12046e+07
   3  theta        0.00000e+00   6.96698e-03   1.00000e-01   0.00000e+00
   4  pileup       9.99732e-04   9.17741e-08   1.00000e-02   1.00485e+08
 MIGRAD FAILS TO FIND IMPROVEMENT
 MACHINE ACCURACY LIMITS FURTHER IMPROVEMENT.
 MIGRAD MINIMIZATION HAS CONVERGED.
 MIGRAD WILL VERIFY CONVERGENCE AND ERROR MATRIX.
 EIGENVALUES OF SECOND-DERIVATIVE MATRIX:
        -2.9315e-01  4.3383e-01  6.6867e-01  3.1907e+00
 MINUIT WARNING IN HESSE   
 ============== MATRIX FORCED POS-DEF BY ADDING 0.296345 TO DIAGONAL.
 MIGRAD TERMINATED WITHOUT CONVERGENCE.
 FCN=-2.37856e+11 FROM MIGRAD    STATUS=FAILED        178 CALLS         179 TOTAL
                     EDM=21.7156    STRATEGY= 1      ERR MATRIX NOT POS-DEF
  EXT PARAMETER                APPROXIMATE        STEP         FIRST   
  NO.   NAME      VALUE            ERROR          SIZE      DERIVATIVE 
   1  norm         5.58914e+05   1.04901e+01   1.72566e+03  -8.82072e-02
   2  Q            5.65012e-01   4.85321e-06   5.54927e-04  -2.77435e+05
   3  theta        1.07285e-02   9.36684e-03   1.03256e-01   9.56172e+02
   4  pileup       9.99714e-04   9.28529e-08   2.09839e-05  -1.67950e+07
 EXTERNAL ERROR MATRIX.    NDIM=  25    NPAR=  4    ERR DEF=1
  1.100e+02  3.480e-05  7.019e-02  2.131e-07 
  3.480e-05  2.355e-11  4.527e-08  1.404e-13 
  7.019e-02  4.527e-08  8.774e-05  3.010e-10 
  2.131e-07  1.404e-13  3.010e-10  8.622e-15 
ERR MATRIX NOT POS-DEF
 PARAMETER  CORRELATION COEFFICIENTS  
       NO.  GLOBAL      1      2      3      4
        1  0.79492   1.000  0.684  0.714  0.219
        2  0.99739   0.684  1.000  0.996  0.311
        3  0.99766   0.714  0.996  1.000  0.346
        4  0.55252   0.219  0.311  0.346  1.000
 ERR MATRIX NOT POS-DEF
 **********
 **    2 **MIGRAD 
 **********
 START MIGRAD MINIMIZATION.  STRATEGY  1.  CONVERGENCE WHEN EDM .LT. 1.00e-04
 FCN=-2.37856e+11 FROM MIGRAD    STATUS=INITIATE        8 CALLS         187 TOTAL
                     EDM=3508.54    STRATEGY= 1      ERR MATRIX NOT POS-DEF
  EXT PARAMETER                APPROXIMATE        STEP         FIRST   
  NO.   NAME      VALUE            ERROR          SIZE      DERIVATIVE 
   1  norm         5.58914e+05   1.04901e+01   1.72566e+03  -9.84427e-02
   2  Q            5.65012e-01   4.85321e-06   5.54927e-04  -2.77380e+05
   3  theta        1.07285e-02   9.36684e-03   1.03256e-01   1.29407e+04
   4  pileup       9.99714e-04   9.28529e-08   2.09839e-05  -2.13059e+07
 EIGENVALUES OF SECOND-DERIVATIVE MATRIX:
        -5.9318e-02  4.7988e-01  1.0224e+00  2.5570e+00
 MINUIT WARNING IN MIGRAD  
 ============== MATRIX FORCED POS-DEF BY ADDING 0.061875 TO DIAGONAL.
 MIGRAD FAILS TO FIND IMPROVEMENT
 MACHINE ACCURACY LIMITS FURTHER IMPROVEMENT.
 MIGRAD MINIMIZATION HAS CONVERGED.
 MIGRAD WILL VERIFY CONVERGENCE AND ERROR MATRIX.
 EIGENVALUES OF SECOND-DERIVATIVE MATRIX:
        -3.4835e-04  2.0610e-01  8.4901e-01  2.9452e+00
 MINUIT WARNING IN HESSE   
 ============== MATRIX FORCED POS-DEF BY ADDING 0.003294 TO DIAGONAL.
 FCN=-2.37856e+11 FROM HESSE     STATUS=NOT POSDEF     29 CALLS         314 TOTAL
                     EDM=0.345455    STRATEGY= 1      ERR MATRIX NOT POS-DEF
  EXT PARAMETER                APPROXIMATE        STEP         FIRST   
  NO.   NAME      VALUE            ERROR          SIZE      DERIVATIVE 
   1  norm         5.58911e+05   9.38592e+01   1.72565e+03  -1.19063e-01
   2  Q            5.65011e-01   3.06347e-05   9.50357e-05  -3.70330e+05
   3  theta        7.73847e-03   2.19147e-03   6.32877e-02   3.77023e+02
   4  pileup       9.99791e-04   1.16936e-07   2.09851e-05   4.90612e+06
 MIGRAD FAILS TO FIND IMPROVEMENT
 MACHINE ACCURACY LIMITS FURTHER IMPROVEMENT.
 MIGRAD MINIMIZATION HAS CONVERGED.
 MIGRAD WILL VERIFY CONVERGENCE AND ERROR MATRIX.
 EIGENVALUES OF SECOND-DERIVATIVE MATRIX:
        -1.5889e-01  4.4948e-01  6.6781e-01  3.0416e+00
 MINUIT WARNING IN HESSE   
 ============== MATRIX FORCED POS-DEF BY ADDING 0.161936 TO DIAGONAL.
 MIGRAD TERMINATED WITHOUT CONVERGENCE.
 FCN=-2.37856e+11 FROM MIGRAD    STATUS=FAILED        309 CALLS         488 TOTAL
                     EDM=5.05583    STRATEGY= 1      ERR MATRIX NOT POS-DEF
  EXT PARAMETER                APPROXIMATE        STEP         FIRST   
  NO.   NAME      VALUE            ERROR          SIZE      DERIVATIVE 
   1  norm         5.58914e+05   8.17400e+00   1.72566e+03   1.11716e-02
   2  Q            5.65011e-01   5.09787e-06   5.54948e-04   3.41042e+04
   3  theta        7.45742e-03   4.42396e-03   2.23053e-01   6.65979e+02
   4  pileup       9.99743e-04   9.71041e-08   2.09846e-05  -1.85503e+06
 EXTERNAL ERROR MATRIX.    NDIM=  25    NPAR=  4    ERR DEF=1
  6.681e+01  5.126e-06  6.150e-03 -4.138e-08 
  5.126e-06  2.599e-11  2.245e-08 -1.257e-13 
  6.150e-03  2.245e-08  1.957e-05 -9.203e-11 
 -4.138e-08 -1.257e-13 -9.203e-11  9.429e-15 
ERR MATRIX NOT POS-DEF
 PARAMETER  CORRELATION COEFFICIENTS  
       NO.  GLOBAL      1      2      3      4
        1  0.56886   1.000  0.123  0.170 -0.052
        2  0.99739   0.123  1.000  0.995 -0.254
        3  0.99738   0.170  0.995  1.000 -0.214
        4  0.53968  -0.052 -0.254 -0.214  1.000
 ERR MATRIX NOT POS-DEF
status of the fit-----000------4
1  558914
2  0.565011
3  0.00745742
4  0.000999743
 PARAMETER DEFINITIONS:
    NO.   NAME         VALUE      STEP SIZE      LIMITS
     1 norm         5.58914e+05  1.00000e-01     no limits
     2 Q            5.65011e-01  1.00000e-01     no limits
     3 theta        7.45742e-03  1.00000e-01     no limits
     4 pileup       9.99743e-04  1.00000e-01     no limits
 **********
 **    3 **MIGRAD
 **********
 FIRST CALL TO USER FUNCTION AT NEW START POINT, WITH IFLAG=4.
 START MIGRAD MINIMIZATION.  STRATEGY  1.  CONVERGENCE WHEN EDM .LT. 1.00e-04
 FCN=-2.37856e+11 FROM MIGRAD    STATUS=INITIATE       14 CALLS         503 TOTAL
                     EDM= unknown      STRATEGY= 1      NO ERROR MATRIX       
  EXT PARAMETER               CURRENT GUESS       STEP         FIRST   
  NO.   NAME      VALUE            ERROR          SIZE      DERIVATIVE 
   1  norm         5.58914e+05   1.00000e-01   1.00000e-01   1.12389e-02
   2  Q            5.65011e-01   1.00000e-01   1.00000e-01   5.29462e+06
   3  theta        7.45742e-03   1.00000e-01   1.00000e-01   4.97675e+04
   4  pileup       9.99743e-04   1.00000e-01   1.00000e-01  -9.18030e+11
 MIGRAD FAILS TO FIND IMPROVEMENT
 EIGENVALUES OF SECOND-DERIVATIVE MATRIX:
        -4.6780e-02  3.0626e-01  9.1665e-01  2.8239e+00
 MINUIT WARNING IN HESSE   
 ============== MATRIX FORCED POS-DEF BY ADDING 0.049604 TO DIAGONAL.
 FCN=-2.37856e+11 FROM HESSE     STATUS=NOT POSDEF     29 CALLS         543 TOTAL
                     EDM=1.16993    STRATEGY= 1      ERR MATRIX NOT POS-DEF
  EXT PARAMETER                APPROXIMATE        STEP         FIRST   
  NO.   NAME      VALUE            ERROR          SIZE      DERIVATIVE 
   1  norm         5.58914e+05   5.08440e+01   2.66511e+00   1.15080e-02
   2  Q            5.65011e-01   6.40539e-06   1.00000e-03   3.41078e+04
   3  theta        7.45742e-03   7.19676e-03   1.00000e-01   3.52409e+02
   4  pileup       9.99743e-04   9.20077e-08   1.00000e-02  -2.40229e+06
 EIGENVALUES OF SECOND-DERIVATIVE MATRIX:
        -1.3649e+00  1.0392e-01  1.5297e+00  3.7313e+00
 MINUIT WARNING IN MIGRAD  
 ============== MATRIX FORCED POS-DEF BY ADDING 1.368668 TO DIAGONAL.
 MIGRAD FAILS TO FIND IMPROVEMENT
 MIGRAD TERMINATED WITHOUT CONVERGENCE.
 FCN=-2.37856e+11 FROM MIGRAD    STATUS=FAILED         94 CALLS         583 TOTAL
                     EDM=3.71556e+06    STRATEGY= 1      ERR MATRIX NOT POS-DEF
  EXT PARAMETER                APPROXIMATE        STEP         FIRST   
  NO.   NAME      VALUE            ERROR          SIZE      DERIVATIVE 
   1  norm         5.58915e+05   2.20927e+01  -0.00000e+00   3.15117e-02
   2  Q            5.65011e-01   1.83655e-07  -0.00000e+00   8.82687e+08
   3  theta        7.09172e-03   2.21974e-04   0.00000e+00   7.34199e+05
   4  pileup       9.99761e-04   1.36575e-07   0.00000e+00  -2.52327e+07
 EXTERNAL ERROR MATRIX.    NDIM=  25    NPAR=  4    ERR DEF=1
  4.881e+02  1.059e-06 -1.257e-03  7.301e-08 
  1.059e-06  3.373e-14 -4.069e-11 -2.395e-14 
 -1.257e-03 -4.069e-11  4.927e-08  2.905e-11 
  7.301e-08 -2.395e-14  2.905e-11  1.865e-14 
ERR MATRIX NOT POS-DEF
 PARAMETER  CORRELATION COEFFICIENTS  
       NO.  GLOBAL      1      2      3      4
        1  0.97850   1.000  0.261 -0.256  0.024
        2  0.99812   0.261  1.000 -0.998 -0.955
        3  0.99909  -0.256 -0.998  1.000  0.958
        4  0.99814   0.024 -0.955  0.958  1.000
 ERR MATRIX NOT POS-DEF
 **********
 **    4 **MIGRAD 
 **********
 START MIGRAD MINIMIZATION.  STRATEGY  1.  CONVERGENCE WHEN EDM .LT. 1.00e-04
 FCN=-2.37856e+11 FROM MIGRAD    STATUS=INITIATE       16 CALLS         599 TOTAL
                     EDM=1.18926    STRATEGY= 1      ERR MATRIX NOT POS-DEF
  EXT PARAMETER                APPROXIMATE        STEP         FIRST   
  NO.   NAME      VALUE            ERROR          SIZE      DERIVATIVE 
   1  norm         5.58915e+05   2.20927e+01  -0.00000e+00   2.54091e-02
   2  Q            5.65011e-01   1.83655e-07  -0.00000e+00   9.77175e+04
   3  theta        7.09172e-03   2.21974e-04   0.00000e+00   1.15784e+04
   4  pileup       9.99761e-04   1.36575e-07   0.00000e+00  -2.52336e+07
 MIGRAD FAILS TO FIND IMPROVEMENT
 MACHINE ACCURACY LIMITS FURTHER IMPROVEMENT.
 MIGRAD MINIMIZATION HAS CONVERGED.
 MIGRAD WILL VERIFY CONVERGENCE AND ERROR MATRIX.
 EIGENVALUES OF SECOND-DERIVATIVE MATRIX:
        -2.2233e-04  1.8252e-01  8.4854e-01  2.9692e+00
 MINUIT WARNING IN HESSE   
 ============== MATRIX FORCED POS-DEF BY ADDING 0.003191 TO DIAGONAL.
 FCN=-2.37856e+11 FROM HESSE     STATUS=NOT POSDEF     29 CALLS         637 TOTAL
                     EDM=0.363599    STRATEGY= 1      ERR MATRIX NOT POS-DEF
  EXT PARAMETER                APPROXIMATE        STEP         FIRST   
  NO.   NAME      VALUE            ERROR          SIZE      DERIVATIVE 
   1  norm         5.58915e+05   9.36370e+01   5.33022e+02   3.15641e-02
   2  Q            5.65011e-01   3.04747e-05   9.50310e-05   9.76444e+04
   3  theta        7.09172e-03   2.92789e-03   4.92345e-02   2.23058e+02
   4  pileup       9.99761e-04   1.20340e-07   2.09849e-05   3.20289e+06
 MINUIT WARNING IN MIGRAD  
 ============== Negative diagonal element 3 in Error Matrix
 MINUIT WARNING IN MIGRAD  
 ============== 1 added to diagonal of error matrix
 MIGRAD FAILS TO FIND IMPROVEMENT
 MACHINE ACCURACY LIMITS FURTHER IMPROVEMENT.
 MIGRAD MINIMIZATION HAS CONVERGED.
 MIGRAD WILL VERIFY CONVERGENCE AND ERROR MATRIX.
 EIGENVALUES OF SECOND-DERIVATIVE MATRIX:
        -3.4130e-04  1.4603e-01  8.4889e-01  3.0054e+00
 MINUIT WARNING IN HESSE   
 ============== MATRIX FORCED POS-DEF BY ADDING 0.003347 TO DIAGONAL.
 MIGRAD TERMINATED WITHOUT CONVERGENCE.
 FCN=-2.37856e+11 FROM MIGRAD    STATUS=FAILED        102 CALLS         685 TOTAL
                     EDM=0.491203    STRATEGY= 1      ERR MATRIX NOT POS-DEF
  EXT PARAMETER                APPROXIMATE        STEP         FIRST   
  NO.   NAME      VALUE            ERROR          SIZE      DERIVATIVE 
   1  norm         5.58916e+05   9.37348e+01   2.13209e+02  -4.84994e-02
   2  Q            5.65010e-01   3.01034e-05   1.90062e-04  -1.51233e+05
   3  theta        6.46615e-03   6.47097e-03   1.96938e-02   2.51346e+02
   4  pileup       9.99741e-04   1.27680e-07   8.39394e-06  -2.74729e+06
 EXTERNAL ERROR MATRIX.    NDIM=  25    NPAR=  4    ERR DEF=1
  8.786e+03 -2.797e-03  4.223e-02  6.061e-07 
 -2.797e-03  9.062e-10  6.579e-09 -2.683e-15 
  4.223e-02  6.579e-09  4.187e-05  5.624e-10 
  6.061e-07 -2.683e-15  5.624e-10  1.630e-14 
ERR MATRIX NOT POS-DEF
 PARAMETER  CORRELATION COEFFICIENTS  
       NO.  GLOBAL      1      2      3      4
        1  0.99702   1.000 -0.991  0.070  0.051
        2  0.99701  -0.991  1.000  0.034 -0.001
        3  0.88629   0.070  0.034  1.000  0.681
        4  0.72471   0.051 -0.001  0.681  1.000
 ERR MATRIX NOT POS-DEF
status of the fit-----000------4
1  558916
2  0.56501
3  0.00646615
4  0.000999741
 PARAMETER DEFINITIONS:
    NO.   NAME         VALUE      STEP SIZE      LIMITS
     1 norm         5.58916e+05  1.00000e-01     no limits
     2 Q            5.65010e-01  1.00000e-01     no limits
     3 theta        6.46615e-03  1.00000e-01     no limits
     4 pileup       9.99741e-04  1.00000e-01     no limits
 **********
 **    5 **MIGRAD
 **********
 FIRST CALL TO USER FUNCTION AT NEW START POINT, WITH IFLAG=4.
 START MIGRAD MINIMIZATION.  STRATEGY  1.  CONVERGENCE WHEN EDM .LT. 1.00e-04
 FCN=-2.37856e+11 FROM MIGRAD    STATUS=INITIATE       14 CALLS         700 TOTAL
                     EDM= unknown      STRATEGY= 1      NO ERROR MATRIX       
  EXT PARAMETER               CURRENT GUESS       STEP         FIRST   
  NO.   NAME      VALUE            ERROR          SIZE      DERIVATIVE 
   1  norm         5.58916e+05   1.00000e-01   1.00000e-01  -4.84538e-02
   2  Q            5.65010e-01   1.00000e-01   1.00000e-01   4.60747e+06
   3  theta        6.46615e-03   1.00000e-01   1.00000e-01   4.31672e+04
   4  pileup       9.99741e-04   1.00000e-01   1.00000e-01  -9.18032e+11
 MIGRAD FAILS TO FIND IMPROVEMENT
 EIGENVALUES OF SECOND-DERIVATIVE MATRIX:
        -3.9293e-02  3.1542e-01  9.1667e-01  2.8072e+00
 MINUIT WARNING IN HESSE   
 ============== MATRIX FORCED POS-DEF BY ADDING 0.042100 TO DIAGONAL.
 FCN=-2.37856e+11 FROM HESSE     STATUS=NOT POSDEF     29 CALLS         740 TOTAL
                     EDM=3.50252    STRATEGY= 1      ERR MATRIX NOT POS-DEF
  EXT PARAMETER                APPROXIMATE        STEP         FIRST   
  NO.   NAME      VALUE            ERROR          SIZE      DERIVATIVE 
   1  norm         5.58916e+05   5.34199e+01   2.66512e+00  -4.83507e-02
   2  Q            5.65010e-01   6.43167e-06   1.00000e-03  -1.51239e+05
   3  theta        6.46615e-03   7.01552e-03   1.00000e-01   3.17024e+02
   4  pileup       9.99741e-04   9.18470e-08   1.00000e-02  -3.33235e+06
 EIGENVALUES OF SECOND-DERIVATIVE MATRIX:
        -1.3637e+00  8.2383e-02  1.2208e+00  4.0605e+00
 MINUIT WARNING IN MIGRAD  
 ============== MATRIX FORCED POS-DEF BY ADDING 1.367778 TO DIAGONAL.
 MIGRAD FAILS TO FIND IMPROVEMENT
 MACHINE ACCURACY LIMITS FURTHER IMPROVEMENT.
 MIGRAD MINIMIZATION HAS CONVERGED.
 MIGRAD WILL VERIFY CONVERGENCE AND ERROR MATRIX.
 EIGENVALUES OF SECOND-DERIVATIVE MATRIX:
        -2.0781e-04  2.0468e-01  8.4882e-01  2.9467e+00
 MINUIT WARNING IN HESSE   
 ============== MATRIX FORCED POS-DEF BY ADDING 0.003155 TO DIAGONAL.
 MIGRAD TERMINATED WITHOUT CONVERGENCE.
 FCN=-2.37856e+11 FROM MIGRAD    STATUS=FAILED        147 CALLS         833 TOTAL
                     EDM=0.569681    STRATEGY= 1      ERR MATRIX NOT POS-DEF
  EXT PARAMETER                APPROXIMATE        STEP         FIRST   
  NO.   NAME      VALUE            ERROR          SIZE      DERIVATIVE 
   1  norm         5.58919e+05   9.40958e+01   5.33024e+02   3.67354e-02
   2  Q            5.65009e-01   3.05513e-05   9.43558e-05   1.14152e+05
   3  theta        5.86203e-03   2.90565e-03   4.75651e-02   1.46524e+02
   4  pileup       9.99757e-04   1.16991e-07   2.09848e-05   3.96466e+06
 EXTERNAL ERROR MATRIX.    NDIM=  25    NPAR=  4    ERR DEF=1
  8.854e+03 -2.855e-03 -1.773e-02 -3.558e-07 
 -2.855e-03  9.334e-10  1.314e-08  2.160e-13 
 -1.773e-02  1.314e-08  8.443e-06  2.042e-10 
 -3.558e-07  2.160e-13  2.042e-10  1.369e-14 
ERR MATRIX NOT POS-DEF
 PARAMETER  CORRELATION COEFFICIENTS  
       NO.  GLOBAL      1      2      3      4
        1  0.99704   1.000 -0.993 -0.065 -0.032
        2  0.99710  -0.993  1.000  0.148  0.060
        3  0.84305  -0.065  0.148  1.000  0.601
        4  0.65911  -0.032  0.060  0.601  1.000
 ERR MATRIX NOT POS-DEF
 **********
 **    6 **MIGRAD 
 **********
 START MIGRAD MINIMIZATION.  STRATEGY  1.  CONVERGENCE WHEN EDM .LT. 1.00e-04
 FCN=-2.37856e+11 FROM MIGRAD    STATUS=INITIATE        8 CALLS         841 TOTAL
                     EDM=5.60036    STRATEGY= 1      ERR MATRIX NOT POS-DEF
  EXT PARAMETER                APPROXIMATE        STEP         FIRST   
  NO.   NAME      VALUE            ERROR          SIZE      DERIVATIVE 
   1  norm         5.58919e+05   9.40958e+01   5.33024e+02   3.57580e-02
   2  Q            5.65009e-01   3.05513e-05   9.43558e-05   1.14449e+05
   3  theta        5.86203e-03   2.90565e-03   4.75651e-02   1.53541e+03
   4  pileup       9.99757e-04   1.16991e-07   2.09848e-05  -5.46078e+05
 EIGENVALUES OF SECOND-DERIVATIVE MATRIX:
        -7.9098e-03  2.0475e-01  7.2297e-01  3.0802e+00
 MINUIT WARNING IN MIGRAD  
 ============== MATRIX FORCED POS-DEF BY ADDING 0.010990 TO DIAGONAL.
 MIGRAD FAILS TO FIND IMPROVEMENT
 EIGENVALUES OF SECOND-DERIVATIVE MATRIX:
        -4.7252e-04  2.9757e-01  8.4972e-01  2.8532e+00
 MINUIT WARNING IN HESSE   
 ============== MATRIX FORCED POS-DEF BY ADDING 0.003326 TO DIAGONAL.
 FCN=-2.37856e+11 FROM HESSE     STATUS=NOT POSDEF     29 CALLS         923 TOTAL
                     EDM=0.0985963    STRATEGY= 1      ERR MATRIX NOT POS-DEF
  EXT PARAMETER                APPROXIMATE        STEP         FIRST   
  NO.   NAME      VALUE            ERROR          SIZE      DERIVATIVE 
   1  norm         5.58920e+05   9.51631e+01   1.72568e+03  -7.10179e-02
   2  Q            5.65008e-01   3.11576e-05   9.43163e-05  -2.20536e+05
   3  theta        4.66827e-03   1.27492e-03   9.73701e-02   2.06178e+02
   4  pileup       9.99734e-04   1.08476e-07   2.09846e-05  -2.96631e+06
 EIGENVALUES OF SECOND-DERIVATIVE MATRIX:
        -1.6307e-01  6.1787e-01  1.1785e+00  2.3667e+00
 MINUIT WARNING IN MIGRAD  
 ============== MATRIX FORCED POS-DEF BY ADDING 0.165436 TO DIAGONAL.
 MIGRAD FAILS TO FIND IMPROVEMENT
 MACHINE ACCURACY LIMITS FURTHER IMPROVEMENT.
 MIGRAD MINIMIZATION HAS CONVERGED.
 MIGRAD WILL VERIFY CONVERGENCE AND ERROR MATRIX.
 EIGENVALUES OF SECOND-DERIVATIVE MATRIX:
        -2.8394e-04  2.5888e-01  8.4994e-01  2.8915e+00
 MINUIT WARNING IN HESSE   
 ============== MATRIX FORCED POS-DEF BY ADDING 0.003175 TO DIAGONAL.
 MIGRAD TERMINATED WITHOUT CONVERGENCE.
 FCN=-2.37856e+11 FROM MIGRAD    STATUS=FAILED        178 CALLS        1011 TOTAL
                     EDM=0.0510719    STRATEGY= 1      ERR MATRIX NOT POS-DEF
  EXT PARAMETER                APPROXIMATE        STEP         FIRST   
  NO.   NAME      VALUE            ERROR          SIZE      DERIVATIVE 
   1  norm         5.58928e+05   9.51234e+01   1.72571e+03  -2.48716e-02
   2  Q            5.65006e-01   3.07860e-05   9.42434e-05  -7.68020e+04
   3  theta        3.96051e-03   2.64496e-03   4.74835e-02   1.06592e+02
   4  pileup       9.99745e-04   1.11002e-07   2.09846e-05   1.26437e+06
 EXTERNAL ERROR MATRIX.    NDIM=  25    NPAR=  4    ERR DEF=1
  9.048e+03 -2.912e-03 -1.071e-02 -8.522e-08 
 -2.912e-03  9.478e-10  9.207e-09  7.926e-14 
 -1.071e-02  9.207e-09  6.996e-06  1.581e-10 
 -8.522e-08  7.926e-14  1.581e-10  1.232e-14 
ERR MATRIX NOT POS-DEF
 PARAMETER  CORRELATION COEFFICIENTS  
       NO.  GLOBAL      1      2      3      4
        1  0.99710   1.000 -0.994 -0.043 -0.008
        2  0.99714  -0.994  1.000  0.113  0.023
        3  0.79986  -0.043  0.113  1.000  0.538
        4  0.60973  -0.008  0.023  0.538  1.000
 ERR MATRIX NOT POS-DEF
status of the fit-----000------4
1  558928
2  0.565006
3  0.00396051
4  0.000999745
