  *******************************************
  *                                         *
  *        W E L C O M E  to  R O O T       *
  *                                         *
  *   Version   5.34/36      5 April 2016   *
  *                                         *
  *  You are welcome to visit our Web site  *
  *          http://root.cern.ch            *
  *                                         *
  *******************************************

ROOT 5.34/36 (v5-34-36@v5-34-36, Apr 05 2016, 10:25:45 on linuxx8664gcc)

CINT/ROOT C/C++ Interpreter version 5.18.00, July 2, 2010
Type ? for help. Commands must be C++ statements.
Enclose multiple statements between { }.
Loading root init file.
The rat/rootinit.C file loaded the DEAP style for you, which is available from the fStyle pointer.
DEAP style applied. 
RAT: Libraries loaded.

Processing /home/fatemigh/projects/rpp-jillings/fatemigh/sterile/Likelihood/LikelihoodSterile_modified6.C+(372)...
pased here
566 lines read from file
31
spec_E  566
Before entering fitting
 **********
 **    1 **SET PRINT           2
 **********
 **********
 **    2 **SET NOGRAD
 **********
 PARAMETER DEFINITIONS:
    NO.   NAME         VALUE      STEP SIZE      LIMITS
     1 p0           5.58000e+05  1.67400e+05     no limits
     2 p1           5.65000e-01  1.69500e-01     no limits
     3 p2           0.00000e+00  3.00000e-01     no limits
     4 p3           9.99871e-04  2.99961e-04     no limits
 **********
 **    3 **SET ERR         0.5
 **********
 **********
 **    4 **SET PRINT           2
 **********
 **********
 **    5 **SET STR           1
 **********
 NOW USING STRATEGY  1: TRY TO BALANCE SPEED AGAINST RELIABILITY
 **********
 **    6 **MIGRAD        1480        0.01
 **********
 FIRST CALL TO USER FUNCTION AT NEW START POINT, WITH IFLAG=4.
 START MIGRAD MINIMIZATION.  STRATEGY  1.  CONVERGENCE WHEN EDM .LT. 1.00e-05
 FCN=17065.9 FROM MIGRAD    STATUS=INITIATE       18 CALLS          19 TOTAL
                     EDM= unknown      STRATEGY= 1      NO ERROR MATRIX       
  EXT PARAMETER               CURRENT GUESS       STEP         FIRST   
  NO.   NAME      VALUE            ERROR          SIZE      DERIVATIVE 
   1  p0           5.58000e+05   1.67400e+05   1.67400e+05  -3.60141e+01
   2  p1           5.65000e-01   1.69500e-01   1.69500e-01  -1.11792e+08
   3  p2           0.00000e+00   3.00000e-01   3.00000e-01   0.00000e+00
   4  p3           9.99871e-04   2.99961e-04   2.99961e-04  -9.75731e+08
                               ERR DEF= 0.5
NO ERROR MATRIX       
 FCN=489.787 FROM MIGRAD    STATUS=PROGRESS       34 CALLS          35 TOTAL
                     EDM=1362.87    STRATEGY= 1      NO ERROR MATRIX       
  EXT PARAMETER               CURRENT GUESS       STEP         FIRST   
  NO.   NAME      VALUE            ERROR          SIZE      DERIVATIVE 
   1  p0           5.58436e+05   1.67400e+05   4.36369e+02  -8.21482e-01
   2  p1           5.65141e-01   1.69500e-01   1.40714e-04  -2.52210e+06
   3  p2           0.00000e+00   3.00000e-01  -0.00000e+00   0.00000e+00
   4  p3           1.00162e-03   2.99961e-04   1.75282e-06   4.08157e+08
                               ERR DEF= 0.5
 MIGRAD FAILS TO FIND IMPROVEMENT
 MIGRAD MINIMIZATION HAS CONVERGED.
 MIGRAD WILL VERIFY CONVERGENCE AND ERROR MATRIX.
   START COVARIANCE MATRIX CALCULATION.
 EIGENVALUES OF SECOND-DERIVATIVE MATRIX:
         5.7414e-04  7.9578e-01  1.0134e+00  2.1902e+00
 COVARIANCE MATRIX CALCULATED SUCCESSFULLY
 FCN=71.874 FROM MIGRAD    STATUS=CONVERGED     145 CALLS         146 TOTAL
                     EDM=1.76412e-06    STRATEGY= 1      ERROR MATRIX ACCURATE 
  EXT PARAMETER                                   STEP         FIRST   
  NO.   NAME      VALUE            ERROR          SIZE      DERIVATIVE 
   1  p0           5.59389e+05   1.51172e+02   2.66738e-01   5.64205e-05
   2  p1           5.64858e-01   4.86668e-05   2.69345e-07   1.48511e+02
   3  p2           0.00000e+00   7.01865e-03   4.28170e-05   0.00000e+00
   4  p3           9.99746e-04   6.67634e-08   4.76716e-10  -1.61390e+03
                               ERR DEF= 0.5
 EXTERNAL ERROR MATRIX.    NDIM=  25    NPAR=  4    ERR DEF=0.5
  2.285e+04 -7.352e-03 -1.610e-01  1.452e-06 
 -7.352e-03  2.368e-09  5.209e-08 -5.063e-13 
 -1.610e-01  5.209e-08  4.926e-05 -3.831e-11 
  1.452e-06 -5.063e-13 -3.831e-11  4.457e-15 
 PARAMETER  CORRELATION COEFFICIENTS  
       NO.  GLOBAL      1      2      3      4
        1  0.99942   1.000 -0.999 -0.152  0.144
        2  0.99943  -0.999  1.000  0.152 -0.156
        3  0.16341  -0.152  0.152  1.000 -0.082
        4  0.36937   0.144 -0.156 -0.082  1.000
 EXTERNAL ERROR MATRIX.    NDIM=   4    NPAR=  4    ERR DEF=0.5
  2.285e+04 -7.352e-03 -1.610e-01  1.452e-06 
 -7.352e-03  2.368e-09  5.209e-08 -5.063e-13 
 -1.610e-01  5.209e-08  4.926e-05 -3.831e-11 
  1.452e-06 -5.063e-13 -3.831e-11  4.457e-15 
 FCN=71.874 FROM MIGRAD    STATUS=CONVERGED     145 CALLS         146 TOTAL
                     EDM=1.76412e-06    STRATEGY= 1      ERROR MATRIX ACCURATE 
  EXT PARAMETER                  PARABOLIC         MINOS ERRORS        
  NO.   NAME      VALUE            ERROR      NEGATIVE      POSITIVE   
   1  p0           5.59389e+05   1.51172e+02                            
   2  p1           5.64858e-01   4.86668e-05                            
   3  p2           0.00000e+00   7.01865e-03                            
   4  p3           9.99746e-04   6.67634e-08                            
                               ERR DEF= 0.5
------------------------------------------
Enering ROOFIt-------
 PARAMETER DEFINITIONS:
    NO.   NAME         VALUE      STEP SIZE      LIMITS
     1 norm         5.59389e+05  1.00000e-01     no limits
     2 Q            5.65000e-01  1.00000e-01     no limits
     3 theta        0.00000e+00  1.00000e-01     no limits
     4 pileup       9.99746e-04  1.00000e-01     no limits
 **********
 **    1 **MIGRAD
 **********
 FIRST CALL TO USER FUNCTION AT NEW START POINT, WITH IFLAG=4.
 START MIGRAD MINIMIZATION.  STRATEGY  1.  CONVERGENCE WHEN EDM .LT. 1.00e-04
 FCN=-2.37857e+11 FROM MIGRAD    STATUS=INITIATE       14 CALLS          15 TOTAL
                     EDM= unknown      STRATEGY= 1      NO ERROR MATRIX       
  EXT PARAMETER               CURRENT GUESS       STEP         FIRST   
  NO.   NAME      VALUE            ERROR          SIZE      DERIVATIVE 
   1  norm         5.59389e+05   1.00000e-01   1.00000e-01   1.67999e+01
   2  Q            5.65000e-01   1.00000e-01   1.00000e-01   2.63924e+08
   3  theta        0.00000e+00   1.00000e-01   1.00000e-01   0.00000e+00
   4  pileup       9.99746e-04   1.00000e-01   1.00000e-01  -9.17458e+11
 MIGRAD FAILS TO FIND IMPROVEMENT
 EIGENVALUES OF SECOND-DERIVATIVE MATRIX:
        -3.4341e-01  1.8404e-01  9.1639e-01  3.2430e+00
 MINUIT WARNING IN HESSE   
 ============== MATRIX FORCED POS-DEF BY ADDING 0.346657 TO DIAGONAL.
 FCN=-2.37857e+11 FROM HESSE     STATUS=NOT POSDEF     27 CALLS          53 TOTAL
                     EDM=38590.6    STRATEGY= 1      ERR MATRIX NOT POS-DEF
  EXT PARAMETER                APPROXIMATE        STEP         FIRST   
  NO.   NAME      VALUE            ERROR          SIZE      DERIVATIVE 
   1  norm         5.59389e+05   9.32048e+00   2.66738e+00   1.67998e+01
   2  Q            5.65000e-01   5.25838e-06   1.00000e-03   5.22825e+07
   3  theta        0.00000e+00   1.51660e-02   1.00000e-01   0.00000e+00
   4  pileup       9.99746e-04   1.10920e-07   1.00000e-02   4.70753e+08
 MIGRAD FAILS TO FIND IMPROVEMENT
 MACHINE ACCURACY LIMITS FURTHER IMPROVEMENT.
 MIGRAD MINIMIZATION HAS CONVERGED.
 MIGRAD WILL VERIFY CONVERGENCE AND ERROR MATRIX.
 EIGENVALUES OF SECOND-DERIVATIVE MATRIX:
        -2.8498e-04  3.9464e-01  8.5243e-01  2.7532e+00
 MINUIT WARNING IN HESSE   
 ============== MATRIX FORCED POS-DEF BY ADDING 0.003038 TO DIAGONAL.
 MIGRAD TERMINATED WITHOUT CONVERGENCE.
 FCN=-2.37857e+11 FROM MIGRAD    STATUS=FAILED        299 CALLS         300 TOTAL
                     EDM=4.81441    STRATEGY= 1      ERR MATRIX NOT POS-DEF
  EXT PARAMETER                APPROXIMATE        STEP         FIRST   
  NO.   NAME      VALUE            ERROR          SIZE      DERIVATIVE 
   1  norm         5.58899e+05   9.75534e+01   1.72562e+03   1.15048e-01
   2  Q            5.65016e-01   3.15046e-05   9.52391e-05   3.61562e+05
   3  theta       -9.44998e-04   1.90976e-03   5.68337e-02   1.92501e+01
   4  pileup       9.99848e-04   1.02863e-07   2.09863e-05   2.85148e+07
 EXTERNAL ERROR MATRIX.    NDIM=  25    NPAR=  4    ERR DEF=1
  9.517e+03 -3.060e-03 -7.783e-03 -3.631e-09 
 -3.060e-03  9.925e-10  5.483e-09 -1.049e-14 
 -7.783e-03  5.483e-09  3.647e-06  8.165e-11 
 -3.631e-09 -1.049e-14  8.165e-11  1.058e-14 
ERR MATRIX NOT POS-DEF
 PARAMETER  CORRELATION COEFFICIENTS  
       NO.  GLOBAL      1      2      3      4
        1  0.99725   1.000 -0.996 -0.042 -0.000
        2  0.99727  -0.996  1.000  0.091 -0.003
        3  0.69063  -0.042  0.091  1.000  0.416
        4  0.51790  -0.000 -0.003  0.416  1.000
 ERR MATRIX NOT POS-DEF
 **********
 **    2 **MIGRAD 
 **********
 START MIGRAD MINIMIZATION.  STRATEGY  1.  CONVERGENCE WHEN EDM .LT. 1.00e-04
 FCN=-2.37857e+11 FROM MIGRAD    STATUS=INITIATE        8 CALLS         308 TOTAL
                     EDM=1.68475    STRATEGY= 1      ERR MATRIX NOT POS-DEF
  EXT PARAMETER                APPROXIMATE        STEP         FIRST   
  NO.   NAME      VALUE            ERROR          SIZE      DERIVATIVE 
   1  norm         5.58899e+05   9.75534e+01   1.72562e+03   1.04809e-01
   2  Q            5.65016e-01   3.15046e-05   9.52391e-05   3.61894e+05
   3  theta       -9.44998e-04   1.90976e-03   5.68337e-02  -3.00196e+02
   4  pileup       9.99848e-04   1.02863e-07   2.09863e-05   2.40044e+07
 MIGRAD FAILS TO FIND IMPROVEMENT
 MACHINE ACCURACY LIMITS FURTHER IMPROVEMENT.
 MIGRAD MINIMIZATION HAS CONVERGED.
 MIGRAD WILL VERIFY CONVERGENCE AND ERROR MATRIX.
 EIGENVALUES OF SECOND-DERIVATIVE MATRIX:
        -3.2246e-04  3.9052e-01  8.5194e-01  2.7579e+00
 MINUIT WARNING IN HESSE   
 ============== MATRIX FORCED POS-DEF BY ADDING 0.003080 TO DIAGONAL.
 FCN=-2.37857e+11 FROM HESSE     STATUS=NOT POSDEF     29 CALLS         400 TOTAL
                     EDM=0.000555607    STRATEGY= 1      ERR MATRIX NOT POS-DEF
  EXT PARAMETER                APPROXIMATE        STEP         FIRST   
  NO.   NAME      VALUE            ERROR          SIZE      DERIVATIVE 
   1  norm         5.59008e+05   9.73123e+01   1.72595e+03   2.83879e-03
   2  Q            5.64981e-01   3.15305e-05   9.58604e-05   9.49492e+03
   3  theta       -6.66035e-04   1.34052e-03   8.06641e-02  -1.27213e+01
   4  pileup       9.99737e-04   1.03027e-07   2.09845e-05  -2.81333e+05
 EIGENVALUES OF SECOND-DERIVATIVE MATRIX:
        -6.4938e-02  5.7045e-03  8.1406e-01  3.2452e+00
 MINUIT WARNING IN MIGRAD  
 ============== MATRIX FORCED POS-DEF BY ADDING 0.068183 TO DIAGONAL.
 EIGENVALUES OF SECOND-DERIVATIVE MATRIX:
        -3.6187e-02  1.5234e-02  1.3850e+00  2.6360e+00
 MINUIT WARNING IN MIGRAD  
 ============== MATRIX FORCED POS-DEF BY ADDING 0.038823 TO DIAGONAL.
 MIGRAD FAILS TO FIND IMPROVEMENT
 MIGRAD TERMINATED WITHOUT CONVERGENCE.
 FCN=-2.37857e+11 FROM MIGRAD    STATUS=FAILED        145 CALLS         445 TOTAL
                     EDM=6.53611e+08    STRATEGY= 1      ERR MATRIX NOT POS-DEF
  EXT PARAMETER                APPROXIMATE        STEP         FIRST   
  NO.   NAME      VALUE            ERROR          SIZE      DERIVATIVE 
   1  norm         5.59008e+05   2.57317e+01   0.00000e+00  -6.31957e-02
   2  Q            5.64981e-01   7.42745e-10  -0.00000e+00  -1.62360e+09
   3  theta       -6.58134e-04   6.35628e-04   0.00000e+00  -1.40174e+03
   4  pileup       9.99739e-04   7.07400e-08   0.00000e+00  -2.83414e+07
 EXTERNAL ERROR MATRIX.    NDIM=  25    NPAR=  4    ERR DEF=1
  6.621e+02 -1.117e-08 -2.758e-03 -5.794e-07 
 -1.117e-08  5.517e-19  4.149e-13 -3.012e-17 
 -2.758e-03  4.149e-13  4.040e-07 -3.717e-11 
 -5.794e-07 -3.012e-17 -3.717e-11  5.004e-15 
ERR MATRIX NOT POS-DEF
 PARAMETER  CORRELATION COEFFICIENTS  
       NO.  GLOBAL      1      2      3      4
        1  0.99520   1.000 -0.584 -0.169 -0.318
        2  0.99763  -0.584  1.000  0.879 -0.573
        3  0.98458  -0.169  0.879  1.000 -0.827
        4  0.99244  -0.318 -0.573 -0.827  1.000
 ERR MATRIX NOT POS-DEF
status of the fit-----000------4
1  559008
2  0.564981
3  -0.000658134
4  0.000999739
 PARAMETER DEFINITIONS:
    NO.   NAME         VALUE      STEP SIZE      LIMITS
     1 norm         5.59008e+05  1.00000e-01     no limits
     2 Q            5.64981e-01  1.00000e-01     no limits
     3 theta       -6.58134e-04  1.00000e-01     no limits
     4 pileup       9.99739e-04  1.00000e-01     no limits
 **********
 **    3 **MIGRAD
 **********
 FIRST CALL TO USER FUNCTION AT NEW START POINT, WITH IFLAG=4.
 START MIGRAD MINIMIZATION.  STRATEGY  1.  CONVERGENCE WHEN EDM .LT. 1.00e-04
 FCN=-2.37857e+11 FROM MIGRAD    STATUS=INITIATE       14 CALLS         460 TOTAL
                     EDM= unknown      STRATEGY= 1      NO ERROR MATRIX       
  EXT PARAMETER               CURRENT GUESS       STEP         FIRST   
  NO.   NAME      VALUE            ERROR          SIZE      DERIVATIVE 
   1  norm         5.59008e+05   1.00000e-01   1.00000e-01   1.42538e-03
   2  Q            5.64981e-01   1.00000e-01   1.00000e-01   6.63279e+06
   3  theta       -6.58134e-04   1.00000e-01   1.00000e-01  -4.38590e+03
   4  pileup       9.99739e-04   1.00000e-01   1.00000e-01  -9.18054e+11
 MIGRAD FAILS TO FIND IMPROVEMENT
 COVARIANCE MATRIX CALCULATED SUCCESSFULLY
 FCN=-2.37857e+11 FROM HESSE     STATUS=OK             29 CALLS         500 TOTAL
                     EDM=0.00358276    STRATEGY= 1      ERROR MATRIX ACCURATE 
  EXT PARAMETER                                   STEP         FIRST   
  NO.   NAME      VALUE            ERROR          SIZE      DERIVATIVE 
   1  norm         5.59008e+05   5.01185e+01   2.66556e+00   1.54559e-03
   2  Q            5.64981e-01   4.58892e-06   1.00000e-03   4.76466e+03
   3  theta       -6.58134e-04   3.95363e-03   1.00000e-01  -1.49078e+01
   4  pileup       9.99739e-04   9.24331e-08   1.00000e-02  -4.47639e+05
 EIGENVALUES OF SECOND-DERIVATIVE MATRIX:
        -6.6293e-02 -2.4616e-04  5.3957e-01  3.5270e+00
 MINUIT WARNING IN MIGRAD  
 ============== MATRIX FORCED POS-DEF BY ADDING 0.069820 TO DIAGONAL.
 MIGRAD FAILS TO FIND IMPROVEMENT
 MIGRAD TERMINATED WITHOUT CONVERGENCE.
 FCN=-2.37857e+11 FROM MIGRAD    STATUS=FAILED        104 CALLS         550 TOTAL
                     EDM=1.19077e+07    STRATEGY= 1  ERROR MATRIX UNCERTAINTY 100.0 per cent
  EXT PARAMETER                APPROXIMATE        STEP         FIRST   
  NO.   NAME      VALUE            ERROR          SIZE      DERIVATIVE 
   1  norm         5.59008e+05   9.47709e+00  -0.00000e+00   1.32148e-03
   2  Q            5.64981e-01   1.24241e-10  -0.00000e+00  -1.62360e+09
   3  theta       -6.58028e-04   9.54098e-04   0.00000e+00  -8.99606e+02
   4  pileup       9.99739e-04   2.27175e-08   0.00000e+00  -2.83385e+07
 EXTERNAL ERROR MATRIX.    NDIM=  25    NPAR=  4    ERR DEF=1
  8.982e+01 -7.084e-10  5.171e-03 -1.235e-07 
 -7.084e-10  1.544e-20 -1.163e-13  2.769e-18 
  5.171e-03 -1.163e-13  9.103e-07 -2.027e-11 
 -1.235e-07  2.769e-18 -2.027e-11  5.161e-16 
ERR MATRIX APPROXIMATE
 PARAMETER  CORRELATION COEFFICIENTS  
       NO.  GLOBAL      1      2      3      4
        1  0.64662   1.000 -0.602  0.572 -0.573
        2  0.99753  -0.602  1.000 -0.981  0.981
        3  0.99134   0.572 -0.981  1.000 -0.935
        4  0.99141  -0.573  0.981 -0.935  1.000
 ERR MATRIX APPROXIMATE
 **********
 **    4 **MIGRAD 
 **********
 START MIGRAD MINIMIZATION.  STRATEGY  1.  CONVERGENCE WHEN EDM .LT. 1.00e-04
 FCN=-2.37857e+11 FROM MIGRAD    STATUS=INITIATE       14 CALLS         564 TOTAL
                     EDM=0.39317    STRATEGY= 1  ERROR MATRIX UNCERTAINTY 100.0 per cent
  EXT PARAMETER                APPROXIMATE        STEP         FIRST   
  NO.   NAME      VALUE            ERROR          SIZE      DERIVATIVE 
   1  norm         5.59008e+05   9.47709e+00  -0.00000e+00  -4.78247e-03
   2  Q            5.64981e-01   1.24241e-10  -0.00000e+00   4.73578e+03
   3  theta       -6.58028e-04   9.54098e-04   0.00000e+00  -8.74685e+02
   4  pileup       9.99739e-04   2.27175e-08   0.00000e+00  -2.83386e+07
 MIGRAD FAILS TO FIND IMPROVEMENT
 MACHINE ACCURACY LIMITS FURTHER IMPROVEMENT.
 MIGRAD MINIMIZATION HAS CONVERGED.
 MIGRAD WILL VERIFY CONVERGENCE AND ERROR MATRIX.
 EIGENVALUES OF SECOND-DERIVATIVE MATRIX:
        -1.8093e-04  4.0887e-01  8.5250e-01  2.7388e+00
 MINUIT WARNING IN HESSE   
 ============== MATRIX FORCED POS-DEF BY ADDING 0.002920 TO DIAGONAL.
 FCN=-2.37857e+11 FROM HESSE     STATUS=NOT POSDEF     29 CALLS         604 TOTAL
                     EDM=9.9026e-05    STRATEGY= 1      ERR MATRIX NOT POS-DEF
  EXT PARAMETER                APPROXIMATE        STEP         FIRST   
  NO.   NAME      VALUE            ERROR          SIZE      DERIVATIVE 
   1  norm         5.59008e+05   9.78870e+01   5.33112e+02   1.37100e-03
   2  Q            5.64981e-01   3.15651e-05   9.52849e-05   4.65443e+03
   3  theta       -6.58028e-04   2.34550e-03   4.45726e-02  -9.34577e+00
   4  pileup       9.99739e-04   1.02316e-07   2.09845e-05   9.89281e+04
 MIGRAD FAILS TO FIND IMPROVEMENT
 MIGRAD MINIMIZATION HAS CONVERGED.
 MIGRAD WILL VERIFY CONVERGENCE AND ERROR MATRIX.
 EIGENVALUES OF SECOND-DERIVATIVE MATRIX:
        -2.1668e+00  7.0525e-01  1.1479e+00  4.3136e+00
 MINUIT WARNING IN HESSE   
 ============== MATRIX FORCED POS-DEF BY ADDING 2.171079 TO DIAGONAL.
 MIGRAD TERMINATED WITHOUT CONVERGENCE.
 FCN=-2.37857e+11 FROM MIGRAD    STATUS=FAILED         98 CALLS         648 TOTAL
                     EDM=0.00378457    STRATEGY= 1      ERR MATRIX NOT POS-DEF
  EXT PARAMETER                APPROXIMATE        STEP         FIRST   
  NO.   NAME      VALUE            ERROR          SIZE      DERIVATIVE 
   1  norm         5.59008e+05   2.25022e+01   2.13245e+01   1.38102e-03
   2  Q            5.64981e-01   2.52067e-05   1.90570e-05   4.64802e+03
   3  theta       -6.58028e-04   1.46583e-04   1.80076e+00  -8.10172e+00
   4  pileup       9.99739e-04   5.05389e-08   8.39381e-07   1.48610e+05
 EXTERNAL ERROR MATRIX.    NDIM=  25    NPAR=  4    ERR DEF=1
  5.063e+02 -5.577e-04 -3.238e-03 -1.898e-07 
 -5.577e-04  6.354e-10  3.689e-09  1.919e-13 
 -3.238e-03  3.689e-09  2.149e-08  1.149e-12 
 -1.898e-07  1.919e-13  1.149e-12  2.554e-15 
ERR MATRIX NOT POS-DEF
 PARAMETER  CORRELATION COEFFICIENTS  
       NO.  GLOBAL      1      2      3      4
        1  0.98351   1.000 -0.983 -0.982 -0.167
        2  0.99865  -0.983  1.000  0.998  0.151
        3  0.99851  -0.982  0.998  1.000  0.155
        4  0.20287  -0.167  0.151  0.155  1.000
 ERR MATRIX NOT POS-DEF
status of the fit-----000------4
1  559008
2  0.564981
3  -0.000658028
4  0.000999739
 PARAMETER DEFINITIONS:
    NO.   NAME         VALUE      STEP SIZE      LIMITS
     1 norm         5.59008e+05  1.00000e-01     no limits
     2 Q            5.64981e-01  1.00000e-01     no limits
     3 theta       -6.58028e-04  1.00000e-01     no limits
     4 pileup       9.99739e-04  1.00000e-01     no limits
 **********
 **    5 **MIGRAD
 **********
 FIRST CALL TO USER FUNCTION AT NEW START POINT, WITH IFLAG=4.
 START MIGRAD MINIMIZATION.  STRATEGY  1.  CONVERGENCE WHEN EDM .LT. 1.00e-04
 FCN=-2.37857e+11 FROM MIGRAD    STATUS=INITIATE       14 CALLS         663 TOTAL
                     EDM= unknown      STRATEGY= 1      NO ERROR MATRIX       
  EXT PARAMETER               CURRENT GUESS       STEP         FIRST   
  NO.   NAME      VALUE            ERROR          SIZE      DERIVATIVE 
   1  norm         5.59008e+05   1.00000e-01   1.00000e-01   1.39103e-03
   2  Q            5.64981e-01   1.00000e-01   1.00000e-01   6.63225e+06
   3  theta       -6.58028e-04   1.00000e-01   1.00000e-01  -4.38519e+03
   4  pileup       9.99739e-04   1.00000e-01   1.00000e-01  -9.18054e+11
 MIGRAD FAILS TO FIND IMPROVEMENT
 COVARIANCE MATRIX CALCULATED SUCCESSFULLY
 FCN=-2.37857e+11 FROM HESSE     STATUS=OK             29 CALLS         703 TOTAL
                     EDM=0.00304436    STRATEGY= 1      ERROR MATRIX ACCURATE 
  EXT PARAMETER                                   STEP         FIRST   
  NO.   NAME      VALUE            ERROR          SIZE      DERIVATIVE 
   1  norm         5.59008e+05   4.90741e+01   2.66556e+00   1.37386e-03
   2  Q            5.64981e-01   4.49656e-06   1.00000e-03   4.64942e+03
   3  theta       -6.58028e-04   3.88317e-03   1.00000e-01  -1.48964e+01
   4  pileup       9.99739e-04   9.24331e-08   1.00000e-02  -4.48385e+05
 MIGRAD FAILS TO FIND IMPROVEMENT
 MACHINE ACCURACY LIMITS FURTHER IMPROVEMENT.
 MIGRAD MINIMIZATION HAS CONVERGED.
 MIGRAD WILL VERIFY CONVERGENCE AND ERROR MATRIX.
 COVARIANCE MATRIX CALCULATED SUCCESSFULLY
 MIGRAD TERMINATED WITHOUT CONVERGENCE.
 FCN=-2.37857e+11 FROM MIGRAD    STATUS=FAILED        103 CALLS         752 TOTAL
                     EDM=0.00169055    STRATEGY= 1      ERR MATRIX APPROXIMATE
  EXT PARAMETER                APPROXIMATE        STEP         FIRST   
  NO.   NAME      VALUE            ERROR          SIZE      DERIVATIVE 
   1  norm         5.59008e+05   7.49554e+02   5.33112e+00   1.41679e-03
   2  Q            5.64981e-01   2.41656e-04   1.02990e-04   4.65588e+03
   3  theta       -6.58027e-04   2.73161e-03   4.00000e-02  -9.02176e+00
   4  pileup       9.99739e-04   1.02384e-07   2.14095e-05   9.70533e+04
 EXTERNAL ERROR MATRIX.    NDIM=  25    NPAR=  4    ERR DEF=1
  5.618e+05 -1.811e-01 -6.221e-01  6.554e-07 
 -1.811e-01  5.840e-08  2.045e-07 -2.284e-13 
 -6.221e-01  2.045e-07  7.462e-06  1.066e-10 
  6.554e-07 -2.284e-13  1.066e-10  1.048e-14 
ERR MATRIX APPROXIMATE
 PARAMETER  CORRELATION COEFFICIENTS  
       NO.  GLOBAL      1      2      3      4
        1  0.99995   1.000 -1.000 -0.304  0.009
        2  0.99995  -1.000  1.000  0.310 -0.009
        3  0.71150  -0.304  0.310  1.000  0.381
        4  0.50916   0.009 -0.009  0.381  1.000
 ERR MATRIX APPROXIMATE
 **********
 **    6 **MIGRAD 
 **********
 START MIGRAD MINIMIZATION.  STRATEGY  1.  CONVERGENCE WHEN EDM .LT. 1.00e-04
 FCN=-2.37857e+11 FROM MIGRAD    STATUS=INITIATE        8 CALLS         760 TOTAL
                     EDM=0.110373    STRATEGY= 1      ERR MATRIX APPROXIMATE
  EXT PARAMETER                APPROXIMATE        STEP         FIRST   
  NO.   NAME      VALUE            ERROR          SIZE      DERIVATIVE 
   1  norm         5.59008e+05   7.49554e+02   5.33112e+00   1.37386e-03
   2  Q            5.64981e-01   2.41656e-04   1.02990e-04   5.04317e+03
   3  theta       -6.58027e-04   2.73161e-03   4.00000e-02  -1.19547e+02
   4  pileup       9.99739e-04   1.02384e-07   2.14095e-05  -4.59845e+06
 MIGRAD FAILS TO FIND IMPROVEMENT
 MACHINE ACCURACY LIMITS FURTHER IMPROVEMENT.
 MIGRAD MINIMIZATION HAS CONVERGED.
 MIGRAD WILL VERIFY CONVERGENCE AND ERROR MATRIX.
 EIGENVALUES OF SECOND-DERIVATIVE MATRIX:
        -2.7617e-04  4.9572e-01  8.5623e-01  2.6483e+00
 MINUIT WARNING IN HESSE   
 ============== MATRIX FORCED POS-DEF BY ADDING 0.002924 TO DIAGONAL.
 FCN=-2.37857e+11 FROM HESSE     STATUS=NOT POSDEF     29 CALLS         800 TOTAL
                     EDM=0.000390138    STRATEGY= 1      ERR MATRIX NOT POS-DEF
  EXT PARAMETER                APPROXIMATE        STEP         FIRST   
  NO.   NAME      VALUE            ERROR          SIZE      DERIVATIVE 
   1  norm         5.59008e+05   9.96817e+01   1.06622e+01   1.38102e-03
   2  Q            5.64981e-01   3.20455e-05   2.05979e-04   4.63551e+03
   3  theta       -6.58027e-04   5.66935e-03   1.60000e-02  -8.01086e+00
   4  pileup       9.99739e-04   9.96567e-08   8.56381e-06   1.37108e+05
 MINUIT WARNING IN MIGRAD  
 ============== Negative diagonal element 3 in Error Matrix
 MINUIT WARNING IN MIGRAD  
 ============== 1 added to diagonal of error matrix
 MIGRAD FAILS TO FIND IMPROVEMENT
 MACHINE ACCURACY LIMITS FURTHER IMPROVEMENT.
 MIGRAD MINIMIZATION HAS CONVERGED.
 MIGRAD WILL VERIFY CONVERGENCE AND ERROR MATRIX.
 EIGENVALUES OF SECOND-DERIVATIVE MATRIX:
        -1.1491e-04  6.7902e-01  8.7303e-01  2.4481e+00
 MINUIT WARNING IN HESSE   
 ============== MATRIX FORCED POS-DEF BY ADDING 0.002563 TO DIAGONAL.
 MIGRAD TERMINATED WITHOUT CONVERGENCE.
 FCN=-2.37857e+11 FROM MIGRAD    STATUS=FAILED         95 CALLS         847 TOTAL
                     EDM=0.001561    STRATEGY= 1      ERR MATRIX NOT POS-DEF
  EXT PARAMETER                APPROXIMATE        STEP         FIRST   
  NO.   NAME      VALUE            ERROR          SIZE      DERIVATIVE 
   1  norm         5.59009e+05   1.03619e+02   2.13245e+01   3.45254e-03
   2  Q            5.64980e-01   3.33409e-05   8.23917e-05   1.10545e+04
   3  theta       -5.57618e-04   9.71853e-03   6.40000e-03  -6.19888e+00
   4  pileup       9.99739e-04   9.59551e-08   3.42553e-06   2.53569e+05
 EXTERNAL ERROR MATRIX.    NDIM=  25    NPAR=  4    ERR DEF=1
  1.074e+04 -3.444e-03  9.937e-04  7.787e-08 
 -3.444e-03  1.112e-09  7.066e-09 -8.767e-14 
  9.937e-04  7.066e-09  9.445e-05  2.056e-10 
  7.787e-08 -8.767e-14  2.056e-10  9.207e-15 
ERR MATRIX NOT POS-DEF
 PARAMETER  CORRELATION COEFFICIENTS  
       NO.  GLOBAL      1      2      3      4
        1  0.99756   1.000 -0.997  0.001  0.008
        2  0.99756  -0.997  1.000  0.022 -0.027
        3  0.42289   0.001  0.022  1.000  0.221
        4  0.39836   0.008 -0.027  0.221  1.000
 ERR MATRIX NOT POS-DEF
status of the fit-----000------4
1  559009
2  0.56498
3  -0.000557618
4  0.000999739
 **********
 **    7 **SET PRINT           2
 **********
 **********
 **    8 **SET NOGRAD
 **********
 PARAMETER DEFINITIONS:
    NO.   NAME         VALUE      STEP SIZE      LIMITS
     1 p0           5.58000e+05  1.67400e+05     no limits
     2 p1           5.65000e-01  1.69500e-01     no limits
     3 p2           0.00000e+00  3.00000e-01     no limits
     4 p3           9.99871e-04  2.99961e-04     no limits
 **********
 **    9 **SET ERR         0.5
 **********
 **********
 **   10 **SET PRINT           2
 **********
 **********
 **   11 **SET STR           1
 **********
 NOW USING STRATEGY  1: TRY TO BALANCE SPEED AGAINST RELIABILITY
 **********
 **   12 **MIGRAD        1480        0.01
 **********
 FIRST CALL TO USER FUNCTION AT NEW START POINT, WITH IFLAG=4.
 START MIGRAD MINIMIZATION.  STRATEGY  1.  CONVERGENCE WHEN EDM .LT. 1.00e-05
 FCN=17666 FROM MIGRAD    STATUS=INITIATE       18 CALLS          19 TOTAL
                     EDM= unknown      STRATEGY= 1      NO ERROR MATRIX       
  EXT PARAMETER               CURRENT GUESS       STEP         FIRST   
  NO.   NAME      VALUE            ERROR          SIZE      DERIVATIVE 
   1  p0           5.58000e+05   1.67400e+05   1.67400e+05  -3.66467e+01
   2  p1           5.65000e-01   1.69500e-01   1.69500e-01  -1.13757e+08
   3  p2           0.00000e+00   3.00000e-01   3.00000e-01   0.00000e+00
   4  p3           9.99871e-04   2.99961e-04   2.99961e-04  -9.88595e+08
                               ERR DEF= 0.5
NO ERROR MATRIX       
 FCN=507.275 FROM MIGRAD    STATUS=PROGRESS       34 CALLS          35 TOTAL
                     EDM=1429.61    STRATEGY= 1      NO ERROR MATRIX       
  EXT PARAMETER               CURRENT GUESS       STEP         FIRST   
  NO.   NAME      VALUE            ERROR          SIZE      DERIVATIVE 
   1  p0           5.58444e+05   1.67400e+05   4.44102e+02  -8.37602e-01
   2  p1           5.65143e-01   1.69500e-01   1.43213e-04  -2.57338e+06
   3  p2           0.00000e+00   3.00000e-01  -0.00000e+00   0.00000e+00
   4  p3           1.00165e-03   2.99961e-04   1.77629e-06   4.18120e+08
                               ERR DEF= 0.5
 MIGRAD FAILS TO FIND IMPROVEMENT
 MIGRAD MINIMIZATION HAS CONVERGED.
 MIGRAD WILL VERIFY CONVERGENCE AND ERROR MATRIX.
   START COVARIANCE MATRIX CALCULATION.
 EIGENVALUES OF SECOND-DERIVATIVE MATRIX:
        -3.4553e-04  8.0653e-01  1.0000e+00  2.1938e+00
 MINUIT WARNING IN HESSE   
 ============== MATRIX FORCED POS-DEF BY ADDING 0.002539 TO DIAGONAL.
 FCN=69.3713 FROM HESSE     STATUS=NOT POSDEF     27 CALLS          95 TOTAL
                     EDM=0.000185794    STRATEGY= 1      ERR MATRIX NOT POS-DEF
  EXT PARAMETER                APPROXIMATE        STEP         FIRST   
  NO.   NAME      VALUE            ERROR          SIZE      DERIVATIVE 
   1  p0           5.58482e+05   7.72762e+01   2.66305e-01  -1.28350e-04
   2  p1           5.65155e-01   2.49179e-05   2.69487e-07   3.77308e+02
   3  p2           0.00000e+00   9.93707e-03   7.53097e-05   0.00000e+00
   4  p3           9.99706e-04   6.59855e-08   4.76697e-10   1.40628e+04
                               ERR DEF= 0.5
 PARAMETER  CORRELATION COEFFICIENTS  
       NO.  GLOBAL      1      2      3      4
        1  0.99781   1.000 -0.998  0.003  0.046
        2  0.99782  -0.998  1.000 -0.003 -0.070
        3  0.01285   0.003 -0.003  1.000  0.009
        4  0.34348   0.046 -0.070  0.009  1.000
 ERR MATRIX NOT POS-DEF
 FCN=69.3368 FROM MIGRAD    STATUS=PROGRESS      108 CALLS         109 TOTAL
                     EDM=0.00129563    STRATEGY= 1      ERR MATRIX NOT POS-DEF
  EXT PARAMETER                APPROXIMATE        STEP         FIRST   
  NO.   NAME      VALUE            ERROR          SIZE      DERIVATIVE 
   1  p0           5.58749e+05   7.72762e+01   2.66805e+02  -4.24895e-03
   2  p1           5.65070e-01   2.49179e-05  -8.59276e-05  -1.32205e+04
   3  p2           8.97314e-05   9.93707e-03   8.97314e-05   1.31971e+00
   4  p3           9.99708e-04   6.59855e-08   2.28622e-09  -7.90666e+05
                               ERR DEF= 0.5
 MINUIT WARNING IN MIGRAD  
 ============== Negative diagonal element 1 in Error Matrix
 MINUIT WARNING IN MIGRAD  
 ============== Negative diagonal element 2 in Error Matrix
 MINUIT WARNING IN MIGRAD  
 ============== 411452 added to diagonal of error matrix
 EIGENVALUES OF SECOND-DERIVATIVE MATRIX:
         9.9308e-01  1.0000e+00  1.0000e+00  1.0069e+00
 MIGRAD FAILS TO FIND IMPROVEMENT
 MIGRAD TERMINATED WITHOUT CONVERGENCE.
 FCN=69.3355 FROM MIGRAD    STATUS=FAILED        148 CALLS         149 TOTAL
                     EDM=1.60944e-05    STRATEGY= 1      ERR MATRIX NOT POS-DEF
  EXT PARAMETER                APPROXIMATE        STEP         FIRST   
  NO.   NAME      VALUE            ERROR          SIZE      DERIVATIVE 
   1  p0           5.58760e+05   7.07107e-01   0.00000e+00  -5.01082e-05
   2  p1           5.65066e-01   4.53570e+02   0.00000e+00  -1.72137e+02
   3  p2          -3.15555e-06   4.53570e+02   0.00000e+00  -5.92423e-02
   4  p3           9.99711e-04   4.53570e+02   0.00000e+00  -4.28377e+03
                               ERR DEF= 0.5
 EXTERNAL ERROR MATRIX.    NDIM=  25    NPAR=  4    ERR DEF=0.5
  5.000e-01  6.636e-02  2.218e+00  9.918e-07 
  6.636e-02  2.057e+05 -7.166e-07 -3.662e-13 
  2.218e+00 -7.166e-07  2.057e+05 -1.693e-10 
  9.918e-07 -3.662e-13 -1.693e-10  2.057e+05 
ERR MATRIX NOT POS-DEF
 PARAMETER  CORRELATION COEFFICIENTS  
       NO.  GLOBAL      1      2      3      4
        1  0.00692   1.000  0.000  0.007  0.000
        2  0.00021   0.000  1.000 -0.000 -0.000
        3  0.00692   0.007 -0.000  1.000 -0.000
        4  0.00000   0.000 -0.000 -0.000  1.000
 ERR MATRIX NOT POS-DEF
 FCN=69.3355 FROM MIGRAD    STATUS=FAILED        148 CALLS         149 TOTAL
                     EDM=1.60944e-05    STRATEGY= 1      ERR MATRIX NOT POS-DEF
  EXT PARAMETER                  PARABOLIC         MINOS ERRORS        
  NO.   NAME      VALUE            ERROR      NEGATIVE      POSITIVE   
   1  p0           5.58760e+05   7.07107e-01                            
   2  p1           5.65066e-01   4.53570e+02                            
   3  p2          -3.15555e-06   4.53570e+02                            
   4  p3           9.99711e-04   4.53570e+02                            
                               ERR DEF= 0.5
 **********
 **   13 **SET PRINT           2
 **********
 **********
 **   14 **SET NOGRAD
 **********
 PARAMETER DEFINITIONS:
    NO.   NAME         VALUE      STEP SIZE      LIMITS
     1 p0           5.58760e+05  7.07107e-01     no limits
     2 p1           5.65066e-01  4.53570e+02     no limits
     3 p2          -3.15555e-06  4.53570e+02     no limits
     4 p3           9.99711e-04  4.53570e+02     no limits
 **********
 **   15 **SET ERR         0.5
 **********
 **********
 **   16 **SET PRINT           2
 **********
 **********
 **   17 **SET STR           1
 **********
 NOW USING STRATEGY  1: TRY TO BALANCE SPEED AGAINST RELIABILITY
 **********
 **   18 **MIGRAD        1480        0.01
 **********
 FIRST CALL TO USER FUNCTION AT NEW START POINT, WITH IFLAG=4.
 START MIGRAD MINIMIZATION.  STRATEGY  1.  CONVERGENCE WHEN EDM .LT. 1.00e-05
 FCN=69.3355 FROM MIGRAD    STATUS=INITIATE       20 CALLS          21 TOTAL
                     EDM= unknown      STRATEGY= 1      NO ERROR MATRIX       
  EXT PARAMETER               CURRENT GUESS       STEP         FIRST   
  NO.   NAME      VALUE            ERROR          SIZE      DERIVATIVE 
   1  p0           5.58760e+05   7.07107e-01   7.07107e-01  -5.01082e-05
   2  p1           5.65066e-01   4.53570e+02   4.53570e+02   3.71853e+09
   3  p2          -3.15555e-06   4.53570e+02   4.53570e+02  -4.32130e+00
   4  p3           9.99711e-04   4.53570e+02   4.53570e+02  -1.06612e+14
                               ERR DEF= 0.5
NO ERROR MATRIX       
 MIGRAD FAILS TO FIND IMPROVEMENT
   START COVARIANCE MATRIX CALCULATION.
 EIGENVALUES OF SECOND-DERIVATIVE MATRIX:
        -3.6946e-01  5.9407e-01  9.9946e-01  2.7759e+00
 MINUIT WARNING IN HESSE   
 ============== MATRIX FORCED POS-DEF BY ADDING 0.372240 TO DIAGONAL.
 FCN=69.3355 FROM HESSE     STATUS=NOT POSDEF     31 CALLS          63 TOTAL
                     EDM=3.57157e-06    STRATEGY= 1      ERR MATRIX NOT POS-DEF
  EXT PARAMETER                APPROXIMATE        STEP         FIRST   
  NO.   NAME      VALUE            ERROR          SIZE      DERIVATIVE 
   1  p0           5.58760e+05   6.90907e+01   2.66438e-01  -5.57704e-05
   2  p1           5.65066e-01   4.56984e-06   4.53570e-02  -2.38554e+02
   3  p2          -3.15555e-06   1.17980e-03   4.53570e-02   8.24047e-01
   4  p3           9.99711e-04   1.24589e-08   4.53570e-02   6.55231e+03
                               ERR DEF= 0.5
 PARAMETER  CORRELATION COEFFICIENTS  
       NO.  GLOBAL      1      2      3      4
        1  0.99799   1.000 -0.997  0.267 -0.078
        2  0.99796  -0.997  1.000 -0.237  0.077
        3  0.49301   0.267 -0.237  1.000 -0.012
        4  0.07909  -0.078  0.077 -0.012  1.000
 ERR MATRIX NOT POS-DEF
 FCN=69.3355 FROM MIGRAD    STATUS=PROGRESS       82 CALLS          83 TOTAL
                     EDM=6.87575e-06    STRATEGY= 1      ERR MATRIX NOT POS-DEF
  EXT PARAMETER                APPROXIMATE        STEP         FIRST   
  NO.   NAME      VALUE            ERROR          SIZE      DERIVATIVE 
   1  p0           5.58760e+05   6.90907e+01   3.91189e-03   6.68972e-05
   2  p1           5.65066e-01   4.56984e-06  -2.60463e-10   1.98356e+02
   3  p2          -3.16089e-06   1.17980e-03  -5.34491e-09  -4.14483e-02
   4  p3           9.99711e-04   1.24589e-08  -8.00706e-14  -2.96517e+03
                               ERR DEF= 0.5
 MIGRAD FAILS TO FIND IMPROVEMENT
 MIGRAD MINIMIZATION HAS CONVERGED.
 MIGRAD WILL VERIFY CONVERGENCE AND ERROR MATRIX.
   START COVARIANCE MATRIX CALCULATION.
 EIGENVALUES OF SECOND-DERIVATIVE MATRIX:
         2.2651e-03  7.3331e-01  1.1031e+00  2.1614e+00
 COVARIANCE MATRIX CALCULATED SUCCESSFULLY
 FCN=69.3355 FROM MIGRAD    STATUS=CONVERGED     131 CALLS         132 TOTAL
                     EDM=8.29823e-07    STRATEGY= 1      ERROR MATRIX ACCURATE 
  EXT PARAMETER                                   STEP         FIRST   
  NO.   NAME      VALUE            ERROR          SIZE      DERIVATIVE 
   1  p0           5.58760e+05   7.56384e+01   2.66438e-01   6.12900e-05
   2  p1           5.65066e-01   2.45864e-05   2.69444e-07   1.94319e+02
   3  p2          -3.16089e-06   7.68045e-03   3.23265e-05  -4.80599e-02
   4  p3           9.99711e-04   6.65364e-08   4.76699e-10  -7.37853e+03
                               ERR DEF= 0.5
 EXTERNAL ERROR MATRIX.    NDIM=  25    NPAR=  4    ERR DEF=0.5
  5.721e+03 -1.855e-03  2.636e-01  1.874e-06 
 -1.855e-03  6.045e-10 -8.614e-08 -6.414e-13 
  2.636e-01 -8.614e-08  5.899e-05  1.710e-10 
  1.874e-06 -6.414e-13  1.710e-10  4.427e-15 
 PARAMETER  CORRELATION COEFFICIENTS  
       NO.  GLOBAL      1      2      3      4
        1  0.99771   1.000 -0.998  0.454  0.372
        2  0.99775  -0.998  1.000 -0.456 -0.392
        3  0.48764   0.454 -0.456  1.000  0.335
        4  0.50305   0.372 -0.392  0.335  1.000
 EXTERNAL ERROR MATRIX.    NDIM=   4    NPAR=  4    ERR DEF=0.5
  5.721e+03 -1.855e-03  2.636e-01  1.874e-06 
 -1.855e-03  6.045e-10 -8.614e-08 -6.414e-13 
  2.636e-01 -8.614e-08  5.899e-05  1.710e-10 
  1.874e-06 -6.414e-13  1.710e-10  4.427e-15 
 FCN=69.3355 FROM MIGRAD    STATUS=CONVERGED     131 CALLS         132 TOTAL
                     EDM=8.29823e-07    STRATEGY= 1      ERROR MATRIX ACCURATE 
  EXT PARAMETER                  PARABOLIC         MINOS ERRORS        
  NO.   NAME      VALUE            ERROR      NEGATIVE      POSITIVE   
   1  p0           5.58760e+05   7.56384e+01                            
   2  p1           5.65066e-01   2.45864e-05                            
   3  p2          -3.16089e-06   7.68045e-03                            
   4  p3           9.99711e-04   6.65364e-08                            
                               ERR DEF= 0.5
------------------------------------------
Enering ROOFIt-------
 PARAMETER DEFINITIONS:
    NO.   NAME         VALUE      STEP SIZE      LIMITS
     1 norm         5.58760e+05  1.00000e-01     no limits
     2 Q            5.65000e-01  1.00000e-01     no limits
     3 theta        0.00000e+00  1.00000e-01     no limits
     4 pileup       9.99711e-04  1.00000e-01     no limits
 **********
 **    1 **MIGRAD
 **********
 FIRST CALL TO USER FUNCTION AT NEW START POINT, WITH IFLAG=4.
 START MIGRAD MINIMIZATION.  STRATEGY  1.  CONVERGENCE WHEN EDM .LT. 1.00e-04
 FCN=-2.37864e+11 FROM MIGRAD    STATUS=INITIATE       14 CALLS          15 TOTAL
                     EDM= unknown      STRATEGY= 1      NO ERROR MATRIX       
  EXT PARAMETER               CURRENT GUESS       STEP         FIRST   
  NO.   NAME      VALUE            ERROR          SIZE      DERIVATIVE 
   1  norm         5.58760e+05   1.00000e-01   1.00000e-01  -7.81194e+00
   2  Q            5.65000e-01   1.00000e-01   1.00000e-01  -1.13728e+08
   3  theta        0.00000e+00   1.00000e-01   1.00000e-01   0.00000e+00
   4  pileup       9.99711e-04   1.00000e-01   1.00000e-01  -9.18329e+11
 MIGRAD FAILS TO FIND IMPROVEMENT
 COVARIANCE MATRIX CALCULATED SUCCESSFULLY
 FCN=-2.37864e+11 FROM HESSE     STATUS=OK             27 CALLS          53 TOTAL
                     EDM=6139.18    STRATEGY= 1      ERROR MATRIX ACCURATE 
  EXT PARAMETER                                   STEP         FIRST   
  NO.   NAME      VALUE            ERROR          SIZE      DERIVATIVE 
   1  norm         5.58760e+05   2.56719e+01   2.66438e+00  -7.81187e+00
   2  Q            5.65000e-01   2.01123e-06   1.00000e-03  -2.42840e+07
   3  theta        0.00000e+00   1.45541e-03   1.00000e-01   0.00000e+00
   4  pileup       9.99711e-04   9.24285e-08   1.00000e-02  -2.19758e+08
 MIGRAD FAILS TO FIND IMPROVEMENT
 MIGRAD TERMINATED WITHOUT CONVERGENCE.
 FCN=-2.37864e+11 FROM MIGRAD    STATUS=FAILED         77 CALLS          78 TOTAL
                     EDM=27536.3    STRATEGY= 1  ERROR MATRIX UNCERTAINTY  63.1 per cent
  EXT PARAMETER                APPROXIMATE        STEP         FIRST   
  NO.   NAME      VALUE            ERROR          SIZE      DERIVATIVE 
   1  norm         5.59098e+05   1.36763e+01   0.00000e+00   2.05748e+00
   2  Q            5.64976e-01   7.98763e-07  -0.00000e+00   6.39588e+06
   3  theta       -1.17463e-02   5.56031e-04   0.00000e+00  -2.09735e+05
   4  pileup       9.99864e-04   9.23556e-08   0.00000e+00   4.83756e+07
 EXTERNAL ERROR MATRIX.    NDIM=  25    NPAR=  4    ERR DEF=1
  1.870e+02 -8.417e-06  4.267e-03 -6.454e-08 
 -8.417e-06  6.380e-13 -7.699e-11 -3.116e-15 
  4.267e-03 -7.699e-11  3.092e-07  5.954e-12 
 -6.454e-08 -3.116e-15  5.954e-12  8.530e-15 
ERR MATRIX APPROXIMATE
 PARAMETER  CORRELATION COEFFICIENTS  
       NO.  GLOBAL      1      2      3      4
        1  0.89426   1.000 -0.770  0.561 -0.051
        2  0.84307  -0.770  1.000 -0.173 -0.042
        3  0.72072   0.561 -0.173  1.000  0.116
        4  0.30555  -0.051 -0.042  0.116  1.000
 ERR MATRIX APPROXIMATE
 **********
 **    2 **MIGRAD 
 **********
 START MIGRAD MINIMIZATION.  STRATEGY  1.  CONVERGENCE WHEN EDM .LT. 1.00e-04
 FCN=-2.37864e+11 FROM MIGRAD    STATUS=INITIATE       16 CALLS          94 TOTAL
                     EDM=1.86126e+06    STRATEGY= 1  ERROR MATRIX UNCERTAINTY  63.1 per cent
  EXT PARAMETER                APPROXIMATE        STEP         FIRST   
  NO.   NAME      VALUE            ERROR          SIZE      DERIVATIVE 
   1  norm         5.59098e+05   1.36763e+01   0.00000e+00   2.05742e+00
   2  Q            5.64976e-01   7.98763e-07  -0.00000e+00  -1.99199e+09
   3  theta       -1.17463e-02   5.56031e-04   0.00000e+00  -9.61068e+04
   4  pileup       9.99864e-04   9.23556e-08   0.00000e+00   4.95311e+07
 MIGRAD FAILS TO FIND IMPROVEMENT
 COVARIANCE MATRIX CALCULATED SUCCESSFULLY
 FCN=-2.37864e+11 FROM HESSE     STATUS=OK             31 CALLS         184 TOTAL
                     EDM=0.564176    STRATEGY= 1      ERROR MATRIX ACCURATE 
  EXT PARAMETER                                   STEP         FIRST   
  NO.   NAME      VALUE            ERROR          SIZE      DERIVATIVE 
   1  norm         5.59030e+05   8.36187e+00   1.72602e+03   3.60142e-02
   2  Q            5.64981e-01   4.91467e-07   5.54882e-04   1.07257e+05
   3  theta       -1.22190e-02   8.58618e-04   1.13323e-01  -8.11046e+02
   4  pileup       9.99841e-04   1.01299e-07   2.09864e-05   1.52759e+07
 MINUIT WARNING IN MIGRAD  
 ============== Negative diagonal element 3 in Error Matrix
 MINUIT WARNING IN MIGRAD  
 ============== Negative diagonal element 4 in Error Matrix
 MINUIT WARNING IN MIGRAD  
 ============== 1 added to diagonal of error matrix
 MIGRAD FAILS TO FIND IMPROVEMENT
 MACHINE ACCURACY LIMITS FURTHER IMPROVEMENT.
 MIGRAD MINIMIZATION HAS CONVERGED.
 FCN=-2.37864e+11 FROM MIGRAD    STATUS=CONVERGED     126 CALLS         204 TOTAL
                     EDM=55.4443    STRATEGY= 1  ERROR MATRIX UNCERTAINTY   3.3 per cent
  EXT PARAMETER                                   STEP         FIRST   
  NO.   NAME      VALUE            ERROR          SIZE      DERIVATIVE 
   1  norm         5.59030e+05   7.91893e+00  -0.00000e+00   7.19102e-03
   2  Q            5.64981e-01   1.00000e+00  -0.00000e+00   4.86075e+04
   3  theta       -1.20807e-02   1.00000e+00   0.00000e+00  -1.72655e+04
   4  pileup       9.99772e-04   1.00000e+00   0.00000e+00  -5.25254e+06
 EXTERNAL ERROR MATRIX.    NDIM=  25    NPAR=  4    ERR DEF=1
  6.271e+01 -9.432e-07 -8.179e-05 -9.417e-08 
 -9.432e-07  1.000e+00 -2.609e-11  6.724e-15 
 -8.179e-05 -2.609e-11  1.000e+00  1.055e-11 
 -9.417e-08  6.724e-15  1.055e-11  1.000e+00 
 PARAMETER  CORRELATION COEFFICIENTS  
       NO.  GLOBAL      1      2      3      4
        1  0.00001   1.000 -0.000 -0.000 -0.000
        2  0.00000  -0.000  1.000 -0.000  0.000
        3  0.00001  -0.000 -0.000  1.000  0.000
        4  0.00000  -0.000  0.000  0.000  1.000
status of the fit-----000------0
1  559030
2  0.564981
3  -0.0120807
4  0.000999772
 PARAMETER DEFINITIONS:
    NO.   NAME         VALUE      STEP SIZE      LIMITS
     1 norm         5.59030e+05  1.00000e-01     no limits
     2 Q            5.64981e-01  1.00000e-01     no limits
     3 theta       -1.20807e-02  1.00000e-01     no limits
     4 pileup       9.99772e-04  1.00000e-01     no limits
 **********
 **    3 **MIGRAD
 **********
 FIRST CALL TO USER FUNCTION AT NEW START POINT, WITH IFLAG=4.
 START MIGRAD MINIMIZATION.  STRATEGY  1.  CONVERGENCE WHEN EDM .LT. 1.00e-04
 FCN=-2.37864e+11 FROM MIGRAD    STATUS=INITIATE       18 CALLS         223 TOTAL
                     EDM= unknown      STRATEGY= 1      NO ERROR MATRIX       
  EXT PARAMETER               CURRENT GUESS       STEP         FIRST   
  NO.   NAME      VALUE            ERROR          SIZE      DERIVATIVE 
   1  norm         5.59030e+05   1.00000e-01   1.00000e-01   1.75275e-02
   2  Q            5.64981e-01   1.00000e-01   1.00000e-01   3.81779e+06
   3  theta       -1.20807e-02   1.00000e-01   1.00000e-01  -8.48977e+04
   4  pileup       9.99772e-04   1.00000e-01   1.00000e-01  -9.18057e+11
 MIGRAD FAILS TO FIND IMPROVEMENT
 COVARIANCE MATRIX CALCULATED SUCCESSFULLY
 FCN=-2.37864e+11 FROM HESSE     STATUS=OK             29 CALLS         263 TOTAL
                     EDM=0.346407    STRATEGY= 1      ERROR MATRIX ACCURATE 
  EXT PARAMETER                                   STEP         FIRST   
  NO.   NAME      VALUE            ERROR          SIZE      DERIVATIVE 
   1  norm         5.59030e+05   2.13915e+01   2.66566e+00   1.74588e-02
   2  Q            5.64981e-01   1.48418e-06   1.00000e-03   4.85595e+04
   3  theta       -1.20807e-02   1.07503e-03   1.02277e-01  -9.38853e+02
   4  pileup       9.99772e-04   9.24327e-08   1.00000e-02  -1.28855e+06
 EIGENVALUES OF SECOND-DERIVATIVE MATRIX:
        -1.2672e+00  6.7438e-02  1.3519e+00  3.8479e+00
 MINUIT WARNING IN MIGRAD  
 ============== MATRIX FORCED POS-DEF BY ADDING 1.271049 TO DIAGONAL.
 MIGRAD FAILS TO FIND IMPROVEMENT
 MIGRAD TERMINATED WITHOUT CONVERGENCE.
 FCN=-2.37864e+11 FROM MIGRAD    STATUS=FAILED         95 CALLS         300 TOTAL
                     EDM=2.43916e+06    STRATEGY= 1      ERR MATRIX NOT POS-DEF
  EXT PARAMETER                APPROXIMATE        STEP         FIRST   
  NO.   NAME      VALUE            ERROR          SIZE      DERIVATIVE 
   1  norm         5.59028e+05   2.68804e+01   0.00000e+00   2.77529e-02
   2  Q            5.64982e-01   8.44922e-08   0.00000e+00  -1.54212e+09
   3  theta       -1.17754e-02   1.43489e-04  -0.00000e+00  -9.10340e+05
   4  pileup       9.99792e-04   1.32459e-07   0.00000e+00  -2.34966e+07
 EXTERNAL ERROR MATRIX.    NDIM=  25    NPAR=  4    ERR DEF=1
  7.226e+02  6.986e-07 -1.115e-03 -1.706e-07 
  6.986e-07  7.139e-15 -1.212e-11  1.045e-14 
 -1.115e-03 -1.212e-11  2.059e-08 -1.787e-11 
 -1.706e-07  1.045e-14 -1.787e-11  1.755e-14 
ERR MATRIX NOT POS-DEF
 PARAMETER  CORRELATION COEFFICIENTS  
       NO.  GLOBAL      1      2      3      4
        1  0.97776   1.000  0.308 -0.289 -0.048
        2  1.00006   0.308  1.000 -1.000  0.933
        3  1.00007  -0.289 -1.000  1.000 -0.940
        4  0.99760  -0.048  0.933 -0.940  1.000
 ERR MATRIX NOT POS-DEF
 **********
 **    4 **MIGRAD 
 **********
 START MIGRAD MINIMIZATION.  STRATEGY  1.  CONVERGENCE WHEN EDM .LT. 1.00e-04
 FCN=-2.37864e+11 FROM MIGRAD    STATUS=INITIATE       16 CALLS         316 TOTAL
                     EDM=1.37435    STRATEGY= 1      ERR MATRIX NOT POS-DEF
  EXT PARAMETER                APPROXIMATE        STEP         FIRST   
  NO.   NAME      VALUE            ERROR          SIZE      DERIVATIVE 
   1  norm         5.59028e+05   2.68804e+01   0.00000e+00   2.16485e-02
   2  Q            5.64982e-01   8.44922e-08   0.00000e+00   8.11850e+04
   3  theta       -1.17754e-02   1.43489e-04  -0.00000e+00  -2.86186e+04
   4  pileup       9.99792e-04   1.32459e-07   0.00000e+00  -2.34976e+07
 MIGRAD FAILS TO FIND IMPROVEMENT
 MACHINE ACCURACY LIMITS FURTHER IMPROVEMENT.
 MIGRAD MINIMIZATION HAS CONVERGED.
 MIGRAD WILL VERIFY CONVERGENCE AND ERROR MATRIX.
 COVARIANCE MATRIX CALCULATED SUCCESSFULLY
 FCN=-2.37864e+11 FROM HESSE     STATUS=OK             31 CALLS         375 TOTAL
                     EDM=0.229256    STRATEGY= 1      ERROR MATRIX ACCURATE 
  EXT PARAMETER                                   STEP         FIRST   
  NO.   NAME      VALUE            ERROR          SIZE      DERIVATIVE 
   1  norm         5.59027e+05   8.74022e+00   1.72602e+03  -4.62096e-02
   2  Q            5.64982e-01   5.23260e-07   5.54886e-04  -1.48821e+05
   3  theta       -1.17685e-02   4.37469e-04   2.63277e-01  -1.54297e+03
   4  pileup       9.99789e-04   1.02907e-07   2.09857e-05   2.10651e+06
 MINUIT WARNING IN MIGRAD  
 ============== Negative diagonal element 3 in Error Matrix
 MINUIT WARNING IN MIGRAD  
 ============== 1 added to diagonal of error matrix
 MIGRAD FAILS TO FIND IMPROVEMENT
 MACHINE ACCURACY LIMITS FURTHER IMPROVEMENT.
 MIGRAD MINIMIZATION HAS CONVERGED.
 FCN=-2.37864e+11 FROM MIGRAD    STATUS=CONVERGED      96 CALLS         396 TOTAL
                     EDM=67.4107    STRATEGY= 1  ERROR MATRIX UNCERTAINTY   5.5 per cent
  EXT PARAMETER                                   STEP         FIRST   
  NO.   NAME      VALUE            ERROR          SIZE      DERIVATIVE 
   1  norm         5.59028e+05   7.97333e+00  -0.00000e+00   2.43758e-02
   2  Q            5.64982e-01   1.00000e+00  -0.00000e+00   1.02655e+05
   3  theta       -1.16614e-02   1.00000e+00   0.00000e+00  -3.77675e+04
   4  pileup       9.99785e-04   1.00000e+00   0.00000e+00  -6.63563e+05
 EXTERNAL ERROR MATRIX.    NDIM=  25    NPAR=  4    ERR DEF=1
  6.357e+01 -7.481e-07  2.896e-05 -1.835e-07 
 -7.481e-07  1.000e+00 -2.840e-12 -1.630e-14 
  2.896e-05 -2.840e-12  1.000e+00 -1.039e-12 
 -1.835e-07 -1.630e-14 -1.039e-12  1.000e+00 
 PARAMETER  CORRELATION COEFFICIENTS  
       NO.  GLOBAL      1      2      3      4
        1  0.00000   1.000 -0.000  0.000 -0.000
        2  0.00000  -0.000  1.000 -0.000 -0.000
        3  0.00000   0.000 -0.000  1.000 -0.000
        4  0.00000  -0.000 -0.000 -0.000  1.000
status of the fit-----000------0
1  559028
2  0.564982
3  -0.0116614
4  0.000999785
 PARAMETER DEFINITIONS:
    NO.   NAME         VALUE      STEP SIZE      LIMITS
     1 norm         5.59028e+05  1.00000e-01     no limits
     2 Q            5.64982e-01  1.00000e-01     no limits
     3 theta       -1.16614e-02  1.00000e-01     no limits
     4 pileup       9.99785e-04  1.00000e-01     no limits
 **********
 **    5 **MIGRAD
 **********
 FIRST CALL TO USER FUNCTION AT NEW START POINT, WITH IFLAG=4.
 START MIGRAD MINIMIZATION.  STRATEGY  1.  CONVERGENCE WHEN EDM .LT. 1.00e-04
 FCN=-2.37864e+11 FROM MIGRAD    STATUS=INITIATE       18 CALLS         415 TOTAL
                     EDM= unknown      STRATEGY= 1      NO ERROR MATRIX       
  EXT PARAMETER               CURRENT GUESS       STEP         FIRST   
  NO.   NAME      VALUE            ERROR          SIZE      DERIVATIVE 
   1  norm         5.59028e+05   1.00000e-01   1.00000e-01   3.47231e-02
   2  Q            5.64982e-01   1.00000e-01   1.00000e-01   4.40404e+06
   3  theta       -1.16614e-02   1.00000e-01   1.00000e-01  -8.15174e+04
   4  pileup       9.99785e-04   1.00000e-01   1.00000e-01  -9.18056e+11
 MIGRAD FAILS TO FIND IMPROVEMENT
 COVARIANCE MATRIX CALCULATED SUCCESSFULLY
 FCN=-2.37864e+11 FROM HESSE     STATUS=OK             29 CALLS         455 TOTAL
                     EDM=0.422608    STRATEGY= 1      ERROR MATRIX ACCURATE 
  EXT PARAMETER                                   STEP         FIRST   
  NO.   NAME      VALUE            ERROR          SIZE      DERIVATIVE 
   1  norm         5.59028e+05   2.14837e+01   2.66566e+00   3.48605e-02
   2  Q            5.64982e-01   1.49948e-06   1.00000e-03   1.02609e+05
   3  theta       -1.16614e-02   1.09657e-03   1.02071e-01  -8.04043e+02
   4  pileup       9.99785e-04   9.24327e-08   1.00000e-02   3.29992e+06
 EIGENVALUES OF SECOND-DERIVATIVE MATRIX:
        -3.4449e-01  6.8305e-02  1.3303e+00  2.9459e+00
 MINUIT WARNING IN MIGRAD  
 ============== MATRIX FORCED POS-DEF BY ADDING 0.347435 TO DIAGONAL.
 EIGENVALUES OF SECOND-DERIVATIVE MATRIX:
        -2.3839e-03  3.3561e-03  1.0418e+00  2.9573e+00
 MINUIT WARNING IN MIGRAD  
 ============== MATRIX FORCED POS-DEF BY ADDING 0.005341 TO DIAGONAL.
 MIGRAD FAILS TO FIND IMPROVEMENT
 MACHINE ACCURACY LIMITS FURTHER IMPROVEMENT.
 MIGRAD MINIMIZATION HAS CONVERGED.
 MIGRAD WILL VERIFY CONVERGENCE AND ERROR MATRIX.
 COVARIANCE MATRIX CALCULATED SUCCESSFULLY
 MIGRAD TERMINATED WITHOUT CONVERGENCE.
 FCN=-2.37864e+11 FROM MIGRAD    STATUS=FAILED        169 CALLS         566 TOTAL
                     EDM=0.445602    STRATEGY= 1      ERR MATRIX APPROXIMATE
  EXT PARAMETER                APPROXIMATE        STEP         FIRST   
  NO.   NAME      VALUE            ERROR          SIZE      DERIVATIVE 
   1  norm         5.59025e+05   8.75513e+00   1.72601e+03  -4.86794e-02
   2  Q            5.64982e-01   5.30006e-07   5.54889e-04  -1.56363e+05
   3  theta       -1.14394e-02   4.35280e-04   2.66787e-01  -1.47245e+03
   4  pileup       9.99777e-04   1.03010e-07   2.09856e-05   1.92229e+05
 EXTERNAL ERROR MATRIX.    NDIM=  25    NPAR=  4    ERR DEF=1
  7.665e+01  2.547e-07  1.653e-03 -9.001e-08 
  2.547e-07  2.809e-13  1.185e-10 -9.297e-15 
  1.653e-03  1.185e-10  1.895e-07  1.072e-11 
 -9.001e-08 -9.297e-15  1.072e-11  1.061e-14 
ERR MATRIX APPROXIMATE
 PARAMETER  CORRELATION COEFFICIENTS  
       NO.  GLOBAL      1      2      3      4
        1  0.56097   1.000  0.055  0.434 -0.100
        2  0.65129   0.055  1.000  0.513 -0.170
        3  0.75208   0.434  0.513  1.000  0.239
        4  0.51785  -0.100 -0.170  0.239  1.000
 ERR MATRIX APPROXIMATE
 **********
 **    6 **MIGRAD 
 **********
 START MIGRAD MINIMIZATION.  STRATEGY  1.  CONVERGENCE WHEN EDM .LT. 1.00e-04
 FCN=-2.37864e+11 FROM MIGRAD    STATUS=INITIATE        8 CALLS         574 TOTAL
                     EDM=65.1324    STRATEGY= 1      ERR MATRIX APPROXIMATE
  EXT PARAMETER                APPROXIMATE        STEP         FIRST   
  NO.   NAME      VALUE            ERROR          SIZE      DERIVATIVE 
   1  norm         5.59025e+05   8.75513e+00   1.72601e+03  -5.89128e-02
   2  Q            5.64982e-01   5.30006e-07   5.54889e-04  -1.56312e+05
   3  theta       -1.14394e-02   4.35280e-04   2.66787e-01  -3.62060e+04
   4  pileup       9.99777e-04   1.03010e-07   2.09856e-05  -4.31872e+06
 EIGENVALUES OF SECOND-DERIVATIVE MATRIX:
        -1.0723e-02  4.2984e-01  1.0874e+00  2.4935e+00
 MINUIT WARNING IN MIGRAD  
 ============== MATRIX FORCED POS-DEF BY ADDING 0.013216 TO DIAGONAL.
 MIGRAD FAILS TO FIND IMPROVEMENT
 COVARIANCE MATRIX CALCULATED SUCCESSFULLY
 FCN=-2.37864e+11 FROM HESSE     STATUS=OK             31 CALLS         637 TOTAL
                     EDM=0.0914316    STRATEGY= 1      ERROR MATRIX ACCURATE 
  EXT PARAMETER                                   STEP         FIRST   
  NO.   NAME      VALUE            ERROR          SIZE      DERIVATIVE 
   1  norm         5.59027e+05   8.73136e+00   1.72600e+03   2.98677e-02
   2  Q            5.64982e-01   5.32842e-07   5.54890e-04   8.82059e+04
   3  theta       -1.12923e-02   4.84509e-04   2.40223e-01  -1.30919e+03
   4  pileup       9.99786e-04   1.02801e-07   2.09868e-05   4.74126e+06
 MINUIT WARNING IN MIGRAD  
 ============== Negative diagonal element 3 in Error Matrix
 MINUIT WARNING IN MIGRAD  
 ============== 1 added to diagonal of error matrix
 MIGRAD FAILS TO FIND IMPROVEMENT
 MACHINE ACCURACY LIMITS FURTHER IMPROVEMENT.
 MIGRAD MINIMIZATION HAS CONVERGED.
 FCN=-2.37864e+11 FROM MIGRAD    STATUS=CONVERGED      91 CALLS         657 TOTAL
                     EDM=110.535    STRATEGY= 1  ERROR MATRIX UNCERTAINTY   5.3 per cent
  EXT PARAMETER                                   STEP         FIRST   
  NO.   NAME      VALUE            ERROR          SIZE      DERIVATIVE 
   1  norm         5.59027e+05   7.99164e+00  -0.00000e+00   2.84228e-02
   2  Q            5.64982e-01   1.00000e+00  -0.00000e+00   1.15445e+05
   3  theta       -1.11980e-02   1.00000e+00   0.00000e+00  -4.35350e+04
   4  pileup       9.99770e-04   1.00000e+00   0.00000e+00  -2.94469e+06
 EXTERNAL ERROR MATRIX.    NDIM=  25    NPAR=  4    ERR DEF=1
  6.387e+01 -7.720e-07  1.998e-05 -1.908e-07 
 -7.720e-07  1.000e+00 -1.413e-12 -1.626e-14 
  1.998e-05 -1.413e-12  1.000e+00 -1.020e-12 
 -1.908e-07 -1.626e-14 -1.020e-12  1.000e+00 
 PARAMETER  CORRELATION COEFFICIENTS  
       NO.  GLOBAL      1      2      3      4
        1  0.00000   1.000 -0.000  0.000 -0.000
        2  0.00000  -0.000  1.000 -0.000 -0.000
        3  0.00000   0.000 -0.000  1.000 -0.000
        4  0.00000  -0.000 -0.000 -0.000  1.000
status of the fit-----000------0
1  559027
2  0.564982
3  -0.011198
4  0.00099977
 **********
 **   19 **SET PRINT           2
 **********
 **********
 **   20 **SET NOGRAD
 **********
 PARAMETER DEFINITIONS:
    NO.   NAME         VALUE      STEP SIZE      LIMITS
     1 p0           5.58000e+05  1.67400e+05     no limits
     2 p1           5.65000e-01  1.69500e-01     no limits
     3 p2           0.00000e+00  3.00000e-01     no limits
     4 p3           9.99871e-04  2.99961e-04     no limits
 **********
 **   21 **SET ERR         0.5
 **********
 **********
 **   22 **SET PRINT           2
 **********
 **********
 **   23 **SET STR           1
 **********
 NOW USING STRATEGY  1: TRY TO BALANCE SPEED AGAINST RELIABILITY
 **********
 **   24 **MIGRAD        1480        0.01
 **********
 FIRST CALL TO USER FUNCTION AT NEW START POINT, WITH IFLAG=4.
 START MIGRAD MINIMIZATION.  STRATEGY  1.  CONVERGENCE WHEN EDM .LT. 1.00e-05
 FCN=17311.4 FROM MIGRAD    STATUS=INITIATE       18 CALLS          19 TOTAL
                     EDM= unknown      STRATEGY= 1      NO ERROR MATRIX       
  EXT PARAMETER               CURRENT GUESS       STEP         FIRST   
  NO.   NAME      VALUE            ERROR          SIZE      DERIVATIVE 
   1  p0           5.58000e+05   1.67400e+05   1.67400e+05  -3.62704e+01
   2  p1           5.65000e-01   1.69500e-01   1.69500e-01  -1.12586e+08
   3  p2           0.00000e+00   3.00000e-01   3.00000e-01   0.00000e+00
   4  p3           9.99871e-04   2.99961e-04   2.99961e-04  -9.91791e+08
                               ERR DEF= 0.5
NO ERROR MATRIX       
 FCN=489.688 FROM MIGRAD    STATUS=PROGRESS       34 CALLS          35 TOTAL
                     EDM=1348.48    STRATEGY= 1      NO ERROR MATRIX       
  EXT PARAMETER               CURRENT GUESS       STEP         FIRST   
  NO.   NAME      VALUE            ERROR          SIZE      DERIVATIVE 
   1  p0           5.58439e+05   1.67400e+05   4.39294e+02  -8.24504e-01
   2  p1           5.65142e-01   1.69500e-01   1.41657e-04  -2.52956e+06
   3  p2           0.00000e+00   3.00000e-01  -0.00000e+00   0.00000e+00
   4  p3           1.00165e-03   2.99961e-04   1.78087e-06   4.05815e+08
                               ERR DEF= 0.5
 FCN=75.1596 FROM MIGRAD    STATUS=PROGRESS      150 CALLS         151 TOTAL
                     EDM=1.36269e-05    STRATEGY= 1  ERROR MATRIX UNCERTAINTY  30.7 per cent
  EXT PARAMETER                APPROXIMATE        STEP         FIRST   
  NO.   NAME      VALUE            ERROR          SIZE      DERIVATIVE 
   1  p0           5.60106e+05   1.02523e+03   7.07018e+00  -2.43726e-04
   2  p1           5.64630e-01   3.29038e-04  -2.26558e-06  -7.63323e+02
   3  p2           0.00000e+00   4.93275e-04  -0.00000e+00   0.00000e+00
   4  p3           9.99799e-04   6.84332e-08  -2.03858e-11   3.74954e+04
                               ERR DEF= 0.5
 MIGRAD FAILS TO FIND IMPROVEMENT
   START COVARIANCE MATRIX CALCULATION.
 MINUIT WARNING IN HESSE   
 ============== Negative diagonal element 3 in Error Matrix
 MINUIT WARNING IN HESSE   
 ============== 13342.4 added to diagonal of error matrix
 EIGENVALUES OF SECOND-DERIVATIVE MATRIX:
        -5.4749e+00  8.5642e-01  1.0000e+00  7.6185e+00
 MINUIT WARNING IN HESSE   
 ============== MATRIX FORCED POS-DEF BY ADDING 5.482535 TO DIAGONAL.
 FCN=75.1596 FROM HESSE     STATUS=NOT POSDEF     25 CALLS         191 TOTAL
                     EDM=2.27425e-05    STRATEGY= 1      ERR MATRIX NOT POS-DEF
  EXT PARAMETER                APPROXIMATE        STEP         FIRST   
  NO.   NAME      VALUE            ERROR          SIZE      DERIVATIVE 
   1  p0           5.60105e+05   3.40025e-03   2.67079e-01  -6.52008e-05
   2  p1           5.64630e-01   2.46193e-06   2.69237e-07  -2.04261e+02
   3  p2           0.00000e+00   8.13935e+00   4.47414e-05   0.00000e+00
   4  p3           9.99798e-04   4.80973e-07   4.76741e-10   1.50261e+04
                               ERR DEF= 0.5
 PARAMETER  CORRELATION COEFFICIENTS  
       NO.  GLOBAL      1      2      3      4
        1  0.00230   1.000  0.002  0.002  0.002
        2  0.96488   0.002  1.000  0.965  0.963
        3  0.99884   0.002  0.965  1.000  0.999
        4  0.99878   0.002  0.963  0.999  1.000
 ERR MATRIX NOT POS-DEF
 FCN=75.1053 FROM MIGRAD    STATUS=PROGRESS      202 CALLS         203 TOTAL
                     EDM=34944.3    STRATEGY= 1      ERR MATRIX NOT POS-DEF
  EXT PARAMETER                APPROXIMATE        STEP         FIRST   
  NO.   NAME      VALUE            ERROR          SIZE      DERIVATIVE 
   1  p0           5.60105e+05   3.40025e-03  -2.58098e-09  -1.69624e-02
   2  p1           5.64630e-01   2.46193e-06  -7.94767e-10  -5.31671e+04
   3  p2          -2.74015e-03   8.13935e+00  -2.74015e-03   3.25670e+01
   4  p3           9.99798e-04   4.80973e-07  -1.62158e-10  -1.21532e+06
                               ERR DEF= 0.5
 MINUIT WARNING IN MIGRAD  
 ============== Negative diagonal element 3 in Error Matrix
 MINUIT WARNING IN MIGRAD  
 ============== 1.00017 added to diagonal of error matrix
 EIGENVALUES OF SECOND-DERIVATIVE MATRIX:
         1.0000e+00  1.0000e+00  1.0000e+00  1.0000e+00
 MIGRAD FAILS TO FIND IMPROVEMENT
 MIGRAD TERMINATED WITHOUT CONVERGENCE.
 FCN=75.1053 FROM MIGRAD    STATUS=FAILED        213 CALLS         214 TOTAL
                     EDM=34944.3    STRATEGY= 1      ERR MATRIX NOT POS-DEF
  EXT PARAMETER                APPROXIMATE        STEP         FIRST   
  NO.   NAME      VALUE            ERROR          SIZE      DERIVATIVE 
   1  p0           5.60105e+05   7.07174e-01   0.00000e+00  -1.69624e-02
   2  p1           5.64630e-01   7.07165e-01   0.00000e+00  -5.31671e+04
   3  p2          -2.74015e-03   7.07107e-01  -0.00000e+00   3.25670e+01
   4  p3           9.99798e-04   7.07165e-01   0.00000e+00  -1.21532e+06
                               ERR DEF= 0.5
 EXTERNAL ERROR MATRIX.    NDIM=  25    NPAR=  4    ERR DEF=0.5
  5.001e-01 -5.618e-13  4.798e-09 -5.488e-15 
 -5.618e-13  5.001e-01  6.302e-10 -7.391e-16 
  4.798e-09  6.302e-10  5.000e-01  1.535e-11 
 -5.488e-15 -7.391e-16  1.535e-11  5.001e-01 
ERR MATRIX NOT POS-DEF
 PARAMETER  CORRELATION COEFFICIENTS  
       NO.  GLOBAL      1      2      3      4
        1  0.00000   1.000 -0.000  0.000 -0.000
        2  0.00000  -0.000  1.000  0.000 -0.000
        3  0.00000   0.000  0.000  1.000  0.000
        4  0.00000  -0.000 -0.000  0.000  1.000
 ERR MATRIX NOT POS-DEF
 FCN=75.1053 FROM MIGRAD    STATUS=FAILED        213 CALLS         214 TOTAL
                     EDM=34944.3    STRATEGY= 1      ERR MATRIX NOT POS-DEF
  EXT PARAMETER                  PARABOLIC         MINOS ERRORS        
  NO.   NAME      VALUE            ERROR      NEGATIVE      POSITIVE   
   1  p0           5.60105e+05   7.07174e-01                            
   2  p1           5.64630e-01   7.07165e-01                            
   3  p2          -2.74015e-03   7.07107e-01                            
   4  p3           9.99798e-04   7.07165e-01                            
                               ERR DEF= 0.5
 **********
 **   25 **SET PRINT           2
 **********
 **********
 **   26 **SET NOGRAD
 **********
 PARAMETER DEFINITIONS:
    NO.   NAME         VALUE      STEP SIZE      LIMITS
     1 p0           5.60105e+05  7.07174e-01     no limits
     2 p1           5.64630e-01  7.07165e-01     no limits
     3 p2          -2.74015e-03  7.07107e-01     no limits
     4 p3           9.99798e-04  7.07165e-01     no limits
 **********
 **   27 **SET ERR         0.5
 **********
 **********
 **   28 **SET PRINT           2
 **********
 **********
 **   29 **SET STR           1
 **********
 NOW USING STRATEGY  1: TRY TO BALANCE SPEED AGAINST RELIABILITY
 **********
 **   30 **MIGRAD        1480        0.01
 **********
 FIRST CALL TO USER FUNCTION AT NEW START POINT, WITH IFLAG=4.
 START MIGRAD MINIMIZATION.  STRATEGY  1.  CONVERGENCE WHEN EDM .LT. 1.00e-05
 FCN=75.0533 FROM MIGRAD    STATUS=INITIATE       41 CALLS          42 TOTAL
                     EDM= unknown      STRATEGY= 1      NO ERROR MATRIX       
  EXT PARAMETER               CURRENT GUESS       STEP         FIRST   
  NO.   NAME      VALUE            ERROR          SIZE      DERIVATIVE 
   1  p0           5.60105e+05   7.07174e-01   0.00000e+00  -5.70531e-02
   2  p1           5.64630e-01   7.07165e-01   0.00000e+00  -1.78820e+05
   3  p2          -5.05981e-03   7.07107e-01  -2.31966e-03  -2.16485e+00
   4  p3           9.99798e-04   7.07165e-01   0.00000e+00  -4.06531e+06
                               ERR DEF= 0.5
NO ERROR MATRIX       
 FCN=74.9995 FROM MIGRAD    STATUS=PROGRESS       55 CALLS          56 TOTAL
                     EDM=0.0968533    STRATEGY= 1      NO ERROR MATRIX       
  EXT PARAMETER               CURRENT GUESS       STEP         FIRST   
  NO.   NAME      VALUE            ERROR          SIZE      DERIVATIVE 
   1  p0           5.60106e+05   7.07174e-01   6.82933e-01   3.08297e-03
   2  p1           5.64630e-01   7.07165e-01   2.20095e-07   8.84670e+03
   3  p2          -5.03266e-03   7.07107e-01   2.71473e-05   4.07839e+01
   4  p3           9.99805e-04   7.07165e-01   7.16572e-09  -7.19893e+05
                               ERR DEF= 0.5
 FCN=74.6767 FROM MIGRAD    STATUS=PROGRESS      176 CALLS         177 TOTAL
                     EDM=7.24823e-05    STRATEGY= 1  ERROR MATRIX UNCERTAINTY  12.5 per cent
  EXT PARAMETER                APPROXIMATE        STEP         FIRST   
  NO.   NAME      VALUE            ERROR          SIZE      DERIVATIVE 
   1  p0           5.58979e+05   1.58733e+03  -2.97279e+01  -9.14981e-04
   2  p1           5.64993e-01   5.11726e-04   9.56264e-06  -2.87664e+03
   3  p2          -1.06886e-02   6.43047e-03  -1.31781e-04  -2.57348e+00
   4  p3           9.99823e-04   7.43091e-08   9.27728e-10  -6.93084e+04
                               ERR DEF= 0.5
 MIGRAD FAILS TO FIND IMPROVEMENT
   START COVARIANCE MATRIX CALCULATION.
 EIGENVALUES OF SECOND-DERIVATIVE MATRIX:
         8.3779e-04  3.7415e-01  8.7132e-01  2.7537e+00
 COVARIANCE MATRIX CALCULATED SUCCESSFULLY
 FCN=74.6767 FROM HESSE     STATUS=OK             27 CALLS         244 TOTAL
                     EDM=2.76871e-05    STRATEGY= 1      ERROR MATRIX ACCURATE 
  EXT PARAMETER                                   STEP         FIRST   
  NO.   NAME      VALUE            ERROR          SIZE      DERIVATIVE 
   1  p0           5.58965e+05   1.24860e+02   2.66535e-01  -1.11199e-04
   2  p1           5.64998e-01   4.03497e-05   2.69412e-07  -3.39587e+02
   3  p2          -1.07128e-02   3.52286e-03   1.58926e-05   2.13401e+00
   4  p3           9.99823e-04   7.37304e-08   4.76753e-10   1.78795e+04
                               ERR DEF= 0.5
 PARAMETER  CORRELATION COEFFICIENTS  
       NO.  GLOBAL      1      2      3      4
        1  0.99916   1.000 -0.999  0.065  0.088
        2  0.99917  -0.999  1.000 -0.093 -0.089
        3  0.70570   0.065 -0.093  1.000 -0.445
        4  0.54831   0.088 -0.089 -0.445  1.000
 MIGRAD FAILS TO FIND IMPROVEMENT
 MIGRAD TERMINATED WITHOUT CONVERGENCE.
 FCN=74.6767 FROM MIGRAD    STATUS=FAILED        250 CALLS         251 TOTAL
                     EDM=2.76871e-05    STRATEGY= 1      ERR MATRIX APPROXIMATE
  EXT PARAMETER                APPROXIMATE        STEP         FIRST   
  NO.   NAME      VALUE            ERROR          SIZE      DERIVATIVE 
   1  p0           5.58965e+05   1.24860e+02  -0.00000e+00  -1.11199e-04
   2  p1           5.64998e-01   4.03497e-05   0.00000e+00  -3.39587e+02
   3  p2          -1.07128e-02   3.52286e-03  -0.00000e+00   2.13401e+00
   4  p3           9.99823e-04   7.37304e-08   0.00000e+00   1.78795e+04
                               ERR DEF= 0.5
 EXTERNAL ERROR MATRIX.    NDIM=  25    NPAR=  4    ERR DEF=0.5
  1.559e+04 -5.031e-03  2.881e-02  8.122e-07 
 -5.031e-03  1.628e-09 -1.318e-08 -2.638e-13 
  2.881e-02 -1.318e-08  1.241e-05 -1.155e-10 
  8.122e-07 -2.638e-13 -1.155e-10  5.436e-15 
ERR MATRIX APPROXIMATE
 PARAMETER  CORRELATION COEFFICIENTS  
       NO.  GLOBAL      1      2      3      4
        1  0.99916   1.000 -0.999  0.065  0.088
        2  0.99917  -0.999  1.000 -0.093 -0.089
        3  0.70570   0.065 -0.093  1.000 -0.445
        4  0.54831   0.088 -0.089 -0.445  1.000
 ERR MATRIX APPROXIMATE
 FCN=74.6767 FROM MIGRAD    STATUS=FAILED        250 CALLS         251 TOTAL
                     EDM=2.76871e-05    STRATEGY= 1      ERR MATRIX APPROXIMATE
  EXT PARAMETER                  PARABOLIC         MINOS ERRORS        
  NO.   NAME      VALUE            ERROR      NEGATIVE      POSITIVE   
   1  p0           5.58965e+05   1.24860e+02                            
   2  p1           5.64998e-01   4.03497e-05                            
   3  p2          -1.07128e-02   3.52286e-03                            
   4  p3           9.99823e-04   7.37304e-08                            
                               ERR DEF= 0.5
 **********
 **   31 **SET PRINT           2
 **********
 **********
 **   32 **SET NOGRAD
 **********
 PARAMETER DEFINITIONS:
    NO.   NAME         VALUE      STEP SIZE      LIMITS
     1 p0           5.58965e+05  1.24860e+02     no limits
     2 p1           5.64998e-01  4.03497e-05     no limits
     3 p2          -1.07128e-02  3.52286e-03     no limits
     4 p3           9.99823e-04  7.37304e-08     no limits
 **********
 **   33 **SET ERR         0.5
 **********
 **********
 **   34 **SET PRINT           2
 **********
 **********
 **   35 **SET STR           1
 **********
 NOW USING STRATEGY  1: TRY TO BALANCE SPEED AGAINST RELIABILITY
 **********
 **   36 **MIGRAD        1480        0.01
 **********
 FIRST CALL TO USER FUNCTION AT NEW START POINT, WITH IFLAG=4.
 START MIGRAD MINIMIZATION.  STRATEGY  1.  CONVERGENCE WHEN EDM .LT. 1.00e-05
 FCN=74.6767 FROM MIGRAD    STATUS=INITIATE       16 CALLS          17 TOTAL
                     EDM= unknown      STRATEGY= 1      NO ERROR MATRIX       
  EXT PARAMETER               CURRENT GUESS       STEP         FIRST   
  NO.   NAME      VALUE            ERROR          SIZE      DERIVATIVE 
   1  p0           5.58965e+05   1.24860e+02   1.24860e+02  -1.12800e-04
   2  p1           5.64998e-01   4.03497e-05   4.03497e-05  -3.43664e+02
   3  p2          -1.07128e-02   3.52286e-03   3.52286e-03  -9.49273e-02
   4  p3           9.99823e-04   7.37304e-08   7.37304e-08   3.25256e+03
                               ERR DEF= 0.5
NO ERROR MATRIX       
 MIGRAD FAILS TO FIND IMPROVEMENT
   START COVARIANCE MATRIX CALCULATION.
 EIGENVALUES OF SECOND-DERIVATIVE MATRIX:
         8.4063e-04  3.9132e-01  8.6930e-01  2.7385e+00
 COVARIANCE MATRIX CALCULATED SUCCESSFULLY
 FCN=74.6767 FROM HESSE     STATUS=OK             27 CALLS          47 TOTAL
                     EDM=1.88446e-06    STRATEGY= 1      ERROR MATRIX ACCURATE 
  EXT PARAMETER                                   STEP         FIRST   
  NO.   NAME      VALUE            ERROR          SIZE      DERIVATIVE 
   1  p0           5.58965e+05   1.24873e+02   2.66535e-01  -1.11199e-04
   2  p1           5.64998e-01   4.02090e-05   2.69412e-07  -3.39587e+02
   3  p2          -1.07128e-02   3.39536e-03   1.53999e-05  -3.10334e-01
   4  p3           9.99823e-04   7.35307e-08   4.76753e-10   1.78795e+04
                               ERR DEF= 0.5
 PARAMETER  CORRELATION COEFFICIENTS  
       NO.  GLOBAL      1      2      3      4
        1  0.99916   1.000 -0.999 -0.067  0.147
        2  0.99916  -0.999  1.000  0.041 -0.149
        3  0.69088  -0.067  0.041  1.000 -0.440
        4  0.54483   0.147 -0.149 -0.440  1.000
 MIGRAD FAILS TO FIND IMPROVEMENT
 MIGRAD MINIMIZATION HAS CONVERGED.
 FCN=74.6767 FROM MIGRAD    STATUS=CONVERGED      50 CALLS          51 TOTAL
                     EDM=1.88446e-06    STRATEGY= 1      ERROR MATRIX ACCURATE 
  EXT PARAMETER                                   STEP         FIRST   
  NO.   NAME      VALUE            ERROR          SIZE      DERIVATIVE 
   1  p0           5.58965e+05   1.24873e+02  -0.00000e+00  -1.11199e-04
   2  p1           5.64998e-01   4.02090e-05   0.00000e+00  -3.39587e+02
   3  p2          -1.07128e-02   3.39536e-03   0.00000e+00  -3.10334e-01
   4  p3           9.99823e-04   7.35307e-08  -0.00000e+00   1.78795e+04
                               ERR DEF= 0.5
 EXTERNAL ERROR MATRIX.    NDIM=  25    NPAR=  4    ERR DEF=0.5
  1.559e+04 -5.014e-03 -2.842e-02  1.351e-06 
 -5.014e-03  1.617e-09  5.533e-09 -4.392e-13 
 -2.842e-02  5.533e-09  1.153e-05 -1.098e-10 
  1.351e-06 -4.392e-13 -1.098e-10  5.407e-15 
 PARAMETER  CORRELATION COEFFICIENTS  
       NO.  GLOBAL      1      2      3      4
        1  0.99916   1.000 -0.999 -0.067  0.147
        2  0.99916  -0.999  1.000  0.041 -0.149
        3  0.69088  -0.067  0.041  1.000 -0.440
        4  0.54483   0.147 -0.149 -0.440  1.000
 EXTERNAL ERROR MATRIX.    NDIM=   4    NPAR=  4    ERR DEF=0.5
  1.559e+04 -5.014e-03 -2.842e-02  1.351e-06 
 -5.014e-03  1.617e-09  5.533e-09 -4.392e-13 
 -2.842e-02  5.533e-09  1.153e-05 -1.098e-10 
  1.351e-06 -4.392e-13 -1.098e-10  5.407e-15 
 FCN=74.6767 FROM MIGRAD    STATUS=CONVERGED      50 CALLS          51 TOTAL
                     EDM=1.88446e-06    STRATEGY= 1      ERROR MATRIX ACCURATE 
  EXT PARAMETER                  PARABOLIC         MINOS ERRORS        
  NO.   NAME      VALUE            ERROR      NEGATIVE      POSITIVE   
   1  p0           5.58965e+05   1.24873e+02                            
   2  p1           5.64998e-01   4.02090e-05                            
   3  p2          -1.07128e-02   3.39536e-03                            
   4  p3           9.99823e-04   7.35307e-08                            
                               ERR DEF= 0.5
------------------------------------------
Enering ROOFIt-------
 PARAMETER DEFINITIONS:
    NO.   NAME         VALUE      STEP SIZE      LIMITS
     1 norm         5.58965e+05  1.00000e-01     no limits
     2 Q            5.65000e-01  1.00000e-01     no limits
     3 theta        0.00000e+00  1.00000e-01     no limits
     4 pileup       9.99823e-04  1.00000e-01     no limits
 **********
 **    1 **MIGRAD
 **********
 FIRST CALL TO USER FUNCTION AT NEW START POINT, WITH IFLAG=4.
 START MIGRAD MINIMIZATION.  STRATEGY  1.  CONVERGENCE WHEN EDM .LT. 1.00e-04
 FCN=-2.3786e+11 FROM MIGRAD    STATUS=INITIATE       14 CALLS          15 TOTAL
                     EDM= unknown      STRATEGY= 1      NO ERROR MATRIX       
  EXT PARAMETER               CURRENT GUESS       STEP         FIRST   
  NO.   NAME      VALUE            ERROR          SIZE      DERIVATIVE 
   1  norm         5.58965e+05   1.00000e-01   1.00000e-01   4.94623e-01
   2  Q            5.65000e-01   1.00000e-01   1.00000e-01   1.61951e+07
   3  theta        0.00000e+00   1.00000e-01   1.00000e-01   0.00000e+00
   4  pileup       9.99823e-04   1.00000e-01   1.00000e-01  -9.17998e+11
 MIGRAD FAILS TO FIND IMPROVEMENT
 EIGENVALUES OF SECOND-DERIVATIVE MATRIX:
        -3.4259e-03  3.7556e-01  9.1686e-01  2.7110e+00
 MINUIT WARNING IN HESSE   
 ============== MATRIX FORCED POS-DEF BY ADDING 0.006137 TO DIAGONAL.
 FCN=-2.3786e+11 FROM HESSE     STATUS=NOT POSDEF     27 CALLS          53 TOTAL
                     EDM=135.752    STRATEGY= 1      ERR MATRIX NOT POS-DEF
  EXT PARAMETER                APPROXIMATE        STEP         FIRST   
  NO.   NAME      VALUE            ERROR          SIZE      DERIVATIVE 
   1  norm         5.58965e+05   6.71420e+01   2.66535e+00   4.94428e-01
   2  Q            5.65000e-01   6.52618e-06   1.00000e-03   1.54203e+06
   3  theta        0.00000e+00   6.02521e-03   1.00000e-01   0.00000e+00
   4  pileup       9.99823e-04   9.21625e-08   1.00000e-02   2.40859e+07
 MIGRAD FAILS TO FIND IMPROVEMENT
 MIGRAD TERMINATED WITHOUT CONVERGENCE.
 FCN=-2.3786e+11 FROM MIGRAD    STATUS=FAILED         95 CALLS          96 TOTAL
                     EDM=55679.4    STRATEGY= 1      ERR MATRIX NOT POS-DEF
  EXT PARAMETER                APPROXIMATE        STEP         FIRST   
  NO.   NAME      VALUE            ERROR          SIZE      DERIVATIVE 
   1  norm         5.58947e+05   1.03866e+01  -0.00000e+00  -1.43757e-02
   2  Q            5.65002e-01   1.59152e-07   0.00000e+00   1.21828e+08
   3  theta        1.51420e-03   7.32891e-04  -0.00000e+00   3.64360e+04
   4  pileup       9.99821e-04   8.82299e-08  -0.00000e+00  -1.87363e+07
 EXTERNAL ERROR MATRIX.    NDIM=  25    NPAR=  4    ERR DEF=1
  1.079e+02 -1.229e-06  5.671e-03 -2.717e-08 
 -1.229e-06  2.533e-14 -1.172e-10 -4.244e-15 
  5.671e-03 -1.172e-10  5.371e-07  1.923e-11 
 -2.717e-08 -4.244e-15  1.923e-11  7.785e-15 
ERR MATRIX NOT POS-DEF
 PARAMETER  CORRELATION COEFFICIENTS  
       NO.  GLOBAL      1      2      3      4
        1  0.78879   1.000 -0.743  0.745 -0.030
        2  1.00479  -0.743  1.000 -1.005 -0.302
        3  1.00480   0.745 -1.005  1.000  0.297
        4  0.47970  -0.030 -0.302  0.297  1.000
 ERR MATRIX NOT POS-DEF
 **********
 **    2 **MIGRAD 
 **********
 START MIGRAD MINIMIZATION.  STRATEGY  1.  CONVERGENCE WHEN EDM .LT. 1.00e-04
 FCN=-2.3786e+11 FROM MIGRAD    STATUS=INITIATE       12 CALLS         108 TOTAL
                     EDM=106.191    STRATEGY= 1      ERR MATRIX NOT POS-DEF
  EXT PARAMETER                APPROXIMATE        STEP         FIRST   
  NO.   NAME      VALUE            ERROR          SIZE      DERIVATIVE 
   1  norm         5.58947e+05   1.03866e+01  -0.00000e+00  -2.04787e-02
   2  Q            5.65002e-01   1.59152e-07   0.00000e+00  -4.04536e+04
   3  theta        1.51420e-03   7.32891e-04  -0.00000e+00   9.47309e+03
   4  pileup       9.99821e-04   8.82299e-08  -0.00000e+00  -1.87364e+07
 MIGRAD FAILS TO FIND IMPROVEMENT
 MACHINE ACCURACY LIMITS FURTHER IMPROVEMENT.
 MIGRAD MINIMIZATION HAS CONVERGED.
 MIGRAD WILL VERIFY CONVERGENCE AND ERROR MATRIX.
 EIGENVALUES OF SECOND-DERIVATIVE MATRIX:
        -3.2902e-04  3.3961e-01  8.5012e-01  2.8106e+00
 MINUIT WARNING IN HESSE   
 ============== MATRIX FORCED POS-DEF BY ADDING 0.003140 TO DIAGONAL.
 FCN=-2.3786e+11 FROM HESSE     STATUS=NOT POSDEF     29 CALLS         148 TOTAL
                     EDM=0.260705    STRATEGY= 1      ERR MATRIX NOT POS-DEF
  EXT PARAMETER                APPROXIMATE        STEP         FIRST   
  NO.   NAME      VALUE            ERROR          SIZE      DERIVATIVE 
   1  norm         5.58947e+05   9.60745e+01   5.33071e+02  -1.43143e-02
   2  Q            5.65002e-01   3.13315e-05   9.41555e-05  -4.05343e+04
   3  theta        1.51420e-03   1.21269e-03   9.74141e-02  -5.18160e+01
   4  pileup       9.99821e-04   1.05775e-07   2.09855e-05   9.69904e+06
 EIGENVALUES OF SECOND-DERIVATIVE MATRIX:
        -2.2289e-02  8.0271e-01  1.0301e+00  2.1895e+00
 MINUIT WARNING IN MIGRAD  
 ============== MATRIX FORCED POS-DEF BY ADDING 0.024478 TO DIAGONAL.
 MIGRAD FAILS TO FIND IMPROVEMENT
 MACHINE ACCURACY LIMITS FURTHER IMPROVEMENT.
 MIGRAD MINIMIZATION HAS CONVERGED.
 MIGRAD WILL VERIFY CONVERGENCE AND ERROR MATRIX.
 EIGENVALUES OF SECOND-DERIVATIVE MATRIX:
        -5.5060e-02  3.3048e-01  8.3505e-01  2.8895e+00
 MINUIT WARNING IN HESSE   
 ============== MATRIX FORCED POS-DEF BY ADDING 0.057950 TO DIAGONAL.
 MIGRAD TERMINATED WITHOUT CONVERGENCE.
 FCN=-2.3786e+11 FROM MIGRAD    STATUS=FAILED        166 CALLS         262 TOTAL
                     EDM=0.100899    STRATEGY= 1      ERR MATRIX NOT POS-DEF
  EXT PARAMETER                APPROXIMATE        STEP         FIRST   
  NO.   NAME      VALUE            ERROR          SIZE      DERIVATIVE 
   1  norm         5.58962e+05   7.63327e+01   1.72581e+03   9.85389e-04
   2  Q            5.64997e-01   3.25978e-05   9.41381e-05   6.62784e+03
   3  theta        1.34541e-03   1.09001e-03   4.28534e-01  -2.08389e+01
   4  pileup       9.99784e-04   2.06126e-07   2.09849e-05   1.66130e+06
 EXTERNAL ERROR MATRIX.    NDIM=  25    NPAR=  4    ERR DEF=1
  5.827e+03 -2.473e-03 -7.978e-02 -1.365e-05 
 -2.473e-03  1.063e-09  3.471e-08  5.856e-12 
 -7.978e-02  3.471e-08  1.188e-06  2.018e-10 
 -1.365e-05  5.856e-12  2.018e-10  4.249e-14 
ERR MATRIX NOT POS-DEF
 PARAMETER  CORRELATION COEFFICIENTS  
       NO.  GLOBAL      1      2      3      4
        1  0.99573   1.000 -0.994 -0.959 -0.868
        2  0.99758  -0.994  1.000  0.977  0.872
        3  0.98749  -0.959  0.977  1.000  0.898
        4  0.90953  -0.868  0.872  0.898  1.000
 ERR MATRIX NOT POS-DEF
status of the fit-----000------4
1  558962
2  0.564997
3  0.00134541
4  0.000999784
 PARAMETER DEFINITIONS:
    NO.   NAME         VALUE      STEP SIZE      LIMITS
     1 norm         5.58962e+05  1.00000e-01     no limits
     2 Q            5.64997e-01  1.00000e-01     no limits
     3 theta        1.34541e-03  1.00000e-01     no limits
     4 pileup       9.99784e-04  1.00000e-01     no limits
 **********
 **    3 **MIGRAD
 **********
 FIRST CALL TO USER FUNCTION AT NEW START POINT, WITH IFLAG=4.
 START MIGRAD MINIMIZATION.  STRATEGY  1.  CONVERGENCE WHEN EDM .LT. 1.00e-04
 FCN=-2.3786e+11 FROM MIGRAD    STATUS=INITIATE       14 CALLS         277 TOTAL
                     EDM= unknown      STRATEGY= 1      NO ERROR MATRIX       
  EXT PARAMETER               CURRENT GUESS       STEP         FIRST   
  NO.   NAME      VALUE            ERROR          SIZE      DERIVATIVE 
   1  norm         5.58962e+05   1.00000e-01   1.00000e-01   1.07628e-03
   2  Q            5.64997e-01   1.00000e-01   1.00000e-01   8.21222e+06
   3  theta        1.34541e-03   1.00000e-01   1.00000e-01   8.88554e+03
   4  pileup       9.99784e-04   1.00000e-01   1.00000e-01  -9.18017e+11
 MIGRAD FAILS TO FIND IMPROVEMENT
 EIGENVALUES OF SECOND-DERIVATIVE MATRIX:
        -8.2892e-03  3.6513e-01  9.1682e-01  2.7263e+00
 MINUIT WARNING IN HESSE   
 ============== MATRIX FORCED POS-DEF BY ADDING 0.011016 TO DIAGONAL.
 FCN=-2.3786e+11 FROM HESSE     STATUS=NOT POSDEF     29 CALLS         317 TOTAL
                     EDM=0.019363    STRATEGY= 1      ERR MATRIX NOT POS-DEF
  EXT PARAMETER                APPROXIMATE        STEP         FIRST   
  NO.   NAME      VALUE            ERROR          SIZE      DERIVATIVE 
   1  norm         5.58962e+05   6.48435e+01   2.66534e+00   1.14498e-03
   2  Q            5.64997e-01   6.51737e-06   1.00000e-03   6.63358e+03
   3  theta        1.34541e-03   6.17455e-03   1.00000e-01  -3.81203e+01
   4  pileup       9.99784e-04   9.19989e-08   1.00000e-02   1.11399e+06
 MIGRAD FAILS TO FIND IMPROVEMENT
 MIGRAD TERMINATED WITHOUT CONVERGENCE.
 FCN=-2.3786e+11 FROM MIGRAD    STATUS=FAILED         97 CALLS         360 TOTAL
                     EDM=104693    STRATEGY= 1      ERR MATRIX NOT POS-DEF
  EXT PARAMETER                APPROXIMATE        STEP         FIRST   
  NO.   NAME      VALUE            ERROR          SIZE      DERIVATIVE 
   1  norm         5.58962e+05   1.16884e+01  -0.00000e+00  -3.54428e-03
   2  Q            5.64997e-01   1.13832e-06  -0.00000e+00  -2.39934e+08
   3  theta        1.35477e-03   1.61049e-03  -0.00000e+00   1.70931e+05
   4  pileup       9.99783e-04   8.13457e-08   0.00000e+00  -2.70592e+07
 EXTERNAL ERROR MATRIX.    NDIM=  25    NPAR=  4    ERR DEF=1
  1.366e+02 -1.044e-05 -1.477e-02 -7.589e-07 
 -1.044e-05  1.296e-12  1.833e-09  9.144e-14 
 -1.477e-02  1.833e-09  2.594e-06  1.294e-10 
 -7.589e-07  9.144e-14  1.294e-10  6.617e-15 
ERR MATRIX NOT POS-DEF
 PARAMETER  CORRELATION COEFFICIENTS  
       NO.  GLOBAL      1      2      3      4
        1  0.79849   1.000 -0.785 -0.785 -0.798
        2  0.99997  -0.785  1.000  1.000  0.988
        3  0.99997  -0.785  1.000  1.000  0.988
        4  0.98840  -0.798  0.988  0.988  1.000
 ERR MATRIX NOT POS-DEF
 **********
 **    4 **MIGRAD 
 **********
 START MIGRAD MINIMIZATION.  STRATEGY  1.  CONVERGENCE WHEN EDM .LT. 1.00e-04
 FCN=-2.3786e+11 FROM MIGRAD    STATUS=INITIATE       16 CALLS         376 TOTAL
                     EDM=0.508777    STRATEGY= 1      ERR MATRIX NOT POS-DEF
  EXT PARAMETER                APPROXIMATE        STEP         FIRST   
  NO.   NAME      VALUE            ERROR          SIZE      DERIVATIVE 
   1  norm         5.58962e+05   1.16884e+01  -0.00000e+00  -9.64796e-03
   2  Q            5.64997e-01   1.13832e-06  -0.00000e+00  -7.51576e+03
   3  theta        1.35477e-03   1.61049e-03  -0.00000e+00   1.60415e+03
   4  pileup       9.99783e-04   8.13457e-08   0.00000e+00  -2.70594e+07
 EIGENVALUES OF SECOND-DERIVATIVE MATRIX:
        -8.8365e-06  8.7168e-02  8.2986e-01  3.0830e+00
 MINUIT WARNING IN MIGRAD  
 ============== MATRIX FORCED POS-DEF BY ADDING 0.003092 TO DIAGONAL.
 MIGRAD FAILS TO FIND IMPROVEMENT
 MACHINE ACCURACY LIMITS FURTHER IMPROVEMENT.
 MIGRAD MINIMIZATION HAS CONVERGED.
 MIGRAD WILL VERIFY CONVERGENCE AND ERROR MATRIX.
 EIGENVALUES OF SECOND-DERIVATIVE MATRIX:
        -2.7472e-04  2.9411e-01  8.5055e-01  2.8556e+00
 MINUIT WARNING IN HESSE   
 ============== MATRIX FORCED POS-DEF BY ADDING 0.003130 TO DIAGONAL.
 FCN=-2.3786e+11 FROM HESSE     STATUS=NOT POSDEF     29 CALLS         463 TOTAL
                     EDM=0.00632663    STRATEGY= 1      ERR MATRIX NOT POS-DEF
  EXT PARAMETER                APPROXIMATE        STEP         FIRST   
  NO.   NAME      VALUE            ERROR          SIZE      DERIVATIVE 
   1  norm         5.58963e+05   9.58178e+01   1.72581e+03   4.47382e-04
   2  Q            5.64997e-01   3.09416e-05   9.41380e-05   4.92023e+03
   3  theta        1.30792e-03   2.92557e-03   4.29671e-02  -4.76758e+01
   4  pileup       9.99781e-04   1.08235e-07   2.09849e-05   1.05176e+06
 MIGRAD FAILS TO FIND IMPROVEMENT
 MIGRAD TERMINATED WITHOUT CONVERGENCE.
 FCN=-2.3786e+11 FROM MIGRAD    STATUS=FAILED        164 CALLS         524 TOTAL
                     EDM=89393.8    STRATEGY= 1      ERR MATRIX NOT POS-DEF
  EXT PARAMETER                APPROXIMATE        STEP         FIRST   
  NO.   NAME      VALUE            ERROR          SIZE      DERIVATIVE 
   1  norm         5.58981e+05   6.38153e+00  -0.00000e+00  -3.73952e-02
   2  Q            5.64991e-01   5.47581e-08  -0.00000e+00   8.74997e+04
   3  theta        1.66736e-03   1.45520e-03  -0.00000e+00   1.27420e+04
   4  pileup       9.99771e-04   8.54167e-08  -0.00000e+00  -2.91363e+07
 EXTERNAL ERROR MATRIX.    NDIM=  25    NPAR=  4    ERR DEF=1
  4.072e+01  1.863e-08  8.415e-04  2.084e-07 
  1.863e-08  2.998e-15  5.793e-11  3.226e-15 
  8.415e-04  5.793e-11  2.118e-06  1.176e-10 
  2.084e-07  3.226e-15  1.176e-10  7.296e-15 
ERR MATRIX NOT POS-DEF
 PARAMETER  CORRELATION COEFFICIENTS  
       NO.  GLOBAL      1      2      3      4
        1  0.91984   1.000  0.053  0.091  0.382
        2  0.72854   0.053  1.000  0.727  0.690
        3  0.99050   0.091  0.727  1.000  0.946
        4  0.99181   0.382  0.690  0.946  1.000
 ERR MATRIX NOT POS-DEF
status of the fit-----000------4
1  558981
2  0.564991
3  0.00166736
4  0.000999771
 PARAMETER DEFINITIONS:
    NO.   NAME         VALUE      STEP SIZE      LIMITS
     1 norm         5.58981e+05  1.00000e-01     no limits
     2 Q            5.64991e-01  1.00000e-01     no limits
     3 theta        1.66736e-03  1.00000e-01     no limits
     4 pileup       9.99771e-04  1.00000e-01     no limits
 **********
 **    5 **MIGRAD
 **********
 FIRST CALL TO USER FUNCTION AT NEW START POINT, WITH IFLAG=4.
 START MIGRAD MINIMIZATION.  STRATEGY  1.  CONVERGENCE WHEN EDM .LT. 1.00e-04
 FCN=-2.3786e+11 FROM MIGRAD    STATUS=INITIATE       14 CALLS         539 TOTAL
                     EDM= unknown      STRATEGY= 1      NO ERROR MATRIX       
  EXT PARAMETER               CURRENT GUESS       STEP         FIRST   
  NO.   NAME      VALUE            ERROR          SIZE      DERIVATIVE 
   1  norm         5.58981e+05   1.00000e-01   1.00000e-01   2.72439e-02
   2  Q            5.64991e-01   1.00000e-01   1.00000e-01   8.44668e+06
   3  theta        1.66736e-03   1.00000e-01   1.00000e-01   1.10171e+04
   4  pileup       9.99771e-04   1.00000e-01   1.00000e-01  -9.18016e+11
 MIGRAD FAILS TO FIND IMPROVEMENT
 EIGENVALUES OF SECOND-DERIVATIVE MATRIX:
        -1.0630e-02  3.6069e-01  9.1681e-01  2.7331e+00
 MINUIT WARNING IN HESSE   
 ============== MATRIX FORCED POS-DEF BY ADDING 0.013364 TO DIAGONAL.
 FCN=-2.3786e+11 FROM HESSE     STATUS=NOT POSDEF     29 CALLS         579 TOTAL
                     EDM=0.54775    STRATEGY= 1      ERR MATRIX NOT POS-DEF
  EXT PARAMETER                APPROXIMATE        STEP         FIRST   
  NO.   NAME      VALUE            ERROR          SIZE      DERIVATIVE 
   1  norm         5.58981e+05   6.41362e+01   2.66543e+00   2.72782e-02
   2  Q            5.64991e-01   6.51218e-06   1.00000e-03   8.74143e+04
   3  theta        1.66736e-03   6.23618e-03   1.00000e-01  -4.69131e+01
   4  pileup       9.99771e-04   9.19321e-08   1.00000e-02  -1.24636e+06
 MINUIT WARNING IN MIGRAD  
 ============== Negative diagonal element 2 in Error Matrix
 MINUIT WARNING IN MIGRAD  
 ============== Negative diagonal element 3 in Error Matrix
 MINUIT WARNING IN MIGRAD  
 ============== Negative diagonal element 4 in Error Matrix
 MINUIT WARNING IN MIGRAD  
 ============== 1 added to diagonal of error matrix
 MIGRAD FAILS TO FIND IMPROVEMENT
 MIGRAD TERMINATED WITHOUT CONVERGENCE.
 FCN=-2.3786e+11 FROM MIGRAD    STATUS=FAILED        147 CALLS         672 TOTAL
                     EDM=6.04698e+17    STRATEGY= 1      ERR MATRIX NOT POS-DEF
  EXT PARAMETER                APPROXIMATE        STEP         FIRST   
  NO.   NAME      VALUE            ERROR          SIZE      DERIVATIVE 
   1  norm         5.58979e+05   7.39391e+00  -0.00000e+00  -1.02167e-01
   2  Q            5.64992e-01   2.14332e-03   0.00000e+00  -6.90264e+08
   3  theta        1.92305e-03   1.00000e+00  -0.00000e+00   2.58678e+05
   4  pileup       9.99778e-04   9.99999e-01   0.00000e+00  -2.93891e+07
 EXTERNAL ERROR MATRIX.    NDIM=  25    NPAR=  4    ERR DEF=1
  5.467e+01  5.629e-07  1.526e-03 -2.317e-08 
  5.629e-07  4.594e-06  3.715e-04  2.111e-03 
  1.526e-03  3.715e-04  1.000e+00 -7.842e-07 
 -2.317e-08  2.111e-03 -7.842e-07  1.000e+00 
ERR MATRIX NOT POS-DEF
 PARAMETER  CORRELATION COEFFICIENTS  
       NO.  GLOBAL      1      2      3      4
        1  0.00000   1.000  0.000  0.000 -0.000
        2  1.00000   0.000  1.000  0.173  0.985
        3  1.00000   0.000  0.173  1.000 -0.000
        4  1.00000  -0.000  0.985 -0.000  1.000
 ERR MATRIX NOT POS-DEF
 **********
 **    6 **MIGRAD 
 **********
 START MIGRAD MINIMIZATION.  STRATEGY  1.  CONVERGENCE WHEN EDM .LT. 1.00e-04
 FCN=-2.3786e+11 FROM MIGRAD    STATUS=INITIATE       16 CALLS         688 TOTAL
                     EDM=6.58369e+14    STRATEGY= 1      ERR MATRIX NOT POS-DEF
  EXT PARAMETER                APPROXIMATE        STEP         FIRST   
  NO.   NAME      VALUE            ERROR          SIZE      DERIVATIVE 
   1  norm         5.58979e+05   7.39391e+00  -0.00000e+00  -1.02166e-01
   2  Q            5.64992e-01   2.14332e-03   0.00000e+00  -1.13843e+05
   3  theta        1.92305e-03   1.00000e+00  -0.00000e+00   2.32360e+03
   4  pileup       9.99778e-04   9.99999e-01   0.00000e+00  -2.93894e+07
 MIGRAD FAILS TO FIND IMPROVEMENT
 EIGENVALUES OF SECOND-DERIVATIVE MATRIX:
        -2.7525e-04  2.7637e-01  8.5026e-01  2.8736e+00
 MINUIT WARNING IN HESSE   
 ============== MATRIX FORCED POS-DEF BY ADDING 0.003149 TO DIAGONAL.
 FCN=-2.3786e+11 FROM HESSE     STATUS=NOT POSDEF     29 CALLS         728 TOTAL
                     EDM=0.0735661    STRATEGY= 1      ERR MATRIX NOT POS-DEF
  EXT PARAMETER                APPROXIMATE        STEP         FIRST   
  NO.   NAME      VALUE            ERROR          SIZE      DERIVATIVE 
   1  norm         5.58979e+05   9.55013e+01   1.72586e+03  -3.76524e-02
   2  Q            5.64992e-01   3.08532e-05   9.42199e-05  -1.13920e+05
   3  theta        1.92305e-03   2.96303e-03   4.32770e-02  -5.82205e+01
   4  pileup       9.99778e-04   1.09545e-07   2.09848e-05  -9.52439e+05
 MIGRAD FAILS TO FIND IMPROVEMENT
 MIGRAD TERMINATED WITHOUT CONVERGENCE.
 FCN=-2.3786e+11 FROM MIGRAD    STATUS=FAILED         97 CALLS         769 TOTAL
                     EDM=1.18105e+08    STRATEGY= 1      ERR MATRIX NOT POS-DEF
  EXT PARAMETER                APPROXIMATE        STEP         FIRST   
  NO.   NAME      VALUE            ERROR          SIZE      DERIVATIVE 
   1  norm         5.58983e+05   7.09992e+00  -0.00000e+00  -4.64501e-02
   2  Q            5.64991e-01   4.78766e-08   0.00000e+00  -7.79244e+08
   3  theta        2.28342e-03   1.36765e-03  -0.00000e+00   1.71892e+04
   4  pileup       9.99785e-04   1.04781e-07  -0.00000e+00  -2.63464e+07
 EXTERNAL ERROR MATRIX.    NDIM=  25    NPAR=  4    ERR DEF=1
  5.041e+01 -1.229e-09  1.732e-04 -1.065e-07 
 -1.229e-09  2.292e-15  3.783e-11  1.469e-15 
  1.732e-04  3.783e-11  1.870e-06  8.328e-11 
 -1.065e-07  1.469e-15  8.328e-11  1.098e-14 
ERR MATRIX NOT POS-DEF
 PARAMETER  CORRELATION COEFFICIENTS  
       NO.  GLOBAL      1      2      3      4
        1  0.19173   1.000 -0.004  0.018 -0.143
        2  0.58059  -0.004  1.000  0.578  0.293
        3  0.72563   0.018  0.578  1.000  0.581
        4  0.60359  -0.143  0.293  0.581  1.000
 ERR MATRIX NOT POS-DEF
status of the fit-----000------4
1  558983
2  0.564991
3  0.00228342
4  0.000999785
