  *******************************************
  *                                         *
  *        W E L C O M E  to  R O O T       *
  *                                         *
  *   Version   5.34/36      5 April 2016   *
  *                                         *
  *  You are welcome to visit our Web site  *
  *          http://root.cern.ch            *
  *                                         *
  *******************************************

ROOT 5.34/36 (v5-34-36@v5-34-36, Apr 05 2016, 10:25:45 on linuxx8664gcc)

CINT/ROOT C/C++ Interpreter version 5.18.00, July 2, 2010
Type ? for help. Commands must be C++ statements.
Enclose multiple statements between { }.
Loading root init file.
The rat/rootinit.C file loaded the DEAP style for you, which is available from the fStyle pointer.
DEAP style applied. 
RAT: Libraries loaded.

Processing /home/fatemigh/projects/rpp-jillings/fatemigh/sterile/Likelihood/LikelihoodSterile_modified6.C+(480)...
pased here
566 lines read from file
31
spec_E  566
Before entering fitting
 **********
 **    1 **SET PRINT           2
 **********
 **********
 **    2 **SET NOGRAD
 **********
 PARAMETER DEFINITIONS:
    NO.   NAME         VALUE      STEP SIZE      LIMITS
     1 p0           5.58000e+05  1.67400e+05     no limits
     2 p1           5.65000e-01  1.69500e-01     no limits
     3 p2           0.00000e+00  3.00000e-01     no limits
     4 p3           9.99871e-04  2.99961e-04     no limits
 **********
 **    3 **SET ERR         0.5
 **********
 **********
 **    4 **SET PRINT           2
 **********
 **********
 **    5 **SET STR           1
 **********
 NOW USING STRATEGY  1: TRY TO BALANCE SPEED AGAINST RELIABILITY
 **********
 **    6 **MIGRAD        1480        0.01
 **********
 FIRST CALL TO USER FUNCTION AT NEW START POINT, WITH IFLAG=4.
 START MIGRAD MINIMIZATION.  STRATEGY  1.  CONVERGENCE WHEN EDM .LT. 1.00e-05
 FCN=17191.4 FROM MIGRAD    STATUS=INITIATE       16 CALLS          17 TOTAL
                     EDM= unknown      STRATEGY= 1      NO ERROR MATRIX       
  EXT PARAMETER               CURRENT GUESS       STEP         FIRST   
  NO.   NAME      VALUE            ERROR          SIZE      DERIVATIVE 
   1  p0           5.58000e+05   1.67400e+05   1.67400e+05  -3.61354e+01
   2  p1           5.65000e-01   1.69500e-01   1.69500e-01  -5.06633e+08
   3  p2           0.00000e+00   3.00000e-01   3.00000e-01   0.00000e+00
   4  p3           9.99871e-04   2.99961e-04   2.99961e-04  -9.53077e+08
                               ERR DEF= 0.5
NO ERROR MATRIX       
 FCN=1132.48 FROM MIGRAD    STATUS=PROGRESS       33 CALLS          34 TOTAL
                     EDM=3179.29    STRATEGY= 1      NO ERROR MATRIX       
  EXT PARAMETER               CURRENT GUESS       STEP         FIRST   
  NO.   NAME      VALUE            ERROR          SIZE      DERIVATIVE 
   1  p0           5.58694e+05   1.67400e+05   6.94024e+02  -2.04489e+00
   2  p1           5.65040e-01   1.69500e-01   3.98339e-05  -6.31135e+06
   3  p2           0.00000e+00   3.00000e-01  -0.00000e+00   0.00000e+00
   4  p3           1.00259e-03   2.99961e-04   2.71412e-06   6.16692e+08
                               ERR DEF= 0.5
 MIGRAD MINIMIZATION HAS CONVERGED.
 MIGRAD WILL VERIFY CONVERGENCE AND ERROR MATRIX.
   START COVARIANCE MATRIX CALCULATION.
 MINUIT WARNING IN HESSE   
 ============== Negative diagonal element 3 in Error Matrix
 MINUIT WARNING IN HESSE   
 ============== 25057.4 added to diagonal of error matrix
 EIGENVALUES OF SECOND-DERIVATIVE MATRIX:
        -4.0119e+00  8.9977e-01  1.0000e+00  6.1121e+00
 MINUIT WARNING IN HESSE   
 ============== MATRIX FORCED POS-DEF BY ADDING 4.017970 TO DIAGONAL.
 FCN=78.0729 FROM MIGRAD    STATUS=CONVERGED      92 CALLS          93 TOTAL
                     EDM=5.41089e-06    STRATEGY= 1      ERR MATRIX NOT POS-DEF
  EXT PARAMETER                APPROXIMATE        STEP         FIRST   
  NO.   NAME      VALUE            ERROR          SIZE      DERIVATIVE 
   1  p0           5.58822e+05   2.82012e-03   2.66467e-01  -1.61972e-05
   2  p1           5.65043e-01   1.25525e-06   2.69433e-07   2.00874e+03
   3  p2           0.00000e+00   9.06966e+00   5.03042e-05   0.00000e+00
   4  p3           9.99620e-04   5.97944e-07   4.76656e-10  -6.38199e+03
                               ERR DEF= 0.5
 EXTERNAL ERROR MATRIX.    NDIM=  25    NPAR=  4    ERR DEF=0.5
  7.953e-06  5.482e-12  5.342e-05  3.511e-12 
  5.482e-12  1.576e-12  9.211e-06  6.049e-13 
  5.342e-05  9.211e-06  8.226e+01  5.416e-06 
  3.511e-12  6.049e-13  5.416e-06  3.575e-13 
ERR MATRIX NOT POS-DEF
 PARAMETER  CORRELATION COEFFICIENTS  
       NO.  GLOBAL      1      2      3      4
        1  0.00210   1.000  0.002  0.002  0.002
        2  0.81018   0.002  1.000  0.809  0.806
        3  0.99879   0.002  0.809  1.000  0.999
        4  0.99877   0.002  0.806  0.999  1.000
 ERR MATRIX NOT POS-DEF
 **********
 **    7 **HESSE        1480
 **********
   START COVARIANCE MATRIX CALCULATION.
 MINUIT WARNING IN HESSE   
 ============== Negative diagonal element 3 in Error Matrix
 MINUIT WARNING IN HESSE   
 ============== 25057.4 added to diagonal of error matrix
 EIGENVALUES OF SECOND-DERIVATIVE MATRIX:
        -2.5315e-01  8.0288e-01  1.0000e+00  2.4503e+00
 MINUIT WARNING IN HESSE   
 ============== MATRIX FORCED POS-DEF BY ADDING 0.255600 TO DIAGONAL.
 FCN=78.0729 FROM HESSE     STATUS=NOT POSDEF     29 CALLS         122 TOTAL
                     EDM=0.00215773    STRATEGY= 1      ERR MATRIX NOT POS-DEF
  EXT PARAMETER                APPROXIMATE     INTERNAL      INTERNAL  
  NO.   NAME      VALUE            ERROR       STEP SIZE       VALUE   
   1  p0           5.58822e+05   5.63992e-03   1.33234e-01   5.58822e+05
   2  p1           5.65043e-01   2.32799e-05   1.34717e-07   5.65043e-01
   3  p2           0.00000e+00   1.44234e+01   5.03042e-05   0.00000e+00
   4  p3           9.99620e-04   8.43624e-08   1.22084e-08   9.99620e-04
                               ERR DEF= 0.5
 EXTERNAL ERROR MATRIX.    NDIM=  25    NPAR=  4    ERR DEF=0.5
  3.181e-05  3.627e-09  2.257e-03  9.595e-12 
  3.627e-09  5.420e-10  3.351e-04  1.404e-12 
  2.257e-03  3.351e-04  2.080e+02  8.865e-07 
  9.595e-12  1.404e-12  8.865e-07  7.117e-15 
ERR MATRIX NOT POS-DEF
 PARAMETER  CORRELATION COEFFICIENTS  
       NO.  GLOBAL      1      2      3      4
        1  0.02776   1.000  0.028  0.028  0.020
        2  0.99800   0.028  1.000  0.998  0.715
        3  0.99808   0.028  0.998  1.000  0.729
        4  0.75197   0.020  0.715  0.729  1.000
 ERR MATRIX NOT POS-DEF
 EXTERNAL ERROR MATRIX.    NDIM=   4    NPAR=  4    ERR DEF=0.5
  3.181e-05  3.627e-09  2.257e-03  9.595e-12 
  3.627e-09  5.420e-10  3.351e-04  1.404e-12 
  2.257e-03  3.351e-04  2.080e+02  8.865e-07 
  9.595e-12  1.404e-12  8.865e-07  7.117e-15 
 FCN=78.0729 FROM HESSE     STATUS=NOT POSDEF     29 CALLS         122 TOTAL
                     EDM=0.00215773    STRATEGY= 1      ERR MATRIX NOT POS-DEF
  EXT PARAMETER                  PARABOLIC         MINOS ERRORS        
  NO.   NAME      VALUE            ERROR      NEGATIVE      POSITIVE   
   1  p0           5.58822e+05   5.63992e-03                            
   2  p1           5.65043e-01   2.32799e-05                            
   3  p2           0.00000e+00   1.44234e+01                            
   4  p3           9.99620e-04   8.43624e-08                            
                               ERR DEF= 0.5
------------------------------------------
Enering ROOFIt-------
 PARAMETER DEFINITIONS:
    NO.   NAME         VALUE      STEP SIZE      LIMITS
     1 norm         5.58822e+05  1.00000e-01     no limits
     2 Q            5.65000e-01  1.00000e-01     no limits
     3 theta        0.00000e+00  1.00000e-01     no limits
     4 pileup       9.99620e-04  1.00000e-01     no limits
 **********
 **    1 **MIGRAD
 **********
 FIRST CALL TO USER FUNCTION AT NEW START POINT, WITH IFLAG=4.
 START MIGRAD MINIMIZATION.  STRATEGY  1.  CONVERGENCE WHEN EDM .LT. 1.00e-04
 FCN=-2.37858e+11 FROM MIGRAD    STATUS=INITIATE       14 CALLS          15 TOTAL
                     EDM= unknown      STRATEGY= 1      NO ERROR MATRIX       
  EXT PARAMETER               CURRENT GUESS       STEP         FIRST   
  NO.   NAME      VALUE            ERROR          SIZE      DERIVATIVE 
   1  norm         5.58822e+05   1.00000e-01   1.00000e-01  -5.04116e+00
   2  Q            5.65000e-01   1.00000e-01   1.00000e-01  -6.96904e+07
   3  theta        0.00000e+00   1.00000e-01   1.00000e-01   0.00000e+00
   4  pileup       9.99620e-04   1.00000e-01   1.00000e-01  -9.18133e+11
 MIGRAD FAILS TO FIND IMPROVEMENT
 COVARIANCE MATRIX CALCULATED SUCCESSFULLY
 FCN=-2.37858e+11 FROM HESSE     STATUS=OK             27 CALLS          53 TOTAL
                     EDM=3155.48    STRATEGY= 1      ERROR MATRIX ACCURATE 
  EXT PARAMETER                                   STEP         FIRST   
  NO.   NAME      VALUE            ERROR          SIZE      DERIVATIVE 
   1  norm         5.58822e+05   2.91423e+01   2.66467e+00  -5.04126e+00
   2  Q            5.65000e-01   2.40285e-06   1.00000e-03  -1.56705e+07
   3  theta        0.00000e+00   1.85380e-03   1.00000e-01   0.00000e+00
   4  pileup       9.99620e-04   9.24336e-08   1.00000e-02  -1.42020e+08
 MIGRAD FAILS TO FIND IMPROVEMENT
 MIGRAD TERMINATED WITHOUT CONVERGENCE.
 FCN=-2.37858e+11 FROM MIGRAD    STATUS=FAILED         77 CALLS          78 TOTAL
                     EDM=44977.1    STRATEGY= 1  ERROR MATRIX UNCERTAINTY  68.8 per cent
  EXT PARAMETER                APPROXIMATE        STEP         FIRST   
  NO.   NAME      VALUE            ERROR          SIZE      DERIVATIVE 
   1  norm         5.59064e+05   1.50458e+01   0.00000e+00   1.81287e+00
   2  Q            5.64982e-01   8.66770e-07  -0.00000e+00   5.63691e+06
   3  theta       -1.08295e-02   4.70117e-04   0.00000e+00  -2.13087e+05
   4  pileup       9.99707e-04   9.24198e-08   0.00000e+00   2.87767e+07
 EXTERNAL ERROR MATRIX.    NDIM=  25    NPAR=  4    ERR DEF=1
  2.264e+02 -1.072e-05  3.915e-03 -3.237e-08 
 -1.072e-05  7.513e-13 -1.012e-10 -5.611e-15 
  3.915e-03 -1.012e-10  2.210e-07  4.432e-12 
 -3.237e-08 -5.611e-15  4.432e-12  8.541e-15 
ERR MATRIX APPROXIMATE
 PARAMETER  CORRELATION COEFFICIENTS  
       NO.  GLOBAL      1      2      3      4
        1  0.90499   1.000 -0.822  0.554 -0.023
        2  0.86798  -0.822  1.000 -0.248 -0.070
        3  0.68460   0.554 -0.248  1.000  0.102
        4  0.27873  -0.023 -0.070  0.102  1.000
 ERR MATRIX APPROXIMATE
 **********
 **    2 **MIGRAD 
 **********
 START MIGRAD MINIMIZATION.  STRATEGY  1.  CONVERGENCE WHEN EDM .LT. 1.00e-04
 FCN=-2.37858e+11 FROM MIGRAD    STATUS=INITIATE       16 CALLS          94 TOTAL
                     EDM=1.35928e+06    STRATEGY= 1  ERROR MATRIX UNCERTAINTY  68.8 per cent
  EXT PARAMETER                APPROXIMATE        STEP         FIRST   
  NO.   NAME      VALUE            ERROR          SIZE      DERIVATIVE 
   1  norm         5.59064e+05   1.50458e+01   0.00000e+00   1.81279e+00
   2  Q            5.64982e-01   8.66770e-07  -0.00000e+00  -1.52121e+09
   3  theta       -1.08295e-02   4.70117e-04   0.00000e+00  -7.97941e+04
   4  pileup       9.99707e-04   9.24198e-08   0.00000e+00   2.99415e+07
 MIGRAD FAILS TO FIND IMPROVEMENT
 COVARIANCE MATRIX CALCULATED SUCCESSFULLY
 FCN=-2.37858e+11 FROM HESSE     STATUS=OK             31 CALLS         185 TOTAL
                     EDM=0.0206313    STRATEGY= 1      ERROR MATRIX ACCURATE 
  EXT PARAMETER                                   STEP         FIRST   
  NO.   NAME      VALUE            ERROR          SIZE      DERIVATIVE 
   1  norm         5.59005e+05   8.38561e+00   1.72593e+03   1.69862e-02
   2  Q            5.64986e-01   5.21602e-07   5.54891e-04   5.04576e+04
   3  theta       -1.13166e-02   9.48787e-04   1.07485e-01  -3.39692e+02
   4  pileup       9.99677e-04   1.01851e-07   2.09840e-05   5.41590e+05
 MINUIT WARNING IN MIGRAD  
 ============== Negative diagonal element 3 in Error Matrix
 MINUIT WARNING IN MIGRAD  
 ============== 1 added to diagonal of error matrix
 MIGRAD FAILS TO FIND IMPROVEMENT
 MACHINE ACCURACY LIMITS FURTHER IMPROVEMENT.
 MIGRAD MINIMIZATION HAS CONVERGED.
 FCN=-2.37858e+11 FROM MIGRAD    STATUS=CONVERGED     130 CALLS         208 TOTAL
                     EDM=35.9587    STRATEGY= 1  ERROR MATRIX UNCERTAINTY   2.4 per cent
  EXT PARAMETER                                   STEP         FIRST   
  NO.   NAME      VALUE            ERROR          SIZE      DERIVATIVE 
   1  norm         5.59004e+05   8.06534e+00   0.00000e+00   5.27436e-02
   2  Q            5.64986e-01   1.00000e+00  -0.00000e+00   1.94326e+05
   3  theta       -1.04481e-02   1.00000e+00   0.00000e+00  -1.28377e+04
   4  pileup       9.99683e-04   1.00000e+00  -0.00000e+00   4.64420e+05
 EXTERNAL ERROR MATRIX.    NDIM=  25    NPAR=  4    ERR DEF=1
  6.505e+01 -8.280e-07  3.182e-04 -1.671e-07 
 -8.280e-07  1.000e+00 -4.370e-11 -1.793e-14 
  3.182e-04 -4.370e-11  1.000e+00 -1.703e-12 
 -1.671e-07 -1.793e-14 -1.703e-12  1.000e+00 
 PARAMETER  CORRELATION COEFFICIENTS  
       NO.  GLOBAL      1      2      3      4
        1  0.00004   1.000 -0.000  0.000 -0.000
        2  0.00000  -0.000  1.000 -0.000 -0.000
        3  0.00004   0.000 -0.000  1.000 -0.000
        4  0.00000  -0.000 -0.000 -0.000  1.000
status of the fit-----000------0
1  559004
2  0.564986
3  -0.0104481
4  0.000999683
 PARAMETER DEFINITIONS:
    NO.   NAME         VALUE      STEP SIZE      LIMITS
     1 norm         5.59004e+05  1.00000e-01     no limits
     2 Q            5.64986e-01  1.00000e-01     no limits
     3 theta       -1.04481e-02  1.00000e-01     no limits
     4 pileup       9.99683e-04  1.00000e-01     no limits
 **********
 **    3 **MIGRAD
 **********
 FIRST CALL TO USER FUNCTION AT NEW START POINT, WITH IFLAG=4.
 START MIGRAD MINIMIZATION.  STRATEGY  1.  CONVERGENCE WHEN EDM .LT. 1.00e-04
 FCN=-2.37858e+11 FROM MIGRAD    STATUS=INITIATE       18 CALLS         227 TOTAL
                     EDM= unknown      STRATEGY= 1      NO ERROR MATRIX       
  EXT PARAMETER               CURRENT GUESS       STEP         FIRST   
  NO.   NAME      VALUE            ERROR          SIZE      DERIVATIVE 
   1  norm         5.59004e+05   1.00000e-01   1.00000e-01   6.30664e-02
   2  Q            5.64986e-01   1.00000e-01   1.00000e-01   6.91816e+06
   3  theta       -1.04481e-02   1.00000e-01   1.00000e-01  -7.12035e+04
   4  pileup       9.99683e-04   1.00000e-01   1.00000e-01  -9.17956e+11
 MIGRAD FAILS TO FIND IMPROVEMENT
 COVARIANCE MATRIX CALCULATED SUCCESSFULLY
 FCN=-2.37858e+11 FROM HESSE     STATUS=OK             29 CALLS         267 TOTAL
                     EDM=0.404011    STRATEGY= 1      ERROR MATRIX ACCURATE 
  EXT PARAMETER                                   STEP         FIRST   
  NO.   NAME      VALUE            ERROR          SIZE      DERIVATIVE 
   1  norm         5.59004e+05   2.20018e+01   2.66554e+00   6.31981e-02
   2  Q            5.64986e-01   1.56588e-06   1.00000e-03   1.94277e+05
   3  theta       -1.04481e-02   1.18206e-03   1.01200e-01  -1.50839e+02
   4  pileup       9.99683e-04   9.24363e-08   1.00000e-02   4.42811e+06
 EIGENVALUES OF SECOND-DERIVATIVE MATRIX:
        -7.6281e-02  6.9895e-02  1.3398e+00  2.6666e+00
 MINUIT WARNING IN MIGRAD  
 ============== MATRIX FORCED POS-DEF BY ADDING 0.078948 TO DIAGONAL.
 EIGENVALUES OF SECOND-DERIVATIVE MATRIX:
        -4.6525e-06  4.4674e-03  8.8069e-01  3.1149e+00
 MINUIT WARNING IN MIGRAD  
 ============== MATRIX FORCED POS-DEF BY ADDING 0.003120 TO DIAGONAL.
 MIGRAD FAILS TO FIND IMPROVEMENT
 MIGRAD TERMINATED WITHOUT CONVERGENCE.
 FCN=-2.37858e+11 FROM MIGRAD    STATUS=FAILED        104 CALLS         313 TOTAL
                     EDM=823495    STRATEGY= 1      ERR MATRIX NOT POS-DEF
  EXT PARAMETER                APPROXIMATE        STEP         FIRST   
  NO.   NAME      VALUE            ERROR          SIZE      DERIVATIVE 
   1  norm         5.59002e+05   1.08590e+01  -0.00000e+00  -1.12752e-02
   2  Q            5.64986e-01   1.72210e-07   0.00000e+00  -1.18707e+09
   3  theta       -1.03738e-02   2.04623e-04   0.00000e+00  -1.00991e+06
   4  pileup       9.99680e-04   8.70026e-08   0.00000e+00  -2.61777e+07
 EXTERNAL ERROR MATRIX.    NDIM=  25    NPAR=  4    ERR DEF=1
  1.179e+02 -4.832e-07  5.739e-04 -3.971e-07 
 -4.832e-07  2.966e-14 -3.513e-11  1.466e-14 
  5.739e-04 -3.513e-11  4.187e-08 -1.742e-11 
 -3.971e-07  1.466e-14 -1.742e-11  7.569e-15 
ERR MATRIX NOT POS-DEF
 PARAMETER  CORRELATION COEFFICIENTS  
       NO.  GLOBAL      1      2      3      4
        1  0.86448   1.000 -0.258  0.258 -0.420
        2  0.99723  -0.258  1.000 -0.997  0.979
        3  0.99723   0.258 -0.997  1.000 -0.978
        4  0.99443  -0.420  0.979 -0.978  1.000
 ERR MATRIX NOT POS-DEF
 **********
 **    4 **MIGRAD 
 **********
 START MIGRAD MINIMIZATION.  STRATEGY  1.  CONVERGENCE WHEN EDM .LT. 1.00e-04
 FCN=-2.37858e+11 FROM MIGRAD    STATUS=INITIATE       16 CALLS         329 TOTAL
                     EDM=2.18656    STRATEGY= 1      ERR MATRIX NOT POS-DEF
  EXT PARAMETER                APPROXIMATE        STEP         FIRST   
  NO.   NAME      VALUE            ERROR          SIZE      DERIVATIVE 
   1  norm         5.59002e+05   1.08590e+01  -0.00000e+00  -1.73793e-02
   2  Q            5.64986e-01   1.72210e-07   0.00000e+00  -3.67333e+04
   3  theta       -1.03738e-02   2.04623e-04   0.00000e+00  -1.89187e+04
   4  pileup       9.99680e-04   8.70026e-08   0.00000e+00  -2.61778e+07
 MIGRAD FAILS TO FIND IMPROVEMENT
 MACHINE ACCURACY LIMITS FURTHER IMPROVEMENT.
 MIGRAD MINIMIZATION HAS CONVERGED.
 MIGRAD WILL VERIFY CONVERGENCE AND ERROR MATRIX.
 COVARIANCE MATRIX CALCULATED SUCCESSFULLY
 FCN=-2.37858e+11 FROM HESSE     STATUS=OK             31 CALLS         391 TOTAL
                     EDM=0.0368014    STRATEGY= 1      ERROR MATRIX ACCURATE 
  EXT PARAMETER                                   STEP         FIRST   
  NO.   NAME      VALUE            ERROR          SIZE      DERIVATIVE 
   1  norm         5.59002e+05   8.83627e+00   1.72592e+03  -1.74916e-02
   2  Q            5.64986e-01   5.82734e-07   5.54899e-04  -5.61377e+04
   3  theta       -1.03434e-02   4.12677e-04   3.09787e-01  -6.27462e+02
   4  pileup       9.99668e-04   1.03562e-07   2.09841e-05  -6.16885e+05
 MINUIT WARNING IN MIGRAD  
 ============== Negative diagonal element 3 in Error Matrix
 MINUIT WARNING IN MIGRAD  
 ============== 1 added to diagonal of error matrix
 MIGRAD FAILS TO FIND IMPROVEMENT
 MACHINE ACCURACY LIMITS FURTHER IMPROVEMENT.
 MIGRAD MINIMIZATION HAS CONVERGED.
 FCN=-2.37858e+11 FROM MIGRAD    STATUS=CONVERGED     101 CALLS         414 TOTAL
                     EDM=24.6348    STRATEGY= 1  ERROR MATRIX UNCERTAINTY   5.6 per cent
  EXT PARAMETER                                   STEP         FIRST   
  NO.   NAME      VALUE            ERROR          SIZE      DERIVATIVE 
   1  norm         5.59002e+05   8.04319e+00   0.00000e+00  -5.67505e-03
   2  Q            5.64986e-01   1.00000e+00  -0.00000e+00   1.25442e+04
   3  theta       -1.03162e-02   1.00000e+00   0.00000e+00  -2.37683e+04
   4  pileup       9.99670e-04   1.00000e+00   0.00000e+00  -4.01429e+06
 EXTERNAL ERROR MATRIX.    NDIM=  25    NPAR=  4    ERR DEF=1
  6.469e+01 -8.725e-07  1.980e-05 -1.827e-07 
 -8.725e-07  1.000e+00  1.161e-12 -1.878e-14 
  1.980e-05  1.161e-12  1.000e+00 -1.784e-12 
 -1.827e-07 -1.878e-14 -1.784e-12  1.000e+00 
 PARAMETER  CORRELATION COEFFICIENTS  
       NO.  GLOBAL      1      2      3      4
        1  0.00000   1.000 -0.000  0.000 -0.000
        2  0.00000  -0.000  1.000  0.000 -0.000
        3  0.00000   0.000  0.000  1.000 -0.000
        4  0.00000  -0.000 -0.000 -0.000  1.000
status of the fit-----000------0
1  559002
2  0.564986
3  -0.0103162
4  0.00099967
 PARAMETER DEFINITIONS:
    NO.   NAME         VALUE      STEP SIZE      LIMITS
     1 norm         5.59002e+05  1.00000e-01     no limits
     2 Q            5.64986e-01  1.00000e-01     no limits
     3 theta       -1.03162e-02  1.00000e-01     no limits
     4 pileup       9.99670e-04  1.00000e-01     no limits
 **********
 **    5 **MIGRAD
 **********
 FIRST CALL TO USER FUNCTION AT NEW START POINT, WITH IFLAG=4.
 START MIGRAD MINIMIZATION.  STRATEGY  1.  CONVERGENCE WHEN EDM .LT. 1.00e-04
 FCN=-2.37858e+11 FROM MIGRAD    STATUS=INITIATE       18 CALLS         433 TOTAL
                     EDM= unknown      STRATEGY= 1      NO ERROR MATRIX       
  EXT PARAMETER               CURRENT GUESS       STEP         FIRST   
  NO.   NAME      VALUE            ERROR          SIZE      DERIVATIVE 
   1  norm         5.59002e+05   1.00000e-01   1.00000e-01   4.67690e-03
   2  Q            5.64986e-01   1.00000e-01   1.00000e-01   5.94062e+06
   3  theta       -1.03162e-02   1.00000e-01   1.00000e-01  -7.04512e+04
   4  pileup       9.99670e-04   1.00000e-01   1.00000e-01  -9.17958e+11
 MIGRAD FAILS TO FIND IMPROVEMENT
 COVARIANCE MATRIX CALCULATED SUCCESSFULLY
 FCN=-2.37858e+11 FROM HESSE     STATUS=OK             29 CALLS         473 TOTAL
                     EDM=0.0263822    STRATEGY= 1      ERROR MATRIX ACCURATE 
  EXT PARAMETER                                   STEP         FIRST   
  NO.   NAME      VALUE            ERROR          SIZE      DERIVATIVE 
   1  norm         5.59002e+05   2.20647e+01   2.66553e+00   4.66545e-03
   2  Q            5.64986e-01   1.57246e-06   1.00000e-03   1.24828e+04
   3  theta       -1.03162e-02   1.18605e-03   1.01245e-01  -2.33214e+02
   4  pileup       9.99670e-04   9.24363e-08   1.00000e-02  -5.03892e+04
 EIGENVALUES OF SECOND-DERIVATIVE MATRIX:
        -9.7571e-02  7.0517e-02  1.5051e+00  2.5220e+00
 MINUIT WARNING IN MIGRAD  
 ============== MATRIX FORCED POS-DEF BY ADDING 0.100093 TO DIAGONAL.
 MIGRAD FAILS TO FIND IMPROVEMENT
 MIGRAD TERMINATED WITHOUT CONVERGENCE.
 FCN=-2.37858e+11 FROM MIGRAD    STATUS=FAILED        105 CALLS         520 TOTAL
                     EDM=766542    STRATEGY= 1      ERR MATRIX NOT POS-DEF
  EXT PARAMETER                APPROXIMATE        STEP         FIRST   
  NO.   NAME      VALUE            ERROR          SIZE      DERIVATIVE 
   1  norm         5.59002e+05   1.16749e+01  -0.00000e+00  -1.39053e-02
   2  Q            5.64986e-01   1.73479e-07   0.00000e+00  -1.18721e+09
   3  theta       -1.02601e-02   2.07561e-04  -0.00000e+00  -1.00302e+06
   4  pileup       9.99670e-04   8.75237e-08   0.00000e+00  -2.83286e+07
 EXTERNAL ERROR MATRIX.    NDIM=  25    NPAR=  4    ERR DEF=1
  1.363e+02 -6.636e-07  7.939e-04 -3.779e-07 
 -6.636e-07  3.010e-14 -3.601e-11  1.513e-14 
  7.939e-04 -3.601e-11  4.308e-08 -1.810e-11 
 -3.779e-07  1.513e-14 -1.810e-11  7.660e-15 
ERR MATRIX NOT POS-DEF
 PARAMETER  CORRELATION COEFFICIENTS  
       NO.  GLOBAL      1      2      3      4
        1  0.59644   1.000 -0.328  0.328 -0.370
        2  1.00000  -0.328  1.000 -1.000  0.996
        3  1.00000   0.328 -1.000  1.000 -0.996
        4  0.99725  -0.370  0.996 -0.996  1.000
 ERR MATRIX NOT POS-DEF
 **********
 **    6 **MIGRAD 
 **********
 START MIGRAD MINIMIZATION.  STRATEGY  1.  CONVERGENCE WHEN EDM .LT. 1.00e-04
 FCN=-2.37858e+11 FROM MIGRAD    STATUS=INITIATE       16 CALLS         536 TOTAL
                     EDM=1.43255    STRATEGY= 1      ERR MATRIX NOT POS-DEF
  EXT PARAMETER                APPROXIMATE        STEP         FIRST   
  NO.   NAME      VALUE            ERROR          SIZE      DERIVATIVE 
   1  norm         5.59002e+05   1.16749e+01  -0.00000e+00  -2.00073e-02
   2  Q            5.64986e-01   1.73479e-07   0.00000e+00  -4.49650e+04
   3  theta       -1.02601e-02   2.07561e-04  -0.00000e+00  -1.86220e+04
   4  pileup       9.99670e-04   8.75237e-08   0.00000e+00  -2.83288e+07
 MIGRAD FAILS TO FIND IMPROVEMENT
 MACHINE ACCURACY LIMITS FURTHER IMPROVEMENT.
 MIGRAD MINIMIZATION HAS CONVERGED.
 MIGRAD WILL VERIFY CONVERGENCE AND ERROR MATRIX.
 COVARIANCE MATRIX CALCULATED SUCCESSFULLY
 FCN=-2.37858e+11 FROM HESSE     STATUS=OK             31 CALLS         638 TOTAL
                     EDM=0.0293068    STRATEGY= 1      ERROR MATRIX ACCURATE 
  EXT PARAMETER                                   STEP         FIRST   
  NO.   NAME      VALUE            ERROR          SIZE      DERIVATIVE 
   1  norm         5.59002e+05   8.81469e+00   1.72592e+03   3.73752e-04
   2  Q            5.64986e-01   5.79389e-07   5.54899e-04  -5.41812e+02
   3  theta       -1.02520e-02   4.62772e-04   2.73474e-01  -7.31037e+02
   4  pileup       9.99667e-04   1.03292e-07   2.09839e-05  -2.10969e+05
 MINUIT WARNING IN MIGRAD  
 ============== Negative diagonal element 3 in Error Matrix
 MINUIT WARNING IN MIGRAD  
 ============== 1 added to diagonal of error matrix
 MIGRAD FAILS TO FIND IMPROVEMENT
 MACHINE ACCURACY LIMITS FURTHER IMPROVEMENT.
 MIGRAD MINIMIZATION HAS CONVERGED.
 FCN=-2.37858e+11 FROM MIGRAD    STATUS=CONVERGED     140 CALLS         660 TOTAL
                     EDM=50.09    STRATEGY= 1  ERROR MATRIX UNCERTAINTY   5.6 per cent
  EXT PARAMETER                                   STEP         FIRST   
  NO.   NAME      VALUE            ERROR          SIZE      DERIVATIVE 
   1  norm         5.59002e+05   8.03048e+00  -0.00000e+00  -1.64466e-03
   2  Q            5.64986e-01   1.00000e+00  -0.00000e+00   2.51108e+04
   3  theta       -1.02354e-02   1.00000e+00   0.00000e+00  -3.03792e+04
   4  pileup       9.99668e-04   1.00000e+00   0.00000e+00  -4.22965e+06
 EXTERNAL ERROR MATRIX.    NDIM=  25    NPAR=  4    ERR DEF=1
  6.449e+01 -8.886e-07  1.045e-05 -1.794e-07 
 -8.886e-07  1.000e+00  1.915e-12 -1.838e-14 
  1.045e-05  1.915e-12  1.000e+00 -1.434e-12 
 -1.794e-07 -1.838e-14 -1.434e-12  1.000e+00 
 PARAMETER  CORRELATION COEFFICIENTS  
       NO.  GLOBAL      1      2      3      4
        1  0.00000   1.000 -0.000  0.000 -0.000
        2  0.00000  -0.000  1.000  0.000 -0.000
        3  0.00000   0.000  0.000  1.000 -0.000
        4  0.00000  -0.000 -0.000 -0.000  1.000
status of the fit-----000------0
1  559002
2  0.564986
3  -0.0102354
4  0.000999668
 **********
 **    8 **SET PRINT           2
 **********
 **********
 **    9 **SET NOGRAD
 **********
 PARAMETER DEFINITIONS:
    NO.   NAME         VALUE      STEP SIZE      LIMITS
     1 p0           5.58000e+05  1.67400e+05     no limits
     2 p1           5.65000e-01  1.69500e-01     no limits
     3 p2           0.00000e+00  3.00000e-01     no limits
     4 p3           9.99871e-04  2.99961e-04     no limits
 **********
 **   10 **SET ERR         0.5
 **********
 **********
 **   11 **SET PRINT           2
 **********
 **********
 **   12 **SET STR           1
 **********
 NOW USING STRATEGY  1: TRY TO BALANCE SPEED AGAINST RELIABILITY
 **********
 **   13 **MIGRAD        1480        0.01
 **********
 FIRST CALL TO USER FUNCTION AT NEW START POINT, WITH IFLAG=4.
 START MIGRAD MINIMIZATION.  STRATEGY  1.  CONVERGENCE WHEN EDM .LT. 1.00e-05
 FCN=17288.4 FROM MIGRAD    STATUS=INITIATE       18 CALLS          19 TOTAL
                     EDM= unknown      STRATEGY= 1      NO ERROR MATRIX       
  EXT PARAMETER               CURRENT GUESS       STEP         FIRST   
  NO.   NAME      VALUE            ERROR          SIZE      DERIVATIVE 
   1  p0           5.58000e+05   1.67400e+05   1.67400e+05  -3.62525e+01
   2  p1           5.65000e-01   1.69500e-01   1.69500e-01  -1.12532e+08
   3  p2           0.00000e+00   3.00000e-01   3.00000e-01   0.00000e+00
   4  p3           9.99871e-04   2.99961e-04   2.99961e-04  -1.00239e+09
                               ERR DEF= 0.5
NO ERROR MATRIX       
 FCN=471.337 FROM MIGRAD    STATUS=PROGRESS       34 CALLS          35 TOTAL
                     EDM=1305.06    STRATEGY= 1      NO ERROR MATRIX       
  EXT PARAMETER               CURRENT GUESS       STEP         FIRST   
  NO.   NAME      VALUE            ERROR          SIZE      DERIVATIVE 
   1  p0           5.58439e+05   1.67400e+05   4.38869e+02  -8.19431e-01
   2  p1           5.65142e-01   1.69500e-01   1.41522e-04  -2.51526e+06
   3  p2           0.00000e+00   3.00000e-01  -0.00000e+00   0.00000e+00
   4  p3           1.00167e-03   2.99961e-04   1.79902e-06   3.98998e+08
                               ERR DEF= 0.5
 MIGRAD MINIMIZATION HAS CONVERGED.
 MIGRAD WILL VERIFY CONVERGENCE AND ERROR MATRIX.
   START COVARIANCE MATRIX CALCULATION.
 EIGENVALUES OF SECOND-DERIVATIVE MATRIX:
         1.5101e-03  8.1287e-01  1.0015e+00  2.1841e+00
 COVARIANCE MATRIX CALCULATED SUCCESSFULLY
 FCN=70.3851 FROM MIGRAD    STATUS=CONVERGED     155 CALLS         156 TOTAL
                     EDM=6.72691e-06    STRATEGY= 1      ERROR MATRIX ACCURATE 
  EXT PARAMETER                                   STEP         FIRST   
  NO.   NAME      VALUE            ERROR          SIZE      DERIVATIVE 
   1  p0           5.59751e+05   9.30864e+01   2.66910e-01   7.70441e-05
   2  p1           5.64743e-01   3.00456e-05   2.69291e-07   2.17030e+02
   3  p2           0.00000e+00   6.52334e-03   3.88339e-05   0.00000e+00
   4  p3           9.99840e-04   6.68128e-08   4.76761e-10  -3.73775e+04
                               ERR DEF= 0.5
 EXTERNAL ERROR MATRIX.    NDIM=  25    NPAR=  4    ERR DEF=0.5
  8.665e+03 -2.792e-03  1.467e-01  1.348e-06 
 -2.792e-03  9.027e-10 -4.737e-08 -4.728e-13 
  1.467e-01 -4.737e-08  4.255e-05  3.298e-11 
  1.348e-06 -4.728e-13  3.298e-11  4.464e-15 
 PARAMETER  CORRELATION COEFFICIENTS  
       NO.  GLOBAL      1      2      3      4
        1  0.99848   1.000 -0.998  0.242  0.217
        2  0.99850  -0.998  1.000 -0.242 -0.236
        3  0.24283   0.242 -0.242  1.000  0.076
        4  0.39481   0.217 -0.236  0.076  1.000
 EXTERNAL ERROR MATRIX.    NDIM=   4    NPAR=  4    ERR DEF=0.5
  8.665e+03 -2.792e-03  1.467e-01  1.348e-06 
 -2.792e-03  9.027e-10 -4.737e-08 -4.728e-13 
  1.467e-01 -4.737e-08  4.255e-05  3.298e-11 
  1.348e-06 -4.728e-13  3.298e-11  4.464e-15 
 FCN=70.3851 FROM MIGRAD    STATUS=CONVERGED     155 CALLS         156 TOTAL
                     EDM=6.72691e-06    STRATEGY= 1      ERROR MATRIX ACCURATE 
  EXT PARAMETER                  PARABOLIC         MINOS ERRORS        
  NO.   NAME      VALUE            ERROR      NEGATIVE      POSITIVE   
   1  p0           5.59751e+05   9.30864e+01                            
   2  p1           5.64743e-01   3.00456e-05                            
   3  p2           0.00000e+00   6.52334e-03                            
   4  p3           9.99840e-04   6.68128e-08                            
                               ERR DEF= 0.5
------------------------------------------
Enering ROOFIt-------
 PARAMETER DEFINITIONS:
    NO.   NAME         VALUE      STEP SIZE      LIMITS
     1 norm         5.59751e+05  1.00000e-01     no limits
     2 Q            5.65000e-01  1.00000e-01     no limits
     3 theta        0.00000e+00  1.00000e-01     no limits
     4 pileup       9.99840e-04  1.00000e-01     no limits
 **********
 **    1 **MIGRAD
 **********
 FIRST CALL TO USER FUNCTION AT NEW START POINT, WITH IFLAG=4.
 START MIGRAD MINIMIZATION.  STRATEGY  1.  CONVERGENCE WHEN EDM .LT. 1.00e-04
 FCN=-2.3786e+11 FROM MIGRAD    STATUS=INITIATE       41 CALLS          42 TOTAL
                     EDM= unknown      STRATEGY= 1      NO ERROR MATRIX       
  EXT PARAMETER               CURRENT GUESS       STEP         FIRST   
  NO.   NAME      VALUE            ERROR          SIZE      DERIVATIVE 
   1  norm         5.59751e+05   1.00000e-01   0.00000e+00   8.51180e+00
   2  Q            5.65000e-01   1.00000e-01   0.00000e+00   2.55103e+07
   3  theta        1.00000e-01   1.00000e-01   1.00000e-01   7.41786e+05
   4  pileup       9.99840e-04   1.00000e-01   0.00000e+00  -7.35568e+08
 MIGRAD FAILS TO FIND IMPROVEMENT
 EIGENVALUES OF SECOND-DERIVATIVE MATRIX:
        -3.5524e-02  6.5025e-01  9.8229e-01  2.4030e+00
 MINUIT WARNING IN HESSE   
 ============== MATRIX FORCED POS-DEF BY ADDING 0.037927 TO DIAGONAL.
 FCN=-2.3786e+11 FROM HESSE     STATUS=NOT POSDEF     27 CALLS         100 TOTAL
                     EDM=234417    STRATEGY= 1      ERR MATRIX NOT POS-DEF
  EXT PARAMETER                APPROXIMATE        STEP         FIRST   
  NO.   NAME      VALUE            ERROR          SIZE      DERIVATIVE 
   1  norm         5.59478e+05   7.77230e+01   2.66910e+02   8.01251e+00
   2  Q            5.64917e-01   3.69044e-07   5.53879e-04   2.49079e+07
   3  theta        5.16413e-02   8.40518e-03   1.03606e-01  -2.37077e+04
   4  pileup       1.00331e-03   7.19790e-07   2.09606e-05   7.61673e+08
 EIGENVALUES OF SECOND-DERIVATIVE MATRIX:
        -3.6432e-01 -2.2048e-02  4.2536e-01  3.9610e+00
 MINUIT WARNING IN MIGRAD  
 ============== MATRIX FORCED POS-DEF BY ADDING 0.368282 TO DIAGONAL.
 MIGRAD FAILS TO FIND IMPROVEMENT
 MIGRAD TERMINATED WITHOUT CONVERGENCE.
 FCN=-2.3786e+11 FROM MIGRAD    STATUS=FAILED        158 CALLS         159 TOTAL
                     EDM=120910    STRATEGY= 1      ERR MATRIX NOT POS-DEF
  EXT PARAMETER                APPROXIMATE        STEP         FIRST   
  NO.   NAME      VALUE            ERROR          SIZE      DERIVATIVE 
   1  norm         5.59207e+05   1.60563e+01  -0.00000e+00  -1.43888e+00
   2  Q            5.64916e-01   8.97302e-08  -0.00000e+00  -4.30612e+06
   3  theta        2.96598e-02   8.37239e-04  -0.00000e+00   2.50132e+05
   4  pileup       1.00050e-03   1.74922e-07  -0.00000e+00   3.44461e+06
 EXTERNAL ERROR MATRIX.    NDIM=  25    NPAR=  4    ERR DEF=1
  2.578e+02  1.195e-06  1.106e-02  1.101e-06 
  1.195e-06  8.052e-15  7.528e-11  1.321e-14 
  1.106e-02  7.528e-11  7.010e-07  1.233e-10 
  1.101e-06  1.321e-14  1.233e-10  3.060e-14 
ERR MATRIX NOT POS-DEF
 PARAMETER  CORRELATION COEFFICIENTS  
       NO.  GLOBAL      1      2      3      4
        1  0.99232   1.000  0.829  0.823  0.392
        2  1.00238   0.829  1.000  1.002  0.842
        3  0.99643   0.823  1.002  1.000  0.842
        4  0.99319   0.392  0.842  0.842  1.000
 ERR MATRIX NOT POS-DEF
 **********
 **    2 **MIGRAD 
 **********
 START MIGRAD MINIMIZATION.  STRATEGY  1.  CONVERGENCE WHEN EDM .LT. 1.00e-04
 FCN=-2.3786e+11 FROM MIGRAD    STATUS=INITIATE       12 CALLS         171 TOTAL
                     EDM=1517.98    STRATEGY= 1      ERR MATRIX NOT POS-DEF
  EXT PARAMETER                APPROXIMATE        STEP         FIRST   
  NO.   NAME      VALUE            ERROR          SIZE      DERIVATIVE 
   1  norm         5.59207e+05   1.60563e+01  -0.00000e+00  -1.43887e+00
   2  Q            5.64916e-01   8.97302e-08  -0.00000e+00  -4.07262e+09
   3  theta        2.96598e-02   8.37239e-04  -0.00000e+00   4.16157e+05
   4  pileup       1.00050e-03   1.74922e-07  -0.00000e+00   3.45984e+06
 MINUIT WARNING IN MIGRAD  
 ============== Negative diagonal element 3 in Error Matrix
 MINUIT WARNING IN MIGRAD  
 ============== 1 added to diagonal of error matrix
 MIGRAD FAILS TO FIND IMPROVEMENT
 COVARIANCE MATRIX CALCULATED SUCCESSFULLY
 FCN=-2.3786e+11 FROM HESSE     STATUS=OK             31 CALLS         243 TOTAL
                     EDM=58.2911    STRATEGY= 1      ERROR MATRIX ACCURATE 
  EXT PARAMETER                                   STEP         FIRST   
  NO.   NAME      VALUE            ERROR          SIZE      DERIVATIVE 
   1  norm         5.59256e+05   1.36846e+01   1.72668e+03   1.46356e-01
   2  Q            5.64916e-01   3.69831e-07   5.54531e-04   4.22859e+05
   3  theta        3.03137e-02   1.24450e-03   1.36311e-01   9.43773e+03
   4  pileup       1.00027e-03   1.39229e-07   2.09945e-05   1.73589e+07
 MINUIT WARNING IN MIGRAD  
 ============== Negative diagonal element 3 in Error Matrix
 MINUIT WARNING IN MIGRAD  
 ============== 1 added to diagonal of error matrix
 MIGRAD FAILS TO FIND IMPROVEMENT
 MACHINE ACCURACY LIMITS FURTHER IMPROVEMENT.
 MIGRAD MINIMIZATION HAS CONVERGED.
 MIGRAD WILL VERIFY CONVERGENCE AND ERROR MATRIX.
 EIGENVALUES OF SECOND-DERIVATIVE MATRIX:
        -5.6576e-04  1.0335e-01  8.4722e-01  3.0500e+00
 MINUIT WARNING IN HESSE   
 ============== MATRIX FORCED POS-DEF BY ADDING 0.003616 TO DIAGONAL.
 MIGRAD TERMINATED WITHOUT CONVERGENCE.
 FCN=-2.3786e+11 FROM MIGRAD    STATUS=FAILED        132 CALLS         291 TOTAL
                     EDM=84.9084    STRATEGY= 1      ERR MATRIX NOT POS-DEF
  EXT PARAMETER                APPROXIMATE        STEP         FIRST   
  NO.   NAME      VALUE            ERROR          SIZE      DERIVATIVE 
   1  norm         5.59232e+05   9.07065e+01   6.90672e+02  -6.67711e-01
   2  Q            5.64916e-01   3.05595e-05   8.69738e-05  -2.10725e+06
   3  theta        2.77732e-02   2.47312e-03   5.45244e-02   1.02887e+04
   4  pileup       1.00004e-03   1.45457e-07   8.39781e-06  -4.28416e+07
 EXTERNAL ERROR MATRIX.    NDIM=  25    NPAR=  4    ERR DEF=1
  8.228e+03 -2.740e-03 -6.365e-02 -2.791e-06 
 -2.740e-03  9.339e-10  3.052e-08  1.272e-12 
 -6.365e-02  3.052e-08  6.116e-06  2.755e-10 
 -2.791e-06  1.272e-12  2.755e-10  2.116e-14 
ERR MATRIX NOT POS-DEF
 PARAMETER  CORRELATION COEFFICIENTS  
       NO.  GLOBAL      1      2      3      4
        1  0.99681   1.000 -0.988 -0.284 -0.212
        2  0.99710  -0.988  1.000  0.404  0.286
        3  0.92930  -0.284  0.404  1.000  0.766
        4  0.79637  -0.212  0.286  0.766  1.000
 ERR MATRIX NOT POS-DEF
status of the fit-----000------4
1  559232
2  0.564916
3  0.0277732
4  0.00100004
 PARAMETER DEFINITIONS:
    NO.   NAME         VALUE      STEP SIZE      LIMITS
     1 norm         5.59232e+05  1.00000e-01     no limits
     2 Q            5.64916e-01  1.00000e-01     no limits
     3 theta        2.77732e-02  1.00000e-01     no limits
     4 pileup       1.00004e-03  1.00000e-01     no limits
 **********
 **    3 **MIGRAD
 **********
 FIRST CALL TO USER FUNCTION AT NEW START POINT, WITH IFLAG=4.
 START MIGRAD MINIMIZATION.  STRATEGY  1.  CONVERGENCE WHEN EDM .LT. 1.00e-04
 FCN=-2.3786e+11 FROM MIGRAD    STATUS=INITIATE       18 CALLS         310 TOTAL
                     EDM= unknown      STRATEGY= 1      NO ERROR MATRIX       
  EXT PARAMETER               CURRENT GUESS       STEP         FIRST   
  NO.   NAME      VALUE            ERROR          SIZE      DERIVATIVE 
   1  norm         5.59232e+05   1.00000e-01   1.00000e-01  -6.67275e-01
   2  Q            5.64916e-01   1.00000e-01   1.00000e-01  -1.61183e+07
   3  theta        2.77732e-02   1.00000e-01   1.00000e-01   2.33877e+05
   4  pileup       1.00004e-03   1.00000e-01   1.00000e-01  -9.18102e+11
 MIGRAD FAILS TO FIND IMPROVEMENT
 EIGENVALUES OF SECOND-DERIVATIVE MATRIX:
        -1.4363e-01  2.3755e-01  9.1640e-01  2.9897e+00
 MINUIT WARNING IN HESSE   
 ============== MATRIX FORCED POS-DEF BY ADDING 0.146622 TO DIAGONAL.
 FCN=-2.3786e+11 FROM HESSE     STATUS=NOT POSDEF     29 CALLS         350 TOTAL
                     EDM=1404.9    STRATEGY= 1      ERR MATRIX NOT POS-DEF
  EXT PARAMETER                APPROXIMATE        STEP         FIRST   
  NO.   NAME      VALUE            ERROR          SIZE      DERIVATIVE 
   1  norm         5.59232e+05   2.56637e+01   2.66663e+00  -6.67372e-01
   2  Q            5.64916e-01   5.99202e-06   1.00000e-03  -2.10724e+06
   3  theta        2.77732e-02   6.99366e-03   1.09654e-01   1.05567e+04
   4  pileup       1.00004e-03   9.75781e-08   1.00000e-02  -4.34264e+07
 EIGENVALUES OF SECOND-DERIVATIVE MATRIX:
        -2.1814e+00  6.1133e-02  1.0374e+00  5.0829e+00
 MINUIT WARNING IN MIGRAD  
 ============== MATRIX FORCED POS-DEF BY ADDING 2.186464 TO DIAGONAL.
 MIGRAD FAILS TO FIND IMPROVEMENT
 MACHINE ACCURACY LIMITS FURTHER IMPROVEMENT.
 MIGRAD MINIMIZATION HAS CONVERGED.
 MIGRAD WILL VERIFY CONVERGENCE AND ERROR MATRIX.
 EIGENVALUES OF SECOND-DERIVATIVE MATRIX:
        -5.4885e-04  1.0651e-01  8.4721e-01  3.0468e+00
 MINUIT WARNING IN HESSE   
 ============== MATRIX FORCED POS-DEF BY ADDING 0.003596 TO DIAGONAL.
 MIGRAD TERMINATED WITHOUT CONVERGENCE.
 FCN=-2.3786e+11 FROM MIGRAD    STATUS=FAILED        148 CALLS         440 TOTAL
                     EDM=19.5112    STRATEGY= 1      ERR MATRIX NOT POS-DEF
  EXT PARAMETER                APPROXIMATE        STEP         FIRST   
  NO.   NAME      VALUE            ERROR          SIZE      DERIVATIVE 
   1  norm         5.59259e+05   9.08994e+01   5.33326e+02   6.56800e-02
   2  Q            5.64904e-01   3.05492e-05   8.68118e-05   1.96698e+05
   3  theta        1.50390e-02   2.75055e-03   6.68596e-02   1.04682e+03
   4  pileup       1.00001e-03   1.43412e-07   2.09876e-05   2.15232e+07
 EXTERNAL ERROR MATRIX.    NDIM=  25    NPAR=  4    ERR DEF=1
  8.263e+03 -2.745e-03 -6.786e-02 -2.629e-06 
 -2.745e-03  9.333e-10  3.280e-08  1.201e-12 
 -6.786e-02  3.280e-08  7.565e-06  2.991e-10 
 -2.629e-06  1.201e-12  2.991e-10  2.057e-14 
ERR MATRIX NOT POS-DEF
 PARAMETER  CORRELATION COEFFICIENTS  
       NO.  GLOBAL      1      2      3      4
        1  0.99682   1.000 -0.989 -0.271 -0.202
        2  0.99710  -0.989  1.000  0.390  0.274
        3  0.92645  -0.271  0.390  1.000  0.758
        4  0.78975  -0.202  0.274  0.758  1.000
 ERR MATRIX NOT POS-DEF
 **********
 **    4 **MIGRAD 
 **********
 START MIGRAD MINIMIZATION.  STRATEGY  1.  CONVERGENCE WHEN EDM .LT. 1.00e-04
 FCN=-2.3786e+11 FROM MIGRAD    STATUS=INITIATE        8 CALLS         448 TOTAL
                     EDM=156.941    STRATEGY= 1      ERR MATRIX NOT POS-DEF
  EXT PARAMETER                APPROXIMATE        STEP         FIRST   
  NO.   NAME      VALUE            ERROR          SIZE      DERIVATIVE 
   1  norm         5.59259e+05   9.08994e+01   5.33326e+02   6.46950e-02
   2  Q            5.64904e-01   3.05492e-05   8.68118e-05   1.96770e+05
   3  theta        1.50390e-02   2.75055e-03   6.68596e-02   8.14745e+03
   4  pileup       1.00001e-03   1.43412e-07   2.09876e-05   1.70138e+07
 MIGRAD FAILS TO FIND IMPROVEMENT
 MACHINE ACCURACY LIMITS FURTHER IMPROVEMENT.
 MIGRAD MINIMIZATION HAS CONVERGED.
 MIGRAD WILL VERIFY CONVERGENCE AND ERROR MATRIX.
 COVARIANCE MATRIX CALCULATED SUCCESSFULLY
 FCN=-2.3786e+11 FROM HESSE     STATUS=OK             31 CALLS         658 TOTAL
                     EDM=0.773504    STRATEGY= 1      ERROR MATRIX ACCURATE 
  EXT PARAMETER                                   STEP         FIRST   
  NO.   NAME      VALUE            ERROR          SIZE      DERIVATIVE 
   1  norm         5.59278e+05   1.02380e+01   1.72680e+03  -1.34334e-01
   2  Q            5.64896e-01   3.68941e-07   5.54787e-04  -4.24365e+05
   3  theta        1.28512e-02   7.29281e-04   1.72969e-01   1.34844e+03
   4  pileup       9.99960e-04   1.11864e-07   2.09870e-05   9.99515e+06
 MINUIT WARNING IN MIGRAD  
 ============== Negative diagonal element 3 in Error Matrix
 MINUIT WARNING IN MIGRAD  
 ============== 1 added to diagonal of error matrix
 MIGRAD FAILS TO FIND IMPROVEMENT
 MACHINE ACCURACY LIMITS FURTHER IMPROVEMENT.
 MIGRAD MINIMIZATION HAS CONVERGED.
 MIGRAD WILL VERIFY CONVERGENCE AND ERROR MATRIX.
 EIGENVALUES OF SECOND-DERIVATIVE MATRIX:
        -4.3388e-04  1.4658e-01  8.4775e-01  3.0061e+00
 MINUIT WARNING IN HESSE   
 ============== MATRIX FORCED POS-DEF BY ADDING 0.003440 TO DIAGONAL.
 MIGRAD TERMINATED WITHOUT CONVERGENCE.
 FCN=-2.3786e+11 FROM MIGRAD    STATUS=FAILED        268 CALLS         708 TOTAL
                     EDM=0.701351    STRATEGY= 1      ERR MATRIX NOT POS-DEF
  EXT PARAMETER                APPROXIMATE        STEP         FIRST   
  NO.   NAME      VALUE            ERROR          SIZE      DERIVATIVE 
   1  norm         5.59281e+05   9.21764e+01   6.90720e+02  -9.74870e-02
   2  Q            5.64896e-01   3.05572e-05   8.67724e-05  -3.10915e+05
   3  theta        1.25954e-02   2.30892e-03   6.91875e-02   1.09111e+03
   4  pileup       9.99878e-04   1.29300e-07   8.39481e-06  -6.92269e+06
 EXTERNAL ERROR MATRIX.    NDIM=  25    NPAR=  4    ERR DEF=1
  8.496e+03 -2.792e-03 -4.950e-02 -1.844e-06 
 -2.792e-03  9.337e-10  2.344e-08  8.053e-13 
 -4.950e-02  2.344e-08  5.331e-06  2.061e-10 
 -1.844e-06  8.053e-13  2.061e-10  1.672e-14 
ERR MATRIX NOT POS-DEF
 PARAMETER  CORRELATION COEFFICIENTS  
       NO.  GLOBAL      1      2      3      4
        1  0.99691   1.000 -0.991 -0.233 -0.155
        2  0.99710  -0.991  1.000  0.332  0.204
        3  0.89579  -0.233  0.332  1.000  0.690
        4  0.73282  -0.155  0.204  0.690  1.000
 ERR MATRIX NOT POS-DEF
status of the fit-----000------4
1  559281
2  0.564896
3  0.0125954
4  0.000999878
 PARAMETER DEFINITIONS:
    NO.   NAME         VALUE      STEP SIZE      LIMITS
     1 norm         5.59281e+05  1.00000e-01     no limits
     2 Q            5.64896e-01  1.00000e-01     no limits
     3 theta        1.25954e-02  1.00000e-01     no limits
     4 pileup       9.99878e-04  1.00000e-01     no limits
 **********
 **    5 **MIGRAD
 **********
 FIRST CALL TO USER FUNCTION AT NEW START POINT, WITH IFLAG=4.
 START MIGRAD MINIMIZATION.  STRATEGY  1.  CONVERGENCE WHEN EDM .LT. 1.00e-04
 FCN=-2.3786e+11 FROM MIGRAD    STATUS=INITIATE       18 CALLS         727 TOTAL
                     EDM= unknown      STRATEGY= 1      NO ERROR MATRIX       
  EXT PARAMETER               CURRENT GUESS       STEP         FIRST   
  NO.   NAME      VALUE            ERROR          SIZE      DERIVATIVE 
   1  norm         5.59281e+05   1.00000e-01   1.00000e-01  -9.75137e-02
   2  Q            5.64896e-01   1.00000e-01   1.00000e-01   2.25148e+06
   3  theta        1.25954e-02   1.00000e-01   1.00000e-01   8.97826e+04
   4  pileup       9.99878e-04   1.00000e-01   1.00000e-01  -9.18057e+11
 MIGRAD FAILS TO FIND IMPROVEMENT
 EIGENVALUES OF SECOND-DERIVATIVE MATRIX:
        -8.0380e-02  2.7373e-01  9.1655e-01  2.8901e+00
 MINUIT WARNING IN HESSE   
 ============== MATRIX FORCED POS-DEF BY ADDING 0.083270 TO DIAGONAL.
 FCN=-2.3786e+11 FROM HESSE     STATUS=NOT POSDEF     29 CALLS         767 TOTAL
                     EDM=27.1766    STRATEGY= 1      ERR MATRIX NOT POS-DEF
  EXT PARAMETER                APPROXIMATE        STEP         FIRST   
  NO.   NAME      VALUE            ERROR          SIZE      DERIVATIVE 
   1  norm         5.59281e+05   4.06631e+01   2.66686e+00  -9.74679e-02
   2  Q            5.64896e-01   6.27157e-06   1.00000e-03  -3.10914e+05
   3  theta        1.25954e-02   7.50407e-03   1.02558e-01   1.16816e+03
   4  pileup       9.99878e-04   9.33772e-08   1.00000e-02  -7.50829e+06
 MINUIT WARNING IN MIGRAD  
 ============== Negative diagonal element 3 in Error Matrix
 MINUIT WARNING IN MIGRAD  
 ============== 1 added to diagonal of error matrix
 MIGRAD FAILS TO FIND IMPROVEMENT
 MACHINE ACCURACY LIMITS FURTHER IMPROVEMENT.
 MIGRAD MINIMIZATION HAS CONVERGED.
 MIGRAD WILL VERIFY CONVERGENCE AND ERROR MATRIX.
 EIGENVALUES OF SECOND-DERIVATIVE MATRIX:
        -2.5030e-04  8.9870e-02  8.4744e-01  3.0629e+00
 MINUIT WARNING IN HESSE   
 ============== MATRIX FORCED POS-DEF BY ADDING 0.003313 TO DIAGONAL.
 MIGRAD TERMINATED WITHOUT CONVERGENCE.
 FCN=-2.3786e+11 FROM MIGRAD    STATUS=FAILED        107 CALLS         816 TOTAL
                     EDM=10.7144    STRATEGY= 1      ERR MATRIX NOT POS-DEF
  EXT PARAMETER                APPROXIMATE        STEP         FIRST   
  NO.   NAME      VALUE            ERROR          SIZE      DERIVATIVE 
   1  norm         5.59291e+05   9.18479e+01   5.33372e+00   1.86568e-01
   2  Q            5.64894e-01   3.01916e-05   1.02987e-04   5.74543e+05
   3  theta        1.07037e-02   4.48902e-03   4.10232e-02   3.59504e+02
   4  pileup       9.99872e-04   1.48041e-07   2.14097e-05   3.70702e+06
 EXTERNAL ERROR MATRIX.    NDIM=  25    NPAR=  4    ERR DEF=1
  8.436e+03 -2.737e-03 -3.749e-02 -9.276e-07 
 -2.737e-03  9.115e-10  3.081e-08  6.992e-13 
 -3.749e-02  3.081e-08  2.015e-05  5.152e-10 
 -9.276e-07  6.992e-13  5.152e-10  2.192e-14 
ERR MATRIX NOT POS-DEF
 PARAMETER  CORRELATION COEFFICIENTS  
       NO.  GLOBAL      1      2      3      4
        1  0.99689   1.000 -0.987 -0.091 -0.068
        2  0.99703  -0.987  1.000  0.227  0.156
        3  0.93138  -0.091  0.227  1.000  0.775
        4  0.80426  -0.068  0.156  0.775  1.000
 ERR MATRIX NOT POS-DEF
 **********
 **    6 **MIGRAD 
 **********
 START MIGRAD MINIMIZATION.  STRATEGY  1.  CONVERGENCE WHEN EDM .LT. 1.00e-04
 FCN=-2.3786e+11 FROM MIGRAD    STATUS=INITIATE        8 CALLS         824 TOTAL
                     EDM=39.1814    STRATEGY= 1      ERR MATRIX NOT POS-DEF
  EXT PARAMETER                APPROXIMATE        STEP         FIRST   
  NO.   NAME      VALUE            ERROR          SIZE      DERIVATIVE 
   1  norm         5.59291e+05   9.18479e+01   5.33372e+00   1.86554e-01
   2  Q            5.64894e-01   3.01916e-05   1.02987e-04   5.74773e+05
   3  theta        1.07037e-02   4.48902e-03   4.10232e-02   2.26311e+03
   4  pileup       9.99872e-04   1.48041e-07   2.14097e-05  -9.87233e+05
 MIGRAD FAILS TO FIND IMPROVEMENT
 COVARIANCE MATRIX CALCULATED SUCCESSFULLY
 FCN=-2.3786e+11 FROM HESSE     STATUS=OK             29 CALLS         882 TOTAL
                     EDM=0.710557    STRATEGY= 1      ERROR MATRIX ACCURATE 
  EXT PARAMETER                                   STEP         FIRST   
  NO.   NAME      VALUE            ERROR          SIZE      DERIVATIVE 
   1  norm         5.59296e+05   9.83661e+00   1.06674e+02  -1.03418e-01
   2  Q            5.64890e-01   3.68967e-07   5.54815e-04  -3.27230e+05
   3  theta        7.89300e-03   7.31677e-04   1.62953e-01   6.74227e+02
   4  pileup       9.99803e-04   1.08612e-07   2.09872e-05  -1.52610e+07
 EIGENVALUES OF SECOND-DERIVATIVE MATRIX:
        -5.5221e-02  6.7276e-01  1.2880e+00  2.0945e+00
 MINUIT WARNING IN MIGRAD  
 ============== MATRIX FORCED POS-DEF BY ADDING 0.057315 TO DIAGONAL.
 MIGRAD FAILS TO FIND IMPROVEMENT
 MACHINE ACCURACY LIMITS FURTHER IMPROVEMENT.
 MIGRAD MINIMIZATION HAS CONVERGED.
 FCN=-2.3786e+11 FROM MIGRAD    STATUS=CONVERGED     125 CALLS         941 TOTAL
                     EDM=4.4382    STRATEGY= 1  ERROR MATRIX UNCERTAINTY   4.4 per cent
  EXT PARAMETER                                   STEP         FIRST   
  NO.   NAME      VALUE            ERROR          SIZE      DERIVATIVE 
   1  norm         5.59297e+05   7.79768e+00   0.00000e+00  -4.65072e-02
   2  Q            5.64890e-01   8.91851e-09  -0.00000e+00   5.18870e+04
   3  theta        7.76697e-03   1.04825e-04  -0.00000e+00   2.59675e+04
   4  pileup       9.99866e-04   8.84383e-08   0.00000e+00  -2.55792e+07
 EXTERNAL ERROR MATRIX.    NDIM=  25    NPAR=  4    ERR DEF=1
  6.080e+01 -9.459e-09 -1.102e-04 -1.998e-07 
 -9.459e-09  7.954e-17  9.328e-13  4.140e-16 
 -1.102e-04  9.328e-13  1.099e-08  4.836e-12 
 -1.998e-07  4.140e-16  4.836e-12  7.821e-15 
 PARAMETER  CORRELATION COEFFICIENTS  
       NO.  GLOBAL      1      2      3      4
        1  0.29042   1.000 -0.136 -0.135 -0.290
        2  0.99779  -0.136  1.000  0.998  0.525
        3  0.99778  -0.135  0.998  1.000  0.522
        4  0.57005  -0.290  0.525  0.522  1.000
status of the fit-----000------0
1  559297
2  0.56489
3  0.00776697
4  0.000999866
 **********
 **   14 **SET PRINT           2
 **********
 **********
 **   15 **SET NOGRAD
 **********
 PARAMETER DEFINITIONS:
    NO.   NAME         VALUE      STEP SIZE      LIMITS
     1 p0           5.58000e+05  1.67400e+05     no limits
     2 p1           5.65000e-01  1.69500e-01     no limits
     3 p2           0.00000e+00  3.00000e-01     no limits
     4 p3           9.99871e-04  2.99961e-04     no limits
 **********
 **   16 **SET ERR         0.5
 **********
 **********
 **   17 **SET PRINT           2
 **********
 **********
 **   18 **SET STR           1
 **********
 NOW USING STRATEGY  1: TRY TO BALANCE SPEED AGAINST RELIABILITY
 **********
 **   19 **MIGRAD        1480        0.01
 **********
 FIRST CALL TO USER FUNCTION AT NEW START POINT, WITH IFLAG=4.
 START MIGRAD MINIMIZATION.  STRATEGY  1.  CONVERGENCE WHEN EDM .LT. 1.00e-05
 FCN=17391.8 FROM MIGRAD    STATUS=INITIATE       18 CALLS          19 TOTAL
                     EDM= unknown      STRATEGY= 1      NO ERROR MATRIX       
  EXT PARAMETER               CURRENT GUESS       STEP         FIRST   
  NO.   NAME      VALUE            ERROR          SIZE      DERIVATIVE 
   1  p0           5.58000e+05   1.67400e+05   1.67400e+05  -3.63584e+01
   2  p1           5.65000e-01   1.69500e-01   1.69500e-01  -1.12863e+08
   3  p2           0.00000e+00   3.00000e-01   3.00000e-01   0.00000e+00
   4  p3           9.99871e-04   2.99961e-04   2.99961e-04  -1.00231e+09
                               ERR DEF= 0.5
NO ERROR MATRIX       
 FCN=479.275 FROM MIGRAD    STATUS=PROGRESS       34 CALLS          35 TOTAL
                     EDM=1324.14    STRATEGY= 1      NO ERROR MATRIX       
  EXT PARAMETER               CURRENT GUESS       STEP         FIRST   
  NO.   NAME      VALUE            ERROR          SIZE      DERIVATIVE 
   1  p0           5.58440e+05   1.67400e+05   4.40206e+02  -8.22722e-01
   2  p1           5.65142e-01   1.69500e-01   1.41956e-04  -2.52755e+06
   3  p2           0.00000e+00   3.00000e-01  -0.00000e+00   0.00000e+00
   4  p3           1.00167e-03   2.99961e-04   1.79914e-06   4.01967e+08
                               ERR DEF= 0.5
 MINUIT WARNING IN MIGRAD  
 ============== Negative diagonal element 1 in Error Matrix
 MINUIT WARNING IN MIGRAD  
 ============== Negative diagonal element 2 in Error Matrix
 MINUIT WARNING IN MIGRAD  
 ============== 1582.76 added to diagonal of error matrix
 EIGENVALUES OF SECOND-DERIVATIVE MATRIX:
         9.9999e-01  1.0000e+00  1.0000e+00  1.0000e+00
 MIGRAD FAILS TO FIND IMPROVEMENT
 MIGRAD MINIMIZATION HAS CONVERGED.
 MIGRAD WILL VERIFY CONVERGENCE AND ERROR MATRIX.
   START COVARIANCE MATRIX CALCULATION.
 EIGENVALUES OF SECOND-DERIVATIVE MATRIX:
         1.4146e-04  7.9003e-01  9.7063e-01  2.2392e+00
 COVARIANCE MATRIX CALCULATED SUCCESSFULLY
 FCN=73.2796 FROM HESSE     STATUS=OK             25 CALLS         101 TOTAL
                     EDM=0.0104943    STRATEGY= 1      ERROR MATRIX ACCURATE 
  EXT PARAMETER                                   STEP         FIRST   
  NO.   NAME      VALUE            ERROR          SIZE      DERIVATIVE 
   1  p0           5.58477e+05   3.04493e+02   2.66303e-01  -2.61549e-04
   2  p1           5.65154e-01   9.79569e-05   2.69486e-07   6.60988e+02
   3  p2           0.00000e+00   4.31986e-02   2.81334e-04   0.00000e+00
   4  p3           9.99801e-04   7.09994e-08   4.76742e-10   2.81298e+04
                               ERR DEF= 0.5
 PARAMETER  CORRELATION COEFFICIENTS  
       NO.  GLOBAL      1      2      3      4
        1  0.99986   1.000 -1.000 -0.310 -0.243
        2  0.99986  -1.000  1.000  0.311  0.236
        3  0.33373  -0.310  0.311  1.000  0.106
        4  0.42200  -0.243  0.236  0.106  1.000
 FCN=73.268 FROM MIGRAD    STATUS=PROGRESS      114 CALLS         115 TOTAL
                     EDM=0.0465301    STRATEGY= 1      ERROR MATRIX ACCURATE 
  EXT PARAMETER                                   STEP         FIRST   
  NO.   NAME      VALUE            ERROR          SIZE      DERIVATIVE 
   1  p0           5.58517e+05   3.04493e+02   3.94719e+01  -8.06398e-03
   2  p1           5.65141e-01   9.79569e-05  -1.26970e-05  -2.38763e+04
   3  p2          -1.74108e-03   4.31986e-02  -1.74108e-03  -6.99333e+00
   4  p3           9.99799e-04   7.09994e-08  -2.32760e-09  -1.21493e+06
                               ERR DEF= 0.5
 MIGRAD FAILS TO FIND IMPROVEMENT
 MIGRAD TERMINATED WITHOUT CONVERGENCE.
 FCN=73.1668 FROM MIGRAD    STATUS=FAILED        190 CALLS         191 TOTAL
                     EDM=1.66579e-05    STRATEGY= 1  ERROR MATRIX UNCERTAINTY  50.1 per cent
  EXT PARAMETER                APPROXIMATE        STEP         FIRST   
  NO.   NAME      VALUE            ERROR          SIZE      DERIVATIVE 
   1  p0           5.58966e+05   4.35475e+02  -0.00000e+00  -7.60193e-05
   2  p1           5.64997e-01   1.40127e-04   0.00000e+00  -2.48814e+02
   3  p2           1.32423e-05   1.03703e-02  -0.00000e+00   1.45586e-01
   4  p3           9.99811e-04   6.80587e-08   0.00000e+00  -1.11417e+04
                               ERR DEF= 0.5
 EXTERNAL ERROR MATRIX.    NDIM=  25    NPAR=  4    ERR DEF=0.5
  1.896e+05 -6.102e-02 -5.279e-01  3.758e-06 
 -6.102e-02  1.964e-08  1.704e-07 -1.259e-12 
 -5.279e-01  1.704e-07  1.075e-04  2.933e-12 
  3.758e-06 -1.259e-12  2.933e-12  4.632e-15 
ERR MATRIX APPROXIMATE
 PARAMETER  CORRELATION COEFFICIENTS  
       NO.  GLOBAL      1      2      3      4
        1  0.99994   1.000 -1.000 -0.117  0.127
        2  0.99994  -1.000  1.000  0.117 -0.132
        3  0.12524  -0.117  0.117  1.000  0.004
        4  0.43864   0.127 -0.132  0.004  1.000
 ERR MATRIX APPROXIMATE
 FCN=73.1668 FROM MIGRAD    STATUS=FAILED        190 CALLS         191 TOTAL
                     EDM=1.66579e-05    STRATEGY= 1  ERROR MATRIX UNCERTAINTY  50.1 per cent
  EXT PARAMETER                  PARABOLIC         MINOS ERRORS        
  NO.   NAME      VALUE            ERROR      NEGATIVE      POSITIVE   
   1  p0           5.58966e+05   4.35475e+02                            
   2  p1           5.64997e-01   1.40127e-04                            
   3  p2           1.32423e-05   1.03703e-02                            
   4  p3           9.99811e-04   6.80587e-08                            
                               ERR DEF= 0.5
 **********
 **   20 **SET PRINT           2
 **********
 **********
 **   21 **SET NOGRAD
 **********
 PARAMETER DEFINITIONS:
    NO.   NAME         VALUE      STEP SIZE      LIMITS
     1 p0           5.58966e+05  4.35475e+02     no limits
     2 p1           5.64997e-01  1.40127e-04     no limits
     3 p2           1.32423e-05  1.03703e-02     no limits
     4 p3           9.99811e-04  6.80587e-08     no limits
 **********
 **   22 **SET ERR         0.5
 **********
 **********
 **   23 **SET PRINT           2
 **********
 **********
 **   24 **SET STR           1
 **********
 NOW USING STRATEGY  1: TRY TO BALANCE SPEED AGAINST RELIABILITY
 **********
 **   25 **MIGRAD        1480        0.01
 **********
 FIRST CALL TO USER FUNCTION AT NEW START POINT, WITH IFLAG=4.
 START MIGRAD MINIMIZATION.  STRATEGY  1.  CONVERGENCE WHEN EDM .LT. 1.00e-05
 FCN=73.1668 FROM MIGRAD    STATUS=INITIATE       16 CALLS          17 TOTAL
                     EDM= unknown      STRATEGY= 1      NO ERROR MATRIX       
  EXT PARAMETER               CURRENT GUESS       STEP         FIRST   
  NO.   NAME      VALUE            ERROR          SIZE      DERIVATIVE 
   1  p0           5.58966e+05   4.35475e+02   4.35475e+02  -8.50619e-05
   2  p1           5.64997e-01   1.40127e-04   1.40127e-04  -2.48814e+02
   3  p2           1.32423e-05   1.03703e-02   1.03703e-02   1.51830e-01
   4  p3           9.99811e-04   6.80587e-08   6.80587e-08  -1.11417e+04
                               ERR DEF= 0.5
NO ERROR MATRIX       
 MIGRAD FAILS TO FIND IMPROVEMENT
   START COVARIANCE MATRIX CALCULATION.
 EIGENVALUES OF SECOND-DERIVATIVE MATRIX:
         1.1288e-03  8.0152e-01  1.0112e+00  2.1862e+00
 COVARIANCE MATRIX CALCULATED SUCCESSFULLY
 FCN=73.1668 FROM HESSE     STATUS=OK             29 CALLS          53 TOTAL
                     EDM=6.42513e-07    STRATEGY= 1      ERROR MATRIX ACCURATE 
  EXT PARAMETER                                   STEP         FIRST   
  NO.   NAME      VALUE            ERROR          SIZE      DERIVATIVE 
   1  p0           5.58966e+05   1.07718e+02   4.35475e-01  -7.79129e-05
   2  p1           5.64997e-01   3.47178e-05   2.69411e-07  -2.47811e+02
   3  p2           1.32423e-05   1.01140e-02   5.88302e-05   1.03031e-01
   4  p3           9.99811e-04   6.52979e-08   4.76747e-10  -2.72889e+03
                               ERR DEF= 0.5
 PARAMETER  CORRELATION COEFFICIENTS  
       NO.  GLOBAL      1      2      3      4
        1  0.99887   1.000 -0.999  0.036  0.096
        2  0.99887  -0.999  1.000 -0.036 -0.112
        3  0.07156   0.036 -0.036  1.000  0.064
        4  0.35074   0.096 -0.112  0.064  1.000
 FCN=73.1668 FROM MIGRAD    STATUS=PROGRESS       63 CALLS          64 TOTAL
                     EDM=9.35576e-07    STRATEGY= 1      ERROR MATRIX ACCURATE 
  EXT PARAMETER                                   STEP         FIRST   
  NO.   NAME      VALUE            ERROR          SIZE      DERIVATIVE 
   1  p0           5.58966e+05   1.07718e+02  -3.89152e-03  -7.36782e-05
   2  p1           5.64997e-01   3.47178e-05   1.36233e-09  -2.10304e+02
   3  p2           1.15123e-05   1.01140e-02  -1.73007e-06   1.00860e-01
   4  p3           9.99811e-04   6.52979e-08  -5.51308e-13  -1.08108e+04
                               ERR DEF= 0.5
 MIGRAD MINIMIZATION HAS CONVERGED.
 FCN=73.1668 FROM MIGRAD    STATUS=CONVERGED      63 CALLS          64 TOTAL
                     EDM=9.35576e-07    STRATEGY= 1  ERROR MATRIX UNCERTAINTY  56.7 per cent
  EXT PARAMETER                                   STEP         FIRST   
  NO.   NAME      VALUE            ERROR          SIZE      DERIVATIVE 
   1  p0           5.58966e+05   5.95889e+01  -3.89152e-03  -7.36782e-05
   2  p1           5.64997e-01   1.88114e-05   1.36233e-09  -2.10304e+02
   3  p2           1.15123e-05   1.30957e-02  -1.73007e-06   1.00860e-01
   4  p3           9.99811e-04   5.22871e-08  -5.51308e-13  -1.08108e+04
                               ERR DEF= 0.5
 EXTERNAL ERROR MATRIX.    NDIM=  25    NPAR=  4    ERR DEF=0.5
  3.551e+03 -1.116e-03  1.201e-01 -2.870e-06 
 -1.116e-03  3.539e-10 -4.288e-08  9.003e-13 
  1.201e-01 -4.288e-08  1.715e-04  3.193e-11 
 -2.870e-06  9.003e-13  3.193e-11  2.734e-15 
 PARAMETER  CORRELATION COEFFICIENTS  
       NO.  GLOBAL      1      2      3      4
        1  0.99612   1.000 -0.996  0.154 -0.921
        2  0.99603  -0.996  1.000 -0.174  0.915
        3  0.54615   0.154 -0.174  1.000  0.047
        4  0.94106  -0.921  0.915  0.047  1.000
 EXTERNAL ERROR MATRIX.    NDIM=   4    NPAR=  4    ERR DEF=0.5
  3.551e+03 -1.116e-03  1.201e-01 -2.870e-06 
 -1.116e-03  3.539e-10 -4.288e-08  9.003e-13 
  1.201e-01 -4.288e-08  1.715e-04  3.193e-11 
 -2.870e-06  9.003e-13  3.193e-11  2.734e-15 
 FCN=73.1668 FROM MIGRAD    STATUS=CONVERGED      63 CALLS          64 TOTAL
                     EDM=9.35576e-07    STRATEGY= 1  ERROR MATRIX UNCERTAINTY  56.7 per cent
  EXT PARAMETER                  PARABOLIC         MINOS ERRORS        
  NO.   NAME      VALUE            ERROR      NEGATIVE      POSITIVE   
   1  p0           5.58966e+05   5.95889e+01                            
   2  p1           5.64997e-01   1.88114e-05                            
   3  p2           1.15123e-05   1.30957e-02                            
   4  p3           9.99811e-04   5.22871e-08                            
                               ERR DEF= 0.5
------------------------------------------
Enering ROOFIt-------
 PARAMETER DEFINITIONS:
    NO.   NAME         VALUE      STEP SIZE      LIMITS
     1 norm         5.58966e+05  1.00000e-01     no limits
     2 Q            5.65000e-01  1.00000e-01     no limits
     3 theta        0.00000e+00  1.00000e-01     no limits
     4 pileup       9.99811e-04  1.00000e-01     no limits
 **********
 **    1 **MIGRAD
 **********
 FIRST CALL TO USER FUNCTION AT NEW START POINT, WITH IFLAG=4.
 START MIGRAD MINIMIZATION.  STRATEGY  1.  CONVERGENCE WHEN EDM .LT. 1.00e-04
 FCN=-2.37861e+11 FROM MIGRAD    STATUS=INITIATE       14 CALLS          15 TOTAL
                     EDM= unknown      STRATEGY= 1      NO ERROR MATRIX       
  EXT PARAMETER               CURRENT GUESS       STEP         FIRST   
  NO.   NAME      VALUE            ERROR          SIZE      DERIVATIVE 
   1  norm         5.58966e+05   1.00000e-01   1.00000e-01   4.13644e-01
   2  Q            5.65000e-01   1.00000e-01   1.00000e-01   1.25353e+07
   3  theta        0.00000e+00   1.00000e-01   1.00000e-01   0.00000e+00
   4  pileup       9.99811e-04   1.00000e-01   1.00000e-01  -9.18038e+11
 MIGRAD FAILS TO FIND IMPROVEMENT
 EIGENVALUES OF SECOND-DERIVATIVE MATRIX:
        -3.6610e-04  3.8249e-01  9.1688e-01  2.7010e+00
 MINUIT WARNING IN HESSE   
 ============== MATRIX FORCED POS-DEF BY ADDING 0.003067 TO DIAGONAL.
 FCN=-2.37861e+11 FROM HESSE     STATUS=NOT POSDEF     27 CALLS          53 TOTAL
                     EDM=100.222    STRATEGY= 1      ERR MATRIX NOT POS-DEF
  EXT PARAMETER                APPROXIMATE        STEP         FIRST   
  NO.   NAME      VALUE            ERROR          SIZE      DERIVATIVE 
   1  norm         5.58966e+05   6.84358e+01   2.66536e+00   4.13650e-01
   2  Q            5.65000e-01   6.53128e-06   1.00000e-03   1.28626e+06
   3  theta        0.00000e+00   5.84256e-03   1.00000e-01   0.00000e+00
   4  pileup       9.99811e-04   9.22886e-08   1.00000e-02   1.10027e+07
 MIGRAD FAILS TO FIND IMPROVEMENT
 MIGRAD TERMINATED WITHOUT CONVERGENCE.
 FCN=-2.37861e+11 FROM MIGRAD    STATUS=FAILED         94 CALLS          95 TOTAL
                     EDM=41177.6    STRATEGY= 1      ERR MATRIX NOT POS-DEF
  EXT PARAMETER                APPROXIMATE        STEP         FIRST   
  NO.   NAME      VALUE            ERROR          SIZE      DERIVATIVE 
   1  norm         5.58951e+05   7.66137e+00  -0.00000e+00  -1.12780e-04
   2  Q            5.65001e-01   6.14426e-08  -0.00000e+00   1.16885e+08
   3  theta        1.20185e-03   3.51482e-04  -0.00000e+00   7.84075e+03
   4  pileup       9.99810e-04   9.22876e-08  -0.00000e+00  -2.87337e+07
 EXTERNAL ERROR MATRIX.    NDIM=  25    NPAR=  4    ERR DEF=1
  5.870e+01  1.603e-07  9.172e-04 -1.084e-07 
  1.603e-07  3.775e-15  2.125e-11  1.803e-15 
  9.172e-04  2.125e-11  1.235e-07  1.083e-11 
 -1.084e-07  1.803e-15  1.083e-11  8.517e-15 
ERR MATRIX NOT POS-DEF
 PARAMETER  CORRELATION COEFFICIENTS  
       NO.  GLOBAL      1      2      3      4
        1  0.44312   1.000  0.341  0.341 -0.153
        2  0.98423   0.341  1.000  0.984  0.318
        3  0.98449   0.341  0.984  1.000  0.334
        4  0.44125  -0.153  0.318  0.334  1.000
 ERR MATRIX NOT POS-DEF
 **********
 **    2 **MIGRAD 
 **********
 START MIGRAD MINIMIZATION.  STRATEGY  1.  CONVERGENCE WHEN EDM .LT. 1.00e-04
 FCN=-2.37861e+11 FROM MIGRAD    STATUS=INITIATE       12 CALLS         107 TOTAL
                     EDM=210.116    STRATEGY= 1      ERR MATRIX NOT POS-DEF
  EXT PARAMETER                APPROXIMATE        STEP         FIRST   
  NO.   NAME      VALUE            ERROR          SIZE      DERIVATIVE 
   1  norm         5.58951e+05   7.66137e+00  -0.00000e+00  -6.21671e-03
   2  Q            5.65001e-01   6.14426e-08  -0.00000e+00  -2.73881e+01
   3  theta        1.20185e-03   3.51482e-04  -0.00000e+00   2.80330e+04
   4  pileup       9.99810e-04   9.22876e-08  -0.00000e+00  -2.87338e+07
 MIGRAD FAILS TO FIND IMPROVEMENT
 MACHINE ACCURACY LIMITS FURTHER IMPROVEMENT.
 MIGRAD MINIMIZATION HAS CONVERGED.
 MIGRAD WILL VERIFY CONVERGENCE AND ERROR MATRIX.
 EIGENVALUES OF SECOND-DERIVATIVE MATRIX:
        -2.0586e-03  3.5158e-01  8.4812e-01  2.8024e+00
 MINUIT WARNING IN HESSE   
 ============== MATRIX FORCED POS-DEF BY ADDING 0.004861 TO DIAGONAL.
 FCN=-2.37861e+11 FROM HESSE     STATUS=NOT POSDEF     29 CALLS         193 TOTAL
                     EDM=0.000387064    STRATEGY= 1      ERR MATRIX NOT POS-DEF
  EXT PARAMETER                APPROXIMATE        STEP         FIRST   
  NO.   NAME      VALUE            ERROR          SIZE      DERIVATIVE 
   1  norm         5.58951e+05   9.44918e+01   1.72577e+03  -1.08223e-03
   2  Q            5.65001e-01   3.17980e-05   9.41552e-05  -2.98920e+03
   3  theta        1.19930e-03   7.66727e-04   1.86799e-01   5.63652e+01
   4  pileup       9.99810e-04   1.09770e-07   2.09853e-05  -3.34292e+05
 MIGRAD FAILS TO FIND IMPROVEMENT
 MACHINE ACCURACY LIMITS FURTHER IMPROVEMENT.
 MIGRAD MINIMIZATION HAS CONVERGED.
 MIGRAD WILL VERIFY CONVERGENCE AND ERROR MATRIX.
 EIGENVALUES OF SECOND-DERIVATIVE MATRIX:
        -4.9066e-01  4.4795e-01  8.1570e-01  3.2270e+00
 MINUIT WARNING IN HESSE   
 ============== MATRIX FORCED POS-DEF BY ADDING 0.493882 TO DIAGONAL.
 MIGRAD TERMINATED WITHOUT CONVERGENCE.
 FCN=-2.37861e+11 FROM MIGRAD    STATUS=FAILED        137 CALLS         232 TOTAL
                     EDM=0.00585583    STRATEGY= 1      ERR MATRIX NOT POS-DEF
  EXT PARAMETER                APPROXIMATE        STEP         FIRST   
  NO.   NAME      VALUE            ERROR          SIZE      DERIVATIVE 
   1  norm         5.58951e+05   3.82237e+01   6.90309e+01  -1.00574e-03
   2  Q            5.65001e-01   2.93020e-05   1.88310e-05  -3.00621e+03
   3  theta        1.19930e-03   1.00250e-03   7.62139e-01   1.98408e+01
   4  pileup       9.99810e-04   2.72183e-07   8.39414e-07  -2.89938e+05
 EXTERNAL ERROR MATRIX.    NDIM=  25    NPAR=  4    ERR DEF=1
  1.461e+03 -1.104e-03 -3.747e-02 -9.846e-06 
 -1.104e-03  8.586e-10  2.926e-08  7.621e-12 
 -3.747e-02  2.926e-08  1.005e-06  2.625e-10 
 -9.846e-06  7.621e-12  2.625e-10  7.408e-14 
ERR MATRIX NOT POS-DEF
 PARAMETER  CORRELATION COEFFICIENTS  
       NO.  GLOBAL      1      2      3      4
        1  0.98790   1.000 -0.986 -0.978 -0.946
        2  0.99788  -0.986  1.000  0.996  0.956
        3  0.99712  -0.978  0.996  1.000  0.962
        4  0.96427  -0.946  0.956  0.962  1.000
 ERR MATRIX NOT POS-DEF
status of the fit-----000------4
1  558951
2  0.565001
3  0.0011993
4  0.00099981
 PARAMETER DEFINITIONS:
    NO.   NAME         VALUE      STEP SIZE      LIMITS
     1 norm         5.58951e+05  1.00000e-01     no limits
     2 Q            5.65001e-01  1.00000e-01     no limits
     3 theta        1.19930e-03  1.00000e-01     no limits
     4 pileup       9.99810e-04  1.00000e-01     no limits
 **********
 **    3 **MIGRAD
 **********
 FIRST CALL TO USER FUNCTION AT NEW START POINT, WITH IFLAG=4.
 START MIGRAD MINIMIZATION.  STRATEGY  1.  CONVERGENCE WHEN EDM .LT. 1.00e-04
 FCN=-2.37861e+11 FROM MIGRAD    STATUS=INITIATE       14 CALLS         247 TOTAL
                     EDM= unknown      STRATEGY= 1      NO ERROR MATRIX       
  EXT PARAMETER               CURRENT GUESS       STEP         FIRST   
  NO.   NAME      VALUE            ERROR          SIZE      DERIVATIVE 
   1  norm         5.58951e+05   1.00000e-01   1.00000e-01  -9.96153e-04
   2  Q            5.65001e-01   1.00000e-01   1.00000e-01   6.16404e+06
   3  theta        1.19930e-03   1.00000e-01   1.00000e-01   7.97701e+03
   4  pileup       9.99810e-04   1.00000e-01   1.00000e-01  -9.18053e+11
 MIGRAD FAILS TO FIND IMPROVEMENT
 EIGENVALUES OF SECOND-DERIVATIVE MATRIX:
        -5.2025e-03  3.7168e-01  9.1684e-01  2.7167e+00
 MINUIT WARNING IN HESSE   
 ============== MATRIX FORCED POS-DEF BY ADDING 0.007919 TO DIAGONAL.
 FCN=-2.37861e+11 FROM HESSE     STATUS=NOT POSDEF     29 CALLS         287 TOTAL
                     EDM=0.0107104    STRATEGY= 1      ERR MATRIX NOT POS-DEF
  EXT PARAMETER                APPROXIMATE        STEP         FIRST   
  NO.   NAME      VALUE            ERROR          SIZE      DERIVATIVE 
   1  norm         5.58951e+05   6.63154e+01   2.66528e+00  -1.00188e-03
   2  Q            5.65001e-01   6.52315e-06   1.00000e-03  -3.00354e+03
   3  theta        1.19930e-03   5.99585e-03   1.00000e-01   2.47688e+01
   4  pileup       9.99810e-04   9.20960e-08   1.00000e-02  -8.81647e+05
 MIGRAD FAILS TO FIND IMPROVEMENT
 MACHINE ACCURACY LIMITS FURTHER IMPROVEMENT.
 MIGRAD MINIMIZATION HAS CONVERGED.
 MIGRAD WILL VERIFY CONVERGENCE AND ERROR MATRIX.
 EIGENVALUES OF SECOND-DERIVATIVE MATRIX:
        -4.7071e-05  3.3449e-01  8.5074e-01  2.8148e+00
 MINUIT WARNING IN HESSE   
 ============== MATRIX FORCED POS-DEF BY ADDING 0.002862 TO DIAGONAL.
 MIGRAD TERMINATED WITHOUT CONVERGENCE.
 FCN=-2.37861e+11 FROM MIGRAD    STATUS=FAILED        103 CALLS         336 TOTAL
                     EDM=0.000618458    STRATEGY= 1      ERR MATRIX NOT POS-DEF
  EXT PARAMETER                APPROXIMATE        STEP         FIRST   
  NO.   NAME      VALUE            ERROR          SIZE      DERIVATIVE 
   1  norm         5.58951e+05   9.65240e+01   5.33057e+00  -9.01690e-04
   2  Q            5.65001e-01   3.11502e-05   1.02991e-04  -2.99128e+03
   3  theta        1.19929e-03   2.84915e-03   4.00000e-02   1.40476e+01
   4  pileup       9.99810e-04   1.05766e-07   2.14098e-05  -3.36217e+05
 EXTERNAL ERROR MATRIX.    NDIM=  25    NPAR=  4    ERR DEF=1
  9.317e+03 -2.992e-03 -6.157e-03 -5.685e-08 
 -2.992e-03  9.703e-10  7.088e-09  2.829e-14 
 -6.157e-03  7.088e-09  8.118e-06  1.406e-10 
 -5.685e-08  2.829e-14  1.406e-10  1.119e-14 
ERR MATRIX NOT POS-DEF
 PARAMETER  CORRELATION COEFFICIENTS  
       NO.  GLOBAL      1      2      3      4
        1  0.99719   1.000 -0.995 -0.022 -0.006
        2  0.99721  -0.995  1.000  0.080  0.009
        3  0.73903  -0.022  0.080  1.000  0.467
        4  0.55480  -0.006  0.009  0.467  1.000
 ERR MATRIX NOT POS-DEF
 **********
 **    4 **MIGRAD 
 **********
 START MIGRAD MINIMIZATION.  STRATEGY  1.  CONVERGENCE WHEN EDM .LT. 1.00e-04
 FCN=-2.37861e+11 FROM MIGRAD    STATUS=INITIATE        8 CALLS         344 TOTAL
                     EDM=0.0873989    STRATEGY= 1      ERR MATRIX NOT POS-DEF
  EXT PARAMETER                APPROXIMATE        STEP         FIRST   
  NO.   NAME      VALUE            ERROR          SIZE      DERIVATIVE 
   1  norm         5.58951e+05   9.65240e+01   5.33057e+00  -9.76115e-04
   2  Q            5.65001e-01   3.11502e-05   1.02991e-04  -2.60333e+03
   3  theta        1.19929e-03   2.84915e-03   4.00000e-02   2.15161e+02
   4  pileup       9.99810e-04   1.05766e-07   2.14098e-05  -5.03115e+06
 EIGENVALUES OF SECOND-DERIVATIVE MATRIX:
        -2.3373e-03  3.0258e-01  9.2091e-01  2.7789e+00
 MINUIT WARNING IN MIGRAD  
 ============== MATRIX FORCED POS-DEF BY ADDING 0.005116 TO DIAGONAL.
 MINUIT WARNING IN MIGRAD  
 ============== Negative diagonal element 2 in Error Matrix
 MINUIT WARNING IN MIGRAD  
 ============== Negative diagonal element 3 in Error Matrix
 MINUIT WARNING IN MIGRAD  
 ============== 1 added to diagonal of error matrix
 MIGRAD FAILS TO FIND IMPROVEMENT
 MACHINE ACCURACY LIMITS FURTHER IMPROVEMENT.
 MIGRAD MINIMIZATION HAS CONVERGED.
 MIGRAD WILL VERIFY CONVERGENCE AND ERROR MATRIX.
 EIGENVALUES OF SECOND-DERIVATIVE MATRIX:
        -4.8493e-04  3.5535e-01  8.5021e-01  2.7949e+00
 MINUIT WARNING IN HESSE   
 ============== MATRIX FORCED POS-DEF BY ADDING 0.003280 TO DIAGONAL.
 FCN=-2.37861e+11 FROM HESSE     STATUS=NOT POSDEF     29 CALLS         419 TOTAL
                     EDM=0.000623222    STRATEGY= 1      ERR MATRIX NOT POS-DEF
  EXT PARAMETER                APPROXIMATE        STEP         FIRST   
  NO.   NAME      VALUE            ERROR          SIZE      DERIVATIVE 
   1  norm         5.58951e+05   9.61493e+01   1.06611e+03  -6.58842e-03
   2  Q            5.65001e-01   3.14710e-05   9.41552e-05  -2.02826e+04
   3  theta        1.11228e-03   1.01537e-03   1.15257e-01   2.71100e+01
   4  pileup       9.99812e-04   1.05183e-07   2.09854e-05  -1.00851e+05
 MIGRAD FAILS TO FIND IMPROVEMENT
 MIGRAD TERMINATED WITHOUT CONVERGENCE.
 FCN=-2.37861e+11 FROM MIGRAD    STATUS=FAILED        138 CALLS         474 TOTAL
                     EDM=2.97848e+06    STRATEGY= 1      ERR MATRIX NOT POS-DEF
  EXT PARAMETER                APPROXIMATE        STEP         FIRST   
  NO.   NAME      VALUE            ERROR          SIZE      DERIVATIVE 
   1  norm         5.58951e+05   7.62140e+00   0.00000e+00  -6.68442e-02
   2  Q            5.65001e-01   2.57990e-08  -0.00000e+00   1.16907e+08
   3  theta        1.11615e-03   2.99298e-04  -0.00000e+00   1.53667e+03
   4  pileup       9.99812e-04   1.03246e-07  -0.00000e+00  -2.84232e+07
 EXTERNAL ERROR MATRIX.    NDIM=  25    NPAR=  4    ERR DEF=1
  5.809e+01  8.656e-09 -1.555e-04 -1.014e-07 
  8.656e-09  6.656e-16  6.120e-12  2.141e-15 
 -1.555e-04  6.120e-12  8.958e-08  3.010e-11 
 -1.014e-07  2.141e-15  3.010e-11  1.066e-14 
ERR MATRIX NOT POS-DEF
 PARAMETER  CORRELATION COEFFICIENTS  
       NO.  GLOBAL      1      2      3      4
        1  0.36566   1.000  0.044 -0.068 -0.129
        2  0.81745   0.044  1.000  0.793  0.804
        3  0.97572  -0.068  0.793  1.000  0.974
        4  0.97805  -0.129  0.804  0.974  1.000
 ERR MATRIX NOT POS-DEF
status of the fit-----000------4
1  558951
2  0.565001
3  0.00111615
4  0.000999812
 PARAMETER DEFINITIONS:
    NO.   NAME         VALUE      STEP SIZE      LIMITS
     1 norm         5.58951e+05  1.00000e-01     no limits
     2 Q            5.65001e-01  1.00000e-01     no limits
     3 theta        1.11615e-03  1.00000e-01     no limits
     4 pileup       9.99812e-04  1.00000e-01     no limits
 **********
 **    5 **MIGRAD
 **********
 FIRST CALL TO USER FUNCTION AT NEW START POINT, WITH IFLAG=4.
 START MIGRAD MINIMIZATION.  STRATEGY  1.  CONVERGENCE WHEN EDM .LT. 1.00e-04
 FCN=-2.37861e+11 FROM MIGRAD    STATUS=INITIATE       14 CALLS         489 TOTAL
                     EDM= unknown      STRATEGY= 1      NO ERROR MATRIX       
  EXT PARAMETER               CURRENT GUESS       STEP         FIRST   
  NO.   NAME      VALUE            ERROR          SIZE      DERIVATIVE 
   1  norm         5.58951e+05   1.00000e-01   1.00000e-01  -2.23848e-03
   2  Q            5.65001e-01   1.00000e-01   1.00000e-01   6.16443e+06
   3  theta        1.11615e-03   1.00000e-01   1.00000e-01   7.42372e+03
   4  pileup       9.99812e-04   1.00000e-01   1.00000e-01  -9.18053e+11
 MIGRAD FAILS TO FIND IMPROVEMENT
 EIGENVALUES OF SECOND-DERIVATIVE MATRIX:
        -4.1991e-03  3.7338e-01  9.1685e-01  2.7140e+00
 MINUIT WARNING IN HESSE   
 ============== MATRIX FORCED POS-DEF BY ADDING 0.006913 TO DIAGONAL.
 FCN=-2.37861e+11 FROM HESSE     STATUS=NOT POSDEF     29 CALLS         529 TOTAL
                     EDM=0.0149464    STRATEGY= 1      ERR MATRIX NOT POS-DEF
  EXT PARAMETER                APPROXIMATE        STEP         FIRST   
  NO.   NAME      VALUE            ERROR          SIZE      DERIVATIVE 
   1  norm         5.58951e+05   6.63189e+01   2.66528e+00  -2.29001e-03
   2  Q            5.65001e-01   6.52565e-06   1.00000e-03  -6.83261e+03
   3  theta        1.11615e-03   5.99582e-03   1.00000e-01   2.28004e+01
   4  pileup       9.99812e-04   9.21349e-08   1.00000e-02  -5.31120e+05
 MIGRAD FAILS TO FIND IMPROVEMENT
 MACHINE ACCURACY LIMITS FURTHER IMPROVEMENT.
 MIGRAD MINIMIZATION HAS CONVERGED.
 MIGRAD WILL VERIFY CONVERGENCE AND ERROR MATRIX.
 EIGENVALUES OF SECOND-DERIVATIVE MATRIX:
        -1.3340e+00  7.3400e-01  1.0707e+00  3.5293e+00
 MINUIT WARNING IN HESSE   
 ============== MATRIX FORCED POS-DEF BY ADDING 1.337547 TO DIAGONAL.
 MIGRAD TERMINATED WITHOUT CONVERGENCE.
 FCN=-2.37861e+11 FROM MIGRAD    STATUS=FAILED        103 CALLS         578 TOTAL
                     EDM=0.000784575    STRATEGY= 1      ERR MATRIX NOT POS-DEF
  EXT PARAMETER                APPROXIMATE        STEP         FIRST   
  NO.   NAME      VALUE            ERROR          SIZE      DERIVATIVE 
   1  norm         5.58951e+05   3.33645e+01   5.33057e-01  -2.29001e-03
   2  Q            5.65001e-01   5.71514e-06   4.52084e-03  -6.82390e+03
   3  theta        1.11615e-03   1.29773e-04   4.16377e+00   1.10956e+01
   4  pileup       9.99812e-04   5.90648e-08   3.02780e-06   5.99708e+04
 EXTERNAL ERROR MATRIX.    NDIM=  25    NPAR=  4    ERR DEF=1
  1.113e+03 -1.888e-04 -4.279e-03  1.075e-07 
 -1.888e-04  3.266e-11  7.403e-10 -2.538e-14 
 -4.279e-03  7.403e-10  1.684e-08 -5.061e-13 
  1.075e-07 -2.538e-14 -5.061e-13  3.489e-15 
ERR MATRIX NOT POS-DEF
 PARAMETER  CORRELATION COEFFICIENTS  
       NO.  GLOBAL      1      2      3      4
        1  0.99023   1.000 -0.990 -0.988  0.055
        2  0.99850  -0.990  1.000  0.998 -0.075
        3  0.99821  -0.988  0.998  1.000 -0.066
        4  0.21820   0.055 -0.075 -0.066  1.000
 ERR MATRIX NOT POS-DEF
 **********
 **    6 **MIGRAD 
 **********
 START MIGRAD MINIMIZATION.  STRATEGY  1.  CONVERGENCE WHEN EDM .LT. 1.00e-04
 FCN=-2.37861e+11 FROM MIGRAD    STATUS=INITIATE        8 CALLS         586 TOTAL
                     EDM=0.000353313    STRATEGY= 1      ERR MATRIX NOT POS-DEF
  EXT PARAMETER                APPROXIMATE        STEP         FIRST   
  NO.   NAME      VALUE            ERROR          SIZE      DERIVATIVE 
   1  norm         5.58951e+05   3.33645e+01   5.33057e-01  -2.18696e-03
   2  Q            5.65001e-01   5.71514e-06   4.52084e-03  -6.71621e+03
   3  theta        1.11615e-03   1.29773e-04   4.16377e+00   1.68671e+01
   4  pileup       9.99812e-04   5.90648e-08   3.02780e-06  -3.31603e+04
 MIGRAD FAILS TO FIND IMPROVEMENT
 MACHINE ACCURACY LIMITS FURTHER IMPROVEMENT.
 MIGRAD MINIMIZATION HAS CONVERGED.
 MIGRAD WILL VERIFY CONVERGENCE AND ERROR MATRIX.
 COVARIANCE MATRIX CALCULATED SUCCESSFULLY
 FCN=-2.37861e+11 FROM HESSE     STATUS=OK             27 CALLS         618 TOTAL
                     EDM=0.00596106    STRATEGY= 1      ERROR MATRIX ACCURATE 
  EXT PARAMETER                                   STEP         FIRST   
  NO.   NAME      VALUE            ERROR          SIZE      DERIVATIVE 
   1  norm         5.58951e+05   1.02359e+02   1.33264e+00  -2.23276e-03
   2  Q            5.65001e-01   3.29893e-05   1.13922e-04  -6.82631e+03
   3  theta        1.11615e-03   1.41899e-02   2.82974e-03   1.11890e+01
   4  pileup       9.99812e-04   9.83812e-08   1.21112e-06   6.07898e+04
 MINUIT WARNING IN MIGRAD  
 ============== Negative diagonal element 2 in Error Matrix
 MINUIT WARNING IN MIGRAD  
 ============== 1 added to diagonal of error matrix
 MIGRAD FAILS TO FIND IMPROVEMENT
 MIGRAD TERMINATED WITHOUT CONVERGENCE.
 FCN=-2.37861e+11 FROM MIGRAD    STATUS=FAILED         89 CALLS         667 TOTAL
                     EDM=3.7365e+06    STRATEGY= 1  ERROR MATRIX UNCERTAINTY 100.0 per cent
  EXT PARAMETER                APPROXIMATE        STEP         FIRST   
  NO.   NAME      VALUE            ERROR          SIZE      DERIVATIVE 
   1  norm         5.58951e+05   7.59638e+00  -0.00000e+00  -2.83331e-03
   2  Q            5.65001e-01   1.00000e+00  -0.00000e+00   1.16919e+08
   3  theta        1.11875e-04   1.00009e+00  -0.00000e+00   1.05716e+01
   4  pileup       9.99810e-04   1.00000e+00   0.00000e+00  -1.71581e+06
 EXTERNAL ERROR MATRIX.    NDIM=  25    NPAR=  4    ERR DEF=1
  5.771e+01  6.263e-09  1.741e-02 -2.883e-07 
  6.263e-09  1.000e+00 -1.366e-11  9.716e-17 
  1.741e-02 -1.366e-11  1.000e+00  1.632e-10 
 -2.883e-07  9.716e-17  1.632e-10  1.000e+00 
ERR MATRIX APPROXIMATE
 PARAMETER  CORRELATION COEFFICIENTS  
       NO.  GLOBAL      1      2      3      4
        1  0.00229   1.000  0.000  0.002 -0.000
        2  0.00000   0.000  1.000 -0.000  0.000
        3  0.00229   0.002 -0.000  1.000  0.000
        4  0.00000  -0.000  0.000  0.000  1.000
 ERR MATRIX APPROXIMATE
status of the fit-----000------4
1  558951
2  0.565001
3  0.000111875
4  0.00099981
