  *******************************************
  *                                         *
  *        W E L C O M E  to  R O O T       *
  *                                         *
  *   Version   5.34/36      5 April 2016   *
  *                                         *
  *  You are welcome to visit our Web site  *
  *          http://root.cern.ch            *
  *                                         *
  *******************************************

ROOT 5.34/36 (v5-34-36@v5-34-36, Apr 05 2016, 10:25:45 on linuxx8664gcc)

CINT/ROOT C/C++ Interpreter version 5.18.00, July 2, 2010
Type ? for help. Commands must be C++ statements.
Enclose multiple statements between { }.
Loading root init file.
The rat/rootinit.C file loaded the DEAP style for you, which is available from the fStyle pointer.
DEAP style applied. 
RAT: Libraries loaded.

Processing /home/fatemigh/projects/rpp-jillings/fatemigh/sterile/Likelihood/LikelihoodSterile_modified6.C+(217)...
pased here
566 lines read from file
31
spec_E  566
Before entering fitting
 **********
 **    1 **SET PRINT           2
 **********
 **********
 **    2 **SET NOGRAD
 **********
 PARAMETER DEFINITIONS:
    NO.   NAME         VALUE      STEP SIZE      LIMITS
     1 p0           5.58000e+05  1.67400e+05     no limits
     2 p1           5.65000e-01  1.69500e-01     no limits
     3 p2           0.00000e+00  3.00000e-01     no limits
     4 p3           9.99871e-04  2.99961e-04     no limits
 **********
 **    3 **SET ERR         0.5
 **********
 **********
 **    4 **SET PRINT           2
 **********
 **********
 **    5 **SET STR           1
 **********
 NOW USING STRATEGY  1: TRY TO BALANCE SPEED AGAINST RELIABILITY
 **********
 **    6 **MIGRAD        1480        0.01
 **********
 FIRST CALL TO USER FUNCTION AT NEW START POINT, WITH IFLAG=4.
 START MIGRAD MINIMIZATION.  STRATEGY  1.  CONVERGENCE WHEN EDM .LT. 1.00e-05
 FCN=17422.7 FROM MIGRAD    STATUS=INITIATE       18 CALLS          19 TOTAL
                     EDM= unknown      STRATEGY= 1      NO ERROR MATRIX       
  EXT PARAMETER               CURRENT GUESS       STEP         FIRST   
  NO.   NAME      VALUE            ERROR          SIZE      DERIVATIVE 
   1  p0           5.58000e+05   1.67400e+05   1.67400e+05  -3.63714e+01
   2  p1           5.65000e-01   1.69500e-01   1.69500e-01  -1.12901e+08
   3  p2           0.00000e+00   3.00000e-01   3.00000e-01   0.00000e+00
   4  p3           9.99871e-04   2.99961e-04   2.99961e-04  -1.01978e+09
                               ERR DEF= 0.5
NO ERROR MATRIX       
 FCN=478.988 FROM MIGRAD    STATUS=PROGRESS       34 CALLS          35 TOTAL
                     EDM=1259.13    STRATEGY= 1      NO ERROR MATRIX       
  EXT PARAMETER               CURRENT GUESS       STEP         FIRST   
  NO.   NAME      VALUE            ERROR          SIZE      DERIVATIVE 
   1  p0           5.58440e+05   1.67400e+05   4.40057e+02  -8.15533e-01
   2  p1           5.65142e-01   1.69500e-01   1.41906e-04  -2.50287e+06
   3  p2           0.00000e+00   3.00000e-01  -0.00000e+00   0.00000e+00
   4  p3           1.00170e-03   2.99961e-04   1.82902e-06   3.91641e+08
                               ERR DEF= 0.5
 MIGRAD FAILS TO FIND IMPROVEMENT
 MIGRAD MINIMIZATION HAS CONVERGED.
 MIGRAD WILL VERIFY CONVERGENCE AND ERROR MATRIX.
   START COVARIANCE MATRIX CALCULATION.
 MINUIT WARNING IN HESSE   
 ============== Negative diagonal element 3 in Error Matrix
 MINUIT WARNING IN HESSE   
 ============== 43168.5 added to diagonal of error matrix
 EIGENVALUES OF SECOND-DERIVATIVE MATRIX:
        -2.4526e+01  9.8359e-01  1.0001e+00  2.6542e+01
 MINUIT WARNING IN HESSE   
 ============== MATRIX FORCED POS-DEF BY ADDING 24.552642 TO DIAGONAL.
 FCN=91.5382 FROM HESSE     STATUS=NOT POSDEF     27 CALLS         163 TOTAL
                     EDM=1.0389e-05    STRATEGY= 1      ERR MATRIX NOT POS-DEF
  EXT PARAMETER                APPROXIMATE        STEP         FIRST   
  NO.   NAME      VALUE            ERROR          SIZE      DERIVATIVE 
   1  p0           5.60014e+05   9.52136e-04   2.67036e-01   1.69577e-04
   2  p1           5.64659e-01   3.41772e-07   2.69250e-07   4.78515e+02
   3  p2           0.00000e+00   4.34175e+00   2.76590e-05   0.00000e+00
   4  p3           9.99908e-04   2.47491e-07   4.76793e-10  -1.86067e+04
                               ERR DEF= 0.5
 PARAMETER  CORRELATION COEFFICIENTS  
       NO.  GLOBAL      1      2      3      4
        1  0.00118   1.000  0.000  0.001  0.001
        2  0.30288   0.000  1.000  0.303  0.302
        3  0.99896   0.001  0.303  1.000  0.999
        4  0.99896   0.001  0.302  0.999  1.000
 ERR MATRIX NOT POS-DEF
 MIGRAD FAILS TO FIND IMPROVEMENT
 MIGRAD TERMINATED WITHOUT CONVERGENCE.
 FCN=91.5382 FROM MIGRAD    STATUS=FAILED        163 CALLS         164 TOTAL
                     EDM=1.0389e-05    STRATEGY= 1      ERR MATRIX NOT POS-DEF
  EXT PARAMETER                APPROXIMATE        STEP         FIRST   
  NO.   NAME      VALUE            ERROR          SIZE      DERIVATIVE 
   1  p0           5.60014e+05   9.52136e-04   0.00000e+00   1.69577e-04
   2  p1           5.64659e-01   3.41772e-07   0.00000e+00   4.78515e+02
   3  p2           0.00000e+00   4.34175e+00   0.00000e+00   0.00000e+00
   4  p3           9.99908e-04   2.47491e-07   0.00000e+00  -1.86067e+04
                               ERR DEF= 0.5
 EXTERNAL ERROR MATRIX.    NDIM=  25    NPAR=  4    ERR DEF=0.5
  9.066e-07  1.053e-13  4.896e-06  2.787e-13 
  1.053e-13  1.168e-13  4.491e-07  2.553e-14 
  4.896e-06  4.491e-07  1.885e+01  1.073e-06 
  2.787e-13  2.553e-14  1.073e-06  6.125e-14 
ERR MATRIX NOT POS-DEF
 PARAMETER  CORRELATION COEFFICIENTS  
       NO.  GLOBAL      1      2      3      4
        1  0.00118   1.000  0.000  0.001  0.001
        2  0.30288   0.000  1.000  0.303  0.302
        3  0.99896   0.001  0.303  1.000  0.999
        4  0.99896   0.001  0.302  0.999  1.000
 ERR MATRIX NOT POS-DEF
 FCN=91.5382 FROM MIGRAD    STATUS=FAILED        163 CALLS         164 TOTAL
                     EDM=1.0389e-05    STRATEGY= 1      ERR MATRIX NOT POS-DEF
  EXT PARAMETER                  PARABOLIC         MINOS ERRORS        
  NO.   NAME      VALUE            ERROR      NEGATIVE      POSITIVE   
   1  p0           5.60014e+05   9.52136e-04                            
   2  p1           5.64659e-01   3.41772e-07                            
   3  p2           0.00000e+00   4.34175e+00                            
   4  p3           9.99908e-04   2.47491e-07                            
                               ERR DEF= 0.5
 **********
 **    7 **SET PRINT           2
 **********
 **********
 **    8 **SET NOGRAD
 **********
 PARAMETER DEFINITIONS:
    NO.   NAME         VALUE      STEP SIZE      LIMITS
     1 p0           5.60014e+05  9.52136e-04     no limits
     2 p1           5.64659e-01  3.41772e-07     no limits
     3 p2           0.00000e+00  4.34175e+00     no limits
     4 p3           9.99908e-04  2.47491e-07     no limits
 **********
 **    9 **SET ERR         0.5
 **********
 **********
 **   10 **SET PRINT           2
 **********
 **********
 **   11 **SET STR           1
 **********
 NOW USING STRATEGY  1: TRY TO BALANCE SPEED AGAINST RELIABILITY
 **********
 **   12 **MIGRAD        1480        0.01
 **********
 FIRST CALL TO USER FUNCTION AT NEW START POINT, WITH IFLAG=4.
 START MIGRAD MINIMIZATION.  STRATEGY  1.  CONVERGENCE WHEN EDM .LT. 1.00e-05
 FCN=90.4732 FROM MIGRAD    STATUS=INITIATE       33 CALLS          34 TOTAL
                     EDM= unknown      STRATEGY= 1      NO ERROR MATRIX       
  EXT PARAMETER               CURRENT GUESS       STEP         FIRST   
  NO.   NAME      VALUE            ERROR          SIZE      DERIVATIVE 
   1  p0           5.60014e+05   9.52136e-04   0.00000e+00  -1.72188e-01
   2  p1           5.64659e-01   3.41772e-07   0.00000e+00  -5.39516e+05
   3  p2           8.82379e-03   4.34175e+00   8.82379e-03  -7.70271e+00
   4  p3           9.99908e-04   2.47491e-07   0.00000e+00  -1.22478e+07
                               ERR DEF= 0.5
NO ERROR MATRIX       
 FCN=89.9627 FROM MIGRAD    STATUS=PROGRESS       43 CALLS          44 TOTAL
                     EDM=1.29622    STRATEGY= 1      NO ERROR MATRIX       
  EXT PARAMETER               CURRENT GUESS       STEP         FIRST   
  NO.   NAME      VALUE            ERROR          SIZE      DERIVATIVE 
   1  p0           5.60016e+05   9.52136e-04   2.12691e+00   1.26153e-02
   2  p1           5.64660e-01   3.41772e-07   6.84344e-07   3.69347e+04
   3  p2           8.86435e-03   4.34175e+00   4.05542e-05  -2.35946e+02
   4  p3           9.99931e-04   2.47491e-07   2.33088e-08  -1.82096e+06
                               ERR DEF= 0.5
 FCN=87.072 FROM MIGRAD    STATUS=PROGRESS      163 CALLS         164 TOTAL
                     EDM=0.893317    STRATEGY= 1  ERROR MATRIX UNCERTAINTY  29.0 per cent
  EXT PARAMETER                APPROXIMATE        STEP         FIRST   
  NO.   NAME      VALUE            ERROR          SIZE      DERIVATIVE 
   1  p0           5.57614e+05   2.10035e+03  -1.13122e+02   9.97879e-03
   2  p1           5.65436e-01   6.79516e-04   3.65937e-05   2.95065e+04
   3  p2           1.72496e-02   4.65565e-03   2.06948e-04  -1.53010e+01
   4  p3           9.99977e-04   7.44865e-08   8.39549e-10  -7.61149e+05
                               ERR DEF= 0.5
 MINUIT WARNING IN MIGRAD  
 ============== Negative diagonal element 1 in Error Matrix
 MINUIT WARNING IN MIGRAD  
 ============== Negative diagonal element 2 in Error Matrix
 MINUIT WARNING IN MIGRAD  
 ============== Negative diagonal element 3 in Error Matrix
 MINUIT WARNING IN MIGRAD  
 ============== 2.08537e+07 added to diagonal of error matrix
 EIGENVALUES OF SECOND-DERIVATIVE MATRIX:
         9.9178e-01  1.0000e+00  1.0000e+00  1.0082e+00
 MIGRAD FAILS TO FIND IMPROVEMENT
   START COVARIANCE MATRIX CALCULATION.
 EIGENVALUES OF SECOND-DERIVATIVE MATRIX:
         8.7201e-04  3.8180e-01  8.9973e-01  2.7176e+00
 COVARIANCE MATRIX CALCULATED SUCCESSFULLY
 FCN=86.9947 FROM HESSE     STATUS=OK             25 CALLS         261 TOTAL
                     EDM=0.00227077    STRATEGY= 1      ERROR MATRIX ACCURATE 
  EXT PARAMETER                                   STEP         FIRST   
  NO.   NAME      VALUE            ERROR          SIZE      DERIVATIVE 
   1  p0           5.57433e+05   1.22536e+02   2.65805e-01   6.92626e-03
   2  p1           5.65495e-01   3.94205e-05   2.69649e-07   2.03128e+04
   3  p2           1.75773e-02   2.15283e-03   1.01429e-05  -9.29991e+00
   4  p3           9.99979e-04   7.92905e-08   4.76827e-10  -6.22706e+05
                               ERR DEF= 0.5
 PARAMETER  CORRELATION COEFFICIENTS  
       NO.  GLOBAL      1      2      3      4
        1  0.99913   1.000 -0.999  0.332  0.428
        2  0.99912  -0.999  1.000 -0.307 -0.428
        3  0.73041   0.332 -0.307  1.000  0.536
        4  0.65257   0.428 -0.428  0.536  1.000
 FCN=86.9913 FROM MIGRAD    STATUS=PROGRESS      270 CALLS         271 TOTAL
                     EDM=0.00135906    STRATEGY= 1      ERROR MATRIX ACCURATE 
  EXT PARAMETER                                   STEP         FIRST   
  NO.   NAME      VALUE            ERROR          SIZE      DERIVATIVE 
   1  p0           5.57429e+05   1.22536e+02  -3.92449e+00  -2.96125e-03
   2  p1           5.65496e-01   3.94205e-05   1.16255e-06  -1.03286e+04
   3  p2           1.76119e-02   2.15283e-03   3.46470e-05   1.12524e+00
   4  p3           9.99984e-04   7.92905e-08   4.75175e-09   8.95058e+04
                               ERR DEF= 0.5
 MIGRAD FAILS TO FIND IMPROVEMENT
 MIGRAD TERMINATED WITHOUT CONVERGENCE.
 FCN=86.9851 FROM MIGRAD    STATUS=FAILED        298 CALLS         299 TOTAL
                     EDM=2981.12    STRATEGY= 1  ERROR MATRIX UNCERTAINTY 100.0 per cent
  EXT PARAMETER                APPROXIMATE        STEP         FIRST   
  NO.   NAME      VALUE            ERROR          SIZE      DERIVATIVE 
   1  p0           5.57413e+05   7.64069e+00   0.00000e+00  -4.09663e-03
   2  p1           5.65501e-01   1.61721e-06  -0.00000e+00   1.89855e+06
   3  p2           1.75904e-02   2.09933e-03   0.00000e+00  -6.57427e+00
   4  p3           9.99983e-04   7.51013e-08   0.00000e+00   3.23358e+04
                               ERR DEF= 0.5
 EXTERNAL ERROR MATRIX.    NDIM=  25    NPAR=  4    ERR DEF=0.5
  5.838e+01 -8.086e-06  6.181e-03  3.533e-08 
 -8.086e-06  2.615e-12  1.273e-11  1.266e-16 
  6.181e-03  1.273e-11  4.407e-06  8.412e-11 
  3.533e-08  1.266e-16  8.412e-11  5.640e-15 
ERR MATRIX APPROXIMATE
 PARAMETER  CORRELATION COEFFICIENTS  
       NO.  GLOBAL      1      2      3      4
        1  0.77966   1.000 -0.654  0.385  0.062
        2  0.72335  -0.654  1.000  0.004  0.001
        3  0.71139   0.385  0.004  1.000  0.534
        4  0.57820   0.062  0.001  0.534  1.000
 ERR MATRIX APPROXIMATE
 FCN=86.9851 FROM MIGRAD    STATUS=FAILED        298 CALLS         299 TOTAL
                     EDM=2981.12    STRATEGY= 1  ERROR MATRIX UNCERTAINTY 100.0 per cent
  EXT PARAMETER                  PARABOLIC         MINOS ERRORS        
  NO.   NAME      VALUE            ERROR      NEGATIVE      POSITIVE   
   1  p0           5.57413e+05   7.64069e+00                            
   2  p1           5.65501e-01   1.61721e-06                            
   3  p2           1.75904e-02   2.09933e-03                            
   4  p3           9.99983e-04   7.51013e-08                            
                               ERR DEF= 0.5
 **********
 **   13 **SET PRINT           2
 **********
 **********
 **   14 **SET NOGRAD
 **********
 PARAMETER DEFINITIONS:
    NO.   NAME         VALUE      STEP SIZE      LIMITS
     1 p0           5.57413e+05  7.64069e+00     no limits
     2 p1           5.65501e-01  1.61721e-06     no limits
     3 p2           1.75904e-02  2.09933e-03     no limits
     4 p3           9.99983e-04  7.51013e-08     no limits
 **********
 **   15 **SET ERR         0.5
 **********
 **********
 **   16 **SET PRINT           2
 **********
 **********
 **   17 **SET STR           1
 **********
 NOW USING STRATEGY  1: TRY TO BALANCE SPEED AGAINST RELIABILITY
 **********
 **   18 **MIGRAD        1480        0.01
 **********
 FIRST CALL TO USER FUNCTION AT NEW START POINT, WITH IFLAG=4.
 START MIGRAD MINIMIZATION.  STRATEGY  1.  CONVERGENCE WHEN EDM .LT. 1.00e-05
 FCN=86.9851 FROM MIGRAD    STATUS=INITIATE       12 CALLS          13 TOTAL
                     EDM= unknown      STRATEGY= 1      NO ERROR MATRIX       
  EXT PARAMETER               CURRENT GUESS       STEP         FIRST   
  NO.   NAME      VALUE            ERROR          SIZE      DERIVATIVE 
   1  p0           5.57413e+05   7.64069e+00   7.64069e+00  -4.09663e-03
   2  p1           5.65501e-01   1.61721e-06   1.61721e-06   1.89855e+06
   3  p2           1.75904e-02   2.09933e-03   2.09933e-03  -6.87075e+00
   4  p3           9.99983e-04   7.51013e-08   7.51013e-08   3.23358e+04
                               ERR DEF= 0.5
NO ERROR MATRIX       
 MIGRAD FAILS TO FIND IMPROVEMENT
   START COVARIANCE MATRIX CALCULATION.
 EIGENVALUES OF SECOND-DERIVATIVE MATRIX:
         2.9514e-01  5.0555e-01  1.0004e+00  2.1989e+00
 COVARIANCE MATRIX CALCULATED SUCCESSFULLY
 FCN=86.9851 FROM HESSE     STATUS=OK             29 CALLS          53 TOTAL
                     EDM=0.629479    STRATEGY= 1      ERROR MATRIX ACCURATE 
  EXT PARAMETER                                   STEP         FIRST   
  NO.   NAME      VALUE            ERROR          SIZE      DERIVATIVE 
   1  p0           5.57413e+05   7.15886e+00   2.65795e-01  -4.11665e-03
   2  p1           5.65501e-01   2.95294e-07   2.69652e-07   3.80540e+06
   3  p2           1.75904e-02   2.64309e-03   1.04115e-05  -7.78169e+00
   4  p3           9.99983e-04   7.60468e-08   4.76829e-10   3.49971e+04
                               ERR DEF= 0.5
 PARAMETER  CORRELATION COEFFICIENTS  
       NO.  GLOBAL      1      2      3      4
        1  0.69974   1.000  0.015  0.648 -0.072
        2  0.46059   0.015  1.000  0.052 -0.404
        3  0.72676   0.648  0.052  1.000  0.234
        4  0.56648  -0.072 -0.404  0.234  1.000
 MIGRAD FAILS TO FIND IMPROVEMENT
 MIGRAD TERMINATED WITHOUT CONVERGENCE.
 FCN=86.9851 FROM MIGRAD    STATUS=FAILED         63 CALLS          64 TOTAL
                     EDM=0.629479    STRATEGY= 1      ERR MATRIX APPROXIMATE
  EXT PARAMETER                APPROXIMATE        STEP         FIRST   
  NO.   NAME      VALUE            ERROR          SIZE      DERIVATIVE 
   1  p0           5.57413e+05   7.15886e+00   0.00000e+00  -4.11665e-03
   2  p1           5.65501e-01   2.95294e-07  -0.00000e+00   3.80540e+06
   3  p2           1.75904e-02   2.64309e-03  -0.00000e+00  -7.78169e+00
   4  p3           9.99983e-04   7.60468e-08   0.00000e+00   3.49971e+04
                               ERR DEF= 0.5
 EXTERNAL ERROR MATRIX.    NDIM=  25    NPAR=  4    ERR DEF=0.5
  5.125e+01  3.253e-08  1.226e-02 -3.902e-08 
  3.253e-08  8.720e-14  4.051e-11 -9.082e-15 
  1.226e-02  4.051e-11  6.986e-06  4.705e-11 
 -3.902e-08 -9.082e-15  4.705e-11  5.783e-15 
ERR MATRIX APPROXIMATE
 PARAMETER  CORRELATION COEFFICIENTS  
       NO.  GLOBAL      1      2      3      4
        1  0.69974   1.000  0.015  0.648 -0.072
        2  0.46059   0.015  1.000  0.052 -0.404
        3  0.72676   0.648  0.052  1.000  0.234
        4  0.56648  -0.072 -0.404  0.234  1.000
 ERR MATRIX APPROXIMATE
 FCN=86.9851 FROM MIGRAD    STATUS=FAILED         63 CALLS          64 TOTAL
                     EDM=0.629479    STRATEGY= 1      ERR MATRIX APPROXIMATE
  EXT PARAMETER                  PARABOLIC         MINOS ERRORS        
  NO.   NAME      VALUE            ERROR      NEGATIVE      POSITIVE   
   1  p0           5.57413e+05   7.15886e+00                            
   2  p1           5.65501e-01   2.95294e-07                            
   3  p2           1.75904e-02   2.64309e-03                            
   4  p3           9.99983e-04   7.60468e-08                            
                               ERR DEF= 0.5
------------------------------------------
Enering ROOFIt-------
 PARAMETER DEFINITIONS:
    NO.   NAME         VALUE      STEP SIZE      LIMITS
     1 norm         5.57413e+05  1.00000e-01     no limits
     2 Q            5.65000e-01  1.00000e-01     no limits
     3 theta        0.00000e+00  1.00000e-01     no limits
     4 pileup       9.99983e-04  1.00000e-01     no limits
 **********
 **    1 **MIGRAD
 **********
 FIRST CALL TO USER FUNCTION AT NEW START POINT, WITH IFLAG=4.
 START MIGRAD MINIMIZATION.  STRATEGY  1.  CONVERGENCE WHEN EDM .LT. 1.00e-04
 FCN=-2.37862e+11 FROM MIGRAD    STATUS=INITIATE       14 CALLS          15 TOTAL
                     EDM= unknown      STRATEGY= 1      NO ERROR MATRIX       
  EXT PARAMETER               CURRENT GUESS       STEP         FIRST   
  NO.   NAME      VALUE            ERROR          SIZE      DERIVATIVE 
   1  norm         5.57413e+05   1.00000e-01   1.00000e-01  -5.86904e+01
   2  Q            5.65000e-01   1.00000e-01   1.00000e-01  -8.84477e+08
   3  theta        0.00000e+00   1.00000e-01   1.00000e-01   0.00000e+00
   4  pileup       9.99983e-04   1.00000e-01   1.00000e-01  -9.20101e+11
 MIGRAD FAILS TO FIND IMPROVEMENT
 EIGENVALUES OF SECOND-DERIVATIVE MATRIX:
        -3.8298e-01  4.0656e-01  6.6861e-01  3.3078e+00
 MINUIT WARNING IN HESSE   
 ============== MATRIX FORCED POS-DEF BY ADDING 0.386285 TO DIAGONAL.
 FCN=-2.37862e+11 FROM HESSE     STATUS=NOT POSDEF     25 CALLS          92 TOTAL
                     EDM=6512.57    STRATEGY= 1      ERR MATRIX NOT POS-DEF
  EXT PARAMETER                APPROXIMATE        STEP         FIRST   
  NO.   NAME      VALUE            ERROR          SIZE      DERIVATIVE 
   1  norm         5.58767e+05   9.35109e+00   1.72567e+03   1.60521e+00
   2  Q            5.65015e-01   4.77728e-06   5.55130e-04   5.09284e+06
   3  theta        0.00000e+00   1.03167e-02   1.16180e-01   0.00000e+00
   4  pileup       1.00636e-03   9.47710e-08   2.10736e-05   1.51154e+09
 MIGRAD FAILS TO FIND IMPROVEMENT
 MACHINE ACCURACY LIMITS FURTHER IMPROVEMENT.
 MIGRAD MINIMIZATION HAS CONVERGED.
 MIGRAD WILL VERIFY CONVERGENCE AND ERROR MATRIX.
 EIGENVALUES OF SECOND-DERIVATIVE MATRIX:
        -3.7378e-04  4.1342e-01  8.5223e-01  2.7347e+00
 MINUIT WARNING IN HESSE   
 ============== MATRIX FORCED POS-DEF BY ADDING 0.003108 TO DIAGONAL.
 MIGRAD TERMINATED WITHOUT CONVERGENCE.
 FCN=-2.37862e+11 FROM MIGRAD    STATUS=FAILED        267 CALLS         268 TOTAL
                     EDM=0.0344398    STRATEGY= 1      ERR MATRIX NOT POS-DEF
  EXT PARAMETER                APPROXIMATE        STEP         FIRST   
  NO.   NAME      VALUE            ERROR          SIZE      DERIVATIVE 
   1  norm         5.58886e+05   9.75774e+01   1.72558e+03   1.65115e-03
   2  Q            5.65022e-01   3.17001e-05   9.56273e-05   9.18777e+03
   3  theta       -2.86925e-03   1.05394e-03   1.02352e-01   1.68239e+02
   4  pileup       9.99881e-04   1.02183e-07   2.09853e-05  -1.88196e+06
 EXTERNAL ERROR MATRIX.    NDIM=  25    NPAR=  4    ERR DEF=1
  9.521e+03 -3.080e-03 -1.720e-02 -5.078e-07 
 -3.080e-03  1.005e-09  7.143e-09  1.478e-13 
 -1.720e-02  7.143e-09  1.111e-06  4.334e-11 
 -5.078e-07  1.478e-13  4.334e-11  1.044e-14 
ERR MATRIX NOT POS-DEF
 PARAMETER  CORRELATION COEFFICIENTS  
       NO.  GLOBAL      1      2      3      4
        1  0.99725   1.000 -0.996 -0.167 -0.051
        2  0.99730  -0.996  1.000  0.214  0.046
        3  0.68819  -0.167  0.214  1.000  0.402
        4  0.50851  -0.051  0.046  0.402  1.000
 ERR MATRIX NOT POS-DEF
 **********
 **    2 **MIGRAD 
 **********
 START MIGRAD MINIMIZATION.  STRATEGY  1.  CONVERGENCE WHEN EDM .LT. 1.00e-04
 FCN=-2.37862e+11 FROM MIGRAD    STATUS=INITIATE        8 CALLS         276 TOTAL
                     EDM=2.96601    STRATEGY= 1      ERR MATRIX NOT POS-DEF
  EXT PARAMETER                APPROXIMATE        STEP         FIRST   
  NO.   NAME      VALUE            ERROR          SIZE      DERIVATIVE 
   1  norm         5.58886e+05   9.75774e+01   1.72558e+03  -8.58551e-03
   2  Q            5.65022e-01   3.17001e-05   9.56273e-05   9.51599e+03
   3  theta       -2.86925e-03   1.05394e-03   1.02352e-01  -2.97778e+03
   4  pileup       9.99881e-04   1.02183e-07   2.09853e-05  -6.39241e+06
 MIGRAD FAILS TO FIND IMPROVEMENT
 MACHINE ACCURACY LIMITS FURTHER IMPROVEMENT.
 MIGRAD MINIMIZATION HAS CONVERGED.
 MIGRAD WILL VERIFY CONVERGENCE AND ERROR MATRIX.
 EIGENVALUES OF SECOND-DERIVATIVE MATRIX:
        -3.8316e-04  4.5170e-01  8.5463e-01  2.6941e+00
 MINUIT WARNING IN HESSE   
 ============== MATRIX FORCED POS-DEF BY ADDING 0.003077 TO DIAGONAL.
 FCN=-2.37862e+11 FROM HESSE     STATUS=NOT POSDEF     29 CALLS         316 TOTAL
                     EDM=0.0624882    STRATEGY= 1      ERR MATRIX NOT POS-DEF
  EXT PARAMETER                APPROXIMATE        STEP         FIRST   
  NO.   NAME      VALUE            ERROR          SIZE      DERIVATIVE 
   1  norm         5.58886e+05   9.87825e+01   6.90232e+02   1.73704e-03
   2  Q            5.65022e-01   3.17900e-05   1.91255e-04   9.19814e+03
   3  theta       -2.86925e-03   2.61409e-03   4.09407e-02   1.94934e+02
   4  pileup       9.99881e-04   1.00930e-07   8.39413e-06  -1.84329e+06
 MIGRAD FAILS TO FIND IMPROVEMENT
 MIGRAD TERMINATED WITHOUT CONVERGENCE.
 FCN=-2.37862e+11 FROM MIGRAD    STATUS=FAILED        110 CALLS         378 TOTAL
                     EDM=510568    STRATEGY= 1      ERR MATRIX NOT POS-DEF
  EXT PARAMETER                APPROXIMATE        STEP         FIRST   
  NO.   NAME      VALUE            ERROR          SIZE      DERIVATIVE 
   1  norm         5.58897e+05   7.03788e+00   0.00000e+00  -1.38220e-01
   2  Q            5.65018e-01   1.07888e-08  -0.00000e+00  -2.25334e+05
   3  theta       -3.71974e-03   3.97489e-04   0.00000e+00  -6.70125e+04
   4  pileup       9.99884e-04   9.21518e-08   0.00000e+00  -3.23069e+07
 EXTERNAL ERROR MATRIX.    NDIM=  25    NPAR=  4    ERR DEF=1
  4.953e+01 -3.509e-09  1.380e-04 -3.339e-07 
 -3.509e-09  1.164e-16 -3.969e-12  7.940e-17 
  1.380e-04 -3.969e-12  1.580e-07 -3.194e-12 
 -3.339e-07  7.940e-17 -3.194e-12  8.492e-15 
ERR MATRIX NOT POS-DEF
 PARAMETER  CORRELATION COEFFICIENTS  
       NO.  GLOBAL      1      2      3      4
        1  0.51485   1.000 -0.046  0.049 -0.515
        2  0.92563  -0.046  1.000 -0.926  0.080
        3  0.92572   0.049 -0.926  1.000 -0.087
        4  0.51854  -0.515  0.080 -0.087  1.000
 ERR MATRIX NOT POS-DEF
status of the fit-----000------4
1  558897
2  0.565018
3  -0.00371974
4  0.000999884
 PARAMETER DEFINITIONS:
    NO.   NAME         VALUE      STEP SIZE      LIMITS
     1 norm         5.58897e+05  1.00000e-01     no limits
     2 Q            5.65018e-01  1.00000e-01     no limits
     3 theta       -3.71974e-03  1.00000e-01     no limits
     4 pileup       9.99884e-04  1.00000e-01     no limits
 **********
 **    3 **MIGRAD
 **********
 FIRST CALL TO USER FUNCTION AT NEW START POINT, WITH IFLAG=4.
 START MIGRAD MINIMIZATION.  STRATEGY  1.  CONVERGENCE WHEN EDM .LT. 1.00e-04
 FCN=-2.37862e+11 FROM MIGRAD    STATUS=INITIATE       14 CALLS         393 TOTAL
                     EDM= unknown      STRATEGY= 1      NO ERROR MATRIX       
  EXT PARAMETER               CURRENT GUESS       STEP         FIRST   
  NO.   NAME      VALUE            ERROR          SIZE      DERIVATIVE 
   1  norm         5.58897e+05   1.00000e-01   1.00000e-01  -7.35964e-02
   2  Q            5.65018e-01   1.00000e-01   1.00000e-01   8.39928e+06
   3  theta       -3.71974e-03   1.00000e-01   1.00000e-01  -2.44515e+04
   4  pileup       9.99884e-04   1.00000e-01   1.00000e-01  -9.18009e+11
 MIGRAD FAILS TO FIND IMPROVEMENT
 COVARIANCE MATRIX CALCULATED SUCCESSFULLY
 FCN=-2.37862e+11 FROM HESSE     STATUS=OK             29 CALLS         433 TOTAL
                     EDM=0.966737    STRATEGY= 1      ERROR MATRIX ACCURATE 
  EXT PARAMETER                                   STEP         FIRST   
  NO.   NAME      VALUE            ERROR          SIZE      DERIVATIVE 
   1  norm         5.58897e+05   2.93389e+01   2.66503e+00  -7.35735e-02
   2  Q            5.65018e-01   2.44364e-06   1.00000e-03  -2.25416e+05
   3  theta       -3.71974e-03   2.06995e-03   1.00000e-01   1.80416e+02
   4  pileup       9.99884e-04   9.24345e-08   1.00000e-02  -4.41930e+06
 MIGRAD FAILS TO FIND IMPROVEMENT
 MACHINE ACCURACY LIMITS FURTHER IMPROVEMENT.
 MIGRAD MINIMIZATION HAS CONVERGED.
 MIGRAD WILL VERIFY CONVERGENCE AND ERROR MATRIX.
 EIGENVALUES OF SECOND-DERIVATIVE MATRIX:
        -8.3785e-06  5.0473e-01  8.5581e-01  2.6395e+00
 MINUIT WARNING IN HESSE   
 ============== MATRIX FORCED POS-DEF BY ADDING 0.002648 TO DIAGONAL.
 MIGRAD TERMINATED WITHOUT CONVERGENCE.
 FCN=-2.37862e+11 FROM MIGRAD    STATUS=FAILED        102 CALLS         481 TOTAL
                     EDM=0.292639    STRATEGY= 1      ERR MATRIX NOT POS-DEF
  EXT PARAMETER                APPROXIMATE        STEP         FIRST   
  NO.   NAME      VALUE            ERROR          SIZE      DERIVATIVE 
   1  norm         5.58900e+05   9.97338e+01   5.33005e+00   2.08267e-02
   2  Q            5.65018e-01   3.21294e-05   1.02992e-04   6.79187e+04
   3  theta       -3.90785e-03   2.54004e-03   4.00000e-02   2.65856e+02
   4  pileup       9.99886e-04   9.93411e-08   2.14102e-05  -8.81257e+05
 EXTERNAL ERROR MATRIX.    NDIM=  25    NPAR=  4    ERR DEF=1
  9.947e+03 -3.193e-03 -2.132e-03  3.578e-08 
 -3.193e-03  1.032e-09  3.764e-09 -4.953e-14 
 -2.132e-03  3.764e-09  6.452e-06  8.483e-11 
  3.578e-08 -4.953e-14  8.483e-11  9.869e-15 
ERR MATRIX NOT POS-DEF
 PARAMETER  CORRELATION COEFFICIENTS  
       NO.  GLOBAL      1      2      3      4
        1  0.99736   1.000 -0.996 -0.008  0.004
        2  0.99737  -0.996  1.000  0.046 -0.016
        3  0.59559  -0.008  0.046  1.000  0.336
        4  0.46389   0.004 -0.016  0.336  1.000
 ERR MATRIX NOT POS-DEF
 **********
 **    4 **MIGRAD 
 **********
 START MIGRAD MINIMIZATION.  STRATEGY  1.  CONVERGENCE WHEN EDM .LT. 1.00e-04
 FCN=-2.37862e+11 FROM MIGRAD    STATUS=INITIATE        8 CALLS         489 TOTAL
                     EDM=0.390181    STRATEGY= 1      ERR MATRIX NOT POS-DEF
  EXT PARAMETER                APPROXIMATE        STEP         FIRST   
  NO.   NAME      VALUE            ERROR          SIZE      DERIVATIVE 
   1  norm         5.58900e+05   9.97338e+01   5.33005e+00   2.07552e-02
   2  Q            5.65018e-01   3.21294e-05   1.02992e-04   6.82891e+04
   3  theta       -3.90785e-03   2.54004e-03   4.00000e-02  -3.88419e+02
   4  pileup       9.99886e-04   9.93411e-08   2.14102e-05  -5.57617e+06
 MIGRAD FAILS TO FIND IMPROVEMENT
 MACHINE ACCURACY LIMITS FURTHER IMPROVEMENT.
 MIGRAD MINIMIZATION HAS CONVERGED.
 MIGRAD WILL VERIFY CONVERGENCE AND ERROR MATRIX.
 EIGENVALUES OF SECOND-DERIVATIVE MATRIX:
        -3.2307e-04  5.4380e-01  8.5873e-01  2.5978e+00
 MINUIT WARNING IN HESSE   
 ============== MATRIX FORCED POS-DEF BY ADDING 0.002921 TO DIAGONAL.
 FCN=-2.37862e+11 FROM HESSE     STATUS=NOT POSDEF     27 CALLS         527 TOTAL
                     EDM=1.59549    STRATEGY= 1      ERR MATRIX NOT POS-DEF
  EXT PARAMETER                APPROXIMATE        STEP         FIRST   
  NO.   NAME      VALUE            ERROR          SIZE      DERIVATIVE 
   1  norm         5.58900e+05   1.00626e+02   1.06601e+01   2.07409e-02
   2  Q            5.65018e-01   3.23559e-05   2.05984e-04   6.79253e+04
   3  theta       -3.90785e-03   9.10659e-03   1.60000e-02   2.71320e+02
   4  pileup       9.99886e-04   9.84717e-08   8.56407e-06  -8.41285e+05
 EIGENVALUES OF SECOND-DERIVATIVE MATRIX:
        -1.3171e-01  4.0987e-01  1.5534e+00  2.1685e+00
 MINUIT WARNING IN MIGRAD  
 ============== MATRIX FORCED POS-DEF BY ADDING 0.133878 TO DIAGONAL.
 MIGRAD FAILS TO FIND IMPROVEMENT
 MIGRAD TERMINATED WITHOUT CONVERGENCE.
 FCN=-2.37862e+11 FROM MIGRAD    STATUS=FAILED         86 CALLS         567 TOTAL
                     EDM=4.07936e+08    STRATEGY= 1      ERR MATRIX NOT POS-DEF
  EXT PARAMETER                APPROXIMATE        STEP         FIRST   
  NO.   NAME      VALUE            ERROR          SIZE      DERIVATIVE 
   1  norm         5.58906e+05   7.45031e+00  -0.00000e+00  -6.59761e-02
   2  Q            5.65016e-01   8.84144e-08   0.00000e+00   1.24725e+09
   3  theta       -7.96357e-03   5.89037e-03   0.00000e+00  -2.12425e+04
   4  pileup       9.99903e-04   9.39530e-08   0.00000e+00  -3.24386e+07
 EXTERNAL ERROR MATRIX.    NDIM=  25    NPAR=  4    ERR DEF=1
  5.551e+01 -8.877e-08 -5.213e-03 -3.438e-07 
 -8.877e-08  7.817e-15  5.197e-10 -6.514e-16 
 -5.213e-03  5.197e-10  3.470e-05 -4.937e-11 
 -3.438e-07 -6.514e-16 -4.937e-11  8.827e-15 
ERR MATRIX NOT POS-DEF
 PARAMETER  CORRELATION COEFFICIENTS  
       NO.  GLOBAL      1      2      3      4
        1  0.54553   1.000 -0.135 -0.119 -0.491
        2  0.99809  -0.135  1.000  0.998 -0.078
        3  0.99808  -0.119  0.998  1.000 -0.089
        4  0.51463  -0.491 -0.078 -0.089  1.000
 ERR MATRIX NOT POS-DEF
status of the fit-----000------4
1  558906
2  0.565016
3  -0.00796357
4  0.000999903
 PARAMETER DEFINITIONS:
    NO.   NAME         VALUE      STEP SIZE      LIMITS
     1 norm         5.58906e+05  1.00000e-01     no limits
     2 Q            5.65016e-01  1.00000e-01     no limits
     3 theta       -7.96357e-03  1.00000e-01     no limits
     4 pileup       9.99903e-04  1.00000e-01     no limits
 **********
 **    5 **MIGRAD
 **********
 FIRST CALL TO USER FUNCTION AT NEW START POINT, WITH IFLAG=4.
 START MIGRAD MINIMIZATION.  STRATEGY  1.  CONVERGENCE WHEN EDM .LT. 1.00e-04
 FCN=-2.37862e+11 FROM MIGRAD    STATUS=INITIATE       14 CALLS         582 TOTAL
                     EDM= unknown      STRATEGY= 1      NO ERROR MATRIX       
  EXT PARAMETER               CURRENT GUESS       STEP         FIRST   
  NO.   NAME      VALUE            ERROR          SIZE      DERIVATIVE 
   1  norm         5.58906e+05   1.00000e-01   1.00000e-01  -6.50356e-02
   2  Q            5.65016e-01   1.00000e-01   1.00000e-01   7.79556e+06
   3  theta       -7.96357e-03   1.00000e-01   1.00000e-01  -5.24867e+04
   4  pileup       9.99903e-04   1.00000e-01   1.00000e-01  -9.18010e+11
 MIGRAD FAILS TO FIND IMPROVEMENT
 COVARIANCE MATRIX CALCULATED SUCCESSFULLY
 FCN=-2.37862e+11 FROM HESSE     STATUS=OK             29 CALLS         622 TOTAL
                     EDM=0.551568    STRATEGY= 1      ERROR MATRIX ACCURATE 
  EXT PARAMETER                                   STEP         FIRST   
  NO.   NAME      VALUE            ERROR          SIZE      DERIVATIVE 
   1  norm         5.58906e+05   2.34434e+01   2.66507e+00  -6.49268e-02
   2  Q            5.65016e-01   1.74699e-06   1.00000e-03  -2.00177e+05
   3  theta       -7.96357e-03   1.38966e-03   1.00000e-01   2.59972e+02
   4  pileup       9.99903e-04   9.24345e-08   1.00000e-02  -4.54897e+06
 MIGRAD FAILS TO FIND IMPROVEMENT
 MIGRAD TERMINATED WITHOUT CONVERGENCE.
 FCN=-2.37862e+11 FROM MIGRAD    STATUS=FAILED        100 CALLS         668 TOTAL
                     EDM=745785    STRATEGY= 1  ERROR MATRIX UNCERTAINTY 100.0 per cent
  EXT PARAMETER                APPROXIMATE        STEP         FIRST   
  NO.   NAME      VALUE            ERROR          SIZE      DERIVATIVE 
   1  norm         5.58909e+05   6.94582e+00   0.00000e+00   2.26583e-02
   2  Q            5.65015e-01   2.44952e-07   0.00000e+00   1.24807e+09
   3  theta       -8.08780e-03   3.37457e-04   0.00000e+00  -9.13757e+05
   4  pileup       9.99906e-04   8.93574e-08   0.00000e+00  -2.93866e+07
 EXTERNAL ERROR MATRIX.    NDIM=  25    NPAR=  4    ERR DEF=1
  4.824e+01  8.798e-08  1.213e-04  3.735e-08 
  8.798e-08  6.000e-14  8.266e-11 -1.841e-14 
  1.213e-04  8.266e-11  1.139e-07 -2.536e-11 
  3.735e-08 -1.841e-14 -2.536e-11  7.985e-15 
ERR MATRIX APPROXIMATE
 PARAMETER  CORRELATION COEFFICIENTS  
       NO.  GLOBAL      1      2      3      4
        1  0.19850   1.000  0.052  0.052  0.060
        2  1.00001   0.052  1.000  1.000 -0.841
        3  1.00001   0.052  1.000  1.000 -0.841
        4  0.84684   0.060 -0.841 -0.841  1.000
 ERR MATRIX APPROXIMATE
 **********
 **    6 **MIGRAD 
 **********
 START MIGRAD MINIMIZATION.  STRATEGY  1.  CONVERGENCE WHEN EDM .LT. 1.00e-04
 FCN=-2.37862e+11 FROM MIGRAD    STATUS=INITIATE       16 CALLS         684 TOTAL
                     EDM=5.2273    STRATEGY= 1  ERROR MATRIX UNCERTAINTY 100.0 per cent
  EXT PARAMETER                APPROXIMATE        STEP         FIRST   
  NO.   NAME      VALUE            ERROR          SIZE      DERIVATIVE 
   1  norm         5.58909e+05   6.94582e+00   0.00000e+00   1.65573e-02
   2  Q            5.65015e-01   2.44952e-07   0.00000e+00   7.25932e+04
   3  theta       -8.08780e-03   3.37457e-04   0.00000e+00  -1.05748e+04
   4  pileup       9.99906e-04   8.93574e-08   0.00000e+00  -2.93868e+07
 MIGRAD FAILS TO FIND IMPROVEMENT
 MACHINE ACCURACY LIMITS FURTHER IMPROVEMENT.
 MIGRAD MINIMIZATION HAS CONVERGED.
 MIGRAD WILL VERIFY CONVERGENCE AND ERROR MATRIX.
 EIGENVALUES OF SECOND-DERIVATIVE MATRIX:
        -1.7539e-04  6.6260e-01  8.6949e-01  2.4681e+00
 MINUIT WARNING IN HESSE   
 ============== MATRIX FORCED POS-DEF BY ADDING 0.002643 TO DIAGONAL.
 FCN=-2.37862e+11 FROM HESSE     STATUS=NOT POSDEF     29 CALLS         724 TOTAL
                     EDM=0.17611    STRATEGY= 1      ERR MATRIX NOT POS-DEF
  EXT PARAMETER                APPROXIMATE        STEP         FIRST   
  NO.   NAME      VALUE            ERROR          SIZE      DERIVATIVE 
   1  norm         5.58909e+05   1.03163e+02   5.33014e+02   2.27115e-02
   2  Q            5.65015e-01   3.32122e-05   9.52470e-05   7.25284e+04
   3  theta       -8.08780e-03   1.86472e-03   4.53616e-02   4.12067e+02
   4  pileup       9.99906e-04   9.61703e-08   2.09856e-05  -9.52785e+05
 MIGRAD FAILS TO FIND IMPROVEMENT
 MACHINE ACCURACY LIMITS FURTHER IMPROVEMENT.
 MIGRAD MINIMIZATION HAS CONVERGED.
 MIGRAD WILL VERIFY CONVERGENCE AND ERROR MATRIX.
 EIGENVALUES OF SECOND-DERIVATIVE MATRIX:
        -1.4269e-02  4.8452e-01  6.6996e-01  2.8598e+00
 MINUIT WARNING IN HESSE   
 ============== MATRIX FORCED POS-DEF BY ADDING 0.017129 TO DIAGONAL.
 MIGRAD TERMINATED WITHOUT CONVERGENCE.
 FCN=-2.37862e+11 FROM MIGRAD    STATUS=FAILED        172 CALLS         840 TOTAL
                     EDM=647.072    STRATEGY= 1      ERR MATRIX NOT POS-DEF
  EXT PARAMETER                APPROXIMATE        STEP         FIRST   
  NO.   NAME      VALUE            ERROR          SIZE      DERIVATIVE 
   1  norm         5.58914e+05   1.75160e+01   1.72567e+03  -5.94736e-02
   2  Q            5.65013e-01   5.67248e-06   5.54947e-04  -1.83167e+05
   3  theta       -8.82350e-03   5.12040e-03   1.78663e-01  -7.09835e+03
   4  pileup       9.99913e-04   2.09733e-07   2.09855e-05  -2.96783e+06
 EXTERNAL ERROR MATRIX.    NDIM=  25    NPAR=  4    ERR DEF=1
  3.068e+02 -8.657e-05 -7.551e-02  2.728e-06 
 -8.657e-05  3.218e-11  2.888e-08 -1.047e-12 
 -7.551e-02  2.888e-08  2.622e-05 -9.195e-10 
  2.728e-06 -1.047e-12 -9.195e-10  4.399e-14 
ERR MATRIX NOT POS-DEF
 PARAMETER  CORRELATION COEFFICIENTS  
       NO.  GLOBAL      1      2      3      4
        1  0.91199   1.000 -0.871 -0.842  0.743
        2  0.99756  -0.871  1.000  0.994 -0.880
        3  0.99649  -0.842  0.994  1.000 -0.856
        4  0.90908   0.743 -0.880 -0.856  1.000
 ERR MATRIX NOT POS-DEF
status of the fit-----000------4
1  558914
2  0.565013
3  -0.0088235
4  0.000999913
 **********
 **   19 **SET PRINT           2
 **********
 **********
 **   20 **SET NOGRAD
 **********
 PARAMETER DEFINITIONS:
    NO.   NAME         VALUE      STEP SIZE      LIMITS
     1 p0           5.58000e+05  1.67400e+05     no limits
     2 p1           5.65000e-01  1.69500e-01     no limits
     3 p2           0.00000e+00  3.00000e-01     no limits
     4 p3           9.99871e-04  2.99961e-04     no limits
 **********
 **   21 **SET ERR         0.5
 **********
 **********
 **   22 **SET PRINT           2
 **********
 **********
 **   23 **SET STR           1
 **********
 NOW USING STRATEGY  1: TRY TO BALANCE SPEED AGAINST RELIABILITY
 **********
 **   24 **MIGRAD        1480        0.01
 **********
 FIRST CALL TO USER FUNCTION AT NEW START POINT, WITH IFLAG=4.
 START MIGRAD MINIMIZATION.  STRATEGY  1.  CONVERGENCE WHEN EDM .LT. 1.00e-05
 FCN=16941.3 FROM MIGRAD    STATUS=INITIATE       18 CALLS          19 TOTAL
                     EDM= unknown      STRATEGY= 1      NO ERROR MATRIX       
  EXT PARAMETER               CURRENT GUESS       STEP         FIRST   
  NO.   NAME      VALUE            ERROR          SIZE      DERIVATIVE 
   1  p0           5.58000e+05   1.67400e+05   1.67400e+05  -3.58741e+01
   2  p1           5.65000e-01   1.69500e-01   1.69500e-01  -1.11359e+08
   3  p2           0.00000e+00   3.00000e-01   3.00000e-01   0.00000e+00
   4  p3           9.99871e-04   2.99961e-04   2.99961e-04  -9.60061e+08
                               ERR DEF= 0.5
NO ERROR MATRIX       
 FCN=505.837 FROM MIGRAD    STATUS=PROGRESS       34 CALLS          35 TOTAL
                     EDM=1399.88    STRATEGY= 1      NO ERROR MATRIX       
  EXT PARAMETER               CURRENT GUESS       STEP         FIRST   
  NO.   NAME      VALUE            ERROR          SIZE      DERIVATIVE 
   1  p0           5.58435e+05   1.67400e+05   4.34899e+02  -8.22632e-01
   2  p1           5.65140e-01   1.69500e-01   1.40242e-04  -2.52759e+06
   3  p2           0.00000e+00   3.00000e-01  -0.00000e+00   0.00000e+00
   4  p3           1.00160e-03   2.99961e-04   1.72561e-06   4.13912e+08
                               ERR DEF= 0.5
 MIGRAD MINIMIZATION HAS CONVERGED.
 MIGRAD WILL VERIFY CONVERGENCE AND ERROR MATRIX.
   START COVARIANCE MATRIX CALCULATION.
 MINUIT WARNING IN HESSE   
 ============== Negative diagonal element 3 in Error Matrix
 MINUIT WARNING IN HESSE   
 ============== 26477.3 added to diagonal of error matrix
 EIGENVALUES OF SECOND-DERIVATIVE MATRIX:
        -1.1232e+01  9.5397e-01  1.0000e+00  1.3278e+01
 MINUIT WARNING IN HESSE   
 ============== MATRIX FORCED POS-DEF BY ADDING 11.245242 TO DIAGONAL.
 FCN=77.2236 FROM MIGRAD    STATUS=CONVERGED      84 CALLS          85 TOTAL
                     EDM=2.07204e-06    STRATEGY= 1      ERR MATRIX NOT POS-DEF
  EXT PARAMETER                APPROXIMATE        STEP         FIRST   
  NO.   NAME      VALUE            ERROR          SIZE      DERIVATIVE 
   1  p0           5.58473e+05   1.75622e-03   2.66300e-01  -4.48095e-05
   2  p1           5.65152e-01   6.58995e-07   2.69486e-07   1.61181e+02
   3  p2           0.00000e+00   6.14181e+00   5.70958e-05   0.00000e+00
   4  p3           9.99675e-04   3.66301e-07   4.76682e-10  -4.12649e+03
                               ERR DEF= 0.5
 EXTERNAL ERROR MATRIX.    NDIM=  25    NPAR=  4    ERR DEF=0.5
  3.084e-06 -1.499e-12 -1.891e-05 -1.128e-12 
 -1.499e-12  4.343e-13  2.830e-06  1.684e-13 
 -1.891e-05  2.830e-06  3.772e+01  2.247e-06 
 -1.128e-12  1.684e-13  2.247e-06  1.342e-13 
ERR MATRIX NOT POS-DEF
 PARAMETER  CORRELATION COEFFICIENTS  
       NO.  GLOBAL      1      2      3      4
        1  0.00176   1.000 -0.001 -0.002 -0.002
        2  0.69942  -0.001  1.000  0.699  0.698
        3  0.99892  -0.002  0.699  1.000  0.999
        4  0.99891  -0.002  0.698  0.999  1.000
 ERR MATRIX NOT POS-DEF
 **********
 **   25 **HESSE        1480
 **********
   START COVARIANCE MATRIX CALCULATION.
 MINUIT WARNING IN HESSE   
 ============== Negative diagonal element 3 in Error Matrix
 MINUIT WARNING IN HESSE   
 ============== 26477.3 added to diagonal of error matrix
 EIGENVALUES OF SECOND-DERIVATIVE MATRIX:
        -1.0585e+00  7.6077e-01  1.0000e+00  3.2977e+00
 MINUIT WARNING IN HESSE   
 ============== MATRIX FORCED POS-DEF BY ADDING 1.061807 TO DIAGONAL.
 FCN=77.2236 FROM HESSE     STATUS=NOT POSDEF     23 CALLS         108 TOTAL
                     EDM=3.5966e-06    STRATEGY= 1      ERR MATRIX NOT POS-DEF
  EXT PARAMETER                APPROXIMATE     INTERNAL      INTERNAL  
  NO.   NAME      VALUE            ERROR       STEP SIZE       VALUE   
   1  p0           5.58473e+05   4.28031e-03   1.33150e-01   5.58473e+05
   2  p1           5.65152e-01   5.93466e-06   1.34743e-07   5.65152e-01
   3  p2           0.00000e+00   1.25770e+01   5.70958e-05   0.00000e+00
   4  p3           9.99675e-04   6.83363e-07   2.38341e-10   9.99675e-04
                               ERR DEF= 0.5
 EXTERNAL ERROR MATRIX.    NDIM=  25    NPAR=  4    ERR DEF=0.5
  1.832e-05  3.202e-10  6.980e-04  3.784e-11 
  3.202e-10  3.522e-11  7.319e-05  3.962e-12 
  6.980e-04  7.319e-05  1.582e+02  8.579e-06 
  3.784e-11  3.962e-12  8.579e-06  4.670e-13 
ERR MATRIX NOT POS-DEF
 PARAMETER  CORRELATION COEFFICIENTS  
       NO.  GLOBAL      1      2      3      4
        1  0.01298   1.000  0.013  0.013  0.013
        2  0.98113   0.013  1.000  0.981  0.977
        3  0.99847   0.013  0.981  1.000  0.998
        4  0.99817   0.013  0.977  0.998  1.000
 ERR MATRIX NOT POS-DEF
 EXTERNAL ERROR MATRIX.    NDIM=   4    NPAR=  4    ERR DEF=0.5
  1.832e-05  3.202e-10  6.980e-04  3.784e-11 
  3.202e-10  3.522e-11  7.319e-05  3.962e-12 
  6.980e-04  7.319e-05  1.582e+02  8.579e-06 
  3.784e-11  3.962e-12  8.579e-06  4.670e-13 
 FCN=77.2236 FROM HESSE     STATUS=NOT POSDEF     23 CALLS         108 TOTAL
                     EDM=3.5966e-06    STRATEGY= 1      ERR MATRIX NOT POS-DEF
  EXT PARAMETER                  PARABOLIC         MINOS ERRORS        
  NO.   NAME      VALUE            ERROR      NEGATIVE      POSITIVE   
   1  p0           5.58473e+05   4.28031e-03                            
   2  p1           5.65152e-01   5.93466e-06                            
   3  p2           0.00000e+00   1.25770e+01                            
   4  p3           9.99675e-04   6.83363e-07                            
                               ERR DEF= 0.5
------------------------------------------
Enering ROOFIt-------
 PARAMETER DEFINITIONS:
    NO.   NAME         VALUE      STEP SIZE      LIMITS
     1 norm         5.58473e+05  1.00000e-01     no limits
     2 Q            5.65000e-01  1.00000e-01     no limits
     3 theta        0.00000e+00  1.00000e-01     no limits
     4 pileup       9.99675e-04  1.00000e-01     no limits
 **********
 **    1 **MIGRAD
 **********
 FIRST CALL TO USER FUNCTION AT NEW START POINT, WITH IFLAG=4.
 START MIGRAD MINIMIZATION.  STRATEGY  1.  CONVERGENCE WHEN EDM .LT. 1.00e-04
 FCN=-2.37855e+11 FROM MIGRAD    STATUS=INITIATE       14 CALLS          15 TOTAL
                     EDM= unknown      STRATEGY= 1      NO ERROR MATRIX       
  EXT PARAMETER               CURRENT GUESS       STEP         FIRST   
  NO.   NAME      VALUE            ERROR          SIZE      DERIVATIVE 
   1  norm         5.58473e+05   1.00000e-01   1.00000e-01  -1.80408e+01
   2  Q            5.65000e-01   1.00000e-01   1.00000e-01  -2.68778e+08
   3  theta        0.00000e+00   1.00000e-01   1.00000e-01   0.00000e+00
   4  pileup       9.99675e-04   1.00000e-01   1.00000e-01  -9.18627e+11
 MIGRAD FAILS TO FIND IMPROVEMENT
 EIGENVALUES OF SECOND-DERIVATIVE MATRIX:
        -1.0207e-01  4.8918e-01  6.6596e-01  2.9469e+00
 MINUIT WARNING IN HESSE   
 ============== MATRIX FORCED POS-DEF BY ADDING 0.105020 TO DIAGONAL.
 FCN=-2.37855e+11 FROM HESSE     STATUS=NOT POSDEF     27 CALLS          93 TOTAL
                     EDM=735.927    STRATEGY= 1      ERR MATRIX NOT POS-DEF
  EXT PARAMETER                APPROXIMATE        STEP         FIRST   
  NO.   NAME      VALUE            ERROR          SIZE      DERIVATIVE 
   1  norm         5.58882e+05   1.40445e+01   2.66300e+02   5.16543e-01
   2  Q            5.65005e-01   4.96183e-06   5.55013e-04   1.63744e+06
   3  theta        0.00000e+00   9.50752e-03   1.16470e-01   0.00000e+00
   4  pileup       1.00195e-03   9.77582e-08   2.10154e-05   5.30649e+08
 MIGRAD FAILS TO FIND IMPROVEMENT
 MACHINE ACCURACY LIMITS FURTHER IMPROVEMENT.
 MIGRAD MINIMIZATION HAS CONVERGED.
 MIGRAD WILL VERIFY CONVERGENCE AND ERROR MATRIX.
 EIGENVALUES OF SECOND-DERIVATIVE MATRIX:
        -4.0326e-04  4.0334e-01  8.5179e-01  2.7453e+00
 MINUIT WARNING IN HESSE   
 ============== MATRIX FORCED POS-DEF BY ADDING 0.003149 TO DIAGONAL.
 MIGRAD TERMINATED WITHOUT CONVERGENCE.
 FCN=-2.37855e+11 FROM MIGRAD    STATUS=FAILED        178 CALLS         179 TOTAL
                     EDM=4.67922    STRATEGY= 1      ERR MATRIX NOT POS-DEF
  EXT PARAMETER                APPROXIMATE        STEP         FIRST   
  NO.   NAME      VALUE            ERROR          SIZE      DERIVATIVE 
   1  norm         5.58929e+05   9.73148e+01   1.72556e+03  -5.76151e-02
   2  Q            5.65004e-01   3.16638e-05   9.41941e-05  -1.77903e+05
   3  theta       -2.15883e-03   1.01927e-03   1.06996e-01   5.06805e+01
   4  pileup       9.99821e-04   1.02634e-07   2.09848e-05   2.89844e+07
 EXTERNAL ERROR MATRIX.    NDIM=  25    NPAR=  4    ERR DEF=1
  9.470e+03 -3.068e-03 -1.926e-02 -6.387e-07 
 -3.068e-03  1.003e-09  7.797e-09  1.935e-13 
 -1.926e-02  7.797e-09  1.039e-06  4.304e-11 
 -6.387e-07  1.935e-13  4.304e-11  1.053e-14 
ERR MATRIX NOT POS-DEF
 PARAMETER  CORRELATION COEFFICIENTS  
       NO.  GLOBAL      1      2      3      4
        1  0.99723   1.000 -0.996 -0.194 -0.064
        2  0.99730  -0.996  1.000  0.242  0.060
        3  0.70045  -0.194  0.242  1.000  0.411
        4  0.51483  -0.064  0.060  0.411  1.000
 ERR MATRIX NOT POS-DEF
 **********
 **    2 **MIGRAD 
 **********
 START MIGRAD MINIMIZATION.  STRATEGY  1.  CONVERGENCE WHEN EDM .LT. 1.00e-04
 FCN=-2.37855e+11 FROM MIGRAD    STATUS=INITIATE        8 CALLS         187 TOTAL
                     EDM=2.44358    STRATEGY= 1      ERR MATRIX NOT POS-DEF
  EXT PARAMETER                APPROXIMATE        STEP         FIRST   
  NO.   NAME      VALUE            ERROR          SIZE      DERIVATIVE 
   1  norm         5.58929e+05   9.73148e+01   1.72556e+03  -6.78490e-02
   2  Q            5.65004e-01   3.16638e-05   9.41941e-05  -1.77581e+05
   3  theta       -2.15883e-03   1.01927e-03   1.06996e-01  -2.53987e+03
   4  pileup       9.99821e-04   1.02634e-07   2.09848e-05   2.44746e+07
 EIGENVALUES OF SECOND-DERIVATIVE MATRIX:
        -8.5505e-05  3.0849e-01  9.5936e-01  2.7322e+00
 MINUIT WARNING IN MIGRAD  
 ============== MATRIX FORCED POS-DEF BY ADDING 0.002818 TO DIAGONAL.
 MIGRAD FAILS TO FIND IMPROVEMENT
 MACHINE ACCURACY LIMITS FURTHER IMPROVEMENT.
 MIGRAD MINIMIZATION HAS CONVERGED.
 MIGRAD WILL VERIFY CONVERGENCE AND ERROR MATRIX.
 COVARIANCE MATRIX CALCULATED SUCCESSFULLY
 FCN=-2.37855e+11 FROM HESSE     STATUS=OK             31 CALLS         302 TOTAL
                     EDM=1.82898    STRATEGY= 1      ERROR MATRIX ACCURATE 
  EXT PARAMETER                                   STEP         FIRST   
  NO.   NAME      VALUE            ERROR          SIZE      DERIVATIVE 
   1  norm         5.58958e+05   9.22798e+00   1.72579e+03   1.69479e-01
   2  Q            5.64997e-01   1.05364e-06   5.54950e-04   5.27036e+05
   3  theta       -1.42470e-03   5.24410e-04   4.27983e-01   3.65889e+01
   4  pileup       9.99751e-04   1.05830e-07   2.09850e-05   1.96478e+07
 EIGENVALUES OF SECOND-DERIVATIVE MATRIX:
        -7.1224e-02  4.1278e-01  1.4176e+00  2.2408e+00
 MINUIT WARNING IN MIGRAD  
 ============== MATRIX FORCED POS-DEF BY ADDING 0.073465 TO DIAGONAL.
 MIGRAD FAILS TO FIND IMPROVEMENT
 MACHINE ACCURACY LIMITS FURTHER IMPROVEMENT.
 MIGRAD MINIMIZATION HAS CONVERGED.
 FCN=-2.37855e+11 FROM MIGRAD    STATUS=CONVERGED     190 CALLS         369 TOTAL
                     EDM=1.56919    STRATEGY= 1  ERROR MATRIX UNCERTAINTY   4.0 per cent
  EXT PARAMETER                                   STEP         FIRST   
  NO.   NAME      VALUE            ERROR          SIZE      DERIVATIVE 
   1  norm         5.58955e+05   7.72107e+00  -0.00000e+00  -5.51162e-02
   2  Q            5.64997e-01   1.24003e-07  -0.00000e+00   2.85886e+04
   3  theta       -1.52160e-03   1.50722e-04   0.00000e+00  -1.81594e+03
   4  pileup       9.99699e-04   6.92418e-08   0.00000e+00  -2.52647e+07
 EXTERNAL ERROR MATRIX.    NDIM=  25    NPAR=  4    ERR DEF=1
  5.961e+01 -2.382e-07  2.895e-04 -1.841e-07 
 -2.382e-07  1.538e-14 -1.869e-11 -3.480e-15 
  2.895e-04 -1.869e-11  2.272e-08  4.229e-12 
 -1.841e-07 -3.480e-15  4.229e-12  4.794e-15 
 PARAMETER  CORRELATION COEFFICIENTS  
       NO.  GLOBAL      1      2      3      4
        1  0.54677   1.000 -0.249  0.249 -0.344
        2  1.00000  -0.249  1.000 -1.000 -0.405
        3  1.00000   0.249 -1.000  1.000  0.405
        4  0.61275  -0.344 -0.405  0.405  1.000
status of the fit-----000------0
1  558955
2  0.564997
3  -0.0015216
4  0.000999699
 **********
 **   26 **SET PRINT           2
 **********
 **********
 **   27 **SET NOGRAD
 **********
 PARAMETER DEFINITIONS:
    NO.   NAME         VALUE      STEP SIZE      LIMITS
     1 p0           5.58000e+05  1.67400e+05     no limits
     2 p1           5.65000e-01  1.69500e-01     no limits
     3 p2           0.00000e+00  3.00000e-01     no limits
     4 p3           9.99871e-04  2.99961e-04     no limits
 **********
 **   28 **SET ERR         0.5
 **********
 **********
 **   29 **SET PRINT           2
 **********
 **********
 **   30 **SET STR           1
 **********
 NOW USING STRATEGY  1: TRY TO BALANCE SPEED AGAINST RELIABILITY
 **********
 **   31 **MIGRAD        1480        0.01
 **********
 FIRST CALL TO USER FUNCTION AT NEW START POINT, WITH IFLAG=4.
 START MIGRAD MINIMIZATION.  STRATEGY  1.  CONVERGENCE WHEN EDM .LT. 1.00e-05
 FCN=16879.9 FROM MIGRAD    STATUS=INITIATE       18 CALLS          19 TOTAL
                     EDM= unknown      STRATEGY= 1      NO ERROR MATRIX       
  EXT PARAMETER               CURRENT GUESS       STEP         FIRST   
  NO.   NAME      VALUE            ERROR          SIZE      DERIVATIVE 
   1  p0           5.58000e+05   1.67400e+05   1.67400e+05  -3.58226e+01
   2  p1           5.65000e-01   1.69500e-01   1.69500e-01  -1.11203e+08
   3  p2           0.00000e+00   3.00000e-01   3.00000e-01   0.00000e+00
   4  p3           9.99871e-04   2.99961e-04   2.99961e-04  -9.85802e+08
                               ERR DEF= 0.5
NO ERROR MATRIX       
 FCN=463.335 FROM MIGRAD    STATUS=PROGRESS       34 CALLS          35 TOTAL
                     EDM=1292.08    STRATEGY= 1      NO ERROR MATRIX       
  EXT PARAMETER               CURRENT GUESS       STEP         FIRST   
  NO.   NAME      VALUE            ERROR          SIZE      DERIVATIVE 
   1  p0           5.58434e+05   1.67400e+05   4.33758e+02  -8.10789e-01
   2  p1           5.65140e-01   1.69500e-01   1.39879e-04  -2.49448e+06
   3  p2           0.00000e+00   3.00000e-01  -0.00000e+00   0.00000e+00
   4  p3           1.00164e-03   2.99961e-04   1.76964e-06   3.97103e+08
                               ERR DEF= 0.5
 MIGRAD FAILS TO FIND IMPROVEMENT
 MIGRAD MINIMIZATION HAS CONVERGED.
 MIGRAD WILL VERIFY CONVERGENCE AND ERROR MATRIX.
   START COVARIANCE MATRIX CALCULATION.
 EIGENVALUES OF SECOND-DERIVATIVE MATRIX:
        -2.4138e-04  7.1693e-01  8.9457e-01  2.3887e+00
 MINUIT WARNING IN HESSE   
 ============== MATRIX FORCED POS-DEF BY ADDING 0.002630 TO DIAGONAL.
 FCN=66.9315 FROM MIGRAD    STATUS=CONVERGED     157 CALLS         158 TOTAL
                     EDM=2.63271e-06    STRATEGY= 1      ERR MATRIX NOT POS-DEF
  EXT PARAMETER                APPROXIMATE        STEP         FIRST   
  NO.   NAME      VALUE            ERROR          SIZE      DERIVATIVE 
   1  p0           5.57691e+05   7.39576e+01   2.65928e-01   5.11932e-05
   2  p1           5.65403e-01   2.38961e-05   2.69605e-07   1.55231e+02
   3  p2           0.00000e+00   4.21687e-02   7.29826e-04   0.00000e+00
   4  p3           9.99779e-04   6.70112e-08   4.76732e-10  -2.27003e+04
                               ERR DEF= 0.5
 EXTERNAL ERROR MATRIX.    NDIM=  25    NPAR=  4    ERR DEF=0.5
  5.470e+03 -1.762e-03 -1.395e-01  2.131e-08 
 -1.762e-03  5.710e-10  6.370e-08 -4.002e-14 
 -1.395e-01  6.370e-08  1.778e-03  5.494e-10 
  2.131e-08 -4.002e-14  5.494e-10  4.491e-15 
ERR MATRIX NOT POS-DEF
 PARAMETER  CORRELATION COEFFICIENTS  
       NO.  GLOBAL      1      2      3      4
        1  0.99761   1.000 -0.997 -0.045  0.004
        2  0.99762  -0.997  1.000  0.063 -0.025
        3  0.36992  -0.045  0.063  1.000  0.194
        4  0.38510   0.004 -0.025  0.194  1.000
 ERR MATRIX NOT POS-DEF
 **********
 **   32 **HESSE        1480
 **********
   START COVARIANCE MATRIX CALCULATION.
 EIGENVALUES OF SECOND-DERIVATIVE MATRIX:
         8.2680e-03  7.2497e-01  8.8129e-01  2.3855e+00
 COVARIANCE MATRIX CALCULATED SUCCESSFULLY
 FCN=66.9315 FROM HESSE     STATUS=OK             27 CALLS         185 TOTAL
                     EDM=1.04254e-06    STRATEGY= 1      ERROR MATRIX ACCURATE 
  EXT PARAMETER                                INTERNAL      INTERNAL  
  NO.   NAME      VALUE            ERROR       STEP SIZE       VALUE   
   1  p0           5.57691e+05   3.96191e+01   1.32964e-01   5.57691e+05
   2  p1           5.65403e-01   1.28585e-05   1.34803e-07   5.65403e-01
   3  p2           0.00000e+00   4.21960e-02   7.29826e-04   0.00000e+00
   4  p3           9.99779e-04   6.74648e-08   1.08424e-08   9.99779e-04
                               ERR DEF= 0.5
 EXTERNAL ERROR MATRIX.    NDIM=  25    NPAR=  4    ERR DEF=0.5
  1.570e+03 -5.044e-04  7.821e-02  4.710e-08 
 -5.044e-04  1.653e-10 -5.922e-09 -4.908e-14 
  7.821e-02 -5.922e-09  1.781e-03  5.293e-10 
  4.710e-08 -4.908e-14  5.293e-10  4.552e-15 
 PARAMETER  CORRELATION COEFFICIENTS  
       NO.  GLOBAL      1      2      3      4
        1  0.99174   1.000 -0.990  0.047  0.018
        2  0.99174  -0.990  1.000 -0.011 -0.057
        3  0.36836   0.047 -0.011  1.000  0.186
        4  0.38326   0.018 -0.057  0.186  1.000
 EXTERNAL ERROR MATRIX.    NDIM=   4    NPAR=  4    ERR DEF=0.5
  1.570e+03 -5.044e-04  7.821e-02  4.710e-08 
 -5.044e-04  1.653e-10 -5.922e-09 -4.908e-14 
  7.821e-02 -5.922e-09  1.781e-03  5.293e-10 
  4.710e-08 -4.908e-14  5.293e-10  4.552e-15 
 FCN=66.9315 FROM HESSE     STATUS=OK             27 CALLS         185 TOTAL
                     EDM=1.04254e-06    STRATEGY= 1      ERROR MATRIX ACCURATE 
  EXT PARAMETER                  PARABOLIC         MINOS ERRORS        
  NO.   NAME      VALUE            ERROR      NEGATIVE      POSITIVE   
   1  p0           5.57691e+05   3.96191e+01                            
   2  p1           5.65403e-01   1.28585e-05                            
   3  p2           0.00000e+00   4.21960e-02                            
   4  p3           9.99779e-04   6.74648e-08                            
                               ERR DEF= 0.5
------------------------------------------
Enering ROOFIt-------
 PARAMETER DEFINITIONS:
    NO.   NAME         VALUE      STEP SIZE      LIMITS
     1 norm         5.57691e+05  1.00000e-01     no limits
     2 Q            5.65000e-01  1.00000e-01     no limits
     3 theta        0.00000e+00  1.00000e-01     no limits
     4 pileup       9.99779e-04  1.00000e-01     no limits
 **********
 **    1 **MIGRAD
 **********
 FIRST CALL TO USER FUNCTION AT NEW START POINT, WITH IFLAG=4.
 START MIGRAD MINIMIZATION.  STRATEGY  1.  CONVERGENCE WHEN EDM .LT. 1.00e-04
 FCN=-2.37855e+11 FROM MIGRAD    STATUS=INITIATE       14 CALLS          15 TOTAL
                     EDM= unknown      STRATEGY= 1      NO ERROR MATRIX       
  EXT PARAMETER               CURRENT GUESS       STEP         FIRST   
  NO.   NAME      VALUE            ERROR          SIZE      DERIVATIVE 
   1  norm         5.57691e+05   1.00000e-01   1.00000e-01  -4.77442e+01
   2  Q            5.65000e-01   1.00000e-01   1.00000e-01  -7.23455e+08
   3  theta        0.00000e+00   1.00000e-01   1.00000e-01   0.00000e+00
   4  pileup       9.99779e-04   1.00000e-01   1.00000e-01  -9.19783e+11
 MIGRAD FAILS TO FIND IMPROVEMENT
 EIGENVALUES OF SECOND-DERIVATIVE MATRIX:
        -2.6791e-01  4.3140e-01  6.6799e-01  3.1685e+00
 MINUIT WARNING IN HESSE   
 ============== MATRIX FORCED POS-DEF BY ADDING 0.271080 TO DIAGONAL.
 FCN=-2.37855e+11 FROM HESSE     STATUS=NOT POSDEF     25 CALLS          92 TOTAL
                     EDM=3604.37    STRATEGY= 1      ERR MATRIX NOT POS-DEF
  EXT PARAMETER                APPROXIMATE        STEP         FIRST   
  NO.   NAME      VALUE            ERROR          SIZE      DERIVATIVE 
   1  norm         5.58791e+05   9.32191e+00   1.72565e+03   1.30290e+00
   2  Q            5.65012e-01   4.88313e-06   5.55096e-04   4.12913e+06
   3  theta        0.00000e+00   9.66338e-03   1.18250e-01   0.00000e+00
   4  pileup       1.00505e-03   9.11548e-08   2.10564e-05   1.22428e+09
 MIGRAD FAILS TO FIND IMPROVEMENT
 MACHINE ACCURACY LIMITS FURTHER IMPROVEMENT.
 MIGRAD MINIMIZATION HAS CONVERGED.
 MIGRAD WILL VERIFY CONVERGENCE AND ERROR MATRIX.
 EIGENVALUES OF SECOND-DERIVATIVE MATRIX:
        -1.3493e-01  4.4531e-01  6.7017e-01  3.0195e+00
 MINUIT WARNING IN HESSE   
 ============== MATRIX FORCED POS-DEF BY ADDING 0.137953 TO DIAGONAL.
 MIGRAD TERMINATED WITHOUT CONVERGENCE.
 FCN=-2.37855e+11 FROM MIGRAD    STATUS=FAILED        238 CALLS         239 TOTAL
                     EDM=0.60648    STRATEGY= 1      ERR MATRIX NOT POS-DEF
  EXT PARAMETER                APPROXIMATE        STEP         FIRST   
  NO.   NAME      VALUE            ERROR          SIZE      DERIVATIVE 
   1  norm         5.58896e+05   1.20065e+01   1.72561e+03   1.07084e-01
   2  Q            5.65015e-01   5.37443e-06   5.54974e-04   3.30654e+05
   3  theta        9.40217e-05   5.18934e-03   1.82046e-01   3.90593e+00
   4  pileup       9.99824e-04   1.35311e-07   2.09854e-05   7.73847e+06
 EXTERNAL ERROR MATRIX.    NDIM=  25    NPAR=  4    ERR DEF=1
  1.442e+02 -4.773e-05 -4.389e-02  8.221e-07 
 -4.773e-05  2.888e-11  2.775e-08 -5.243e-13 
 -4.389e-02  2.775e-08  2.693e-05 -4.853e-10 
  8.221e-07 -5.243e-13 -4.853e-10  1.831e-14 
ERR MATRIX NOT POS-DEF
 PARAMETER  CORRELATION COEFFICIENTS  
       NO.  GLOBAL      1      2      3      4
        1  0.82457   1.000 -0.740 -0.704  0.506
        2  0.99756  -0.740  1.000  0.995 -0.721
        3  0.99704  -0.704  0.995  1.000 -0.691
        4  0.79201   0.506 -0.721 -0.691  1.000
 ERR MATRIX NOT POS-DEF
 **********
 **    2 **MIGRAD 
 **********
 START MIGRAD MINIMIZATION.  STRATEGY  1.  CONVERGENCE WHEN EDM .LT. 1.00e-04
 FCN=-2.37855e+11 FROM MIGRAD    STATUS=INITIATE        8 CALLS         247 TOTAL
                     EDM=1.55213    STRATEGY= 1      ERR MATRIX NOT POS-DEF
  EXT PARAMETER                APPROXIMATE        STEP         FIRST   
  NO.   NAME      VALUE            ERROR          SIZE      DERIVATIVE 
   1  norm         5.58896e+05   1.20065e+01   1.72561e+03   9.68487e-02
   2  Q            5.65015e-01   5.37443e-06   5.54974e-04   3.30732e+05
   3  theta        9.40217e-05   5.18934e-03   1.82046e-01   3.30719e+02
   4  pileup       9.99824e-04   1.35311e-07   2.09854e-05   3.22806e+06
 MINUIT WARNING IN MIGRAD  
 ============== Negative diagonal element 2 in Error Matrix
 MINUIT WARNING IN MIGRAD  
 ============== 1 added to diagonal of error matrix
 MIGRAD FAILS TO FIND IMPROVEMENT
 EIGENVALUES OF SECOND-DERIVATIVE MATRIX:
        -1.1794e-01  4.4673e-01  6.6926e-01  3.0020e+00
 MINUIT WARNING IN HESSE   
 ============== MATRIX FORCED POS-DEF BY ADDING 0.120943 TO DIAGONAL.
 FCN=-2.37855e+11 FROM HESSE     STATUS=NOT POSDEF     31 CALLS         305 TOTAL
                     EDM=0.288615    STRATEGY= 1      ERR MATRIX NOT POS-DEF
  EXT PARAMETER                APPROXIMATE        STEP         FIRST   
  NO.   NAME      VALUE            ERROR          SIZE      DERIVATIVE 
   1  norm         5.58897e+05   1.24146e+01   1.72561e+03   7.29355e-02
   2  Q            5.65015e-01   5.35715e-06   5.54974e-04   2.24567e+05
   3  theta       -4.63431e-04   3.71445e-03   2.53799e-01  -3.57136e+01
   4  pileup       9.99833e-04   1.32475e-07   2.09867e-05   8.77720e+06
 MIGRAD FAILS TO FIND IMPROVEMENT
 MACHINE ACCURACY LIMITS FURTHER IMPROVEMENT.
 MIGRAD MINIMIZATION HAS CONVERGED.
 MIGRAD WILL VERIFY CONVERGENCE AND ERROR MATRIX.
 EIGENVALUES OF SECOND-DERIVATIVE MATRIX:
        -1.2943e-01  4.4498e-01  6.6921e-01  3.0152e+00
 MINUIT WARNING IN HESSE   
 ============== MATRIX FORCED POS-DEF BY ADDING 0.132442 TO DIAGONAL.
 MIGRAD TERMINATED WITHOUT CONVERGENCE.
 FCN=-2.37855e+11 FROM MIGRAD    STATUS=FAILED        181 CALLS         420 TOTAL
                     EDM=0.0131577    STRATEGY= 1      ERR MATRIX NOT POS-DEF
  EXT PARAMETER                APPROXIMATE        STEP         FIRST   
  NO.   NAME      VALUE            ERROR          SIZE      DERIVATIVE 
   1  norm         5.58894e+05   1.24915e+01   1.72560e+03   1.77095e-02
   2  Q            5.65015e-01   5.38374e-06   5.54975e-04   5.24957e+04
   3  theta       -6.00557e-06   3.68194e-03   2.55157e-01  -5.43007e-01
   4  pileup       9.99805e-04   1.32944e-07   2.09851e-05   7.98094e+05
 EXTERNAL ERROR MATRIX.    NDIM=  25    NPAR=  4    ERR DEF=1
  1.560e+02 -5.124e-05 -3.347e-02  8.481e-07 
 -5.124e-05  2.898e-11  1.972e-08 -5.045e-13 
 -3.347e-02  1.972e-08  1.356e-05 -3.298e-10 
  8.481e-07 -5.045e-13 -3.298e-10  1.767e-14 
ERR MATRIX NOT POS-DEF
 PARAMETER  CORRELATION COEFFICIENTS  
       NO.  GLOBAL      1      2      3      4
        1  0.83836   1.000 -0.762 -0.728  0.511
        2  0.99756  -0.762  1.000  0.995 -0.705
        3  0.99702  -0.728  0.995  1.000 -0.674
        4  0.78232   0.511 -0.705 -0.674  1.000
 ERR MATRIX NOT POS-DEF
status of the fit-----000------4
1  558894
2  0.565015
3  -6.00557e-06
4  0.000999805
 PARAMETER DEFINITIONS:
    NO.   NAME         VALUE      STEP SIZE      LIMITS
     1 norm         5.58894e+05  1.00000e-01     no limits
     2 Q            5.65015e-01  1.00000e-01     no limits
     3 theta       -6.00557e-06  1.00000e-01     no limits
     4 pileup       9.99805e-04  1.00000e-01     no limits
 **********
 **    3 **MIGRAD
 **********
 FIRST CALL TO USER FUNCTION AT NEW START POINT, WITH IFLAG=4.
 START MIGRAD MINIMIZATION.  STRATEGY  1.  CONVERGENCE WHEN EDM .LT. 1.00e-04
 FCN=-2.37855e+11 FROM MIGRAD    STATUS=INITIATE       14 CALLS         435 TOTAL
                     EDM= unknown      STRATEGY= 1      NO ERROR MATRIX       
  EXT PARAMETER               CURRENT GUESS       STEP         FIRST   
  NO.   NAME      VALUE            ERROR          SIZE      DERIVATIVE 
   1  norm         5.58894e+05   1.00000e-01   1.00000e-01   1.78238e-02
   2  Q            5.65015e-01   1.00000e-01   1.00000e-01   5.71452e+06
   3  theta       -6.00557e-06   1.00000e-01   1.00000e-01  -3.99649e+01
   4  pileup       9.99805e-04   1.00000e-01   1.00000e-01  -9.18077e+11
 MIGRAD FAILS TO FIND IMPROVEMENT
 COVARIANCE MATRIX CALCULATED SUCCESSFULLY
 FCN=-2.37855e+11 FROM HESSE     STATUS=OK             29 CALLS         475 TOTAL
                     EDM=0.208006    STRATEGY= 1      ERROR MATRIX ACCURATE 
  EXT PARAMETER                                   STEP         FIRST   
  NO.   NAME      VALUE            ERROR          SIZE      DERIVATIVE 
   1  norm         5.58894e+05   7.11507e+01   2.66501e+00   1.76921e-02
   2  Q            5.65015e-01   6.70244e-06   1.00000e-03   5.24932e+04
   3  theta       -6.00557e-06   5.84211e-03   1.00000e-01  -1.67847e-01
   4  pileup       9.99805e-04   9.24331e-08   1.00000e-02   2.50941e+05
 MIGRAD FAILS TO FIND IMPROVEMENT
 MIGRAD TERMINATED WITHOUT CONVERGENCE.
 FCN=-2.37855e+11 FROM MIGRAD    STATUS=FAILED         94 CALLS         515 TOTAL
                     EDM=1.66319e+07    STRATEGY= 1  ERROR MATRIX UNCERTAINTY 100.0 per cent
  EXT PARAMETER                APPROXIMATE        STEP         FIRST   
  NO.   NAME      VALUE            ERROR          SIZE      DERIVATIVE 
   1  norm         5.58893e+05   9.23263e+00  -0.00000e+00  -1.54419e-03
   2  Q            5.65015e-01   5.30509e-09  -0.00000e+00   1.23974e+09
   3  theta        4.97287e-05   9.75121e-04  -0.00000e+00   5.63509e+03
   4  pileup       9.99805e-04   6.79474e-09   0.00000e+00  -2.81712e+07
 EXTERNAL ERROR MATRIX.    NDIM=  25    NPAR=  4    ERR DEF=1
  8.524e+01 -2.475e-08  5.506e-03 -4.068e-08 
 -2.475e-08  2.814e-17 -4.268e-12  7.156e-18 
  5.506e-03 -4.268e-12  9.509e-07 -1.598e-12 
 -4.068e-08  7.156e-18 -1.598e-12  4.617e-17 
ERR MATRIX APPROXIMATE
 PARAMETER  CORRELATION COEFFICIENTS  
       NO.  GLOBAL      1      2      3      4
        1  0.80031   1.000 -0.505  0.612 -0.648
        2  0.82509  -0.505  1.000 -0.825  0.199
        3  0.85988   0.612 -0.825  1.000 -0.241
        4  0.67758  -0.648  0.199 -0.241  1.000
 ERR MATRIX APPROXIMATE
 **********
 **    4 **MIGRAD 
 **********
 START MIGRAD MINIMIZATION.  STRATEGY  1.  CONVERGENCE WHEN EDM .LT. 1.00e-04
 FCN=-2.37855e+11 FROM MIGRAD    STATUS=INITIATE       12 CALLS         527 TOTAL
                     EDM=0.280417    STRATEGY= 1  ERROR MATRIX UNCERTAINTY 100.0 per cent
  EXT PARAMETER                APPROXIMATE        STEP         FIRST   
  NO.   NAME      VALUE            ERROR          SIZE      DERIVATIVE 
   1  norm         5.58893e+05   9.23263e+00  -0.00000e+00  -7.64768e-03
   2  Q            5.65015e-01   5.30509e-09  -0.00000e+00  -7.40344e+03
   3  theta        4.97287e-05   9.75121e-04  -0.00000e+00   6.85087e+01
   4  pileup       9.99805e-04   6.79474e-09   0.00000e+00  -2.81713e+07
 MIGRAD FAILS TO FIND IMPROVEMENT
 MACHINE ACCURACY LIMITS FURTHER IMPROVEMENT.
 MIGRAD MINIMIZATION HAS CONVERGED.
 MIGRAD WILL VERIFY CONVERGENCE AND ERROR MATRIX.
 EIGENVALUES OF SECOND-DERIVATIVE MATRIX:
        -1.8218e-04  3.8787e-01  8.5199e-01  2.7603e+00
 MINUIT WARNING IN HESSE   
 ============== MATRIX FORCED POS-DEF BY ADDING 0.002943 TO DIAGONAL.
 FCN=-2.37855e+11 FROM HESSE     STATUS=NOT POSDEF     29 CALLS         567 TOTAL
                     EDM=0.00228334    STRATEGY= 1      ERR MATRIX NOT POS-DEF
  EXT PARAMETER                APPROXIMATE        STEP         FIRST   
  NO.   NAME      VALUE            ERROR          SIZE      DERIVATIVE 
   1  norm         5.58893e+05   9.74712e+01   5.33003e+02  -1.49295e-03
   2  Q            5.65015e-01   3.14511e-05   9.52674e-05  -7.48465e+03
   3  theta        4.97287e-05   2.34940e-03   4.52668e-02   1.22194e+00
   4  pileup       9.99805e-04   1.03164e-07   2.09851e-05   2.63838e+05
 MINUIT WARNING IN MIGRAD  
 ============== Negative diagonal element 2 in Error Matrix
 MINUIT WARNING IN MIGRAD  
 ============== 1 added to diagonal of error matrix
 MIGRAD FAILS TO FIND IMPROVEMENT
 MIGRAD TERMINATED WITHOUT CONVERGENCE.
 FCN=-2.37855e+11 FROM MIGRAD    STATUS=FAILED         89 CALLS         604 TOTAL
                     EDM=4.03696e+09    STRATEGY= 1      ERR MATRIX NOT POS-DEF
  EXT PARAMETER                APPROXIMATE        STEP         FIRST   
  NO.   NAME      VALUE            ERROR          SIZE      DERIVATIVE 
   1  norm         5.58866e+05   9.02096e+00  -0.00000e+00  -5.37872e-02
   2  Q            5.65024e-01   1.00000e+00  -0.00000e+00   1.97849e+09
   3  theta        5.29537e-05   1.00000e+00  -0.00000e+00   1.16312e+03
   4  pileup       9.99796e-04   1.00000e+00   0.00000e+00  -2.97310e+07
 EXTERNAL ERROR MATRIX.    NDIM=  25    NPAR=  4    ERR DEF=1
  8.138e+01  1.195e-09  1.249e-02  1.242e-07 
  1.195e-09  1.000e+00 -2.018e-12  5.762e-18 
  1.249e-02 -2.018e-12  1.000e+00  4.465e-11 
  1.242e-07  5.762e-18  4.465e-11  1.000e+00 
ERR MATRIX NOT POS-DEF
 PARAMETER  CORRELATION COEFFICIENTS  
       NO.  GLOBAL      1      2      3      4
        1  0.00138   1.000  0.000  0.001  0.000
        2  0.00000   0.000  1.000 -0.000  0.000
        3  0.00138   0.001 -0.000  1.000  0.000
        4  0.00000   0.000  0.000  0.000  1.000
 ERR MATRIX NOT POS-DEF
status of the fit-----000------4
1  558866
2  0.565024
3  5.29537e-05
4  0.000999796
 PARAMETER DEFINITIONS:
    NO.   NAME         VALUE      STEP SIZE      LIMITS
     1 norm         5.58866e+05  1.00000e-01     no limits
     2 Q            5.65024e-01  1.00000e-01     no limits
     3 theta        5.29537e-05  1.00000e-01     no limits
     4 pileup       9.99796e-04  1.00000e-01     no limits
 **********
 **    5 **MIGRAD
 **********
 FIRST CALL TO USER FUNCTION AT NEW START POINT, WITH IFLAG=4.
 START MIGRAD MINIMIZATION.  STRATEGY  1.  CONVERGENCE WHEN EDM .LT. 1.00e-04
 FCN=-2.37855e+11 FROM MIGRAD    STATUS=INITIATE       14 CALLS         619 TOTAL
                     EDM= unknown      STRATEGY= 1      NO ERROR MATRIX       
  EXT PARAMETER               CURRENT GUESS       STEP         FIRST   
  NO.   NAME      VALUE            ERROR          SIZE      DERIVATIVE 
   1  norm         5.58866e+05   1.00000e-01   1.00000e-01   1.08735e-02
   2  Q            5.65024e-01   1.00000e-01   1.00000e-01   5.55241e+06
   3  theta        5.29537e-05   1.00000e-01   1.00000e-01   3.52238e+02
   4  pileup       9.99796e-04   1.00000e-01   1.00000e-01  -9.18077e+11
 MIGRAD FAILS TO FIND IMPROVEMENT
 COVARIANCE MATRIX CALCULATED SUCCESSFULLY
 FCN=-2.37855e+11 FROM HESSE     STATUS=OK             29 CALLS         659 TOTAL
                     EDM=0.106551    STRATEGY= 1      ERROR MATRIX ACCURATE 
  EXT PARAMETER                                   STEP         FIRST   
  NO.   NAME      VALUE            ERROR          SIZE      DERIVATIVE 
   1  norm         5.58866e+05   8.09105e+01   2.66488e+00   1.08219e-02
   2  Q            5.65024e-01   7.63037e-06   1.00000e-03   3.11258e+04
   3  theta        5.29537e-05   6.63196e-03   1.00000e-01   1.72424e+00
   4  pileup       9.99796e-04   9.24333e-08   1.00000e-02  -1.83924e+06
 MIGRAD FAILS TO FIND IMPROVEMENT
 MACHINE ACCURACY LIMITS FURTHER IMPROVEMENT.
 MIGRAD MINIMIZATION HAS CONVERGED.
 MIGRAD WILL VERIFY CONVERGENCE AND ERROR MATRIX.
 EIGENVALUES OF SECOND-DERIVATIVE MATRIX:
        -1.8445e-04  3.8700e-01  8.5198e-01  2.7612e+00
 MINUIT WARNING IN HESSE   
 ============== MATRIX FORCED POS-DEF BY ADDING 0.002946 TO DIAGONAL.
 MIGRAD TERMINATED WITHOUT CONVERGENCE.
 FCN=-2.37855e+11 FROM MIGRAD    STATUS=FAILED        144 CALLS         749 TOTAL
                     EDM=0.0165901    STRATEGY= 1      ERR MATRIX NOT POS-DEF
  EXT PARAMETER                APPROXIMATE        STEP         FIRST   
  NO.   NAME      VALUE            ERROR          SIZE      DERIVATIVE 
   1  norm         5.58865e+05   9.74515e+01   5.32976e+02  -1.52452e-03
   2  Q            5.65024e-01   3.14465e-05   9.64110e-05  -7.30091e+03
   3  theta        8.90991e-05   2.34989e-03   4.52822e-02   2.36722e+00
   4  pileup       9.99796e-04   1.03201e-07   2.09849e-05  -1.60262e+06
 EXTERNAL ERROR MATRIX.    NDIM=  25    NPAR=  4    ERR DEF=1
  9.497e+03 -3.051e-03 -6.310e-03 -3.058e-08 
 -3.051e-03  9.889e-10  5.755e-09  5.053e-16 
 -6.310e-03  5.755e-09  5.522e-06  1.024e-10 
 -3.058e-08  5.053e-16  1.024e-10  1.065e-14 
ERR MATRIX NOT POS-DEF
 PARAMETER  CORRELATION COEFFICIENTS  
       NO.  GLOBAL      1      2      3      4
        1  0.99724   1.000 -0.996 -0.028 -0.003
        2  0.99726  -0.996  1.000  0.078  0.000
        3  0.69632  -0.028  0.078  1.000  0.422
        4  0.52252  -0.003  0.000  0.422  1.000
 ERR MATRIX NOT POS-DEF
 **********
 **    6 **MIGRAD 
 **********
 START MIGRAD MINIMIZATION.  STRATEGY  1.  CONVERGENCE WHEN EDM .LT. 1.00e-04
 FCN=-2.37855e+11 FROM MIGRAD    STATUS=INITIATE        8 CALLS         757 TOTAL
                     EDM=0.0932302    STRATEGY= 1      ERR MATRIX NOT POS-DEF
  EXT PARAMETER                APPROXIMATE        STEP         FIRST   
  NO.   NAME      VALUE            ERROR          SIZE      DERIVATIVE 
   1  norm         5.58865e+05   9.74515e+01   5.32976e+02  -2.50579e-03
   2  Q            5.65024e-01   3.14465e-05   9.64110e-05  -6.95731e+03
   3  theta        8.90991e-05   2.34989e-03   4.52822e-02   2.14154e+01
   4  pileup       9.99796e-04   1.03201e-07   2.09849e-05  -6.11324e+06
 MINUIT WARNING IN MIGRAD  
 ============== Negative diagonal element 2 in Error Matrix
 MINUIT WARNING IN MIGRAD  
 ============== 1 added to diagonal of error matrix
 MIGRAD FAILS TO FIND IMPROVEMENT
 EIGENVALUES OF SECOND-DERIVATIVE MATRIX:
        -2.3521e-01  4.0745e-01  6.7568e-01  3.1521e+00
 MINUIT WARNING IN HESSE   
 ============== MATRIX FORCED POS-DEF BY ADDING 0.238357 TO DIAGONAL.
 FCN=-2.37855e+11 FROM HESSE     STATUS=NOT POSDEF     31 CALLS         814 TOTAL
                     EDM=0.000357741    STRATEGY= 1      ERR MATRIX NOT POS-DEF
  EXT PARAMETER                APPROXIMATE        STEP         FIRST   
  NO.   NAME      VALUE            ERROR          SIZE      DERIVATIVE 
   1  norm         5.58865e+05   2.27972e+01   1.72551e+03   3.86618e-03
   2  Q            5.65024e-01   5.48695e-06   5.54984e-04   9.84276e+03
   3  theta        1.39786e-04   4.74445e-03   1.81129e-01   7.91250e+00
   4  pileup       9.99802e-04   1.61458e-07   2.09862e-05  -8.82318e+04
 MIGRAD FAILS TO FIND IMPROVEMENT
 MACHINE ACCURACY LIMITS FURTHER IMPROVEMENT.
 MIGRAD MINIMIZATION HAS CONVERGED.
 MIGRAD WILL VERIFY CONVERGENCE AND ERROR MATRIX.
 EIGENVALUES OF SECOND-DERIVATIVE MATRIX:
        -3.8401e-02  3.2195e-01  7.8748e-01  2.9290e+00
 MINUIT WARNING IN HESSE   
 ============== MATRIX FORCED POS-DEF BY ADDING 0.041330 TO DIAGONAL.
 MIGRAD TERMINATED WITHOUT CONVERGENCE.
 FCN=-2.37855e+11 FROM MIGRAD    STATUS=FAILED        109 CALLS         858 TOTAL
                     EDM=0.0218728    STRATEGY= 1      ERR MATRIX NOT POS-DEF
  EXT PARAMETER                APPROXIMATE        STEP         FIRST   
  NO.   NAME      VALUE            ERROR          SIZE      DERIVATIVE 
   1  norm         5.58865e+05   6.82870e+01   6.90205e+01   3.96610e-03
   2  Q            5.65024e-01   6.54913e-06   4.29677e-03   9.84064e+03
   3  theta        1.39786e-04   7.24336e-04   7.39005e-01   4.07970e+00
   4  pileup       9.99802e-04   1.56762e-07   8.39449e-07  -4.40796e+04
 EXTERNAL ERROR MATRIX.    NDIM=  25    NPAR=  4    ERR DEF=1
  4.663e+03 -4.439e-04 -4.779e-02 -7.660e-06 
 -4.439e-04  4.289e-11  4.664e-09  7.391e-13 
 -4.779e-02  4.664e-09  5.247e-07  8.818e-11 
 -7.660e-06  7.391e-13  8.818e-11  2.457e-14 
ERR MATRIX NOT POS-DEF
 PARAMETER  CORRELATION COEFFICIENTS  
       NO.  GLOBAL      1      2      3      4
        1  0.99458   1.000 -0.993 -0.966 -0.716
        2  0.99756  -0.993  1.000  0.983  0.720
        3  0.99144  -0.966  0.983  1.000  0.777
        4  0.83456  -0.716  0.720  0.777  1.000
 ERR MATRIX NOT POS-DEF
status of the fit-----000------4
1  558865
2  0.565024
3  0.000139786
4  0.000999802
