  *******************************************
  *                                         *
  *        W E L C O M E  to  R O O T       *
  *                                         *
  *   Version   5.34/36      5 April 2016   *
  *                                         *
  *  You are welcome to visit our Web site  *
  *          http://root.cern.ch            *
  *                                         *
  *******************************************

ROOT 5.34/36 (v5-34-36@v5-34-36, Apr 05 2016, 10:25:45 on linuxx8664gcc)

CINT/ROOT C/C++ Interpreter version 5.18.00, July 2, 2010
Type ? for help. Commands must be C++ statements.
Enclose multiple statements between { }.
Loading root init file.
The rat/rootinit.C file loaded the DEAP style for you, which is available from the fStyle pointer.
DEAP style applied. 
RAT: Libraries loaded.

Processing /home/fatemigh/projects/rpp-jillings/fatemigh/sterile/Likelihood/LikelihoodSterile_modified6.C+(148)...
pased here
566 lines read from file
31
spec_E  566
Before entering fitting
 **********
 **    1 **SET PRINT           2
 **********
 **********
 **    2 **SET NOGRAD
 **********
 PARAMETER DEFINITIONS:
    NO.   NAME         VALUE      STEP SIZE      LIMITS
     1 p0           5.58000e+05  1.67400e+05     no limits
     2 p1           5.65000e-01  1.69500e-01     no limits
     3 p2           0.00000e+00  3.00000e-01     no limits
     4 p3           9.99871e-04  2.99961e-04     no limits
 **********
 **    3 **SET ERR         0.5
 **********
 **********
 **    4 **SET PRINT           2
 **********
 **********
 **    5 **SET STR           1
 **********
 NOW USING STRATEGY  1: TRY TO BALANCE SPEED AGAINST RELIABILITY
 **********
 **    6 **MIGRAD        1480        0.01
 **********
 FIRST CALL TO USER FUNCTION AT NEW START POINT, WITH IFLAG=4.
 START MIGRAD MINIMIZATION.  STRATEGY  1.  CONVERGENCE WHEN EDM .LT. 1.00e-05
 FCN=17482.3 FROM MIGRAD    STATUS=INITIATE       18 CALLS          19 TOTAL
                     EDM= unknown      STRATEGY= 1      NO ERROR MATRIX       
  EXT PARAMETER               CURRENT GUESS       STEP         FIRST   
  NO.   NAME      VALUE            ERROR          SIZE      DERIVATIVE 
   1  p0           5.58000e+05   1.67400e+05   1.67400e+05  -3.64712e+01
   2  p1           5.65000e-01   1.69500e-01   1.69500e-01  -1.13216e+08
   3  p2           0.00000e+00   3.00000e-01   3.00000e-01   2.10545e+06
   4  p3           9.99871e-04   2.99961e-04   2.99961e-04  -1.01463e+09
                               ERR DEF= 0.5
NO ERROR MATRIX       
 FCN=1275.04 FROM MIGRAD    STATUS=PROGRESS       36 CALLS          37 TOTAL
                     EDM=3868.97    STRATEGY= 1      NO ERROR MATRIX       
  EXT PARAMETER               CURRENT GUESS       STEP         FIRST   
  NO.   NAME      VALUE            ERROR          SIZE      DERIVATIVE 
   1  p0           5.58356e+05   1.67400e+05   3.56275e+02  -2.50658e+00
   2  p1           5.65115e-01   1.69500e-01   1.14894e-04  -7.72378e+06
   3  p2          -2.37747e-03   3.00000e-01  -2.37747e-03  -4.68184e+05
   4  p3           1.00134e-03   2.99961e-04   1.46942e-06   4.93402e+08
                               ERR DEF= 0.5
 MIGRAD MINIMIZATION HAS CONVERGED.
 MIGRAD WILL VERIFY CONVERGENCE AND ERROR MATRIX.
   START COVARIANCE MATRIX CALCULATION.
 EIGENVALUES OF SECOND-DERIVATIVE MATRIX:
        -2.6073e-03  3.7317e-01  8.3474e-01  2.7947e+00
 MINUIT WARNING IN HESSE   
 ============== MATRIX FORCED POS-DEF BY ADDING 0.005402 TO DIAGONAL.
 FCN=55.8573 FROM HESSE     STATUS=NOT POSDEF     29 CALLS          99 TOTAL
                     EDM=2.22898e-05    STRATEGY= 1      ERR MATRIX NOT POS-DEF
  EXT PARAMETER                APPROXIMATE        STEP         FIRST   
  NO.   NAME      VALUE            ERROR          SIZE      DERIVATIVE 
   1  p0           5.58477e+05   6.79330e+01   2.66303e-01  -5.18151e-05
   2  p1           5.65154e-01   2.22591e-05   2.69486e-07   1.63261e+02
   3  p2          -5.72109e-05   8.89391e-05   2.97115e-07  -1.98331e+01
   4  p3           9.99819e-04   8.04930e-08   4.76751e-10   4.33911e+03
                               ERR DEF= 0.5
 PARAMETER  CORRELATION COEFFICIENTS  
       NO.  GLOBAL      1      2      3      4
        1  0.99716   1.000 -0.995 -0.412 -0.391
        2  0.99727  -0.995  1.000  0.460  0.388
        3  0.77174  -0.412  0.460  1.000  0.525
        4  0.62681  -0.391  0.388  0.525  1.000
 ERR MATRIX NOT POS-DEF
 FCN=55.8572 FROM MIGRAD    STATUS=PROGRESS      116 CALLS         117 TOTAL
                     EDM=0.000165544    STRATEGY= 1      ERR MATRIX NOT POS-DEF
  EXT PARAMETER                APPROXIMATE        STEP         FIRST   
  NO.   NAME      VALUE            ERROR          SIZE      DERIVATIVE 
   1  p0           5.58480e+05   6.79330e+01   3.30250e+00   1.69075e-04
   2  p1           5.65152e-01   2.22591e-05  -1.06826e-06   8.71709e+02
   3  p2          -5.82294e-05   8.89391e-05  -1.01846e-06  -5.71615e+01
   4  p3           9.99818e-04   8.04930e-08  -1.32071e-09  -2.13724e+05
                               ERR DEF= 0.5
 MINUIT WARNING IN MIGRAD  
 ============== Negative diagonal element 1 in Error Matrix
 MINUIT WARNING IN MIGRAD  
 ============== Negative diagonal element 2 in Error Matrix
 MINUIT WARNING IN MIGRAD  
 ============== 163198 added to diagonal of error matrix
 EIGENVALUES OF SECOND-DERIVATIVE MATRIX:
         9.9987e-01  1.0000e+00  1.0000e+00  1.0001e+00
 MIGRAD FAILS TO FIND IMPROVEMENT
 MIGRAD TERMINATED WITHOUT CONVERGENCE.
 FCN=55.8449 FROM MIGRAD    STATUS=FAILED        199 CALLS         200 TOTAL
                     EDM=3.43585e+12    STRATEGY= 1      ERR MATRIX NOT POS-DEF
  EXT PARAMETER                APPROXIMATE        STEP         FIRST   
  NO.   NAME      VALUE            ERROR          SIZE      DERIVATIVE 
   1  p0           5.58717e+05   9.08435e+02  -0.00000e+00   2.11204e-04
   2  p1           5.65076e-01   2.84109e+02  -0.00000e+00   6.81996e+02
   3  p2          -7.02828e-05   2.85655e+02   0.00000e+00  -2.68270e+00
   4  p3           9.99818e-04   2.96820e+01   0.00000e+00   1.84382e+03
                               ERR DEF= 0.5
 EXTERNAL ERROR MATRIX.    NDIM=  25    NPAR=  4    ERR DEF=0.5
  8.253e+05 -2.328e-01  1.384e-01 -2.605e-03 
 -2.328e-01  8.072e+04  6.134e+00 -8.433e+03 
  1.384e-01  6.134e+00  8.160e+04  5.871e+01 
 -2.605e-03 -8.433e+03  5.871e+01  8.810e+02 
ERR MATRIX NOT POS-DEF
 PARAMETER  CORRELATION COEFFICIENTS  
       NO.  GLOBAL      1      2      3      4
        1  0.99759   1.000 -0.000  0.000 -0.000
        2  1.00000  -0.000  1.000  0.000 -1.000
        3  1.00000   0.000  0.000  1.000  0.007
        4  1.00000  -0.000 -1.000  0.007  1.000
 ERR MATRIX NOT POS-DEF
 FCN=55.8449 FROM MIGRAD    STATUS=FAILED        199 CALLS         200 TOTAL
                     EDM=3.43585e+12    STRATEGY= 1      ERR MATRIX NOT POS-DEF
  EXT PARAMETER                  PARABOLIC         MINOS ERRORS        
  NO.   NAME      VALUE            ERROR      NEGATIVE      POSITIVE   
   1  p0           5.58717e+05   9.08435e+02                            
   2  p1           5.65076e-01   2.84109e+02                            
   3  p2          -7.02828e-05   2.85655e+02                            
   4  p3           9.99818e-04   2.96820e+01                            
                               ERR DEF= 0.5
 **********
 **    7 **SET PRINT           2
 **********
 **********
 **    8 **SET NOGRAD
 **********
 PARAMETER DEFINITIONS:
    NO.   NAME         VALUE      STEP SIZE      LIMITS
     1 p0           5.58717e+05  9.08435e+02     no limits
     2 p1           5.65076e-01  2.84109e+02     no limits
     3 p2          -7.02828e-05  2.85655e+02     no limits
     4 p3           9.99818e-04  2.96820e+01     no limits
 **********
 **    9 **SET ERR         0.5
 **********
 **********
 **   10 **SET PRINT           2
 **********
 **********
 **   11 **SET STR           1
 **********
 NOW USING STRATEGY  1: TRY TO BALANCE SPEED AGAINST RELIABILITY
 **********
 **   12 **MIGRAD        1480        0.01
 **********
 FIRST CALL TO USER FUNCTION AT NEW START POINT, WITH IFLAG=4.
 START MIGRAD MINIMIZATION.  STRATEGY  1.  CONVERGENCE WHEN EDM .LT. 1.00e-05
 FCN=55.8449 FROM MIGRAD    STATUS=INITIATE       22 CALLS          23 TOTAL
                     EDM= unknown      STRATEGY= 1      NO ERROR MATRIX       
  EXT PARAMETER               CURRENT GUESS       STEP         FIRST   
  NO.   NAME      VALUE            ERROR          SIZE      DERIVATIVE 
   1  p0           5.58717e+05   9.08435e+02   9.08435e+02   2.21147e-04
   2  p1           5.65076e-01   2.84109e+02   2.84109e+02   6.11128e+08
   3  p2          -7.02828e-05   2.85655e+02   2.85655e+02   3.68030e+04
   4  p3           9.99818e-04   2.96820e+01   2.96820e+01  -4.02687e+13
                               ERR DEF= 0.5
NO ERROR MATRIX       
 MIGRAD FAILS TO FIND IMPROVEMENT
   START COVARIANCE MATRIX CALCULATION.
 EIGENVALUES OF SECOND-DERIVATIVE MATRIX:
        -1.8554e-01  4.9713e-01  9.9901e-01  2.6894e+00
 MINUIT WARNING IN HESSE   
 ============== MATRIX FORCED POS-DEF BY ADDING 0.188230 TO DIAGONAL.
 FCN=55.8449 FROM HESSE     STATUS=NOT POSDEF     29 CALLS          63 TOTAL
                     EDM=8.59863e-05    STRATEGY= 1      ERR MATRIX NOT POS-DEF
  EXT PARAMETER                APPROXIMATE        STEP         FIRST   
  NO.   NAME      VALUE            ERROR          SIZE      DERIVATIVE 
   1  p0           5.58717e+05   6.80115e+01   9.08435e-01   2.28727e-04
   2  p1           5.65076e-01   4.71364e-06   2.84109e-02   6.21892e+02
   3  p2          -7.02828e-05   9.05934e-05   2.85655e-02  -7.12938e+00
   4  p3           9.99818e-04   5.57208e-09   2.96820e-03  -1.20524e+04
                               ERR DEF= 0.5
 PARAMETER  CORRELATION COEFFICIENTS  
       NO.  GLOBAL      1      2      3      4
        1  0.99761   1.000 -0.997 -0.727 -0.068
        2  0.99784  -0.997  1.000  0.757  0.068
        3  0.82956  -0.727  0.757  1.000  0.064
        4  0.07369  -0.068  0.068  0.064  1.000
 ERR MATRIX NOT POS-DEF
 FCN=55.8449 FROM MIGRAD    STATUS=PROGRESS       74 CALLS          75 TOTAL
                     EDM=3.61464e-05    STRATEGY= 1      ERR MATRIX NOT POS-DEF
  EXT PARAMETER                APPROXIMATE        STEP         FIRST   
  NO.   NAME      VALUE            ERROR          SIZE      DERIVATIVE 
   1  p0           5.58717e+05   6.80115e+01  -1.58633e-03   1.68238e-04
   2  p1           5.65076e-01   4.71364e-06   1.09598e-10   5.26871e+02
   3  p2          -7.02812e-05   9.05934e-05   1.57087e-09   7.34706e+00
   4  p3           9.99818e-04   5.57208e-09   9.61827e-15   2.84852e+03
                               ERR DEF= 0.5
 MIGRAD FAILS TO FIND IMPROVEMENT
 MIGRAD TERMINATED WITHOUT CONVERGENCE.
 FCN=55.8449 FROM MIGRAD    STATUS=FAILED         80 CALLS          81 TOTAL
                     EDM=3.61464e-05    STRATEGY= 1      ERR MATRIX NOT POS-DEF
  EXT PARAMETER                APPROXIMATE        STEP         FIRST   
  NO.   NAME      VALUE            ERROR          SIZE      DERIVATIVE 
   1  p0           5.58717e+05   1.36565e+01  -0.00000e+00   1.68238e-04
   2  p1           5.65076e-01   8.18962e-07   0.00000e+00   5.26871e+02
   3  p2          -7.02812e-05   4.90088e-05  -0.00000e+00   7.34706e+00
   4  p3           9.99818e-04   5.55034e-09  -0.00000e+00   2.84852e+03
                               ERR DEF= 0.5
 EXTERNAL ERROR MATRIX.    NDIM=  25    NPAR=  4    ERR DEF=0.5
  1.865e+02 -1.026e-05  5.952e-04  6.938e-09 
 -1.026e-05  6.707e-13 -3.037e-11 -5.068e-16 
  5.952e-04 -3.037e-11  2.402e-09 -5.382e-15 
  6.938e-09 -5.068e-16 -5.382e-15  3.081e-17 
ERR MATRIX NOT POS-DEF
 PARAMETER  CORRELATION COEFFICIENTS  
       NO.  GLOBAL      1      2      3      4
        1  0.96536   1.000 -0.917  0.889  0.092
        2  0.92620  -0.917  1.000 -0.757 -0.111
        3  0.90626   0.889 -0.757  1.000 -0.020
        4  0.23950   0.092 -0.111 -0.020  1.000
 ERR MATRIX NOT POS-DEF
 FCN=55.8449 FROM MIGRAD    STATUS=FAILED         80 CALLS          81 TOTAL
                     EDM=3.61464e-05    STRATEGY= 1      ERR MATRIX NOT POS-DEF
  EXT PARAMETER                  PARABOLIC         MINOS ERRORS        
  NO.   NAME      VALUE            ERROR      NEGATIVE      POSITIVE   
   1  p0           5.58717e+05   1.36565e+01                            
   2  p1           5.65076e-01   8.18962e-07                            
   3  p2          -7.02812e-05   4.90088e-05                            
   4  p3           9.99818e-04   5.55034e-09                            
                               ERR DEF= 0.5
 **********
 **   13 **SET PRINT           2
 **********
 **********
 **   14 **SET NOGRAD
 **********
 PARAMETER DEFINITIONS:
    NO.   NAME         VALUE      STEP SIZE      LIMITS
     1 p0           5.58717e+05  1.36565e+01     no limits
     2 p1           5.65076e-01  8.18962e-07     no limits
     3 p2          -7.02812e-05  4.90088e-05     no limits
     4 p3           9.99818e-04  5.55034e-09     no limits
 **********
 **   15 **SET ERR         0.5
 **********
 **********
 **   16 **SET PRINT           2
 **********
 **********
 **   17 **SET STR           1
 **********
 NOW USING STRATEGY  1: TRY TO BALANCE SPEED AGAINST RELIABILITY
 **********
 **   18 **MIGRAD        1480        0.01
 **********
 FIRST CALL TO USER FUNCTION AT NEW START POINT, WITH IFLAG=4.
 START MIGRAD MINIMIZATION.  STRATEGY  1.  CONVERGENCE WHEN EDM .LT. 1.00e-05
 FCN=55.8449 FROM MIGRAD    STATUS=INITIATE       10 CALLS          11 TOTAL
                     EDM= unknown      STRATEGY= 1      NO ERROR MATRIX       
  EXT PARAMETER               CURRENT GUESS       STEP         FIRST   
  NO.   NAME      VALUE            ERROR          SIZE      DERIVATIVE 
   1  p0           5.58717e+05   1.36565e+01   1.36565e+01   1.68238e-04
   2  p1           5.65076e-01   8.18962e-07   8.18962e-07   5.26871e+02
   3  p2          -7.02812e-05   4.90088e-05   4.90088e-05   1.29573e+01
   4  p3           9.99818e-04   5.55034e-09   5.55034e-09   2.84852e+03
                               ERR DEF= 0.5
NO ERROR MATRIX       
 FCN=55.8449 FROM MIGRAD    STATUS=PROGRESS       26 CALLS          27 TOTAL
                     EDM=1.73638e-06    STRATEGY= 1      NO ERROR MATRIX       
  EXT PARAMETER               CURRENT GUESS       STEP         FIRST   
  NO.   NAME      VALUE            ERROR          SIZE      DERIVATIVE 
   1  p0           5.58717e+05   1.36565e+01  -4.40741e-03  -1.04410e-04
   2  p1           5.65076e-01   8.18962e-07  -1.43111e-09  -3.14812e+02
   3  p2          -7.03179e-05   4.90088e-05  -3.66195e-08   9.95440e+00
   4  p3           9.99818e-04   5.55034e-09  -1.02518e-11  -3.04450e+03
                               ERR DEF= 0.5
 MIGRAD FAILS TO FIND IMPROVEMENT
 MIGRAD MINIMIZATION HAS CONVERGED.
 MIGRAD WILL VERIFY CONVERGENCE AND ERROR MATRIX.
   START COVARIANCE MATRIX CALCULATION.
 EIGENVALUES OF SECOND-DERIVATIVE MATRIX:
         1.2779e-03  4.1396e-01  9.0876e-01  2.6760e+00
 COVARIANCE MATRIX CALCULATED SUCCESSFULLY
 FCN=55.8449 FROM MIGRAD    STATUS=CONVERGED      59 CALLS          60 TOTAL
                     EDM=1.25872e-06    STRATEGY= 1      ERROR MATRIX ACCURATE 
  EXT PARAMETER                                   STEP         FIRST   
  NO.   NAME      VALUE            ERROR          SIZE      DERIVATIVE 
   1  p0           5.58717e+05   1.01157e+02   2.66417e-01  -9.65208e-05
   2  p1           5.65076e-01   3.26512e-05   2.69449e-07  -3.12626e+02
   3  p2          -7.03179e-05   6.58843e-05   2.75557e-07   1.82959e+01
   4  p3           9.99818e-04   6.96300e-08   4.76750e-10  -1.68068e+04
                               ERR DEF= 0.5
 EXTERNAL ERROR MATRIX.    NDIM=  25    NPAR=  4    ERR DEF=0.5
  1.023e+04 -3.297e-03  1.664e-04  1.007e-06 
 -3.297e-03  1.066e-09  8.853e-12 -3.300e-13 
  1.664e-04  8.853e-12  4.341e-09  2.015e-12 
  1.007e-06 -3.300e-13  2.015e-12  4.848e-15 
 PARAMETER  CORRELATION COEFFICIENTS  
       NO.  GLOBAL      1      2      3      4
        1  0.99872   1.000 -0.998  0.025  0.143
        2  0.99873  -0.998  1.000  0.004 -0.145
        3  0.66418   0.025  0.004  1.000  0.439
        4  0.53885   0.143 -0.145  0.439  1.000
 EXTERNAL ERROR MATRIX.    NDIM=   4    NPAR=  4    ERR DEF=0.5
  1.023e+04 -3.297e-03  1.664e-04  1.007e-06 
 -3.297e-03  1.066e-09  8.853e-12 -3.300e-13 
  1.664e-04  8.853e-12  4.341e-09  2.015e-12 
  1.007e-06 -3.300e-13  2.015e-12  4.848e-15 
 FCN=55.8449 FROM MIGRAD    STATUS=CONVERGED      59 CALLS          60 TOTAL
                     EDM=1.25872e-06    STRATEGY= 1      ERROR MATRIX ACCURATE 
  EXT PARAMETER                  PARABOLIC         MINOS ERRORS        
  NO.   NAME      VALUE            ERROR      NEGATIVE      POSITIVE   
   1  p0           5.58717e+05   1.01157e+02                            
   2  p1           5.65076e-01   3.26512e-05                            
   3  p2          -7.03179e-05   6.58843e-05                            
   4  p3           9.99818e-04   6.96300e-08                            
                               ERR DEF= 0.5
------------------------------------------
Enering ROOFIt-------
 PARAMETER DEFINITIONS:
    NO.   NAME         VALUE      STEP SIZE      LIMITS
     1 norm         5.58717e+05  1.00000e-01     no limits
     2 Q            5.65000e-01  1.00000e-01     no limits
     3 theta        0.00000e+00  1.00000e-01     no limits
     4 pileup       9.99818e-04  1.00000e-01     no limits
 **********
 **    1 **MIGRAD
 **********
 FIRST CALL TO USER FUNCTION AT NEW START POINT, WITH IFLAG=4.
 START MIGRAD MINIMIZATION.  STRATEGY  1.  CONVERGENCE WHEN EDM .LT. 1.00e-04
 FCN=-2.37863e+11 FROM MIGRAD    STATUS=INITIATE       16 CALLS          17 TOTAL
                     EDM= unknown      STRATEGY= 1      NO ERROR MATRIX       
  EXT PARAMETER               CURRENT GUESS       STEP         FIRST   
  NO.   NAME      VALUE            ERROR          SIZE      DERIVATIVE 
   1  norm         5.58717e+05   1.00000e-01   1.00000e-01  -9.15588e+00
   2  Q            5.65000e-01   1.00000e-01   1.00000e-01  -1.35120e+08
   3  theta        0.00000e+00   1.00000e-01   1.00000e-01   5.58782e+05
   4  pileup       9.99818e-04   1.00000e-01   1.00000e-01  -9.18405e+11
 MIGRAD FAILS TO FIND IMPROVEMENT
 COVARIANCE MATRIX CALCULATED SUCCESSFULLY
 FCN=-2.37863e+11 FROM HESSE     STATUS=OK             27 CALLS          55 TOTAL
                     EDM=931064    STRATEGY= 1      ERROR MATRIX ACCURATE 
  EXT PARAMETER                                   STEP         FIRST   
  NO.   NAME      VALUE            ERROR          SIZE      DERIVATIVE 
   1  norm         5.58717e+05   1.75896e+02   2.66417e+00  -9.15589e+00
   2  Q            5.65000e-01   1.68132e-05   1.00000e-03  -2.84619e+07
   3  theta        0.00000e+00   1.47285e-03   1.85103e-02   5.43828e+05
   4  pileup       9.99818e-04   9.24383e-08   1.00000e-02  -2.64059e+08
 MIGRAD FAILS TO FIND IMPROVEMENT
 MACHINE ACCURACY LIMITS FURTHER IMPROVEMENT.
 MIGRAD MINIMIZATION HAS CONVERGED.
 MIGRAD WILL VERIFY CONVERGENCE AND ERROR MATRIX.
 COVARIANCE MATRIX CALCULATED SUCCESSFULLY
 MIGRAD TERMINATED WITHOUT CONVERGENCE.
 FCN=-2.37863e+11 FROM MIGRAD    STATUS=FAILED        272 CALLS         273 TOTAL
                     EDM=3.23566    STRATEGY= 1      ERR MATRIX APPROXIMATE
  EXT PARAMETER                APPROXIMATE        STEP         FIRST   
  NO.   NAME      VALUE            ERROR          SIZE      DERIVATIVE 
   1  norm         5.58998e+05   9.46129e+00   1.72592e+03   2.50677e-02
   2  Q            5.64984e-01   6.28303e-07   5.55000e-04   8.00077e+04
   3  theta       -1.59175e-04   1.51609e-04   1.85082e-02  -1.82432e+04
   4  pileup       9.99836e-04   1.04479e-07   2.09861e-05   1.18863e+07
 EXTERNAL ERROR MATRIX.    NDIM=  25    NPAR=  4    ERR DEF=1
  8.952e+01  1.370e-06  7.822e-04 -2.860e-08 
  1.370e-06  3.948e-13  6.563e-11 -4.565e-15 
  7.822e-04  6.563e-11  2.299e-08  4.271e-12 
 -2.860e-08 -4.565e-15  4.271e-12  1.092e-14 
ERR MATRIX APPROXIMATE
 PARAMETER  CORRELATION COEFFICIENTS  
       NO.  GLOBAL      1      2      3      4
        1  0.64282   1.000  0.230  0.545 -0.029
        2  0.77527   0.230  1.000  0.689 -0.070
        3  0.85861   0.545  0.689  1.000  0.270
        4  0.53717  -0.029 -0.070  0.270  1.000
 ERR MATRIX APPROXIMATE
 **********
 **    2 **MIGRAD 
 **********
 START MIGRAD MINIMIZATION.  STRATEGY  1.  CONVERGENCE WHEN EDM .LT. 1.00e-04
 FCN=-2.37863e+11 FROM MIGRAD    STATUS=INITIATE        8 CALLS         281 TOTAL
                     EDM=1.19995    STRATEGY= 1      ERR MATRIX APPROXIMATE
  EXT PARAMETER                APPROXIMATE        STEP         FIRST   
  NO.   NAME      VALUE            ERROR          SIZE      DERIVATIVE 
   1  norm         5.58998e+05   9.46129e+00   1.72592e+03   1.48348e-02
   2  Q            5.64984e-01   6.28303e-07   5.55000e-04   8.01184e+04
   3  theta       -1.59175e-04   1.51609e-04   1.85082e-02  -1.57720e+04
   4  pileup       9.99836e-04   1.04479e-07   2.09861e-05   7.37584e+06
 MINUIT WARNING IN MIGRAD  
 ============== Negative diagonal element 2 in Error Matrix
 MINUIT WARNING IN MIGRAD  
 ============== 1 added to diagonal of error matrix
 MIGRAD FAILS TO FIND IMPROVEMENT
 COVARIANCE MATRIX CALCULATED SUCCESSFULLY
 FCN=-2.37863e+11 FROM HESSE     STATUS=OK             31 CALLS         337 TOTAL
                     EDM=0.0254622    STRATEGY= 1      ERROR MATRIX ACCURATE 
  EXT PARAMETER                                   STEP         FIRST   
  NO.   NAME      VALUE            ERROR          SIZE      DERIVATIVE 
   1  norm         5.59001e+05   9.46871e+00   1.72592e+03  -1.53943e-02
   2  Q            5.64984e-01   6.37786e-07   5.54971e-04  -4.85317e+04
   3  theta       -7.87047e-05   1.52693e-04   1.85085e-02   8.75948e+02
   4  pileup       9.99833e-04   1.04486e-07   2.09874e-05   2.44355e+06
 MIGRAD FAILS TO FIND IMPROVEMENT
 MIGRAD TERMINATED WITHOUT CONVERGENCE.
 FCN=-2.37863e+11 FROM MIGRAD    STATUS=FAILED        107 CALLS         380 TOTAL
                     EDM=149475    STRATEGY= 1  ERROR MATRIX UNCERTAINTY   1.0 per cent
  EXT PARAMETER                APPROXIMATE        STEP         FIRST   
  NO.   NAME      VALUE            ERROR          SIZE      DERIVATIVE 
   1  norm         5.59001e+05   9.18140e+00  -0.00000e+00  -6.41628e-02
   2  Q            5.64984e-01   1.11252e-09  -0.00000e+00  -1.27373e+09
   3  theta       -8.64095e-05   1.12612e-04  -0.00000e+00   1.54328e+04
   4  pileup       9.99818e-04   7.48625e-08   0.00000e+00  -2.83644e+07
 EXTERNAL ERROR MATRIX.    NDIM=  25    NPAR=  4    ERR DEF=1
  8.430e+01  8.283e-10  5.354e-04  5.793e-08 
  8.283e-10  1.238e-18  1.057e-14 -5.459e-17 
  5.354e-04  1.057e-14  1.268e-08  5.169e-12 
  5.793e-08 -5.459e-17  5.169e-12  5.604e-15 
ERR MATRIX APPROXIMATE
 PARAMETER  CORRELATION COEFFICIENTS  
       NO.  GLOBAL      1      2      3      4
        1  0.78975   1.000  0.081  0.518  0.084
        2  0.94241   0.081  1.000  0.084 -0.655
        3  0.95804   0.518  0.084  1.000  0.613
        4  0.96847   0.084 -0.655  0.613  1.000
 ERR MATRIX APPROXIMATE
status of the fit-----000------4
1  559001
2  0.564984
3  -8.64095e-05
4  0.000999818
 PARAMETER DEFINITIONS:
    NO.   NAME         VALUE      STEP SIZE      LIMITS
     1 norm         5.59001e+05  1.00000e-01     no limits
     2 Q            5.64984e-01  1.00000e-01     no limits
     3 theta       -8.64095e-05  1.00000e-01     no limits
     4 pileup       9.99818e-04  1.00000e-01     no limits
 **********
 **    3 **MIGRAD
 **********
 FIRST CALL TO USER FUNCTION AT NEW START POINT, WITH IFLAG=4.
 START MIGRAD MINIMIZATION.  STRATEGY  1.  CONVERGENCE WHEN EDM .LT. 1.00e-04
 FCN=-2.37863e+11 FROM MIGRAD    STATUS=INITIATE       16 CALLS         397 TOTAL
                     EDM= unknown      STRATEGY= 1      NO ERROR MATRIX       
  EXT PARAMETER               CURRENT GUESS       STEP         FIRST   
  NO.   NAME      VALUE            ERROR          SIZE      DERIVATIVE 
   1  norm         5.59001e+05   1.00000e-01   1.00000e-01   4.63684e-04
   2  Q            5.64984e-01   1.00000e-01   1.00000e-01   6.40591e+06
   3  theta       -8.64095e-05   1.00000e-01   1.00000e-01   1.54166e+04
   4  pileup       9.99818e-04   1.00000e-01   1.00000e-01  -9.18076e+11
 MIGRAD FAILS TO FIND IMPROVEMENT
 COVARIANCE MATRIX CALCULATED SUCCESSFULLY
 FCN=-2.37863e+11 FROM HESSE     STATUS=OK             29 CALLS         437 TOTAL
                     EDM=0.0136825    STRATEGY= 1      ERROR MATRIX ACCURATE 
  EXT PARAMETER                                   STEP         FIRST   
  NO.   NAME      VALUE            ERROR          SIZE      DERIVATIVE 
   1  norm         5.59001e+05   1.49224e+02   2.66552e+00   3.72092e-04
   2  Q            5.64984e-01   1.42618e-05   1.00000e-03   4.85050e+02
   3  theta       -8.64095e-05   1.25034e-03   1.84984e-02  -1.44744e+02
   4  pileup       9.99818e-04   9.24402e-08   1.00000e-02  -4.72447e+05
 MIGRAD FAILS TO FIND IMPROVEMENT
 MACHINE ACCURACY LIMITS FURTHER IMPROVEMENT.
 MIGRAD MINIMIZATION HAS CONVERGED.
 MIGRAD WILL VERIFY CONVERGENCE AND ERROR MATRIX.
 EIGENVALUES OF SECOND-DERIVATIVE MATRIX:
        -6.7237e-05  3.7292e-01  8.5092e-01  2.7762e+00
 MINUIT WARNING IN HESSE   
 ============== MATRIX FORCED POS-DEF BY ADDING 0.002843 TO DIAGONAL.
 MIGRAD TERMINATED WITHOUT CONVERGENCE.
 FCN=-2.37863e+11 FROM MIGRAD    STATUS=FAILED        107 CALLS         488 TOTAL
                     EDM=0.000589594    STRATEGY= 1      ERR MATRIX NOT POS-DEF
  EXT PARAMETER                APPROXIMATE        STEP         FIRST   
  NO.   NAME      VALUE            ERROR          SIZE      DERIVATIVE 
   1  norm         5.59001e+05   9.68912e+01   5.33105e+00   4.43649e-04
   2  Q            5.64984e-01   3.14539e-05   1.02991e-04   4.66693e+02
   3  theta       -8.64094e-05   1.11329e-04   7.39938e-03  -1.66108e+02
   4  pileup       9.99818e-04   1.03943e-07   2.14096e-05   7.27673e+04
 EXTERNAL ERROR MATRIX.    NDIM=  25    NPAR=  4    ERR DEF=1
  9.388e+03 -3.034e-03 -1.522e-03 -5.721e-07 
 -3.034e-03  9.894e-10  6.748e-10  1.810e-13 
 -1.522e-03  6.748e-10  1.239e-08  5.045e-12 
 -5.721e-07  1.810e-13  5.045e-12  1.080e-14 
ERR MATRIX NOT POS-DEF
 PARAMETER  CORRELATION COEFFICIENTS  
       NO.  GLOBAL      1      2      3      4
        1  0.99721   1.000 -0.996 -0.141 -0.057
        2  0.99726  -0.996  1.000  0.193  0.055
        3  0.71696  -0.141  0.193  1.000  0.436
        4  0.53224  -0.057  0.055  0.436  1.000
 ERR MATRIX NOT POS-DEF
 **********
 **    4 **MIGRAD 
 **********
 START MIGRAD MINIMIZATION.  STRATEGY  1.  CONVERGENCE WHEN EDM .LT. 1.00e-04
 FCN=-2.37863e+11 FROM MIGRAD    STATUS=INITIATE        8 CALLS         496 TOTAL
                     EDM=0.0557148    STRATEGY= 1      ERR MATRIX NOT POS-DEF
  EXT PARAMETER                APPROXIMATE        STEP         FIRST   
  NO.   NAME      VALUE            ERROR          SIZE      DERIVATIVE 
   1  norm         5.59001e+05   9.68912e+01   5.33105e+00   4.43649e-04
   2  Q            5.64984e-01   3.14539e-05   1.02991e-04   4.97806e+02
   3  theta       -8.64094e-05   1.11329e-04   7.39938e-03   2.29334e+02
   4  pileup       9.99818e-04   1.03943e-07   2.14096e-05  -4.62183e+06
 MIGRAD FAILS TO FIND IMPROVEMENT
 MACHINE ACCURACY LIMITS FURTHER IMPROVEMENT.
 MIGRAD MINIMIZATION HAS CONVERGED.
 MIGRAD WILL VERIFY CONVERGENCE AND ERROR MATRIX.
 EIGENVALUES OF SECOND-DERIVATIVE MATRIX:
        -4.1249e-05  3.7369e-01  8.5126e-01  2.7751e+00
 MINUIT WARNING IN HESSE   
 ============== MATRIX FORCED POS-DEF BY ADDING 0.002816 TO DIAGONAL.
 FCN=-2.37863e+11 FROM HESSE     STATUS=NOT POSDEF     27 CALLS         534 TOTAL
                     EDM=0.000204024    STRATEGY= 1      ERR MATRIX NOT POS-DEF
  EXT PARAMETER                APPROXIMATE        STEP         FIRST   
  NO.   NAME      VALUE            ERROR          SIZE      DERIVATIVE 
   1  norm         5.59001e+05   9.71195e+01   1.06621e+01   3.86404e-04
   2  Q            5.64984e-01   3.14018e-05   4.11964e-05   4.81508e+02
   3  theta       -8.64094e-05   1.10131e-04   2.95975e-03  -1.68840e+02
   4  pileup       9.99818e-04   1.03885e-07   8.56386e-06   1.12697e+05
 MINUIT WARNING IN MIGRAD  
 ============== Negative diagonal element 2 in Error Matrix
 MINUIT WARNING IN MIGRAD  
 ============== 1 added to diagonal of error matrix
 MIGRAD FAILS TO FIND IMPROVEMENT
 MIGRAD TERMINATED WITHOUT CONVERGENCE.
 FCN=-2.37863e+11 FROM MIGRAD    STATUS=FAILED         89 CALLS         577 TOTAL
                     EDM=9.86651e+08    STRATEGY= 1      ERR MATRIX NOT POS-DEF
  EXT PARAMETER                APPROXIMATE        STEP         FIRST   
  NO.   NAME      VALUE            ERROR          SIZE      DERIVATIVE 
   1  norm         5.58997e+05   9.27220e+00   0.00000e+00  -1.49037e-03
   2  Q            5.64986e-01   1.00000e+00   0.00000e+00  -1.18533e+09
   3  theta       -8.33815e-05   1.00000e+00  -0.00000e+00   6.83951e+03
   4  pileup       9.99818e-04   1.00000e+00   0.00000e+00  -2.86529e+07
 EXTERNAL ERROR MATRIX.    NDIM=  25    NPAR=  4    ERR DEF=1
  8.597e+01  5.843e-09  6.447e-04  1.262e-07 
  5.843e-09  1.000e+00  4.081e-15 -6.100e-18 
  6.447e-04  4.081e-15  1.000e+00  2.786e-12 
  1.262e-07 -6.100e-18  2.786e-12  1.000e+00 
ERR MATRIX NOT POS-DEF
 PARAMETER  CORRELATION COEFFICIENTS  
       NO.  GLOBAL      1      2      3      4
        1  0.00007   1.000  0.000  0.000  0.000
        2  0.00000   0.000  1.000  0.000 -0.000
        3  0.00007   0.000  0.000  1.000  0.000
        4  0.00000   0.000 -0.000  0.000  1.000
 ERR MATRIX NOT POS-DEF
status of the fit-----000------4
1  558997
2  0.564986
3  -8.33815e-05
4  0.000999818
 PARAMETER DEFINITIONS:
    NO.   NAME         VALUE      STEP SIZE      LIMITS
     1 norm         5.58997e+05  1.00000e-01     no limits
     2 Q            5.64986e-01  1.00000e-01     no limits
     3 theta       -8.33815e-05  1.00000e-01     no limits
     4 pileup       9.99818e-04  1.00000e-01     no limits
 **********
 **    5 **MIGRAD
 **********
 FIRST CALL TO USER FUNCTION AT NEW START POINT, WITH IFLAG=4.
 START MIGRAD MINIMIZATION.  STRATEGY  1.  CONVERGENCE WHEN EDM .LT. 1.00e-04
 FCN=-2.37863e+11 FROM MIGRAD    STATUS=INITIATE       16 CALLS         594 TOTAL
                     EDM= unknown      STRATEGY= 1      NO ERROR MATRIX       
  EXT PARAMETER               CURRENT GUESS       STEP         FIRST   
  NO.   NAME      VALUE            ERROR          SIZE      DERIVATIVE 
   1  norm         5.58997e+05   1.00000e-01   1.00000e-01  -5.49556e-04
   2  Q            5.64986e-01   1.00000e-01   1.00000e-01   6.34051e+06
   3  theta       -8.33815e-05   1.00000e-01   1.00000e-01   1.60421e+04
   4  pileup       9.99818e-04   1.00000e-01   1.00000e-01  -9.18076e+11
 MIGRAD FAILS TO FIND IMPROVEMENT
 COVARIANCE MATRIX CALCULATED SUCCESSFULLY
 FCN=-2.37863e+11 FROM HESSE     STATUS=OK             29 CALLS         634 TOTAL
                     EDM=0.449042    STRATEGY= 1      ERROR MATRIX ACCURATE 
  EXT PARAMETER                                   STEP         FIRST   
  NO.   NAME      VALUE            ERROR          SIZE      DERIVATIVE 
   1  norm         5.58997e+05   3.08760e+02   2.66550e+00  -5.72454e-04
   2  Q            5.64986e-01   2.94661e-05   1.00000e-03  -2.53211e+03
   3  theta       -8.33815e-05   2.57142e-03   1.84994e-02   4.81533e+02
   4  pileup       9.99818e-04   9.24602e-08   1.00000e-02  -7.60304e+05
 MIGRAD FAILS TO FIND IMPROVEMENT
 MACHINE ACCURACY LIMITS FURTHER IMPROVEMENT.
 MIGRAD MINIMIZATION HAS CONVERGED.
 FCN=-2.37863e+11 FROM MIGRAD    STATUS=CONVERGED      66 CALLS         644 TOTAL
                     EDM=0.449042    STRATEGY= 1      ERROR MATRIX ACCURATE 
  EXT PARAMETER                                   STEP         FIRST   
  NO.   NAME      VALUE            ERROR          SIZE      DERIVATIVE 
   1  norm         5.58997e+05   3.08760e+02   0.00000e+00  -5.72454e-04
   2  Q            5.64986e-01   2.94661e-05  -0.00000e+00  -2.53211e+03
   3  theta       -8.33815e-05   2.57142e-03  -0.00000e+00   4.81533e+02
   4  pileup       9.99818e-04   9.24602e-08   0.00000e+00  -7.60304e+05
 EXTERNAL ERROR MATRIX.    NDIM=  25    NPAR=  4    ERR DEF=1
  9.533e+04 -9.094e-03 -7.925e-01 -6.773e-07 
 -9.094e-03  8.683e-10  7.571e-08  5.621e-14 
 -7.925e-01  7.571e-08  6.612e-06  5.864e-12 
 -6.773e-07  5.621e-14  5.864e-12  8.549e-15 
 PARAMETER  CORRELATION COEFFICIENTS  
       NO.  GLOBAL      1      2      3      4
        1  0.99972   1.000 -1.000 -0.998 -0.024
        2  0.99989  -1.000  1.000  0.999  0.021
        3  0.99954  -0.998  0.999  1.000  0.025
        4  0.23354  -0.024  0.021  0.025  1.000
 **********
 **    6 **MIGRAD 
 **********
 START MIGRAD MINIMIZATION.  STRATEGY  1.  CONVERGENCE WHEN EDM .LT. 1.00e-04
 FCN=-2.37863e+11 FROM MIGRAD    STATUS=INITIATE        8 CALLS         652 TOTAL
                     EDM=16.3267    STRATEGY= 1      ERROR MATRIX ACCURATE 
  EXT PARAMETER                                   STEP         FIRST   
  NO.   NAME      VALUE            ERROR          SIZE      DERIVATIVE 
   1  norm         5.58997e+05   3.08760e+02   0.00000e+00  -4.86586e-04
   2  Q            5.64986e-01   2.94661e-05  -0.00000e+00  -2.40976e+03
   3  theta       -8.33815e-05   2.57142e-03  -0.00000e+00   2.95012e+03
   4  pileup       9.99818e-04   9.24602e-08   0.00000e+00  -2.98117e+07
 MIGRAD FAILS TO FIND IMPROVEMENT
 MACHINE ACCURACY LIMITS FURTHER IMPROVEMENT.
 MIGRAD MINIMIZATION HAS CONVERGED.
 MIGRAD WILL VERIFY CONVERGENCE AND ERROR MATRIX.
 COVARIANCE MATRIX CALCULATED SUCCESSFULLY
 FCN=-2.37863e+11 FROM HESSE     STATUS=OK             31 CALLS         763 TOTAL
                     EDM=0.000358151    STRATEGY= 1      ERROR MATRIX ACCURATE 
  EXT PARAMETER                                   STEP         FIRST   
  NO.   NAME      VALUE            ERROR          SIZE      DERIVATIVE 
   1  norm         5.58997e+05   9.50122e+00   1.72592e+03   2.58244e-03
   2  Q            5.64986e-01   6.63460e-07   5.54974e-04   7.42938e+03
   3  theta       -8.41160e-05   1.57904e-04   1.85087e-02   7.38671e+01
   4  pileup       9.99818e-04   1.04464e-07   2.09856e-05   1.23027e+05
 MINUIT WARNING IN MIGRAD  
 ============== Negative diagonal element 1 in Error Matrix
 MINUIT WARNING IN MIGRAD  
 ============== Negative diagonal element 3 in Error Matrix
 MINUIT WARNING IN MIGRAD  
 ============== 15.2491 added to diagonal of error matrix
 MIGRAD FAILS TO FIND IMPROVEMENT
 MACHINE ACCURACY LIMITS FURTHER IMPROVEMENT.
 MIGRAD MINIMIZATION HAS CONVERGED.
 MIGRAD WILL VERIFY CONVERGENCE AND ERROR MATRIX.
 EIGENVALUES OF SECOND-DERIVATIVE MATRIX:
        -2.6602e-04  3.7157e-01  8.5123e-01  2.7775e+00
 MINUIT WARNING IN HESSE   
 ============== MATRIX FORCED POS-DEF BY ADDING 0.003043 TO DIAGONAL.
 MIGRAD TERMINATED WITHOUT CONVERGENCE.
 FCN=-2.37863e+11 FROM MIGRAD    STATUS=FAILED        174 CALLS         818 TOTAL
                     EDM=0.000522267    STRATEGY= 1      ERR MATRIX NOT POS-DEF
  EXT PARAMETER                APPROXIMATE        STEP         FIRST   
  NO.   NAME      VALUE            ERROR          SIZE      DERIVATIVE 
   1  norm         5.58997e+05   9.68834e+01   6.90368e+02   1.33885e-03
   2  Q            5.64986e-01   3.14474e-05   9.50232e-05   3.35290e+03
   3  theta       -8.60053e-05   1.11418e-04   7.40350e-03  -2.03166e+02
   4  pileup       9.99818e-04   1.04041e-07   8.39423e-06   1.70461e+05
 EXTERNAL ERROR MATRIX.    NDIM=  25    NPAR=  4    ERR DEF=1
  9.386e+03 -3.033e-03 -1.502e-03 -5.248e-07 
 -3.033e-03  9.889e-10  6.686e-10  1.660e-13 
 -1.502e-03  6.686e-10  1.241e-08  5.070e-12 
 -5.248e-07  1.660e-13  5.070e-12  1.082e-14 
ERR MATRIX NOT POS-DEF
 PARAMETER  CORRELATION COEFFICIENTS  
       NO.  GLOBAL      1      2      3      4
        1  0.99721   1.000 -0.996 -0.139 -0.052
        2  0.99726  -0.996  1.000  0.191  0.051
        3  0.71754  -0.139  0.191  1.000  0.437
        4  0.53355  -0.052  0.051  0.437  1.000
 ERR MATRIX NOT POS-DEF
status of the fit-----000------4
1  558997
2  0.564986
3  -8.60053e-05
4  0.000999818
 **********
 **   19 **SET PRINT           2
 **********
 **********
 **   20 **SET NOGRAD
 **********
 PARAMETER DEFINITIONS:
    NO.   NAME         VALUE      STEP SIZE      LIMITS
     1 p0           5.58000e+05  1.67400e+05     no limits
     2 p1           5.65000e-01  1.69500e-01     no limits
     3 p2           0.00000e+00  3.00000e-01     no limits
     4 p3           9.99871e-04  2.99961e-04     no limits
 **********
 **   21 **SET ERR         0.5
 **********
 **********
 **   22 **SET PRINT           2
 **********
 **********
 **   23 **SET STR           1
 **********
 NOW USING STRATEGY  1: TRY TO BALANCE SPEED AGAINST RELIABILITY
 **********
 **   24 **MIGRAD        1480        0.01
 **********
 FIRST CALL TO USER FUNCTION AT NEW START POINT, WITH IFLAG=4.
 START MIGRAD MINIMIZATION.  STRATEGY  1.  CONVERGENCE WHEN EDM .LT. 1.00e-05
 FCN=17461.4 FROM MIGRAD    STATUS=INITIATE       18 CALLS          19 TOTAL
                     EDM= unknown      STRATEGY= 1      NO ERROR MATRIX       
  EXT PARAMETER               CURRENT GUESS       STEP         FIRST   
  NO.   NAME      VALUE            ERROR          SIZE      DERIVATIVE 
   1  p0           5.58000e+05   1.67400e+05   1.67400e+05  -3.64172e+01
   2  p1           5.65000e-01   1.69500e-01   1.69500e-01  -1.13045e+08
   3  p2           0.00000e+00   3.00000e-01   3.00000e-01   2.08722e+06
   4  p3           9.99871e-04   2.99961e-04   2.99961e-04  -9.71630e+08
                               ERR DEF= 0.5
NO ERROR MATRIX       
 FCN=1360.44 FROM MIGRAD    STATUS=PROGRESS       36 CALLS          37 TOTAL
                     EDM=4118.18    STRATEGY= 1      NO ERROR MATRIX       
  EXT PARAMETER               CURRENT GUESS       STEP         FIRST   
  NO.   NAME      VALUE            ERROR          SIZE      DERIVATIVE 
   1  p0           5.58357e+05   1.67400e+05   3.56568e+02  -2.52625e+00
   2  p1           5.65115e-01   1.69500e-01   1.14985e-04  -7.78230e+06
   3  p2          -2.36237e-03   3.00000e-01  -2.36237e-03  -4.73753e+05
   4  p3           1.00128e-03   2.99961e-04   1.41058e-06   5.19735e+08
                               ERR DEF= 0.5
 FCN=81.6759 FROM MIGRAD    STATUS=PROGRESS      151 CALLS         152 TOTAL
                     EDM=3.22443e-06    STRATEGY= 1  ERROR MATRIX UNCERTAINTY  40.5 per cent
  EXT PARAMETER                APPROXIMATE        STEP         FIRST   
  NO.   NAME      VALUE            ERROR          SIZE      DERIVATIVE 
   1  p0           5.59615e+05   1.21770e+03  -4.35174e+00   1.00002e-04
   2  p1           5.64788e-01   3.92740e-04   1.40642e-06   3.15639e+02
   3  p2          -1.30752e-04   9.72533e-05   2.71549e-07  -2.23923e+01
   4  p3           9.99627e-04   7.32171e-08   4.67583e-11   5.06669e+02
                               ERR DEF= 0.5
 MIGRAD FAILS TO FIND IMPROVEMENT
 MIGRAD MINIMIZATION HAS CONVERGED.
 MIGRAD WILL VERIFY CONVERGENCE AND ERROR MATRIX.
   START COVARIANCE MATRIX CALCULATION.
 EIGENVALUES OF SECOND-DERIVATIVE MATRIX:
         9.1794e-04  4.5274e-01  8.4051e-01  2.7058e+00
 COVARIANCE MATRIX CALCULATED SUCCESSFULLY
 FCN=81.6759 FROM HESSE     STATUS=OK             31 CALLS         202 TOTAL
                     EDM=1.94669e-05    STRATEGY= 1      ERROR MATRIX ACCURATE 
  EXT PARAMETER                                   STEP         FIRST   
  NO.   NAME      VALUE            ERROR          SIZE      DERIVATIVE 
   1  p0           5.59615e+05   1.19780e+02   2.66845e-01  -7.48707e-06
   2  p1           5.64787e-01   3.84107e-05   2.69312e-07  -2.09678e+01
   3  p2          -1.30666e-04   6.88699e-05   3.26171e-07   7.22365e+01
   4  p3           9.99627e-04   7.06602e-08   4.76660e-10   3.41378e+04
                               ERR DEF= 0.5
 PARAMETER  CORRELATION COEFFICIENTS  
       NO.  GLOBAL      1      2      3      4
        1  0.99908   1.000 -0.999  0.203  0.246
        2  0.99908  -0.999  1.000 -0.176 -0.251
        3  0.66477   0.203 -0.176  1.000  0.369
        4  0.51050   0.246 -0.251  0.369  1.000
 MIGRAD FAILS TO FIND IMPROVEMENT
 MIGRAD TERMINATED WITHOUT CONVERGENCE.
 FCN=81.6759 FROM MIGRAD    STATUS=FAILED        208 CALLS         209 TOTAL
                     EDM=1.94669e-05    STRATEGY= 1      ERR MATRIX APPROXIMATE
  EXT PARAMETER                APPROXIMATE        STEP         FIRST   
  NO.   NAME      VALUE            ERROR          SIZE      DERIVATIVE 
   1  p0           5.59615e+05   1.19780e+02  -0.00000e+00  -7.48707e-06
   2  p1           5.64787e-01   3.84107e-05   0.00000e+00  -2.09678e+01
   3  p2          -1.30666e-04   6.88699e-05  -0.00000e+00   7.22365e+01
   4  p3           9.99627e-04   7.06602e-08  -0.00000e+00   3.41378e+04
                               ERR DEF= 0.5
 EXTERNAL ERROR MATRIX.    NDIM=  25    NPAR=  4    ERR DEF=0.5
  1.435e+04 -4.594e-03  1.673e-03  2.082e-06 
 -4.594e-03  1.475e-09 -4.646e-10 -6.802e-13 
  1.673e-03 -4.646e-10  4.743e-09  1.794e-12 
  2.082e-06 -6.802e-13  1.794e-12  4.993e-15 
ERR MATRIX APPROXIMATE
 PARAMETER  CORRELATION COEFFICIENTS  
       NO.  GLOBAL      1      2      3      4
        1  0.99908   1.000 -0.999  0.203  0.246
        2  0.99908  -0.999  1.000 -0.176 -0.251
        3  0.66477   0.203 -0.176  1.000  0.369
        4  0.51050   0.246 -0.251  0.369  1.000
 ERR MATRIX APPROXIMATE
 FCN=81.6759 FROM MIGRAD    STATUS=FAILED        208 CALLS         209 TOTAL
                     EDM=1.94669e-05    STRATEGY= 1      ERR MATRIX APPROXIMATE
  EXT PARAMETER                  PARABOLIC         MINOS ERRORS        
  NO.   NAME      VALUE            ERROR      NEGATIVE      POSITIVE   
   1  p0           5.59615e+05   1.19780e+02                            
   2  p1           5.64787e-01   3.84107e-05                            
   3  p2          -1.30666e-04   6.88699e-05                            
   4  p3           9.99627e-04   7.06602e-08                            
                               ERR DEF= 0.5
 **********
 **   25 **SET PRINT           2
 **********
 **********
 **   26 **SET NOGRAD
 **********
 PARAMETER DEFINITIONS:
    NO.   NAME         VALUE      STEP SIZE      LIMITS
     1 p0           5.59615e+05  1.19780e+02     no limits
     2 p1           5.64787e-01  3.84107e-05     no limits
     3 p2          -1.30666e-04  6.88699e-05     no limits
     4 p3           9.99627e-04  7.06602e-08     no limits
 **********
 **   27 **SET ERR         0.5
 **********
 **********
 **   28 **SET PRINT           2
 **********
 **********
 **   29 **SET STR           1
 **********
 NOW USING STRATEGY  1: TRY TO BALANCE SPEED AGAINST RELIABILITY
 **********
 **   30 **MIGRAD        1480        0.01
 **********
 FIRST CALL TO USER FUNCTION AT NEW START POINT, WITH IFLAG=4.
 START MIGRAD MINIMIZATION.  STRATEGY  1.  CONVERGENCE WHEN EDM .LT. 1.00e-05
 FCN=81.6759 FROM MIGRAD    STATUS=INITIATE       16 CALLS          17 TOTAL
                     EDM= unknown      STRATEGY= 1      NO ERROR MATRIX       
  EXT PARAMETER               CURRENT GUESS       STEP         FIRST   
  NO.   NAME      VALUE            ERROR          SIZE      DERIVATIVE 
   1  p0           5.59615e+05   1.19780e+02   1.19780e+02  -1.75109e-06
   2  p1           5.64787e-01   3.84107e-05   3.84107e-05  -1.46605e+01
   3  p2          -1.30666e-04   6.88699e-05   6.88699e-05   1.70567e+00
   4  p3           9.99627e-04   7.06602e-08   7.06602e-08  -8.89513e+03
                               ERR DEF= 0.5
NO ERROR MATRIX       
 MIGRAD FAILS TO FIND IMPROVEMENT
   START COVARIANCE MATRIX CALCULATION.
 EIGENVALUES OF SECOND-DERIVATIVE MATRIX:
         9.4926e-04  4.5933e-01  8.4742e-01  2.6923e+00
 COVARIANCE MATRIX CALCULATED SUCCESSFULLY
 FCN=81.6759 FROM HESSE     STATUS=OK             31 CALLS          51 TOTAL
                     EDM=3.00889e-06    STRATEGY= 1      ERROR MATRIX ACCURATE 
  EXT PARAMETER                                   STEP         FIRST   
  NO.   NAME      VALUE            ERROR          SIZE      DERIVATIVE 
   1  p0           5.59615e+05   1.17566e+02   2.66845e-01  -7.48707e-06
   2  p1           5.64787e-01   3.78465e-05   2.69312e-07  -2.09678e+01
   3  p2          -1.30666e-04   6.56916e-05   3.31119e-07   2.85445e+00
   4  p3           9.99627e-04   7.01362e-08   4.76660e-10   3.41378e+04
                               ERR DEF= 0.5
 PARAMETER  CORRELATION COEFFICIENTS  
       NO.  GLOBAL      1      2      3      4
        1  0.99905   1.000 -0.999  0.068  0.200
        2  0.99905  -0.999  1.000 -0.042 -0.205
        3  0.64235   0.068 -0.042  1.000  0.351
        4  0.49952   0.200 -0.205  0.351  1.000
 MIGRAD FAILS TO FIND IMPROVEMENT
 MIGRAD MINIMIZATION HAS CONVERGED.
 FCN=81.6759 FROM MIGRAD    STATUS=CONVERGED      54 CALLS          55 TOTAL
                     EDM=3.00889e-06    STRATEGY= 1      ERROR MATRIX ACCURATE 
  EXT PARAMETER                                   STEP         FIRST   
  NO.   NAME      VALUE            ERROR          SIZE      DERIVATIVE 
   1  p0           5.59615e+05   1.17566e+02  -0.00000e+00  -7.48707e-06
   2  p1           5.64787e-01   3.78465e-05   0.00000e+00  -2.09678e+01
   3  p2          -1.30666e-04   6.56916e-05  -0.00000e+00   2.85445e+00
   4  p3           9.99627e-04   7.01362e-08  -0.00000e+00   3.41378e+04
                               ERR DEF= 0.5
 EXTERNAL ERROR MATRIX.    NDIM=  25    NPAR=  4    ERR DEF=0.5
  1.382e+04 -4.443e-03  5.290e-04  1.647e-06 
 -4.443e-03  1.432e-09 -1.034e-10 -5.432e-13 
  5.290e-04 -1.034e-10  4.315e-09  1.616e-12 
  1.647e-06 -5.432e-13  1.616e-12  4.919e-15 
 PARAMETER  CORRELATION COEFFICIENTS  
       NO.  GLOBAL      1      2      3      4
        1  0.99905   1.000 -0.999  0.068  0.200
        2  0.99905  -0.999  1.000 -0.042 -0.205
        3  0.64235   0.068 -0.042  1.000  0.351
        4  0.49952   0.200 -0.205  0.351  1.000
 EXTERNAL ERROR MATRIX.    NDIM=   4    NPAR=  4    ERR DEF=0.5
  1.382e+04 -4.443e-03  5.290e-04  1.647e-06 
 -4.443e-03  1.432e-09 -1.034e-10 -5.432e-13 
  5.290e-04 -1.034e-10  4.315e-09  1.616e-12 
  1.647e-06 -5.432e-13  1.616e-12  4.919e-15 
 FCN=81.6759 FROM MIGRAD    STATUS=CONVERGED      54 CALLS          55 TOTAL
                     EDM=3.00889e-06    STRATEGY= 1      ERROR MATRIX ACCURATE 
  EXT PARAMETER                  PARABOLIC         MINOS ERRORS        
  NO.   NAME      VALUE            ERROR      NEGATIVE      POSITIVE   
   1  p0           5.59615e+05   1.17566e+02                            
   2  p1           5.64787e-01   3.78465e-05                            
   3  p2          -1.30666e-04   6.56916e-05                            
   4  p3           9.99627e-04   7.01362e-08                            
                               ERR DEF= 0.5
------------------------------------------
Enering ROOFIt-------
 PARAMETER DEFINITIONS:
    NO.   NAME         VALUE      STEP SIZE      LIMITS
     1 norm         5.59615e+05  1.00000e-01     no limits
     2 Q            5.65000e-01  1.00000e-01     no limits
     3 theta        0.00000e+00  1.00000e-01     no limits
     4 pileup       9.99627e-04  1.00000e-01     no limits
 **********
 **    1 **MIGRAD
 **********
 FIRST CALL TO USER FUNCTION AT NEW START POINT, WITH IFLAG=4.
 START MIGRAD MINIMIZATION.  STRATEGY  1.  CONVERGENCE WHEN EDM .LT. 1.00e-04
 FCN=-2.37861e+11 FROM MIGRAD    STATUS=INITIATE       16 CALLS          17 TOTAL
                     EDM= unknown      STRATEGY= 1      NO ERROR MATRIX       
  EXT PARAMETER               CURRENT GUESS       STEP         FIRST   
  NO.   NAME      VALUE            ERROR          SIZE      DERIVATIVE 
   1  norm         5.59615e+05   1.00000e-01   1.00000e-01   2.48689e+01
   2  Q            5.65000e-01   1.00000e-01   1.00000e-01   3.85788e+08
   3  theta        0.00000e+00   1.00000e-01   1.00000e-01  -1.39651e+06
   4  pileup       9.99627e-04   1.00000e-01   1.00000e-01  -9.17145e+11
 MIGRAD FAILS TO FIND IMPROVEMENT
 EIGENVALUES OF SECOND-DERIVATIVE MATRIX:
        -6.9259e-05  3.8506e-01  9.1695e-01  2.6981e+00
 MINUIT WARNING IN HESSE   
 ============== MATRIX FORCED POS-DEF BY ADDING 0.002767 TO DIAGONAL.
 FCN=-2.37861e+11 FROM HESSE     STATUS=NOT POSDEF     27 CALLS          55 TOTAL
                     EDM=1.00574e+06    STRATEGY= 1      ERR MATRIX NOT POS-DEF
  EXT PARAMETER                APPROXIMATE        STEP         FIRST   
  NO.   NAME      VALUE            ERROR          SIZE      DERIVATIVE 
   1  norm         5.59615e+05   6.90282e+01   2.66845e+00   2.48689e+01
   2  Q            5.65000e-01   6.52849e-06   1.00000e-03   7.74206e+07
   3  theta        0.00000e+00   5.76511e-04   1.85044e-02  -1.41148e+06
   4  pileup       9.99627e-04   9.23165e-08   1.00000e-02   6.84802e+08
 MINUIT WARNING IN MIGRAD  
 ============== Negative diagonal element 2 in Error Matrix
 MINUIT WARNING IN MIGRAD  
 ============== 1 added to diagonal of error matrix
 MIGRAD FAILS TO FIND IMPROVEMENT
 MIGRAD TERMINATED WITHOUT CONVERGENCE.
 FCN=-2.37861e+11 FROM MIGRAD    STATUS=FAILED         93 CALLS          94 TOTAL
                     EDM=4.63433e+07    STRATEGY= 1      ERR MATRIX NOT POS-DEF
  EXT PARAMETER                APPROXIMATE        STEP         FIRST   
  NO.   NAME      VALUE            ERROR          SIZE      DERIVATIVE 
   1  norm         5.58801e+05   8.81103e+00  -0.00000e+00  -3.52864e-01
   2  Q            5.65043e-01   1.00000e+00  -0.00000e+00   3.15496e+09
   3  theta        1.49089e-04   1.00000e+00   0.00000e+00  -4.04111e+03
   4  pileup       1.00057e-03   1.00000e+00  -0.00000e+00   1.52480e+08
 EXTERNAL ERROR MATRIX.    NDIM=  25    NPAR=  4    ERR DEF=1
  7.763e+01  1.391e-07  5.969e-04 -1.160e-07 
  1.391e-07  1.000e+00 -1.241e-12 -7.778e-16 
  5.969e-04 -1.241e-12  1.000e+00  1.651e-12 
 -1.160e-07 -7.778e-16  1.651e-12  1.000e+00 
ERR MATRIX NOT POS-DEF
 PARAMETER  CORRELATION COEFFICIENTS  
       NO.  GLOBAL      1      2      3      4
        1  0.00007   1.000  0.000  0.000 -0.000
        2  0.00000   0.000  1.000 -0.000 -0.000
        3  0.00007   0.000 -0.000  1.000  0.000
        4  0.00000  -0.000 -0.000  0.000  1.000
 ERR MATRIX NOT POS-DEF
 **********
 **    2 **MIGRAD 
 **********
 START MIGRAD MINIMIZATION.  STRATEGY  1.  CONVERGENCE WHEN EDM .LT. 1.00e-04
 FCN=-2.37861e+11 FROM MIGRAD    STATUS=INITIATE       12 CALLS         106 TOTAL
                     EDM=1.01019e+17    STRATEGY= 1      ERR MATRIX NOT POS-DEF
  EXT PARAMETER                APPROXIMATE        STEP         FIRST   
  NO.   NAME      VALUE            ERROR          SIZE      DERIVATIVE 
   1  norm         5.58801e+05   8.81103e+00  -0.00000e+00  -3.58985e-01
   2  Q            5.65043e-01   1.00000e+00  -0.00000e+00  -1.08898e+06
   3  theta        1.49089e-04   1.00000e+00   0.00000e+00  -3.99021e+03
   4  pileup       1.00057e-03   1.00000e+00  -0.00000e+00   1.52389e+08
 MIGRAD FAILS TO FIND IMPROVEMENT
 EIGENVALUES OF SECOND-DERIVATIVE MATRIX:
        -6.3697e-04  3.6659e-01  8.4966e-01  2.7844e+00
 MINUIT WARNING IN HESSE   
 ============== MATRIX FORCED POS-DEF BY ADDING 0.003421 TO DIAGONAL.
 FCN=-2.37861e+11 FROM HESSE     STATUS=NOT POSDEF     27 CALLS         144 TOTAL
                     EDM=86.1826    STRATEGY= 1      ERR MATRIX NOT POS-DEF
  EXT PARAMETER                APPROXIMATE        STEP         FIRST   
  NO.   NAME      VALUE            ERROR          SIZE      DERIVATIVE 
   1  norm         5.58801e+05   9.60492e+01   5.33691e+02  -3.53048e-01
   2  Q            5.65043e-01   3.15983e-05   9.67209e-05  -1.08903e+06
   3  theta        1.49089e-04   1.19803e-04   1.85503e-02  -1.95362e+04
   4  pileup       1.00057e-03   1.05286e-07   2.09978e-05   1.80798e+08
 MINUIT WARNING IN MIGRAD  
 ============== Negative diagonal element 2 in Error Matrix
 MINUIT WARNING IN MIGRAD  
 ============== 1 added to diagonal of error matrix
 MIGRAD FAILS TO FIND IMPROVEMENT
 MIGRAD TERMINATED WITHOUT CONVERGENCE.
 FCN=-2.37861e+11 FROM MIGRAD    STATUS=FAILED         93 CALLS         187 TOTAL
                     EDM=7.51268e+08    STRATEGY= 1      ERR MATRIX NOT POS-DEF
  EXT PARAMETER                APPROXIMATE        STEP         FIRST   
  NO.   NAME      VALUE            ERROR          SIZE      DERIVATIVE 
   1  norm         5.58888e+05   9.28006e+00   0.00000e+00  -7.75051e-02
   2  Q            5.65021e-01   1.00000e+00  -0.00000e+00   1.72647e+09
   3  theta       -1.20689e-04   1.00000e+00  -0.00000e+00   1.10090e+04
   4  pileup       9.99623e-04   1.00000e+00   0.00000e+00  -2.76921e+07
 EXTERNAL ERROR MATRIX.    NDIM=  25    NPAR=  4    ERR DEF=1
  8.612e+01 -2.461e-09  5.491e-04 -3.450e-08 
 -2.461e-09  1.000e+00 -1.329e-14  1.082e-16 
  5.491e-04 -1.329e-14  1.000e+00  4.602e-12 
 -3.450e-08  1.082e-16  4.602e-12  1.000e+00 
ERR MATRIX NOT POS-DEF
 PARAMETER  CORRELATION COEFFICIENTS  
       NO.  GLOBAL      1      2      3      4
        1  0.00006   1.000 -0.000  0.000 -0.000
        2  0.00000  -0.000  1.000 -0.000  0.000
        3  0.00006   0.000 -0.000  1.000  0.000
        4  0.00000  -0.000  0.000  0.000  1.000
 ERR MATRIX NOT POS-DEF
status of the fit-----000------4
1  558888
2  0.565021
3  -0.000120689
4  0.000999623
 PARAMETER DEFINITIONS:
    NO.   NAME         VALUE      STEP SIZE      LIMITS
     1 norm         5.58888e+05  1.00000e-01     no limits
     2 Q            5.65021e-01  1.00000e-01     no limits
     3 theta       -1.20689e-04  1.00000e-01     no limits
     4 pileup       9.99623e-04  1.00000e-01     no limits
 **********
 **    3 **MIGRAD
 **********
 FIRST CALL TO USER FUNCTION AT NEW START POINT, WITH IFLAG=4.
 START MIGRAD MINIMIZATION.  STRATEGY  1.  CONVERGENCE WHEN EDM .LT. 1.00e-04
 FCN=-2.37861e+11 FROM MIGRAD    STATUS=INITIATE       16 CALLS         204 TOTAL
                     EDM= unknown      STRATEGY= 1      NO ERROR MATRIX       
  EXT PARAMETER               CURRENT GUESS       STEP         FIRST   
  NO.   NAME      VALUE            ERROR          SIZE      DERIVATIVE 
   1  norm         5.58888e+05   1.00000e-01   1.00000e-01  -1.28598e-02
   2  Q            5.65021e-01   1.00000e-01   1.00000e-01   7.00802e+06
   3  theta       -1.20689e-04   1.00000e-01   1.00000e-01   1.09928e+04
   4  pileup       9.99623e-04   1.00000e-01   1.00000e-01  -9.18020e+11
 MIGRAD FAILS TO FIND IMPROVEMENT
 COVARIANCE MATRIX CALCULATED SUCCESSFULLY
 FCN=-2.37861e+11 FROM HESSE     STATUS=OK             29 CALLS         244 TOTAL
                     EDM=6.74945    STRATEGY= 1      ERROR MATRIX ACCURATE 
  EXT PARAMETER                                   STEP         FIRST   
  NO.   NAME      VALUE            ERROR          SIZE      DERIVATIVE 
   1  norm         5.58888e+05   1.79355e+02   2.66499e+00  -1.27968e-02
   2  Q            5.65021e-01   1.71380e-05   1.00000e-03  -3.74265e+04
   3  theta       -1.20689e-04   1.50208e-03   1.85245e-02  -4.55011e+03
   4  pileup       9.99623e-04   9.24450e-08   1.00000e-02   2.05546e+05
 MIGRAD FAILS TO FIND IMPROVEMENT
 MACHINE ACCURACY LIMITS FURTHER IMPROVEMENT.
 MIGRAD MINIMIZATION HAS CONVERGED.
 MIGRAD WILL VERIFY CONVERGENCE AND ERROR MATRIX.
 EIGENVALUES OF SECOND-DERIVATIVE MATRIX:
        -2.0354e-01  4.1992e-01  6.7384e-01  3.1098e+00
 MINUIT WARNING IN HESSE   
 ============== MATRIX FORCED POS-DEF BY ADDING 0.206651 TO DIAGONAL.
 MIGRAD TERMINATED WITHOUT CONVERGENCE.
 FCN=-2.37861e+11 FROM MIGRAD    STATUS=FAILED        244 CALLS         432 TOTAL
                     EDM=0.00689167    STRATEGY= 1      ERR MATRIX NOT POS-DEF
  EXT PARAMETER                APPROXIMATE        STEP         FIRST   
  NO.   NAME      VALUE            ERROR          SIZE      DERIVATIVE 
   1  norm         5.58889e+05   1.84173e+01   1.72557e+03  -1.06920e-02
   2  Q            5.65021e-01   5.45909e-06   5.55011e-04  -3.10752e+04
   3  theta       -9.69706e-05   8.96025e-04   1.85336e-02  -8.13424e+01
   4  pileup       9.99625e-04   1.53191e-07   2.09840e-05  -8.20023e+05
 EXTERNAL ERROR MATRIX.    NDIM=  25    NPAR=  4    ERR DEF=1
  3.392e+02 -9.135e-05 -1.461e-02  2.030e-06 
 -9.135e-05  2.980e-11  4.868e-09 -6.780e-13 
 -1.461e-02  4.868e-09  8.029e-07 -1.079e-10 
  2.030e-06 -6.780e-13 -1.079e-10  2.347e-14 
ERR MATRIX NOT POS-DEF
 PARAMETER  CORRELATION COEFFICIENTS  
       NO.  GLOBAL      1      2      3      4
        1  0.93366   1.000 -0.909 -0.886  0.720
        2  0.99773  -0.909  1.000  0.995 -0.811
        3  0.99687  -0.886  0.995  1.000 -0.786
        4  0.85194   0.720 -0.811 -0.786  1.000
 ERR MATRIX NOT POS-DEF
 **********
 **    4 **MIGRAD 
 **********
 START MIGRAD MINIMIZATION.  STRATEGY  1.  CONVERGENCE WHEN EDM .LT. 1.00e-04
 FCN=-2.37861e+11 FROM MIGRAD    STATUS=INITIATE        8 CALLS         440 TOTAL
                     EDM=2.2542    STRATEGY= 1      ERR MATRIX NOT POS-DEF
  EXT PARAMETER                APPROXIMATE        STEP         FIRST   
  NO.   NAME      VALUE            ERROR          SIZE      DERIVATIVE 
   1  norm         5.58889e+05   1.84173e+01   1.72557e+03  -2.09297e-02
   2  Q            5.65021e-01   5.45909e-06   5.55011e-04  -3.09658e+04
   3  theta       -9.69706e-05   8.96025e-04   1.85336e-02   2.38719e+03
   4  pileup       9.99625e-04   1.53191e-07   2.09840e-05  -5.33161e+06
 MINUIT WARNING IN MIGRAD  
 ============== Negative diagonal element 2 in Error Matrix
 MINUIT WARNING IN MIGRAD  
 ============== 1 added to diagonal of error matrix
 MIGRAD FAILS TO FIND IMPROVEMENT
 MACHINE ACCURACY LIMITS FURTHER IMPROVEMENT.
 MIGRAD MINIMIZATION HAS CONVERGED.
 MIGRAD WILL VERIFY CONVERGENCE AND ERROR MATRIX.
 EIGENVALUES OF SECOND-DERIVATIVE MATRIX:
        -7.2582e-04  3.6662e-01  8.5023e-01  2.7839e+00
 MINUIT WARNING IN HESSE   
 ============== MATRIX FORCED POS-DEF BY ADDING 0.003510 TO DIAGONAL.
 FCN=-2.37861e+11 FROM HESSE     STATUS=NOT POSDEF     29 CALLS         518 TOTAL
                     EDM=0.0074981    STRATEGY= 1      ERR MATRIX NOT POS-DEF
  EXT PARAMETER                APPROXIMATE        STEP         FIRST   
  NO.   NAME      VALUE            ERROR          SIZE      DERIVATIVE 
   1  norm         5.58889e+05   9.60803e+01   1.72557e+03  -6.85160e-03
   2  Q            5.65021e-01   3.16011e-05   9.62147e-05  -1.90944e+04
   3  theta       -9.66682e-05   1.19349e-04   1.85336e-02  -5.57253e+02
   4  pileup       9.99629e-04   1.05012e-07   2.09840e-05  -1.06843e+06
 EIGENVALUES OF SECOND-DERIVATIVE MATRIX:
        -1.0803e-01  2.9778e-03  6.8378e-01  3.4213e+00
 MINUIT WARNING IN MIGRAD  
 ============== MATRIX FORCED POS-DEF BY ADDING 0.111451 TO DIAGONAL.
 MIGRAD FAILS TO FIND IMPROVEMENT
 MIGRAD TERMINATED WITHOUT CONVERGENCE.
 FCN=-2.37861e+11 FROM MIGRAD    STATUS=FAILED        122 CALLS         554 TOTAL
                     EDM=8.10733e+08    STRATEGY= 1      ERR MATRIX NOT POS-DEF
  EXT PARAMETER                APPROXIMATE        STEP         FIRST   
  NO.   NAME      VALUE            ERROR          SIZE      DERIVATIVE 
   1  norm         5.58890e+05   4.36048e+01   0.00000e+00  -6.27524e-02
   2  Q            5.65021e-01   4.43761e-09  -0.00000e+00   1.72580e+09
   3  theta       -9.28993e-05   1.09064e-04  -0.00000e+00   1.49539e+04
   4  pileup       9.99632e-04   1.17518e-08  -0.00000e+00  -2.77456e+07
 EXTERNAL ERROR MATRIX.    NDIM=  25    NPAR=  4    ERR DEF=1
  1.901e+03  5.391e-08  2.726e-05 -3.694e-07 
  5.391e-08  1.969e-17 -8.743e-14 -1.665e-17 
  2.726e-05 -8.743e-14  1.190e-08  8.297e-13 
 -3.694e-07 -1.665e-17  8.297e-13  1.381e-16 
ERR MATRIX NOT POS-DEF
 PARAMETER  CORRELATION COEFFICIENTS  
       NO.  GLOBAL      1      2      3      4
        1  0.95110   1.000  0.279  0.006 -0.721
        2  0.33290   0.279  1.000 -0.181 -0.319
        3  0.94028   0.006 -0.181  1.000  0.647
        4  0.97165  -0.721 -0.319  0.647  1.000
 ERR MATRIX NOT POS-DEF
status of the fit-----000------4
1  558890
2  0.565021
3  -9.28993e-05
4  0.000999632
 PARAMETER DEFINITIONS:
    NO.   NAME         VALUE      STEP SIZE      LIMITS
     1 norm         5.58890e+05  1.00000e-01     no limits
     2 Q            5.65021e-01  1.00000e-01     no limits
     3 theta       -9.28993e-05  1.00000e-01     no limits
     4 pileup       9.99632e-04  1.00000e-01     no limits
 **********
 **    5 **MIGRAD
 **********
 FIRST CALL TO USER FUNCTION AT NEW START POINT, WITH IFLAG=4.
 START MIGRAD MINIMIZATION.  STRATEGY  1.  CONVERGENCE WHEN EDM .LT. 1.00e-04
 FCN=-2.37861e+11 FROM MIGRAD    STATUS=INITIATE       16 CALLS         571 TOTAL
                     EDM= unknown      STRATEGY= 1      NO ERROR MATRIX       
  EXT PARAMETER               CURRENT GUESS       STEP         FIRST   
  NO.   NAME      VALUE            ERROR          SIZE      DERIVATIVE 
   1  norm         5.58890e+05   1.00000e-01   1.00000e-01   1.86083e-03
   2  Q            5.65021e-01   1.00000e-01   1.00000e-01   6.81391e+06
   3  theta       -9.28993e-05   1.00000e-01   1.00000e-01   1.49378e+04
   4  pileup       9.99632e-04   1.00000e-01   1.00000e-01  -9.18021e+11
 MIGRAD FAILS TO FIND IMPROVEMENT
 COVARIANCE MATRIX CALCULATED SUCCESSFULLY
 FCN=-2.37861e+11 FROM HESSE     STATUS=OK             29 CALLS         611 TOTAL
                     EDM=0.508459    STRATEGY= 1      ERROR MATRIX ACCURATE 
  EXT PARAMETER                                   STEP         FIRST   
  NO.   NAME      VALUE            ERROR          SIZE      DERIVATIVE 
   1  norm         5.58890e+05   2.33888e+02   2.66499e+00   1.77495e-03
   2  Q            5.65021e-01   2.23361e-05   1.00000e-03   7.64036e+03
   3  theta       -9.28993e-05   1.95423e-03   1.85243e-02  -6.05228e+02
   4  pileup       9.99632e-04   9.24513e-08   1.00000e-02   1.48116e+05
 MIGRAD FAILS TO FIND IMPROVEMENT
 MACHINE ACCURACY LIMITS FURTHER IMPROVEMENT.
 MIGRAD MINIMIZATION HAS CONVERGED.
 MIGRAD WILL VERIFY CONVERGENCE AND ERROR MATRIX.
 EIGENVALUES OF SECOND-DERIVATIVE MATRIX:
        -2.0354e-01  4.1992e-01  6.7384e-01  3.1098e+00
 MINUIT WARNING IN HESSE   
 ============== MATRIX FORCED POS-DEF BY ADDING 0.206651 TO DIAGONAL.
 MIGRAD TERMINATED WITHOUT CONVERGENCE.
 FCN=-2.37861e+11 FROM MIGRAD    STATUS=FAILED        164 CALLS         719 TOTAL
                     EDM=0.00676694    STRATEGY= 1      ERR MATRIX NOT POS-DEF
  EXT PARAMETER                APPROXIMATE        STEP         FIRST   
  NO.   NAME      VALUE            ERROR          SIZE      DERIVATIVE 
   1  norm         5.58890e+05   1.84173e+01   1.72557e+03  -3.47608e-03
   2  Q            5.65021e-01   5.45907e-06   5.55009e-04  -8.71110e+03
   3  theta       -9.16939e-05   8.96022e-04   1.85336e-02  -6.60909e+01
   4  pileup       9.99632e-04   1.53191e-07   2.09841e-05   4.55312e+05
 EXTERNAL ERROR MATRIX.    NDIM=  25    NPAR=  4    ERR DEF=1
  3.392e+02 -9.135e-05 -1.461e-02  2.030e-06 
 -9.135e-05  2.980e-11  4.868e-09 -6.780e-13 
 -1.461e-02  4.868e-09  8.029e-07 -1.079e-10 
  2.030e-06 -6.780e-13 -1.079e-10  2.347e-14 
ERR MATRIX NOT POS-DEF
 PARAMETER  CORRELATION COEFFICIENTS  
       NO.  GLOBAL      1      2      3      4
        1  0.93366   1.000 -0.909 -0.886  0.720
        2  0.99773  -0.909  1.000  0.995 -0.811
        3  0.99687  -0.886  0.995  1.000 -0.786
        4  0.85194   0.720 -0.811 -0.786  1.000
 ERR MATRIX NOT POS-DEF
 **********
 **    6 **MIGRAD 
 **********
 START MIGRAD MINIMIZATION.  STRATEGY  1.  CONVERGENCE WHEN EDM .LT. 1.00e-04
 FCN=-2.37861e+11 FROM MIGRAD    STATUS=INITIATE        8 CALLS         727 TOTAL
                     EDM=2.02665    STRATEGY= 1      ERR MATRIX NOT POS-DEF
  EXT PARAMETER                APPROXIMATE        STEP         FIRST   
  NO.   NAME      VALUE            ERROR          SIZE      DERIVATIVE 
   1  norm         5.58890e+05   1.84173e+01   1.72557e+03  -1.37122e-02
   2  Q            5.65021e-01   5.45907e-06   5.55009e-04  -8.61276e+03
   3  theta       -9.16939e-05   8.96022e-04   1.85336e-02   2.40245e+03
   4  pileup       9.99632e-04   1.53191e-07   2.09841e-05  -4.05620e+06
 EIGENVALUES OF SECOND-DERIVATIVE MATRIX:
        -1.9843e-02  5.8113e-01  1.4976e+00  1.9412e+00
 MINUIT WARNING IN MIGRAD  
 ============== MATRIX FORCED POS-DEF BY ADDING 0.021784 TO DIAGONAL.
 MIGRAD FAILS TO FIND IMPROVEMENT
 EIGENVALUES OF SECOND-DERIVATIVE MATRIX:
        -2.0354e-01  4.1992e-01  6.7384e-01  3.1098e+00
 MINUIT WARNING IN HESSE   
 ============== MATRIX FORCED POS-DEF BY ADDING 0.206651 TO DIAGONAL.
 FCN=-2.37861e+11 FROM HESSE     STATUS=NOT POSDEF     31 CALLS         791 TOTAL
                     EDM=0.00353634    STRATEGY= 1      ERR MATRIX NOT POS-DEF
  EXT PARAMETER                APPROXIMATE        STEP         FIRST   
  NO.   NAME      VALUE            ERROR          SIZE      DERIVATIVE 
   1  norm         5.58890e+05   1.84173e+01   1.72557e+03  -3.45552e-03
   2  Q            5.65021e-01   5.45907e-06   5.55009e-04  -8.65503e+03
   3  theta       -9.17027e-05   8.96022e-04   1.85338e-02  -6.89920e+01
   4  pileup       9.99632e-04   1.53191e-07   2.09854e-05   4.57156e+05
 MIGRAD FAILS TO FIND IMPROVEMENT
 MACHINE ACCURACY LIMITS FURTHER IMPROVEMENT.
 MIGRAD MINIMIZATION HAS CONVERGED.
 MIGRAD WILL VERIFY CONVERGENCE AND ERROR MATRIX.
 EIGENVALUES OF SECOND-DERIVATIVE MATRIX:
        -5.7058e-03  3.3292e-01  7.4820e-01  2.9246e+00
 MINUIT WARNING IN HESSE   
 ============== MATRIX FORCED POS-DEF BY ADDING 0.008630 TO DIAGONAL.
 MIGRAD TERMINATED WITHOUT CONVERGENCE.
 FCN=-2.37861e+11 FROM MIGRAD    STATUS=FAILED        111 CALLS         830 TOTAL
                     EDM=0.0102069    STRATEGY= 1      ERR MATRIX NOT POS-DEF
  EXT PARAMETER                APPROXIMATE        STEP         FIRST   
  NO.   NAME      VALUE            ERROR          SIZE      DERIVATIVE 
   1  norm         5.58890e+05   7.15807e+01   6.90229e+01  -3.35361e-03
   2  Q            5.65021e-01   6.73324e-06   4.28998e-03  -8.65481e+03
   3  theta       -9.17027e-05   4.85540e-04   7.41354e-04  -9.41642e+01
   4  pileup       9.99632e-04   1.04046e-07   8.39415e-07   5.03073e+05
 EXTERNAL ERROR MATRIX.    NDIM=  25    NPAR=  4    ERR DEF=1
  5.124e+03 -4.780e-04 -3.306e-02  8.184e-07 
 -4.780e-04  4.534e-11  3.186e-09 -7.941e-14 
 -3.306e-02  3.186e-09  2.357e-07 -7.176e-13 
  8.184e-07 -7.941e-14 -7.176e-13  1.083e-14 
ERR MATRIX NOT POS-DEF
 PARAMETER  CORRELATION COEFFICIENTS  
       NO.  GLOBAL      1      2      3      4
        1  0.99491   1.000 -0.992 -0.951  0.110
        2  0.99762  -0.992  1.000  0.975 -0.113
        3  0.98718  -0.951  0.975  1.000 -0.014
        4  0.53740   0.110 -0.113 -0.014  1.000
 ERR MATRIX NOT POS-DEF
status of the fit-----000------4
1  558890
2  0.565021
3  -9.17027e-05
4  0.000999632
 **********
 **   31 **SET PRINT           2
 **********
 **********
 **   32 **SET NOGRAD
 **********
 PARAMETER DEFINITIONS:
    NO.   NAME         VALUE      STEP SIZE      LIMITS
     1 p0           5.58000e+05  1.67400e+05     no limits
     2 p1           5.65000e-01  1.69500e-01     no limits
     3 p2           0.00000e+00  3.00000e-01     no limits
     4 p3           9.99871e-04  2.99961e-04     no limits
 **********
 **   33 **SET ERR         0.5
 **********
 **********
 **   34 **SET PRINT           2
 **********
 **********
 **   35 **SET STR           1
 **********
 NOW USING STRATEGY  1: TRY TO BALANCE SPEED AGAINST RELIABILITY
 **********
 **   36 **MIGRAD        1480        0.01
 **********
 FIRST CALL TO USER FUNCTION AT NEW START POINT, WITH IFLAG=4.
 START MIGRAD MINIMIZATION.  STRATEGY  1.  CONVERGENCE WHEN EDM .LT. 1.00e-05
 FCN=17247.7 FROM MIGRAD    STATUS=INITIATE       18 CALLS          19 TOTAL
                     EDM= unknown      STRATEGY= 1      NO ERROR MATRIX       
  EXT PARAMETER               CURRENT GUESS       STEP         FIRST   
  NO.   NAME      VALUE            ERROR          SIZE      DERIVATIVE 
   1  p0           5.58000e+05   1.67400e+05   1.67400e+05  -3.62155e+01
   2  p1           5.65000e-01   1.69500e-01   1.69500e-01  -1.12421e+08
   3  p2           0.00000e+00   3.00000e-01   3.00000e-01   2.07659e+06
   4  p3           9.99871e-04   2.99961e-04   2.99961e-04  -9.81083e+08
                               ERR DEF= 0.5
NO ERROR MATRIX       
 FCN=1312.56 FROM MIGRAD    STATUS=PROGRESS       36 CALLS          37 TOTAL
                     EDM=3996.59    STRATEGY= 1      NO ERROR MATRIX       
  EXT PARAMETER               CURRENT GUESS       STEP         FIRST   
  NO.   NAME      VALUE            ERROR          SIZE      DERIVATIVE 
   1  p0           5.58354e+05   1.67400e+05   3.54339e+02  -2.51119e+00
   2  p1           5.65114e-01   1.69500e-01   1.14267e-04  -7.73714e+06
   3  p2          -2.34866e-03   3.00000e-01  -2.34866e-03  -4.72082e+05
   4  p3           1.00129e-03   2.99961e-04   1.42319e-06   5.06659e+08
                               ERR DEF= 0.5
 MIGRAD MINIMIZATION HAS CONVERGED.
 MIGRAD WILL VERIFY CONVERGENCE AND ERROR MATRIX.
   START COVARIANCE MATRIX CALCULATION.
 EIGENVALUES OF SECOND-DERIVATIVE MATRIX:
        -5.2936e-04  3.6591e-01  8.3624e-01  2.7984e+00
 MINUIT WARNING IN HESSE   
 ============== MATRIX FORCED POS-DEF BY ADDING 0.003328 TO DIAGONAL.
 FCN=62.6551 FROM HESSE     STATUS=NOT POSDEF     27 CALLS          97 TOTAL
                     EDM=7.09194e-05    STRATEGY= 1      ERR MATRIX NOT POS-DEF
  EXT PARAMETER                APPROXIMATE        STEP         FIRST   
  NO.   NAME      VALUE            ERROR          SIZE      DERIVATIVE 
   1  p0           5.58476e+05   6.87993e+01   2.66302e-01   8.27215e-05
   2  p1           5.65153e-01   2.19716e-05   2.69486e-07  -2.89912e+02
   3  p2          -3.66140e-05   8.21368e-05   3.25978e-07  -2.25833e+01
   4  p3           9.99710e-04   7.41914e-08   4.76699e-10   4.28111e+03
                               ERR DEF= 0.5
 PARAMETER  CORRELATION COEFFICIENTS  
       NO.  GLOBAL      1      2      3      4
        1  0.99724   1.000 -0.995  0.187  0.097
        2  0.99719  -0.995  1.000 -0.132 -0.099
        3  0.72395   0.187 -0.132  1.000  0.431
        4  0.53195   0.097 -0.099  0.431  1.000
 ERR MATRIX NOT POS-DEF
 FCN=62.6447 FROM MIGRAD    STATUS=PROGRESS      111 CALLS         112 TOTAL
                     EDM=0.00754305    STRATEGY= 1      ERR MATRIX NOT POS-DEF
  EXT PARAMETER                APPROXIMATE        STEP         FIRST   
  NO.   NAME      VALUE            ERROR          SIZE      DERIVATIVE 
   1  p0           5.58367e+05   6.87993e+01  -1.08811e+02  -1.73393e-04
   2  p1           5.65188e-01   2.19716e-05   3.50606e-05  -8.37430e+02
   3  p2          -3.87098e-05   8.21368e-05  -2.09582e-06  -9.45991e+02
   4  p3           9.99703e-04   7.41914e-08  -7.02824e-09  -9.13149e+05
                               ERR DEF= 0.5
 MINUIT WARNING IN MIGRAD  
 ============== Negative diagonal element 1 in Error Matrix
 MINUIT WARNING IN MIGRAD  
 ============== Negative diagonal element 2 in Error Matrix
 MINUIT WARNING IN MIGRAD  
 ============== Negative diagonal element 3 in Error Matrix
 MINUIT WARNING IN MIGRAD  
 ============== 1.93409e+06 added to diagonal of error matrix
 EIGENVALUES OF SECOND-DERIVATIVE MATRIX:
         9.9954e-01  1.0000e+00  1.0000e+00  1.0005e+00
 MIGRAD FAILS TO FIND IMPROVEMENT
 MIGRAD TERMINATED WITHOUT CONVERGENCE.
 FCN=62.6137 FROM MIGRAD    STATUS=FAILED        171 CALLS         172 TOTAL
                     EDM=6.35696e-05    STRATEGY= 1      ERR MATRIX NOT POS-DEF
  EXT PARAMETER                APPROXIMATE        STEP         FIRST   
  NO.   NAME      VALUE            ERROR          SIZE      DERIVATIVE 
   1  p0           5.58033e+05   7.07107e-01   0.00000e+00  -2.38927e-04
   2  p1           5.65296e-01   9.83385e+02   0.00000e+00  -7.74369e+02
   3  p2          -1.15536e-05   9.83385e+02  -0.00000e+00   9.53671e+00
   4  p3           9.99712e-04   9.83385e+02  -0.00000e+00   4.91536e+04
                               ERR DEF= 0.5
 EXTERNAL ERROR MATRIX.    NDIM=  25    NPAR=  4    ERR DEF=0.5
  5.000e-01  3.130e-01  8.044e-02  1.670e-05 
  3.130e-01  9.670e+05 -2.594e-08 -5.412e-12 
  8.044e-02 -2.594e-08  9.670e+05  1.345e-13 
  1.670e-05 -5.412e-12  1.345e-13  9.670e+05 
ERR MATRIX NOT POS-DEF
 PARAMETER  CORRELATION COEFFICIENTS  
       NO.  GLOBAL      1      2      3      4
        1  0.00046   1.000  0.000  0.000  0.000
        2  0.00045   0.000  1.000 -0.000 -0.000
        3  0.00012   0.000 -0.000  1.000  0.000
        4  0.00000   0.000 -0.000  0.000  1.000
 ERR MATRIX NOT POS-DEF
 FCN=62.6137 FROM MIGRAD    STATUS=FAILED        171 CALLS         172 TOTAL
                     EDM=6.35696e-05    STRATEGY= 1      ERR MATRIX NOT POS-DEF
  EXT PARAMETER                  PARABOLIC         MINOS ERRORS        
  NO.   NAME      VALUE            ERROR      NEGATIVE      POSITIVE   
   1  p0           5.58033e+05   7.07107e-01                            
   2  p1           5.65296e-01   9.83385e+02                            
   3  p2          -1.15536e-05   9.83385e+02                            
   4  p3           9.99712e-04   9.83385e+02                            
                               ERR DEF= 0.5
 **********
 **   37 **SET PRINT           2
 **********
 **********
 **   38 **SET NOGRAD
 **********
 PARAMETER DEFINITIONS:
    NO.   NAME         VALUE      STEP SIZE      LIMITS
     1 p0           5.58033e+05  7.07107e-01     no limits
     2 p1           5.65296e-01  9.83385e+02     no limits
     3 p2          -1.15536e-05  9.83385e+02     no limits
     4 p3           9.99712e-04  9.83385e+02     no limits
 **********
 **   39 **SET ERR         0.5
 **********
 **********
 **   40 **SET PRINT           2
 **********
 **********
 **   41 **SET STR           1
 **********
 NOW USING STRATEGY  1: TRY TO BALANCE SPEED AGAINST RELIABILITY
 **********
 **   42 **MIGRAD        1480        0.01
 **********
 FIRST CALL TO USER FUNCTION AT NEW START POINT, WITH IFLAG=4.
 START MIGRAD MINIMIZATION.  STRATEGY  1.  CONVERGENCE WHEN EDM .LT. 1.00e-05
 FCN=62.6137 FROM MIGRAD    STATUS=INITIATE       20 CALLS          21 TOTAL
                     EDM= unknown      STRATEGY= 1      NO ERROR MATRIX       
  EXT PARAMETER               CURRENT GUESS       STEP         FIRST   
  NO.   NAME      VALUE            ERROR          SIZE      DERIVATIVE 
   1  p0           5.58033e+05   7.07107e-01   7.07107e-01  -2.38927e-04
   2  p1           5.65296e-01   9.83385e+02   9.83385e+02   6.26181e+10
   3  p2          -1.15536e-05   9.83385e+02   9.83385e+02   4.27016e+05
   4  p3           9.99712e-04   9.83385e+02   9.83385e+02  -4.89802e+13
                               ERR DEF= 0.5
NO ERROR MATRIX       
 MIGRAD FAILS TO FIND IMPROVEMENT
   START COVARIANCE MATRIX CALCULATION.
 EIGENVALUES OF SECOND-DERIVATIVE MATRIX:
        -1.1113e+00  8.2126e-01  1.0002e+00  3.2898e+00
 MINUIT WARNING IN HESSE   
 ============== MATRIX FORCED POS-DEF BY ADDING 1.114591 TO DIAGONAL.
 FCN=62.6137 FROM HESSE     STATUS=NOT POSDEF     29 CALLS          61 TOTAL
                     EDM=9.19691e-05    STRATEGY= 1      ERR MATRIX NOT POS-DEF
  EXT PARAMETER                APPROXIMATE        STEP         FIRST   
  NO.   NAME      VALUE            ERROR          SIZE      DERIVATIVE 
   1  p0           5.58033e+05   6.37660e+01   2.66091e-01  -2.48688e-04
   2  p1           5.65296e-01   4.54656e-06   9.83385e-02  -7.84824e+02
   3  p2          -1.15536e-05   1.02511e-04   9.83385e-02  -1.28415e+01
   4  p3           9.99712e-04   2.17276e-08   9.83385e-02   1.70824e+04
                               ERR DEF= 0.5
 PARAMETER  CORRELATION COEFFICIENTS  
       NO.  GLOBAL      1      2      3      4
        1  0.99848   1.000 -0.998  0.926 -0.084
        2  0.99838  -0.998  1.000 -0.921  0.083
        3  0.92793   0.926 -0.921  1.000 -0.074
        4  0.08443  -0.084  0.083 -0.074  1.000
 ERR MATRIX NOT POS-DEF
 FCN=62.6137 FROM MIGRAD    STATUS=PROGRESS       79 CALLS          80 TOTAL
                     EDM=5.55607e-05    STRATEGY= 1      ERR MATRIX NOT POS-DEF
  EXT PARAMETER                APPROXIMATE        STEP         FIRST   
  NO.   NAME      VALUE            ERROR          SIZE      DERIVATIVE 
   1  p0           5.58033e+05   6.37660e+01   5.19568e-05  -2.44908e-04
   2  p1           5.65296e-01   4.54656e-06  -3.69387e-12  -7.64402e+02
   3  p2          -1.15535e-05   1.02511e-04   7.85702e-11   1.86205e+01
   4  p3           9.99712e-04   2.17276e-08  -1.95798e-15   4.74864e+04
                               ERR DEF= 0.5
 MIGRAD FAILS TO FIND IMPROVEMENT
 MIGRAD MINIMIZATION HAS CONVERGED.
 MIGRAD WILL VERIFY CONVERGENCE AND ERROR MATRIX.
   START COVARIANCE MATRIX CALCULATION.
 EIGENVALUES OF SECOND-DERIVATIVE MATRIX:
         4.7018e-04  3.5904e-01  9.3900e-01  2.7015e+00
 COVARIANCE MATRIX CALCULATED SUCCESSFULLY
 MIGRAD TERMINATED WITHOUT CONVERGENCE.
 FCN=62.6137 FROM MIGRAD    STATUS=FAILED        122 CALLS         123 TOTAL
                     EDM=6.79359e-05    STRATEGY= 1      ERR MATRIX APPROXIMATE
  EXT PARAMETER                APPROXIMATE        STEP         FIRST   
  NO.   NAME      VALUE            ERROR          SIZE      DERIVATIVE 
   1  p0           5.58033e+05   1.67921e+02   2.66091e-01   3.88545e-05
   2  p1           5.65296e-01   5.33392e-05   2.69554e-07   8.78100e+01
   3  p2          -1.15498e-05   9.52986e-05   2.85313e-07   3.07103e+01
   4  p3           9.99712e-04   9.11743e-08   4.76700e-10   4.87302e+04
                               ERR DEF= 0.5
 EXTERNAL ERROR MATRIX.    NDIM=  25    NPAR=  4    ERR DEF=0.5
  2.820e+04 -8.951e-03  1.136e-02  9.010e-06 
 -8.951e-03  2.845e-09 -3.547e-09 -2.860e-12 
  1.136e-02 -3.547e-09  9.082e-09  6.205e-12 
  9.010e-06 -2.860e-12  6.205e-12  8.313e-15 
ERR MATRIX APPROXIMATE
 PARAMETER  CORRELATION COEFFICIENTS  
       NO.  GLOBAL      1      2      3      4
        1  0.99954   1.000 -0.999  0.710  0.588
        2  0.99952  -0.999  1.000 -0.698 -0.588
        3  0.86302   0.710 -0.698  1.000  0.714
        4  0.75664   0.588 -0.588  0.714  1.000
 ERR MATRIX APPROXIMATE
 FCN=62.6137 FROM MIGRAD    STATUS=FAILED        122 CALLS         123 TOTAL
                     EDM=6.79359e-05    STRATEGY= 1      ERR MATRIX APPROXIMATE
  EXT PARAMETER                  PARABOLIC         MINOS ERRORS        
  NO.   NAME      VALUE            ERROR      NEGATIVE      POSITIVE   
   1  p0           5.58033e+05   1.67921e+02                            
   2  p1           5.65296e-01   5.33392e-05                            
   3  p2          -1.15498e-05   9.52986e-05                            
   4  p3           9.99712e-04   9.11743e-08                            
                               ERR DEF= 0.5
 **********
 **   43 **SET PRINT           2
 **********
 **********
 **   44 **SET NOGRAD
 **********
 PARAMETER DEFINITIONS:
    NO.   NAME         VALUE      STEP SIZE      LIMITS
     1 p0           5.58033e+05  1.67921e+02     no limits
     2 p1           5.65296e-01  5.33392e-05     no limits
     3 p2          -1.15498e-05  9.52986e-05     no limits
     4 p3           9.99712e-04  9.11743e-08     no limits
 **********
 **   45 **SET ERR         0.5
 **********
 **********
 **   46 **SET PRINT           2
 **********
 **********
 **   47 **SET STR           1
 **********
 NOW USING STRATEGY  1: TRY TO BALANCE SPEED AGAINST RELIABILITY
 **********
 **   48 **MIGRAD        1480        0.01
 **********
 FIRST CALL TO USER FUNCTION AT NEW START POINT, WITH IFLAG=4.
 START MIGRAD MINIMIZATION.  STRATEGY  1.  CONVERGENCE WHEN EDM .LT. 1.00e-05
 FCN=62.6137 FROM MIGRAD    STATUS=INITIATE       16 CALLS          17 TOTAL
                     EDM= unknown      STRATEGY= 1      NO ERROR MATRIX       
  EXT PARAMETER               CURRENT GUESS       STEP         FIRST   
  NO.   NAME      VALUE            ERROR          SIZE      DERIVATIVE 
   1  p0           5.58033e+05   1.67921e+02   1.67921e+02   3.08293e-05
   2  p1           5.65296e-01   5.33392e-05   5.33392e-05   7.80874e+01
   3  p2          -1.15498e-05   9.52986e-05   9.52986e-05   5.77298e+00
   4  p3           9.99712e-04   9.11743e-08   9.11743e-08   5.06329e+04
                               ERR DEF= 0.5
NO ERROR MATRIX       
 FCN=62.6136 FROM MIGRAD    STATUS=PROGRESS       35 CALLS          36 TOTAL
                     EDM=7.10941e-06    STRATEGY= 1      NO ERROR MATRIX       
  EXT PARAMETER               CURRENT GUESS       STEP         FIRST   
  NO.   NAME      VALUE            ERROR          SIZE      DERIVATIVE 
   1  p0           5.58033e+05   1.67921e+02  -8.06300e-04  -1.93935e-04
   2  p1           5.65296e-01   5.33392e-05  -2.12257e-10  -5.89957e+02
   3  p2          -1.15656e-05   9.52986e-05  -1.57899e-08   2.35874e+01
   4  p3           9.99712e-04   9.11743e-08  -1.79929e-10   5.38983e+03
                               ERR DEF= 0.5
 MIGRAD FAILS TO FIND IMPROVEMENT
 MIGRAD MINIMIZATION HAS CONVERGED.
 MIGRAD WILL VERIFY CONVERGENCE AND ERROR MATRIX.
   START COVARIANCE MATRIX CALCULATION.
 EIGENVALUES OF SECOND-DERIVATIVE MATRIX:
         1.5861e-03  4.1791e-01  8.7592e-01  2.7046e+00
 COVARIANCE MATRIX CALCULATED SUCCESSFULLY
 FCN=62.6136 FROM MIGRAD    STATUS=CONVERGED      85 CALLS          86 TOTAL
                     EDM=7.31899e-06    STRATEGY= 1      ERROR MATRIX ACCURATE 
  EXT PARAMETER                                   STEP         FIRST   
  NO.   NAME      VALUE            ERROR          SIZE      DERIVATIVE 
   1  p0           5.58033e+05   9.07215e+01   2.66091e-01  -6.32041e-05
   2  p1           5.65296e-01   2.93180e-05   2.69554e-07  -2.04934e+02
   3  p2          -1.15879e-05   6.98109e-05   2.90530e-07   1.77184e+01
   4  p3           9.99712e-04   6.94718e-08   4.76700e-10   2.83182e+04
                               ERR DEF= 0.5
 EXTERNAL ERROR MATRIX.    NDIM=  25    NPAR=  4    ERR DEF=0.5
  8.230e+03 -2.653e-03  2.376e-04  8.410e-07 
 -2.653e-03  8.595e-10 -3.783e-12 -2.776e-13 
  2.376e-04 -3.783e-12  4.874e-09  1.964e-12 
  8.410e-07 -2.776e-13  1.964e-12  4.826e-15 
 PARAMETER  CORRELATION COEFFICIENTS  
       NO.  GLOBAL      1      2      3      4
        1  0.99841   1.000 -0.998  0.038  0.133
        2  0.99842  -0.998  1.000 -0.002 -0.136
        3  0.66952   0.038 -0.002  1.000  0.405
        4  0.51392   0.133 -0.136  0.405  1.000
 EXTERNAL ERROR MATRIX.    NDIM=   4    NPAR=  4    ERR DEF=0.5
  8.230e+03 -2.653e-03  2.376e-04  8.410e-07 
 -2.653e-03  8.595e-10 -3.783e-12 -2.776e-13 
  2.376e-04 -3.783e-12  4.874e-09  1.964e-12 
  8.410e-07 -2.776e-13  1.964e-12  4.826e-15 
 FCN=62.6136 FROM MIGRAD    STATUS=CONVERGED      85 CALLS          86 TOTAL
                     EDM=7.31899e-06    STRATEGY= 1      ERROR MATRIX ACCURATE 
  EXT PARAMETER                  PARABOLIC         MINOS ERRORS        
  NO.   NAME      VALUE            ERROR      NEGATIVE      POSITIVE   
   1  p0           5.58033e+05   9.07215e+01                            
   2  p1           5.65296e-01   2.93180e-05                            
   3  p2          -1.15879e-05   6.98109e-05                            
   4  p3           9.99712e-04   6.94718e-08                            
                               ERR DEF= 0.5
------------------------------------------
Enering ROOFIt-------
 PARAMETER DEFINITIONS:
    NO.   NAME         VALUE      STEP SIZE      LIMITS
     1 norm         5.58033e+05  1.00000e-01     no limits
     2 Q            5.65000e-01  1.00000e-01     no limits
     3 theta        0.00000e+00  1.00000e-01     no limits
     4 pileup       9.99712e-04  1.00000e-01     no limits
 **********
 **    1 **MIGRAD
 **********
 FIRST CALL TO USER FUNCTION AT NEW START POINT, WITH IFLAG=4.
 START MIGRAD MINIMIZATION.  STRATEGY  1.  CONVERGENCE WHEN EDM .LT. 1.00e-04
 FCN=-2.37859e+11 FROM MIGRAD    STATUS=INITIATE       16 CALLS          17 TOTAL
                     EDM= unknown      STRATEGY= 1      NO ERROR MATRIX       
  EXT PARAMETER               CURRENT GUESS       STEP         FIRST   
  NO.   NAME      VALUE            ERROR          SIZE      DERIVATIVE 
   1  norm         5.58033e+05   1.00000e-01   1.00000e-01  -3.51162e+01
   2  Q            5.65000e-01   1.00000e-01   1.00000e-01  -5.30975e+08
   3  theta        0.00000e+00   1.00000e-01   1.00000e-01   2.04391e+06
   4  pileup       9.99712e-04   1.00000e-01   1.00000e-01  -9.19301e+11
 MIGRAD FAILS TO FIND IMPROVEMENT
 MACHINE ACCURACY LIMITS FURTHER IMPROVEMENT.
 MIGRAD MINIMIZATION HAS CONVERGED.
 FCN=-2.37859e+11 FROM MIGRAD    STATUS=CONVERGED     240 CALLS         241 TOTAL
                     EDM=0.409525    STRATEGY= 1  ERROR MATRIX UNCERTAINTY   4.3 per cent
  EXT PARAMETER                                   STEP         FIRST   
  NO.   NAME      VALUE            ERROR          SIZE      DERIVATIVE 
   1  norm         5.58942e+05   9.48001e+00  -0.00000e+00   3.70591e-03
   2  Q            5.65003e-01   6.11532e-09   0.00000e+00   2.12116e+05
   3  theta       -5.28823e-05   1.06036e-04  -0.00000e+00   7.26430e+03
   4  pileup       9.99777e-04   9.52173e-08   0.00000e+00  -1.20695e+07
 EXTERNAL ERROR MATRIX.    NDIM=  25    NPAR=  4    ERR DEF=1
  8.987e+01 -8.292e-09  5.793e-04 -1.054e-07 
 -8.292e-09  3.740e-17  1.110e-13  5.153e-16 
  5.793e-04  1.110e-13  1.124e-08  2.474e-12 
 -1.054e-07  5.153e-16  2.474e-12  9.066e-15 
 PARAMETER  CORRELATION COEFFICIENTS  
       NO.  GLOBAL      1      2      3      4
        1  0.63510   1.000 -0.143  0.576 -0.117
        2  0.88633  -0.143  1.000  0.171  0.885
        3  0.65808   0.576  0.171  1.000  0.245
        4  0.89219  -0.117  0.885  0.245  1.000
 **********
 **    2 **MIGRAD 
 **********
 START MIGRAD MINIMIZATION.  STRATEGY  1.  CONVERGENCE WHEN EDM .LT. 1.00e-04
 FCN=-2.37859e+11 FROM MIGRAD    STATUS=INITIATE       12 CALLS         253 TOTAL
                     EDM=0.248779    STRATEGY= 1  ERROR MATRIX UNCERTAINTY   4.3 per cent
  EXT PARAMETER                                   STEP         FIRST   
  NO.   NAME      VALUE            ERROR          SIZE      DERIVATIVE 
   1  norm         5.58942e+05   9.48001e+00  -0.00000e+00   3.70929e-03
   2  Q            5.65003e-01   6.11532e-09   0.00000e+00   2.09093e+08
   3  theta       -5.28823e-05   1.06036e-04  -0.00000e+00   7.26722e+03
   4  pileup       9.99777e-04   9.52173e-08   0.00000e+00  -1.20680e+07
 MIGRAD FAILS TO FIND IMPROVEMENT
 MACHINE ACCURACY LIMITS FURTHER IMPROVEMENT.
 MIGRAD MINIMIZATION HAS CONVERGED.
 FCN=-2.37859e+11 FROM MIGRAD    STATUS=CONVERGED      23 CALLS         264 TOTAL
                     EDM=0.248779    STRATEGY= 1  ERROR MATRIX UNCERTAINTY   4.3 per cent
  EXT PARAMETER                                   STEP         FIRST   
  NO.   NAME      VALUE            ERROR          SIZE      DERIVATIVE 
   1  norm         5.58942e+05   9.48001e+00  -0.00000e+00   3.70929e-03
   2  Q            5.65003e-01   6.11532e-09  -0.00000e+00   2.09093e+08
   3  theta       -5.28823e-05   1.06036e-04  -0.00000e+00   7.26722e+03
   4  pileup       9.99777e-04   9.52173e-08  -0.00000e+00  -1.20680e+07
 EXTERNAL ERROR MATRIX.    NDIM=  25    NPAR=  4    ERR DEF=1
  8.987e+01 -8.292e-09  5.793e-04 -1.054e-07 
 -8.292e-09  3.740e-17  1.110e-13  5.153e-16 
  5.793e-04  1.110e-13  1.124e-08  2.474e-12 
 -1.054e-07  5.153e-16  2.474e-12  9.066e-15 
 PARAMETER  CORRELATION COEFFICIENTS  
       NO.  GLOBAL      1      2      3      4
        1  0.63510   1.000 -0.143  0.576 -0.117
        2  0.88633  -0.143  1.000  0.171  0.885
        3  0.65808   0.576  0.171  1.000  0.245
        4  0.89219  -0.117  0.885  0.245  1.000
status of the fit-----000------0
1  558942
2  0.565003
3  -5.28823e-05
4  0.000999777
