  *******************************************
  *                                         *
  *        W E L C O M E  to  R O O T       *
  *                                         *
  *   Version   5.34/36      5 April 2016   *
  *                                         *
  *  You are welcome to visit our Web site  *
  *          http://root.cern.ch            *
  *                                         *
  *******************************************

ROOT 5.34/36 (v5-34-36@v5-34-36, Apr 05 2016, 10:25:45 on linuxx8664gcc)

CINT/ROOT C/C++ Interpreter version 5.18.00, July 2, 2010
Type ? for help. Commands must be C++ statements.
Enclose multiple statements between { }.
Loading root init file.
The rat/rootinit.C file loaded the DEAP style for you, which is available from the fStyle pointer.
DEAP style applied. 
RAT: Libraries loaded.

Processing /home/fatemigh/projects/rpp-jillings/fatemigh/sterile/Likelihood/LikelihoodSterile_modified6.C+(86)...
pased here
566 lines read from file
31
spec_E  566
Before entering fitting
 **********
 **    1 **SET PRINT           2
 **********
 **********
 **    2 **SET NOGRAD
 **********
 PARAMETER DEFINITIONS:
    NO.   NAME         VALUE      STEP SIZE      LIMITS
     1 p0           5.58000e+05  1.67400e+05     no limits
     2 p1           5.65000e-01  1.69500e-01     no limits
     3 p2           0.00000e+00  3.00000e-01     no limits
     4 p3           9.99871e-04  2.99961e-04     no limits
 **********
 **    3 **SET ERR         0.5
 **********
 **********
 **    4 **SET PRINT           2
 **********
 **********
 **    5 **SET STR           1
 **********
 NOW USING STRATEGY  1: TRY TO BALANCE SPEED AGAINST RELIABILITY
 **********
 **    6 **MIGRAD        1480        0.01
 **********
 FIRST CALL TO USER FUNCTION AT NEW START POINT, WITH IFLAG=4.
 START MIGRAD MINIMIZATION.  STRATEGY  1.  CONVERGENCE WHEN EDM .LT. 1.00e-05
 FCN=17436.8 FROM MIGRAD    STATUS=INITIATE       18 CALLS          19 TOTAL
                     EDM= unknown      STRATEGY= 1      NO ERROR MATRIX       
  EXT PARAMETER               CURRENT GUESS       STEP         FIRST   
  NO.   NAME      VALUE            ERROR          SIZE      DERIVATIVE 
   1  p0           5.58000e+05   1.67400e+05   1.67400e+05  -3.64066e+01
   2  p1           5.65000e-01   1.69500e-01   1.69500e-01  -1.13021e+08
   3  p2           0.00000e+00   3.00000e-01   3.00000e-01   2.11064e+06
   4  p3           9.99871e-04   2.99961e-04   2.99961e-04  -1.01385e+09
                               ERR DEF= 0.5
NO ERROR MATRIX       
 FCN=1269.23 FROM MIGRAD    STATUS=PROGRESS       36 CALLS          37 TOTAL
                     EDM=3817.79    STRATEGY= 1      NO ERROR MATRIX       
  EXT PARAMETER               CURRENT GUESS       STEP         FIRST   
  NO.   NAME      VALUE            ERROR          SIZE      DERIVATIVE 
   1  p0           5.58356e+05   1.67400e+05   3.55526e+02  -2.48938e+00
   2  p1           5.65115e-01   1.69500e-01   1.14657e-04  -7.67305e+06
   3  p2          -2.38252e-03   3.00000e-01  -2.38252e-03  -4.61248e+05
   4  p3           1.00134e-03   2.99961e-04   1.46780e-06   4.92955e+08
                               ERR DEF= 0.5
 MINUIT WARNING IN MIGRAD  
 ============== Negative diagonal element 1 in Error Matrix
 MINUIT WARNING IN MIGRAD  
 ============== Negative diagonal element 2 in Error Matrix
 MINUIT WARNING IN MIGRAD  
 ============== 1.53282e+06 added to diagonal of error matrix
 EIGENVALUES OF SECOND-DERIVATIVE MATRIX:
         9.9959e-01  1.0000e+00  1.0000e+00  1.0004e+00
 MIGRAD FAILS TO FIND IMPROVEMENT
   START COVARIANCE MATRIX CALCULATION.
 EIGENVALUES OF SECOND-DERIVATIVE MATRIX:
         2.4110e-05  3.7357e-01  8.1853e-01  2.8079e+00
 COVARIANCE MATRIX CALCULATED SUCCESSFULLY
 FCN=69.9021 FROM HESSE     STATUS=OK             23 CALLS         179 TOTAL
                     EDM=0.112457    STRATEGY= 1      ERROR MATRIX ACCURATE 
  EXT PARAMETER                                   STEP         FIRST   
  NO.   NAME      VALUE            ERROR          SIZE      DERIVATIVE 
   1  p0           5.57409e+05   7.33804e+02   2.65793e-01  -5.15369e-02
   2  p1           5.65497e-01   2.38267e-04   2.69650e-07  -1.60965e+05
   3  p2          -5.19759e-05   1.21206e-04   3.37324e-07   1.73904e+03
   4  p3           9.99811e-04   8.26644e-08   4.76747e-10   5.87068e+04
                               ERR DEF= 0.5
 PARAMETER  CORRELATION COEFFICIENTS  
       NO.  GLOBAL      1      2      3      4
        1  0.99998   1.000 -1.000 -0.745 -0.287
        2  0.99998  -1.000  1.000  0.748  0.286
        3  0.88334  -0.745  0.748  1.000  0.487
        4  0.59299  -0.287  0.286  0.487  1.000
 FCN=69.9015 FROM MIGRAD    STATUS=PROGRESS      189 CALLS         190 TOTAL
                     EDM=0.112103    STRATEGY= 1      ERROR MATRIX ACCURATE 
  EXT PARAMETER                                   STEP         FIRST   
  NO.   NAME      VALUE            ERROR          SIZE      DERIVATIVE 
   1  p0           5.57408e+05   7.33804e+02  -6.87343e-01  -5.14085e-02
   2  p1           5.65497e-01   2.38267e-04   2.24578e-07  -1.60566e+05
   3  p2          -5.18822e-05   1.21206e-04   9.37595e-08   1.73538e+03
   4  p3           9.99811e-04   8.26644e-08   6.45763e-12   5.57615e+04
                               ERR DEF= 0.5
 MINUIT WARNING IN MIGRAD  
 ============== Negative diagonal element 1 in Error Matrix
 MINUIT WARNING IN MIGRAD  
 ============== Negative diagonal element 2 in Error Matrix
 MINUIT WARNING IN MIGRAD  
 ============== 416253 added to diagonal of error matrix
 EIGENVALUES OF SECOND-DERIVATIVE MATRIX:
         9.9979e-01  1.0000e+00  1.0000e+00  1.0002e+00
 MIGRAD FAILS TO FIND IMPROVEMENT
 MIGRAD TERMINATED WITHOUT CONVERGENCE.
 FCN=69.9004 FROM MIGRAD    STATUS=FAILED        221 CALLS         222 TOTAL
                     EDM=2.07418e+16    STRATEGY= 1  ERROR MATRIX UNCERTAINTY 100.0 per cent
  EXT PARAMETER                APPROXIMATE        STEP         FIRST   
  NO.   NAME      VALUE            ERROR          SIZE      DERIVATIVE 
   1  p0           5.57412e+05   5.51965e+02   0.00000e+00  -4.94211e-02
   2  p1           5.65496e-01   4.49878e+02   0.00000e+00  -1.54437e+05
   3  p2          -5.15351e-05   4.56209e+02  -0.00000e+00   1.71950e+03
   4  p3           9.99811e-04   7.57428e+01  -0.00000e+00   9.45641e+04
                               ERR DEF= 0.5
 EXTERNAL ERROR MATRIX.    NDIM=  25    NPAR=  4    ERR DEF=0.5
  3.047e+05 -3.195e-02  8.620e-03 -1.101e-02 
 -3.195e-02  2.024e+05  3.043e+01 -3.407e+04 
  8.620e-03  3.043e+01  2.081e+05  1.808e+02 
 -1.101e-02 -3.407e+04  1.808e+02  5.737e+03 
ERR MATRIX APPROXIMATE
 PARAMETER  CORRELATION COEFFICIENTS  
       NO.  GLOBAL      1      2      3      4
        1  0.98413   1.000 -0.000  0.000 -0.000
        2  1.00000  -0.000  1.000  0.000 -1.000
        3  1.00000   0.000  0.000  1.000  0.005
        4  1.00000  -0.000 -1.000  0.005  1.000
 ERR MATRIX APPROXIMATE
 FCN=69.9004 FROM MIGRAD    STATUS=FAILED        221 CALLS         222 TOTAL
                     EDM=2.07418e+16    STRATEGY= 1  ERROR MATRIX UNCERTAINTY 100.0 per cent
  EXT PARAMETER                  PARABOLIC         MINOS ERRORS        
  NO.   NAME      VALUE            ERROR      NEGATIVE      POSITIVE   
   1  p0           5.57412e+05   5.51965e+02                            
   2  p1           5.65496e-01   4.49878e+02                            
   3  p2          -5.15351e-05   4.56209e+02                            
   4  p3           9.99811e-04   7.57428e+01                            
                               ERR DEF= 0.5
 **********
 **    7 **SET PRINT           2
 **********
 **********
 **    8 **SET NOGRAD
 **********
 PARAMETER DEFINITIONS:
    NO.   NAME         VALUE      STEP SIZE      LIMITS
     1 p0           5.57412e+05  5.51965e+02     no limits
     2 p1           5.65496e-01  4.49878e+02     no limits
     3 p2          -5.15351e-05  4.56209e+02     no limits
     4 p3           9.99811e-04  7.57428e+01     no limits
 **********
 **    9 **SET ERR         0.5
 **********
 **********
 **   10 **SET PRINT           2
 **********
 **********
 **   11 **SET STR           1
 **********
 NOW USING STRATEGY  1: TRY TO BALANCE SPEED AGAINST RELIABILITY
 **********
 **   12 **MIGRAD        1480        0.01
 **********
 FIRST CALL TO USER FUNCTION AT NEW START POINT, WITH IFLAG=4.
 START MIGRAD MINIMIZATION.  STRATEGY  1.  CONVERGENCE WHEN EDM .LT. 1.00e-05
 FCN=69.9004 FROM MIGRAD    STATUS=INITIATE       22 CALLS          23 TOTAL
                     EDM= unknown      STRATEGY= 1      NO ERROR MATRIX       
  EXT PARAMETER               CURRENT GUESS       STEP         FIRST   
  NO.   NAME      VALUE            ERROR          SIZE      DERIVATIVE 
   1  p0           5.57412e+05   5.51965e+02   5.51965e+02  -4.94178e-02
   2  p1           5.65496e-01   4.49878e+02   4.49878e+02   6.46722e+09
   3  p2          -5.15351e-05   4.56209e+02   4.56209e+02   9.17266e+04
   4  p3           9.99811e-04   7.57428e+01   7.57428e+01  -3.94710e+13
                               ERR DEF= 0.5
NO ERROR MATRIX       
 MIGRAD FAILS TO FIND IMPROVEMENT
   START COVARIANCE MATRIX CALCULATION.
 EIGENVALUES OF SECOND-DERIVATIVE MATRIX:
        -3.7784e-01  5.7974e-01  9.9897e-01  2.7991e+00
 MINUIT WARNING IN HESSE   
 ============== MATRIX FORCED POS-DEF BY ADDING 0.380642 TO DIAGONAL.
 FCN=69.9004 FROM HESSE     STATUS=NOT POSDEF     29 CALLS          63 TOTAL
                     EDM=3.57553    STRATEGY= 1      ERR MATRIX NOT POS-DEF
  EXT PARAMETER                APPROXIMATE        STEP         FIRST   
  NO.   NAME      VALUE            ERROR          SIZE      DERIVATIVE 
   1  p0           5.57412e+05   6.84196e+01   5.51965e-01  -4.94293e-02
   2  p1           5.65496e-01   4.56613e-06   4.49878e-02  -1.54398e+05
   3  p2          -5.15351e-05   5.32768e-05   4.56209e-02   1.70679e+03
   4  p3           9.99811e-04   8.36853e-09   7.57428e-03   5.17540e+04
                               ERR DEF= 0.5
 PARAMETER  CORRELATION COEFFICIENTS  
       NO.  GLOBAL      1      2      3      4
        1  0.99798   1.000 -0.997  0.065 -0.118
        2  0.99797  -0.997  1.000 -0.033  0.118
        3  0.44756   0.065 -0.033  1.000  0.013
        4  0.12151  -0.118  0.118  0.013  1.000
 ERR MATRIX NOT POS-DEF
 FCN=69.8685 FROM MIGRAD    STATUS=PROGRESS       73 CALLS          74 TOTAL
                     EDM=0.00160625    STRATEGY= 1      ERR MATRIX NOT POS-DEF
  EXT PARAMETER                APPROXIMATE        STEP         FIRST   
  NO.   NAME      VALUE            ERROR          SIZE      DERIVATIVE 
   1  p0           5.57413e+05   6.84196e+01   1.62889e+00  -2.78911e-05
   2  p1           5.65496e-01   4.56613e-06  -1.08404e-07  -1.45572e+03
   3  p2          -5.14856e-05   5.32768e-05   4.94501e-08  -1.04223e+03
   4  p3           9.99811e-04   8.36853e-09  -2.37797e-11   1.45971e+06
                               ERR DEF= 0.5
 MIGRAD FAILS TO FIND IMPROVEMENT
 MIGRAD MINIMIZATION HAS CONVERGED.
 MIGRAD WILL VERIFY CONVERGENCE AND ERROR MATRIX.
   START COVARIANCE MATRIX CALCULATION.
 EIGENVALUES OF SECOND-DERIVATIVE MATRIX:
         1.9797e-03  3.4420e-01  9.4207e-01  2.7118e+00
 COVARIANCE MATRIX CALCULATED SUCCESSFULLY
 MIGRAD TERMINATED WITHOUT CONVERGENCE.
 FCN=69.8632 FROM MIGRAD    STATUS=FAILED        147 CALLS         148 TOTAL
                     EDM=0.00147979    STRATEGY= 1      ERR MATRIX APPROXIMATE
  EXT PARAMETER                APPROXIMATE        STEP         FIRST   
  NO.   NAME      VALUE            ERROR          SIZE      DERIVATIVE 
   1  p0           5.57414e+05   8.17039e+01   2.65796e-01  -1.38686e-04
   2  p1           5.65496e-01   2.59722e-05   2.69650e-07  -1.92982e+03
   3  p2          -4.87072e-05   8.49478e-05   3.27432e-07  -7.46928e+00
   4  p3           9.99806e-04   8.44644e-08   4.76745e-10  -1.37974e+03
                               ERR DEF= 0.5
 EXTERNAL ERROR MATRIX.    NDIM=  25    NPAR=  4    ERR DEF=0.5
  6.676e+03 -2.116e-03  3.708e-03  3.597e-06 
 -2.116e-03  6.746e-10 -1.104e-09 -1.136e-12 
  3.708e-03 -1.104e-09  7.216e-09  4.699e-12 
  3.597e-06 -1.136e-12  4.699e-12  7.134e-15 
ERR MATRIX APPROXIMATE
 PARAMETER  CORRELATION COEFFICIENTS  
       NO.  GLOBAL      1      2      3      4
        1  0.99805   1.000 -0.997  0.534  0.521
        2  0.99798  -0.997  1.000 -0.500 -0.518
        3  0.80378   0.534 -0.500  1.000  0.655
        4  0.72248   0.521 -0.518  0.655  1.000
 ERR MATRIX APPROXIMATE
 FCN=69.8632 FROM MIGRAD    STATUS=FAILED        147 CALLS         148 TOTAL
                     EDM=0.00147979    STRATEGY= 1      ERR MATRIX APPROXIMATE
  EXT PARAMETER                  PARABOLIC         MINOS ERRORS        
  NO.   NAME      VALUE            ERROR      NEGATIVE      POSITIVE   
   1  p0           5.57414e+05   8.17039e+01                            
   2  p1           5.65496e-01   2.59722e-05                            
   3  p2          -4.87072e-05   8.49478e-05                            
   4  p3           9.99806e-04   8.44644e-08                            
                               ERR DEF= 0.5
 **********
 **   13 **SET PRINT           2
 **********
 **********
 **   14 **SET NOGRAD
 **********
 PARAMETER DEFINITIONS:
    NO.   NAME         VALUE      STEP SIZE      LIMITS
     1 p0           5.57414e+05  8.17039e+01     no limits
     2 p1           5.65496e-01  2.59722e-05     no limits
     3 p2          -4.87072e-05  8.49478e-05     no limits
     4 p3           9.99806e-04  8.44644e-08     no limits
 **********
 **   15 **SET ERR         0.5
 **********
 **********
 **   16 **SET PRINT           2
 **********
 **********
 **   17 **SET STR           1
 **********
 NOW USING STRATEGY  1: TRY TO BALANCE SPEED AGAINST RELIABILITY
 **********
 **   18 **MIGRAD        1480        0.01
 **********
 FIRST CALL TO USER FUNCTION AT NEW START POINT, WITH IFLAG=4.
 START MIGRAD MINIMIZATION.  STRATEGY  1.  CONVERGENCE WHEN EDM .LT. 1.00e-05
 FCN=69.8632 FROM MIGRAD    STATUS=INITIATE       14 CALLS          15 TOTAL
                     EDM= unknown      STRATEGY= 1      NO ERROR MATRIX       
  EXT PARAMETER               CURRENT GUESS       STEP         FIRST   
  NO.   NAME      VALUE            ERROR          SIZE      DERIVATIVE 
   1  p0           5.57414e+05   8.17039e+01   8.17039e+01  -1.32612e-04
   2  p1           5.65496e-01   2.59722e-05   2.59722e-05  -1.92858e+03
   3  p2          -4.87072e-05   8.49478e-05   8.49478e-05  -3.91510e+00
   4  p3           9.99806e-04   8.44644e-08   8.44644e-08  -1.21877e+03
                               ERR DEF= 0.5
NO ERROR MATRIX       
 FCN=69.8632 FROM MIGRAD    STATUS=PROGRESS       25 CALLS          26 TOTAL
                     EDM=2.89722e-05    STRATEGY= 1      NO ERROR MATRIX       
  EXT PARAMETER               CURRENT GUESS       STEP         FIRST   
  NO.   NAME      VALUE            ERROR          SIZE      DERIVATIVE 
   1  p0           5.57414e+05   8.17039e+01   3.45009e-03   6.10523e-04
   2  p1           5.65496e-01   2.59722e-05   5.24660e-09   3.50832e+02
   3  p2          -4.86973e-05   8.49478e-05   9.88350e-09  -3.90370e+01
   4  p3           9.99806e-04   8.44644e-08   4.15634e-12   1.33406e+04
                               ERR DEF= 0.5
 MIGRAD FAILS TO FIND IMPROVEMENT
   START COVARIANCE MATRIX CALCULATION.
 EIGENVALUES OF SECOND-DERIVATIVE MATRIX:
         2.9613e-01  4.4940e-01  9.6350e-01  2.2910e+00
 COVARIANCE MATRIX CALCULATED SUCCESSFULLY
 FCN=69.8588 FROM HESSE     STATUS=OK             25 CALLS         124 TOTAL
                     EDM=0.00290408    STRATEGY= 1      ERROR MATRIX ACCURATE 
  EXT PARAMETER                                   STEP         FIRST   
  NO.   NAME      VALUE            ERROR          SIZE      DERIVATIVE 
   1  p0           5.57400e+05   6.71719e+00   2.65789e-01  -9.38470e-03
   2  p1           5.65501e-01   3.60379e-07   2.69652e-07  -3.06429e+04
   3  p2          -4.44145e-05   8.56715e-05   3.45906e-07   9.05526e+02
   4  p3           9.99809e-04   8.74572e-08   4.76746e-10   1.70196e+05
                               ERR DEF= 0.5
 PARAMETER  CORRELATION COEFFICIENTS  
       NO.  GLOBAL      1      2      3      4
        1  0.64830   1.000 -0.043  0.577 -0.005
        2  0.54523  -0.043  1.000 -0.060 -0.495
        3  0.72147   0.577 -0.060  1.000  0.389
        4  0.67629  -0.005 -0.495  0.389  1.000
 FCN=69.8563 FROM MIGRAD    STATUS=PROGRESS      133 CALLS         134 TOTAL
                     EDM=0.128639    STRATEGY= 1      ERROR MATRIX ACCURATE 
  EXT PARAMETER                                   STEP         FIRST   
  NO.   NAME      VALUE            ERROR          SIZE      DERIVATIVE 
   1  p0           5.57400e+05   6.71719e+00   1.02062e-01  -1.28057e-03
   2  p1           5.65501e-01   3.60379e-07   6.21189e-09   1.39013e+06
   3  p2          -4.78829e-05   8.56715e-05  -3.46837e-06   1.12498e+02
   4  p3           9.99805e-04   8.74572e-08  -3.77880e-09  -1.46648e+05
                               ERR DEF= 0.5
 MIGRAD FAILS TO FIND IMPROVEMENT
 MIGRAD TERMINATED WITHOUT CONVERGENCE.
 FCN=69.8563 FROM MIGRAD    STATUS=FAILED        173 CALLS         174 TOTAL
                     EDM=0.0799448    STRATEGY= 1  ERROR MATRIX UNCERTAINTY   2.3 per cent
  EXT PARAMETER                APPROXIMATE        STEP         FIRST   
  NO.   NAME      VALUE            ERROR          SIZE      DERIVATIVE 
   1  p0           5.57400e+05   7.18247e+00   0.00000e+00  -4.72971e-04
   2  p1           5.65501e-01   2.61177e-07  -0.00000e+00   1.39259e+06
   3  p2          -4.81846e-05   6.24574e-05  -0.00000e+00   1.63933e+01
   4  p3           9.99805e-04   7.49253e-08  -0.00000e+00  -1.20585e+05
                               ERR DEF= 0.5
 EXTERNAL ERROR MATRIX.    NDIM=  25    NPAR=  4    ERR DEF=0.5
  5.159e+01 -1.027e-06  1.928e-04 -6.688e-08 
 -1.027e-06  6.821e-14  7.264e-12  4.054e-15 
  1.928e-04  7.264e-12  3.901e-09  1.839e-12 
 -6.688e-08  4.054e-15  1.839e-12  5.614e-15 
ERR MATRIX APPROXIMATE
 PARAMETER  CORRELATION COEFFICIENTS  
       NO.  GLOBAL      1      2      3      4
        1  0.97361   1.000 -0.547  0.430 -0.124
        2  0.97035  -0.547  1.000  0.445  0.207
        3  0.97335   0.430  0.445  1.000  0.393
        4  0.82034  -0.124  0.207  0.393  1.000
 ERR MATRIX APPROXIMATE
 FCN=69.8563 FROM MIGRAD    STATUS=FAILED        173 CALLS         174 TOTAL
                     EDM=0.0799448    STRATEGY= 1  ERROR MATRIX UNCERTAINTY   2.3 per cent
  EXT PARAMETER                  PARABOLIC         MINOS ERRORS        
  NO.   NAME      VALUE            ERROR      NEGATIVE      POSITIVE   
   1  p0           5.57400e+05   7.18247e+00                            
   2  p1           5.65501e-01   2.61177e-07                            
   3  p2          -4.81846e-05   6.24574e-05                            
   4  p3           9.99805e-04   7.49253e-08                            
                               ERR DEF= 0.5
------------------------------------------
Enering ROOFIt-------
 PARAMETER DEFINITIONS:
    NO.   NAME         VALUE      STEP SIZE      LIMITS
     1 norm         5.57400e+05  1.00000e-01     no limits
     2 Q            5.65000e-01  1.00000e-01     no limits
     3 theta        0.00000e+00  1.00000e-01     no limits
     4 pileup       9.99805e-04  1.00000e-01     no limits
 **********
 **    1 **MIGRAD
 **********
 FIRST CALL TO USER FUNCTION AT NEW START POINT, WITH IFLAG=4.
 START MIGRAD MINIMIZATION.  STRATEGY  1.  CONVERGENCE WHEN EDM .LT. 1.00e-04
 FCN=-2.37862e+11 FROM MIGRAD    STATUS=INITIATE       16 CALLS          17 TOTAL
                     EDM= unknown      STRATEGY= 1      NO ERROR MATRIX       
  EXT PARAMETER               CURRENT GUESS       STEP         FIRST   
  NO.   NAME      VALUE            ERROR          SIZE      DERIVATIVE 
   1  norm         5.57400e+05   1.00000e-01   1.00000e-01  -5.94361e+01
   2  Q            5.65000e-01   1.00000e-01   1.00000e-01  -9.02709e+08
   3  theta        0.00000e+00   1.00000e-01   1.00000e-01   3.45025e+06
   4  pileup       9.99805e-04   1.00000e-01   1.00000e-01  -9.20225e+11
 MIGRAD FAILS TO FIND IMPROVEMENT
 MACHINE ACCURACY LIMITS FURTHER IMPROVEMENT.
 MIGRAD MINIMIZATION HAS CONVERGED.
 MIGRAD WILL VERIFY CONVERGENCE AND ERROR MATRIX.
 EIGENVALUES OF SECOND-DERIVATIVE MATRIX:
        -7.2823e-04  3.6664e-01  8.5017e-01  2.7839e+00
 MINUIT WARNING IN HESSE   
 ============== MATRIX FORCED POS-DEF BY ADDING 0.003512 TO DIAGONAL.
 FCN=-2.37862e+11 FROM HESSE     STATUS=NOT POSDEF     29 CALLS         295 TOTAL
                     EDM=0.812634    STRATEGY= 1      ERR MATRIX NOT POS-DEF
  EXT PARAMETER                APPROXIMATE        STEP         FIRST   
  NO.   NAME      VALUE            ERROR          SIZE      DERIVATIVE 
   1  norm         5.58936e+05   9.60846e+01   1.72575e+03   3.27508e-02
   2  Q            5.65003e-01   3.16026e-05   9.47958e-05   1.00807e+05
   3  theta       -1.65666e-04   1.19334e-04   1.85217e-02  -1.45037e+04
   4  pileup       9.99866e-04   1.05033e-07   2.09867e-05   1.86182e+07
 MINUIT WARNING IN MIGRAD  
 ============== Negative diagonal element 2 in Error Matrix
 MINUIT WARNING IN MIGRAD  
 ============== 1 added to diagonal of error matrix
 MIGRAD FAILS TO FIND IMPROVEMENT
 MIGRAD TERMINATED WITHOUT CONVERGENCE.
 FCN=-2.37862e+11 FROM MIGRAD    STATUS=FAILED        337 CALLS         338 TOTAL
                     EDM=1.13928e+08    STRATEGY= 1      ERR MATRIX NOT POS-DEF
  EXT PARAMETER                APPROXIMATE        STEP         FIRST   
  NO.   NAME      VALUE            ERROR          SIZE      DERIVATIVE 
   1  norm         5.58922e+05   9.16571e+00  -0.00000e+00  -6.32353e-02
   2  Q            5.65009e-01   1.00000e+00  -0.00000e+00   7.05194e+08
   3  theta       -1.25878e-04   1.00000e+00  -0.00000e+00   1.66318e+04
   4  pileup       9.99804e-04   1.00000e+00   0.00000e+00  -2.83877e+07
 EXTERNAL ERROR MATRIX.    NDIM=  25    NPAR=  4    ERR DEF=1
  8.401e+01 -2.456e-09  5.341e-04  1.202e-08 
 -2.456e-09  1.000e+00  2.182e-15  2.464e-16 
  5.341e-04  2.182e-15  1.000e+00  5.315e-12 
  1.202e-08  2.464e-16  5.315e-12  1.000e+00 
ERR MATRIX NOT POS-DEF
 PARAMETER  CORRELATION COEFFICIENTS  
       NO.  GLOBAL      1      2      3      4
        1  0.00006   1.000 -0.000  0.000  0.000
        2  0.00000  -0.000  1.000  0.000  0.000
        3  0.00006   0.000  0.000  1.000  0.000
        4  0.00000   0.000  0.000  0.000  1.000
 ERR MATRIX NOT POS-DEF
 **********
 **    2 **MIGRAD 
 **********
 START MIGRAD MINIMIZATION.  STRATEGY  1.  CONVERGENCE WHEN EDM .LT. 1.00e-04
 FCN=-2.37862e+11 FROM MIGRAD    STATUS=INITIATE       12 CALLS         350 TOTAL
                     EDM=1.30673e+16    STRATEGY= 1      ERR MATRIX NOT POS-DEF
  EXT PARAMETER                APPROXIMATE        STEP         FIRST   
  NO.   NAME      VALUE            ERROR          SIZE      DERIVATIVE 
   1  norm         5.58922e+05   9.16571e+00  -0.00000e+00  -6.32351e-02
   2  Q            5.65009e-01   1.00000e+00  -0.00000e+00   1.15148e+03
   3  theta       -1.25878e-04   1.00000e+00  -0.00000e+00   1.66312e+04
   4  pileup       9.99804e-04   1.00000e+00   0.00000e+00  -2.83841e+07
 MIGRAD FAILS TO FIND IMPROVEMENT
 EIGENVALUES OF SECOND-DERIVATIVE MATRIX:
        -7.2886e-04  3.6662e-01  8.5017e-01  2.7839e+00
 MINUIT WARNING IN HESSE   
 ============== MATRIX FORCED POS-DEF BY ADDING 0.003513 TO DIAGONAL.
 FCN=-2.37862e+11 FROM HESSE     STATUS=NOT POSDEF     31 CALLS         392 TOTAL
                     EDM=0.00434194    STRATEGY= 1      ERR MATRIX NOT POS-DEF
  EXT PARAMETER                APPROXIMATE        STEP         FIRST   
  NO.   NAME      VALUE            ERROR          SIZE      DERIVATIVE 
   1  norm         5.58922e+05   9.60793e+01   1.72568e+03   1.28521e-03
   2  Q            5.65009e-01   3.16026e-05   9.49601e-05   1.03241e+03
   3  theta       -1.25878e-04   1.19390e-04   1.85253e-02   1.06736e+03
   4  pileup       9.99804e-04   1.05031e-07   2.09854e-05   5.20250e+04
 MIGRAD FAILS TO FIND IMPROVEMENT
 MACHINE ACCURACY LIMITS FURTHER IMPROVEMENT.
 MIGRAD MINIMIZATION HAS CONVERGED.
 MIGRAD WILL VERIFY CONVERGENCE AND ERROR MATRIX.
 EIGENVALUES OF SECOND-DERIVATIVE MATRIX:
        -1.7193e-04  3.7105e-01  8.5095e-01  2.7782e+00
 MINUIT WARNING IN HESSE   
 ============== MATRIX FORCED POS-DEF BY ADDING 0.002950 TO DIAGONAL.
 MIGRAD TERMINATED WITHOUT CONVERGENCE.
 FCN=-2.37862e+11 FROM MIGRAD    STATUS=FAILED        111 CALLS         449 TOTAL
                     EDM=0.0051799    STRATEGY= 1      ERR MATRIX NOT POS-DEF
  EXT PARAMETER                APPROXIMATE        STEP         FIRST   
  NO.   NAME      VALUE            ERROR          SIZE      DERIVATIVE 
   1  norm         5.58919e+05   9.67947e+01   6.90274e+02  -2.87371e-05
   2  Q            5.65010e-01   3.14645e-05   3.79840e-05  -3.04902e+03
   3  theta       -1.34047e-04   1.12060e-04   7.41013e-03  -2.32481e+02
   4  pileup       9.99800e-04   1.04108e-07   8.39417e-06   1.11794e+04
 EXTERNAL ERROR MATRIX.    NDIM=  25    NPAR=  4    ERR DEF=1
  9.369e+03 -3.032e-03 -1.746e-03 -6.182e-07 
 -3.032e-03  9.900e-10  7.495e-10  1.968e-13 
 -1.746e-03  7.495e-10  1.256e-08  5.115e-12 
 -6.182e-07  1.968e-13  5.115e-12  1.084e-14 
ERR MATRIX NOT POS-DEF
 PARAMETER  CORRELATION COEFFICIENTS  
       NO.  GLOBAL      1      2      3      4
        1  0.99720   1.000 -0.995 -0.161 -0.061
        2  0.99726  -0.995  1.000  0.213  0.060
        3  0.72073  -0.161  0.213  1.000  0.438
        4  0.53437  -0.061  0.060  0.438  1.000
 ERR MATRIX NOT POS-DEF
status of the fit-----000------4
1  558919
2  0.56501
3  -0.000134047
4  0.0009998
 PARAMETER DEFINITIONS:
    NO.   NAME         VALUE      STEP SIZE      LIMITS
     1 norm         5.58919e+05  1.00000e-01     no limits
     2 Q            5.65010e-01  1.00000e-01     no limits
     3 theta       -1.34047e-04  1.00000e-01     no limits
     4 pileup       9.99800e-04  1.00000e-01     no limits
 **********
 **    3 **MIGRAD
 **********
 FIRST CALL TO USER FUNCTION AT NEW START POINT, WITH IFLAG=4.
 START MIGRAD MINIMIZATION.  STRATEGY  1.  CONVERGENCE WHEN EDM .LT. 1.00e-04
 FCN=-2.37862e+11 FROM MIGRAD    STATUS=INITIATE       16 CALLS         466 TOTAL
                     EDM= unknown      STRATEGY= 1      NO ERROR MATRIX       
  EXT PARAMETER               CURRENT GUESS       STEP         FIRST   
  NO.   NAME      VALUE            ERROR          SIZE      DERIVATIVE 
   1  norm         5.58919e+05   1.00000e-01   1.00000e-01  -1.14507e-05
   2  Q            5.65010e-01   1.00000e-01   1.00000e-01   6.28274e+06
   3  theta       -1.34047e-04   1.00000e-01   1.00000e-01   1.53361e+04
   4  pileup       9.99800e-04   1.00000e-01   1.00000e-01  -9.18094e+11
 MIGRAD FAILS TO FIND IMPROVEMENT
 COVARIANCE MATRIX CALCULATED SUCCESSFULLY
 FCN=-2.37862e+11 FROM HESSE     STATUS=OK             29 CALLS         506 TOTAL
                     EDM=0.0347538    STRATEGY= 1      ERROR MATRIX ACCURATE 
  EXT PARAMETER                                   STEP         FIRST   
  NO.   NAME      VALUE            ERROR          SIZE      DERIVATIVE 
   1  norm         5.58919e+05   2.10754e+02   2.66513e+00  -3.14894e-04
   2  Q            5.65010e-01   2.01301e-05   1.00000e-03  -3.05066e+03
   3  theta       -1.34047e-04   1.76155e-03   1.85167e-02  -2.11700e+02
   4  pileup       9.99800e-04   9.24457e-08   1.00000e-02  -5.74388e+05
 MIGRAD FAILS TO FIND IMPROVEMENT
 MACHINE ACCURACY LIMITS FURTHER IMPROVEMENT.
 MIGRAD MINIMIZATION HAS CONVERGED.
 FCN=-2.37862e+11 FROM MIGRAD    STATUS=CONVERGED      65 CALLS         515 TOTAL
                     EDM=0.0347538    STRATEGY= 1      ERROR MATRIX ACCURATE 
  EXT PARAMETER                                   STEP         FIRST   
  NO.   NAME      VALUE            ERROR          SIZE      DERIVATIVE 
   1  norm         5.58919e+05   2.10754e+02  -0.00000e+00  -3.14894e-04
   2  Q            5.65010e-01   2.01301e-05   0.00000e+00  -3.05066e+03
   3  theta       -1.34047e-04   1.76155e-03   0.00000e+00  -2.11700e+02
   4  pileup       9.99800e-04   9.24457e-08   0.00000e+00  -5.74388e+05
 EXTERNAL ERROR MATRIX.    NDIM=  25    NPAR=  4    ERR DEF=1
  4.442e+04 -4.238e-03 -3.698e-01 -3.178e-07 
 -4.238e-03  4.052e-10  3.540e-08  2.193e-14 
 -3.698e-01  3.540e-08  3.103e-06  2.880e-12 
 -3.178e-07  2.193e-14  2.880e-12  8.546e-15 
 PARAMETER  CORRELATION COEFFICIENTS  
       NO.  GLOBAL      1      2      3      4
        1  0.99941   1.000 -0.999 -0.996 -0.016
        2  0.99977  -0.999  1.000  0.998  0.012
        3  0.99902  -0.996  0.998  1.000  0.018
        4  0.23293  -0.016  0.012  0.018  1.000
 **********
 **    4 **MIGRAD 
 **********
 START MIGRAD MINIMIZATION.  STRATEGY  1.  CONVERGENCE WHEN EDM .LT. 1.00e-04
 FCN=-2.37862e+11 FROM MIGRAD    STATUS=INITIATE        8 CALLS         523 TOTAL
                     EDM=5.60853    STRATEGY= 1      ERROR MATRIX ACCURATE 
  EXT PARAMETER                                   STEP         FIRST   
  NO.   NAME      VALUE            ERROR          SIZE      DERIVATIVE 
   1  norm         5.58919e+05   2.10754e+02  -0.00000e+00   0.00000e+00
   2  Q            5.65010e-01   2.01301e-05   0.00000e+00  -2.91763e+03
   3  theta       -1.34047e-04   1.76155e-03   0.00000e+00   2.25479e+03
   4  pileup       9.99800e-04   9.24457e-08   0.00000e+00  -2.96265e+07
 MIGRAD FAILS TO FIND IMPROVEMENT
 EIGENVALUES OF SECOND-DERIVATIVE MATRIX:
        -7.8194e-02  4.7411e-01  6.6747e-01  2.9366e+00
 MINUIT WARNING IN HESSE   
 ============== MATRIX FORCED POS-DEF BY ADDING 0.081131 TO DIAGONAL.
 FCN=-2.37862e+11 FROM HESSE     STATUS=NOT POSDEF     31 CALLS         588 TOTAL
                     EDM=0.0107959    STRATEGY= 1      ERR MATRIX NOT POS-DEF
  EXT PARAMETER                APPROXIMATE        STEP         FIRST   
  NO.   NAME      VALUE            ERROR          SIZE      DERIVATIVE 
   1  norm         5.58919e+05   8.50370e+00   5.33027e+01   1.93230e-04
   2  Q            5.65010e-01   5.23827e-06   5.55017e-04  -2.37566e+03
   3  theta       -1.34087e-04   1.00263e-03   1.85262e-02  -2.32779e+02
   4  pileup       9.99800e-04   1.18453e-07   2.09853e-05  -1.11043e+06
 MIGRAD FAILS TO FIND IMPROVEMENT
 MACHINE ACCURACY LIMITS FURTHER IMPROVEMENT.
 MIGRAD MINIMIZATION HAS CONVERGED.
 MIGRAD WILL VERIFY CONVERGENCE AND ERROR MATRIX.
 EIGENVALUES OF SECOND-DERIVATIVE MATRIX:
        -2.0357e-04  3.7271e-01  8.5091e-01  2.7766e+00
 MINUIT WARNING IN HESSE   
 ============== MATRIX FORCED POS-DEF BY ADDING 0.002980 TO DIAGONAL.
 MIGRAD TERMINATED WITHOUT CONVERGENCE.
 FCN=-2.37862e+11 FROM MIGRAD    STATUS=FAILED        128 CALLS         643 TOTAL
                     EDM=0.0140022    STRATEGY= 1      ERR MATRIX NOT POS-DEF
  EXT PARAMETER                APPROXIMATE        STEP         FIRST   
  NO.   NAME      VALUE            ERROR          SIZE      DERIVATIVE 
   1  norm         5.58919e+05   9.68818e+01   2.13211e+01   2.03965e-04
   2  Q            5.65010e-01   3.14554e-05   9.43769e-05  -2.36052e+03
   3  theta       -1.34087e-04   1.11476e-04   7.41050e-03  -2.53575e+02
   4  pileup       9.99800e-04   1.03948e-07   2.09854e-05  -1.11046e+06
 EXTERNAL ERROR MATRIX.    NDIM=  25    NPAR=  4    ERR DEF=1
  9.386e+03 -3.034e-03 -1.540e-03 -5.847e-07 
 -3.034e-03  9.894e-10  6.809e-10  1.851e-13 
 -1.540e-03  6.809e-10  1.243e-08  5.054e-12 
 -5.847e-07  1.851e-13  5.054e-12  1.081e-14 
ERR MATRIX NOT POS-DEF
 PARAMETER  CORRELATION COEFFICIENTS  
       NO.  GLOBAL      1      2      3      4
        1  0.99721   1.000 -0.996 -0.143 -0.058
        2  0.99726  -0.996  1.000  0.194  0.057
        3  0.71723  -0.143  0.194  1.000  0.436
        4  0.53240  -0.058  0.057  0.436  1.000
 ERR MATRIX NOT POS-DEF
status of the fit-----000------4
1  558919
2  0.56501
3  -0.000134087
4  0.0009998
 PARAMETER DEFINITIONS:
    NO.   NAME         VALUE      STEP SIZE      LIMITS
     1 norm         5.58919e+05  1.00000e-01     no limits
     2 Q            5.65010e-01  1.00000e-01     no limits
     3 theta       -1.34087e-04  1.00000e-01     no limits
     4 pileup       9.99800e-04  1.00000e-01     no limits
 **********
 **    5 **MIGRAD
 **********
 FIRST CALL TO USER FUNCTION AT NEW START POINT, WITH IFLAG=4.
 START MIGRAD MINIMIZATION.  STRATEGY  1.  CONVERGENCE WHEN EDM .LT. 1.00e-04
 FCN=-2.37862e+11 FROM MIGRAD    STATUS=INITIATE       16 CALLS         660 TOTAL
                     EDM= unknown      STRATEGY= 1      NO ERROR MATRIX       
  EXT PARAMETER               CURRENT GUESS       STEP         FIRST   
  NO.   NAME      VALUE            ERROR          SIZE      DERIVATIVE 
   1  norm         5.58919e+05   1.00000e-01   1.00000e-01   2.23288e-04
   2  Q            5.65010e-01   1.00000e-01   1.00000e-01   6.28682e+06
   3  theta       -1.34087e-04   1.00000e-01   1.00000e-01   1.53152e+04
   4  pileup       9.99800e-04   1.00000e-01   1.00000e-01  -9.18094e+11
 MIGRAD FAILS TO FIND IMPROVEMENT
 COVARIANCE MATRIX CALCULATED SUCCESSFULLY
 FCN=-2.37862e+11 FROM HESSE     STATUS=OK             29 CALLS         700 TOTAL
                     EDM=0.0397957    STRATEGY= 1      ERROR MATRIX ACCURATE 
  EXT PARAMETER                                   STEP         FIRST   
  NO.   NAME      VALUE            ERROR          SIZE      DERIVATIVE 
   1  norm         5.58919e+05   1.79226e+02   2.66513e+00   2.86267e-05
   2  Q            5.65010e-01   1.71250e-05   1.00000e-03  -2.36238e+03
   3  theta       -1.34087e-04   1.50033e-03   1.85167e-02  -2.32817e+02
   4  pileup       9.99800e-04   9.24423e-08   1.00000e-02  -5.64213e+05
 MIGRAD FAILS TO FIND IMPROVEMENT
 MACHINE ACCURACY LIMITS FURTHER IMPROVEMENT.
 MIGRAD MINIMIZATION HAS CONVERGED.
 FCN=-2.37862e+11 FROM MIGRAD    STATUS=CONVERGED      65 CALLS         709 TOTAL
                     EDM=0.0397957    STRATEGY= 1      ERROR MATRIX ACCURATE 
  EXT PARAMETER                                   STEP         FIRST   
  NO.   NAME      VALUE            ERROR          SIZE      DERIVATIVE 
   1  norm         5.58919e+05   1.79226e+02  -0.00000e+00   2.86267e-05
   2  Q            5.65010e-01   1.71250e-05   0.00000e+00  -2.36238e+03
   3  theta       -1.34087e-04   1.50033e-03   0.00000e+00  -2.32817e+02
   4  pileup       9.99800e-04   9.24423e-08   0.00000e+00  -5.64213e+05
 EXTERNAL ERROR MATRIX.    NDIM=  25    NPAR=  4    ERR DEF=1
  3.212e+04 -3.065e-03 -2.674e-01 -2.298e-07 
 -3.065e-03  2.933e-10  2.564e-08  1.354e-14 
 -2.674e-01  2.564e-08  2.251e-06  2.148e-12 
 -2.298e-07  1.354e-14  2.148e-12  8.546e-15 
 PARAMETER  CORRELATION COEFFICIENTS  
       NO.  GLOBAL      1      2      3      4
        1  0.99918   1.000 -0.999 -0.994 -0.014
        2  0.99968  -0.999  1.000  0.998  0.009
        3  0.99865  -0.994  0.998  1.000  0.015
        4  0.23278  -0.014  0.009  0.015  1.000
 **********
 **    6 **MIGRAD 
 **********
 START MIGRAD MINIMIZATION.  STRATEGY  1.  CONVERGENCE WHEN EDM .LT. 1.00e-04
 FCN=-2.37862e+11 FROM MIGRAD    STATUS=INITIATE        8 CALLS         717 TOTAL
                     EDM=4.49478    STRATEGY= 1      ERROR MATRIX ACCURATE 
  EXT PARAMETER                                   STEP         FIRST   
  NO.   NAME      VALUE            ERROR          SIZE      DERIVATIVE 
   1  norm         5.58919e+05   1.79226e+02  -0.00000e+00   1.83211e-04
   2  Q            5.65010e-01   1.71250e-05   0.00000e+00  -2.23848e+03
   3  theta       -1.34087e-04   1.50033e-03   0.00000e+00   2.23395e+03
   4  pileup       9.99800e-04   9.24423e-08   0.00000e+00  -2.96163e+07
 MIGRAD FAILS TO FIND IMPROVEMENT
 MACHINE ACCURACY LIMITS FURTHER IMPROVEMENT.
 MIGRAD MINIMIZATION HAS CONVERGED.
 FCN=-2.37862e+11 FROM MIGRAD    STATUS=CONVERGED      19 CALLS         728 TOTAL
                     EDM=4.49478    STRATEGY= 1      ERROR MATRIX ACCURATE 
  EXT PARAMETER                                   STEP         FIRST   
  NO.   NAME      VALUE            ERROR          SIZE      DERIVATIVE 
   1  norm         5.58919e+05   1.79226e+02   0.00000e+00   1.83211e-04
   2  Q            5.65010e-01   1.71250e-05  -0.00000e+00  -2.23848e+03
   3  theta       -1.34087e-04   1.50033e-03  -0.00000e+00   2.23395e+03
   4  pileup       9.99800e-04   9.24423e-08   0.00000e+00  -2.96163e+07
 EXTERNAL ERROR MATRIX.    NDIM=  25    NPAR=  4    ERR DEF=1
  3.212e+04 -3.065e-03 -2.674e-01 -2.298e-07 
 -3.065e-03  2.933e-10  2.564e-08  1.354e-14 
 -2.674e-01  2.564e-08  2.251e-06  2.148e-12 
 -2.298e-07  1.354e-14  2.148e-12  8.546e-15 
 PARAMETER  CORRELATION COEFFICIENTS  
       NO.  GLOBAL      1      2      3      4
        1  0.99918   1.000 -0.999 -0.994 -0.014
        2  0.99968  -0.999  1.000  0.998  0.009
        3  0.99865  -0.994  0.998  1.000  0.015
        4  0.23278  -0.014  0.009  0.015  1.000
status of the fit-----000------0
1  558919
2  0.56501
3  -0.000134087
4  0.0009998
 **********
 **   19 **SET PRINT           2
 **********
 **********
 **   20 **SET NOGRAD
 **********
 PARAMETER DEFINITIONS:
    NO.   NAME         VALUE      STEP SIZE      LIMITS
     1 p0           5.58000e+05  1.67400e+05     no limits
     2 p1           5.65000e-01  1.69500e-01     no limits
     3 p2           0.00000e+00  3.00000e-01     no limits
     4 p3           9.99871e-04  2.99961e-04     no limits
 **********
 **   21 **SET ERR         0.5
 **********
 **********
 **   22 **SET PRINT           2
 **********
 **********
 **   23 **SET STR           1
 **********
 NOW USING STRATEGY  1: TRY TO BALANCE SPEED AGAINST RELIABILITY
 **********
 **   24 **MIGRAD        1480        0.01
 **********
 FIRST CALL TO USER FUNCTION AT NEW START POINT, WITH IFLAG=4.
 START MIGRAD MINIMIZATION.  STRATEGY  1.  CONVERGENCE WHEN EDM .LT. 1.00e-05
 FCN=17117.7 FROM MIGRAD    STATUS=INITIATE       18 CALLS          19 TOTAL
                     EDM= unknown      STRATEGY= 1      NO ERROR MATRIX       
  EXT PARAMETER               CURRENT GUESS       STEP         FIRST   
  NO.   NAME      VALUE            ERROR          SIZE      DERIVATIVE 
   1  p0           5.58000e+05   1.67400e+05   1.67400e+05  -3.60795e+01
   2  p1           5.65000e-01   1.69500e-01   1.69500e-01  -1.11998e+08
   3  p2           0.00000e+00   3.00000e-01   3.00000e-01   2.06478e+06
   4  p3           9.99871e-04   2.99961e-04   2.99961e-04  -9.93820e+08
                               ERR DEF= 0.5
NO ERROR MATRIX       
 FCN=1297.56 FROM MIGRAD    STATUS=PROGRESS       36 CALLS          37 TOTAL
                     EDM=3903.38    STRATEGY= 1      NO ERROR MATRIX       
  EXT PARAMETER               CURRENT GUESS       STEP         FIRST   
  NO.   NAME      VALUE            ERROR          SIZE      DERIVATIVE 
   1  p0           5.58353e+05   1.67400e+05   3.52795e+02  -2.50684e+00
   2  p1           5.65114e-01   1.69500e-01   1.13768e-04  -7.72397e+06
   3  p2          -2.33389e-03   3.00000e-01  -2.33389e-03  -4.74915e+05
   4  p3           1.00131e-03   2.99961e-04   1.44070e-06   4.92855e+08
                               ERR DEF= 0.5
 MIGRAD MINIMIZATION HAS CONVERGED.
 MIGRAD WILL VERIFY CONVERGENCE AND ERROR MATRIX.
   START COVARIANCE MATRIX CALCULATION.
 EIGENVALUES OF SECOND-DERIVATIVE MATRIX:
         1.3852e-03  4.0210e-01  8.7352e-01  2.7230e+00
 COVARIANCE MATRIX CALCULATED SUCCESSFULLY
 FCN=63.4636 FROM HESSE     STATUS=OK             29 CALLS          99 TOTAL
                     EDM=9.02422e-05    STRATEGY= 1      ERROR MATRIX ACCURATE 
  EXT PARAMETER                                   STEP         FIRST   
  NO.   NAME      VALUE            ERROR          SIZE      DERIVATIVE 
   1  p0           5.58475e+05   9.76245e+01   2.66301e-01   7.64745e-05
   2  p1           5.65153e-01   3.11750e-05   2.69486e-07  -2.25160e+02
   3  p2           2.88914e-05   7.69405e-05   3.05951e-07  -8.76021e+01
   4  p3           9.99810e-04   7.80283e-08   4.76747e-10   6.03252e+03
                               ERR DEF= 0.5
 PARAMETER  CORRELATION COEFFICIENTS  
       NO.  GLOBAL      1      2      3      4
        1  0.99863   1.000 -0.998  0.411  0.423
        2  0.99860  -0.998  1.000 -0.379 -0.424
        3  0.74110   0.411 -0.379  1.000  0.518
        4  0.62938   0.423 -0.424  0.518  1.000
 FCN=63.4627 FROM MIGRAD    STATUS=PROGRESS      112 CALLS         113 TOTAL
                     EDM=0.000775566    STRATEGY= 1      ERROR MATRIX ACCURATE 
  EXT PARAMETER                                   STEP         FIRST   
  NO.   NAME      VALUE            ERROR          SIZE      DERIVATIVE 
   1  p0           5.58462e+05   9.76245e+01  -1.28294e+01   4.47839e-04
   2  p1           5.65157e-01   3.11750e-05   4.16985e-06   9.49480e+02
   3  p2           2.95420e-05   7.69405e-05   6.50615e-07   2.22018e+02
   4  p3           9.99807e-04   7.80283e-08  -2.68164e-09  -6.03061e+05
                               ERR DEF= 0.5
 MINUIT WARNING IN MIGRAD  
 ============== Negative diagonal element 1 in Error Matrix
 MINUIT WARNING IN MIGRAD  
 ============== Negative diagonal element 2 in Error Matrix
 MINUIT WARNING IN MIGRAD  
 ============== 174649 added to diagonal of error matrix
 EIGENVALUES OF SECOND-DERIVATIVE MATRIX:
         9.9986e-01  1.0000e+00  1.0000e+00  1.0001e+00
 MIGRAD FAILS TO FIND IMPROVEMENT
 MIGRAD TERMINATED WITHOUT CONVERGENCE.
 FCN=63.4426 FROM MIGRAD    STATUS=FAILED        175 CALLS         176 TOTAL
                     EDM=1.27346e-05    STRATEGY= 1  ERROR MATRIX UNCERTAINTY 100.0 per cent
  EXT PARAMETER                APPROXIMATE        STEP         FIRST   
  NO.   NAME      VALUE            ERROR          SIZE      DERIVATIVE 
   1  p0           5.58155e+05   7.07107e-01   0.00000e+00  -6.81060e-05
   2  p1           5.65256e-01   2.95507e+02   0.00000e+00  -2.17435e+02
   3  p2           4.67857e-05   2.95507e+02   0.00000e+00  -1.00308e+01
   4  p3           9.99811e-04   2.95507e+02   0.00000e+00  -2.94746e+03
                               ERR DEF= 0.5
 EXTERNAL ERROR MATRIX.    NDIM=  25    NPAR=  4    ERR DEF=0.5
  5.000e-01  2.838e-02  8.833e-03 -4.559e-06 
  2.838e-02  8.732e+04 -2.810e-09  1.443e-12 
  8.833e-03 -2.810e-09  8.732e+04  1.447e-12 
 -4.559e-06  1.443e-12  1.447e-12  8.732e+04 
ERR MATRIX APPROXIMATE
 PARAMETER  CORRELATION COEFFICIENTS  
       NO.  GLOBAL      1      2      3      4
        1  0.00014   1.000  0.000  0.000 -0.000
        2  0.00014   0.000  1.000 -0.000  0.000
        3  0.00004   0.000 -0.000  1.000  0.000
        4  0.00000  -0.000  0.000  0.000  1.000
 ERR MATRIX APPROXIMATE
 FCN=63.4426 FROM MIGRAD    STATUS=FAILED        175 CALLS         176 TOTAL
                     EDM=1.27346e-05    STRATEGY= 1  ERROR MATRIX UNCERTAINTY 100.0 per cent
  EXT PARAMETER                  PARABOLIC         MINOS ERRORS        
  NO.   NAME      VALUE            ERROR      NEGATIVE      POSITIVE   
   1  p0           5.58155e+05   7.07107e-01                            
   2  p1           5.65256e-01   2.95507e+02                            
   3  p2           4.67857e-05   2.95507e+02                            
   4  p3           9.99811e-04   2.95507e+02                            
                               ERR DEF= 0.5
 **********
 **   25 **SET PRINT           2
 **********
 **********
 **   26 **SET NOGRAD
 **********
 PARAMETER DEFINITIONS:
    NO.   NAME         VALUE      STEP SIZE      LIMITS
     1 p0           5.58155e+05  7.07107e-01     no limits
     2 p1           5.65256e-01  2.95507e+02     no limits
     3 p2           4.67857e-05  2.95507e+02     no limits
     4 p3           9.99811e-04  2.95507e+02     no limits
 **********
 **   27 **SET ERR         0.5
 **********
 **********
 **   28 **SET PRINT           2
 **********
 **********
 **   29 **SET STR           1
 **********
 NOW USING STRATEGY  1: TRY TO BALANCE SPEED AGAINST RELIABILITY
 **********
 **   30 **MIGRAD        1480        0.01
 **********
 FIRST CALL TO USER FUNCTION AT NEW START POINT, WITH IFLAG=4.
 START MIGRAD MINIMIZATION.  STRATEGY  1.  CONVERGENCE WHEN EDM .LT. 1.00e-05
 FCN=63.4426 FROM MIGRAD    STATUS=INITIATE       20 CALLS          21 TOTAL
                     EDM= unknown      STRATEGY= 1      NO ERROR MATRIX       
  EXT PARAMETER               CURRENT GUESS       STEP         FIRST   
  NO.   NAME      VALUE            ERROR          SIZE      DERIVATIVE 
   1  p0           5.58155e+05   7.07107e-01   7.07107e-01  -6.81060e-05
   2  p1           5.65256e-01   2.95507e+02   2.95507e+02   1.90717e+09
   3  p2           4.67857e-05   2.95507e+02   2.95507e+02   3.86540e+04
   4  p3           9.99811e-04   2.95507e+02   2.95507e+02  -7.92942e+13
                               ERR DEF= 0.5
NO ERROR MATRIX       
 MIGRAD FAILS TO FIND IMPROVEMENT
   START COVARIANCE MATRIX CALCULATION.
 EIGENVALUES OF SECOND-DERIVATIVE MATRIX:
        -2.0314e-01  5.0256e-01  9.9901e-01  2.7016e+00
 MINUIT WARNING IN HESSE   
 ============== MATRIX FORCED POS-DEF BY ADDING 0.205844 TO DIAGONAL.
 FCN=63.4426 FROM HESSE     STATUS=NOT POSDEF     31 CALLS          63 TOTAL
                     EDM=4.70866e-06    STRATEGY= 1      ERR MATRIX NOT POS-DEF
  EXT PARAMETER                APPROXIMATE        STEP         FIRST   
  NO.   NAME      VALUE            ERROR          SIZE      DERIVATIVE 
   1  p0           5.58155e+05   6.78673e+01   2.66149e-01  -7.20237e-05
   2  p1           5.65256e-01   4.70117e-06   2.95507e-02  -2.23905e+02
   3  p2           4.67857e-05   8.80193e-05   2.95507e-02  -1.45265e+01
   4  p3           9.99811e-04   1.24412e-08   2.95507e-02  -6.68207e+03
                               ERR DEF= 0.5
 PARAMETER  CORRELATION COEFFICIENTS  
       NO.  GLOBAL      1      2      3      4
        1  0.99764   1.000 -0.997 -0.715 -0.084
        2  0.99785  -0.997  1.000  0.744  0.083
        3  0.81863  -0.715  0.744  1.000  0.068
        4  0.08667  -0.084  0.083  0.068  1.000
 ERR MATRIX NOT POS-DEF
 FCN=63.4426 FROM MIGRAD    STATUS=PROGRESS       75 CALLS          76 TOTAL
                     EDM=4.75885e-06    STRATEGY= 1      ERR MATRIX NOT POS-DEF
  EXT PARAMETER                APPROXIMATE        STEP         FIRST   
  NO.   NAME      VALUE            ERROR          SIZE      DERIVATIVE 
   1  p0           5.58155e+05   6.78673e+01   7.73756e-05  -6.75286e-05
   2  p1           5.65256e-01   4.70117e-06  -5.25566e-12  -2.06992e+02
   3  p2           4.67857e-05   8.80193e-05  -4.90071e-11  -9.32249e+00
   4  p3           9.99811e-04   1.24412e-08  -7.47863e-16  -5.53329e+03
                               ERR DEF= 0.5
 MIGRAD FAILS TO FIND IMPROVEMENT
 MIGRAD MINIMIZATION HAS CONVERGED.
 MIGRAD WILL VERIFY CONVERGENCE AND ERROR MATRIX.
   START COVARIANCE MATRIX CALCULATION.
 EIGENVALUES OF SECOND-DERIVATIVE MATRIX:
         2.1608e-03  4.1386e-01  8.8664e-01  2.6973e+00
 COVARIANCE MATRIX CALCULATED SUCCESSFULLY
 MIGRAD TERMINATED WITHOUT CONVERGENCE.
 FCN=63.4426 FROM MIGRAD    STATUS=FAILED        108 CALLS         109 TOTAL
                     EDM=2.81415e-05    STRATEGY= 1      ERR MATRIX APPROXIMATE
  EXT PARAMETER                APPROXIMATE        STEP         FIRST   
  NO.   NAME      VALUE            ERROR          SIZE      DERIVATIVE 
   1  p0           5.58155e+05   7.79402e+01   2.66149e-01  -6.27694e-05
   2  p1           5.65256e-01   2.50345e-05   2.69535e-07  -1.97147e+02
   3  p2           4.67857e-05   6.90753e-05   3.06521e-07  -7.08666e+01
   4  p3           9.99811e-04   7.48818e-08   4.76747e-10  -6.07908e+03
                               ERR DEF= 0.5
 EXTERNAL ERROR MATRIX.    NDIM=  25    NPAR=  4    ERR DEF=0.5
  6.075e+03 -1.945e-03  1.407e-03  1.846e-06 
 -1.945e-03  6.267e-10 -3.856e-10 -5.991e-13 
  1.407e-03 -3.856e-10  4.771e-09  2.437e-12 
  1.846e-06 -5.991e-13  2.437e-12  5.607e-15 
ERR MATRIX APPROXIMATE
 PARAMETER  CORRELATION COEFFICIENTS  
       NO.  GLOBAL      1      2      3      4
        1  0.99785   1.000 -0.997  0.261  0.316
        2  0.99783  -0.997  1.000 -0.223 -0.320
        3  0.69234   0.261 -0.223  1.000  0.471
        4  0.58579   0.316 -0.320  0.471  1.000
 ERR MATRIX APPROXIMATE
 FCN=63.4426 FROM MIGRAD    STATUS=FAILED        108 CALLS         109 TOTAL
                     EDM=2.81415e-05    STRATEGY= 1      ERR MATRIX APPROXIMATE
  EXT PARAMETER                  PARABOLIC         MINOS ERRORS        
  NO.   NAME      VALUE            ERROR      NEGATIVE      POSITIVE   
   1  p0           5.58155e+05   7.79402e+01                            
   2  p1           5.65256e-01   2.50345e-05                            
   3  p2           4.67857e-05   6.90753e-05                            
   4  p3           9.99811e-04   7.48818e-08                            
                               ERR DEF= 0.5
 **********
 **   31 **SET PRINT           2
 **********
 **********
 **   32 **SET NOGRAD
 **********
 PARAMETER DEFINITIONS:
    NO.   NAME         VALUE      STEP SIZE      LIMITS
     1 p0           5.58155e+05  7.79402e+01     no limits
     2 p1           5.65256e-01  2.50345e-05     no limits
     3 p2           4.67857e-05  6.90753e-05     no limits
     4 p3           9.99811e-04  7.48818e-08     no limits
 **********
 **   33 **SET ERR         0.5
 **********
 **********
 **   34 **SET PRINT           2
 **********
 **********
 **   35 **SET STR           1
 **********
 NOW USING STRATEGY  1: TRY TO BALANCE SPEED AGAINST RELIABILITY
 **********
 **   36 **MIGRAD        1480        0.01
 **********
 FIRST CALL TO USER FUNCTION AT NEW START POINT, WITH IFLAG=4.
 START MIGRAD MINIMIZATION.  STRATEGY  1.  CONVERGENCE WHEN EDM .LT. 1.00e-05
 FCN=63.4426 FROM MIGRAD    STATUS=INITIATE       14 CALLS          15 TOTAL
                     EDM= unknown      STRATEGY= 1      NO ERROR MATRIX       
  EXT PARAMETER               CURRENT GUESS       STEP         FIRST   
  NO.   NAME      VALUE            ERROR          SIZE      DERIVATIVE 
   1  p0           5.58155e+05   7.79402e+01   7.79402e+01  -6.75286e-05
   2  p1           5.65256e-01   2.50345e-05   2.50345e-05  -2.06992e+02
   3  p2           4.67857e-05   6.90753e-05   6.90753e-05  -1.05803e+01
   4  p3           9.99811e-04   7.48818e-08   7.48818e-08  -5.53329e+03
                               ERR DEF= 0.5
NO ERROR MATRIX       
 MIGRAD FAILS TO FIND IMPROVEMENT
   START COVARIANCE MATRIX CALCULATION.
 EIGENVALUES OF SECOND-DERIVATIVE MATRIX:
         2.0907e-03  4.0398e-01  9.0745e-01  2.6865e+00
 COVARIANCE MATRIX CALCULATED SUCCESSFULLY
 FCN=63.4426 FROM HESSE     STATUS=OK             29 CALLS          48 TOTAL
                     EDM=1.32749e-06    STRATEGY= 1      ERROR MATRIX ACCURATE 
  EXT PARAMETER                                   STEP         FIRST   
  NO.   NAME      VALUE            ERROR          SIZE      DERIVATIVE 
   1  p0           5.58155e+05   7.92857e+01   2.66149e-01  -6.27694e-05
   2  p1           5.65256e-01   2.54272e-05   2.69535e-07  -1.97147e+02
   3  p2           4.67857e-05   6.81196e-05   2.99717e-07  -1.71455e+01
   4  p3           9.99811e-04   7.70340e-08   4.76747e-10  -6.07908e+03
                               ERR DEF= 0.5
 PARAMETER  CORRELATION COEFFICIENTS  
       NO.  GLOBAL      1      2      3      4
        1  0.99792   1.000 -0.997  0.316  0.347
        2  0.99790  -0.997  1.000 -0.281 -0.350
        3  0.70621   0.316 -0.281  1.000  0.515
        4  0.61590   0.347 -0.350  0.515  1.000
 FCN=63.4426 FROM MIGRAD    STATUS=PROGRESS       64 CALLS          65 TOTAL
                     EDM=5.35586e-08    STRATEGY= 1      ERROR MATRIX ACCURATE 
  EXT PARAMETER                                   STEP         FIRST   
  NO.   NAME      VALUE            ERROR          SIZE      DERIVATIVE 
   1  p0           5.58155e+05   7.92857e+01   4.04441e-02   4.72576e-07
   2  p1           5.65256e-01   2.54272e-05  -1.12036e-08   1.16571e+01
   3  p2           4.68928e-05   6.81196e-05   1.07112e-07  -2.31572e+00
   4  p3           9.99811e-04   7.70340e-08   8.03716e-11   4.16236e+03
                               ERR DEF= 0.5
 MIGRAD MINIMIZATION HAS CONVERGED.
 FCN=63.4426 FROM MIGRAD    STATUS=CONVERGED      64 CALLS          65 TOTAL
                     EDM=5.35586e-08    STRATEGY= 1  ERROR MATRIX UNCERTAINTY   1.5 per cent
  EXT PARAMETER                                   STEP         FIRST   
  NO.   NAME      VALUE            ERROR          SIZE      DERIVATIVE 
   1  p0           5.58155e+05   8.17329e+01   4.04441e-02   4.72576e-07
   2  p1           5.65256e-01   2.60660e-05  -1.12036e-08   1.16571e+01
   3  p2           4.68928e-05   7.14864e-05   1.07112e-07  -2.31572e+00
   4  p3           9.99811e-04   7.26700e-08   8.03716e-11   4.16236e+03
                               ERR DEF= 0.5
 EXTERNAL ERROR MATRIX.    NDIM=  25    NPAR=  4    ERR DEF=0.5
  6.680e+03 -2.124e-03  2.410e-03  2.514e-06 
 -2.124e-03  6.794e-10 -7.023e-10 -8.128e-13 
  2.410e-03 -7.023e-10  5.110e-09  2.495e-12 
  2.514e-06 -8.128e-13  2.495e-12  5.281e-15 
 PARAMETER  CORRELATION COEFFICIENTS  
       NO.  GLOBAL      1      2      3      4
        1  0.99805   1.000 -0.997  0.413  0.423
        2  0.99801  -0.997  1.000 -0.377 -0.429
        3  0.71858   0.413 -0.377  1.000  0.480
        4  0.61459   0.423 -0.429  0.480  1.000
 EXTERNAL ERROR MATRIX.    NDIM=   4    NPAR=  4    ERR DEF=0.5
  6.680e+03 -2.124e-03  2.410e-03  2.514e-06 
 -2.124e-03  6.794e-10 -7.023e-10 -8.128e-13 
  2.410e-03 -7.023e-10  5.110e-09  2.495e-12 
  2.514e-06 -8.128e-13  2.495e-12  5.281e-15 
 FCN=63.4426 FROM MIGRAD    STATUS=CONVERGED      64 CALLS          65 TOTAL
                     EDM=5.35586e-08    STRATEGY= 1  ERROR MATRIX UNCERTAINTY   1.5 per cent
  EXT PARAMETER                  PARABOLIC         MINOS ERRORS        
  NO.   NAME      VALUE            ERROR      NEGATIVE      POSITIVE   
   1  p0           5.58155e+05   8.17329e+01                            
   2  p1           5.65256e-01   2.60660e-05                            
   3  p2           4.68928e-05   7.14864e-05                            
   4  p3           9.99811e-04   7.26700e-08                            
                               ERR DEF= 0.5
------------------------------------------
Enering ROOFIt-------
 PARAMETER DEFINITIONS:
    NO.   NAME         VALUE      STEP SIZE      LIMITS
     1 norm         5.58155e+05  1.00000e-01     no limits
     2 Q            5.65000e-01  1.00000e-01     no limits
     3 theta        0.00000e+00  1.00000e-01     no limits
     4 pileup       9.99811e-04  1.00000e-01     no limits
 **********
 **    1 **MIGRAD
 **********
 FIRST CALL TO USER FUNCTION AT NEW START POINT, WITH IFLAG=4.
 START MIGRAD MINIMIZATION.  STRATEGY  1.  CONVERGENCE WHEN EDM .LT. 1.00e-04
 FCN=-2.37858e+11 FROM MIGRAD    STATUS=INITIATE       16 CALLS          17 TOTAL
                     EDM= unknown      STRATEGY= 1      NO ERROR MATRIX       
  EXT PARAMETER               CURRENT GUESS       STEP         FIRST   
  NO.   NAME      VALUE            ERROR          SIZE      DERIVATIVE 
   1  norm         5.58155e+05   1.00000e-01   1.00000e-01  -3.02113e+01
   2  Q            5.65000e-01   1.00000e-01   1.00000e-01  -4.54895e+08
   3  theta        0.00000e+00   1.00000e-01   1.00000e-01   1.74940e+06
   4  pileup       9.99811e-04   1.00000e-01   1.00000e-01  -9.19126e+11
 MIGRAD FAILS TO FIND IMPROVEMENT
 MACHINE ACCURACY LIMITS FURTHER IMPROVEMENT.
 MIGRAD MINIMIZATION HAS CONVERGED.
 FCN=-2.37858e+11 FROM MIGRAD    STATUS=CONVERGED     295 CALLS         296 TOTAL
                     EDM=0.129462    STRATEGY= 1  ERROR MATRIX UNCERTAINTY   4.1 per cent
  EXT PARAMETER                                   STEP         FIRST   
  NO.   NAME      VALUE            ERROR          SIZE      DERIVATIVE 
   1  norm         5.58942e+05   9.05562e+00  -0.00000e+00   1.66505e-02
   2  Q            5.65002e-01   1.57987e-10  -0.00000e+00   1.20836e+08
   3  theta       -4.06994e-06   1.00452e-04  -0.00000e+00   3.82507e+03
   4  pileup       9.99869e-04   3.33501e-08   0.00000e+00  -1.17805e+07
 EXTERNAL ERROR MATRIX.    NDIM=  25    NPAR=  4    ERR DEF=1
  8.200e+01  3.145e-11  5.446e-04  4.807e-08 
  3.145e-11 -2.496e-20  4.156e-16 -1.260e-19 
  5.446e-04  4.156e-16  1.009e-08  1.163e-12 
  4.807e-08 -1.260e-19  1.163e-12  1.112e-15 
 PARAMETER  CORRELATION COEFFICIENTS  
       NO.  GLOBAL      1      2      3      4
        1  0.00000   1.000  0.022  0.599  0.159
        2  0.00000   0.022 -1.000  0.026 -0.024
        3  0.00000   0.599  0.026  1.000  0.347
        4  0.00000   0.159 -0.024  0.347  1.000
 **********
 **    2 **MIGRAD 
 **********
 START MIGRAD MINIMIZATION.  STRATEGY  1.  CONVERGENCE WHEN EDM .LT. 1.00e-04
 FCN=-2.37858e+11 FROM MIGRAD    STATUS=INITIATE       12 CALLS         308 TOTAL
                     EDM=0.0759393    STRATEGY= 1  ERROR MATRIX UNCERTAINTY   4.1 per cent
  EXT PARAMETER                                   STEP         FIRST   
  NO.   NAME      VALUE            ERROR          SIZE      DERIVATIVE 
   1  norm         5.58942e+05   9.05562e+00  -0.00000e+00   1.66505e-02
   2  Q            5.65002e-01   1.57987e-10  -0.00000e+00   2.52915e+05
   3  theta       -4.06994e-06   1.00452e-04  -0.00000e+00   3.82507e+03
   4  pileup       9.99869e-04   3.33501e-08   0.00000e+00  -1.17805e+07
 MIGRAD FAILS TO FIND IMPROVEMENT
 MACHINE ACCURACY LIMITS FURTHER IMPROVEMENT.
 MIGRAD MINIMIZATION HAS CONVERGED.
 FCN=-2.37858e+11 FROM MIGRAD    STATUS=CONVERGED      23 CALLS         319 TOTAL
                     EDM=0.0759393    STRATEGY= 1  ERROR MATRIX UNCERTAINTY   4.1 per cent
  EXT PARAMETER                                   STEP         FIRST   
  NO.   NAME      VALUE            ERROR          SIZE      DERIVATIVE 
   1  norm         5.58942e+05   9.05562e+00  -0.00000e+00   1.66505e-02
   2  Q            5.65002e-01   1.57987e-10  -0.00000e+00   2.52915e+05
   3  theta       -4.06994e-06   1.00452e-04  -0.00000e+00   3.82507e+03
   4  pileup       9.99869e-04   3.33501e-08   0.00000e+00  -1.17805e+07
 EXTERNAL ERROR MATRIX.    NDIM=  25    NPAR=  4    ERR DEF=1
  8.200e+01  3.145e-11  5.446e-04  4.807e-08 
  3.145e-11 -2.496e-20  4.156e-16 -1.260e-19 
  5.446e-04  4.156e-16  1.009e-08  1.163e-12 
  4.807e-08 -1.260e-19  1.163e-12  1.112e-15 
 PARAMETER  CORRELATION COEFFICIENTS  
       NO.  GLOBAL      1      2      3      4
        1  0.00000   1.000  0.022  0.599  0.159
        2  0.00000   0.022 -1.000  0.026 -0.024
        3  0.00000   0.599  0.026  1.000  0.347
        4  0.00000   0.159 -0.024  0.347  1.000
status of the fit-----000------0
1  558942
2  0.565002
3  -4.06994e-06
4  0.000999869
 **********
 **   37 **SET PRINT           2
 **********
 **********
 **   38 **SET NOGRAD
 **********
 PARAMETER DEFINITIONS:
    NO.   NAME         VALUE      STEP SIZE      LIMITS
     1 p0           5.58000e+05  1.67400e+05     no limits
     2 p1           5.65000e-01  1.69500e-01     no limits
     3 p2           0.00000e+00  3.00000e-01     no limits
     4 p3           9.99871e-04  2.99961e-04     no limits
 **********
 **   39 **SET ERR         0.5
 **********
 **********
 **   40 **SET PRINT           2
 **********
 **********
 **   41 **SET STR           1
 **********
 NOW USING STRATEGY  1: TRY TO BALANCE SPEED AGAINST RELIABILITY
 **********
 **   42 **MIGRAD        1480        0.01
 **********
 FIRST CALL TO USER FUNCTION AT NEW START POINT, WITH IFLAG=4.
 START MIGRAD MINIMIZATION.  STRATEGY  1.  CONVERGENCE WHEN EDM .LT. 1.00e-05
 FCN=17250.5 FROM MIGRAD    STATUS=INITIATE       18 CALLS          19 TOTAL
                     EDM= unknown      STRATEGY= 1      NO ERROR MATRIX       
  EXT PARAMETER               CURRENT GUESS       STEP         FIRST   
  NO.   NAME      VALUE            ERROR          SIZE      DERIVATIVE 
   1  p0           5.58000e+05   1.67400e+05   1.67400e+05  -3.62158e+01
   2  p1           5.65000e-01   1.69500e-01   1.69500e-01  -1.12419e+08
   3  p2           0.00000e+00   3.00000e-01   3.00000e-01   2.08052e+06
   4  p3           9.99871e-04   2.99961e-04   2.99961e-04  -1.00822e+09
                               ERR DEF= 0.5
NO ERROR MATRIX       
 FCN=1288.73 FROM MIGRAD    STATUS=PROGRESS       36 CALLS          37 TOTAL
                     EDM=3852.59    STRATEGY= 1      NO ERROR MATRIX       
  EXT PARAMETER               CURRENT GUESS       STEP         FIRST   
  NO.   NAME      VALUE            ERROR          SIZE      DERIVATIVE 
   1  p0           5.58354e+05   1.67400e+05   3.53873e+02  -2.50490e+00
   2  p1           5.65114e-01   1.69500e-01   1.14114e-04  -7.71461e+06
   3  p2          -2.34995e-03   3.00000e-01  -2.34995e-03  -4.72290e+05
   4  p3           1.00133e-03   2.99961e-04   1.46048e-06   4.88343e+08
                               ERR DEF= 0.5
 FCN=67.1034 FROM MIGRAD    STATUS=PROGRESS      151 CALLS         152 TOTAL
                     EDM=0.0399983    STRATEGY= 1  ERROR MATRIX UNCERTAINTY  66.0 per cent
  EXT PARAMETER                APPROXIMATE        STEP         FIRST   
  NO.   NAME      VALUE            ERROR          SIZE      DERIVATIVE 
   1  p0           5.60498e+05   6.23186e+02   4.80331e+00  -1.85965e-02
   2  p1           5.64501e-01   1.98929e-04  -1.53068e-06  -5.75585e+04
   3  p2          -1.08885e-04   6.86922e-05   7.95326e-08   2.18884e+02
   4  p3           9.99838e-04   7.24177e-08   1.88955e-10  -7.93080e+05
                               ERR DEF= 0.5
 MINUIT WARNING IN MIGRAD  
 ============== Negative diagonal element 1 in Error Matrix
 MINUIT WARNING IN MIGRAD  
 ============== Negative diagonal element 2 in Error Matrix
 MINUIT WARNING IN MIGRAD  
 ============== 199970 added to diagonal of error matrix
 EIGENVALUES OF SECOND-DERIVATIVE MATRIX:
         9.9986e-01  1.0000e+00  1.0000e+00  1.0001e+00
 MIGRAD FAILS TO FIND IMPROVEMENT
   START COVARIANCE MATRIX CALCULATION.
 EIGENVALUES OF SECOND-DERIVATIVE MATRIX:
        -7.9917e-04  3.7656e-01  8.5972e-01  2.7645e+00
 MINUIT WARNING IN HESSE   
 ============== MATRIX FORCED POS-DEF BY ADDING 0.003564 TO DIAGONAL.
 FCN=67.1027 FROM HESSE     STATUS=NOT POSDEF     25 CALLS         199 TOTAL
                     EDM=0.00700191    STRATEGY= 1      ERR MATRIX NOT POS-DEF
  EXT PARAMETER                APPROXIMATE        STEP         FIRST   
  NO.   NAME      VALUE            ERROR          SIZE      DERIVATIVE 
   1  p0           5.60500e+05   6.89823e+01   2.67267e-01  -1.80933e-02
   2  p1           5.64500e-01   2.22494e-05   2.69175e-07  -5.59470e+04
   3  p2          -1.08871e-04   7.51712e-05   3.06187e-07   2.14029e+02
   4  p3           9.99838e-04   7.33795e-08   4.76760e-10  -7.67259e+05
                               ERR DEF= 0.5
 PARAMETER  CORRELATION COEFFICIENTS  
       NO.  GLOBAL      1      2      3      4
        1  0.99723   1.000 -0.996 -0.074 -0.014
        2  0.99726  -0.996  1.000  0.124  0.012
        3  0.70537  -0.074  0.124  1.000  0.439
        4  0.53410  -0.014  0.012  0.439  1.000
 ERR MATRIX NOT POS-DEF
 FCN=67.0956 FROM MIGRAD    STATUS=PROGRESS      207 CALLS         208 TOTAL
                     EDM=5.46961e-05    STRATEGY= 1      ERR MATRIX NOT POS-DEF
  EXT PARAMETER                APPROXIMATE        STEP         FIRST   
  NO.   NAME      VALUE            ERROR          SIZE      DERIVATIVE 
   1  p0           5.60501e+05   6.89823e+01   6.33782e-01  -1.28463e-04
   2  p1           5.64500e-01   2.22494e-05   1.82411e-08   6.85052e+01
   3  p2          -1.03546e-04   7.51712e-05   5.32488e-06  -3.54437e+01
   4  p3           9.99842e-04   7.33795e-08   3.46139e-09   9.78687e+03
                               ERR DEF= 0.5
 MIGRAD FAILS TO FIND IMPROVEMENT
 MIGRAD TERMINATED WITHOUT CONVERGENCE.
 FCN=67.0952 FROM MIGRAD    STATUS=FAILED        230 CALLS         231 TOTAL
                     EDM=6.96044    STRATEGY= 1      ERR MATRIX NOT POS-DEF
  EXT PARAMETER                APPROXIMATE        STEP         FIRST   
  NO.   NAME      VALUE            ERROR          SIZE      DERIVATIVE 
   1  p0           5.60505e+05   1.03861e+01  -0.00000e+00   7.55367e-04
   2  p1           5.64499e-01   2.59855e-06   0.00000e+00  -1.65088e+05
   3  p2          -1.02762e-04   7.54706e-05  -0.00000e+00   9.21446e+01
   4  p3           9.99842e-04   7.33862e-08  -0.00000e+00   9.31809e+03
                               ERR DEF= 0.5
 EXTERNAL ERROR MATRIX.    NDIM=  25    NPAR=  4    ERR DEF=0.5
  1.079e+02 -2.102e-05  2.659e-04 -7.005e-09 
 -2.102e-05  6.752e-12  1.074e-12  3.232e-16 
  2.659e-04  1.074e-12  5.696e-09  2.458e-12 
 -7.005e-09  3.232e-16  2.458e-12  5.386e-15 
ERR MATRIX NOT POS-DEF
 PARAMETER  CORRELATION COEFFICIENTS  
       NO.  GLOBAL      1      2      3      4
        1  0.86973   1.000 -0.779  0.339 -0.009
        2  0.84527  -0.779  1.000  0.005  0.002
        3  0.70927   0.339  0.005  1.000  0.444
        4  0.53884  -0.009  0.002  0.444  1.000
 ERR MATRIX NOT POS-DEF
 FCN=67.0952 FROM MIGRAD    STATUS=FAILED        230 CALLS         231 TOTAL
                     EDM=6.96044    STRATEGY= 1      ERR MATRIX NOT POS-DEF
  EXT PARAMETER                  PARABOLIC         MINOS ERRORS        
  NO.   NAME      VALUE            ERROR      NEGATIVE      POSITIVE   
   1  p0           5.60505e+05   1.03861e+01                            
   2  p1           5.64499e-01   2.59855e-06                            
   3  p2          -1.02762e-04   7.54706e-05                            
   4  p3           9.99842e-04   7.33862e-08                            
                               ERR DEF= 0.5
 **********
 **   43 **SET PRINT           2
 **********
 **********
 **   44 **SET NOGRAD
 **********
 PARAMETER DEFINITIONS:
    NO.   NAME         VALUE      STEP SIZE      LIMITS
     1 p0           5.60505e+05  1.03861e+01     no limits
     2 p1           5.64499e-01  2.59855e-06     no limits
     3 p2          -1.02762e-04  7.54706e-05     no limits
     4 p3           9.99842e-04  7.33862e-08     no limits
 **********
 **   45 **SET ERR         0.5
 **********
 **********
 **   46 **SET PRINT           2
 **********
 **********
 **   47 **SET STR           1
 **********
 NOW USING STRATEGY  1: TRY TO BALANCE SPEED AGAINST RELIABILITY
 **********
 **   48 **MIGRAD        1480        0.01
 **********
 FIRST CALL TO USER FUNCTION AT NEW START POINT, WITH IFLAG=4.
 START MIGRAD MINIMIZATION.  STRATEGY  1.  CONVERGENCE WHEN EDM .LT. 1.00e-05
 FCN=67.0952 FROM MIGRAD    STATUS=INITIATE       12 CALLS          13 TOTAL
                     EDM= unknown      STRATEGY= 1      NO ERROR MATRIX       
  EXT PARAMETER               CURRENT GUESS       STEP         FIRST   
  NO.   NAME      VALUE            ERROR          SIZE      DERIVATIVE 
   1  p0           5.60505e+05   1.03861e+01   1.03861e+01   7.55367e-04
   2  p1           5.64499e-01   2.59855e-06   2.59855e-06  -1.65088e+05
   3  p2          -1.02762e-04   7.54706e-05   7.54706e-05   9.21089e+01
   4  p3           9.99842e-04   7.33862e-08   7.33862e-08   9.31809e+03
                               ERR DEF= 0.5
NO ERROR MATRIX       
 MIGRAD FAILS TO FIND IMPROVEMENT
   START COVARIANCE MATRIX CALCULATION.
 EIGENVALUES OF SECOND-DERIVATIVE MATRIX:
         2.9247e-01  5.3146e-01  9.3113e-01  2.2449e+00
 COVARIANCE MATRIX CALCULATED SUCCESSFULLY
 FCN=67.0952 FROM HESSE     STATUS=OK             29 CALLS          53 TOTAL
                     EDM=0.0433594    STRATEGY= 1      ERROR MATRIX ACCURATE 
  EXT PARAMETER                                   STEP         FIRST   
  NO.   NAME      VALUE            ERROR          SIZE      DERIVATIVE 
   1  p0           5.60505e+05   7.10179e+00   2.67269e-01   7.64669e-04
   2  p1           5.64499e-01   8.95697e-07   2.69174e-07  -3.26205e+05
   3  p2          -1.02762e-04   7.86450e-05   3.03373e-07   7.86885e+01
   4  p3           9.99842e-04   7.21084e-08   4.76762e-10   1.71263e+04
                               ERR DEF= 0.5
 PARAMETER  CORRELATION COEFFICIENTS  
       NO.  GLOBAL      1      2      3      4
        1  0.69035   1.000 -0.392  0.515  0.050
        2  0.47781  -0.392  1.000  0.002 -0.002
        3  0.73008   0.515  0.002  1.000  0.497
        4  0.56642   0.050 -0.002  0.497  1.000
 FCN=67.0952 FROM MIGRAD    STATUS=PROGRESS       66 CALLS          67 TOTAL
                     EDM=0.0113832    STRATEGY= 1      ERROR MATRIX ACCURATE 
  EXT PARAMETER                                   STEP         FIRST   
  NO.   NAME      VALUE            ERROR          SIZE      DERIVATIVE 
   1  p0           5.60504e+05   7.10179e+00  -4.36895e-01   3.76230e-04
   2  p1           5.64499e-01   8.95697e-07   1.31757e-07  -1.67196e+05
   3  p2          -1.03117e-04   7.86450e-05  -3.54374e-07   4.81092e+01
   4  p3           9.99842e-04   7.21084e-08  -1.90079e-10  -1.31829e+04
                               ERR DEF= 0.5
 MIGRAD FAILS TO FIND IMPROVEMENT
 MIGRAD TERMINATED WITHOUT CONVERGENCE.
 FCN=67.0952 FROM MIGRAD    STATUS=FAILED         92 CALLS          93 TOTAL
                     EDM=0.0117083    STRATEGY= 1  ERROR MATRIX UNCERTAINTY  23.5 per cent
  EXT PARAMETER                APPROXIMATE        STEP         FIRST   
  NO.   NAME      VALUE            ERROR          SIZE      DERIVATIVE 
   1  p0           5.60504e+05   2.97096e+01  -0.00000e+00   3.61380e-04
   2  p1           5.64499e-01   9.32146e-06   0.00000e+00  -1.67190e+05
   3  p2          -1.03127e-04   7.73164e-05  -0.00000e+00   4.62576e+01
   4  p3           9.99842e-04   7.22189e-08  -0.00000e+00  -1.07348e+04
                               ERR DEF= 0.5
 EXTERNAL ERROR MATRIX.    NDIM=  25    NPAR=  4    ERR DEF=0.5
  8.827e+02 -2.708e-04  4.476e-04  4.447e-07 
 -2.708e-04  8.689e-11 -6.127e-11 -1.264e-13 
  4.476e-04 -6.127e-11  5.978e-09  3.112e-12 
  4.447e-07 -1.264e-13  3.112e-12  5.216e-15 
ERR MATRIX APPROXIMATE
 PARAMETER  CORRELATION COEFFICIENTS  
       NO.  GLOBAL      1      2      3      4
        1  0.98527   1.000 -0.978  0.195  0.207
        2  0.98501  -0.978  1.000 -0.085 -0.188
        3  0.73120   0.195 -0.085  1.000  0.557
        4  0.61208   0.207 -0.188  0.557  1.000
 ERR MATRIX APPROXIMATE
 FCN=67.0952 FROM MIGRAD    STATUS=FAILED         92 CALLS          93 TOTAL
                     EDM=0.0117083    STRATEGY= 1  ERROR MATRIX UNCERTAINTY  23.5 per cent
  EXT PARAMETER                  PARABOLIC         MINOS ERRORS        
  NO.   NAME      VALUE            ERROR      NEGATIVE      POSITIVE   
   1  p0           5.60504e+05   2.97096e+01                            
   2  p1           5.64499e-01   9.32146e-06                            
   3  p2          -1.03127e-04   7.73164e-05                            
   4  p3           9.99842e-04   7.22189e-08                            
                               ERR DEF= 0.5
 **********
 **   49 **SET PRINT           2
 **********
 **********
 **   50 **SET NOGRAD
 **********
 PARAMETER DEFINITIONS:
    NO.   NAME         VALUE      STEP SIZE      LIMITS
     1 p0           5.60504e+05  2.97096e+01     no limits
     2 p1           5.64499e-01  9.32146e-06     no limits
     3 p2          -1.03127e-04  7.73164e-05     no limits
     4 p3           9.99842e-04  7.22189e-08     no limits
 **********
 **   51 **SET ERR         0.5
 **********
 **********
 **   52 **SET PRINT           2
 **********
 **********
 **   53 **SET STR           1
 **********
 NOW USING STRATEGY  1: TRY TO BALANCE SPEED AGAINST RELIABILITY
 **********
 **   54 **MIGRAD        1480        0.01
 **********
 FIRST CALL TO USER FUNCTION AT NEW START POINT, WITH IFLAG=4.
 START MIGRAD MINIMIZATION.  STRATEGY  1.  CONVERGENCE WHEN EDM .LT. 1.00e-05
 FCN=67.0952 FROM MIGRAD    STATUS=INITIATE       12 CALLS          13 TOTAL
                     EDM= unknown      STRATEGY= 1      NO ERROR MATRIX       
  EXT PARAMETER               CURRENT GUESS       STEP         FIRST   
  NO.   NAME      VALUE            ERROR          SIZE      DERIVATIVE 
   1  p0           5.60504e+05   2.97096e+01   2.97096e+01   3.65468e-04
   2  p1           5.64499e-01   9.32146e-06   9.32146e-06  -1.67190e+05
   3  p2          -1.03127e-04   7.73164e-05   7.73164e-05   5.08291e+01
   4  p3           9.99842e-04   7.22189e-08   7.22189e-08  -1.07348e+04
                               ERR DEF= 0.5
NO ERROR MATRIX       
 MIGRAD FAILS TO FIND IMPROVEMENT
   START COVARIANCE MATRIX CALCULATION.
 EIGENVALUES OF SECOND-DERIVATIVE MATRIX:
         3.2308e-01  5.3739e-01  9.4244e-01  2.1971e+00
 COVARIANCE MATRIX CALCULATED SUCCESSFULLY
 FCN=67.0952 FROM HESSE     STATUS=OK             29 CALLS          53 TOTAL
                     EDM=1.5459e-05    STRATEGY= 1      ERROR MATRIX ACCURATE 
  EXT PARAMETER                                   STEP         FIRST   
  NO.   NAME      VALUE            ERROR          SIZE      DERIVATIVE 
   1  p0           5.60504e+05   6.89354e+00   2.97096e-01   3.49135e-04
   2  p1           5.64499e-01   8.93171e-07   2.69174e-07   1.44938e+03
   3  p2          -1.03127e-04   6.94256e-05   3.02231e-07   6.48586e+01
   4  p3           9.99842e-04   7.00640e-08   4.76762e-10  -2.45751e+04
                               ERR DEF= 0.5
 PARAMETER  CORRELATION COEFFICIENTS  
       NO.  GLOBAL      1      2      3      4
        1  0.66716   1.000 -0.405  0.476  0.018
        2  0.47649  -0.405  1.000 -0.006 -0.009
        3  0.69776   0.476 -0.006  1.000  0.477
        4  0.54726   0.018 -0.009  0.477  1.000
 FCN=67.0952 FROM MIGRAD    STATUS=PROGRESS       66 CALLS          67 TOTAL
                     EDM=0.0111909    STRATEGY= 1      ERROR MATRIX ACCURATE 
  EXT PARAMETER                                   STEP         FIRST   
  NO.   NAME      VALUE            ERROR          SIZE      DERIVATIVE 
   1  p0           5.60504e+05   6.89354e+00  -2.75187e-02  -4.33238e-06
   2  p1           5.64499e-01   8.93171e-07  -2.74902e-10  -1.67512e+05
   3  p2          -1.03462e-04   6.94256e-05  -3.34562e-07   3.99290e-01
   4  p3           9.99842e-04   7.00640e-08  -3.20393e-11   7.33518e+02
                               ERR DEF= 0.5
 MIGRAD FAILS TO FIND IMPROVEMENT
 MIGRAD TERMINATED WITHOUT CONVERGENCE.
 FCN=67.0952 FROM MIGRAD    STATUS=FAILED         89 CALLS          90 TOTAL
                     EDM=2.95e-05    STRATEGY= 1  ERROR MATRIX UNCERTAINTY   3.9 per cent
  EXT PARAMETER                APPROXIMATE        STEP         FIRST   
  NO.   NAME      VALUE            ERROR          SIZE      DERIVATIVE 
   1  p0           5.60504e+05   7.61434e+00  -0.00000e+00  -2.68207e-05
   2  p1           5.64499e-01   1.70481e-07   0.00000e+00  -1.67532e+05
   3  p2          -1.03494e-04   6.53280e-05  -0.00000e+00  -5.41870e+00
   4  p3           9.99842e-04   6.11548e-08  -0.00000e+00  -6.47653e+02
                               ERR DEF= 0.5
 EXTERNAL ERROR MATRIX.    NDIM=  25    NPAR=  4    ERR DEF=0.5
  5.798e+01 -9.886e-07  3.199e-04 -1.263e-07 
 -9.886e-07  2.906e-14 -1.041e-11 -7.188e-16 
  3.199e-04 -1.041e-11  4.268e-09  1.421e-13 
 -1.263e-07 -7.188e-16  1.421e-13  3.740e-15 
ERR MATRIX APPROXIMATE
 PARAMETER  CORRELATION COEFFICIENTS  
       NO.  GLOBAL      1      2      3      4
        1  0.85712   1.000 -0.762  0.643 -0.271
        2  0.96647  -0.762  1.000 -0.935 -0.069
        3  0.94600   0.643 -0.935  1.000  0.036
        4  0.55973  -0.271 -0.069  0.036  1.000
 ERR MATRIX APPROXIMATE
 FCN=67.0952 FROM MIGRAD    STATUS=FAILED         89 CALLS          90 TOTAL
                     EDM=2.95e-05    STRATEGY= 1  ERROR MATRIX UNCERTAINTY   3.9 per cent
  EXT PARAMETER                  PARABOLIC         MINOS ERRORS        
  NO.   NAME      VALUE            ERROR      NEGATIVE      POSITIVE   
   1  p0           5.60504e+05   7.61434e+00                            
   2  p1           5.64499e-01   1.70481e-07                            
   3  p2          -1.03494e-04   6.53280e-05                            
   4  p3           9.99842e-04   6.11548e-08                            
                               ERR DEF= 0.5
------------------------------------------
Enering ROOFIt-------
 PARAMETER DEFINITIONS:
    NO.   NAME         VALUE      STEP SIZE      LIMITS
     1 norm         5.60504e+05  1.00000e-01     no limits
     2 Q            5.65000e-01  1.00000e-01     no limits
     3 theta        0.00000e+00  1.00000e-01     no limits
     4 pileup       9.99842e-04  1.00000e-01     no limits
 **********
 **    1 **MIGRAD
 **********
 FIRST CALL TO USER FUNCTION AT NEW START POINT, WITH IFLAG=4.
 START MIGRAD MINIMIZATION.  STRATEGY  1.  CONVERGENCE WHEN EDM .LT. 1.00e-04
 FCN=-2.3786e+11 FROM MIGRAD    STATUS=INITIATE       16 CALLS          17 TOTAL
                     EDM= unknown      STRATEGY= 1      NO ERROR MATRIX       
  EXT PARAMETER               CURRENT GUESS       STEP         FIRST   
  NO.   NAME      VALUE            ERROR          SIZE      DERIVATIVE 
   1  norm         5.60504e+05   1.00000e-01   1.00000e-01   5.90205e+01
   2  Q            5.65000e-01   1.00000e-01   1.00000e-01   9.11744e+08
   3  theta        0.00000e+00   1.00000e-01   1.00000e-01  -3.38365e+06
   4  pileup       9.99842e-04   1.00000e-01   1.00000e-01  -9.16007e+11
 MIGRAD FAILS TO FIND IMPROVEMENT
 EIGENVALUES OF SECOND-DERIVATIVE MATRIX:
        -3.2432e-04  3.8434e-01  9.1714e-01  2.6988e+00
 MINUIT WARNING IN HESSE   
 ============== MATRIX FORCED POS-DEF BY ADDING 0.003023 TO DIAGONAL.
 FCN=-2.3786e+11 FROM HESSE     STATUS=NOT POSDEF     27 CALLS          55 TOTAL
                     EDM=5.7407e+06    STRATEGY= 1      ERR MATRIX NOT POS-DEF
  EXT PARAMETER                APPROXIMATE        STEP         FIRST   
  NO.   NAME      VALUE            ERROR          SIZE      DERIVATIVE 
   1  norm         5.60504e+05   6.92246e+01   2.67269e+00   5.90206e+01
   2  Q            5.65000e-01   6.52370e-06   1.00000e-03   1.84039e+08
   3  theta        0.00000e+00   5.74674e-04   1.84996e-02  -3.39861e+06
   4  pileup       9.99842e-04   9.23195e-08   1.00000e-02   1.64561e+09
 MIGRAD FAILS TO FIND IMPROVEMENT
 MACHINE ACCURACY LIMITS FURTHER IMPROVEMENT.
 MIGRAD MINIMIZATION HAS CONVERGED.
 MIGRAD WILL VERIFY CONVERGENCE AND ERROR MATRIX.
 EIGENVALUES OF SECOND-DERIVATIVE MATRIX:
        -5.2676e-01  3.3272e-01  7.2066e-01  3.4734e+00
 MINUIT WARNING IN HESSE   
 ============== MATRIX FORCED POS-DEF BY ADDING 0.530230 TO DIAGONAL.
 MIGRAD TERMINATED WITHOUT CONVERGENCE.
 FCN=-2.3786e+11 FROM MIGRAD    STATUS=FAILED        401 CALLS         402 TOTAL
                     EDM=155.629    STRATEGY= 1      ERR MATRIX NOT POS-DEF
  EXT PARAMETER                APPROXIMATE        STEP         FIRST   
  NO.   NAME      VALUE            ERROR          SIZE      DERIVATIVE 
   1  norm         5.58632e+05   5.62139e+01   1.72480e+03   7.36717e-02
   2  Q            5.65102e-01   4.81124e-06   5.55079e-04   2.37849e+05
   3  theta       -1.94661e-05   5.61781e-04   1.85907e-02  -1.79938e+04
   4  pileup       9.99955e-04   1.77895e-07   2.09873e-05   2.81688e+07
 EXTERNAL ERROR MATRIX.    NDIM=  25    NPAR=  4    ERR DEF=1
  3.160e+03 -2.687e-04 -3.095e-02  8.927e-06 
 -2.687e-04  2.315e-11  2.681e-09 -7.730e-13 
 -3.095e-02  2.681e-09  3.156e-07 -8.791e-11 
  8.927e-06 -7.730e-13 -8.791e-11  3.165e-14 
ERR MATRIX NOT POS-DEF
 PARAMETER  CORRELATION COEFFICIENTS  
       NO.  GLOBAL      1      2      3      4
        1  0.99456   1.000 -0.993 -0.980  0.893
        2  0.99812  -0.993  1.000  0.992 -0.903
        3  0.99367  -0.980  0.992  1.000 -0.880
        4  0.91631   0.893 -0.903 -0.880  1.000
 ERR MATRIX NOT POS-DEF
 **********
 **    2 **MIGRAD 
 **********
 START MIGRAD MINIMIZATION.  STRATEGY  1.  CONVERGENCE WHEN EDM .LT. 1.00e-04
 FCN=-2.3786e+11 FROM MIGRAD    STATUS=INITIATE        8 CALLS         410 TOTAL
                     EDM=55.9087    STRATEGY= 1      ERR MATRIX NOT POS-DEF
  EXT PARAMETER                APPROXIMATE        STEP         FIRST   
  NO.   NAME      VALUE            ERROR          SIZE      DERIVATIVE 
   1  norm         5.58632e+05   5.62139e+01   1.72480e+03   6.34299e-02
   2  Q            5.65102e-01   4.81124e-06   5.55079e-04   2.37915e+05
   3  theta       -1.94661e-05   5.61781e-04   1.85907e-02  -1.55320e+04
   4  pileup       9.99955e-04   1.77895e-07   2.09873e-05   2.36590e+07
 MIGRAD FAILS TO FIND IMPROVEMENT
 EIGENVALUES OF SECOND-DERIVATIVE MATRIX:
        -5.2698e-01  3.3274e-01  7.2068e-01  3.4736e+00
 MINUIT WARNING IN HESSE   
 ============== MATRIX FORCED POS-DEF BY ADDING 0.530452 TO DIAGONAL.
 FCN=-2.3786e+11 FROM HESSE     STATUS=NOT POSDEF     31 CALLS         504 TOTAL
                     EDM=14.4777    STRATEGY= 1      ERR MATRIX NOT POS-DEF
  EXT PARAMETER                APPROXIMATE        STEP         FIRST   
  NO.   NAME      VALUE            ERROR          SIZE      DERIVATIVE 
   1  norm         5.58635e+05   5.62132e+01   1.72480e+03   6.56309e-02
   2  Q            5.65102e-01   4.81160e-06   5.55075e-04   2.11311e+05
   3  theta       -1.39512e-05   5.61747e-04   1.85901e-02  -7.31076e+03
   4  pileup       9.99858e-04   1.77908e-07   2.09857e-05   5.40405e+06
 EIGENVALUES OF SECOND-DERIVATIVE MATRIX:
        -3.5530e-01  4.0086e-01  1.5043e+00  2.4501e+00
 MINUIT WARNING IN MIGRAD  
 ============== MATRIX FORCED POS-DEF BY ADDING 0.357752 TO DIAGONAL.
 MINUIT WARNING IN MIGRAD  
 ============== Negative diagonal element 2 in Error Matrix
 MINUIT WARNING IN MIGRAD  
 ============== 1 added to diagonal of error matrix
 MIGRAD FAILS TO FIND IMPROVEMENT
 MIGRAD TERMINATED WITHOUT CONVERGENCE.
 FCN=-2.3786e+11 FROM MIGRAD    STATUS=FAILED        203 CALLS         605 TOTAL
                     EDM=1.14992e+15    STRATEGY= 1      ERR MATRIX NOT POS-DEF
  EXT PARAMETER                APPROXIMATE        STEP         FIRST   
  NO.   NAME      VALUE            ERROR          SIZE      DERIVATIVE 
   1  norm         5.58634e+05   6.30811e+00   0.00000e+00  -6.64092e-02
   2  Q            5.65102e-01   2.28537e-06   0.00000e+00   1.19121e+03
   3  theta       -1.16366e-06   1.00000e+00  -0.00000e+00   1.50491e+04
   4  pileup       9.99854e-04   1.00000e+00   0.00000e+00  -2.70421e+07
 EXTERNAL ERROR MATRIX.    NDIM=  25    NPAR=  4    ERR DEF=1
  3.979e+01 -8.480e-13  2.816e-04  1.093e-07 
 -8.480e-13  5.223e-12 -5.754e-09  2.285e-06 
  2.816e-04 -5.754e-09  1.000e+00  1.893e-12 
  1.093e-07  2.285e-06  1.893e-12  1.000e+00 
ERR MATRIX NOT POS-DEF
 PARAMETER  CORRELATION COEFFICIENTS  
       NO.  GLOBAL      1      2      3      4
        1  0.00004   1.000 -0.000  0.000  0.000
        2  1.00002  -0.000  1.000 -0.003  1.000
        3  0.00000   0.000 -0.003  1.000  0.000
        4  1.00002   0.000  1.000  0.000  1.000
 ERR MATRIX NOT POS-DEF
status of the fit-----000------4
1  558634
2  0.565102
3  -1.16366e-06
4  0.000999854
 PARAMETER DEFINITIONS:
    NO.   NAME         VALUE      STEP SIZE      LIMITS
     1 norm         5.58634e+05  1.00000e-01     no limits
     2 Q            5.65102e-01  1.00000e-01     no limits
     3 theta       -1.16366e-06  1.00000e-01     no limits
     4 pileup       9.99854e-04  1.00000e-01     no limits
 **********
 **    3 **MIGRAD
 **********
 FIRST CALL TO USER FUNCTION AT NEW START POINT, WITH IFLAG=4.
 START MIGRAD MINIMIZATION.  STRATEGY  1.  CONVERGENCE WHEN EDM .LT. 1.00e-04
 FCN=-2.3786e+11 FROM MIGRAD    STATUS=INITIATE       16 CALLS         622 TOTAL
                     EDM= unknown      STRATEGY= 1      NO ERROR MATRIX       
  EXT PARAMETER               CURRENT GUESS       STEP         FIRST   
  NO.   NAME      VALUE            ERROR          SIZE      DERIVATIVE 
   1  norm         5.58634e+05   1.00000e-01   1.00000e-01  -1.74712e-03
   2  Q            5.65102e-01   1.00000e-01   1.00000e-01   6.93498e+06
   3  theta       -1.16366e-06   1.00000e-01   1.00000e-01   1.50336e+04
   4  pileup       9.99854e-04   1.00000e-01   1.00000e-01  -9.18087e+11
 MIGRAD FAILS TO FIND IMPROVEMENT
 COVARIANCE MATRIX CALCULATED SUCCESSFULLY
 FCN=-2.3786e+11 FROM HESSE     STATUS=OK             29 CALLS         662 TOTAL
                     EDM=0.113742    STRATEGY= 1      ERROR MATRIX ACCURATE 
  EXT PARAMETER                                   STEP         FIRST   
  NO.   NAME      VALUE            ERROR          SIZE      DERIVATIVE 
   1  norm         5.58634e+05   3.26587e+02   2.66377e+00  -1.77576e-03
   2  Q            5.65102e-01   3.12001e-05   1.00000e-03   1.11778e+03
   3  theta       -1.16366e-06   2.73533e-03   1.85808e-02  -4.69795e+02
   4  pileup       9.99854e-04   9.24644e-08   1.00000e-02   8.45064e+05
 MIGRAD FAILS TO FIND IMPROVEMENT
 MACHINE ACCURACY LIMITS FURTHER IMPROVEMENT.
 MIGRAD MINIMIZATION HAS CONVERGED.
 MIGRAD WILL VERIFY CONVERGENCE AND ERROR MATRIX.
 EIGENVALUES OF SECOND-DERIVATIVE MATRIX:
        -5.2720e-01  3.3274e-01  7.2068e-01  3.4738e+00
 MINUIT WARNING IN HESSE   
 ============== MATRIX FORCED POS-DEF BY ADDING 0.530674 TO DIAGONAL.
 MIGRAD TERMINATED WITHOUT CONVERGENCE.
 FCN=-2.3786e+11 FROM MIGRAD    STATUS=FAILED        178 CALLS         784 TOTAL
                     EDM=0.00729044    STRATEGY= 1      ERR MATRIX NOT POS-DEF
  EXT PARAMETER                APPROXIMATE        STEP         FIRST   
  NO.   NAME      VALUE            ERROR          SIZE      DERIVATIVE 
   1  norm         5.58634e+05   5.62117e+01   1.72480e+03  -7.01984e-04
   2  Q            5.65102e-01   4.81197e-06   5.55070e-04   4.59407e+03
   3  theta        2.06844e-06   5.61729e-04   1.85901e-02   9.38793e+01
   4  pileup       9.99854e-04   1.77932e-07   2.09856e-05   1.18535e+06
 EXTERNAL ERROR MATRIX.    NDIM=  25    NPAR=  4    ERR DEF=1
  3.160e+03 -2.687e-04 -3.094e-02  8.929e-06 
 -2.687e-04  2.316e-11  2.681e-09 -7.734e-13 
 -3.094e-02  2.681e-09  3.155e-07 -8.793e-11 
  8.929e-06 -7.734e-13 -8.793e-11  3.166e-14 
ERR MATRIX NOT POS-DEF
 PARAMETER  CORRELATION COEFFICIENTS  
       NO.  GLOBAL      1      2      3      4
        1  0.99456   1.000 -0.993 -0.980  0.893
        2  0.99812  -0.993  1.000  0.992 -0.903
        3  0.99367  -0.980  0.992  1.000 -0.880
        4  0.91638   0.893 -0.903 -0.880  1.000
 ERR MATRIX NOT POS-DEF
 **********
 **    4 **MIGRAD 
 **********
 START MIGRAD MINIMIZATION.  STRATEGY  1.  CONVERGENCE WHEN EDM .LT. 1.00e-04
 FCN=-2.3786e+11 FROM MIGRAD    STATUS=INITIATE        8 CALLS         792 TOTAL
                     EDM=1.69529    STRATEGY= 1      ERR MATRIX NOT POS-DEF
  EXT PARAMETER                APPROXIMATE        STEP         FIRST   
  NO.   NAME      VALUE            ERROR          SIZE      DERIVATIVE 
   1  norm         5.58634e+05   5.62117e+01   1.72480e+03  -1.09432e-02
   2  Q            5.65102e-01   4.81197e-06   5.55070e-04   4.66909e+03
   3  theta        2.06844e-06   5.61729e-04   1.85901e-02   2.55592e+03
   4  pileup       9.99854e-04   1.77932e-07   2.09856e-05  -3.32504e+06
 MIGRAD FAILS TO FIND IMPROVEMENT
 EIGENVALUES OF SECOND-DERIVATIVE MATRIX:
        -5.2720e-01  3.3274e-01  7.2068e-01  3.4738e+00
 MINUIT WARNING IN HESSE   
 ============== MATRIX FORCED POS-DEF BY ADDING 0.530674 TO DIAGONAL.
 FCN=-2.3786e+11 FROM HESSE     STATUS=NOT POSDEF     31 CALLS         855 TOTAL
                     EDM=0.00364793    STRATEGY= 1      ERR MATRIX NOT POS-DEF
  EXT PARAMETER                APPROXIMATE        STEP         FIRST   
  NO.   NAME      VALUE            ERROR          SIZE      DERIVATIVE 
   1  norm         5.58634e+05   5.62117e+01   1.72480e+03  -7.00657e-04
   2  Q            5.65102e-01   4.81197e-06   5.55070e-04   4.59531e+03
   3  theta        2.06829e-06   5.61729e-04   1.85904e-02   9.38368e+01
   4  pileup       9.99854e-04   1.77932e-07   2.09869e-05   1.18527e+06
 MIGRAD FAILS TO FIND IMPROVEMENT
 MACHINE ACCURACY LIMITS FURTHER IMPROVEMENT.
 MIGRAD MINIMIZATION HAS CONVERGED.
 MIGRAD WILL VERIFY CONVERGENCE AND ERROR MATRIX.
 EIGENVALUES OF SECOND-DERIVATIVE MATRIX:
        -3.2475e-02  3.3292e-01  7.3577e-01  2.9638e+00
 MINUIT WARNING IN HESSE   
 ============== MATRIX FORCED POS-DEF BY ADDING 0.035439 TO DIAGONAL.
 MIGRAD TERMINATED WITHOUT CONVERGENCE.
 FCN=-2.3786e+11 FROM MIGRAD    STATUS=FAILED        112 CALLS         896 TOTAL
                     EDM=0.01186    STRATEGY= 1      ERR MATRIX NOT POS-DEF
  EXT PARAMETER                APPROXIMATE        STEP         FIRST   
  NO.   NAME      VALUE            ERROR          SIZE      DERIVATIVE 
   1  norm         5.58634e+05   6.39634e+01   6.89922e+01  -6.02680e-04
   2  Q            5.65102e-01   6.77623e-06   3.95942e-03   4.60220e+03
   3  theta        2.06829e-06   5.75593e-04   7.43615e-04   6.56632e+01
   4  pileup       9.99854e-04   1.02394e-07   8.39477e-07   1.22882e+06
 EXTERNAL ERROR MATRIX.    NDIM=  25    NPAR=  4    ERR DEF=1
  4.091e+03 -4.292e-04 -3.535e-02  1.003e-06 
 -4.292e-04  4.592e-11  3.834e-09 -1.103e-13 
 -3.535e-02  3.834e-09  3.313e-07 -4.722e-12 
  1.003e-06 -1.103e-13 -4.722e-12  1.048e-14 
ERR MATRIX NOT POS-DEF
 PARAMETER  CORRELATION COEFFICIENTS  
       NO.  GLOBAL      1      2      3      4
        1  0.99379   1.000 -0.990 -0.960  0.153
        2  0.99768  -0.990  1.000  0.983 -0.159
        3  0.99108  -0.960  0.983  1.000 -0.080
        4  0.53344   0.153 -0.159 -0.080  1.000
 ERR MATRIX NOT POS-DEF
status of the fit-----000------4
1  558634
2  0.565102
3  2.06829e-06
4  0.000999854
 PARAMETER DEFINITIONS:
    NO.   NAME         VALUE      STEP SIZE      LIMITS
     1 norm         5.58634e+05  1.00000e-01     no limits
     2 Q            5.65102e-01  1.00000e-01     no limits
     3 theta        2.06829e-06  1.00000e-01     no limits
     4 pileup       9.99854e-04  1.00000e-01     no limits
 **********
 **    5 **MIGRAD
 **********
 FIRST CALL TO USER FUNCTION AT NEW START POINT, WITH IFLAG=4.
 START MIGRAD MINIMIZATION.  STRATEGY  1.  CONVERGENCE WHEN EDM .LT. 1.00e-04
 FCN=-2.3786e+11 FROM MIGRAD    STATUS=INITIATE       16 CALLS         913 TOTAL
                     EDM= unknown      STRATEGY= 1      NO ERROR MATRIX       
  EXT PARAMETER               CURRENT GUESS       STEP         FIRST   
  NO.   NAME      VALUE            ERROR          SIZE      DERIVATIVE 
   1  norm         5.58634e+05   1.00000e-01   1.00000e-01  -6.07195e-04
   2  Q            5.65102e-01   1.00000e-01   1.00000e-01   6.89597e+06
   3  theta        2.06829e-06   1.00000e-01   1.00000e-01   1.55972e+04
   4  pileup       9.99854e-04   1.00000e-01   1.00000e-01  -9.18087e+11
 MIGRAD FAILS TO FIND IMPROVEMENT
 COVARIANCE MATRIX CALCULATED SUCCESSFULLY
 FCN=-2.3786e+11 FROM HESSE     STATUS=OK             29 CALLS         953 TOTAL
                     EDM=0.0145189    STRATEGY= 1      ERROR MATRIX ACCURATE 
  EXT PARAMETER                                   STEP         FIRST   
  NO.   NAME      VALUE            ERROR          SIZE      DERIVATIVE 
   1  norm         5.58634e+05   1.19842e+02   2.66377e+00  -7.16032e-04
   2  Q            5.65102e-01   1.14784e-05   1.00000e-03   4.60205e+03
   3  theta        2.06829e-06   1.01452e-03   1.85808e-02   9.37414e+01
   4  pileup       9.99854e-04   9.24378e-08   1.00000e-02   6.38196e+05
 MIGRAD FAILS TO FIND IMPROVEMENT
 MACHINE ACCURACY LIMITS FURTHER IMPROVEMENT.
 MIGRAD MINIMIZATION HAS CONVERGED.
 FCN=-2.3786e+11 FROM MIGRAD    STATUS=CONVERGED      64 CALLS         961 TOTAL
                     EDM=0.0145189    STRATEGY= 1      ERROR MATRIX ACCURATE 
  EXT PARAMETER                                   STEP         FIRST   
  NO.   NAME      VALUE            ERROR          SIZE      DERIVATIVE 
   1  norm         5.58634e+05   1.19842e+02   0.00000e+00  -7.16032e-04
   2  Q            5.65102e-01   1.14784e-05  -0.00000e+00   4.60205e+03
   3  theta        2.06829e-06   1.01452e-03  -0.00000e+00   9.37414e+01
   4  pileup       9.99854e-04   9.24378e-08  -0.00000e+00   6.38196e+05
 EXTERNAL ERROR MATRIX.    NDIM=  25    NPAR=  4    ERR DEF=1
  1.436e+04 -1.372e-03 -1.201e-01 -1.048e-07 
 -1.372e-03  1.318e-10  1.159e-08  1.620e-15 
 -1.201e-01  1.159e-08  1.029e-06  1.113e-12 
 -1.048e-07  1.620e-15  1.113e-12  8.545e-15 
 PARAMETER  CORRELATION COEFFICIENTS  
       NO.  GLOBAL      1      2      3      4
        1  0.99818   1.000 -0.997 -0.988 -0.009
        2  0.99929  -0.997  1.000  0.995  0.002
        3  0.99704  -0.988  0.995  1.000  0.012
        4  0.23258  -0.009  0.002  0.012  1.000
 **********
 **    6 **MIGRAD 
 **********
 START MIGRAD MINIMIZATION.  STRATEGY  1.  CONVERGENCE WHEN EDM .LT. 1.00e-04
 FCN=-2.3786e+11 FROM MIGRAD    STATUS=INITIATE        8 CALLS         969 TOTAL
                     EDM=3.52764    STRATEGY= 1      ERROR MATRIX ACCURATE 
  EXT PARAMETER                                   STEP         FIRST   
  NO.   NAME      VALUE            ERROR          SIZE      DERIVATIVE 
   1  norm         5.58634e+05   1.19842e+02   0.00000e+00  -6.10059e-04
   2  Q            5.65102e-01   1.14784e-05  -0.00000e+00   4.69951e+03
   3  theta        2.06829e-06   1.01452e-03  -0.00000e+00   2.55337e+03
   4  pileup       9.99854e-04   9.24378e-08  -0.00000e+00  -2.84111e+07
 MIGRAD FAILS TO FIND IMPROVEMENT
 MACHINE ACCURACY LIMITS FURTHER IMPROVEMENT.
 MIGRAD MINIMIZATION HAS CONVERGED.
 FCN=-2.3786e+11 FROM MIGRAD    STATUS=CONVERGED      19 CALLS         980 TOTAL
                     EDM=3.52764    STRATEGY= 1      ERROR MATRIX ACCURATE 
  EXT PARAMETER                                   STEP         FIRST   
  NO.   NAME      VALUE            ERROR          SIZE      DERIVATIVE 
   1  norm         5.58634e+05   1.19842e+02   0.00000e+00  -6.10059e-04
   2  Q            5.65102e-01   1.14784e-05  -0.00000e+00   4.69951e+03
   3  theta        2.06829e-06   1.01452e-03  -0.00000e+00   2.55337e+03
   4  pileup       9.99854e-04   9.24378e-08   0.00000e+00  -2.84111e+07
 EXTERNAL ERROR MATRIX.    NDIM=  25    NPAR=  4    ERR DEF=1
  1.436e+04 -1.372e-03 -1.201e-01 -1.048e-07 
 -1.372e-03  1.318e-10  1.159e-08  1.620e-15 
 -1.201e-01  1.159e-08  1.029e-06  1.113e-12 
 -1.048e-07  1.620e-15  1.113e-12  8.545e-15 
 PARAMETER  CORRELATION COEFFICIENTS  
       NO.  GLOBAL      1      2      3      4
        1  0.99818   1.000 -0.997 -0.988 -0.009
        2  0.99929  -0.997  1.000  0.995  0.002
        3  0.99704  -0.988  0.995  1.000  0.012
        4  0.23258  -0.009  0.002  0.012  1.000
status of the fit-----000------0
1  558634
2  0.565102
3  2.06829e-06
4  0.000999854
