  *******************************************
  *                                         *
  *        W E L C O M E  to  R O O T       *
  *                                         *
  *   Version   5.34/36      5 April 2016   *
  *                                         *
  *  You are welcome to visit our Web site  *
  *          http://root.cern.ch            *
  *                                         *
  *******************************************

ROOT 5.34/36 (v5-34-36@v5-34-36, Apr 05 2016, 10:25:45 on linuxx8664gcc)

CINT/ROOT C/C++ Interpreter version 5.18.00, July 2, 2010
Type ? for help. Commands must be C++ statements.
Enclose multiple statements between { }.
Loading root init file.
The rat/rootinit.C file loaded the DEAP style for you, which is available from the fStyle pointer.
DEAP style applied. 
RAT: Libraries loaded.

Processing /home/fatemigh/projects/rpp-jillings/fatemigh/sterile/Likelihood/LikelihoodSterile_modified6.C+(49)...
pased here
566 lines read from file
31
spec_E  566
Before entering fitting
 **********
 **    1 **SET PRINT           2
 **********
 **********
 **    2 **SET NOGRAD
 **********
 PARAMETER DEFINITIONS:
    NO.   NAME         VALUE      STEP SIZE      LIMITS
     1 p0           5.58000e+05  1.67400e+05     no limits
     2 p1           5.65000e-01  1.69500e-01     no limits
     3 p2           0.00000e+00  3.00000e-01     no limits
     4 p3           9.99871e-04  2.99961e-04     no limits
 **********
 **    3 **SET ERR         0.5
 **********
 **********
 **    4 **SET PRINT           2
 **********
 **********
 **    5 **SET STR           1
 **********
 NOW USING STRATEGY  1: TRY TO BALANCE SPEED AGAINST RELIABILITY
 **********
 **    6 **MIGRAD        1480        0.01
 **********
 FIRST CALL TO USER FUNCTION AT NEW START POINT, WITH IFLAG=4.
 START MIGRAD MINIMIZATION.  STRATEGY  1.  CONVERGENCE WHEN EDM .LT. 1.00e-05
 FCN=17257.4 FROM MIGRAD    STATUS=INITIATE       18 CALLS          19 TOTAL
                     EDM= unknown      STRATEGY= 1      NO ERROR MATRIX       
  EXT PARAMETER               CURRENT GUESS       STEP         FIRST   
  NO.   NAME      VALUE            ERROR          SIZE      DERIVATIVE 
   1  p0           5.58000e+05   1.67400e+05   1.67400e+05  -3.62239e+01
   2  p1           5.65000e-01   1.69500e-01   1.69500e-01  -1.12446e+08
   3  p2           0.00000e+00   3.00000e-01   3.00000e-01   0.00000e+00
   4  p3           9.99871e-04   2.99961e-04   2.99961e-04  -1.00171e+09
                               ERR DEF= 0.5
NO ERROR MATRIX       
 FCN=465.861 FROM MIGRAD    STATUS=PROGRESS       34 CALLS          35 TOTAL
                     EDM=1301.18    STRATEGY= 1      NO ERROR MATRIX       
  EXT PARAMETER               CURRENT GUESS       STEP         FIRST   
  NO.   NAME      VALUE            ERROR          SIZE      DERIVATIVE 
   1  p0           5.58439e+05   1.67400e+05   4.38527e+02  -8.17952e-01
   2  p1           5.65141e-01   1.69500e-01   1.41415e-04  -2.51300e+06
   3  p2           0.00000e+00   3.00000e-01  -0.00000e+00   0.00000e+00
   4  p3           1.00167e-03   2.99961e-04   1.79781e-06   3.98403e+08
                               ERR DEF= 0.5
 MINUIT WARNING IN MIGRAD  
 ============== Negative diagonal element 1 in Error Matrix
 MINUIT WARNING IN MIGRAD  
 ============== Negative diagonal element 2 in Error Matrix
 MINUIT WARNING IN MIGRAD  
 ============== 1526.34 added to diagonal of error matrix
 EIGENVALUES OF SECOND-DERIVATIVE MATRIX:
         9.9999e-01  1.0000e+00  1.0000e+00  1.0000e+00
 MIGRAD FAILS TO FIND IMPROVEMENT
 MIGRAD MINIMIZATION HAS CONVERGED.
 MIGRAD WILL VERIFY CONVERGENCE AND ERROR MATRIX.
   START COVARIANCE MATRIX CALCULATION.
 EIGENVALUES OF SECOND-DERIVATIVE MATRIX:
         1.3897e-03  7.9498e-01  9.6283e-01  2.2408e+00
 COVARIANCE MATRIX CALCULATED SUCCESSFULLY
 FCN=66.854 FROM HESSE     STATUS=OK             27 CALLS         103 TOTAL
                     EDM=0.000881292    STRATEGY= 1      ERROR MATRIX ACCURATE 
  EXT PARAMETER                                   STEP         FIRST   
  NO.   NAME      VALUE            ERROR          SIZE      DERIVATIVE 
   1  p0           5.58475e+05   9.69547e+01   2.66302e-01  -2.26077e-04
   2  p1           5.65153e-01   3.13117e-05   2.69486e-07   6.42303e+02
   3  p2           0.00000e+00   3.40817e-02   3.71190e-04   0.00000e+00
   4  p3           9.99816e-04   6.85846e-08   4.76749e-10   4.70025e+03
                               ERR DEF= 0.5
 PARAMETER  CORRELATION COEFFICIENTS  
       NO.  GLOBAL      1      2      3      4
        1  0.99861   1.000 -0.998 -0.023  0.090
        2  0.99861  -0.998  1.000  0.030 -0.110
        3  0.15547  -0.023  0.030  1.000  0.059
        4  0.36520   0.090 -0.110  0.059  1.000
 FCN=66.803 FROM MIGRAD    STATUS=PROGRESS      118 CALLS         119 TOTAL
                     EDM=0.100391    STRATEGY= 1      ERROR MATRIX ACCURATE 
  EXT PARAMETER                                   STEP         FIRST   
  NO.   NAME      VALUE            ERROR          SIZE      DERIVATIVE 
   1  p0           5.58678e+05   9.69547e+01   2.02567e+02  -1.81858e-02
   2  p1           5.65088e-01   3.13117e-05  -6.54051e-05  -5.57168e+04
   3  p2          -1.91373e-03   3.40817e-02  -1.91373e-03  -1.22194e+01
   4  p3           9.99829e-04   6.85846e-08   1.31921e-08   1.24185e+06
                               ERR DEF= 0.5
 MIGRAD FAILS TO FIND IMPROVEMENT
 MIGRAD MINIMIZATION HAS CONVERGED.
 MIGRAD WILL VERIFY CONVERGENCE AND ERROR MATRIX.
   START COVARIANCE MATRIX CALCULATION.
 EIGENVALUES OF SECOND-DERIVATIVE MATRIX:
         1.6546e-03  7.6790e-01  1.0569e+00  2.1735e+00
 COVARIANCE MATRIX CALCULATED SUCCESSFULLY
 FCN=66.747 FROM MIGRAD    STATUS=CONVERGED     231 CALLS         232 TOTAL
                     EDM=2.54454e-06    STRATEGY= 1      ERROR MATRIX ACCURATE 
  EXT PARAMETER                                   STEP         FIRST   
  NO.   NAME      VALUE            ERROR          SIZE      DERIVATIVE 
   1  p0           5.58953e+05   8.89033e+01   2.66530e-01   3.11841e-05
   2  p1           5.64999e-01   2.87032e-05   2.69413e-07   1.02990e+02
   3  p2          -9.20408e-06   9.22216e-03   5.00455e-05  -1.61071e-01
   4  p3           9.99826e-04   6.42341e-08   4.76754e-10   1.32520e+04
                               ERR DEF= 0.5
 EXTERNAL ERROR MATRIX.    NDIM=  25    NPAR=  4    ERR DEF=0.5
  7.904e+03 -2.547e-03  1.365e-01  9.740e-07 
 -2.547e-03  8.239e-10 -4.458e-08 -3.495e-13 
  1.365e-01 -4.458e-08  8.505e-05  9.583e-11 
  9.740e-07 -3.495e-13  9.583e-11  4.126e-15 
 PARAMETER  CORRELATION COEFFICIENTS  
       NO.  GLOBAL      1      2      3      4
        1  0.99834   1.000 -0.998  0.166  0.171
        2  0.99835  -0.998  1.000 -0.168 -0.190
        3  0.21471   0.166 -0.168  1.000  0.162
        4  0.38188   0.171 -0.190  0.162  1.000
 EXTERNAL ERROR MATRIX.    NDIM=   4    NPAR=  4    ERR DEF=0.5
  7.904e+03 -2.547e-03  1.365e-01  9.740e-07 
 -2.547e-03  8.239e-10 -4.458e-08 -3.495e-13 
  1.365e-01 -4.458e-08  8.505e-05  9.583e-11 
  9.740e-07 -3.495e-13  9.583e-11  4.126e-15 
 FCN=66.747 FROM MIGRAD    STATUS=CONVERGED     231 CALLS         232 TOTAL
                     EDM=2.54454e-06    STRATEGY= 1      ERROR MATRIX ACCURATE 
  EXT PARAMETER                  PARABOLIC         MINOS ERRORS        
  NO.   NAME      VALUE            ERROR      NEGATIVE      POSITIVE   
   1  p0           5.58953e+05   8.89033e+01                            
   2  p1           5.64999e-01   2.87032e-05                            
   3  p2          -9.20408e-06   9.22216e-03                            
   4  p3           9.99826e-04   6.42341e-08                            
                               ERR DEF= 0.5
------------------------------------------
Enering ROOFIt-------
 PARAMETER DEFINITIONS:
    NO.   NAME         VALUE      STEP SIZE      LIMITS
     1 norm         5.58953e+05  1.00000e-01     no limits
     2 Q            5.65000e-01  1.00000e-01     no limits
     3 theta        0.00000e+00  1.00000e-01     no limits
     4 pileup       9.99826e-04  1.00000e-01     no limits
 **********
 **    1 **MIGRAD
 **********
 FIRST CALL TO USER FUNCTION AT NEW START POINT, WITH IFLAG=4.
 START MIGRAD MINIMIZATION.  STRATEGY  1.  CONVERGENCE WHEN EDM .LT. 1.00e-04
 FCN=-2.3786e+11 FROM MIGRAD    STATUS=INITIATE       14 CALLS          15 TOTAL
                     EDM= unknown      STRATEGY= 1      NO ERROR MATRIX       
  EXT PARAMETER               CURRENT GUESS       STEP         FIRST   
  NO.   NAME      VALUE            ERROR          SIZE      DERIVATIVE 
   1  norm         5.58953e+05   1.00000e-01   1.00000e-01   7.56443e-02
   2  Q            5.65000e-01   1.00000e-01   1.00000e-01   7.72210e+06
   3  theta        0.00000e+00   1.00000e-01   1.00000e-01   0.00000e+00
   4  pileup       9.99826e-04   1.00000e-01   1.00000e-01  -9.18066e+11
 MIGRAD FAILS TO FIND IMPROVEMENT
 COVARIANCE MATRIX CALCULATED SUCCESSFULLY
 FCN=-2.3786e+11 FROM HESSE     STATUS=OK             27 CALLS          53 TOTAL
                     EDM=7.32272    STRATEGY= 1      ERROR MATRIX ACCURATE 
  EXT PARAMETER                                   STEP         FIRST   
  NO.   NAME      VALUE            ERROR          SIZE      DERIVATIVE 
   1  norm         5.58953e+05   1.01319e+02   2.66530e+00   7.55699e-02
   2  Q            5.65000e-01   9.59902e-06   1.00000e-03   2.35299e+05
   3  theta        0.00000e+00   8.36291e-03   1.00000e-01   0.00000e+00
   4  pileup       9.99826e-04   9.24343e-08   1.00000e-02   1.53329e+06
 MIGRAD FAILS TO FIND IMPROVEMENT
 MACHINE ACCURACY LIMITS FURTHER IMPROVEMENT.
 MIGRAD MINIMIZATION HAS CONVERGED.
 FCN=-2.3786e+11 FROM MIGRAD    STATUS=CONVERGED      54 CALLS          55 TOTAL
                     EDM=7.32272    STRATEGY= 1      ERROR MATRIX ACCURATE 
  EXT PARAMETER                                   STEP         FIRST   
  NO.   NAME      VALUE            ERROR          SIZE      DERIVATIVE 
   1  norm         5.58953e+05   1.01319e+02  -0.00000e+00   7.55699e-02
   2  Q            5.65000e-01   9.59902e-06   0.00000e+00   2.35299e+05
   3  theta        0.00000e+00   8.36291e-03   0.00000e+00   0.00000e+00
   4  pileup       9.99826e-04   9.24343e-08  -0.00000e+00   1.53329e+06
 EXTERNAL ERROR MATRIX.    NDIM=  25    NPAR=  4    ERR DEF=1
  1.027e+04 -9.685e-04 -8.324e-01 -3.622e-08 
 -9.685e-04  9.214e-11  7.971e-08 -5.024e-15 
 -8.324e-01  7.971e-08  6.994e-05  5.187e-12 
 -3.622e-08 -5.024e-15  5.187e-12  8.544e-15 
 PARAMETER  CORRELATION COEFFICIENTS  
       NO.  GLOBAL      1      2      3      4
        1  0.99744   1.000 -0.996 -0.982 -0.004
        2  0.99898  -0.996  1.000  0.993 -0.006
        3  0.99568  -0.982  0.993  1.000  0.007
        4  0.23239  -0.004 -0.006  0.007  1.000
 **********
 **    2 **MIGRAD 
 **********
 START MIGRAD MINIMIZATION.  STRATEGY  1.  CONVERGENCE WHEN EDM .LT. 1.00e-04
 FCN=-2.3786e+11 FROM MIGRAD    STATUS=INITIATE        8 CALLS          63 TOTAL
                     EDM=9.01331    STRATEGY= 1      ERROR MATRIX ACCURATE 
  EXT PARAMETER                                   STEP         FIRST   
  NO.   NAME      VALUE            ERROR          SIZE      DERIVATIVE 
   1  norm         5.58953e+05   1.01319e+02  -0.00000e+00   7.56557e-02
   2  Q            5.65000e-01   9.59902e-06   0.00000e+00   2.35393e+05
   3  theta        0.00000e+00   8.36291e-03   0.00000e+00   0.00000e+00
   4  pileup       9.99826e-04   9.24343e-08  -0.00000e+00  -2.75182e+07
 MIGRAD FAILS TO FIND IMPROVEMENT
 MACHINE ACCURACY LIMITS FURTHER IMPROVEMENT.
 MIGRAD MINIMIZATION HAS CONVERGED.
 MIGRAD WILL VERIFY CONVERGENCE AND ERROR MATRIX.
 EIGENVALUES OF SECOND-DERIVATIVE MATRIX:
        -1.8300e-03  3.6096e-01  8.4799e-01  2.7929e+00
 MINUIT WARNING IN HESSE   
 ============== MATRIX FORCED POS-DEF BY ADDING 0.004623 TO DIAGONAL.
 FCN=-2.3786e+11 FROM HESSE     STATUS=NOT POSDEF     29 CALLS         137 TOTAL
                     EDM=0.00167078    STRATEGY= 1      ERR MATRIX NOT POS-DEF
  EXT PARAMETER                APPROXIMATE        STEP         FIRST   
  NO.   NAME      VALUE            ERROR          SIZE      DERIVATIVE 
   1  norm         5.58950e+05   9.48110e+01   5.33059e+02  -8.66978e-03
   2  Q            5.65000e-01   3.18137e-05   9.41435e-05  -2.68672e+04
   3  theta        2.55164e-04   7.53986e-04   1.85249e-01   1.18797e+01
   4  pileup       9.99827e-04   1.08996e-07   2.09854e-05   9.05805e+04
 MIGRAD FAILS TO FIND IMPROVEMENT
 MIGRAD TERMINATED WITHOUT CONVERGENCE.
 FCN=-2.3786e+11 FROM MIGRAD    STATUS=FAILED        120 CALLS         175 TOTAL
                     EDM=3.0228e+06    STRATEGY= 1      ERR MATRIX NOT POS-DEF
  EXT PARAMETER                APPROXIMATE        STEP         FIRST   
  NO.   NAME      VALUE            ERROR          SIZE      DERIVATIVE 
   1  norm         5.58947e+05   7.55868e+00   0.00000e+00  -6.43686e-02
   2  Q            5.65001e-01   1.06018e-07  -0.00000e+00   1.18543e+08
   3  theta        2.82297e-04   4.37850e-04  -0.00000e+00   1.18936e+04
   4  pileup       9.99827e-04   9.78735e-08   0.00000e+00  -2.81683e+07
 EXTERNAL ERROR MATRIX.    NDIM=  25    NPAR=  4    ERR DEF=1
  5.713e+01 -4.319e-08  8.324e-04  1.798e-07 
 -4.319e-08  1.124e-14 -8.761e-12 -1.694e-15 
  8.324e-04 -8.761e-12  1.917e-07  4.039e-11 
  1.798e-07 -1.694e-15  4.039e-11  9.579e-15 
ERR MATRIX NOT POS-DEF
 PARAMETER  CORRELATION COEFFICIENTS  
       NO.  GLOBAL      1      2      3      4
        1  0.25226   1.000 -0.054  0.252  0.243
        2  0.19387  -0.054  1.000 -0.189 -0.163
        3  0.94346   0.252 -0.189  1.000  0.943
        4  0.94266   0.243 -0.163  0.943  1.000
 ERR MATRIX NOT POS-DEF
status of the fit-----000------4
1  558947
2  0.565001
3  0.000282297
4  0.000999827
 PARAMETER DEFINITIONS:
    NO.   NAME         VALUE      STEP SIZE      LIMITS
     1 norm         5.58947e+05  1.00000e-01     no limits
     2 Q            5.65001e-01  1.00000e-01     no limits
     3 theta        2.82297e-04  1.00000e-01     no limits
     4 pileup       9.99827e-04  1.00000e-01     no limits
 **********
 **    3 **MIGRAD
 **********
 FIRST CALL TO USER FUNCTION AT NEW START POINT, WITH IFLAG=4.
 START MIGRAD MINIMIZATION.  STRATEGY  1.  CONVERGENCE WHEN EDM .LT. 1.00e-04
 FCN=-2.3786e+11 FROM MIGRAD    STATUS=INITIATE       14 CALLS         190 TOTAL
                     EDM= unknown      STRATEGY= 1      NO ERROR MATRIX       
  EXT PARAMETER               CURRENT GUESS       STEP         FIRST   
  NO.   NAME      VALUE            ERROR          SIZE      DERIVATIVE 
   1  norm         5.58947e+05   1.00000e-01   1.00000e-01   2.51902e-04
   2  Q            5.65001e-01   1.00000e-01   1.00000e-01   6.58397e+06
   3  theta        2.82297e-04   1.00000e-01   1.00000e-01   1.87746e+03
   4  pileup       9.99827e-04   1.00000e-01   1.00000e-01  -9.18069e+11
 MIGRAD FAILS TO FIND IMPROVEMENT
 COVARIANCE MATRIX CALCULATED SUCCESSFULLY
 FCN=-2.3786e+11 FROM HESSE     STATUS=OK             29 CALLS         230 TOTAL
                     EDM=0.000592135    STRATEGY= 1      ERROR MATRIX ACCURATE 
  EXT PARAMETER                                   STEP         FIRST   
  NO.   NAME      VALUE            ERROR          SIZE      DERIVATIVE 
   1  norm         5.58947e+05   1.72457e+02   2.66527e+00   3.14878e-04
   2  Q            5.65001e-01   1.65413e-05   1.00000e-03   8.67434e+02
   3  theta        2.82297e-04   1.45009e-02   1.00000e-01   5.59235e+00
   4  pileup       9.99827e-04   9.24403e-08   1.00000e-02  -2.76650e+05
 MIGRAD FAILS TO FIND IMPROVEMENT
 MACHINE ACCURACY LIMITS FURTHER IMPROVEMENT.
 MIGRAD MINIMIZATION HAS CONVERGED.
 FCN=-2.3786e+11 FROM MIGRAD    STATUS=CONVERGED      61 CALLS         237 TOTAL
                     EDM=0.000592135    STRATEGY= 1      ERROR MATRIX ACCURATE 
  EXT PARAMETER                                   STEP         FIRST   
  NO.   NAME      VALUE            ERROR          SIZE      DERIVATIVE 
   1  norm         5.58947e+05   1.72457e+02   0.00000e+00   3.14878e-04
   2  Q            5.65001e-01   1.65413e-05  -0.00000e+00   8.67434e+02
   3  theta        2.82297e-04   1.45009e-02  -0.00000e+00   5.59235e+00
   4  pileup       9.99827e-04   9.24403e-08   0.00000e+00  -2.76650e+05
 EXTERNAL ERROR MATRIX.    NDIM=  25    NPAR=  4    ERR DEF=1
  2.974e+04 -2.849e-03 -2.486e+00 -1.865e-07 
 -2.849e-03  2.736e-10  2.393e-07  9.456e-15 
 -2.486e+00  2.393e-07  2.103e-04  1.790e-11 
 -1.865e-07  9.456e-15  1.790e-11  8.545e-15 
 PARAMETER  CORRELATION COEFFICIENTS  
       NO.  GLOBAL      1      2      3      4
        1  0.99912   1.000 -0.999 -0.994 -0.012
        2  0.99966  -0.999  1.000  0.998  0.006
        3  0.99857  -0.994  0.998  1.000  0.013
        4  0.23266  -0.012  0.006  0.013  1.000
 **********
 **    4 **MIGRAD 
 **********
 START MIGRAD MINIMIZATION.  STRATEGY  1.  CONVERGENCE WHEN EDM .LT. 1.00e-04
 FCN=-2.3786e+11 FROM MIGRAD    STATUS=INITIATE        8 CALLS         245 TOTAL
                     EDM=6.48061    STRATEGY= 1      ERROR MATRIX ACCURATE 
  EXT PARAMETER                                   STEP         FIRST   
  NO.   NAME      VALUE            ERROR          SIZE      DERIVATIVE 
   1  norm         5.58947e+05   1.72457e+02   0.00000e+00   2.49040e-04
   2  Q            5.65001e-01   1.65413e-05  -0.00000e+00   9.66870e+02
   3  theta        2.82297e-04   1.45009e-02  -0.00000e+00   3.01542e+02
   4  pileup       9.99827e-04   9.24403e-08   0.00000e+00  -2.93281e+07
 MIGRAD FAILS TO FIND IMPROVEMENT
 MACHINE ACCURACY LIMITS FURTHER IMPROVEMENT.
 MIGRAD MINIMIZATION HAS CONVERGED.
 FCN=-2.3786e+11 FROM MIGRAD    STATUS=CONVERGED      19 CALLS         256 TOTAL
                     EDM=6.48061    STRATEGY= 1      ERROR MATRIX ACCURATE 
  EXT PARAMETER                                   STEP         FIRST   
  NO.   NAME      VALUE            ERROR          SIZE      DERIVATIVE 
   1  norm         5.58947e+05   1.72457e+02   0.00000e+00   2.49040e-04
   2  Q            5.65001e-01   1.65413e-05  -0.00000e+00   9.66870e+02
   3  theta        2.82297e-04   1.45009e-02  -0.00000e+00   3.01542e+02
   4  pileup       9.99827e-04   9.24403e-08   0.00000e+00  -2.93281e+07
 EXTERNAL ERROR MATRIX.    NDIM=  25    NPAR=  4    ERR DEF=1
  2.974e+04 -2.849e-03 -2.486e+00 -1.865e-07 
 -2.849e-03  2.736e-10  2.393e-07  9.456e-15 
 -2.486e+00  2.393e-07  2.103e-04  1.790e-11 
 -1.865e-07  9.456e-15  1.790e-11  8.545e-15 
 PARAMETER  CORRELATION COEFFICIENTS  
       NO.  GLOBAL      1      2      3      4
        1  0.99912   1.000 -0.999 -0.994 -0.012
        2  0.99966  -0.999  1.000  0.998  0.006
        3  0.99857  -0.994  0.998  1.000  0.013
        4  0.23266  -0.012  0.006  0.013  1.000
status of the fit-----000------0
1  558947
2  0.565001
3  0.000282297
4  0.000999827
 **********
 **    7 **SET PRINT           2
 **********
 **********
 **    8 **SET NOGRAD
 **********
 PARAMETER DEFINITIONS:
    NO.   NAME         VALUE      STEP SIZE      LIMITS
     1 p0           5.58000e+05  1.67400e+05     no limits
     2 p1           5.65000e-01  1.69500e-01     no limits
     3 p2           0.00000e+00  3.00000e-01     no limits
     4 p3           9.99871e-04  2.99961e-04     no limits
 **********
 **    9 **SET ERR         0.5
 **********
 **********
 **   10 **SET PRINT           2
 **********
 **********
 **   11 **SET STR           1
 **********
 NOW USING STRATEGY  1: TRY TO BALANCE SPEED AGAINST RELIABILITY
 **********
 **   12 **MIGRAD        1480        0.01
 **********
 FIRST CALL TO USER FUNCTION AT NEW START POINT, WITH IFLAG=4.
 START MIGRAD MINIMIZATION.  STRATEGY  1.  CONVERGENCE WHEN EDM .LT. 1.00e-05
 FCN=17313.1 FROM MIGRAD    STATUS=INITIATE       18 CALLS          19 TOTAL
                     EDM= unknown      STRATEGY= 1      NO ERROR MATRIX       
  EXT PARAMETER               CURRENT GUESS       STEP         FIRST   
  NO.   NAME      VALUE            ERROR          SIZE      DERIVATIVE 
   1  p0           5.58000e+05   1.67400e+05   1.67400e+05  -3.62618e+01
   2  p1           5.65000e-01   1.69500e-01   1.69500e-01  -1.12562e+08
   3  p2           0.00000e+00   3.00000e-01   3.00000e-01   0.00000e+00
   4  p3           9.99871e-04   2.99961e-04   2.99961e-04  -1.00254e+09
                               ERR DEF= 0.5
NO ERROR MATRIX       
 FCN=487.157 FROM MIGRAD    STATUS=PROGRESS       34 CALLS          35 TOTAL
                     EDM=1306.06    STRATEGY= 1      NO ERROR MATRIX       
  EXT PARAMETER               CURRENT GUESS       STEP         FIRST   
  NO.   NAME      VALUE            ERROR          SIZE      DERIVATIVE 
   1  p0           5.58439e+05   1.67400e+05   4.38986e+02  -8.19433e-01
   2  p1           5.65142e-01   1.69500e-01   1.41561e-04  -2.51663e+06
   3  p2           0.00000e+00   3.00000e-01  -0.00000e+00   0.00000e+00
   4  p3           1.00167e-03   2.99961e-04   1.79927e-06   3.99160e+08
                               ERR DEF= 0.5
 MIGRAD FAILS TO FIND IMPROVEMENT
   START COVARIANCE MATRIX CALCULATION.
 MINUIT WARNING IN HESSE   
 ============== Negative diagonal element 3 in Error Matrix
 MINUIT WARNING IN HESSE   
 ============== 15880.3 added to diagonal of error matrix
 EIGENVALUES OF SECOND-DERIVATIVE MATRIX:
        -7.9243e+00  9.2619e-01  1.0000e+00  9.9981e+00
 MINUIT WARNING IN HESSE   
 ============== MATRIX FORCED POS-DEF BY ADDING 7.934321 TO DIAGONAL.
 FCN=86.3613 FROM HESSE     STATUS=NOT POSDEF     29 CALLS         179 TOTAL
                     EDM=2.43301e-05    STRATEGY= 1      ERR MATRIX NOT POS-DEF
  EXT PARAMETER                APPROXIMATE        STEP         FIRST   
  NO.   NAME      VALUE            ERROR          SIZE      DERIVATIVE 
   1  p0           5.59274e+05   2.65496e-03   2.66682e-01  -1.16413e-05
   2  p1           5.64897e-01   1.10270e-06   2.69364e-07  -2.72444e+01
   3  p2           0.00000e+00   7.08398e+00   4.40659e-05   0.00000e+00
   4  p3           9.99830e-04   4.12850e-07   4.76756e-10  -1.68335e+04
                               ERR DEF= 0.5
 PARAMETER  CORRELATION COEFFICIENTS  
       NO.  GLOBAL      1      2      3      4
        1  0.00914   1.000  0.008  0.009  0.009
        2  0.86613   0.008  1.000  0.866  0.864
        3  0.99888   0.009  0.866  1.000  0.999
        4  0.99887   0.009  0.864  0.999  1.000
 ERR MATRIX NOT POS-DEF
 FCN=86.3054 FROM MIGRAD    STATUS=PROGRESS      188 CALLS         189 TOTAL
                     EDM=40793    STRATEGY= 1      ERR MATRIX NOT POS-DEF
  EXT PARAMETER                APPROXIMATE        STEP         FIRST   
  NO.   NAME      VALUE            ERROR          SIZE      DERIVATIVE 
   1  p0           5.59274e+05   2.65496e-03   8.45496e-09  -1.31977e-02
   2  p1           5.64897e-01   1.10270e-06   3.32764e-10  -4.12853e+04
   3  p2           2.46801e-03   7.08398e+00   2.46801e-03  -4.02621e+01
   4  p3           9.99830e-04   4.12850e-07   1.43995e-10  -9.15067e+05
                               ERR DEF= 0.5
 MINUIT WARNING IN MIGRAD  
 ============== Negative diagonal element 3 in Error Matrix
 MINUIT WARNING IN MIGRAD  
 ============== 1.00012 added to diagonal of error matrix
 EIGENVALUES OF SECOND-DERIVATIVE MATRIX:
         1.0000e+00  1.0000e+00  1.0000e+00  1.0000e+00
 MIGRAD FAILS TO FIND IMPROVEMENT
 MIGRAD TERMINATED WITHOUT CONVERGENCE.
 FCN=86.3054 FROM MIGRAD    STATUS=FAILED        199 CALLS         200 TOTAL
                     EDM=40793    STRATEGY= 1      ERR MATRIX NOT POS-DEF
  EXT PARAMETER                APPROXIMATE        STEP         FIRST   
  NO.   NAME      VALUE            ERROR          SIZE      DERIVATIVE 
   1  p0           5.59274e+05   7.07155e-01   0.00000e+00  -1.31977e-02
   2  p1           5.64897e-01   7.07150e-01   0.00000e+00  -4.12853e+04
   3  p2           2.46801e-03   7.07107e-01   0.00000e+00  -4.02621e+01
   4  p3           9.99830e-04   7.07150e-01   0.00000e+00  -9.15067e+05
                               ERR DEF= 0.5
 EXTERNAL ERROR MATRIX.    NDIM=  25    NPAR=  4    ERR DEF=0.5
  5.001e-01 -2.523e-13 -2.203e-09 -2.564e-15 
 -2.523e-13  5.001e-01 -3.108e-10 -4.048e-16 
 -2.203e-09 -3.108e-10  5.000e-01 -1.174e-11 
 -2.564e-15 -4.048e-16 -1.174e-11  5.001e-01 
ERR MATRIX NOT POS-DEF
 PARAMETER  CORRELATION COEFFICIENTS  
       NO.  GLOBAL      1      2      3      4
        1  0.00000   1.000 -0.000 -0.000 -0.000
        2  0.00000  -0.000  1.000 -0.000 -0.000
        3  0.00000  -0.000 -0.000  1.000 -0.000
        4  0.00000  -0.000 -0.000 -0.000  1.000
 ERR MATRIX NOT POS-DEF
 FCN=86.3054 FROM MIGRAD    STATUS=FAILED        199 CALLS         200 TOTAL
                     EDM=40793    STRATEGY= 1      ERR MATRIX NOT POS-DEF
  EXT PARAMETER                  PARABOLIC         MINOS ERRORS        
  NO.   NAME      VALUE            ERROR      NEGATIVE      POSITIVE   
   1  p0           5.59274e+05   7.07155e-01                            
   2  p1           5.64897e-01   7.07150e-01                            
   3  p2           2.46801e-03   7.07107e-01                            
   4  p3           9.99830e-04   7.07150e-01                            
                               ERR DEF= 0.5
 **********
 **   13 **SET PRINT           2
 **********
 **********
 **   14 **SET NOGRAD
 **********
 PARAMETER DEFINITIONS:
    NO.   NAME         VALUE      STEP SIZE      LIMITS
     1 p0           5.59274e+05  7.07155e-01     no limits
     2 p1           5.64897e-01  7.07150e-01     no limits
     3 p2           2.46801e-03  7.07107e-01     no limits
     4 p3           9.99830e-04  7.07150e-01     no limits
 **********
 **   15 **SET ERR         0.5
 **********
 **********
 **   16 **SET PRINT           2
 **********
 **********
 **   17 **SET STR           1
 **********
 NOW USING STRATEGY  1: TRY TO BALANCE SPEED AGAINST RELIABILITY
 **********
 **   18 **MIGRAD        1480        0.01
 **********
 FIRST CALL TO USER FUNCTION AT NEW START POINT, WITH IFLAG=4.
 START MIGRAD MINIMIZATION.  STRATEGY  1.  CONVERGENCE WHEN EDM .LT. 1.00e-05
 FCN=86.2057 FROM MIGRAD    STATUS=INITIATE       43 CALLS          44 TOTAL
                     EDM= unknown      STRATEGY= 1      NO ERROR MATRIX       
  EXT PARAMETER               CURRENT GUESS       STEP         FIRST   
  NO.   NAME      VALUE            ERROR          SIZE      DERIVATIVE 
   1  p0           5.59274e+05   7.07155e-01   0.00000e+00  -6.67802e-02
   2  p1           5.64897e-01   7.07150e-01   0.00000e+00  -2.08874e+05
   3  p2           5.52099e-03   7.07107e-01   3.05298e-03  -2.99284e-01
   4  p3           9.99830e-04   7.07150e-01   0.00000e+00  -4.71914e+06
                               ERR DEF= 0.5
NO ERROR MATRIX       
 FCN=86.1309 FROM MIGRAD    STATUS=PROGRESS       55 CALLS          56 TOTAL
                     EDM=0.159189    STRATEGY= 1      NO ERROR MATRIX       
  EXT PARAMETER               CURRENT GUESS       STEP         FIRST   
  NO.   NAME      VALUE            ERROR          SIZE      DERIVATIVE 
   1  p0           5.59274e+05   7.07155e-01   8.15526e-01   4.38684e-03
   2  p1           5.64897e-01   7.07150e-01   2.63377e-07   1.27062e+04
   3  p2           5.52455e-03   7.07107e-01   3.56184e-06  -5.45510e+01
   4  p3           9.99839e-04   7.07150e-01   8.51280e-09  -7.87920e+05
                               ERR DEF= 0.5
 FCN=85.6518 FROM MIGRAD    STATUS=PROGRESS      181 CALLS         182 TOTAL
                     EDM=0.00256896    STRATEGY= 1  ERROR MATRIX UNCERTAINTY  26.2 per cent
  EXT PARAMETER                APPROXIMATE        STEP         FIRST   
  NO.   NAME      VALUE            ERROR          SIZE      DERIVATIVE 
   1  p0           5.57840e+05   1.45116e+03   2.91456e+01   1.06242e-02
   2  p1           5.65361e-01   4.68763e-04  -9.49113e-06   3.29930e+04
   3  p2           1.20392e-02   6.35984e-03  -3.17782e-04  -1.33362e+01
   4  p3           9.99861e-04   7.30752e-08  -1.13784e-09   3.55676e+05
                               ERR DEF= 0.5
 MIGRAD FAILS TO FIND IMPROVEMENT
   START COVARIANCE MATRIX CALCULATION.
 EIGENVALUES OF SECOND-DERIVATIVE MATRIX:
         1.6006e-03  4.3289e-01  8.7656e-01  2.6889e+00
 COVARIANCE MATRIX CALCULATED SUCCESSFULLY
 FCN=85.65 FROM HESSE     STATUS=OK             31 CALLS         258 TOTAL
                     EDM=4.08193e-06    STRATEGY= 1      ERROR MATRIX ACCURATE 
  EXT PARAMETER                                   STEP         FIRST   
  NO.   NAME      VALUE            ERROR          SIZE      DERIVATIVE 
   1  p0           5.57881e+05   9.02723e+01   2.66018e-01  -2.53141e-05
   2  p1           5.65347e-01   2.91715e-05   2.69578e-07  -3.09570e+01
   3  p2           1.19156e-02   2.89254e-03   1.55737e-05  -6.37494e-01
   4  p3           9.99860e-04   6.91331e-08   4.76771e-10  -1.09870e+04
                               ERR DEF= 0.5
 PARAMETER  CORRELATION COEFFICIENTS  
       NO.  GLOBAL      1      2      3      4
        1  0.99840   1.000 -0.998  0.107  0.243
        2  0.99840  -0.998  1.000 -0.071 -0.246
        3  0.66239   0.107 -0.071  1.000  0.392
        4  0.52547   0.243 -0.246  0.392  1.000
 MIGRAD FAILS TO FIND IMPROVEMENT
 MIGRAD MINIMIZATION HAS CONVERGED.
 FCN=85.65 FROM MIGRAD    STATUS=CONVERGED     262 CALLS         263 TOTAL
                     EDM=4.08193e-06    STRATEGY= 1      ERROR MATRIX ACCURATE 
  EXT PARAMETER                                   STEP         FIRST   
  NO.   NAME      VALUE            ERROR          SIZE      DERIVATIVE 
   1  p0           5.57881e+05   9.02723e+01   0.00000e+00  -2.53141e-05
   2  p1           5.65347e-01   2.91715e-05  -0.00000e+00  -3.09570e+01
   3  p2           1.19156e-02   2.89254e-03   0.00000e+00  -6.37494e-01
   4  p3           9.99860e-04   6.91331e-08   0.00000e+00  -1.09870e+04
                               ERR DEF= 0.5
 EXTERNAL ERROR MATRIX.    NDIM=  25    NPAR=  4    ERR DEF=0.5
  8.149e+03 -2.627e-03  2.790e-02  1.514e-06 
 -2.627e-03  8.510e-10 -5.995e-09 -4.959e-13 
  2.790e-02 -5.995e-09  8.367e-06  7.837e-11 
  1.514e-06 -4.959e-13  7.837e-11  4.779e-15 
 PARAMETER  CORRELATION COEFFICIENTS  
       NO.  GLOBAL      1      2      3      4
        1  0.99840   1.000 -0.998  0.107  0.243
        2  0.99840  -0.998  1.000 -0.071 -0.246
        3  0.66239   0.107 -0.071  1.000  0.392
        4  0.52547   0.243 -0.246  0.392  1.000
 EXTERNAL ERROR MATRIX.    NDIM=   4    NPAR=  4    ERR DEF=0.5
  8.149e+03 -2.627e-03  2.790e-02  1.514e-06 
 -2.627e-03  8.510e-10 -5.995e-09 -4.959e-13 
  2.790e-02 -5.995e-09  8.367e-06  7.837e-11 
  1.514e-06 -4.959e-13  7.837e-11  4.779e-15 
 FCN=85.65 FROM MIGRAD    STATUS=CONVERGED     262 CALLS         263 TOTAL
                     EDM=4.08193e-06    STRATEGY= 1      ERROR MATRIX ACCURATE 
  EXT PARAMETER                  PARABOLIC         MINOS ERRORS        
  NO.   NAME      VALUE            ERROR      NEGATIVE      POSITIVE   
   1  p0           5.57881e+05   9.02723e+01                            
   2  p1           5.65347e-01   2.91715e-05                            
   3  p2           1.19156e-02   2.89254e-03                            
   4  p3           9.99860e-04   6.91331e-08                            
                               ERR DEF= 0.5
------------------------------------------
Enering ROOFIt-------
 PARAMETER DEFINITIONS:
    NO.   NAME         VALUE      STEP SIZE      LIMITS
     1 norm         5.57881e+05  1.00000e-01     no limits
     2 Q            5.65000e-01  1.00000e-01     no limits
     3 theta        0.00000e+00  1.00000e-01     no limits
     4 pileup       9.99860e-04  1.00000e-01     no limits
 **********
 **    1 **MIGRAD
 **********
 FIRST CALL TO USER FUNCTION AT NEW START POINT, WITH IFLAG=4.
 START MIGRAD MINIMIZATION.  STRATEGY  1.  CONVERGENCE WHEN EDM .LT. 1.00e-04
 FCN=-2.3786e+11 FROM MIGRAD    STATUS=INITIATE       14 CALLS          15 TOTAL
                     EDM= unknown      STRATEGY= 1      NO ERROR MATRIX       
  EXT PARAMETER               CURRENT GUESS       STEP         FIRST   
  NO.   NAME      VALUE            ERROR          SIZE      DERIVATIVE 
   1  norm         5.57881e+05   1.00000e-01   1.00000e-01  -4.08132e+01
   2  Q            5.65000e-01   1.00000e-01   1.00000e-01  -6.14790e+08
   3  theta        0.00000e+00   1.00000e-01   1.00000e-01   0.00000e+00
   4  pileup       9.99860e-04   1.00000e-01   1.00000e-01  -9.19501e+11
 MIGRAD FAILS TO FIND IMPROVEMENT
 EIGENVALUES OF SECOND-DERIVATIVE MATRIX:
        -2.2836e-01  4.4721e-01  6.6729e-01  3.1139e+00
 MINUIT WARNING IN HESSE   
 ============== MATRIX FORCED POS-DEF BY ADDING 0.231477 TO DIAGONAL.
 FCN=-2.3786e+11 FROM HESSE     STATUS=NOT POSDEF     27 CALLS          94 TOTAL
                     EDM=2961.38    STRATEGY= 1      ERR MATRIX NOT POS-DEF
  EXT PARAMETER                APPROXIMATE        STEP         FIRST   
  NO.   NAME      VALUE            ERROR          SIZE      DERIVATIVE 
   1  norm         5.58821e+05   1.06568e+01   1.72570e+03   1.14569e+00
   2  Q            5.65010e-01   4.88828e-06   5.55079e-04   3.62851e+06
   3  theta        0.00000e+00   9.53868e-03   1.19564e-01   0.00000e+00
   4  pileup       1.00444e-03   9.31235e-08   2.10482e-05   1.07818e+09
 MIGRAD FAILS TO FIND IMPROVEMENT
 MACHINE ACCURACY LIMITS FURTHER IMPROVEMENT.
 MIGRAD MINIMIZATION HAS CONVERGED.
 MIGRAD WILL VERIFY CONVERGENCE AND ERROR MATRIX.
 EIGENVALUES OF SECOND-DERIVATIVE MATRIX:
        -1.1629e-01  4.5526e-01  6.6918e-01  2.9918e+00
 MINUIT WARNING IN HESSE   
 ============== MATRIX FORCED POS-DEF BY ADDING 0.119278 TO DIAGONAL.
 MIGRAD TERMINATED WITHOUT CONVERGENCE.
 FCN=-2.3786e+11 FROM MIGRAD    STATUS=FAILED        194 CALLS         195 TOTAL
                     EDM=2.26507    STRATEGY= 1      ERR MATRIX NOT POS-DEF
  EXT PARAMETER                APPROXIMATE        STEP         FIRST   
  NO.   NAME      VALUE            ERROR          SIZE      DERIVATIVE 
   1  norm         5.58915e+05   9.77351e+00   1.72557e+03   1.65229e-01
   2  Q            5.65013e-01   5.33313e-06   5.54972e-04   5.16199e+05
   3  theta        7.75651e-05   5.46747e-03   1.77114e-01   6.01627e+01
   4  pileup       9.99865e-04   1.27656e-07   2.09938e-05   1.41002e+07
 EXTERNAL ERROR MATRIX.    NDIM=  25    NPAR=  4    ERR DEF=1
  9.552e+01 -2.825e-05 -2.667e-02  4.106e-07 
 -2.825e-05  2.844e-11  2.902e-08 -4.546e-13 
 -2.667e-02  2.902e-08  2.989e-05 -4.436e-10 
  4.106e-07 -4.546e-13 -4.436e-10  1.630e-14 
ERR MATRIX NOT POS-DEF
 PARAMETER  CORRELATION COEFFICIENTS  
       NO.  GLOBAL      1      2      3      4
        1  0.71334   1.000 -0.542 -0.499  0.329
        2  0.99749  -0.542  1.000  0.995 -0.668
        3  0.99712  -0.499  0.995  1.000 -0.636
        4  0.75778   0.329 -0.668 -0.636  1.000
 ERR MATRIX NOT POS-DEF
 **********
 **    2 **MIGRAD 
 **********
 START MIGRAD MINIMIZATION.  STRATEGY  1.  CONVERGENCE WHEN EDM .LT. 1.00e-04
 FCN=-2.3786e+11 FROM MIGRAD    STATUS=INITIATE        8 CALLS         203 TOTAL
                     EDM=5.05102    STRATEGY= 1      ERR MATRIX NOT POS-DEF
  EXT PARAMETER                APPROXIMATE        STEP         FIRST   
  NO.   NAME      VALUE            ERROR          SIZE      DERIVATIVE 
   1  norm         5.58915e+05   9.77351e+00   1.72557e+03   1.54994e-01
   2  Q            5.65013e-01   5.33313e-06   5.54972e-04   5.16278e+05
   3  theta        7.75651e-05   5.46747e-03   1.77114e-01   5.57271e+02
   4  pileup       9.99865e-04   1.27656e-07   2.09938e-05   9.58636e+06
 MINUIT WARNING IN MIGRAD  
 ============== Negative diagonal element 2 in Error Matrix
 MINUIT WARNING IN MIGRAD  
 ============== 1 added to diagonal of error matrix
 MIGRAD FAILS TO FIND IMPROVEMENT
 EIGENVALUES OF SECOND-DERIVATIVE MATRIX:
        -8.9936e-02  4.6411e-01  6.6879e-01  2.9570e+00
 MINUIT WARNING IN HESSE   
 ============== MATRIX FORCED POS-DEF BY ADDING 0.092893 TO DIAGONAL.
 FCN=-2.3786e+11 FROM HESSE     STATUS=NOT POSDEF     31 CALLS         260 TOTAL
                     EDM=9.25086    STRATEGY= 1      ERR MATRIX NOT POS-DEF
  EXT PARAMETER                APPROXIMATE        STEP         FIRST   
  NO.   NAME      VALUE            ERROR          SIZE      DERIVATIVE 
   1  norm         5.58915e+05   9.66638e+00   1.72567e+03   5.40126e-02
   2  Q            5.65012e-01   5.36379e-06   5.54971e-04   1.70497e+05
   3  theta       -1.22147e-03   5.44928e-03   1.78496e-01  -9.76473e+02
   4  pileup       9.99879e-04   1.33918e-07   2.09871e-05   1.41708e+07
 MINUIT WARNING IN MIGRAD  
 ============== Negative diagonal element 2 in Error Matrix
 MINUIT WARNING IN MIGRAD  
 ============== Negative diagonal element 3 in Error Matrix
 MINUIT WARNING IN MIGRAD  
 ============== 1 added to diagonal of error matrix
 MIGRAD FAILS TO FIND IMPROVEMENT
 MACHINE ACCURACY LIMITS FURTHER IMPROVEMENT.
 MIGRAD MINIMIZATION HAS CONVERGED.
 MIGRAD WILL VERIFY CONVERGENCE AND ERROR MATRIX.
 EIGENVALUES OF SECOND-DERIVATIVE MATRIX:
        -3.4642e-04  3.7155e-01  8.5091e-01  2.7779e+00
 MINUIT WARNING IN HESSE   
 ============== MATRIX FORCED POS-DEF BY ADDING 0.003124 TO DIAGONAL.
 MIGRAD TERMINATED WITHOUT CONVERGENCE.
 FCN=-2.3786e+11 FROM MIGRAD    STATUS=FAILED        117 CALLS         312 TOTAL
                     EDM=1.30753    STRATEGY= 1      ERR MATRIX NOT POS-DEF
  EXT PARAMETER                APPROXIMATE        STEP         FIRST   
  NO.   NAME      VALUE            ERROR          SIZE      DERIVATIVE 
   1  norm         5.58914e+05   9.66768e+01   6.90268e+02   1.08200e-01
   2  Q            5.65013e-01   3.14988e-05   9.50876e-05   3.38540e+05
   3  theta       -3.71401e-04   1.09739e-03   1.03543e-01   1.31452e+01
   4  pileup       9.99862e-04   1.04212e-07   8.39485e-06   1.18720e+07
 EXTERNAL ERROR MATRIX.    NDIM=  25    NPAR=  4    ERR DEF=1
  9.346e+03 -3.031e-03 -2.165e-02 -8.199e-07 
 -3.031e-03  9.922e-10  8.819e-09  2.628e-13 
 -2.165e-02  8.819e-09  1.204e-06  5.037e-11 
 -8.199e-07  2.628e-13  5.037e-11  1.086e-14 
ERR MATRIX NOT POS-DEF
 PARAMETER  CORRELATION COEFFICIENTS  
       NO.  GLOBAL      1      2      3      4
        1  0.99720   1.000 -0.995 -0.204 -0.081
        2  0.99727  -0.995  1.000  0.255  0.080
        3  0.72649  -0.204  0.255  1.000  0.440
        4  0.53578  -0.081  0.080  0.440  1.000
 ERR MATRIX NOT POS-DEF
status of the fit-----000------4
1  558914
2  0.565013
3  -0.000371401
4  0.000999862
 PARAMETER DEFINITIONS:
    NO.   NAME         VALUE      STEP SIZE      LIMITS
     1 norm         5.58914e+05  1.00000e-01     no limits
     2 Q            5.65013e-01  1.00000e-01     no limits
     3 theta       -3.71401e-04  1.00000e-01     no limits
     4 pileup       9.99862e-04  1.00000e-01     no limits
 **********
 **    3 **MIGRAD
 **********
 FIRST CALL TO USER FUNCTION AT NEW START POINT, WITH IFLAG=4.
 START MIGRAD MINIMIZATION.  STRATEGY  1.  CONVERGENCE WHEN EDM .LT. 1.00e-04
 FCN=-2.3786e+11 FROM MIGRAD    STATUS=INITIATE       14 CALLS         327 TOTAL
                     EDM= unknown      STRATEGY= 1      NO ERROR MATRIX       
  EXT PARAMETER               CURRENT GUESS       STEP         FIRST   
  NO.   NAME      VALUE            ERROR          SIZE      DERIVATIVE 
   1  norm         5.58914e+05   1.00000e-01   1.00000e-01   1.08227e-01
   2  Q            5.65013e-01   1.00000e-01   1.00000e-01   9.95917e+06
   3  theta       -3.71401e-04   1.00000e-01   1.00000e-01  -2.44697e+03
   4  pileup       9.99862e-04   1.00000e-01   1.00000e-01  -9.18041e+11
 MIGRAD FAILS TO FIND IMPROVEMENT
 COVARIANCE MATRIX CALCULATED SUCCESSFULLY
 FCN=-2.3786e+11 FROM HESSE     STATUS=OK             29 CALLS         367 TOTAL
                     EDM=12.0188    STRATEGY= 1      ERROR MATRIX ACCURATE 
  EXT PARAMETER                                   STEP         FIRST   
  NO.   NAME      VALUE            ERROR          SIZE      DERIVATIVE 
   1  norm         5.58914e+05   9.13412e+01   2.66511e+00   1.08067e-01
   2  Q            5.65013e-01   8.65600e-06   1.00000e-03   3.38540e+05
   3  theta       -3.71401e-04   7.61658e-03   1.00000e-01   1.34163e+01
   4  pileup       9.99862e-04   9.24349e-08   1.00000e-02   1.12869e+07
 EIGENVALUES OF SECOND-DERIVATIVE MATRIX:
        -7.6984e-03  2.0380e-01  8.7545e-01  2.9284e+00
 MINUIT WARNING IN MIGRAD  
 ============== MATRIX FORCED POS-DEF BY ADDING 0.010627 TO DIAGONAL.
 MIGRAD FAILS TO FIND IMPROVEMENT
 MACHINE ACCURACY LIMITS FURTHER IMPROVEMENT.
 MIGRAD MINIMIZATION HAS CONVERGED.
 MIGRAD WILL VERIFY CONVERGENCE AND ERROR MATRIX.
 EIGENVALUES OF SECOND-DERIVATIVE MATRIX:
        -1.8261e-04  3.5501e-01  8.5126e-01  2.7939e+00
 MINUIT WARNING IN HESSE   
 ============== MATRIX FORCED POS-DEF BY ADDING 0.002977 TO DIAGONAL.
 MIGRAD TERMINATED WITHOUT CONVERGENCE.
 FCN=-2.3786e+11 FROM MIGRAD    STATUS=FAILED        152 CALLS         465 TOTAL
                     EDM=0.41763    STRATEGY= 1      ERR MATRIX NOT POS-DEF
  EXT PARAMETER                APPROXIMATE        STEP         FIRST   
  NO.   NAME      VALUE            ERROR          SIZE      DERIVATIVE 
   1  norm         5.58910e+05   9.68757e+01   5.33022e+02  -2.39035e-04
   2  Q            5.65013e-01   3.12682e-05   9.51443e-05   1.39927e+03
   3  theta       -4.71882e-05   2.54570e-03   4.52870e-02   1.49936e+00
   4  pileup       9.99861e-04   1.04670e-07   2.09857e-05   8.68866e+06
 EXTERNAL ERROR MATRIX.    NDIM=  25    NPAR=  4    ERR DEF=1
  9.385e+03 -3.015e-03 -6.817e-03 -4.160e-08 
 -3.015e-03  9.777e-10  6.540e-09  1.515e-14 
 -6.817e-03  6.540e-09  6.481e-06  1.196e-10 
 -4.160e-08  1.515e-14  1.196e-10  1.096e-14 
ERR MATRIX NOT POS-DEF
 PARAMETER  CORRELATION COEFFICIENTS  
       NO.  GLOBAL      1      2      3      4
        1  0.99721   1.000 -0.995 -0.028 -0.004
        2  0.99723  -0.995  1.000  0.082  0.005
        3  0.72251  -0.028  0.082  1.000  0.449
        4  0.54155  -0.004  0.005  0.449  1.000
 ERR MATRIX NOT POS-DEF
 **********
 **    4 **MIGRAD 
 **********
 START MIGRAD MINIMIZATION.  STRATEGY  1.  CONVERGENCE WHEN EDM .LT. 1.00e-04
 FCN=-2.3786e+11 FROM MIGRAD    STATUS=INITIATE        8 CALLS         473 TOTAL
                     EDM=0.0523284    STRATEGY= 1      ERR MATRIX NOT POS-DEF
  EXT PARAMETER                APPROXIMATE        STEP         FIRST   
  NO.   NAME      VALUE            ERROR          SIZE      DERIVATIVE 
   1  norm         5.58910e+05   9.68757e+01   5.33022e+02  -1.21113e-03
   2  Q            5.65013e-01   3.12682e-05   9.51443e-05   1.39807e+03
   3  theta       -4.71882e-05   2.54570e-03   4.52870e-02  -8.61796e+00
   4  pileup       9.99861e-04   1.04670e-07   2.09857e-05   4.17814e+06
 MIGRAD FAILS TO FIND IMPROVEMENT
 EIGENVALUES OF SECOND-DERIVATIVE MATRIX:
        -7.3450e-02  4.7467e-01  6.6866e-01  2.9301e+00
 MINUIT WARNING IN HESSE   
 ============== MATRIX FORCED POS-DEF BY ADDING 0.076380 TO DIAGONAL.
 FCN=-2.3786e+11 FROM HESSE     STATUS=NOT POSDEF     31 CALLS         543 TOTAL
                     EDM=0.0695975    STRATEGY= 1      ERR MATRIX NOT POS-DEF
  EXT PARAMETER                APPROXIMATE        STEP         FIRST   
  NO.   NAME      VALUE            ERROR          SIZE      DERIVATIVE 
   1  norm         5.58922e+05   8.51563e+00   1.72569e+03  -2.83075e-02
   2  Q            5.65009e-01   5.25408e-06   5.54969e-04  -8.62409e+04
   3  theta       -3.33367e-04   9.84618e-03   1.01911e-01   4.58913e+00
   4  pileup       9.99830e-04   1.22099e-07   2.09852e-05   7.00329e+05
 EIGENVALUES OF SECOND-DERIVATIVE MATRIX:
        -5.5225e-01  3.8966e-01  9.2874e-01  3.2339e+00
 MINUIT WARNING IN MIGRAD  
 ============== MATRIX FORCED POS-DEF BY ADDING 0.555484 TO DIAGONAL.
 MIGRAD FAILS TO FIND IMPROVEMENT
 MACHINE ACCURACY LIMITS FURTHER IMPROVEMENT.
 MIGRAD MINIMIZATION HAS CONVERGED.
 MIGRAD WILL VERIFY CONVERGENCE AND ERROR MATRIX.
 EIGENVALUES OF SECOND-DERIVATIVE MATRIX:
        -2.7302e-04  3.4733e-01  8.5152e-01  2.8014e+00
 MINUIT WARNING IN HESSE   
 ============== MATRIX FORCED POS-DEF BY ADDING 0.003074 TO DIAGONAL.
 MIGRAD TERMINATED WITHOUT CONVERGENCE.
 FCN=-2.3786e+11 FROM MIGRAD    STATUS=FAILED        178 CALLS         643 TOTAL
                     EDM=0.00646797    STRATEGY= 1      ERR MATRIX NOT POS-DEF
  EXT PARAMETER                APPROXIMATE        STEP         FIRST   
  NO.   NAME      VALUE            ERROR          SIZE      DERIVATIVE 
   1  norm         5.58922e+05   9.67633e+01   1.72569e+03   8.18297e-03
   2  Q            5.65010e-01   3.12222e-05   9.43620e-05   2.71753e+04
   3  theta        1.80139e-04   2.72114e-03   4.26552e-02  -4.66830e+00
   4  pileup       9.99825e-04   1.05043e-07   2.09851e-05   6.86368e+05
 EXTERNAL ERROR MATRIX.    NDIM=  25    NPAR=  4    ERR DEF=1
  9.363e+03 -3.007e-03 -4.371e-03  8.967e-08 
 -3.007e-03  9.748e-10  6.135e-09 -2.415e-14 
 -4.371e-03  6.135e-09  7.405e-06  1.300e-10 
  8.967e-08 -2.415e-14  1.300e-10  1.103e-14 
ERR MATRIX NOT POS-DEF
 PARAMETER  CORRELATION COEFFICIENTS  
       NO.  GLOBAL      1      2      3      4
        1  0.99720   1.000 -0.995 -0.017  0.009
        2  0.99722  -0.995  1.000  0.072 -0.007
        3  0.72831  -0.017  0.072  1.000  0.455
        4  0.54625   0.009 -0.007  0.455  1.000
 ERR MATRIX NOT POS-DEF
status of the fit-----000------4
1  558922
2  0.56501
3  0.000180139
4  0.000999825
 PARAMETER DEFINITIONS:
    NO.   NAME         VALUE      STEP SIZE      LIMITS
     1 norm         5.58922e+05  1.00000e-01     no limits
     2 Q            5.65010e-01  1.00000e-01     no limits
     3 theta        1.80139e-04  1.00000e-01     no limits
     4 pileup       9.99825e-04  1.00000e-01     no limits
 **********
 **    5 **MIGRAD
 **********
 FIRST CALL TO USER FUNCTION AT NEW START POINT, WITH IFLAG=4.
 START MIGRAD MINIMIZATION.  STRATEGY  1.  CONVERGENCE WHEN EDM .LT. 1.00e-04
 FCN=-2.3786e+11 FROM MIGRAD    STATUS=INITIATE       14 CALLS         658 TOTAL
                     EDM= unknown      STRATEGY= 1      NO ERROR MATRIX       
  EXT PARAMETER               CURRENT GUESS       STEP         FIRST   
  NO.   NAME      VALUE            ERROR          SIZE      DERIVATIVE 
   1  norm         5.58922e+05   1.00000e-01   1.00000e-01   8.33032e-03
   2  Q            5.65010e-01   1.00000e-01   1.00000e-01   8.05970e+06
   3  theta        1.80139e-04   1.00000e-01   1.00000e-01   1.19048e+03
   4  pileup       9.99825e-04   1.00000e-01   1.00000e-01  -9.18045e+11
 MIGRAD FAILS TO FIND IMPROVEMENT
 EIGENVALUES OF SECOND-DERIVATIVE MATRIX:
        -6.6187e-04  3.8144e-01  9.1687e-01  2.7024e+00
 MINUIT WARNING IN HESSE   
 ============== MATRIX FORCED POS-DEF BY ADDING 0.003364 TO DIAGONAL.
 FCN=-2.3786e+11 FROM HESSE     STATUS=NOT POSDEF     29 CALLS         698 TOTAL
                     EDM=0.0414803    STRATEGY= 1      ERR MATRIX NOT POS-DEF
  EXT PARAMETER                APPROXIMATE        STEP         FIRST   
  NO.   NAME      VALUE            ERROR          SIZE      DERIVATIVE 
   1  norm         5.58922e+05   6.80440e+01   2.66515e+00   8.30169e-03
   2  Q            5.65010e-01   6.53142e-06   1.00000e-03   2.71848e+04
   3  theta        1.80139e-04   5.87232e-03   1.00000e-01  -3.17764e+00
   4  pileup       9.99825e-04   9.22763e-08   1.00000e-02   1.39042e+05
 MIGRAD FAILS TO FIND IMPROVEMENT
 MACHINE ACCURACY LIMITS FURTHER IMPROVEMENT.
 MIGRAD MINIMIZATION HAS CONVERGED.
 MIGRAD WILL VERIFY CONVERGENCE AND ERROR MATRIX.
 EIGENVALUES OF SECOND-DERIVATIVE MATRIX:
        -1.8163e-04  3.4795e-01  8.5113e-01  2.8011e+00
 MINUIT WARNING IN HESSE   
 ============== MATRIX FORCED POS-DEF BY ADDING 0.002983 TO DIAGONAL.
 MIGRAD TERMINATED WITHOUT CONVERGENCE.
 FCN=-2.3786e+11 FROM MIGRAD    STATUS=FAILED        157 CALLS         801 TOTAL
                     EDM=0.00188181    STRATEGY= 1      ERR MATRIX NOT POS-DEF
  EXT PARAMETER                APPROXIMATE        STEP         FIRST   
  NO.   NAME      VALUE            ERROR          SIZE      DERIVATIVE 
   1  norm         5.58922e+05   9.67587e+01   5.33030e+02  -3.17754e-04
   2  Q            5.65010e-01   3.12271e-05   9.49900e-05   4.53796e+02
   3  theta        2.05423e-04   2.67661e-03   4.32873e-02  -5.23462e+00
   4  pileup       9.99825e-04   1.05025e-07   2.09851e-05   4.45454e+05
 EXTERNAL ERROR MATRIX.    NDIM=  25    NPAR=  4    ERR DEF=1
  9.362e+03 -3.007e-03 -6.414e-03 -3.074e-08 
 -3.007e-03  9.751e-10  6.710e-09  1.437e-14 
 -6.414e-03  6.710e-09  7.164e-06  1.278e-10 
 -3.074e-08  1.437e-14  1.278e-10  1.103e-14 
ERR MATRIX NOT POS-DEF
 PARAMETER  CORRELATION COEFFICIENTS  
       NO.  GLOBAL      1      2      3      4
        1  0.99720   1.000 -0.995 -0.025 -0.003
        2  0.99722  -0.995  1.000  0.080  0.004
        3  0.72814  -0.025  0.080  1.000  0.455
        4  0.54597  -0.003  0.004  0.455  1.000
 ERR MATRIX NOT POS-DEF
 **********
 **    6 **MIGRAD 
 **********
 START MIGRAD MINIMIZATION.  STRATEGY  1.  CONVERGENCE WHEN EDM .LT. 1.00e-04
 FCN=-2.3786e+11 FROM MIGRAD    STATUS=INITIATE        8 CALLS         809 TOTAL
                     EDM=0.0436408    STRATEGY= 1      ERR MATRIX NOT POS-DEF
  EXT PARAMETER                APPROXIMATE        STEP         FIRST   
  NO.   NAME      VALUE            ERROR          SIZE      DERIVATIVE 
   1  norm         5.58922e+05   9.67587e+01   5.33030e+02  -1.28920e-03
   2  Q            5.65010e-01   3.12271e-05   9.49900e-05   4.82309e+02
   3  theta        2.05423e-04   2.67661e-03   4.32873e-02   3.51301e+01
   4  pileup       9.99825e-04   1.05025e-07   2.09851e-05  -4.06505e+06
 MIGRAD FAILS TO FIND IMPROVEMENT
 MACHINE ACCURACY LIMITS FURTHER IMPROVEMENT.
 MIGRAD MINIMIZATION HAS CONVERGED.
 MIGRAD WILL VERIFY CONVERGENCE AND ERROR MATRIX.
 EIGENVALUES OF SECOND-DERIVATIVE MATRIX:
        -4.2026e-05  1.9725e-01  8.4874e-01  2.9541e+00
 MINUIT WARNING IN HESSE   
 ============== MATRIX FORCED POS-DEF BY ADDING 0.002996 TO DIAGONAL.
 FCN=-2.3786e+11 FROM HESSE     STATUS=NOT POSDEF     29 CALLS         849 TOTAL
                     EDM=0.00103518    STRATEGY= 1      ERR MATRIX NOT POS-DEF
  EXT PARAMETER                APPROXIMATE        STEP         FIRST   
  NO.   NAME      VALUE            ERROR          SIZE      DERIVATIVE 
   1  norm         5.58922e+05   9.41678e+01   2.13212e+02  -2.97000e-04
   2  Q            5.65010e-01   3.04588e-05   3.79960e-05   4.81907e+02
   3  theta        2.05423e-04   9.91595e-03   1.73149e-02  -5.59594e+00
   4  pileup       9.99825e-04   1.18119e-07   8.39406e-06   4.83764e+05
 MIGRAD FAILS TO FIND IMPROVEMENT
 MIGRAD TERMINATED WITHOUT CONVERGENCE.
 FCN=-2.3786e+11 FROM MIGRAD    STATUS=FAILED        109 CALLS         910 TOTAL
                     EDM=869538    STRATEGY= 1      ERR MATRIX NOT POS-DEF
  EXT PARAMETER                APPROXIMATE        STEP         FIRST   
  NO.   NAME      VALUE            ERROR          SIZE      DERIVATIVE 
   1  norm         5.58932e+05   5.76701e+00  -0.00000e+00  -6.47353e-02
   2  Q            5.65007e-01   6.65828e-08  -0.00000e+00   9.57001e+02
   3  theta        3.25489e-04   1.35100e-03  -0.00000e+00   1.61162e+04
   4  pileup       9.99823e-04   8.19888e-08  -0.00000e+00  -2.85746e+07
 EXTERNAL ERROR MATRIX.    NDIM=  25    NPAR=  4    ERR DEF=1
  3.326e+01  2.101e-08  1.430e-03  9.294e-08 
  2.101e-08  4.433e-15  4.344e-11  5.853e-16 
  1.430e-03  4.344e-11  1.825e-06  2.535e-11 
  9.294e-08  5.853e-16  2.535e-11  6.722e-15 
ERR MATRIX NOT POS-DEF
 PARAMETER  CORRELATION COEFFICIENTS  
       NO.  GLOBAL      1      2      3      4
        1  0.24568   1.000  0.055  0.184  0.197
        2  0.48419   0.055  1.000  0.483  0.107
        3  0.52984   0.184  0.483  1.000  0.229
        4  0.27770   0.197  0.107  0.229  1.000
 ERR MATRIX NOT POS-DEF
status of the fit-----000------4
1  558932
2  0.565007
3  0.000325489
4  0.000999823
 PARAMETER DEFINITIONS:
    NO.   NAME         VALUE      STEP SIZE      LIMITS
     1 norm         5.58932e+05  1.00000e-01     no limits
     2 Q            5.65007e-01  1.00000e-01     no limits
     3 theta        3.25489e-04  1.00000e-01     no limits
     4 pileup       9.99823e-04  1.00000e-01     no limits
 **********
 **    7 **MIGRAD
 **********
 FIRST CALL TO USER FUNCTION AT NEW START POINT, WITH IFLAG=4.
 START MIGRAD MINIMIZATION.  STRATEGY  1.  CONVERGENCE WHEN EDM .LT. 1.00e-04
 FCN=-2.3786e+11 FROM MIGRAD    STATUS=INITIATE       14 CALLS         925 TOTAL
                     EDM= unknown      STRATEGY= 1      NO ERROR MATRIX       
  EXT PARAMETER               CURRENT GUESS       STEP         FIRST   
  NO.   NAME      VALUE            ERROR          SIZE      DERIVATIVE 
   1  norm         5.58932e+05   1.00000e-01   1.00000e-01  -5.15269e-05
   2  Q            5.65007e-01   1.00000e-01   1.00000e-01   7.89533e+06
   3  theta        3.25489e-04   1.00000e-01   1.00000e-01   2.15211e+03
   4  pileup       9.99823e-04   1.00000e-01   1.00000e-01  -9.18046e+11
 MIGRAD FAILS TO FIND IMPROVEMENT
 EIGENVALUES OF SECOND-DERIVATIVE MATRIX:
        -1.6616e-03  3.7940e-01  9.1687e-01  2.7054e+00
 MINUIT WARNING IN HESSE   
 ============== MATRIX FORCED POS-DEF BY ADDING 0.004367 TO DIAGONAL.
 FCN=-2.3786e+11 FROM HESSE     STATUS=NOT POSDEF     29 CALLS         965 TOTAL
                     EDM=0.00106751    STRATEGY= 1      ERR MATRIX NOT POS-DEF
  EXT PARAMETER                APPROXIMATE        STEP         FIRST   
  NO.   NAME      VALUE            ERROR          SIZE      DERIVATIVE 
   1  norm         5.58932e+05   6.77926e+01   2.66519e+00  -1.71756e-04
   2  Q            5.65007e-01   6.52943e-06   1.00000e-03   8.73719e+02
   3  theta        3.25489e-04   5.89396e-03   1.00000e-01  -5.20325e+00
   4  pileup       9.99823e-04   9.22328e-08   1.00000e-02  -6.85910e+05
 MIGRAD FAILS TO FIND IMPROVEMENT
 MACHINE ACCURACY LIMITS FURTHER IMPROVEMENT.
 MIGRAD MINIMIZATION HAS CONVERGED.
 MIGRAD WILL VERIFY CONVERGENCE AND ERROR MATRIX.
 EIGENVALUES OF SECOND-DERIVATIVE MATRIX:
        -1.8785e-04  3.3937e-01  8.5084e-01  2.8100e+00
 MINUIT WARNING IN HESSE   
 ============== MATRIX FORCED POS-DEF BY ADDING 0.002998 TO DIAGONAL.
 MIGRAD TERMINATED WITHOUT CONVERGENCE.
 FCN=-2.3786e+11 FROM MIGRAD    STATUS=FAILED        113 CALLS        1024 TOTAL
                     EDM=0.00153637    STRATEGY= 1      ERR MATRIX NOT POS-DEF
  EXT PARAMETER                APPROXIMATE        STEP         FIRST   
  NO.   NAME      VALUE            ERROR          SIZE      DERIVATIVE 
   1  norm         5.58932e+05   9.66298e+01   5.33039e+00  -1.86069e-04
   2  Q            5.65007e-01   3.11727e-05   1.02991e-04   8.88939e+02
   3  theta        3.25490e-04   2.93664e-03   4.00000e-02  -8.11577e+00
   4  pileup       9.99823e-04   1.05483e-07   2.14098e-05  -1.40420e+05
 EXTERNAL ERROR MATRIX.    NDIM=  25    NPAR=  4    ERR DEF=1
  9.337e+03 -2.998e-03 -5.349e-03 -4.473e-08 
 -2.998e-03  9.717e-10  6.921e-09  2.230e-14 
 -5.349e-03  6.921e-09  8.624e-06  1.432e-10 
 -4.473e-08  2.230e-14  1.432e-10  1.113e-14 
ERR MATRIX NOT POS-DEF
 PARAMETER  CORRELATION COEFFICIENTS  
       NO.  GLOBAL      1      2      3      4
        1  0.99719   1.000 -0.995 -0.019 -0.004
        2  0.99721  -0.995  1.000  0.076  0.007
        3  0.73490  -0.019  0.076  1.000  0.462
        4  0.55154  -0.004  0.007  0.462  1.000
 ERR MATRIX NOT POS-DEF
 **********
 **    8 **MIGRAD 
 **********
 START MIGRAD MINIMIZATION.  STRATEGY  1.  CONVERGENCE WHEN EDM .LT. 1.00e-04
 FCN=-2.3786e+11 FROM MIGRAD    STATUS=INITIATE        8 CALLS        1032 TOTAL
                     EDM=0.0540877    STRATEGY= 1      ERR MATRIX NOT POS-DEF
  EXT PARAMETER                APPROXIMATE        STEP         FIRST   
  NO.   NAME      VALUE            ERROR          SIZE      DERIVATIVE 
   1  norm         5.58932e+05   9.66298e+01   5.33039e+00  -1.15935e-04
   2  Q            5.65007e-01   3.11727e-05   1.02991e-04   8.90050e+02
   3  theta        3.25490e-04   2.93664e-03   4.00000e-02   4.64563e+01
   4  pileup       9.99823e-04   1.05483e-07   2.14098e-05  -4.83557e+06
 MIGRAD FAILS TO FIND IMPROVEMENT
 MACHINE ACCURACY LIMITS FURTHER IMPROVEMENT.
 MIGRAD MINIMIZATION HAS CONVERGED.
 MIGRAD WILL VERIFY CONVERGENCE AND ERROR MATRIX.
 EIGENVALUES OF SECOND-DERIVATIVE MATRIX:
        -1.3061e-03  3.6385e-01  8.5055e-01  2.7869e+00
 MINUIT WARNING IN HESSE   
 ============== MATRIX FORCED POS-DEF BY ADDING 0.004093 TO DIAGONAL.
 FCN=-2.3786e+11 FROM HESSE     STATUS=NOT POSDEF     31 CALLS        1088 TOTAL
                     EDM=0.00687443    STRATEGY= 1      ERR MATRIX NOT POS-DEF
  EXT PARAMETER                APPROXIMATE        STEP         FIRST   
  NO.   NAME      VALUE            ERROR          SIZE      DERIVATIVE 
   1  norm         5.58932e+05   9.59758e+01   1.06608e+02   1.00191e-04
   2  Q            5.65007e-01   3.15955e-05   4.11964e-04   1.52786e+03
   3  theta        3.27867e-04   7.53076e-04   1.60000e-01   2.13324e+02
   4  pileup       9.99823e-04   1.05636e-07   2.09864e-05  -1.13725e+06
 MIGRAD FAILS TO FIND IMPROVEMENT
 MACHINE ACCURACY LIMITS FURTHER IMPROVEMENT.
 MIGRAD MINIMIZATION HAS CONVERGED.
 MIGRAD WILL VERIFY CONVERGENCE AND ERROR MATRIX.
 EIGENVALUES OF SECOND-DERIVATIVE MATRIX:
        -4.9155e-04  3.6416e-01  8.5044e-01  2.7859e+00
 MINUIT WARNING IN HESSE   
 ============== MATRIX FORCED POS-DEF BY ADDING 0.003277 TO DIAGONAL.
 MIGRAD TERMINATED WITHOUT CONVERGENCE.
 FCN=-2.3786e+11 FROM MIGRAD    STATUS=FAILED        114 CALLS        1138 TOTAL
                     EDM=0.00834937    STRATEGY= 1      ERR MATRIX NOT POS-DEF
  EXT PARAMETER                APPROXIMATE        STEP         FIRST   
  NO.   NAME      VALUE            ERROR          SIZE      DERIVATIVE 
   1  norm         5.58932e+05   9.64262e+01   4.26431e+01  -2.52267e-04
   2  Q            5.65006e-01   3.14862e-05   1.64786e-04   4.32895e+02
   3  theta        3.26916e-04   9.97474e-04   1.15543e-01   1.06749e+02
   4  pileup       9.99823e-04   1.04689e-07   2.09851e-05  -1.13740e+06
 EXTERNAL ERROR MATRIX.    NDIM=  25    NPAR=  4    ERR DEF=1
  9.298e+03 -3.022e-03 -2.307e-02 -1.059e-06 
 -3.022e-03  9.914e-10  9.157e-09  3.440e-13 
 -2.307e-02  9.157e-09  9.950e-07  4.694e-11 
 -1.059e-06  3.440e-13  4.694e-11  1.096e-14 
ERR MATRIX NOT POS-DEF
 PARAMETER  CORRELATION COEFFICIENTS  
       NO.  GLOBAL      1      2      3      4
        1  0.99718   1.000 -0.995 -0.240 -0.105
        2  0.99727  -0.995  1.000  0.292  0.104
        3  0.73819  -0.240  0.292  1.000  0.449
        4  0.54202  -0.105  0.104  0.449  1.000
 ERR MATRIX NOT POS-DEF
status of the fit-----000------4
1  558932
2  0.565006
3  0.000326916
4  0.000999823
 PARAMETER DEFINITIONS:
    NO.   NAME         VALUE      STEP SIZE      LIMITS
     1 norm         5.58932e+05  1.00000e-01     no limits
     2 Q            5.65006e-01  1.00000e-01     no limits
     3 theta        3.26916e-04  1.00000e-01     no limits
     4 pileup       9.99823e-04  1.00000e-01     no limits
 **********
 **    9 **MIGRAD
 **********
 FIRST CALL TO USER FUNCTION AT NEW START POINT, WITH IFLAG=4.
 START MIGRAD MINIMIZATION.  STRATEGY  1.  CONVERGENCE WHEN EDM .LT. 1.00e-04
 FCN=-2.3786e+11 FROM MIGRAD    STATUS=INITIATE       14 CALLS        1153 TOTAL
                     EDM= unknown      STRATEGY= 1      NO ERROR MATRIX       
  EXT PARAMETER               CURRENT GUESS       STEP         FIRST   
  NO.   NAME      VALUE            ERROR          SIZE      DERIVATIVE 
   1  norm         5.58932e+05   1.00000e-01   1.00000e-01  -2.69085e-04
   2  Q            5.65006e-01   1.00000e-01   1.00000e-01   7.89740e+06
   3  theta        3.26916e-04   1.00000e-01   1.00000e-01   2.16153e+03
   4  pileup       9.99823e-04   1.00000e-01   1.00000e-01  -9.18046e+11
 MIGRAD FAILS TO FIND IMPROVEMENT
 EIGENVALUES OF SECOND-DERIVATIVE MATRIX:
        -1.9380e-03  3.7907e-01  9.1687e-01  2.7060e+00
 MINUIT WARNING IN HESSE   
 ============== MATRIX FORCED POS-DEF BY ADDING 0.004644 TO DIAGONAL.
 FCN=-2.3786e+11 FROM HESSE     STATUS=NOT POSDEF     29 CALLS        1193 TOTAL
                     EDM=0.000829493    STRATEGY= 1      ERR MATRIX NOT POS-DEF
  EXT PARAMETER                APPROXIMATE        STEP         FIRST   
  NO.   NAME      VALUE            ERROR          SIZE      DERIVATIVE 
   1  norm         5.58932e+05   6.78882e+01   2.66519e+00  -1.71756e-04
   2  Q            5.65006e-01   6.52856e-06   1.00000e-03   4.55717e+02
   3  theta        3.26916e-04   5.88517e-03   1.00000e-01  -5.23376e+00
   4  pileup       9.99823e-04   9.22204e-08   1.00000e-02  -5.91192e+05
 EIGENVALUES OF SECOND-DERIVATIVE MATRIX:
        -7.9992e-04  4.7333e-03  7.9566e-02  3.9165e+00
 MINUIT WARNING IN MIGRAD  
 ============== MATRIX FORCED POS-DEF BY ADDING 0.004716 TO DIAGONAL.
 MIGRAD FAILS TO FIND IMPROVEMENT
 MIGRAD TERMINATED WITHOUT CONVERGENCE.
 FCN=-2.3786e+11 FROM MIGRAD    STATUS=FAILED         98 CALLS        1237 TOTAL
                     EDM=2.61947e+06    STRATEGY= 1      ERR MATRIX NOT POS-DEF
  EXT PARAMETER                APPROXIMATE        STEP         FIRST   
  NO.   NAME      VALUE            ERROR          SIZE      DERIVATIVE 
   1  norm         5.58932e+05   1.05638e+01   0.00000e+00  -2.09514e-03
   2  Q            5.65006e-01   4.45197e-09  -0.00000e+00   5.28312e+08
   3  theta        3.33051e-04   1.09465e-03  -0.00000e+00   4.42858e+02
   4  pileup       9.99823e-04   1.27156e-08   0.00000e+00  -2.84928e+07
 EXTERNAL ERROR MATRIX.    NDIM=  25    NPAR=  4    ERR DEF=1
  1.116e+02 -8.659e-10  4.340e-03  4.973e-08 
 -8.659e-10  1.982e-17 -2.355e-13 -2.490e-18 
  4.340e-03 -2.355e-13  1.198e-06  1.287e-11 
  4.973e-08 -2.490e-18  1.287e-11  1.617e-16 
ERR MATRIX NOT POS-DEF
 PARAMETER  CORRELATION COEFFICIENTS  
       NO.  GLOBAL      1      2      3      4
        1  0.38026   1.000 -0.018  0.375  0.370
        2  0.04837  -0.018  1.000 -0.048 -0.044
        3  0.92518   0.375 -0.048  1.000  0.924
        4  0.92480   0.370 -0.044  0.924  1.000
 ERR MATRIX NOT POS-DEF
 **********
 **   10 **MIGRAD 
 **********
 START MIGRAD MINIMIZATION.  STRATEGY  1.  CONVERGENCE WHEN EDM .LT. 1.00e-04
 FCN=-2.3786e+11 FROM MIGRAD    STATUS=INITIATE       14 CALLS        1251 TOTAL
                     EDM=0.173131    STRATEGY= 1      ERR MATRIX NOT POS-DEF
  EXT PARAMETER                APPROXIMATE        STEP         FIRST   
  NO.   NAME      VALUE            ERROR          SIZE      DERIVATIVE 
   1  norm         5.58932e+05   1.05638e+01   0.00000e+00  -8.20079e-03
   2  Q            5.65006e-01   4.45197e-09  -0.00000e+00  -5.01324e+03
   3  theta        3.33051e-04   1.09465e-03  -0.00000e+00   4.04578e+02
   4  pileup       9.99823e-04   1.27156e-08   0.00000e+00  -2.84929e+07
 MIGRAD FAILS TO FIND IMPROVEMENT
 MACHINE ACCURACY LIMITS FURTHER IMPROVEMENT.
 MIGRAD MINIMIZATION HAS CONVERGED.
 MIGRAD WILL VERIFY CONVERGENCE AND ERROR MATRIX.
 EIGENVALUES OF SECOND-DERIVATIVE MATRIX:
        -9.4286e-02  4.8450e-01  6.6788e-01  2.9419e+00
 MINUIT WARNING IN HESSE   
 ============== MATRIX FORCED POS-DEF BY ADDING 0.097228 TO DIAGONAL.
 FCN=-2.3786e+11 FROM HESSE     STATUS=NOT POSDEF     31 CALLS        1318 TOTAL
                     EDM=0.0143745    STRATEGY= 1      ERR MATRIX NOT POS-DEF
  EXT PARAMETER                APPROXIMATE        STEP         FIRST   
  NO.   NAME      VALUE            ERROR          SIZE      DERIVATIVE 
   1  norm         5.58932e+05   1.14889e+01   1.72572e+03  -2.13799e-03
   2  Q            5.65006e-01   5.09876e-06   5.54965e-04  -5.09176e+03
   3  theta        3.33051e-04   2.43137e-02   4.33123e-02  -8.12045e+00
   4  pileup       9.99823e-04   1.01375e-07   2.09851e-05  -5.70065e+04
 MIGRAD FAILS TO FIND IMPROVEMENT
 MACHINE ACCURACY LIMITS FURTHER IMPROVEMENT.
 MIGRAD MINIMIZATION HAS CONVERGED.
 MIGRAD WILL VERIFY CONVERGENCE AND ERROR MATRIX.
 EIGENVALUES OF SECOND-DERIVATIVE MATRIX:
        -9.0588e-02 -1.8063e-04  8.4690e-01  3.2439e+00
 MINUIT WARNING IN HESSE   
 ============== MATRIX FORCED POS-DEF BY ADDING 0.093832 TO DIAGONAL.
 MIGRAD TERMINATED WITHOUT CONVERGENCE.
 FCN=-2.3786e+11 FROM MIGRAD    STATUS=FAILED        137 CALLS        1374 TOTAL
                     EDM=1.12822    STRATEGY= 1      ERR MATRIX NOT POS-DEF
  EXT PARAMETER                APPROXIMATE        STEP         FIRST   
  NO.   NAME      VALUE            ERROR          SIZE      DERIVATIVE 
   1  norm         5.58934e+05   4.03453e+01   6.90288e+02   1.37922e-01
   2  Q            5.65008e-01   1.35242e-05   9.48691e-05   4.28498e+05
   3  theta        6.87600e-03   5.38131e-02   1.73249e-02  -1.49726e+02
   4  pileup       9.99817e-04   6.44344e-07   8.39405e-06  -1.94915e+06
 EXTERNAL ERROR MATRIX.    NDIM=  25    NPAR=  4    ERR DEF=1
  1.628e+03  3.652e-04  1.965e+00  2.321e-05 
  3.652e-04  1.829e-10  6.644e-07  7.844e-12 
  1.965e+00  6.644e-07  2.896e-03  3.434e-08 
  2.321e-05  7.844e-12  3.434e-08  4.152e-13 
ERR MATRIX NOT POS-DEF
 PARAMETER  CORRELATION COEFFICIENTS  
       NO.  GLOBAL      1      2      3      4
        1  0.98514   1.000  0.669  0.905  0.893
        2  0.98633   0.669  1.000  0.913  0.900
        3  0.99774   0.905  0.913  1.000  0.990
        4  0.99141   0.893  0.900  0.990  1.000
 ERR MATRIX NOT POS-DEF
status of the fit-----000------4
1  558934
2  0.565008
3  0.006876
4  0.000999817
 PARAMETER DEFINITIONS:
    NO.   NAME         VALUE      STEP SIZE      LIMITS
     1 norm         5.58934e+05  1.00000e-01     no limits
     2 Q            5.65008e-01  1.00000e-01     no limits
     3 theta        6.87600e-03  1.00000e-01     no limits
     4 pileup       9.99817e-04  1.00000e-01     no limits
 **********
 **   11 **MIGRAD
 **********
 FIRST CALL TO USER FUNCTION AT NEW START POINT, WITH IFLAG=4.
 START MIGRAD MINIMIZATION.  STRATEGY  1.  CONVERGENCE WHEN EDM .LT. 1.00e-04
 FCN=-2.3786e+11 FROM MIGRAD    STATUS=INITIATE       14 CALLS        1389 TOTAL
                     EDM= unknown      STRATEGY= 1      NO ERROR MATRIX       
  EXT PARAMETER               CURRENT GUESS       STEP         FIRST   
  NO.   NAME      VALUE            ERROR          SIZE      DERIVATIVE 
   1  norm         5.58934e+05   1.00000e-01   1.00000e-01   1.37971e-01
   2  Q            5.65008e-01   1.00000e-01   1.00000e-01   9.08455e+06
   3  theta        6.87600e-03   1.00000e-01   1.00000e-01   4.54924e+04
   4  pileup       9.99817e-04   1.00000e-01   1.00000e-01  -9.18043e+11
 MIGRAD FAILS TO FIND IMPROVEMENT
 EIGENVALUES OF SECOND-DERIVATIVE MATRIX:
        -4.6795e-02  3.0632e-01  9.1665e-01  2.8238e+00
 MINUIT WARNING IN HESSE   
 ============== MATRIX FORCED POS-DEF BY ADDING 0.049619 TO DIAGONAL.
 FCN=-2.3786e+11 FROM HESSE     STATUS=NOT POSDEF     29 CALLS        1429 TOTAL
                     EDM=6.0543    STRATEGY= 1      ERR MATRIX NOT POS-DEF
  EXT PARAMETER                APPROXIMATE        STEP         FIRST   
  NO.   NAME      VALUE            ERROR          SIZE      DERIVATIVE 
   1  norm         5.58934e+05   5.07805e+01   2.66521e+00   1.37834e-01
   2  Q            5.65008e-01   6.40512e-06   1.00000e-03   4.28504e+05
   3  theta        6.87600e-03   7.27571e-03   1.00000e-01  -7.92885e+01
   4  pileup       9.99817e-04   9.20080e-08   1.00000e-02  -2.53461e+06
 EIGENVALUES OF SECOND-DERIVATIVE MATRIX:
        -1.2935e-05  2.0803e-01  9.2466e-01  2.8673e+00
 MINUIT WARNING IN MIGRAD  
 ============== MATRIX FORCED POS-DEF BY ADDING 0.002880 TO DIAGONAL.
 MIGRAD FAILS TO FIND IMPROVEMENT
 MACHINE ACCURACY LIMITS FURTHER IMPROVEMENT.
 MIGRAD MINIMIZATION HAS CONVERGED.
 MIGRAD WILL VERIFY CONVERGENCE AND ERROR MATRIX.
 EIGENVALUES OF SECOND-DERIVATIVE MATRIX:
        -2.3230e-04  1.4914e-01  8.4819e-01  3.0029e+00
 MINUIT WARNING IN HESSE   
 ============== MATRIX FORCED POS-DEF BY ADDING 0.003235 TO DIAGONAL.
 MIGRAD TERMINATED WITHOUT CONVERGENCE.
 FCN=-2.3786e+11 FROM MIGRAD    STATUS=FAILED        153 CALLS        1528 TOTAL
                     EDM=0.603071    STRATEGY= 1      ERR MATRIX NOT POS-DEF
  EXT PARAMETER                APPROXIMATE        STEP         FIRST   
  NO.   NAME      VALUE            ERROR          SIZE      DERIVATIVE 
   1  norm         5.58927e+05   9.29899e+01   5.33041e+02  -4.35601e-02
   2  Q            5.65009e-01   3.03561e-05   9.49461e-05  -1.36157e+05
   3  theta        7.69731e-03   3.30117e-03   4.83473e-02   3.94826e+01
   4  pileup       9.99822e-04   1.26928e-07   2.09849e-05  -7.02771e+06
 EXTERNAL ERROR MATRIX.    NDIM=  25    NPAR=  4    ERR DEF=1
  8.647e+03 -2.798e-03 -2.691e-02 -6.312e-07 
 -2.798e-03  9.215e-10  1.898e-08  3.930e-13 
 -2.691e-02  1.898e-08  1.090e-05  2.833e-10 
 -6.312e-07  3.930e-13  2.833e-10  1.611e-14 
ERR MATRIX NOT POS-DEF
 PARAMETER  CORRELATION COEFFICIENTS  
       NO.  GLOBAL      1      2      3      4
        1  0.99697   1.000 -0.991 -0.088 -0.053
        2  0.99706  -0.991  1.000  0.189  0.102
        3  0.88648  -0.088  0.189  1.000  0.676
        4  0.72081  -0.053  0.102  0.676  1.000
 ERR MATRIX NOT POS-DEF
 **********
 **   12 **MIGRAD 
 **********
 START MIGRAD MINIMIZATION.  STRATEGY  1.  CONVERGENCE WHEN EDM .LT. 1.00e-04
 FCN=-2.3786e+11 FROM MIGRAD    STATUS=INITIATE        8 CALLS        1536 TOTAL
                     EDM=6.36636    STRATEGY= 1      ERR MATRIX NOT POS-DEF
  EXT PARAMETER                APPROXIMATE        STEP         FIRST   
  NO.   NAME      VALUE            ERROR          SIZE      DERIVATIVE 
   1  norm         5.58927e+05   9.29899e+01   5.33041e+02  -4.45341e-02
   2  Q            5.65009e-01   3.03561e-05   9.49461e-05  -1.35872e+05
   3  theta        7.69731e-03   3.30117e-03   4.83473e-02   1.92369e+03
   4  pileup       9.99822e-04   1.26928e-07   2.09849e-05  -1.15383e+07
 MIGRAD FAILS TO FIND IMPROVEMENT
 MACHINE ACCURACY LIMITS FURTHER IMPROVEMENT.
 MIGRAD MINIMIZATION HAS CONVERGED.
 MIGRAD WILL VERIFY CONVERGENCE AND ERROR MATRIX.
 EIGENVALUES OF SECOND-DERIVATIVE MATRIX:
        -3.4700e-04  1.9679e-02  8.4783e-01  3.1328e+00
 MINUIT WARNING IN HESSE   
 ============== MATRIX FORCED POS-DEF BY ADDING 0.003480 TO DIAGONAL.
 FCN=-2.3786e+11 FROM HESSE     STATUS=NOT POSDEF     27 CALLS        1574 TOTAL
                     EDM=1.60206    STRATEGY= 1      ERR MATRIX NOT POS-DEF
  EXT PARAMETER                APPROXIMATE        STEP         FIRST   
  NO.   NAME      VALUE            ERROR          SIZE      DERIVATIVE 
   1  norm         5.58927e+05   9.31507e+01   2.13216e+02  -4.35898e-02
   2  Q            5.65009e-01   2.95913e-05   1.89892e-04  -1.36144e+05
   3  theta        7.69731e-03   1.67914e-02   1.93389e-02   2.34142e+01
   4  pileup       9.99822e-04   2.57619e-07   8.39396e-06  -6.98942e+06
 EIGENVALUES OF SECOND-DERIVATIVE MATRIX:
        -1.4763e-01  5.3231e-01  1.2719e+00  2.3434e+00
 MINUIT WARNING IN MIGRAD  
 ============== MATRIX FORCED POS-DEF BY ADDING 0.149969 TO DIAGONAL.
 MIGRAD FAILS TO FIND IMPROVEMENT
 MIGRAD TERMINATED WITHOUT CONVERGENCE.
 FCN=-2.3786e+11 FROM MIGRAD    STATUS=FAILED         82 CALLS        1610 TOTAL
                     EDM=8.21202e+07    STRATEGY= 1      ERR MATRIX NOT POS-DEF
  EXT PARAMETER                APPROXIMATE        STEP         FIRST   
  NO.   NAME      VALUE            ERROR          SIZE      DERIVATIVE 
   1  norm         5.58931e+05   8.42783e+00  -0.00000e+00  -6.55141e-02
   2  Q            5.65008e-01   1.12667e-07   0.00000e+00   6.16063e+08
   3  theta        8.29344e-03   2.46016e-03  -0.00000e+00   3.28684e+04
   4  pileup       9.99845e-04   1.02617e-07   0.00000e+00  -3.00476e+07
 EXTERNAL ERROR MATRIX.    NDIM=  25    NPAR=  4    ERR DEF=1
  7.103e+01 -2.785e-07  5.394e-03 -2.078e-07 
 -2.785e-07  1.269e-14 -2.764e-10 -2.373e-15 
  5.394e-03 -2.764e-10  6.052e-06  5.219e-11 
 -2.078e-07 -2.373e-15  5.219e-11  1.053e-14 
ERR MATRIX NOT POS-DEF
 PARAMETER  CORRELATION COEFFICIENTS  
       NO.  GLOBAL      1      2      3      4
        1  0.60687   1.000 -0.293  0.260 -0.240
        2  0.99799  -0.293  1.000 -0.997 -0.205
        3  0.99793   0.260 -0.997  1.000  0.207
        4  0.39809  -0.240 -0.205  0.207  1.000
 ERR MATRIX NOT POS-DEF
status of the fit-----000------4
1  558931
2  0.565008
3  0.00829344
4  0.000999845
 PARAMETER DEFINITIONS:
    NO.   NAME         VALUE      STEP SIZE      LIMITS
     1 norm         5.58931e+05  1.00000e-01     no limits
     2 Q            5.65008e-01  1.00000e-01     no limits
     3 theta        8.29344e-03  1.00000e-01     no limits
     4 pileup       9.99845e-04  1.00000e-01     no limits
 **********
 **   13 **MIGRAD
 **********
 FIRST CALL TO USER FUNCTION AT NEW START POINT, WITH IFLAG=4.
 START MIGRAD MINIMIZATION.  STRATEGY  1.  CONVERGENCE WHEN EDM .LT. 1.00e-04
 FCN=-2.3786e+11 FROM MIGRAD    STATUS=INITIATE       14 CALLS        1625 TOTAL
                     EDM= unknown      STRATEGY= 1      NO ERROR MATRIX       
  EXT PARAMETER               CURRENT GUESS       STEP         FIRST   
  NO.   NAME      VALUE            ERROR          SIZE      DERIVATIVE 
   1  norm         5.58931e+05   1.00000e-01   1.00000e-01  -8.70232e-04
   2  Q            5.65008e-01   1.00000e-01   1.00000e-01   6.83686e+06
   3  theta        8.29344e-03   1.00000e-01   1.00000e-01   5.50339e+04
   4  pileup       9.99845e-04   1.00000e-01   1.00000e-01  -9.18049e+11
 MIGRAD FAILS TO FIND IMPROVEMENT
 EIGENVALUES OF SECOND-DERIVATIVE MATRIX:
        -5.6271e-02  2.9586e-01  9.1662e-01  2.8438e+00
 MINUIT WARNING IN HESSE   
 ============== MATRIX FORCED POS-DEF BY ADDING 0.059115 TO DIAGONAL.
 FCN=-2.3786e+11 FROM HESSE     STATUS=NOT POSDEF     29 CALLS        1665 TOTAL
                     EDM=65.3081    STRATEGY= 1      ERR MATRIX NOT POS-DEF
  EXT PARAMETER                APPROXIMATE        STEP         FIRST   
  NO.   NAME      VALUE            ERROR          SIZE      DERIVATIVE 
   1  norm         5.58931e+05   4.76958e+01   2.66519e+00  -9.16034e-04
   2  Q            5.65008e-01   6.36963e-06   1.00000e-03  -3.57346e+03
   3  theta        8.29344e-03   7.45306e-03   1.00000e-01   2.17236e+03
   4  pileup       9.99845e-04   9.22966e-08   1.00000e-02  -2.15587e+06
 MIGRAD FAILS TO FIND IMPROVEMENT
 MACHINE ACCURACY LIMITS FURTHER IMPROVEMENT.
 MIGRAD MINIMIZATION HAS CONVERGED.
 MIGRAD WILL VERIFY CONVERGENCE AND ERROR MATRIX.
 EIGENVALUES OF SECOND-DERIVATIVE MATRIX:
        -2.9767e-02  2.8814e-01  7.5675e-01  2.9849e+00
 MINUIT WARNING IN HESSE   
 ============== MATRIX FORCED POS-DEF BY ADDING 0.032752 TO DIAGONAL.
 MIGRAD TERMINATED WITHOUT CONVERGENCE.
 FCN=-2.3786e+11 FROM MIGRAD    STATUS=FAILED        106 CALLS        1717 TOTAL
                     EDM=0.269076    STRATEGY= 1      ERR MATRIX NOT POS-DEF
  EXT PARAMETER                APPROXIMATE        STEP         FIRST   
  NO.   NAME      VALUE            ERROR          SIZE      DERIVATIVE 
   1  norm         5.58931e+05   6.91636e+01   5.33038e-01  -9.16034e-04
   2  Q            5.65008e-01   6.82324e-06   4.52080e-03  -3.56799e+03
   3  theta        8.29344e-03   1.77415e-03   2.87953e-01   4.20756e+02
   4  pileup       9.99845e-04   1.09634e-07   3.02780e-06  -1.56416e+06
 EXTERNAL ERROR MATRIX.    NDIM=  25    NPAR=  4    ERR DEF=1
  4.784e+03 -4.678e-04 -1.168e-01 -2.250e-06 
 -4.678e-04  4.656e-11  1.182e-08  2.265e-13 
 -1.168e-01  1.182e-08  3.148e-06  7.649e-11 
 -2.250e-06  2.265e-13  7.649e-11  1.202e-14 
ERR MATRIX NOT POS-DEF
 PARAMETER  CORRELATION COEFFICIENTS  
       NO.  GLOBAL      1      2      3      4
        1  0.99463   1.000 -0.991 -0.952 -0.297
        2  0.99762  -0.991  1.000  0.977  0.303
        3  0.98901  -0.952  0.977  1.000  0.393
        4  0.61182  -0.297  0.303  0.393  1.000
 ERR MATRIX NOT POS-DEF
 **********
 **   14 **MIGRAD 
 **********
 START MIGRAD MINIMIZATION.  STRATEGY  1.  CONVERGENCE WHEN EDM .LT. 1.00e-04
 FCN=-2.3786e+11 FROM MIGRAD    STATUS=INITIATE        8 CALLS        1725 TOTAL
                     EDM=383.972    STRATEGY= 1      ERR MATRIX NOT POS-DEF
  EXT PARAMETER                APPROXIMATE        STEP         FIRST   
  NO.   NAME      VALUE            ERROR          SIZE      DERIVATIVE 
   1  norm         5.58931e+05   6.91636e+01   5.33038e-01  -9.16034e-04
   2  Q            5.65008e-01   6.82324e-06   4.52080e-03  -3.47466e+03
   3  theta        8.29344e-03   1.77415e-03   2.87953e-01   2.21088e+04
   4  pileup       9.99845e-04   1.09634e-07   3.02780e-06  -1.65798e+06
 MIGRAD FAILS TO FIND IMPROVEMENT
 MACHINE ACCURACY LIMITS FURTHER IMPROVEMENT.
 MIGRAD MINIMIZATION HAS CONVERGED.
 MIGRAD WILL VERIFY CONVERGENCE AND ERROR MATRIX.
 EIGENVALUES OF SECOND-DERIVATIVE MATRIX:
        -1.2084e-03  1.7614e-01  8.4830e-01  2.9768e+00
 MINUIT WARNING IN HESSE   
 ============== MATRIX FORCED POS-DEF BY ADDING 0.004185 TO DIAGONAL.
 FCN=-2.3786e+11 FROM HESSE     STATUS=NOT POSDEF     27 CALLS        1763 TOTAL
                     EDM=0.924258    STRATEGY= 1      ERR MATRIX NOT POS-DEF
  EXT PARAMETER                APPROXIMATE        STEP         FIRST   
  NO.   NAME      VALUE            ERROR          SIZE      DERIVATIVE 
   1  norm         5.58931e+05   9.33828e+01   1.33260e+00  -1.20229e-03
   2  Q            5.65008e-01   3.05015e-05   1.13914e-04  -3.56776e+03
   3  theta        8.29344e-03   2.37514e-03   6.34788e-02   8.62673e+02
   4  pileup       9.99845e-04   1.21849e-07   1.21112e-06  -1.56353e+06
 MINUIT WARNING IN MIGRAD  
 ============== Negative diagonal element 3 in Error Matrix
 MINUIT WARNING IN MIGRAD  
 ============== 1 added to diagonal of error matrix
 MIGRAD FAILS TO FIND IMPROVEMENT
 MACHINE ACCURACY LIMITS FURTHER IMPROVEMENT.
 MIGRAD MINIMIZATION HAS CONVERGED.
 MIGRAD WILL VERIFY CONVERGENCE AND ERROR MATRIX.
 EIGENVALUES OF SECOND-DERIVATIVE MATRIX:
        -2.5142e-04  2.6114e-01  8.4875e-01  2.8904e+00
 MINUIT WARNING IN HESSE   
 ============== MATRIX FORCED POS-DEF BY ADDING 0.003142 TO DIAGONAL.
 MIGRAD TERMINATED WITHOUT CONVERGENCE.
 FCN=-2.3786e+11 FROM MIGRAD    STATUS=FAILED        103 CALLS        1820 TOTAL
                     EDM=7.05013    STRATEGY= 1      ERR MATRIX NOT POS-DEF
  EXT PARAMETER                APPROXIMATE        STEP         FIRST   
  NO.   NAME      VALUE            ERROR          SIZE      DERIVATIVE 
   1  norm         5.58931e+05   9.37154e+01   2.66519e+00  -1.11642e-03
   2  Q            5.65008e-01   3.11615e-05   2.27828e-04  -4.27970e+03
   3  theta        8.29181e-03   1.10232e-03   1.26958e-01   3.51425e+03
   4  pileup       9.99845e-04   1.13728e-07   4.84447e-07  -1.57896e+06
 EXTERNAL ERROR MATRIX.    NDIM=  25    NPAR=  4    ERR DEF=1
  8.783e+03 -2.904e-03 -3.950e-02 -2.286e-06 
 -2.904e-03  9.710e-10  1.534e-08  8.109e-13 
 -3.950e-02  1.534e-08  1.215e-06  7.128e-11 
 -2.286e-06  8.109e-13  7.128e-11  1.293e-14 
ERR MATRIX NOT POS-DEF
 PARAMETER  CORRELATION COEFFICIENTS  
       NO.  GLOBAL      1      2      3      4
        1  0.99702   1.000 -0.994 -0.382 -0.214
        2  0.99721  -0.994  1.000  0.447  0.229
        3  0.83573  -0.382  0.447  1.000  0.569
        4  0.63357  -0.214  0.229  0.569  1.000
 ERR MATRIX NOT POS-DEF
status of the fit-----000------4
1  558931
2  0.565008
3  0.00829181
4  0.000999845
 PARAMETER DEFINITIONS:
    NO.   NAME         VALUE      STEP SIZE      LIMITS
     1 norm         5.58931e+05  1.00000e-01     no limits
     2 Q            5.65008e-01  1.00000e-01     no limits
     3 theta        8.29181e-03  1.00000e-01     no limits
     4 pileup       9.99845e-04  1.00000e-01     no limits
 **********
 **   15 **MIGRAD
 **********
 FIRST CALL TO USER FUNCTION AT NEW START POINT, WITH IFLAG=4.
 START MIGRAD MINIMIZATION.  STRATEGY  1.  CONVERGENCE WHEN EDM .LT. 1.00e-04
 FCN=-2.3786e+11 FROM MIGRAD    STATUS=INITIATE       14 CALLS        1835 TOTAL
                     EDM= unknown      STRATEGY= 1      NO ERROR MATRIX       
  EXT PARAMETER               CURRENT GUESS       STEP         FIRST   
  NO.   NAME      VALUE            ERROR          SIZE      DERIVATIVE 
   1  norm         5.58931e+05   1.00000e-01   1.00000e-01  -1.14504e-03
   2  Q            5.65008e-01   1.00000e-01   1.00000e-01   6.83341e+06
   3  theta        8.29181e-03   1.00000e-01   1.00000e-01   5.50234e+04
   4  pileup       9.99845e-04   1.00000e-01   1.00000e-01  -9.18049e+11
 MIGRAD FAILS TO FIND IMPROVEMENT
 EIGENVALUES OF SECOND-DERIVATIVE MATRIX:
        -5.6031e-02  2.9661e-01  9.1662e-01  2.8428e+00
 MINUIT WARNING IN HESSE   
 ============== MATRIX FORCED POS-DEF BY ADDING 0.058874 TO DIAGONAL.
 FCN=-2.3786e+11 FROM HESSE     STATUS=NOT POSDEF     29 CALLS        1875 TOTAL
                     EDM=65.5379    STRATEGY= 1      ERR MATRIX NOT POS-DEF
  EXT PARAMETER                APPROXIMATE        STEP         FIRST   
  NO.   NAME      VALUE            ERROR          SIZE      DERIVATIVE 
   1  norm         5.58931e+05   4.75488e+01   2.66519e+00  -1.11642e-03
   2  Q            5.65008e-01   6.36974e-06   1.00000e-03  -4.27118e+03
   3  theta        8.29181e-03   7.46490e-03   1.00000e-01   2.17214e+03
   4  pileup       9.99845e-04   9.22963e-08   1.00000e-02  -2.17076e+06
 MIGRAD FAILS TO FIND IMPROVEMENT
 MACHINE ACCURACY LIMITS FURTHER IMPROVEMENT.
 MIGRAD MINIMIZATION HAS CONVERGED.
 MIGRAD WILL VERIFY CONVERGENCE AND ERROR MATRIX.
 EIGENVALUES OF SECOND-DERIVATIVE MATRIX:
        -2.2295e-02  2.9374e-01  7.5811e-01  2.9704e+00
 MINUIT WARNING IN HESSE   
 ============== MATRIX FORCED POS-DEF BY ADDING 0.025265 TO DIAGONAL.
 MIGRAD TERMINATED WITHOUT CONVERGENCE.
 FCN=-2.3786e+11 FROM MIGRAD    STATUS=FAILED        106 CALLS        1927 TOTAL
                     EDM=0.295813    STRATEGY= 1      ERR MATRIX NOT POS-DEF
  EXT PARAMETER                APPROXIMATE        STEP         FIRST   
  NO.   NAME      VALUE            ERROR          SIZE      DERIVATIVE 
   1  norm         5.58931e+05   6.67216e+01   5.33038e-01  -1.14504e-03
   2  Q            5.65008e-01   6.84249e-06   4.52080e-03  -4.26795e+03
   3  theta        8.29181e-03   1.85876e-03   2.87953e-01   4.20868e+02
   4  pileup       9.99845e-04   1.11875e-07   3.02780e-06  -1.57865e+06
 EXTERNAL ERROR MATRIX.    NDIM=  25    NPAR=  4    ERR DEF=1
  4.452e+03 -4.523e-04 -1.183e-01 -2.483e-06 
 -4.523e-04  4.682e-11  1.245e-08  2.599e-13 
 -1.183e-01  1.245e-08  3.455e-06  8.856e-11 
 -2.483e-06  2.599e-13  8.856e-11  1.252e-14 
ERR MATRIX NOT POS-DEF
 PARAMETER  CORRELATION COEFFICIENTS  
       NO.  GLOBAL      1      2      3      4
        1  0.99435   1.000 -0.991 -0.954 -0.333
        2  0.99761  -0.991  1.000  0.979  0.340
        3  0.98992  -0.954  0.979  1.000  0.426
        4  0.62830  -0.333  0.340  0.426  1.000
 ERR MATRIX NOT POS-DEF
 **********
 **   16 **MIGRAD 
 **********
 START MIGRAD MINIMIZATION.  STRATEGY  1.  CONVERGENCE WHEN EDM .LT. 1.00e-04
 FCN=-2.3786e+11 FROM MIGRAD    STATUS=INITIATE        8 CALLS        1935 TOTAL
                     EDM=421.411    STRATEGY= 1      ERR MATRIX NOT POS-DEF
  EXT PARAMETER                APPROXIMATE        STEP         FIRST   
  NO.   NAME      VALUE            ERROR          SIZE      DERIVATIVE 
   1  norm         5.58931e+05   6.67216e+01   5.33038e-01  -1.20229e-03
   2  Q            5.65008e-01   6.84249e-06   4.52080e-03  -4.17415e+03
   3  theta        8.29181e-03   1.85876e-03   2.87953e-01   2.21047e+04
   4  pileup       9.99845e-04   1.11875e-07   3.02780e-06  -1.67278e+06
 MIGRAD FAILS TO FIND IMPROVEMENT
 MACHINE ACCURACY LIMITS FURTHER IMPROVEMENT.
 MIGRAD MINIMIZATION HAS CONVERGED.
 MIGRAD WILL VERIFY CONVERGENCE AND ERROR MATRIX.
 COVARIANCE MATRIX CALCULATED SUCCESSFULLY
 FCN=-2.3786e+11 FROM HESSE     STATUS=OK             27 CALLS        1973 TOTAL
                     EDM=0.959451    STRATEGY= 1      ERROR MATRIX ACCURATE 
  EXT PARAMETER                                   STEP         FIRST   
  NO.   NAME      VALUE            ERROR          SIZE      DERIVATIVE 
   1  norm         5.58931e+05   9.58577e+01   1.33260e+00  -9.73286e-04
   2  Q            5.65008e-01   3.16448e-05   1.13914e-04  -4.26698e+03
   3  theta        8.29181e-03   2.43360e-03   6.34788e-02   8.62711e+02
   4  pileup       9.99845e-04   1.23172e-07   1.21112e-06  -1.57991e+06
 MIGRAD FAILS TO FIND IMPROVEMENT
 MACHINE ACCURACY LIMITS FURTHER IMPROVEMENT.
 MIGRAD MINIMIZATION HAS CONVERGED.
 FCN=-2.3786e+11 FROM MIGRAD    STATUS=CONVERGED      57 CALLS        1984 TOTAL
                     EDM=0.959451    STRATEGY= 1      ERROR MATRIX ACCURATE 
  EXT PARAMETER                                   STEP         FIRST   
  NO.   NAME      VALUE            ERROR          SIZE      DERIVATIVE 
   1  norm         5.58931e+05   9.58577e+01   0.00000e+00  -9.73286e-04
   2  Q            5.65008e-01   3.16448e-05  -0.00000e+00  -4.26698e+03
   3  theta        8.29181e-03   2.43360e-03  -0.00000e+00   8.62711e+02
   4  pileup       9.99845e-04   1.23172e-07  -0.00000e+00  -1.57991e+06
 EXTERNAL ERROR MATRIX.    NDIM=  25    NPAR=  4    ERR DEF=1
  9.189e+03 -3.012e-03 -4.568e-02 -1.324e-06 
 -3.012e-03  1.001e-09  2.179e-08  5.798e-13 
 -4.568e-02  2.179e-08  5.922e-06  1.944e-10 
 -1.324e-06  5.798e-13  1.944e-10  1.517e-14 
 PARAMETER  CORRELATION COEFFICIENTS  
       NO.  GLOBAL      1      2      3      4
        1  0.99716   1.000 -0.993 -0.196 -0.112
        2  0.99728  -0.993  1.000  0.283  0.149
        3  0.87323  -0.196  0.283  1.000  0.648
        4  0.69862  -0.112  0.149  0.648  1.000
status of the fit-----000------0
1  558931
2  0.565008
3  0.00829181
4  0.000999845
