  *******************************************
  *                                         *
  *        W E L C O M E  to  R O O T       *
  *                                         *
  *   Version   5.34/36      5 April 2016   *
  *                                         *
  *  You are welcome to visit our Web site  *
  *          http://root.cern.ch            *
  *                                         *
  *******************************************

ROOT 5.34/36 (v5-34-36@v5-34-36, Apr 05 2016, 10:25:45 on linuxx8664gcc)

CINT/ROOT C/C++ Interpreter version 5.18.00, July 2, 2010
Type ? for help. Commands must be C++ statements.
Enclose multiple statements between { }.
Loading root init file.
The rat/rootinit.C file loaded the DEAP style for you, which is available from the fStyle pointer.
DEAP style applied. 
RAT: Libraries loaded.

Processing /home/fatemigh/projects/rpp-jillings/fatemigh/sterile/Likelihood/LikelihoodSterile_modified6.C+(29)...
pased here
566 lines read from file
31
spec_E  566
Before entering fitting
 **********
 **    1 **SET PRINT           2
 **********
 **********
 **    2 **SET NOGRAD
 **********
 PARAMETER DEFINITIONS:
    NO.   NAME         VALUE      STEP SIZE      LIMITS
     1 p0           5.58000e+05  1.67400e+05     no limits
     2 p1           5.65000e-01  1.69500e-01     no limits
     3 p2           0.00000e+00  3.00000e-01     no limits
     4 p3           9.99871e-04  2.99961e-04     no limits
 **********
 **    3 **SET ERR         0.5
 **********
 **********
 **    4 **SET PRINT           2
 **********
 **********
 **    5 **SET STR           1
 **********
 NOW USING STRATEGY  1: TRY TO BALANCE SPEED AGAINST RELIABILITY
 **********
 **    6 **MIGRAD        1480        0.01
 **********
 FIRST CALL TO USER FUNCTION AT NEW START POINT, WITH IFLAG=4.
 START MIGRAD MINIMIZATION.  STRATEGY  1.  CONVERGENCE WHEN EDM .LT. 1.00e-05
 FCN=17141.7 FROM MIGRAD    STATUS=INITIATE       16 CALLS          17 TOTAL
                     EDM= unknown      STRATEGY= 1      NO ERROR MATRIX       
  EXT PARAMETER               CURRENT GUESS       STEP         FIRST   
  NO.   NAME      VALUE            ERROR          SIZE      DERIVATIVE 
   1  p0           5.58000e+05   1.67400e+05   1.67400e+05  -3.60933e+01
   2  p1           5.65000e-01   1.69500e-01   1.69500e-01  -5.08284e+08
   3  p2           0.00000e+00   3.00000e-01   3.00000e-01   0.00000e+00
   4  p3           9.99871e-04   2.99961e-04   2.99961e-04  -9.75912e+08
                               ERR DEF= 0.5
NO ERROR MATRIX       
 FCN=1095.32 FROM MIGRAD    STATUS=PROGRESS       33 CALLS          34 TOTAL
                     EDM=3073.97    STRATEGY= 1      NO ERROR MATRIX       
  EXT PARAMETER               CURRENT GUESS       STEP         FIRST   
  NO.   NAME      VALUE            ERROR          SIZE      DERIVATIVE 
   1  p0           5.58691e+05   1.67400e+05   6.91261e+02  -2.05669e+00
   2  p1           5.65040e-01   1.69500e-01   3.97567e-05  -6.35089e+06
   3  p2           0.00000e+00   3.00000e-01  -0.00000e+00   0.00000e+00
   4  p3           1.00264e-03   2.99961e-04   2.77111e-06   6.05331e+08
                               ERR DEF= 0.5
 MIGRAD MINIMIZATION HAS CONVERGED.
 MIGRAD WILL VERIFY CONVERGENCE AND ERROR MATRIX.
   START COVARIANCE MATRIX CALCULATION.
 MINUIT WARNING IN HESSE   
 ============== Negative diagonal element 3 in Error Matrix
 MINUIT WARNING IN HESSE   
 ============== 10913.7 added to diagonal of error matrix
 EIGENVALUES OF SECOND-DERIVATIVE MATRIX:
        -1.8391e+01  9.9847e-01  1.0023e+00  2.0391e+01
 MINUIT WARNING IN HESSE   
 ============== MATRIX FORCED POS-DEF BY ADDING 18.411753 TO DIAGONAL.
 FCN=72.6888 FROM MIGRAD    STATUS=CONVERGED      92 CALLS          93 TOTAL
                     EDM=1.21239e-06    STRATEGY= 1      ERR MATRIX NOT POS-DEF
  EXT PARAMETER                APPROXIMATE        STEP         FIRST   
  NO.   NAME      VALUE            ERROR          SIZE      DERIVATIVE 
   1  p0           5.58818e+05   2.17261e-03   2.66465e-01  -1.22758e-05
   2  p1           5.65042e-01   4.07751e-07   2.69433e-07  -1.25713e+02
   3  p2           0.00000e+00   4.95226e+00   3.42006e-05   0.00000e+00
   4  p3           9.99726e-04   3.28520e-07   4.76706e-10   3.28652e+03
                               ERR DEF= 0.5
 EXTERNAL ERROR MATRIX.    NDIM=  25    NPAR=  4    ERR DEF=0.5
  4.720e-06  7.601e-13  2.560e-05 -1.697e-12 
  7.601e-13  1.663e-13  8.027e-07 -5.330e-14 
  2.560e-05  8.027e-07  2.452e+01 -1.625e-06 
 -1.697e-12 -5.330e-14 -1.625e-06  1.079e-13 
ERR MATRIX NOT POS-DEF
 PARAMETER  CORRELATION COEFFICIENTS  
       NO.  GLOBAL      1      2      3      4
        1  0.00238   1.000  0.001  0.002 -0.002
        2  0.39788   0.001  1.000  0.398 -0.398
        3  0.99895   0.002  0.398  1.000 -0.999
        4  0.99895  -0.002 -0.398 -0.999  1.000
 ERR MATRIX NOT POS-DEF
 **********
 **    7 **HESSE        1480
 **********
   START COVARIANCE MATRIX CALCULATION.
 MINUIT WARNING IN HESSE   
 ============== Negative diagonal element 3 in Error Matrix
 MINUIT WARNING IN HESSE   
 ============== 10913.7 added to diagonal of error matrix
 EIGENVALUES OF SECOND-DERIVATIVE MATRIX:
         3.1442e-02  9.9993e-01  1.2949e+00  1.6737e+00
 COVARIANCE MATRIX CALCULATED SUCCESSFULLY
 FCN=72.6888 FROM HESSE     STATUS=OK             27 CALLS         120 TOTAL
                     EDM=2.06278e-06    STRATEGY= 1      ERROR MATRIX ACCURATE 
  EXT PARAMETER                                INTERNAL      INTERNAL  
  NO.   NAME      VALUE            ERROR       STEP SIZE       VALUE   
   1  p0           5.58818e+05   9.57489e-03   1.33233e-01   5.58818e+05
   2  p1           5.65042e-01   4.70957e-06   1.34717e-07   5.65042e-01
   3  p2           0.00000e+00   3.60053e+00   3.42006e-05   0.00000e+00
   4  p3           9.99726e-04   2.16356e-07   1.30842e-08   9.99726e-04
                               ERR DEF= 0.5
 EXTERNAL ERROR MATRIX.    NDIM=  25    NPAR=  4    ERR DEF=0.5
  9.168e-05  9.550e-10 -8.111e-04 -4.639e-11 
  9.550e-10  2.218e-11 -1.574e-05 -9.398e-13 
 -8.111e-04 -1.574e-05  1.296e+01  7.415e-07 
 -4.639e-11 -9.398e-13  7.415e-07  4.681e-14 
 PARAMETER  CORRELATION COEFFICIENTS  
       NO.  GLOBAL      1      2      3      4
        1  0.02360   1.000  0.021 -0.024 -0.022
        2  0.93669   0.021  1.000 -0.928 -0.922
        3  0.96066  -0.024 -0.928  1.000  0.952
        4  0.95762  -0.022 -0.922  0.952  1.000
 EXTERNAL ERROR MATRIX.    NDIM=   4    NPAR=  4    ERR DEF=0.5
  9.168e-05  9.550e-10 -8.111e-04 -4.639e-11 
  9.550e-10  2.218e-11 -1.574e-05 -9.398e-13 
 -8.111e-04 -1.574e-05  1.296e+01  7.415e-07 
 -4.639e-11 -9.398e-13  7.415e-07  4.681e-14 
 FCN=72.6888 FROM HESSE     STATUS=OK             27 CALLS         120 TOTAL
                     EDM=2.06278e-06    STRATEGY= 1      ERROR MATRIX ACCURATE 
  EXT PARAMETER                  PARABOLIC         MINOS ERRORS        
  NO.   NAME      VALUE            ERROR      NEGATIVE      POSITIVE   
   1  p0           5.58818e+05   9.57489e-03                            
   2  p1           5.65042e-01   4.70957e-06                            
   3  p2           0.00000e+00   3.60053e+00                            
   4  p3           9.99726e-04   2.16356e-07                            
                               ERR DEF= 0.5
------------------------------------------
Enering ROOFIt-------
 PARAMETER DEFINITIONS:
    NO.   NAME         VALUE      STEP SIZE      LIMITS
     1 norm         5.58818e+05  1.00000e-01     no limits
     2 Q            5.65000e-01  1.00000e-01     no limits
     3 theta        0.00000e+00  1.00000e-01     no limits
     4 pileup       9.99726e-04  1.00000e-01     no limits
 **********
 **    1 **MIGRAD
 **********
 FIRST CALL TO USER FUNCTION AT NEW START POINT, WITH IFLAG=4.
 START MIGRAD MINIMIZATION.  STRATEGY  1.  CONVERGENCE WHEN EDM .LT. 1.00e-04
 FCN=-2.37858e+11 FROM MIGRAD    STATUS=INITIATE       14 CALLS          15 TOTAL
                     EDM= unknown      STRATEGY= 1      NO ERROR MATRIX       
  EXT PARAMETER               CURRENT GUESS       STEP         FIRST   
  NO.   NAME      VALUE            ERROR          SIZE      DERIVATIVE 
   1  norm         5.58818e+05   1.00000e-01   1.00000e-01  -5.02550e+00
   2  Q            5.65000e-01   1.00000e-01   1.00000e-01  -7.01982e+07
   3  theta        0.00000e+00   1.00000e-01   1.00000e-01   0.00000e+00
   4  pileup       9.99726e-04   1.00000e-01   1.00000e-01  -9.18218e+11
 MIGRAD FAILS TO FIND IMPROVEMENT
 COVARIANCE MATRIX CALCULATED SUCCESSFULLY
 FCN=-2.37858e+11 FROM HESSE     STATUS=OK             27 CALLS          53 TOTAL
                     EDM=3031.28    STRATEGY= 1      ERROR MATRIX ACCURATE 
  EXT PARAMETER                                   STEP         FIRST   
  NO.   NAME      VALUE            ERROR          SIZE      DERIVATIVE 
   1  norm         5.58818e+05   2.86123e+01   2.66465e+00  -5.02560e+00
   2  Q            5.65000e-01   2.35528e-06   1.00000e-03  -1.56239e+07
   3  theta        0.00000e+00   1.81816e-03   1.00000e-01   0.00000e+00
   4  pileup       9.99726e-04   9.24304e-08   1.00000e-02  -1.41578e+08
 MIGRAD FAILS TO FIND IMPROVEMENT
 MIGRAD TERMINATED WITHOUT CONVERGENCE.
 FCN=-2.37858e+11 FROM MIGRAD    STATUS=FAILED         77 CALLS          78 TOTAL
                     EDM=39589.4    STRATEGY= 1  ERROR MATRIX UNCERTAINTY  66.7 per cent
  EXT PARAMETER                APPROXIMATE        STEP         FIRST   
  NO.   NAME      VALUE            ERROR          SIZE      DERIVATIVE 
   1  norm         5.59055e+05   1.49389e+01   0.00000e+00   1.70055e+00
   2  Q            5.64982e-01   8.61375e-07  -0.00000e+00   5.28553e+06
   3  theta       -1.04388e-02   4.74394e-04   0.00000e+00  -2.04275e+05
   4  pileup       9.99813e-04   9.24156e-08   0.00000e+00   2.66725e+07
 EXTERNAL ERROR MATRIX.    NDIM=  25    NPAR=  4    ERR DEF=1
  2.232e+02 -1.054e-05  3.929e-03 -3.336e-08 
 -1.054e-05  7.420e-13 -9.993e-11 -5.516e-15 
  3.929e-03 -9.993e-11  2.250e-07  4.514e-12 
 -3.336e-08 -5.516e-15  4.514e-12  8.541e-15 
ERR MATRIX APPROXIMATE
 PARAMETER  CORRELATION COEFFICIENTS  
       NO.  GLOBAL      1      2      3      4
        1  0.90413   1.000 -0.819  0.554 -0.024
        2  0.86622  -0.819  1.000 -0.245 -0.069
        3  0.68675   0.554 -0.245  1.000  0.103
        4  0.27990  -0.024 -0.069  0.103  1.000
 ERR MATRIX APPROXIMATE
 **********
 **    2 **MIGRAD 
 **********
 START MIGRAD MINIMIZATION.  STRATEGY  1.  CONVERGENCE WHEN EDM .LT. 1.00e-04
 FCN=-2.37858e+11 FROM MIGRAD    STATUS=INITIATE       16 CALLS          94 TOTAL
                     EDM=1.24435e+06    STRATEGY= 1  ERROR MATRIX UNCERTAINTY  66.7 per cent
  EXT PARAMETER                APPROXIMATE        STEP         FIRST   
  NO.   NAME      VALUE            ERROR          SIZE      DERIVATIVE 
   1  norm         5.59055e+05   1.49389e+01   0.00000e+00   1.70048e+00
   2  Q            5.64982e-01   8.61375e-07  -0.00000e+00  -1.48078e+09
   3  theta       -1.04388e-02   4.74394e-04   0.00000e+00  -7.78243e+04
   4  pileup       9.99813e-04   9.24156e-08   0.00000e+00   2.78326e+07
 MIGRAD FAILS TO FIND IMPROVEMENT
 COVARIANCE MATRIX CALCULATED SUCCESSFULLY
 FCN=-2.37858e+11 FROM HESSE     STATUS=OK             31 CALLS         185 TOTAL
                     EDM=0.0430348    STRATEGY= 1      ERROR MATRIX ACCURATE 
  EXT PARAMETER                                   STEP         FIRST   
  NO.   NAME      VALUE            ERROR          SIZE      DERIVATIVE 
   1  norm         5.59000e+05   8.40444e+00   1.72593e+03   2.51410e-02
   2  Q            5.64986e-01   5.24414e-07   5.54898e-04   7.39367e+04
   3  theta       -1.08784e-02   9.53606e-04   1.08064e-01  -4.59114e+02
   4  pileup       9.99786e-04   1.01902e-07   2.09850e-05   2.43157e+06
 MINUIT WARNING IN MIGRAD  
 ============== Negative diagonal element 3 in Error Matrix
 MINUIT WARNING IN MIGRAD  
 ============== 1 added to diagonal of error matrix
 MIGRAD FAILS TO FIND IMPROVEMENT
 MACHINE ACCURACY LIMITS FURTHER IMPROVEMENT.
 MIGRAD MINIMIZATION HAS CONVERGED.
 FCN=-2.37858e+11 FROM MIGRAD    STATUS=CONVERGED     129 CALLS         207 TOTAL
                     EDM=36.7342    STRATEGY= 1  ERROR MATRIX UNCERTAINTY   2.5 per cent
  EXT PARAMETER                                   STEP         FIRST   
  NO.   NAME      VALUE            ERROR          SIZE      DERIVATIVE 
   1  norm         5.58999e+05   8.07498e+00   0.00000e+00   2.62893e-02
   2  Q            5.64986e-01   1.00000e+00  -0.00000e+00   1.09472e+05
   3  theta       -9.94998e-03   1.00000e+00   0.00000e+00  -1.26116e+04
   4  pileup       9.99740e-04   1.00000e+00   0.00000e+00  -1.03327e+07
 EXTERNAL ERROR MATRIX.    NDIM=  25    NPAR=  4    ERR DEF=1
  6.521e+01 -7.593e-07  3.397e-04 -1.999e-07 
 -7.593e-07  1.000e+00 -4.732e-11 -1.630e-14 
  3.397e-04 -4.732e-11  1.000e+00 -2.407e-12 
 -1.999e-07 -1.630e-14 -2.407e-12  1.000e+00 
 PARAMETER  CORRELATION COEFFICIENTS  
       NO.  GLOBAL      1      2      3      4
        1  0.00004   1.000 -0.000  0.000 -0.000
        2  0.00000  -0.000  1.000 -0.000 -0.000
        3  0.00004   0.000 -0.000  1.000 -0.000
        4  0.00000  -0.000 -0.000 -0.000  1.000
status of the fit-----000------0
1  558999
2  0.564986
3  -0.00994998
4  0.00099974
 PARAMETER DEFINITIONS:
    NO.   NAME         VALUE      STEP SIZE      LIMITS
     1 norm         5.58999e+05  1.00000e-01     no limits
     2 Q            5.64986e-01  1.00000e-01     no limits
     3 theta       -9.94998e-03  1.00000e-01     no limits
     4 pileup       9.99740e-04  1.00000e-01     no limits
 **********
 **    3 **MIGRAD
 **********
 FIRST CALL TO USER FUNCTION AT NEW START POINT, WITH IFLAG=4.
 START MIGRAD MINIMIZATION.  STRATEGY  1.  CONVERGENCE WHEN EDM .LT. 1.00e-04
 FCN=-2.37858e+11 FROM MIGRAD    STATUS=INITIATE       18 CALLS         226 TOTAL
                     EDM= unknown      STRATEGY= 1      NO ERROR MATRIX       
  EXT PARAMETER               CURRENT GUESS       STEP         FIRST   
  NO.   NAME      VALUE            ERROR          SIZE      DERIVATIVE 
   1  norm         5.58999e+05   1.00000e-01   1.00000e-01   3.66255e-02
   2  Q            5.64986e-01   1.00000e-01   1.00000e-01   5.47517e+06
   3  theta       -9.94998e-03   1.00000e-01   1.00000e-01  -6.82230e+04
   4  pileup       9.99740e-04   1.00000e-01   1.00000e-01  -9.18043e+11
 MIGRAD FAILS TO FIND IMPROVEMENT
 COVARIANCE MATRIX CALCULATED SUCCESSFULLY
 FCN=-2.37858e+11 FROM HESSE     STATUS=OK             29 CALLS         266 TOTAL
                     EDM=0.32798    STRATEGY= 1      ERROR MATRIX ACCURATE 
  EXT PARAMETER                                   STEP         FIRST   
  NO.   NAME      VALUE            ERROR          SIZE      DERIVATIVE 
   1  norm         5.58999e+05   2.23066e+01   2.66551e+00   3.67800e-02
   2  Q            5.64986e-01   1.59567e-06   1.00000e-03   1.09407e+05
   3  theta       -9.94998e-03   1.20075e-03   1.01321e-01  -3.98560e+02
   4  pileup       9.99740e-04   9.24332e-08   1.00000e-02  -6.36890e+06
 EIGENVALUES OF SECOND-DERIVATIVE MATRIX:
        -2.6400e-01  6.5985e-02  1.3030e+00  2.8950e+00
 MINUIT WARNING IN MIGRAD  
 ============== MATRIX FORCED POS-DEF BY ADDING 0.266896 TO DIAGONAL.
 MIGRAD FAILS TO FIND IMPROVEMENT
 MIGRAD TERMINATED WITHOUT CONVERGENCE.
 FCN=-2.37858e+11 FROM MIGRAD    STATUS=FAILED         97 CALLS         305 TOTAL
                     EDM=845683    STRATEGY= 1      ERR MATRIX NOT POS-DEF
  EXT PARAMETER                APPROXIMATE        STEP         FIRST   
  NO.   NAME      VALUE            ERROR          SIZE      DERIVATIVE 
   1  norm         5.58996e+05   1.52033e+01  -0.00000e+00  -2.18611e-02
   2  Q            5.64987e-01   1.78656e-07   0.00000e+00  -1.09912e+09
   3  theta       -9.84637e-03   2.10298e-04  -0.00000e+00  -9.43760e+05
   4  pileup       9.99771e-04   9.58014e-08   0.00000e+00  -2.86721e+07
 EXTERNAL ERROR MATRIX.    NDIM=  25    NPAR=  4    ERR DEF=1
  2.311e+02 -6.491e-08  7.982e-05 -3.299e-07 
 -6.491e-08  3.192e-14 -3.757e-11  1.670e-14 
  7.982e-05 -3.757e-11  4.423e-08 -1.967e-11 
 -3.299e-07  1.670e-14 -1.967e-11  9.178e-15 
ERR MATRIX NOT POS-DEF
 PARAMETER  CORRELATION COEFFICIENTS  
       NO.  GLOBAL      1      2      3      4
        1  0.93361   1.000 -0.024  0.025 -0.227
        2  0.99987  -0.024  1.000 -1.000  0.976
        3  0.99987   0.025 -1.000  1.000 -0.976
        4  0.99698  -0.227  0.976 -0.976  1.000
 ERR MATRIX NOT POS-DEF
 **********
 **    4 **MIGRAD 
 **********
 START MIGRAD MINIMIZATION.  STRATEGY  1.  CONVERGENCE WHEN EDM .LT. 1.00e-04
 FCN=-2.37858e+11 FROM MIGRAD    STATUS=INITIATE       16 CALLS         321 TOTAL
                     EDM=0.731022    STRATEGY= 1      ERR MATRIX NOT POS-DEF
  EXT PARAMETER                APPROXIMATE        STEP         FIRST   
  NO.   NAME      VALUE            ERROR          SIZE      DERIVATIVE 
   1  norm         5.58996e+05   1.52033e+01  -0.00000e+00  -2.79625e-02
   2  Q            5.64987e-01   1.78656e-07   0.00000e+00  -7.17043e+04
   3  theta       -9.84637e-03   2.10298e-04  -0.00000e+00  -1.84188e+04
   4  pileup       9.99771e-04   9.58014e-08   0.00000e+00  -2.86732e+07
 MIGRAD FAILS TO FIND IMPROVEMENT
 MACHINE ACCURACY LIMITS FURTHER IMPROVEMENT.
 MIGRAD MINIMIZATION HAS CONVERGED.
 MIGRAD WILL VERIFY CONVERGENCE AND ERROR MATRIX.
 EIGENVALUES OF SECOND-DERIVATIVE MATRIX:
        -1.7363e-04  6.9257e-01  8.7528e-01  2.4323e+00
 MINUIT WARNING IN HESSE   
 ============== MATRIX FORCED POS-DEF BY ADDING 0.002606 TO DIAGONAL.
 FCN=-2.37858e+11 FROM HESSE     STATUS=NOT POSDEF     29 CALLS         361 TOTAL
                     EDM=0.0817313    STRATEGY= 1      ERR MATRIX NOT POS-DEF
  EXT PARAMETER                APPROXIMATE        STEP         FIRST   
  NO.   NAME      VALUE            ERROR          SIZE      DERIVATIVE 
   1  norm         5.58996e+05   1.03930e+02   5.33103e+02  -2.18090e-02
   2  Q            5.64987e-01   3.34531e-05   9.49753e-05  -7.17631e+04
   3  theta       -9.84637e-03   1.48999e-03   5.27017e-02  -3.16696e+02
   4  pileup       9.99771e-04   9.56992e-08   2.09849e-05  -2.36755e+05
 MINUIT WARNING IN MIGRAD  
 ============== Negative diagonal element 3 in Error Matrix
 MINUIT WARNING IN MIGRAD  
 ============== 1 added to diagonal of error matrix
 MIGRAD FAILS TO FIND IMPROVEMENT
 MACHINE ACCURACY LIMITS FURTHER IMPROVEMENT.
 MIGRAD MINIMIZATION HAS CONVERGED.
 MIGRAD WILL VERIFY CONVERGENCE AND ERROR MATRIX.
 EIGENVALUES OF SECOND-DERIVATIVE MATRIX:
        -3.4226e-04  8.0557e-01  9.9611e-01  2.1987e+00
 MINUIT WARNING IN HESSE   
 ============== MATRIX FORCED POS-DEF BY ADDING 0.002541 TO DIAGONAL.
 MIGRAD TERMINATED WITHOUT CONVERGENCE.
 FCN=-2.37858e+11 FROM MIGRAD    STATUS=FAILED        103 CALLS         408 TOTAL
                     EDM=0.171372    STRATEGY= 1      ERR MATRIX NOT POS-DEF
  EXT PARAMETER                APPROXIMATE        STEP         FIRST   
  NO.   NAME      VALUE            ERROR          SIZE      DERIVATIVE 
   1  norm         5.58989e+05   1.09332e+02   2.13241e+02   4.58995e-02
   2  Q            5.64989e-01   3.51708e-05   1.89951e-04   1.39361e+05
   3  theta       -9.45095e-03   2.65923e-03   2.10807e-02  -1.69430e+02
   4  pileup       9.99775e-04   9.36177e-08   8.39394e-06   3.24360e+06
 EXTERNAL ERROR MATRIX.    NDIM=  25    NPAR=  4    ERR DEF=1
  1.195e+04 -3.836e-03  7.237e-04  1.007e-07 
 -3.836e-03  1.237e-09 -5.292e-12 -1.108e-13 
  7.237e-04 -5.292e-12  7.072e-06  6.355e-12 
  1.007e-07 -1.108e-13  6.355e-12  8.764e-15 
ERR MATRIX NOT POS-DEF
 PARAMETER  CORRELATION COEFFICIENTS  
       NO.  GLOBAL      1      2      3      4
        1  0.99781   1.000 -0.998  0.002  0.010
        2  0.99781  -0.998  1.000 -0.000 -0.034
        3  0.05249   0.002 -0.000  1.000  0.026
        4  0.34076   0.010 -0.034  0.026  1.000
 ERR MATRIX NOT POS-DEF
status of the fit-----000------4
1  558989
2  0.564989
3  -0.00945095
4  0.000999775
 PARAMETER DEFINITIONS:
    NO.   NAME         VALUE      STEP SIZE      LIMITS
     1 norm         5.58989e+05  1.00000e-01     no limits
     2 Q            5.64989e-01  1.00000e-01     no limits
     3 theta       -9.45095e-03  1.00000e-01     no limits
     4 pileup       9.99775e-04  1.00000e-01     no limits
 **********
 **    5 **MIGRAD
 **********
 FIRST CALL TO USER FUNCTION AT NEW START POINT, WITH IFLAG=4.
 START MIGRAD MINIMIZATION.  STRATEGY  1.  CONVERGENCE WHEN EDM .LT. 1.00e-04
 FCN=-2.37858e+11 FROM MIGRAD    STATUS=INITIATE       18 CALLS         427 TOTAL
                     EDM= unknown      STRATEGY= 1      NO ERROR MATRIX       
  EXT PARAMETER               CURRENT GUESS       STEP         FIRST   
  NO.   NAME      VALUE            ERROR          SIZE      DERIVATIVE 
   1  norm         5.58989e+05   1.00000e-01   1.00000e-01   4.59745e-02
   2  Q            5.64989e-01   1.00000e-01   1.00000e-01   6.14697e+06
   3  theta       -9.45095e-03   1.00000e-01   1.00000e-01  -6.43626e+04
   4  pileup       9.99775e-04   1.00000e-01   1.00000e-01  -9.18041e+11
 MIGRAD FAILS TO FIND IMPROVEMENT
 COVARIANCE MATRIX CALCULATED SUCCESSFULLY
 FCN=-2.37858e+11 FROM HESSE     STATUS=OK             29 CALLS         467 TOTAL
                     EDM=0.282394    STRATEGY= 1      ERROR MATRIX ACCURATE 
  EXT PARAMETER                                   STEP         FIRST   
  NO.   NAME      VALUE            ERROR          SIZE      DERIVATIVE 
   1  norm         5.58989e+05   2.25568e+01   2.66547e+00   4.61691e-02
   2  Q            5.64989e-01   1.62758e-06   1.00000e-03   1.39362e+05
   3  theta       -9.45095e-03   1.23795e-03   1.01077e-01  -2.67238e+02
   4  pileup       9.99775e-04   9.24332e-08   1.00000e-02   2.65830e+06
 EIGENVALUES OF SECOND-DERIVATIVE MATRIX:
        -9.4428e-02  6.7085e-02  1.3293e+00  2.6981e+00
 MINUIT WARNING IN MIGRAD  
 ============== MATRIX FORCED POS-DEF BY ADDING 0.097126 TO DIAGONAL.
 EIGENVALUES OF SECOND-DERIVATIVE MATRIX:
        -4.4152e-06  4.5703e-03  8.5126e-01  3.1442e+00
 MINUIT WARNING IN MIGRAD  
 ============== MATRIX FORCED POS-DEF BY ADDING 0.003149 TO DIAGONAL.
 MIGRAD FAILS TO FIND IMPROVEMENT
 MACHINE ACCURACY LIMITS FURTHER IMPROVEMENT.
 MIGRAD MINIMIZATION HAS CONVERGED.
 MIGRAD WILL VERIFY CONVERGENCE AND ERROR MATRIX.
 COVARIANCE MATRIX CALCULATED SUCCESSFULLY
 MIGRAD TERMINATED WITHOUT CONVERGENCE.
 FCN=-2.37858e+11 FROM MIGRAD    STATUS=FAILED        222 CALLS         631 TOTAL
                     EDM=0.0756992    STRATEGY= 1      ERR MATRIX APPROXIMATE
  EXT PARAMETER                APPROXIMATE        STEP         FIRST   
  NO.   NAME      VALUE            ERROR          SIZE      DERIVATIVE 
   1  norm         5.58987e+05   8.85870e+00   1.72588e+03  -6.45625e-04
   2  Q            5.64989e-01   6.36202e-07   5.54913e-04  -5.30275e+03
   3  theta       -9.34004e-03   4.88514e-04   2.80837e-01  -7.49050e+02
   4  pileup       9.99763e-04   1.03553e-07   2.09848e-05  -6.68220e+05
 EXTERNAL ERROR MATRIX.    NDIM=  25    NPAR=  4    ERR DEF=1
  7.848e+01  5.507e-07  1.836e-03 -8.209e-08 
  5.507e-07  4.048e-13  2.091e-10 -1.057e-14 
  1.836e-03  2.091e-10  2.386e-07  9.363e-12 
 -8.209e-08 -1.057e-14  9.363e-12  1.072e-14 
ERR MATRIX APPROXIMATE
 PARAMETER  CORRELATION COEFFICIENTS  
       NO.  GLOBAL      1      2      3      4
        1  0.57506   1.000  0.098  0.424 -0.089
        2  0.77952   0.098  1.000  0.673 -0.160
        3  0.82930   0.424  0.673  1.000  0.185
        4  0.52522  -0.089 -0.160  0.185  1.000
 ERR MATRIX APPROXIMATE
 **********
 **    6 **MIGRAD 
 **********
 START MIGRAD MINIMIZATION.  STRATEGY  1.  CONVERGENCE WHEN EDM .LT. 1.00e-04
 FCN=-2.37858e+11 FROM MIGRAD    STATUS=INITIATE        8 CALLS         639 TOTAL
                     EDM=42.5848    STRATEGY= 1      ERR MATRIX APPROXIMATE
  EXT PARAMETER                APPROXIMATE        STEP         FIRST   
  NO.   NAME      VALUE            ERROR          SIZE      DERIVATIVE 
   1  norm         5.58987e+05   8.85870e+00   1.72588e+03  -1.08809e-02
   2  Q            5.64989e-01   6.36202e-07   5.54913e-04  -5.24045e+03
   3  theta       -9.34004e-03   4.88514e-04   2.80837e-01  -2.64041e+04
   4  pileup       9.99763e-04   1.03553e-07   2.09848e-05  -5.17887e+06
 EIGENVALUES OF SECOND-DERIVATIVE MATRIX:
        -3.2732e-03  4.2256e-01  1.0767e+00  2.5040e+00
 MINUIT WARNING IN MIGRAD  
 ============== MATRIX FORCED POS-DEF BY ADDING 0.005777 TO DIAGONAL.
 MIGRAD FAILS TO FIND IMPROVEMENT
 MACHINE ACCURACY LIMITS FURTHER IMPROVEMENT.
 MIGRAD MINIMIZATION HAS CONVERGED.
 MIGRAD WILL VERIFY CONVERGENCE AND ERROR MATRIX.
 EIGENVALUES OF SECOND-DERIVATIVE MATRIX:
        -2.7517e-04  6.0533e-01  8.6241e-01  2.5325e+00
 MINUIT WARNING IN HESSE   
 ============== MATRIX FORCED POS-DEF BY ADDING 0.002808 TO DIAGONAL.
 FCN=-2.37858e+11 FROM HESSE     STATUS=NOT POSDEF     29 CALLS         729 TOTAL
                     EDM=0.021626    STRATEGY= 1      ERR MATRIX NOT POS-DEF
  EXT PARAMETER                APPROXIMATE        STEP         FIRST   
  NO.   NAME      VALUE            ERROR          SIZE      DERIVATIVE 
   1  norm         5.58988e+05   1.01794e+02   1.72588e+03   1.90673e-02
   2  Q            5.64989e-01   3.28078e-05   9.48999e-05   5.60661e+04
   3  theta       -9.30000e-03   1.20806e-03   7.15303e-02  -2.48192e+02
   4  pileup       9.99765e-04   9.71213e-08   2.09848e-05   4.29155e+05
 MINUIT WARNING IN MIGRAD  
 ============== Negative diagonal element 3 in Error Matrix
 MINUIT WARNING IN MIGRAD  
 ============== 1 added to diagonal of error matrix
 MIGRAD FAILS TO FIND IMPROVEMENT
 MACHINE ACCURACY LIMITS FURTHER IMPROVEMENT.
 MIGRAD MINIMIZATION HAS CONVERGED.
 MIGRAD WILL VERIFY CONVERGENCE AND ERROR MATRIX.
 EIGENVALUES OF SECOND-DERIVATIVE MATRIX:
        -3.8037e-04  7.8227e-01  9.3246e-01  2.2857e+00
 MINUIT WARNING IN HESSE   
 ============== MATRIX FORCED POS-DEF BY ADDING 0.002666 TO DIAGONAL.
 MIGRAD TERMINATED WITHOUT CONVERGENCE.
 FCN=-2.37858e+11 FROM MIGRAD    STATUS=FAILED        149 CALLS         780 TOTAL
                     EDM=0.168827    STRATEGY= 1      ERR MATRIX NOT POS-DEF
  EXT PARAMETER                APPROXIMATE        STEP         FIRST   
  NO.   NAME      VALUE            ERROR          SIZE      DERIVATIVE 
   1  norm         5.58956e+05   1.07227e+02   6.90354e+02   3.93923e-02
   2  Q            5.64999e-01   3.44981e-05   1.89800e-04   1.20200e+05
   3  theta       -8.55515e-03   2.36849e-03   2.86121e-02  -8.90741e+01
   4  pileup       9.99782e-04   9.42558e-08   8.39392e-06   6.33785e+06
 EXTERNAL ERROR MATRIX.    NDIM=  25    NPAR=  4    ERR DEF=1
  1.150e+04 -3.689e-03  2.765e-03  1.448e-07 
 -3.689e-03  1.190e-09  6.314e-11 -1.206e-13 
  2.765e-03  6.314e-11  5.610e-06  2.661e-11 
  1.448e-07 -1.206e-13  2.661e-11  8.884e-15 
ERR MATRIX NOT POS-DEF
 PARAMETER  CORRELATION COEFFICIENTS  
       NO.  GLOBAL      1      2      3      4
        1  0.99772   1.000 -0.997  0.011  0.014
        2  0.99772  -0.997  1.000  0.001 -0.037
        3  0.23986   0.011  0.001  1.000  0.119
        4  0.35797   0.014 -0.037  0.119  1.000
 ERR MATRIX NOT POS-DEF
status of the fit-----000------4
1  558956
2  0.564999
3  -0.00855515
4  0.000999782
 **********
 **    8 **SET PRINT           2
 **********
 **********
 **    9 **SET NOGRAD
 **********
 PARAMETER DEFINITIONS:
    NO.   NAME         VALUE      STEP SIZE      LIMITS
     1 p0           5.58000e+05  1.67400e+05     no limits
     2 p1           5.65000e-01  1.69500e-01     no limits
     3 p2           0.00000e+00  3.00000e-01     no limits
     4 p3           9.99871e-04  2.99961e-04     no limits
 **********
 **   10 **SET ERR         0.5
 **********
 **********
 **   11 **SET PRINT           2
 **********
 **********
 **   12 **SET STR           1
 **********
 NOW USING STRATEGY  1: TRY TO BALANCE SPEED AGAINST RELIABILITY
 **********
 **   13 **MIGRAD        1480        0.01
 **********
 FIRST CALL TO USER FUNCTION AT NEW START POINT, WITH IFLAG=4.
 START MIGRAD MINIMIZATION.  STRATEGY  1.  CONVERGENCE WHEN EDM .LT. 1.00e-05
 FCN=17403.7 FROM MIGRAD    STATUS=INITIATE       18 CALLS          19 TOTAL
                     EDM= unknown      STRATEGY= 1      NO ERROR MATRIX       
  EXT PARAMETER               CURRENT GUESS       STEP         FIRST   
  NO.   NAME      VALUE            ERROR          SIZE      DERIVATIVE 
   1  p0           5.58000e+05   1.67400e+05   1.67400e+05  -3.63630e+01
   2  p1           5.65000e-01   1.69500e-01   1.69500e-01  -1.12879e+08
   3  p2           0.00000e+00   3.00000e-01   3.00000e-01   0.00000e+00
   4  p3           9.99871e-04   2.99961e-04   2.99961e-04  -1.00044e+09
                               ERR DEF= 0.5
NO ERROR MATRIX       
 FCN=488.645 FROM MIGRAD    STATUS=PROGRESS       34 CALLS          35 TOTAL
                     EDM=1332.14    STRATEGY= 1      NO ERROR MATRIX       
  EXT PARAMETER               CURRENT GUESS       STEP         FIRST   
  NO.   NAME      VALUE            ERROR          SIZE      DERIVATIVE 
   1  p0           5.58440e+05   1.67400e+05   4.40300e+02  -8.23292e-01
   2  p1           5.65142e-01   1.69500e-01   1.41989e-04  -2.53151e+06
   3  p2           0.00000e+00   3.00000e-01  -0.00000e+00   0.00000e+00
   4  p3           1.00167e-03   2.99961e-04   1.79593e-06   4.03222e+08
                               ERR DEF= 0.5
 MIGRAD MINIMIZATION HAS CONVERGED.
 MIGRAD WILL VERIFY CONVERGENCE AND ERROR MATRIX.
   START COVARIANCE MATRIX CALCULATION.
 EIGENVALUES OF SECOND-DERIVATIVE MATRIX:
        -2.8215e-04  8.0514e-01  9.9974e-01  2.1954e+00
 MINUIT WARNING IN HESSE   
 ============== MATRIX FORCED POS-DEF BY ADDING 0.002478 TO DIAGONAL.
 FCN=80.2342 FROM HESSE     STATUS=NOT POSDEF     27 CALLS          83 TOTAL
                     EDM=0.000222495    STRATEGY= 1      ERR MATRIX NOT POS-DEF
  EXT PARAMETER                APPROXIMATE        STEP         FIRST   
  NO.   NAME      VALUE            ERROR          SIZE      DERIVATIVE 
   1  p0           5.58477e+05   7.74775e+01   2.66303e-01   1.41775e-04
   2  p1           5.65154e-01   2.48464e-05   2.69486e-07  -4.10595e+02
   3  p2           0.00000e+00   1.21094e-02   1.03755e-04   0.00000e+00
   4  p3           9.99792e-04   6.60267e-08   4.76738e-10   8.65928e+03
                               ERR DEF= 0.5
 PARAMETER  CORRELATION COEFFICIENTS  
       NO.  GLOBAL      1      2      3      4
        1  0.99782   1.000 -0.998 -0.031 -0.162
        2  0.99780  -0.998  1.000  0.032  0.138
        3  0.03357  -0.031  0.032  1.000  0.007
        4  0.36863  -0.162  0.138  0.007  1.000
 ERR MATRIX NOT POS-DEF
 FCN=80.2263 FROM MIGRAD    STATUS=PROGRESS       94 CALLS          95 TOTAL
                     EDM=0.00592324    STRATEGY= 1      ERR MATRIX NOT POS-DEF
  EXT PARAMETER                APPROXIMATE        STEP         FIRST   
  NO.   NAME      VALUE            ERROR          SIZE      DERIVATIVE 
   1  p0           5.58420e+05   7.74775e+01  -5.76674e+01  -1.15785e-03
   2  p1           5.65172e-01   2.48464e-05   1.85037e-05  -4.20068e+03
   3  p2           2.82219e-04   1.21094e-02   2.82219e-04   1.38407e+00
   4  p3           9.99798e-04   6.60267e-08   6.08962e-09   1.60810e+06
                               ERR DEF= 0.5
 MIGRAD MINIMIZATION HAS CONVERGED.
 MIGRAD WILL VERIFY CONVERGENCE AND ERROR MATRIX.
   START COVARIANCE MATRIX CALCULATION.
 EIGENVALUES OF SECOND-DERIVATIVE MATRIX:
         1.1872e-04  8.1183e-01  1.0025e+00  2.1855e+00
 COVARIANCE MATRIX CALCULATED SUCCESSFULLY
 MIGRAD TERMINATED WITHOUT CONVERGENCE.
 FCN=80.1948 FROM MIGRAD    STATUS=FAILED        204 CALLS         205 TOTAL
                     EDM=1.19658e-05    STRATEGY= 1      ERR MATRIX APPROXIMATE
  EXT PARAMETER                APPROXIMATE        STEP         FIRST   
  NO.   NAME      VALUE            ERROR          SIZE      DERIVATIVE 
   1  p0           5.58187e+05   3.31687e+02   2.66164e-01   1.69556e-05
   2  p1           5.65247e-01   1.07113e-04   2.69531e-07   2.33389e+01
   3  p2          -9.91428e-06   2.21815e-02   1.47998e-04  -5.25514e-02
   4  p3           9.99787e-04   7.01723e-08   4.76735e-10   5.19468e+03
                               ERR DEF= 0.5
 EXTERNAL ERROR MATRIX.    NDIM=  25    NPAR=  4    ERR DEF=0.5
  1.100e+05 -3.552e-02  1.287e-01  9.076e-06 
 -3.552e-02  1.147e-08 -4.099e-08 -2.968e-12 
  1.287e-01 -4.099e-08  4.920e-04  7.278e-11 
  9.076e-06 -2.968e-12  7.278e-11  4.924e-15 
ERR MATRIX APPROXIMATE
 PARAMETER  CORRELATION COEFFICIENTS  
       NO.  GLOBAL      1      2      3      4
        1  0.99988   1.000 -1.000  0.017  0.390
        2  0.99988  -1.000  1.000 -0.017 -0.395
        3  0.05571   0.017 -0.017  1.000  0.047
        4  0.49683   0.390 -0.395  0.047  1.000
 ERR MATRIX APPROXIMATE
 FCN=80.1948 FROM MIGRAD    STATUS=FAILED        204 CALLS         205 TOTAL
                     EDM=1.19658e-05    STRATEGY= 1      ERR MATRIX APPROXIMATE
  EXT PARAMETER                  PARABOLIC         MINOS ERRORS        
  NO.   NAME      VALUE            ERROR      NEGATIVE      POSITIVE   
   1  p0           5.58187e+05   3.31687e+02                            
   2  p1           5.65247e-01   1.07113e-04                            
   3  p2          -9.91428e-06   2.21815e-02                            
   4  p3           9.99787e-04   7.01723e-08                            
                               ERR DEF= 0.5
 **********
 **   14 **SET PRINT           2
 **********
 **********
 **   15 **SET NOGRAD
 **********
 PARAMETER DEFINITIONS:
    NO.   NAME         VALUE      STEP SIZE      LIMITS
     1 p0           5.58187e+05  3.31687e+02     no limits
     2 p1           5.65247e-01  1.07113e-04     no limits
     3 p2          -9.91428e-06  2.21815e-02     no limits
     4 p3           9.99787e-04  7.01723e-08     no limits
 **********
 **   16 **SET ERR         0.5
 **********
 **********
 **   17 **SET PRINT           2
 **********
 **********
 **   18 **SET STR           1
 **********
 NOW USING STRATEGY  1: TRY TO BALANCE SPEED AGAINST RELIABILITY
 **********
 **   19 **MIGRAD        1480        0.01
 **********
 FIRST CALL TO USER FUNCTION AT NEW START POINT, WITH IFLAG=4.
 START MIGRAD MINIMIZATION.  STRATEGY  1.  CONVERGENCE WHEN EDM .LT. 1.00e-05
 FCN=80.1948 FROM MIGRAD    STATUS=INITIATE       16 CALLS          17 TOTAL
                     EDM= unknown      STRATEGY= 1      NO ERROR MATRIX       
  EXT PARAMETER               CURRENT GUESS       STEP         FIRST   
  NO.   NAME      VALUE            ERROR          SIZE      DERIVATIVE 
   1  p0           5.58187e+05   3.31687e+02   3.31687e+02   7.67734e-06
   2  p1           5.65247e-01   1.07113e-04   1.07113e-04   1.41741e+01
   3  p2          -9.91428e-06   2.21815e-02   2.21815e-02   5.99104e-03
   4  p3           9.99787e-04   7.01723e-08   7.01723e-08   1.88149e+03
                               ERR DEF= 0.5
NO ERROR MATRIX       
 FCN=80.1948 FROM MIGRAD    STATUS=PROGRESS       32 CALLS          33 TOTAL
                     EDM=7.24057e-07    STRATEGY= 1      NO ERROR MATRIX       
  EXT PARAMETER               CURRENT GUESS       STEP         FIRST   
  NO.   NAME      VALUE            ERROR          SIZE      DERIVATIVE 
   1  p0           5.58187e+05   3.31687e+02  -6.28157e-11  -5.89936e-06
   2  p1           5.65247e-01   1.07113e-04  -1.20384e-17   1.16173e+01
   3  p2          -9.91428e-06   2.21815e-02  -9.36487e-13  -2.61195e-02
   4  p3           9.99787e-04   7.01723e-08  -2.18058e-18  -2.29269e+03
                               ERR DEF= 0.5
 MIGRAD MINIMIZATION HAS CONVERGED.
 MIGRAD WILL VERIFY CONVERGENCE AND ERROR MATRIX.
   START COVARIANCE MATRIX CALCULATION.
 EIGENVALUES OF SECOND-DERIVATIVE MATRIX:
         7.4351e-04  7.9352e-01  1.0226e+00  2.1832e+00
 COVARIANCE MATRIX CALCULATED SUCCESSFULLY
 FCN=80.1948 FROM HESSE     STATUS=OK             31 CALLS          64 TOTAL
                     EDM=6.68234e-06    STRATEGY= 1      ERROR MATRIX ACCURATE 
  EXT PARAMETER                                   STEP         FIRST   
  NO.   NAME      VALUE            ERROR          SIZE      DERIVATIVE 
   1  p0           5.58187e+05   1.32631e+02   2.66164e-01  -1.31363e-05
   2  p1           5.65247e-01   4.27392e-05   2.69531e-07   2.02047e+01
   3  p2          -9.91428e-06   2.35514e-02   1.38734e-04  -1.55026e-01
   4  p3           9.99787e-04   6.36865e-08   4.76735e-10  -1.40860e+04
                               ERR DEF= 0.5
 PARAMETER  CORRELATION COEFFICIENTS  
       NO.  GLOBAL      1      2      3      4
        1  0.99926   1.000 -0.999 -0.416 -0.086
        2  0.99926  -0.999  1.000  0.416  0.073
        3  0.42372  -0.416  0.416  1.000  0.112
        4  0.34528  -0.086  0.073  0.112  1.000
 MIGRAD FAILS TO FIND IMPROVEMENT
 MIGRAD MINIMIZATION HAS CONVERGED.
 FCN=80.1948 FROM MIGRAD    STATUS=CONVERGED      71 CALLS          72 TOTAL
                     EDM=6.68234e-06    STRATEGY= 1      ERROR MATRIX ACCURATE 
  EXT PARAMETER                                   STEP         FIRST   
  NO.   NAME      VALUE            ERROR          SIZE      DERIVATIVE 
   1  p0           5.58187e+05   1.32631e+02   0.00000e+00  -1.31363e-05
   2  p1           5.65247e-01   4.27392e-05  -0.00000e+00   2.02047e+01
   3  p2          -9.91428e-06   2.35514e-02   0.00000e+00  -1.55026e-01
   4  p3           9.99787e-04   6.36865e-08   0.00000e+00  -1.40860e+04
                               ERR DEF= 0.5
 EXTERNAL ERROR MATRIX.    NDIM=  25    NPAR=  4    ERR DEF=0.5
  1.759e+04 -5.664e-03 -1.299e+00 -7.290e-07 
 -5.664e-03  1.827e-09  4.183e-07  1.988e-13 
 -1.299e+00  4.183e-07  5.547e-04  1.684e-10 
 -7.290e-07  1.988e-13  1.684e-10  4.056e-15 
 PARAMETER  CORRELATION COEFFICIENTS  
       NO.  GLOBAL      1      2      3      4
        1  0.99926   1.000 -0.999 -0.416 -0.086
        2  0.99926  -0.999  1.000  0.416  0.073
        3  0.42372  -0.416  0.416  1.000  0.112
        4  0.34528  -0.086  0.073  0.112  1.000
 EXTERNAL ERROR MATRIX.    NDIM=   4    NPAR=  4    ERR DEF=0.5
  1.759e+04 -5.664e-03 -1.299e+00 -7.290e-07 
 -5.664e-03  1.827e-09  4.183e-07  1.988e-13 
 -1.299e+00  4.183e-07  5.547e-04  1.684e-10 
 -7.290e-07  1.988e-13  1.684e-10  4.056e-15 
 FCN=80.1948 FROM MIGRAD    STATUS=CONVERGED      71 CALLS          72 TOTAL
                     EDM=6.68234e-06    STRATEGY= 1      ERROR MATRIX ACCURATE 
  EXT PARAMETER                  PARABOLIC         MINOS ERRORS        
  NO.   NAME      VALUE            ERROR      NEGATIVE      POSITIVE   
   1  p0           5.58187e+05   1.32631e+02                            
   2  p1           5.65247e-01   4.27392e-05                            
   3  p2          -9.91428e-06   2.35514e-02                            
   4  p3           9.99787e-04   6.36865e-08                            
                               ERR DEF= 0.5
------------------------------------------
Enering ROOFIt-------
 PARAMETER DEFINITIONS:
    NO.   NAME         VALUE      STEP SIZE      LIMITS
     1 norm         5.58187e+05  1.00000e-01     no limits
     2 Q            5.65000e-01  1.00000e-01     no limits
     3 theta        0.00000e+00  1.00000e-01     no limits
     4 pileup       9.99787e-04  1.00000e-01     no limits
 **********
 **    1 **MIGRAD
 **********
 FIRST CALL TO USER FUNCTION AT NEW START POINT, WITH IFLAG=4.
 START MIGRAD MINIMIZATION.  STRATEGY  1.  CONVERGENCE WHEN EDM .LT. 1.00e-04
 FCN=-2.37861e+11 FROM MIGRAD    STATUS=INITIATE       14 CALLS          15 TOTAL
                     EDM= unknown      STRATEGY= 1      NO ERROR MATRIX       
  EXT PARAMETER               CURRENT GUESS       STEP         FIRST   
  NO.   NAME      VALUE            ERROR          SIZE      DERIVATIVE 
   1  norm         5.58187e+05   1.00000e-01   1.00000e-01  -2.93115e+01
   2  Q            5.65000e-01   1.00000e-01   1.00000e-01  -4.41735e+08
   3  theta        0.00000e+00   1.00000e-01   1.00000e-01   0.00000e+00
   4  pileup       9.99787e-04   1.00000e-01   1.00000e-01  -9.19135e+11
 MIGRAD FAILS TO FIND IMPROVEMENT
 EIGENVALUES OF SECOND-DERIVATIVE MATRIX:
        -1.4414e-01  4.7320e-01  6.6679e-01  3.0041e+00
 MINUIT WARNING IN HESSE   
 ============== MATRIX FORCED POS-DEF BY ADDING 0.147144 TO DIAGONAL.
 FCN=-2.37861e+11 FROM HESSE     STATUS=NOT POSDEF     27 CALLS          95 TOTAL
                     EDM=1432.88    STRATEGY= 1      ERR MATRIX NOT POS-DEF
  EXT PARAMETER                APPROXIMATE        STEP         FIRST   
  NO.   NAME      VALUE            ERROR          SIZE      DERIVATIVE 
   1  norm         5.58864e+05   1.22843e+01   1.72573e+03   8.26993e-01
   2  Q            5.65008e-01   4.95296e-06   5.55041e-04   2.61479e+06
   3  theta        0.00000e+00   9.34464e-03   1.19108e-01   0.00000e+00
   4  pileup       1.00300e-03   9.54968e-08   2.10288e-05   7.49717e+08
 MIGRAD FAILS TO FIND IMPROVEMENT
 MACHINE ACCURACY LIMITS FURTHER IMPROVEMENT.
 MIGRAD MINIMIZATION HAS CONVERGED.
 MIGRAD WILL VERIFY CONVERGENCE AND ERROR MATRIX.
 EIGENVALUES OF SECOND-DERIVATIVE MATRIX:
        -6.2602e-02  4.7954e-01  6.6771e-01  2.9154e+00
 MINUIT WARNING IN HESSE   
 ============== MATRIX FORCED POS-DEF BY ADDING 0.065517 TO DIAGONAL.
 MIGRAD TERMINATED WITHOUT CONVERGENCE.
 FCN=-2.37861e+11 FROM MIGRAD    STATUS=FAILED        197 CALLS         198 TOTAL
                     EDM=4.35081    STRATEGY= 1      ERR MATRIX NOT POS-DEF
  EXT PARAMETER                APPROXIMATE        STEP         FIRST   
  NO.   NAME      VALUE            ERROR          SIZE      DERIVATIVE 
   1  norm         5.58933e+05   8.76942e+00   1.72567e+03   2.02437e-01
   2  Q            5.65009e-01   5.22874e-06   5.54966e-04   6.28652e+05
   3  theta       -1.72781e-04   5.98864e-03   1.68366e-01  -1.26635e+02
   4  pileup       9.99851e-04   1.16812e-07   2.09903e-05   1.70067e+07
 EXTERNAL ERROR MATRIX.    NDIM=  25    NPAR=  4    ERR DEF=1
  7.690e+01  9.184e-06  1.307e-02 -1.447e-07 
  9.184e-06  2.734e-11  3.116e-08 -3.267e-13 
  1.307e-02  3.116e-08  3.586e-05 -3.481e-10 
 -1.447e-07 -3.267e-13 -3.481e-10  1.364e-14 
ERR MATRIX NOT POS-DEF
 PARAMETER  CORRELATION COEFFICIENTS  
       NO.  GLOBAL      1      2      3      4
        1  0.59927   1.000  0.200  0.249 -0.141
        2  0.99730   0.200  1.000  0.995 -0.535
        3  0.99722   0.249  0.995  1.000 -0.498
        4  0.68253  -0.141 -0.535 -0.498  1.000
 ERR MATRIX NOT POS-DEF
 **********
 **    2 **MIGRAD 
 **********
 START MIGRAD MINIMIZATION.  STRATEGY  1.  CONVERGENCE WHEN EDM .LT. 1.00e-04
 FCN=-2.37861e+11 FROM MIGRAD    STATUS=INITIATE        8 CALLS         206 TOTAL
                     EDM=7.83986    STRATEGY= 1      ERR MATRIX NOT POS-DEF
  EXT PARAMETER                APPROXIMATE        STEP         FIRST   
  NO.   NAME      VALUE            ERROR          SIZE      DERIVATIVE 
   1  norm         5.58933e+05   8.76942e+00   1.72567e+03   1.92201e-01
   2  Q            5.65009e-01   5.22874e-06   5.54966e-04   6.28741e+05
   3  theta       -1.72781e-04   5.98864e-03   1.68366e-01  -1.37823e+03
   4  pileup       9.99851e-04   1.16812e-07   2.09903e-05   1.24944e+07
 MIGRAD FAILS TO FIND IMPROVEMENT
 MACHINE ACCURACY LIMITS FURTHER IMPROVEMENT.
 MIGRAD MINIMIZATION HAS CONVERGED.
 MIGRAD WILL VERIFY CONVERGENCE AND ERROR MATRIX.
 EIGENVALUES OF SECOND-DERIVATIVE MATRIX:
        -3.9208e-04  3.7134e-01  8.5073e-01  2.7783e+00
 MINUIT WARNING IN HESSE   
 ============== MATRIX FORCED POS-DEF BY ADDING 0.003170 TO DIAGONAL.
 FCN=-2.37861e+11 FROM HESSE     STATUS=NOT POSDEF     27 CALLS         244 TOTAL
                     EDM=1.63581    STRATEGY= 1      ERR MATRIX NOT POS-DEF
  EXT PARAMETER                APPROXIMATE        STEP         FIRST   
  NO.   NAME      VALUE            ERROR          SIZE      DERIVATIVE 
   1  norm         5.58933e+05   9.65864e+01   6.90268e+02   2.02128e-01
   2  Q            5.65009e-01   3.15202e-05   9.43148e-05   6.28658e+05
   3  theta       -1.72781e-04   1.03883e-03   1.09695e-01  -5.20590e+01
   4  pileup       9.99851e-04   1.04328e-07   8.39612e-06   1.70450e+07
 MINUIT WARNING IN MIGRAD  
 ============== Negative diagonal element 2 in Error Matrix
 MINUIT WARNING IN MIGRAD  
 ============== 1 added to diagonal of error matrix
 MIGRAD FAILS TO FIND IMPROVEMENT
 MIGRAD TERMINATED WITHOUT CONVERGENCE.
 FCN=-2.37861e+11 FROM MIGRAD    STATUS=FAILED         85 CALLS         283 TOTAL
                     EDM=1.59342e+07    STRATEGY= 1      ERR MATRIX NOT POS-DEF
  EXT PARAMETER                APPROXIMATE        STEP         FIRST   
  NO.   NAME      VALUE            ERROR          SIZE      DERIVATIVE 
   1  norm         5.58945e+05   7.56802e+00  -0.00000e+00  -7.12227e-02
   2  Q            5.65003e-01   1.00000e+00  -0.00000e+00   2.52502e+08
   3  theta       -5.37084e-04   1.00000e+00   0.00000e+00  -4.25712e+03
   4  pileup       9.99805e-04   1.00000e+00   0.00000e+00  -2.79033e+07
 EXTERNAL ERROR MATRIX.    NDIM=  25    NPAR=  4    ERR DEF=1
  5.727e+01  9.988e-09 -1.477e-04 -2.588e-07 
  9.988e-09  1.000e+00 -1.483e-12  9.298e-16 
 -1.477e-04 -1.483e-12  1.000e+00  2.802e-13 
 -2.588e-07  9.298e-16  2.802e-13  1.000e+00 
ERR MATRIX NOT POS-DEF
 PARAMETER  CORRELATION COEFFICIENTS  
       NO.  GLOBAL      1      2      3      4
        1  0.00002   1.000  0.000 -0.000 -0.000
        2  0.00000   0.000  1.000 -0.000  0.000
        3  0.00002  -0.000 -0.000  1.000  0.000
        4  0.00000  -0.000  0.000  0.000  1.000
 ERR MATRIX NOT POS-DEF
status of the fit-----000------4
1  558945
2  0.565003
3  -0.000537084
4  0.000999805
 PARAMETER DEFINITIONS:
    NO.   NAME         VALUE      STEP SIZE      LIMITS
     1 norm         5.58945e+05  1.00000e-01     no limits
     2 Q            5.65003e-01  1.00000e-01     no limits
     3 theta       -5.37084e-04  1.00000e-01     no limits
     4 pileup       9.99805e-04  1.00000e-01     no limits
 **********
 **    3 **MIGRAD
 **********
 FIRST CALL TO USER FUNCTION AT NEW START POINT, WITH IFLAG=4.
 START MIGRAD MINIMIZATION.  STRATEGY  1.  CONVERGENCE WHEN EDM .LT. 1.00e-04
 FCN=-2.37861e+11 FROM MIGRAD    STATUS=INITIATE       14 CALLS         298 TOTAL
                     EDM= unknown      STRATEGY= 1      NO ERROR MATRIX       
  EXT PARAMETER               CURRENT GUESS       STEP         FIRST   
  NO.   NAME      VALUE            ERROR          SIZE      DERIVATIVE 
   1  norm         5.58945e+05   1.00000e-01   1.00000e-01  -6.59529e-03
   2  Q            5.65003e-01   1.00000e-01   1.00000e-01   6.06116e+06
   3  theta       -5.37084e-04   1.00000e-01   1.00000e-01  -3.57518e+03
   4  pileup       9.99805e-04   1.00000e-01   1.00000e-01  -9.18090e+11
 MIGRAD FAILS TO FIND IMPROVEMENT
 COVARIANCE MATRIX CALCULATED SUCCESSFULLY
 FCN=-2.37861e+11 FROM HESSE     STATUS=OK             29 CALLS         338 TOTAL
                     EDM=0.00934874    STRATEGY= 1      ERROR MATRIX ACCURATE 
  EXT PARAMETER                                   STEP         FIRST   
  NO.   NAME      VALUE            ERROR          SIZE      DERIVATIVE 
   1  norm         5.58945e+05   5.03527e+01   2.66526e+00  -6.87009e-03
   2  Q            5.65003e-01   4.63542e-06   1.00000e-03  -2.25565e+04
   3  theta       -5.37084e-04   4.01573e-03   1.00000e-01  -1.44310e+01
   4  pileup       9.99805e-04   9.24318e-08   1.00000e-02  -1.00339e+04
 MIGRAD FAILS TO FIND IMPROVEMENT
 MIGRAD TERMINATED WITHOUT CONVERGENCE.
 FCN=-2.37861e+11 FROM MIGRAD    STATUS=FAILED        100 CALLS         384 TOTAL
                     EDM=299268    STRATEGY= 1  ERROR MATRIX UNCERTAINTY 100.0 per cent
  EXT PARAMETER                APPROXIMATE        STEP         FIRST   
  NO.   NAME      VALUE            ERROR          SIZE      DERIVATIVE 
   1  norm         5.58945e+05   9.16391e+00   0.00000e+00  -8.47311e-05
   2  Q            5.65003e-01   6.75153e-10   0.00000e+00   2.52561e+08
   3  theta       -5.53295e-04   9.38941e-04   0.00000e+00  -7.58350e+02
   4  pileup       9.99805e-04   1.83050e-08  -0.00000e+00  -2.77174e+07
 EXTERNAL ERROR MATRIX.    NDIM=  25    NPAR=  4    ERR DEF=1
  8.398e+01  3.873e-09  5.306e-03 -8.778e-08 
  3.873e-09  4.558e-19  6.496e-13 -1.225e-17 
  5.306e-03  6.496e-13  8.816e-07 -1.646e-11 
 -8.778e-08 -1.225e-17 -1.646e-11  3.351e-16 
ERR MATRIX APPROXIMATE
 PARAMETER  CORRELATION COEFFICIENTS  
       NO.  GLOBAL      1      2      3      4
        1  0.65943   1.000  0.626  0.617 -0.523
        2  1.02531   0.626  1.000  1.025 -0.991
        3  1.87931   0.617  1.025  1.000 -0.958
        4  0.96053  -0.523 -0.991 -0.958  1.000
 ERR MATRIX APPROXIMATE
 **********
 **    4 **MIGRAD 
 **********
 START MIGRAD MINIMIZATION.  STRATEGY  1.  CONVERGENCE WHEN EDM .LT. 1.00e-04
 FCN=-2.37861e+11 FROM MIGRAD    STATUS=INITIATE       14 CALLS         398 TOTAL
                     EDM=0.298786    STRATEGY= 1  ERROR MATRIX UNCERTAINTY 100.0 per cent
  EXT PARAMETER                APPROXIMATE        STEP         FIRST   
  NO.   NAME      VALUE            ERROR          SIZE      DERIVATIVE 
   1  norm         5.58945e+05   9.16391e+00   0.00000e+00  -6.18949e-03
   2  Q            5.65003e-01   6.75153e-10   0.00000e+00  -2.02435e+03
   3  theta       -5.53295e-04   9.38941e-04   0.00000e+00  -7.41075e+02
   4  pileup       9.99805e-04   1.83050e-08  -0.00000e+00  -2.77175e+07
 MINUIT WARNING IN MIGRAD  
 ============== Negative diagonal element 1 in Error Matrix
 MINUIT WARNING IN MIGRAD  
 ============== Negative diagonal element 2 in Error Matrix
 MINUIT WARNING IN MIGRAD  
 ============== Negative diagonal element 3 in Error Matrix
 MINUIT WARNING IN MIGRAD  
 ============== Negative diagonal element 4 in Error Matrix
 MINUIT WARNING IN MIGRAD  
 ============== 16.0029 added to diagonal of error matrix
 MIGRAD FAILS TO FIND IMPROVEMENT
 MACHINE ACCURACY LIMITS FURTHER IMPROVEMENT.
 MIGRAD MINIMIZATION HAS CONVERGED.
 MIGRAD WILL VERIFY CONVERGENCE AND ERROR MATRIX.
 EIGENVALUES OF SECOND-DERIVATIVE MATRIX:
        -2.7313e-04  4.0510e-01  8.5282e-01  2.7424e+00
 MINUIT WARNING IN HESSE   
 ============== MATRIX FORCED POS-DEF BY ADDING 0.003015 TO DIAGONAL.
 FCN=-2.37861e+11 FROM HESSE     STATUS=NOT POSDEF     29 CALLS         478 TOTAL
                     EDM=0.00215361    STRATEGY= 1      ERR MATRIX NOT POS-DEF
  EXT PARAMETER                APPROXIMATE        STEP         FIRST   
  NO.   NAME      VALUE            ERROR          SIZE      DERIVATIVE 
   1  norm         5.58945e+05   9.78154e+01   1.72576e+03   6.05553e-03
   2  Q            5.65003e-01   3.15452e-05   9.47854e-05   1.71140e+04
   3  theta       -4.99288e-04   2.39951e-03   4.36524e-02  -8.51159e+00
   4  pileup       9.99804e-04   1.02457e-07   2.09853e-05   7.06505e+05
 MIGRAD FAILS TO FIND IMPROVEMENT
 MACHINE ACCURACY LIMITS FURTHER IMPROVEMENT.
 MIGRAD MINIMIZATION HAS CONVERGED.
 MIGRAD WILL VERIFY CONVERGENCE AND ERROR MATRIX.
 EIGENVALUES OF SECOND-DERIVATIVE MATRIX:
        -3.8031e-04  4.8622e-01  8.5598e-01  2.6582e+00
 MINUIT WARNING IN HESSE   
 ============== MATRIX FORCED POS-DEF BY ADDING 0.003038 TO DIAGONAL.
 MIGRAD TERMINATED WITHOUT CONVERGENCE.
 FCN=-2.37861e+11 FROM MIGRAD    STATUS=FAILED        151 CALLS         535 TOTAL
                     EDM=0.00492714    STRATEGY= 1      ERR MATRIX NOT POS-DEF
  EXT PARAMETER                APPROXIMATE        STEP         FIRST   
  NO.   NAME      VALUE            ERROR          SIZE      DERIVATIVE 
   1  norm         5.58942e+05   9.94823e+01   6.90302e+02  -3.57375e-03
   2  Q            5.65004e-01   3.19914e-05   1.89571e-04  -1.30859e+04
   3  theta       -5.40279e-04   5.19550e-03   1.74610e-02  -9.17574e+00
   4  pileup       9.99801e-04   9.99151e-08   8.39411e-06  -2.43857e+05
 EXTERNAL ERROR MATRIX.    NDIM=  25    NPAR=  4    ERR DEF=1
  9.897e+03 -3.171e-03  1.807e-02  2.156e-07 
 -3.171e-03  1.023e-09  7.117e-10 -1.038e-13 
  1.807e-02  7.117e-10  2.699e-05  1.822e-10 
  2.156e-07 -1.038e-13  1.822e-10  9.983e-15 
ERR MATRIX NOT POS-DEF
 PARAMETER  CORRELATION COEFFICIENTS  
       NO.  GLOBAL      1      2      3      4
        1  0.99735   1.000 -0.996  0.035  0.022
        2  0.99735  -0.996  1.000  0.004 -0.032
        3  0.61089   0.035  0.004  1.000  0.351
        4  0.47371   0.022 -0.032  0.351  1.000
 ERR MATRIX NOT POS-DEF
status of the fit-----000------4
1  558942
2  0.565004
3  -0.000540279
4  0.000999801
 PARAMETER DEFINITIONS:
    NO.   NAME         VALUE      STEP SIZE      LIMITS
     1 norm         5.58942e+05  1.00000e-01     no limits
     2 Q            5.65004e-01  1.00000e-01     no limits
     3 theta       -5.40279e-04  1.00000e-01     no limits
     4 pileup       9.99801e-04  1.00000e-01     no limits
 **********
 **    5 **MIGRAD
 **********
 FIRST CALL TO USER FUNCTION AT NEW START POINT, WITH IFLAG=4.
 START MIGRAD MINIMIZATION.  STRATEGY  1.  CONVERGENCE WHEN EDM .LT. 1.00e-04
 FCN=-2.37861e+11 FROM MIGRAD    STATUS=INITIATE       14 CALLS         550 TOTAL
                     EDM= unknown      STRATEGY= 1      NO ERROR MATRIX       
  EXT PARAMETER               CURRENT GUESS       STEP         FIRST   
  NO.   NAME      VALUE            ERROR          SIZE      DERIVATIVE 
   1  norm         5.58942e+05   1.00000e-01   1.00000e-01  -3.56101e-03
   2  Q            5.65004e-01   1.00000e-01   1.00000e-01   6.07081e+06
   3  theta       -5.40279e-04   1.00000e-01   1.00000e-01  -3.59642e+03
   4  pileup       9.99801e-04   1.00000e-01   1.00000e-01  -9.18090e+11
 MIGRAD FAILS TO FIND IMPROVEMENT
 COVARIANCE MATRIX CALCULATED SUCCESSFULLY
 FCN=-2.37861e+11 FROM HESSE     STATUS=OK             29 CALLS         590 TOTAL
                     EDM=0.00286849    STRATEGY= 1      ERROR MATRIX ACCURATE 
  EXT PARAMETER                                   STEP         FIRST   
  NO.   NAME      VALUE            ERROR          SIZE      DERIVATIVE 
   1  norm         5.58942e+05   5.13454e+01   2.66525e+00  -3.60681e-03
   2  Q            5.65004e-01   4.72222e-06   1.00000e-03  -1.31069e+04
   3  theta       -5.40279e-04   4.08098e-03   1.00000e-01  -1.47209e+01
   4  pileup       9.99801e-04   9.24318e-08   1.00000e-02  -8.29389e+05
 MINUIT WARNING IN MIGRAD  
 ============== Negative diagonal element 2 in Error Matrix
 MINUIT WARNING IN MIGRAD  
 ============== 1 added to diagonal of error matrix
 MIGRAD FAILS TO FIND IMPROVEMENT
 MIGRAD TERMINATED WITHOUT CONVERGENCE.
 FCN=-2.37861e+11 FROM MIGRAD    STATUS=FAILED         97 CALLS         633 TOTAL
                     EDM=435800    STRATEGY= 1  ERROR MATRIX UNCERTAINTY 100.0 per cent
  EXT PARAMETER                APPROXIMATE        STEP         FIRST   
  NO.   NAME      VALUE            ERROR          SIZE      DERIVATIVE 
   1  norm         5.58943e+05   9.22181e+00   0.00000e+00  -3.73276e-04
   2  Q            5.65004e-01   1.00000e+00  -0.00000e+00   2.96836e+08
   3  theta       -5.47486e-04   1.00000e+00   0.00000e+00  -7.50769e+02
   4  pileup       9.99801e-04   1.00000e+00   0.00000e+00  -2.85967e+07
 EXTERNAL ERROR MATRIX.    NDIM=  25    NPAR=  4    ERR DEF=1
  8.504e+01  3.303e-09  5.263e-03 -1.025e-07 
  3.303e-09  1.000e+00  4.707e-13 -9.170e-18 
  5.263e-03  4.707e-13  1.000e+00 -1.709e-11 
 -1.025e-07 -9.170e-18 -1.709e-11  1.000e+00 
ERR MATRIX APPROXIMATE
 PARAMETER  CORRELATION COEFFICIENTS  
       NO.  GLOBAL      1      2      3      4
        1  0.00057   1.000  0.000  0.001 -0.000
        2  0.00000   0.000  1.000  0.000 -0.000
        3  0.00057   0.001  0.000  1.000 -0.000
        4  0.00000  -0.000 -0.000 -0.000  1.000
 ERR MATRIX APPROXIMATE
 **********
 **    6 **MIGRAD 
 **********
 START MIGRAD MINIMIZATION.  STRATEGY  1.  CONVERGENCE WHEN EDM .LT. 1.00e-04
 FCN=-2.37861e+11 FROM MIGRAD    STATUS=INITIATE       14 CALLS         647 TOTAL
                     EDM=3.14957e+15    STRATEGY= 1  ERROR MATRIX UNCERTAINTY 100.0 per cent
  EXT PARAMETER                APPROXIMATE        STEP         FIRST   
  NO.   NAME      VALUE            ERROR          SIZE      DERIVATIVE 
   1  norm         5.58943e+05   9.22181e+00   0.00000e+00  -6.47901e-03
   2  Q            5.65004e-01   1.00000e+00  -0.00000e+00  -2.94221e+03
   3  theta       -5.47486e-04   1.00000e+00   0.00000e+00  -7.34428e+02
   4  pileup       9.99801e-04   1.00000e+00   0.00000e+00  -2.85969e+07
 MIGRAD FAILS TO FIND IMPROVEMENT
 EIGENVALUES OF SECOND-DERIVATIVE MATRIX:
        -1.7905e-04  4.0689e-01  8.5245e-01  2.7408e+00
 MINUIT WARNING IN HESSE   
 ============== MATRIX FORCED POS-DEF BY ADDING 0.002920 TO DIAGONAL.
 FCN=-2.37861e+11 FROM HESSE     STATUS=NOT POSDEF     29 CALLS         687 TOTAL
                     EDM=0.00136914    STRATEGY= 1      ERR MATRIX NOT POS-DEF
  EXT PARAMETER                APPROXIMATE        STEP         FIRST   
  NO.   NAME      VALUE            ERROR          SIZE      DERIVATIVE 
   1  norm         5.58943e+05   9.78350e+01   5.33049e+02  -3.26331e-04
   2  Q            5.65004e-01   3.15561e-05   9.41911e-05  -3.02046e+03
   3  theta       -5.47486e-04   2.33661e-03   4.47483e-02  -1.01530e+01
   4  pileup       9.99801e-04   1.02395e-07   2.09852e-05  -1.60476e+05
 MINUIT WARNING IN MIGRAD  
 ============== Negative diagonal element 1 in Error Matrix
 MINUIT WARNING IN MIGRAD  
 ============== Negative diagonal element 2 in Error Matrix
 MINUIT WARNING IN MIGRAD  
 ============== Negative diagonal element 4 in Error Matrix
 MINUIT WARNING IN MIGRAD  
 ============== 651.975 added to diagonal of error matrix
 MIGRAD FAILS TO FIND IMPROVEMENT
 MACHINE ACCURACY LIMITS FURTHER IMPROVEMENT.
 MIGRAD MINIMIZATION HAS CONVERGED.
 MIGRAD WILL VERIFY CONVERGENCE AND ERROR MATRIX.
 EIGENVALUES OF SECOND-DERIVATIVE MATRIX:
        -3.3990e-04  4.6842e-01  8.5512e-01  2.6768e+00
 MINUIT WARNING IN HESSE   
 ============== MATRIX FORCED POS-DEF BY ADDING 0.003017 TO DIAGONAL.
 MIGRAD TERMINATED WITHOUT CONVERGENCE.
 FCN=-2.37861e+11 FROM MIGRAD    STATUS=FAILED        111 CALLS         744 TOTAL
                     EDM=0.00644943    STRATEGY= 1      ERR MATRIX NOT POS-DEF
  EXT PARAMETER                APPROXIMATE        STEP         FIRST   
  NO.   NAME      VALUE            ERROR          SIZE      DERIVATIVE 
   1  norm         5.58936e+05   9.91387e+01   2.13220e+02   1.00136e-02
   2  Q            5.65006e-01   3.18804e-05   1.88382e-04   2.92419e+04
   3  theta       -4.56034e-04   5.21731e-03   1.78993e-02  -6.81983e+00
   4  pileup       9.99804e-04   1.00426e-07   8.39409e-06   8.47823e+05
 EXTERNAL ERROR MATRIX.    NDIM=  25    NPAR=  4    ERR DEF=1
  9.828e+03 -3.148e-03  1.737e-02  1.791e-07 
 -3.148e-03  1.016e-09  1.235e-09 -8.842e-14 
  1.737e-02  1.235e-09  2.722e-05  1.905e-10 
  1.791e-07 -8.842e-14  1.905e-10  1.009e-14 
ERR MATRIX NOT POS-DEF
 PARAMETER  CORRELATION COEFFICIENTS  
       NO.  GLOBAL      1      2      3      4
        1  0.99733   1.000 -0.996  0.034  0.018
        2  0.99733  -0.996  1.000  0.007 -0.028
        3  0.62631   0.034  0.007  1.000  0.363
        4  0.48193   0.018 -0.028  0.363  1.000
 ERR MATRIX NOT POS-DEF
status of the fit-----000------4
1  558936
2  0.565006
3  -0.000456034
4  0.000999804
 **********
 **   20 **SET PRINT           2
 **********
 **********
 **   21 **SET NOGRAD
 **********
 PARAMETER DEFINITIONS:
    NO.   NAME         VALUE      STEP SIZE      LIMITS
     1 p0           5.58000e+05  1.67400e+05     no limits
     2 p1           5.65000e-01  1.69500e-01     no limits
     3 p2           0.00000e+00  3.00000e-01     no limits
     4 p3           9.99871e-04  2.99961e-04     no limits
 **********
 **   22 **SET ERR         0.5
 **********
 **********
 **   23 **SET PRINT           2
 **********
 **********
 **   24 **SET STR           1
 **********
 NOW USING STRATEGY  1: TRY TO BALANCE SPEED AGAINST RELIABILITY
 **********
 **   25 **MIGRAD        1480        0.01
 **********
 FIRST CALL TO USER FUNCTION AT NEW START POINT, WITH IFLAG=4.
 START MIGRAD MINIMIZATION.  STRATEGY  1.  CONVERGENCE WHEN EDM .LT. 1.00e-05
 FCN=17313.9 FROM MIGRAD    STATUS=INITIATE       18 CALLS          19 TOTAL
                     EDM= unknown      STRATEGY= 1      NO ERROR MATRIX       
  EXT PARAMETER               CURRENT GUESS       STEP         FIRST   
  NO.   NAME      VALUE            ERROR          SIZE      DERIVATIVE 
   1  p0           5.58000e+05   1.67400e+05   1.67400e+05  -3.62718e+01
   2  p1           5.65000e-01   1.69500e-01   1.69500e-01  -1.12587e+08
   3  p2           0.00000e+00   3.00000e-01   3.00000e-01   0.00000e+00
   4  p3           9.99871e-04   2.99961e-04   2.99961e-04  -9.85846e+08
                               ERR DEF= 0.5
NO ERROR MATRIX       
 FCN=497.637 FROM MIGRAD    STATUS=PROGRESS       34 CALLS          35 TOTAL
                     EDM=1371.57    STRATEGY= 1      NO ERROR MATRIX       
  EXT PARAMETER               CURRENT GUESS       STEP         FIRST   
  NO.   NAME      VALUE            ERROR          SIZE      DERIVATIVE 
   1  p0           5.58439e+05   1.67400e+05   4.39423e+02  -8.27229e-01
   2  p1           5.65142e-01   1.69500e-01   1.41695e-04  -2.53547e+06
   3  p2           0.00000e+00   3.00000e-01  -0.00000e+00   0.00000e+00
   4  p3           1.00164e-03   2.99961e-04   1.77068e-06   4.09398e+08
                               ERR DEF= 0.5
 FCN=74.7135 FROM MIGRAD    STATUS=PROGRESS      154 CALLS         155 TOTAL
                     EDM=0.107806    STRATEGY= 1  ERROR MATRIX UNCERTAINTY  45.6 per cent
  EXT PARAMETER                APPROXIMATE        STEP         FIRST   
  NO.   NAME      VALUE            ERROR          SIZE      DERIVATIVE 
   1  p0           5.60510e+05   4.22767e+02   2.79406e-01  -3.83955e-02
   2  p1           5.64500e-01   1.34512e-04  -8.85099e-08  -1.18683e+05
   3  p2           0.00000e+00   4.93798e-04  -0.00000e+00   0.00000e+00
   4  p3           9.99780e-04   6.43595e-08   3.46506e-12  -1.09452e+06
                               ERR DEF= 0.5
 MINUIT WARNING IN MIGRAD  
 ============== Negative diagonal element 1 in Error Matrix
 MINUIT WARNING IN MIGRAD  
 ============== Negative diagonal element 2 in Error Matrix
 MINUIT WARNING IN MIGRAD  
 ============== 228625 added to diagonal of error matrix
 EIGENVALUES OF SECOND-DERIVATIVE MATRIX:
         9.9985e-01  1.0000e+00  1.0000e+00  1.0002e+00
 MIGRAD FAILS TO FIND IMPROVEMENT
   START COVARIANCE MATRIX CALCULATION.
 MINUIT WARNING IN HESSE   
 ============== Negative diagonal element 3 in Error Matrix
 MINUIT WARNING IN HESSE   
 ============== 7888.15 added to diagonal of error matrix
 EIGENVALUES OF SECOND-DERIVATIVE MATRIX:
        -1.0695e+00  9.9997e-01  1.2819e+00  2.7876e+00
 MINUIT WARNING IN HESSE   
 ============== MATRIX FORCED POS-DEF BY ADDING 1.072260 TO DIAGONAL.
 FCN=74.7135 FROM HESSE     STATUS=NOT POSDEF     23 CALLS         189 TOTAL
                     EDM=0.252585    STRATEGY= 1      ERR MATRIX NOT POS-DEF
  EXT PARAMETER                APPROXIMATE        STEP         FIRST   
  NO.   NAME      VALUE            ERROR          SIZE      DERIVATIVE 
   1  p0           5.60510e+05   7.82553e-03   2.67272e-01  -3.84009e-02
   2  p1           5.64500e-01   1.25361e-05   2.69175e-07  -1.18676e+05
   3  p2           0.00000e+00   1.28454e+01   5.99014e-05   0.00000e+00
   4  p3           9.99780e-04   7.23049e-07   4.76732e-10  -1.08647e+06
                               ERR DEF= 0.5
 PARAMETER  CORRELATION COEFFICIENTS  
       NO.  GLOBAL      1      2      3      4
        1  0.03215   1.000  0.032  0.032 -0.032
        2  0.99583   0.032  1.000  0.996 -0.995
        3  0.99854   0.032  0.996  1.000 -0.998
        4  0.99823  -0.032 -0.995 -0.998  1.000
 ERR MATRIX NOT POS-DEF
 FCN=74.7083 FROM MIGRAD    STATUS=PROGRESS      200 CALLS         201 TOTAL
                     EDM=6320.21    STRATEGY= 1      ERR MATRIX NOT POS-DEF
  EXT PARAMETER                APPROXIMATE        STEP         FIRST   
  NO.   NAME      VALUE            ERROR          SIZE      DERIVATIVE 
   1  p0           5.60510e+05   7.82553e-03   2.20645e-08  -4.11276e-02
   2  p1           5.64500e-01   1.25361e-05   1.10670e-09  -1.27245e+05
   3  p2           1.11953e-03   1.28454e+01   1.11953e-03  -8.70218e+00
   4  p3           9.99780e-04   7.23049e-07  -6.27665e-11  -1.30531e+06
                               ERR DEF= 0.5
 MINUIT WARNING IN MIGRAD  
 ============== Negative diagonal element 3 in Error Matrix
 MINUIT WARNING IN MIGRAD  
 ============== 1.00025 added to diagonal of error matrix
 EIGENVALUES OF SECOND-DERIVATIVE MATRIX:
         1.0000e+00  1.0000e+00  1.0000e+00  1.0000e+00
 EIGENVALUES OF SECOND-DERIVATIVE MATRIX:
        -1.0939e+01  4.5018e-01  1.0148e+00  1.3474e+01
 MINUIT WARNING IN MIGRAD  
 ============== MATRIX FORCED POS-DEF BY ADDING 10.952097 TO DIAGONAL.
 MIGRAD FAILS TO FIND IMPROVEMENT
 MIGRAD TERMINATED WITHOUT CONVERGENCE.
 FCN=74.5698 FROM MIGRAD    STATUS=FAILED        275 CALLS         276 TOTAL
                     EDM=0.211181    STRATEGY= 1      ERR MATRIX NOT POS-DEF
  EXT PARAMETER                APPROXIMATE        STEP         FIRST   
  NO.   NAME      VALUE            ERROR          SIZE      DERIVATIVE 
   1  p0           5.60510e+05   2.44140e+00   0.00000e+00  -5.61890e-04
   2  p1           5.64501e-01   3.82627e-07   0.00000e+00  -1.73730e+03
   3  p2          -6.15331e-03   1.20795e-03  -0.00000e+00  -2.66944e-01
   4  p3           9.99796e-04   1.55360e-07  -0.00000e+00   1.05938e+04
                               ERR DEF= 0.5
 EXTERNAL ERROR MATRIX.    NDIM=  25    NPAR=  4    ERR DEF=0.5
  5.960e+00 -3.114e-07  3.358e-04 -3.618e-08 
 -3.114e-07  1.464e-13 -3.817e-10 -4.828e-14 
  3.358e-04 -3.817e-10  1.459e-06  9.510e-11 
 -3.618e-08 -4.828e-14  9.510e-11  2.414e-14 
ERR MATRIX NOT POS-DEF
 PARAMETER  CORRELATION COEFFICIENTS  
       NO.  GLOBAL      1      2      3      4
        1  0.99141   1.000 -0.333  0.114 -0.095
        2  0.99902  -0.333  1.000 -0.826 -0.812
        3  0.99587   0.114 -0.826  1.000  0.507
        4  0.99729  -0.095 -0.812  0.507  1.000
 ERR MATRIX NOT POS-DEF
 FCN=74.5698 FROM MIGRAD    STATUS=FAILED        275 CALLS         276 TOTAL
                     EDM=0.211181    STRATEGY= 1      ERR MATRIX NOT POS-DEF
  EXT PARAMETER                  PARABOLIC         MINOS ERRORS        
  NO.   NAME      VALUE            ERROR      NEGATIVE      POSITIVE   
   1  p0           5.60510e+05   2.44140e+00                            
   2  p1           5.64501e-01   3.82627e-07                            
   3  p2          -6.15331e-03   1.20795e-03                            
   4  p3           9.99796e-04   1.55360e-07                            
                               ERR DEF= 0.5
 **********
 **   26 **SET PRINT           2
 **********
 **********
 **   27 **SET NOGRAD
 **********
 PARAMETER DEFINITIONS:
    NO.   NAME         VALUE      STEP SIZE      LIMITS
     1 p0           5.60510e+05  2.44140e+00     no limits
     2 p1           5.64501e-01  3.82627e-07     no limits
     3 p2          -6.15331e-03  1.20795e-03     no limits
     4 p3           9.99796e-04  1.55360e-07     no limits
 **********
 **   28 **SET ERR         0.5
 **********
 **********
 **   29 **SET PRINT           2
 **********
 **********
 **   30 **SET STR           1
 **********
 NOW USING STRATEGY  1: TRY TO BALANCE SPEED AGAINST RELIABILITY
 **********
 **   31 **MIGRAD        1480        0.01
 **********
 FIRST CALL TO USER FUNCTION AT NEW START POINT, WITH IFLAG=4.
 START MIGRAD MINIMIZATION.  STRATEGY  1.  CONVERGENCE WHEN EDM .LT. 1.00e-05
 FCN=74.5698 FROM MIGRAD    STATUS=INITIATE       12 CALLS          13 TOTAL
                     EDM= unknown      STRATEGY= 1      NO ERROR MATRIX       
  EXT PARAMETER               CURRENT GUESS       STEP         FIRST   
  NO.   NAME      VALUE            ERROR          SIZE      DERIVATIVE 
   1  p0           5.60510e+05   2.44140e+00   2.44140e+00  -5.61890e-04
   2  p1           5.64501e-01   3.82627e-07   3.82627e-07  -1.73730e+03
   3  p2          -6.15331e-03   1.20795e-03   1.20795e-03  -2.14837e-01
   4  p3           9.99796e-04   1.55360e-07   1.55360e-07   1.05938e+04
                               ERR DEF= 0.5
NO ERROR MATRIX       
 FCN=74.5698 FROM MIGRAD    STATUS=PROGRESS       22 CALLS          23 TOTAL
                     EDM=4.90764e-06    STRATEGY= 1      NO ERROR MATRIX       
  EXT PARAMETER               CURRENT GUESS       STEP         FIRST   
  NO.   NAME      VALUE            ERROR          SIZE      DERIVATIVE 
   1  p0           5.60510e+05   2.44140e+00   7.37565e-03   2.31288e-05
   2  p1           5.64501e-01   3.82627e-07   2.33837e-09   1.01195e+02
   3  p2          -6.15146e-03   1.20795e-03   1.84569e-06   1.18728e-01
   4  p3           9.99796e-04   1.55360e-07  -1.96069e-11   2.41250e+04
                               ERR DEF= 0.5
 MIGRAD MINIMIZATION HAS CONVERGED.
 MIGRAD WILL VERIFY CONVERGENCE AND ERROR MATRIX.
   START COVARIANCE MATRIX CALCULATION.
 EIGENVALUES OF SECOND-DERIVATIVE MATRIX:
         6.1809e-04  4.6314e-01  8.5674e-01  2.6795e+00
 COVARIANCE MATRIX CALCULATED SUCCESSFULLY
 FCN=74.5698 FROM MIGRAD    STATUS=CONVERGED      65 CALLS          66 TOTAL
                     EDM=4.42976e-06    STRATEGY= 1      ERROR MATRIX ACCURATE 
  EXT PARAMETER                                   STEP         FIRST   
  NO.   NAME      VALUE            ERROR          SIZE      DERIVATIVE 
   1  p0           5.60510e+05   1.45213e+02   2.67272e-01  -5.78291e-06
   2  p1           5.64501e-01   4.70785e-05   2.69175e-07   2.97426e+01
   3  p2          -6.15278e-03   5.51391e-03   2.58620e-05   6.49364e-02
   4  p3           9.99796e-04   6.99161e-08   4.76740e-10   1.43548e+04
                               ERR DEF= 0.5
 EXTERNAL ERROR MATRIX.    NDIM=  25    NPAR=  4    ERR DEF=0.5
  2.109e+04 -6.830e-03  2.168e-01  2.424e-06 
 -6.830e-03  2.216e-09 -7.567e-08 -7.981e-13 
  2.168e-01 -7.567e-08  3.040e-05 -9.763e-11 
  2.424e-06 -7.981e-13 -9.763e-11  4.888e-15 
 PARAMETER  CORRELATION COEFFICIENTS  
       NO.  GLOBAL      1      2      3      4
        1  0.99938   1.000 -0.999  0.271  0.239
        2  0.99939  -0.999  1.000 -0.292 -0.242
        3  0.67330   0.271 -0.292  1.000 -0.253
        4  0.50630   0.239 -0.242 -0.253  1.000
 EXTERNAL ERROR MATRIX.    NDIM=   4    NPAR=  4    ERR DEF=0.5
  2.109e+04 -6.830e-03  2.168e-01  2.424e-06 
 -6.830e-03  2.216e-09 -7.567e-08 -7.981e-13 
  2.168e-01 -7.567e-08  3.040e-05 -9.763e-11 
  2.424e-06 -7.981e-13 -9.763e-11  4.888e-15 
 FCN=74.5698 FROM MIGRAD    STATUS=CONVERGED      65 CALLS          66 TOTAL
                     EDM=4.42976e-06    STRATEGY= 1      ERROR MATRIX ACCURATE 
  EXT PARAMETER                  PARABOLIC         MINOS ERRORS        
  NO.   NAME      VALUE            ERROR      NEGATIVE      POSITIVE   
   1  p0           5.60510e+05   1.45213e+02                            
   2  p1           5.64501e-01   4.70785e-05                            
   3  p2          -6.15278e-03   5.51391e-03                            
   4  p3           9.99796e-04   6.99161e-08                            
                               ERR DEF= 0.5
------------------------------------------
Enering ROOFIt-------
 PARAMETER DEFINITIONS:
    NO.   NAME         VALUE      STEP SIZE      LIMITS
     1 norm         5.60510e+05  1.00000e-01     no limits
     2 Q            5.65000e-01  1.00000e-01     no limits
     3 theta        0.00000e+00  1.00000e-01     no limits
     4 pileup       9.99796e-04  1.00000e-01     no limits
 **********
 **    1 **MIGRAD
 **********
 FIRST CALL TO USER FUNCTION AT NEW START POINT, WITH IFLAG=4.
 START MIGRAD MINIMIZATION.  STRATEGY  1.  CONVERGENCE WHEN EDM .LT. 1.00e-04
 FCN=-2.3786e+11 FROM MIGRAD    STATUS=INITIATE       40 CALLS          41 TOTAL
                     EDM= unknown      STRATEGY= 1      NO ERROR MATRIX       
  EXT PARAMETER               CURRENT GUESS       STEP         FIRST   
  NO.   NAME      VALUE            ERROR          SIZE      DERIVATIVE 
   1  norm         5.60510e+05   1.00000e-01   0.00000e+00   3.72451e+01
   2  Q            5.65000e-01   1.00000e-01   0.00000e+00   1.15744e+08
   3  theta        1.00000e-01   1.00000e-01   1.00000e-01   2.92275e+05
   4  pileup       9.99796e-04   1.00000e-01   0.00000e+00   7.56175e+07
 MIGRAD FAILS TO FIND IMPROVEMENT
 MACHINE ACCURACY LIMITS FURTHER IMPROVEMENT.
 MIGRAD MINIMIZATION HAS CONVERGED.
 FCN=-2.3786e+11 FROM MIGRAD    STATUS=CONVERGED     176 CALLS         177 TOTAL
                     EDM=87.299    STRATEGY= 1  ERROR MATRIX UNCERTAINTY   4.0 per cent
  EXT PARAMETER                                   STEP         FIRST   
  NO.   NAME      VALUE            ERROR          SIZE      DERIVATIVE 
   1  norm         5.58982e+05   7.95290e+00  -0.00000e+00   4.74521e-01
   2  Q            5.64996e-01   7.90362e-08  -0.00000e+00   1.68139e+06
   3  theta       -3.86216e-03   4.19651e-04   0.00000e+00  -3.92714e+04
   4  pileup       9.99730e-04   7.91001e-08   0.00000e+00  -1.92155e+07
 EXTERNAL ERROR MATRIX.    NDIM=  25    NPAR=  4    ERR DEF=1
  6.325e+01  1.052e-07  8.855e-04 -3.216e-07 
  1.052e-07  6.247e-15 -2.264e-13 -8.629e-16 
  8.855e-04 -2.264e-13  1.761e-07 -3.840e-12 
 -3.216e-07 -8.629e-16 -3.840e-12  6.257e-15 
 PARAMETER  CORRELATION COEFFICIENTS  
       NO.  GLOBAL      1      2      3      4
        1  0.56118   1.000  0.167  0.265 -0.511
        2  0.18547   0.167  1.000 -0.007 -0.138
        3  0.27111   0.265 -0.007  1.000 -0.116
        4  0.51427  -0.511 -0.138 -0.116  1.000
 **********
 **    2 **MIGRAD 
 **********
 START MIGRAD MINIMIZATION.  STRATEGY  1.  CONVERGENCE WHEN EDM .LT. 1.00e-04
 FCN=-2.3786e+11 FROM MIGRAD    STATUS=INITIATE       12 CALLS         189 TOTAL
                     EDM=325.635    STRATEGY= 1  ERROR MATRIX UNCERTAINTY   4.0 per cent
  EXT PARAMETER                                   STEP         FIRST   
  NO.   NAME      VALUE            ERROR          SIZE      DERIVATIVE 
   1  norm         5.58982e+05   7.95290e+00  -0.00000e+00   4.74522e-01
   2  Q            5.64996e-01   7.90362e-08  -0.00000e+00  -3.26065e+08
   3  theta       -3.86216e-03   4.19651e-04   0.00000e+00  -5.76132e+04
   4  pileup       9.99730e-04   7.91001e-08   0.00000e+00  -1.92059e+07
 MIGRAD FAILS TO FIND IMPROVEMENT
 MACHINE ACCURACY LIMITS FURTHER IMPROVEMENT.
 MIGRAD MINIMIZATION HAS CONVERGED.
 FCN=-2.3786e+11 FROM MIGRAD    STATUS=CONVERGED      23 CALLS         200 TOTAL
                     EDM=325.635    STRATEGY= 1  ERROR MATRIX UNCERTAINTY   4.0 per cent
  EXT PARAMETER                                   STEP         FIRST   
  NO.   NAME      VALUE            ERROR          SIZE      DERIVATIVE 
   1  norm         5.58982e+05   7.95290e+00   0.00000e+00   4.74522e-01
   2  Q            5.64996e-01   7.90362e-08   0.00000e+00  -3.26065e+08
   3  theta       -3.86216e-03   4.19651e-04   0.00000e+00  -5.76132e+04
   4  pileup       9.99730e-04   7.91001e-08  -0.00000e+00  -1.92059e+07
 EXTERNAL ERROR MATRIX.    NDIM=  25    NPAR=  4    ERR DEF=1
  6.325e+01  1.052e-07  8.855e-04 -3.216e-07 
  1.052e-07  6.247e-15 -2.264e-13 -8.629e-16 
  8.855e-04 -2.264e-13  1.761e-07 -3.840e-12 
 -3.216e-07 -8.629e-16 -3.840e-12  6.257e-15 
 PARAMETER  CORRELATION COEFFICIENTS  
       NO.  GLOBAL      1      2      3      4
        1  0.56118   1.000  0.167  0.265 -0.511
        2  0.18547   0.167  1.000 -0.007 -0.138
        3  0.27111   0.265 -0.007  1.000 -0.116
        4  0.51427  -0.511 -0.138 -0.116  1.000
status of the fit-----000------0
1  558982
2  0.564996
3  -0.00386216
4  0.00099973
