  *******************************************
  *                                         *
  *        W E L C O M E  to  R O O T       *
  *                                         *
  *   Version   5.34/36      5 April 2016   *
  *                                         *
  *  You are welcome to visit our Web site  *
  *          http://root.cern.ch            *
  *                                         *
  *******************************************

ROOT 5.34/36 (v5-34-36@v5-34-36, Apr 05 2016, 10:25:45 on linuxx8664gcc)

CINT/ROOT C/C++ Interpreter version 5.18.00, July 2, 2010
Type ? for help. Commands must be C++ statements.
Enclose multiple statements between { }.
Loading root init file.
The rat/rootinit.C file loaded the DEAP style for you, which is available from the fStyle pointer.
DEAP style applied. 
RAT: Libraries loaded.

Processing /home/fatemigh/projects/rpp-jillings/fatemigh/sterile/Likelihood/LikelihoodSterile_modified6.C+(191)...
pased here
566 lines read from file
31
spec_E  566
Before entering fitting
 **********
 **    1 **SET PRINT           2
 **********
 **********
 **    2 **SET NOGRAD
 **********
 PARAMETER DEFINITIONS:
    NO.   NAME         VALUE      STEP SIZE      LIMITS
     1 p0           5.58000e+05  1.67400e+05     no limits
     2 p1           5.65000e-01  1.69500e-01     no limits
     3 p2           0.00000e+00  3.00000e-01     no limits
     4 p3           9.99871e-04  2.99961e-04     no limits
 **********
 **    3 **SET ERR         0.5
 **********
 **********
 **    4 **SET PRINT           2
 **********
 **********
 **    5 **SET STR           1
 **********
 NOW USING STRATEGY  1: TRY TO BALANCE SPEED AGAINST RELIABILITY
 **********
 **    6 **MIGRAD        1480        0.01
 **********
 FIRST CALL TO USER FUNCTION AT NEW START POINT, WITH IFLAG=4.
 START MIGRAD MINIMIZATION.  STRATEGY  1.  CONVERGENCE WHEN EDM .LT. 1.00e-05
 FCN=17430.3 FROM MIGRAD    STATUS=INITIATE       18 CALLS          19 TOTAL
                     EDM= unknown      STRATEGY= 1      NO ERROR MATRIX       
  EXT PARAMETER               CURRENT GUESS       STEP         FIRST   
  NO.   NAME      VALUE            ERROR          SIZE      DERIVATIVE 
   1  p0           5.58000e+05   1.67400e+05   1.67400e+05  -3.63916e+01
   2  p1           5.65000e-01   1.69500e-01   1.69500e-01  -1.12958e+08
   3  p2           0.00000e+00   3.00000e-01   3.00000e-01   0.00000e+00
   4  p3           9.99871e-04   2.99961e-04   2.99961e-04  -9.92236e+08
                               ERR DEF= 0.5
NO ERROR MATRIX       
 FCN=499.263 FROM MIGRAD    STATUS=PROGRESS       34 CALLS          35 TOTAL
                     EDM=1366.93    STRATEGY= 1      NO ERROR MATRIX       
  EXT PARAMETER               CURRENT GUESS       STEP         FIRST   
  NO.   NAME      VALUE            ERROR          SIZE      DERIVATIVE 
   1  p0           5.58441e+05   1.67400e+05   4.40819e+02  -8.28579e-01
   2  p1           5.65142e-01   1.69500e-01   1.42144e-04  -2.53797e+06
   3  p2           0.00000e+00   3.00000e-01  -0.00000e+00   0.00000e+00
   4  p3           1.00165e-03   2.99961e-04   1.78191e-06   4.08641e+08
                               ERR DEF= 0.5
 FCN=76.7466 FROM MIGRAD    STATUS=PROGRESS      154 CALLS         155 TOTAL
                     EDM=7.64012    STRATEGY= 1  ERROR MATRIX UNCERTAINTY  48.2 per cent
  EXT PARAMETER                APPROXIMATE        STEP         FIRST   
  NO.   NAME      VALUE            ERROR          SIZE      DERIVATIVE 
   1  p0           5.60512e+05   9.71178e+02   3.03418e-01  -1.24444e-01
   2  p1           5.64500e-01   3.07087e-04  -9.59378e-08  -3.85468e+05
   3  p2           0.00000e+00   4.93280e-04  -0.00000e+00   0.00000e+00
   4  p3           9.99799e-04   6.62368e-08   1.44096e-12  -2.49879e+06
                               ERR DEF= 0.5
 MIGRAD FAILS TO FIND IMPROVEMENT
   START COVARIANCE MATRIX CALCULATION.
 MINUIT WARNING IN HESSE   
 ============== Negative diagonal element 3 in Error Matrix
 MINUIT WARNING IN HESSE   
 ============== 18912.5 added to diagonal of error matrix
 EIGENVALUES OF SECOND-DERIVATIVE MATRIX:
        -5.1416e+00  9.9996e-01  1.0051e+00  7.1366e+00
 MINUIT WARNING IN HESSE   
 ============== MATRIX FORCED POS-DEF BY ADDING 5.148714 TO DIAGONAL.
 FCN=76.5516 FROM HESSE     STATUS=NOT POSDEF     25 CALLS         261 TOTAL
                     EDM=0.567257    STRATEGY= 1      ERR MATRIX NOT POS-DEF
  EXT PARAMETER                APPROXIMATE        STEP         FIRST   
  NO.   NAME      VALUE            ERROR          SIZE      DERIVATIVE 
   1  p0           5.60517e+05   2.93256e-03   2.67275e-01   2.04477e-03
   2  p1           5.64499e-01   2.44896e-07   2.69174e-07  -1.15989e+06
   3  p2           0.00000e+00   8.36998e+00   4.17731e-05   0.00000e+00
   4  p3           9.99784e-04   5.24873e-07   4.76734e-10  -2.34123e+06
                               ERR DEF= 0.5
 PARAMETER  CORRELATION COEFFICIENTS  
       NO.  GLOBAL      1      2      3      4
        1  0.00791   1.000  0.005  0.008 -0.008
        2  0.65382   0.005  1.000  0.654 -0.654
        3  0.99884   0.008  0.654  1.000 -0.999
        4  0.99884  -0.008 -0.654 -0.999  1.000
 ERR MATRIX NOT POS-DEF
 FCN=76.5406 FROM MIGRAD    STATUS=PROGRESS      272 CALLS         273 TOTAL
                     EDM=13484    STRATEGY= 1      ERR MATRIX NOT POS-DEF
  EXT PARAMETER                APPROXIMATE        STEP         FIRST   
  NO.   NAME      VALUE            ERROR          SIZE      DERIVATIVE 
   1  p0           5.60517e+05   2.93256e-03  -3.02804e-09  -5.25947e-04
   2  p1           5.64499e-01   2.44896e-07  -1.58887e-11  -5.90959e+05
   3  p2          -1.08991e-03   8.36998e+00  -1.08991e-03   1.94743e+01
   4  p3           9.99784e-04   5.24873e-07   6.84442e-11  -2.50842e+06
                               ERR DEF= 0.5
 MINUIT WARNING IN MIGRAD  
 ============== Negative diagonal element 3 in Error Matrix
 MINUIT WARNING IN MIGRAD  
 ============== 1.00005 added to diagonal of error matrix
 EIGENVALUES OF SECOND-DERIVATIVE MATRIX:
         1.0000e+00  1.0000e+00  1.0000e+00  1.0000e+00
 MIGRAD FAILS TO FIND IMPROVEMENT
 MIGRAD TERMINATED WITHOUT CONVERGENCE.
 FCN=76.5328 FROM MIGRAD    STATUS=FAILED        294 CALLS         295 TOTAL
                     EDM=3.75911e+17    STRATEGY= 1      ERR MATRIX NOT POS-DEF
  EXT PARAMETER                APPROXIMATE        STEP         FIRST   
  NO.   NAME      VALUE            ERROR          SIZE      DERIVATIVE 
   1  p0           5.60517e+05   7.07132e-01  -0.00000e+00   1.95947e-02
   2  p1           5.64499e-01   7.05145e-01   0.00000e+00  -4.69320e+05
   3  p2          -1.26577e-03   7.07108e-01  -0.00000e+00   2.65368e+01
   4  p3           9.99789e-04   5.28953e-02  -0.00000e+00  -8.86860e+05
                               ERR DEF= 0.5
 EXTERNAL ERROR MATRIX.    NDIM=  25    NPAR=  4    ERR DEF=0.5
  5.000e-01 -4.643e-10  3.858e-09 -6.170e-09 
 -4.643e-10  4.972e-01 -1.645e-07 -3.730e-02 
  3.858e-09 -1.645e-07  5.000e-01 -2.165e-06 
 -6.170e-09 -3.730e-02 -2.165e-06  2.798e-03 
ERR MATRIX NOT POS-DEF
 PARAMETER  CORRELATION COEFFICIENTS  
       NO.  GLOBAL      1      2      3      4
        1  0.09375   1.000 -0.000  0.000 -0.000
        2  1.00000  -0.000  1.000 -0.000 -1.000
        3  0.99954   0.000 -0.000  1.000 -0.000
        4  1.00000  -0.000 -1.000 -0.000  1.000
 ERR MATRIX NOT POS-DEF
 FCN=76.5328 FROM MIGRAD    STATUS=FAILED        294 CALLS         295 TOTAL
                     EDM=3.75911e+17    STRATEGY= 1      ERR MATRIX NOT POS-DEF
  EXT PARAMETER                  PARABOLIC         MINOS ERRORS        
  NO.   NAME      VALUE            ERROR      NEGATIVE      POSITIVE   
   1  p0           5.60517e+05   7.07132e-01                            
   2  p1           5.64499e-01   7.05145e-01                            
   3  p2          -1.26577e-03   7.07108e-01                            
   4  p3           9.99789e-04   5.28953e-02                            
                               ERR DEF= 0.5
 **********
 **    7 **SET PRINT           2
 **********
 **********
 **    8 **SET NOGRAD
 **********
 PARAMETER DEFINITIONS:
    NO.   NAME         VALUE      STEP SIZE      LIMITS
     1 p0           5.60517e+05  7.07132e-01     no limits
     2 p1           5.64499e-01  7.05145e-01     no limits
     3 p2          -1.26577e-03  7.07108e-01     no limits
     4 p3           9.99789e-04  5.28953e-02     no limits
 **********
 **    9 **SET ERR         0.5
 **********
 **********
 **   10 **SET PRINT           2
 **********
 **********
 **   11 **SET STR           1
 **********
 NOW USING STRATEGY  1: TRY TO BALANCE SPEED AGAINST RELIABILITY
 **********
 **   12 **MIGRAD        1480        0.01
 **********
 FIRST CALL TO USER FUNCTION AT NEW START POINT, WITH IFLAG=4.
 START MIGRAD MINIMIZATION.  STRATEGY  1.  CONVERGENCE WHEN EDM .LT. 1.00e-05
 FCN=76.3752 FROM MIGRAD    STATUS=INITIATE       46 CALLS          47 TOTAL
                     EDM= unknown      STRATEGY= 1      NO ERROR MATRIX       
  EXT PARAMETER               CURRENT GUESS       STEP         FIRST   
  NO.   NAME      VALUE            ERROR          SIZE      DERIVATIVE 
   1  p0           5.60517e+05   7.07132e-01   0.00000e+00  -5.16980e-02
   2  p1           5.64499e-01   7.05145e-01   0.00000e+00  -8.27937e+05
   3  p2          -5.79683e-03   7.07108e-01  -4.53106e-03  -7.22408e+00
   4  p3           9.99789e-04   5.28953e-02   0.00000e+00  -5.96142e+06
                               ERR DEF= 0.5
NO ERROR MATRIX       
 FCN=76.3052 FROM MIGRAD    STATUS=PROGRESS       58 CALLS          59 TOTAL
                     EDM=0.125357    STRATEGY= 1      NO ERROR MATRIX       
  EXT PARAMETER               CURRENT GUESS       STEP         FIRST   
  NO.   NAME      VALUE            ERROR          SIZE      DERIVATIVE 
   1  p0           5.60518e+05   7.07132e-01   7.70848e-01   4.30617e-03
   2  p1           5.64499e-01   7.05145e-01   8.77019e-08   1.52942e+04
   3  p2          -5.69666e-03   7.07108e-01   1.00170e-04   4.75893e+01
   4  p3           9.99802e-04   5.28953e-02   1.30791e-08  -1.30017e+06
                               ERR DEF= 0.5
 MIGRAD FAILS TO FIND IMPROVEMENT
 MIGRAD MINIMIZATION HAS CONVERGED.
 MIGRAD WILL VERIFY CONVERGENCE AND ERROR MATRIX.
   START COVARIANCE MATRIX CALCULATION.
 EIGENVALUES OF SECOND-DERIVATIVE MATRIX:
         1.5544e-03  3.6430e-01  8.8364e-01  2.7505e+00
 COVARIANCE MATRIX CALCULATED SUCCESSFULLY
 FCN=76.2421 FROM HESSE     STATUS=OK             29 CALLS         151 TOTAL
                     EDM=0.000529197    STRATEGY= 1      ERROR MATRIX ACCURATE 
  EXT PARAMETER                                   STEP         FIRST   
  NO.   NAME      VALUE            ERROR          SIZE      DERIVATIVE 
   1  p0           5.60518e+05   9.21748e+01   2.67276e-01  -1.15919e-04
   2  p1           5.64499e-01   2.95231e-05   2.69174e-07   7.45688e+02
   3  p2          -7.63981e-03   4.81582e-03   2.08549e-05  -2.12314e-01
   4  p3           9.99819e-04   7.50042e-08   4.76751e-10   1.19441e+04
                               ERR DEF= 0.5
 PARAMETER  CORRELATION COEFFICIENTS  
       NO.  GLOBAL      1      2      3      4
        1  0.99845   1.000 -0.998 -0.100  0.126
        2  0.99844  -0.998  1.000  0.064 -0.126
        3  0.71070  -0.100  0.064  1.000 -0.484
        4  0.57091   0.126 -0.126 -0.484  1.000
 FCN=76.242 FROM MIGRAD    STATUS=PROGRESS      160 CALLS         161 TOTAL
                     EDM=0.000598733    STRATEGY= 1      ERROR MATRIX ACCURATE 
  EXT PARAMETER                                   STEP         FIRST   
  NO.   NAME      VALUE            ERROR          SIZE      DERIVATIVE 
   1  p0           5.60519e+05   9.21748e+01   1.49467e-01  -1.44945e-04
   2  p1           5.64499e-01   2.95231e-05  -4.79681e-08   7.23694e+02
   3  p2          -7.64006e-03   4.81582e-03  -2.49384e-07  -2.86501e-01
   4  p3           9.99819e-04   7.50042e-08   1.02646e-11   2.69124e+03
                               ERR DEF= 0.5
 MINUIT WARNING IN MIGRAD  
 ============== Negative diagonal element 1 in Error Matrix
 MINUIT WARNING IN MIGRAD  
 ============== Negative diagonal element 2 in Error Matrix
 MINUIT WARNING IN MIGRAD  
 ============== 12020.9 added to diagonal of error matrix
 EIGENVALUES OF SECOND-DERIVATIVE MATRIX:
         9.9987e-01  1.0000e+00  1.0000e+00  1.0001e+00
 MIGRAD FAILS TO FIND IMPROVEMENT
 MIGRAD TERMINATED WITHOUT CONVERGENCE.
 FCN=76.242 FROM MIGRAD    STATUS=FAILED        171 CALLS         172 TOTAL
                     EDM=0.000598733    STRATEGY= 1  ERROR MATRIX UNCERTAINTY  60.3 per cent
  EXT PARAMETER                APPROXIMATE        STEP         FIRST   
  NO.   NAME      VALUE            ERROR          SIZE      DERIVATIVE 
   1  p0           5.60519e+05   7.07107e-01  -0.00000e+00  -1.44945e-04
   2  p1           5.64499e-01   7.75271e+01  -0.00000e+00   7.23694e+02
   3  p2          -7.64006e-03   7.75271e+01   0.00000e+00  -2.86501e-01
   4  p3           9.99819e-04   7.75271e+01  -0.00000e+00   2.69124e+03
                               ERR DEF= 0.5
 EXTERNAL ERROR MATRIX.    NDIM=  25    NPAR=  4    ERR DEF=0.5
  5.000e-01  1.942e-03  7.097e-03 -1.972e-06 
  1.942e-03  6.010e+03 -7.438e-09  6.340e-13 
  7.097e-03 -7.438e-09  6.010e+03 -1.617e-10 
 -1.972e-06  6.340e-13 -1.617e-10  6.010e+03 
ERR MATRIX APPROXIMATE
 PARAMETER  CORRELATION COEFFICIENTS  
       NO.  GLOBAL      1      2      3      4
        1  0.00013   1.000  0.000  0.000 -0.000
        2  0.00004   0.000  1.000 -0.000  0.000
        3  0.00013   0.000 -0.000  1.000 -0.000
        4  0.00000  -0.000  0.000 -0.000  1.000
 ERR MATRIX APPROXIMATE
 FCN=76.242 FROM MIGRAD    STATUS=FAILED        171 CALLS         172 TOTAL
                     EDM=0.000598733    STRATEGY= 1  ERROR MATRIX UNCERTAINTY  60.3 per cent
  EXT PARAMETER                  PARABOLIC         MINOS ERRORS        
  NO.   NAME      VALUE            ERROR      NEGATIVE      POSITIVE   
   1  p0           5.60519e+05   7.07107e-01                            
   2  p1           5.64499e-01   7.75271e+01                            
   3  p2          -7.64006e-03   7.75271e+01                            
   4  p3           9.99819e-04   7.75271e+01                            
                               ERR DEF= 0.5
 **********
 **   13 **SET PRINT           2
 **********
 **********
 **   14 **SET NOGRAD
 **********
 PARAMETER DEFINITIONS:
    NO.   NAME         VALUE      STEP SIZE      LIMITS
     1 p0           5.60519e+05  7.07107e-01     no limits
     2 p1           5.64499e-01  7.75271e+01     no limits
     3 p2          -7.64006e-03  7.75271e+01     no limits
     4 p3           9.99819e-04  7.75271e+01     no limits
 **********
 **   15 **SET ERR         0.5
 **********
 **********
 **   16 **SET PRINT           2
 **********
 **********
 **   17 **SET STR           1
 **********
 NOW USING STRATEGY  1: TRY TO BALANCE SPEED AGAINST RELIABILITY
 **********
 **   18 **MIGRAD        1480        0.01
 **********
 FIRST CALL TO USER FUNCTION AT NEW START POINT, WITH IFLAG=4.
 START MIGRAD MINIMIZATION.  STRATEGY  1.  CONVERGENCE WHEN EDM .LT. 1.00e-05
 FCN=76.242 FROM MIGRAD    STATUS=INITIATE       20 CALLS          21 TOTAL
                     EDM= unknown      STRATEGY= 1      NO ERROR MATRIX       
  EXT PARAMETER               CURRENT GUESS       STEP         FIRST   
  NO.   NAME      VALUE            ERROR          SIZE      DERIVATIVE 
   1  p0           5.60519e+05   7.07107e-01   7.07107e-01  -1.44945e-04
   2  p1           5.64499e-01   7.75271e+01   7.75271e+01  -3.73023e+09
   3  p2          -7.64006e-03   7.75271e+01   7.75271e+01  -3.18753e+02
   4  p3           9.99819e-04   7.75271e+01   7.75271e+01  -4.05705e+13
                               ERR DEF= 0.5
NO ERROR MATRIX       
 MIGRAD FAILS TO FIND IMPROVEMENT
   START COVARIANCE MATRIX CALCULATION.
 EIGENVALUES OF SECOND-DERIVATIVE MATRIX:
         8.0640e-02  8.3157e-01  9.9767e-01  2.0901e+00
 COVARIANCE MATRIX CALCULATED SUCCESSFULLY
 FCN=76.242 FROM HESSE     STATUS=OK             29 CALLS          61 TOTAL
                     EDM=3.20278e-06    STRATEGY= 1      ERROR MATRIX ACCURATE 
  EXT PARAMETER                                   STEP         FIRST   
  NO.   NAME      VALUE            ERROR          SIZE      DERIVATIVE 
   1  p0           5.60519e+05   1.29172e+01   2.67276e-01  -1.46187e-04
   2  p1           5.64499e-01   8.58075e-07   7.75271e-03   7.68347e+02
   3  p2          -7.64006e-03   3.35298e-03   7.75271e-03  -4.62285e-02
   4  p3           9.99819e-04   9.74659e-09   7.75271e-03  -3.17086e+03
                               ERR DEF= 0.5
 PARAMETER  CORRELATION COEFFICIENTS  
       NO.  GLOBAL      1      2      3      4
        1  0.91743   1.000 -0.911  0.111 -0.009
        2  0.92140  -0.911  1.000 -0.240 -0.005
        3  0.35573   0.111 -0.240  1.000 -0.005
        4  0.03561  -0.009 -0.005 -0.005  1.000
 FCN=76.242 FROM MIGRAD    STATUS=PROGRESS       70 CALLS          71 TOTAL
                     EDM=1.80401e-07    STRATEGY= 1      ERROR MATRIX ACCURATE 
  EXT PARAMETER                                   STEP         FIRST   
  NO.   NAME      VALUE            ERROR          SIZE      DERIVATIVE 
   1  p0           5.60519e+05   1.29172e+01   7.62489e-03   1.04846e-04
   2  p1           5.64499e-01   8.58075e-07  -4.88434e-10   1.48969e+03
   3  p2          -7.63965e-03   3.35298e-03   4.12479e-07  -2.85866e-02
   4  p3           9.99819e-04   9.74659e-09   3.79931e-14   9.82927e+03
                               ERR DEF= 0.5
 MIGRAD MINIMIZATION HAS CONVERGED.
 FCN=76.242 FROM MIGRAD    STATUS=CONVERGED      70 CALLS          71 TOTAL
                     EDM=1.80401e-07    STRATEGY= 1  ERROR MATRIX UNCERTAINTY  82.8 per cent
  EXT PARAMETER                                   STEP         FIRST   
  NO.   NAME      VALUE            ERROR          SIZE      DERIVATIVE 
   1  p0           5.60519e+05   6.22165e+00   7.62489e-03   1.04846e-04
   2  p1           5.64499e-01   5.74867e-07  -4.88434e-10   1.48969e+03
   3  p2          -7.63965e-03   3.35256e-03   4.12479e-07  -2.85866e-02
   4  p3           9.99819e-04   9.74059e-09   3.79931e-14   9.82927e+03
                               ERR DEF= 0.5
 EXTERNAL ERROR MATRIX.    NDIM=  25    NPAR=  4    ERR DEF=0.5
  3.871e+01 -2.866e-06  2.508e-03 -5.333e-09 
 -2.866e-06  3.305e-13 -5.708e-10  2.055e-16 
  2.508e-03 -5.708e-10  1.124e-05 -2.831e-13 
 -5.333e-09  2.055e-16 -2.831e-13  9.488e-17 
 PARAMETER  CORRELATION COEFFICIENTS  
       NO.  GLOBAL      1      2      3      4
        1  0.81269   1.000 -0.801  0.120 -0.088
        2  0.82685  -0.801  1.000 -0.296  0.037
        3  0.35540   0.120 -0.296  1.000 -0.009
        4  0.10614  -0.088  0.037 -0.009  1.000
 EXTERNAL ERROR MATRIX.    NDIM=   4    NPAR=  4    ERR DEF=0.5
  3.871e+01 -2.866e-06  2.508e-03 -5.333e-09 
 -2.866e-06  3.305e-13 -5.708e-10  2.055e-16 
  2.508e-03 -5.708e-10  1.124e-05 -2.831e-13 
 -5.333e-09  2.055e-16 -2.831e-13  9.488e-17 
 FCN=76.242 FROM MIGRAD    STATUS=CONVERGED      70 CALLS          71 TOTAL
                     EDM=1.80401e-07    STRATEGY= 1  ERROR MATRIX UNCERTAINTY  82.8 per cent
  EXT PARAMETER                  PARABOLIC         MINOS ERRORS        
  NO.   NAME      VALUE            ERROR      NEGATIVE      POSITIVE   
   1  p0           5.60519e+05   6.22165e+00                            
   2  p1           5.64499e-01   5.74867e-07                            
   3  p2          -7.63965e-03   3.35256e-03                            
   4  p3           9.99819e-04   9.74059e-09                            
                               ERR DEF= 0.5
------------------------------------------
Enering ROOFIt-------
 PARAMETER DEFINITIONS:
    NO.   NAME         VALUE      STEP SIZE      LIMITS
     1 norm         5.60519e+05  1.00000e-01     no limits
     2 Q            5.65000e-01  1.00000e-01     no limits
     3 theta        0.00000e+00  1.00000e-01     no limits
     4 pileup       9.99819e-04  1.00000e-01     no limits
 **********
 **    1 **MIGRAD
 **********
 FIRST CALL TO USER FUNCTION AT NEW START POINT, WITH IFLAG=4.
 START MIGRAD MINIMIZATION.  STRATEGY  1.  CONVERGENCE WHEN EDM .LT. 1.00e-04
 FCN=-2.37862e+11 FROM MIGRAD    STATUS=INITIATE       40 CALLS          41 TOTAL
                     EDM= unknown      STRATEGY= 1      NO ERROR MATRIX       
  EXT PARAMETER               CURRENT GUESS       STEP         FIRST   
  NO.   NAME      VALUE            ERROR          SIZE      DERIVATIVE 
   1  norm         5.60519e+05   1.00000e-01   0.00000e+00   3.74672e+01
   2  Q            5.65000e-01   1.00000e-01   0.00000e+00   1.16451e+08
   3  theta        1.00000e-01   1.00000e-01   1.00000e-01   2.90714e+05
   4  pileup       9.99819e-04   1.00000e-01   0.00000e+00   8.38415e+07
 MIGRAD FAILS TO FIND IMPROVEMENT
 MACHINE ACCURACY LIMITS FURTHER IMPROVEMENT.
 MIGRAD MINIMIZATION HAS CONVERGED.
 FCN=-2.37862e+11 FROM MIGRAD    STATUS=CONVERGED     241 CALLS         242 TOTAL
                     EDM=0.469321    STRATEGY= 1  ERROR MATRIX UNCERTAINTY   3.4 per cent
  EXT PARAMETER                                   STEP         FIRST   
  NO.   NAME      VALUE            ERROR          SIZE      DERIVATIVE 
   1  norm         5.58969e+05   8.45090e+00   0.00000e+00  -1.17861e-01
   2  Q            5.64995e-01   1.23153e-09  -0.00000e+00  -1.57167e+05
   3  theta        1.53146e-04   4.43067e-04  -0.00000e+00   1.54746e+03
   4  pileup       9.99845e-04   8.09132e-08   0.00000e+00  -1.13691e+07
 EXTERNAL ERROR MATRIX.    NDIM=  25    NPAR=  4    ERR DEF=1
  7.142e+01 -1.580e-10  2.486e-05 -2.665e-07 
 -1.580e-10  1.517e-18  3.691e-13  1.628e-19 
  2.486e-05  3.691e-13  1.963e-07 -1.025e-12 
 -2.665e-07  1.628e-19 -1.025e-12  6.547e-15 
 PARAMETER  CORRELATION COEFFICIENTS  
       NO.  GLOBAL      1      2      3      4
        1  0.39010   1.000 -0.015  0.007 -0.390
        2  0.67697  -0.015  1.000  0.677  0.002
        3  0.67720   0.007  0.677  1.000 -0.029
        4  0.39105  -0.390  0.002 -0.029  1.000
 **********
 **    2 **MIGRAD 
 **********
 START MIGRAD MINIMIZATION.  STRATEGY  1.  CONVERGENCE WHEN EDM .LT. 1.00e-04
 FCN=-2.37862e+11 FROM MIGRAD    STATUS=INITIATE       12 CALLS         254 TOTAL
                     EDM=0.481496    STRATEGY= 1  ERROR MATRIX UNCERTAINTY   3.4 per cent
  EXT PARAMETER                                   STEP         FIRST   
  NO.   NAME      VALUE            ERROR          SIZE      DERIVATIVE 
   1  norm         5.58969e+05   8.45090e+00   0.00000e+00  -1.17860e-01
   2  Q            5.64995e-01   1.23153e-09  -0.00000e+00  -4.17111e+08
   3  theta        1.53146e-04   4.43067e-04  -0.00000e+00   2.30565e+03
   4  pileup       9.99845e-04   8.09132e-08   0.00000e+00  -1.13691e+07
 MIGRAD FAILS TO FIND IMPROVEMENT
 MACHINE ACCURACY LIMITS FURTHER IMPROVEMENT.
 MIGRAD MINIMIZATION HAS CONVERGED.
 FCN=-2.37862e+11 FROM MIGRAD    STATUS=CONVERGED      23 CALLS         265 TOTAL
                     EDM=0.481496    STRATEGY= 1  ERROR MATRIX UNCERTAINTY   3.4 per cent
  EXT PARAMETER                                   STEP         FIRST   
  NO.   NAME      VALUE            ERROR          SIZE      DERIVATIVE 
   1  norm         5.58969e+05   8.45090e+00   0.00000e+00  -1.17860e-01
   2  Q            5.64995e-01   1.23153e-09  -0.00000e+00  -4.17111e+08
   3  theta        1.53146e-04   4.43067e-04  -0.00000e+00   2.30565e+03
   4  pileup       9.99845e-04   8.09132e-08   0.00000e+00  -1.13691e+07
 EXTERNAL ERROR MATRIX.    NDIM=  25    NPAR=  4    ERR DEF=1
  7.142e+01 -1.580e-10  2.486e-05 -2.665e-07 
 -1.580e-10  1.517e-18  3.691e-13  1.628e-19 
  2.486e-05  3.691e-13  1.963e-07 -1.025e-12 
 -2.665e-07  1.628e-19 -1.025e-12  6.547e-15 
 PARAMETER  CORRELATION COEFFICIENTS  
       NO.  GLOBAL      1      2      3      4
        1  0.39010   1.000 -0.015  0.007 -0.390
        2  0.67697  -0.015  1.000  0.677  0.002
        3  0.67720   0.007  0.677  1.000 -0.029
        4  0.39105  -0.390  0.002 -0.029  1.000
status of the fit-----000------0
1  558969
2  0.564995
3  0.000153146
4  0.000999845
 **********
 **   19 **SET PRINT           2
 **********
 **********
 **   20 **SET NOGRAD
 **********
 PARAMETER DEFINITIONS:
    NO.   NAME         VALUE      STEP SIZE      LIMITS
     1 p0           5.58000e+05  1.67400e+05     no limits
     2 p1           5.65000e-01  1.69500e-01     no limits
     3 p2           0.00000e+00  3.00000e-01     no limits
     4 p3           9.99871e-04  2.99961e-04     no limits
 **********
 **   21 **SET ERR         0.5
 **********
 **********
 **   22 **SET PRINT           2
 **********
 **********
 **   23 **SET STR           1
 **********
 NOW USING STRATEGY  1: TRY TO BALANCE SPEED AGAINST RELIABILITY
 **********
 **   24 **MIGRAD        1480        0.01
 **********
 FIRST CALL TO USER FUNCTION AT NEW START POINT, WITH IFLAG=4.
 START MIGRAD MINIMIZATION.  STRATEGY  1.  CONVERGENCE WHEN EDM .LT. 1.00e-05
 FCN=17302.2 FROM MIGRAD    STATUS=INITIATE       18 CALLS          19 TOTAL
                     EDM= unknown      STRATEGY= 1      NO ERROR MATRIX       
  EXT PARAMETER               CURRENT GUESS       STEP         FIRST   
  NO.   NAME      VALUE            ERROR          SIZE      DERIVATIVE 
   1  p0           5.58000e+05   1.67400e+05   1.67400e+05  -3.62540e+01
   2  p1           5.65000e-01   1.69500e-01   1.69500e-01  -1.12537e+08
   3  p2           0.00000e+00   3.00000e-01   3.00000e-01   0.00000e+00
   4  p3           9.99871e-04   2.99961e-04   2.99961e-04  -9.68775e+08
                               ERR DEF= 0.5
NO ERROR MATRIX       
 FCN=518.589 FROM MIGRAD    STATUS=PROGRESS       34 CALLS          35 TOTAL
                     EDM=1435.44    STRATEGY= 1      NO ERROR MATRIX       
  EXT PARAMETER               CURRENT GUESS       STEP         FIRST   
  NO.   NAME      VALUE            ERROR          SIZE      DERIVATIVE 
   1  p0           5.58440e+05   1.67400e+05   4.39527e+02  -8.32077e-01
   2  p1           5.65142e-01   1.69500e-01   1.41734e-04  -2.55513e+06
   3  p2           0.00000e+00   3.00000e-01  -0.00000e+00   0.00000e+00
   4  p3           1.00161e-03   2.99961e-04   1.74142e-06   4.19164e+08
                               ERR DEF= 0.5
 FCN=78.9196 FROM MIGRAD    STATUS=PROGRESS      145 CALLS         146 TOTAL
                     EDM=0.000112273    STRATEGY= 1  ERROR MATRIX UNCERTAINTY  44.3 per cent
  EXT PARAMETER                APPROXIMATE        STEP         FIRST   
  NO.   NAME      VALUE            ERROR          SIZE      DERIVATIVE 
   1  p0           5.59098e+05   1.01739e+03   7.38631e+00   2.13390e-04
   2  p1           5.64954e-01   3.27509e-04  -2.31061e-06   6.93871e+02
   3  p2           0.00000e+00   4.91143e-04  -0.00000e+00   0.00000e+00
   4  p3           9.99679e-04   6.87955e-08  -1.15398e-09   2.44438e+04
                               ERR DEF= 0.5
 MIGRAD FAILS TO FIND IMPROVEMENT
   START COVARIANCE MATRIX CALCULATION.
 EIGENVALUES OF SECOND-DERIVATIVE MATRIX:
         2.1696e-04  8.1595e-01  1.0034e+00  2.1804e+00
 COVARIANCE MATRIX CALCULATED SUCCESSFULLY
 FCN=78.9196 FROM HESSE     STATUS=OK             27 CALLS         186 TOTAL
                     EDM=4.35142e-06    STRATEGY= 1      ERROR MATRIX ACCURATE 
  EXT PARAMETER                                   STEP         FIRST   
  NO.   NAME      VALUE            ERROR          SIZE      DERIVATIVE 
   1  p0           5.59105e+05   2.45613e+02   2.66602e-01   1.29197e-04
   2  p1           5.64952e-01   7.92307e-05   2.69390e-07   4.20058e+02
   3  p2           0.00000e+00   6.84433e-03   4.37234e-05   0.00000e+00
   4  p3           9.99679e-04   7.04896e-08   4.76684e-10  -2.40974e+04
                               ERR DEF= 0.5
 PARAMETER  CORRELATION COEFFICIENTS  
       NO.  GLOBAL      1      2      3      4
        1  0.99978   1.000 -1.000  0.277  0.411
        2  0.99978  -1.000  1.000 -0.277 -0.418
        3  0.27885   0.277 -0.277  1.000  0.142
        4  0.51071   0.411 -0.418  0.142  1.000
 MIGRAD FAILS TO FIND IMPROVEMENT
 MIGRAD MINIMIZATION HAS CONVERGED.
 FCN=78.9196 FROM MIGRAD    STATUS=CONVERGED     187 CALLS         188 TOTAL
                     EDM=4.35142e-06    STRATEGY= 1      ERROR MATRIX ACCURATE 
  EXT PARAMETER                                   STEP         FIRST   
  NO.   NAME      VALUE            ERROR          SIZE      DERIVATIVE 
   1  p0           5.59105e+05   2.45613e+02   0.00000e+00   1.29197e-04
   2  p1           5.64952e-01   7.92307e-05  -0.00000e+00   4.20058e+02
   3  p2           0.00000e+00   6.84433e-03   0.00000e+00   0.00000e+00
   4  p3           9.99679e-04   7.04896e-08   0.00000e+00  -2.40974e+04
                               ERR DEF= 0.5
 EXTERNAL ERROR MATRIX.    NDIM=  25    NPAR=  4    ERR DEF=0.5
  6.033e+04 -1.946e-02  4.660e-01  7.122e-06 
 -1.946e-02  6.278e-09 -1.504e-07 -2.334e-12 
  4.660e-01 -1.504e-07  4.684e-05  6.836e-11 
  7.122e-06 -2.334e-12  6.836e-11  4.969e-15 
 PARAMETER  CORRELATION COEFFICIENTS  
       NO.  GLOBAL      1      2      3      4
        1  0.99978   1.000 -1.000  0.277  0.411
        2  0.99978  -1.000  1.000 -0.277 -0.418
        3  0.27885   0.277 -0.277  1.000  0.142
        4  0.51071   0.411 -0.418  0.142  1.000
 EXTERNAL ERROR MATRIX.    NDIM=   4    NPAR=  4    ERR DEF=0.5
  6.033e+04 -1.946e-02  4.660e-01  7.122e-06 
 -1.946e-02  6.278e-09 -1.504e-07 -2.334e-12 
  4.660e-01 -1.504e-07  4.684e-05  6.836e-11 
  7.122e-06 -2.334e-12  6.836e-11  4.969e-15 
 FCN=78.9196 FROM MIGRAD    STATUS=CONVERGED     187 CALLS         188 TOTAL
                     EDM=4.35142e-06    STRATEGY= 1      ERROR MATRIX ACCURATE 
  EXT PARAMETER                  PARABOLIC         MINOS ERRORS        
  NO.   NAME      VALUE            ERROR      NEGATIVE      POSITIVE   
   1  p0           5.59105e+05   2.45613e+02                            
   2  p1           5.64952e-01   7.92307e-05                            
   3  p2           0.00000e+00   6.84433e-03                            
   4  p3           9.99679e-04   7.04896e-08                            
                               ERR DEF= 0.5
------------------------------------------
Enering ROOFIt-------
 PARAMETER DEFINITIONS:
    NO.   NAME         VALUE      STEP SIZE      LIMITS
     1 norm         5.59105e+05  1.00000e-01     no limits
     2 Q            5.65000e-01  1.00000e-01     no limits
     3 theta        0.00000e+00  1.00000e-01     no limits
     4 pileup       9.99679e-04  1.00000e-01     no limits
 **********
 **    1 **MIGRAD
 **********
 FIRST CALL TO USER FUNCTION AT NEW START POINT, WITH IFLAG=4.
 START MIGRAD MINIMIZATION.  STRATEGY  1.  CONVERGENCE WHEN EDM .LT. 1.00e-04
 FCN=-2.3786e+11 FROM MIGRAD    STATUS=INITIATE       14 CALLS          15 TOTAL
                     EDM= unknown      STRATEGY= 1      NO ERROR MATRIX       
  EXT PARAMETER               CURRENT GUESS       STEP         FIRST   
  NO.   NAME      VALUE            ERROR          SIZE      DERIVATIVE 
   1  norm         5.59105e+05   1.00000e-01   1.00000e-01   5.67580e+00
   2  Q            5.65000e-01   1.00000e-01   1.00000e-01   9.30018e+07
   3  theta        0.00000e+00   1.00000e-01   1.00000e-01   0.00000e+00
   4  pileup       9.99679e-04   1.00000e-01   1.00000e-01  -9.17829e+11
 MIGRAD FAILS TO FIND IMPROVEMENT
 EIGENVALUES OF SECOND-DERIVATIVE MATRIX:
        -3.8386e-02  3.1639e-01  9.1672e-01  2.8053e+00
 MINUIT WARNING IN HESSE   
 ============== MATRIX FORCED POS-DEF BY ADDING 0.041191 TO DIAGONAL.
 FCN=-2.3786e+11 FROM HESSE     STATUS=NOT POSDEF     27 CALLS          53 TOTAL
                     EDM=9167.28    STRATEGY= 1      ERR MATRIX NOT POS-DEF
  EXT PARAMETER                APPROXIMATE        STEP         FIRST   
  NO.   NAME      VALUE            ERROR          SIZE      DERIVATIVE 
   1  norm         5.59105e+05   5.36076e+01   2.66602e+00   5.67582e+00
   2  Q            5.65000e-01   6.43360e-06   1.00000e-03   1.76544e+07
   3  theta        0.00000e+00   7.89284e-03   1.00000e-01   0.00000e+00
   4  pileup       9.99679e-04   9.18347e-08   1.00000e-02   1.58637e+08
 MINUIT WARNING IN MIGRAD  
 ============== Negative diagonal element 2 in Error Matrix
 MINUIT WARNING IN MIGRAD  
 ============== Negative diagonal element 3 in Error Matrix
 MINUIT WARNING IN MIGRAD  
 ============== 1 added to diagonal of error matrix
 MIGRAD FAILS TO FIND IMPROVEMENT
 MIGRAD TERMINATED WITHOUT CONVERGENCE.
 FCN=-2.3786e+11 FROM MIGRAD    STATUS=FAILED         94 CALLS          95 TOTAL
                     EDM=1.00385e+07    STRATEGY= 1      ERR MATRIX NOT POS-DEF
  EXT PARAMETER                APPROXIMATE        STEP         FIRST   
  NO.   NAME      VALUE            ERROR          SIZE      DERIVATIVE 
   1  norm         5.58829e+05   7.09269e+00   0.00000e+00  -3.54469e+00
   2  Q            5.65029e-01   1.00000e+00  -0.00000e+00   2.24307e+09
   3  theta        3.13607e-02   1.00000e+00  -0.00000e+00   2.51309e+05
   4  pileup       9.99675e-04   1.00000e+00   0.00000e+00  -2.20067e+08
 EXTERNAL ERROR MATRIX.    NDIM=  25    NPAR=  4    ERR DEF=1
  5.031e+01 -4.747e-08 -2.542e-04 -1.312e-07 
 -4.747e-08  1.000e+00 -1.543e-11  1.152e-16 
 -2.542e-04 -1.543e-11  1.000e+00  1.224e-12 
 -1.312e-07  1.152e-16  1.224e-12  1.000e+00 
ERR MATRIX NOT POS-DEF
 PARAMETER  CORRELATION COEFFICIENTS  
       NO.  GLOBAL      1      2      3      4
        1  0.00004   1.000 -0.000 -0.000 -0.000
        2  0.00000  -0.000  1.000 -0.000  0.000
        3  0.00004  -0.000 -0.000  1.000  0.000
        4  0.00000  -0.000  0.000  0.000  1.000
 ERR MATRIX NOT POS-DEF
 **********
 **    2 **MIGRAD 
 **********
 START MIGRAD MINIMIZATION.  STRATEGY  1.  CONVERGENCE WHEN EDM .LT. 1.00e-04
 FCN=-2.3786e+11 FROM MIGRAD    STATUS=INITIATE       12 CALLS         107 TOTAL
                     EDM=9.98133e+16    STRATEGY= 1      ERR MATRIX NOT POS-DEF
  EXT PARAMETER                APPROXIMATE        STEP         FIRST   
  NO.   NAME      VALUE            ERROR          SIZE      DERIVATIVE 
   1  norm         5.58829e+05   7.09269e+00   0.00000e+00  -3.55080e+00
   2  Q            5.65029e-01   1.00000e+00  -0.00000e+00  -1.10668e+07
   3  theta        3.13607e-02   1.00000e+00  -0.00000e+00   4.40031e+05
   4  pileup       9.99675e-04   1.00000e+00   0.00000e+00  -2.20067e+08
 MIGRAD FAILS TO FIND IMPROVEMENT
 EIGENVALUES OF SECOND-DERIVATIVE MATRIX:
        -4.9871e-03  1.3493e-01  8.4521e-01  3.0248e+00
 MINUIT WARNING IN HESSE   
 ============== MATRIX FORCED POS-DEF BY ADDING 0.008012 TO DIAGONAL.
 FCN=-2.3786e+11 FROM HESSE     STATUS=NOT POSDEF     27 CALLS         145 TOTAL
                     EDM=606.761    STRATEGY= 1      ERR MATRIX NOT POS-DEF
  EXT PARAMETER                APPROXIMATE        STEP         FIRST   
  NO.   NAME      VALUE            ERROR          SIZE      DERIVATIVE 
   1  norm         5.58829e+05   8.53617e+01   5.33204e+02  -3.54487e+00
   2  Q            5.65029e-01   3.15833e-05   9.81110e-05  -1.10666e+07
   3  theta        3.13607e-02   1.71003e-03   1.40775e-01   2.65514e+04
   4  pileup       9.99675e-04   1.68365e-07   2.09807e-05  -1.91628e+08
 MINUIT WARNING IN MIGRAD  
 ============== Negative diagonal element 2 in Error Matrix
 MINUIT WARNING IN MIGRAD  
 ============== 1 added to diagonal of error matrix
 MIGRAD FAILS TO FIND IMPROVEMENT
 MIGRAD TERMINATED WITHOUT CONVERGENCE.
 FCN=-2.3786e+11 FROM MIGRAD    STATUS=FAILED         90 CALLS         185 TOTAL
                     EDM=1.38499e+09    STRATEGY= 1      ERR MATRIX NOT POS-DEF
  EXT PARAMETER                APPROXIMATE        STEP         FIRST   
  NO.   NAME      VALUE            ERROR          SIZE      DERIVATIVE 
   1  norm         5.58887e+05   7.65012e+00  -0.00000e+00   1.96903e-01
   2  Q            5.65038e-01   1.00000e+00  -0.00000e+00   2.91847e+09
   3  theta        3.08666e-02   1.00000e+00  -0.00000e+00   5.39956e+05
   4  pileup       1.00008e-03   1.00000e+00   0.00000e+00  -1.85349e+07
 EXTERNAL ERROR MATRIX.    NDIM=  25    NPAR=  4    ERR DEF=1
  5.852e+01  5.338e-09  1.903e-04 -2.447e-07 
  5.338e-09  1.000e+00 -9.118e-12 -2.804e-16 
  1.903e-04 -9.118e-12  1.000e+00  2.056e-12 
 -2.447e-07 -2.804e-16  2.056e-12  1.000e+00 
ERR MATRIX NOT POS-DEF
 PARAMETER  CORRELATION COEFFICIENTS  
       NO.  GLOBAL      1      2      3      4
        1  0.00002   1.000  0.000  0.000 -0.000
        2  0.00000   0.000  1.000 -0.000 -0.000
        3  0.00002   0.000 -0.000  1.000  0.000
        4  0.00000  -0.000 -0.000  0.000  1.000
 ERR MATRIX NOT POS-DEF
status of the fit-----000------4
1  558887
2  0.565038
3  0.0308666
4  0.00100008
 PARAMETER DEFINITIONS:
    NO.   NAME         VALUE      STEP SIZE      LIMITS
     1 norm         5.58887e+05  1.00000e-01     no limits
     2 Q            5.65038e-01  1.00000e-01     no limits
     3 theta        3.08666e-02  1.00000e-01     no limits
     4 pileup       1.00008e-03  1.00000e-01     no limits
 **********
 **    3 **MIGRAD
 **********
 FIRST CALL TO USER FUNCTION AT NEW START POINT, WITH IFLAG=4.
 START MIGRAD MINIMIZATION.  STRATEGY  1.  CONVERGENCE WHEN EDM .LT. 1.00e-04
 FCN=-2.3786e+11 FROM MIGRAD    STATUS=INITIATE       18 CALLS         204 TOTAL
                     EDM= unknown      STRATEGY= 1      NO ERROR MATRIX       
  EXT PARAMETER               CURRENT GUESS       STEP         FIRST   
  NO.   NAME      VALUE            ERROR          SIZE      DERIVATIVE 
   1  norm         5.58887e+05   1.00000e-01   1.00000e-01   2.61502e-01
   2  Q            5.65038e-01   1.00000e-01   1.00000e-01  -3.31920e+06
   3  theta        3.08666e-02   1.00000e-01   1.00000e-01   2.58878e+05
   4  pileup       1.00008e-03   1.00000e-01   1.00000e-01  -9.18056e+11
 MIGRAD FAILS TO FIND IMPROVEMENT
 EIGENVALUES OF SECOND-DERIVATIVE MATRIX:
        -1.6265e-01  2.2857e-01  9.1637e-01  3.0177e+00
 MINUIT WARNING IN HESSE   
 ============== MATRIX FORCED POS-DEF BY ADDING 0.165670 TO DIAGONAL.
 FCN=-2.3786e+11 FROM HESSE     STATUS=NOT POSDEF     29 CALLS         244 TOTAL
                     EDM=1138.39    STRATEGY= 1      ERR MATRIX NOT POS-DEF
  EXT PARAMETER                APPROXIMATE        STEP         FIRST   
  NO.   NAME      VALUE            ERROR          SIZE      DERIVATIVE 
   1  norm         5.58887e+05   2.22703e+01   2.66498e+00   2.61577e-01
   2  Q            5.65038e-01   5.90998e-06   1.00000e-03   7.81959e+05
   3  theta        3.08666e-02   7.01110e-03   1.10395e-01   9.61728e+03
   4  pileup       1.00008e-03   9.89842e-08   1.00000e-02   9.33393e+06
 MINUIT WARNING IN MIGRAD  
 ============== Negative diagonal element 3 in Error Matrix
 MINUIT WARNING IN MIGRAD  
 ============== 1 added to diagonal of error matrix
 MIGRAD FAILS TO FIND IMPROVEMENT
 MACHINE ACCURACY LIMITS FURTHER IMPROVEMENT.
 MIGRAD MINIMIZATION HAS CONVERGED.
 MIGRAD WILL VERIFY CONVERGENCE AND ERROR MATRIX.
 EIGENVALUES OF SECOND-DERIVATIVE MATRIX:
        -3.8270e-02  3.8287e-05  8.4655e-01  3.1917e+00
 MINUIT WARNING IN HESSE   
 ============== MATRIX FORCED POS-DEF BY ADDING 0.041461 TO DIAGONAL.
 MIGRAD TERMINATED WITHOUT CONVERGENCE.
 FCN=-2.3786e+11 FROM MIGRAD    STATUS=FAILED        106 CALLS         292 TOTAL
                     EDM=9607.55    STRATEGY= 1      ERR MATRIX NOT POS-DEF
  EXT PARAMETER                APPROXIMATE        STEP         FIRST   
  NO.   NAME      VALUE            ERROR          SIZE      DERIVATIVE 
   1  norm         5.58919e+05   3.82170e+01   5.32996e+00   1.50702e+00
   2  Q            5.65028e-01   1.68093e-05   1.02986e-04   4.67981e+06
   3  theta        1.90475e-02   1.97040e-02   4.41579e-02  -1.26273e+03
   4  pileup       9.99993e-04   6.48272e-07   2.14097e-05   8.03882e+07
 EXTERNAL ERROR MATRIX.    NDIM=  25    NPAR=  4    ERR DEF=1
  1.461e+03  2.158e-04  5.599e-01  1.813e-05 
  2.158e-04  2.826e-10  2.889e-07  9.370e-12 
  5.599e-01  2.889e-07  3.882e-04  1.265e-08 
  1.813e-05  9.370e-12  1.265e-08  4.203e-13 
ERR MATRIX NOT POS-DEF
 PARAMETER  CORRELATION COEFFICIENTS  
       NO.  GLOBAL      1      2      3      4
        1  0.98258   1.000  0.336  0.744  0.732
        2  0.99073   0.336  1.000  0.872  0.860
        3  0.99765   0.744  0.872  1.000  0.990
        4  0.99109   0.732  0.860  0.990  1.000
 ERR MATRIX NOT POS-DEF
 **********
 **    4 **MIGRAD 
 **********
 START MIGRAD MINIMIZATION.  STRATEGY  1.  CONVERGENCE WHEN EDM .LT. 1.00e-04
 FCN=-2.3786e+11 FROM MIGRAD    STATUS=INITIATE        8 CALLS         300 TOTAL
                     EDM=11235.6    STRATEGY= 1      ERR MATRIX NOT POS-DEF
  EXT PARAMETER                APPROXIMATE        STEP         FIRST   
  NO.   NAME      VALUE            ERROR          SIZE      DERIVATIVE 
   1  norm         5.58919e+05   3.82170e+01   5.32996e+00   1.50709e+00
   2  Q            5.65028e-01   1.68093e-05   1.02986e-04   4.67984e+06
   3  theta        1.90475e-02   1.97040e-02   4.41579e-02   2.62255e+03
   4  pileup       9.99993e-04   6.48272e-07   2.14097e-05   7.56961e+07
 EIGENVALUES OF SECOND-DERIVATIVE MATRIX:
        -1.7617e-03  2.0617e-02  9.8051e-02  3.8831e+00
 MINUIT WARNING IN MIGRAD  
 ============== MATRIX FORCED POS-DEF BY ADDING 0.005645 TO DIAGONAL.
 MIGRAD FAILS TO FIND IMPROVEMENT
 MACHINE ACCURACY LIMITS FURTHER IMPROVEMENT.
 MIGRAD MINIMIZATION HAS CONVERGED.
 MIGRAD WILL VERIFY CONVERGENCE AND ERROR MATRIX.
 EIGENVALUES OF SECOND-DERIVATIVE MATRIX:
        -3.1628e-01  3.7985e-01  6.7636e-01  3.2601e+00
 MINUIT WARNING IN HESSE   
 ============== MATRIX FORCED POS-DEF BY ADDING 0.319541 TO DIAGONAL.
 FCN=-2.3786e+11 FROM HESSE     STATUS=NOT POSDEF     31 CALLS         450 TOTAL
                     EDM=0.917987    STRATEGY= 1      ERR MATRIX NOT POS-DEF
  EXT PARAMETER                APPROXIMATE        STEP         FIRST   
  NO.   NAME      VALUE            ERROR          SIZE      DERIVATIVE 
   1  norm         5.58884e+05   1.82742e+01   1.72555e+03   1.62159e-01
   2  Q            5.65025e-01   5.31233e-06   5.54965e-04   5.04644e+05
   3  theta        6.36073e-03   5.13008e-03   1.71016e-01   2.92607e+02
   4  pileup       9.99672e-04   1.23393e-07   2.09841e-05   6.42627e+04
 MINUIT WARNING IN MIGRAD  
 ============== Negative diagonal element 2 in Error Matrix
 MINUIT WARNING IN MIGRAD  
 ============== Negative diagonal element 3 in Error Matrix
 MINUIT WARNING IN MIGRAD  
 ============== 1 added to diagonal of error matrix
 MIGRAD FAILS TO FIND IMPROVEMENT
 MACHINE ACCURACY LIMITS FURTHER IMPROVEMENT.
 MIGRAD MINIMIZATION HAS CONVERGED.
 MIGRAD WILL VERIFY CONVERGENCE AND ERROR MATRIX.
 EIGENVALUES OF SECOND-DERIVATIVE MATRIX:
        -2.6164e-04  2.7171e-01  8.4968e-01  2.8789e+00
 MINUIT WARNING IN HESSE   
 ============== MATRIX FORCED POS-DEF BY ADDING 0.003141 TO DIAGONAL.
 MIGRAD TERMINATED WITHOUT CONVERGENCE.
 FCN=-2.3786e+11 FROM MIGRAD    STATUS=FAILED        208 CALLS         500 TOTAL
                     EDM=4.22088    STRATEGY= 1      ERR MATRIX NOT POS-DEF
  EXT PARAMETER                APPROXIMATE        STEP         FIRST   
  NO.   NAME      VALUE            ERROR          SIZE      DERIVATIVE 
   1  norm         5.58888e+05   9.50913e+01   6.90222e+02   1.58459e-01
   2  Q            5.65023e-01   3.09206e-05   9.64222e-05   4.94072e+05
   3  theta        4.25245e-03   1.85219e-03   6.84063e-02   5.25086e+02
   4  pileup       9.99707e-04   1.10201e-07   8.39365e-06   1.01310e+07
 EXTERNAL ERROR MATRIX.    NDIM=  25    NPAR=  4    ERR DEF=1
  9.042e+03 -2.924e-03 -2.049e-02 -5.589e-07 
 -2.924e-03  9.561e-10  1.051e-08  2.247e-13 
 -2.049e-02  1.051e-08  3.431e-06  1.079e-10 
 -5.589e-07  2.247e-13  1.079e-10  1.214e-14 
ERR MATRIX NOT POS-DEF
 PARAMETER  CORRELATION COEFFICIENTS  
       NO.  GLOBAL      1      2      3      4
        1  0.99710   1.000 -0.994 -0.116 -0.053
        2  0.99716  -0.994  1.000  0.184  0.066
        3  0.79374  -0.116  0.184  1.000  0.529
        4  0.60210  -0.053  0.066  0.529  1.000
 ERR MATRIX NOT POS-DEF
status of the fit-----000------4
1  558888
2  0.565023
3  0.00425245
4  0.000999707
 PARAMETER DEFINITIONS:
    NO.   NAME         VALUE      STEP SIZE      LIMITS
     1 norm         5.58888e+05  1.00000e-01     no limits
     2 Q            5.65023e-01  1.00000e-01     no limits
     3 theta        4.25245e-03  1.00000e-01     no limits
     4 pileup       9.99707e-04  1.00000e-01     no limits
 **********
 **    5 **MIGRAD
 **********
 FIRST CALL TO USER FUNCTION AT NEW START POINT, WITH IFLAG=4.
 START MIGRAD MINIMIZATION.  STRATEGY  1.  CONVERGENCE WHEN EDM .LT. 1.00e-04
 FCN=-2.3786e+11 FROM MIGRAD    STATUS=INITIATE       14 CALLS         515 TOTAL
                     EDM= unknown      STRATEGY= 1      NO ERROR MATRIX       
  EXT PARAMETER               CURRENT GUESS       STEP         FIRST   
  NO.   NAME      VALUE            ERROR          SIZE      DERIVATIVE 
   1  norm         5.58888e+05   1.00000e-01   1.00000e-01   1.58492e-01
   2  Q            5.65023e-01   1.00000e-01   1.00000e-01   8.61693e+06
   3  theta        4.25245e-03   1.00000e-01   1.00000e-01   2.81955e+04
   4  pileup       9.99707e-04   1.00000e-01   1.00000e-01  -9.18025e+11
 MIGRAD FAILS TO FIND IMPROVEMENT
 EIGENVALUES OF SECOND-DERIVATIVE MATRIX:
        -2.6103e-02  3.3389e-01  9.1673e-01  2.7755e+00
 MINUIT WARNING IN HESSE   
 ============== MATRIX FORCED POS-DEF BY ADDING 0.028879 TO DIAGONAL.
 FCN=-2.3786e+11 FROM HESSE     STATUS=NOT POSDEF     29 CALLS         555 TOTAL
                     EDM=2.24527    STRATEGY= 1      ERR MATRIX NOT POS-DEF
  EXT PARAMETER                APPROXIMATE        STEP         FIRST   
  NO.   NAME      VALUE            ERROR          SIZE      DERIVATIVE 
   1  norm         5.58888e+05   5.83126e+01   2.66499e+00   1.58543e-01
   2  Q            5.65023e-01   6.47315e-06   1.00000e-03   4.94070e+05
   3  theta        4.25245e-03   6.69288e-03   1.00000e-01   1.12283e+03
   4  pileup       9.99707e-04   9.17321e-08   1.00000e-02   9.54527e+06
 EIGENVALUES OF SECOND-DERIVATIVE MATRIX:
        -5.2112e-03  9.3628e-01  9.9251e-01  2.0764e+00
 MINUIT WARNING IN MIGRAD  
 ============== MATRIX FORCED POS-DEF BY ADDING 0.007288 TO DIAGONAL.
 EIGENVALUES OF SECOND-DERIVATIVE MATRIX:
        -7.2534e-03  1.2880e-03  1.0297e+00  2.9763e+00
 MINUIT WARNING IN MIGRAD  
 ============== MATRIX FORCED POS-DEF BY ADDING 0.010230 TO DIAGONAL.
 MIGRAD FAILS TO FIND IMPROVEMENT
 MACHINE ACCURACY LIMITS FURTHER IMPROVEMENT.
 MIGRAD MINIMIZATION HAS CONVERGED.
 MIGRAD WILL VERIFY CONVERGENCE AND ERROR MATRIX.
 EIGENVALUES OF SECOND-DERIVATIVE MATRIX:
        -3.0338e-01  3.8840e-01  6.7527e-01  3.2397e+00
 MINUIT WARNING IN HESSE   
 ============== MATRIX FORCED POS-DEF BY ADDING 0.306616 TO DIAGONAL.
 MIGRAD TERMINATED WITHOUT CONVERGENCE.
 FCN=-2.3786e+11 FROM MIGRAD    STATUS=FAILED        174 CALLS         675 TOTAL
                     EDM=0.844168    STRATEGY= 1      ERR MATRIX NOT POS-DEF
  EXT PARAMETER                APPROXIMATE        STEP         FIRST   
  NO.   NAME      VALUE            ERROR          SIZE      DERIVATIVE 
   1  norm         5.58884e+05   1.51424e+01   1.72556e+03  -1.83709e-03
   2  Q            5.65023e-01   5.27796e-06   5.54973e-04  -4.40412e+03
   3  theta        4.24449e-03   8.92882e-03   1.00445e-01   1.43325e+02
   4  pileup       9.99682e-04   1.17237e-07   2.09843e-05  -2.47068e+05
 EXTERNAL ERROR MATRIX.    NDIM=  25    NPAR=  4    ERR DEF=1
  2.293e+02 -6.983e-05 -1.148e-01  1.027e-06 
 -6.983e-05  2.786e-11  4.692e-08 -4.214e-13 
 -1.148e-01  4.692e-08  7.972e-05 -6.831e-10 
  1.027e-06 -4.214e-13 -6.831e-10  1.374e-14 
ERR MATRIX NOT POS-DEF
 PARAMETER  CORRELATION COEFFICIENTS  
       NO.  GLOBAL      1      2      3      4
        1  0.90816   1.000 -0.874 -0.849  0.578
        2  0.99775  -0.874  1.000  0.996 -0.681
        3  0.99716  -0.849  0.996  1.000 -0.653
        4  0.75342   0.578 -0.681 -0.653  1.000
 ERR MATRIX NOT POS-DEF
 **********
 **    6 **MIGRAD 
 **********
 START MIGRAD MINIMIZATION.  STRATEGY  1.  CONVERGENCE WHEN EDM .LT. 1.00e-04
 FCN=-2.3786e+11 FROM MIGRAD    STATUS=INITIATE        8 CALLS         683 TOTAL
                     EDM=436.78    STRATEGY= 1      ERR MATRIX NOT POS-DEF
  EXT PARAMETER                APPROXIMATE        STEP         FIRST   
  NO.   NAME      VALUE            ERROR          SIZE      DERIVATIVE 
   1  norm         5.58884e+05   1.51424e+01   1.72556e+03  -1.20743e-02
   2  Q            5.65023e-01   5.27796e-06   5.54973e-04  -4.32707e+03
   3  theta        4.24449e-03   8.92882e-03   1.00445e-01   4.62544e+03
   4  pileup       9.99682e-04   1.17237e-07   2.09843e-05  -4.75821e+06
 EIGENVALUES OF SECOND-DERIVATIVE MATRIX:
        -8.8344e-02  4.8115e-01  1.0251e+00  2.5820e+00
 MINUIT WARNING IN MIGRAD  
 ============== MATRIX FORCED POS-DEF BY ADDING 0.090926 TO DIAGONAL.
 MIGRAD FAILS TO FIND IMPROVEMENT
 MACHINE ACCURACY LIMITS FURTHER IMPROVEMENT.
 MIGRAD MINIMIZATION HAS CONVERGED.
 MIGRAD WILL VERIFY CONVERGENCE AND ERROR MATRIX.
 EIGENVALUES OF SECOND-DERIVATIVE MATRIX:
        -1.9883e-01  4.1129e-01  6.7096e-01  3.1166e+00
 MINUIT WARNING IN HESSE   
 ============== MATRIX FORCED POS-DEF BY ADDING 0.201947 TO DIAGONAL.
 FCN=-2.3786e+11 FROM HESSE     STATUS=NOT POSDEF     31 CALLS         793 TOTAL
                     EDM=0.0279995    STRATEGY= 1      ERR MATRIX NOT POS-DEF
  EXT PARAMETER                APPROXIMATE        STEP         FIRST   
  NO.   NAME      VALUE            ERROR          SIZE      DERIVATIVE 
   1  norm         5.58886e+05   2.17848e+01   1.72556e+03  -3.26876e-02
   2  Q            5.65022e-01   5.47913e-06   5.54978e-04  -9.96882e+04
   3  theta        1.41349e-03   2.07774e-03   4.14596e-01   6.17971e+01
   4  pileup       9.99690e-04   1.38572e-07   2.09845e-05   2.28904e+06
 EIGENVALUES OF SECOND-DERIVATIVE MATRIX:
        -3.6002e-05  3.0399e-01  9.8354e-01  2.7125e+00
 MINUIT WARNING IN MIGRAD  
 ============== MATRIX FORCED POS-DEF BY ADDING 0.002749 TO DIAGONAL.
 MIGRAD FAILS TO FIND IMPROVEMENT
 MACHINE ACCURACY LIMITS FURTHER IMPROVEMENT.
 MIGRAD MINIMIZATION HAS CONVERGED.
 MIGRAD WILL VERIFY CONVERGENCE AND ERROR MATRIX.
 EIGENVALUES OF SECOND-DERIVATIVE MATRIX:
        -2.7779e-04  3.3330e-01  8.5127e-01  2.8157e+00
 MINUIT WARNING IN HESSE   
 ============== MATRIX FORCED POS-DEF BY ADDING 0.003094 TO DIAGONAL.
 MIGRAD TERMINATED WITHOUT CONVERGENCE.
 FCN=-2.3786e+11 FROM MIGRAD    STATUS=FAILED        222 CALLS         897 TOTAL
                     EDM=0.00800997    STRATEGY= 1      ERR MATRIX NOT POS-DEF
  EXT PARAMETER                APPROXIMATE        STEP         FIRST   
  NO.   NAME      VALUE            ERROR          SIZE      DERIVATIVE 
   1  norm         5.58887e+05   9.64985e+01   1.72556e+03   3.21302e-03
   2  Q            5.65022e-01   3.11493e-05   9.62706e-05   1.17440e+04
   3  theta        1.40315e-03   2.66400e-03   4.26532e-02   2.64550e+01
   4  pileup       9.99677e-04   1.05790e-07   2.09843e-05   3.40326e+05
 EXTERNAL ERROR MATRIX.    NDIM=  25    NPAR=  4    ERR DEF=1
  9.312e+03 -2.991e-03 -5.000e-03  7.191e-08 
 -2.991e-03  9.703e-10  6.397e-09 -1.265e-14 
 -5.000e-03  6.397e-09  7.097e-06  1.316e-10 
  7.191e-08 -1.265e-14  1.316e-10  1.119e-14 
ERR MATRIX NOT POS-DEF
 PARAMETER  CORRELATION COEFFICIENTS  
       NO.  GLOBAL      1      2      3      4
        1  0.99719   1.000 -0.995 -0.019  0.007
        2  0.99721  -0.995  1.000  0.077 -0.004
        3  0.73975  -0.019  0.077  1.000  0.467
        4  0.55528   0.007 -0.004  0.467  1.000
 ERR MATRIX NOT POS-DEF
status of the fit-----000------4
1  558887
2  0.565022
3  0.00140315
4  0.000999677
 **********
 **   25 **SET PRINT           2
 **********
 **********
 **   26 **SET NOGRAD
 **********
 PARAMETER DEFINITIONS:
    NO.   NAME         VALUE      STEP SIZE      LIMITS
     1 p0           5.58000e+05  1.67400e+05     no limits
     2 p1           5.65000e-01  1.69500e-01     no limits
     3 p2           0.00000e+00  3.00000e-01     no limits
     4 p3           9.99871e-04  2.99961e-04     no limits
 **********
 **   27 **SET ERR         0.5
 **********
 **********
 **   28 **SET PRINT           2
 **********
 **********
 **   29 **SET STR           1
 **********
 NOW USING STRATEGY  1: TRY TO BALANCE SPEED AGAINST RELIABILITY
 **********
 **   30 **MIGRAD        1480        0.01
 **********
 FIRST CALL TO USER FUNCTION AT NEW START POINT, WITH IFLAG=4.
 START MIGRAD MINIMIZATION.  STRATEGY  1.  CONVERGENCE WHEN EDM .LT. 1.00e-05
 FCN=17620.1 FROM MIGRAD    STATUS=INITIATE       18 CALLS          19 TOTAL
                     EDM= unknown      STRATEGY= 1      NO ERROR MATRIX       
  EXT PARAMETER               CURRENT GUESS       STEP         FIRST   
  NO.   NAME      VALUE            ERROR          SIZE      DERIVATIVE 
   1  p0           5.58000e+05   1.67400e+05   1.67400e+05  -3.65948e+01
   2  p1           5.65000e-01   1.69500e-01   1.69500e-01  -1.13598e+08
   3  p2           0.00000e+00   3.00000e-01   3.00000e-01   0.00000e+00
   4  p3           9.99871e-04   2.99961e-04   2.99961e-04  -1.01383e+09
                               ERR DEF= 0.5
NO ERROR MATRIX       
 FCN=481.363 FROM MIGRAD    STATUS=PROGRESS       34 CALLS          35 TOTAL
                     EDM=1322.36    STRATEGY= 1      NO ERROR MATRIX       
  EXT PARAMETER               CURRENT GUESS       STEP         FIRST   
  NO.   NAME      VALUE            ERROR          SIZE      DERIVATIVE 
   1  p0           5.58443e+05   1.67400e+05   4.42973e+02  -8.25808e-01
   2  p1           5.65143e-01   1.69500e-01   1.42851e-04  -2.53806e+06
   3  p2           0.00000e+00   3.00000e-01  -0.00000e+00   0.00000e+00
   4  p3           1.00169e-03   2.99961e-04   1.81940e-06   4.01595e+08
                               ERR DEF= 0.5
 MIGRAD MINIMIZATION HAS CONVERGED.
 MIGRAD WILL VERIFY CONVERGENCE AND ERROR MATRIX.
   START COVARIANCE MATRIX CALCULATION.
 EIGENVALUES OF SECOND-DERIVATIVE MATRIX:
        -8.4989e-04  4.7170e-01  1.2994e+00  2.2298e+00
 MINUIT WARNING IN HESSE   
 ============== MATRIX FORCED POS-DEF BY ADDING 0.003080 TO DIAGONAL.
 FCN=75.817 FROM HESSE     STATUS=NOT POSDEF     27 CALLS          83 TOTAL
                     EDM=8.79671e-05    STRATEGY= 1      ERR MATRIX NOT POS-DEF
  EXT PARAMETER                APPROXIMATE        STEP         FIRST   
  NO.   NAME      VALUE            ERROR          SIZE      DERIVATIVE 
   1  p0           5.58480e+05   7.64239e+01   2.66304e-01  -8.98641e-05
   2  p1           5.65155e-01   2.47672e-05   2.69487e-07   2.49497e+02
   3  p2           0.00000e+00   4.75120e-02   6.61682e-05   0.00000e+00
   4  p3           9.99823e-04   7.68985e-08   4.76753e-10  -9.97481e+03
                               ERR DEF= 0.5
 PARAMETER  CORRELATION COEFFICIENTS  
       NO.  GLOBAL      1      2      3      4
        1  0.99776   1.000 -0.997  0.468  0.255
        2  0.99779  -0.997  1.000 -0.477 -0.280
        3  0.63363   0.468 -0.477  1.000  0.532
        4  0.60344   0.255 -0.280  0.532  1.000
 ERR MATRIX NOT POS-DEF
 FCN=75.8167 FROM MIGRAD    STATUS=PROGRESS       96 CALLS          97 TOTAL
                     EDM=0.000305508    STRATEGY= 1      ERR MATRIX NOT POS-DEF
  EXT PARAMETER                APPROXIMATE        STEP         FIRST   
  NO.   NAME      VALUE            ERROR          SIZE      DERIVATIVE 
   1  p0           5.58483e+05   7.64239e+01   2.63792e+00  -1.41329e-03
   2  p1           5.65154e-01   2.47672e-05  -8.56015e-07  -3.90686e+03
   3  p2           8.14820e-04   4.75120e-02   8.14820e-04   4.37142e-01
   4  p3           9.99824e-04   7.68985e-08   8.52067e-10   8.45716e+04
                               ERR DEF= 0.5
 MIGRAD MINIMIZATION HAS CONVERGED.
 MIGRAD WILL VERIFY CONVERGENCE AND ERROR MATRIX.
   START COVARIANCE MATRIX CALCULATION.
 EIGENVALUES OF SECOND-DERIVATIVE MATRIX:
         1.8339e-03  8.0758e-01  1.0211e+00  2.1695e+00
 COVARIANCE MATRIX CALCULATED SUCCESSFULLY
 FCN=75.8017 FROM MIGRAD    STATUS=CONVERGED     219 CALLS         220 TOTAL
                     EDM=5.40163e-06    STRATEGY= 1      ERROR MATRIX ACCURATE 
  EXT PARAMETER                                   STEP         FIRST   
  NO.   NAME      VALUE            ERROR          SIZE      DERIVATIVE 
   1  p0           5.58664e+05   8.43782e+01   2.66392e-01  -4.52795e-05
   2  p1           5.65096e-01   2.72682e-05   2.69459e-07  -1.39964e+02
   3  p2          -3.80067e-06   1.53539e-02   9.90263e-05   1.48275e-01
   4  p3           9.99826e-04   6.31061e-08   4.76754e-10   2.92737e+03
                               ERR DEF= 0.5
 EXTERNAL ERROR MATRIX.    NDIM=  25    NPAR=  4    ERR DEF=0.5
  7.120e+03 -2.296e-03  2.760e-01  9.296e-07 
 -2.296e-03  7.436e-10 -8.922e-08 -3.341e-13 
  2.760e-01 -8.922e-08  2.357e-04  1.155e-10 
  9.296e-07 -3.341e-13  1.155e-10  3.982e-15 
 PARAMETER  CORRELATION COEFFICIENTS  
       NO.  GLOBAL      1      2      3      4
        1  0.99816   1.000 -0.998  0.213  0.175
        2  0.99817  -0.998  1.000 -0.213 -0.194
        3  0.22952   0.213 -0.213  1.000  0.119
        4  0.36692   0.175 -0.194  0.119  1.000
 EXTERNAL ERROR MATRIX.    NDIM=   4    NPAR=  4    ERR DEF=0.5
  7.120e+03 -2.296e-03  2.760e-01  9.296e-07 
 -2.296e-03  7.436e-10 -8.922e-08 -3.341e-13 
  2.760e-01 -8.922e-08  2.357e-04  1.155e-10 
  9.296e-07 -3.341e-13  1.155e-10  3.982e-15 
 FCN=75.8017 FROM MIGRAD    STATUS=CONVERGED     219 CALLS         220 TOTAL
                     EDM=5.40163e-06    STRATEGY= 1      ERROR MATRIX ACCURATE 
  EXT PARAMETER                  PARABOLIC         MINOS ERRORS        
  NO.   NAME      VALUE            ERROR      NEGATIVE      POSITIVE   
   1  p0           5.58664e+05   8.43782e+01                            
   2  p1           5.65096e-01   2.72682e-05                            
   3  p2          -3.80067e-06   1.53539e-02                            
   4  p3           9.99826e-04   6.31061e-08                            
                               ERR DEF= 0.5
------------------------------------------
Enering ROOFIt-------
 PARAMETER DEFINITIONS:
    NO.   NAME         VALUE      STEP SIZE      LIMITS
     1 norm         5.58664e+05  1.00000e-01     no limits
     2 Q            5.65000e-01  1.00000e-01     no limits
     3 theta        0.00000e+00  1.00000e-01     no limits
     4 pileup       9.99826e-04  1.00000e-01     no limits
 **********
 **    1 **MIGRAD
 **********
 FIRST CALL TO USER FUNCTION AT NEW START POINT, WITH IFLAG=4.
 START MIGRAD MINIMIZATION.  STRATEGY  1.  CONVERGENCE WHEN EDM .LT. 1.00e-04
 FCN=-2.37864e+11 FROM MIGRAD    STATUS=INITIATE       14 CALLS          15 TOTAL
                     EDM= unknown      STRATEGY= 1      NO ERROR MATRIX       
  EXT PARAMETER               CURRENT GUESS       STEP         FIRST   
  NO.   NAME      VALUE            ERROR          SIZE      DERIVATIVE 
   1  norm         5.58664e+05   1.00000e-01   1.00000e-01  -1.13122e+01
   2  Q            5.65000e-01   1.00000e-01   1.00000e-01  -1.66891e+08
   3  theta        0.00000e+00   1.00000e-01   1.00000e-01   0.00000e+00
   4  pileup       9.99826e-04   1.00000e-01   1.00000e-01  -9.18470e+11
 MIGRAD FAILS TO FIND IMPROVEMENT
 MACHINE ACCURACY LIMITS FURTHER IMPROVEMENT.
 MIGRAD MINIMIZATION HAS CONVERGED.
 MIGRAD WILL VERIFY CONVERGENCE AND ERROR MATRIX.
 EIGENVALUES OF SECOND-DERIVATIVE MATRIX:
        -7.7648e-02  5.0225e-01  6.6585e-01  2.9095e+00
 MINUIT WARNING IN HESSE   
 ============== MATRIX FORCED POS-DEF BY ADDING 0.080558 TO DIAGONAL.
 FCN=-2.37864e+11 FROM HESSE     STATUS=NOT POSDEF     27 CALLS          93 TOTAL
                     EDM=745.602    STRATEGY= 1      ERR MATRIX NOT POS-DEF
  EXT PARAMETER                APPROXIMATE        STEP         FIRST   
  NO.   NAME      VALUE            ERROR          SIZE      DERIVATIVE 
   1  norm         5.58897e+05   1.66967e+01   2.66392e+02   2.97584e-01
   2  Q            5.65003e-01   4.92012e-06   5.55018e-04   9.56751e+05
   3  theta        0.00000e+00   9.83455e-03   1.13810e-01   0.00000e+00
   4  pileup       1.00210e-03   1.00363e-07   2.10188e-05   5.24512e+08
 MIGRAD FAILS TO FIND IMPROVEMENT
 MACHINE ACCURACY LIMITS FURTHER IMPROVEMENT.
 MIGRAD MINIMIZATION HAS CONVERGED.
 MIGRAD WILL VERIFY CONVERGENCE AND ERROR MATRIX.
 EIGENVALUES OF SECOND-DERIVATIVE MATRIX:
        -3.9641e-04  4.0518e-01  8.5186e-01  2.7434e+00
 MINUIT WARNING IN HESSE   
 ============== MATRIX FORCED POS-DEF BY ADDING 0.003140 TO DIAGONAL.
 MIGRAD TERMINATED WITHOUT CONVERGENCE.
 FCN=-2.37864e+11 FROM MIGRAD    STATUS=FAILED        178 CALLS         179 TOTAL
                     EDM=1.10595    STRATEGY= 1      ERR MATRIX NOT POS-DEF
  EXT PARAMETER                APPROXIMATE        STEP         FIRST   
  NO.   NAME      VALUE            ERROR          SIZE      DERIVATIVE 
   1  norm         5.58953e+05   9.73706e+01   1.72564e+03  -1.26999e-02
   2  Q            5.65002e-01   3.16686e-05   9.41566e-05  -3.90770e+04
   3  theta       -2.00658e-03   1.02815e-03   1.05247e-01  -5.85080e+02
   4  pileup       9.99904e-04   1.02549e-07   2.09862e-05   1.55195e+07
 EXTERNAL ERROR MATRIX.    NDIM=  25    NPAR=  4    ERR DEF=1
  9.481e+03 -3.070e-03 -1.882e-02 -6.091e-07 
 -3.070e-03  1.003e-09  7.662e-09  1.833e-13 
 -1.882e-02  7.662e-09  1.057e-06  4.319e-11 
 -6.091e-07  1.833e-13  4.319e-11  1.052e-14 
ERR MATRIX NOT POS-DEF
 PARAMETER  CORRELATION COEFFICIENTS  
       NO.  GLOBAL      1      2      3      4
        1  0.99724   1.000 -0.996 -0.188 -0.061
        2  0.99730  -0.996  1.000  0.235  0.056
        3  0.69800  -0.188  0.235  1.000  0.410
        4  0.51362  -0.061  0.056  0.410  1.000
 ERR MATRIX NOT POS-DEF
 **********
 **    2 **MIGRAD 
 **********
 START MIGRAD MINIMIZATION.  STRATEGY  1.  CONVERGENCE WHEN EDM .LT. 1.00e-04
 FCN=-2.37864e+11 FROM MIGRAD    STATUS=INITIATE       10 CALLS         189 TOTAL
                     EDM=53.1834    STRATEGY= 1      ERR MATRIX NOT POS-DEF
  EXT PARAMETER                APPROXIMATE        STEP         FIRST   
  NO.   NAME      VALUE            ERROR          SIZE      DERIVATIVE 
   1  norm         5.58953e+05   9.73706e+01   1.72564e+03  -2.29340e-02
   2  Q            5.65002e-01   3.16686e-05   9.41566e-05  -3.87511e+04
   3  theta       -2.00658e-03   1.02815e-03   1.05247e-01  -1.46929e+04
   4  pileup       9.99904e-04   1.02549e-07   2.09862e-05   1.10095e+07
 MIGRAD FAILS TO FIND IMPROVEMENT
 MACHINE ACCURACY LIMITS FURTHER IMPROVEMENT.
 MIGRAD MINIMIZATION HAS CONVERGED.
 MIGRAD WILL VERIFY CONVERGENCE AND ERROR MATRIX.
 EIGENVALUES OF SECOND-DERIVATIVE MATRIX:
        -4.7116e-04  4.0497e-01  8.5219e-01  2.7433e+00
 MINUIT WARNING IN HESSE   
 ============== MATRIX FORCED POS-DEF BY ADDING 0.003214 TO DIAGONAL.
 FCN=-2.37864e+11 FROM HESSE     STATUS=NOT POSDEF     29 CALLS         229 TOTAL
                     EDM=0.555782    STRATEGY= 1      ERR MATRIX NOT POS-DEF
  EXT PARAMETER                APPROXIMATE        STEP         FIRST   
  NO.   NAME      VALUE            ERROR          SIZE      DERIVATIVE 
   1  norm         5.58953e+05   9.74651e+01   6.90258e+02  -1.26081e-02
   2  Q            5.65002e-01   3.16410e-05   1.88313e-04  -3.90652e+04
   3  theta       -2.00658e-03   1.02397e-03   1.04993e-01  -5.82249e+02
   4  pileup       9.99904e-04   1.02641e-07   8.39448e-06   1.55577e+07
 MIGRAD FAILS TO FIND IMPROVEMENT
 MACHINE ACCURACY LIMITS FURTHER IMPROVEMENT.
 MIGRAD MINIMIZATION HAS CONVERGED.
 MIGRAD WILL VERIFY CONVERGENCE AND ERROR MATRIX.
 EIGENVALUES OF SECOND-DERIVATIVE MATRIX:
        -7.6532e-04  4.0730e-01  8.5320e-01  2.7403e+00
 MINUIT WARNING IN HESSE   
 ============== MATRIX FORCED POS-DEF BY ADDING 0.003506 TO DIAGONAL.
 MIGRAD TERMINATED WITHOUT CONVERGENCE.
 FCN=-2.37864e+11 FROM MIGRAD    STATUS=FAILED        103 CALLS         282 TOTAL
                     EDM=0.00147976    STRATEGY= 1      ERR MATRIX NOT POS-DEF
  EXT PARAMETER                APPROXIMATE        STEP         FIRST   
  NO.   NAME      VALUE            ERROR          SIZE      DERIVATIVE 
   1  norm         5.58952e+05   9.76999e+01   2.76103e+02  -2.65271e-04
   2  Q            5.65003e-01   3.16039e-05   3.76626e-04  -1.68337e+03
   3  theta       -2.00710e-03   1.01169e-03   1.04681e-01  -4.36566e+01
   4  pileup       9.99834e-04   1.02506e-07   3.35779e-06   5.80533e+04
 EXTERNAL ERROR MATRIX.    NDIM=  25    NPAR=  4    ERR DEF=1
  9.545e+03 -3.075e-03 -8.944e-03 -3.413e-07 
 -3.075e-03  9.988e-10  4.406e-09  9.471e-14 
 -8.944e-03  4.406e-09  1.024e-06  4.244e-11 
 -3.413e-07  9.471e-14  4.244e-11  1.051e-14 
ERR MATRIX NOT POS-DEF
 PARAMETER  CORRELATION COEFFICIENTS  
       NO.  GLOBAL      1      2      3      4
        1  0.99725   1.000 -0.996 -0.090 -0.034
        2  0.99729  -0.996  1.000  0.138  0.029
        3  0.68302  -0.090  0.138  1.000  0.409
        4  0.51324  -0.034  0.029  0.409  1.000
 ERR MATRIX NOT POS-DEF
status of the fit-----000------4
1  558952
2  0.565003
3  -0.0020071
4  0.000999834
 PARAMETER DEFINITIONS:
    NO.   NAME         VALUE      STEP SIZE      LIMITS
     1 norm         5.58952e+05  1.00000e-01     no limits
     2 Q            5.65003e-01  1.00000e-01     no limits
     3 theta       -2.00710e-03  1.00000e-01     no limits
     4 pileup       9.99834e-04  1.00000e-01     no limits
 **********
 **    3 **MIGRAD
 **********
 FIRST CALL TO USER FUNCTION AT NEW START POINT, WITH IFLAG=4.
 START MIGRAD MINIMIZATION.  STRATEGY  1.  CONVERGENCE WHEN EDM .LT. 1.00e-04
 FCN=-2.37864e+11 FROM MIGRAD    STATUS=INITIATE       14 CALLS         297 TOTAL
                     EDM= unknown      STRATEGY= 1      NO ERROR MATRIX       
  EXT PARAMETER               CURRENT GUESS       STEP         FIRST   
  NO.   NAME      VALUE            ERROR          SIZE      DERIVATIVE 
   1  norm         5.58952e+05   1.00000e-01   1.00000e-01  -2.91975e-04
   2  Q            5.65003e-01   1.00000e-01   1.00000e-01   6.04986e+06
   3  theta       -2.00710e-03   1.00000e-01   1.00000e-01  -1.33491e+04
   4  pileup       9.99834e-04   1.00000e-01   1.00000e-01  -9.18068e+11
 MIGRAD FAILS TO FIND IMPROVEMENT
 COVARIANCE MATRIX CALCULATED SUCCESSFULLY
 FCN=-2.37864e+11 FROM HESSE     STATUS=OK             29 CALLS         337 TOTAL
                     EDM=0.00297623    STRATEGY= 1      ERROR MATRIX ACCURATE 
  EXT PARAMETER                                   STEP         FIRST   
  NO.   NAME      VALUE            ERROR          SIZE      DERIVATIVE 
   1  norm         5.58952e+05   3.42348e+01   2.66529e+00  -4.58000e-04
   2  Q            5.65003e-01   2.97538e-06   1.00000e-03  -1.67934e+03
   3  theta       -2.00710e-03   2.53398e-03   1.00000e-01  -4.16298e+01
   4  pileup       9.99834e-04   9.24324e-08   1.00000e-02  -5.33357e+05
 MIGRAD FAILS TO FIND IMPROVEMENT
 MACHINE ACCURACY LIMITS FURTHER IMPROVEMENT.
 MIGRAD MINIMIZATION HAS CONVERGED.
 FCN=-2.37864e+11 FROM MIGRAD    STATUS=CONVERGED      62 CALLS         345 TOTAL
                     EDM=0.00297623    STRATEGY= 1      ERROR MATRIX ACCURATE 
  EXT PARAMETER                                   STEP         FIRST   
  NO.   NAME      VALUE            ERROR          SIZE      DERIVATIVE 
   1  norm         5.58952e+05   3.42348e+01  -0.00000e+00  -4.58000e-04
   2  Q            5.65003e-01   2.97538e-06   0.00000e+00  -1.67934e+03
   3  theta       -2.00710e-03   2.53398e-03   0.00000e+00  -4.16298e+01
   4  pileup       9.99834e-04   9.24324e-08   0.00000e+00  -5.33357e+05
 EXTERNAL ERROR MATRIX.    NDIM=  25    NPAR=  4    ERR DEF=1
  1.172e+03 -9.826e-05 -7.243e-02  1.939e-08 
 -9.826e-05  8.853e-12  6.973e-09 -1.036e-14 
 -7.243e-02  6.973e-09  6.421e-06  5.161e-13 
  1.939e-08 -1.036e-14  5.161e-13  8.544e-15 
 PARAMETER  CORRELATION COEFFICIENTS  
       NO.  GLOBAL      1      2      3      4
        1  0.97738   1.000 -0.965 -0.835  0.006
        2  0.98938  -0.965  1.000  0.925 -0.038
        3  0.95210  -0.835  0.925  1.000  0.002
        4  0.23231   0.006 -0.038  0.002  1.000
 **********
 **    4 **MIGRAD 
 **********
 START MIGRAD MINIMIZATION.  STRATEGY  1.  CONVERGENCE WHEN EDM .LT. 1.00e-04
 FCN=-2.37864e+11 FROM MIGRAD    STATUS=INITIATE        8 CALLS         353 TOTAL
                     EDM=9.26566    STRATEGY= 1      ERROR MATRIX ACCURATE 
  EXT PARAMETER                                   STEP         FIRST   
  NO.   NAME      VALUE            ERROR          SIZE      DERIVATIVE 
   1  norm         5.58952e+05   3.42348e+01  -0.00000e+00  -2.80525e-04
   2  Q            5.65003e-01   2.97538e-06   0.00000e+00  -1.58765e+03
   3  theta       -2.00710e-03   2.53398e-03   0.00000e+00  -2.14559e+03
   4  pileup       9.99834e-04   9.24324e-08   0.00000e+00  -2.95845e+07
 MIGRAD FAILS TO FIND IMPROVEMENT
 MACHINE ACCURACY LIMITS FURTHER IMPROVEMENT.
 MIGRAD MINIMIZATION HAS CONVERGED.
 FCN=-2.37864e+11 FROM MIGRAD    STATUS=CONVERGED      46 CALLS         391 TOTAL
                     EDM=13913.9    STRATEGY= 1  ERROR MATRIX UNCERTAINTY   6.5 per cent
  EXT PARAMETER                                   STEP         FIRST   
  NO.   NAME      VALUE            ERROR          SIZE      DERIVATIVE 
   1  norm         5.58952e+05   3.04784e+01  -0.00000e+00  -8.92813e-04
   2  Q            5.65003e-01   2.81440e-06   0.00000e+00   2.07524e+08
   3  theta       -2.00504e-03   2.52938e-03   0.00000e+00  -2.33062e+05
   4  pileup       9.99834e-04   9.19314e-08   0.00000e+00  -2.84276e+07
 EXTERNAL ERROR MATRIX.    NDIM=  25    NPAR=  4    ERR DEF=1
  9.289e+02 -8.321e-05 -7.478e-02 -1.303e-07 
 -8.321e-05  7.921e-12  7.119e-09 -1.097e-15 
 -7.478e-02  7.119e-09  6.398e-06 -9.439e-13 
 -1.303e-07 -1.097e-15 -9.439e-13  8.451e-15 
 PARAMETER  CORRELATION COEFFICIENTS  
       NO.  GLOBAL      1      2      3      4
        1  0.97136   1.000 -0.970 -0.970 -0.046
        2  1.00000  -0.970  1.000  1.000 -0.004
        3  1.00000  -0.970  1.000  1.000 -0.004
        4  0.00000  -0.046 -0.004 -0.004  1.000
status of the fit-----000------0
1  558952
2  0.565003
3  -0.00200504
4  0.000999834
