  *******************************************
  *                                         *
  *        W E L C O M E  to  R O O T       *
  *                                         *
  *   Version   5.34/36      5 April 2016   *
  *                                         *
  *  You are welcome to visit our Web site  *
  *          http://root.cern.ch            *
  *                                         *
  *******************************************

ROOT 5.34/36 (v5-34-36@v5-34-36, Apr 05 2016, 10:25:45 on linuxx8664gcc)

CINT/ROOT C/C++ Interpreter version 5.18.00, July 2, 2010
Type ? for help. Commands must be C++ statements.
Enclose multiple statements between { }.
Loading root init file.
The rat/rootinit.C file loaded the DEAP style for you, which is available from the fStyle pointer.
DEAP style applied. 
RAT: Libraries loaded.

Processing /home/fatemigh/projects/rpp-jillings/fatemigh/sterile/Likelihood/LikelihoodSterile_modified6.C+(27)...
pased here
566 lines read from file
31
spec_E  566
Before entering fitting
 **********
 **    1 **SET PRINT           2
 **********
 **********
 **    2 **SET NOGRAD
 **********
 PARAMETER DEFINITIONS:
    NO.   NAME         VALUE      STEP SIZE      LIMITS
     1 p0           5.58000e+05  1.67400e+05     no limits
     2 p1           5.65000e-01  1.69500e-01     no limits
     3 p2           0.00000e+00  3.00000e-01     no limits
     4 p3           9.99871e-04  2.99961e-04     no limits
 **********
 **    3 **SET ERR         0.5
 **********
 **********
 **    4 **SET PRINT           2
 **********
 **********
 **    5 **SET STR           1
 **********
 NOW USING STRATEGY  1: TRY TO BALANCE SPEED AGAINST RELIABILITY
 **********
 **    6 **MIGRAD        1480        0.01
 **********
 FIRST CALL TO USER FUNCTION AT NEW START POINT, WITH IFLAG=4.
 START MIGRAD MINIMIZATION.  STRATEGY  1.  CONVERGENCE WHEN EDM .LT. 1.00e-05
 FCN=17256.1 FROM MIGRAD    STATUS=INITIATE       18 CALLS          19 TOTAL
                     EDM= unknown      STRATEGY= 1      NO ERROR MATRIX       
  EXT PARAMETER               CURRENT GUESS       STEP         FIRST   
  NO.   NAME      VALUE            ERROR          SIZE      DERIVATIVE 
   1  p0           5.58000e+05   1.67400e+05   1.67400e+05  -3.62147e+01
   2  p1           5.65000e-01   1.69500e-01   1.69500e-01  -1.12413e+08
   3  p2           0.00000e+00   3.00000e-01   3.00000e-01   0.00000e+00
   4  p3           9.99871e-04   2.99961e-04   2.99961e-04  -9.68267e+08
                               ERR DEF= 0.5
NO ERROR MATRIX       
 FCN=508.123 FROM MIGRAD    STATUS=PROGRESS       34 CALLS          35 TOTAL
                     EDM=1428.59    STRATEGY= 1      NO ERROR MATRIX       
  EXT PARAMETER               CURRENT GUESS       STEP         FIRST   
  NO.   NAME      VALUE            ERROR          SIZE      DERIVATIVE 
   1  p0           5.58439e+05   1.67400e+05   4.39045e+02  -8.30806e-01
   2  p1           5.65142e-01   1.69500e-01   1.41576e-04  -2.54972e+06
   3  p2           0.00000e+00   3.00000e-01  -0.00000e+00   0.00000e+00
   4  p3           1.00161e-03   2.99961e-04   1.74047e-06   4.18151e+08
                               ERR DEF= 0.5
 FCN=70.1047 FROM MIGRAD    STATUS=PROGRESS      151 CALLS         152 TOTAL
                     EDM=1.62915e-05    STRATEGY= 1  ERROR MATRIX UNCERTAINTY  17.1 per cent
  EXT PARAMETER                APPROXIMATE        STEP         FIRST   
  NO.   NAME      VALUE            ERROR          SIZE      DERIVATIVE 
   1  p0           5.59635e+05   8.90968e+02  -2.66686e+00   2.90453e-04
   2  p1           5.64781e-01   2.86972e-04   8.60214e-07   8.86908e+02
   3  p2           0.00000e+00   4.92607e-04  -0.00000e+00   0.00000e+00
   4  p3           9.99694e-04   7.02316e-08  -8.53603e-11   4.89808e+03
                               ERR DEF= 0.5
 MINUIT WARNING IN MIGRAD  
 ============== Negative diagonal element 1 in Error Matrix
 MINUIT WARNING IN MIGRAD  
 ============== Negative diagonal element 2 in Error Matrix
 MINUIT WARNING IN MIGRAD  
 ============== 2.47247e+06 added to diagonal of error matrix
 EIGENVALUES OF SECOND-DERIVATIVE MATRIX:
         9.9949e-01  1.0000e+00  1.0000e+00  1.0005e+00
 MIGRAD FAILS TO FIND IMPROVEMENT
   START COVARIANCE MATRIX CALCULATION.
 EIGENVALUES OF SECOND-DERIVATIVE MATRIX:
         2.1044e-03  8.2445e-01  1.0011e+00  2.1723e+00
 COVARIANCE MATRIX CALCULATED SUCCESSFULLY
 FCN=70.1047 FROM HESSE     STATUS=OK             25 CALLS         188 TOTAL
                     EDM=1.0863e-06    STRATEGY= 1      ERROR MATRIX ACCURATE 
  EXT PARAMETER                                   STEP         FIRST   
  NO.   NAME      VALUE            ERROR          SIZE      DERIVATIVE 
   1  p0           5.59635e+05   7.87464e+01   2.66855e-01   2.86177e-04
   2  p1           5.64781e-01   2.54793e-05   2.69309e-07   8.90994e+02
   3  p2           0.00000e+00   9.12477e-03   5.66438e-05   0.00000e+00
   4  p3           9.99694e-04   6.65841e-08   4.76691e-10   5.82208e+03
                               ERR DEF= 0.5
 PARAMETER  CORRELATION COEFFICIENTS  
       NO.  GLOBAL      1      2      3      4
        1  0.99788   1.000 -0.998  0.203  0.283
        2  0.99791  -0.998  1.000 -0.203 -0.304
        3  0.20483   0.203 -0.203  1.000  0.082
        4  0.42437   0.283 -0.304  0.082  1.000
 MIGRAD FAILS TO FIND IMPROVEMENT
 MIGRAD MINIMIZATION HAS CONVERGED.
 FCN=70.1047 FROM MIGRAD    STATUS=CONVERGED     188 CALLS         189 TOTAL
                     EDM=1.0863e-06    STRATEGY= 1      ERROR MATRIX ACCURATE 
  EXT PARAMETER                                   STEP         FIRST   
  NO.   NAME      VALUE            ERROR          SIZE      DERIVATIVE 
   1  p0           5.59635e+05   7.87464e+01   0.00000e+00   2.86177e-04
   2  p1           5.64781e-01   2.54793e-05  -0.00000e+00   8.90994e+02
   3  p2           0.00000e+00   9.12477e-03  -0.00000e+00   0.00000e+00
   4  p3           9.99694e-04   6.65841e-08   0.00000e+00   5.82208e+03
                               ERR DEF= 0.5
 EXTERNAL ERROR MATRIX.    NDIM=  25    NPAR=  4    ERR DEF=0.5
  6.201e+03 -2.002e-03  1.459e-01  1.486e-06 
 -2.002e-03  6.492e-10 -4.709e-08 -5.162e-13 
  1.459e-01 -4.709e-08  8.326e-05  4.990e-11 
  1.486e-06 -5.162e-13  4.990e-11  4.433e-15 
 PARAMETER  CORRELATION COEFFICIENTS  
       NO.  GLOBAL      1      2      3      4
        1  0.99788   1.000 -0.998  0.203  0.283
        2  0.99791  -0.998  1.000 -0.203 -0.304
        3  0.20483   0.203 -0.203  1.000  0.082
        4  0.42437   0.283 -0.304  0.082  1.000
 EXTERNAL ERROR MATRIX.    NDIM=   4    NPAR=  4    ERR DEF=0.5
  6.201e+03 -2.002e-03  1.459e-01  1.486e-06 
 -2.002e-03  6.492e-10 -4.709e-08 -5.162e-13 
  1.459e-01 -4.709e-08  8.326e-05  4.990e-11 
  1.486e-06 -5.162e-13  4.990e-11  4.433e-15 
 FCN=70.1047 FROM MIGRAD    STATUS=CONVERGED     188 CALLS         189 TOTAL
                     EDM=1.0863e-06    STRATEGY= 1      ERROR MATRIX ACCURATE 
  EXT PARAMETER                  PARABOLIC         MINOS ERRORS        
  NO.   NAME      VALUE            ERROR      NEGATIVE      POSITIVE   
   1  p0           5.59635e+05   7.87464e+01                            
   2  p1           5.64781e-01   2.54793e-05                            
   3  p2           0.00000e+00   9.12477e-03                            
   4  p3           9.99694e-04   6.65841e-08                            
                               ERR DEF= 0.5
------------------------------------------
Enering ROOFIt-------
 PARAMETER DEFINITIONS:
    NO.   NAME         VALUE      STEP SIZE      LIMITS
     1 norm         5.59635e+05  1.00000e-01     no limits
     2 Q            5.65000e-01  1.00000e-01     no limits
     3 theta        0.00000e+00  1.00000e-01     no limits
     4 pileup       9.99694e-04  1.00000e-01     no limits
 **********
 **    1 **MIGRAD
 **********
 FIRST CALL TO USER FUNCTION AT NEW START POINT, WITH IFLAG=4.
 START MIGRAD MINIMIZATION.  STRATEGY  1.  CONVERGENCE WHEN EDM .LT. 1.00e-04
 FCN=-2.37859e+11 FROM MIGRAD    STATUS=INITIATE       14 CALLS          15 TOTAL
                     EDM= unknown      STRATEGY= 1      NO ERROR MATRIX       
  EXT PARAMETER               CURRENT GUESS       STEP         FIRST   
  NO.   NAME      VALUE            ERROR          SIZE      DERIVATIVE 
   1  norm         5.59635e+05   1.00000e-01   1.00000e-01   2.58992e+01
   2  Q            5.65000e-01   1.00000e-01   1.00000e-01   4.03478e+08
   3  theta        0.00000e+00   1.00000e-01   1.00000e-01   0.00000e+00
   4  pileup       9.99694e-04   1.00000e-01   1.00000e-01  -9.17123e+11
 MIGRAD FAILS TO FIND IMPROVEMENT
 EIGENVALUES OF SECOND-DERIVATIVE MATRIX:
        -2.0071e+00  1.3497e-01  9.1614e-01  4.9560e+00
 MINUIT WARNING IN HESSE   
 ============== MATRIX FORCED POS-DEF BY ADDING 2.012078 TO DIAGONAL.
 FCN=-2.37859e+11 FROM HESSE     STATUS=NOT POSDEF     27 CALLS          53 TOTAL
                     EDM=349336    STRATEGY= 1      ERR MATRIX NOT POS-DEF
  EXT PARAMETER                APPROXIMATE        STEP         FIRST   
  NO.   NAME      VALUE            ERROR          SIZE      DERIVATIVE 
   1  norm         5.59635e+05   3.10650e+01   2.66855e+00   2.58993e+01
   2  Q            5.65000e-01   3.59079e-06   1.00000e-03   8.06356e+07
   3  theta        0.00000e+00   2.61099e-02   1.00000e-01   0.00000e+00
   4  pileup       9.99694e-04   1.36208e-07   1.00000e-02   7.26069e+08
 MIGRAD FAILS TO FIND IMPROVEMENT
 MACHINE ACCURACY LIMITS FURTHER IMPROVEMENT.
 MIGRAD MINIMIZATION HAS CONVERGED.
 MIGRAD WILL VERIFY CONVERGENCE AND ERROR MATRIX.
 COVARIANCE MATRIX CALCULATED SUCCESSFULLY
 MIGRAD TERMINATED WITHOUT CONVERGENCE.
 FCN=-2.37859e+11 FROM MIGRAD    STATUS=FAILED        200 CALLS         201 TOTAL
                     EDM=447.089    STRATEGY= 1      ERR MATRIX APPROXIMATE
  EXT PARAMETER                APPROXIMATE        STEP         FIRST   
  NO.   NAME      VALUE            ERROR          SIZE      DERIVATIVE 
   1  norm         5.59024e+05   8.68200e+00   1.72606e+03   2.55071e+00
   2  Q            5.65004e-01   5.85488e-07   5.54689e-04   7.93244e+06
   3  theta       -2.71374e-02   6.95173e-04   1.21724e-01   4.54396e+03
   4  pileup       1.00068e-03   1.05952e-07   2.09985e-05   2.30480e+08
 EXTERNAL ERROR MATRIX.    NDIM=  25    NPAR=  4    ERR DEF=1
  7.538e+01 -2.044e-06  2.531e-04 -4.795e-08 
 -2.044e-06  3.428e-13  1.668e-10 -2.704e-14 
  2.531e-04  1.668e-10  4.833e-07 -1.922e-12 
 -4.795e-08 -2.704e-14 -1.922e-12  1.123e-14 
ERR MATRIX APPROXIMATE
 PARAMETER  CORRELATION COEFFICIENTS  
       NO.  GLOBAL      1      2      3      4
        1  0.55048   1.000 -0.402  0.042 -0.052
        2  0.73765  -0.402  1.000  0.410 -0.436
        3  0.52626   0.042  0.410  1.000 -0.026
        4  0.55441  -0.052 -0.436 -0.026  1.000
 ERR MATRIX APPROXIMATE
 **********
 **    2 **MIGRAD 
 **********
 START MIGRAD MINIMIZATION.  STRATEGY  1.  CONVERGENCE WHEN EDM .LT. 1.00e-04
 FCN=-2.37859e+11 FROM MIGRAD    STATUS=INITIATE        8 CALLS         209 TOTAL
                     EDM=350.15    STRATEGY= 1      ERR MATRIX APPROXIMATE
  EXT PARAMETER                APPROXIMATE        STEP         FIRST   
  NO.   NAME      VALUE            ERROR          SIZE      DERIVATIVE 
   1  norm         5.59024e+05   8.68200e+00   1.72606e+03   2.48869e+00
   2  Q            5.65004e-01   5.85488e-07   5.54689e-04   7.93237e+06
   3  theta       -2.71374e-02   6.95173e-04   1.21724e-01  -3.76441e+04
   4  pileup       1.00068e-03   1.05952e-07   2.09985e-05   2.25975e+08
 MIGRAD FAILS TO FIND IMPROVEMENT
 MACHINE ACCURACY LIMITS FURTHER IMPROVEMENT.
 MIGRAD MINIMIZATION HAS CONVERGED.
 FCN=-2.37859e+11 FROM MIGRAD    STATUS=CONVERGED     144 CALLS         345 TOTAL
                     EDM=2.83682    STRATEGY= 1  ERROR MATRIX UNCERTAINTY   0.5 per cent
  EXT PARAMETER                                   STEP         FIRST   
  NO.   NAME      VALUE            ERROR          SIZE      DERIVATIVE 
   1  norm         5.58941e+05   7.96727e+00  -0.00000e+00   6.66295e-02
   2  Q            5.65011e-01   1.96428e-09   0.00000e+00   3.99445e+05
   3  theta       -1.90300e-02   1.11447e-05   0.00000e+00  -1.63853e+05
   4  pileup       9.99847e-04   9.64249e-08   0.00000e+00  -2.08346e+07
 EXTERNAL ERROR MATRIX.    NDIM=  25    NPAR=  4    ERR DEF=1
  6.348e+01 -5.047e-10 -2.863e-06 -2.579e-07 
 -5.047e-10  3.858e-18  2.188e-14  1.852e-17 
 -2.863e-06  2.188e-14  1.242e-10  1.051e-13 
 -2.579e-07  1.852e-17  1.051e-13  9.298e-15 
 PARAMETER  CORRELATION COEFFICIENTS  
       NO.  GLOBAL      1      2      3      4
        1  0.33569   1.000 -0.032 -0.032 -0.336
        2  0.99959  -0.032  1.000  1.000  0.098
        3  0.99959  -0.032  1.000  1.000  0.098
        4  0.34679  -0.336  0.098  0.098  1.000
status of the fit-----000------0
1  558941
2  0.565011
3  -0.01903
4  0.000999847
 **********
 **    7 **SET PRINT           2
 **********
 **********
 **    8 **SET NOGRAD
 **********
 PARAMETER DEFINITIONS:
    NO.   NAME         VALUE      STEP SIZE      LIMITS
     1 p0           5.58000e+05  1.67400e+05     no limits
     2 p1           5.65000e-01  1.69500e-01     no limits
     3 p2           0.00000e+00  3.00000e-01     no limits
     4 p3           9.99871e-04  2.99961e-04     no limits
 **********
 **    9 **SET ERR         0.5
 **********
 **********
 **   10 **SET PRINT           2
 **********
 **********
 **   11 **SET STR           1
 **********
 NOW USING STRATEGY  1: TRY TO BALANCE SPEED AGAINST RELIABILITY
 **********
 **   12 **MIGRAD        1480        0.01
 **********
 FIRST CALL TO USER FUNCTION AT NEW START POINT, WITH IFLAG=4.
 START MIGRAD MINIMIZATION.  STRATEGY  1.  CONVERGENCE WHEN EDM .LT. 1.00e-05
 FCN=17454.1 FROM MIGRAD    STATUS=INITIATE       18 CALLS          19 TOTAL
                     EDM= unknown      STRATEGY= 1      NO ERROR MATRIX       
  EXT PARAMETER               CURRENT GUESS       STEP         FIRST   
  NO.   NAME      VALUE            ERROR          SIZE      DERIVATIVE 
   1  p0           5.58000e+05   1.67400e+05   1.67400e+05  -3.64040e+01
   2  p1           5.65000e-01   1.69500e-01   1.69500e-01  -1.12998e+08
   3  p2           0.00000e+00   3.00000e-01   3.00000e-01   0.00000e+00
   4  p3           9.99871e-04   2.99961e-04   2.99961e-04  -9.74651e+08
                               ERR DEF= 0.5
NO ERROR MATRIX       
 FCN=530.136 FROM MIGRAD    STATUS=PROGRESS       34 CALLS          35 TOTAL
                     EDM=1439.79    STRATEGY= 1      NO ERROR MATRIX       
  EXT PARAMETER               CURRENT GUESS       STEP         FIRST   
  NO.   NAME      VALUE            ERROR          SIZE      DERIVATIVE 
   1  p0           5.58441e+05   1.67400e+05   4.41307e+02  -8.35518e-01
   2  p1           5.65142e-01   1.69500e-01   1.42303e-04  -2.56159e+06
   3  p2           0.00000e+00   3.00000e-01  -0.00000e+00   0.00000e+00
   4  p3           1.00162e-03   2.99961e-04   1.75183e-06   4.19759e+08
                               ERR DEF= 0.5
 FCN=87.2849 FROM MIGRAD    STATUS=PROGRESS      144 CALLS         145 TOTAL
                     EDM=0.0395846    STRATEGY= 1  ERROR MATRIX UNCERTAINTY  17.2 per cent
  EXT PARAMETER                APPROXIMATE        STEP         FIRST   
  NO.   NAME      VALUE            ERROR          SIZE      DERIVATIVE 
   1  p0           5.60340e+05   1.06705e+03   1.23678e+01   5.09035e-03
   2  p1           5.64557e-01   3.42225e-04  -3.96937e-06   1.65223e+04
   3  p2           0.00000e+00   4.91422e-04  -0.00000e+00   0.00000e+00
   4  p3           9.99710e-04   6.69023e-08   3.16660e-10  -1.67455e+05
                               ERR DEF= 0.5
 MINUIT WARNING IN MIGRAD  
 ============== Negative diagonal element 1 in Error Matrix
 MINUIT WARNING IN MIGRAD  
 ============== Negative diagonal element 2 in Error Matrix
 MINUIT WARNING IN MIGRAD  
 ============== 477694 added to diagonal of error matrix
 EIGENVALUES OF SECOND-DERIVATIVE MATRIX:
         9.9978e-01  1.0000e+00  1.0000e+00  1.0002e+00
 MIGRAD FAILS TO FIND IMPROVEMENT
   START COVARIANCE MATRIX CALCULATION.
 EIGENVALUES OF SECOND-DERIVATIVE MATRIX:
        -1.9059e-03  7.2317e-01  1.0534e+00  2.2254e+00
 MINUIT WARNING IN HESSE   
 ============== MATRIX FORCED POS-DEF BY ADDING 0.004131 TO DIAGONAL.
 FCN=87.2624 FROM HESSE     STATUS=NOT POSDEF     25 CALLS         259 TOTAL
                     EDM=0.000104938    STRATEGY= 1      ERR MATRIX NOT POS-DEF
  EXT PARAMETER                APPROXIMATE        STEP         FIRST   
  NO.   NAME      VALUE            ERROR          SIZE      DERIVATIVE 
   1  p0           5.60517e+05   7.73113e+01   2.67275e-01  -2.45680e-03
   2  p1           5.64500e-01   2.46474e-05   2.69174e-07  -7.51429e+03
   3  p2           0.00000e+00   8.22417e-03   3.76494e-05   0.00000e+00
   4  p3           9.99715e-04   7.17630e-08   4.76701e-10   8.57607e+03
                               ERR DEF= 0.5
 PARAMETER  CORRELATION COEFFICIENTS  
       NO.  GLOBAL      1      2      3      4
        1  0.99779   1.000 -0.997 -0.304 -0.139
        2  0.99778  -0.997  1.000  0.307  0.113
        3  0.33680  -0.304  0.307  1.000 -0.101
        4  0.40709  -0.139  0.113 -0.101  1.000
 ERR MATRIX NOT POS-DEF
 FCN=87.2623 FROM MIGRAD    STATUS=PROGRESS      267 CALLS         268 TOTAL
                     EDM=8.11894e-06    STRATEGY= 1      ERR MATRIX NOT POS-DEF
  EXT PARAMETER                APPROXIMATE        STEP         FIRST   
  NO.   NAME      VALUE            ERROR          SIZE      DERIVATIVE 
   1  p0           5.60517e+05   7.73113e+01   4.09076e-01  -8.53414e-06
   2  p1           5.64500e-01   2.46474e-05  -1.06318e-07   1.34151e+02
   3  p2          -6.61612e-06   8.22417e-03  -6.61612e-06  -2.01180e-01
   4  p3           9.99715e-04   7.17630e-08  -4.38426e-10  -2.94987e+04
                               ERR DEF= 0.5
 MINUIT WARNING IN MIGRAD  
 ============== Negative diagonal element 1 in Error Matrix
 MINUIT WARNING IN MIGRAD  
 ============== Negative diagonal element 2 in Error Matrix
 MINUIT WARNING IN MIGRAD  
 ============== 3110.16 added to diagonal of error matrix
 EIGENVALUES OF SECOND-DERIVATIVE MATRIX:
         9.9990e-01  1.0000e+00  1.0000e+00  1.0001e+00
 MIGRAD FAILS TO FIND IMPROVEMENT
 MIGRAD TERMINATED WITHOUT CONVERGENCE.
 FCN=87.2623 FROM MIGRAD    STATUS=FAILED        305 CALLS         306 TOTAL
                     EDM=77.3264    STRATEGY= 1      ERR MATRIX NOT POS-DEF
  EXT PARAMETER                APPROXIMATE        STEP         FIRST   
  NO.   NAME      VALUE            ERROR          SIZE      DERIVATIVE 
   1  p0           5.60519e+05   7.07107e-01   0.00000e+00   1.03921e-03
   2  p1           5.64499e-01   3.94345e+01   0.00000e+00  -1.85430e+06
   3  p2           1.20609e-06   3.94345e+01  -0.00000e+00   1.87127e-02
   4  p3           9.99715e-04   3.94345e+01  -0.00000e+00   8.68857e+04
                               ERR DEF= 0.5
 EXTERNAL ERROR MATRIX.    NDIM=  25    NPAR=  4    ERR DEF=0.5
  5.000e-01  4.989e-04  2.651e-03 -4.927e-07 
  4.989e-04  1.555e+03 -6.912e-10  8.992e-14 
  2.651e-03 -6.912e-10  1.555e+03 -1.653e-10 
 -4.927e-07  8.992e-14 -1.653e-10  1.555e+03 
ERR MATRIX NOT POS-DEF
 PARAMETER  CORRELATION COEFFICIENTS  
       NO.  GLOBAL      1      2      3      4
        1  0.00010   1.000  0.000  0.000 -0.000
        2  0.00002   0.000  1.000 -0.000  0.000
        3  0.00010   0.000 -0.000  1.000 -0.000
        4  0.00000  -0.000  0.000 -0.000  1.000
 ERR MATRIX NOT POS-DEF
 FCN=87.2623 FROM MIGRAD    STATUS=FAILED        305 CALLS         306 TOTAL
                     EDM=77.3264    STRATEGY= 1      ERR MATRIX NOT POS-DEF
  EXT PARAMETER                  PARABOLIC         MINOS ERRORS        
  NO.   NAME      VALUE            ERROR      NEGATIVE      POSITIVE   
   1  p0           5.60519e+05   7.07107e-01                            
   2  p1           5.64499e-01   3.94345e+01                            
   3  p2           1.20609e-06   3.94345e+01                            
   4  p3           9.99715e-04   3.94345e+01                            
                               ERR DEF= 0.5
 **********
 **   13 **SET PRINT           2
 **********
 **********
 **   14 **SET NOGRAD
 **********
 PARAMETER DEFINITIONS:
    NO.   NAME         VALUE      STEP SIZE      LIMITS
     1 p0           5.60519e+05  7.07107e-01     no limits
     2 p1           5.64499e-01  3.94345e+01     no limits
     3 p2           1.20609e-06  3.94345e+01     no limits
     4 p3           9.99715e-04  3.94345e+01     no limits
 **********
 **   15 **SET ERR         0.5
 **********
 **********
 **   16 **SET PRINT           2
 **********
 **********
 **   17 **SET STR           1
 **********
 NOW USING STRATEGY  1: TRY TO BALANCE SPEED AGAINST RELIABILITY
 **********
 **   18 **MIGRAD        1480        0.01
 **********
 FIRST CALL TO USER FUNCTION AT NEW START POINT, WITH IFLAG=4.
 START MIGRAD MINIMIZATION.  STRATEGY  1.  CONVERGENCE WHEN EDM .LT. 1.00e-05
 FCN=87.2623 FROM MIGRAD    STATUS=INITIATE       20 CALLS          21 TOTAL
                     EDM= unknown      STRATEGY= 1      NO ERROR MATRIX       
  EXT PARAMETER               CURRENT GUESS       STEP         FIRST   
  NO.   NAME      VALUE            ERROR          SIZE      DERIVATIVE 
   1  p0           5.60519e+05   7.07107e-01   7.07107e-01   1.03921e-03
   2  p1           5.64499e-01   3.94345e+01   3.94345e+01  -3.91051e+09
   3  p2           1.20609e-06   3.94345e+01   3.94345e+01   4.20132e-02
   4  p3           9.99715e-04   3.94345e+01   3.94345e+01  -3.87094e+13
                               ERR DEF= 0.5
NO ERROR MATRIX       
 MIGRAD FAILS TO FIND IMPROVEMENT
   START COVARIANCE MATRIX CALCULATION.
 EIGENVALUES OF SECOND-DERIVATIVE MATRIX:
         1.5548e-01  8.3665e-01  9.9801e-01  2.0099e+00
 COVARIANCE MATRIX CALCULATED SUCCESSFULLY
 FCN=87.2623 FROM HESSE     STATUS=OK             29 CALLS          61 TOTAL
                     EDM=2.76333    STRATEGY= 1      ERROR MATRIX ACCURATE 
  EXT PARAMETER                                   STEP         FIRST   
  NO.   NAME      VALUE            ERROR          SIZE      DERIVATIVE 
   1  p0           5.60519e+05   9.56656e+00   2.67276e-01   1.03748e-03
   2  p1           5.64499e-01   6.32338e-07   3.94345e-03  -3.70539e+06
   3  p2           1.20609e-06   6.18764e-03   3.94345e-03   4.13552e-01
   4  p3           9.99715e-04   7.12149e-09   3.94345e-03   7.25661e+04
                               ERR DEF= 0.5
 PARAMETER  CORRELATION COEFFICIENTS  
       NO.  GLOBAL      1      2      3      4
        1  0.84323   1.000 -0.830  0.008 -0.008
        2  0.84792  -0.830  1.000  0.166 -0.009
        3  0.31026   0.008  0.166  1.000  0.006
        4  0.03190  -0.008 -0.009  0.006  1.000
 FCN=87.2623 FROM MIGRAD    STATUS=PROGRESS       77 CALLS          78 TOTAL
                     EDM=0.689944    STRATEGY= 1      ERROR MATRIX ACCURATE 
  EXT PARAMETER                                   STEP         FIRST   
  NO.   NAME      VALUE            ERROR          SIZE      DERIVATIVE 
   1  p0           5.60519e+05   9.56656e+00  -3.60036e-02   1.40933e-05
   2  p1           5.64499e-01   6.32338e-07   2.86226e-09  -1.85772e+06
   3  p2           5.80292e-06   6.18764e-03   4.59682e-06   1.35790e-01
   4  p3           9.99715e-04   7.12149e-09  -2.81692e-13   5.69759e+04
                               ERR DEF= 0.5
 MIGRAD FAILS TO FIND IMPROVEMENT
 MIGRAD TERMINATED WITHOUT CONVERGENCE.
 FCN=87.2623 FROM MIGRAD    STATUS=FAILED        100 CALLS         101 TOTAL
                     EDM=0.00714342    STRATEGY= 1  ERROR MATRIX UNCERTAINTY  28.1 per cent
  EXT PARAMETER                APPROXIMATE        STEP         FIRST   
  NO.   NAME      VALUE            ERROR          SIZE      DERIVATIVE 
   1  p0           5.60519e+05   5.33186e+00  -0.00000e+00   2.46535e-05
   2  p1           5.64499e-01   9.07002e-07   0.00000e+00  -1.85767e+06
   3  p2           8.69779e-06   5.90071e-03   0.00000e+00   2.15765e-01
   4  p3           9.99715e-04   7.18785e-09  -0.00000e+00   6.07717e+04
                               ERR DEF= 0.5
 EXTERNAL ERROR MATRIX.    NDIM=  25    NPAR=  4    ERR DEF=0.5
  2.843e+01 -1.782e-06 -1.463e-02  2.708e-10 
 -1.782e-06  8.227e-13  5.307e-09 -9.605e-16 
 -1.463e-02  5.307e-09  3.482e-05 -8.361e-12 
  2.708e-10 -9.605e-16 -8.361e-12  5.167e-17 
ERR MATRIX APPROXIMATE
 PARAMETER  CORRELATION COEFFICIENTS  
       NO.  GLOBAL      1      2      3      4
        1  0.93521   1.000 -0.368 -0.465  0.007
        2  0.99884  -0.368  1.000  0.992 -0.147
        3  0.99897  -0.465  0.992  1.000 -0.197
        4  0.78923   0.007 -0.147 -0.197  1.000
 ERR MATRIX APPROXIMATE
 FCN=87.2623 FROM MIGRAD    STATUS=FAILED        100 CALLS         101 TOTAL
                     EDM=0.00714342    STRATEGY= 1  ERROR MATRIX UNCERTAINTY  28.1 per cent
  EXT PARAMETER                  PARABOLIC         MINOS ERRORS        
  NO.   NAME      VALUE            ERROR      NEGATIVE      POSITIVE   
   1  p0           5.60519e+05   5.33186e+00                            
   2  p1           5.64499e-01   9.07002e-07                            
   3  p2           8.69779e-06   5.90071e-03                            
   4  p3           9.99715e-04   7.18785e-09                            
                               ERR DEF= 0.5
 **********
 **   19 **SET PRINT           2
 **********
 **********
 **   20 **SET NOGRAD
 **********
 PARAMETER DEFINITIONS:
    NO.   NAME         VALUE      STEP SIZE      LIMITS
     1 p0           5.60519e+05  5.33186e+00     no limits
     2 p1           5.64499e-01  9.07002e-07     no limits
     3 p2           8.69779e-06  5.90071e-03     no limits
     4 p3           9.99715e-04  7.18785e-09     no limits
 **********
 **   21 **SET ERR         0.5
 **********
 **********
 **   22 **SET PRINT           2
 **********
 **********
 **   23 **SET STR           1
 **********
 NOW USING STRATEGY  1: TRY TO BALANCE SPEED AGAINST RELIABILITY
 **********
 **   24 **MIGRAD        1480        0.01
 **********
 FIRST CALL TO USER FUNCTION AT NEW START POINT, WITH IFLAG=4.
 START MIGRAD MINIMIZATION.  STRATEGY  1.  CONVERGENCE WHEN EDM .LT. 1.00e-05
 FCN=87.2623 FROM MIGRAD    STATUS=INITIATE       10 CALLS          11 TOTAL
                     EDM= unknown      STRATEGY= 1      NO ERROR MATRIX       
  EXT PARAMETER               CURRENT GUESS       STEP         FIRST   
  NO.   NAME      VALUE            ERROR          SIZE      DERIVATIVE 
   1  p0           5.60519e+05   5.33186e+00   5.33186e+00   2.46535e-05
   2  p1           5.64499e-01   9.07002e-07   9.07002e-07  -1.85767e+06
   3  p2           8.69779e-06   5.90071e-03   5.90071e-03   2.00414e-01
   4  p3           9.99715e-04   7.18785e-09   7.18785e-09   6.07717e+04
                               ERR DEF= 0.5
NO ERROR MATRIX       
 FCN=87.2623 FROM MIGRAD    STATUS=PROGRESS       29 CALLS          30 TOTAL
                     EDM=0.486943    STRATEGY= 1      NO ERROR MATRIX       
  EXT PARAMETER               CURRENT GUESS       STEP         FIRST   
  NO.   NAME      VALUE            ERROR          SIZE      DERIVATIVE 
   1  p0           5.60519e+05   5.33186e+00  -1.23225e-06   5.68340e-05
   2  p1           5.64499e-01   9.07002e-07   2.48325e-10  -1.85758e+06
   3  p2           8.68381e-06   5.90071e-03  -1.39834e-08   2.44991e-01
   4  p3           9.99715e-04   7.18785e-09  -4.09798e-13   6.23822e+04
                               ERR DEF= 0.5
 MIGRAD FAILS TO FIND IMPROVEMENT
   START COVARIANCE MATRIX CALCULATION.
 EIGENVALUES OF SECOND-DERIVATIVE MATRIX:
         6.6318e-01  9.4653e-01  1.0115e+00  1.3788e+00
 COVARIANCE MATRIX CALCULATED SUCCESSFULLY
 FCN=87.2623 FROM HESSE     STATUS=OK             29 CALLS          70 TOTAL
                     EDM=0.498301    STRATEGY= 1      ERROR MATRIX ACCURATE 
  EXT PARAMETER                                   STEP         FIRST   
  NO.   NAME      VALUE            ERROR          SIZE      DERIVATIVE 
   1  p0           5.60519e+05   5.47605e+00   2.67276e-01   5.47693e-05
   2  p1           5.64499e-01   2.69150e-07   2.69174e-07  -3.70888e+06
   3  p2           8.68381e-06   6.23769e-03   3.92570e-05  -2.50171e-01
   4  p3           9.99715e-04   6.23443e-08   4.76701e-10   5.24571e+04
                               ERR DEF= 0.5
 PARAMETER  CORRELATION COEFFICIENTS  
       NO.  GLOBAL      1      2      3      4
        1  0.34550   1.000 -0.153 -0.016 -0.310
        2  0.16139  -0.153  1.000 -0.000 -0.001
        3  0.05882  -0.016 -0.000  1.000  0.059
        4  0.31802  -0.310 -0.001  0.059  1.000
 FCN=87.2623 FROM MIGRAD    STATUS=PROGRESS       90 CALLS          91 TOTAL
                     EDM=0.125018    STRATEGY= 1      ERROR MATRIX ACCURATE 
  EXT PARAMETER                                   STEP         FIRST   
  NO.   NAME      VALUE            ERROR          SIZE      DERIVATIVE 
   1  p0           5.60519e+05   5.47605e+00  -8.10520e-04   5.31579e-05
   2  p1           5.64499e-01   2.69150e-07   2.61524e-10  -1.85759e+06
   3  p2           8.69201e-06   6.23769e-03   8.20187e-09   2.67338e-01
   4  p3           9.99715e-04   6.23443e-08  -2.72602e-13   5.89560e+04
                               ERR DEF= 0.5
 MIGRAD FAILS TO FIND IMPROVEMENT
 MIGRAD TERMINATED WITHOUT CONVERGENCE.
 FCN=87.2623 FROM MIGRAD    STATUS=FAILED        137 CALLS         138 TOTAL
                     EDM=0.0031896    STRATEGY= 1  ERROR MATRIX UNCERTAINTY   0.3 per cent
  EXT PARAMETER                APPROXIMATE        STEP         FIRST   
  NO.   NAME      VALUE            ERROR          SIZE      DERIVATIVE 
   1  p0           5.60519e+05   5.38704e+00   0.00000e+00   5.58837e-06
   2  p1           5.64499e-01   4.51808e-08   0.00000e+00  -1.86030e+06
   3  p2          -1.73337e-05   6.30316e-03  -0.00000e+00  -4.08770e-01
   4  p3           9.99715e-04   5.81089e-08  -0.00000e+00   5.11948e+03
                               ERR DEF= 0.5
 EXTERNAL ERROR MATRIX.    NDIM=  25    NPAR=  4    ERR DEF=0.5
  2.902e+01  2.777e-08  1.848e-04 -9.432e-08 
  2.777e-08  2.041e-15 -2.314e-10 -1.399e-15 
  1.848e-04 -2.314e-10  3.973e-05  5.165e-12 
 -9.432e-08 -1.399e-15  5.165e-12  3.377e-15 
ERR MATRIX APPROXIMATE
 PARAMETER  CORRELATION COEFFICIENTS  
       NO.  GLOBAL      1      2      3      4
        1  0.33603   1.000  0.114  0.005 -0.301
        2  0.96633   0.114  1.000 -0.813 -0.533
        3  0.95251   0.005 -0.813  1.000  0.014
        4  0.90292  -0.301 -0.533  0.014  1.000
 ERR MATRIX APPROXIMATE
 FCN=87.2623 FROM MIGRAD    STATUS=FAILED        137 CALLS         138 TOTAL
                     EDM=0.0031896    STRATEGY= 1  ERROR MATRIX UNCERTAINTY   0.3 per cent
  EXT PARAMETER                  PARABOLIC         MINOS ERRORS        
  NO.   NAME      VALUE            ERROR      NEGATIVE      POSITIVE   
   1  p0           5.60519e+05   5.38704e+00                            
   2  p1           5.64499e-01   4.51808e-08                            
   3  p2          -1.73337e-05   6.30316e-03                            
   4  p3           9.99715e-04   5.81089e-08                            
                               ERR DEF= 0.5
------------------------------------------
Enering ROOFIt-------
 PARAMETER DEFINITIONS:
    NO.   NAME         VALUE      STEP SIZE      LIMITS
     1 norm         5.60519e+05  1.00000e-01     no limits
     2 Q            5.65000e-01  1.00000e-01     no limits
     3 theta        0.00000e+00  1.00000e-01     no limits
     4 pileup       9.99715e-04  1.00000e-01     no limits
 **********
 **    1 **MIGRAD
 **********
 FIRST CALL TO USER FUNCTION AT NEW START POINT, WITH IFLAG=4.
 START MIGRAD MINIMIZATION.  STRATEGY  1.  CONVERGENCE WHEN EDM .LT. 1.00e-04
 FCN=-2.37861e+11 FROM MIGRAD    STATUS=INITIATE       40 CALLS          41 TOTAL
                     EDM= unknown      STRATEGY= 1      NO ERROR MATRIX       
  EXT PARAMETER               CURRENT GUESS       STEP         FIRST   
  NO.   NAME      VALUE            ERROR          SIZE      DERIVATIVE 
   1  norm         5.60519e+05   1.00000e-01   0.00000e+00   3.73609e+01
   2  Q            5.65000e-01   1.00000e-01   0.00000e+00   1.16109e+08
   3  theta        1.00000e-01   1.00000e-01   1.00000e-01   2.93518e+05
   4  pileup       9.99715e-04   1.00000e-01   0.00000e+00   7.51659e+07
 MIGRAD FAILS TO FIND IMPROVEMENT
 MACHINE ACCURACY LIMITS FURTHER IMPROVEMENT.
 MIGRAD MINIMIZATION HAS CONVERGED.
 FCN=-2.37861e+11 FROM MIGRAD    STATUS=CONVERGED     176 CALLS         177 TOTAL
                     EDM=100.867    STRATEGY= 1  ERROR MATRIX UNCERTAINTY   4.0 per cent
  EXT PARAMETER                                   STEP         FIRST   
  NO.   NAME      VALUE            ERROR          SIZE      DERIVATIVE 
   1  norm         5.58986e+05   7.92648e+00   0.00000e+00   4.47488e-01
   2  Q            5.64996e-01   8.18176e-08  -0.00000e+00   1.59631e+06
   3  theta       -4.14642e-03   4.17481e-04   0.00000e+00  -4.22920e+04
   4  pileup       9.99671e-04   7.89180e-08   0.00000e+00  -1.87389e+07
 EXTERNAL ERROR MATRIX.    NDIM=  25    NPAR=  4    ERR DEF=1
  6.283e+01  1.075e-07  8.658e-04 -3.171e-07 
  1.075e-07  6.694e-15 -5.191e-13 -8.793e-16 
  8.658e-04 -5.191e-13  1.743e-07 -3.780e-12 
 -3.171e-07 -8.793e-16 -3.780e-12  6.228e-15 
 PARAMETER  CORRELATION COEFFICIENTS  
       NO.  GLOBAL      1      2      3      4
        1  0.55657   1.000  0.166  0.262 -0.507
        2  0.18624   0.166  1.000 -0.015 -0.136
        3  0.26885   0.262 -0.015  1.000 -0.115
        4  0.50989  -0.507 -0.136 -0.115  1.000
 **********
 **    2 **MIGRAD 
 **********
 START MIGRAD MINIMIZATION.  STRATEGY  1.  CONVERGENCE WHEN EDM .LT. 1.00e-04
 FCN=-2.37861e+11 FROM MIGRAD    STATUS=INITIATE       12 CALLS         189 TOTAL
                     EDM=361.091    STRATEGY= 1  ERROR MATRIX UNCERTAINTY   4.0 per cent
  EXT PARAMETER                                   STEP         FIRST   
  NO.   NAME      VALUE            ERROR          SIZE      DERIVATIVE 
   1  norm         5.58986e+05   7.92648e+00   0.00000e+00   4.47489e-01
   2  Q            5.64996e-01   8.18176e-08  -0.00000e+00  -3.30297e+08
   3  theta       -4.14642e-03   4.17481e-04   0.00000e+00  -6.15446e+04
   4  pileup       9.99671e-04   7.89180e-08   0.00000e+00  -1.87295e+07
 MIGRAD FAILS TO FIND IMPROVEMENT
 MACHINE ACCURACY LIMITS FURTHER IMPROVEMENT.
 MIGRAD MINIMIZATION HAS CONVERGED.
 FCN=-2.37861e+11 FROM MIGRAD    STATUS=CONVERGED      23 CALLS         200 TOTAL
                     EDM=361.091    STRATEGY= 1  ERROR MATRIX UNCERTAINTY   4.0 per cent
  EXT PARAMETER                                   STEP         FIRST   
  NO.   NAME      VALUE            ERROR          SIZE      DERIVATIVE 
   1  norm         5.58986e+05   7.92648e+00   0.00000e+00   4.47489e-01
   2  Q            5.64996e-01   8.18176e-08   0.00000e+00  -3.30297e+08
   3  theta       -4.14642e-03   4.17481e-04   0.00000e+00  -6.15446e+04
   4  pileup       9.99671e-04   7.89180e-08  -0.00000e+00  -1.87295e+07
 EXTERNAL ERROR MATRIX.    NDIM=  25    NPAR=  4    ERR DEF=1
  6.283e+01  1.075e-07  8.658e-04 -3.171e-07 
  1.075e-07  6.694e-15 -5.191e-13 -8.793e-16 
  8.658e-04 -5.191e-13  1.743e-07 -3.780e-12 
 -3.171e-07 -8.793e-16 -3.780e-12  6.228e-15 
 PARAMETER  CORRELATION COEFFICIENTS  
       NO.  GLOBAL      1      2      3      4
        1  0.55657   1.000  0.166  0.262 -0.507
        2  0.18624   0.166  1.000 -0.015 -0.136
        3  0.26885   0.262 -0.015  1.000 -0.115
        4  0.50989  -0.507 -0.136 -0.115  1.000
status of the fit-----000------0
1  558986
2  0.564996
3  -0.00414642
4  0.000999671
 **********
 **   25 **SET PRINT           2
 **********
 **********
 **   26 **SET NOGRAD
 **********
 PARAMETER DEFINITIONS:
    NO.   NAME         VALUE      STEP SIZE      LIMITS
     1 p0           5.58000e+05  1.67400e+05     no limits
     2 p1           5.65000e-01  1.69500e-01     no limits
     3 p2           0.00000e+00  3.00000e-01     no limits
     4 p3           9.99871e-04  2.99961e-04     no limits
 **********
 **   27 **SET ERR         0.5
 **********
 **********
 **   28 **SET PRINT           2
 **********
 **********
 **   29 **SET STR           1
 **********
 NOW USING STRATEGY  1: TRY TO BALANCE SPEED AGAINST RELIABILITY
 **********
 **   30 **MIGRAD        1480        0.01
 **********
 FIRST CALL TO USER FUNCTION AT NEW START POINT, WITH IFLAG=4.
 START MIGRAD MINIMIZATION.  STRATEGY  1.  CONVERGENCE WHEN EDM .LT. 1.00e-05
 FCN=17204.8 FROM MIGRAD    STATUS=INITIATE       18 CALLS          19 TOTAL
                     EDM= unknown      STRATEGY= 1      NO ERROR MATRIX       
  EXT PARAMETER               CURRENT GUESS       STEP         FIRST   
  NO.   NAME      VALUE            ERROR          SIZE      DERIVATIVE 
   1  p0           5.58000e+05   1.67400e+05   1.67400e+05  -3.61585e+01
   2  p1           5.65000e-01   1.69500e-01   1.69500e-01  -1.12236e+08
   3  p2           0.00000e+00   3.00000e-01   3.00000e-01   0.00000e+00
   4  p3           9.99871e-04   2.99961e-04   2.99961e-04  -9.88790e+08
                               ERR DEF= 0.5
NO ERROR MATRIX       
 FCN=487.001 FROM MIGRAD    STATUS=PROGRESS       34 CALLS          35 TOTAL
                     EDM=1339.89    STRATEGY= 1      NO ERROR MATRIX       
  EXT PARAMETER               CURRENT GUESS       STEP         FIRST   
  NO.   NAME      VALUE            ERROR          SIZE      DERIVATIVE 
   1  p0           5.58438e+05   1.67400e+05   4.37938e+02  -8.22277e-01
   2  p1           5.65141e-01   1.69500e-01   1.41216e-04  -2.52061e+06
   3  p2           0.00000e+00   3.00000e-01  -0.00000e+00   0.00000e+00
   4  p3           1.00165e-03   2.99961e-04   1.77548e-06   4.04518e+08
                               ERR DEF= 0.5
 FCN=73.9085 FROM MIGRAD    STATUS=PROGRESS      147 CALLS         148 TOTAL
                     EDM=0.17823    STRATEGY= 1  ERROR MATRIX UNCERTAINTY  12.8 per cent
  EXT PARAMETER                APPROXIMATE        STEP         FIRST   
  NO.   NAME      VALUE            ERROR          SIZE      DERIVATIVE 
   1  p0           5.60461e+05   7.58558e+02   9.48039e+00  -8.52237e-02
   2  p1           5.64514e-01   2.43279e-04  -3.00034e-06  -2.64874e+05
   3  p2           0.00000e+00   4.92452e-04  -0.00000e+00   0.00000e+00
   4  p3           9.99808e-04   6.74049e-08   6.52628e-11  -2.04208e+06
                               ERR DEF= 0.5
 MINUIT WARNING IN MIGRAD  
 ============== Negative diagonal element 2 in Error Matrix
 MINUIT WARNING IN MIGRAD  
 ============== 1 added to diagonal of error matrix
 EIGENVALUES OF SECOND-DERIVATIVE MATRIX:
         1.0000e+00  1.0000e+00  1.0000e+00  1.0000e+00
 MIGRAD FAILS TO FIND IMPROVEMENT
   START COVARIANCE MATRIX CALCULATION.
 MINUIT WARNING IN HESSE   
 ============== Negative diagonal element 2 in Error Matrix
 MINUIT WARNING IN HESSE   
 ============== 1.00261e+13 added to diagonal of error matrix
 EIGENVALUES OF SECOND-DERIVATIVE MATRIX:
        -2.0272e+05  1.0000e+00  1.0000e+00  2.0272e+05
 MINUIT WARNING IN HESSE   
 ============== MATRIX FORCED POS-DEF BY ADDING 202925.154418 TO DIAGONAL.
 FCN=73.8591 FROM HESSE     STATUS=NOT POSDEF     25 CALLS         235 TOTAL
                     EDM=8.28982e+09    STRATEGY= 1      ERR MATRIX NOT POS-DEF
  EXT PARAMETER                APPROXIMATE        STEP         FIRST   
  NO.   NAME      VALUE            ERROR          SIZE      DERIVATIVE 
   1  p0           5.60508e+05   7.01075e-10   2.67271e-01  -6.84206e-02
   2  p1           5.64499e-01   4.96753e-02   2.69174e-07   2.59207e+06
   3  p2           0.00000e+00   7.01075e-10   3.48274e-05   0.00000e+00
   4  p3           9.99808e-04   3.00732e-09   4.76746e-10  -1.65414e+06
                               ERR DEF= 0.5
 PARAMETER  CORRELATION COEFFICIENTS  
       NO.  GLOBAL      1      2      3      4
        1  0.00000   1.000 -0.000 -0.000  0.000
        2  0.99900  -0.000  1.000  0.000 -0.999
        3  0.00002  -0.000  0.000  1.000 -0.000
        4  0.99900   0.000 -0.999 -0.000  1.000
 ERR MATRIX NOT POS-DEF
 MIGRAD FAILS TO FIND IMPROVEMENT
 MIGRAD TERMINATED WITHOUT CONVERGENCE.
 FCN=73.8591 FROM MIGRAD    STATUS=FAILED        245 CALLS         246 TOTAL
                     EDM=8.28982e+09    STRATEGY= 1      ERR MATRIX NOT POS-DEF
  EXT PARAMETER                APPROXIMATE        STEP         FIRST   
  NO.   NAME      VALUE            ERROR          SIZE      DERIVATIVE 
   1  p0           5.60508e+05   7.01075e-10   0.00000e+00  -6.84206e-02
   2  p1           5.64499e-01   4.96753e-02  -0.00000e+00   2.59207e+06
   3  p2           0.00000e+00   7.01075e-10  -0.00000e+00   0.00000e+00
   4  p3           9.99808e-04   3.00732e-09   0.00000e+00  -1.65414e+06
                               ERR DEF= 0.5
 EXTERNAL ERROR MATRIX.    NDIM=  25    NPAR=  4    ERR DEF=0.5
  4.915e-19 -1.434e-16 -4.756e-29  8.675e-24 
 -1.434e-16  2.468e-03  8.183e-16 -1.492e-10 
 -4.756e-29  8.183e-16  4.915e-19 -4.949e-23 
  8.675e-24 -1.492e-10 -4.949e-23  9.044e-18 
ERR MATRIX NOT POS-DEF
 PARAMETER  CORRELATION COEFFICIENTS  
       NO.  GLOBAL      1      2      3      4
        1  0.00000   1.000 -0.000 -0.000  0.000
        2  0.99900  -0.000  1.000  0.000 -0.999
        3  0.00002  -0.000  0.000  1.000 -0.000
        4  0.99900   0.000 -0.999 -0.000  1.000
 ERR MATRIX NOT POS-DEF
 FCN=73.8591 FROM MIGRAD    STATUS=FAILED        245 CALLS         246 TOTAL
                     EDM=8.28982e+09    STRATEGY= 1      ERR MATRIX NOT POS-DEF
  EXT PARAMETER                  PARABOLIC         MINOS ERRORS        
  NO.   NAME      VALUE            ERROR      NEGATIVE      POSITIVE   
   1  p0           5.60508e+05   7.01075e-10                            
   2  p1           5.64499e-01   4.96753e-02                            
   3  p2           0.00000e+00   7.01075e-10                            
   4  p3           9.99808e-04   3.00732e-09                            
                               ERR DEF= 0.5
 **********
 **   31 **SET PRINT           2
 **********
 **********
 **   32 **SET NOGRAD
 **********
 PARAMETER DEFINITIONS:
    NO.   NAME         VALUE      STEP SIZE      LIMITS
     1 p0           5.60508e+05  7.01075e-10     no limits
     2 p1           5.64499e-01  4.96753e-02     no limits
     3 p2           0.00000e+00  7.01075e-10     no limits
     4 p3           9.99808e-04  3.00732e-09     no limits
 **********
 **   33 **SET ERR         0.5
 **********
 **********
 **   34 **SET PRINT           2
 **********
 **********
 **   35 **SET STR           1
 **********
 NOW USING STRATEGY  1: TRY TO BALANCE SPEED AGAINST RELIABILITY
 **********
 **   36 **MIGRAD        1480        0.01
 **********
 FIRST CALL TO USER FUNCTION AT NEW START POINT, WITH IFLAG=4.
 START MIGRAD MINIMIZATION.  STRATEGY  1.  CONVERGENCE WHEN EDM .LT. 1.00e-05
 FCN=73.1225 FROM MIGRAD    STATUS=INITIATE       73 CALLS          74 TOTAL
                     EDM= unknown      STRATEGY= 1      NO ERROR MATRIX       
  EXT PARAMETER               CURRENT GUESS       STEP         FIRST   
  NO.   NAME      VALUE            ERROR          SIZE      DERIVATIVE 
   1  p0           5.60508e+05   7.01075e-10   0.00000e+00  -8.24305e-02
   2  p1           5.64499e-01   4.96753e-02   0.00000e+00   1.15367e+06
   3  p2           0.00000e+00   7.01075e-10   0.00000e+00   0.00000e+00
   4  p3           9.99808e-04   3.00732e-09   0.00000e+00  -8.33764e+06
                               ERR DEF= 0.5
NO ERROR MATRIX       
 FCN=72.953 FROM MIGRAD    STATUS=PROGRESS       84 CALLS          85 TOTAL
                     EDM=0.555411    STRATEGY= 1      NO ERROR MATRIX       
  EXT PARAMETER               CURRENT GUESS       STEP         FIRST   
  NO.   NAME      VALUE            ERROR          SIZE      DERIVATIVE 
   1  p0           5.60510e+05   7.01075e-10   1.82597e+00   3.02068e-03
   2  p1           5.64499e-01   4.96753e-02  -8.93285e-08   1.73446e+06
   3  p2           0.00000e+00   7.01075e-10  -0.00000e+00   0.00000e+00
   4  p3           9.99833e-04   3.00732e-09   2.53223e-08  -1.80503e+05
                               ERR DEF= 0.5
 MIGRAD FAILS TO FIND IMPROVEMENT
   START COVARIANCE MATRIX CALCULATION.
 EIGENVALUES OF SECOND-DERIVATIVE MATRIX:
         4.2486e-01  8.2358e-01  1.0181e+00  1.7335e+00
 COVARIANCE MATRIX CALCULATED SUCCESSFULLY
 FCN=72.953 FROM HESSE     STATUS=OK             25 CALLS         132 TOTAL
                     EDM=0.000295022    STRATEGY= 1      ERROR MATRIX ACCURATE 
  EXT PARAMETER                                   STEP         FIRST   
  NO.   NAME      VALUE            ERROR          SIZE      DERIVATIVE 
   1  p0           5.60510e+05   5.45103e+00   2.67272e-01   3.53867e-03
   2  p1           5.64499e-01   3.14172e-07   2.69174e-07   1.22152e+04
   3  p2           0.00000e+00   7.11153e-04   9.21352e-07   0.00000e+00
   4  p3           9.99834e-04   7.65598e-08   4.76758e-10  -1.17322e+05
                               ERR DEF= 0.5
 PARAMETER  CORRELATION COEFFICIENTS  
       NO.  GLOBAL      1      2      3      4
        1  0.33551   1.000 -0.036 -0.057 -0.279
        2  0.48202  -0.036  1.000 -0.162 -0.452
        3  0.34934  -0.057 -0.162  1.000  0.347
        4  0.59864  -0.279 -0.452  0.347  1.000
 FCN=72.9528 FROM MIGRAD    STATUS=PROGRESS      141 CALLS         142 TOTAL
                     EDM=0.148765    STRATEGY= 1      ERROR MATRIX ACCURATE 
  EXT PARAMETER                                   STEP         FIRST   
  NO.   NAME      VALUE            ERROR          SIZE      DERIVATIVE 
   1  p0           5.60510e+05   5.45103e+00  -1.04610e-01   4.99657e-04
   2  p1           5.64499e-01   3.14172e-07  -2.00484e-09   1.74144e+06
   3  p2           3.04699e-06   7.11153e-04   3.04699e-06  -3.00077e-01
   4  p3           9.99835e-04   7.65598e-08   1.09213e-09   4.61488e+04
                               ERR DEF= 0.5
 MINUIT WARNING IN MIGRAD  
 ============== Negative diagonal element 2 in Error Matrix
 MINUIT WARNING IN MIGRAD  
 ============== 1 added to diagonal of error matrix
 EIGENVALUES OF SECOND-DERIVATIVE MATRIX:
         9.9996e-01  1.0000e+00  1.0000e+00  1.0000e+00
 MIGRAD FAILS TO FIND IMPROVEMENT
 MIGRAD TERMINATED WITHOUT CONVERGENCE.
 FCN=72.9528 FROM MIGRAD    STATUS=FAILED        152 CALLS         153 TOTAL
                     EDM=0.148765    STRATEGY= 1  ERROR MATRIX UNCERTAINTY   3.7 per cent
  EXT PARAMETER                APPROXIMATE        STEP         FIRST   
  NO.   NAME      VALUE            ERROR          SIZE      DERIVATIVE 
   1  p0           5.60510e+05   5.13525e+00   0.00000e+00   4.99657e-04
   2  p1           5.64499e-01   7.07107e-01  -0.00000e+00   1.74144e+06
   3  p2           3.04699e-06   7.07107e-01   0.00000e+00  -3.00077e-01
   4  p3           9.99835e-04   7.07107e-01  -0.00000e+00   4.61488e+04
                               ERR DEF= 0.5
 EXTERNAL ERROR MATRIX.    NDIM=  25    NPAR=  4    ERR DEF=0.5
  2.637e+01 -6.452e-09 -1.572e-04 -9.102e-08 
 -6.452e-09  5.000e-01  2.273e-13  5.739e-17 
 -1.572e-04  2.273e-13  5.000e-01  1.421e-11 
 -9.102e-08  5.739e-17  1.421e-11  5.000e-01 
ERR MATRIX APPROXIMATE
 PARAMETER  CORRELATION COEFFICIENTS  
       NO.  GLOBAL      1      2      3      4
        1  0.00004   1.000 -0.000 -0.000 -0.000
        2  0.00000  -0.000  1.000  0.000  0.000
        3  0.00004  -0.000  0.000  1.000  0.000
        4  0.00000  -0.000  0.000  0.000  1.000
 ERR MATRIX APPROXIMATE
 FCN=72.9528 FROM MIGRAD    STATUS=FAILED        152 CALLS         153 TOTAL
                     EDM=0.148765    STRATEGY= 1  ERROR MATRIX UNCERTAINTY   3.7 per cent
  EXT PARAMETER                  PARABOLIC         MINOS ERRORS        
  NO.   NAME      VALUE            ERROR      NEGATIVE      POSITIVE   
   1  p0           5.60510e+05   5.13525e+00                            
   2  p1           5.64499e-01   7.07107e-01                            
   3  p2           3.04699e-06   7.07107e-01                            
   4  p3           9.99835e-04   7.07107e-01                            
                               ERR DEF= 0.5
 **********
 **   37 **SET PRINT           2
 **********
 **********
 **   38 **SET NOGRAD
 **********
 PARAMETER DEFINITIONS:
    NO.   NAME         VALUE      STEP SIZE      LIMITS
     1 p0           5.60510e+05  5.13525e+00     no limits
     2 p1           5.64499e-01  7.07107e-01     no limits
     3 p2           3.04699e-06  7.07107e-01     no limits
     4 p3           9.99835e-04  7.07107e-01     no limits
 **********
 **   39 **SET ERR         0.5
 **********
 **********
 **   40 **SET PRINT           2
 **********
 **********
 **   41 **SET STR           1
 **********
 NOW USING STRATEGY  1: TRY TO BALANCE SPEED AGAINST RELIABILITY
 **********
 **   42 **MIGRAD        1480        0.01
 **********
 FIRST CALL TO USER FUNCTION AT NEW START POINT, WITH IFLAG=4.
 START MIGRAD MINIMIZATION.  STRATEGY  1.  CONVERGENCE WHEN EDM .LT. 1.00e-05
 FCN=72.9528 FROM MIGRAD    STATUS=INITIATE       20 CALLS          21 TOTAL
                     EDM= unknown      STRATEGY= 1      NO ERROR MATRIX       
  EXT PARAMETER               CURRENT GUESS       STEP         FIRST   
  NO.   NAME      VALUE            ERROR          SIZE      DERIVATIVE 
   1  p0           5.60510e+05   5.13525e+00   5.13525e+00   4.99657e-04
   2  p1           5.64499e-01   7.07107e-01   7.07107e-01  -1.64413e+10
   3  p2           3.04699e-06   7.07107e-01   7.07107e-01   2.97003e-02
   4  p3           9.99835e-04   7.07107e-01   7.07107e-01  -3.24077e+08
                               ERR DEF= 0.5
NO ERROR MATRIX       
 MIGRAD FAILS TO FIND IMPROVEMENT
   START COVARIANCE MATRIX CALCULATION.
 EIGENVALUES OF SECOND-DERIVATIVE MATRIX:
         6.6230e-01  9.9830e-01  1.0000e+00  1.3394e+00
 COVARIANCE MATRIX CALCULATED SUCCESSFULLY
 FCN=72.9528 FROM HESSE     STATUS=OK             29 CALLS          61 TOTAL
                     EDM=3.67565e-06    STRATEGY= 1      ERROR MATRIX ACCURATE 
  EXT PARAMETER                                   STEP         FIRST   
  NO.   NAME      VALUE            ERROR          SIZE      DERIVATIVE 
   1  p0           5.60510e+05   5.46457e+00   2.67272e-01   5.01087e-04
   2  p1           5.64499e-01   4.63724e-08   7.07107e-05   2.68262e+03
   3  p2           3.04699e-06   7.87651e-03   7.07107e-05   3.64582e-02
   4  p3           9.99835e-04   6.61369e-08   7.07107e-05   2.58540e+04
                               ERR DEF= 0.5
 PARAMETER  CORRELATION COEFFICIENTS  
       NO.  GLOBAL      1      2      3      4
        1  0.33810   1.000 -0.026  0.000 -0.337
        2  0.02820  -0.026  1.000  0.000 -0.000
        3  0.00589   0.000  0.000  1.000  0.005
        4  0.33722  -0.337 -0.000  0.005  1.000
 FCN=72.9528 FROM MIGRAD    STATUS=PROGRESS       74 CALLS          75 TOTAL
                     EDM=0.00325361    STRATEGY= 1      ERROR MATRIX ACCURATE 
  EXT PARAMETER                                   STEP         FIRST   
  NO.   NAME      VALUE            ERROR          SIZE      DERIVATIVE 
   1  p0           5.60510e+05   5.46457e+00  -1.17967e-02   6.24368e-06
   2  p1           5.64499e-01   4.63724e-08  -2.38933e-12   1.73917e+06
   3  p2           7.02227e-07   7.87651e-03  -2.34476e-06  -1.04048e-02
   4  p3           9.99835e-04   6.61369e-08  -5.21480e-11   2.68613e+04
                               ERR DEF= 0.5
 MIGRAD FAILS TO FIND IMPROVEMENT
 MIGRAD TERMINATED WITHOUT CONVERGENCE.
 FCN=72.9528 FROM MIGRAD    STATUS=FAILED         82 CALLS          83 TOTAL
                     EDM=0.00325361    STRATEGY= 1  ERROR MATRIX UNCERTAINTY  18.2 per cent
  EXT PARAMETER                APPROXIMATE        STEP         FIRST   
  NO.   NAME      VALUE            ERROR          SIZE      DERIVATIVE 
   1  p0           5.60510e+05   1.04625e+01  -0.00000e+00   6.24368e-06
   2  p1           5.64499e-01   2.40273e-09  -0.00000e+00   1.73917e+06
   3  p2           7.02227e-07   8.07386e-03  -0.00000e+00  -1.04048e-02
   4  p3           9.99835e-04   7.70139e-08  -0.00000e+00   2.68613e+04
                               ERR DEF= 0.5
 EXTERNAL ERROR MATRIX.    NDIM=  25    NPAR=  4    ERR DEF=0.5
  1.095e+02  2.469e-08  1.585e-02  2.308e-07 
  2.469e-08  5.773e-18  4.884e-12  3.427e-17 
  1.585e-02  4.884e-12  6.519e-05  7.285e-11 
  2.308e-07  3.427e-17  7.285e-11  5.931e-15 
ERR MATRIX APPROXIMATE
 PARAMETER  CORRELATION COEFFICIENTS  
       NO.  GLOBAL      1      2      3      4
        1  0.99053   1.000  0.982  0.188  0.286
        2  0.99034   0.982  1.000  0.252  0.185
        3  0.50943   0.188  0.252  1.000  0.117
        4  0.64826   0.286  0.185  0.117  1.000
 ERR MATRIX APPROXIMATE
 FCN=72.9528 FROM MIGRAD    STATUS=FAILED         82 CALLS          83 TOTAL
                     EDM=0.00325361    STRATEGY= 1  ERROR MATRIX UNCERTAINTY  18.2 per cent
  EXT PARAMETER                  PARABOLIC         MINOS ERRORS        
  NO.   NAME      VALUE            ERROR      NEGATIVE      POSITIVE   
   1  p0           5.60510e+05   1.04625e+01                            
   2  p1           5.64499e-01   2.40273e-09                            
   3  p2           7.02227e-07   8.07386e-03                            
   4  p3           9.99835e-04   7.70139e-08                            
                               ERR DEF= 0.5
------------------------------------------
Enering ROOFIt-------
 PARAMETER DEFINITIONS:
    NO.   NAME         VALUE      STEP SIZE      LIMITS
     1 norm         5.60510e+05  1.00000e-01     no limits
     2 Q            5.65000e-01  1.00000e-01     no limits
     3 theta        0.00000e+00  1.00000e-01     no limits
     4 pileup       9.99835e-04  1.00000e-01     no limits
 **********
 **    1 **MIGRAD
 **********
 FIRST CALL TO USER FUNCTION AT NEW START POINT, WITH IFLAG=4.
 START MIGRAD MINIMIZATION.  STRATEGY  1.  CONVERGENCE WHEN EDM .LT. 1.00e-04
 FCN=-2.37859e+11 FROM MIGRAD    STATUS=INITIATE       40 CALLS          41 TOTAL
                     EDM= unknown      STRATEGY= 1      NO ERROR MATRIX       
  EXT PARAMETER               CURRENT GUESS       STEP         FIRST   
  NO.   NAME      VALUE            ERROR          SIZE      DERIVATIVE 
   1  norm         5.60510e+05   1.00000e-01   0.00000e+00   3.73937e+01
   2  Q            5.65000e-01   1.00000e-01   0.00000e+00   1.16209e+08
   3  theta        1.00000e-01   1.00000e-01   1.00000e-01   2.92798e+05
   4  pileup       9.99835e-04   1.00000e-01   0.00000e+00   8.24849e+07
 MIGRAD FAILS TO FIND IMPROVEMENT
 MACHINE ACCURACY LIMITS FURTHER IMPROVEMENT.
 MIGRAD MINIMIZATION HAS CONVERGED.
 FCN=-2.37859e+11 FROM MIGRAD    STATUS=CONVERGED     276 CALLS         277 TOTAL
                     EDM=1.09341    STRATEGY= 1  ERROR MATRIX UNCERTAINTY   5.8 per cent
  EXT PARAMETER                                   STEP         FIRST   
  NO.   NAME      VALUE            ERROR          SIZE      DERIVATIVE 
   1  norm         5.58963e+05   7.73211e+00   0.00000e+00  -8.98222e-02
   2  Q            5.64995e-01   1.86348e-09  -0.00000e+00  -7.15514e+04
   3  theta       -3.71886e-04   4.22085e-04   0.00000e+00  -3.74751e+03
   4  pileup       9.99885e-04   8.21122e-08   0.00000e+00  -4.37658e+06
 EXTERNAL ERROR MATRIX.    NDIM=  25    NPAR=  4    ERR DEF=1
  5.979e+01 -3.333e-09  7.523e-04 -2.870e-07 
 -3.333e-09  3.473e-18 -7.857e-13 -1.990e-17 
  7.523e-04 -7.857e-13  1.782e-07  4.522e-12 
 -2.870e-07 -1.990e-17  4.522e-12  6.742e-15 
 PARAMETER  CORRELATION COEFFICIENTS  
       NO.  GLOBAL      1      2      3      4
        1  0.53849   1.000 -0.231  0.231 -0.452
        2  0.99890  -0.231  1.000 -0.999 -0.130
        3  0.99890   0.231 -0.999  1.000  0.130
        4  0.51236  -0.452 -0.130  0.130  1.000
 **********
 **    2 **MIGRAD 
 **********
 START MIGRAD MINIMIZATION.  STRATEGY  1.  CONVERGENCE WHEN EDM .LT. 1.00e-04
 FCN=-2.37859e+11 FROM MIGRAD    STATUS=INITIATE       12 CALLS         289 TOTAL
                     EDM=1.04683    STRATEGY= 1  ERROR MATRIX UNCERTAINTY   5.8 per cent
  EXT PARAMETER                                   STEP         FIRST   
  NO.   NAME      VALUE            ERROR          SIZE      DERIVATIVE 
   1  norm         5.58963e+05   7.73211e+00   0.00000e+00  -8.98222e-02
   2  Q            5.64995e-01   1.86348e-09  -0.00000e+00  -4.18496e+08
   3  theta       -3.71886e-04   4.22085e-04   0.00000e+00  -5.60857e+03
   4  pileup       9.99885e-04   8.21122e-08   0.00000e+00  -4.37659e+06
 MIGRAD FAILS TO FIND IMPROVEMENT
 MACHINE ACCURACY LIMITS FURTHER IMPROVEMENT.
 MIGRAD MINIMIZATION HAS CONVERGED.
 FCN=-2.37859e+11 FROM MIGRAD    STATUS=CONVERGED      23 CALLS         300 TOTAL
                     EDM=1.04683    STRATEGY= 1  ERROR MATRIX UNCERTAINTY   5.8 per cent
  EXT PARAMETER                                   STEP         FIRST   
  NO.   NAME      VALUE            ERROR          SIZE      DERIVATIVE 
   1  norm         5.58963e+05   7.73211e+00   0.00000e+00  -8.98222e-02
   2  Q            5.64995e-01   1.86348e-09  -0.00000e+00  -4.18496e+08
   3  theta       -3.71886e-04   4.22085e-04   0.00000e+00  -5.60857e+03
   4  pileup       9.99885e-04   8.21122e-08   0.00000e+00  -4.37659e+06
 EXTERNAL ERROR MATRIX.    NDIM=  25    NPAR=  4    ERR DEF=1
  5.979e+01 -3.333e-09  7.523e-04 -2.870e-07 
 -3.333e-09  3.473e-18 -7.857e-13 -1.990e-17 
  7.523e-04 -7.857e-13  1.782e-07  4.522e-12 
 -2.870e-07 -1.990e-17  4.522e-12  6.742e-15 
 PARAMETER  CORRELATION COEFFICIENTS  
       NO.  GLOBAL      1      2      3      4
        1  0.53849   1.000 -0.231  0.231 -0.452
        2  0.99890  -0.231  1.000 -0.999 -0.130
        3  0.99890   0.231 -0.999  1.000  0.130
        4  0.51236  -0.452 -0.130  0.130  1.000
status of the fit-----000------0
1  558963
2  0.564995
3  -0.000371886
4  0.000999885
