  *******************************************
  *                                         *
  *        W E L C O M E  to  R O O T       *
  *                                         *
  *   Version   5.34/36      5 April 2016   *
  *                                         *
  *  You are welcome to visit our Web site  *
  *          http://root.cern.ch            *
  *                                         *
  *******************************************

ROOT 5.34/36 (v5-34-36@v5-34-36, Apr 05 2016, 10:25:45 on linuxx8664gcc)

CINT/ROOT C/C++ Interpreter version 5.18.00, July 2, 2010
Type ? for help. Commands must be C++ statements.
Enclose multiple statements between { }.
Loading root init file.
The rat/rootinit.C file loaded the DEAP style for you, which is available from the fStyle pointer.
DEAP style applied. 
RAT: Libraries loaded.

Processing /home/fatemigh/projects/rpp-jillings/fatemigh/sterile/Likelihood/LikelihoodSterile_modified6.C+(128)...
pased here
566 lines read from file
31
spec_E  566
Before entering fitting
 **********
 **    1 **SET PRINT           2
 **********
 **********
 **    2 **SET NOGRAD
 **********
 PARAMETER DEFINITIONS:
    NO.   NAME         VALUE      STEP SIZE      LIMITS
     1 p0           5.58000e+05  1.67400e+05     no limits
     2 p1           5.65000e-01  1.69500e-01     no limits
     3 p2           0.00000e+00  3.00000e-01     no limits
     4 p3           9.99871e-04  2.99961e-04     no limits
 **********
 **    3 **SET ERR         0.5
 **********
 **********
 **    4 **SET PRINT           2
 **********
 **********
 **    5 **SET STR           1
 **********
 NOW USING STRATEGY  1: TRY TO BALANCE SPEED AGAINST RELIABILITY
 **********
 **    6 **MIGRAD        1480        0.01
 **********
 FIRST CALL TO USER FUNCTION AT NEW START POINT, WITH IFLAG=4.
 START MIGRAD MINIMIZATION.  STRATEGY  1.  CONVERGENCE WHEN EDM .LT. 1.00e-05
 FCN=17451.2 FROM MIGRAD    STATUS=INITIATE       18 CALLS          19 TOTAL
                     EDM= unknown      STRATEGY= 1      NO ERROR MATRIX       
  EXT PARAMETER               CURRENT GUESS       STEP         FIRST   
  NO.   NAME      VALUE            ERROR          SIZE      DERIVATIVE 
   1  p0           5.58000e+05   1.67400e+05   1.67400e+05  -3.64105e+01
   2  p1           5.65000e-01   1.69500e-01   1.69500e-01  -1.13027e+08
   3  p2           0.00000e+00   3.00000e-01   3.00000e-01   2.09239e+06
   4  p3           9.99871e-04   2.99961e-04   2.99961e-04  -9.97932e+08
                               ERR DEF= 0.5
NO ERROR MATRIX       
 FCN=1326.53 FROM MIGRAD    STATUS=PROGRESS       36 CALLS          37 TOTAL
                     EDM=3963.35    STRATEGY= 1      NO ERROR MATRIX       
  EXT PARAMETER               CURRENT GUESS       STEP         FIRST   
  NO.   NAME      VALUE            ERROR          SIZE      DERIVATIVE 
   1  p0           5.58356e+05   1.67400e+05   3.56024e+02  -2.51659e+00
   2  p1           5.65115e-01   1.69500e-01   1.14812e-04  -7.75543e+06
   3  p2          -2.36501e-03   3.00000e-01  -2.36501e-03  -4.72461e+05
   4  p3           1.00132e-03   2.99961e-04   1.44669e-06   5.01770e+08
                               ERR DEF= 0.5
 MIGRAD MINIMIZATION HAS CONVERGED.
 MIGRAD WILL VERIFY CONVERGENCE AND ERROR MATRIX.
   START COVARIANCE MATRIX CALCULATION.
 EIGENVALUES OF SECOND-DERIVATIVE MATRIX:
        -5.5835e-04  4.0076e-01  7.8012e-01  2.8197e+00
 MINUIT WARNING IN HESSE   
 ============== MATRIX FORCED POS-DEF BY ADDING 0.003378 TO DIAGONAL.
 FCN=82.1327 FROM HESSE     STATUS=NOT POSDEF     31 CALLS         101 TOTAL
                     EDM=5.58677e-06    STRATEGY= 1      ERR MATRIX NOT POS-DEF
  EXT PARAMETER                APPROXIMATE        STEP         FIRST   
  NO.   NAME      VALUE            ERROR          SIZE      DERIVATIVE 
   1  p0           5.58478e+05   6.81693e+01   2.66303e-01   2.49837e-05
   2  p1           5.65154e-01   2.20181e-05   2.69486e-07  -7.53059e+01
   3  p2          -3.70051e-05   8.27053e-05   3.30260e-07   8.95942e+00
   4  p3           9.99761e-04   7.66980e-08   4.76723e-10   4.79332e+03
                               ERR DEF= 0.5
 PARAMETER  CORRELATION COEFFICIENTS  
       NO.  GLOBAL      1      2      3      4
        1  0.99718   1.000 -0.995 -0.091 -0.150
        2  0.99720  -0.995  1.000  0.150  0.140
        3  0.70235  -0.091  0.150  1.000  0.325
        4  0.48936  -0.150  0.140  0.325  1.000
 ERR MATRIX NOT POS-DEF
 FCN=82.1326 FROM MIGRAD    STATUS=PROGRESS      119 CALLS         120 TOTAL
                     EDM=0.000175903    STRATEGY= 1      ERR MATRIX NOT POS-DEF
  EXT PARAMETER                APPROXIMATE        STEP         FIRST   
  NO.   NAME      VALUE            ERROR          SIZE      DERIVATIVE 
   1  p0           5.58472e+05   6.81693e+01  -5.57907e+00  -8.08926e-05
   2  p1           5.65156e-01   2.20181e-05   1.77988e-06  -3.83748e+02
   3  p2          -3.79622e-05   8.27053e-05  -9.57014e-07  -2.26816e+02
   4  p3           9.99761e-04   7.66980e-08  -2.34199e-10   5.80252e+04
                               ERR DEF= 0.5
 MIGRAD FAILS TO FIND IMPROVEMENT
 MIGRAD MINIMIZATION HAS CONVERGED.
 MIGRAD WILL VERIFY CONVERGENCE AND ERROR MATRIX.
   START COVARIANCE MATRIX CALCULATION.
 EIGENVALUES OF SECOND-DERIVATIVE MATRIX:
         1.3343e-03  4.0298e-01  8.5597e-01  2.7397e+00
 COVARIANCE MATRIX CALCULATED SUCCESSFULLY
 MIGRAD TERMINATED WITHOUT CONVERGENCE.
 FCN=82.1301 FROM MIGRAD    STATUS=FAILED        235 CALLS         236 TOTAL
                     EDM=9.44435e-05    STRATEGY= 1      ERR MATRIX APPROXIMATE
  EXT PARAMETER                APPROXIMATE        STEP         FIRST   
  NO.   NAME      VALUE            ERROR          SIZE      DERIVATIVE 
   1  p0           5.58372e+05   9.89626e+01   2.66252e-01   7.53626e-05
   2  p1           5.65188e-01   3.19466e-05   2.69503e-07  -3.46716e+00
   3  p2          -3.11985e-05   7.37420e-05   3.15063e-07   7.78386e+01
   4  p3           9.99762e-04   7.16512e-08   4.76723e-10  -1.48842e+03
                               ERR DEF= 0.5
 EXTERNAL ERROR MATRIX.    NDIM=  25    NPAR=  4    ERR DEF=0.5
  9.794e+03 -3.155e-03  4.178e-04  1.030e-06 
 -3.155e-03  1.021e-09 -5.266e-11 -3.381e-13 
  4.178e-04 -5.266e-11  5.438e-09  2.136e-12 
  1.030e-06 -3.381e-13  2.136e-12  5.134e-15 
ERR MATRIX APPROXIMATE
 PARAMETER  CORRELATION COEFFICIENTS  
       NO.  GLOBAL      1      2      3      4
        1  0.99866   1.000 -0.998  0.057  0.145
        2  0.99867  -0.998  1.000 -0.022 -0.148
        3  0.68556   0.057 -0.022  1.000  0.404
        4  0.51963   0.145 -0.148  0.404  1.000
 ERR MATRIX APPROXIMATE
 FCN=82.1301 FROM MIGRAD    STATUS=FAILED        235 CALLS         236 TOTAL
                     EDM=9.44435e-05    STRATEGY= 1      ERR MATRIX APPROXIMATE
  EXT PARAMETER                  PARABOLIC         MINOS ERRORS        
  NO.   NAME      VALUE            ERROR      NEGATIVE      POSITIVE   
   1  p0           5.58372e+05   9.89626e+01                            
   2  p1           5.65188e-01   3.19466e-05                            
   3  p2          -3.11985e-05   7.37420e-05                            
   4  p3           9.99762e-04   7.16512e-08                            
                               ERR DEF= 0.5
 **********
 **    7 **SET PRINT           2
 **********
 **********
 **    8 **SET NOGRAD
 **********
 PARAMETER DEFINITIONS:
    NO.   NAME         VALUE      STEP SIZE      LIMITS
     1 p0           5.58372e+05  9.89626e+01     no limits
     2 p1           5.65188e-01  3.19466e-05     no limits
     3 p2          -3.11985e-05  7.37420e-05     no limits
     4 p3           9.99762e-04  7.16512e-08     no limits
 **********
 **    9 **SET ERR         0.5
 **********
 **********
 **   10 **SET PRINT           2
 **********
 **********
 **   11 **SET STR           1
 **********
 NOW USING STRATEGY  1: TRY TO BALANCE SPEED AGAINST RELIABILITY
 **********
 **   12 **MIGRAD        1480        0.01
 **********
 FIRST CALL TO USER FUNCTION AT NEW START POINT, WITH IFLAG=4.
 START MIGRAD MINIMIZATION.  STRATEGY  1.  CONVERGENCE WHEN EDM .LT. 1.00e-05
 FCN=82.1301 FROM MIGRAD    STATUS=INITIATE       14 CALLS          15 TOTAL
                     EDM= unknown      STRATEGY= 1      NO ERROR MATRIX       
  EXT PARAMETER               CURRENT GUESS       STEP         FIRST   
  NO.   NAME      VALUE            ERROR          SIZE      DERIVATIVE 
   1  p0           5.58372e+05   9.89626e+01   9.89626e+01  -2.56979e-06
   2  p1           5.65188e-01   3.19466e-05   3.19466e-05  -1.44377e+00
   3  p2          -3.11985e-05   7.37420e-05   7.37420e-05  -3.49521e+00
   4  p3           9.99762e-04   7.16512e-08   7.16512e-08  -2.68839e+03
                               ERR DEF= 0.5
NO ERROR MATRIX       
 FCN=82.1301 FROM MIGRAD    STATUS=PROGRESS       33 CALLS          34 TOTAL
                     EDM=1.3907e-07    STRATEGY= 1      NO ERROR MATRIX       
  EXT PARAMETER               CURRENT GUESS       STEP         FIRST   
  NO.   NAME      VALUE            ERROR          SIZE      DERIVATIVE 
   1  p0           5.58372e+05   9.89626e+01   3.33668e-05  -3.84999e-06
   2  p1           5.65188e-01   3.19466e-05   1.94886e-12  -9.52595e+00
   3  p2          -3.11934e-05   7.37420e-05   5.05157e-09  -4.49481e-01
   4  p3           9.99762e-04   7.16512e-08   5.00459e-12  -4.26944e+03
                               ERR DEF= 0.5
 MIGRAD MINIMIZATION HAS CONVERGED.
 MIGRAD WILL VERIFY CONVERGENCE AND ERROR MATRIX.
   START COVARIANCE MATRIX CALCULATION.
 EIGENVALUES OF SECOND-DERIVATIVE MATRIX:
         1.8310e-03  4.5879e-01  8.6197e-01  2.6774e+00
 COVARIANCE MATRIX CALCULATED SUCCESSFULLY
 FCN=82.1301 FROM MIGRAD    STATUS=CONVERGED      64 CALLS          65 TOTAL
                     EDM=7.16725e-06    STRATEGY= 1      ERROR MATRIX ACCURATE 
  EXT PARAMETER                                   STEP         FIRST   
  NO.   NAME      VALUE            ERROR          SIZE      DERIVATIVE 
   1  p0           5.58372e+05   8.46607e+01   2.66252e-01   2.52336e-05
   2  p1           5.65188e-01   2.72054e-05   2.69503e-07  -1.66420e+01
   3  p2          -3.11934e-05   6.73268e-05   3.38590e-07  -1.40258e+01
   4  p3           9.99762e-04   6.95825e-08   4.76723e-10  -1.73059e+04
                               ERR DEF= 0.5
 EXTERNAL ERROR MATRIX.    NDIM=  25    NPAR=  4    ERR DEF=0.5
  7.167e+03 -2.297e-03  1.293e-03  1.575e-06 
 -2.297e-03  7.401e-10 -3.483e-10 -5.169e-13 
  1.293e-03 -3.483e-10  4.533e-09  1.810e-12 
  1.575e-06 -5.169e-13  1.810e-12  4.842e-15 
 PARAMETER  CORRELATION COEFFICIENTS  
       NO.  GLOBAL      1      2      3      4
        1  0.99818   1.000 -0.997  0.227  0.267
        2  0.99816  -0.997  1.000 -0.190 -0.273
        3  0.66024   0.227 -0.190  1.000  0.386
        4  0.51928   0.267 -0.273  0.386  1.000
 EXTERNAL ERROR MATRIX.    NDIM=   4    NPAR=  4    ERR DEF=0.5
  7.167e+03 -2.297e-03  1.293e-03  1.575e-06 
 -2.297e-03  7.401e-10 -3.483e-10 -5.169e-13 
  1.293e-03 -3.483e-10  4.533e-09  1.810e-12 
  1.575e-06 -5.169e-13  1.810e-12  4.842e-15 
 FCN=82.1301 FROM MIGRAD    STATUS=CONVERGED      64 CALLS          65 TOTAL
                     EDM=7.16725e-06    STRATEGY= 1      ERROR MATRIX ACCURATE 
  EXT PARAMETER                  PARABOLIC         MINOS ERRORS        
  NO.   NAME      VALUE            ERROR      NEGATIVE      POSITIVE   
   1  p0           5.58372e+05   8.46607e+01                            
   2  p1           5.65188e-01   2.72054e-05                            
   3  p2          -3.11934e-05   6.73268e-05                            
   4  p3           9.99762e-04   6.95825e-08                            
                               ERR DEF= 0.5
------------------------------------------
Enering ROOFIt-------
 PARAMETER DEFINITIONS:
    NO.   NAME         VALUE      STEP SIZE      LIMITS
     1 norm         5.58372e+05  1.00000e-01     no limits
     2 Q            5.65000e-01  1.00000e-01     no limits
     3 theta        0.00000e+00  1.00000e-01     no limits
     4 pileup       9.99762e-04  1.00000e-01     no limits
 **********
 **    1 **MIGRAD
 **********
 FIRST CALL TO USER FUNCTION AT NEW START POINT, WITH IFLAG=4.
 START MIGRAD MINIMIZATION.  STRATEGY  1.  CONVERGENCE WHEN EDM .LT. 1.00e-04
 FCN=-2.37862e+11 FROM MIGRAD    STATUS=INITIATE       16 CALLS          17 TOTAL
                     EDM= unknown      STRATEGY= 1      NO ERROR MATRIX       
  EXT PARAMETER               CURRENT GUESS       STEP         FIRST   
  NO.   NAME      VALUE            ERROR          SIZE      DERIVATIVE 
   1  norm         5.58372e+05   1.00000e-01   1.00000e-01  -2.23287e+01
   2  Q            5.65000e-01   1.00000e-01   1.00000e-01  -3.35920e+08
   3  theta        0.00000e+00   1.00000e-01   1.00000e-01   1.31080e+06
   4  pileup       9.99762e-04   1.00000e-01   1.00000e-01  -9.18839e+11
 EIGENVALUES OF SECOND-DERIVATIVE MATRIX:
        -4.6037e+00  1.1774e-02  1.5961e+00  6.9958e+00
 MINUIT WARNING IN MIGRAD  
 ============== MATRIX FORCED POS-DEF BY ADDING 4.610698 TO DIAGONAL.
 MIGRAD FAILS TO FIND IMPROVEMENT
 MACHINE ACCURACY LIMITS FURTHER IMPROVEMENT.
 MIGRAD MINIMIZATION HAS CONVERGED.
 MIGRAD WILL VERIFY CONVERGENCE AND ERROR MATRIX.
 EIGENVALUES OF SECOND-DERIVATIVE MATRIX:
        -7.1529e-03  5.1406e-01  6.6727e-01  2.8258e+00
 MINUIT WARNING IN HESSE   
 ============== MATRIX FORCED POS-DEF BY ADDING 0.009979 TO DIAGONAL.
 FCN=-2.37862e+11 FROM HESSE     STATUS=NOT POSDEF     31 CALLS         426 TOTAL
                     EDM=7.04476    STRATEGY= 1      ERR MATRIX NOT POS-DEF
  EXT PARAMETER                APPROXIMATE        STEP         FIRST   
  NO.   NAME      VALUE            ERROR          SIZE      DERIVATIVE 
   1  norm         5.58947e+05   1.57868e+01   1.72576e+03  -9.41649e-04
   2  Q            5.65002e-01   5.05836e-06   5.54986e-04  -2.57257e+03
   3  theta       -7.29892e-05   1.06565e-03   1.85200e-02  -4.78354e+03
   4  pileup       9.99789e-04   1.05572e-07   2.09855e-05   7.48848e+06
 MINUIT WARNING IN MIGRAD  
 ============== Negative diagonal element 2 in Error Matrix
 MINUIT WARNING IN MIGRAD  
 ============== 1 added to diagonal of error matrix
 MIGRAD FAILS TO FIND IMPROVEMENT
 MACHINE ACCURACY LIMITS FURTHER IMPROVEMENT.
 MIGRAD MINIMIZATION HAS CONVERGED.
 MIGRAD WILL VERIFY CONVERGENCE AND ERROR MATRIX.
 EIGENVALUES OF SECOND-DERIVATIVE MATRIX:
        -7.1495e-03  5.1406e-01  6.6728e-01  2.8258e+00
 MINUIT WARNING IN HESSE   
 ============== MATRIX FORCED POS-DEF BY ADDING 0.009975 TO DIAGONAL.
 MIGRAD TERMINATED WITHOUT CONVERGENCE.
 FCN=-2.37862e+11 FROM MIGRAD    STATUS=FAILED        494 CALLS         495 TOTAL
                     EDM=5.117    STRATEGY= 1      ERR MATRIX NOT POS-DEF
  EXT PARAMETER                APPROXIMATE        STEP         FIRST   
  NO.   NAME      VALUE            ERROR          SIZE      DERIVATIVE 
   1  norm         5.58948e+05   1.57867e+01   1.72576e+03   1.09775e-02
   2  Q            5.65002e-01   5.05835e-06   5.54984e-04   3.41380e+04
   3  theta       -6.86154e-05   1.06565e-03   1.85201e-02  -3.20863e+03
   4  pileup       9.99774e-04   1.05571e-07   2.09868e-05   4.11138e+06
 EXTERNAL ERROR MATRIX.    NDIM=  25    NPAR=  4    ERR DEF=1
  2.492e+02  6.523e-05  1.421e-02 -2.966e-07 
  6.523e-05  2.559e-11  5.362e-09 -1.098e-13 
  1.421e-02  5.362e-09  1.136e-06 -1.814e-11 
 -2.966e-07 -1.098e-13 -1.814e-11  1.115e-14 
ERR MATRIX NOT POS-DEF
 PARAMETER  CORRELATION COEFFICIENTS  
       NO.  GLOBAL      1      2      3      4
        1  0.88958   1.000  0.817  0.844 -0.178
        2  0.99697   0.817  1.000  0.995 -0.206
        3  0.99736   0.844  0.995  1.000 -0.161
        4  0.55690  -0.178 -0.206 -0.161  1.000
 ERR MATRIX NOT POS-DEF
 **********
 **    2 **MIGRAD 
 **********
 START MIGRAD MINIMIZATION.  STRATEGY  1.  CONVERGENCE WHEN EDM .LT. 1.00e-04
 FCN=-2.37862e+11 FROM MIGRAD    STATUS=INITIATE        8 CALLS         503 TOTAL
                     EDM=0.0901314    STRATEGY= 1      ERR MATRIX NOT POS-DEF
  EXT PARAMETER                APPROXIMATE        STEP         FIRST   
  NO.   NAME      VALUE            ERROR          SIZE      DERIVATIVE 
   1  norm         5.58948e+05   1.57867e+01   1.72576e+03   7.41757e-04
   2  Q            5.65002e-01   5.05835e-06   5.54984e-04   3.42388e+04
   3  theta       -6.86154e-05   1.06565e-03   1.85201e-02  -7.38688e+02
   4  pileup       9.99774e-04   1.05571e-07   2.09868e-05  -3.99967e+05
 MIGRAD FAILS TO FIND IMPROVEMENT
 EIGENVALUES OF SECOND-DERIVATIVE MATRIX:
        -7.1457e-03  5.1406e-01  6.6728e-01  2.8258e+00
 MINUIT WARNING IN HESSE   
 ============== MATRIX FORCED POS-DEF BY ADDING 0.009971 TO DIAGONAL.
 FCN=-2.37862e+11 FROM HESSE     STATUS=NOT POSDEF     31 CALLS         559 TOTAL
                     EDM=0.238632    STRATEGY= 1      ERR MATRIX NOT POS-DEF
  EXT PARAMETER                APPROXIMATE        STEP         FIRST   
  NO.   NAME      VALUE            ERROR          SIZE      DERIVATIVE 
   1  norm         5.58948e+05   1.57864e+01   1.72577e+03  -7.61341e-03
   2  Q            5.65002e-01   5.05833e-06   5.54978e-04  -2.41985e+04
   3  theta       -5.26789e-05   1.06564e-03   1.85202e-02   1.13278e+03
   4  pileup       9.99774e-04   1.05571e-07   2.09866e-05   2.06150e+06
 MINUIT WARNING IN MIGRAD  
 ============== Negative diagonal element 2 in Error Matrix
 MINUIT WARNING IN MIGRAD  
 ============== 1 added to diagonal of error matrix
 MIGRAD FAILS TO FIND IMPROVEMENT
 MACHINE ACCURACY LIMITS FURTHER IMPROVEMENT.
 MIGRAD MINIMIZATION HAS CONVERGED.
 MIGRAD WILL VERIFY CONVERGENCE AND ERROR MATRIX.
 EIGENVALUES OF SECOND-DERIVATIVE MATRIX:
        -7.1480e-03  5.1406e-01  6.6728e-01  2.8258e+00
 MINUIT WARNING IN HESSE   
 ============== MATRIX FORCED POS-DEF BY ADDING 0.009974 TO DIAGONAL.
 MIGRAD TERMINATED WITHOUT CONVERGENCE.
 FCN=-2.37862e+11 FROM MIGRAD    STATUS=FAILED        131 CALLS         626 TOTAL
                     EDM=1.42815    STRATEGY= 1      ERR MATRIX NOT POS-DEF
  EXT PARAMETER                APPROXIMATE        STEP         FIRST   
  NO.   NAME      VALUE            ERROR          SIZE      DERIVATIVE 
   1  norm         5.58948e+05   1.57866e+01   1.72577e+03   4.77653e-03
   2  Q            5.65002e-01   5.05834e-06   5.54982e-04   1.46712e+04
   3  theta       -6.41714e-05   1.06564e-03   1.85201e-02  -1.64696e+03
   4  pileup       9.99771e-04   1.05571e-07   2.09866e-05   2.80487e+06
 EXTERNAL ERROR MATRIX.    NDIM=  25    NPAR=  4    ERR DEF=1
  2.492e+02  6.523e-05  1.421e-02 -2.966e-07 
  6.523e-05  2.559e-11  5.362e-09 -1.098e-13 
  1.421e-02  5.362e-09  1.136e-06 -1.814e-11 
 -2.966e-07 -1.098e-13 -1.814e-11  1.115e-14 
ERR MATRIX NOT POS-DEF
 PARAMETER  CORRELATION COEFFICIENTS  
       NO.  GLOBAL      1      2      3      4
        1  0.88958   1.000  0.817  0.844 -0.178
        2  0.99697   0.817  1.000  0.995 -0.206
        3  0.99736   0.844  0.995  1.000 -0.161
        4  0.55690  -0.178 -0.206 -0.161  1.000
 ERR MATRIX NOT POS-DEF
status of the fit-----000------4
1  558948
2  0.565002
3  -6.41714e-05
4  0.000999771
 PARAMETER DEFINITIONS:
    NO.   NAME         VALUE      STEP SIZE      LIMITS
     1 norm         5.58948e+05  1.00000e-01     no limits
     2 Q            5.65002e-01  1.00000e-01     no limits
     3 theta       -6.41714e-05  1.00000e-01     no limits
     4 pileup       9.99771e-04  1.00000e-01     no limits
 **********
 **    3 **MIGRAD
 **********
 FIRST CALL TO USER FUNCTION AT NEW START POINT, WITH IFLAG=4.
 START MIGRAD MINIMIZATION.  STRATEGY  1.  CONVERGENCE WHEN EDM .LT. 1.00e-04
 FCN=-2.37862e+11 FROM MIGRAD    STATUS=INITIATE       16 CALLS         643 TOTAL
                     EDM= unknown      STRATEGY= 1      NO ERROR MATRIX       
  EXT PARAMETER               CURRENT GUESS       STEP         FIRST   
  NO.   NAME      VALUE            ERROR          SIZE      DERIVATIVE 
   1  norm         5.58948e+05   1.00000e-01   1.00000e-01   4.84911e-03
   2  Q            5.65002e-01   1.00000e-01   1.00000e-01   6.60820e+06
   3  theta       -6.41714e-05   1.00000e-01   1.00000e-01   1.39059e+04
   4  pileup       9.99771e-04   1.00000e-01   1.00000e-01  -9.18041e+11
 MIGRAD FAILS TO FIND IMPROVEMENT
 COVARIANCE MATRIX CALCULATED SUCCESSFULLY
 FCN=-2.37862e+11 FROM HESSE     STATUS=OK             29 CALLS         683 TOTAL
                     EDM=3.20446    STRATEGY= 1      ERROR MATRIX ACCURATE 
  EXT PARAMETER                                   STEP         FIRST   
  NO.   NAME      VALUE            ERROR          SIZE      DERIVATIVE 
   1  norm         5.58948e+05   2.06173e+02   2.66527e+00   5.00941e-03
   2  Q            5.65002e-01   1.96889e-05   1.00000e-03   1.46709e+04
   3  theta       -6.41714e-05   1.72230e-03   1.85106e-02  -1.64709e+03
   4  pileup       9.99771e-04   9.24472e-08   1.00000e-02   2.25757e+06
 MINUIT WARNING IN MIGRAD  
 ============== Negative diagonal element 1 in Error Matrix
 MINUIT WARNING IN MIGRAD  
 ============== Negative diagonal element 2 in Error Matrix
 MINUIT WARNING IN MIGRAD  
 ============== Negative diagonal element 3 in Error Matrix
 MINUIT WARNING IN MIGRAD  
 ============== 5.21356 added to diagonal of error matrix
 MIGRAD FAILS TO FIND IMPROVEMENT
 MACHINE ACCURACY LIMITS FURTHER IMPROVEMENT.
 MIGRAD MINIMIZATION HAS CONVERGED.
 MIGRAD WILL VERIFY CONVERGENCE AND ERROR MATRIX.
 EIGENVALUES OF SECOND-DERIVATIVE MATRIX:
        -7.2716e-04  3.6665e-01  8.5017e-01  2.7839e+00
 MINUIT WARNING IN HESSE   
 ============== MATRIX FORCED POS-DEF BY ADDING 0.003511 TO DIAGONAL.
 MIGRAD TERMINATED WITHOUT CONVERGENCE.
 FCN=-2.37862e+11 FROM MIGRAD    STATUS=FAILED        186 CALLS         813 TOTAL
                     EDM=0.025884    STRATEGY= 1      ERR MATRIX NOT POS-DEF
  EXT PARAMETER                APPROXIMATE        STEP         FIRST   
  NO.   NAME      VALUE            ERROR          SIZE      DERIVATIVE 
   1  norm         5.58948e+05   9.60830e+01   1.72576e+03  -1.95381e-03
   2  Q            5.65002e-01   3.16011e-05   9.41565e-05  -6.37211e+03
   3  theta       -6.01219e-05   1.19363e-04   1.85199e-02  -4.70661e+02
   4  pileup       9.99772e-04   1.05028e-07   2.09852e-05   2.32913e+06
 EXTERNAL ERROR MATRIX.    NDIM=  25    NPAR=  4    ERR DEF=1
  9.232e+03 -3.022e-03 -4.011e-03 -1.481e-06 
 -3.022e-03  9.986e-10  1.506e-09  4.845e-13 
 -4.011e-03  1.506e-09  1.425e-08  5.706e-12 
 -1.481e-06  4.845e-13  5.706e-12  1.103e-14 
ERR MATRIX NOT POS-DEF
 PARAMETER  CORRELATION COEFFICIENTS  
       NO.  GLOBAL      1      2      3      4
        1  0.99716   1.000 -0.995 -0.350 -0.147
        2  0.99729  -0.995  1.000  0.399  0.146
        3  0.75960  -0.350  0.399  1.000  0.455
        4  0.54634  -0.147  0.146  0.455  1.000
 ERR MATRIX NOT POS-DEF
 **********
 **    4 **MIGRAD 
 **********
 START MIGRAD MINIMIZATION.  STRATEGY  1.  CONVERGENCE WHEN EDM .LT. 1.00e-04
 FCN=-2.37862e+11 FROM MIGRAD    STATUS=INITIATE        8 CALLS         821 TOTAL
                     EDM=0.279529    STRATEGY= 1      ERR MATRIX NOT POS-DEF
  EXT PARAMETER                APPROXIMATE        STEP         FIRST   
  NO.   NAME      VALUE            ERROR          SIZE      DERIVATIVE 
   1  norm         5.58948e+05   9.60830e+01   1.72576e+03  -1.21879e-02
   2  Q            5.65002e-01   3.16011e-05   9.41565e-05  -6.00132e+03
   3  theta       -6.01219e-05   1.19363e-04   1.85199e-02   1.99926e+03
   4  pileup       9.99772e-04   1.05028e-07   2.09852e-05  -2.18171e+06
 MIGRAD FAILS TO FIND IMPROVEMENT
 MACHINE ACCURACY LIMITS FURTHER IMPROVEMENT.
 MIGRAD MINIMIZATION HAS CONVERGED.
 MIGRAD WILL VERIFY CONVERGENCE AND ERROR MATRIX.
 EIGENVALUES OF SECOND-DERIVATIVE MATRIX:
        -4.2465e-04  3.7222e-01  8.5176e-01  2.7764e+00
 MINUIT WARNING IN HESSE   
 ============== MATRIX FORCED POS-DEF BY ADDING 0.003201 TO DIAGONAL.
 FCN=-2.37862e+11 FROM HESSE     STATUS=NOT POSDEF     31 CALLS         863 TOTAL
                     EDM=0.0134164    STRATEGY= 1      ERR MATRIX NOT POS-DEF
  EXT PARAMETER                APPROXIMATE        STEP         FIRST   
  NO.   NAME      VALUE            ERROR          SIZE      DERIVATIVE 
   1  norm         5.58948e+05   9.69976e+01   6.90305e+02  -1.86285e-03
   2  Q            5.65002e-01   3.14222e-05   1.88313e-04  -6.37089e+03
   3  theta       -6.01219e-05   1.10734e-04   7.40794e-03  -4.91723e+02
   4  pileup       9.99772e-04   1.03960e-07   8.39409e-06   2.36705e+06
 EIGENVALUES OF SECOND-DERIVATIVE MATRIX:
        -2.3088e-03  4.8143e-01  1.5363e+00  1.9846e+00
 MINUIT WARNING IN MIGRAD  
 ============== MATRIX FORCED POS-DEF BY ADDING 0.004293 TO DIAGONAL.
 MINUIT WARNING IN MIGRAD  
 ============== Negative diagonal element 2 in Error Matrix
 MINUIT WARNING IN MIGRAD  
 ============== 1 added to diagonal of error matrix
 MIGRAD FAILS TO FIND IMPROVEMENT
 MIGRAD TERMINATED WITHOUT CONVERGENCE.
 FCN=-2.37862e+11 FROM MIGRAD    STATUS=FAILED        130 CALLS         943 TOTAL
                     EDM=1.26422e+17    STRATEGY= 1      ERR MATRIX NOT POS-DEF
  EXT PARAMETER                APPROXIMATE        STEP         FIRST   
  NO.   NAME      VALUE            ERROR          SIZE      DERIVATIVE 
   1  norm         5.58947e+05   9.14433e+00   0.00000e+00  -6.42046e-02
   2  Q            5.65002e-01   1.67888e-06  -0.00000e+00   1.19435e+08
   3  theta       -6.24354e-05   1.00000e+00  -0.00000e+00   1.55426e+04
   4  pileup       9.99761e-04   1.00000e+00   0.00000e+00  -2.83799e+07
 EXTERNAL ERROR MATRIX.    NDIM=  25    NPAR=  4    ERR DEF=1
  8.362e+01 -2.337e-13  5.399e-04  1.096e-07 
 -2.337e-13  2.819e-12  6.006e-09 -1.679e-06 
  5.399e-04  6.006e-09  1.000e+00  5.412e-12 
  1.096e-07 -1.679e-06  5.412e-12  1.000e+00 
ERR MATRIX NOT POS-DEF
 PARAMETER  CORRELATION COEFFICIENTS  
       NO.  GLOBAL      1      2      3      4
        1  0.00007   1.000 -0.000  0.000  0.000
        2  0.99998  -0.000  1.000  0.004 -1.000
        3  0.47191   0.000  0.004  1.000  0.000
        4  0.99998   0.000 -1.000  0.000  1.000
 ERR MATRIX NOT POS-DEF
status of the fit-----000------4
1  558947
2  0.565002
3  -6.24354e-05
4  0.000999761
 PARAMETER DEFINITIONS:
    NO.   NAME         VALUE      STEP SIZE      LIMITS
     1 norm         5.58947e+05  1.00000e-01     no limits
     2 Q            5.65002e-01  1.00000e-01     no limits
     3 theta       -6.24354e-05  1.00000e-01     no limits
     4 pileup       9.99761e-04  1.00000e-01     no limits
 **********
 **    5 **MIGRAD
 **********
 FIRST CALL TO USER FUNCTION AT NEW START POINT, WITH IFLAG=4.
 START MIGRAD MINIMIZATION.  STRATEGY  1.  CONVERGENCE WHEN EDM .LT. 1.00e-04
 FCN=-2.37862e+11 FROM MIGRAD    STATUS=INITIATE       16 CALLS         960 TOTAL
                     EDM= unknown      STRATEGY= 1      NO ERROR MATRIX       
  EXT PARAMETER               CURRENT GUESS       STEP         FIRST   
  NO.   NAME      VALUE            ERROR          SIZE      DERIVATIVE 
   1  norm         5.58947e+05   1.00000e-01   1.00000e-01   4.17928e-04
   2  Q            5.65002e-01   1.00000e-01   1.00000e-01   6.40192e+06
   3  theta       -6.24354e-05   1.00000e-01   1.00000e-01   1.55269e+04
   4  pileup       9.99761e-04   1.00000e-01   1.00000e-01  -9.18041e+11
 MIGRAD FAILS TO FIND IMPROVEMENT
 COVARIANCE MATRIX CALCULATED SUCCESSFULLY
 FCN=-2.37862e+11 FROM HESSE     STATUS=OK             29 CALLS        1000 TOTAL
                     EDM=0.00323133    STRATEGY= 1      ERROR MATRIX ACCURATE 
  EXT PARAMETER                                   STEP         FIRST   
  NO.   NAME      VALUE            ERROR          SIZE      DERIVATIVE 
   1  norm         5.58947e+05   1.76318e+02   2.66527e+00   4.29378e-04
   2  Q            5.65002e-01   1.68440e-05   1.00000e-03   6.00289e+02
   3  theta       -6.24354e-05   1.47518e-03   1.85108e-02  -2.58630e+01
   4  pileup       9.99761e-04   9.24440e-08   1.00000e-02  -4.90045e+05
 MIGRAD FAILS TO FIND IMPROVEMENT
 MACHINE ACCURACY LIMITS FURTHER IMPROVEMENT.
 MIGRAD MINIMIZATION HAS CONVERGED.
 MIGRAD WILL VERIFY CONVERGENCE AND ERROR MATRIX.
 COVARIANCE MATRIX CALCULATED SUCCESSFULLY
 MIGRAD TERMINATED WITHOUT CONVERGENCE.
 FCN=-2.37862e+11 FROM MIGRAD    STATUS=FAILED        111 CALLS        1055 TOTAL
                     EDM=0.0130853    STRATEGY= 1      ERR MATRIX APPROXIMATE
  EXT PARAMETER                APPROXIMATE        STEP         FIRST   
  NO.   NAME      VALUE            ERROR          SIZE      DERIVATIVE 
   1  norm         5.58947e+05   5.06903e+02   5.33054e+00   5.00942e-04
   2  Q            5.65002e-01   1.64628e-04   1.02991e-04   5.77810e+02
   3  theta       -6.24350e-05   1.47918e-04   7.40430e-03  -4.65226e+01
   4  pileup       9.99761e-04   1.08459e-07   2.14099e-05   5.52341e+04
 EXTERNAL ERROR MATRIX.    NDIM=  25    NPAR=  4    ERR DEF=1
  2.570e+05 -8.344e-02 -4.971e-02 -1.554e-05 
 -8.344e-02  2.710e-08  1.633e-08  5.041e-12 
 -4.971e-02  1.633e-08  2.188e-08  8.010e-12 
 -1.554e-05  5.041e-12  8.010e-12  1.176e-14 
ERR MATRIX APPROXIMATE
 PARAMETER  CORRELATION COEFFICIENTS  
       NO.  GLOBAL      1      2      3      4
        1  0.99990   1.000 -1.000 -0.663 -0.283
        2  0.99990  -1.000  1.000  0.671  0.282
        3  0.85063  -0.663  0.671  1.000  0.499
        4  0.58300  -0.283  0.282  0.499  1.000
 ERR MATRIX APPROXIMATE
 **********
 **    6 **MIGRAD 
 **********
 START MIGRAD MINIMIZATION.  STRATEGY  1.  CONVERGENCE WHEN EDM .LT. 1.00e-04
 FCN=-2.37862e+11 FROM MIGRAD    STATUS=INITIATE        8 CALLS        1063 TOTAL
                     EDM=0.0659866    STRATEGY= 1      ERR MATRIX APPROXIMATE
  EXT PARAMETER                APPROXIMATE        STEP         FIRST   
  NO.   NAME      VALUE            ERROR          SIZE      DERIVATIVE 
   1  norm         5.58947e+05   5.06903e+02   5.33054e+00   4.05047e-04
   2  Q            5.65002e-01   1.64628e-04   1.02991e-04   6.08183e+02
   3  theta       -6.24350e-05   1.47918e-04   7.40430e-03   3.48188e+02
   4  pileup       9.99761e-04   1.08459e-07   2.14099e-05  -4.64005e+06
 MIGRAD FAILS TO FIND IMPROVEMENT
 EIGENVALUES OF SECOND-DERIVATIVE MATRIX:
        -2.7333e-02  5.0265e-01  6.6690e-01  2.8578e+00
 MINUIT WARNING IN HESSE   
 ============== MATRIX FORCED POS-DEF BY ADDING 0.030191 TO DIAGONAL.
 FCN=-2.37862e+11 FROM HESSE     STATUS=NOT POSDEF     31 CALLS        1140 TOTAL
                     EDM=0.00110087    STRATEGY= 1      ERR MATRIX NOT POS-DEF
  EXT PARAMETER                APPROXIMATE        STEP         FIRST   
  NO.   NAME      VALUE            ERROR          SIZE      DERIVATIVE 
   1  norm         5.58944e+05   1.28691e+01   1.06611e+03   4.14708e-04
   2  Q            5.65003e-01   5.11601e-06   5.54982e-04   7.45719e+02
   3  theta       -6.10860e-05   1.04815e-03   1.85206e-02   5.73626e+01
   4  pileup       9.99762e-04   1.07667e-07   2.09851e-05   3.10592e+05
 MIGRAD FAILS TO FIND IMPROVEMENT
 MACHINE ACCURACY LIMITS FURTHER IMPROVEMENT.
 MIGRAD MINIMIZATION HAS CONVERGED.
 MIGRAD WILL VERIFY CONVERGENCE AND ERROR MATRIX.
 COVARIANCE MATRIX CALCULATED SUCCESSFULLY
 MIGRAD TERMINATED WITHOUT CONVERGENCE.
 FCN=-2.37862e+11 FROM MIGRAD    STATUS=FAILED        128 CALLS        1183 TOTAL
                     EDM=0.000875736    STRATEGY= 1      ERR MATRIX APPROXIMATE
  EXT PARAMETER                APPROXIMATE        STEP         FIRST   
  NO.   NAME      VALUE            ERROR          SIZE      DERIVATIVE 
   1  norm         5.58944e+05   8.27870e+01   4.26443e+01   4.45480e-04
   2  Q            5.65003e-01   8.06014e-06   4.21959e-03   7.60882e+02
   3  theta       -6.10860e-05   6.11868e-04   7.40826e-04   3.03806e+01
   4  pileup       9.99762e-04   1.04449e-07   8.39404e-07   3.56746e+05
 EXTERNAL ERROR MATRIX.    NDIM=  25    NPAR=  4    ERR DEF=1
  6.854e+03 -6.631e-04 -4.897e-02  6.163e-07 
 -6.631e-04  6.497e-11  4.852e-09 -6.191e-14 
 -4.897e-02  4.852e-09  3.744e-07  3.768e-13 
  6.163e-07 -6.191e-14  3.768e-13  1.091e-14 
ERR MATRIX APPROXIMATE
 PARAMETER  CORRELATION COEFFICIENTS  
       NO.  GLOBAL      1      2      3      4
        1  0.99616   1.000 -0.994 -0.967  0.071
        2  0.99833  -0.994  1.000  0.984 -0.074
        3  0.99189  -0.967  0.984  1.000  0.006
        4  0.53675   0.071 -0.074  0.006  1.000
 ERR MATRIX APPROXIMATE
status of the fit-----000------4
1  558944
2  0.565003
3  -6.1086e-05
4  0.000999762
 **********
 **   13 **SET PRINT           2
 **********
 **********
 **   14 **SET NOGRAD
 **********
 PARAMETER DEFINITIONS:
    NO.   NAME         VALUE      STEP SIZE      LIMITS
     1 p0           5.58000e+05  1.67400e+05     no limits
     2 p1           5.65000e-01  1.69500e-01     no limits
     3 p2           0.00000e+00  3.00000e-01     no limits
     4 p3           9.99871e-04  2.99961e-04     no limits
 **********
 **   15 **SET ERR         0.5
 **********
 **********
 **   16 **SET PRINT           2
 **********
 **********
 **   17 **SET STR           1
 **********
 NOW USING STRATEGY  1: TRY TO BALANCE SPEED AGAINST RELIABILITY
 **********
 **   18 **MIGRAD        1480        0.01
 **********
 FIRST CALL TO USER FUNCTION AT NEW START POINT, WITH IFLAG=4.
 START MIGRAD MINIMIZATION.  STRATEGY  1.  CONVERGENCE WHEN EDM .LT. 1.00e-05
 FCN=17653.4 FROM MIGRAD    STATUS=INITIATE       18 CALLS          19 TOTAL
                     EDM= unknown      STRATEGY= 1      NO ERROR MATRIX       
  EXT PARAMETER               CURRENT GUESS       STEP         FIRST   
  NO.   NAME      VALUE            ERROR          SIZE      DERIVATIVE 
   1  p0           5.58000e+05   1.67400e+05   1.67400e+05  -3.66295e+01
   2  p1           5.65000e-01   1.69500e-01   1.69500e-01  -1.13705e+08
   3  p2           0.00000e+00   3.00000e-01   3.00000e-01   2.09519e+06
   4  p3           9.99871e-04   2.99961e-04   2.99961e-04  -1.02419e+09
                               ERR DEF= 0.5
NO ERROR MATRIX       
 FCN=1337.67 FROM MIGRAD    STATUS=PROGRESS       36 CALLS          37 TOTAL
                     EDM=3955.6    STRATEGY= 1      NO ERROR MATRIX       
  EXT PARAMETER               CURRENT GUESS       STEP         FIRST   
  NO.   NAME      VALUE            ERROR          SIZE      DERIVATIVE 
   1  p0           5.58358e+05   1.67400e+05   3.57960e+02  -2.54430e+00
   2  p1           5.65115e-01   1.69500e-01   1.15435e-04  -7.84007e+06
   3  p2          -2.36688e-03   3.00000e-01  -2.36688e-03  -4.84633e+05
   4  p3           1.00135e-03   2.99961e-04   1.48379e-06   4.89735e+08
                               ERR DEF= 0.5
 MIGRAD MINIMIZATION HAS CONVERGED.
 MIGRAD WILL VERIFY CONVERGENCE AND ERROR MATRIX.
   START COVARIANCE MATRIX CALCULATION.
 EIGENVALUES OF SECOND-DERIVATIVE MATRIX:
         1.1729e-03  3.5167e-01  8.8736e-01  2.7598e+00
 COVARIANCE MATRIX CALCULATED SUCCESSFULLY
 FCN=75.6365 FROM HESSE     STATUS=OK             27 CALLS          97 TOTAL
                     EDM=0.000229352    STRATEGY= 1      ERROR MATRIX ACCURATE 
  EXT PARAMETER                                   STEP         FIRST   
  NO.   NAME      VALUE            ERROR          SIZE      DERIVATIVE 
   1  p0           5.58482e+05   1.05803e+02   2.66305e-01   8.30601e-05
   2  p1           5.65155e-01   3.39937e-05   2.69487e-07  -2.64364e+02
   3  p2           7.40481e-05   7.96326e-05   3.23286e-07   1.02116e+02
   4  p3           9.99894e-04   7.88554e-08   4.76787e-10   8.12385e+03
                               ERR DEF= 0.5
 PARAMETER  CORRELATION COEFFICIENTS  
       NO.  GLOBAL      1      2      3      4
        1  0.99883   1.000 -0.998  0.236  0.333
        2  0.99882  -0.998  1.000 -0.204 -0.331
        3  0.73541   0.236 -0.204  1.000  0.523
        4  0.62881   0.333 -0.331  0.523  1.000
 FCN=75.6363 FROM MIGRAD    STATUS=PROGRESS      110 CALLS         111 TOTAL
                     EDM=0.000332828    STRATEGY= 1      ERROR MATRIX ACCURATE 
  EXT PARAMETER                                   STEP         FIRST   
  NO.   NAME      VALUE            ERROR          SIZE      DERIVATIVE 
   1  p0           5.58479e+05   1.05803e+02  -3.12102e+00   1.27873e-04
   2  p1           5.65156e-01   3.39937e-05   9.89622e-07  -1.02247e+02
   3  p2           7.25869e-05   7.96326e-05  -1.46118e-06  -2.23133e+02
   4  p3           9.99893e-04   7.88554e-08  -1.26202e-09  -1.38856e+05
                               ERR DEF= 0.5
 MIGRAD FAILS TO FIND IMPROVEMENT
 MIGRAD MINIMIZATION HAS CONVERGED.
 MIGRAD WILL VERIFY CONVERGENCE AND ERROR MATRIX.
   START COVARIANCE MATRIX CALCULATION.
 EIGENVALUES OF SECOND-DERIVATIVE MATRIX:
         6.1944e-04  4.0433e-01  8.4307e-01  2.7520e+00
 COVARIANCE MATRIX CALCULATED SUCCESSFULLY
 FCN=75.6034 FROM MIGRAD    STATUS=CONVERGED     229 CALLS         230 TOTAL
                     EDM=1.38776e-06    STRATEGY= 1      ERROR MATRIX ACCURATE 
  EXT PARAMETER                                   STEP         FIRST   
  NO.   NAME      VALUE            ERROR          SIZE      DERIVATIVE 
   1  p0           5.58085e+05   1.44840e+02   2.66116e-01   3.26498e-05
   2  p1           5.65283e-01   4.70049e-05   2.69548e-07   1.24286e+02
   3  p2           9.65973e-05   8.04926e-05   3.29155e-07  -3.24348e+00
   4  p3           9.99896e-04   7.04548e-08   4.76787e-10   6.23558e+03
                               ERR DEF= 0.5
 EXTERNAL ERROR MATRIX.    NDIM=  25    NPAR=  4    ERR DEF=0.5
  2.098e+04 -6.801e-03 -3.226e-03 -1.758e-06 
 -6.801e-03  2.209e-09  1.138e-09  5.640e-13 
 -3.226e-03  1.138e-09  6.479e-09  2.281e-12 
 -1.758e-06  5.640e-13  2.281e-12  4.964e-15 
 PARAMETER  CORRELATION COEFFICIENTS  
       NO.  GLOBAL      1      2      3      4
        1  0.99938   1.000 -0.999 -0.277 -0.172
        2  0.99938  -0.999  1.000  0.301  0.170
        3  0.71942  -0.277  0.301  1.000  0.402
        4  0.50588  -0.172  0.170  0.402  1.000
 EXTERNAL ERROR MATRIX.    NDIM=   4    NPAR=  4    ERR DEF=0.5
  2.098e+04 -6.801e-03 -3.226e-03 -1.758e-06 
 -6.801e-03  2.209e-09  1.138e-09  5.640e-13 
 -3.226e-03  1.138e-09  6.479e-09  2.281e-12 
 -1.758e-06  5.640e-13  2.281e-12  4.964e-15 
 FCN=75.6034 FROM MIGRAD    STATUS=CONVERGED     229 CALLS         230 TOTAL
                     EDM=1.38776e-06    STRATEGY= 1      ERROR MATRIX ACCURATE 
  EXT PARAMETER                  PARABOLIC         MINOS ERRORS        
  NO.   NAME      VALUE            ERROR      NEGATIVE      POSITIVE   
   1  p0           5.58085e+05   1.44840e+02                            
   2  p1           5.65283e-01   4.70049e-05                            
   3  p2           9.65973e-05   8.04926e-05                            
   4  p3           9.99896e-04   7.04548e-08                            
                               ERR DEF= 0.5
------------------------------------------
Enering ROOFIt-------
 PARAMETER DEFINITIONS:
    NO.   NAME         VALUE      STEP SIZE      LIMITS
     1 norm         5.58085e+05  1.00000e-01     no limits
     2 Q            5.65000e-01  1.00000e-01     no limits
     3 theta        0.00000e+00  1.00000e-01     no limits
     4 pileup       9.99896e-04  1.00000e-01     no limits
 **********
 **    1 **MIGRAD
 **********
 FIRST CALL TO USER FUNCTION AT NEW START POINT, WITH IFLAG=4.
 START MIGRAD MINIMIZATION.  STRATEGY  1.  CONVERGENCE WHEN EDM .LT. 1.00e-04
 FCN=-2.37864e+11 FROM MIGRAD    STATUS=INITIATE       16 CALLS          17 TOTAL
                     EDM= unknown      STRATEGY= 1      NO ERROR MATRIX       
  EXT PARAMETER               CURRENT GUESS       STEP         FIRST   
  NO.   NAME      VALUE            ERROR          SIZE      DERIVATIVE 
   1  norm         5.58085e+05   1.00000e-01   1.00000e-01  -3.33498e+01
   2  Q            5.65000e-01   1.00000e-01   1.00000e-01  -5.02140e+08
   3  theta        0.00000e+00   1.00000e-01   1.00000e-01   1.92019e+06
   4  pileup       9.99896e-04   1.00000e-01   1.00000e-01  -9.19244e+11
 MIGRAD FAILS TO FIND IMPROVEMENT
 MACHINE ACCURACY LIMITS FURTHER IMPROVEMENT.
 MIGRAD MINIMIZATION HAS CONVERGED.
 MIGRAD WILL VERIFY CONVERGENCE AND ERROR MATRIX.
 EIGENVALUES OF SECOND-DERIVATIVE MATRIX:
        -7.3095e-04  3.6662e-01  8.5014e-01  2.7840e+00
 MINUIT WARNING IN HESSE   
 ============== MATRIX FORCED POS-DEF BY ADDING 0.003515 TO DIAGONAL.
 FCN=-2.37864e+11 FROM HESSE     STATUS=NOT POSDEF     29 CALLS         312 TOTAL
                     EDM=0.233214    STRATEGY= 1      ERR MATRIX NOT POS-DEF
  EXT PARAMETER                APPROXIMATE        STEP         FIRST   
  NO.   NAME      VALUE            ERROR          SIZE      DERIVATIVE 
   1  norm         5.58954e+05   9.60803e+01   1.72579e+03   8.20925e-02
   2  Q            5.65003e-01   3.15998e-05   9.41720e-05   2.55541e+05
   3  theta        2.83009e-05   1.19405e-04   1.85205e-02  -1.08046e+04
   4  pileup       9.99916e-04   1.05036e-07   2.09865e-05   9.36099e+06
 MINUIT WARNING IN MIGRAD  
 ============== Negative diagonal element 2 in Error Matrix
 MINUIT WARNING IN MIGRAD  
 ============== 1 added to diagonal of error matrix
 MIGRAD FAILS TO FIND IMPROVEMENT
 MIGRAD TERMINATED WITHOUT CONVERGENCE.
 FCN=-2.37864e+11 FROM MIGRAD    STATUS=FAILED        353 CALLS         354 TOTAL
                     EDM=3.34218e+07    STRATEGY= 1      ERR MATRIX NOT POS-DEF
  EXT PARAMETER                APPROXIMATE        STEP         FIRST   
  NO.   NAME      VALUE            ERROR          SIZE      DERIVATIVE 
   1  norm         5.58947e+05   9.25309e+00  -0.00000e+00  -6.37925e-02
   2  Q            5.65005e-01   1.00000e+00  -0.00000e+00   3.89054e+08
   3  theta        5.07501e-05   1.00000e+00  -0.00000e+00   1.60266e+04
   4  pileup       9.99894e-04   1.00000e+00   0.00000e+00  -2.84292e+07
 EXTERNAL ERROR MATRIX.    NDIM=  25    NPAR=  4    ERR DEF=1
  8.562e+01 -4.377e-09  5.225e-04  1.742e-08 
 -4.377e-09  1.000e+00  5.364e-15  3.788e-16 
  5.225e-04  5.364e-15  1.000e+00  5.488e-12 
  1.742e-08  3.788e-16  5.488e-12  1.000e+00 
ERR MATRIX NOT POS-DEF
 PARAMETER  CORRELATION COEFFICIENTS  
       NO.  GLOBAL      1      2      3      4
        1  0.00006   1.000 -0.000  0.000  0.000
        2  0.00000  -0.000  1.000  0.000  0.000
        3  0.00006   0.000  0.000  1.000  0.000
        4  0.00000   0.000  0.000  0.000  1.000
 ERR MATRIX NOT POS-DEF
 **********
 **    2 **MIGRAD 
 **********
 START MIGRAD MINIMIZATION.  STRATEGY  1.  CONVERGENCE WHEN EDM .LT. 1.00e-04
 FCN=-2.37864e+11 FROM MIGRAD    STATUS=INITIATE       12 CALLS         366 TOTAL
                     EDM=9.575e+15    STRATEGY= 1      ERR MATRIX NOT POS-DEF
  EXT PARAMETER                APPROXIMATE        STEP         FIRST   
  NO.   NAME      VALUE            ERROR          SIZE      DERIVATIVE 
   1  norm         5.58947e+05   9.25309e+00  -0.00000e+00  -6.37923e-02
   2  Q            5.65005e-01   1.00000e+00  -0.00000e+00   1.61368e+03
   3  theta        5.07501e-05   1.00000e+00  -0.00000e+00   1.60261e+04
   4  pileup       9.99894e-04   1.00000e+00   0.00000e+00  -2.84257e+07
 MIGRAD FAILS TO FIND IMPROVEMENT
 EIGENVALUES OF SECOND-DERIVATIVE MATRIX:
        -7.2991e-04  3.6661e-01  8.5014e-01  2.7840e+00
 MINUIT WARNING IN HESSE   
 ============== MATRIX FORCED POS-DEF BY ADDING 0.003514 TO DIAGONAL.
 FCN=-2.37864e+11 FROM HESSE     STATUS=NOT POSDEF     29 CALLS         406 TOTAL
                     EDM=0.00273678    STRATEGY= 1      ERR MATRIX NOT POS-DEF
  EXT PARAMETER                APPROXIMATE        STEP         FIRST   
  NO.   NAME      VALUE            ERROR          SIZE      DERIVATIVE 
   1  norm         5.58947e+05   9.60765e+01   1.72577e+03   7.25685e-04
   2  Q            5.65005e-01   3.16000e-05   9.42187e-05   1.54744e+03
   3  theta        5.07501e-05   1.19446e-04   1.85220e-02   4.58518e+02
   4  pileup       9.99894e-04   1.05038e-07   2.09861e-05  -1.08536e+06
 MIGRAD FAILS TO FIND IMPROVEMENT
 MACHINE ACCURACY LIMITS FURTHER IMPROVEMENT.
 MIGRAD MINIMIZATION HAS CONVERGED.
 MIGRAD WILL VERIFY CONVERGENCE AND ERROR MATRIX.
 COVARIANCE MATRIX CALCULATED SUCCESSFULLY
 MIGRAD TERMINATED WITHOUT CONVERGENCE.
 FCN=-2.37864e+11 FROM MIGRAD    STATUS=FAILED         89 CALLS         443 TOTAL
                     EDM=0.116582    STRATEGY= 1      ERR MATRIX APPROXIMATE
  EXT PARAMETER                APPROXIMATE        STEP         FIRST   
  NO.   NAME      VALUE            ERROR          SIZE      DERIVATIVE 
   1  norm         5.58947e+05   1.48662e+03   6.90308e+01   8.45491e-04
   2  Q            5.65005e-01   4.79749e-04   1.88437e-05   1.53044e+03
   3  theta        5.07501e-05   1.46641e-04   7.40878e-04   4.36625e+02
   4  pileup       9.99894e-04   1.04630e-07   4.19722e-06   5.19869e+04
 EXTERNAL ERROR MATRIX.    NDIM=  25    NPAR=  4    ERR DEF=1
  2.210e+06 -7.132e-01 -1.439e-01 -1.510e-05 
 -7.132e-01  2.302e-07  4.661e-08  4.869e-12 
 -1.439e-01  4.661e-08  2.150e-08  5.978e-12 
 -1.510e-05  4.869e-12  5.978e-12  1.095e-14 
ERR MATRIX APPROXIMATE
 PARAMETER  CORRELATION COEFFICIENTS  
       NO.  GLOBAL      1      2      3      4
        1  0.99999   1.000 -1.000 -0.660 -0.097
        2  0.99999  -1.000  1.000  0.662  0.097
        3  0.84775  -0.660  0.662  1.000  0.390
        4  0.53899  -0.097  0.097  0.390  1.000
 ERR MATRIX APPROXIMATE
status of the fit-----000------4
1  558947
2  0.565005
3  5.07501e-05
4  0.000999894
 PARAMETER DEFINITIONS:
    NO.   NAME         VALUE      STEP SIZE      LIMITS
     1 norm         5.58947e+05  1.00000e-01     no limits
     2 Q            5.65005e-01  1.00000e-01     no limits
     3 theta        5.07501e-05  1.00000e-01     no limits
     4 pileup       9.99894e-04  1.00000e-01     no limits
 **********
 **    3 **MIGRAD
 **********
 FIRST CALL TO USER FUNCTION AT NEW START POINT, WITH IFLAG=4.
 START MIGRAD MINIMIZATION.  STRATEGY  1.  CONVERGENCE WHEN EDM .LT. 1.00e-04
 FCN=-2.37864e+11 FROM MIGRAD    STATUS=INITIATE       16 CALLS         460 TOTAL
                     EDM= unknown      STRATEGY= 1      NO ERROR MATRIX       
  EXT PARAMETER               CURRENT GUESS       STEP         FIRST   
  NO.   NAME      VALUE            ERROR          SIZE      DERIVATIVE 
   1  norm         5.58947e+05   1.00000e-01   1.00000e-01   8.35858e-04
   2  Q            5.65005e-01   1.00000e-01   1.00000e-01   6.23201e+06
   3  theta        5.07501e-05   1.00000e-01   1.00000e-01   1.60105e+04
   4  pileup       9.99894e-04   1.00000e-01   1.00000e-01  -9.18058e+11
 MIGRAD FAILS TO FIND IMPROVEMENT
 COVARIANCE MATRIX CALCULATED SUCCESSFULLY
 FCN=-2.37864e+11 FROM HESSE     STATUS=OK             29 CALLS         500 TOTAL
                     EDM=0.423059    STRATEGY= 1      ERROR MATRIX ACCURATE 
  EXT PARAMETER                                   STEP         FIRST   
  NO.   NAME      VALUE            ERROR          SIZE      DERIVATIVE 
   1  norm         5.58947e+05   4.10874e+02   2.66527e+00   8.01507e-04
   2  Q            5.65005e-01   3.92093e-05   1.00000e-03   1.54733e+03
   3  theta        5.07501e-05   3.42217e-03   1.85127e-02   4.58708e+02
   4  pileup       9.99894e-04   9.24814e-08   1.00000e-02  -5.39125e+05
 EIGENVALUES OF SECOND-DERIVATIVE MATRIX:
        -1.0609e-02 -5.3443e-04  5.3252e-01  3.4786e+00
 MINUIT WARNING IN MIGRAD  
 ============== MATRIX FORCED POS-DEF BY ADDING 0.014088 TO DIAGONAL.
 MINUIT WARNING IN MIGRAD  
 ============== Negative diagonal element 2 in Error Matrix
 MINUIT WARNING IN MIGRAD  
 ============== Negative diagonal element 3 in Error Matrix
 MINUIT WARNING IN MIGRAD  
 ============== Negative diagonal element 4 in Error Matrix
 MINUIT WARNING IN MIGRAD  
 ============== 1 added to diagonal of error matrix
 MIGRAD FAILS TO FIND IMPROVEMENT
 MACHINE ACCURACY LIMITS FURTHER IMPROVEMENT.
 MIGRAD MINIMIZATION HAS CONVERGED.
 MIGRAD WILL VERIFY CONVERGENCE AND ERROR MATRIX.
 EIGENVALUES OF SECOND-DERIVATIVE MATRIX:
        -6.5088e-04  3.6679e-01  8.4974e-01  2.7841e+00
 MINUIT WARNING IN HESSE   
 ============== MATRIX FORCED POS-DEF BY ADDING 0.003435 TO DIAGONAL.
 MIGRAD TERMINATED WITHOUT CONVERGENCE.
 FCN=-2.37864e+11 FROM MIGRAD    STATUS=FAILED        143 CALLS         587 TOTAL
                     EDM=0.00403556    STRATEGY= 1      ERR MATRIX NOT POS-DEF
  EXT PARAMETER                APPROXIMATE        STEP         FIRST   
  NO.   NAME      VALUE            ERROR          SIZE      DERIVATIVE 
   1  norm         5.58947e+05   9.60670e+01   5.33053e+02   2.60132e-03
   2  Q            5.65005e-01   3.16003e-05   9.42187e-05   7.15903e+03
   3  theta        4.88877e-05   1.19719e-04   1.85220e-02   5.82442e+02
   4  pileup       9.99894e-04   1.05221e-07   2.09861e-05   2.11947e+05
 EXTERNAL ERROR MATRIX.    NDIM=  25    NPAR=  4    ERR DEF=1
  9.229e+03 -3.022e-03 -4.098e-03 -1.594e-06 
 -3.022e-03  9.986e-10  1.535e-09  5.219e-13 
 -4.098e-03  1.535e-09  1.433e-08  5.774e-12 
 -1.594e-06  5.219e-13  5.774e-12  1.107e-14 
ERR MATRIX NOT POS-DEF
 PARAMETER  CORRELATION COEFFICIENTS  
       NO.  GLOBAL      1      2      3      4
        1  0.99716   1.000 -0.995 -0.356 -0.158
        2  0.99729  -0.995  1.000  0.406  0.157
        3  0.76117  -0.356  0.406  1.000  0.458
        4  0.54861  -0.158  0.157  0.458  1.000
 ERR MATRIX NOT POS-DEF
 **********
 **    4 **MIGRAD 
 **********
 START MIGRAD MINIMIZATION.  STRATEGY  1.  CONVERGENCE WHEN EDM .LT. 1.00e-04
 FCN=-2.37864e+11 FROM MIGRAD    STATUS=INITIATE        8 CALLS         595 TOTAL
                     EDM=0.760551    STRATEGY= 1      ERR MATRIX NOT POS-DEF
  EXT PARAMETER                APPROXIMATE        STEP         FIRST   
  NO.   NAME      VALUE            ERROR          SIZE      DERIVATIVE 
   1  norm         5.58947e+05   9.60670e+01   5.33053e+02   1.62706e-03
   2  Q            5.65005e-01   3.16003e-05   9.42187e-05   7.44115e+03
   3  theta        4.88877e-05   1.19719e-04   1.85220e-02   1.55513e+04
   4  pileup       9.99894e-04   1.05221e-07   2.09861e-05  -4.29845e+06
 MINUIT WARNING IN MIGRAD  
 ============== Negative diagonal element 2 in Error Matrix
 MINUIT WARNING IN MIGRAD  
 ============== 1 added to diagonal of error matrix
 MIGRAD FAILS TO FIND IMPROVEMENT
 EIGENVALUES OF SECOND-DERIVATIVE MATRIX:
        -3.7468e-02  4.9650e-01  6.6734e-01  2.8736e+00
 MINUIT WARNING IN HESSE   
 ============== MATRIX FORCED POS-DEF BY ADDING 0.040341 TO DIAGONAL.
 FCN=-2.37864e+11 FROM HESSE     STATUS=NOT POSDEF     31 CALLS         657 TOTAL
                     EDM=0.000583604    STRATEGY= 1      ERR MATRIX NOT POS-DEF
  EXT PARAMETER                APPROXIMATE        STEP         FIRST   
  NO.   NAME      VALUE            ERROR          SIZE      DERIVATIVE 
   1  norm         5.58947e+05   1.15716e+01   1.72577e+03   2.49159e-03
   2  Q            5.65005e-01   5.14295e-06   5.54948e-04   7.10575e+03
   3  theta        4.85109e-05   1.03928e-03   1.85220e-02  -8.32883e+01
   4  pileup       9.99894e-04   1.09274e-07   2.09874e-05   2.27856e+05
 MIGRAD FAILS TO FIND IMPROVEMENT
 MACHINE ACCURACY LIMITS FURTHER IMPROVEMENT.
 MIGRAD MINIMIZATION HAS CONVERGED.
 MIGRAD WILL VERIFY CONVERGENCE AND ERROR MATRIX.
 COVARIANCE MATRIX CALCULATED SUCCESSFULLY
 MIGRAD TERMINATED WITHOUT CONVERGENCE.
 FCN=-2.37864e+11 FROM MIGRAD    STATUS=FAILED        114 CALLS         701 TOTAL
                     EDM=0.0794855    STRATEGY= 1      ERR MATRIX APPROXIMATE
  EXT PARAMETER                APPROXIMATE        STEP         FIRST   
  NO.   NAME      VALUE            ERROR          SIZE      DERIVATIVE 
   1  norm         5.58947e+05   1.47075e+02   6.90309e+01   2.59062e-03
   2  Q            5.65005e-01   1.43101e-05   4.22054e-03   7.10349e+03
   3  theta        4.85109e-05   1.07088e-03   7.40879e-04  -1.08126e+02
   4  pileup       9.99894e-04   1.05078e-07   8.39497e-07   2.74914e+05
 EXTERNAL ERROR MATRIX.    NDIM=  25    NPAR=  4    ERR DEF=1
  2.163e+04 -2.101e-03 -1.558e-01  2.005e-06 
 -2.101e-03  2.048e-10  1.524e-08 -1.970e-13 
 -1.558e-01  1.524e-08  1.147e-06 -9.664e-12 
  2.005e-06 -1.970e-13 -9.664e-12  1.104e-14 
ERR MATRIX APPROXIMATE
 PARAMETER  CORRELATION COEFFICIENTS  
       NO.  GLOBAL      1      2      3      4
        1  0.99879   1.000 -0.998 -0.989  0.130
        2  0.99947  -0.998  1.000  0.995 -0.131
        3  0.99736  -0.989  0.995  1.000 -0.086
        4  0.54456   0.130 -0.131 -0.086  1.000
 ERR MATRIX APPROXIMATE
status of the fit-----000------4
1  558947
2  0.565005
3  4.85109e-05
4  0.000999894
 PARAMETER DEFINITIONS:
    NO.   NAME         VALUE      STEP SIZE      LIMITS
     1 norm         5.58947e+05  1.00000e-01     no limits
     2 Q            5.65005e-01  1.00000e-01     no limits
     3 theta        4.85109e-05  1.00000e-01     no limits
     4 pileup       9.99894e-04  1.00000e-01     no limits
 **********
 **    5 **MIGRAD
 **********
 FIRST CALL TO USER FUNCTION AT NEW START POINT, WITH IFLAG=4.
 START MIGRAD MINIMIZATION.  STRATEGY  1.  CONVERGENCE WHEN EDM .LT. 1.00e-04
 FCN=-2.37864e+11 FROM MIGRAD    STATUS=INITIATE       16 CALLS         718 TOTAL
                     EDM= unknown      STRATEGY= 1      NO ERROR MATRIX       
  EXT PARAMETER               CURRENT GUESS       STEP         FIRST   
  NO.   NAME      VALUE            ERROR          SIZE      DERIVATIVE 
   1  norm         5.58947e+05   1.00000e-01   1.00000e-01   2.61062e-03
   2  Q            5.65005e-01   1.00000e-01   1.00000e-01   6.29847e+06
   3  theta        4.85109e-05   1.00000e-01   1.00000e-01   1.54688e+04
   4  pileup       9.99894e-04   1.00000e-01   1.00000e-01  -9.18058e+11
 MIGRAD FAILS TO FIND IMPROVEMENT
 COVARIANCE MATRIX CALCULATED SUCCESSFULLY
 FCN=-2.37864e+11 FROM HESSE     STATUS=OK             29 CALLS         758 TOTAL
                     EDM=0.0587337    STRATEGY= 1      ERROR MATRIX ACCURATE 
  EXT PARAMETER                                   STEP         FIRST   
  NO.   NAME      VALUE            ERROR          SIZE      DERIVATIVE 
   1  norm         5.58947e+05   1.90836e+02   2.66527e+00   2.51902e-03
   2  Q            5.65005e-01   1.82280e-05   1.00000e-03   7.10705e+03
   3  theta        4.85109e-05   1.59561e-03   1.85126e-02  -8.30830e+01
   4  pileup       9.99894e-04   9.24449e-08   1.00000e-02  -3.19411e+05
 MIGRAD FAILS TO FIND IMPROVEMENT
 MACHINE ACCURACY LIMITS FURTHER IMPROVEMENT.
 MIGRAD MINIMIZATION HAS CONVERGED.
 FCN=-2.37864e+11 FROM MIGRAD    STATUS=CONVERGED      66 CALLS         768 TOTAL
                     EDM=0.0587337    STRATEGY= 1      ERROR MATRIX ACCURATE 
  EXT PARAMETER                                   STEP         FIRST   
  NO.   NAME      VALUE            ERROR          SIZE      DERIVATIVE 
   1  norm         5.58947e+05   1.90836e+02  -0.00000e+00   2.51902e-03
   2  Q            5.65005e-01   1.82280e-05   0.00000e+00   7.10705e+03
   3  theta        4.85109e-05   1.59561e-03   0.00000e+00  -8.30830e+01
   4  pileup       9.99894e-04   9.24449e-08   0.00000e+00  -3.19411e+05
 EXTERNAL ERROR MATRIX.    NDIM=  25    NPAR=  4    ERR DEF=1
  3.642e+04 -3.474e-03 -3.030e-01 -2.598e-07 
 -3.474e-03  3.323e-10  2.903e-08  1.639e-14 
 -3.030e-01  2.903e-08  2.546e-06  2.396e-12 
 -2.598e-07  1.639e-14  2.396e-12  8.546e-15 
 PARAMETER  CORRELATION COEFFICIENTS  
       NO.  GLOBAL      1      2      3      4
        1  0.99928   1.000 -0.999 -0.995 -0.015
        2  0.99972  -0.999  1.000  0.998  0.010
        3  0.99881  -0.995  0.998  1.000  0.016
        4  0.23284  -0.015  0.010  0.016  1.000
 **********
 **    6 **MIGRAD 
 **********
 START MIGRAD MINIMIZATION.  STRATEGY  1.  CONVERGENCE WHEN EDM .LT. 1.00e-04
 FCN=-2.37864e+11 FROM MIGRAD    STATUS=INITIATE        8 CALLS         776 TOTAL
                     EDM=4.72725    STRATEGY= 1      ERROR MATRIX ACCURATE 
  EXT PARAMETER                                   STEP         FIRST   
  NO.   NAME      VALUE            ERROR          SIZE      DERIVATIVE 
   1  norm         5.58947e+05   1.90836e+02  -0.00000e+00   2.60204e-03
   2  Q            5.65005e-01   1.82280e-05   0.00000e+00   7.18852e+03
   3  theta        4.85109e-05   1.59561e-03   0.00000e+00   2.38415e+03
   4  pileup       9.99894e-04   9.24449e-08   0.00000e+00  -2.93679e+07
 MIGRAD FAILS TO FIND IMPROVEMENT
 EIGENVALUES OF SECOND-DERIVATIVE MATRIX:
        -3.7470e-02  4.9724e-01  6.6645e-01  2.8738e+00
 MINUIT WARNING IN HESSE   
 ============== MATRIX FORCED POS-DEF BY ADDING 0.040344 TO DIAGONAL.
 FCN=-2.37864e+11 FROM HESSE     STATUS=NOT POSDEF     29 CALLS         839 TOTAL
                     EDM=0.000618824    STRATEGY= 1      ERR MATRIX NOT POS-DEF
  EXT PARAMETER                APPROXIMATE        STEP         FIRST   
  NO.   NAME      VALUE            ERROR          SIZE      DERIVATIVE 
   1  norm         5.58947e+05   1.15727e+01   5.33053e+01   2.63925e-03
   2  Q            5.65005e-01   5.14294e-06   5.54948e-04   7.19622e+03
   3  theta        4.85055e-05   1.03922e-03   1.85222e-02  -8.59028e+01
   4  pileup       9.99894e-04   1.09324e-07   2.09860e-05   2.29107e+05
 MIGRAD FAILS TO FIND IMPROVEMENT
 MACHINE ACCURACY LIMITS FURTHER IMPROVEMENT.
 MIGRAD MINIMIZATION HAS CONVERGED.
 MIGRAD WILL VERIFY CONVERGENCE AND ERROR MATRIX.
 EIGENVALUES OF SECOND-DERIVATIVE MATRIX:
        -2.1956e-04  3.7155e-01  8.5103e-01  2.7776e+00
 MINUIT WARNING IN HESSE   
 ============== MATRIX FORCED POS-DEF BY ADDING 0.002997 TO DIAGONAL.
 MIGRAD TERMINATED WITHOUT CONVERGENCE.
 FCN=-2.37864e+11 FROM MIGRAD    STATUS=FAILED        125 CALLS         893 TOTAL
                     EDM=0.000753143    STRATEGY= 1      ERR MATRIX NOT POS-DEF
  EXT PARAMETER                APPROXIMATE        STEP         FIRST   
  NO.   NAME      VALUE            ERROR          SIZE      DERIVATIVE 
   1  norm         5.58947e+05   9.68650e+01   1.06611e+02   2.60132e-03
   2  Q            5.65005e-01   3.14467e-05   9.42187e-05   7.19790e+03
   3  theta        4.85057e-05   1.11590e-04   7.40889e-03  -1.06580e+02
   4  pileup       9.99894e-04   1.04086e-07   8.39442e-06   2.67388e+05
 EXTERNAL ERROR MATRIX.    NDIM=  25    NPAR=  4    ERR DEF=1
  9.383e+03 -3.032e-03 -1.551e-03 -5.806e-07 
 -3.032e-03  9.889e-10  6.846e-10  1.841e-13 
 -1.551e-03  6.846e-10  1.245e-08  5.089e-12 
 -5.806e-07  1.841e-13  5.089e-12  1.083e-14 
ERR MATRIX NOT POS-DEF
 PARAMETER  CORRELATION COEFFICIENTS  
       NO.  GLOBAL      1      2      3      4
        1  0.99721   1.000 -0.996 -0.143 -0.058
        2  0.99726  -0.996  1.000  0.195  0.056
        3  0.71808  -0.143  0.195  1.000  0.438
        4  0.53407  -0.058  0.056  0.438  1.000
 ERR MATRIX NOT POS-DEF
status of the fit-----000------4
1  558947
2  0.565005
3  4.85057e-05
4  0.000999894
 **********
 **   19 **SET PRINT           2
 **********
 **********
 **   20 **SET NOGRAD
 **********
 PARAMETER DEFINITIONS:
    NO.   NAME         VALUE      STEP SIZE      LIMITS
     1 p0           5.58000e+05  1.67400e+05     no limits
     2 p1           5.65000e-01  1.69500e-01     no limits
     3 p2           0.00000e+00  3.00000e-01     no limits
     4 p3           9.99871e-04  2.99961e-04     no limits
 **********
 **   21 **SET ERR         0.5
 **********
 **********
 **   22 **SET PRINT           2
 **********
 **********
 **   23 **SET STR           1
 **********
 NOW USING STRATEGY  1: TRY TO BALANCE SPEED AGAINST RELIABILITY
 **********
 **   24 **MIGRAD        1480        0.01
 **********
 FIRST CALL TO USER FUNCTION AT NEW START POINT, WITH IFLAG=4.
 START MIGRAD MINIMIZATION.  STRATEGY  1.  CONVERGENCE WHEN EDM .LT. 1.00e-05
 FCN=17527.5 FROM MIGRAD    STATUS=INITIATE       18 CALLS          19 TOTAL
                     EDM= unknown      STRATEGY= 1      NO ERROR MATRIX       
  EXT PARAMETER               CURRENT GUESS       STEP         FIRST   
  NO.   NAME      VALUE            ERROR          SIZE      DERIVATIVE 
   1  p0           5.58000e+05   1.67400e+05   1.67400e+05  -3.64924e+01
   2  p1           5.65000e-01   1.69500e-01   1.69500e-01  -1.13281e+08
   3  p2           0.00000e+00   3.00000e-01   3.00000e-01   2.09610e+06
   4  p3           9.99871e-04   2.99961e-04   2.99961e-04  -9.69303e+08
                               ERR DEF= 0.5
NO ERROR MATRIX       
 FCN=1354.09 FROM MIGRAD    STATUS=PROGRESS       36 CALLS          37 TOTAL
                     EDM=4140.15    STRATEGY= 1      NO ERROR MATRIX       
  EXT PARAMETER               CURRENT GUESS       STEP         FIRST   
  NO.   NAME      VALUE            ERROR          SIZE      DERIVATIVE 
   1  p0           5.58357e+05   1.67400e+05   3.57326e+02  -2.52448e+00
   2  p1           5.65115e-01   1.69500e-01   1.15232e-04  -7.77943e+06
   3  p2          -2.37256e-03   3.00000e-01  -2.37256e-03  -4.71046e+05
   4  p3           1.00128e-03   2.99961e-04   1.40733e-06   5.24435e+08
                               ERR DEF= 0.5
 MIGRAD MINIMIZATION HAS CONVERGED.
 MIGRAD WILL VERIFY CONVERGENCE AND ERROR MATRIX.
   START COVARIANCE MATRIX CALCULATION.
 EIGENVALUES OF SECOND-DERIVATIVE MATRIX:
         1.2445e-05  3.8509e-01  8.5135e-01  2.7635e+00
 COVARIANCE MATRIX CALCULATED SUCCESSFULLY
 FCN=74.2509 FROM HESSE     STATUS=OK             29 CALLS          99 TOTAL
                     EDM=0.00104521    STRATEGY= 1      ERROR MATRIX ACCURATE 
  EXT PARAMETER                                   STEP         FIRST   
  NO.   NAME      VALUE            ERROR          SIZE      DERIVATIVE 
   1  p0           5.58479e+05   1.03237e+03   2.66304e-01   3.24049e-05
   2  p1           5.65154e-01   3.27871e-04   2.69487e-07  -1.35164e+02
   3  p2          -1.07994e-04   4.21068e-04   3.24714e-07  -8.49933e+01
   4  p3           9.99595e-04   3.29944e-07   4.76644e-10   8.24426e+03
                               ERR DEF= 0.5
 PARAMETER  CORRELATION COEFFICIENTS  
       NO.  GLOBAL      1      2      3      4
        1  0.99999   1.000 -1.000  0.983  0.976
        2  0.99999  -1.000  1.000 -0.982 -0.976
        3  0.99117   0.983 -0.982  1.000  0.976
        4  0.98254   0.976 -0.976  0.976  1.000
 FCN=74.2508 FROM MIGRAD    STATUS=PROGRESS      110 CALLS         111 TOTAL
                     EDM=0.000152996    STRATEGY= 1      ERROR MATRIX ACCURATE 
  EXT PARAMETER                                   STEP         FIRST   
  NO.   NAME      VALUE            ERROR          SIZE      DERIVATIVE 
   1  p0           5.58477e+05   1.03237e+03  -2.33573e+00   7.95071e-05
   2  p1           5.65155e-01   3.27871e-04   7.42204e-07   3.94972e+01
   3  p2          -1.08905e-04   4.21068e-04  -9.11082e-07  -1.42121e+02
   4  p3           9.99594e-04   3.29944e-07  -7.21513e-10  -6.61726e+04
                               ERR DEF= 0.5
 MIGRAD MINIMIZATION HAS CONVERGED.
 MIGRAD WILL VERIFY CONVERGENCE AND ERROR MATRIX.
   START COVARIANCE MATRIX CALCULATION.
 EIGENVALUES OF SECOND-DERIVATIVE MATRIX:
         1.9587e-03  3.7524e-01  8.8546e-01  2.7373e+00
 COVARIANCE MATRIX CALCULATED SUCCESSFULLY
 MIGRAD TERMINATED WITHOUT CONVERGENCE.
 FCN=74.2431 FROM MIGRAD    STATUS=FAILED        220 CALLS         221 TOTAL
                     EDM=0.000119275    STRATEGY= 1      ERR MATRIX APPROXIMATE
  EXT PARAMETER                APPROXIMATE        STEP         FIRST   
  NO.   NAME      VALUE            ERROR          SIZE      DERIVATIVE 
   1  p0           5.58288e+05   8.19633e+01   2.66213e-01   5.75359e-05
   2  p1           5.65216e-01   2.62637e-05   2.69516e-07   1.25313e+01
   3  p2          -9.76172e-05   7.72274e-05   3.14246e-07   1.10527e+02
   4  p3           9.99596e-04   7.51218e-08   4.76644e-10   6.32668e+03
                               ERR DEF= 0.5
 EXTERNAL ERROR MATRIX.    NDIM=  25    NPAR=  4    ERR DEF=0.5
  6.718e+03 -2.146e-03  1.804e-03  1.921e-06 
 -2.146e-03  6.898e-10 -4.964e-10 -6.151e-13 
  1.804e-03 -4.964e-10  5.964e-09  2.907e-12 
  1.921e-06 -6.151e-13  2.907e-12  5.643e-15 
ERR MATRIX APPROXIMATE
 PARAMETER  CORRELATION COEFFICIENTS  
       NO.  GLOBAL      1      2      3      4
        1  0.99805   1.000 -0.997  0.285  0.312
        2  0.99803  -0.997  1.000 -0.245 -0.312
        3  0.72696   0.285 -0.245  1.000  0.501
        4  0.59927   0.312 -0.312  0.501  1.000
 ERR MATRIX APPROXIMATE
 FCN=74.2431 FROM MIGRAD    STATUS=FAILED        220 CALLS         221 TOTAL
                     EDM=0.000119275    STRATEGY= 1      ERR MATRIX APPROXIMATE
  EXT PARAMETER                  PARABOLIC         MINOS ERRORS        
  NO.   NAME      VALUE            ERROR      NEGATIVE      POSITIVE   
   1  p0           5.58288e+05   8.19633e+01                            
   2  p1           5.65216e-01   2.62637e-05                            
   3  p2          -9.76172e-05   7.72274e-05                            
   4  p3           9.99596e-04   7.51218e-08                            
                               ERR DEF= 0.5
 **********
 **   25 **SET PRINT           2
 **********
 **********
 **   26 **SET NOGRAD
 **********
 PARAMETER DEFINITIONS:
    NO.   NAME         VALUE      STEP SIZE      LIMITS
     1 p0           5.58288e+05  8.19633e+01     no limits
     2 p1           5.65216e-01  2.62637e-05     no limits
     3 p2          -9.76172e-05  7.72274e-05     no limits
     4 p3           9.99596e-04  7.51218e-08     no limits
 **********
 **   27 **SET ERR         0.5
 **********
 **********
 **   28 **SET PRINT           2
 **********
 **********
 **   29 **SET STR           1
 **********
 NOW USING STRATEGY  1: TRY TO BALANCE SPEED AGAINST RELIABILITY
 **********
 **   30 **MIGRAD        1480        0.01
 **********
 FIRST CALL TO USER FUNCTION AT NEW START POINT, WITH IFLAG=4.
 START MIGRAD MINIMIZATION.  STRATEGY  1.  CONVERGENCE WHEN EDM .LT. 1.00e-05
 FCN=74.2431 FROM MIGRAD    STATUS=INITIATE       14 CALLS          15 TOTAL
                     EDM= unknown      STRATEGY= 1      NO ERROR MATRIX       
  EXT PARAMETER               CURRENT GUESS       STEP         FIRST   
  NO.   NAME      VALUE            ERROR          SIZE      DERIVATIVE 
   1  p0           5.58288e+05   8.19633e+01   8.19633e+01   1.53179e-06
   2  p1           5.65216e-01   2.62637e-05   2.62637e-05   9.41677e+00
   3  p2          -9.76172e-05   7.72274e-05   7.72274e-05  -1.27656e+00
   4  p3           9.99596e-04   7.51218e-08   7.51218e-08   3.37502e+03
                               ERR DEF= 0.5
NO ERROR MATRIX       
 MIGRAD FAILS TO FIND IMPROVEMENT
   START COVARIANCE MATRIX CALCULATION.
 EIGENVALUES OF SECOND-DERIVATIVE MATRIX:
         1.9460e-03  4.0313e-01  8.8385e-01  2.7111e+00
 COVARIANCE MATRIX CALCULATED SUCCESSFULLY
 FCN=74.2431 FROM HESSE     STATUS=OK             31 CALLS          49 TOTAL
                     EDM=3.47541e-05    STRATEGY= 1      ERROR MATRIX ACCURATE 
  EXT PARAMETER                                   STEP         FIRST   
  NO.   NAME      VALUE            ERROR          SIZE      DERIVATIVE 
   1  p0           5.58288e+05   8.22191e+01   2.66213e-01   5.75359e-05
   2  p1           5.65216e-01   2.63501e-05   2.69516e-07   1.25313e+01
   3  p2          -9.76172e-05   7.27003e-05   3.27773e-07  -1.19328e+02
   4  p3           9.99596e-04   7.40842e-08   4.76644e-10   6.32668e+03
                               ERR DEF= 0.5
 PARAMETER  CORRELATION COEFFICIENTS  
       NO.  GLOBAL      1      2      3      4
        1  0.99807   1.000 -0.997  0.295  0.312
        2  0.99804  -0.997  1.000 -0.257 -0.314
        3  0.70881   0.295 -0.257  1.000  0.479
        4  0.58399   0.312 -0.314  0.479  1.000
 MIGRAD FAILS TO FIND IMPROVEMENT
 MIGRAD TERMINATED WITHOUT CONVERGENCE.
 FCN=74.2431 FROM MIGRAD    STATUS=FAILED         56 CALLS          57 TOTAL
                     EDM=3.47541e-05    STRATEGY= 1      ERR MATRIX APPROXIMATE
  EXT PARAMETER                APPROXIMATE        STEP         FIRST   
  NO.   NAME      VALUE            ERROR          SIZE      DERIVATIVE 
   1  p0           5.58288e+05   8.22191e+01  -0.00000e+00   5.75359e-05
   2  p1           5.65216e-01   2.63501e-05   0.00000e+00   1.25313e+01
   3  p2          -9.76172e-05   7.27003e-05   0.00000e+00  -1.19328e+02
   4  p3           9.99596e-04   7.40842e-08   0.00000e+00   6.32668e+03
                               ERR DEF= 0.5
 EXTERNAL ERROR MATRIX.    NDIM=  25    NPAR=  4    ERR DEF=0.5
  6.760e+03 -2.160e-03  1.763e-03  1.903e-06 
 -2.160e-03  6.943e-10 -4.924e-10 -6.138e-13 
  1.763e-03 -4.924e-10  5.285e-09  2.582e-12 
  1.903e-06 -6.138e-13  2.582e-12  5.488e-15 
ERR MATRIX APPROXIMATE
 PARAMETER  CORRELATION COEFFICIENTS  
       NO.  GLOBAL      1      2      3      4
        1  0.99807   1.000 -0.997  0.295  0.312
        2  0.99804  -0.997  1.000 -0.257 -0.314
        3  0.70881   0.295 -0.257  1.000  0.479
        4  0.58399   0.312 -0.314  0.479  1.000
 ERR MATRIX APPROXIMATE
 FCN=74.2431 FROM MIGRAD    STATUS=FAILED         56 CALLS          57 TOTAL
                     EDM=3.47541e-05    STRATEGY= 1      ERR MATRIX APPROXIMATE
  EXT PARAMETER                  PARABOLIC         MINOS ERRORS        
  NO.   NAME      VALUE            ERROR      NEGATIVE      POSITIVE   
   1  p0           5.58288e+05   8.22191e+01                            
   2  p1           5.65216e-01   2.63501e-05                            
   3  p2          -9.76172e-05   7.27003e-05                            
   4  p3           9.99596e-04   7.40842e-08                            
                               ERR DEF= 0.5
 **********
 **   31 **SET PRINT           2
 **********
 **********
 **   32 **SET NOGRAD
 **********
 PARAMETER DEFINITIONS:
    NO.   NAME         VALUE      STEP SIZE      LIMITS
     1 p0           5.58288e+05  8.22191e+01     no limits
     2 p1           5.65216e-01  2.63501e-05     no limits
     3 p2          -9.76172e-05  7.27003e-05     no limits
     4 p3           9.99596e-04  7.40842e-08     no limits
 **********
 **   33 **SET ERR         0.5
 **********
 **********
 **   34 **SET PRINT           2
 **********
 **********
 **   35 **SET STR           1
 **********
 NOW USING STRATEGY  1: TRY TO BALANCE SPEED AGAINST RELIABILITY
 **********
 **   36 **MIGRAD        1480        0.01
 **********
 FIRST CALL TO USER FUNCTION AT NEW START POINT, WITH IFLAG=4.
 START MIGRAD MINIMIZATION.  STRATEGY  1.  CONVERGENCE WHEN EDM .LT. 1.00e-05
 FCN=74.2431 FROM MIGRAD    STATUS=INITIATE       14 CALLS          15 TOTAL
                     EDM= unknown      STRATEGY= 1      NO ERROR MATRIX       
  EXT PARAMETER               CURRENT GUESS       STEP         FIRST   
  NO.   NAME      VALUE            ERROR          SIZE      DERIVATIVE 
   1  p0           5.58288e+05   8.22191e+01   8.22191e+01   1.53179e-06
   2  p1           5.65216e-01   2.63501e-05   2.63501e-05   9.41677e+00
   3  p2          -9.76172e-05   7.27003e-05   7.27003e-05   5.31053e+00
   4  p3           9.99596e-04   7.40842e-08   7.40842e-08   3.37502e+03
                               ERR DEF= 0.5
NO ERROR MATRIX       
 MIGRAD FAILS TO FIND IMPROVEMENT
   START COVARIANCE MATRIX CALCULATION.
 EIGENVALUES OF SECOND-DERIVATIVE MATRIX:
         1.9002e-03  3.3857e-01  9.1775e-01  2.7418e+00
 COVARIANCE MATRIX CALCULATED SUCCESSFULLY
 FCN=74.2431 FROM HESSE     STATUS=OK             31 CALLS          49 TOTAL
                     EDM=6.13544e-05    STRATEGY= 1      ERROR MATRIX ACCURATE 
  EXT PARAMETER                                   STEP         FIRST   
  NO.   NAME      VALUE            ERROR          SIZE      DERIVATIVE 
   1  p0           5.58288e+05   8.32619e+01   2.66213e-01   5.75359e-05
   2  p1           5.65216e-01   2.66397e-05   2.69516e-07   1.25313e+01
   3  p2          -9.76172e-05   7.85931e-05   3.24595e-07   1.07232e+02
   4  p3           9.99596e-04   7.96273e-08   4.76644e-10   6.32668e+03
                               ERR DEF= 0.5
 PARAMETER  CORRELATION COEFFICIENTS  
       NO.  GLOBAL      1      2      3      4
        1  0.99811   1.000 -0.997  0.331  0.348
        2  0.99808  -0.997  1.000 -0.294 -0.346
        3  0.75597   0.331 -0.294  1.000  0.577
        4  0.65544   0.348 -0.346  0.577  1.000
 MIGRAD FAILS TO FIND IMPROVEMENT
 MIGRAD TERMINATED WITHOUT CONVERGENCE.
 FCN=74.2431 FROM MIGRAD    STATUS=FAILED         56 CALLS          57 TOTAL
                     EDM=6.13544e-05    STRATEGY= 1      ERR MATRIX APPROXIMATE
  EXT PARAMETER                APPROXIMATE        STEP         FIRST   
  NO.   NAME      VALUE            ERROR          SIZE      DERIVATIVE 
   1  p0           5.58288e+05   8.32619e+01  -0.00000e+00   5.75359e-05
   2  p1           5.65216e-01   2.66397e-05   0.00000e+00   1.25313e+01
   3  p2          -9.76172e-05   7.85931e-05  -0.00000e+00   1.07232e+02
   4  p3           9.99596e-04   7.96273e-08  -0.00000e+00   6.32668e+03
                               ERR DEF= 0.5
 EXTERNAL ERROR MATRIX.    NDIM=  25    NPAR=  4    ERR DEF=0.5
  6.933e+03 -2.212e-03  2.167e-03  2.309e-06 
 -2.212e-03  7.097e-10 -6.149e-10 -7.329e-13 
  2.167e-03 -6.149e-10  6.177e-09  3.613e-12 
  2.309e-06 -7.329e-13  3.613e-12  6.341e-15 
ERR MATRIX APPROXIMATE
 PARAMETER  CORRELATION COEFFICIENTS  
       NO.  GLOBAL      1      2      3      4
        1  0.99811   1.000 -0.997  0.331  0.348
        2  0.99808  -0.997  1.000 -0.294 -0.346
        3  0.75597   0.331 -0.294  1.000  0.577
        4  0.65544   0.348 -0.346  0.577  1.000
 ERR MATRIX APPROXIMATE
 FCN=74.2431 FROM MIGRAD    STATUS=FAILED         56 CALLS          57 TOTAL
                     EDM=6.13544e-05    STRATEGY= 1      ERR MATRIX APPROXIMATE
  EXT PARAMETER                  PARABOLIC         MINOS ERRORS        
  NO.   NAME      VALUE            ERROR      NEGATIVE      POSITIVE   
   1  p0           5.58288e+05   8.32619e+01                            
   2  p1           5.65216e-01   2.66397e-05                            
   3  p2          -9.76172e-05   7.85931e-05                            
   4  p3           9.99596e-04   7.96273e-08                            
                               ERR DEF= 0.5
------------------------------------------
Enering ROOFIt-------
 PARAMETER DEFINITIONS:
    NO.   NAME         VALUE      STEP SIZE      LIMITS
     1 norm         5.58288e+05  1.00000e-01     no limits
     2 Q            5.65000e-01  1.00000e-01     no limits
     3 theta        0.00000e+00  1.00000e-01     no limits
     4 pileup       9.99596e-04  1.00000e-01     no limits
 **********
 **    1 **MIGRAD
 **********
 FIRST CALL TO USER FUNCTION AT NEW START POINT, WITH IFLAG=4.
 START MIGRAD MINIMIZATION.  STRATEGY  1.  CONVERGENCE WHEN EDM .LT. 1.00e-04
 FCN=-2.37862e+11 FROM MIGRAD    STATUS=INITIATE       16 CALLS          17 TOTAL
                     EDM= unknown      STRATEGY= 1      NO ERROR MATRIX       
  EXT PARAMETER               CURRENT GUESS       STEP         FIRST   
  NO.   NAME      VALUE            ERROR          SIZE      DERIVATIVE 
   1  norm         5.58288e+05   1.00000e-01   1.00000e-01  -2.57709e+01
   2  Q            5.65000e-01   1.00000e-01   1.00000e-01  -3.90073e+08
   3  theta        0.00000e+00   1.00000e-01   1.00000e-01   1.52277e+06
   4  pileup       9.99596e-04   1.00000e-01   1.00000e-01  -9.18959e+11
 MIGRAD FAILS TO FIND IMPROVEMENT
 MACHINE ACCURACY LIMITS FURTHER IMPROVEMENT.
 MIGRAD MINIMIZATION HAS CONVERGED.
 FCN=-2.37862e+11 FROM MIGRAD    STATUS=CONVERGED     383 CALLS         384 TOTAL
                     EDM=0.0700246    STRATEGY= 1  ERROR MATRIX UNCERTAINTY   3.4 per cent
  EXT PARAMETER                                   STEP         FIRST   
  NO.   NAME      VALUE            ERROR          SIZE      DERIVATIVE 
   1  norm         5.58951e+05   9.51287e+00  -0.00000e+00   5.83643e-03
   2  Q            5.65002e-01   2.35614e-13   0.00000e+00   2.19104e+05
   3  theta       -1.29611e-04   1.18981e-04  -0.00000e+00   6.50051e+03
   4  pileup       9.99656e-04   3.34641e-08  -0.00000e+00  -1.28243e+07
 EXTERNAL ERROR MATRIX.    NDIM=  25    NPAR=  4    ERR DEF=1
  9.049e+01 -2.041e-13  7.409e-04  1.539e-07 
 -2.041e-13  5.551e-26 -4.273e-18 -1.807e-21 
  7.409e-04 -4.273e-18  1.416e-08  3.027e-12 
  1.539e-07 -1.807e-21  3.027e-12  1.120e-15 
 PARAMETER  CORRELATION COEFFICIENTS  
       NO.  GLOBAL      1      2      3      4
        1  0.65502   1.000 -0.091  0.655  0.483
        2  0.23168  -0.091  1.000 -0.152 -0.229
        3  0.82807   0.655 -0.152  1.000  0.760
        4  0.76896   0.483 -0.229  0.760  1.000
 **********
 **    2 **MIGRAD 
 **********
 START MIGRAD MINIMIZATION.  STRATEGY  1.  CONVERGENCE WHEN EDM .LT. 1.00e-04
 FCN=-2.37862e+11 FROM MIGRAD    STATUS=INITIATE       12 CALLS         396 TOTAL
                     EDM=0.0865673    STRATEGY= 1  ERROR MATRIX UNCERTAINTY   3.4 per cent
  EXT PARAMETER                                   STEP         FIRST   
  NO.   NAME      VALUE            ERROR          SIZE      DERIVATIVE 
   1  norm         5.58951e+05   9.51287e+00  -0.00000e+00   5.83641e-03
   2  Q            5.65002e-01   2.35614e-13   0.00000e+00   1.19006e+08
   3  theta       -1.29611e-04   1.18981e-04  -0.00000e+00   6.50052e+03
   4  pileup       9.99656e-04   3.34641e-08  -0.00000e+00  -1.28243e+07
 MIGRAD FAILS TO FIND IMPROVEMENT
 MACHINE ACCURACY LIMITS FURTHER IMPROVEMENT.
 MIGRAD MINIMIZATION HAS CONVERGED.
 FCN=-2.37862e+11 FROM MIGRAD    STATUS=CONVERGED      22 CALLS         406 TOTAL
                     EDM=0.0865673    STRATEGY= 1  ERROR MATRIX UNCERTAINTY   3.4 per cent
  EXT PARAMETER                                   STEP         FIRST   
  NO.   NAME      VALUE            ERROR          SIZE      DERIVATIVE 
   1  norm         5.58951e+05   9.51287e+00  -0.00000e+00   5.83641e-03
   2  Q            5.65002e-01   2.35614e-13   0.00000e+00   1.19006e+08
   3  theta       -1.29611e-04   1.18981e-04  -0.00000e+00   6.50052e+03
   4  pileup       9.99656e-04   3.34641e-08  -0.00000e+00  -1.28243e+07
 EXTERNAL ERROR MATRIX.    NDIM=  25    NPAR=  4    ERR DEF=1
  9.049e+01 -2.041e-13  7.409e-04  1.539e-07 
 -2.041e-13  5.551e-26 -4.273e-18 -1.807e-21 
  7.409e-04 -4.273e-18  1.416e-08  3.027e-12 
  1.539e-07 -1.807e-21  3.027e-12  1.120e-15 
 PARAMETER  CORRELATION COEFFICIENTS  
       NO.  GLOBAL      1      2      3      4
        1  0.65502   1.000 -0.091  0.655  0.483
        2  0.23168  -0.091  1.000 -0.152 -0.229
        3  0.82807   0.655 -0.152  1.000  0.760
        4  0.76896   0.483 -0.229  0.760  1.000
status of the fit-----000------0
1  558951
2  0.565002
3  -0.000129611
4  0.000999656
