  *******************************************
  *                                         *
  *        W E L C O M E  to  R O O T       *
  *                                         *
  *   Version   5.34/36      5 April 2016   *
  *                                         *
  *  You are welcome to visit our Web site  *
  *          http://root.cern.ch            *
  *                                         *
  *******************************************

ROOT 5.34/36 (v5-34-36@v5-34-36, Apr 05 2016, 10:25:45 on linuxx8664gcc)

CINT/ROOT C/C++ Interpreter version 5.18.00, July 2, 2010
Type ? for help. Commands must be C++ statements.
Enclose multiple statements between { }.
Loading root init file.
The rat/rootinit.C file loaded the DEAP style for you, which is available from the fStyle pointer.
DEAP style applied. 
RAT: Libraries loaded.

Processing /home/fatemigh/projects/rpp-jillings/fatemigh/sterile/Likelihood/LikelihoodSterile_modified6.C+(397)...
pased here
566 lines read from file
31
spec_E  566
Before entering fitting
 **********
 **    1 **SET PRINT           2
 **********
 **********
 **    2 **SET NOGRAD
 **********
 PARAMETER DEFINITIONS:
    NO.   NAME         VALUE      STEP SIZE      LIMITS
     1 p0           5.58000e+05  1.67400e+05     no limits
     2 p1           5.65000e-01  1.69500e-01     no limits
     3 p2           0.00000e+00  3.00000e-01     no limits
     4 p3           9.99871e-04  2.99961e-04     no limits
 **********
 **    3 **SET ERR         0.5
 **********
 **********
 **    4 **SET PRINT           2
 **********
 **********
 **    5 **SET STR           1
 **********
 NOW USING STRATEGY  1: TRY TO BALANCE SPEED AGAINST RELIABILITY
 **********
 **    6 **MIGRAD        1480        0.01
 **********
 FIRST CALL TO USER FUNCTION AT NEW START POINT, WITH IFLAG=4.
 START MIGRAD MINIMIZATION.  STRATEGY  1.  CONVERGENCE WHEN EDM .LT. 1.00e-05
 FCN=17280.3 FROM MIGRAD    STATUS=INITIATE       16 CALLS          17 TOTAL
                     EDM= unknown      STRATEGY= 1      NO ERROR MATRIX       
  EXT PARAMETER               CURRENT GUESS       STEP         FIRST   
  NO.   NAME      VALUE            ERROR          SIZE      DERIVATIVE 
   1  p0           5.58000e+05   1.67400e+05   1.67400e+05  -3.62338e+01
   2  p1           5.65000e-01   1.69500e-01   1.69500e-01  -5.11784e+08
   3  p2           0.00000e+00   3.00000e-01   3.00000e-01   0.00000e+00
   4  p3           9.99871e-04   2.99961e-04   2.99961e-04  -9.95000e+08
                               ERR DEF= 0.5
NO ERROR MATRIX       
 FCN=1089.45 FROM MIGRAD    STATUS=PROGRESS       33 CALLS          34 TOTAL
                     EDM=3030.23    STRATEGY= 1      NO ERROR MATRIX       
  EXT PARAMETER               CURRENT GUESS       STEP         FIRST   
  NO.   NAME      VALUE            ERROR          SIZE      DERIVATIVE 
   1  p0           5.58692e+05   1.67400e+05   6.92021e+02  -2.06830e+00
   2  p1           5.65040e-01   1.69500e-01   4.01828e-05  -6.39241e+06
   3  p2           0.00000e+00   3.00000e-01  -0.00000e+00   0.00000e+00
   4  p3           1.00269e-03   2.99961e-04   2.81742e-06   6.00376e+08
                               ERR DEF= 0.5
 MIGRAD FAILS TO FIND IMPROVEMENT
   START COVARIANCE MATRIX CALCULATION.
 EIGENVALUES OF SECOND-DERIVATIVE MATRIX:
         1.1628e-04  8.0091e-01  1.0147e+00  2.1843e+00
 COVARIANCE MATRIX CALCULATED SUCCESSFULLY
 FCN=79.5727 FROM HESSE     STATUS=OK             27 CALLS         112 TOTAL
                     EDM=0.165431    STRATEGY= 1      ERROR MATRIX ACCURATE 
  EXT PARAMETER                                   STEP         FIRST   
  NO.   NAME      VALUE            ERROR          SIZE      DERIVATIVE 
   1  p0           5.58819e+05   3.35203e+02   2.66466e-01   1.42324e-04
   2  p1           5.65043e-01   1.08261e-04   2.69433e-07  -4.79517e+03
   3  p2           0.00000e+00   4.14102e-03   2.35759e-05   0.00000e+00
   4  p3           9.99793e-04   7.74573e-08   4.76738e-10   1.92352e+05
                               ERR DEF= 0.5
 PARAMETER  CORRELATION COEFFICIENTS  
       NO.  GLOBAL      1      2      3      4
        1  0.99988   1.000 -1.000 -0.039  0.549
        2  0.99988  -1.000  1.000  0.038 -0.554
        3  0.07298  -0.039  0.038  1.000  0.030
        4  0.61822   0.549 -0.554  0.030  1.000
 FCN=79.1814 FROM MIGRAD    STATUS=PROGRESS      121 CALLS         122 TOTAL
                     EDM=0.279207    STRATEGY= 1      ERROR MATRIX ACCURATE 
  EXT PARAMETER                                   STEP         FIRST   
  NO.   NAME      VALUE            ERROR          SIZE      DERIVATIVE 
   1  p0           5.58356e+05   3.35203e+02  -4.62521e+02  -8.59781e-04
   2  p1           5.65192e-01   1.08261e-04   1.49414e-04  -7.33675e+03
   3  p2           2.11938e-04   4.14102e-03   2.11938e-04   1.15179e+01
   4  p3           9.99732e-04   7.74573e-08  -6.10526e-08  -1.16292e+07
                               ERR DEF= 0.5
 EIGENVALUES OF SECOND-DERIVATIVE MATRIX:
        -1.0186e+00  3.8280e-01  1.0021e+00  3.6337e+00
 MINUIT WARNING IN MIGRAD  
 ============== MATRIX FORCED POS-DEF BY ADDING 1.022254 TO DIAGONAL.
 MIGRAD FAILS TO FIND IMPROVEMENT
 MIGRAD TERMINATED WITHOUT CONVERGENCE.
 FCN=77.9484 FROM MIGRAD    STATUS=FAILED        218 CALLS         219 TOTAL
                     EDM=1.12926    STRATEGY= 1  ERROR MATRIX UNCERTAINTY 100.0 per cent
  EXT PARAMETER                APPROXIMATE        STEP         FIRST   
  NO.   NAME      VALUE            ERROR          SIZE      DERIVATIVE 
   1  p0           5.57398e+05   5.46607e+00  -0.00000e+00   8.39254e-04
   2  p1           5.65501e-01   5.31417e-07   0.00000e+00  -3.44196e+05
   3  p2          -1.37431e-06   3.76161e-03   0.00000e+00   5.77384e-03
   4  p3           9.99747e-04   3.82801e-08   0.00000e+00   2.68503e+06
                               ERR DEF= 0.5
 EXTERNAL ERROR MATRIX.    NDIM=  25    NPAR=  4    ERR DEF=0.5
  2.988e+01 -9.614e-07 -1.180e-02 -1.035e-07 
 -9.614e-07  2.824e-13  2.076e-09  1.980e-14 
 -1.180e-02  2.076e-09  1.415e-05  1.539e-10 
 -1.035e-07  1.980e-14  1.539e-10  1.465e-15 
ERR MATRIX APPROXIMATE
 PARAMETER  CORRELATION COEFFICIENTS  
       NO.  GLOBAL      1      2      3      4
        1  0.81087   1.000 -0.331 -0.574 -0.494
        2  0.98815  -0.331  1.000  1.039  0.973
        3  1.07112  -0.574  1.039  1.000  1.069
        4  0.98952  -0.494  0.973  1.069  1.000
 ERR MATRIX APPROXIMATE
 FCN=77.9484 FROM MIGRAD    STATUS=FAILED        218 CALLS         219 TOTAL
                     EDM=1.12926    STRATEGY= 1  ERROR MATRIX UNCERTAINTY 100.0 per cent
  EXT PARAMETER                  PARABOLIC         MINOS ERRORS        
  NO.   NAME      VALUE            ERROR      NEGATIVE      POSITIVE   
   1  p0           5.57398e+05   5.46607e+00                            
   2  p1           5.65501e-01   5.31417e-07                            
   3  p2          -1.37431e-06   3.76161e-03                            
   4  p3           9.99747e-04   3.82801e-08                            
                               ERR DEF= 0.5
 **********
 **    7 **SET PRINT           2
 **********
 **********
 **    8 **SET NOGRAD
 **********
 PARAMETER DEFINITIONS:
    NO.   NAME         VALUE      STEP SIZE      LIMITS
     1 p0           5.57398e+05  5.46607e+00     no limits
     2 p1           5.65501e-01  5.31417e-07     no limits
     3 p2          -1.37431e-06  3.76161e-03     no limits
     4 p3           9.99747e-04  3.82801e-08     no limits
 **********
 **    9 **SET ERR         0.5
 **********
 **********
 **   10 **SET PRINT           2
 **********
 **********
 **   11 **SET STR           1
 **********
 NOW USING STRATEGY  1: TRY TO BALANCE SPEED AGAINST RELIABILITY
 **********
 **   12 **MIGRAD        1480        0.01
 **********
 FIRST CALL TO USER FUNCTION AT NEW START POINT, WITH IFLAG=4.
 START MIGRAD MINIMIZATION.  STRATEGY  1.  CONVERGENCE WHEN EDM .LT. 1.00e-05
 FCN=77.9484 FROM MIGRAD    STATUS=INITIATE        8 CALLS           9 TOTAL
                     EDM= unknown      STRATEGY= 1      NO ERROR MATRIX       
  EXT PARAMETER               CURRENT GUESS       STEP         FIRST   
  NO.   NAME      VALUE            ERROR          SIZE      DERIVATIVE 
   1  p0           5.57398e+05   5.46607e+00   5.46607e+00   8.39254e-04
   2  p1           5.65501e-01   5.31417e-07   5.31417e-07  -3.44196e+05
   3  p2          -1.37431e-06   3.76161e-03   3.76161e-03  -6.89739e-02
   4  p3           9.99747e-04   3.82801e-08   3.82801e-08   2.68503e+06
                               ERR DEF= 0.5
NO ERROR MATRIX       
 FCN=77.9329 FROM MIGRAD    STATUS=PROGRESS       19 CALLS          20 TOTAL
                     EDM=0.154038    STRATEGY= 1      NO ERROR MATRIX       
  EXT PARAMETER               CURRENT GUESS       STEP         FIRST   
  NO.   NAME      VALUE            ERROR          SIZE      DERIVATIVE 
   1  p0           5.57398e+05   5.46607e+00  -2.63935e-02   4.25820e-03
   2  p1           5.65501e-01   5.31417e-07   1.41942e-07  -4.73428e+05
   3  p2           1.23551e-06   3.76161e-03   2.60983e-06   1.41617e-02
   4  p3           9.99735e-04   3.82801e-08  -1.16337e-08   1.36236e+05
                               ERR DEF= 0.5
 MIGRAD FAILS TO FIND IMPROVEMENT
   START COVARIANCE MATRIX CALCULATION.
 EIGENVALUES OF SECOND-DERIVATIVE MATRIX:
         6.0946e-01  8.9113e-01  1.0066e+00  1.4929e+00
 COVARIANCE MATRIX CALCULATED SUCCESSFULLY
 FCN=77.9329 FROM HESSE     STATUS=OK             27 CALLS          58 TOTAL
                     EDM=0.000237361    STRATEGY= 1      ERROR MATRIX ACCURATE 
  EXT PARAMETER                                   STEP         FIRST   
  NO.   NAME      VALUE            ERROR          SIZE      DERIVATIVE 
   1  p0           5.57398e+05   5.61619e+00   2.65788e-01   4.24813e-03
   2  p1           5.65501e-01   5.27063e-07   2.69652e-07   1.18484e+04
   3  p2           1.23551e-06   5.35989e-03   3.42190e-05  -3.07692e-01
   4  p3           9.99735e-04   6.38057e-08   4.76711e-10   1.37474e+05
                               ERR DEF= 0.5
 PARAMETER  CORRELATION COEFFICIENTS  
       NO.  GLOBAL      1      2      3      4
        1  0.41711   1.000 -0.288  0.002 -0.299
        2  0.30404  -0.288  1.000 -0.004 -0.005
        3  0.04438   0.002 -0.004  1.000  0.042
        4  0.31719  -0.299 -0.005  0.042  1.000
 FCN=77.9326 FROM MIGRAD    STATUS=PROGRESS       68 CALLS          69 TOTAL
                     EDM=0.0331573    STRATEGY= 1      ERROR MATRIX ACCURATE 
  EXT PARAMETER                                   STEP         FIRST   
  NO.   NAME      VALUE            ERROR          SIZE      DERIVATIVE 
   1  p0           5.57398e+05   5.61619e+00  -1.09105e-01   1.72465e-05
   2  p1           5.65501e-01   5.27063e-07   3.56667e-10  -4.88522e+05
   3  p2           7.98617e-06   5.35989e-03   6.75066e-06   2.32990e-01
   4  p3           9.99735e-04   6.38057e-08  -9.73065e-11  -6.50215e+03
                               ERR DEF= 0.5
 MIGRAD FAILS TO FIND IMPROVEMENT
 MIGRAD TERMINATED WITHOUT CONVERGENCE.
 FCN=77.9326 FROM MIGRAD    STATUS=FAILED         92 CALLS          93 TOTAL
                     EDM=0.000362579    STRATEGY= 1  ERROR MATRIX UNCERTAINTY  42.2 per cent
  EXT PARAMETER                APPROXIMATE        STEP         FIRST   
  NO.   NAME      VALUE            ERROR          SIZE      DERIVATIVE 
   1  p0           5.57398e+05   5.37261e+00  -0.00000e+00  -1.60727e-04
   2  p1           5.65501e-01   4.11191e-08   0.00000e+00  -4.89152e+05
   3  p2           8.26443e-06   5.37428e-03   0.00000e+00   2.35377e-01
   4  p3           9.99735e-04   6.39945e-08  -0.00000e+00  -1.15312e+04
                               ERR DEF= 0.5
 EXTERNAL ERROR MATRIX.    NDIM=  25    NPAR=  4    ERR DEF=0.5
  2.886e+01 -1.713e-07 -1.638e-03 -9.183e-08 
 -1.713e-07  1.691e-15  3.290e-11 -2.908e-16 
 -1.638e-03  3.290e-11  2.888e-05  1.222e-11 
 -9.183e-08 -2.908e-16  1.222e-11  4.095e-15 
ERR MATRIX APPROXIMATE
 PARAMETER  CORRELATION COEFFICIENTS  
       NO.  GLOBAL      1      2      3      4
        1  0.85638   1.000 -0.775 -0.057 -0.267
        2  0.84998  -0.775  1.000  0.149 -0.111
        3  0.21638  -0.057  0.149  1.000  0.036
        4  0.57922  -0.267 -0.111  0.036  1.000
 ERR MATRIX APPROXIMATE
 FCN=77.9326 FROM MIGRAD    STATUS=FAILED         92 CALLS          93 TOTAL
                     EDM=0.000362579    STRATEGY= 1  ERROR MATRIX UNCERTAINTY  42.2 per cent
  EXT PARAMETER                  PARABOLIC         MINOS ERRORS        
  NO.   NAME      VALUE            ERROR      NEGATIVE      POSITIVE   
   1  p0           5.57398e+05   5.37261e+00                            
   2  p1           5.65501e-01   4.11191e-08                            
   3  p2           8.26443e-06   5.37428e-03                            
   4  p3           9.99735e-04   6.39945e-08                            
                               ERR DEF= 0.5
 **********
 **   13 **SET PRINT           2
 **********
 **********
 **   14 **SET NOGRAD
 **********
 PARAMETER DEFINITIONS:
    NO.   NAME         VALUE      STEP SIZE      LIMITS
     1 p0           5.57398e+05  5.37261e+00     no limits
     2 p1           5.65501e-01  4.11191e-08     no limits
     3 p2           8.26443e-06  5.37428e-03     no limits
     4 p3           9.99735e-04  6.39945e-08     no limits
 **********
 **   15 **SET ERR         0.5
 **********
 **********
 **   16 **SET PRINT           2
 **********
 **********
 **   17 **SET STR           1
 **********
 NOW USING STRATEGY  1: TRY TO BALANCE SPEED AGAINST RELIABILITY
 **********
 **   18 **MIGRAD        1480        0.01
 **********
 FIRST CALL TO USER FUNCTION AT NEW START POINT, WITH IFLAG=4.
 START MIGRAD MINIMIZATION.  STRATEGY  1.  CONVERGENCE WHEN EDM .LT. 1.00e-05
 FCN=77.9326 FROM MIGRAD    STATUS=INITIATE       12 CALLS          13 TOTAL
                     EDM= unknown      STRATEGY= 1      NO ERROR MATRIX       
  EXT PARAMETER               CURRENT GUESS       STEP         FIRST   
  NO.   NAME      VALUE            ERROR          SIZE      DERIVATIVE 
   1  p0           5.57398e+05   5.37261e+00   5.37261e+00  -1.60727e-04
   2  p1           5.65501e-01   4.11191e-08   4.11191e-08  -4.89152e+05
   3  p2           8.26443e-06   5.37428e-03   5.37428e-03   2.78977e-01
   4  p3           9.99735e-04   6.39945e-08   6.39945e-08  -1.15312e+04
                               ERR DEF= 0.5
NO ERROR MATRIX       
 FCN=77.9326 FROM MIGRAD    STATUS=PROGRESS       29 CALLS          30 TOTAL
                     EDM=0.118811    STRATEGY= 1      NO ERROR MATRIX       
  EXT PARAMETER               CURRENT GUESS       STEP         FIRST   
  NO.   NAME      VALUE            ERROR          SIZE      DERIVATIVE 
   1  p0           5.57398e+05   5.37261e+00   2.44046e-04   6.96176e-04
   2  p1           5.65501e-01   4.11191e-08   7.15404e-09  -4.86282e+05
   3  p2           7.72951e-06   5.37428e-03  -5.34912e-07   2.20396e-01
   4  p3           9.99735e-04   6.39945e-08   2.58295e-12   1.44922e+04
                               ERR DEF= 0.5
 MIGRAD FAILS TO FIND IMPROVEMENT
   START COVARIANCE MATRIX CALCULATION.
 EIGENVALUES OF SECOND-DERIVATIVE MATRIX:
         6.0542e-01  8.8380e-01  1.0124e+00  1.4984e+00
 COVARIANCE MATRIX CALCULATED SUCCESSFULLY
 FCN=77.9326 FROM HESSE     STATUS=OK             29 CALLS          89 TOTAL
                     EDM=9.64661e-06    STRATEGY= 1      ERROR MATRIX ACCURATE 
  EXT PARAMETER                                   STEP         FIRST   
  NO.   NAME      VALUE            ERROR          SIZE      DERIVATIVE 
   1  p0           5.57398e+05   5.62351e+00   2.65788e-01   7.98894e-04
   2  p1           5.65501e-01   5.26017e-07   2.69652e-07   1.13673e+03
   3  p2           7.67778e-06   5.80371e-03   3.48232e-05   2.46878e-01
   4  p3           9.99735e-04   6.48964e-08   4.76711e-10   2.17619e+04
                               ERR DEF= 0.5
 PARAMETER  CORRELATION COEFFICIENTS  
       NO.  GLOBAL      1      2      3      4
        1  0.42029   1.000 -0.287 -0.009 -0.305
        2  0.30326  -0.287  1.000 -0.001 -0.005
        3  0.06250  -0.009 -0.001  1.000  0.062
        4  0.32565  -0.305 -0.005  0.062  1.000
 FCN=77.9326 FROM MIGRAD    STATUS=PROGRESS      104 CALLS         105 TOTAL
                     EDM=0.0330452    STRATEGY= 1      ERROR MATRIX ACCURATE 
  EXT PARAMETER                                   STEP         FIRST   
  NO.   NAME      VALUE            ERROR          SIZE      DERIVATIVE 
   1  p0           5.57398e+05   5.62351e+00  -2.43161e-02  -8.26819e-05
   2  p1           5.65501e-01   5.26017e-07   4.11389e-10  -4.88988e+05
   3  p2          -1.89085e-06   5.80371e-03  -9.56864e-06  -7.02151e-02
   4  p3           9.99735e-04   6.48964e-08  -9.10921e-12  -6.54655e+03
                               ERR DEF= 0.5
 MINUIT WARNING IN MIGRAD  
 ============== Negative diagonal element 2 in Error Matrix
 MINUIT WARNING IN MIGRAD  
 ============== 1 added to diagonal of error matrix
 EIGENVALUES OF SECOND-DERIVATIVE MATRIX:
         9.9957e-01  1.0000e+00  1.0000e+00  1.0004e+00
 MIGRAD FAILS TO FIND IMPROVEMENT
 MIGRAD TERMINATED WITHOUT CONVERGENCE.
 FCN=77.9326 FROM MIGRAD    STATUS=FAILED        115 CALLS         116 TOTAL
                     EDM=0.0330452    STRATEGY= 1  ERROR MATRIX UNCERTAINTY   5.5 per cent
  EXT PARAMETER                APPROXIMATE        STEP         FIRST   
  NO.   NAME      VALUE            ERROR          SIZE      DERIVATIVE 
   1  p0           5.57398e+05   5.14295e+00   0.00000e+00  -8.26819e-05
   2  p1           5.65501e-01   7.07107e-01   0.00000e+00  -4.88988e+05
   3  p2          -1.89085e-06   7.07131e-01   0.00000e+00  -7.02151e-02
   4  p3           9.99735e-04   7.07107e-01   0.00000e+00  -6.54655e+03
                               ERR DEF= 0.5
 EXTERNAL ERROR MATRIX.    NDIM=  25    NPAR=  4    ERR DEF=0.5
  2.645e+01  1.047e-08 -1.557e-03 -1.130e-07 
  1.047e-08  5.000e-01 -4.442e-13 -3.602e-17 
 -1.557e-03 -4.442e-13  5.000e-01  2.272e-11 
 -1.130e-07 -3.602e-17  2.272e-11  5.000e-01 
ERR MATRIX APPROXIMATE
 PARAMETER  CORRELATION COEFFICIENTS  
       NO.  GLOBAL      1      2      3      4
        1  0.00043   1.000  0.000 -0.000 -0.000
        2  0.00000   0.000  1.000 -0.000 -0.000
        3  0.00043  -0.000 -0.000  1.000  0.000
        4  0.00000  -0.000 -0.000  0.000  1.000
 ERR MATRIX APPROXIMATE
 FCN=77.9326 FROM MIGRAD    STATUS=FAILED        115 CALLS         116 TOTAL
                     EDM=0.0330452    STRATEGY= 1  ERROR MATRIX UNCERTAINTY   5.5 per cent
  EXT PARAMETER                  PARABOLIC         MINOS ERRORS        
  NO.   NAME      VALUE            ERROR      NEGATIVE      POSITIVE   
   1  p0           5.57398e+05   5.14295e+00                            
   2  p1           5.65501e-01   7.07107e-01                            
   3  p2          -1.89085e-06   7.07131e-01                            
   4  p3           9.99735e-04   7.07107e-01                            
                               ERR DEF= 0.5
------------------------------------------
Enering ROOFIt-------
 PARAMETER DEFINITIONS:
    NO.   NAME         VALUE      STEP SIZE      LIMITS
     1 norm         5.57398e+05  1.00000e-01     no limits
     2 Q            5.65000e-01  1.00000e-01     no limits
     3 theta        0.00000e+00  1.00000e-01     no limits
     4 pileup       9.99735e-04  1.00000e-01     no limits
 **********
 **    1 **MIGRAD
 **********
 FIRST CALL TO USER FUNCTION AT NEW START POINT, WITH IFLAG=4.
 START MIGRAD MINIMIZATION.  STRATEGY  1.  CONVERGENCE WHEN EDM .LT. 1.00e-04
 FCN=-2.3786e+11 FROM MIGRAD    STATUS=INITIATE       14 CALLS          15 TOTAL
                     EDM= unknown      STRATEGY= 1      NO ERROR MATRIX       
  EXT PARAMETER               CURRENT GUESS       STEP         FIRST   
  NO.   NAME      VALUE            ERROR          SIZE      DERIVATIVE 
   1  norm         5.57398e+05   1.00000e-01   1.00000e-01  -5.93919e+01
   2  Q            5.65000e-01   1.00000e-01   1.00000e-01  -9.02548e+08
   3  theta        0.00000e+00   1.00000e-01   1.00000e-01   0.00000e+00
   4  pileup       9.99735e-04   1.00000e-01   1.00000e-01  -9.20220e+11
 MIGRAD FAILS TO FIND IMPROVEMENT
 EIGENVALUES OF SECOND-DERIVATIVE MATRIX:
        -3.5967e-01  4.0895e-01  6.6861e-01  3.2821e+00
 MINUIT WARNING IN HESSE   
 ============== MATRIX FORCED POS-DEF BY ADDING 0.362953 TO DIAGONAL.
 FCN=-2.3786e+11 FROM HESSE     STATUS=NOT POSDEF     25 CALLS          92 TOTAL
                     EDM=6003.15    STRATEGY= 1      ERR MATRIX NOT POS-DEF
  EXT PARAMETER                APPROXIMATE        STEP         FIRST   
  NO.   NAME      VALUE            ERROR          SIZE      DERIVATIVE 
   1  norm         5.58765e+05   8.84468e+00   1.72566e+03   1.64096e+00
   2  Q            5.65015e-01   4.82350e-06   5.55129e-04   5.19609e+06
   3  theta        0.00000e+00   1.01965e-02   1.15619e-01   0.00000e+00
   4  pileup       1.00633e-03   9.16230e-08   2.10745e-05   1.52612e+09
 MIGRAD FAILS TO FIND IMPROVEMENT
 MACHINE ACCURACY LIMITS FURTHER IMPROVEMENT.
 MIGRAD MINIMIZATION HAS CONVERGED.
 MIGRAD WILL VERIFY CONVERGENCE AND ERROR MATRIX.
 EIGENVALUES OF SECOND-DERIVATIVE MATRIX:
        -4.2674e-04  3.9507e-01  8.5157e-01  2.7538e+00
 MINUIT WARNING IN HESSE   
 ============== MATRIX FORCED POS-DEF BY ADDING 0.003181 TO DIAGONAL.
 MIGRAD TERMINATED WITHOUT CONVERGENCE.
 FCN=-2.3786e+11 FROM MIGRAD    STATUS=FAILED        217 CALLS         218 TOTAL
                     EDM=0.0128403    STRATEGY= 1      ERR MATRIX NOT POS-DEF
  EXT PARAMETER                APPROXIMATE        STEP         FIRST   
  NO.   NAME      VALUE            ERROR          SIZE      DERIVATIVE 
   1  norm         5.58886e+05   9.71118e+01   1.72557e+03   2.38953e-03
   2  Q            5.65021e-01   3.16292e-05   9.62390e-05   3.07985e+03
   3  theta       -1.08801e-03   1.01192e-03   1.07907e-01  -7.29238e+01
   4  pileup       9.99796e-04   1.03003e-07   2.09855e-05   5.23701e+05
 EXTERNAL ERROR MATRIX.    NDIM=  25    NPAR=  4    ERR DEF=1
  9.431e+03 -3.058e-03 -2.025e-02 -7.068e-07 
 -3.058e-03  1.000e-09  8.140e-09  2.184e-13 
 -2.025e-02  8.140e-09  1.024e-06  4.364e-11 
 -7.068e-07  2.184e-13  4.364e-11  1.061e-14 
ERR MATRIX NOT POS-DEF
 PARAMETER  CORRELATION COEFFICIENTS  
       NO.  GLOBAL      1      2      3      4
        1  0.99722   1.000 -0.996 -0.206 -0.071
        2  0.99729  -0.996  1.000  0.254  0.067
        3  0.70887  -0.206  0.254  1.000  0.419
        4  0.51999  -0.071  0.067  0.419  1.000
 ERR MATRIX NOT POS-DEF
 **********
 **    2 **MIGRAD 
 **********
 START MIGRAD MINIMIZATION.  STRATEGY  1.  CONVERGENCE WHEN EDM .LT. 1.00e-04
 FCN=-2.3786e+11 FROM MIGRAD    STATUS=INITIATE        8 CALLS         226 TOTAL
                     EDM=0.710937    STRATEGY= 1      ERR MATRIX NOT POS-DEF
  EXT PARAMETER                APPROXIMATE        STEP         FIRST   
  NO.   NAME      VALUE            ERROR          SIZE      DERIVATIVE 
   1  norm         5.58886e+05   9.71118e+01   1.72557e+03  -7.84618e-03
   2  Q            5.65021e-01   3.16292e-05   9.62390e-05   3.41471e+03
   3  theta       -1.08801e-03   1.01192e-03   1.07907e-01  -1.39918e+03
   4  pileup       9.99796e-04   1.03003e-07   2.09855e-05  -3.98682e+06
 MIGRAD FAILS TO FIND IMPROVEMENT
 MACHINE ACCURACY LIMITS FURTHER IMPROVEMENT.
 MIGRAD MINIMIZATION HAS CONVERGED.
 MIGRAD WILL VERIFY CONVERGENCE AND ERROR MATRIX.
 EIGENVALUES OF SECOND-DERIVATIVE MATRIX:
        -3.8601e-04  4.5197e-01  8.5458e-01  2.6938e+00
 MINUIT WARNING IN HESSE   
 ============== MATRIX FORCED POS-DEF BY ADDING 0.003080 TO DIAGONAL.
 FCN=-2.3786e+11 FROM HESSE     STATUS=NOT POSDEF     31 CALLS         268 TOTAL
                     EDM=0.00921857    STRATEGY= 1      ERR MATRIX NOT POS-DEF
  EXT PARAMETER                APPROXIMATE        STEP         FIRST   
  NO.   NAME      VALUE            ERROR          SIZE      DERIVATIVE 
   1  norm         5.58886e+05   9.87672e+01   6.90230e+02   2.48094e-03
   2  Q            5.65021e-01   3.17976e-05   1.92478e-04   3.06796e+03
   3  theta       -1.08801e-03   2.24311e-03   4.31626e-02  -6.16095e+01
   4  pileup       9.99796e-04   1.00913e-07   8.39421e-06   5.62147e+05
 MIGRAD FAILS TO FIND IMPROVEMENT
 MIGRAD TERMINATED WITHOUT CONVERGENCE.
 FCN=-2.3786e+11 FROM MIGRAD    STATUS=FAILED        128 CALLS         346 TOTAL
                     EDM=15523.2    STRATEGY= 1      ERR MATRIX NOT POS-DEF
  EXT PARAMETER                APPROXIMATE        STEP         FIRST   
  NO.   NAME      VALUE            ERROR          SIZE      DERIVATIVE 
   1  norm         5.58773e+05   6.49243e+00  -0.00000e+00  -8.74762e-02
   2  Q            5.65058e-01   2.43907e-09   0.00000e+00   3.58618e+09
   3  theta        6.30783e-04   1.58114e-03  -0.00000e+00   1.25259e+04
   4  pileup       9.99794e-04   9.73203e-08   0.00000e+00  -2.85701e+07
 EXTERNAL ERROR MATRIX.    NDIM=  25    NPAR=  4    ERR DEF=1
  4.215e+01 -5.579e-09  3.831e-03 -1.436e-07 
 -5.579e-09  5.949e-18 -3.739e-12 -3.979e-17 
  3.831e-03 -3.739e-12  2.500e-06  2.828e-11 
 -1.436e-07 -3.979e-17  2.828e-11  9.471e-15 
ERR MATRIX NOT POS-DEF
 PARAMETER  CORRELATION COEFFICIENTS  
       NO.  GLOBAL      1      2      3      4
        1  0.48232   1.000 -0.352  0.373 -0.227
        2  0.96978  -0.352  1.000 -0.970 -0.168
        3  0.97079   0.373 -0.970  1.000  0.184
        4  0.37246  -0.227 -0.168  0.184  1.000
 ERR MATRIX NOT POS-DEF
status of the fit-----000------4
1  558773
2  0.565058
3  0.000630783
4  0.000999794
 PARAMETER DEFINITIONS:
    NO.   NAME         VALUE      STEP SIZE      LIMITS
     1 norm         5.58773e+05  1.00000e-01     no limits
     2 Q            5.65058e-01  1.00000e-01     no limits
     3 theta        6.30783e-04  1.00000e-01     no limits
     4 pileup       9.99794e-04  1.00000e-01     no limits
 **********
 **    3 **MIGRAD
 **********
 FIRST CALL TO USER FUNCTION AT NEW START POINT, WITH IFLAG=4.
 START MIGRAD MINIMIZATION.  STRATEGY  1.  CONVERGENCE WHEN EDM .LT. 1.00e-04
 FCN=-2.3786e+11 FROM MIGRAD    STATUS=INITIATE       14 CALLS         361 TOTAL
                     EDM= unknown      STRATEGY= 1      NO ERROR MATRIX       
  EXT PARAMETER               CURRENT GUESS       STEP         FIRST   
  NO.   NAME      VALUE            ERROR          SIZE      DERIVATIVE 
   1  norm         5.58773e+05   1.00000e-01   1.00000e-01  -2.27985e-02
   2  Q            5.65058e-01   1.00000e-01   1.00000e-01   3.73383e+06
   3  theta        6.30783e-04   1.00000e-01   1.00000e-01   4.20617e+03
   4  pileup       9.99794e-04   1.00000e-01   1.00000e-01  -9.18096e+11
 MIGRAD FAILS TO FIND IMPROVEMENT
 EIGENVALUES OF SECOND-DERIVATIVE MATRIX:
        -6.3169e-05  3.8334e-01  9.1688e-01  2.6998e+00
 MINUIT WARNING IN HESSE   
 ============== MATRIX FORCED POS-DEF BY ADDING 0.002763 TO DIAGONAL.
 FCN=-2.3786e+11 FROM HESSE     STATUS=NOT POSDEF     29 CALLS         401 TOTAL
                     EDM=0.437148    STRATEGY= 1      ERR MATRIX NOT POS-DEF
  EXT PARAMETER                APPROXIMATE        STEP         FIRST   
  NO.   NAME      VALUE            ERROR          SIZE      DERIVATIVE 
   1  norm         5.58773e+05   6.86596e+01   2.66443e+00  -2.28787e-02
   2  Q            5.65058e-01   6.53166e-06   1.00000e-03  -7.39455e+04
   3  theta        6.30783e-04   5.75003e-03   1.00000e-01   4.14391e+01
   4  pileup       9.99794e-04   9.23002e-08   1.00000e-02  -6.81655e+05
 MIGRAD FAILS TO FIND IMPROVEMENT
 MACHINE ACCURACY LIMITS FURTHER IMPROVEMENT.
 MIGRAD MINIMIZATION HAS CONVERGED.
 MIGRAD WILL VERIFY CONVERGENCE AND ERROR MATRIX.
 COVARIANCE MATRIX CALCULATED SUCCESSFULLY
 MIGRAD TERMINATED WITHOUT CONVERGENCE.
 FCN=-2.3786e+11 FROM MIGRAD    STATUS=FAILED        103 CALLS         450 TOTAL
                     EDM=0.71436    STRATEGY= 1      ERR MATRIX APPROXIMATE
  EXT PARAMETER                APPROXIMATE        STEP         FIRST   
  NO.   NAME      VALUE            ERROR          SIZE      DERIVATIVE 
   1  norm         5.58773e+05   1.36568e+03   5.32887e+00   3.06386e-03
   2  Q            5.65057e-01   4.40663e-04   1.02993e-04   6.68324e+03
   3  theta        5.53784e-04   3.06060e-03   4.00000e-02   2.97737e+01
   4  pileup       9.99794e-04   1.03246e-07   2.14093e-05   6.03831e+05
 EXTERNAL ERROR MATRIX.    NDIM=  25    NPAR=  4    ERR DEF=1
  1.865e+06 -6.018e-01 -2.258e+00 -2.973e-06 
 -6.018e-01  1.942e-07  7.326e-07  9.484e-13 
 -2.258e+00  7.326e-07  9.367e-06  1.151e-10 
 -2.973e-06  9.484e-13  1.151e-10  1.066e-14 
ERR MATRIX APPROXIMATE
 PARAMETER  CORRELATION COEFFICIENTS  
       NO.  GLOBAL      1      2      3      4
        1  0.99999   1.000 -1.000 -0.540 -0.021
        2  0.99999  -1.000  1.000  0.543  0.021
        3  0.79476  -0.540  0.543  1.000  0.364
        4  0.52107  -0.021  0.021  0.364  1.000
 ERR MATRIX APPROXIMATE
 **********
 **    4 **MIGRAD 
 **********
 START MIGRAD MINIMIZATION.  STRATEGY  1.  CONVERGENCE WHEN EDM .LT. 1.00e-04
 FCN=-2.3786e+11 FROM MIGRAD    STATUS=INITIATE        8 CALLS         458 TOTAL
                     EDM=0.259967    STRATEGY= 1      ERR MATRIX APPROXIMATE
  EXT PARAMETER                APPROXIMATE        STEP         FIRST   
  NO.   NAME      VALUE            ERROR          SIZE      DERIVATIVE 
   1  norm         5.58773e+05   1.36568e+03   5.32887e+00   3.10538e-03
   2  Q            5.65057e-01   4.40663e-04   1.02993e-04   7.07415e+03
   3  theta        5.53784e-04   3.06060e-03   4.00000e-02   1.22248e+02
   4  pileup       9.99794e-04   1.03246e-07   2.14093e-05  -4.09078e+06
 MINUIT WARNING IN MIGRAD  
 ============== Negative diagonal element 2 in Error Matrix
 MINUIT WARNING IN MIGRAD  
 ============== 1 added to diagonal of error matrix
 MIGRAD FAILS TO FIND IMPROVEMENT
 EIGENVALUES OF SECOND-DERIVATIVE MATRIX:
        -5.2682e-01  3.3355e-01  7.2079e-01  3.4725e+00
 MINUIT WARNING IN HESSE   
 ============== MATRIX FORCED POS-DEF BY ADDING 0.530292 TO DIAGONAL.
 FCN=-2.3786e+11 FROM HESSE     STATUS=NOT POSDEF     31 CALLS         555 TOTAL
                     EDM=0.0726222    STRATEGY= 1      ERR MATRIX NOT POS-DEF
  EXT PARAMETER                APPROXIMATE        STEP         FIRST   
  NO.   NAME      VALUE            ERROR          SIZE      DERIVATIVE 
   1  norm         5.58611e+05   5.63473e+01   1.72473e+03  -1.42225e-02
   2  Q            5.65110e-01   4.81343e-06   5.55077e-04  -4.43496e+04
   3  theta        3.69840e-04   3.48459e-03   1.59863e-01   2.85178e+01
   4  pileup       9.99794e-04   1.78046e-07   2.09855e-05   9.72401e+05
 EIGENVALUES OF SECOND-DERIVATIVE MATRIX:
        -4.6390e-01  1.9755e-01  1.8948e+00  2.3715e+00
 MINUIT WARNING IN MIGRAD  
 ============== MATRIX FORCED POS-DEF BY ADDING 0.466274 TO DIAGONAL.
 MIGRAD FAILS TO FIND IMPROVEMENT
 MACHINE ACCURACY LIMITS FURTHER IMPROVEMENT.
 MIGRAD MINIMIZATION HAS CONVERGED.
 MIGRAD WILL VERIFY CONVERGENCE AND ERROR MATRIX.
 EIGENVALUES OF SECOND-DERIVATIVE MATRIX:
        -2.7646e-04  3.7995e-01  8.5205e-01  2.7683e+00
 MINUIT WARNING IN HESSE   
 ============== MATRIX FORCED POS-DEF BY ADDING 0.003045 TO DIAGONAL.
 MIGRAD TERMINATED WITHOUT CONVERGENCE.
 FCN=-2.3786e+11 FROM MIGRAD    STATUS=FAILED        194 CALLS         644 TOTAL
                     EDM=0.0167079    STRATEGY= 1      ERR MATRIX NOT POS-DEF
  EXT PARAMETER                APPROXIMATE        STEP         FIRST   
  NO.   NAME      VALUE            ERROR          SIZE      DERIVATIVE 
   1  norm         5.58612e+05   9.71639e+01   1.72473e+03   2.29272e-03
   2  Q            5.65110e-01   3.14487e-05   8.68921e-05   6.97332e+03
   3  theta        3.49111e-04   1.67620e-03   6.43452e-02   1.83487e+01
   4  pileup       9.99795e-04   1.03484e-07   2.09855e-05   1.59327e+06
 EXTERNAL ERROR MATRIX.    NDIM=  25    NPAR=  4    ERR DEF=1
  9.441e+03 -3.042e-03 -1.105e-02 -1.228e-07 
 -3.042e-03  9.890e-10  6.269e-09  3.274e-14 
 -1.105e-02  6.269e-09  2.810e-06  7.415e-11 
 -1.228e-07  3.274e-14  7.415e-11  1.071e-14 
ERR MATRIX NOT POS-DEF
 PARAMETER  CORRELATION COEFFICIENTS  
       NO.  GLOBAL      1      2      3      4
        1  0.99723   1.000 -0.996 -0.068 -0.012
        2  0.99726  -0.996  1.000  0.119  0.010
        3  0.70424  -0.068  0.119  1.000  0.427
        4  0.52635  -0.012  0.010  0.427  1.000
 ERR MATRIX NOT POS-DEF
status of the fit-----000------4
1  558612
2  0.56511
3  0.000349111
4  0.000999795
 PARAMETER DEFINITIONS:
    NO.   NAME         VALUE      STEP SIZE      LIMITS
     1 norm         5.58612e+05  1.00000e-01     no limits
     2 Q            5.65110e-01  1.00000e-01     no limits
     3 theta        3.49111e-04  1.00000e-01     no limits
     4 pileup       9.99795e-04  1.00000e-01     no limits
 **********
 **    5 **MIGRAD
 **********
 FIRST CALL TO USER FUNCTION AT NEW START POINT, WITH IFLAG=4.
 START MIGRAD MINIMIZATION.  STRATEGY  1.  CONVERGENCE WHEN EDM .LT. 1.00e-04
 FCN=-2.3786e+11 FROM MIGRAD    STATUS=INITIATE       14 CALLS         659 TOTAL
                     EDM= unknown      STRATEGY= 1      NO ERROR MATRIX       
  EXT PARAMETER               CURRENT GUESS       STEP         FIRST   
  NO.   NAME      VALUE            ERROR          SIZE      DERIVATIVE 
   1  norm         5.58612e+05   1.00000e-01   1.00000e-01   2.44606e-03
   2  Q            5.65110e-01   1.00000e-01   1.00000e-01   4.32353e+06
   3  theta        3.49111e-04   1.00000e-01   1.00000e-01   2.31648e+03
   4  pileup       9.99795e-04   1.00000e-01   1.00000e-01  -9.18094e+11
 MIGRAD FAILS TO FIND IMPROVEMENT
 COVARIANCE MATRIX CALCULATED SUCCESSFULLY
 FCN=-2.3786e+11 FROM HESSE     STATUS=OK             29 CALLS         699 TOTAL
                     EDM=0.00272049    STRATEGY= 1      ERROR MATRIX ACCURATE 
  EXT PARAMETER                                   STEP         FIRST   
  NO.   NAME      VALUE            ERROR          SIZE      DERIVATIVE 
   1  norm         5.58612e+05   9.03159e+01   2.66367e+00   2.17683e-03
   2  Q            5.65110e-01   8.56831e-06   1.00000e-03   6.96754e+03
   3  theta        3.49111e-04   7.46460e-03   1.00000e-01   2.05040e+01
   4  pileup       9.99795e-04   9.24333e-08   1.00000e-02   1.04603e+06
 MIGRAD FAILS TO FIND IMPROVEMENT
 MACHINE ACCURACY LIMITS FURTHER IMPROVEMENT.
 MIGRAD MINIMIZATION HAS CONVERGED.
 FCN=-2.3786e+11 FROM MIGRAD    STATUS=CONVERGED      75 CALLS         720 TOTAL
                     EDM=2.30914    STRATEGY= 1  ERROR MATRIX UNCERTAINTY   6.1 per cent
  EXT PARAMETER                                   STEP         FIRST   
  NO.   NAME      VALUE            ERROR          SIZE      DERIVATIVE 
   1  norm         5.58612e+05   8.09274e+01   0.00000e+00   1.20957e-02
   2  Q            5.65110e-01   7.59036e-06  -0.00000e+00   3.71466e+04
   3  theta        2.72187e-04   6.62507e-03  -0.00000e+00   2.98927e+02
   4  pileup       9.99791e-04   4.73640e-08   0.00000e+00  -2.87475e+07
 EXTERNAL ERROR MATRIX.    NDIM=  25    NPAR=  4    ERR DEF=1
  6.549e+03 -6.104e-04 -5.213e-01 -3.348e-06 
 -6.104e-04  5.761e-11  4.972e-08  3.241e-13 
 -5.213e-01  4.972e-08  4.389e-05  2.921e-10 
 -3.348e-06  3.241e-13  2.921e-10  2.243e-15 
 PARAMETER  CORRELATION COEFFICIENTS  
       NO.  GLOBAL      1      2      3      4
        1  0.99612   1.000 -0.994 -0.972 -0.874
        2  0.99838  -0.994  1.000  0.989  0.902
        3  0.99448  -0.972  0.989  1.000  0.931
        4  0.94084  -0.874  0.902  0.931  1.000
 **********
 **    6 **MIGRAD 
 **********
 START MIGRAD MINIMIZATION.  STRATEGY  1.  CONVERGENCE WHEN EDM .LT. 1.00e-04
 FCN=-2.3786e+11 FROM MIGRAD    STATUS=INITIATE       14 CALLS         734 TOTAL
                     EDM=2.8213e+08    STRATEGY= 1  ERROR MATRIX UNCERTAINTY   6.1 per cent
  EXT PARAMETER                                   STEP         FIRST   
  NO.   NAME      VALUE            ERROR          SIZE      DERIVATIVE 
   1  norm         5.58612e+05   8.09274e+01   0.00000e+00   1.20347e-02
   2  Q            5.65110e-01   7.59036e-06  -0.00000e+00   4.06716e+09
   3  theta        2.72187e-04   6.62507e-03  -0.00000e+00   3.81723e+02
   4  pileup       9.99791e-04   4.73640e-08   0.00000e+00  -2.75847e+07
 MIGRAD FAILS TO FIND IMPROVEMENT
 EIGENVALUES OF SECOND-DERIVATIVE MATRIX:
        -5.1545e-01  3.5140e-01  7.1974e-01  3.4443e+00
 MINUIT WARNING IN HESSE   
 ============== MATRIX FORCED POS-DEF BY ADDING 0.518891 TO DIAGONAL.
 FCN=-2.3786e+11 FROM HESSE     STATUS=NOT POSDEF     29 CALLS         774 TOTAL
                     EDM=0.0663456    STRATEGY= 1      ERR MATRIX NOT POS-DEF
  EXT PARAMETER                APPROXIMATE        STEP         FIRST   
  NO.   NAME      VALUE            ERROR          SIZE      DERIVATIVE 
   1  norm         5.58612e+05   5.77579e+01   5.32733e+01   1.20971e-02
   2  Q            5.65110e-01   4.83140e-06   5.55077e-04   3.70583e+04
   3  theta        2.72187e-04   1.16339e-02   4.54201e-02   1.36647e+01
   4  pileup       9.99791e-04   1.87907e-07   2.09853e-05   8.50799e+05
 MINUIT WARNING IN MIGRAD  
 ============== Negative diagonal element 2 in Error Matrix
 MINUIT WARNING IN MIGRAD  
 ============== 1 added to diagonal of error matrix
 MIGRAD FAILS TO FIND IMPROVEMENT
 MIGRAD TERMINATED WITHOUT CONVERGENCE.
 FCN=-2.3786e+11 FROM MIGRAD    STATUS=FAILED         98 CALLS         818 TOTAL
                     EDM=5.18409e+07    STRATEGY= 1      ERR MATRIX NOT POS-DEF
  EXT PARAMETER                APPROXIMATE        STEP         FIRST   
  NO.   NAME      VALUE            ERROR          SIZE      DERIVATIVE 
   1  norm         5.58612e+05   6.51651e+00  -0.00000e+00  -2.78853e-02
   2  Q            5.65110e-01   1.00000e+00  -0.00000e+00   4.06694e+09
   3  theta        2.61605e-04   1.00000e+00  -0.00000e+00   5.75575e+03
   4  pileup       9.99791e-04   1.00000e+00   0.00000e+00  -2.79929e+07
 EXTERNAL ERROR MATRIX.    NDIM=  25    NPAR=  4    ERR DEF=1
  4.246e+01 -4.817e-09  3.495e-03 -3.022e-08 
 -4.817e-09  1.000e+00 -3.079e-12 -3.249e-17 
  3.495e-03 -3.079e-12  1.000e+00  2.884e-11 
 -3.022e-08 -3.249e-17  2.884e-11  1.000e+00 
ERR MATRIX NOT POS-DEF
 PARAMETER  CORRELATION COEFFICIENTS  
       NO.  GLOBAL      1      2      3      4
        1  0.00054   1.000 -0.000  0.001 -0.000
        2  0.00000  -0.000  1.000 -0.000 -0.000
        3  0.00054   0.001 -0.000  1.000  0.000
        4  0.00000  -0.000 -0.000  0.000  1.000
 ERR MATRIX NOT POS-DEF
status of the fit-----000------4
1  558612
2  0.56511
3  0.000261605
4  0.000999791
 **********
 **   19 **SET PRINT           2
 **********
 **********
 **   20 **SET NOGRAD
 **********
 PARAMETER DEFINITIONS:
    NO.   NAME         VALUE      STEP SIZE      LIMITS
     1 p0           5.58000e+05  1.67400e+05     no limits
     2 p1           5.65000e-01  1.69500e-01     no limits
     3 p2           0.00000e+00  3.00000e-01     no limits
     4 p3           9.99871e-04  2.99961e-04     no limits
 **********
 **   21 **SET ERR         0.5
 **********
 **********
 **   22 **SET PRINT           2
 **********
 **********
 **   23 **SET STR           1
 **********
 NOW USING STRATEGY  1: TRY TO BALANCE SPEED AGAINST RELIABILITY
 **********
 **   24 **MIGRAD        1480        0.01
 **********
 FIRST CALL TO USER FUNCTION AT NEW START POINT, WITH IFLAG=4.
 START MIGRAD MINIMIZATION.  STRATEGY  1.  CONVERGENCE WHEN EDM .LT. 1.00e-05
 FCN=17342.5 FROM MIGRAD    STATUS=INITIATE       18 CALLS          19 TOTAL
                     EDM= unknown      STRATEGY= 1      NO ERROR MATRIX       
  EXT PARAMETER               CURRENT GUESS       STEP         FIRST   
  NO.   NAME      VALUE            ERROR          SIZE      DERIVATIVE 
   1  p0           5.58000e+05   1.67400e+05   1.67400e+05  -3.63151e+01
   2  p1           5.65000e-01   1.69500e-01   1.69500e-01  -1.12728e+08
   3  p2           0.00000e+00   3.00000e-01   3.00000e-01   0.00000e+00
   4  p3           9.99871e-04   2.99961e-04   2.99961e-04  -1.00561e+09
                               ERR DEF= 0.5
NO ERROR MATRIX       
 FCN=465.451 FROM MIGRAD    STATUS=PROGRESS       34 CALLS          35 TOTAL
                     EDM=1303.96    STRATEGY= 1      NO ERROR MATRIX       
  EXT PARAMETER               CURRENT GUESS       STEP         FIRST   
  NO.   NAME      VALUE            ERROR          SIZE      DERIVATIVE 
   1  p0           5.58440e+05   1.67400e+05   4.39599e+02  -8.19944e-01
   2  p1           5.65142e-01   1.69500e-01   1.41760e-04  -2.51854e+06
   3  p2           0.00000e+00   3.00000e-01  -0.00000e+00   0.00000e+00
   4  p3           1.00168e-03   2.99961e-04   1.80468e-06   3.98801e+08
                               ERR DEF= 0.5
 MINUIT WARNING IN MIGRAD  
 ============== Negative diagonal element 1 in Error Matrix
 MINUIT WARNING IN MIGRAD  
 ============== Negative diagonal element 2 in Error Matrix
 MINUIT WARNING IN MIGRAD  
 ============== 1756.88 added to diagonal of error matrix
 EIGENVALUES OF SECOND-DERIVATIVE MATRIX:
         9.9998e-01  1.0000e+00  1.0000e+00  1.0000e+00
 MIGRAD FAILS TO FIND IMPROVEMENT
 MIGRAD MINIMIZATION HAS CONVERGED.
 MIGRAD WILL VERIFY CONVERGENCE AND ERROR MATRIX.
   START COVARIANCE MATRIX CALCULATION.
 EIGENVALUES OF SECOND-DERIVATIVE MATRIX:
        -1.9133e-03  7.7247e-01  1.0085e+00  2.2209e+00
 MINUIT WARNING IN HESSE   
 ============== MATRIX FORCED POS-DEF BY ADDING 0.004134 TO DIAGONAL.
 FCN=65.5604 FROM HESSE     STATUS=NOT POSDEF     25 CALLS         101 TOTAL
                     EDM=0.00125733    STRATEGY= 1      ERR MATRIX NOT POS-DEF
  EXT PARAMETER                APPROXIMATE        STEP         FIRST   
  NO.   NAME      VALUE            ERROR          SIZE      DERIVATIVE 
   1  p0           5.58476e+05   7.71762e+01   2.66302e-01  -3.66476e-04
   2  p1           5.65154e-01   2.46632e-05   2.69486e-07   8.93994e+02
   3  p2           0.00000e+00   1.38258e-02   6.51069e-05   0.00000e+00
   4  p3           9.99821e-04   7.19865e-08   4.76752e-10  -9.18111e+03
                               ERR DEF= 0.5
 PARAMETER  CORRELATION COEFFICIENTS  
       NO.  GLOBAL      1      2      3      4
        1  0.99780   1.000 -0.997 -0.396 -0.250
        2  0.99777  -0.997  1.000  0.397  0.225
        3  0.39943  -0.396  0.397  1.000  0.048
        4  0.42885  -0.250  0.225  0.048  1.000
 ERR MATRIX NOT POS-DEF
 FCN=65.5565 FROM MIGRAD    STATUS=PROGRESS      111 CALLS         112 TOTAL
                     EDM=0.004757    STRATEGY= 1      ERR MATRIX NOT POS-DEF
  EXT PARAMETER                APPROXIMATE        STEP         FIRST   
  NO.   NAME      VALUE            ERROR          SIZE      DERIVATIVE 
   1  p0           5.58488e+05   7.71762e+01   1.19226e+01  -1.25092e-03
   2  p1           5.65150e-01   2.46632e-05  -3.81018e-06  -1.96320e+03
   3  p2          -8.48839e-04   1.38258e-02  -8.48839e-04  -6.85365e+00
   4  p3           9.99818e-04   7.19865e-08  -2.52170e-09  -7.21375e+05
                               ERR DEF= 0.5
 MIGRAD FAILS TO FIND IMPROVEMENT
 MIGRAD MINIMIZATION HAS CONVERGED.
 MIGRAD WILL VERIFY CONVERGENCE AND ERROR MATRIX.
   START COVARIANCE MATRIX CALCULATION.
 EIGENVALUES OF SECOND-DERIVATIVE MATRIX:
         1.3790e-03  8.0395e-01  1.0250e+00  2.1696e+00
 COVARIANCE MATRIX CALCULATED SUCCESSFULLY
 FCN=65.3356 FROM MIGRAD    STATUS=CONVERGED     247 CALLS         248 TOTAL
                     EDM=1.98454e-06    STRATEGY= 1      ERROR MATRIX ACCURATE 
  EXT PARAMETER                                   STEP         FIRST   
  NO.   NAME      VALUE            ERROR          SIZE      DERIVATIVE 
   1  p0           5.59172e+05   9.73160e+01   2.66634e-01  -1.75292e-05
   2  p1           5.64930e-01   3.14488e-05   2.69379e-07  -2.86269e+01
   3  p2          -1.73235e-06   6.72400e-03   3.45452e-05  -1.50954e-01
   4  p3           9.99835e-04   6.43253e-08   4.76758e-10   7.05548e+03
                               ERR DEF= 0.5
 EXTERNAL ERROR MATRIX.    NDIM=  25    NPAR=  4    ERR DEF=0.5
  9.470e+03 -3.056e-03  1.576e-01  1.552e-06 
 -3.056e-03  9.890e-10 -5.108e-08 -5.356e-13 
  1.576e-01 -5.108e-08  4.521e-05  6.112e-11 
  1.552e-06 -5.356e-13  6.112e-11  4.138e-15 
 PARAMETER  CORRELATION COEFFICIENTS  
       NO.  GLOBAL      1      2      3      4
        1  0.99861   1.000 -0.998  0.241  0.248
        2  0.99863  -0.998  1.000 -0.242 -0.265
        3  0.25519   0.241 -0.242  1.000  0.141
        4  0.40520   0.248 -0.265  0.141  1.000
 EXTERNAL ERROR MATRIX.    NDIM=   4    NPAR=  4    ERR DEF=0.5
  9.470e+03 -3.056e-03  1.576e-01  1.552e-06 
 -3.056e-03  9.890e-10 -5.108e-08 -5.356e-13 
  1.576e-01 -5.108e-08  4.521e-05  6.112e-11 
  1.552e-06 -5.356e-13  6.112e-11  4.138e-15 
 FCN=65.3356 FROM MIGRAD    STATUS=CONVERGED     247 CALLS         248 TOTAL
                     EDM=1.98454e-06    STRATEGY= 1      ERROR MATRIX ACCURATE 
  EXT PARAMETER                  PARABOLIC         MINOS ERRORS        
  NO.   NAME      VALUE            ERROR      NEGATIVE      POSITIVE   
   1  p0           5.59172e+05   9.73160e+01                            
   2  p1           5.64930e-01   3.14488e-05                            
   3  p2          -1.73235e-06   6.72400e-03                            
   4  p3           9.99835e-04   6.43253e-08                            
                               ERR DEF= 0.5
------------------------------------------
Enering ROOFIt-------
 PARAMETER DEFINITIONS:
    NO.   NAME         VALUE      STEP SIZE      LIMITS
     1 norm         5.59172e+05  1.00000e-01     no limits
     2 Q            5.65000e-01  1.00000e-01     no limits
     3 theta        0.00000e+00  1.00000e-01     no limits
     4 pileup       9.99835e-04  1.00000e-01     no limits
 **********
 **    1 **MIGRAD
 **********
 FIRST CALL TO USER FUNCTION AT NEW START POINT, WITH IFLAG=4.
 START MIGRAD MINIMIZATION.  STRATEGY  1.  CONVERGENCE WHEN EDM .LT. 1.00e-04
 FCN=-2.37861e+11 FROM MIGRAD    STATUS=INITIATE       14 CALLS          15 TOTAL
                     EDM= unknown      STRATEGY= 1      NO ERROR MATRIX       
  EXT PARAMETER               CURRENT GUESS       STEP         FIRST   
  NO.   NAME      VALUE            ERROR          SIZE      DERIVATIVE 
   1  norm         5.59172e+05   1.00000e-01   1.00000e-01   8.34455e+00
   2  Q            5.65000e-01   1.00000e-01   1.00000e-01   1.33993e+08
   3  theta        0.00000e+00   1.00000e-01   1.00000e-01   0.00000e+00
   4  pileup       9.99835e-04   1.00000e-01   1.00000e-01  -9.17784e+11
 MIGRAD FAILS TO FIND IMPROVEMENT
 EIGENVALUES OF SECOND-DERIVATIVE MATRIX:
        -7.2428e-02  2.7988e-01  9.1664e-01  2.8759e+00
 MINUIT WARNING IN HESSE   
 ============== MATRIX FORCED POS-DEF BY ADDING 0.075304 TO DIAGONAL.
 FCN=-2.37861e+11 FROM HESSE     STATUS=NOT POSDEF     27 CALLS          53 TOTAL
                     EDM=9561.26    STRATEGY= 1      ERR MATRIX NOT POS-DEF
  EXT PARAMETER                APPROXIMATE        STEP         FIRST   
  NO.   NAME      VALUE            ERROR          SIZE      DERIVATIVE 
   1  norm         5.59172e+05   4.27433e+01   2.66634e+00   8.34459e+00
   2  Q            5.65000e-01   6.30311e-06   1.00000e-03   2.59587e+07
   3  theta        0.00000e+00   9.34518e-03   1.00000e-01   0.00000e+00
   4  pileup       9.99835e-04   9.29690e-08   1.00000e-02   2.33526e+08
 MINUIT WARNING IN MIGRAD  
 ============== Negative diagonal element 2 in Error Matrix
 MINUIT WARNING IN MIGRAD  
 ============== Negative diagonal element 3 in Error Matrix
 MINUIT WARNING IN MIGRAD  
 ============== 1 added to diagonal of error matrix
 MIGRAD FAILS TO FIND IMPROVEMENT
 MACHINE ACCURACY LIMITS FURTHER IMPROVEMENT.
 MIGRAD MINIMIZATION HAS CONVERGED.
 MIGRAD WILL VERIFY CONVERGENCE AND ERROR MATRIX.
 EIGENVALUES OF SECOND-DERIVATIVE MATRIX:
        -2.9824e-01  3.8549e-01  6.7765e-01  3.2351e+00
 MINUIT WARNING IN HESSE   
 ============== MATRIX FORCED POS-DEF BY ADDING 0.301478 TO DIAGONAL.
 MIGRAD TERMINATED WITHOUT CONVERGENCE.
 FCN=-2.37861e+11 FROM MIGRAD    STATUS=FAILED        227 CALLS         228 TOTAL
                     EDM=3.17316    STRATEGY= 1      ERR MATRIX NOT POS-DEF
  EXT PARAMETER                APPROXIMATE        STEP         FIRST   
  NO.   NAME      VALUE            ERROR          SIZE      DERIVATIVE 
   1  norm         5.58861e+05   2.17914e+01   1.72552e+03  -2.95415e-01
   2  Q            5.65026e-01   5.39469e-06   5.54990e-04  -9.15207e+05
   3  theta        2.70948e-03   6.92492e-03   1.23816e-01   1.35992e+02
   4  pileup       9.99920e-04   1.44104e-07   2.09879e-05   1.18008e+07
 EXTERNAL ERROR MATRIX.    NDIM=  25    NPAR=  4    ERR DEF=1
  4.749e+02 -1.108e-04 -1.394e-01  2.341e-06 
 -1.108e-04  2.910e-11  3.718e-08 -6.257e-13 
 -1.394e-01  3.718e-08  4.795e-05 -7.790e-10 
  2.341e-06 -6.257e-13 -7.790e-10  2.077e-14 
ERR MATRIX NOT POS-DEF
 PARAMETER  CORRELATION COEFFICIENTS  
       NO.  GLOBAL      1      2      3      4
        1  0.95658   1.000 -0.942 -0.923  0.745
        2  0.99783  -0.942  1.000  0.995 -0.805
        3  0.99687  -0.923  0.995  1.000 -0.781
        4  0.84417   0.745 -0.805 -0.781  1.000
 ERR MATRIX NOT POS-DEF
 **********
 **    2 **MIGRAD 
 **********
 START MIGRAD MINIMIZATION.  STRATEGY  1.  CONVERGENCE WHEN EDM .LT. 1.00e-04
 FCN=-2.37861e+11 FROM MIGRAD    STATUS=INITIATE        8 CALLS         236 TOTAL
                     EDM=248.934    STRATEGY= 1      ERR MATRIX NOT POS-DEF
  EXT PARAMETER                APPROXIMATE        STEP         FIRST   
  NO.   NAME      VALUE            ERROR          SIZE      DERIVATIVE 
   1  norm         5.58861e+05   2.17914e+01   1.72552e+03  -3.05651e-01
   2  Q            5.65026e-01   5.39469e-06   5.54990e-04  -9.15120e+05
   3  theta        2.70948e-03   6.92492e-03   1.23816e-01   4.48365e+03
   4  pileup       9.99920e-04   1.44104e-07   2.09879e-05   7.29024e+06
 EIGENVALUES OF SECOND-DERIVATIVE MATRIX:
        -5.6880e-02  4.9704e-01  1.0453e+00  2.5145e+00
 MINUIT WARNING IN MIGRAD  
 ============== MATRIX FORCED POS-DEF BY ADDING 0.059395 TO DIAGONAL.
 MINUIT WARNING IN MIGRAD  
 ============== Negative diagonal element 2 in Error Matrix
 MINUIT WARNING IN MIGRAD  
 ============== 1 added to diagonal of error matrix
 MIGRAD FAILS TO FIND IMPROVEMENT
 MACHINE ACCURACY LIMITS FURTHER IMPROVEMENT.
 MIGRAD MINIMIZATION HAS CONVERGED.
 MIGRAD WILL VERIFY CONVERGENCE AND ERROR MATRIX.
 EIGENVALUES OF SECOND-DERIVATIVE MATRIX:
        -2.1762e-01  4.2095e-01  6.7753e-01  3.1191e+00
 MINUIT WARNING IN HESSE   
 ============== MATRIX FORCED POS-DEF BY ADDING 0.220742 TO DIAGONAL.
 FCN=-2.37861e+11 FROM HESSE     STATUS=NOT POSDEF     31 CALLS         336 TOTAL
                     EDM=0.11955    STRATEGY= 1      ERR MATRIX NOT POS-DEF
  EXT PARAMETER                APPROXIMATE        STEP         FIRST   
  NO.   NAME      VALUE            ERROR          SIZE      DERIVATIVE 
   1  norm         5.58869e+05   2.80093e+01   1.72552e+03  -6.45948e-02
   2  Q            5.65026e-01   5.62563e-06   5.54988e-04  -1.98322e+05
   3  theta       -8.72235e-04   1.61966e-02   5.05106e-02  -1.75590e+01
   4  pileup       9.99853e-04   1.99527e-07   2.09852e-05   3.68701e+06
 MINUIT WARNING IN MIGRAD  
 ============== Negative diagonal element 2 in Error Matrix
 MINUIT WARNING IN MIGRAD  
 ============== 1 added to diagonal of error matrix
 MIGRAD FAILS TO FIND IMPROVEMENT
 MIGRAD TERMINATED WITHOUT CONVERGENCE.
 FCN=-2.37861e+11 FROM MIGRAD    STATUS=FAILED        144 CALLS         372 TOTAL
                     EDM=1.96523e+07    STRATEGY= 1      ERR MATRIX NOT POS-DEF
  EXT PARAMETER                APPROXIMATE        STEP         FIRST   
  NO.   NAME      VALUE            ERROR          SIZE      DERIVATIVE 
   1  norm         5.58871e+05   7.74508e+00  -0.00000e+00  -6.91153e-02
   2  Q            5.65026e-01   1.00000e+00  -0.00000e+00   2.14608e+09
   3  theta       -5.65490e-04   1.00000e+00   0.00000e+00  -1.55075e+04
   4  pileup       9.99838e-04   1.00000e+00   0.00000e+00  -2.64852e+07
 EXTERNAL ERROR MATRIX.    NDIM=  25    NPAR=  4    ERR DEF=1
  5.999e+01  3.496e-08  4.825e-03 -2.036e-07 
  3.496e-08  1.000e+00  1.906e-11  1.885e-16 
  4.825e-03  1.906e-11  1.000e+00  1.924e-11 
 -2.036e-07  1.885e-16  1.924e-11  1.000e+00 
ERR MATRIX NOT POS-DEF
 PARAMETER  CORRELATION COEFFICIENTS  
       NO.  GLOBAL      1      2      3      4
        1  0.00062   1.000  0.000  0.001 -0.000
        2  0.00000   0.000  1.000  0.000  0.000
        3  0.00062   0.001  0.000  1.000  0.000
        4  0.00000  -0.000  0.000  0.000  1.000
 ERR MATRIX NOT POS-DEF
status of the fit-----000------4
1  558871
2  0.565026
3  -0.00056549
4  0.000999838
 PARAMETER DEFINITIONS:
    NO.   NAME         VALUE      STEP SIZE      LIMITS
     1 norm         5.58871e+05  1.00000e-01     no limits
     2 Q            5.65026e-01  1.00000e-01     no limits
     3 theta       -5.65490e-04  1.00000e-01     no limits
     4 pileup       9.99838e-04  1.00000e-01     no limits
 **********
 **    3 **MIGRAD
 **********
 FIRST CALL TO USER FUNCTION AT NEW START POINT, WITH IFLAG=4.
 START MIGRAD MINIMIZATION.  STRATEGY  1.  CONVERGENCE WHEN EDM .LT. 1.00e-04
 FCN=-2.37861e+11 FROM MIGRAD    STATUS=INITIATE       14 CALLS         387 TOTAL
                     EDM= unknown      STRATEGY= 1      NO ERROR MATRIX       
  EXT PARAMETER               CURRENT GUESS       STEP         FIRST   
  NO.   NAME      VALUE            ERROR          SIZE      DERIVATIVE 
   1  norm         5.58871e+05   1.00000e-01   1.00000e-01  -4.49478e-03
   2  Q            5.65026e-01   1.00000e-01   1.00000e-01   6.36352e+06
   3  theta       -5.65490e-04   1.00000e-01   1.00000e-01  -3.75583e+03
   4  pileup       9.99838e-04   1.00000e-01   1.00000e-01  -9.18080e+11
 MIGRAD FAILS TO FIND IMPROVEMENT
 COVARIANCE MATRIX CALCULATED SUCCESSFULLY
 FCN=-2.37861e+11 FROM HESSE     STATUS=OK             29 CALLS         427 TOTAL
                     EDM=0.00827071    STRATEGY= 1      ERROR MATRIX ACCURATE 
  EXT PARAMETER                                   STEP         FIRST   
  NO.   NAME      VALUE            ERROR          SIZE      DERIVATIVE 
   1  norm         5.58871e+05   5.28330e+01   2.66490e+00  -4.40889e-03
   2  Q            5.65026e-01   4.85545e-06   1.00000e-03  -1.19721e+04
   3  theta       -5.65490e-04   4.18965e-03   1.00000e-01  -1.34010e+01
   4  pileup       9.99838e-04   9.24323e-08   1.00000e-02   1.40597e+06
 MIGRAD FAILS TO FIND IMPROVEMENT
 MACHINE ACCURACY LIMITS FURTHER IMPROVEMENT.
 MIGRAD MINIMIZATION HAS CONVERGED.
 MIGRAD WILL VERIFY CONVERGENCE AND ERROR MATRIX.
 EIGENVALUES OF SECOND-DERIVATIVE MATRIX:
        -2.7730e-04  3.8568e-01  8.5237e-01  2.7622e+00
 MINUIT WARNING IN HESSE   
 ============== MATRIX FORCED POS-DEF BY ADDING 0.003040 TO DIAGONAL.
 MIGRAD TERMINATED WITHOUT CONVERGENCE.
 FCN=-2.37861e+11 FROM MIGRAD    STATUS=FAILED        183 CALLS         556 TOTAL
                     EDM=0.0271115    STRATEGY= 1      ERR MATRIX NOT POS-DEF
  EXT PARAMETER                APPROXIMATE        STEP         FIRST   
  NO.   NAME      VALUE            ERROR          SIZE      DERIVATIVE 
   1  norm         5.58871e+05   9.74425e+01   1.72553e+03   1.02912e-02
   2  Q            5.65027e-01   3.14377e-05   9.64704e-05   3.42962e+04
   3  theta       -6.96995e-05   2.40758e-03   4.46160e-02  -9.49056e-01
   4  pileup       9.99836e-04   1.03249e-07   2.09856e-05   1.96508e+06
 EXTERNAL ERROR MATRIX.    NDIM=  25    NPAR=  4    ERR DEF=1
  9.495e+03 -3.050e-03 -4.435e-03  8.975e-08 
 -3.050e-03  9.883e-10  5.253e-09 -3.780e-14 
 -4.435e-03  5.253e-09  5.796e-06  1.052e-10 
  8.975e-08 -3.780e-14  1.052e-10  1.066e-14 
ERR MATRIX NOT POS-DEF
 PARAMETER  CORRELATION COEFFICIENTS  
       NO.  GLOBAL      1      2      3      4
        1  0.99724   1.000 -0.996 -0.019  0.009
        2  0.99726  -0.996  1.000  0.069 -0.012
        3  0.69701  -0.019  0.069  1.000  0.423
        4  0.52320   0.009 -0.012  0.423  1.000
 ERR MATRIX NOT POS-DEF
 **********
 **    4 **MIGRAD 
 **********
 START MIGRAD MINIMIZATION.  STRATEGY  1.  CONVERGENCE WHEN EDM .LT. 1.00e-04
 FCN=-2.37861e+11 FROM MIGRAD    STATUS=INITIATE        8 CALLS         564 TOTAL
                     EDM=0.313477    STRATEGY= 1      ERR MATRIX NOT POS-DEF
  EXT PARAMETER                APPROXIMATE        STEP         FIRST   
  NO.   NAME      VALUE            ERROR          SIZE      DERIVATIVE 
   1  norm         5.58871e+05   9.74425e+01   1.72553e+03   5.40526e-05
   2  Q            5.65027e-01   3.14377e-05   9.64704e-05   3.46343e+04
   3  theta       -6.96995e-05   2.40758e-03   4.46160e-02  -1.54662e+01
   4  pileup       9.99836e-04   1.03249e-07   2.09856e-05  -2.54543e+06
 MINUIT WARNING IN MIGRAD  
 ============== Negative diagonal element 2 in Error Matrix
 MINUIT WARNING IN MIGRAD  
 ============== 1 added to diagonal of error matrix
 MIGRAD FAILS TO FIND IMPROVEMENT
 EIGENVALUES OF SECOND-DERIVATIVE MATRIX:
        -2.3319e-01  4.0810e-01  6.7571e-01  3.1494e+00
 MINUIT WARNING IN HESSE   
 ============== MATRIX FORCED POS-DEF BY ADDING 0.236342 TO DIAGONAL.
 FCN=-2.37861e+11 FROM HESSE     STATUS=NOT POSDEF     31 CALLS         622 TOTAL
                     EDM=0.0461358    STRATEGY= 1      ERR MATRIX NOT POS-DEF
  EXT PARAMETER                APPROXIMATE        STEP         FIRST   
  NO.   NAME      VALUE            ERROR          SIZE      DERIVATIVE 
   1  norm         5.58877e+05   2.29234e+01   1.72553e+03   1.06677e-02
   2  Q            5.65025e-01   5.48970e-06   5.54985e-04   3.53894e+04
   3  theta       -5.92340e-05   4.81457e-03   1.78464e-01  -2.67831e+00
   4  pileup       9.99838e-04   1.62565e-07   2.09869e-05   2.35503e+06
 MINUIT WARNING IN MIGRAD  
 ============== Negative diagonal element 2 in Error Matrix
 MINUIT WARNING IN MIGRAD  
 ============== 1 added to diagonal of error matrix
 MIGRAD FAILS TO FIND IMPROVEMENT
 MIGRAD TERMINATED WITHOUT CONVERGENCE.
 FCN=-2.37861e+11 FROM MIGRAD    STATUS=FAILED        110 CALLS         666 TOTAL
                     EDM=8.19596e+06    STRATEGY= 1      ERR MATRIX NOT POS-DEF
  EXT PARAMETER                APPROXIMATE        STEP         FIRST   
  NO.   NAME      VALUE            ERROR          SIZE      DERIVATIVE 
   1  norm         5.58876e+05   7.56919e+00  -0.00000e+00  -6.92355e-02
   2  Q            5.65025e-01   1.00000e+00  -0.00000e+00   1.98006e+09
   3  theta        5.74495e-05   1.00000e+00  -0.00000e+00   2.60469e+03
   4  pileup       9.99831e-04   1.00000e+00   0.00000e+00  -2.80375e+07
 EXTERNAL ERROR MATRIX.    NDIM=  25    NPAR=  4    ERR DEF=1
  5.729e+01 -9.867e-10  1.546e-03 -8.395e-08 
 -9.867e-10  1.000e+00 -1.278e-13  3.947e-17 
  1.546e-03 -1.278e-13  1.000e+00  1.229e-11 
 -8.395e-08  3.947e-17  1.229e-11  1.000e+00 
ERR MATRIX NOT POS-DEF
 PARAMETER  CORRELATION COEFFICIENTS  
       NO.  GLOBAL      1      2      3      4
        1  0.00020   1.000 -0.000  0.000 -0.000
        2  0.00000  -0.000  1.000 -0.000  0.000
        3  0.00020   0.000 -0.000  1.000  0.000
        4  0.00000  -0.000  0.000  0.000  1.000
 ERR MATRIX NOT POS-DEF
status of the fit-----000------4
1  558876
2  0.565025
3  5.74495e-05
4  0.000999831
 PARAMETER DEFINITIONS:
    NO.   NAME         VALUE      STEP SIZE      LIMITS
     1 norm         5.58876e+05  1.00000e-01     no limits
     2 Q            5.65025e-01  1.00000e-01     no limits
     3 theta        5.74495e-05  1.00000e-01     no limits
     4 pileup       9.99831e-04  1.00000e-01     no limits
 **********
 **    5 **MIGRAD
 **********
 FIRST CALL TO USER FUNCTION AT NEW START POINT, WITH IFLAG=4.
 START MIGRAD MINIMIZATION.  STRATEGY  1.  CONVERGENCE WHEN EDM .LT. 1.00e-04
 FCN=-2.37861e+11 FROM MIGRAD    STATUS=INITIATE       14 CALLS         681 TOTAL
                     EDM= unknown      STRATEGY= 1      NO ERROR MATRIX       
  EXT PARAMETER               CURRENT GUESS       STEP         FIRST   
  NO.   NAME      VALUE            ERROR          SIZE      DERIVATIVE 
   1  norm         5.58876e+05   1.00000e-01   1.00000e-01  -4.56917e-03
   2  Q            5.65025e-01   1.00000e-01   1.00000e-01   6.29405e+06
   3  theta        5.74495e-05   1.00000e-01   1.00000e-01   3.81685e+02
   4  pileup       9.99831e-04   1.00000e-01   1.00000e-01  -9.18080e+11
 MIGRAD FAILS TO FIND IMPROVEMENT
 COVARIANCE MATRIX CALCULATED SUCCESSFULLY
 FCN=-2.37861e+11 FROM HESSE     STATUS=OK             29 CALLS         721 TOTAL
                     EDM=0.0243941    STRATEGY= 1      ERROR MATRIX ACCURATE 
  EXT PARAMETER                                   STEP         FIRST   
  NO.   NAME      VALUE            ERROR          SIZE      DERIVATIVE 
   1  norm         5.58876e+05   8.26173e+01   2.66493e+00  -4.83828e-03
   2  Q            5.65025e-01   7.82213e-06   1.00000e-03  -1.25085e+04
   3  theta        5.74495e-05   6.83169e-03   1.00000e-01   1.43433e+00
   4  pileup       9.99831e-04   9.24335e-08   1.00000e-02  -1.46058e+05
 EIGENVALUES OF SECOND-DERIVATIVE MATRIX:
        -4.3849e-01 -4.4378e-02  4.8789e-01  3.9950e+00
 MINUIT WARNING IN MIGRAD  
 ============== MATRIX FORCED POS-DEF BY ADDING 0.442487 TO DIAGONAL.
 MIGRAD FAILS TO FIND IMPROVEMENT
 MIGRAD TERMINATED WITHOUT CONVERGENCE.
 FCN=-2.37861e+11 FROM MIGRAD    STATUS=FAILED        103 CALLS         770 TOTAL
                     EDM=5.96306e+07    STRATEGY= 1  ERROR MATRIX UNCERTAINTY 100.0 per cent
  EXT PARAMETER                APPROXIMATE        STEP         FIRST   
  NO.   NAME      VALUE            ERROR          SIZE      DERIVATIVE 
   1  norm         5.58876e+05   1.10041e+01   0.00000e+00   7.29178e-04
   2  Q            5.65025e-01   2.06227e-09   0.00000e+00   1.98011e+09
   3  theta        4.14763e-05   1.18145e-03  -0.00000e+00   4.69628e+03
   4  pileup       9.99831e-04   3.21283e-09   0.00000e+00  -2.78816e+07
 EXTERNAL ERROR MATRIX.    NDIM=  25    NPAR=  4    ERR DEF=1
  1.211e+02 -1.305e-08  5.552e-03  2.287e-08 
 -1.305e-08  4.253e-18 -2.277e-12 -5.762e-18 
  5.552e-03 -2.277e-12  1.396e-06  2.449e-12 
  2.287e-08 -5.762e-18  2.449e-12  1.032e-17 
ERR MATRIX APPROXIMATE
 PARAMETER  CORRELATION COEFFICIENTS  
       NO.  GLOBAL      1      2      3      4
        1  0.65380   1.000 -0.575  0.427  0.647
        2  0.99776  -0.575  1.000 -0.935 -0.870
        3  0.99463   0.427 -0.935  1.000  0.645
        4  0.98946   0.647 -0.870  0.645  1.000
 ERR MATRIX APPROXIMATE
 **********
 **    6 **MIGRAD 
 **********
 START MIGRAD MINIMIZATION.  STRATEGY  1.  CONVERGENCE WHEN EDM .LT. 1.00e-04
 FCN=-2.37861e+11 FROM MIGRAD    STATUS=INITIATE       12 CALLS         782 TOTAL
                     EDM=0.172378    STRATEGY= 1  ERROR MATRIX UNCERTAINTY 100.0 per cent
  EXT PARAMETER                APPROXIMATE        STEP         FIRST   
  NO.   NAME      VALUE            ERROR          SIZE      DERIVATIVE 
   1  norm         5.58876e+05   1.10041e+01   0.00000e+00  -5.37831e-03
   2  Q            5.65025e-01   2.06227e-09   0.00000e+00   4.35012e+03
   3  theta        4.14763e-05   1.18145e-03  -0.00000e+00   5.67817e+01
   4  pileup       9.99831e-04   3.21283e-09   0.00000e+00  -2.78818e+07
 MIGRAD FAILS TO FIND IMPROVEMENT
 MACHINE ACCURACY LIMITS FURTHER IMPROVEMENT.
 MIGRAD MINIMIZATION HAS CONVERGED.
 MIGRAD WILL VERIFY CONVERGENCE AND ERROR MATRIX.
 EIGENVALUES OF SECOND-DERIVATIVE MATRIX:
        -1.8452e-04  3.8274e-01  8.5189e-01  2.7656e+00
 MINUIT WARNING IN HESSE   
 ============== MATRIX FORCED POS-DEF BY ADDING 0.002950 TO DIAGONAL.
 FCN=-2.37861e+11 FROM HESSE     STATUS=NOT POSDEF     29 CALLS         821 TOTAL
                     EDM=0.00171991    STRATEGY= 1      ERR MATRIX NOT POS-DEF
  EXT PARAMETER                APPROXIMATE        STEP         FIRST   
  NO.   NAME      VALUE            ERROR          SIZE      DERIVATIVE 
   1  norm         5.58876e+05   9.73753e+01   5.32986e+02   7.77274e-04
   2  Q            5.65025e-01   3.14220e-05   9.63803e-05   4.27223e+03
   3  theta        4.14763e-05   2.37780e-03   4.52867e-02   6.82298e-01
   4  pileup       9.99831e-04   1.03386e-07   2.09855e-05   5.53113e+05
 MINUIT WARNING IN MIGRAD  
 ============== Negative diagonal element 2 in Error Matrix
 MINUIT WARNING IN MIGRAD  
 ============== 1 added to diagonal of error matrix
 MIGRAD FAILS TO FIND IMPROVEMENT
 MIGRAD TERMINATED WITHOUT CONVERGENCE.
 FCN=-2.37861e+11 FROM MIGRAD    STATUS=FAILED         91 CALLS         861 TOTAL
                     EDM=1.04079e+09    STRATEGY= 1      ERR MATRIX NOT POS-DEF
  EXT PARAMETER                APPROXIMATE        STEP         FIRST   
  NO.   NAME      VALUE            ERROR          SIZE      DERIVATIVE 
   1  norm         5.58881e+05   9.16733e+00  -0.00000e+00  -6.68613e-02
   2  Q            5.65023e-01   1.00000e+00  -0.00000e+00   1.89576e+09
   3  theta        1.94446e-05   1.00000e+00  -0.00000e+00   4.27371e+02
   4  pileup       9.99830e-04   1.00000e+00   0.00000e+00  -2.82116e+07
 EXTERNAL ERROR MATRIX.    NDIM=  25    NPAR=  4    ERR DEF=1
  8.404e+01  6.485e-10  1.101e-02 -8.753e-08 
  6.485e-10  1.000e+00 -6.620e-13  1.121e-17 
  1.101e-02 -6.620e-13  1.000e+00 -3.341e-12 
 -8.753e-08  1.121e-17 -3.341e-12  1.000e+00 
ERR MATRIX NOT POS-DEF
 PARAMETER  CORRELATION COEFFICIENTS  
       NO.  GLOBAL      1      2      3      4
        1  0.00120   1.000  0.000  0.001 -0.000
        2  0.00000   0.000  1.000 -0.000  0.000
        3  0.00120   0.001 -0.000  1.000 -0.000
        4  0.00000  -0.000  0.000 -0.000  1.000
 ERR MATRIX NOT POS-DEF
status of the fit-----000------4
1  558881
2  0.565023
3  1.94446e-05
4  0.00099983
 **********
 **   25 **SET PRINT           2
 **********
 **********
 **   26 **SET NOGRAD
 **********
 PARAMETER DEFINITIONS:
    NO.   NAME         VALUE      STEP SIZE      LIMITS
     1 p0           5.58000e+05  1.67400e+05     no limits
     2 p1           5.65000e-01  1.69500e-01     no limits
     3 p2           0.00000e+00  3.00000e-01     no limits
     4 p3           9.99871e-04  2.99961e-04     no limits
 **********
 **   27 **SET ERR         0.5
 **********
 **********
 **   28 **SET PRINT           2
 **********
 **********
 **   29 **SET STR           1
 **********
 NOW USING STRATEGY  1: TRY TO BALANCE SPEED AGAINST RELIABILITY
 **********
 **   30 **MIGRAD        1480        0.01
 **********
 FIRST CALL TO USER FUNCTION AT NEW START POINT, WITH IFLAG=4.
 START MIGRAD MINIMIZATION.  STRATEGY  1.  CONVERGENCE WHEN EDM .LT. 1.00e-05
 FCN=17317.2 FROM MIGRAD    STATUS=INITIATE       18 CALLS          19 TOTAL
                     EDM= unknown      STRATEGY= 1      NO ERROR MATRIX       
  EXT PARAMETER               CURRENT GUESS       STEP         FIRST   
  NO.   NAME      VALUE            ERROR          SIZE      DERIVATIVE 
   1  p0           5.58000e+05   1.67400e+05   1.67400e+05  -3.62893e+01
   2  p1           5.65000e-01   1.69500e-01   1.69500e-01  -1.12648e+08
   3  p2           0.00000e+00   3.00000e-01   3.00000e-01   0.00000e+00
   4  p3           9.99871e-04   2.99961e-04   2.99961e-04  -9.94875e+08
                               ERR DEF= 0.5
NO ERROR MATRIX       
 FCN=474.819 FROM MIGRAD    STATUS=PROGRESS       34 CALLS          35 TOTAL
                     EDM=1340.25    STRATEGY= 1      NO ERROR MATRIX       
  EXT PARAMETER               CURRENT GUESS       STEP         FIRST   
  NO.   NAME      VALUE            ERROR          SIZE      DERIVATIVE 
   1  p0           5.58439e+05   1.67400e+05   4.39473e+02  -8.23396e-01
   2  p1           5.65142e-01   1.69500e-01   1.41719e-04  -2.52979e+06
   3  p2           0.00000e+00   3.00000e-01  -0.00000e+00   0.00000e+00
   4  p3           1.00166e-03   2.99961e-04   1.78625e-06   4.04515e+08
                               ERR DEF= 0.5
 FCN=63.92 FROM MIGRAD    STATUS=PROGRESS      149 CALLS         150 TOTAL
                     EDM=0.000108775    STRATEGY= 1  ERROR MATRIX UNCERTAINTY  83.4 per cent
  EXT PARAMETER                APPROXIMATE        STEP         FIRST   
  NO.   NAME      VALUE            ERROR          SIZE      DERIVATIVE 
   1  p0           5.58863e+05   1.04587e+03  -3.72795e+00   1.33615e-04
   2  p1           5.65029e-01   3.36750e-04   1.23063e-06   4.39223e+02
   3  p2           0.00000e+00   4.89480e-04  -0.00000e+00   0.00000e+00
   4  p3           9.99785e-04   6.92128e-08   2.20471e-10   1.76167e+04
                               ERR DEF= 0.5
 MINUIT WARNING IN MIGRAD  
 ============== Negative diagonal element 1 in Error Matrix
 MINUIT WARNING IN MIGRAD  
 ============== Negative diagonal element 2 in Error Matrix
 MINUIT WARNING IN MIGRAD  
 ============== 1.98428e+06 added to diagonal of error matrix
 EIGENVALUES OF SECOND-DERIVATIVE MATRIX:
         9.9955e-01  1.0000e+00  1.0000e+00  1.0005e+00
 MIGRAD FAILS TO FIND IMPROVEMENT
   START COVARIANCE MATRIX CALCULATION.
 EIGENVALUES OF SECOND-DERIVATIVE MATRIX:
        -3.6332e-05  7.5891e-01  1.0474e+00  2.1937e+00
 MINUIT WARNING IN HESSE   
 ============== MATRIX FORCED POS-DEF BY ADDING 0.002230 TO DIAGONAL.
 FCN=63.92 FROM HESSE     STATUS=NOT POSDEF     27 CALLS         206 TOTAL
                     EDM=4.47431e-06    STRATEGY= 1      ERR MATRIX NOT POS-DEF
  EXT PARAMETER                APPROXIMATE        STEP         FIRST   
  NO.   NAME      VALUE            ERROR          SIZE      DERIVATIVE 
   1  p0           5.58865e+05   7.73628e+01   2.66488e-01   1.68798e-04
   2  p1           5.65029e-01   2.49017e-05   2.69427e-07   5.84373e+02
   3  p2           0.00000e+00   6.58535e-03   3.59758e-05   0.00000e+00
   4  p3           9.99785e-04   6.62617e-08   4.76735e-10   4.21906e+04
                               ERR DEF= 0.5
 PARAMETER  CORRELATION COEFFICIENTS  
       NO.  GLOBAL      1      2      3      4
        1  0.99781   1.000 -0.998 -0.061  0.012
        2  0.99781  -0.998  1.000  0.058 -0.035
        3  0.13877  -0.061  0.058  1.000  0.124
        4  0.35800   0.012 -0.035  0.124  1.000
 ERR MATRIX NOT POS-DEF
 MIGRAD FAILS TO FIND IMPROVEMENT
 MIGRAD MINIMIZATION HAS CONVERGED.
 MIGRAD WILL VERIFY CONVERGENCE AND ERROR MATRIX.
   START COVARIANCE MATRIX CALCULATION.
 EIGENVALUES OF SECOND-DERIVATIVE MATRIX:
         2.7315e-03  8.0507e-01  1.0002e+00  2.1919e+00
 COVARIANCE MATRIX CALCULATED SUCCESSFULLY
 FCN=63.92 FROM MIGRAD    STATUS=CONVERGED     235 CALLS         236 TOTAL
                     EDM=2.77744e-06    STRATEGY= 1      ERROR MATRIX ACCURATE 
  EXT PARAMETER                                   STEP         FIRST   
  NO.   NAME      VALUE            ERROR          SIZE      DERIVATIVE 
   1  p0           5.58865e+05   6.92596e+01   1.33244e-01   1.68798e-04
   2  p1           5.65029e-01   2.23071e-05   1.34713e-07   5.84373e+02
   3  p2           0.00000e+00   6.77438e-03   3.59758e-05   0.00000e+00
   4  p3           9.99785e-04   6.62943e-08   1.10490e-08   1.08654e+04
                               ERR DEF= 0.5
 EXTERNAL ERROR MATRIX.    NDIM=  25    NPAR=  4    ERR DEF=0.5
  4.797e+03 -1.540e-03 -1.251e-01 -2.728e-08 
 -1.540e-03  4.976e-10  4.025e-08 -3.087e-14 
 -1.251e-01  4.025e-08  4.589e-05  3.137e-13 
 -2.728e-08 -3.087e-14  3.137e-13  4.395e-15 
 PARAMETER  CORRELATION COEFFICIENTS  
       NO.  GLOBAL      1      2      3      4
        1  0.99727   1.000 -0.997 -0.267 -0.006
        2  0.99727  -0.997  1.000  0.266 -0.021
        3  0.26676  -0.267  0.266  1.000  0.001
        4  0.34113  -0.006 -0.021  0.001  1.000
 EXTERNAL ERROR MATRIX.    NDIM=   4    NPAR=  4    ERR DEF=0.5
  4.797e+03 -1.540e-03 -1.251e-01 -2.728e-08 
 -1.540e-03  4.976e-10  4.025e-08 -3.087e-14 
 -1.251e-01  4.025e-08  4.589e-05  3.137e-13 
 -2.728e-08 -3.087e-14  3.137e-13  4.395e-15 
 FCN=63.92 FROM MIGRAD    STATUS=CONVERGED     235 CALLS         236 TOTAL
                     EDM=2.77744e-06    STRATEGY= 1      ERROR MATRIX ACCURATE 
  EXT PARAMETER                  PARABOLIC         MINOS ERRORS        
  NO.   NAME      VALUE            ERROR      NEGATIVE      POSITIVE   
   1  p0           5.58865e+05   6.92596e+01                            
   2  p1           5.65029e-01   2.23071e-05                            
   3  p2           0.00000e+00   6.77438e-03                            
   4  p3           9.99785e-04   6.62943e-08                            
                               ERR DEF= 0.5
------------------------------------------
Enering ROOFIt-------
 PARAMETER DEFINITIONS:
    NO.   NAME         VALUE      STEP SIZE      LIMITS
     1 norm         5.58865e+05  1.00000e-01     no limits
     2 Q            5.65000e-01  1.00000e-01     no limits
     3 theta        0.00000e+00  1.00000e-01     no limits
     4 pileup       9.99785e-04  1.00000e-01     no limits
 **********
 **    1 **MIGRAD
 **********
 FIRST CALL TO USER FUNCTION AT NEW START POINT, WITH IFLAG=4.
 START MIGRAD MINIMIZATION.  STRATEGY  1.  CONVERGENCE WHEN EDM .LT. 1.00e-04
 FCN=-2.3786e+11 FROM MIGRAD    STATUS=INITIATE       14 CALLS          15 TOTAL
                     EDM= unknown      STRATEGY= 1      NO ERROR MATRIX       
  EXT PARAMETER               CURRENT GUESS       STEP         FIRST   
  NO.   NAME      VALUE            ERROR          SIZE      DERIVATIVE 
   1  norm         5.58865e+05   1.00000e-01   1.00000e-01  -3.37833e+00
   2  Q            5.65000e-01   1.00000e-01   1.00000e-01  -4.61944e+07
   3  theta        0.00000e+00   1.00000e-01   1.00000e-01   0.00000e+00
   4  pileup       9.99785e-04   1.00000e-01   1.00000e-01  -9.18192e+11
 MIGRAD FAILS TO FIND IMPROVEMENT
 COVARIANCE MATRIX CALCULATED SUCCESSFULLY
 FCN=-2.3786e+11 FROM HESSE     STATUS=OK             27 CALLS          53 TOTAL
                     EDM=1609.78    STRATEGY= 1      ERROR MATRIX ACCURATE 
  EXT PARAMETER                                   STEP         FIRST   
  NO.   NAME      VALUE            ERROR          SIZE      DERIVATIVE 
   1  norm         5.58865e+05   3.14546e+01   2.66488e+00  -3.37836e+00
   2  Q            5.65000e-01   2.66765e-06   1.00000e-03  -1.05037e+07
   3  theta        0.00000e+00   2.12573e-03   1.00000e-01   0.00000e+00
   4  pileup       9.99785e-04   9.24304e-08   1.00000e-02  -9.53627e+07
 MIGRAD FAILS TO FIND IMPROVEMENT
 MIGRAD TERMINATED WITHOUT CONVERGENCE.
 FCN=-2.3786e+11 FROM MIGRAD    STATUS=FAILED         77 CALLS          78 TOTAL
                     EDM=36844.1    STRATEGY= 1  ERROR MATRIX UNCERTAINTY  77.8 per cent
  EXT PARAMETER                APPROXIMATE        STEP         FIRST   
  NO.   NAME      VALUE            ERROR          SIZE      DERIVATIVE 
   1  norm         5.59029e+05   1.55084e+01   0.00000e+00   1.23622e+00
   2  Q            5.64987e-01   8.95684e-07  -0.00000e+00   3.84233e+06
   3  theta       -8.31638e-03   4.35041e-04   0.00000e+00  -1.70105e+05
   4  pileup       9.99836e-04   9.24281e-08   0.00000e+00   9.38996e+06
 EXTERNAL ERROR MATRIX.    NDIM=  25    NPAR=  4    ERR DEF=1
  2.405e+02 -1.165e-05  3.601e-03 -1.896e-08 
 -1.165e-05  8.023e-13 -9.957e-11 -6.759e-15 
  3.601e-03 -9.957e-11  1.893e-07  3.578e-12 
 -1.896e-08 -6.759e-15  3.578e-12  8.543e-15 
ERR MATRIX APPROXIMATE
 PARAMETER  CORRELATION COEFFICIENTS  
       NO.  GLOBAL      1      2      3      4
        1  0.90734   1.000 -0.838  0.534 -0.013
        2  0.87675  -0.838  1.000 -0.256 -0.082
        3  0.65867   0.534 -0.256  1.000  0.089
        4  0.26507  -0.013 -0.082  0.089  1.000
 ERR MATRIX APPROXIMATE
 **********
 **    2 **MIGRAD 
 **********
 START MIGRAD MINIMIZATION.  STRATEGY  1.  CONVERGENCE WHEN EDM .LT. 1.00e-04
 FCN=-2.3786e+11 FROM MIGRAD    STATUS=INITIATE       16 CALLS          94 TOTAL
                     EDM=810076    STRATEGY= 1  ERROR MATRIX UNCERTAINTY  77.8 per cent
  EXT PARAMETER                APPROXIMATE        STEP         FIRST   
  NO.   NAME      VALUE            ERROR          SIZE      DERIVATIVE 
   1  norm         5.59029e+05   1.55084e+01   0.00000e+00   1.23615e+00
   2  Q            5.64987e-01   8.95684e-07  -0.00000e+00  -1.08961e+09
   3  theta       -8.31638e-03   4.35041e-04   0.00000e+00  -6.00863e+04
   4  pileup       9.99836e-04   9.24281e-08   0.00000e+00   1.05497e+07
 MIGRAD FAILS TO FIND IMPROVEMENT
 MACHINE ACCURACY LIMITS FURTHER IMPROVEMENT.
 MIGRAD MINIMIZATION HAS CONVERGED.
 MIGRAD WILL VERIFY CONVERGENCE AND ERROR MATRIX.
 COVARIANCE MATRIX CALCULATED SUCCESSFULLY
 FCN=-2.3786e+11 FROM HESSE     STATUS=OK             31 CALLS         184 TOTAL
                     EDM=0.0525543    STRATEGY= 1      ERROR MATRIX ACCURATE 
  EXT PARAMETER                                   STEP         FIRST   
  NO.   NAME      VALUE            ERROR          SIZE      DERIVATIVE 
   1  norm         5.58990e+05   8.50848e+00   1.72590e+03   3.34635e-02
   2  Q            5.64990e-01   5.72624e-07   5.54919e-04   1.01420e+05
   3  theta       -8.57442e-03   1.07641e-03   1.05835e-01  -4.72869e+02
   4  pileup       9.99814e-04   1.02548e-07   2.09855e-05   1.77361e+05
 MINUIT WARNING IN MIGRAD  
 ============== Negative diagonal element 3 in Error Matrix
 MINUIT WARNING IN MIGRAD  
 ============== 1 added to diagonal of error matrix
 MIGRAD FAILS TO FIND IMPROVEMENT
 MACHINE ACCURACY LIMITS FURTHER IMPROVEMENT.
 MIGRAD MINIMIZATION HAS CONVERGED.
 FCN=-2.3786e+11 FROM MIGRAD    STATUS=CONVERGED     129 CALLS         207 TOTAL
                     EDM=20.7862    STRATEGY= 1  ERROR MATRIX UNCERTAINTY   4.0 per cent
  EXT PARAMETER                                   STEP         FIRST   
  NO.   NAME      VALUE            ERROR          SIZE      DERIVATIVE 
   1  norm         5.58986e+05   7.95699e+00   0.00000e+00   3.76662e-02
   2  Q            5.64990e-01   1.00000e+00  -0.00000e+00   1.47704e+05
   3  theta       -7.13607e-03   1.00000e+00   0.00000e+00  -8.65825e+03
   4  pileup       9.99848e-04   1.00000e+00  -0.00000e+00   5.80790e+06
 EXTERNAL ERROR MATRIX.    NDIM=  25    NPAR=  4    ERR DEF=1
  6.331e+01 -8.500e-07  7.807e-04 -1.130e-07 
 -8.500e-07  1.000e+00 -1.348e-10 -1.968e-14 
  7.807e-04 -1.348e-10  1.000e+00 -1.234e-12 
 -1.130e-07 -1.968e-14 -1.234e-12  1.000e+00 
 PARAMETER  CORRELATION COEFFICIENTS  
       NO.  GLOBAL      1      2      3      4
        1  0.00010   1.000 -0.000  0.000 -0.000
        2  0.00000  -0.000  1.000 -0.000 -0.000
        3  0.00010   0.000 -0.000  1.000 -0.000
        4  0.00000  -0.000 -0.000 -0.000  1.000
status of the fit-----000------0
1  558986
2  0.56499
3  -0.00713607
4  0.000999848
 PARAMETER DEFINITIONS:
    NO.   NAME         VALUE      STEP SIZE      LIMITS
     1 norm         5.58986e+05  1.00000e-01     no limits
     2 Q            5.64990e-01  1.00000e-01     no limits
     3 theta       -7.13607e-03  1.00000e-01     no limits
     4 pileup       9.99848e-04  1.00000e-01     no limits
 **********
 **    3 **MIGRAD
 **********
 FIRST CALL TO USER FUNCTION AT NEW START POINT, WITH IFLAG=4.
 START MIGRAD MINIMIZATION.  STRATEGY  1.  CONVERGENCE WHEN EDM .LT. 1.00e-04
 FCN=-2.3786e+11 FROM MIGRAD    STATUS=INITIATE       14 CALLS         222 TOTAL
                     EDM= unknown      STRATEGY= 1      NO ERROR MATRIX       
  EXT PARAMETER               CURRENT GUESS       STEP         FIRST   
  NO.   NAME      VALUE            ERROR          SIZE      DERIVATIVE 
   1  norm         5.58986e+05   1.00000e-01   1.00000e-01   4.79897e-02
   2  Q            5.64990e-01   1.00000e-01   1.00000e-01   5.85230e+06
   3  theta       -7.13607e-03   1.00000e-01   1.00000e-01  -4.76220e+04
   4  pileup       9.99848e-04   1.00000e-01   1.00000e-01  -9.18071e+11
 MIGRAD FAILS TO FIND IMPROVEMENT
 COVARIANCE MATRIX CALCULATED SUCCESSFULLY
 FCN=-2.3786e+11 FROM HESSE     STATUS=OK             29 CALLS         262 TOTAL
                     EDM=0.528539    STRATEGY= 1      ERROR MATRIX ACCURATE 
  EXT PARAMETER                                   STEP         FIRST   
  NO.   NAME      VALUE            ERROR          SIZE      DERIVATIVE 
   1  norm         5.58986e+05   2.38075e+01   2.66546e+00   4.79439e-02
   2  Q            5.64990e-01   1.78951e-06   1.00000e-03   1.47635e+05
   3  theta       -7.13607e-03   1.41633e-03   1.00000e-01  -2.61311e+02
   4  pileup       9.99848e-04   9.24321e-08   1.00000e-02   9.77080e+06
 EIGENVALUES OF SECOND-DERIVATIVE MATRIX:
        -6.2549e-02  6.2839e-02  1.2131e+00  2.7866e+00
 MINUIT WARNING IN MIGRAD  
 ============== MATRIX FORCED POS-DEF BY ADDING 0.065336 TO DIAGONAL.
 EIGENVALUES OF SECOND-DERIVATIVE MATRIX:
        -1.0899e-04  5.6757e-03  7.9994e-01  3.1945e+00
 MINUIT WARNING IN MIGRAD  
 ============== MATRIX FORCED POS-DEF BY ADDING 0.003303 TO DIAGONAL.
 MIGRAD FAILS TO FIND IMPROVEMENT
 MACHINE ACCURACY LIMITS FURTHER IMPROVEMENT.
 MIGRAD MINIMIZATION HAS CONVERGED.
 MIGRAD WILL VERIFY CONVERGENCE AND ERROR MATRIX.
 EIGENVALUES OF SECOND-DERIVATIVE MATRIX:
        -2.7123e-04  5.7720e-01  8.6024e-01  2.5628e+00
 MINUIT WARNING IN HESSE   
 ============== MATRIX FORCED POS-DEF BY ADDING 0.002834 TO DIAGONAL.
 MIGRAD TERMINATED WITHOUT CONVERGENCE.
 FCN=-2.3786e+11 FROM MIGRAD    STATUS=FAILED        236 CALLS         444 TOTAL
                     EDM=0.133276    STRATEGY= 1      ERR MATRIX NOT POS-DEF
  EXT PARAMETER                APPROXIMATE        STEP         FIRST   
  NO.   NAME      VALUE            ERROR          SIZE      DERIVATIVE 
   1  norm         5.58985e+05   1.01204e+02   1.72588e+03   4.88055e-03
   2  Q            5.64991e-01   3.26115e-05   9.42476e-05   1.33819e+04
   3  theta       -6.54290e-03   1.47834e-03   5.95520e-02  -2.71831e+02
   4  pileup       9.99794e-04   9.76698e-08   2.09852e-05  -2.37417e+06
 EXTERNAL ERROR MATRIX.    NDIM=  25    NPAR=  4    ERR DEF=1
  1.024e+04 -3.289e-03 -3.942e-03  1.203e-07 
 -3.289e-03  1.064e-09  2.779e-09 -8.843e-14 
 -3.942e-03  2.779e-09  2.186e-06  4.141e-11 
  1.203e-07 -8.843e-14  4.141e-11  9.539e-15 
ERR MATRIX NOT POS-DEF
 PARAMETER  CORRELATION COEFFICIENTS  
       NO.  GLOBAL      1      2      3      4
        1  0.99744   1.000 -0.997 -0.026  0.012
        2  0.99745  -0.997  1.000  0.058 -0.028
        3  0.53032  -0.026  0.058  1.000  0.287
        4  0.43389   0.012 -0.028  0.287  1.000
 ERR MATRIX NOT POS-DEF
 **********
 **    4 **MIGRAD 
 **********
 START MIGRAD MINIMIZATION.  STRATEGY  1.  CONVERGENCE WHEN EDM .LT. 1.00e-04
 FCN=-2.3786e+11 FROM MIGRAD    STATUS=INITIATE        8 CALLS         452 TOTAL
                     EDM=4.668    STRATEGY= 1      ERR MATRIX NOT POS-DEF
  EXT PARAMETER                APPROXIMATE        STEP         FIRST   
  NO.   NAME      VALUE            ERROR          SIZE      DERIVATIVE 
   1  norm         5.58985e+05   1.01204e+02   1.72588e+03  -5.35410e-03
   2  Q            5.64991e-01   3.26115e-05   9.42476e-05   1.36721e+04
   3  theta       -6.54290e-03   1.47834e-03   5.95520e-02  -2.70550e+03
   4  pileup       9.99794e-04   9.76698e-08   2.09852e-05  -6.88494e+06
 MIGRAD FAILS TO FIND IMPROVEMENT
 MACHINE ACCURACY LIMITS FURTHER IMPROVEMENT.
 MIGRAD MINIMIZATION HAS CONVERGED.
 MIGRAD WILL VERIFY CONVERGENCE AND ERROR MATRIX.
 COVARIANCE MATRIX CALCULATED SUCCESSFULLY
 FCN=-2.3786e+11 FROM HESSE     STATUS=OK             31 CALLS         566 TOTAL
                     EDM=0.0521767    STRATEGY= 1      ERROR MATRIX ACCURATE 
  EXT PARAMETER                                   STEP         FIRST   
  NO.   NAME      VALUE            ERROR          SIZE      DERIVATIVE 
   1  norm         5.58991e+05   8.97056e+00   1.72590e+03   5.88977e-02
   2  Q            5.64989e-01   6.54922e-07   5.54931e-04   1.81652e+05
   3  theta       -6.12750e-03   6.26568e-04   2.28988e-01  -5.07337e+02
   4  pileup       9.99806e-04   1.03569e-07   2.09855e-05   2.35559e+06
 EIGENVALUES OF SECOND-DERIVATIVE MATRIX:
        -4.2166e-01  6.1074e-01  1.2833e+00  2.5276e+00
 MINUIT WARNING IN MIGRAD  
 ============== MATRIX FORCED POS-DEF BY ADDING 0.424183 TO DIAGONAL.
 EIGENVALUES OF SECOND-DERIVATIVE MATRIX:
        -7.5465e-05  1.2302e-01  9.1960e-01  2.9575e+00
 MINUIT WARNING IN MIGRAD  
 ============== MATRIX FORCED POS-DEF BY ADDING 0.003033 TO DIAGONAL.
 MIGRAD FAILS TO FIND IMPROVEMENT
 MACHINE ACCURACY LIMITS FURTHER IMPROVEMENT.
 MIGRAD MINIMIZATION HAS CONVERGED.
 MIGRAD WILL VERIFY CONVERGENCE AND ERROR MATRIX.
 EIGENVALUES OF SECOND-DERIVATIVE MATRIX:
        -2.9716e-04  5.0617e-01  8.5576e-01  2.6384e+00
 MINUIT WARNING IN HESSE   
 ============== MATRIX FORCED POS-DEF BY ADDING 0.002936 TO DIAGONAL.
 MIGRAD TERMINATED WITHOUT CONVERGENCE.
 FCN=-2.3786e+11 FROM MIGRAD    STATUS=FAILED        263 CALLS         707 TOTAL
                     EDM=0.0444312    STRATEGY= 1      ERR MATRIX NOT POS-DEF
  EXT PARAMETER                APPROXIMATE        STEP         FIRST   
  NO.   NAME      VALUE            ERROR          SIZE      DERIVATIVE 
   1  norm         5.58990e+05   9.96193e+01   1.72589e+03  -2.67885e-04
   2  Q            5.64989e-01   3.21854e-05   9.48988e-05  -2.38130e+03
   3  theta       -6.12743e-03   1.11977e-03   8.50661e-02  -2.58722e+02
   4  pileup       9.99803e-04   9.92387e-08   2.09854e-05   9.47066e+04
 EXTERNAL ERROR MATRIX.    NDIM=  25    NPAR=  4    ERR DEF=1
  9.924e+03 -3.194e-03 -9.540e-03 -9.913e-08 
 -3.194e-03  1.036e-09  4.433e-09 -6.159e-15 
 -9.540e-03  4.433e-09  1.254e-06  3.705e-11 
 -9.913e-08 -6.159e-15  3.705e-11  9.848e-15 
ERR MATRIX NOT POS-DEF
 PARAMETER  CORRELATION COEFFICIENTS  
       NO.  GLOBAL      1      2      3      4
        1  0.99736   1.000 -0.996 -0.086 -0.010
        2  0.99738  -0.996  1.000  0.123 -0.002
        3  0.59995  -0.086  0.123  1.000  0.333
        4  0.46238  -0.010 -0.002  0.333  1.000
 ERR MATRIX NOT POS-DEF
status of the fit-----000------4
1  558990
2  0.564989
3  -0.00612743
4  0.000999803
 PARAMETER DEFINITIONS:
    NO.   NAME         VALUE      STEP SIZE      LIMITS
     1 norm         5.58990e+05  1.00000e-01     no limits
     2 Q            5.64989e-01  1.00000e-01     no limits
     3 theta       -6.12743e-03  1.00000e-01     no limits
     4 pileup       9.99803e-04  1.00000e-01     no limits
 **********
 **    5 **MIGRAD
 **********
 FIRST CALL TO USER FUNCTION AT NEW START POINT, WITH IFLAG=4.
 START MIGRAD MINIMIZATION.  STRATEGY  1.  CONVERGENCE WHEN EDM .LT. 1.00e-04
 FCN=-2.3786e+11 FROM MIGRAD    STATUS=INITIATE       14 CALLS         722 TOTAL
                     EDM= unknown      STRATEGY= 1      NO ERROR MATRIX       
  EXT PARAMETER               CURRENT GUESS       STEP         FIRST   
  NO.   NAME      VALUE            ERROR          SIZE      DERIVATIVE 
   1  norm         5.58990e+05   1.00000e-01   1.00000e-01  -1.54565e-04
   2  Q            5.64989e-01   1.00000e-01   1.00000e-01   4.91799e+06
   3  theta       -6.12743e-03   1.00000e-01   1.00000e-01  -4.09471e+04
   4  pileup       9.99803e-04   1.00000e-01   1.00000e-01  -9.18073e+11
 MIGRAD FAILS TO FIND IMPROVEMENT
 COVARIANCE MATRIX CALCULATED SUCCESSFULLY
 FCN=-2.3786e+11 FROM HESSE     STATUS=OK             29 CALLS         762 TOTAL
                     EDM=0.0442186    STRATEGY= 1      ERROR MATRIX ACCURATE 
  EXT PARAMETER                                   STEP         FIRST   
  NO.   NAME      VALUE            ERROR          SIZE      DERIVATIVE 
   1  norm         5.58990e+05   2.45916e+01   2.66547e+00  -2.28985e-04
   2  Q            5.64989e-01   1.88770e-06   1.00000e-03  -2.37498e+03
   3  theta       -6.12743e-03   1.51244e-03   1.00000e-01  -2.76684e+02
   4  pileup       9.99803e-04   9.24321e-08   1.00000e-02  -4.52538e+05
 EIGENVALUES OF SECOND-DERIVATIVE MATRIX:
        -1.3699e-01  6.1877e-02  1.2459e+00  2.8292e+00
 MINUIT WARNING IN MIGRAD  
 ============== MATRIX FORCED POS-DEF BY ADDING 0.139815 TO DIAGONAL.
 MIGRAD FAILS TO FIND IMPROVEMENT
 MACHINE ACCURACY LIMITS FURTHER IMPROVEMENT.
 MIGRAD MINIMIZATION HAS CONVERGED.
 MIGRAD WILL VERIFY CONVERGENCE AND ERROR MATRIX.
 COVARIANCE MATRIX CALCULATED SUCCESSFULLY
 MIGRAD TERMINATED WITHOUT CONVERGENCE.
 FCN=-2.3786e+11 FROM MIGRAD    STATUS=FAILED        205 CALLS         913 TOTAL
                     EDM=0.0289204    STRATEGY= 1      ERR MATRIX APPROXIMATE
  EXT PARAMETER                APPROXIMATE        STEP         FIRST   
  NO.   NAME      VALUE            ERROR          SIZE      DERIVATIVE 
   1  norm         5.58989e+05   9.02084e+00   1.72589e+03  -6.06500e-04
   2  Q            5.64989e-01   6.66660e-07   5.54932e-04  -3.41656e+03
   3  theta       -5.97126e-03   4.49624e-04   3.27560e-01  -4.51701e+02
   4  pileup       9.99799e-04   1.04269e-07   2.09853e-05  -8.24241e+05
 EXTERNAL ERROR MATRIX.    NDIM=  25    NPAR=  4    ERR DEF=1
  8.138e+01  8.901e-07  1.855e-03 -6.045e-08 
  8.901e-07  4.444e-13  2.122e-10 -8.050e-15 
  1.855e-03  2.122e-10  2.022e-07  1.021e-11 
 -6.045e-08 -8.050e-15  1.021e-11  1.087e-14 
ERR MATRIX APPROXIMATE
 PARAMETER  CORRELATION COEFFICIENTS  
       NO.  GLOBAL      1      2      3      4
        1  0.59543   1.000  0.148  0.457 -0.064
        2  0.80168   0.148  1.000  0.708 -0.116
        3  0.85464   0.457  0.708  1.000  0.218
        4  0.53455  -0.064 -0.116  0.218  1.000
 ERR MATRIX APPROXIMATE
 **********
 **    6 **MIGRAD 
 **********
 START MIGRAD MINIMIZATION.  STRATEGY  1.  CONVERGENCE WHEN EDM .LT. 1.00e-04
 FCN=-2.3786e+11 FROM MIGRAD    STATUS=INITIATE        8 CALLS         921 TOTAL
                     EDM=8.36979    STRATEGY= 1      ERR MATRIX APPROXIMATE
  EXT PARAMETER                APPROXIMATE        STEP         FIRST   
  NO.   NAME      VALUE            ERROR          SIZE      DERIVATIVE 
   1  norm         5.58989e+05   9.02084e+00   1.72589e+03  -1.08405e-02
   2  Q            5.64989e-01   6.66660e-07   5.54932e-04  -3.35472e+03
   3  theta       -5.97126e-03   4.49624e-04   3.27560e-01  -1.24417e+04
   4  pileup       9.99799e-04   1.04269e-07   2.09853e-05  -5.33490e+06
 EIGENVALUES OF SECOND-DERIVATIVE MATRIX:
        -3.4648e-03  4.0781e-01  1.0565e+00  2.5391e+00
 MINUIT WARNING IN MIGRAD  
 ============== MATRIX FORCED POS-DEF BY ADDING 0.006004 TO DIAGONAL.
 MIGRAD FAILS TO FIND IMPROVEMENT
 COVARIANCE MATRIX CALCULATED SUCCESSFULLY
 FCN=-2.3786e+11 FROM HESSE     STATUS=OK             31 CALLS         985 TOTAL
                     EDM=0.00748345    STRATEGY= 1      ERROR MATRIX ACCURATE 
  EXT PARAMETER                                   STEP         FIRST   
  NO.   NAME      VALUE            ERROR          SIZE      DERIVATIVE 
   1  norm         5.58990e+05   9.02278e+00   1.72590e+03   1.49591e-02
   2  Q            5.64989e-01   6.66527e-07   5.54932e-04   4.50096e+04
   3  theta       -5.94388e-03   4.69300e-04   3.13746e-01  -4.58540e+02
   4  pileup       9.99801e-04   1.04168e-07   2.09867e-05   8.50855e+04
 MINUIT WARNING IN MIGRAD  
 ============== Negative diagonal element 3 in Error Matrix
 MINUIT WARNING IN MIGRAD  
 ============== 1 added to diagonal of error matrix
 MIGRAD FAILS TO FIND IMPROVEMENT
 MACHINE ACCURACY LIMITS FURTHER IMPROVEMENT.
 MIGRAD MINIMIZATION HAS CONVERGED.
 FCN=-2.3786e+11 FROM MIGRAD    STATUS=CONVERGED      95 CALLS        1008 TOTAL
                     EDM=9.62461    STRATEGY= 1  ERROR MATRIX UNCERTAINTY   7.0 per cent
  EXT PARAMETER                                   STEP         FIRST   
  NO.   NAME      VALUE            ERROR          SIZE      DERIVATIVE 
   1  norm         5.58989e+05   8.03243e+00   0.00000e+00   7.25873e-03
   2  Q            5.64989e-01   1.00000e+00  -0.00000e+00   5.31614e+04
   3  theta       -5.83174e-03   1.00000e+00   0.00000e+00  -1.32308e+04
   4  pileup       9.99810e-04   1.00000e+00   0.00000e+00  -2.06987e+06
 EXTERNAL ERROR MATRIX.    NDIM=  25    NPAR=  4    ERR DEF=1
  6.452e+01 -9.174e-07  9.267e-05 -1.605e-07 
 -9.174e-07  1.000e+00 -1.542e-11 -2.185e-14 
  9.267e-05 -1.542e-11  1.000e+00 -3.099e-12 
 -1.605e-07 -2.185e-14 -3.099e-12  1.000e+00 
 PARAMETER  CORRELATION COEFFICIENTS  
       NO.  GLOBAL      1      2      3      4
        1  0.00001   1.000 -0.000  0.000 -0.000
        2  0.00000  -0.000  1.000 -0.000 -0.000
        3  0.00001   0.000 -0.000  1.000 -0.000
        4  0.00000  -0.000 -0.000 -0.000  1.000
status of the fit-----000------0
1  558989
2  0.564989
3  -0.00583174
4  0.00099981
