  *******************************************
  *                                         *
  *        W E L C O M E  to  R O O T       *
  *                                         *
  *   Version   5.34/36      5 April 2016   *
  *                                         *
  *  You are welcome to visit our Web site  *
  *          http://root.cern.ch            *
  *                                         *
  *******************************************

ROOT 5.34/36 (v5-34-36@v5-34-36, Apr 05 2016, 10:25:45 on linuxx8664gcc)

CINT/ROOT C/C++ Interpreter version 5.18.00, July 2, 2010
Type ? for help. Commands must be C++ statements.
Enclose multiple statements between { }.
Loading root init file.
The rat/rootinit.C file loaded the DEAP style for you, which is available from the fStyle pointer.
DEAP style applied. 
RAT: Libraries loaded.

Processing /home/fatemigh/projects/rpp-jillings/fatemigh/sterile/Likelihood/LikelihoodSterile_modified6.C+(213)...
pased here
566 lines read from file
31
spec_E  566
Before entering fitting
 **********
 **    1 **SET PRINT           2
 **********
 **********
 **    2 **SET NOGRAD
 **********
 PARAMETER DEFINITIONS:
    NO.   NAME         VALUE      STEP SIZE      LIMITS
     1 p0           5.58000e+05  1.67400e+05     no limits
     2 p1           5.65000e-01  1.69500e-01     no limits
     3 p2           0.00000e+00  3.00000e-01     no limits
     4 p3           9.99871e-04  2.99961e-04     no limits
 **********
 **    3 **SET ERR         0.5
 **********
 **********
 **    4 **SET PRINT           2
 **********
 **********
 **    5 **SET STR           1
 **********
 NOW USING STRATEGY  1: TRY TO BALANCE SPEED AGAINST RELIABILITY
 **********
 **    6 **MIGRAD        1480        0.01
 **********
 FIRST CALL TO USER FUNCTION AT NEW START POINT, WITH IFLAG=4.
 START MIGRAD MINIMIZATION.  STRATEGY  1.  CONVERGENCE WHEN EDM .LT. 1.00e-05
 FCN=17215.7 FROM MIGRAD    STATUS=INITIATE       16 CALLS          17 TOTAL
                     EDM= unknown      STRATEGY= 1      NO ERROR MATRIX       
  EXT PARAMETER               CURRENT GUESS       STEP         FIRST   
  NO.   NAME      VALUE            ERROR          SIZE      DERIVATIVE 
   1  p0           5.58000e+05   1.67400e+05   1.67400e+05  -3.61888e+01
   2  p1           5.65000e-01   1.69500e-01   1.69500e-01  -5.09535e+08
   3  p2           0.00000e+00   3.00000e-01   3.00000e-01   0.00000e+00
   4  p3           9.99871e-04   2.99961e-04   2.99961e-04  -9.88317e+08
                               ERR DEF= 0.5
NO ERROR MATRIX       
 FCN=1073.07 FROM MIGRAD    STATUS=PROGRESS       33 CALLS          34 TOTAL
                     EDM=3048.59    STRATEGY= 1      NO ERROR MATRIX       
  EXT PARAMETER               CURRENT GUESS       STEP         FIRST   
  NO.   NAME      VALUE            ERROR          SIZE      DERIVATIVE 
   1  p0           5.58692e+05   1.67400e+05   6.92082e+02  -2.06626e+00
   2  p1           5.65040e-01   1.69500e-01   3.99373e-05  -6.37792e+06
   3  p2           0.00000e+00   3.00000e-01  -0.00000e+00   0.00000e+00
   4  p3           1.00267e-03   2.99961e-04   2.80221e-06   6.02399e+08
                               ERR DEF= 0.5
 MIGRAD MINIMIZATION HAS CONVERGED.
 MIGRAD WILL VERIFY CONVERGENCE AND ERROR MATRIX.
   START COVARIANCE MATRIX CALCULATION.
 EIGENVALUES OF SECOND-DERIVATIVE MATRIX:
        -8.9634e-04  7.7090e-01  1.0193e+00  2.2107e+00
 MINUIT WARNING IN HESSE   
 ============== MATRIX FORCED POS-DEF BY ADDING 0.003107 TO DIAGONAL.
 FCN=57.6598 FROM HESSE     STATUS=NOT POSDEF     27 CALLS          93 TOTAL
                     EDM=0.00233242    STRATEGY= 1      ERR MATRIX NOT POS-DEF
  EXT PARAMETER                APPROXIMATE        STEP         FIRST   
  NO.   NAME      VALUE            ERROR          SIZE      DERIVATIVE 
   1  p0           5.58819e+05   7.72001e+01   2.66466e-01  -1.75419e-05
   2  p1           5.65043e-01   2.47775e-05   2.69433e-07   2.70376e+03
   3  p2           0.00000e+00   8.49514e-03   2.38201e-05   0.00000e+00
   4  p3           9.99768e-04   6.93275e-08   4.76727e-10  -1.36512e+04
                               ERR DEF= 0.5
 PARAMETER  CORRELATION COEFFICIENTS  
       NO.  GLOBAL      1      2      3      4
        1  0.99780   1.000 -0.997 -0.312 -0.078
        2  0.99779  -0.997  1.000  0.310  0.052
        3  0.31944  -0.312  0.310  1.000  0.092
        4  0.36735  -0.078  0.052  0.092  1.000
 ERR MATRIX NOT POS-DEF
 FCN=57.6462 FROM MIGRAD    STATUS=PROGRESS      105 CALLS         106 TOTAL
                     EDM=0.0218016    STRATEGY= 1      ERR MATRIX NOT POS-DEF
  EXT PARAMETER                APPROXIMATE        STEP         FIRST   
  NO.   NAME      VALUE            ERROR          SIZE      DERIVATIVE 
   1  p0           5.58850e+05   7.72001e+01   3.07331e+01  -4.16678e-03
   2  p1           5.65033e-01   2.47775e-05  -9.89132e-06  -1.03401e+04
   3  p2          -1.04783e-03   8.49514e-03  -1.04783e-03  -2.50908e+01
   4  p3           9.99767e-04   6.93275e-08  -1.08182e-09  -6.05684e+05
                               ERR DEF= 0.5
 MIGRAD FAILS TO FIND IMPROVEMENT
 MIGRAD MINIMIZATION HAS CONVERGED.
 MIGRAD WILL VERIFY CONVERGENCE AND ERROR MATRIX.
   START COVARIANCE MATRIX CALCULATION.
 EIGENVALUES OF SECOND-DERIVATIVE MATRIX:
         1.4265e-03  8.1547e-01  1.0080e+00  2.1751e+00
 COVARIANCE MATRIX CALCULATED SUCCESSFULLY
 FCN=57.2337 FROM MIGRAD    STATUS=CONVERGED     183 CALLS         184 TOTAL
                     EDM=3.72329e-06    STRATEGY= 1      ERROR MATRIX ACCURATE 
  EXT PARAMETER                                   STEP         FIRST   
  NO.   NAME      VALUE            ERROR          SIZE      DERIVATIVE 
   1  p0           5.59773e+05   9.56837e+01   2.66920e-01   4.05220e-05
   2  p1           5.64736e-01   3.09411e-05   2.69287e-07   1.14584e+02
   3  p2           2.25799e-06   4.97920e-03   2.45403e-05   2.16114e-01
   4  p3           9.99788e-04   6.82287e-08   4.76736e-10   2.09688e+04
                               ERR DEF= 0.5
 EXTERNAL ERROR MATRIX.    NDIM=  25    NPAR=  4    ERR DEF=0.5
  9.155e+03 -2.956e-03  9.471e-02  2.113e-06 
 -2.956e-03  9.574e-10 -3.048e-08 -7.196e-13 
  9.471e-02 -3.048e-08  2.479e-05  9.045e-12 
  2.113e-06 -7.196e-13  9.045e-12  4.655e-15 
 PARAMETER  CORRELATION COEFFICIENTS  
       NO.  GLOBAL      1      2      3      4
        1  0.99856   1.000 -0.998  0.199  0.324
        2  0.99858  -0.998  1.000 -0.198 -0.341
        3  0.20275   0.199 -0.198  1.000  0.027
        4  0.45205   0.324 -0.341  0.027  1.000
 EXTERNAL ERROR MATRIX.    NDIM=   4    NPAR=  4    ERR DEF=0.5
  9.155e+03 -2.956e-03  9.471e-02  2.113e-06 
 -2.956e-03  9.574e-10 -3.048e-08 -7.196e-13 
  9.471e-02 -3.048e-08  2.479e-05  9.045e-12 
  2.113e-06 -7.196e-13  9.045e-12  4.655e-15 
 FCN=57.2337 FROM MIGRAD    STATUS=CONVERGED     183 CALLS         184 TOTAL
                     EDM=3.72329e-06    STRATEGY= 1      ERROR MATRIX ACCURATE 
  EXT PARAMETER                  PARABOLIC         MINOS ERRORS        
  NO.   NAME      VALUE            ERROR      NEGATIVE      POSITIVE   
   1  p0           5.59773e+05   9.56837e+01                            
   2  p1           5.64736e-01   3.09411e-05                            
   3  p2           2.25799e-06   4.97920e-03                            
   4  p3           9.99788e-04   6.82287e-08                            
                               ERR DEF= 0.5
------------------------------------------
Enering ROOFIt-------
 PARAMETER DEFINITIONS:
    NO.   NAME         VALUE      STEP SIZE      LIMITS
     1 norm         5.59773e+05  1.00000e-01     no limits
     2 Q            5.65000e-01  1.00000e-01     no limits
     3 theta        0.00000e+00  1.00000e-01     no limits
     4 pileup       9.99788e-04  1.00000e-01     no limits
 **********
 **    1 **MIGRAD
 **********
 FIRST CALL TO USER FUNCTION AT NEW START POINT, WITH IFLAG=4.
 START MIGRAD MINIMIZATION.  STRATEGY  1.  CONVERGENCE WHEN EDM .LT. 1.00e-04
 FCN=-2.37859e+11 FROM MIGRAD    STATUS=INITIATE       41 CALLS          42 TOTAL
                     EDM= unknown      STRATEGY= 1      NO ERROR MATRIX       
  EXT PARAMETER               CURRENT GUESS       STEP         FIRST   
  NO.   NAME      VALUE            ERROR          SIZE      DERIVATIVE 
   1  norm         5.59773e+05   1.00000e-01   0.00000e+00   9.35781e+00
   2  Q            5.65000e-01   1.00000e-01   0.00000e+00   2.81527e+07
   3  theta        1.00000e-01   1.00000e-01   1.00000e-01   6.00633e+05
   4  pileup       9.99788e-04   1.00000e-01   0.00000e+00  -7.11784e+08
 MIGRAD FAILS TO FIND IMPROVEMENT
 COVARIANCE MATRIX CALCULATED SUCCESSFULLY
 FCN=-2.37859e+11 FROM HESSE     STATUS=OK             27 CALLS          98 TOTAL
                     EDM=26322.5    STRATEGY= 1      ERROR MATRIX ACCURATE 
  EXT PARAMETER                                   STEP         FIRST   
  NO.   NAME      VALUE            ERROR          SIZE      DERIVATIVE 
   1  norm         5.59441e+05   3.04695e+01   2.66920e+02   3.96080e+00
   2  Q            5.64899e-01   3.70023e-07   5.53758e-04   1.22499e+07
   3  theta        5.48901e-02   2.63398e-03   1.34452e-01   7.33548e+03
   4  pileup       1.00350e-03   2.88512e-07   2.09604e-05   6.69895e+08
 MINUIT WARNING IN MIGRAD  
 ============== Negative diagonal element 2 in Error Matrix
 MINUIT WARNING IN MIGRAD  
 ============== Negative diagonal element 3 in Error Matrix
 MINUIT WARNING IN MIGRAD  
 ============== 1 added to diagonal of error matrix
 MIGRAD FAILS TO FIND IMPROVEMENT
 MIGRAD TERMINATED WITHOUT CONVERGENCE.
 FCN=-2.37859e+11 FROM MIGRAD    STATUS=FAILED        156 CALLS         157 TOTAL
                     EDM=47165    STRATEGY= 1  ERROR MATRIX UNCERTAINTY  92.3 per cent
  EXT PARAMETER                APPROXIMATE        STEP         FIRST   
  NO.   NAME      VALUE            ERROR          SIZE      DERIVATIVE 
   1  norm         5.59184e+05   6.44915e+00   0.00000e+00  -4.13249e+00
   2  Q            5.64898e-01   1.00000e+00   0.00000e+00  -1.26904e+07
   3  theta        3.07158e-02   1.00000e+00  -0.00000e+00   2.49812e+05
   4  pileup       1.00089e-03   1.00000e+00  -0.00000e+00   2.27332e+07
 EXTERNAL ERROR MATRIX.    NDIM=  25    NPAR=  4    ERR DEF=1
  4.159e+01 -5.391e-08 -7.698e-04 -4.395e-07 
 -5.391e-08  1.000e+00 -7.602e-12 -5.283e-16 
 -7.698e-04 -7.602e-12  1.000e+00 -7.535e-12 
 -4.395e-07 -5.283e-16 -7.535e-12  1.000e+00 
ERR MATRIX APPROXIMATE
 PARAMETER  CORRELATION COEFFICIENTS  
       NO.  GLOBAL      1      2      3      4
        1  0.00012   1.000 -0.000 -0.000 -0.000
        2  0.00000  -0.000  1.000 -0.000 -0.000
        3  0.00012  -0.000 -0.000  1.000 -0.000
        4  0.00000  -0.000 -0.000 -0.000  1.000
 ERR MATRIX APPROXIMATE
 **********
 **    2 **MIGRAD 
 **********
 START MIGRAD MINIMIZATION.  STRATEGY  1.  CONVERGENCE WHEN EDM .LT. 1.00e-04
 FCN=-2.37859e+11 FROM MIGRAD    STATUS=INITIATE       12 CALLS         169 TOTAL
                     EDM=1.61256e+19    STRATEGY= 1  ERROR MATRIX UNCERTAINTY  92.3 per cent
  EXT PARAMETER                APPROXIMATE        STEP         FIRST   
  NO.   NAME      VALUE            ERROR          SIZE      DERIVATIVE 
   1  norm         5.59184e+05   6.44915e+00   0.00000e+00  -4.13249e+00
   2  Q            5.64898e-01   1.00000e+00   0.00000e+00  -4.13663e+09
   3  theta        3.07158e-02   1.00000e+00  -0.00000e+00   4.34420e+05
   4  pileup       1.00089e-03   1.00000e+00  -0.00000e+00   2.27345e+07
 MIGRAD FAILS TO FIND IMPROVEMENT
 COVARIANCE MATRIX CALCULATED SUCCESSFULLY
 FCN=-2.37859e+11 FROM HESSE     STATUS=OK             29 CALLS         209 TOTAL
                     EDM=317.468    STRATEGY= 1      ERROR MATRIX ACCURATE 
  EXT PARAMETER                                   STEP         FIRST   
  NO.   NAME      VALUE            ERROR          SIZE      DERIVATIVE 
   1  norm         5.59184e+05   1.25334e+01   1.72660e+03  -4.07048e+00
   2  Q            5.64898e-01   3.66734e-07   5.54556e-04  -1.26902e+07
   3  theta        3.07158e-02   1.05492e-03   1.41453e-01   2.15078e+04
   4  pileup       1.00089e-03   1.30059e-07   2.09988e-05   5.11314e+07
 EIGENVALUES OF SECOND-DERIVATIVE MATRIX:
        -1.2320e-01  5.5644e-01  1.4129e+00  2.1538e+00
 MINUIT WARNING IN MIGRAD  
 ============== MATRIX FORCED POS-DEF BY ADDING 0.125352 TO DIAGONAL.
 MINUIT WARNING IN MIGRAD  
 ============== Negative diagonal element 2 in Error Matrix
 MINUIT WARNING IN MIGRAD  
 ============== Negative diagonal element 3 in Error Matrix
 MINUIT WARNING IN MIGRAD  
 ============== 1 added to diagonal of error matrix
 MIGRAD FAILS TO FIND IMPROVEMENT
 MACHINE ACCURACY LIMITS FURTHER IMPROVEMENT.
 MIGRAD MINIMIZATION HAS CONVERGED.
 MIGRAD WILL VERIFY CONVERGENCE AND ERROR MATRIX.
 EIGENVALUES OF SECOND-DERIVATIVE MATRIX:
        -4.0779e-03  8.3790e-02  8.4594e-01  3.0743e+00
 MINUIT WARNING IN HESSE   
 ============== MATRIX FORCED POS-DEF BY ADDING 0.007152 TO DIAGONAL.
 MIGRAD TERMINATED WITHOUT CONVERGENCE.
 FCN=-2.37859e+11 FROM MIGRAD    STATUS=FAILED        139 CALLS         296 TOTAL
                     EDM=583.051    STRATEGY= 1      ERR MATRIX NOT POS-DEF
  EXT PARAMETER                APPROXIMATE        STEP         FIRST   
  NO.   NAME      VALUE            ERROR          SIZE      DERIVATIVE 
   1  norm         5.59318e+05   8.36749e+01   1.72694e+03   6.44217e-01
   2  Q            5.64898e-01   3.15063e-05   8.67508e-05   1.97785e+06
   3  theta        2.79340e-02   2.49267e-03   1.11454e-01   5.88980e+03
   4  pileup       1.00021e-03   1.92775e-07   2.09841e-05   4.16921e+07
 EXTERNAL ERROR MATRIX.    NDIM=  25    NPAR=  4    ERR DEF=1
  7.001e+03 -2.598e-03 -1.405e-01 -9.497e-06 
 -2.598e-03  9.926e-10  6.092e-08  4.043e-12 
 -1.405e-01  6.092e-08  6.213e-06  4.205e-10 
 -9.497e-06  4.043e-12  4.205e-10  3.716e-14 
ERR MATRIX NOT POS-DEF
 PARAMETER  CORRELATION COEFFICIENTS  
       NO.  GLOBAL      1      2      3      4
        1  0.99626   1.000 -0.985 -0.673 -0.589
        2  0.99728  -0.985  1.000  0.776  0.666
        3  0.97000  -0.673  0.776  1.000  0.875
        4  0.89019  -0.589  0.666  0.875  1.000
 ERR MATRIX NOT POS-DEF
status of the fit-----000------4
1  559318
2  0.564898
3  0.027934
4  0.00100021
 PARAMETER DEFINITIONS:
    NO.   NAME         VALUE      STEP SIZE      LIMITS
     1 norm         5.59318e+05  1.00000e-01     no limits
     2 Q            5.64898e-01  1.00000e-01     no limits
     3 theta        2.79340e-02  1.00000e-01     no limits
     4 pileup       1.00021e-03  1.00000e-01     no limits
 **********
 **    3 **MIGRAD
 **********
 FIRST CALL TO USER FUNCTION AT NEW START POINT, WITH IFLAG=4.
 START MIGRAD MINIMIZATION.  STRATEGY  1.  CONVERGENCE WHEN EDM .LT. 1.00e-04
 FCN=-2.37859e+11 FROM MIGRAD    STATUS=INITIATE       18 CALLS         315 TOTAL
                     EDM= unknown      STRATEGY= 1      NO ERROR MATRIX       
  EXT PARAMETER               CURRENT GUESS       STEP         FIRST   
  NO.   NAME      VALUE            ERROR          SIZE      DERIVATIVE 
   1  norm         5.59318e+05   1.00000e-01   1.00000e-01   6.44362e-01
   2  Q            5.64898e-01   1.00000e-01   1.00000e-01   5.56876e+06
   3  theta        2.79340e-02   1.00000e-01   1.00000e-01   2.27906e+05
   4  pileup       1.00021e-03   1.00000e-01   1.00000e-01  -9.18076e+11
 MIGRAD FAILS TO FIND IMPROVEMENT
 EIGENVALUES OF SECOND-DERIVATIVE MATRIX:
        -1.5979e-01  2.2966e-01  9.1639e-01  3.0137e+00
 MINUIT WARNING IN HESSE   
 ============== MATRIX FORCED POS-DEF BY ADDING 0.162809 TO DIAGONAL.
 FCN=-2.37859e+11 FROM HESSE     STATUS=NOT POSDEF     29 CALLS         355 TOTAL
                     EDM=483.259    STRATEGY= 1      ERR MATRIX NOT POS-DEF
  EXT PARAMETER                APPROXIMATE        STEP         FIRST   
  NO.   NAME      VALUE            ERROR          SIZE      DERIVATIVE 
   1  norm         5.59318e+05   2.27823e+01   2.66704e+00   6.44328e-01
   2  Q            5.64898e-01   5.92209e-06   1.00000e-03   1.97785e+06
   3  theta        2.79340e-02   7.24402e-03   1.08948e-01   5.87334e+03
   4  pileup       1.00021e-03   9.87519e-08   1.00000e-02   4.11454e+07
 MINUIT WARNING IN MIGRAD  
 ============== Negative diagonal element 3 in Error Matrix
 MINUIT WARNING IN MIGRAD  
 ============== 1 added to diagonal of error matrix
 MIGRAD FAILS TO FIND IMPROVEMENT
 MACHINE ACCURACY LIMITS FURTHER IMPROVEMENT.
 MIGRAD MINIMIZATION HAS CONVERGED.
 MIGRAD WILL VERIFY CONVERGENCE AND ERROR MATRIX.
 EIGENVALUES OF SECOND-DERIVATIVE MATRIX:
        -1.9188e-02  6.1904e-04  8.4646e-01  3.1721e+00
 MINUIT WARNING IN HESSE   
 ============== MATRIX FORCED POS-DEF BY ADDING 0.022360 TO DIAGONAL.
 MIGRAD TERMINATED WITHOUT CONVERGENCE.
 FCN=-2.37859e+11 FROM MIGRAD    STATUS=FAILED        106 CALLS         403 TOTAL
                     EDM=10462.4    STRATEGY= 1      ERR MATRIX NOT POS-DEF
  EXT PARAMETER                APPROXIMATE        STEP         FIRST   
  NO.   NAME      VALUE            ERROR          SIZE      DERIVATIVE 
   1  norm         5.59338e+05   3.98805e+01   5.33407e+00   1.41980e+00
   2  Q            5.64892e-01   2.03654e-05   1.02983e-04   4.40758e+06
   3  theta        2.00704e-02   1.87862e-02   4.35792e-02  -6.81914e+02
   4  pileup       1.00014e-03   6.41829e-07   2.14094e-05   8.51262e+07
 EXTERNAL ERROR MATRIX.    NDIM=  25    NPAR=  4    ERR DEF=1
  1.590e+03 -4.330e-05  3.688e-01  1.237e-05 
 -4.330e-05  4.147e-10  3.201e-07  1.078e-11 
  3.688e-01  3.201e-07  3.529e-04  1.193e-08 
  1.237e-05  1.078e-11  1.193e-08  4.119e-13 
ERR MATRIX NOT POS-DEF
 PARAMETER  CORRELATION COEFFICIENTS  
       NO.  GLOBAL      1      2      3      4
        1  0.98369   1.000 -0.053  0.492  0.483
        2  0.99358  -0.053  1.000  0.837  0.824
        3  0.99756   0.492  0.837  1.000  0.990
        4  0.99073   0.483  0.824  0.990  1.000
 ERR MATRIX NOT POS-DEF
 **********
 **    4 **MIGRAD 
 **********
 START MIGRAD MINIMIZATION.  STRATEGY  1.  CONVERGENCE WHEN EDM .LT. 1.00e-04
 FCN=-2.37859e+11 FROM MIGRAD    STATUS=INITIATE        8 CALLS         411 TOTAL
                     EDM=11797.8    STRATEGY= 1      ERR MATRIX NOT POS-DEF
  EXT PARAMETER                APPROXIMATE        STEP         FIRST   
  NO.   NAME      VALUE            ERROR          SIZE      DERIVATIVE 
   1  norm         5.59338e+05   3.98805e+01   5.33407e+00   1.41988e+00
   2  Q            5.64892e-01   2.03654e-05   1.02983e-04   4.40742e+06
   3  theta        2.00704e-02   1.87862e-02   4.35792e-02   3.34826e+03
   4  pileup       1.00014e-03   6.41829e-07   2.14094e-05   8.04355e+07
 MINUIT WARNING IN MIGRAD  
 ============== Negative diagonal element 3 in Error Matrix
 MINUIT WARNING IN MIGRAD  
 ============== 1 added to diagonal of error matrix
 MIGRAD FAILS TO FIND IMPROVEMENT
 COVARIANCE MATRIX CALCULATED SUCCESSFULLY
 FCN=-2.37859e+11 FROM HESSE     STATUS=OK             31 CALLS         515 TOTAL
                     EDM=0.504624    STRATEGY= 1      ERROR MATRIX ACCURATE 
  EXT PARAMETER                                   STEP         FIRST   
  NO.   NAME      VALUE            ERROR          SIZE      DERIVATIVE 
   1  norm         5.59308e+05   9.85225e+00   1.72688e+03  -8.79605e-03
   2  Q            5.64887e-01   3.68988e-07   5.54806e-04  -3.29279e+04
   3  theta        8.27874e-03   7.16720e-04   1.66683e-01   8.04715e+02
   4  pileup       9.99742e-04   1.08752e-07   2.09846e-05  -1.50412e+07
 EIGENVALUES OF SECOND-DERIVATIVE MATRIX:
        -2.8397e-02  6.3992e-01  1.3557e+00  2.0327e+00
 MINUIT WARNING IN MIGRAD  
 ============== MATRIX FORCED POS-DEF BY ADDING 0.030430 TO DIAGONAL.
 MIGRAD FAILS TO FIND IMPROVEMENT
 MACHINE ACCURACY LIMITS FURTHER IMPROVEMENT.
 MIGRAD MINIMIZATION HAS CONVERGED.
 FCN=-2.37859e+11 FROM MIGRAD    STATUS=CONVERGED     171 CALLS         574 TOTAL
                     EDM=3.57871    STRATEGY= 1  ERROR MATRIX UNCERTAINTY   4.4 per cent
  EXT PARAMETER                                   STEP         FIRST   
  NO.   NAME      VALUE            ERROR          SIZE      DERIVATIVE 
   1  norm         5.59306e+05   7.78213e+00  -0.00000e+00  -5.39703e-02
   2  Q            5.64887e-01   7.46900e-09  -0.00000e+00   2.82945e+04
   3  theta        8.28777e-03   8.97818e-05  -0.00000e+00   3.02142e+04
   4  pileup       9.99819e-04   7.67525e-08   0.00000e+00  -2.52933e+07
 EXTERNAL ERROR MATRIX.    NDIM=  25    NPAR=  4    ERR DEF=1
  6.056e+01 -2.464e-09 -2.922e-05 -2.076e-07 
 -2.464e-09  5.579e-17  6.705e-13  2.120e-16 
 -2.922e-05  6.705e-13  8.061e-09  2.519e-12 
 -2.076e-07  2.120e-16  2.519e-12  5.891e-15 
 PARAMETER  CORRELATION COEFFICIENTS  
       NO.  GLOBAL      1      2      3      4
        1  0.36466   1.000 -0.042 -0.042 -0.348
        2  0.99984  -0.042  1.000  1.000  0.370
        3  0.99984  -0.042  1.000  1.000  0.365
        4  0.54387  -0.348  0.370  0.365  1.000
status of the fit-----000------0
1  559306
2  0.564887
3  0.00828777
4  0.000999819
 **********
 **    7 **SET PRINT           2
 **********
 **********
 **    8 **SET NOGRAD
 **********
 PARAMETER DEFINITIONS:
    NO.   NAME         VALUE      STEP SIZE      LIMITS
     1 p0           5.58000e+05  1.67400e+05     no limits
     2 p1           5.65000e-01  1.69500e-01     no limits
     3 p2           0.00000e+00  3.00000e-01     no limits
     4 p3           9.99871e-04  2.99961e-04     no limits
 **********
 **    9 **SET ERR         0.5
 **********
 **********
 **   10 **SET PRINT           2
 **********
 **********
 **   11 **SET STR           1
 **********
 NOW USING STRATEGY  1: TRY TO BALANCE SPEED AGAINST RELIABILITY
 **********
 **   12 **MIGRAD        1480        0.01
 **********
 FIRST CALL TO USER FUNCTION AT NEW START POINT, WITH IFLAG=4.
 START MIGRAD MINIMIZATION.  STRATEGY  1.  CONVERGENCE WHEN EDM .LT. 1.00e-05
 FCN=17550.5 FROM MIGRAD    STATUS=INITIATE       18 CALLS          19 TOTAL
                     EDM= unknown      STRATEGY= 1      NO ERROR MATRIX       
  EXT PARAMETER               CURRENT GUESS       STEP         FIRST   
  NO.   NAME      VALUE            ERROR          SIZE      DERIVATIVE 
   1  p0           5.58000e+05   1.67400e+05   1.67400e+05  -3.65234e+01
   2  p1           5.65000e-01   1.69500e-01   1.69500e-01  -1.13375e+08
   3  p2           0.00000e+00   3.00000e-01   3.00000e-01   0.00000e+00
   4  p3           9.99871e-04   2.99961e-04   2.99961e-04  -1.02427e+09
                               ERR DEF= 0.5
NO ERROR MATRIX       
 FCN=464.941 FROM MIGRAD    STATUS=PROGRESS       34 CALLS          35 TOTAL
                     EDM=1270.49    STRATEGY= 1      NO ERROR MATRIX       
  EXT PARAMETER               CURRENT GUESS       STEP         FIRST   
  NO.   NAME      VALUE            ERROR          SIZE      DERIVATIVE 
   1  p0           5.58442e+05   1.67400e+05   4.41883e+02  -8.19126e-01
   2  p1           5.65142e-01   1.69500e-01   1.42497e-04  -2.51525e+06
   3  p2           0.00000e+00   3.00000e-01  -0.00000e+00   0.00000e+00
   4  p3           1.00171e-03   2.99961e-04   1.83712e-06   3.93391e+08
                               ERR DEF= 0.5
 FCN=74.5493 FROM MIGRAD    STATUS=PROGRESS      154 CALLS         155 TOTAL
                     EDM=3.21874e-06    STRATEGY= 1  ERROR MATRIX UNCERTAINTY  10.4 per cent
  EXT PARAMETER                APPROXIMATE        STEP         FIRST   
  NO.   NAME      VALUE            ERROR          SIZE      DERIVATIVE 
   1  p0           5.59552e+05   1.19279e+03  -2.12626e-01  -8.99291e-05
   2  p1           5.64809e-01   3.83245e-04   6.64718e-08  -2.85881e+02
   3  p2           0.00000e+00   4.87187e-04  -0.00000e+00   0.00000e+00
   4  p3           9.99899e-04   7.05124e-08  -1.03042e-10  -6.18661e+03
                               ERR DEF= 0.5
 MIGRAD FAILS TO FIND IMPROVEMENT
 MIGRAD MINIMIZATION HAS CONVERGED.
 MIGRAD WILL VERIFY CONVERGENCE AND ERROR MATRIX.
   START COVARIANCE MATRIX CALCULATION.
 EIGENVALUES OF SECOND-DERIVATIVE MATRIX:
         7.8737e-04  8.1777e-01  1.0044e+00  2.1770e+00
 COVARIANCE MATRIX CALCULATED SUCCESSFULLY
 FCN=74.5493 FROM MIGRAD    STATUS=CONVERGED     182 CALLS         183 TOTAL
                     EDM=3.2453e-07    STRATEGY= 1      ERROR MATRIX ACCURATE 
  EXT PARAMETER                                   STEP         FIRST   
  NO.   NAME      VALUE            ERROR          SIZE      DERIVATIVE 
   1  p0           5.59552e+05   1.28896e+02   2.66815e-01  -8.93939e-05
   2  p1           5.64809e-01   4.16038e-05   2.69322e-07  -2.79056e+02
   3  p2           0.00000e+00   5.94345e-03   3.71279e-05   0.00000e+00
   4  p3           9.99899e-04   6.70476e-08   4.76789e-10  -7.61561e+03
                               ERR DEF= 0.5
 EXTERNAL ERROR MATRIX.    NDIM=  25    NPAR=  4    ERR DEF=0.5
  1.661e+04 -5.358e-03  2.574e-02  2.446e-06 
 -5.358e-03  1.731e-09 -8.367e-09 -8.257e-13 
  2.574e-02 -8.367e-09  3.532e-05  1.712e-11 
  2.446e-06 -8.257e-13  1.712e-11  4.495e-15 
 PARAMETER  CORRELATION COEFFICIENTS  
       NO.  GLOBAL      1      2      3      4
        1  0.99921   1.000 -0.999  0.034  0.283
        2  0.99922  -0.999  1.000 -0.034 -0.296
        3  0.04873   0.034 -0.034  1.000  0.043
        4  0.42497   0.283 -0.296  0.043  1.000
 EXTERNAL ERROR MATRIX.    NDIM=   4    NPAR=  4    ERR DEF=0.5
  1.661e+04 -5.358e-03  2.574e-02  2.446e-06 
 -5.358e-03  1.731e-09 -8.367e-09 -8.257e-13 
  2.574e-02 -8.367e-09  3.532e-05  1.712e-11 
  2.446e-06 -8.257e-13  1.712e-11  4.495e-15 
 FCN=74.5493 FROM MIGRAD    STATUS=CONVERGED     182 CALLS         183 TOTAL
                     EDM=3.2453e-07    STRATEGY= 1      ERROR MATRIX ACCURATE 
  EXT PARAMETER                  PARABOLIC         MINOS ERRORS        
  NO.   NAME      VALUE            ERROR      NEGATIVE      POSITIVE   
   1  p0           5.59552e+05   1.28896e+02                            
   2  p1           5.64809e-01   4.16038e-05                            
   3  p2           0.00000e+00   5.94345e-03                            
   4  p3           9.99899e-04   6.70476e-08                            
                               ERR DEF= 0.5
------------------------------------------
Enering ROOFIt-------
 PARAMETER DEFINITIONS:
    NO.   NAME         VALUE      STEP SIZE      LIMITS
     1 norm         5.59552e+05  1.00000e-01     no limits
     2 Q            5.65000e-01  1.00000e-01     no limits
     3 theta        0.00000e+00  1.00000e-01     no limits
     4 pileup       9.99899e-04  1.00000e-01     no limits
 **********
 **    1 **MIGRAD
 **********
 FIRST CALL TO USER FUNCTION AT NEW START POINT, WITH IFLAG=4.
 START MIGRAD MINIMIZATION.  STRATEGY  1.  CONVERGENCE WHEN EDM .LT. 1.00e-04
 FCN=-2.37863e+11 FROM MIGRAD    STATUS=INITIATE       14 CALLS          15 TOTAL
                     EDM= unknown      STRATEGY= 1      NO ERROR MATRIX       
  EXT PARAMETER               CURRENT GUESS       STEP         FIRST   
  NO.   NAME      VALUE            ERROR          SIZE      DERIVATIVE 
   1  norm         5.59552e+05   1.00000e-01   1.00000e-01   2.26333e+01
   2  Q            5.65000e-01   1.00000e-01   1.00000e-01   3.52946e+08
   3  theta        0.00000e+00   1.00000e-01   1.00000e-01   0.00000e+00
   4  pileup       9.99899e-04   1.00000e-01   1.00000e-01  -9.17290e+11
 MIGRAD FAILS TO FIND IMPROVEMENT
 EIGENVALUES OF SECOND-DERIVATIVE MATRIX:
        -9.3080e-01  1.4763e-01  9.1623e-01  3.8669e+00
 MINUIT WARNING IN HESSE   
 ============== MATRIX FORCED POS-DEF BY ADDING 0.934663 TO DIAGONAL.
 FCN=-2.37863e+11 FROM HESSE     STATUS=NOT POSDEF     27 CALLS          53 TOTAL
                     EDM=222494    STRATEGY= 1      ERR MATRIX NOT POS-DEF
  EXT PARAMETER                APPROXIMATE        STEP         FIRST   
  NO.   NAME      VALUE            ERROR          SIZE      DERIVATIVE 
   1  norm         5.59552e+05   2.55487e+01   2.66815e+00   2.26335e+01
   2  Q            5.65000e-01   4.28409e-06   1.00000e-03   7.04571e+07
   3  theta        0.00000e+00   2.01783e-02   1.00000e-01   0.00000e+00
   4  pileup       9.99899e-04   1.30121e-07   1.00000e-02   6.34423e+08
 MIGRAD FAILS TO FIND IMPROVEMENT
 MACHINE ACCURACY LIMITS FURTHER IMPROVEMENT.
 MIGRAD MINIMIZATION HAS CONVERGED.
 MIGRAD WILL VERIFY CONVERGENCE AND ERROR MATRIX.
 EIGENVALUES OF SECOND-DERIVATIVE MATRIX:
        -2.7433e-04  3.9952e-01  8.5264e-01  2.7481e+00
 MINUIT WARNING IN HESSE   
 ============== MATRIX FORCED POS-DEF BY ADDING 0.003022 TO DIAGONAL.
 MIGRAD TERMINATED WITHOUT CONVERGENCE.
 FCN=-2.37863e+11 FROM MIGRAD    STATUS=FAILED        225 CALLS         226 TOTAL
                     EDM=0.0103804    STRATEGY= 1      ERR MATRIX NOT POS-DEF
  EXT PARAMETER                APPROXIMATE        STEP         FIRST   
  NO.   NAME      VALUE            ERROR          SIZE      DERIVATIVE 
   1  norm         5.58950e+05   9.76978e+01   1.72578e+03  -6.33462e-03
   2  Q            5.65002e-01   3.15178e-05   9.47671e-05  -1.74748e+04
   3  theta       -4.39466e-04   2.21923e-03   4.75899e-02  -7.50276e+00
   4  pileup       9.99893e-04   1.02676e-07   2.09862e-05   1.12166e+06
 EXTERNAL ERROR MATRIX.    NDIM=  25    NPAR=  4    ERR DEF=1
  9.545e+03 -3.066e-03 -5.123e-03  7.426e-08 
 -3.066e-03  9.934e-10  5.066e-09 -3.708e-14 
 -5.123e-03  5.066e-09  4.925e-06  9.389e-11 
  7.426e-08 -3.708e-14  9.389e-11  1.054e-14 
ERR MATRIX NOT POS-DEF
 PARAMETER  CORRELATION COEFFICIENTS  
       NO.  GLOBAL      1      2      3      4
        1  0.99725   1.000 -0.996 -0.024  0.007
        2  0.99727  -0.996  1.000  0.072 -0.011
        3  0.68577  -0.024  0.072  1.000  0.412
        4  0.51534   0.007 -0.011  0.412  1.000
 ERR MATRIX NOT POS-DEF
 **********
 **    2 **MIGRAD 
 **********
 START MIGRAD MINIMIZATION.  STRATEGY  1.  CONVERGENCE WHEN EDM .LT. 1.00e-04
 FCN=-2.37863e+11 FROM MIGRAD    STATUS=INITIATE        8 CALLS         234 TOTAL
                     EDM=0.357209    STRATEGY= 1      ERR MATRIX NOT POS-DEF
  EXT PARAMETER                APPROXIMATE        STEP         FIRST   
  NO.   NAME      VALUE            ERROR          SIZE      DERIVATIVE 
   1  norm         5.58950e+05   9.76978e+01   1.72578e+03  -1.65709e-02
   2  Q            5.65002e-01   3.15178e-05   9.47671e-05  -1.71474e+04
   3  theta       -4.39466e-04   2.21923e-03   4.75899e-02  -1.11777e+02
   4  pileup       9.99893e-04   1.02676e-07   2.09862e-05  -3.38870e+06
 EIGENVALUES OF SECOND-DERIVATIVE MATRIX:
        -2.8520e-01  3.7130e-01  1.0812e+00  2.8327e+00
 MINUIT WARNING IN MIGRAD  
 ============== MATRIX FORCED POS-DEF BY ADDING 0.288033 TO DIAGONAL.
 MIGRAD FAILS TO FIND IMPROVEMENT
 COVARIANCE MATRIX CALCULATED SUCCESSFULLY
 FCN=-2.37863e+11 FROM HESSE     STATUS=OK             31 CALLS         293 TOTAL
                     EDM=0.0184929    STRATEGY= 1      ERROR MATRIX ACCURATE 
  EXT PARAMETER                                   STEP         FIRST   
  NO.   NAME      VALUE            ERROR          SIZE      DERIVATIVE 
   1  norm         5.58953e+05   1.45403e+01   1.72578e+03  -3.40581e-03
   2  Q            5.65001e-01   4.73917e-06   5.54962e-04  -8.40203e+03
   3  theta       -4.16943e-04   5.18748e-03   1.90360e-01  -2.18830e+01
   4  pileup       9.99894e-04   1.06604e-07   2.09875e-05   1.46886e+06
 EIGENVALUES OF SECOND-DERIVATIVE MATRIX:
        -8.4968e-01  2.3869e-01  1.1406e+00  3.4704e+00
 MINUIT WARNING IN MIGRAD  
 ============== MATRIX FORCED POS-DEF BY ADDING 0.853146 TO DIAGONAL.
 EIGENVALUES OF SECOND-DERIVATIVE MATRIX:
        -8.4223e-04 -1.2807e-04  8.5288e-02  3.9157e+00
 MINUIT WARNING IN MIGRAD  
 ============== MATRIX FORCED POS-DEF BY ADDING 0.004758 TO DIAGONAL.
 EIGENVALUES OF SECOND-DERIVATIVE MATRIX:
        -2.2546e-05  4.1209e-03  9.1498e-02  3.9044e+00
 MINUIT WARNING IN MIGRAD  
 ============== MATRIX FORCED POS-DEF BY ADDING 0.003927 TO DIAGONAL.
 MIGRAD FAILS TO FIND IMPROVEMENT
 MACHINE ACCURACY LIMITS FURTHER IMPROVEMENT.
 MIGRAD MINIMIZATION HAS CONVERGED.
 FCN=-2.37863e+11 FROM MIGRAD    STATUS=CONVERGED     168 CALLS         394 TOTAL
                     EDM=0.00239458    STRATEGY= 1  ERROR MATRIX UNCERTAINTY   3.9 per cent
  EXT PARAMETER                                   STEP         FIRST   
  NO.   NAME      VALUE            ERROR          SIZE      DERIVATIVE 
   1  norm         5.58953e+05   1.13679e+01   0.00000e+00  -5.63059e-02
   2  Q            5.65001e-01   5.66918e-09   0.00000e+00   2.78016e+04
   3  theta       -3.57117e-04   5.09486e-05   0.00000e+00  -1.35379e+03
   4  pileup       9.99893e-04   2.56259e-08  -0.00000e+00  -2.68830e+07
 EXTERNAL ERROR MATRIX.    NDIM=  25    NPAR=  4    ERR DEF=1
  1.292e+02  6.132e-08  5.511e-04 -2.889e-07 
  6.132e-08  3.214e-17  2.888e-13 -1.379e-16 
  5.511e-04  2.888e-13  2.596e-09 -1.239e-12 
 -2.889e-07 -1.379e-16 -1.239e-12  6.567e-16 
 PARAMETER  CORRELATION COEFFICIENTS  
       NO.  GLOBAL      1      2      3      4
        1  0.99238   1.000  0.952  0.952 -0.992
        2  1.00000   0.952  1.000  1.000 -0.949
        3  1.00000   0.952  1.000  1.000 -0.949
        4  0.99221  -0.992 -0.949 -0.949  1.000
status of the fit-----000------0
1  558953
2  0.565001
3  -0.000357117
4  0.000999893
 **********
 **   13 **SET PRINT           2
 **********
 **********
 **   14 **SET NOGRAD
 **********
 PARAMETER DEFINITIONS:
    NO.   NAME         VALUE      STEP SIZE      LIMITS
     1 p0           5.58000e+05  1.67400e+05     no limits
     2 p1           5.65000e-01  1.69500e-01     no limits
     3 p2           0.00000e+00  3.00000e-01     no limits
     4 p3           9.99871e-04  2.99961e-04     no limits
 **********
 **   15 **SET ERR         0.5
 **********
 **********
 **   16 **SET PRINT           2
 **********
 **********
 **   17 **SET STR           1
 **********
 NOW USING STRATEGY  1: TRY TO BALANCE SPEED AGAINST RELIABILITY
 **********
 **   18 **MIGRAD        1480        0.01
 **********
 FIRST CALL TO USER FUNCTION AT NEW START POINT, WITH IFLAG=4.
 START MIGRAD MINIMIZATION.  STRATEGY  1.  CONVERGENCE WHEN EDM .LT. 1.00e-05
 FCN=17472.7 FROM MIGRAD    STATUS=INITIATE       18 CALLS          19 TOTAL
                     EDM= unknown      STRATEGY= 1      NO ERROR MATRIX       
  EXT PARAMETER               CURRENT GUESS       STEP         FIRST   
  NO.   NAME      VALUE            ERROR          SIZE      DERIVATIVE 
   1  p0           5.58000e+05   1.67400e+05   1.67400e+05  -3.64401e+01
   2  p1           5.65000e-01   1.69500e-01   1.69500e-01  -1.13115e+08
   3  p2           0.00000e+00   3.00000e-01   3.00000e-01   0.00000e+00
   4  p3           9.99871e-04   2.99961e-04   2.99961e-04  -1.00146e+09
                               ERR DEF= 0.5
NO ERROR MATRIX       
 FCN=487.749 FROM MIGRAD    STATUS=PROGRESS       34 CALLS          35 TOTAL
                     EDM=1341.86    STRATEGY= 1      NO ERROR MATRIX       
  EXT PARAMETER               CURRENT GUESS       STEP         FIRST   
  NO.   NAME      VALUE            ERROR          SIZE      DERIVATIVE 
   1  p0           5.58441e+05   1.67400e+05   4.41253e+02  -8.26086e-01
   2  p1           5.65142e-01   1.69500e-01   1.42291e-04  -2.53611e+06
   3  p2           0.00000e+00   3.00000e-01  -0.00000e+00   0.00000e+00
   4  p3           1.00167e-03   2.99961e-04   1.79782e-06   4.04716e+08
                               ERR DEF= 0.5
 MIGRAD FAILS TO FIND IMPROVEMENT
   START COVARIANCE MATRIX CALCULATION.
 MINUIT WARNING IN HESSE   
 ============== Negative diagonal element 3 in Error Matrix
 MINUIT WARNING IN HESSE   
 ============== 13405.6 added to diagonal of error matrix
 EIGENVALUES OF SECOND-DERIVATIVE MATRIX:
        -1.5999e+01  9.4567e-01  1.0000e+00  1.8054e+01
 MINUIT WARNING IN HESSE   
 ============== MATRIX FORCED POS-DEF BY ADDING 16.017546 TO DIAGONAL.
 FCN=75.8287 FROM HESSE     STATUS=NOT POSDEF     25 CALLS         166 TOTAL
                     EDM=8.59105e-07    STRATEGY= 1      ERR MATRIX NOT POS-DEF
  EXT PARAMETER                APPROXIMATE        STEP         FIRST   
  NO.   NAME      VALUE            ERROR          SIZE      DERIVATIVE 
   1  p0           5.59566e+05   2.09373e-03   2.66822e-01  -1.27860e-04
   2  p1           5.64804e-01   7.20116e-07   2.69320e-07  -3.66005e+02
   3  p2           0.00000e+00   5.26733e+00   4.77964e-05   0.00000e+00
   4  p3           9.99809e-04   3.02532e-07   4.76746e-10   5.02940e+03
                               ERR DEF= 0.5
 PARAMETER  CORRELATION COEFFICIENTS  
       NO.  GLOBAL      1      2      3      4
        1  0.00781   1.000  0.006  0.008  0.008
        2  0.83225   0.006  1.000  0.832  0.831
        3  0.99894   0.008  0.832  1.000  0.999
        4  0.99893   0.008  0.831  0.999  1.000
 ERR MATRIX NOT POS-DEF
 FCN=75.698 FROM MIGRAD    STATUS=PROGRESS      181 CALLS         182 TOTAL
                     EDM=1448.81    STRATEGY= 1      ERR MATRIX NOT POS-DEF
  EXT PARAMETER                APPROXIMATE        STEP         FIRST   
  NO.   NAME      VALUE            ERROR          SIZE      DERIVATIVE 
   1  p0           5.59566e+05   2.09373e-03  -1.51222e-08  -5.54598e-02
   2  p1           5.64804e-01   7.20116e-07  -5.25372e-10  -1.73580e+05
   3  p2          -4.99510e-03   5.26733e+00  -4.99510e-03   1.04677e+01
   4  p3           9.99809e-04   3.02532e-07  -2.87334e-10  -3.98207e+06
                               ERR DEF= 0.5
 MINUIT WARNING IN MIGRAD  
 ============== Negative diagonal element 3 in Error Matrix
 MINUIT WARNING IN MIGRAD  
 ============== 1.00083 added to diagonal of error matrix
 EIGENVALUES OF SECOND-DERIVATIVE MATRIX:
         1.0000e+00  1.0000e+00  1.0000e+00  1.0000e+00
 MIGRAD FAILS TO FIND IMPROVEMENT
 MIGRAD TERMINATED WITHOUT CONVERGENCE.
 FCN=75.698 FROM MIGRAD    STATUS=FAILED        192 CALLS         193 TOTAL
                     EDM=1448.81    STRATEGY= 1      ERR MATRIX NOT POS-DEF
  EXT PARAMETER                APPROXIMATE        STEP         FIRST   
  NO.   NAME      VALUE            ERROR          SIZE      DERIVATIVE 
   1  p0           5.59566e+05   7.07403e-01   0.00000e+00  -5.54598e-02
   2  p1           5.64804e-01   7.07400e-01   0.00000e+00  -1.73580e+05
   3  p2          -4.99510e-03   7.07107e-01  -0.00000e+00   1.04677e+01
   4  p3           9.99809e-04   7.07400e-01   0.00000e+00  -3.98207e+06
                               ERR DEF= 0.5
 EXTERNAL ERROR MATRIX.    NDIM=  25    NPAR=  4    ERR DEF=0.5
  5.004e-01 -7.155e-14  2.078e-08  6.229e-16 
 -7.155e-14  5.004e-01  2.620e-09  5.637e-17 
  2.078e-08  2.620e-09  5.000e-01  5.062e-11 
  6.229e-16  5.637e-17  5.062e-11  5.004e-01 
ERR MATRIX NOT POS-DEF
 PARAMETER  CORRELATION COEFFICIENTS  
       NO.  GLOBAL      1      2      3      4
        1  0.00000   1.000 -0.000  0.000  0.000
        2  0.00000  -0.000  1.000  0.000  0.000
        3  0.00000   0.000  0.000  1.000  0.000
        4  0.00000   0.000  0.000  0.000  1.000
 ERR MATRIX NOT POS-DEF
 FCN=75.698 FROM MIGRAD    STATUS=FAILED        192 CALLS         193 TOTAL
                     EDM=1448.81    STRATEGY= 1      ERR MATRIX NOT POS-DEF
  EXT PARAMETER                  PARABOLIC         MINOS ERRORS        
  NO.   NAME      VALUE            ERROR      NEGATIVE      POSITIVE   
   1  p0           5.59566e+05   7.07403e-01                            
   2  p1           5.64804e-01   7.07400e-01                            
   3  p2          -4.99510e-03   7.07107e-01                            
   4  p3           9.99809e-04   7.07400e-01                            
                               ERR DEF= 0.5
 **********
 **   19 **SET PRINT           2
 **********
 **********
 **   20 **SET NOGRAD
 **********
 PARAMETER DEFINITIONS:
    NO.   NAME         VALUE      STEP SIZE      LIMITS
     1 p0           5.59566e+05  7.07403e-01     no limits
     2 p1           5.64804e-01  7.07400e-01     no limits
     3 p2          -4.99510e-03  7.07107e-01     no limits
     4 p3           9.99809e-04  7.07400e-01     no limits
 **********
 **   21 **SET ERR         0.5
 **********
 **********
 **   22 **SET PRINT           2
 **********
 **********
 **   23 **SET STR           1
 **********
 NOW USING STRATEGY  1: TRY TO BALANCE SPEED AGAINST RELIABILITY
 **********
 **   24 **MIGRAD        1480        0.01
 **********
 FIRST CALL TO USER FUNCTION AT NEW START POINT, WITH IFLAG=4.
 START MIGRAD MINIMIZATION.  STRATEGY  1.  CONVERGENCE WHEN EDM .LT. 1.00e-05
 FCN=75.698 FROM MIGRAD    STATUS=INITIATE       20 CALLS          21 TOTAL
                     EDM= unknown      STRATEGY= 1      NO ERROR MATRIX       
  EXT PARAMETER               CURRENT GUESS       STEP         FIRST   
  NO.   NAME      VALUE            ERROR          SIZE      DERIVATIVE 
   1  p0           5.59566e+05   7.07403e-01   7.07403e-01  -5.54598e-02
   2  p1           5.64804e-01   7.07400e-01   7.07400e-01  -1.73535e+05
   3  p2          -4.99510e-03   7.07107e-01   7.07107e-01   1.04355e+01
   4  p3           9.99809e-04   7.07400e-01   7.07400e-01  -3.28379e+08
                               ERR DEF= 0.5
NO ERROR MATRIX       
 FCN=75.6657 FROM MIGRAD    STATUS=PROGRESS       41 CALLS          42 TOTAL
                     EDM=0.228654    STRATEGY= 1      NO ERROR MATRIX       
  EXT PARAMETER               CURRENT GUESS       STEP         FIRST   
  NO.   NAME      VALUE            ERROR          SIZE      DERIVATIVE 
   1  p0           5.59566e+05   7.07403e-01   1.80020e-02  -3.74956e-02
   2  p1           5.64804e-01   7.07400e-01   5.80800e-09  -1.17396e+05
   3  p2          -4.99914e-03   7.07107e-01  -4.03552e-06   3.56729e+01
   4  p3           9.99824e-04   7.07400e-01   1.57018e-08   9.53207e+04
                               ERR DEF= 0.5
 FCN=75.2933 FROM MIGRAD    STATUS=PROGRESS      169 CALLS         170 TOTAL
                     EDM=0.0428189    STRATEGY= 1  ERROR MATRIX UNCERTAINTY  34.7 per cent
  EXT PARAMETER                APPROXIMATE        STEP         FIRST   
  NO.   NAME      VALUE            ERROR          SIZE      DERIVATIVE 
   1  p0           5.58739e+05   1.05212e+02  -8.23552e+02  -1.15839e-02
   2  p1           5.65072e-01   3.25690e-05   2.65492e-04  -3.65329e+04
   3  p2          -1.04434e-02   5.24818e-03  -2.93113e-03  -8.85508e+00
   4  p3           9.99850e-04   7.40866e-08   1.49038e-08   2.53011e+06
                               ERR DEF= 0.5
 MIGRAD FAILS TO FIND IMPROVEMENT
 MIGRAD MINIMIZATION HAS CONVERGED.
 MIGRAD WILL VERIFY CONVERGENCE AND ERROR MATRIX.
   START COVARIANCE MATRIX CALCULATION.
 EIGENVALUES OF SECOND-DERIVATIVE MATRIX:
         2.3599e-04  4.1536e-01  8.5290e-01  2.7315e+00
 COVARIANCE MATRIX CALCULATED SUCCESSFULLY
 FCN=75.2341 FROM MIGRAD    STATUS=CONVERGED     282 CALLS         283 TOTAL
                     EDM=1.89709e-06    STRATEGY= 1      ERROR MATRIX ACCURATE 
  EXT PARAMETER                                   STEP         FIRST   
  NO.   NAME      VALUE            ERROR          SIZE      DERIVATIVE 
   1  p0           5.58319e+05   2.35990e+02   2.66227e-01   5.85133e-05
   2  p1           5.65208e-01   7.57435e-05   2.69512e-07   1.96690e+02
   3  p2          -1.12937e-02   3.45355e-03   1.44684e-05   2.43654e-01
   4  p3           9.99837e-04   7.58093e-08   4.76759e-10   1.69526e+04
                               ERR DEF= 0.5
 EXTERNAL ERROR MATRIX.    NDIM=  25    NPAR=  4    ERR DEF=0.5
  5.569e+04 -1.787e-02 -3.008e-01  6.839e-06 
 -1.787e-02  5.737e-09  9.298e-08 -2.202e-12 
 -3.008e-01  9.298e-08  1.193e-05 -1.234e-10 
  6.839e-06 -2.202e-12 -1.234e-10  5.747e-15 
 PARAMETER  CORRELATION COEFFICIENTS  
       NO.  GLOBAL      1      2      3      4
        1  0.99976   1.000 -1.000 -0.369  0.382
        2  0.99976  -1.000  1.000  0.355 -0.384
        3  0.72688  -0.369  0.355  1.000 -0.471
        4  0.59401   0.382 -0.384 -0.471  1.000
 EXTERNAL ERROR MATRIX.    NDIM=   4    NPAR=  4    ERR DEF=0.5
  5.569e+04 -1.787e-02 -3.008e-01  6.839e-06 
 -1.787e-02  5.737e-09  9.298e-08 -2.202e-12 
 -3.008e-01  9.298e-08  1.193e-05 -1.234e-10 
  6.839e-06 -2.202e-12 -1.234e-10  5.747e-15 
 FCN=75.2341 FROM MIGRAD    STATUS=CONVERGED     282 CALLS         283 TOTAL
                     EDM=1.89709e-06    STRATEGY= 1      ERROR MATRIX ACCURATE 
  EXT PARAMETER                  PARABOLIC         MINOS ERRORS        
  NO.   NAME      VALUE            ERROR      NEGATIVE      POSITIVE   
   1  p0           5.58319e+05   2.35990e+02                            
   2  p1           5.65208e-01   7.57435e-05                            
   3  p2          -1.12937e-02   3.45355e-03                            
   4  p3           9.99837e-04   7.58093e-08                            
                               ERR DEF= 0.5
------------------------------------------
Enering ROOFIt-------
 PARAMETER DEFINITIONS:
    NO.   NAME         VALUE      STEP SIZE      LIMITS
     1 norm         5.58319e+05  1.00000e-01     no limits
     2 Q            5.65000e-01  1.00000e-01     no limits
     3 theta        0.00000e+00  1.00000e-01     no limits
     4 pileup       9.99837e-04  1.00000e-01     no limits
 **********
 **    1 **MIGRAD
 **********
 FIRST CALL TO USER FUNCTION AT NEW START POINT, WITH IFLAG=4.
 START MIGRAD MINIMIZATION.  STRATEGY  1.  CONVERGENCE WHEN EDM .LT. 1.00e-04
 FCN=-2.37862e+11 FROM MIGRAD    STATUS=INITIATE       14 CALLS          15 TOTAL
                     EDM= unknown      STRATEGY= 1      NO ERROR MATRIX       
  EXT PARAMETER               CURRENT GUESS       STEP         FIRST   
  NO.   NAME      VALUE            ERROR          SIZE      DERIVATIVE 
   1  norm         5.58319e+05   1.00000e-01   1.00000e-01  -2.43055e+01
   2  Q            5.65000e-01   1.00000e-01   1.00000e-01  -3.63268e+08
   3  theta        0.00000e+00   1.00000e-01   1.00000e-01   0.00000e+00
   4  pileup       9.99837e-04   1.00000e-01   1.00000e-01  -9.18879e+11
 MIGRAD FAILS TO FIND IMPROVEMENT
 EIGENVALUES OF SECOND-DERIVATIVE MATRIX:
        -1.2612e-01  4.8056e-01  6.6674e-01  2.9788e+00
 MINUIT WARNING IN HESSE   
 ============== MATRIX FORCED POS-DEF BY ADDING 0.129094 TO DIAGONAL.
 FCN=-2.37862e+11 FROM HESSE     STATUS=NOT POSDEF     27 CALLS          95 TOTAL
                     EDM=1044.03    STRATEGY= 1      ERR MATRIX NOT POS-DEF
  EXT PARAMETER                APPROXIMATE        STEP         FIRST   
  NO.   NAME      VALUE            ERROR          SIZE      DERIVATIVE 
   1  norm         5.58883e+05   1.32478e+01   1.72575e+03   7.42764e-01
   2  Q            5.65006e-01   4.94967e-06   5.55026e-04   2.34926e+06
   3  theta        0.00000e+00   9.43115e-03   1.18039e-01   0.00000e+00
   4  pileup       1.00246e-03   9.65640e-08   2.10212e-05   6.23902e+08
 MIGRAD FAILS TO FIND IMPROVEMENT
 MACHINE ACCURACY LIMITS FURTHER IMPROVEMENT.
 MIGRAD MINIMIZATION HAS CONVERGED.
 MIGRAD WILL VERIFY CONVERGENCE AND ERROR MATRIX.
 EIGENVALUES OF SECOND-DERIVATIVE MATRIX:
        -5.5592e-02  4.8467e-01  6.6739e-01  2.9035e+00
 MINUIT WARNING IN HESSE   
 ============== MATRIX FORCED POS-DEF BY ADDING 0.058496 TO DIAGONAL.
 MIGRAD TERMINATED WITHOUT CONVERGENCE.
 FCN=-2.37862e+11 FROM MIGRAD    STATUS=FAILED        197 CALLS         198 TOTAL
                     EDM=8.3761    STRATEGY= 1      ERR MATRIX NOT POS-DEF
  EXT PARAMETER                APPROXIMATE        STEP         FIRST   
  NO.   NAME      VALUE            ERROR          SIZE      DERIVATIVE 
   1  norm         5.58939e+05   9.43315e+00   1.72570e+03   2.08788e-01
   2  Q            5.65007e-01   5.19557e-06   5.54965e-04   6.52514e+05
   3  theta       -1.25601e-04   5.98620e-03   1.70515e-01   4.46985e+00
   4  pileup       9.99860e-04   1.12832e-07   2.09891e-05   2.01559e+07
 EXTERNAL ERROR MATRIX.    NDIM=  25    NPAR=  4    ERR DEF=1
  8.898e+01  1.943e-05  2.493e-02 -2.315e-07 
  1.943e-05  2.699e-11  3.095e-08 -2.780e-13 
  2.493e-02  3.095e-08  3.583e-05 -2.940e-10 
 -2.315e-07 -2.780e-13 -2.940e-10  1.273e-14 
ERR MATRIX NOT POS-DEF
 PARAMETER  CORRELATION COEFFICIENTS  
       NO.  GLOBAL      1      2      3      4
        1  0.66517   1.000  0.396  0.442 -0.217
        2  0.99725   0.396  1.000  0.995 -0.474
        3  0.99726   0.442  0.995  1.000 -0.435
        4  0.65093  -0.217 -0.474 -0.435  1.000
 ERR MATRIX NOT POS-DEF
 **********
 **    2 **MIGRAD 
 **********
 START MIGRAD MINIMIZATION.  STRATEGY  1.  CONVERGENCE WHEN EDM .LT. 1.00e-04
 FCN=-2.37862e+11 FROM MIGRAD    STATUS=INITIATE        8 CALLS         206 TOTAL
                     EDM=1.40474    STRATEGY= 1      ERR MATRIX NOT POS-DEF
  EXT PARAMETER                APPROXIMATE        STEP         FIRST   
  NO.   NAME      VALUE            ERROR          SIZE      DERIVATIVE 
   1  norm         5.58939e+05   9.43315e+00   1.72570e+03   1.98552e-01
   2  Q            5.65007e-01   5.19557e-06   5.54965e-04   6.52600e+05
   3  theta       -1.25601e-04   5.98620e-03   1.70515e-01  -3.78670e+02
   4  pileup       9.99860e-04   1.12832e-07   2.09891e-05   1.56441e+07
 MINUIT WARNING IN MIGRAD  
 ============== Negative diagonal element 2 in Error Matrix
 MINUIT WARNING IN MIGRAD  
 ============== 1 added to diagonal of error matrix
 MIGRAD FAILS TO FIND IMPROVEMENT
 EIGENVALUES OF SECOND-DERIVATIVE MATRIX:
        -1.7833e-02  4.9631e-01  6.6818e-01  2.8533e+00
 MINUIT WARNING IN HESSE   
 ============== MATRIX FORCED POS-DEF BY ADDING 0.020687 TO DIAGONAL.
 FCN=-2.37862e+11 FROM HESSE     STATUS=NOT POSDEF     31 CALLS         265 TOTAL
                     EDM=0.42139    STRATEGY= 1      ERR MATRIX NOT POS-DEF
  EXT PARAMETER                APPROXIMATE        STEP         FIRST   
  NO.   NAME      VALUE            ERROR          SIZE      DERIVATIVE 
   1  norm         5.58936e+05   9.62048e+00   1.72574e+03  -2.68552e-02
   2  Q            5.65006e-01   5.26674e-06   5.54965e-04  -8.04819e+04
   3  theta       -1.29262e-03   1.56651e-02   6.60876e-02   4.04341e+01
   4  pileup       9.99846e-04   1.28193e-07   2.09874e-05   1.02367e+07
 MINUIT WARNING IN MIGRAD  
 ============== Negative diagonal element 2 in Error Matrix
 MINUIT WARNING IN MIGRAD  
 ============== 1 added to diagonal of error matrix
 MIGRAD FAILS TO FIND IMPROVEMENT
 MIGRAD TERMINATED WITHOUT CONVERGENCE.
 FCN=-2.37862e+11 FROM MIGRAD    STATUS=FAILED        105 CALLS         303 TOTAL
                     EDM=130331    STRATEGY= 1      ERR MATRIX NOT POS-DEF
  EXT PARAMETER                APPROXIMATE        STEP         FIRST   
  NO.   NAME      VALUE            ERROR          SIZE      DERIVATIVE 
   1  norm         5.58937e+05   7.67656e+00  -0.00000e+00  -7.89208e-02
   2  Q            5.65007e-01   1.00000e+00  -0.00000e+00   5.27849e+08
   3  theta       -8.38046e-04   1.00000e+00   0.00000e+00  -2.65233e+03
   4  pileup       9.99797e-04   1.00000e+00   0.00000e+00  -2.89504e+07
 EXTERNAL ERROR MATRIX.    NDIM=  25    NPAR=  4    ERR DEF=1
  5.893e+01  4.319e-08  4.600e-03  2.222e-08 
  4.319e-08  1.000e+00  1.210e-11  1.032e-15 
  4.600e-03  1.210e-11  1.000e+00  8.270e-11 
  2.222e-08  1.032e-15  8.270e-11  1.000e+00 
ERR MATRIX NOT POS-DEF
 PARAMETER  CORRELATION COEFFICIENTS  
       NO.  GLOBAL      1      2      3      4
        1  0.00060   1.000  0.000  0.001  0.000
        2  0.00000   0.000  1.000  0.000  0.000
        3  0.00060   0.001  0.000  1.000  0.000
        4  0.00000   0.000  0.000  0.000  1.000
 ERR MATRIX NOT POS-DEF
status of the fit-----000------4
1  558937
2  0.565007
3  -0.000838046
4  0.000999797
 PARAMETER DEFINITIONS:
    NO.   NAME         VALUE      STEP SIZE      LIMITS
     1 norm         5.58937e+05  1.00000e-01     no limits
     2 Q            5.65007e-01  1.00000e-01     no limits
     3 theta       -8.38046e-04  1.00000e-01     no limits
     4 pileup       9.99797e-04  1.00000e-01     no limits
 **********
 **    3 **MIGRAD
 **********
 FIRST CALL TO USER FUNCTION AT NEW START POINT, WITH IFLAG=4.
 START MIGRAD MINIMIZATION.  STRATEGY  1.  CONVERGENCE WHEN EDM .LT. 1.00e-04
 FCN=-2.37862e+11 FROM MIGRAD    STATUS=INITIATE       14 CALLS         318 TOTAL
                     EDM= unknown      STRATEGY= 1      NO ERROR MATRIX       
  EXT PARAMETER               CURRENT GUESS       STEP         FIRST   
  NO.   NAME      VALUE            ERROR          SIZE      DERIVATIVE 
   1  norm         5.58937e+05   1.00000e-01   1.00000e-01  -1.42900e-02
   2  Q            5.65007e-01   1.00000e-01   1.00000e-01   7.45929e+06
   3  theta       -8.38046e-04   1.00000e-01   1.00000e-01  -5.53952e+03
   4  pileup       9.99797e-04   1.00000e-01   1.00000e-01  -9.18015e+11
 MIGRAD FAILS TO FIND IMPROVEMENT
 COVARIANCE MATRIX CALCULATED SUCCESSFULLY
 FCN=-2.37862e+11 FROM HESSE     STATUS=OK             29 CALLS         358 TOTAL
                     EDM=0.0962692    STRATEGY= 1      ERROR MATRIX ACCURATE 
  EXT PARAMETER                                   STEP         FIRST   
  NO.   NAME      VALUE            ERROR          SIZE      DERIVATIVE 
   1  norm         5.58937e+05   5.34321e+01   2.66522e+00  -1.41984e-02
   2  Q            5.65007e-01   4.91770e-06   1.00000e-03  -4.24162e+04
   3  theta       -8.38046e-04   4.27075e-03   1.00000e-01   1.49727e+01
   4  pileup       9.99797e-04   9.24348e-08   1.00000e-02  -1.05691e+06
 MINUIT WARNING IN MIGRAD  
 ============== Negative diagonal element 2 in Error Matrix
 MINUIT WARNING IN MIGRAD  
 ============== 1 added to diagonal of error matrix
 MIGRAD FAILS TO FIND IMPROVEMENT
 MIGRAD TERMINATED WITHOUT CONVERGENCE.
 FCN=-2.37862e+11 FROM MIGRAD    STATUS=FAILED        100 CALLS         404 TOTAL
                     EDM=1.2778e+06    STRATEGY= 1  ERROR MATRIX UNCERTAINTY 100.0 per cent
  EXT PARAMETER                APPROXIMATE        STEP         FIRST   
  NO.   NAME      VALUE            ERROR          SIZE      DERIVATIVE 
   1  norm         5.58938e+05   9.23159e+00   0.00000e+00   8.12428e-03
   2  Q            5.65006e-01   1.00000e+00  -0.00000e+00   5.28054e+08
   3  theta       -8.99029e-04   1.00000e+00   0.00000e+00  -1.19135e+03
   4  pileup       9.99797e-04   1.00000e+00   0.00000e+00  -2.82778e+07
 EXTERNAL ERROR MATRIX.    NDIM=  25    NPAR=  4    ERR DEF=1
  8.522e+01  2.926e-09  5.275e-03 -1.096e-07 
  2.926e-09  1.000e+00  4.768e-13 -1.351e-17 
  5.275e-03  4.768e-13  1.000e+00 -2.313e-11 
 -1.096e-07 -1.351e-17 -2.313e-11  1.000e+00 
ERR MATRIX APPROXIMATE
 PARAMETER  CORRELATION COEFFICIENTS  
       NO.  GLOBAL      1      2      3      4
        1  0.00057   1.000  0.000  0.001 -0.000
        2  0.00000   0.000  1.000  0.000 -0.000
        3  0.00057   0.001  0.000  1.000 -0.000
        4  0.00000  -0.000 -0.000 -0.000  1.000
 ERR MATRIX APPROXIMATE
 **********
 **    4 **MIGRAD 
 **********
 START MIGRAD MINIMIZATION.  STRATEGY  1.  CONVERGENCE WHEN EDM .LT. 1.00e-04
 FCN=-2.37862e+11 FROM MIGRAD    STATUS=INITIATE       14 CALLS         418 TOTAL
                     EDM=1.76696e+15    STRATEGY= 1  ERROR MATRIX UNCERTAINTY 100.0 per cent
  EXT PARAMETER                APPROXIMATE        STEP         FIRST   
  NO.   NAME      VALUE            ERROR          SIZE      DERIVATIVE 
   1  norm         5.58938e+05   9.23159e+00   0.00000e+00   2.02132e-03
   2  Q            5.65006e-01   1.00000e+00  -0.00000e+00   2.75738e+04
   3  theta       -8.99029e-04   1.00000e+00   0.00000e+00  -1.08135e+03
   4  pileup       9.99797e-04   1.00000e+00   0.00000e+00  -2.82779e+07
 MIGRAD FAILS TO FIND IMPROVEMENT
 EIGENVALUES OF SECOND-DERIVATIVE MATRIX:
        -1.7951e-04  3.9083e-01  8.5210e-01  2.7573e+00
 MINUIT WARNING IN HESSE   
 ============== MATRIX FORCED POS-DEF BY ADDING 0.002937 TO DIAGONAL.
 FCN=-2.37862e+11 FROM HESSE     STATUS=NOT POSDEF     29 CALLS         458 TOTAL
                     EDM=0.00551051    STRATEGY= 1      ERR MATRIX NOT POS-DEF
  EXT PARAMETER                APPROXIMATE        STEP         FIRST   
  NO.   NAME      VALUE            ERROR          SIZE      DERIVATIVE 
   1  norm         5.58938e+05   9.75520e+01   5.33044e+02   8.17838e-03
   2  Q            5.65006e-01   3.14608e-05   9.48682e-05   2.74959e+04
   3  theta       -8.99029e-04   2.55666e-03   4.31843e-02   2.61649e+01
   4  pileup       9.99797e-04   1.03041e-07   2.09851e-05   1.58877e+05
 EIGENVALUES OF SECOND-DERIVATIVE MATRIX:
        -1.2508e-01  3.5387e-01  8.2657e-01  2.9446e+00
 MINUIT WARNING IN MIGRAD  
 ============== MATRIX FORCED POS-DEF BY ADDING 0.128025 TO DIAGONAL.
 MIGRAD FAILS TO FIND IMPROVEMENT
 MIGRAD TERMINATED WITHOUT CONVERGENCE.
 FCN=-2.37862e+11 FROM MIGRAD    STATUS=FAILED        116 CALLS         520 TOTAL
                     EDM=233032    STRATEGY= 1      ERR MATRIX NOT POS-DEF
  EXT PARAMETER                APPROXIMATE        STEP         FIRST   
  NO.   NAME      VALUE            ERROR          SIZE      DERIVATIVE 
   1  norm         5.58941e+05   8.48470e+00  -0.00000e+00  -1.67326e-01
   2  Q            5.65005e-01   2.28727e-08  -0.00000e+00  -3.18922e+05
   3  theta        7.66306e-03   5.27849e-04  -0.00000e+00   5.86582e+04
   4  pileup       9.99823e-04   5.89807e-08   0.00000e+00  -3.07925e+07
 EXTERNAL ERROR MATRIX.    NDIM=  25    NPAR=  4    ERR DEF=1
  7.199e+01  4.088e-08  2.593e-04 -2.255e-07 
  4.088e-08  5.232e-16  1.158e-11 -2.127e-16 
  2.593e-04  1.158e-11  2.786e-07 -5.693e-13 
 -2.255e-07 -2.127e-16 -5.693e-13  3.479e-15 
ERR MATRIX NOT POS-DEF
 PARAMETER  CORRELATION COEFFICIENTS  
       NO.  GLOBAL      1      2      3      4
        1  0.58939   1.000  0.211  0.058 -0.451
        2  0.97514   0.211  1.000  0.959 -0.158
        3  0.97393   0.058  0.959  1.000 -0.018
        4  0.54057  -0.451 -0.158 -0.018  1.000
 ERR MATRIX NOT POS-DEF
status of the fit-----000------4
1  558941
2  0.565005
3  0.00766306
4  0.000999823
 PARAMETER DEFINITIONS:
    NO.   NAME         VALUE      STEP SIZE      LIMITS
     1 norm         5.58941e+05  1.00000e-01     no limits
     2 Q            5.65005e-01  1.00000e-01     no limits
     3 theta        7.66306e-03  1.00000e-01     no limits
     4 pileup       9.99823e-04  1.00000e-01     no limits
 **********
 **    5 **MIGRAD
 **********
 FIRST CALL TO USER FUNCTION AT NEW START POINT, WITH IFLAG=4.
 START MIGRAD MINIMIZATION.  STRATEGY  1.  CONVERGENCE WHEN EDM .LT. 1.00e-04
 FCN=-2.37862e+11 FROM MIGRAD    STATUS=INITIATE       14 CALLS         535 TOTAL
                     EDM= unknown      STRATEGY= 1      NO ERROR MATRIX       
  EXT PARAMETER               CURRENT GUESS       STEP         FIRST   
  NO.   NAME      VALUE            ERROR          SIZE      DERIVATIVE 
   1  norm         5.58941e+05   1.00000e-01   1.00000e-01  -1.02703e-01
   2  Q            5.65005e-01   1.00000e-01   1.00000e-01   5.29660e+06
   3  theta        7.66306e-03   1.00000e-01   1.00000e-01   5.08830e+04
   4  pileup       9.99823e-04   1.00000e-01   1.00000e-01  -9.18020e+11
 MIGRAD FAILS TO FIND IMPROVEMENT
 EIGENVALUES OF SECOND-DERIVATIVE MATRIX:
        -5.1304e-02  3.0083e-01  9.1663e-01  2.8338e+00
 MINUIT WARNING IN HESSE   
 ============== MATRIX FORCED POS-DEF BY ADDING 0.054138 TO DIAGONAL.
 FCN=-2.37862e+11 FROM HESSE     STATUS=NOT POSDEF     29 CALLS         575 TOTAL
                     EDM=3.29718    STRATEGY= 1      ERR MATRIX NOT POS-DEF
  EXT PARAMETER                APPROXIMATE        STEP         FIRST   
  NO.   NAME      VALUE            ERROR          SIZE      DERIVATIVE 
   1  norm         5.58941e+05   4.94859e+01   2.66524e+00  -1.02709e-01
   2  Q            5.65005e-01   6.38914e-06   1.00000e-03  -3.18991e+05
   3  theta        7.66306e-03   7.33096e-03   1.00000e-01   8.46329e+01
   4  pileup       9.99823e-04   9.21290e-08   1.00000e-02  -2.90473e+06
 MINUIT WARNING IN MIGRAD  
 ============== Negative diagonal element 3 in Error Matrix
 MINUIT WARNING IN MIGRAD  
 ============== 1 added to diagonal of error matrix
 MIGRAD FAILS TO FIND IMPROVEMENT
 MACHINE ACCURACY LIMITS FURTHER IMPROVEMENT.
 MIGRAD MINIMIZATION HAS CONVERGED.
 MIGRAD WILL VERIFY CONVERGENCE AND ERROR MATRIX.
 EIGENVALUES OF SECOND-DERIVATIVE MATRIX:
        -2.7322e-04  1.1333e-01  8.4781e-01  3.0391e+00
 MINUIT WARNING IN HESSE   
 ============== MATRIX FORCED POS-DEF BY ADDING 0.003312 TO DIAGONAL.
 MIGRAD TERMINATED WITHOUT CONVERGENCE.
 FCN=-2.37862e+11 FROM MIGRAD    STATUS=FAILED        102 CALLS         623 TOTAL
                     EDM=0.0301102    STRATEGY= 1      ERR MATRIX NOT POS-DEF
  EXT PARAMETER                APPROXIMATE        STEP         FIRST   
  NO.   NAME      VALUE            ERROR          SIZE      DERIVATIVE 
   1  norm         5.58945e+05   9.25157e+01   5.33047e+00   3.01427e-02
   2  Q            5.65005e-01   3.01836e-05   1.02991e-04   9.48631e+04
   3  theta        6.98828e-03   4.55707e-03   4.00000e-02  -1.17960e+02
   4  pileup       9.99822e-04   1.37236e-07   2.14101e-05   1.96526e+06
 EXTERNAL ERROR MATRIX.    NDIM=  25    NPAR=  4    ERR DEF=1
  8.559e+03 -2.763e-03 -2.319e-02 -4.818e-07 
 -2.763e-03  9.110e-10  2.409e-08  4.432e-13 
 -2.319e-02  2.409e-08  2.077e-05  4.577e-10 
 -4.818e-07  4.432e-13  4.577e-10  1.883e-14 
ERR MATRIX NOT POS-DEF
 PARAMETER  CORRELATION COEFFICIENTS  
       NO.  GLOBAL      1      2      3      4
        1  0.99694   1.000 -0.989 -0.055 -0.038
        2  0.99703  -0.989  1.000  0.175  0.107
        3  0.91277  -0.055  0.175  1.000  0.732
        4  0.76749  -0.038  0.107  0.732  1.000
 ERR MATRIX NOT POS-DEF
 **********
 **    6 **MIGRAD 
 **********
 START MIGRAD MINIMIZATION.  STRATEGY  1.  CONVERGENCE WHEN EDM .LT. 1.00e-04
 FCN=-2.37862e+11 FROM MIGRAD    STATUS=INITIATE        8 CALLS         631 TOTAL
                     EDM=5.98185    STRATEGY= 1      ERR MATRIX NOT POS-DEF
  EXT PARAMETER                APPROXIMATE        STEP         FIRST   
  NO.   NAME      VALUE            ERROR          SIZE      DERIVATIVE 
   1  norm         5.58945e+05   9.25157e+01   5.33047e+00   3.02887e-02
   2  Q            5.65005e-01   3.01836e-05   1.02991e-04   9.51992e+04
   3  theta        6.98828e-03   4.55707e-03   4.00000e-02   1.05329e+03
   4  pileup       9.99822e-04   1.37236e-07   2.14101e-05  -2.72963e+06
 MIGRAD FAILS TO FIND IMPROVEMENT
 EIGENVALUES OF SECOND-DERIVATIVE MATRIX:
        -1.6233e-01  4.8318e-01  6.6612e-01  3.0130e+00
 MINUIT WARNING IN HESSE   
 ============== MATRIX FORCED POS-DEF BY ADDING 0.165343 TO DIAGONAL.
 FCN=-2.37862e+11 FROM HESSE     STATUS=NOT POSDEF     29 CALLS         695 TOTAL
                     EDM=119.248    STRATEGY= 1      ERR MATRIX NOT POS-DEF
  EXT PARAMETER                APPROXIMATE        STEP         FIRST   
  NO.   NAME      VALUE            ERROR          SIZE      DERIVATIVE 
   1  norm         5.58945e+05   1.60868e+01   1.06609e+02   2.98737e-02
   2  Q            5.65005e-01   4.81541e-06   5.54945e-04   9.35992e+04
   3  theta        6.98379e-03   9.02010e-03   1.15035e-01   2.31547e+03
   4  pileup       9.99822e-04   1.02359e-07   2.09867e-05   1.94075e+06
 MIGRAD FAILS TO FIND IMPROVEMENT
 MACHINE ACCURACY LIMITS FURTHER IMPROVEMENT.
 MIGRAD MINIMIZATION HAS CONVERGED.
 MIGRAD WILL VERIFY CONVERGENCE AND ERROR MATRIX.
 EIGENVALUES OF SECOND-DERIVATIVE MATRIX:
        -1.7045e-02  2.9248e-01  7.4583e-01  2.9787e+00
 MINUIT WARNING IN HESSE   
 ============== MATRIX FORCED POS-DEF BY ADDING 0.020024 TO DIAGONAL.
 MIGRAD TERMINATED WITHOUT CONVERGENCE.
 FCN=-2.37862e+11 FROM MIGRAD    STATUS=FAILED        122 CALLS         745 TOTAL
                     EDM=346.119    STRATEGY= 1      ERR MATRIX NOT POS-DEF
  EXT PARAMETER                APPROXIMATE        STEP         FIRST   
  NO.   NAME      VALUE            ERROR          SIZE      DERIVATIVE 
   1  norm         5.58945e+05   6.21726e+01   2.13219e+01   2.98493e-02
   2  Q            5.65005e-01   6.66787e-06   4.22038e-03   9.35978e+04
   3  theta        6.98379e-03   2.38753e-03   2.50307e-01   1.14558e+04
   4  pileup       9.99822e-04   1.16299e-07   8.39467e-07   1.98463e+06
 EXTERNAL ERROR MATRIX.    NDIM=  25    NPAR=  4    ERR DEF=1
  3.865e+03 -4.099e-04 -1.418e-01 -2.987e-06 
 -4.099e-04  4.446e-11  1.564e-08  3.273e-13 
 -1.418e-01  1.564e-08  5.700e-06  1.377e-10 
 -2.987e-06  3.273e-13  1.377e-10  1.353e-14 
ERR MATRIX NOT POS-DEF
 PARAMETER  CORRELATION COEFFICIENTS  
       NO.  GLOBAL      1      2      3      4
        1  0.99332   1.000 -0.989 -0.956 -0.413
        2  0.99761  -0.989  1.000  0.982  0.422
        3  0.99183  -0.956  0.982  1.000  0.496
        4  0.66110  -0.413  0.422  0.496  1.000
 ERR MATRIX NOT POS-DEF
status of the fit-----000------4
1  558945
2  0.565005
3  0.00698379
4  0.000999822
