  *******************************************
  *                                         *
  *        W E L C O M E  to  R O O T       *
  *                                         *
  *   Version   5.34/36      5 April 2016   *
  *                                         *
  *  You are welcome to visit our Web site  *
  *          http://root.cern.ch            *
  *                                         *
  *******************************************

ROOT 5.34/36 (v5-34-36@v5-34-36, Apr 05 2016, 10:25:45 on linuxx8664gcc)

CINT/ROOT C/C++ Interpreter version 5.18.00, July 2, 2010
Type ? for help. Commands must be C++ statements.
Enclose multiple statements between { }.
Loading root init file.
The rat/rootinit.C file loaded the DEAP style for you, which is available from the fStyle pointer.
DEAP style applied. 
RAT: Libraries loaded.

Processing /home/fatemigh/projects/rpp-jillings/fatemigh/sterile/Likelihood/LikelihoodSterile_modified6.C+(279)...
pased here
566 lines read from file
31
spec_E  566
Before entering fitting
 **********
 **    1 **SET PRINT           2
 **********
 **********
 **    2 **SET NOGRAD
 **********
 PARAMETER DEFINITIONS:
    NO.   NAME         VALUE      STEP SIZE      LIMITS
     1 p0           5.58000e+05  1.67400e+05     no limits
     2 p1           5.65000e-01  1.69500e-01     no limits
     3 p2           0.00000e+00  3.00000e-01     no limits
     4 p3           9.99871e-04  2.99961e-04     no limits
 **********
 **    3 **SET ERR         0.5
 **********
 **********
 **    4 **SET PRINT           2
 **********
 **********
 **    5 **SET STR           1
 **********
 NOW USING STRATEGY  1: TRY TO BALANCE SPEED AGAINST RELIABILITY
 **********
 **    6 **MIGRAD        1480        0.01
 **********
 FIRST CALL TO USER FUNCTION AT NEW START POINT, WITH IFLAG=4.
 START MIGRAD MINIMIZATION.  STRATEGY  1.  CONVERGENCE WHEN EDM .LT. 1.00e-05
 FCN=17168 FROM MIGRAD    STATUS=INITIATE       16 CALLS          17 TOTAL
                     EDM= unknown      STRATEGY= 1      NO ERROR MATRIX       
  EXT PARAMETER               CURRENT GUESS       STEP         FIRST   
  NO.   NAME      VALUE            ERROR          SIZE      DERIVATIVE 
   1  p0           5.58000e+05   1.67400e+05   1.67400e+05  -3.61165e+01
   2  p1           5.65000e-01   1.69500e-01   1.69500e-01  -5.11409e+08
   3  p2           0.00000e+00   3.00000e-01   3.00000e-01   0.00000e+00
   4  p3           9.99871e-04   2.99961e-04   2.99961e-04  -1.01245e+09
                               ERR DEF= 0.5
NO ERROR MATRIX       
 FCN=1058.53 FROM MIGRAD    STATUS=PROGRESS       33 CALLS          34 TOTAL
                     EDM=2931.07    STRATEGY= 1      NO ERROR MATRIX       
  EXT PARAMETER               CURRENT GUESS       STEP         FIRST   
  NO.   NAME      VALUE            ERROR          SIZE      DERIVATIVE 
   1  p0           5.58689e+05   1.67400e+05   6.88549e+02  -2.07384e+00
   2  p1           5.65040e-01   1.69500e-01   3.98685e-05  -6.41111e+06
   3  p2           0.00000e+00   3.00000e-01  -0.00000e+00   0.00000e+00
   4  p3           1.00273e-03   2.99961e-04   2.86146e-06   5.89533e+08
                               ERR DEF= 0.5
 MINUIT WARNING IN MIGRAD  
 ============== Negative diagonal element 1 in Error Matrix
 MINUIT WARNING IN MIGRAD  
 ============== Negative diagonal element 2 in Error Matrix
 MINUIT WARNING IN MIGRAD  
 ============== 563.813 added to diagonal of error matrix
 EIGENVALUES OF SECOND-DERIVATIVE MATRIX:
         9.9999e-01  1.0000e+00  1.0000e+00  1.0000e+00
 MIGRAD FAILS TO FIND IMPROVEMENT
 MIGRAD MINIMIZATION HAS CONVERGED.
 MIGRAD WILL VERIFY CONVERGENCE AND ERROR MATRIX.
   START COVARIANCE MATRIX CALCULATION.
 EIGENVALUES OF SECOND-DERIVATIVE MATRIX:
        -5.7988e-04  8.0101e-01  1.0001e+00  2.1995e+00
 MINUIT WARNING IN HESSE   
 ============== MATRIX FORCED POS-DEF BY ADDING 0.002779 TO DIAGONAL.
 FCN=79.0779 FROM HESSE     STATUS=NOT POSDEF     27 CALLS         113 TOTAL
                     EDM=0.0115232    STRATEGY= 1      ERR MATRIX NOT POS-DEF
  EXT PARAMETER                APPROXIMATE        STEP         FIRST   
  NO.   NAME      VALUE            ERROR          SIZE      DERIVATIVE 
   1  p0           5.58814e+05   7.71916e+01   2.66463e-01   2.67202e-05
   2  p1           5.65042e-01   2.49015e-05   2.69433e-07  -6.01781e+03
   3  p2           0.00000e+00   5.95251e-03   3.56512e-05   0.00000e+00
   4  p3           9.99883e-04   6.78440e-08   4.76781e-10  -1.10600e+04
                               ERR DEF= 0.5
 PARAMETER  CORRELATION COEFFICIENTS  
       NO.  GLOBAL      1      2      3      4
        1  0.99780   1.000 -0.998  0.208  0.111
        2  0.99781  -0.998  1.000 -0.208 -0.135
        3  0.20814   0.208 -0.208  1.000  0.031
        4  0.36353   0.111 -0.135  0.031  1.000
 ERR MATRIX NOT POS-DEF
 FCN=78.8984 FROM MIGRAD    STATUS=PROGRESS      123 CALLS         124 TOTAL
                     EDM=0.19327    STRATEGY= 1      ERR MATRIX NOT POS-DEF
  EXT PARAMETER                APPROXIMATE        STEP         FIRST   
  NO.   NAME      VALUE            ERROR          SIZE      DERIVATIVE 
   1  p0           5.58639e+05   7.71916e+01  -1.75370e+02  -5.93500e-03
   2  p1           5.65099e-01   2.49015e-05   5.67038e-05  -2.45909e+04
   3  p2          -2.81717e-03   5.95251e-03  -2.81717e-03  -9.27827e+01
   4  p3           9.99863e-04   6.78440e-08  -2.00540e-08  -4.68959e+06
                               ERR DEF= 0.5
 MINUIT WARNING IN MIGRAD  
 ============== Negative diagonal element 1 in Error Matrix
 MINUIT WARNING IN MIGRAD  
 ============== Negative diagonal element 2 in Error Matrix
 MINUIT WARNING IN MIGRAD  
 ============== 549946 added to diagonal of error matrix
 EIGENVALUES OF SECOND-DERIVATIVE MATRIX:
         9.9646e-01  1.0000e+00  1.0000e+00  1.0035e+00
 MIGRAD FAILS TO FIND IMPROVEMENT
 MIGRAD TERMINATED WITHOUT CONVERGENCE.
 FCN=77.2531 FROM MIGRAD    STATUS=FAILED        228 CALLS         229 TOTAL
                     EDM=0.495592    STRATEGY= 1      ERR MATRIX NOT POS-DEF
  EXT PARAMETER                APPROXIMATE        STEP         FIRST   
  NO.   NAME      VALUE            ERROR          SIZE      DERIVATIVE 
   1  p0           5.57395e+05   7.07107e-01  -0.00000e+00   4.92968e-02
   2  p1           5.65501e-01   5.24379e+02  -0.00000e+00   1.50749e+05
   3  p2          -1.12844e-03   5.24379e+02  -0.00000e+00   4.43127e+00
   4  p3           9.99861e-04   5.24379e+02  -0.00000e+00   2.74807e+06
                               ERR DEF= 0.5
 EXTERNAL ERROR MATRIX.    NDIM=  25    NPAR=  4    ERR DEF=0.5
  5.000e-01  8.870e-02 -1.310e+00 -7.730e-06 
  8.870e-02  2.750e+05  4.231e-07  2.448e-12 
 -1.310e+00  4.231e-07  2.750e+05 -5.018e-11 
 -7.730e-06  2.448e-12 -5.018e-11  2.750e+05 
ERR MATRIX NOT POS-DEF
 PARAMETER  CORRELATION COEFFICIENTS  
       NO.  GLOBAL      1      2      3      4
        1  0.00354   1.000  0.000 -0.004 -0.000
        2  0.00024   0.000  1.000  0.000  0.000
        3  0.00353  -0.004  0.000  1.000 -0.000
        4  0.00000  -0.000  0.000 -0.000  1.000
 ERR MATRIX NOT POS-DEF
 FCN=77.2531 FROM MIGRAD    STATUS=FAILED        228 CALLS         229 TOTAL
                     EDM=0.495592    STRATEGY= 1      ERR MATRIX NOT POS-DEF
  EXT PARAMETER                  PARABOLIC         MINOS ERRORS        
  NO.   NAME      VALUE            ERROR      NEGATIVE      POSITIVE   
   1  p0           5.57395e+05   7.07107e-01                            
   2  p1           5.65501e-01   5.24379e+02                            
   3  p2          -1.12844e-03   5.24379e+02                            
   4  p3           9.99861e-04   5.24379e+02                            
                               ERR DEF= 0.5
 **********
 **    7 **SET PRINT           2
 **********
 **********
 **    8 **SET NOGRAD
 **********
 PARAMETER DEFINITIONS:
    NO.   NAME         VALUE      STEP SIZE      LIMITS
     1 p0           5.57395e+05  7.07107e-01     no limits
     2 p1           5.65501e-01  5.24379e+02     no limits
     3 p2          -1.12844e-03  5.24379e+02     no limits
     4 p3           9.99861e-04  5.24379e+02     no limits
 **********
 **    9 **SET ERR         0.5
 **********
 **********
 **   10 **SET PRINT           2
 **********
 **********
 **   11 **SET STR           1
 **********
 NOW USING STRATEGY  1: TRY TO BALANCE SPEED AGAINST RELIABILITY
 **********
 **   12 **MIGRAD        1480        0.01
 **********
 FIRST CALL TO USER FUNCTION AT NEW START POINT, WITH IFLAG=4.
 START MIGRAD MINIMIZATION.  STRATEGY  1.  CONVERGENCE WHEN EDM .LT. 1.00e-05
 FCN=77.2531 FROM MIGRAD    STATUS=INITIATE       20 CALLS          21 TOTAL
                     EDM= unknown      STRATEGY= 1      NO ERROR MATRIX       
  EXT PARAMETER               CURRENT GUESS       STEP         FIRST   
  NO.   NAME      VALUE            ERROR          SIZE      DERIVATIVE 
   1  p0           5.57395e+05   7.07107e-01   7.07107e-01   4.92968e-02
   2  p1           5.65501e-01   5.24379e+02   5.24379e+02   9.33282e+09
   3  p2          -1.12844e-03   5.24379e+02   5.24379e+02  -1.97603e+03
   4  p3           9.99861e-04   5.24379e+02   5.24379e+02  -9.21687e+13
                               ERR DEF= 0.5
NO ERROR MATRIX       
 MIGRAD FAILS TO FIND IMPROVEMENT
   START COVARIANCE MATRIX CALCULATION.
 EIGENVALUES OF SECOND-DERIVATIVE MATRIX:
        -4.6341e-01  6.4748e-01  9.9948e-01  2.8165e+00
 MINUIT WARNING IN HESSE   
 ============== MATRIX FORCED POS-DEF BY ADDING 0.466227 TO DIAGONAL.
 FCN=77.2531 FROM HESSE     STATUS=NOT POSDEF     29 CALLS          61 TOTAL
                     EDM=3.63007    STRATEGY= 1      ERR MATRIX NOT POS-DEF
  EXT PARAMETER                APPROXIMATE        STEP         FIRST   
  NO.   NAME      VALUE            ERROR          SIZE      DERIVATIVE 
   1  p0           5.57395e+05   6.85466e+01   2.65787e-01   4.92859e-02
   2  p1           5.65501e-01   4.55026e-06   5.24379e-02   1.50701e+05
   3  p2          -1.12844e-03   1.10843e-03   5.24379e-02   4.76258e+00
   4  p3           9.99861e-04   1.39365e-08   5.24379e-02   2.73869e+06
                               ERR DEF= 0.5
 PARAMETER  CORRELATION COEFFICIENTS  
       NO.  GLOBAL      1      2      3      4
        1  0.99811   1.000 -0.998  0.515 -0.082
        2  0.99805  -0.998  1.000 -0.492  0.082
        3  0.60457   0.515 -0.492  1.000 -0.035
        4  0.08364  -0.082  0.082 -0.035  1.000
 ERR MATRIX NOT POS-DEF
 FCN=77.2221 FROM MIGRAD    STATUS=PROGRESS       75 CALLS          76 TOTAL
                     EDM=1.15716    STRATEGY= 1      ERR MATRIX NOT POS-DEF
  EXT PARAMETER                APPROXIMATE        STEP         FIRST   
  NO.   NAME      VALUE            ERROR          SIZE      DERIVATIVE 
   1  p0           5.57394e+05   6.85466e+01  -1.35143e+00   8.11797e-03
   2  p1           5.65501e-01   4.55026e-06   8.94018e-08   4.55710e+05
   3  p2          -1.13984e-03   1.10843e-03  -1.14034e-05  -8.21292e-01
   4  p3           9.99861e-04   1.39365e-08   1.88182e-11   1.60520e+06
                               ERR DEF= 0.5
 MIGRAD FAILS TO FIND IMPROVEMENT
 MIGRAD TERMINATED WITHOUT CONVERGENCE.
 FCN=77.2221 FROM MIGRAD    STATUS=FAILED        105 CALLS         106 TOTAL
                     EDM=1.64995    STRATEGY= 1      ERR MATRIX NOT POS-DEF
  EXT PARAMETER                APPROXIMATE        STEP         FIRST   
  NO.   NAME      VALUE            ERROR          SIZE      DERIVATIVE 
   1  p0           5.57394e+05   1.14754e+01   0.00000e+00   8.12772e-03
   2  p1           5.65501e-01   1.94368e-06  -0.00000e+00   4.55746e+05
   3  p2          -1.13994e-03   1.58979e-03  -0.00000e+00  -8.32679e-01
   4  p3           9.99861e-04   1.33805e-08  -0.00000e+00   1.60046e+06
                               ERR DEF= 0.5
 EXTERNAL ERROR MATRIX.    NDIM=  25    NPAR=  4    ERR DEF=0.5
  1.317e+02 -2.107e-05 -1.265e-02 -5.919e-08 
 -2.107e-05  3.778e-12  2.493e-09  1.198e-14 
 -1.265e-02  2.493e-09  2.527e-06  8.102e-12 
 -5.919e-08  1.198e-14  8.102e-12  1.790e-16 
ERR MATRIX NOT POS-DEF
 PARAMETER  CORRELATION COEFFICIENTS  
       NO.  GLOBAL      1      2      3      4
        1  0.95314   1.000 -0.945 -0.694 -0.386
        2  0.97021  -0.945  1.000  0.807  0.461
        3  0.83349  -0.694  0.807  1.000  0.381
        4  0.48671  -0.386  0.461  0.381  1.000
 ERR MATRIX NOT POS-DEF
 FCN=77.2221 FROM MIGRAD    STATUS=FAILED        105 CALLS         106 TOTAL
                     EDM=1.64995    STRATEGY= 1      ERR MATRIX NOT POS-DEF
  EXT PARAMETER                  PARABOLIC         MINOS ERRORS        
  NO.   NAME      VALUE            ERROR      NEGATIVE      POSITIVE   
   1  p0           5.57394e+05   1.14754e+01                            
   2  p1           5.65501e-01   1.94368e-06                            
   3  p2          -1.13994e-03   1.58979e-03                            
   4  p3           9.99861e-04   1.33805e-08                            
                               ERR DEF= 0.5
 **********
 **   13 **SET PRINT           2
 **********
 **********
 **   14 **SET NOGRAD
 **********
 PARAMETER DEFINITIONS:
    NO.   NAME         VALUE      STEP SIZE      LIMITS
     1 p0           5.57394e+05  1.14754e+01     no limits
     2 p1           5.65501e-01  1.94368e-06     no limits
     3 p2          -1.13994e-03  1.58979e-03     no limits
     4 p3           9.99861e-04  1.33805e-08     no limits
 **********
 **   15 **SET ERR         0.5
 **********
 **********
 **   16 **SET PRINT           2
 **********
 **********
 **   17 **SET STR           1
 **********
 NOW USING STRATEGY  1: TRY TO BALANCE SPEED AGAINST RELIABILITY
 **********
 **   18 **MIGRAD        1480        0.01
 **********
 FIRST CALL TO USER FUNCTION AT NEW START POINT, WITH IFLAG=4.
 START MIGRAD MINIMIZATION.  STRATEGY  1.  CONVERGENCE WHEN EDM .LT. 1.00e-05
 FCN=77.2221 FROM MIGRAD    STATUS=INITIATE       10 CALLS          11 TOTAL
                     EDM= unknown      STRATEGY= 1      NO ERROR MATRIX       
  EXT PARAMETER               CURRENT GUESS       STEP         FIRST   
  NO.   NAME      VALUE            ERROR          SIZE      DERIVATIVE 
   1  p0           5.57394e+05   1.14754e+01   1.14754e+01   8.12772e-03
   2  p1           5.65501e-01   1.94368e-06   1.94368e-06   4.55746e+05
   3  p2          -1.13994e-03   1.58979e-03   1.58979e-03  -8.00182e-01
   4  p3           9.99861e-04   1.33805e-08   1.33805e-08   1.60046e+06
                               ERR DEF= 0.5
NO ERROR MATRIX       
 FCN=77.2185 FROM MIGRAD    STATUS=PROGRESS       20 CALLS          21 TOTAL
                     EDM=0.00890328    STRATEGY= 1      NO ERROR MATRIX       
  EXT PARAMETER               CURRENT GUESS       STEP         FIRST   
  NO.   NAME      VALUE            ERROR          SIZE      DERIVATIVE 
   1  p0           5.57393e+05   1.14754e+01  -1.05761e-01  -6.19395e-03
   2  p1           5.65501e-01   1.94368e-06  -6.35259e-08  -2.11743e+04
   3  p2          -1.03474e-03   1.58979e-03   1.05203e-04  -2.89807e+00
   4  p3           9.99858e-04   1.33805e-08  -3.02679e-09   5.40626e+05
                               ERR DEF= 0.5
 MIGRAD FAILS TO FIND IMPROVEMENT
 MIGRAD MINIMIZATION HAS CONVERGED.
 MIGRAD WILL VERIFY CONVERGENCE AND ERROR MATRIX.
   START COVARIANCE MATRIX CALCULATION.
 EIGENVALUES OF SECOND-DERIVATIVE MATRIX:
         8.8660e-04  8.2516e-01  9.9806e-01  2.1759e+00
 COVARIANCE MATRIX CALCULATED SUCCESSFULLY
 FCN=77.2156 FROM HESSE     STATUS=OK             29 CALLS          84 TOTAL
                     EDM=0.003225    STRATEGY= 1      ERROR MATRIX ACCURATE 
  EXT PARAMETER                                   STEP         FIRST   
  NO.   NAME      VALUE            ERROR          SIZE      DERIVATIVE 
   1  p0           5.57394e+05   1.21187e+02   2.65786e-01  -1.10750e-04
   2  p1           5.65501e-01   3.92225e-05   2.69652e-07  -2.39685e+03
   3  p2           8.67451e-06   1.99466e-02   1.29311e-04   5.65963e-02
   4  p3           9.99855e-04   6.35380e-08   4.76768e-10  -1.90074e+04
                               ERR DEF= 0.5
 PARAMETER  CORRELATION COEFFICIENTS  
       NO.  GLOBAL      1      2      3      4
        1  0.99911   1.000 -0.999 -0.106  0.140
        2  0.99912  -0.999  1.000  0.107 -0.154
        3  0.11231  -0.106  0.107  1.000  0.002
        4  0.34929   0.140 -0.154  0.002  1.000
 FCN=77.2153 FROM MIGRAD    STATUS=PROGRESS       93 CALLS          94 TOTAL
                     EDM=95.9098    STRATEGY= 1      ERROR MATRIX ACCURATE 
  EXT PARAMETER                                   STEP         FIRST   
  NO.   NAME      VALUE            ERROR          SIZE      DERIVATIVE 
   1  p0           5.57393e+05   1.21187e+02  -4.86011e-01  -9.84363e-05
   2  p1           5.65501e-01   3.92225e-05   1.57471e-07   3.52800e+05
   3  p2           1.61362e-05   1.99466e-02   7.46172e-06   2.67213e-02
   4  p3           9.99855e-04   6.35380e-08  -3.61337e-11  -2.19817e+04
                               ERR DEF= 0.5
 MINUIT WARNING IN MIGRAD  
 ============== Negative diagonal element 1 in Error Matrix
 MINUIT WARNING IN MIGRAD  
 ============== Negative diagonal element 2 in Error Matrix
 MINUIT WARNING IN MIGRAD  
 ============== 665.423 added to diagonal of error matrix
 EIGENVALUES OF SECOND-DERIVATIVE MATRIX:
         9.9706e-01  1.0000e+00  1.0000e+00  1.0029e+00
 MIGRAD FAILS TO FIND IMPROVEMENT
 MIGRAD TERMINATED WITHOUT CONVERGENCE.
 FCN=77.2153 FROM MIGRAD    STATUS=FAILED        123 CALLS         124 TOTAL
                     EDM=9.16383    STRATEGY= 1  ERROR MATRIX UNCERTAINTY 100.0 per cent
  EXT PARAMETER                APPROXIMATE        STEP         FIRST   
  NO.   NAME      VALUE            ERROR          SIZE      DERIVATIVE 
   1  p0           5.57393e+05   7.07107e-01  -0.00000e+00  -9.85586e-05
   2  p1           5.65501e-01   1.82404e+01  -0.00000e+00   3.52807e+05
   3  p2           1.60827e-05   1.82404e+01  -0.00000e+00   3.45952e-02
   4  p3           9.99855e-04   1.82404e+01   0.00000e+00  -2.05724e+04
                               ERR DEF= 0.5
 EXTERNAL ERROR MATRIX.    NDIM=  25    NPAR=  4    ERR DEF=0.5
  5.000e-01  1.166e-04  3.798e-02 -1.549e-07 
  1.166e-04  3.327e+02 -7.317e-09  2.315e-14 
  3.798e-02 -7.317e-09  3.327e+02 -5.215e-10 
 -1.549e-07  2.315e-14 -5.215e-10  3.327e+02 
ERR MATRIX APPROXIMATE
 PARAMETER  CORRELATION COEFFICIENTS  
       NO.  GLOBAL      1      2      3      4
        1  0.00294   1.000  0.000  0.003 -0.000
        2  0.00001   0.000  1.000 -0.000  0.000
        3  0.00294   0.003 -0.000  1.000 -0.000
        4  0.00000  -0.000  0.000 -0.000  1.000
 ERR MATRIX APPROXIMATE
 FCN=77.2153 FROM MIGRAD    STATUS=FAILED        123 CALLS         124 TOTAL
                     EDM=9.16383    STRATEGY= 1  ERROR MATRIX UNCERTAINTY 100.0 per cent
  EXT PARAMETER                  PARABOLIC         MINOS ERRORS        
  NO.   NAME      VALUE            ERROR      NEGATIVE      POSITIVE   
   1  p0           5.57393e+05   7.07107e-01                            
   2  p1           5.65501e-01   1.82404e+01                            
   3  p2           1.60827e-05   1.82404e+01                            
   4  p3           9.99855e-04   1.82404e+01                            
                               ERR DEF= 0.5
------------------------------------------
Enering ROOFIt-------
 PARAMETER DEFINITIONS:
    NO.   NAME         VALUE      STEP SIZE      LIMITS
     1 norm         5.57393e+05  1.00000e-01     no limits
     2 Q            5.65000e-01  1.00000e-01     no limits
     3 theta        0.00000e+00  1.00000e-01     no limits
     4 pileup       9.99855e-04  1.00000e-01     no limits
 **********
 **    1 **MIGRAD
 **********
 FIRST CALL TO USER FUNCTION AT NEW START POINT, WITH IFLAG=4.
 START MIGRAD MINIMIZATION.  STRATEGY  1.  CONVERGENCE WHEN EDM .LT. 1.00e-04
 FCN=-2.37859e+11 FROM MIGRAD    STATUS=INITIATE       14 CALLS          15 TOTAL
                     EDM= unknown      STRATEGY= 1      NO ERROR MATRIX       
  EXT PARAMETER               CURRENT GUESS       STEP         FIRST   
  NO.   NAME      VALUE            ERROR          SIZE      DERIVATIVE 
   1  norm         5.57393e+05   1.00000e-01   1.00000e-01  -5.93422e+01
   2  Q            5.65000e-01   1.00000e-01   1.00000e-01  -9.00530e+08
   3  theta        0.00000e+00   1.00000e-01   1.00000e-01   0.00000e+00
   4  pileup       9.99855e-04   1.00000e-01   1.00000e-01  -9.20224e+11
 MIGRAD FAILS TO FIND IMPROVEMENT
 EIGENVALUES OF SECOND-DERIVATIVE MATRIX:
        -3.6437e-01  4.0845e-01  6.6861e-01  3.2873e+00
 MINUIT WARNING IN HESSE   
 ============== MATRIX FORCED POS-DEF BY ADDING 0.367655 TO DIAGONAL.
 FCN=-2.37859e+11 FROM HESSE     STATUS=NOT POSDEF     25 CALLS          92 TOTAL
                     EDM=6078.06    STRATEGY= 1      ERR MATRIX NOT POS-DEF
  EXT PARAMETER                APPROXIMATE        STEP         FIRST   
  NO.   NAME      VALUE            ERROR          SIZE      DERIVATIVE 
   1  norm         5.58759e+05   8.92784e+00   1.72564e+03   1.61644e+00
   2  Q            5.65015e-01   4.81588e-06   5.55132e-04   5.11895e+06
   3  theta        0.00000e+00   1.02201e-02   1.15708e-01   0.00000e+00
   4  pileup       1.00642e-03   9.20978e-08   2.10749e-05   1.52491e+09
 MIGRAD FAILS TO FIND IMPROVEMENT
 MACHINE ACCURACY LIMITS FURTHER IMPROVEMENT.
 MIGRAD MINIMIZATION HAS CONVERGED.
 MIGRAD WILL VERIFY CONVERGENCE AND ERROR MATRIX.
 EIGENVALUES OF SECOND-DERIVATIVE MATRIX:
        -4.2228e-04  3.9825e-01  8.5164e-01  2.7505e+00
 MINUIT WARNING IN HESSE   
 ============== MATRIX FORCED POS-DEF BY ADDING 0.003173 TO DIAGONAL.
 MIGRAD TERMINATED WITHOUT CONVERGENCE.
 FCN=-2.37859e+11 FROM MIGRAD    STATUS=FAILED        262 CALLS         263 TOTAL
                     EDM=0.0190138    STRATEGY= 1      ERR MATRIX NOT POS-DEF
  EXT PARAMETER                APPROXIMATE        STEP         FIRST   
  NO.   NAME      VALUE            ERROR          SIZE      DERIVATIVE 
   1  norm         5.58880e+05   9.71812e+01   1.72556e+03  -1.82250e-03
   2  Q            5.65021e-01   3.16443e-05   9.62604e-05  -1.09059e+04
   3  theta       -1.43536e-03   1.01224e-03   1.07736e-01  -6.24451e+01
   4  pileup       9.99887e-04   1.02864e-07   2.09859e-05   2.15239e+05
 EXTERNAL ERROR MATRIX.    NDIM=  25    NPAR=  4    ERR DEF=1
  9.444e+03 -3.062e-03 -2.000e-02 -6.883e-07 
 -3.062e-03  1.001e-09  8.047e-09  2.113e-13 
 -2.000e-02  8.047e-09  1.025e-06  4.331e-11 
 -6.883e-07  2.113e-13  4.331e-11  1.058e-14 
ERR MATRIX NOT POS-DEF
 PARAMETER  CORRELATION COEFFICIENTS  
       NO.  GLOBAL      1      2      3      4
        1  0.99723   1.000 -0.996 -0.203 -0.069
        2  0.99729  -0.996  1.000  0.251  0.065
        3  0.70594  -0.203  0.251  1.000  0.416
        4  0.51804  -0.069  0.065  0.416  1.000
 ERR MATRIX NOT POS-DEF
 **********
 **    2 **MIGRAD 
 **********
 START MIGRAD MINIMIZATION.  STRATEGY  1.  CONVERGENCE WHEN EDM .LT. 1.00e-04
 FCN=-2.37859e+11 FROM MIGRAD    STATUS=INITIATE        8 CALLS         271 TOTAL
                     EDM=1.07492    STRATEGY= 1      ERR MATRIX NOT POS-DEF
  EXT PARAMETER                APPROXIMATE        STEP         FIRST   
  NO.   NAME      VALUE            ERROR          SIZE      DERIVATIVE 
   1  norm         5.58880e+05   9.71812e+01   1.72556e+03  -1.20590e-02
   2  Q            5.65021e-01   3.16443e-05   9.62604e-05  -1.05636e+04
   3  theta       -1.43536e-03   1.01224e-03   1.07736e-01  -1.80645e+03
   4  pileup       9.99887e-04   1.02864e-07   2.09859e-05  -4.29495e+06
 MIGRAD FAILS TO FIND IMPROVEMENT
 MACHINE ACCURACY LIMITS FURTHER IMPROVEMENT.
 MIGRAD MINIMIZATION HAS CONVERGED.
 MIGRAD WILL VERIFY CONVERGENCE AND ERROR MATRIX.
 EIGENVALUES OF SECOND-DERIVATIVE MATRIX:
        -3.8595e-04  4.5227e-01  8.5457e-01  2.6935e+00
 MINUIT WARNING IN HESSE   
 ============== MATRIX FORCED POS-DEF BY ADDING 0.003079 TO DIAGONAL.
 FCN=-2.37859e+11 FROM HESSE     STATUS=NOT POSDEF     29 CALLS         311 TOTAL
                     EDM=0.0111227    STRATEGY= 1      ERR MATRIX NOT POS-DEF
  EXT PARAMETER                APPROXIMATE        STEP         FIRST   
  NO.   NAME      VALUE            ERROR          SIZE      DERIVATIVE 
   1  norm         5.58880e+05   9.87723e+01   6.90226e+02  -1.73761e-03
   2  Q            5.65021e-01   3.17994e-05   1.92521e-04  -1.08924e+04
   3  theta       -1.43536e-03   2.28424e-03   4.30945e-02  -4.77208e+01
   4  pileup       9.99887e-04   1.00905e-07   8.39435e-06   2.53439e+05
 MIGRAD FAILS TO FIND IMPROVEMENT
 MIGRAD TERMINATED WITHOUT CONVERGENCE.
 FCN=-2.37859e+11 FROM MIGRAD    STATUS=FAILED        109 CALLS         372 TOTAL
                     EDM=28626.4    STRATEGY= 1      ERR MATRIX NOT POS-DEF
  EXT PARAMETER                APPROXIMATE        STEP         FIRST   
  NO.   NAME      VALUE            ERROR          SIZE      DERIVATIVE 
   1  norm         5.58849e+05   8.62041e+00   0.00000e+00  -1.37708e-02
   2  Q            5.65032e-01   1.01789e-08   0.00000e+00   1.53200e+05
   3  theta       -9.63481e-04   2.09440e-03   0.00000e+00  -7.33402e+03
   4  pileup       9.99889e-04   9.88085e-08   0.00000e+00  -2.60633e+07
 EXTERNAL ERROR MATRIX.    NDIM=  25    NPAR=  4    ERR DEF=1
  7.431e+01  7.661e-08  1.621e-02 -3.206e-08 
  7.661e-08  1.036e-16  2.074e-11  2.977e-16 
  1.621e-02  2.074e-11  4.387e-06  6.297e-11 
 -3.206e-08  2.977e-16  6.297e-11  9.763e-15 
ERR MATRIX NOT POS-DEF
 PARAMETER  CORRELATION COEFFICIENTS  
       NO.  GLOBAL      1      2      3      4
        1  0.95527   1.000  0.873  0.898 -0.038
        2  0.97272   0.873  1.000  0.973  0.296
        3  0.98333   0.898  0.973  1.000  0.304
        4  0.76860  -0.038  0.296  0.304  1.000
 ERR MATRIX NOT POS-DEF
status of the fit-----000------4
1  558849
2  0.565032
3  -0.000963481
4  0.000999889
 PARAMETER DEFINITIONS:
    NO.   NAME         VALUE      STEP SIZE      LIMITS
     1 norm         5.58849e+05  1.00000e-01     no limits
     2 Q            5.65032e-01  1.00000e-01     no limits
     3 theta       -9.63481e-04  1.00000e-01     no limits
     4 pileup       9.99889e-04  1.00000e-01     no limits
 **********
 **    3 **MIGRAD
 **********
 FIRST CALL TO USER FUNCTION AT NEW START POINT, WITH IFLAG=4.
 START MIGRAD MINIMIZATION.  STRATEGY  1.  CONVERGENCE WHEN EDM .LT. 1.00e-04
 FCN=-2.37859e+11 FROM MIGRAD    STATUS=INITIATE       14 CALLS         387 TOTAL
                     EDM= unknown      STRATEGY= 1      NO ERROR MATRIX       
  EXT PARAMETER               CURRENT GUESS       STEP         FIRST   
  NO.   NAME      VALUE            ERROR          SIZE      DERIVATIVE 
   1  norm         5.58849e+05   1.00000e-01   1.00000e-01   5.08072e-02
   2  Q            5.65032e-01   1.00000e-01   1.00000e-01   5.76367e+06
   3  theta       -9.63481e-04   1.00000e-01   1.00000e-01  -6.40650e+03
   4  pileup       9.99889e-04   1.00000e-01   1.00000e-01  -9.18100e+11
 MIGRAD FAILS TO FIND IMPROVEMENT
 COVARIANCE MATRIX CALCULATED SUCCESSFULLY
 FCN=-2.37859e+11 FROM HESSE     STATUS=OK             29 CALLS         427 TOTAL
                     EDM=0.681214    STRATEGY= 1      ERROR MATRIX ACCURATE 
  EXT PARAMETER                                   STEP         FIRST   
  NO.   NAME      VALUE            ERROR          SIZE      DERIVATIVE 
   1  norm         5.58849e+05   4.14687e+01   2.66480e+00   5.07614e-02
   2  Q            5.65032e-01   3.74375e-06   1.00000e-03   1.53115e+05
   3  theta       -9.63481e-04   3.23169e-03   1.00000e-01  -3.28903e+01
   4  pileup       9.99889e-04   9.24314e-08   1.00000e-02   1.82285e+06
 MIGRAD FAILS TO FIND IMPROVEMENT
 MIGRAD TERMINATED WITHOUT CONVERGENCE.
 FCN=-2.37859e+11 FROM MIGRAD    STATUS=FAILED        100 CALLS         473 TOTAL
                     EDM=2.00309e+07    STRATEGY= 1  ERROR MATRIX UNCERTAINTY 100.0 per cent
  EXT PARAMETER                APPROXIMATE        STEP         FIRST   
  NO.   NAME      VALUE            ERROR          SIZE      DERIVATIVE 
   1  norm         5.58847e+05   8.86147e+00  -0.00000e+00  -6.57894e-03
   2  Q            5.65032e-01   3.12126e-09  -0.00000e+00   2.49972e+09
   3  theta       -8.23132e-04   8.66667e-04  -0.00000e+00  -1.13997e+03
   4  pileup       9.99888e-04   3.43636e-08   0.00000e+00  -2.77570e+07
 EXTERNAL ERROR MATRIX.    NDIM=  25    NPAR=  4    ERR DEF=1
  7.853e+01  5.246e-10  4.299e-03 -2.528e-07 
  5.246e-10  9.742e-18  9.709e-14 -3.700e-18 
  4.299e-03  9.709e-14  7.511e-07 -2.885e-11 
 -2.528e-07 -3.700e-18 -2.885e-11  1.181e-15 
ERR MATRIX APPROXIMATE
 PARAMETER  CORRELATION COEFFICIENTS  
       NO.  GLOBAL      1      2      3      4
        1  1.28618   1.000  0.019  0.560 -0.830
        2  0.03591   0.019  1.000  0.036 -0.034
        3  1.06310   0.560  0.036  1.000 -0.969
        4  1.02904  -0.830 -0.034 -0.969  1.000
 ERR MATRIX APPROXIMATE
 **********
 **    4 **MIGRAD 
 **********
 START MIGRAD MINIMIZATION.  STRATEGY  1.  CONVERGENCE WHEN EDM .LT. 1.00e-04
 FCN=-2.37859e+11 FROM MIGRAD    STATUS=INITIATE       14 CALLS         487 TOTAL
                     EDM=0.06175    STRATEGY= 1  ERROR MATRIX UNCERTAINTY 100.0 per cent
  EXT PARAMETER                APPROXIMATE        STEP         FIRST   
  NO.   NAME      VALUE            ERROR          SIZE      DERIVATIVE 
   1  norm         5.58847e+05   8.86147e+00  -0.00000e+00  -1.26841e-02
   2  Q            5.65032e-01   3.12126e-09  -0.00000e+00  -2.51669e+04
   3  theta       -8.23132e-04   8.66667e-04  -0.00000e+00  -1.13894e+03
   4  pileup       9.99888e-04   3.43636e-08   0.00000e+00  -2.77572e+07
 MIGRAD FAILS TO FIND IMPROVEMENT
 MACHINE ACCURACY LIMITS FURTHER IMPROVEMENT.
 MIGRAD MINIMIZATION HAS CONVERGED.
 MIGRAD WILL VERIFY CONVERGENCE AND ERROR MATRIX.
 EIGENVALUES OF SECOND-DERIVATIVE MATRIX:
        -1.8426e-04  4.2468e-01  8.5297e-01  2.7225e+00
 MINUIT WARNING IN HESSE   
 ============== MATRIX FORCED POS-DEF BY ADDING 0.002907 TO DIAGONAL.
 FCN=-2.37859e+11 FROM HESSE     STATUS=NOT POSDEF     29 CALLS         525 TOTAL
                     EDM=0.0100091    STRATEGY= 1      ERR MATRIX NOT POS-DEF
  EXT PARAMETER                APPROXIMATE        STEP         FIRST   
  NO.   NAME      VALUE            ERROR          SIZE      DERIVATIVE 
   1  norm         5.58847e+05   9.81540e+01   5.32960e+02  -6.52770e-03
   2  Q            5.65032e-01   3.16602e-05   9.71414e-05  -2.52503e+04
   3  theta       -8.23132e-04   2.24751e-03   4.52719e-02  -2.66689e+01
   4  pileup       9.99888e-04   1.01744e-07   2.09859e-05   6.76127e+05
 MIGRAD FAILS TO FIND IMPROVEMENT
 MACHINE ACCURACY LIMITS FURTHER IMPROVEMENT.
 MIGRAD MINIMIZATION HAS CONVERGED.
 MIGRAD WILL VERIFY CONVERGENCE AND ERROR MATRIX.
 EIGENVALUES OF SECOND-DERIVATIVE MATRIX:
        -4.0539e-04  3.8519e-01  8.5147e-01  2.7637e+00
 MINUIT WARNING IN HESSE   
 ============== MATRIX FORCED POS-DEF BY ADDING 0.003169 TO DIAGONAL.
 MIGRAD TERMINATED WITHOUT CONVERGENCE.
 FCN=-2.37859e+11 FROM MIGRAD    STATUS=FAILED        148 CALLS         621 TOTAL
                     EDM=0.0480967    STRATEGY= 1      ERR MATRIX NOT POS-DEF
  EXT PARAMETER                APPROXIMATE        STEP         FIRST   
  NO.   NAME      VALUE            ERROR          SIZE      DERIVATIVE 
   1  norm         5.58828e+05   9.69679e+01   1.72540e+03   3.29851e-02
   2  Q            5.65038e-01   3.15632e-05   9.75358e-05   9.81343e+04
   3  theta       -5.85138e-04   1.08388e-03   1.01829e-01  -2.14918e+01
   4  pileup       9.99884e-04   1.03384e-07   2.09859e-05   9.31141e+05
 EXTERNAL ERROR MATRIX.    NDIM=  25    NPAR=  4    ERR DEF=1
  9.403e+03 -3.047e-03 -1.961e-02 -6.392e-07 
 -3.047e-03  9.962e-10  8.083e-09  1.993e-13 
 -1.961e-02  8.083e-09  1.175e-06  4.771e-11 
 -6.392e-07  1.993e-13  4.771e-11  1.069e-14 
ERR MATRIX NOT POS-DEF
 PARAMETER  CORRELATION COEFFICIENTS  
       NO.  GLOBAL      1      2      3      4
        1  0.99721   1.000 -0.996 -0.187 -0.064
        2  0.99728  -0.996  1.000  0.236  0.061
        3  0.71334  -0.187  0.236  1.000  0.426
        4  0.52508  -0.064  0.061  0.426  1.000
 ERR MATRIX NOT POS-DEF
status of the fit-----000------4
1  558828
2  0.565038
3  -0.000585138
4  0.000999884
 PARAMETER DEFINITIONS:
    NO.   NAME         VALUE      STEP SIZE      LIMITS
     1 norm         5.58828e+05  1.00000e-01     no limits
     2 Q            5.65038e-01  1.00000e-01     no limits
     3 theta       -5.85138e-04  1.00000e-01     no limits
     4 pileup       9.99884e-04  1.00000e-01     no limits
 **********
 **    5 **MIGRAD
 **********
 FIRST CALL TO USER FUNCTION AT NEW START POINT, WITH IFLAG=4.
 START MIGRAD MINIMIZATION.  STRATEGY  1.  CONVERGENCE WHEN EDM .LT. 1.00e-04
 FCN=-2.37859e+11 FROM MIGRAD    STATUS=INITIATE       14 CALLS         636 TOTAL
                     EDM= unknown      STRATEGY= 1      NO ERROR MATRIX       
  EXT PARAMETER               CURRENT GUESS       STEP         FIRST   
  NO.   NAME      VALUE            ERROR          SIZE      DERIVATIVE 
   1  norm         5.58828e+05   1.00000e-01   1.00000e-01   3.30864e-02
   2  Q            5.65038e-01   1.00000e-01   1.00000e-01   5.47967e+06
   3  theta       -5.85138e-04   1.00000e-01   1.00000e-01  -3.89005e+03
   4  pileup       9.99884e-04   1.00000e-01   1.00000e-01  -9.18100e+11
 MIGRAD FAILS TO FIND IMPROVEMENT
 COVARIANCE MATRIX CALCULATED SUCCESSFULLY
 FCN=-2.37859e+11 FROM HESSE     STATUS=OK             29 CALLS         676 TOTAL
                     EDM=0.391422    STRATEGY= 1      ERROR MATRIX ACCURATE 
  EXT PARAMETER                                   STEP         FIRST   
  NO.   NAME      VALUE            ERROR          SIZE      DERIVATIVE 
   1  norm         5.58828e+05   4.85011e+01   2.66470e+00   3.30406e-02
   2  Q            5.65038e-01   4.44101e-06   1.00000e-03   9.81349e+04
   3  theta       -5.85138e-04   3.83503e-03   1.00000e-01  -2.12555e+01
   4  pileup       9.99884e-04   9.24316e-08   1.00000e-02   3.83958e+05
 MIGRAD FAILS TO FIND IMPROVEMENT
 MIGRAD TERMINATED WITHOUT CONVERGENCE.
 FCN=-2.37859e+11 FROM MIGRAD    STATUS=FAILED         99 CALLS         721 TOTAL
                     EDM=4.06049e+07    STRATEGY= 1  ERROR MATRIX UNCERTAINTY 100.0 per cent
  EXT PARAMETER                APPROXIMATE        STEP         FIRST   
  NO.   NAME      VALUE            ERROR          SIZE      DERIVATIVE 
   1  norm         5.58826e+05   8.99616e+00  -0.00000e+00  -8.51468e-03
   2  Q            5.65039e-01   6.38938e-11  -0.00000e+00   2.96737e+09
   3  theta       -4.76208e-04   9.18337e-04  -0.00000e+00  -6.59693e+02
   4  pileup       9.99884e-04   2.35332e-08   0.00000e+00  -2.86649e+07
 EXTERNAL ERROR MATRIX.    NDIM=  25    NPAR=  4    ERR DEF=1
  8.093e+01  3.051e-10  4.820e-03 -1.847e-07 
  3.051e-10  4.082e-21  4.846e-14 -1.191e-18 
  4.820e-03  4.846e-14  8.433e-07 -2.023e-11 
 -1.847e-07 -1.191e-18 -2.023e-11  5.538e-16 
ERR MATRIX APPROXIMATE
 PARAMETER  CORRELATION COEFFICIENTS  
       NO.  GLOBAL      1      2      3      4
        1  1.09435   1.000  0.531  0.583 -0.872
        2  0.82765   0.531  1.000  0.826 -0.792
        3  1.05888   0.583  0.826  1.000 -0.936
        4  1.01846  -0.872 -0.792 -0.936  1.000
 ERR MATRIX APPROXIMATE
 **********
 **    6 **MIGRAD 
 **********
 START MIGRAD MINIMIZATION.  STRATEGY  1.  CONVERGENCE WHEN EDM .LT. 1.00e-04
 FCN=-2.37859e+11 FROM MIGRAD    STATUS=INITIATE       14 CALLS         735 TOTAL
                     EDM=0.0486824    STRATEGY= 1  ERROR MATRIX UNCERTAINTY 100.0 per cent
  EXT PARAMETER                APPROXIMATE        STEP         FIRST   
  NO.   NAME      VALUE            ERROR          SIZE      DERIVATIVE 
   1  norm         5.58826e+05   8.99616e+00  -0.00000e+00  -1.46198e-02
   2  Q            5.65039e-01   6.38938e-11  -0.00000e+00  -3.09083e+04
   3  theta       -4.76208e-04   9.18337e-04  -0.00000e+00  -6.58896e+02
   4  pileup       9.99884e-04   2.35332e-08   0.00000e+00  -2.86651e+07
 MIGRAD FAILS TO FIND IMPROVEMENT
 MACHINE ACCURACY LIMITS FURTHER IMPROVEMENT.
 MIGRAD MINIMIZATION HAS CONVERGED.
 MIGRAD WILL VERIFY CONVERGENCE AND ERROR MATRIX.
 EIGENVALUES OF SECOND-DERIVATIVE MATRIX:
        -1.8513e-04  4.1190e-01  8.5262e-01  2.7357e+00
 MINUIT WARNING IN HESSE   
 ============== MATRIX FORCED POS-DEF BY ADDING 0.002921 TO DIAGONAL.
 FCN=-2.37859e+11 FROM HESSE     STATUS=NOT POSDEF     29 CALLS         772 TOTAL
                     EDM=0.0087906    STRATEGY= 1      ERR MATRIX NOT POS-DEF
  EXT PARAMETER                APPROXIMATE        STEP         FIRST   
  NO.   NAME      VALUE            ERROR          SIZE      DERIVATIVE 
   1  norm         5.58826e+05   9.79089e+01   5.32940e+02  -8.46486e-03
   2  Q            5.65039e-01   3.15876e-05   9.73347e-05  -3.09888e+04
   3  theta       -4.76208e-04   2.27770e-03   4.52767e-02  -1.55531e+01
   4  pileup       9.99884e-04   1.02211e-07   2.09858e-05  -2.31708e+05
 MIGRAD FAILS TO FIND IMPROVEMENT
 MACHINE ACCURACY LIMITS FURTHER IMPROVEMENT.
 MIGRAD MINIMIZATION HAS CONVERGED.
 MIGRAD WILL VERIFY CONVERGENCE AND ERROR MATRIX.
 EIGENVALUES OF SECOND-DERIVATIVE MATRIX:
        -4.0823e-04  3.8062e-01  8.5137e-01  2.7684e+00
 MINUIT WARNING IN HESSE   
 ============== MATRIX FORCED POS-DEF BY ADDING 0.003177 TO DIAGONAL.
 MIGRAD TERMINATED WITHOUT CONVERGENCE.
 FCN=-2.37859e+11 FROM MIGRAD    STATUS=FAILED        141 CALLS         862 TOTAL
                     EDM=0.0284963    STRATEGY= 1      ERR MATRIX NOT POS-DEF
  EXT PARAMETER                APPROXIMATE        STEP         FIRST   
  NO.   NAME      VALUE            ERROR          SIZE      DERIVATIVE 
   1  norm         5.58816e+05   9.68696e+01   1.72536e+03   2.10496e-02
   2  Q            5.65042e-01   3.15413e-05   9.70842e-05   6.12612e+04
   3  theta       -3.14047e-04   1.09030e-03   1.01832e-01  -1.17027e+01
   4  pileup       9.99886e-04   1.03595e-07   2.09859e-05   1.25023e+06
 EXTERNAL ERROR MATRIX.    NDIM=  25    NPAR=  4    ERR DEF=1
  9.384e+03 -3.042e-03 -2.000e-02 -6.599e-07 
 -3.042e-03  9.949e-10  8.238e-09  2.076e-13 
 -2.000e-02  8.238e-09  1.189e-06  4.853e-11 
 -6.599e-07  2.076e-13  4.853e-11  1.073e-14 
ERR MATRIX NOT POS-DEF
 PARAMETER  CORRELATION COEFFICIENTS  
       NO.  GLOBAL      1      2      3      4
        1  0.99721   1.000 -0.996 -0.189 -0.066
        2  0.99728  -0.996  1.000  0.240  0.064
        3  0.71731  -0.189  0.240  1.000  0.430
        4  0.52789  -0.066  0.064  0.430  1.000
 ERR MATRIX NOT POS-DEF
status of the fit-----000------4
1  558816
2  0.565042
3  -0.000314047
4  0.000999886
 **********
 **   19 **SET PRINT           2
 **********
 **********
 **   20 **SET NOGRAD
 **********
 PARAMETER DEFINITIONS:
    NO.   NAME         VALUE      STEP SIZE      LIMITS
     1 p0           5.58000e+05  1.67400e+05     no limits
     2 p1           5.65000e-01  1.69500e-01     no limits
     3 p2           0.00000e+00  3.00000e-01     no limits
     4 p3           9.99871e-04  2.99961e-04     no limits
 **********
 **   21 **SET ERR         0.5
 **********
 **********
 **   22 **SET PRINT           2
 **********
 **********
 **   23 **SET STR           1
 **********
 NOW USING STRATEGY  1: TRY TO BALANCE SPEED AGAINST RELIABILITY
 **********
 **   24 **MIGRAD        1480        0.01
 **********
 FIRST CALL TO USER FUNCTION AT NEW START POINT, WITH IFLAG=4.
 START MIGRAD MINIMIZATION.  STRATEGY  1.  CONVERGENCE WHEN EDM .LT. 1.00e-05
 FCN=17322 FROM MIGRAD    STATUS=INITIATE       18 CALLS          19 TOTAL
                     EDM= unknown      STRATEGY= 1      NO ERROR MATRIX       
  EXT PARAMETER               CURRENT GUESS       STEP         FIRST   
  NO.   NAME      VALUE            ERROR          SIZE      DERIVATIVE 
   1  p0           5.58000e+05   1.67400e+05   1.67400e+05  -3.62840e+01
   2  p1           5.65000e-01   1.69500e-01   1.69500e-01  -1.12630e+08
   3  p2           0.00000e+00   3.00000e-01   3.00000e-01   0.00000e+00
   4  p3           9.99871e-04   2.99961e-04   2.99961e-04  -9.67109e+08
                               ERR DEF= 0.5
NO ERROR MATRIX       
 FCN=513.003 FROM MIGRAD    STATUS=PROGRESS       34 CALLS          35 TOTAL
                     EDM=1447.58    STRATEGY= 1      NO ERROR MATRIX       
  EXT PARAMETER               CURRENT GUESS       STEP         FIRST   
  NO.   NAME      VALUE            ERROR          SIZE      DERIVATIVE 
   1  p0           5.58440e+05   1.67400e+05   4.39939e+02  -8.33555e-01
   2  p1           5.65142e-01   1.69500e-01   1.41867e-04  -2.55982e+06
   3  p2           0.00000e+00   3.00000e-01  -0.00000e+00   0.00000e+00
   4  p3           1.00161e-03   2.99961e-04   1.73862e-06   4.20986e+08
                               ERR DEF= 0.5
 MINUIT WARNING IN MIGRAD  
 ============== Negative diagonal element 1 in Error Matrix
 MINUIT WARNING IN MIGRAD  
 ============== Negative diagonal element 2 in Error Matrix
 MINUIT WARNING IN MIGRAD  
 ============== 306037 added to diagonal of error matrix
 EIGENVALUES OF SECOND-DERIVATIVE MATRIX:
         9.9982e-01  1.0000e+00  1.0000e+00  1.0002e+00
 MIGRAD FAILS TO FIND IMPROVEMENT
   START COVARIANCE MATRIX CALCULATION.
 MINUIT WARNING IN HESSE   
 ============== Negative diagonal element 3 in Error Matrix
 MINUIT WARNING IN HESSE   
 ============== 12403.5 added to diagonal of error matrix
 EIGENVALUES OF SECOND-DERIVATIVE MATRIX:
         2.5071e-01  9.9999e-01  1.1620e+00  1.5873e+00
 COVARIANCE MATRIX CALCULATED SUCCESSFULLY
 FCN=69.7109 FROM HESSE     STATUS=OK             29 CALLS         181 TOTAL
                     EDM=9.70875e-08    STRATEGY= 1      ERROR MATRIX ACCURATE 
  EXT PARAMETER                                   STEP         FIRST   
  NO.   NAME      VALUE            ERROR          SIZE      DERIVATIVE 
   1  p0           5.59037e+05   8.97908e-03   2.66569e-01  -4.87029e-06
   2  p1           5.64974e-01   2.37720e-06   2.69401e-07   6.03143e+01
   3  p2           0.00000e+00   1.39126e+00   5.07403e-05   0.00000e+00
   4  p3           9.99667e-04   7.14525e-08   4.76678e-10   7.01007e+03
                               ERR DEF= 0.5
 PARAMETER  CORRELATION COEFFICIENTS  
       NO.  GLOBAL      1      2      3      4
        1  0.00443   1.000 -0.004 -0.004  0.002
        2  0.72085  -0.004  1.000  0.681 -0.538
        3  0.69525  -0.004  0.681  1.000 -0.486
        4  0.56211   0.002 -0.538 -0.486  1.000
 FCN=69.6382 FROM MIGRAD    STATUS=PROGRESS      199 CALLS         200 TOTAL
                     EDM=0.428214    STRATEGY= 1      ERROR MATRIX ACCURATE 
  EXT PARAMETER                                   STEP         FIRST   
  NO.   NAME      VALUE            ERROR          SIZE      DERIVATIVE 
   1  p0           5.59037e+05   8.97908e-03  -7.67988e-08  -4.54120e-02
   2  p1           5.64974e-01   2.37720e-06   6.74044e-09  -1.41968e+05
   3  p2           4.55625e-03   1.39126e+00   4.55625e-03  -5.55979e-01
   4  p3           9.99666e-04   7.14525e-08  -6.80933e-10  -3.38838e+06
                               ERR DEF= 0.5
 EIGENVALUES OF SECOND-DERIVATIVE MATRIX:
        -1.0089e-02  1.0000e+00  1.4507e+00  1.5594e+00
 MINUIT WARNING IN MIGRAD  
 ============== MATRIX FORCED POS-DEF BY ADDING 0.011648 TO DIAGONAL.
 MIGRAD MINIMIZATION HAS CONVERGED.
 MIGRAD WILL VERIFY CONVERGENCE AND ERROR MATRIX.
   START COVARIANCE MATRIX CALCULATION.
 EIGENVALUES OF SECOND-DERIVATIVE MATRIX:
        -6.1475e-04  3.2385e-01  8.4221e-01  2.8346e+00
 MINUIT WARNING IN HESSE   
 ============== MATRIX FORCED POS-DEF BY ADDING 0.003449 TO DIAGONAL.
 MIGRAD TERMINATED WITHOUT CONVERGENCE.
 FCN=69.5625 FROM MIGRAD    STATUS=FAILED        299 CALLS         300 TOTAL
                     EDM=0.000649147    STRATEGY= 1      ERR MATRIX NOT POS-DEF
  EXT PARAMETER                APPROXIMATE        STEP         FIRST   
  NO.   NAME      VALUE            ERROR          SIZE      DERIVATIVE 
   1  p0           5.59037e+05   6.76103e+01   2.66569e-01   3.64648e-04
   2  p1           5.64975e-01   2.20808e-05   2.69401e-07  -2.53098e+01
   3  p2           6.50897e-03   7.04231e-03   2.53334e-05   1.96771e+00
   4  p3           9.99684e-04   7.75223e-08   4.76687e-10  -1.50970e+04
                               ERR DEF= 0.5
 EXTERNAL ERROR MATRIX.    NDIM=  25    NPAR=  4    ERR DEF=0.5
  4.571e+03 -1.485e-03 -1.173e-01 -8.217e-07 
 -1.485e-03  4.876e-10  4.717e-08  2.746e-13 
 -1.173e-01  4.717e-08  4.959e-05  2.695e-10 
 -8.217e-07  2.746e-13  2.695e-10  6.010e-15 
ERR MATRIX NOT POS-DEF
 PARAMETER  CORRELATION COEFFICIENTS  
       NO.  GLOBAL      1      2      3      4
        1  0.99713   1.000 -0.995 -0.246 -0.157
        2  0.99722  -0.995  1.000  0.303  0.160
        3  0.76924  -0.246  0.303  1.000  0.494
        4  0.57830  -0.157  0.160  0.494  1.000
 ERR MATRIX NOT POS-DEF
 FCN=69.5625 FROM MIGRAD    STATUS=FAILED        299 CALLS         300 TOTAL
                     EDM=0.000649147    STRATEGY= 1      ERR MATRIX NOT POS-DEF
  EXT PARAMETER                  PARABOLIC         MINOS ERRORS        
  NO.   NAME      VALUE            ERROR      NEGATIVE      POSITIVE   
   1  p0           5.59037e+05   6.76103e+01                            
   2  p1           5.64975e-01   2.20808e-05                            
   3  p2           6.50897e-03   7.04231e-03                            
   4  p3           9.99684e-04   7.75223e-08                            
                               ERR DEF= 0.5
 **********
 **   25 **SET PRINT           2
 **********
 **********
 **   26 **SET NOGRAD
 **********
 PARAMETER DEFINITIONS:
    NO.   NAME         VALUE      STEP SIZE      LIMITS
     1 p0           5.59037e+05  6.76103e+01     no limits
     2 p1           5.64975e-01  2.20808e-05     no limits
     3 p2           6.50897e-03  7.04231e-03     no limits
     4 p3           9.99684e-04  7.75223e-08     no limits
 **********
 **   27 **SET ERR         0.5
 **********
 **********
 **   28 **SET PRINT           2
 **********
 **********
 **   29 **SET STR           1
 **********
 NOW USING STRATEGY  1: TRY TO BALANCE SPEED AGAINST RELIABILITY
 **********
 **   30 **MIGRAD        1480        0.01
 **********
 FIRST CALL TO USER FUNCTION AT NEW START POINT, WITH IFLAG=4.
 START MIGRAD MINIMIZATION.  STRATEGY  1.  CONVERGENCE WHEN EDM .LT. 1.00e-05
 FCN=69.5625 FROM MIGRAD    STATUS=INITIATE       14 CALLS          15 TOTAL
                     EDM= unknown      STRATEGY= 1      NO ERROR MATRIX       
  EXT PARAMETER               CURRENT GUESS       STEP         FIRST   
  NO.   NAME      VALUE            ERROR          SIZE      DERIVATIVE 
   1  p0           5.59037e+05   6.76103e+01   6.76103e+01   3.73182e-04
   2  p1           5.64975e-01   2.20808e-05   2.20808e-05  -2.52066e+01
   3  p2           6.50897e-03   7.04231e-03   7.04231e-03  -4.91282e-02
   4  p3           9.99684e-04   7.75223e-08   7.75223e-08   4.37008e+02
                               ERR DEF= 0.5
NO ERROR MATRIX       
 FCN=69.5625 FROM MIGRAD    STATUS=PROGRESS       24 CALLS          25 TOTAL
                     EDM=5.74561e-06    STRATEGY= 1      NO ERROR MATRIX       
  EXT PARAMETER               CURRENT GUESS       STEP         FIRST   
  NO.   NAME      VALUE            ERROR          SIZE      DERIVATIVE 
   1  p0           5.59037e+05   6.76103e+01  -6.19136e-03   1.34914e-04
   2  p1           5.64975e-01   2.20808e-05   4.31851e-11  -8.01487e+02
   3  p2           6.50948e-03   7.04231e-03   5.13718e-07   1.81822e-01
   4  p3           9.99684e-04   7.75223e-08  -1.10682e-12  -5.04913e+03
                               ERR DEF= 0.5
 MIGRAD FAILS TO FIND IMPROVEMENT
   START COVARIANCE MATRIX CALCULATION.
 EIGENVALUES OF SECOND-DERIVATIVE MATRIX:
         2.1393e-03  4.1161e-01  8.8108e-01  2.7052e+00
 COVARIANCE MATRIX CALCULATED SUCCESSFULLY
 FCN=69.3974 FROM HESSE     STATUS=OK             31 CALLS         167 TOTAL
                     EDM=1.85446e-05    STRATEGY= 1      ERROR MATRIX ACCURATE 
  EXT PARAMETER                                   STEP         FIRST   
  NO.   NAME      VALUE            ERROR          SIZE      DERIVATIVE 
   1  p0           5.58173e+05   7.78695e+01   2.66158e-01  -4.21433e-05
   2  p1           5.65254e-01   2.53168e-05   2.69534e-07  -1.21663e+02
   3  p2           9.50756e-03   3.58695e-03   1.62104e-05   1.66649e+00
   4  p3           9.99687e-04   7.32687e-08   4.76688e-10   5.93240e+03
                               ERR DEF= 0.5
 PARAMETER  CORRELATION COEFFICIENTS  
       NO.  GLOBAL      1      2      3      4
        1  0.99784   1.000 -0.997 -0.110  0.049
        2  0.99788  -0.997  1.000  0.148 -0.053
        3  0.67583  -0.110  0.148  1.000  0.424
        4  0.53026   0.049 -0.053  0.424  1.000
 MIGRAD FAILS TO FIND IMPROVEMENT
 MIGRAD TERMINATED WITHOUT CONVERGENCE.
 FCN=69.3974 FROM MIGRAD    STATUS=FAILED        173 CALLS         174 TOTAL
                     EDM=1.85446e-05    STRATEGY= 1      ERR MATRIX APPROXIMATE
  EXT PARAMETER                APPROXIMATE        STEP         FIRST   
  NO.   NAME      VALUE            ERROR          SIZE      DERIVATIVE 
   1  p0           5.58173e+05   7.78695e+01   0.00000e+00  -4.21433e-05
   2  p1           5.65254e-01   2.53168e-05  -0.00000e+00  -1.21663e+02
   3  p2           9.50756e-03   3.58695e-03  -0.00000e+00   1.66649e+00
   4  p3           9.99687e-04   7.32687e-08  -0.00000e+00   5.93240e+03
                               ERR DEF= 0.5
 EXTERNAL ERROR MATRIX.    NDIM=  25    NPAR=  4    ERR DEF=0.5
  6.064e+03 -1.965e-03 -3.066e-02  2.816e-07 
 -1.965e-03  6.409e-10  1.344e-08 -9.912e-14 
 -3.066e-02  1.344e-08  1.287e-05  1.114e-10 
  2.816e-07 -9.912e-14  1.114e-10  5.368e-15 
ERR MATRIX APPROXIMATE
 PARAMETER  CORRELATION COEFFICIENTS  
       NO.  GLOBAL      1      2      3      4
        1  0.99784   1.000 -0.997 -0.110  0.049
        2  0.99788  -0.997  1.000  0.148 -0.053
        3  0.67583  -0.110  0.148  1.000  0.424
        4  0.53026   0.049 -0.053  0.424  1.000
 ERR MATRIX APPROXIMATE
 FCN=69.3974 FROM MIGRAD    STATUS=FAILED        173 CALLS         174 TOTAL
                     EDM=1.85446e-05    STRATEGY= 1      ERR MATRIX APPROXIMATE
  EXT PARAMETER                  PARABOLIC         MINOS ERRORS        
  NO.   NAME      VALUE            ERROR      NEGATIVE      POSITIVE   
   1  p0           5.58173e+05   7.78695e+01                            
   2  p1           5.65254e-01   2.53168e-05                            
   3  p2           9.50756e-03   3.58695e-03                            
   4  p3           9.99687e-04   7.32687e-08                            
                               ERR DEF= 0.5
 **********
 **   31 **SET PRINT           2
 **********
 **********
 **   32 **SET NOGRAD
 **********
 PARAMETER DEFINITIONS:
    NO.   NAME         VALUE      STEP SIZE      LIMITS
     1 p0           5.58173e+05  7.78695e+01     no limits
     2 p1           5.65254e-01  2.53168e-05     no limits
     3 p2           9.50756e-03  3.58695e-03     no limits
     4 p3           9.99687e-04  7.32687e-08     no limits
 **********
 **   33 **SET ERR         0.5
 **********
 **********
 **   34 **SET PRINT           2
 **********
 **********
 **   35 **SET STR           1
 **********
 NOW USING STRATEGY  1: TRY TO BALANCE SPEED AGAINST RELIABILITY
 **********
 **   36 **MIGRAD        1480        0.01
 **********
 FIRST CALL TO USER FUNCTION AT NEW START POINT, WITH IFLAG=4.
 START MIGRAD MINIMIZATION.  STRATEGY  1.  CONVERGENCE WHEN EDM .LT. 1.00e-05
 FCN=69.3974 FROM MIGRAD    STATUS=INITIATE       14 CALLS          15 TOTAL
                     EDM= unknown      STRATEGY= 1      NO ERROR MATRIX       
  EXT PARAMETER               CURRENT GUESS       STEP         FIRST   
  NO.   NAME      VALUE            ERROR          SIZE      DERIVATIVE 
   1  p0           5.58173e+05   7.78695e+01   7.78695e+01  -4.68237e-05
   2  p1           5.65254e-01   2.53168e-05   2.53168e-05  -1.21565e+02
   3  p2           9.50756e-03   3.58695e-03   3.58695e-03  -4.70294e-02
   4  p3           9.99687e-04   7.32687e-08   7.32687e-08   8.39120e+03
                               ERR DEF= 0.5
NO ERROR MATRIX       
 MIGRAD FAILS TO FIND IMPROVEMENT
   START COVARIANCE MATRIX CALCULATION.
 EIGENVALUES OF SECOND-DERIVATIVE MATRIX:
         1.9993e-03  3.2961e-01  8.9908e-01  2.7693e+00
 COVARIANCE MATRIX CALCULATED SUCCESSFULLY
 FCN=69.3974 FROM HESSE     STATUS=OK             31 CALLS          49 TOTAL
                     EDM=6.97626e-06    STRATEGY= 1      ERROR MATRIX ACCURATE 
  EXT PARAMETER                                   STEP         FIRST   
  NO.   NAME      VALUE            ERROR          SIZE      DERIVATIVE 
   1  p0           5.58173e+05   8.12297e+01   2.66158e-01  -4.21433e-05
   2  p1           5.65254e-01   2.59548e-05   2.69534e-07  -1.21663e+02
   3  p2           9.50756e-03   4.26669e-03   1.67360e-05  -8.80658e-01
   4  p3           9.99687e-04   8.02702e-08   4.76688e-10   5.93240e+03
                               ERR DEF= 0.5
 PARAMETER  CORRELATION COEFFICIENTS  
       NO.  GLOBAL      1      2      3      4
        1  0.99802   1.000 -0.997  0.303  0.255
        2  0.99798  -0.997  1.000 -0.263 -0.252
        3  0.75849   0.303 -0.263  1.000  0.563
        4  0.63333   0.255 -0.252  0.563  1.000
 FCN=69.3974 FROM MIGRAD    STATUS=PROGRESS       63 CALLS          64 TOTAL
                     EDM=1.28491e-07    STRATEGY= 1      ERROR MATRIX ACCURATE 
  EXT PARAMETER                                   STEP         FIRST   
  NO.   NAME      VALUE            ERROR          SIZE      DERIVATIVE 
   1  p0           5.58173e+05   8.12297e+01   2.18732e-04  -3.69150e-05
   2  p1           5.65254e-01   2.59548e-05  -6.07318e-11  -1.17731e+02
   3  p2           9.50760e-03   4.26669e-03   3.28102e-08  -7.23309e-02
   4  p3           9.99687e-04   8.02702e-08   2.86434e-13   5.26754e+03
                               ERR DEF= 0.5
 MIGRAD MINIMIZATION HAS CONVERGED.
 FCN=69.3974 FROM MIGRAD    STATUS=CONVERGED      63 CALLS          64 TOTAL
                     EDM=1.28491e-07    STRATEGY= 1  ERROR MATRIX UNCERTAINTY   4.3 per cent
  EXT PARAMETER                                   STEP         FIRST   
  NO.   NAME      VALUE            ERROR          SIZE      DERIVATIVE 
   1  p0           5.58173e+05   7.50239e+01   2.18732e-04  -3.69150e-05
   2  p1           5.65254e-01   2.43717e-05  -6.07318e-11  -1.17731e+02
   3  p2           9.50760e-03   4.18834e-04   3.28102e-08  -7.23309e-02
   4  p3           9.99687e-04   6.66673e-08   2.86434e-13   5.26754e+03
                               ERR DEF= 0.5
 EXTERNAL ERROR MATRIX.    NDIM=  25    NPAR=  4    ERR DEF=0.5
  5.629e+03 -1.824e-03 -2.704e-02  2.685e-07 
 -1.824e-03  5.940e-10  8.729e-09 -1.253e-13 
 -2.704e-02  8.729e-09  1.754e-07  2.883e-12 
  2.685e-07 -1.253e-13  2.883e-12  4.445e-15 
 PARAMETER  CORRELATION COEFFICIENTS  
       NO.  GLOBAL      1      2      3      4
        1  0.99774   1.000 -0.997 -0.861  0.054
        2  0.99771  -0.997  1.000  0.855 -0.077
        3  0.87356  -0.861  0.855  1.000  0.103
        4  0.42575   0.054 -0.077  0.103  1.000
 EXTERNAL ERROR MATRIX.    NDIM=   4    NPAR=  4    ERR DEF=0.5
  5.629e+03 -1.824e-03 -2.704e-02  2.685e-07 
 -1.824e-03  5.940e-10  8.729e-09 -1.253e-13 
 -2.704e-02  8.729e-09  1.754e-07  2.883e-12 
  2.685e-07 -1.253e-13  2.883e-12  4.445e-15 
 FCN=69.3974 FROM MIGRAD    STATUS=CONVERGED      63 CALLS          64 TOTAL
                     EDM=1.28491e-07    STRATEGY= 1  ERROR MATRIX UNCERTAINTY   4.3 per cent
  EXT PARAMETER                  PARABOLIC         MINOS ERRORS        
  NO.   NAME      VALUE            ERROR      NEGATIVE      POSITIVE   
   1  p0           5.58173e+05   7.50239e+01                            
   2  p1           5.65254e-01   2.43717e-05                            
   3  p2           9.50760e-03   4.18834e-04                            
   4  p3           9.99687e-04   6.66673e-08                            
                               ERR DEF= 0.5
------------------------------------------
Enering ROOFIt-------
 PARAMETER DEFINITIONS:
    NO.   NAME         VALUE      STEP SIZE      LIMITS
     1 norm         5.58173e+05  1.00000e-01     no limits
     2 Q            5.65000e-01  1.00000e-01     no limits
     3 theta        0.00000e+00  1.00000e-01     no limits
     4 pileup       9.99687e-04  1.00000e-01     no limits
 **********
 **    1 **MIGRAD
 **********
 FIRST CALL TO USER FUNCTION AT NEW START POINT, WITH IFLAG=4.
 START MIGRAD MINIMIZATION.  STRATEGY  1.  CONVERGENCE WHEN EDM .LT. 1.00e-04
 FCN=-2.3786e+11 FROM MIGRAD    STATUS=INITIATE       14 CALLS          15 TOTAL
                     EDM= unknown      STRATEGY= 1      NO ERROR MATRIX       
  EXT PARAMETER               CURRENT GUESS       STEP         FIRST   
  NO.   NAME      VALUE            ERROR          SIZE      DERIVATIVE 
   1  norm         5.58173e+05   1.00000e-01   1.00000e-01  -2.98672e+01
   2  Q            5.65000e-01   1.00000e-01   1.00000e-01  -4.48961e+08
   3  theta        0.00000e+00   1.00000e-01   1.00000e-01   0.00000e+00
   4  pileup       9.99687e-04   1.00000e-01   1.00000e-01  -9.19049e+11
 MIGRAD FAILS TO FIND IMPROVEMENT
 EIGENVALUES OF SECOND-DERIVATIVE MATRIX:
        -1.5772e-01  4.7101e-01  6.6677e-01  3.0199e+00
 MINUIT WARNING IN HESSE   
 ============== MATRIX FORCED POS-DEF BY ADDING 0.160739 TO DIAGONAL.
 FCN=-2.3786e+11 FROM HESSE     STATUS=NOT POSDEF     27 CALLS          95 TOTAL
                     EDM=1454.91    STRATEGY= 1      ERR MATRIX NOT POS-DEF
  EXT PARAMETER                APPROXIMATE        STEP         FIRST   
  NO.   NAME      VALUE            ERROR          SIZE      DERIVATIVE 
   1  norm         5.58863e+05   1.20914e+01   1.72572e+03   8.25310e-01
   2  Q            5.65008e-01   4.97709e-06   5.55039e-04   2.61295e+06
   3  theta        0.00000e+00   9.36123e-03   1.19146e-01   0.00000e+00
   4  pileup       1.00293e-03   9.47012e-08   2.10285e-05   7.64526e+08
 MIGRAD FAILS TO FIND IMPROVEMENT
 MACHINE ACCURACY LIMITS FURTHER IMPROVEMENT.
 MIGRAD MINIMIZATION HAS CONVERGED.
 MIGRAD WILL VERIFY CONVERGENCE AND ERROR MATRIX.
 EIGENVALUES OF SECOND-DERIVATIVE MATRIX:
        -7.1638e-02  4.7801e-01  6.6768e-01  2.9259e+00
 MINUIT WARNING IN HESSE   
 ============== MATRIX FORCED POS-DEF BY ADDING 0.074564 TO DIAGONAL.
 MIGRAD TERMINATED WITHOUT CONVERGENCE.
 FCN=-2.3786e+11 FROM MIGRAD    STATUS=FAILED        197 CALLS         198 TOTAL
                     EDM=4.19737    STRATEGY= 1      ERR MATRIX NOT POS-DEF
  EXT PARAMETER                APPROXIMATE        STEP         FIRST   
  NO.   NAME      VALUE            ERROR          SIZE      DERIVATIVE 
   1  norm         5.58933e+05   8.63725e+00   1.72566e+03   1.97740e-01
   2  Q            5.65009e-01   5.26281e-06   5.54962e-04   6.16524e+05
   3  theta       -1.45448e-04   5.89922e-03   1.70541e-01  -1.04896e+02
   4  pileup       9.99715e-04   1.17872e-07   2.09894e-05   1.69615e+07
 EXTERNAL ERROR MATRIX.    NDIM=  25    NPAR=  4    ERR DEF=1
  7.460e+01  7.205e-06  1.056e-02 -1.250e-07 
  7.205e-06  2.770e-11  3.089e-08 -3.441e-13 
  1.056e-02  3.089e-08  3.480e-05 -3.604e-10 
 -1.250e-07 -3.441e-13 -3.604e-10  1.389e-14 
ERR MATRIX NOT POS-DEF
 PARAMETER  CORRELATION COEFFICIENTS  
       NO.  GLOBAL      1      2      3      4
        1  0.58730   1.000  0.159  0.207 -0.123
        2  0.99733   0.159  1.000  0.995 -0.555
        3  0.99722   0.207  0.995  1.000 -0.518
        4  0.69274  -0.123 -0.555 -0.518  1.000
 ERR MATRIX NOT POS-DEF
 **********
 **    2 **MIGRAD 
 **********
 START MIGRAD MINIMIZATION.  STRATEGY  1.  CONVERGENCE WHEN EDM .LT. 1.00e-04
 FCN=-2.3786e+11 FROM MIGRAD    STATUS=INITIATE        8 CALLS         206 TOTAL
                     EDM=4.53304    STRATEGY= 1      ERR MATRIX NOT POS-DEF
  EXT PARAMETER                APPROXIMATE        STEP         FIRST   
  NO.   NAME      VALUE            ERROR          SIZE      DERIVATIVE 
   1  norm         5.58933e+05   8.63725e+00   1.72566e+03   1.87506e-01
   2  Q            5.65009e-01   5.26281e-06   5.54962e-04   6.16612e+05
   3  theta       -1.45448e-04   5.89922e-03   1.70541e-01  -1.12945e+03
   4  pileup       9.99715e-04   1.17872e-07   2.09894e-05   1.24485e+07
 MIGRAD FAILS TO FIND IMPROVEMENT
 MACHINE ACCURACY LIMITS FURTHER IMPROVEMENT.
 MIGRAD MINIMIZATION HAS CONVERGED.
 MIGRAD WILL VERIFY CONVERGENCE AND ERROR MATRIX.
 EIGENVALUES OF SECOND-DERIVATIVE MATRIX:
        -3.8288e-04  3.6756e-01  8.5073e-01  2.7821e+00
 MINUIT WARNING IN HESSE   
 ============== MATRIX FORCED POS-DEF BY ADDING 0.003165 TO DIAGONAL.
 FCN=-2.3786e+11 FROM HESSE     STATUS=NOT POSDEF     29 CALLS         246 TOTAL
                     EDM=1.67146    STRATEGY= 1      ERR MATRIX NOT POS-DEF
  EXT PARAMETER                APPROXIMATE        STEP         FIRST   
  NO.   NAME      VALUE            ERROR          SIZE      DERIVATIVE 
   1  norm         5.58933e+05   9.65343e+01   6.90262e+02   1.97827e-01
   2  Q            5.65009e-01   3.14954e-05   9.49361e-05   6.16533e+05
   3  theta       -1.45448e-04   1.05781e-03   1.08458e-01   5.18438e+00
   4  pileup       9.99715e-04   1.04482e-07   8.39577e-06   1.69998e+07
 MINUIT WARNING IN MIGRAD  
 ============== Negative diagonal element 2 in Error Matrix
 MINUIT WARNING IN MIGRAD  
 ============== 1 added to diagonal of error matrix
 MIGRAD FAILS TO FIND IMPROVEMENT
 MIGRAD TERMINATED WITHOUT CONVERGENCE.
 FCN=-2.3786e+11 FROM MIGRAD    STATUS=FAILED         87 CALLS         285 TOTAL
                     EDM=3.75839e+07    STRATEGY= 1      ERR MATRIX NOT POS-DEF
  EXT PARAMETER                APPROXIMATE        STEP         FIRST   
  NO.   NAME      VALUE            ERROR          SIZE      DERIVATIVE 
   1  norm         5.58943e+05   7.56057e+00   0.00000e+00  -6.66420e-02
   2  Q            5.65004e-01   1.00000e+00  -0.00000e+00   3.91814e+08
   3  theta       -5.67770e-04   1.00000e+00   0.00000e+00  -6.91923e+02
   4  pileup       9.99671e-04   1.00000e+00   0.00000e+00  -2.72605e+07
 EXTERNAL ERROR MATRIX.    NDIM=  25    NPAR=  4    ERR DEF=1
  5.716e+01 -9.574e-09  1.383e-03 -2.834e-07 
 -9.574e-09  1.000e+00  1.103e-12  5.418e-16 
  1.383e-03  1.103e-12  1.000e+00  1.074e-11 
 -2.834e-07  5.418e-16  1.074e-11  1.000e+00 
ERR MATRIX NOT POS-DEF
 PARAMETER  CORRELATION COEFFICIENTS  
       NO.  GLOBAL      1      2      3      4
        1  0.00018   1.000 -0.000  0.000 -0.000
        2  0.00000  -0.000  1.000  0.000  0.000
        3  0.00018   0.000  0.000  1.000  0.000
        4  0.00000  -0.000  0.000  0.000  1.000
 ERR MATRIX NOT POS-DEF
status of the fit-----000------4
1  558943
2  0.565004
3  -0.00056777
4  0.000999671
 PARAMETER DEFINITIONS:
    NO.   NAME         VALUE      STEP SIZE      LIMITS
     1 norm         5.58943e+05  1.00000e-01     no limits
     2 Q            5.65004e-01  1.00000e-01     no limits
     3 theta       -5.67770e-04  1.00000e-01     no limits
     4 pileup       9.99671e-04  1.00000e-01     no limits
 **********
 **    3 **MIGRAD
 **********
 FIRST CALL TO USER FUNCTION AT NEW START POINT, WITH IFLAG=4.
 START MIGRAD MINIMIZATION.  STRATEGY  1.  CONVERGENCE WHEN EDM .LT. 1.00e-04
 FCN=-2.3786e+11 FROM MIGRAD    STATUS=INITIATE       14 CALLS         300 TOTAL
                     EDM= unknown      STRATEGY= 1      NO ERROR MATRIX       
  EXT PARAMETER               CURRENT GUESS       STEP         FIRST   
  NO.   NAME      VALUE            ERROR          SIZE      DERIVATIVE 
   1  norm         5.58943e+05   1.00000e-01   1.00000e-01  -2.01523e-03
   2  Q            5.65004e-01   1.00000e-01   1.00000e-01   7.04347e+06
   3  theta       -5.67770e-04   1.00000e-01   1.00000e-01  -3.76059e+03
   4  pileup       9.99671e-04   1.00000e-01   1.00000e-01  -9.17986e+11
 MIGRAD FAILS TO FIND IMPROVEMENT
 COVARIANCE MATRIX CALCULATED SUCCESSFULLY
 FCN=-2.3786e+11 FROM HESSE     STATUS=OK             29 CALLS         340 TOTAL
                     EDM=0.0860698    STRATEGY= 1      ERROR MATRIX ACCURATE 
  EXT PARAMETER                                   STEP         FIRST   
  NO.   NAME      VALUE            ERROR          SIZE      DERIVATIVE 
   1  norm         5.58943e+05   5.83957e+01   2.66525e+00  -2.03241e-03
   2  Q            5.65004e-01   5.42159e-06   1.00000e-03  -5.77457e+03
   3  theta       -5.67770e-04   4.71856e-03   1.00000e-01  -1.40887e+02
   4  pileup       9.99671e-04   9.24359e-08   1.00000e-02   6.36040e+05
 EIGENVALUES OF SECOND-DERIVATIVE MATRIX:
        -8.3477e-01 -1.0798e-06  8.3502e-01  3.9998e+00
 MINUIT WARNING IN MIGRAD  
 ============== MATRIX FORCED POS-DEF BY ADDING 0.838774 TO DIAGONAL.
 MIGRAD FAILS TO FIND IMPROVEMENT
 MIGRAD TERMINATED WITHOUT CONVERGENCE.
 FCN=-2.3786e+11 FROM MIGRAD    STATUS=FAILED        105 CALLS         391 TOTAL
                     EDM=390055    STRATEGY= 1  ERROR MATRIX UNCERTAINTY 100.0 per cent
  EXT PARAMETER                APPROXIMATE        STEP         FIRST   
  NO.   NAME      VALUE            ERROR          SIZE      DERIVATIVE 
   1  norm         5.58943e+05   1.04537e+01  -0.00000e+00   3.24040e-03
   2  Q            5.65004e-01   3.74317e-09   0.00000e+00   3.91715e+08
   3  theta       -5.52328e-04   2.66308e-04   0.00000e+00  -3.62128e+03
   4  pileup       9.99664e-04   1.18596e-07   0.00000e+00  -2.86732e+07
 EXTERNAL ERROR MATRIX.    NDIM=  25    NPAR=  4    ERR DEF=1
  1.093e+02 -1.173e-08  5.182e-04 -2.308e-07 
 -1.173e-08  1.401e-17 -8.706e-13  3.877e-16 
  5.182e-04 -8.706e-13  7.092e-08 -1.718e-11 
 -2.308e-07  3.877e-16 -1.718e-11  1.407e-14 
ERR MATRIX APPROXIMATE
 PARAMETER  CORRELATION COEFFICIENTS  
       NO.  GLOBAL      1      2      3      4
        1  0.84577   1.000 -0.300  0.186 -0.186
        2  0.99823  -0.300  1.000 -0.873  0.873
        3  0.99433   0.186 -0.873  1.000 -0.544
        4  0.99433  -0.186  0.873 -0.544  1.000
 ERR MATRIX APPROXIMATE
 **********
 **    4 **MIGRAD 
 **********
 START MIGRAD MINIMIZATION.  STRATEGY  1.  CONVERGENCE WHEN EDM .LT. 1.00e-04
 FCN=-2.3786e+11 FROM MIGRAD    STATUS=INITIATE       12 CALLS         403 TOTAL
                     EDM=21.2101    STRATEGY= 1  ERROR MATRIX UNCERTAINTY 100.0 per cent
  EXT PARAMETER                APPROXIMATE        STEP         FIRST   
  NO.   NAME      VALUE            ERROR          SIZE      DERIVATIVE 
   1  norm         5.58943e+05   1.04537e+01  -0.00000e+00  -2.86355e-03
   2  Q            5.65004e-01   3.74317e-09   0.00000e+00   1.07609e+04
   3  theta       -5.52328e-04   2.66308e-04   0.00000e+00  -1.28586e+04
   4  pileup       9.99664e-04   1.18596e-07   0.00000e+00  -2.86731e+07
 MIGRAD FAILS TO FIND IMPROVEMENT
 MACHINE ACCURACY LIMITS FURTHER IMPROVEMENT.
 MIGRAD MINIMIZATION HAS CONVERGED.
 MIGRAD WILL VERIFY CONVERGENCE AND ERROR MATRIX.
 EIGENVALUES OF SECOND-DERIVATIVE MATRIX:
        -1.7774e-03  3.6761e-01  8.4816e-01  2.7860e+00
 MINUIT WARNING IN HESSE   
 ============== MATRIX FORCED POS-DEF BY ADDING 0.004563 TO DIAGONAL.
 FCN=-2.3786e+11 FROM HESSE     STATUS=NOT POSDEF     29 CALLS         443 TOTAL
                     EDM=0.0313631    STRATEGY= 1      ERR MATRIX NOT POS-DEF
  EXT PARAMETER                APPROXIMATE        STEP         FIRST   
  NO.   NAME      VALUE            ERROR          SIZE      DERIVATIVE 
   1  norm         5.58943e+05   9.49981e+01   5.33049e+02   3.29336e-03
   2  Q            5.65004e-01   3.18354e-05   9.42141e-05   1.06804e+04
   3  theta       -5.52328e-04   7.40500e-04   1.86346e-01  -4.98900e+02
   4  pileup       9.99664e-04   1.08392e-07   2.09840e-05  -2.33019e+05
 MIGRAD FAILS TO FIND IMPROVEMENT
 MACHINE ACCURACY LIMITS FURTHER IMPROVEMENT.
 MIGRAD MINIMIZATION HAS CONVERGED.
 MIGRAD WILL VERIFY CONVERGENCE AND ERROR MATRIX.
 EIGENVALUES OF SECOND-DERIVATIVE MATRIX:
        -4.2656e-04  3.7983e-01  8.5155e-01  2.7690e+00
 MINUIT WARNING IN HESSE   
 ============== MATRIX FORCED POS-DEF BY ADDING 0.003196 TO DIAGONAL.
 MIGRAD TERMINATED WITHOUT CONVERGENCE.
 FCN=-2.3786e+11 FROM MIGRAD    STATUS=FAILED        106 CALLS         497 TOTAL
                     EDM=0.0105151    STRATEGY= 1      ERR MATRIX NOT POS-DEF
  EXT PARAMETER                APPROXIMATE        STEP         FIRST   
  NO.   NAME      VALUE            ERROR          SIZE      DERIVATIVE 
   1  norm         5.58943e+05   9.70104e+01   2.13220e+02   3.30982e-03
   2  Q            5.65004e-01   3.14962e-05   1.88428e-04   1.06905e+04
   3  theta       -5.52327e-04   1.11840e-03   9.89817e-02  -1.34463e+02
   4  pileup       9.99664e-04   1.03707e-07   8.39362e-06  -1.94652e+05
 EXTERNAL ERROR MATRIX.    NDIM=  25    NPAR=  4    ERR DEF=1
  9.411e+03 -3.042e-03 -1.614e-02 -6.000e-07 
 -3.042e-03  9.920e-10  7.017e-09  1.876e-13 
 -1.614e-02  7.017e-09  1.251e-06  5.009e-11 
 -6.000e-07  1.876e-13  5.009e-11  1.076e-14 
ERR MATRIX NOT POS-DEF
 PARAMETER  CORRELATION COEFFICIENTS  
       NO.  GLOBAL      1      2      3      4
        1  0.99721   1.000 -0.996 -0.149 -0.060
        2  0.99727  -0.996  1.000  0.199  0.057
        3  0.71200  -0.149  0.199  1.000  0.432
        4  0.52941  -0.060  0.057  0.432  1.000
 ERR MATRIX NOT POS-DEF
status of the fit-----000------4
1  558943
2  0.565004
3  -0.000552327
4  0.000999664
 PARAMETER DEFINITIONS:
    NO.   NAME         VALUE      STEP SIZE      LIMITS
     1 norm         5.58943e+05  1.00000e-01     no limits
     2 Q            5.65004e-01  1.00000e-01     no limits
     3 theta       -5.52327e-04  1.00000e-01     no limits
     4 pileup       9.99664e-04  1.00000e-01     no limits
 **********
 **    5 **MIGRAD
 **********
 FIRST CALL TO USER FUNCTION AT NEW START POINT, WITH IFLAG=4.
 START MIGRAD MINIMIZATION.  STRATEGY  1.  CONVERGENCE WHEN EDM .LT. 1.00e-04
 FCN=-2.3786e+11 FROM MIGRAD    STATUS=INITIATE       14 CALLS         512 TOTAL
                     EDM= unknown      STRATEGY= 1      NO ERROR MATRIX       
  EXT PARAMETER               CURRENT GUESS       STEP         FIRST   
  NO.   NAME      VALUE            ERROR          SIZE      DERIVATIVE 
   1  norm         5.58943e+05   1.00000e-01   1.00000e-01   3.29765e-03
   2  Q            5.65004e-01   1.00000e-01   1.00000e-01   7.05705e+06
   3  theta       -5.52327e-04   1.00000e-01   1.00000e-01  -3.65869e+03
   4  pileup       9.99664e-04   1.00000e-01   1.00000e-01  -9.17986e+11
 MIGRAD FAILS TO FIND IMPROVEMENT
 COVARIANCE MATRIX CALCULATED SUCCESSFULLY
 FCN=-2.3786e+11 FROM HESSE     STATUS=OK             29 CALLS         552 TOTAL
                     EDM=0.152614    STRATEGY= 1      ERROR MATRIX ACCURATE 
  EXT PARAMETER                                   STEP         FIRST   
  NO.   NAME      VALUE            ERROR          SIZE      DERIVATIVE 
   1  norm         5.58943e+05   5.83847e+01   2.66525e+00   3.32055e-03
   2  Q            5.65004e-01   5.42414e-06   1.00000e-03   1.06786e+04
   3  theta       -5.52327e-04   4.72368e-03   1.00000e-01  -1.37422e+02
   4  pileup       9.99664e-04   9.24359e-08   1.00000e-02  -7.80420e+05
 MIGRAD FAILS TO FIND IMPROVEMENT
 MACHINE ACCURACY LIMITS FURTHER IMPROVEMENT.
 MIGRAD MINIMIZATION HAS CONVERGED.
 FCN=-2.3786e+11 FROM MIGRAD    STATUS=CONVERGED      64 CALLS         562 TOTAL
                     EDM=0.152614    STRATEGY= 1      ERROR MATRIX ACCURATE 
  EXT PARAMETER                                   STEP         FIRST   
  NO.   NAME      VALUE            ERROR          SIZE      DERIVATIVE 
   1  norm         5.58943e+05   5.83847e+01  -0.00000e+00   3.32055e-03
   2  Q            5.65004e-01   5.42414e-06   0.00000e+00   1.06786e+04
   3  theta       -5.52327e-04   4.72368e-03   0.00000e+00  -1.37422e+02
   4  pileup       9.99664e-04   9.24359e-08   0.00000e+00  -7.80420e+05
 EXTERNAL ERROR MATRIX.    NDIM=  25    NPAR=  4    ERR DEF=1
  3.409e+03 -3.127e-04 -2.609e-01  4.864e-09 
 -3.127e-04  2.942e-11  2.506e-08 -8.961e-15 
 -2.609e-01  2.506e-08  2.231e-05  1.753e-12 
  4.864e-09 -8.961e-15  1.753e-12  8.544e-15 
 PARAMETER  CORRELATION COEFFICIENTS  
       NO.  GLOBAL      1      2      3      4
        1  0.99227   1.000 -0.988 -0.946  0.001
        2  0.99682  -0.988  1.000  0.978 -0.018
        3  0.98633  -0.946  0.978  1.000  0.004
        4  0.23234   0.001 -0.018  0.004  1.000
 **********
 **    6 **MIGRAD 
 **********
 START MIGRAD MINIMIZATION.  STRATEGY  1.  CONVERGENCE WHEN EDM .LT. 1.00e-04
 FCN=-2.3786e+11 FROM MIGRAD    STATUS=INITIATE        8 CALLS         570 TOTAL
                     EDM=909.225    STRATEGY= 1      ERROR MATRIX ACCURATE 
  EXT PARAMETER                                   STEP         FIRST   
  NO.   NAME      VALUE            ERROR          SIZE      DERIVATIVE 
   1  norm         5.58943e+05   5.83847e+01  -0.00000e+00   3.27761e-03
   2  Q            5.65004e-01   5.42414e-06   0.00000e+00   1.07766e+04
   3  theta       -5.52327e-04   4.72368e-03   0.00000e+00  -1.27250e+04
   4  pileup       9.99664e-04   9.24359e-08   0.00000e+00  -2.98422e+07
 MIGRAD FAILS TO FIND IMPROVEMENT
 EIGENVALUES OF SECOND-DERIVATIVE MATRIX:
        -2.6748e-02  4.9929e-01  6.6683e-01  2.8606e+00
 MINUIT WARNING IN HESSE   
 ============== MATRIX FORCED POS-DEF BY ADDING 0.029608 TO DIAGONAL.
 FCN=-2.3786e+11 FROM HESSE     STATUS=NOT POSDEF     29 CALLS         633 TOTAL
                     EDM=0.457943    STRATEGY= 1      ERR MATRIX NOT POS-DEF
  EXT PARAMETER                APPROXIMATE        STEP         FIRST   
  NO.   NAME      VALUE            ERROR          SIZE      DERIVATIVE 
   1  norm         5.58943e+05   1.12152e+01   5.33050e+01   1.54577e-03
   2  Q            5.65004e-01   5.17842e-06   5.54958e-04   5.23938e+03
   3  theta       -5.46663e-04   1.04340e-02   9.94978e-02  -1.34671e+02
   4  pileup       9.99664e-04   1.14689e-07   2.09840e-05  -2.79994e+05
 MIGRAD FAILS TO FIND IMPROVEMENT
 MACHINE ACCURACY LIMITS FURTHER IMPROVEMENT.
 MIGRAD MINIMIZATION HAS CONVERGED.
 MIGRAD WILL VERIFY CONVERGENCE AND ERROR MATRIX.
 EIGENVALUES OF SECOND-DERIVATIVE MATRIX:
        -7.8183e-04  3.3715e-01  7.4671e-01  2.9169e+00
 MINUIT WARNING IN HESSE   
 ============== MATRIX FORCED POS-DEF BY ADDING 0.003699 TO DIAGONAL.
 MIGRAD TERMINATED WITHOUT CONVERGENCE.
 FCN=-2.3786e+11 FROM MIGRAD    STATUS=FAILED        123 CALLS         685 TOTAL
                     EDM=0.0066168    STRATEGY= 1      ERR MATRIX NOT POS-DEF
  EXT PARAMETER                APPROXIMATE        STEP         FIRST   
  NO.   NAME      VALUE            ERROR          SIZE      DERIVATIVE 
   1  norm         5.58943e+05   6.94667e+01   1.06610e+01   1.59587e-03
   2  Q            5.65004e-01   6.73295e-06   4.22032e-03   5.23598e+03
   3  theta       -5.46663e-04   1.77766e-03   2.90496e-01  -2.02217e+01
   4  pileup       9.99664e-04   1.04694e-07   8.39359e-07  -2.33601e+05
 EXTERNAL ERROR MATRIX.    NDIM=  25    NPAR=  4    ERR DEF=1
  4.826e+03 -4.637e-04 -1.180e-01 -3.506e-07 
 -4.637e-04  4.533e-11  1.171e-08  3.255e-14 
 -1.180e-01  1.171e-08  3.160e-06  2.578e-11 
 -3.506e-07  3.255e-14  2.578e-11  1.096e-14 
ERR MATRIX NOT POS-DEF
 PARAMETER  CORRELATION COEFFICIENTS  
       NO.  GLOBAL      1      2      3      4
        1  0.99456   1.000 -0.991 -0.955 -0.048
        2  0.99761  -0.991  1.000  0.978  0.046
        3  0.98890  -0.955  0.978  1.000  0.139
        4  0.54232  -0.048  0.046  0.139  1.000
 ERR MATRIX NOT POS-DEF
status of the fit-----000------4
1  558943
2  0.565004
3  -0.000546663
4  0.000999664
 **********
 **   37 **SET PRINT           2
 **********
 **********
 **   38 **SET NOGRAD
 **********
 PARAMETER DEFINITIONS:
    NO.   NAME         VALUE      STEP SIZE      LIMITS
     1 p0           5.58000e+05  1.67400e+05     no limits
     2 p1           5.65000e-01  1.69500e-01     no limits
     3 p2           0.00000e+00  3.00000e-01     no limits
     4 p3           9.99871e-04  2.99961e-04     no limits
 **********
 **   39 **SET ERR         0.5
 **********
 **********
 **   40 **SET PRINT           2
 **********
 **********
 **   41 **SET STR           1
 **********
 NOW USING STRATEGY  1: TRY TO BALANCE SPEED AGAINST RELIABILITY
 **********
 **   42 **MIGRAD        1480        0.01
 **********
 FIRST CALL TO USER FUNCTION AT NEW START POINT, WITH IFLAG=4.
 START MIGRAD MINIMIZATION.  STRATEGY  1.  CONVERGENCE WHEN EDM .LT. 1.00e-05
 FCN=17300.8 FROM MIGRAD    STATUS=INITIATE       18 CALLS          19 TOTAL
                     EDM= unknown      STRATEGY= 1      NO ERROR MATRIX       
  EXT PARAMETER               CURRENT GUESS       STEP         FIRST   
  NO.   NAME      VALUE            ERROR          SIZE      DERIVATIVE 
   1  p0           5.58000e+05   1.67400e+05   1.67400e+05  -3.62670e+01
   2  p1           5.65000e-01   1.69500e-01   1.69500e-01  -1.12581e+08
   3  p2           0.00000e+00   3.00000e-01   3.00000e-01   0.00000e+00
   4  p3           9.99871e-04   2.99961e-04   2.99961e-04  -1.00119e+09
                               ERR DEF= 0.5
NO ERROR MATRIX       
 FCN=471.391 FROM MIGRAD    STATUS=PROGRESS       34 CALLS          35 TOTAL
                     EDM=1312.22    STRATEGY= 1      NO ERROR MATRIX       
  EXT PARAMETER               CURRENT GUESS       STEP         FIRST   
  NO.   NAME      VALUE            ERROR          SIZE      DERIVATIVE 
   1  p0           5.58439e+05   1.67400e+05   4.39075e+02  -8.19785e-01
   2  p1           5.65142e-01   1.69500e-01   1.41593e-04  -2.52036e+06
   3  p2           0.00000e+00   3.00000e-01  -0.00000e+00   0.00000e+00
   4  p3           1.00167e-03   2.99961e-04   1.79700e-06   4.00126e+08
                               ERR DEF= 0.5
 MIGRAD MINIMIZATION HAS CONVERGED.
 MIGRAD WILL VERIFY CONVERGENCE AND ERROR MATRIX.
   START COVARIANCE MATRIX CALCULATION.
 MINUIT WARNING IN HESSE   
 ============== Negative diagonal element 3 in Error Matrix
 MINUIT WARNING IN HESSE   
 ============== 13598.2 added to diagonal of error matrix
 EIGENVALUES OF SECOND-DERIVATIVE MATRIX:
         1.0476e-01  9.9999e-01  1.1921e+00  1.7031e+00
 COVARIANCE MATRIX CALCULATED SUCCESSFULLY
 FCN=69.0276 FROM MIGRAD    STATUS=CONVERGED      82 CALLS          83 TOTAL
                     EDM=4.13304e-07    STRATEGY= 1      ERROR MATRIX ACCURATE 
  EXT PARAMETER                                   STEP         FIRST   
  NO.   NAME      VALUE            ERROR          SIZE      DERIVATIVE 
   1  p0           5.58476e+05   8.57549e-03   2.66302e-01   5.67039e-05
   2  p1           5.65153e-01   3.46295e-06   2.69486e-07  -1.88374e+02
   3  p2           0.00000e+00   2.02954e+00   7.15566e-05   0.00000e+00
   4  p3           9.99807e-04   9.99614e-08   4.76745e-10  -9.66865e+03
                               ERR DEF= 0.5
 EXTERNAL ERROR MATRIX.    NDIM=  25    NPAR=  4    ERR DEF=0.5
  7.354e-05 -8.549e-12  1.034e-05 -3.653e-13 
 -8.549e-12  1.199e-11  6.051e-06 -2.598e-13 
  1.034e-05  6.051e-06  4.119e+00 -1.480e-07 
 -3.653e-13 -2.598e-13 -1.480e-07  9.992e-15 
 PARAMETER  CORRELATION COEFFICIENTS  
       NO.  GLOBAL      1      2      3      4
        1  0.00178   1.000 -0.000  0.001 -0.000
        2  0.87943  -0.000  1.000  0.861 -0.751
        3  0.87019   0.001  0.861  1.000 -0.729
        4  0.76814  -0.000 -0.751 -0.729  1.000
 EXTERNAL ERROR MATRIX.    NDIM=   4    NPAR=  4    ERR DEF=0.5
  7.354e-05 -8.549e-12  1.034e-05 -3.653e-13 
 -8.549e-12  1.199e-11  6.051e-06 -2.598e-13 
  1.034e-05  6.051e-06  4.119e+00 -1.480e-07 
 -3.653e-13 -2.598e-13 -1.480e-07  9.992e-15 
 FCN=69.0276 FROM MIGRAD    STATUS=CONVERGED      82 CALLS          83 TOTAL
                     EDM=4.13304e-07    STRATEGY= 1      ERROR MATRIX ACCURATE 
  EXT PARAMETER                  PARABOLIC         MINOS ERRORS        
  NO.   NAME      VALUE            ERROR      NEGATIVE      POSITIVE   
   1  p0           5.58476e+05   8.57549e-03                            
   2  p1           5.65153e-01   3.46295e-06                            
   3  p2           0.00000e+00   2.02954e+00                            
   4  p3           9.99807e-04   9.99614e-08                            
                               ERR DEF= 0.5
------------------------------------------
Enering ROOFIt-------
 PARAMETER DEFINITIONS:
    NO.   NAME         VALUE      STEP SIZE      LIMITS
     1 norm         5.58476e+05  1.00000e-01     no limits
     2 Q            5.65000e-01  1.00000e-01     no limits
     3 theta        0.00000e+00  1.00000e-01     no limits
     4 pileup       9.99807e-04  1.00000e-01     no limits
 **********
 **    1 **MIGRAD
 **********
 FIRST CALL TO USER FUNCTION AT NEW START POINT, WITH IFLAG=4.
 START MIGRAD MINIMIZATION.  STRATEGY  1.  CONVERGENCE WHEN EDM .LT. 1.00e-04
 FCN=-2.3786e+11 FROM MIGRAD    STATUS=INITIATE       14 CALLS          15 TOTAL
                     EDM= unknown      STRATEGY= 1      NO ERROR MATRIX       
  EXT PARAMETER               CURRENT GUESS       STEP         FIRST   
  NO.   NAME      VALUE            ERROR          SIZE      DERIVATIVE 
   1  norm         5.58476e+05   1.00000e-01   1.00000e-01  -1.81674e+01
   2  Q            5.65000e-01   1.00000e-01   1.00000e-01  -2.71249e+08
   3  theta        0.00000e+00   1.00000e-01   1.00000e-01   0.00000e+00
   4  pileup       9.99807e-04   1.00000e-01   1.00000e-01  -9.18696e+11
 MIGRAD FAILS TO FIND IMPROVEMENT
 EIGENVALUES OF SECOND-DERIVATIVE MATRIX:
        -9.9749e-02  4.8943e-01  6.6595e-01  2.9444e+00
 MINUIT WARNING IN HESSE   
 ============== MATRIX FORCED POS-DEF BY ADDING 0.102693 TO DIAGONAL.
 FCN=-2.3786e+11 FROM HESSE     STATUS=NOT POSDEF     27 CALLS          93 TOTAL
                     EDM=727.391    STRATEGY= 1      ERR MATRIX NOT POS-DEF
  EXT PARAMETER                APPROXIMATE        STEP         FIRST   
  NO.   NAME      VALUE            ERROR          SIZE      DERIVATIVE 
   1  norm         5.58888e+05   1.39629e+01   2.66302e+02   5.03041e-01
   2  Q            5.65005e-01   4.96766e-06   5.55017e-04   1.59473e+06
   3  theta        0.00000e+00   9.48328e-03   1.16531e-01   0.00000e+00
   4  pileup       1.00209e-03   9.78409e-08   2.10168e-05   5.30244e+08
 MIGRAD FAILS TO FIND IMPROVEMENT
 MACHINE ACCURACY LIMITS FURTHER IMPROVEMENT.
 MIGRAD MINIMIZATION HAS CONVERGED.
 MIGRAD WILL VERIFY CONVERGENCE AND ERROR MATRIX.
 EIGENVALUES OF SECOND-DERIVATIVE MATRIX:
        -4.0686e-04  4.0351e-01  8.5176e-01  2.7451e+00
 MINUIT WARNING IN HESSE   
 ============== MATRIX FORCED POS-DEF BY ADDING 0.003152 TO DIAGONAL.
 MIGRAD TERMINATED WITHOUT CONVERGENCE.
 FCN=-2.3786e+11 FROM MIGRAD    STATUS=FAILED        178 CALLS         179 TOTAL
                     EDM=4.68109    STRATEGY= 1      ERR MATRIX NOT POS-DEF
  EXT PARAMETER                APPROXIMATE        STEP         FIRST   
  NO.   NAME      VALUE            ERROR          SIZE      DERIVATIVE 
   1  norm         5.58935e+05   9.73101e+01   1.72559e+03  -7.13665e-02
   2  Q            5.65004e-01   3.16668e-05   9.41943e-05  -2.21302e+05
   3  theta       -2.09334e-03   1.01200e-03   1.07624e-01  -5.95932e+02
   4  pileup       9.99960e-04   1.02642e-07   2.09862e-05   3.00748e+07
 EXTERNAL ERROR MATRIX.    NDIM=  25    NPAR=  4    ERR DEF=1
  9.469e+03 -3.068e-03 -1.942e-02 -6.515e-07 
 -3.068e-03  1.003e-09  7.838e-09  1.976e-13 
 -1.942e-02  7.838e-09  1.024e-06  4.273e-11 
 -6.515e-07  1.976e-13  4.273e-11  1.054e-14 
ERR MATRIX NOT POS-DEF
 PARAMETER  CORRELATION COEFFICIENTS  
       NO.  GLOBAL      1      2      3      4
        1  0.99723   1.000 -0.996 -0.197 -0.065
        2  0.99730  -0.996  1.000  0.245  0.061
        3  0.70083  -0.197  0.245  1.000  0.411
        4  0.51485  -0.065  0.061  0.411  1.000
 ERR MATRIX NOT POS-DEF
 **********
 **    2 **MIGRAD 
 **********
 START MIGRAD MINIMIZATION.  STRATEGY  1.  CONVERGENCE WHEN EDM .LT. 1.00e-04
 FCN=-2.3786e+11 FROM MIGRAD    STATUS=INITIATE       10 CALLS         189 TOTAL
                     EDM=59.7239    STRATEGY= 1      ERR MATRIX NOT POS-DEF
  EXT PARAMETER                APPROXIMATE        STEP         FIRST   
  NO.   NAME      VALUE            ERROR          SIZE      DERIVATIVE 
   1  norm         5.58935e+05   9.73101e+01   1.72559e+03  -8.16011e-02
   2  Q            5.65004e-01   3.16668e-05   9.41943e-05  -2.20983e+05
   3  theta       -2.09334e-03   1.01200e-03   1.07624e-01  -1.59422e+04
   4  pileup       9.99960e-04   1.02642e-07   2.09862e-05   2.55655e+07
 MIGRAD FAILS TO FIND IMPROVEMENT
 MACHINE ACCURACY LIMITS FURTHER IMPROVEMENT.
 MIGRAD MINIMIZATION HAS CONVERGED.
 MIGRAD WILL VERIFY CONVERGENCE AND ERROR MATRIX.
 EIGENVALUES OF SECOND-DERIVATIVE MATRIX:
        -4.7895e-04  4.0335e-01  8.5209e-01  2.7450e+00
 MINUIT WARNING IN HESSE   
 ============== MATRIX FORCED POS-DEF BY ADDING 0.003224 TO DIAGONAL.
 FCN=-2.3786e+11 FROM HESSE     STATUS=NOT POSDEF     29 CALLS         229 TOTAL
                     EDM=2.34962    STRATEGY= 1      ERR MATRIX NOT POS-DEF
  EXT PARAMETER                APPROXIMATE        STEP         FIRST   
  NO.   NAME      VALUE            ERROR          SIZE      DERIVATIVE 
   1  norm         5.58935e+05   9.74087e+01   6.90237e+02  -7.12767e-02
   2  Q            5.65004e-01   3.16387e-05   1.88389e-04  -2.21295e+05
   3  theta       -2.09334e-03   1.00878e-03   1.07218e-01  -5.91100e+02
   4  pileup       9.99960e-04   1.02728e-07   8.39446e-06   3.01129e+07
 MINUIT WARNING IN MIGRAD  
 ============== Negative diagonal element 2 in Error Matrix
 MINUIT WARNING IN MIGRAD  
 ============== Negative diagonal element 3 in Error Matrix
 MINUIT WARNING IN MIGRAD  
 ============== 1 added to diagonal of error matrix
 MIGRAD FAILS TO FIND IMPROVEMENT
 MACHINE ACCURACY LIMITS FURTHER IMPROVEMENT.
 MIGRAD MINIMIZATION HAS CONVERGED.
 MIGRAD WILL VERIFY CONVERGENCE AND ERROR MATRIX.
 EIGENVALUES OF SECOND-DERIVATIVE MATRIX:
        -6.2058e-03  5.0083e-01  6.6715e-01  2.8382e+00
 MINUIT WARNING IN HESSE   
 ============== MATRIX FORCED POS-DEF BY ADDING 0.009044 TO DIAGONAL.
 MIGRAD TERMINATED WITHOUT CONVERGENCE.
 FCN=-2.3786e+11 FROM MIGRAD    STATUS=FAILED        204 CALLS         383 TOTAL
                     EDM=60.1229    STRATEGY= 1      ERR MATRIX NOT POS-DEF
  EXT PARAMETER                APPROXIMATE        STEP         FIRST   
  NO.   NAME      VALUE            ERROR          SIZE      DERIVATIVE 
   1  norm         5.58938e+05   1.04120e+01   1.72573e+03  -2.01478e-02
   2  Q            5.65005e-01   5.23921e-06   5.54962e-04  -6.39627e+04
   3  theta       -2.22100e-03   5.92277e-03   1.73837e-01  -1.77243e+03
   4  pileup       9.99823e-04   1.21689e-07   2.09854e-05   2.88392e+05
 EXTERNAL ERROR MATRIX.    NDIM=  25    NPAR=  4    ERR DEF=1
  1.084e+02  2.775e-05  3.403e-02 -3.869e-07 
  2.775e-05  2.745e-11  3.087e-08 -3.438e-13 
  3.403e-02  3.087e-08  3.508e-05 -3.607e-10 
 -3.869e-07 -3.438e-13 -3.607e-10  1.481e-14 
ERR MATRIX NOT POS-DEF
 PARAMETER  CORRELATION COEFFICIENTS  
       NO.  GLOBAL      1      2      3      4
        1  0.72106   1.000  0.509  0.552 -0.305
        2  0.99717   0.509  1.000  0.995 -0.539
        3  0.99719   0.552  0.995  1.000 -0.500
        4  0.69303  -0.305 -0.539 -0.500  1.000
 ERR MATRIX NOT POS-DEF
status of the fit-----000------4
1  558938
2  0.565005
3  -0.002221
4  0.000999823
 PARAMETER DEFINITIONS:
    NO.   NAME         VALUE      STEP SIZE      LIMITS
     1 norm         5.58938e+05  1.00000e-01     no limits
     2 Q            5.65005e-01  1.00000e-01     no limits
     3 theta       -2.22100e-03  1.00000e-01     no limits
     4 pileup       9.99823e-04  1.00000e-01     no limits
 **********
 **    3 **MIGRAD
 **********
 FIRST CALL TO USER FUNCTION AT NEW START POINT, WITH IFLAG=4.
 START MIGRAD MINIMIZATION.  STRATEGY  1.  CONVERGENCE WHEN EDM .LT. 1.00e-04
 FCN=-2.3786e+11 FROM MIGRAD    STATUS=INITIATE       14 CALLS         398 TOTAL
                     EDM= unknown      STRATEGY= 1      NO ERROR MATRIX       
  EXT PARAMETER               CURRENT GUESS       STEP         FIRST   
  NO.   NAME      VALUE            ERROR          SIZE      DERIVATIVE 
   1  norm         5.58938e+05   1.00000e-01   1.00000e-01  -2.00037e-02
   2  Q            5.65005e-01   1.00000e-01   1.00000e-01   6.15582e+06
   3  theta       -2.22100e-03   1.00000e-01   1.00000e-01  -1.47429e+04
   4  pileup       9.99823e-04   1.00000e-01   1.00000e-01  -9.18050e+11
 MIGRAD FAILS TO FIND IMPROVEMENT
 COVARIANCE MATRIX CALCULATED SUCCESSFULLY
 FCN=-2.3786e+11 FROM HESSE     STATUS=OK             29 CALLS         438 TOTAL
                     EDM=0.30737    STRATEGY= 1      ERROR MATRIX ACCURATE 
  EXT PARAMETER                                   STEP         FIRST   
  NO.   NAME      VALUE            ERROR          SIZE      DERIVATIVE 
   1  norm         5.58938e+05   3.40238e+01   2.66522e+00  -2.00666e-02
   2  Q            5.65005e-01   2.93988e-06   1.00000e-03  -6.39606e+04
   3  theta       -2.22100e-03   2.49526e-03   1.00000e-01  -5.83910e+02
   4  pileup       9.99823e-04   9.24331e-08   1.00000e-02  -2.58696e+05
 MINUIT WARNING IN MIGRAD  
 ============== Negative diagonal element 2 in Error Matrix
 MINUIT WARNING IN MIGRAD  
 ============== 1 added to diagonal of error matrix
 MIGRAD FAILS TO FIND IMPROVEMENT
 MIGRAD TERMINATED WITHOUT CONVERGENCE.
 FCN=-2.3786e+11 FROM MIGRAD    STATUS=FAILED        102 CALLS         486 TOTAL
                     EDM=138078    STRATEGY= 1  ERROR MATRIX UNCERTAINTY 100.0 per cent
  EXT PARAMETER                APPROXIMATE        STEP         FIRST   
  NO.   NAME      VALUE            ERROR          SIZE      DERIVATIVE 
   1  norm         5.58938e+05   7.72764e+00   0.00000e+00   1.02451e-03
   2  Q            5.65005e-01   1.00000e+00  -0.00000e+00   3.89588e+08
   3  theta       -2.21967e-03   1.00000e+00   0.00000e+00  -1.45643e+04
   4  pileup       9.99822e-04   1.00000e+00   0.00000e+00  -2.77028e+07
 EXTERNAL ERROR MATRIX.    NDIM=  25    NPAR=  4    ERR DEF=1
  5.972e+01  1.116e-09  4.552e-04 -2.205e-07 
  1.116e-09  1.000e+00  4.086e-14 -1.980e-17 
  4.552e-04  4.086e-14  1.000e+00 -1.619e-11 
 -2.205e-07 -1.980e-17 -1.619e-11  1.000e+00 
ERR MATRIX APPROXIMATE
 PARAMETER  CORRELATION COEFFICIENTS  
       NO.  GLOBAL      1      2      3      4
        1  0.00006   1.000  0.000  0.000 -0.000
        2  0.00000   0.000  1.000  0.000 -0.000
        3  0.00006   0.000  0.000  1.000 -0.000
        4  0.00000  -0.000 -0.000 -0.000  1.000
 ERR MATRIX APPROXIMATE
 **********
 **    4 **MIGRAD 
 **********
 START MIGRAD MINIMIZATION.  STRATEGY  1.  CONVERGENCE WHEN EDM .LT. 1.00e-04
 FCN=-2.3786e+11 FROM MIGRAD    STATUS=INITIATE       14 CALLS         500 TOTAL
                     EDM=1.097e+15    STRATEGY= 1  ERROR MATRIX UNCERTAINTY 100.0 per cent
  EXT PARAMETER                APPROXIMATE        STEP         FIRST   
  NO.   NAME      VALUE            ERROR          SIZE      DERIVATIVE 
   1  norm         5.58938e+05   7.72764e+00   0.00000e+00  -5.07989e-03
   2  Q            5.65005e-01   1.00000e+00  -0.00000e+00   1.80934e+03
   3  theta       -2.21967e-03   1.00000e+00   0.00000e+00  -1.44724e+04
   4  pileup       9.99822e-04   1.00000e+00   0.00000e+00  -2.77030e+07
 MIGRAD FAILS TO FIND IMPROVEMENT
 EIGENVALUES OF SECOND-DERIVATIVE MATRIX:
        -2.7716e-04  4.1139e-01  8.5178e-01  2.7371e+00
 MINUIT WARNING IN HESSE   
 ============== MATRIX FORCED POS-DEF BY ADDING 0.003014 TO DIAGONAL.
 FCN=-2.3786e+11 FROM HESSE     STATUS=NOT POSDEF     29 CALLS         540 TOTAL
                     EDM=0.0886713    STRATEGY= 1      ERR MATRIX NOT POS-DEF
  EXT PARAMETER                APPROXIMATE        STEP         FIRST   
  NO.   NAME      VALUE            ERROR          SIZE      DERIVATIVE 
   1  norm         5.58938e+05   9.75523e+01   5.33045e+02   1.08062e-03
   2  Q            5.65005e-01   3.16828e-05   9.42173e-05   1.72642e+03
   3  theta       -2.21967e-03   1.08041e-03   9.91292e-02  -5.68259e+02
   4  pileup       9.99822e-04   1.02327e-07   2.09854e-05   7.32406e+05
 MIGRAD FAILS TO FIND IMPROVEMENT
 MACHINE ACCURACY LIMITS FURTHER IMPROVEMENT.
 MIGRAD MINIMIZATION HAS CONVERGED.
 MIGRAD WILL VERIFY CONVERGENCE AND ERROR MATRIX.
 EIGENVALUES OF SECOND-DERIVATIVE MATRIX:
        -1.0128e-02  3.5926e-01  8.4275e-01  2.8081e+00
 MINUIT WARNING IN HESSE   
 ============== MATRIX FORCED POS-DEF BY ADDING 0.012936 TO DIAGONAL.
 MIGRAD TERMINATED WITHOUT CONVERGENCE.
 FCN=-2.3786e+11 FROM MIGRAD    STATUS=FAILED        100 CALLS         586 TOTAL
                     EDM=0.00400086    STRATEGY= 1      ERR MATRIX NOT POS-DEF
  EXT PARAMETER                APPROXIMATE        STEP         FIRST   
  NO.   NAME      VALUE            ERROR          SIZE      DERIVATIVE 
   1  norm         5.58938e+05   9.04446e+01   2.13218e+01   1.09493e-03
   2  Q            5.65005e-01   3.23779e-05   1.88435e-05   1.73290e+03
   3  theta       -2.21967e-03   8.03658e-04   2.91405e-01  -1.07051e+02
   4  pileup       9.99822e-04   1.31711e-07   8.39414e-07   7.78469e+05
 EXTERNAL ERROR MATRIX.    NDIM=  25    NPAR=  4    ERR DEF=1
  8.180e+03 -2.914e-03 -6.298e-02 -7.389e-06 
 -2.914e-03  1.048e-09  2.325e-08  2.647e-12 
 -6.298e-02  2.325e-08  6.459e-07  7.494e-11 
 -7.389e-06  2.647e-12  7.494e-11  1.735e-14 
ERR MATRIX NOT POS-DEF
 PARAMETER  CORRELATION COEFFICIENTS  
       NO.  GLOBAL      1      2      3      4
        1  0.99683   1.000 -0.995 -0.866 -0.620
        2  0.99744  -0.995  1.000  0.894  0.621
        3  0.94535  -0.866  0.894  1.000  0.708
        4  0.74700  -0.620  0.621  0.708  1.000
 ERR MATRIX NOT POS-DEF
status of the fit-----000------4
1  558938
2  0.565005
3  -0.00221967
4  0.000999822
 PARAMETER DEFINITIONS:
    NO.   NAME         VALUE      STEP SIZE      LIMITS
     1 norm         5.58938e+05  1.00000e-01     no limits
     2 Q            5.65005e-01  1.00000e-01     no limits
     3 theta       -2.21967e-03  1.00000e-01     no limits
     4 pileup       9.99822e-04  1.00000e-01     no limits
 **********
 **    5 **MIGRAD
 **********
 FIRST CALL TO USER FUNCTION AT NEW START POINT, WITH IFLAG=4.
 START MIGRAD MINIMIZATION.  STRATEGY  1.  CONVERGENCE WHEN EDM .LT. 1.00e-04
 FCN=-2.3786e+11 FROM MIGRAD    STATUS=INITIATE       14 CALLS         601 TOTAL
                     EDM= unknown      STRATEGY= 1      NO ERROR MATRIX       
  EXT PARAMETER               CURRENT GUESS       STEP         FIRST   
  NO.   NAME      VALUE            ERROR          SIZE      DERIVATIVE 
   1  norm         5.58938e+05   1.00000e-01   1.00000e-01   1.08778e-03
   2  Q            5.65005e-01   1.00000e-01   1.00000e-01   6.47262e+06
   3  theta       -2.21967e-03   1.00000e-01   1.00000e-01  -1.47290e+04
   4  pileup       9.99822e-04   1.00000e-01   1.00000e-01  -9.18049e+11
 MIGRAD FAILS TO FIND IMPROVEMENT
 COVARIANCE MATRIX CALCULATED SUCCESSFULLY
 FCN=-2.3786e+11 FROM HESSE     STATUS=OK             29 CALLS         641 TOTAL
                     EDM=0.550481    STRATEGY= 1      ERROR MATRIX ACCURATE 
  EXT PARAMETER                                   STEP         FIRST   
  NO.   NAME      VALUE            ERROR          SIZE      DERIVATIVE 
   1  norm         5.58938e+05   3.42891e+01   2.66523e+00   1.20228e-03
   2  Q            5.65005e-01   2.96361e-06   1.00000e-03   1.73277e+03
   3  theta       -2.21967e-03   2.51378e-03   1.00000e-01  -5.78436e+02
   4  pileup       9.99822e-04   9.24331e-08   1.00000e-02   1.85234e+05
 MIGRAD FAILS TO FIND IMPROVEMENT
 MACHINE ACCURACY LIMITS FURTHER IMPROVEMENT.
 MIGRAD MINIMIZATION HAS CONVERGED.
 FCN=-2.3786e+11 FROM MIGRAD    STATUS=CONVERGED      65 CALLS         652 TOTAL
                     EDM=0.550481    STRATEGY= 1      ERROR MATRIX ACCURATE 
  EXT PARAMETER                                   STEP         FIRST   
  NO.   NAME      VALUE            ERROR          SIZE      DERIVATIVE 
   1  norm         5.58938e+05   3.42891e+01  -0.00000e+00   1.20228e-03
   2  Q            5.65005e-01   2.96361e-06   0.00000e+00   1.73277e+03
   3  theta       -2.21967e-03   2.51378e-03   0.00000e+00  -5.78436e+02
   4  pileup       9.99822e-04   9.24331e-08  -0.00000e+00   1.85234e+05
 EXTERNAL ERROR MATRIX.    NDIM=  25    NPAR=  4    ERR DEF=1
  1.176e+03 -9.804e-05 -7.183e-02  2.048e-08 
 -9.804e-05  8.783e-12  6.879e-09 -1.045e-14 
 -7.183e-02  6.879e-09  6.319e-06  4.431e-13 
  2.048e-08 -1.045e-14  4.431e-13  8.544e-15 
 PARAMETER  CORRELATION COEFFICIENTS  
       NO.  GLOBAL      1      2      3      4
        1  0.97741   1.000 -0.965 -0.833  0.006
        2  0.98929  -0.965  1.000  0.923 -0.038
        3  0.95111  -0.833  0.923  1.000  0.002
        4  0.23231   0.006 -0.038  0.002  1.000
 **********
 **    6 **MIGRAD 
 **********
 START MIGRAD MINIMIZATION.  STRATEGY  1.  CONVERGENCE WHEN EDM .LT. 1.00e-04
 FCN=-2.3786e+11 FROM MIGRAD    STATUS=INITIATE       10 CALLS         662 TOTAL
                     EDM=340.853    STRATEGY= 1      ERROR MATRIX ACCURATE 
  EXT PARAMETER                                   STEP         FIRST   
  NO.   NAME      VALUE            ERROR          SIZE      DERIVATIVE 
   1  norm         5.58938e+05   3.42891e+01  -0.00000e+00   1.08778e-03
   2  Q            5.65005e-01   2.96361e-06   0.00000e+00   1.82499e+03
   3  theta       -2.21967e-03   2.51378e-03   0.00000e+00  -1.46380e+04
   4  pileup       9.99822e-04   9.24331e-08  -0.00000e+00  -2.88669e+07
 MIGRAD FAILS TO FIND IMPROVEMENT
 MACHINE ACCURACY LIMITS FURTHER IMPROVEMENT.
 MIGRAD MINIMIZATION HAS CONVERGED.
 FCN=-2.3786e+11 FROM MIGRAD    STATUS=CONVERGED      21 CALLS         673 TOTAL
                     EDM=340.853    STRATEGY= 1      ERROR MATRIX ACCURATE 
  EXT PARAMETER                                   STEP         FIRST   
  NO.   NAME      VALUE            ERROR          SIZE      DERIVATIVE 
   1  norm         5.58938e+05   3.42891e+01  -0.00000e+00   1.08778e-03
   2  Q            5.65005e-01   2.96361e-06   0.00000e+00   1.82499e+03
   3  theta       -2.21967e-03   2.51378e-03   0.00000e+00  -1.46380e+04
   4  pileup       9.99822e-04   9.24331e-08   0.00000e+00  -2.88669e+07
 EXTERNAL ERROR MATRIX.    NDIM=  25    NPAR=  4    ERR DEF=1
  1.176e+03 -9.804e-05 -7.183e-02  2.048e-08 
 -9.804e-05  8.783e-12  6.879e-09 -1.045e-14 
 -7.183e-02  6.879e-09  6.319e-06  4.431e-13 
  2.048e-08 -1.045e-14  4.431e-13  8.544e-15 
 PARAMETER  CORRELATION COEFFICIENTS  
       NO.  GLOBAL      1      2      3      4
        1  0.97741   1.000 -0.965 -0.833  0.006
        2  0.98929  -0.965  1.000  0.923 -0.038
        3  0.95111  -0.833  0.923  1.000  0.002
        4  0.23231   0.006 -0.038  0.002  1.000
status of the fit-----000------0
1  558938
2  0.565005
3  -0.00221967
4  0.000999822
