  *******************************************
  *                                         *
  *        W E L C O M E  to  R O O T       *
  *                                         *
  *   Version   5.34/36      5 April 2016   *
  *                                         *
  *  You are welcome to visit our Web site  *
  *          http://root.cern.ch            *
  *                                         *
  *******************************************

ROOT 5.34/36 (v5-34-36@v5-34-36, Apr 05 2016, 10:25:45 on linuxx8664gcc)

CINT/ROOT C/C++ Interpreter version 5.18.00, July 2, 2010
Type ? for help. Commands must be C++ statements.
Enclose multiple statements between { }.
Loading root init file.
The rat/rootinit.C file loaded the DEAP style for you, which is available from the fStyle pointer.
DEAP style applied. 
RAT: Libraries loaded.

Processing /home/fatemigh/projects/rpp-jillings/fatemigh/sterile/Likelihood/LikelihoodSterile_modified6.C+(141)...
pased here
566 lines read from file
31
spec_E  566
Before entering fitting
 **********
 **    1 **SET PRINT           2
 **********
 **********
 **    2 **SET NOGRAD
 **********
 PARAMETER DEFINITIONS:
    NO.   NAME         VALUE      STEP SIZE      LIMITS
     1 p0           5.58000e+05  1.67400e+05     no limits
     2 p1           5.65000e-01  1.69500e-01     no limits
     3 p2           0.00000e+00  3.00000e-01     no limits
     4 p3           9.99871e-04  2.99961e-04     no limits
 **********
 **    3 **SET ERR         0.5
 **********
 **********
 **    4 **SET PRINT           2
 **********
 **********
 **    5 **SET STR           1
 **********
 NOW USING STRATEGY  1: TRY TO BALANCE SPEED AGAINST RELIABILITY
 **********
 **    6 **MIGRAD        1480        0.01
 **********
 FIRST CALL TO USER FUNCTION AT NEW START POINT, WITH IFLAG=4.
 START MIGRAD MINIMIZATION.  STRATEGY  1.  CONVERGENCE WHEN EDM .LT. 1.00e-05
 FCN=17302.1 FROM MIGRAD    STATUS=INITIATE       18 CALLS          19 TOTAL
                     EDM= unknown      STRATEGY= 1      NO ERROR MATRIX       
  EXT PARAMETER               CURRENT GUESS       STEP         FIRST   
  NO.   NAME      VALUE            ERROR          SIZE      DERIVATIVE 
   1  p0           5.58000e+05   1.67400e+05   1.67400e+05  -3.62638e+01
   2  p1           5.65000e-01   1.69500e-01   1.69500e-01  -1.12571e+08
   3  p2           0.00000e+00   3.00000e-01   3.00000e-01   2.08541e+06
   4  p3           9.99871e-04   2.99961e-04   2.99961e-04  -1.00324e+09
                               ERR DEF= 0.5
NO ERROR MATRIX       
 FCN=1297.61 FROM MIGRAD    STATUS=PROGRESS       36 CALLS          37 TOTAL
                     EDM=3881.83    STRATEGY= 1      NO ERROR MATRIX       
  EXT PARAMETER               CURRENT GUESS       STEP         FIRST   
  NO.   NAME      VALUE            ERROR          SIZE      DERIVATIVE 
   1  p0           5.58354e+05   1.67400e+05   3.54425e+02  -2.50442e+00
   2  p1           5.65114e-01   1.69500e-01   1.14295e-04  -7.71686e+06
   3  p2          -2.35603e-03   3.00000e-01  -2.35603e-03  -4.70569e+05
   4  p3           1.00132e-03   2.99961e-04   1.45366e-06   4.93453e+08
                               ERR DEF= 0.5
 MIGRAD MINIMIZATION HAS CONVERGED.
 MIGRAD WILL VERIFY CONVERGENCE AND ERROR MATRIX.
   START COVARIANCE MATRIX CALCULATION.
 EIGENVALUES OF SECOND-DERIVATIVE MATRIX:
        -4.2792e-04  3.6722e-01  8.4978e-01  2.7834e+00
 MINUIT WARNING IN HESSE   
 ============== MATRIX FORCED POS-DEF BY ADDING 0.003211 TO DIAGONAL.
 FCN=73.3746 FROM HESSE     STATUS=NOT POSDEF     31 CALLS         101 TOTAL
                     EDM=3.89368e-05    STRATEGY= 1      ERR MATRIX NOT POS-DEF
  EXT PARAMETER                APPROXIMATE        STEP         FIRST   
  NO.   NAME      VALUE            ERROR          SIZE      DERIVATIVE 
   1  p0           5.58476e+05   6.85355e+01   2.66302e-01  -5.95453e-05
   2  p1           5.65153e-01   2.21699e-05   2.69486e-07   1.77100e+02
   3  p2          -2.20253e-05   7.70365e-05   3.48674e-07  -6.85008e+01
   4  p3           9.99809e-04   7.93547e-08   4.76746e-10   1.14194e+04
                               ERR DEF= 0.5
 PARAMETER  CORRELATION COEFFICIENTS  
       NO.  GLOBAL      1      2      3      4
        1  0.99721   1.000 -0.996 -0.121 -0.140
        2  0.99724  -0.996  1.000  0.169  0.137
        3  0.71401  -0.121  0.169  1.000  0.476
        4  0.57434  -0.140  0.137  0.476  1.000
 ERR MATRIX NOT POS-DEF
 FCN=73.3745 FROM MIGRAD    STATUS=PROGRESS      115 CALLS         116 TOTAL
                     EDM=0.000134809    STRATEGY= 1      ERR MATRIX NOT POS-DEF
  EXT PARAMETER                APPROXIMATE        STEP         FIRST   
  NO.   NAME      VALUE            ERROR          SIZE      DERIVATIVE 
   1  p0           5.58477e+05   6.85355e+01   1.71914e+00  -6.28323e-05
   2  p1           5.65153e-01   2.21699e-05  -5.37137e-07   1.55451e+02
   3  p2          -2.10724e-05   7.70365e-05   9.52977e-07   1.99909e+02
   4  p3           9.99809e-04   7.93547e-08   1.32372e-10  -6.80096e+04
                               ERR DEF= 0.5
 MIGRAD FAILS TO FIND IMPROVEMENT
 MIGRAD TERMINATED WITHOUT CONVERGENCE.
 FCN=73.3573 FROM MIGRAD    STATUS=FAILED        206 CALLS         207 TOTAL
                     EDM=2.79368e-05    STRATEGY= 1      ERR MATRIX NOT POS-DEF
  EXT PARAMETER                APPROXIMATE        STEP         FIRST   
  NO.   NAME      VALUE            ERROR          SIZE      DERIVATIVE 
   1  p0           5.58757e+05   2.25082e+02   0.00000e+00   1.07800e-04
   2  p1           5.65062e-01   7.30980e-05  -0.00000e+00   3.40723e+02
   3  p2          -3.74847e-05   6.20464e-05  -0.00000e+00  -6.64250e+00
   4  p3           9.99808e-04   5.58243e-08  -0.00000e+00   1.07641e+04
                               ERR DEF= 0.5
 EXTERNAL ERROR MATRIX.    NDIM=  25    NPAR=  4    ERR DEF=0.5
  5.066e+04 -1.645e-02 -9.580e-03 -2.206e-06 
 -1.645e-02  5.343e-09  3.091e-09  6.643e-13 
 -9.580e-03  3.091e-09  3.850e-09  1.916e-12 
 -2.206e-06  6.643e-13  1.916e-12  3.116e-15 
ERR MATRIX NOT POS-DEF
 PARAMETER  CORRELATION COEFFICIENTS  
       NO.  GLOBAL      1      2      3      4
        1  0.99998   1.000 -1.000 -0.686 -0.176
        2  0.99998  -1.000  1.000  0.682  0.163
        3  0.83703  -0.686  0.682  1.000  0.553
        4  0.91861  -0.176  0.163  0.553  1.000
 ERR MATRIX NOT POS-DEF
 FCN=73.3573 FROM MIGRAD    STATUS=FAILED        206 CALLS         207 TOTAL
                     EDM=2.79368e-05    STRATEGY= 1      ERR MATRIX NOT POS-DEF
  EXT PARAMETER                  PARABOLIC         MINOS ERRORS        
  NO.   NAME      VALUE            ERROR      NEGATIVE      POSITIVE   
   1  p0           5.58757e+05   2.25082e+02                            
   2  p1           5.65062e-01   7.30980e-05                            
   3  p2          -3.74847e-05   6.20464e-05                            
   4  p3           9.99808e-04   5.58243e-08                            
                               ERR DEF= 0.5
 **********
 **    7 **SET PRINT           2
 **********
 **********
 **    8 **SET NOGRAD
 **********
 PARAMETER DEFINITIONS:
    NO.   NAME         VALUE      STEP SIZE      LIMITS
     1 p0           5.58757e+05  2.25082e+02     no limits
     2 p1           5.65062e-01  7.30980e-05     no limits
     3 p2          -3.74847e-05  6.20464e-05     no limits
     4 p3           9.99808e-04  5.58243e-08     no limits
 **********
 **    9 **SET ERR         0.5
 **********
 **********
 **   10 **SET PRINT           2
 **********
 **********
 **   11 **SET STR           1
 **********
 NOW USING STRATEGY  1: TRY TO BALANCE SPEED AGAINST RELIABILITY
 **********
 **   12 **MIGRAD        1480        0.01
 **********
 FIRST CALL TO USER FUNCTION AT NEW START POINT, WITH IFLAG=4.
 START MIGRAD MINIMIZATION.  STRATEGY  1.  CONVERGENCE WHEN EDM .LT. 1.00e-05
 FCN=73.3573 FROM MIGRAD    STATUS=INITIATE       14 CALLS          15 TOTAL
                     EDM= unknown      STRATEGY= 1      NO ERROR MATRIX       
  EXT PARAMETER               CURRENT GUESS       STEP         FIRST   
  NO.   NAME      VALUE            ERROR          SIZE      DERIVATIVE 
   1  p0           5.58757e+05   2.25082e+02   2.25082e+02   1.07800e-04
   2  p1           5.65062e-01   7.30980e-05   7.30980e-05   3.40723e+02
   3  p2          -3.74847e-05   6.20464e-05   6.20464e-05  -1.90625e+00
   4  p3           9.99808e-04   5.58243e-08   5.58243e-08   7.71542e+03
                               ERR DEF= 0.5
NO ERROR MATRIX       
 FCN=73.3573 FROM MIGRAD    STATUS=PROGRESS       26 CALLS          27 TOTAL
                     EDM=1.42548e-06    STRATEGY= 1      NO ERROR MATRIX       
  EXT PARAMETER               CURRENT GUESS       STEP         FIRST   
  NO.   NAME      VALUE            ERROR          SIZE      DERIVATIVE 
   1  p0           5.58757e+05   2.25082e+02  -1.54787e-05   1.04115e-04
   2  p1           5.65062e-01   7.30980e-05  -5.07621e-12   3.36249e+02
   3  p2          -3.74847e-05   6.20464e-05   2.91154e-11  -4.29896e+00
   4  p3           9.99808e-04   5.58243e-08  -1.54527e-13   4.39103e+03
                               ERR DEF= 0.5
 MIGRAD FAILS TO FIND IMPROVEMENT
 MIGRAD MINIMIZATION HAS CONVERGED.
 MIGRAD WILL VERIFY CONVERGENCE AND ERROR MATRIX.
   START COVARIANCE MATRIX CALCULATION.
 EIGENVALUES OF SECOND-DERIVATIVE MATRIX:
         1.5354e-03  4.2446e-01  8.6895e-01  2.7051e+00
 COVARIANCE MATRIX CALCULATED SUCCESSFULLY
 FCN=73.3573 FROM MIGRAD    STATUS=CONVERGED      57 CALLS          58 TOTAL
                     EDM=1.6913e-06    STRATEGY= 1      ERROR MATRIX ACCURATE 
  EXT PARAMETER                                   STEP         FIRST   
  NO.   NAME      VALUE            ERROR          SIZE      DERIVATIVE 
   1  p0           5.58757e+05   9.20047e+01   2.66436e-01   1.03926e-04
   2  p1           5.65062e-01   2.98859e-05   2.69443e-07   3.34442e+02
   3  p2          -3.74847e-05   7.13114e-05   3.13158e-07   5.60681e+00
   4  p3           9.99808e-04   6.83872e-08   4.76746e-10   9.53018e+03
                               ERR DEF= 0.5
 EXTERNAL ERROR MATRIX.    NDIM=  25    NPAR=  4    ERR DEF=0.5
  8.465e+03 -2.743e-03 -1.078e-03  2.331e-07 
 -2.743e-03  8.932e-10  4.251e-10 -8.244e-14 
 -1.078e-03  4.251e-10  5.085e-09  1.829e-12 
  2.331e-07 -8.244e-14  1.829e-12  4.677e-15 
 PARAMETER  CORRELATION COEFFICIENTS  
       NO.  GLOBAL      1      2      3      4
        1  0.99845   1.000 -0.998 -0.164  0.037
        2  0.99848  -0.998  1.000  0.199 -0.040
        3  0.68010  -0.164  0.199  1.000  0.375
        4  0.48876   0.037 -0.040  0.375  1.000
 EXTERNAL ERROR MATRIX.    NDIM=   4    NPAR=  4    ERR DEF=0.5
  8.465e+03 -2.743e-03 -1.078e-03  2.331e-07 
 -2.743e-03  8.932e-10  4.251e-10 -8.244e-14 
 -1.078e-03  4.251e-10  5.085e-09  1.829e-12 
  2.331e-07 -8.244e-14  1.829e-12  4.677e-15 
 FCN=73.3573 FROM MIGRAD    STATUS=CONVERGED      57 CALLS          58 TOTAL
                     EDM=1.6913e-06    STRATEGY= 1      ERROR MATRIX ACCURATE 
  EXT PARAMETER                  PARABOLIC         MINOS ERRORS        
  NO.   NAME      VALUE            ERROR      NEGATIVE      POSITIVE   
   1  p0           5.58757e+05   9.20047e+01                            
   2  p1           5.65062e-01   2.98859e-05                            
   3  p2          -3.74847e-05   7.13114e-05                            
   4  p3           9.99808e-04   6.83872e-08                            
                               ERR DEF= 0.5
------------------------------------------
Enering ROOFIt-------
 PARAMETER DEFINITIONS:
    NO.   NAME         VALUE      STEP SIZE      LIMITS
     1 norm         5.58757e+05  1.00000e-01     no limits
     2 Q            5.65000e-01  1.00000e-01     no limits
     3 theta        0.00000e+00  1.00000e-01     no limits
     4 pileup       9.99808e-04  1.00000e-01     no limits
 **********
 **    1 **MIGRAD
 **********
 FIRST CALL TO USER FUNCTION AT NEW START POINT, WITH IFLAG=4.
 START MIGRAD MINIMIZATION.  STRATEGY  1.  CONVERGENCE WHEN EDM .LT. 1.00e-04
 FCN=-2.3786e+11 FROM MIGRAD    STATUS=INITIATE       16 CALLS          17 TOTAL
                     EDM= unknown      STRATEGY= 1      NO ERROR MATRIX       
  EXT PARAMETER               CURRENT GUESS       STEP         FIRST   
  NO.   NAME      VALUE            ERROR          SIZE      DERIVATIVE 
   1  norm         5.58757e+05   1.00000e-01   1.00000e-01  -7.43960e+00
   2  Q            5.65000e-01   1.00000e-01   1.00000e-01  -1.08456e+08
   3  theta        0.00000e+00   1.00000e-01   1.00000e-01   4.52980e+05
   4  pileup       9.99808e-04   1.00000e-01   1.00000e-01  -9.18317e+11
 MIGRAD FAILS TO FIND IMPROVEMENT
 COVARIANCE MATRIX CALCULATED SUCCESSFULLY
 FCN=-2.3786e+11 FROM HESSE     STATUS=OK             27 CALLS          55 TOTAL
                     EDM=2.10279e+06    STRATEGY= 1      ERROR MATRIX ACCURATE 
  EXT PARAMETER                                   STEP         FIRST   
  NO.   NAME      VALUE            ERROR          SIZE      DERIVATIVE 
   1  norm         5.58757e+05   3.26665e+02   2.66436e+00  -7.43963e+00
   2  Q            5.65000e-01   3.11907e-05   1.00000e-03  -2.31277e+07
   3  theta        0.00000e+00   2.72363e-03   1.85102e-02   4.38025e+05
   4  pileup       9.99808e-04   9.24622e-08   1.00000e-02  -2.12825e+08
 MINUIT WARNING IN MIGRAD  
 ============== Negative diagonal element 2 in Error Matrix
 MINUIT WARNING IN MIGRAD  
 ============== 1 added to diagonal of error matrix
 MIGRAD FAILS TO FIND IMPROVEMENT
 MIGRAD TERMINATED WITHOUT CONVERGENCE.
 FCN=-2.3786e+11 FROM MIGRAD    STATUS=FAILED         91 CALLS          92 TOTAL
                     EDM=1.27373e+08    STRATEGY= 1  ERROR MATRIX UNCERTAINTY 100.0 per cent
  EXT PARAMETER                APPROXIMATE        STEP         FIRST   
  NO.   NAME      VALUE            ERROR          SIZE      DERIVATIVE 
   1  norm         5.58989e+05   8.76144e+00   0.00000e+00  -2.22250e-02
   2  Q            5.64987e-01   1.00000e+00   0.00000e+00  -1.09711e+09
   3  theta       -1.34517e-04   1.00000e+00  -0.00000e+00   1.55146e+04
   4  pileup       9.99639e-04   1.00000e+00   0.00000e+00  -5.95804e+07
 EXTERNAL ERROR MATRIX.    NDIM=  25    NPAR=  4    ERR DEF=1
  7.676e+01  6.933e-08  5.926e-04 -1.162e-07 
  6.933e-08  1.000e+00 -6.063e-13 -5.923e-16 
  5.926e-04 -6.063e-13  1.000e+00  1.502e-12 
 -1.162e-07 -5.923e-16  1.502e-12  1.000e+00 
ERR MATRIX APPROXIMATE
 PARAMETER  CORRELATION COEFFICIENTS  
       NO.  GLOBAL      1      2      3      4
        1  0.00007   1.000  0.000  0.000 -0.000
        2  0.00000   0.000  1.000 -0.000 -0.000
        3  0.00007   0.000 -0.000  1.000  0.000
        4  0.00000  -0.000 -0.000  0.000  1.000
 ERR MATRIX APPROXIMATE
 **********
 **    2 **MIGRAD 
 **********
 START MIGRAD MINIMIZATION.  STRATEGY  1.  CONVERGENCE WHEN EDM .LT. 1.00e-04
 FCN=-2.3786e+11 FROM MIGRAD    STATUS=INITIATE       12 CALLS         104 TOTAL
                     EDM=3.35915e+17    STRATEGY= 1  ERROR MATRIX UNCERTAINTY 100.0 per cent
  EXT PARAMETER                APPROXIMATE        STEP         FIRST   
  NO.   NAME      VALUE            ERROR          SIZE      DERIVATIVE 
   1  norm         5.58989e+05   8.76144e+00   0.00000e+00  -2.83239e-02
   2  Q            5.64987e-01   1.00000e+00   0.00000e+00  -6.91287e+04
   3  theta       -1.34517e-04   1.00000e+00  -0.00000e+00   1.55008e+04
   4  pileup       9.99639e-04   1.00000e+00   0.00000e+00  -5.95622e+07
 MIGRAD FAILS TO FIND IMPROVEMENT
 EIGENVALUES OF SECOND-DERIVATIVE MATRIX:
        -6.5047e-04  3.6690e-01  8.4978e-01  2.7840e+00
 MINUIT WARNING IN HESSE   
 ============== MATRIX FORCED POS-DEF BY ADDING 0.003434 TO DIAGONAL.
 FCN=-2.3786e+11 FROM HESSE     STATUS=NOT POSDEF     29 CALLS         144 TOTAL
                     EDM=2.71024    STRATEGY= 1      ERR MATRIX NOT POS-DEF
  EXT PARAMETER                APPROXIMATE        STEP         FIRST   
  NO.   NAME      VALUE            ERROR          SIZE      DERIVATIVE 
   1  norm         5.58989e+05   9.60811e+01   5.32872e+02  -2.21785e-02
   2  Q            5.64987e-01   3.16025e-05   9.49758e-05  -6.92388e+04
   3  theta       -1.34517e-04   1.19572e-04   1.85096e-02  -7.49560e+01
   4  pileup       9.99639e-04   1.05197e-07   2.09830e-05  -3.11210e+07
 MIGRAD FAILS TO FIND IMPROVEMENT
 MACHINE ACCURACY LIMITS FURTHER IMPROVEMENT.
 MIGRAD MINIMIZATION HAS CONVERGED.
 MIGRAD WILL VERIFY CONVERGENCE AND ERROR MATRIX.
 EIGENVALUES OF SECOND-DERIVATIVE MATRIX:
        -7.2999e-04  3.6665e-01  8.5014e-01  2.7839e+00
 MINUIT WARNING IN HESSE   
 ============== MATRIX FORCED POS-DEF BY ADDING 0.003514 TO DIAGONAL.
 MIGRAD TERMINATED WITHOUT CONVERGENCE.
 FCN=-2.3786e+11 FROM MIGRAD    STATUS=FAILED        137 CALLS         229 TOTAL
                     EDM=0.0170317    STRATEGY= 1      ERR MATRIX NOT POS-DEF
  EXT PARAMETER                APPROXIMATE        STEP         FIRST   
  NO.   NAME      VALUE            ERROR          SIZE      DERIVATIVE 
   1  norm         5.58963e+05   9.60819e+01   1.72581e+03   2.97274e-03
   2  Q            5.64996e-01   3.16014e-05   9.41427e-05   8.96472e+03
   3  theta       -4.04462e-05   1.19389e-04   1.85156e-02   8.09457e+02
   4  pileup       9.99815e-04   1.05035e-07   2.09855e-05   1.03995e+06
 EXTERNAL ERROR MATRIX.    NDIM=  25    NPAR=  4    ERR DEF=1
  9.232e+03 -3.022e-03 -4.023e-03 -1.485e-06 
 -3.022e-03  9.986e-10  1.510e-09  4.860e-13 
 -4.023e-03  1.510e-09  1.425e-08  5.709e-12 
 -1.485e-06  4.860e-13  5.709e-12  1.103e-14 
ERR MATRIX NOT POS-DEF
 PARAMETER  CORRELATION COEFFICIENTS  
       NO.  GLOBAL      1      2      3      4
        1  0.99716   1.000 -0.995 -0.351 -0.147
        2  0.99729  -0.995  1.000  0.400  0.146
        3  0.75985  -0.351  0.400  1.000  0.455
        4  0.54642  -0.147  0.146  0.455  1.000
 ERR MATRIX NOT POS-DEF
status of the fit-----000------4
1  558963
2  0.564996
3  -4.04462e-05
4  0.000999815
 PARAMETER DEFINITIONS:
    NO.   NAME         VALUE      STEP SIZE      LIMITS
     1 norm         5.58963e+05  1.00000e-01     no limits
     2 Q            5.64996e-01  1.00000e-01     no limits
     3 theta       -4.04462e-05  1.00000e-01     no limits
     4 pileup       9.99815e-04  1.00000e-01     no limits
 **********
 **    3 **MIGRAD
 **********
 FIRST CALL TO USER FUNCTION AT NEW START POINT, WITH IFLAG=4.
 START MIGRAD MINIMIZATION.  STRATEGY  1.  CONVERGENCE WHEN EDM .LT. 1.00e-04
 FCN=-2.3786e+11 FROM MIGRAD    STATUS=INITIATE       16 CALLS         246 TOTAL
                     EDM= unknown      STRATEGY= 1      NO ERROR MATRIX       
  EXT PARAMETER               CURRENT GUESS       STEP         FIRST   
  NO.   NAME      VALUE            ERROR          SIZE      DERIVATIVE 
   1  norm         5.58963e+05   1.00000e-01   1.00000e-01   3.07999e-03
   2  Q            5.64996e-01   1.00000e-01   1.00000e-01   6.14597e+06
   3  theta       -4.04462e-05   1.00000e-01   1.00000e-01   1.63653e+04
   4  pileup       9.99815e-04   1.00000e-01   1.00000e-01  -9.18050e+11
 MIGRAD FAILS TO FIND IMPROVEMENT
 COVARIANCE MATRIX CALCULATED SUCCESSFULLY
 FCN=-2.3786e+11 FROM HESSE     STATUS=OK             29 CALLS         286 TOTAL
                     EDM=0.195587    STRATEGY= 1      ERROR MATRIX ACCURATE 
  EXT PARAMETER                                   STEP         FIRST   
  NO.   NAME      VALUE            ERROR          SIZE      DERIVATIVE 
   1  norm         5.58963e+05   1.89228e+02   2.66534e+00   2.97694e-03
   2  Q            5.64996e-01   1.80734e-05   1.00000e-03   8.96241e+03
   3  theta       -4.04462e-05   1.58156e-03   1.85063e-02   8.09451e+02
   4  pileup       9.99815e-04   9.24449e-08   1.00000e-02   4.92739e+05
 MIGRAD FAILS TO FIND IMPROVEMENT
 MACHINE ACCURACY LIMITS FURTHER IMPROVEMENT.
 MIGRAD MINIMIZATION HAS CONVERGED.
 MIGRAD WILL VERIFY CONVERGENCE AND ERROR MATRIX.
 EIGENVALUES OF SECOND-DERIVATIVE MATRIX:
        -6.5069e-04  3.6684e-01  8.4975e-01  2.7841e+00
 MINUIT WARNING IN HESSE   
 ============== MATRIX FORCED POS-DEF BY ADDING 0.003435 TO DIAGONAL.
 MIGRAD TERMINATED WITHOUT CONVERGENCE.
 FCN=-2.3786e+11 FROM MIGRAD    STATUS=FAILED        147 CALLS         377 TOTAL
                     EDM=0.00978707    STRATEGY= 1      ERR MATRIX NOT POS-DEF
  EXT PARAMETER                APPROXIMATE        STEP         FIRST   
  NO.   NAME      VALUE            ERROR          SIZE      DERIVATIVE 
   1  norm         5.58963e+05   9.60727e+01   5.33069e+02   2.95404e-03
   2  Q            5.64996e-01   3.16017e-05   9.41431e-05   8.79288e+03
   3  theta       -4.60348e-05   1.19657e-04   1.85156e-02  -2.85923e+02
   4  pileup       9.99815e-04   1.05218e-07   2.09855e-05   1.46062e+06
 EXTERNAL ERROR MATRIX.    NDIM=  25    NPAR=  4    ERR DEF=1
  9.230e+03 -3.022e-03 -4.093e-03 -1.596e-06 
 -3.022e-03  9.987e-10  1.533e-09  5.223e-13 
 -4.093e-03  1.533e-09  1.432e-08  5.771e-12 
 -1.596e-06  5.223e-13  5.771e-12  1.107e-14 
ERR MATRIX NOT POS-DEF
 PARAMETER  CORRELATION COEFFICIENTS  
       NO.  GLOBAL      1      2      3      4
        1  0.99716   1.000 -0.995 -0.356 -0.158
        2  0.99729  -0.995  1.000  0.405  0.157
        3  0.76107  -0.356  0.405  1.000  0.458
        4  0.54859  -0.158  0.157  0.458  1.000
 ERR MATRIX NOT POS-DEF
 **********
 **    4 **MIGRAD 
 **********
 START MIGRAD MINIMIZATION.  STRATEGY  1.  CONVERGENCE WHEN EDM .LT. 1.00e-04
 FCN=-2.3786e+11 FROM MIGRAD    STATUS=INITIATE        8 CALLS         385 TOTAL
                     EDM=0.0302272    STRATEGY= 1      ERR MATRIX NOT POS-DEF
  EXT PARAMETER                APPROXIMATE        STEP         FIRST   
  NO.   NAME      VALUE            ERROR          SIZE      DERIVATIVE 
   1  norm         5.58963e+05   9.60727e+01   5.33069e+02   1.97637e-03
   2  Q            5.64996e-01   3.16017e-05   9.41431e-05   9.16056e+03
   3  theta       -4.60348e-05   1.19657e-04   1.85156e-02   2.18438e+03
   4  pileup       9.99815e-04   1.05218e-07   2.09855e-05  -3.05000e+06
 MIGRAD FAILS TO FIND IMPROVEMENT
 COVARIANCE MATRIX CALCULATED SUCCESSFULLY
 FCN=-2.3786e+11 FROM HESSE     STATUS=OK             31 CALLS         448 TOTAL
                     EDM=0.00582147    STRATEGY= 1      ERROR MATRIX ACCURATE 
  EXT PARAMETER                                   STEP         FIRST   
  NO.   NAME      VALUE            ERROR          SIZE      DERIVATIVE 
   1  norm         5.58963e+05   1.01291e+01   1.72582e+03   2.85315e-03
   2  Q            5.64996e-01   1.25150e-06   5.54970e-04   8.78244e+03
   3  theta       -4.60547e-05   2.78786e-04   1.85159e-02  -2.91275e+02
   4  pileup       9.99815e-04   1.04365e-07   2.09868e-05   1.46666e+06
 MIGRAD FAILS TO FIND IMPROVEMENT
 MACHINE ACCURACY LIMITS FURTHER IMPROVEMENT.
 MIGRAD MINIMIZATION HAS CONVERGED.
 FCN=-2.3786e+11 FROM MIGRAD    STATUS=CONVERGED     126 CALLS         503 TOTAL
                     EDM=0.336746    STRATEGY= 1  ERROR MATRIX UNCERTAINTY   1.6 per cent
  EXT PARAMETER                                   STEP         FIRST   
  NO.   NAME      VALUE            ERROR          SIZE      DERIVATIVE 
   1  norm         5.58963e+05   9.08641e+00  -0.00000e+00  -6.33660e-02
   2  Q            5.64996e-01   2.31692e-09   0.00000e+00   3.56675e+03
   3  theta       -4.76386e-05   1.09270e-04   0.00000e+00   1.54188e+04
   4  pileup       9.99811e-04   7.15927e-08   0.00000e+00  -2.77489e+07
 EXTERNAL ERROR MATRIX.    NDIM=  25    NPAR=  4    ERR DEF=1
  8.256e+01 -2.758e-11  5.358e-04  1.073e-07 
 -2.758e-11  5.368e-18 -1.556e-16  4.405e-19 
  5.358e-04 -1.556e-16  1.194e-08  6.236e-12 
  1.073e-07  4.405e-19  6.236e-12  5.126e-15 
 PARAMETER  CORRELATION COEFFICIENTS  
       NO.  GLOBAL      1      2      3      4
        1  0.69588   1.000 -0.001  0.540  0.165
        2  0.00555  -0.001  1.000 -0.001  0.003
        3  0.89820   0.540 -0.001  1.000  0.797
        4  0.85720   0.165  0.003  0.797  1.000
status of the fit-----000------0
1  558963
2  0.564996
3  -4.76386e-05
4  0.000999811
 **********
 **   13 **SET PRINT           2
 **********
 **********
 **   14 **SET NOGRAD
 **********
 PARAMETER DEFINITIONS:
    NO.   NAME         VALUE      STEP SIZE      LIMITS
     1 p0           5.58000e+05  1.67400e+05     no limits
     2 p1           5.65000e-01  1.69500e-01     no limits
     3 p2           0.00000e+00  3.00000e-01     no limits
     4 p3           9.99871e-04  2.99961e-04     no limits
 **********
 **   15 **SET ERR         0.5
 **********
 **********
 **   16 **SET PRINT           2
 **********
 **********
 **   17 **SET STR           1
 **********
 NOW USING STRATEGY  1: TRY TO BALANCE SPEED AGAINST RELIABILITY
 **********
 **   18 **MIGRAD        1480        0.01
 **********
 FIRST CALL TO USER FUNCTION AT NEW START POINT, WITH IFLAG=4.
 START MIGRAD MINIMIZATION.  STRATEGY  1.  CONVERGENCE WHEN EDM .LT. 1.00e-05
 FCN=17324.5 FROM MIGRAD    STATUS=INITIATE       18 CALLS          19 TOTAL
                     EDM= unknown      STRATEGY= 1      NO ERROR MATRIX       
  EXT PARAMETER               CURRENT GUESS       STEP         FIRST   
  NO.   NAME      VALUE            ERROR          SIZE      DERIVATIVE 
   1  p0           5.58000e+05   1.67400e+05   1.67400e+05  -3.62900e+01
   2  p1           5.65000e-01   1.69500e-01   1.69500e-01  -1.12647e+08
   3  p2           0.00000e+00   3.00000e-01   3.00000e-01   2.05418e+06
   4  p3           9.99871e-04   2.99961e-04   2.99961e-04  -9.53606e+08
                               ERR DEF= 0.5
NO ERROR MATRIX       
 FCN=1391.58 FROM MIGRAD    STATUS=PROGRESS       36 CALLS          37 TOTAL
                     EDM=4260.66    STRATEGY= 1      NO ERROR MATRIX       
  EXT PARAMETER               CURRENT GUESS       STEP         FIRST   
  NO.   NAME      VALUE            ERROR          SIZE      DERIVATIVE 
   1  p0           5.58356e+05   1.67400e+05   3.55865e+02  -2.55257e+00
   2  p1           5.65115e-01   1.69500e-01   1.14754e-04  -7.86317e+06
   3  p2          -2.32861e-03   3.00000e-01  -2.32861e-03  -4.88732e+05
   4  p3           1.00126e-03   2.99961e-04   1.38656e-06   5.24819e+08
                               ERR DEF= 0.5
 MIGRAD FAILS TO FIND IMPROVEMENT
 MIGRAD MINIMIZATION HAS CONVERGED.
 MIGRAD WILL VERIFY CONVERGENCE AND ERROR MATRIX.
   START COVARIANCE MATRIX CALCULATION.
 EIGENVALUES OF SECOND-DERIVATIVE MATRIX:
         1.4677e-03  4.6213e-01  8.6693e-01  2.6695e+00
 COVARIANCE MATRIX CALCULATED SUCCESSFULLY
 FCN=63.3348 FROM HESSE     STATUS=OK             29 CALLS         192 TOTAL
                     EDM=0.000341085    STRATEGY= 1      ERROR MATRIX ACCURATE 
  EXT PARAMETER                                   STEP         FIRST   
  NO.   NAME      VALUE            ERROR          SIZE      DERIVATIVE 
   1  p0           5.58481e+05   9.43293e+01   2.66304e-01  -5.98362e-05
   2  p1           5.65155e-01   3.04680e-05   2.69487e-07   6.93633e+02
   3  p2           5.11502e-05   6.35514e-05   3.12827e-07  -2.79194e+01
   4  p3           9.99617e-04   7.07561e-08   4.76655e-10   9.64461e+04
                               ERR DEF= 0.5
 PARAMETER  CORRELATION COEFFICIENTS  
       NO.  GLOBAL      1      2      3      4
        1  0.99853   1.000 -0.998  0.080  0.215
        2  0.99854  -0.998  1.000 -0.049 -0.221
        3  0.63491   0.080 -0.049  1.000  0.373
        4  0.51515   0.215 -0.221  0.373  1.000
 FCN=63.3099 FROM MIGRAD    STATUS=PROGRESS      204 CALLS         205 TOTAL
                     EDM=0.0148585    STRATEGY= 1      ERROR MATRIX ACCURATE 
  EXT PARAMETER                                   STEP         FIRST   
  NO.   NAME      VALUE            ERROR          SIZE      DERIVATIVE 
   1  p0           5.58646e+05   9.43293e+01   1.64848e+02  -1.46252e-02
   2  p1           5.65102e-01   3.04680e-05  -5.31157e-05  -4.51267e+04
   3  p2           5.42216e-05   6.35514e-05   3.07137e-06   3.42120e+03
   4  p3           9.99616e-04   7.07561e-08  -1.35862e-09  -1.67145e+06
                               ERR DEF= 0.5
 MIGRAD FAILS TO FIND IMPROVEMENT
 MIGRAD TERMINATED WITHOUT CONVERGENCE.
 FCN=63.228 FROM MIGRAD    STATUS=FAILED        272 CALLS         273 TOTAL
                     EDM=1.09816e-05    STRATEGY= 1  ERROR MATRIX UNCERTAINTY  34.2 per cent
  EXT PARAMETER                APPROXIMATE        STEP         FIRST   
  NO.   NAME      VALUE            ERROR          SIZE      DERIVATIVE 
   1  p0           5.59186e+05   2.03695e+03  -0.00000e+00  -8.47418e-05
   2  p1           5.64927e-01   6.56941e-04   0.00000e+00  -2.73954e+02
   3  p2           1.16131e-05   1.20631e-04   0.00000e+00   7.49840e+00
   4  p3           9.99615e-04   6.71521e-08  -0.00000e+00   9.78323e+02
                               ERR DEF= 0.5
 EXTERNAL ERROR MATRIX.    NDIM=  25    NPAR=  4    ERR DEF=0.5
  4.149e+06 -1.338e+00 -2.026e-01  1.004e-05 
 -1.338e+00  4.316e-07  6.539e-08 -3.270e-12 
 -2.026e-01  6.539e-08  1.455e-08  8.861e-13 
  1.004e-05 -3.270e-12  8.861e-13  4.509e-15 
ERR MATRIX APPROXIMATE
 PARAMETER  CORRELATION COEFFICIENTS  
       NO.  GLOBAL      1      2      3      4
        1  1.00000   1.000 -1.000 -0.824  0.073
        2  1.00000  -1.000  1.000  0.825 -0.074
        3  0.89202  -0.824  0.825  1.000  0.109
        4  0.52448   0.073 -0.074  0.109  1.000
 ERR MATRIX APPROXIMATE
 FCN=63.228 FROM MIGRAD    STATUS=FAILED        272 CALLS         273 TOTAL
                     EDM=1.09816e-05    STRATEGY= 1  ERROR MATRIX UNCERTAINTY  34.2 per cent
  EXT PARAMETER                  PARABOLIC         MINOS ERRORS        
  NO.   NAME      VALUE            ERROR      NEGATIVE      POSITIVE   
   1  p0           5.59186e+05   2.03695e+03                            
   2  p1           5.64927e-01   6.56941e-04                            
   3  p2           1.16131e-05   1.20631e-04                            
   4  p3           9.99615e-04   6.71521e-08                            
                               ERR DEF= 0.5
 **********
 **   19 **SET PRINT           2
 **********
 **********
 **   20 **SET NOGRAD
 **********
 PARAMETER DEFINITIONS:
    NO.   NAME         VALUE      STEP SIZE      LIMITS
     1 p0           5.59186e+05  2.03695e+03     no limits
     2 p1           5.64927e-01  6.56941e-04     no limits
     3 p2           1.16131e-05  1.20631e-04     no limits
     4 p3           9.99615e-04  6.71521e-08     no limits
 **********
 **   21 **SET ERR         0.5
 **********
 **********
 **   22 **SET PRINT           2
 **********
 **********
 **   23 **SET STR           1
 **********
 NOW USING STRATEGY  1: TRY TO BALANCE SPEED AGAINST RELIABILITY
 **********
 **   24 **MIGRAD        1480        0.01
 **********
 FIRST CALL TO USER FUNCTION AT NEW START POINT, WITH IFLAG=4.
 START MIGRAD MINIMIZATION.  STRATEGY  1.  CONVERGENCE WHEN EDM .LT. 1.00e-05
 FCN=63.228 FROM MIGRAD    STATUS=INITIATE       18 CALLS          19 TOTAL
                     EDM= unknown      STRATEGY= 1      NO ERROR MATRIX       
  EXT PARAMETER               CURRENT GUESS       STEP         FIRST   
  NO.   NAME      VALUE            ERROR          SIZE      DERIVATIVE 
   1  p0           5.59186e+05   2.03695e+03   2.03695e+03  -8.47418e-05
   2  p1           5.64927e-01   6.56941e-04   6.56941e-04  -2.79043e+02
   3  p2           1.16131e-05   1.20631e-04   1.20631e-04   4.88984e-01
   4  p3           9.99615e-04   6.71521e-08   6.71521e-08   9.78323e+02
                               ERR DEF= 0.5
NO ERROR MATRIX       
 FCN=63.228 FROM MIGRAD    STATUS=PROGRESS       36 CALLS          37 TOTAL
                     EDM=1.11081e-06    STRATEGY= 1      NO ERROR MATRIX       
  EXT PARAMETER               CURRENT GUESS       STEP         FIRST   
  NO.   NAME      VALUE            ERROR          SIZE      DERIVATIVE 
   1  p0           5.59186e+05   2.03695e+03   2.21804e-03   8.00076e-05
   2  p1           5.64927e-01   6.56941e-04   7.57488e-10   2.63816e+02
   3  p2           1.16117e-05   1.20631e-04  -1.35197e-09  -8.10923e+00
   4  p3           9.99615e-04   6.71521e-08  -3.39979e-12   2.21888e+03
                               ERR DEF= 0.5
 MIGRAD FAILS TO FIND IMPROVEMENT
 MIGRAD MINIMIZATION HAS CONVERGED.
 MIGRAD WILL VERIFY CONVERGENCE AND ERROR MATRIX.
   START COVARIANCE MATRIX CALCULATION.
 EIGENVALUES OF SECOND-DERIVATIVE MATRIX:
         6.2738e-04  4.2338e-01  8.9525e-01  2.6807e+00
 COVARIANCE MATRIX CALCULATED SUCCESSFULLY
 FCN=63.228 FROM MIGRAD    STATUS=CONVERGED      69 CALLS          70 TOTAL
                     EDM=4.88387e-07    STRATEGY= 1      ERROR MATRIX ACCURATE 
  EXT PARAMETER                                   STEP         FIRST   
  NO.   NAME      VALUE            ERROR          SIZE      DERIVATIVE 
   1  p0           5.59186e+05   1.44273e+02   2.66640e-01   8.57335e-05
   2  p1           5.64927e-01   4.66433e-05   2.69378e-07   2.57262e+02
   3  p2           1.16117e-05   6.52208e-05   2.89858e-07  -6.68405e+00
   4  p3           9.99615e-04   7.10083e-08   4.76653e-10   6.38566e+03
                               ERR DEF= 0.5
 EXTERNAL ERROR MATRIX.    NDIM=  25    NPAR=  4    ERR DEF=0.5
  2.081e+04 -6.723e-03 -1.172e-03  1.290e-06 
 -6.723e-03  2.176e-09  4.390e-10 -4.249e-13 
 -1.172e-03  4.390e-10  4.254e-09  1.883e-12 
  1.290e-06 -4.249e-13  1.883e-12  5.042e-15 
 PARAMETER  CORRELATION COEFFICIENTS  
       NO.  GLOBAL      1      2      3      4
        1  0.99937   1.000 -0.999 -0.125  0.126
        2  0.99938  -0.999  1.000  0.144 -0.128
        3  0.66484  -0.125  0.144  1.000  0.407
        4  0.53263   0.126 -0.128  0.407  1.000
 EXTERNAL ERROR MATRIX.    NDIM=   4    NPAR=  4    ERR DEF=0.5
  2.081e+04 -6.723e-03 -1.172e-03  1.290e-06 
 -6.723e-03  2.176e-09  4.390e-10 -4.249e-13 
 -1.172e-03  4.390e-10  4.254e-09  1.883e-12 
  1.290e-06 -4.249e-13  1.883e-12  5.042e-15 
 FCN=63.228 FROM MIGRAD    STATUS=CONVERGED      69 CALLS          70 TOTAL
                     EDM=4.88387e-07    STRATEGY= 1      ERROR MATRIX ACCURATE 
  EXT PARAMETER                  PARABOLIC         MINOS ERRORS        
  NO.   NAME      VALUE            ERROR      NEGATIVE      POSITIVE   
   1  p0           5.59186e+05   1.44273e+02                            
   2  p1           5.64927e-01   4.66433e-05                            
   3  p2           1.16117e-05   6.52208e-05                            
   4  p3           9.99615e-04   7.10083e-08                            
                               ERR DEF= 0.5
------------------------------------------
Enering ROOFIt-------
 PARAMETER DEFINITIONS:
    NO.   NAME         VALUE      STEP SIZE      LIMITS
     1 norm         5.59186e+05  1.00000e-01     no limits
     2 Q            5.65000e-01  1.00000e-01     no limits
     3 theta        0.00000e+00  1.00000e-01     no limits
     4 pileup       9.99615e-04  1.00000e-01     no limits
 **********
 **    1 **MIGRAD
 **********
 FIRST CALL TO USER FUNCTION AT NEW START POINT, WITH IFLAG=4.
 START MIGRAD MINIMIZATION.  STRATEGY  1.  CONVERGENCE WHEN EDM .LT. 1.00e-04
 FCN=-2.3786e+11 FROM MIGRAD    STATUS=INITIATE       14 CALLS          15 TOTAL
                     EDM= unknown      STRATEGY= 1      NO ERROR MATRIX       
  EXT PARAMETER               CURRENT GUESS       STEP         FIRST   
  NO.   NAME      VALUE            ERROR          SIZE      DERIVATIVE 
   1  norm         5.59186e+05   1.00000e-01   1.00000e-01   8.64495e+00
   2  Q            5.65000e-01   1.00000e-01   1.00000e-01   1.39166e+08
   3  theta        0.00000e+00   1.00000e-01   1.00000e-01  -4.65586e+04
   4  pileup       9.99615e-04   1.00000e-01   1.00000e-01  -9.17658e+11
 MIGRAD FAILS TO FIND IMPROVEMENT
 EIGENVALUES OF SECOND-DERIVATIVE MATRIX:
        -6.6482e-03  3.8769e-01  9.1624e-01  2.7027e+00
 MINUIT WARNING IN HESSE   
 ============== MATRIX FORCED POS-DEF BY ADDING 0.009351 TO DIAGONAL.
 FCN=-2.3786e+11 FROM HESSE     STATUS=NOT POSDEF     29 CALLS          55 TOTAL
                     EDM=122293    STRATEGY= 1      ERR MATRIX NOT POS-DEF
  EXT PARAMETER                APPROXIMATE        STEP         FIRST   
  NO.   NAME      VALUE            ERROR          SIZE      DERIVATIVE 
   1  norm         5.59186e+05   6.75509e+01   2.66640e+00   8.64509e+00
   2  Q            5.65000e-01   6.52311e-06   1.00000e-03   2.68944e+07
   3  theta        0.00000e+00   5.94403e-04   1.00000e-01  -5.01881e+05
   4  pileup       9.99615e-04   9.21015e-08   1.00000e-02   2.43045e+08
 MINUIT WARNING IN MIGRAD  
 ============== Negative diagonal element 2 in Error Matrix
 MINUIT WARNING IN MIGRAD  
 ============== 1 added to diagonal of error matrix
 MIGRAD FAILS TO FIND IMPROVEMENT
 MIGRAD TERMINATED WITHOUT CONVERGENCE.
 FCN=-2.3786e+11 FROM MIGRAD    STATUS=FAILED         90 CALLS          91 TOTAL
                     EDM=6.85534e+06    STRATEGY= 1      ERR MATRIX NOT POS-DEF
  EXT PARAMETER                APPROXIMATE        STEP         FIRST   
  NO.   NAME      VALUE            ERROR          SIZE      DERIVATIVE 
   1  norm         5.58920e+05   7.85310e+00   0.00000e+00  -1.04389e-02
   2  Q            5.65015e-01   1.00000e+00  -0.00000e+00   1.23683e+09
   3  theta        3.23615e-04   1.00000e+00  -0.00000e+00   4.61141e+04
   4  pileup       9.99942e-04   1.00000e+00  -0.00000e+00   1.76107e+07
 EXTERNAL ERROR MATRIX.    NDIM=  25    NPAR=  4    ERR DEF=1
  6.167e+01 -2.958e-08  4.090e-04 -6.724e-08 
 -2.958e-08  1.000e+00 -7.189e-13 -1.471e-16 
  4.090e-04 -7.189e-13  1.000e+00  2.238e-12 
 -6.724e-08 -1.471e-16  2.238e-12  1.000e+00 
ERR MATRIX NOT POS-DEF
 PARAMETER  CORRELATION COEFFICIENTS  
       NO.  GLOBAL      1      2      3      4
        1  0.00005   1.000 -0.000  0.000 -0.000
        2  0.00000  -0.000  1.000 -0.000 -0.000
        3  0.00005   0.000 -0.000  1.000  0.000
        4  0.00000  -0.000 -0.000  0.000  1.000
 ERR MATRIX NOT POS-DEF
 **********
 **    2 **MIGRAD 
 **********
 START MIGRAD MINIMIZATION.  STRATEGY  1.  CONVERGENCE WHEN EDM .LT. 1.00e-04
 FCN=-2.3786e+11 FROM MIGRAD    STATUS=INITIATE       12 CALLS         103 TOTAL
                     EDM=1.32275e+15    STRATEGY= 1      ERR MATRIX NOT POS-DEF
  EXT PARAMETER                APPROXIMATE        STEP         FIRST   
  NO.   NAME      VALUE            ERROR          SIZE      DERIVATIVE 
   1  norm         5.58920e+05   7.85310e+00   0.00000e+00  -1.65483e-02
   2  Q            5.65015e-01   1.00000e+00  -0.00000e+00  -3.73929e+04
   3  theta        3.23615e-04   1.00000e+00  -0.00000e+00   4.61303e+04
   4  pileup       9.99942e-04   1.00000e+00  -0.00000e+00   1.75890e+07
 MIGRAD FAILS TO FIND IMPROVEMENT
 EIGENVALUES OF SECOND-DERIVATIVE MATRIX:
        -6.5978e-04  3.6668e-01  8.4967e-01  2.7843e+00
 MINUIT WARNING IN HESSE   
 ============== MATRIX FORCED POS-DEF BY ADDING 0.003444 TO DIAGONAL.
 FCN=-2.3786e+11 FROM HESSE     STATUS=NOT POSDEF     29 CALLS         143 TOTAL
                     EDM=13.0136    STRATEGY= 1      ERR MATRIX NOT POS-DEF
  EXT PARAMETER                APPROXIMATE        STEP         FIRST   
  NO.   NAME      VALUE            ERROR          SIZE      DERIVATIVE 
   1  norm         5.58920e+05   9.60461e+01   5.33281e+02  -1.03801e-02
   2  Q            5.65015e-01   3.15981e-05   9.52549e-05  -3.73985e+04
   3  theta        3.23615e-04   1.19956e-04   1.85274e-02   3.05656e+04
   4  pileup       9.99942e-04   1.05257e-07   2.09880e-05   4.60190e+07
 MIGRAD FAILS TO FIND IMPROVEMENT
 MIGRAD TERMINATED WITHOUT CONVERGENCE.
 FCN=-2.3786e+11 FROM MIGRAD    STATUS=FAILED         88 CALLS         179 TOTAL
                     EDM=4.0358e+08    STRATEGY= 1      ERR MATRIX NOT POS-DEF
  EXT PARAMETER                APPROXIMATE        STEP         FIRST   
  NO.   NAME      VALUE            ERROR          SIZE      DERIVATIVE 
   1  norm         5.59007e+05   9.10106e+00  -0.00000e+00  -6.06300e-02
   2  Q            5.64985e-01   2.69787e-08   0.00000e+00  -1.27314e+09
   3  theta        1.97615e-05   1.05208e-04  -0.00000e+00   1.32405e+04
   4  pileup       9.99634e-04   1.00295e-07  -0.00000e+00  -2.39232e+07
 EXTERNAL ERROR MATRIX.    NDIM=  25    NPAR=  4    ERR DEF=1
  8.283e+01 -2.783e-10  5.119e-04 -4.914e-08 
 -2.783e-10  7.279e-16  8.755e-15 -1.457e-16 
  5.119e-04  8.755e-15  1.107e-08  4.138e-12 
 -4.914e-08 -1.457e-16  4.138e-12  1.006e-14 
ERR MATRIX NOT POS-DEF
 PARAMETER  CORRELATION COEFFICIENTS  
       NO.  GLOBAL      1      2      3      4
        1  0.60689   1.000 -0.001  0.535 -0.054
        2  0.06496  -0.001  1.000  0.003 -0.054
        3  0.68136   0.535  0.003  1.000  0.392
        4  0.50412  -0.054 -0.054  0.392  1.000
 ERR MATRIX NOT POS-DEF
status of the fit-----000------4
1  559007
2  0.564985
3  1.97615e-05
4  0.000999634
 PARAMETER DEFINITIONS:
    NO.   NAME         VALUE      STEP SIZE      LIMITS
     1 norm         5.59007e+05  1.00000e-01     no limits
     2 Q            5.64985e-01  1.00000e-01     no limits
     3 theta        1.97615e-05  1.00000e-01     no limits
     4 pileup       9.99634e-04  1.00000e-01     no limits
 **********
 **    3 **MIGRAD
 **********
 FIRST CALL TO USER FUNCTION AT NEW START POINT, WITH IFLAG=4.
 START MIGRAD MINIMIZATION.  STRATEGY  1.  CONVERGENCE WHEN EDM .LT. 1.00e-04
 FCN=-2.3786e+11 FROM MIGRAD    STATUS=INITIATE       16 CALLS         196 TOTAL
                     EDM= unknown      STRATEGY= 1      NO ERROR MATRIX       
  EXT PARAMETER               CURRENT GUESS       STEP         FIRST   
  NO.   NAME      VALUE            ERROR          SIZE      DERIVATIVE 
   1  norm         5.59007e+05   1.00000e-01   1.00000e-01   4.03000e-03
   2  Q            5.64985e-01   1.00000e-01   1.00000e-01   6.71324e+06
   3  theta        1.97615e-05   1.00000e-01   1.00000e-01   1.32237e+04
   4  pileup       9.99634e-04   1.00000e-01   1.00000e-01  -9.17965e+11
 MIGRAD FAILS TO FIND IMPROVEMENT
 COVARIANCE MATRIX CALCULATED SUCCESSFULLY
 FCN=-2.3786e+11 FROM HESSE     STATUS=OK             29 CALLS         236 TOTAL
                     EDM=3.837    STRATEGY= 1      ERROR MATRIX ACCURATE 
  EXT PARAMETER                                   STEP         FIRST   
  NO.   NAME      VALUE            ERROR          SIZE      DERIVATIVE 
   1  norm         5.59007e+05   1.76714e+02   2.66555e+00   3.74951e-03
   2  Q            5.64985e-01   1.68789e-05   1.00000e-03   1.23811e+04
   3  theta        1.97615e-05   1.47714e-03   1.84976e-02  -2.33919e+03
   4  pileup       9.99634e-04   9.24466e-08   1.00000e-02   3.97339e+06
 MINUIT WARNING IN MIGRAD  
 ============== Negative diagonal element 2 in Error Matrix
 MINUIT WARNING IN MIGRAD  
 ============== 1 added to diagonal of error matrix
 MIGRAD FAILS TO FIND IMPROVEMENT
 MIGRAD TERMINATED WITHOUT CONVERGENCE.
 FCN=-2.3786e+11 FROM MIGRAD    STATUS=FAILED         96 CALLS         276 TOTAL
                     EDM=8.482e+07    STRATEGY= 1  ERROR MATRIX UNCERTAINTY 100.0 per cent
  EXT PARAMETER                APPROXIMATE        STEP         FIRST   
  NO.   NAME      VALUE            ERROR          SIZE      DERIVATIVE 
   1  norm         5.59007e+05   9.20305e+00   0.00000e+00  -1.19792e-02
   2  Q            5.64985e-01   1.00000e+00   0.00000e+00  -1.27341e+09
   3  theta        2.27254e-05   1.00000e+00  -0.00000e+00   1.47596e+04
   4  pileup       9.99634e-04   1.00000e+00   0.00000e+00  -2.46388e+07
 EXTERNAL ERROR MATRIX.    NDIM=  25    NPAR=  4    ERR DEF=1
  8.470e+01  5.670e-09  5.476e-04  2.998e-08 
  5.670e-09  1.000e+00  1.024e-13  1.064e-17 
  5.476e-04  1.024e-13  1.000e+00  1.021e-12 
  2.998e-08  1.064e-17  1.021e-12  1.000e+00 
ERR MATRIX APPROXIMATE
 PARAMETER  CORRELATION COEFFICIENTS  
       NO.  GLOBAL      1      2      3      4
        1  0.00006   1.000  0.000  0.000  0.000
        2  0.00000   0.000  1.000  0.000  0.000
        3  0.00006   0.000  0.000  1.000  0.000
        4  0.00000   0.000  0.000  0.000  1.000
 ERR MATRIX APPROXIMATE
 **********
 **    4 **MIGRAD 
 **********
 START MIGRAD MINIMIZATION.  STRATEGY  1.  CONVERGENCE WHEN EDM .LT. 1.00e-04
 FCN=-2.3786e+11 FROM MIGRAD    STATUS=INITIATE       12 CALLS         288 TOTAL
                     EDM=5.6571e+15    STRATEGY= 1  ERROR MATRIX UNCERTAINTY 100.0 per cent
  EXT PARAMETER                APPROXIMATE        STEP         FIRST   
  NO.   NAME      VALUE            ERROR          SIZE      DERIVATIVE 
   1  norm         5.59007e+05   9.20305e+00   0.00000e+00  -1.80813e-02
   2  Q            5.64985e-01   1.00000e+00   0.00000e+00  -3.70958e+04
   3  theta        2.27254e-05   1.00000e+00  -0.00000e+00   1.47591e+04
   4  pileup       9.99634e-04   1.00000e+00   0.00000e+00  -2.46390e+07
 MIGRAD FAILS TO FIND IMPROVEMENT
 EIGENVALUES OF SECOND-DERIVATIVE MATRIX:
        -6.5557e-04  3.6687e-01  8.4973e-01  2.7841e+00
 MINUIT WARNING IN HESSE   
 ============== MATRIX FORCED POS-DEF BY ADDING 0.003440 TO DIAGONAL.
 FCN=-2.3786e+11 FROM HESSE     STATUS=NOT POSDEF     29 CALLS         328 TOTAL
                     EDM=0.0393126    STRATEGY= 1      ERR MATRIX NOT POS-DEF
  EXT PARAMETER                APPROXIMATE        STEP         FIRST   
  NO.   NAME      VALUE            ERROR          SIZE      DERIVATIVE 
   1  norm         5.59007e+05   9.60740e+01   5.33111e+02  -1.19304e-02
   2  Q            5.64985e-01   3.16007e-05   9.50727e-05  -3.71717e+04
   3  theta        2.27254e-05   1.19672e-04   1.85069e-02  -8.19400e+02
   4  pileup       9.99634e-04   1.05214e-07   2.09840e-05   3.80151e+06
 MIGRAD FAILS TO FIND IMPROVEMENT
 MACHINE ACCURACY LIMITS FURTHER IMPROVEMENT.
 MIGRAD MINIMIZATION HAS CONVERGED.
 MIGRAD WILL VERIFY CONVERGENCE AND ERROR MATRIX.
 EIGENVALUES OF SECOND-DERIVATIVE MATRIX:
        -3.9173e-04  3.7235e-01  8.5159e-01  2.7765e+00
 MINUIT WARNING IN HESSE   
 ============== MATRIX FORCED POS-DEF BY ADDING 0.003168 TO DIAGONAL.
 FCN=-2.3786e+11 FROM MIGRAD    STATUS=CONVERGED     103 CALLS         379 TOTAL
                     EDM=5.98709e-05    STRATEGY= 1      ERR MATRIX NOT POS-DEF
  EXT PARAMETER                APPROXIMATE        STEP         FIRST   
  NO.   NAME      VALUE            ERROR          SIZE      DERIVATIVE 
   1  norm         5.59007e+05   9.70014e+01   2.13244e+02  -8.94443e-05
   2  Q            5.64985e-01   3.14209e-05   1.90145e-04  -5.69761e+02
   3  theta        2.17039e-05   1.10704e-04   7.40277e-03   8.91481e+00
   4  pileup       9.99616e-04   1.03969e-07   8.39361e-06   5.69914e+04
 EXTERNAL ERROR MATRIX.    NDIM=  25    NPAR=  4    ERR DEF=1
  9.409e+03 -3.034e-03 -1.135e-03 -4.165e-07 
 -3.034e-03  9.873e-10  5.473e-10  1.302e-13 
 -1.135e-03  5.473e-10  1.226e-08  5.024e-12 
 -4.165e-07  1.302e-13  5.024e-12  1.081e-14 
ERR MATRIX NOT POS-DEF
 PARAMETER  CORRELATION COEFFICIENTS  
       NO.  GLOBAL      1      2      3      4
        1  0.99721   1.000 -0.996 -0.106 -0.041
        2  0.99725  -0.996  1.000  0.157  0.040
        3  0.71325  -0.106  0.157  1.000  0.437
        4  0.53281  -0.041  0.040  0.437  1.000
 ERR MATRIX NOT POS-DEF
status of the fit-----000------0
1  559007
2  0.564985
3  2.17039e-05
4  0.000999616
 **********
 **   25 **SET PRINT           2
 **********
 **********
 **   26 **SET NOGRAD
 **********
 PARAMETER DEFINITIONS:
    NO.   NAME         VALUE      STEP SIZE      LIMITS
     1 p0           5.58000e+05  1.67400e+05     no limits
     2 p1           5.65000e-01  1.69500e-01     no limits
     3 p2           0.00000e+00  3.00000e-01     no limits
     4 p3           9.99871e-04  2.99961e-04     no limits
 **********
 **   27 **SET ERR         0.5
 **********
 **********
 **   28 **SET PRINT           2
 **********
 **********
 **   29 **SET STR           1
 **********
 NOW USING STRATEGY  1: TRY TO BALANCE SPEED AGAINST RELIABILITY
 **********
 **   30 **MIGRAD        1480        0.01
 **********
 FIRST CALL TO USER FUNCTION AT NEW START POINT, WITH IFLAG=4.
 START MIGRAD MINIMIZATION.  STRATEGY  1.  CONVERGENCE WHEN EDM .LT. 1.00e-05
 FCN=17152.7 FROM MIGRAD    STATUS=INITIATE       18 CALLS          19 TOTAL
                     EDM= unknown      STRATEGY= 1      NO ERROR MATRIX       
  EXT PARAMETER               CURRENT GUESS       STEP         FIRST   
  NO.   NAME      VALUE            ERROR          SIZE      DERIVATIVE 
   1  p0           5.58000e+05   1.67400e+05   1.67400e+05  -3.60993e+01
   2  p1           5.65000e-01   1.69500e-01   1.69500e-01  -1.12058e+08
   3  p2           0.00000e+00   3.00000e-01   3.00000e-01   2.07598e+06
   4  p3           9.99871e-04   2.99961e-04   2.99961e-04  -9.96408e+08
                               ERR DEF= 0.5
NO ERROR MATRIX       
 FCN=1295.77 FROM MIGRAD    STATUS=PROGRESS       36 CALLS          37 TOTAL
                     EDM=3859.7    STRATEGY= 1      NO ERROR MATRIX       
  EXT PARAMETER               CURRENT GUESS       STEP         FIRST   
  NO.   NAME      VALUE            ERROR          SIZE      DERIVATIVE 
   1  p0           5.58353e+05   1.67400e+05   3.52843e+02  -2.49440e+00
   2  p1           5.65114e-01   1.69500e-01   1.13782e-04  -7.68323e+06
   3  p2          -2.34552e-03   3.00000e-01  -2.34552e-03  -4.68261e+05
   4  p3           1.00131e-03   2.99961e-04   1.44386e-06   4.92986e+08
                               ERR DEF= 0.5
 FCN=79.1766 FROM MIGRAD    STATUS=PROGRESS      161 CALLS         162 TOTAL
                     EDM=0.134877    STRATEGY= 1  ERROR MATRIX UNCERTAINTY  16.5 per cent
  EXT PARAMETER                APPROXIMATE        STEP         FIRST   
  NO.   NAME      VALUE            ERROR          SIZE      DERIVATIVE 
   1  p0           5.60491e+05   1.63397e+03   8.34384e-01  -3.09177e-02
   2  p1           5.64502e-01   5.26191e-04  -2.67907e-07  -9.60439e+04
   3  p2          -1.46383e-04   1.08473e-04  -6.96213e-09   1.72745e+03
   4  p3           9.99767e-04   7.30958e-08   7.00634e-11  -5.21514e+06
                               ERR DEF= 0.5
 MINUIT WARNING IN MIGRAD  
 ============== Negative diagonal element 1 in Error Matrix
 MINUIT WARNING IN MIGRAD  
 ============== Negative diagonal element 2 in Error Matrix
 MINUIT WARNING IN MIGRAD  
 ============== 132894 added to diagonal of error matrix
 EIGENVALUES OF SECOND-DERIVATIVE MATRIX:
         9.9987e-01  1.0000e+00  1.0000e+00  1.0001e+00
 MIGRAD FAILS TO FIND IMPROVEMENT
   START COVARIANCE MATRIX CALCULATION.
 EIGENVALUES OF SECOND-DERIVATIVE MATRIX:
         2.5161e-01  5.8596e-01  9.5138e-01  2.2110e+00
 COVARIANCE MATRIX CALCULATED SUCCESSFULLY
 FCN=79.1111 FROM HESSE     STATUS=OK             29 CALLS         215 TOTAL
                     EDM=0.0945357    STRATEGY= 1      ERROR MATRIX ACCURATE 
  EXT PARAMETER                                   STEP         FIRST   
  NO.   NAME      VALUE            ERROR          SIZE      DERIVATIVE 
   1  p0           5.60501e+05   7.02561e+00   2.67268e-01   4.60559e-05
   2  p1           5.64499e-01   6.14719e-07   2.69174e-07  -7.05367e+05
   3  p2          -1.34517e-04   8.66347e-05   3.70589e-07   3.56918e+02
   4  p3           9.99789e-04   8.10455e-08   4.76737e-10  -4.41504e+05
                               ERR DEF= 0.5
 PARAMETER  CORRELATION COEFFICIENTS  
       NO.  GLOBAL      1      2      3      4
        1  0.68214   1.000 -0.278  0.569  0.111
        2  0.34980  -0.278  1.000 -0.010 -0.009
        3  0.77604   0.569 -0.010  1.000  0.568
        4  0.63073   0.111 -0.009  0.568  1.000
 FCN=79.1106 FROM MIGRAD    STATUS=PROGRESS      226 CALLS         227 TOTAL
                     EDM=7.56059e-06    STRATEGY= 1      ERROR MATRIX ACCURATE 
  EXT PARAMETER                                   STEP         FIRST   
  NO.   NAME      VALUE            ERROR          SIZE      DERIVATIVE 
   1  p0           5.60500e+05   7.02561e+00  -9.44011e-01  -1.75363e-05
   2  p1           5.64500e-01   6.14719e-07   2.66594e-07   1.83124e+02
   3  p2          -1.35835e-04   8.66347e-05  -1.31781e-06  -2.85069e+00
   4  p3           9.99790e-04   8.10455e-08   1.15795e-09  -4.58990e+04
                               ERR DEF= 0.5
 MIGRAD MINIMIZATION HAS CONVERGED.
 FCN=79.1106 FROM MIGRAD    STATUS=CONVERGED     238 CALLS         239 TOTAL
                     EDM=1.8308e-08    STRATEGY= 1  ERROR MATRIX UNCERTAINTY   0.3 per cent
  EXT PARAMETER                                   STEP         FIRST   
  NO.   NAME      VALUE            ERROR          SIZE      DERIVATIVE 
   1  p0           5.60500e+05   6.98297e+00   4.14181e-03   1.42875e-05
   2  p1           5.64500e-01   6.14885e-07  -7.71935e-11   2.84117e+02
   3  p2          -1.35657e-04   8.28936e-05   1.78307e-07   3.60991e-01
   4  p3           9.99790e-04   7.43831e-08   2.66246e-10   2.05065e+02
                               ERR DEF= 0.5
 EXTERNAL ERROR MATRIX.    NDIM=  25    NPAR=  4    ERR DEF=0.5
  4.876e+01 -1.216e-06  3.265e-04  3.610e-08 
 -1.216e-06  3.781e-13 -1.293e-12 -1.573e-15 
  3.265e-04 -1.293e-12  6.871e-09  3.166e-12 
  3.610e-08 -1.573e-15  3.166e-12  5.533e-15 
 PARAMETER  CORRELATION COEFFICIENTS  
       NO.  GLOBAL      1      2      3      4
        1  0.67806   1.000 -0.283  0.564  0.070
        2  0.35254  -0.283  1.000 -0.025 -0.034
        3  0.75225   0.564 -0.025  1.000  0.514
        4  0.58979   0.070 -0.034  0.514  1.000
 EXTERNAL ERROR MATRIX.    NDIM=   4    NPAR=  4    ERR DEF=0.5
  4.876e+01 -1.216e-06  3.265e-04  3.610e-08 
 -1.216e-06  3.781e-13 -1.293e-12 -1.573e-15 
  3.265e-04 -1.293e-12  6.871e-09  3.166e-12 
  3.610e-08 -1.573e-15  3.166e-12  5.533e-15 
 FCN=79.1106 FROM MIGRAD    STATUS=CONVERGED     238 CALLS         239 TOTAL
                     EDM=1.8308e-08    STRATEGY= 1  ERROR MATRIX UNCERTAINTY   0.3 per cent
  EXT PARAMETER                  PARABOLIC         MINOS ERRORS        
  NO.   NAME      VALUE            ERROR      NEGATIVE      POSITIVE   
   1  p0           5.60500e+05   6.98297e+00                            
   2  p1           5.64500e-01   6.14885e-07                            
   3  p2          -1.35657e-04   8.28936e-05                            
   4  p3           9.99790e-04   7.43831e-08                            
                               ERR DEF= 0.5
------------------------------------------
Enering ROOFIt-------
 PARAMETER DEFINITIONS:
    NO.   NAME         VALUE      STEP SIZE      LIMITS
     1 norm         5.60500e+05  1.00000e-01     no limits
     2 Q            5.65000e-01  1.00000e-01     no limits
     3 theta        0.00000e+00  1.00000e-01     no limits
     4 pileup       9.99790e-04  1.00000e-01     no limits
 **********
 **    1 **MIGRAD
 **********
 FIRST CALL TO USER FUNCTION AT NEW START POINT, WITH IFLAG=4.
 START MIGRAD MINIMIZATION.  STRATEGY  1.  CONVERGENCE WHEN EDM .LT. 1.00e-04
 FCN=-2.37858e+11 FROM MIGRAD    STATUS=INITIATE       16 CALLS          17 TOTAL
                     EDM= unknown      STRATEGY= 1      NO ERROR MATRIX       
  EXT PARAMETER               CURRENT GUESS       STEP         FIRST   
  NO.   NAME      VALUE            ERROR          SIZE      DERIVATIVE 
   1  norm         5.60500e+05   1.00000e-01   1.00000e-01   5.89182e+01
   2  Q            5.65000e-01   1.00000e-01   1.00000e-01   9.09655e+08
   3  theta        0.00000e+00   1.00000e-01   1.00000e-01  -3.37075e+06
   4  pileup       9.99790e-04   1.00000e-01   1.00000e-01  -9.15988e+11
 MIGRAD FAILS TO FIND IMPROVEMENT
 EIGENVALUES OF SECOND-DERIVATIVE MATRIX:
        -4.2657e-04  3.8423e-01  9.1713e-01  2.6991e+00
 MINUIT WARNING IN HESSE   
 ============== MATRIX FORCED POS-DEF BY ADDING 0.003126 TO DIAGONAL.
 FCN=-2.37858e+11 FROM HESSE     STATUS=NOT POSDEF     27 CALLS          55 TOTAL
                     EDM=5.71401e+06    STRATEGY= 1      ERR MATRIX NOT POS-DEF
  EXT PARAMETER                APPROXIMATE        STEP         FIRST   
  NO.   NAME      VALUE            ERROR          SIZE      DERIVATIVE 
   1  norm         5.60500e+05   6.92655e+01   2.67267e+00   5.89183e+01
   2  Q            5.65000e-01   6.52336e-06   1.00000e-03   1.83718e+08
   3  theta        0.00000e+00   5.74285e-04   1.84993e-02  -3.38572e+06
   4  pileup       9.99790e-04   9.23155e-08   1.00000e-02   1.63967e+09
 MIGRAD FAILS TO FIND IMPROVEMENT
 MACHINE ACCURACY LIMITS FURTHER IMPROVEMENT.
 MIGRAD MINIMIZATION HAS CONVERGED.
 MIGRAD WILL VERIFY CONVERGENCE AND ERROR MATRIX.
 EIGENVALUES OF SECOND-DERIVATIVE MATRIX:
        -5.2674e-01  3.3273e-01  7.2067e-01  3.4733e+00
 MINUIT WARNING IN HESSE   
 ============== MATRIX FORCED POS-DEF BY ADDING 0.530212 TO DIAGONAL.
 MIGRAD TERMINATED WITHOUT CONVERGENCE.
 FCN=-2.37858e+11 FROM MIGRAD    STATUS=FAILED        328 CALLS         329 TOTAL
                     EDM=148.981    STRATEGY= 1      ERR MATRIX NOT POS-DEF
  EXT PARAMETER                APPROXIMATE        STEP         FIRST   
  NO.   NAME      VALUE            ERROR          SIZE      DERIVATIVE 
   1  norm         5.58628e+05   5.62138e+01   1.72478e+03   5.60324e-02
   2  Q            5.65101e-01   4.81134e-06   5.55095e-04   1.83378e+05
   3  theta       -6.72221e-05   5.61777e-04   1.85905e-02  -1.88987e+04
   4  pileup       9.99895e-04   1.77893e-07   2.09867e-05   2.71669e+07
 EXTERNAL ERROR MATRIX.    NDIM=  25    NPAR=  4    ERR DEF=1
  3.160e+03 -2.687e-04 -3.095e-02  8.927e-06 
 -2.687e-04  2.315e-11  2.681e-09 -7.730e-13 
 -3.095e-02  2.681e-09  3.156e-07 -8.791e-11 
  8.927e-06 -7.730e-13 -8.791e-11  3.165e-14 
ERR MATRIX NOT POS-DEF
 PARAMETER  CORRELATION COEFFICIENTS  
       NO.  GLOBAL      1      2      3      4
        1  0.99456   1.000 -0.993 -0.980  0.893
        2  0.99812  -0.993  1.000  0.992 -0.903
        3  0.99367  -0.980  0.992  1.000 -0.880
        4  0.91631   0.893 -0.903 -0.880  1.000
 ERR MATRIX NOT POS-DEF
 **********
 **    2 **MIGRAD 
 **********
 START MIGRAD MINIMIZATION.  STRATEGY  1.  CONVERGENCE WHEN EDM .LT. 1.00e-04
 FCN=-2.37858e+11 FROM MIGRAD    STATUS=INITIATE        8 CALLS         337 TOTAL
                     EDM=53.0981    STRATEGY= 1      ERR MATRIX NOT POS-DEF
  EXT PARAMETER                APPROXIMATE        STEP         FIRST   
  NO.   NAME      VALUE            ERROR          SIZE      DERIVATIVE 
   1  norm         5.58628e+05   5.62138e+01   1.72478e+03   4.57897e-02
   2  Q            5.65101e-01   4.81134e-06   5.55095e-04   1.83448e+05
   3  theta       -6.72221e-05   5.61777e-04   1.85905e-02  -1.64368e+04
   4  pileup       9.99895e-04   1.77893e-07   2.09867e-05   2.26570e+07
 MIGRAD FAILS TO FIND IMPROVEMENT
 MACHINE ACCURACY LIMITS FURTHER IMPROVEMENT.
 MIGRAD MINIMIZATION HAS CONVERGED.
 MIGRAD WILL VERIFY CONVERGENCE AND ERROR MATRIX.
 EIGENVALUES OF SECOND-DERIVATIVE MATRIX:
        -6.9932e-04  3.6635e-01  8.5032e-01  2.7840e+00
 MINUIT WARNING IN HESSE   
 ============== MATRIX FORCED POS-DEF BY ADDING 0.003483 TO DIAGONAL.
 FCN=-2.37858e+11 FROM HESSE     STATUS=NOT POSDEF     29 CALLS         407 TOTAL
                     EDM=0.103136    STRATEGY= 1      ERR MATRIX NOT POS-DEF
  EXT PARAMETER                APPROXIMATE        STEP         FIRST   
  NO.   NAME      VALUE            ERROR          SIZE      DERIVATIVE 
   1  norm         5.58632e+05   9.60463e+01   1.72478e+03   6.27229e-02
   2  Q            5.65101e-01   3.16019e-05   8.68645e-05   2.02396e+05
   3  theta       -5.24352e-05   1.19579e-04   1.85905e-02  -7.70957e+03
   4  pileup       9.99804e-04   1.05020e-07   2.09865e-05   5.23282e+06
 MINUIT WARNING IN MIGRAD  
 ============== Negative diagonal element 2 in Error Matrix
 MINUIT WARNING IN MIGRAD  
 ============== 1 added to diagonal of error matrix
 MIGRAD FAILS TO FIND IMPROVEMENT
 MIGRAD TERMINATED WITHOUT CONVERGENCE.
 FCN=-2.37858e+11 FROM MIGRAD    STATUS=FAILED        113 CALLS         442 TOTAL
                     EDM=3.63599e+09    STRATEGY= 1      ERR MATRIX NOT POS-DEF
  EXT PARAMETER                APPROXIMATE        STEP         FIRST   
  NO.   NAME      VALUE            ERROR          SIZE      DERIVATIVE 
   1  norm         5.58645e+05   9.27325e+00  -0.00000e+00  -9.15251e-02
   2  Q            5.65097e-01   1.00000e+00  -0.00000e+00   4.06665e+09
   3  theta       -3.60433e-05   1.00000e+00  -0.00000e+00   1.76027e+04
   4  pileup       9.99792e-04   1.00000e+00   0.00000e+00  -3.01397e+07
 EXTERNAL ERROR MATRIX.    NDIM=  25    NPAR=  4    ERR DEF=1
  8.599e+01  3.179e-09  5.225e-04 -4.170e-08 
  3.179e-09  1.000e+00  2.287e-15  2.302e-17 
  5.225e-04  2.287e-15  1.000e+00  6.250e-12 
 -4.170e-08  2.302e-17  6.250e-12  1.000e+00 
ERR MATRIX NOT POS-DEF
 PARAMETER  CORRELATION COEFFICIENTS  
       NO.  GLOBAL      1      2      3      4
        1  0.00006   1.000  0.000  0.000 -0.000
        2  0.00000   0.000  1.000  0.000  0.000
        3  0.00006   0.000  0.000  1.000  0.000
        4  0.00000  -0.000  0.000  0.000  1.000
 ERR MATRIX NOT POS-DEF
status of the fit-----000------4
1  558645
2  0.565097
3  -3.60433e-05
4  0.000999792
 PARAMETER DEFINITIONS:
    NO.   NAME         VALUE      STEP SIZE      LIMITS
     1 norm         5.58645e+05  1.00000e-01     no limits
     2 Q            5.65097e-01  1.00000e-01     no limits
     3 theta       -3.60433e-05  1.00000e-01     no limits
     4 pileup       9.99792e-04  1.00000e-01     no limits
 **********
 **    3 **MIGRAD
 **********
 FIRST CALL TO USER FUNCTION AT NEW START POINT, WITH IFLAG=4.
 START MIGRAD MINIMIZATION.  STRATEGY  1.  CONVERGENCE WHEN EDM .LT. 1.00e-04
 FCN=-2.37858e+11 FROM MIGRAD    STATUS=INITIATE       16 CALLS         459 TOTAL
                     EDM= unknown      STRATEGY= 1      NO ERROR MATRIX       
  EXT PARAMETER               CURRENT GUESS       STEP         FIRST   
  NO.   NAME      VALUE            ERROR          SIZE      DERIVATIVE 
   1  norm         5.58645e+05   1.00000e-01   1.00000e-01  -2.69051e-02
   2  Q            5.65097e-01   1.00000e-01   1.00000e-01   6.55149e+06
   3  theta       -3.60433e-05   1.00000e-01   1.00000e-01   1.75837e+04
   4  pileup       9.99792e-04   1.00000e-01   1.00000e-01  -9.18064e+11
 MIGRAD FAILS TO FIND IMPROVEMENT
 COVARIANCE MATRIX CALCULATED SUCCESSFULLY
 FCN=-2.37858e+11 FROM HESSE     STATUS=OK             29 CALLS         499 TOTAL
                     EDM=15.0505    STRATEGY= 1      ERROR MATRIX ACCURATE 
  EXT PARAMETER                                   STEP         FIRST   
  NO.   NAME      VALUE            ERROR          SIZE      DERIVATIVE 
   1  norm         5.58645e+05   2.09594e+02   2.66383e+00  -2.70082e-02
   2  Q            5.65097e-01   2.00330e-05   1.00000e-03  -7.72473e+04
   3  theta       -3.60433e-05   1.75906e-03   1.85773e-02   2.07800e+03
   4  pileup       9.99792e-04   9.24472e-08   1.00000e-02  -2.24732e+06
 EIGENVALUES OF SECOND-DERIVATIVE MATRIX:
        -4.1085e-01  1.3140e-01  7.0774e-01  3.5717e+00
 MINUIT WARNING IN MIGRAD  
 ============== MATRIX FORCED POS-DEF BY ADDING 0.414420 TO DIAGONAL.
 MIGRAD FAILS TO FIND IMPROVEMENT
 MIGRAD TERMINATED WITHOUT CONVERGENCE.
 FCN=-2.37858e+11 FROM MIGRAD    STATUS=FAILED        102 CALLS         545 TOTAL
                     EDM=1.42208e+09    STRATEGY= 1  ERROR MATRIX UNCERTAINTY 100.0 per cent
  EXT PARAMETER                APPROXIMATE        STEP         FIRST   
  NO.   NAME      VALUE            ERROR          SIZE      DERIVATIVE 
   1  norm         5.58646e+05   1.07926e+01   0.00000e+00  -2.32620e-03
   2  Q            5.65097e-01   2.77502e-10   0.00000e+00   4.06707e+09
   3  theta       -4.06171e-05   1.18373e-04  -0.00000e+00   1.52622e+04
   4  pileup       9.99792e-04   1.13305e-08   0.00000e+00  -2.90186e+07
 EXTERNAL ERROR MATRIX.    NDIM=  25    NPAR=  4    ERR DEF=1
  1.165e+02 -1.819e-09  5.602e-04  7.488e-08 
 -1.819e-09  7.701e-20 -3.196e-14 -1.763e-18 
  5.602e-04 -3.196e-14  1.401e-08  5.413e-13 
  7.488e-08 -1.763e-18  5.413e-13  1.284e-16 
ERR MATRIX APPROXIMATE
 PARAMETER  CORRELATION COEFFICIENTS  
       NO.  GLOBAL      1      2      3      4
        1  0.93070   1.000 -0.607  0.438  0.612
        2  0.99776  -0.607  1.000 -0.973 -0.561
        3  0.99696   0.438 -0.973  1.000  0.404
        4  0.88815   0.612 -0.561  0.404  1.000
 ERR MATRIX APPROXIMATE
 **********
 **    4 **MIGRAD 
 **********
 START MIGRAD MINIMIZATION.  STRATEGY  1.  CONVERGENCE WHEN EDM .LT. 1.00e-04
 FCN=-2.37858e+11 FROM MIGRAD    STATUS=INITIATE       12 CALLS         557 TOTAL
                     EDM=101.251    STRATEGY= 1  ERROR MATRIX UNCERTAINTY 100.0 per cent
  EXT PARAMETER                APPROXIMATE        STEP         FIRST   
  NO.   NAME      VALUE            ERROR          SIZE      DERIVATIVE 
   1  norm         5.58646e+05   1.07926e+01   0.00000e+00  -8.43300e-03
   2  Q            5.65097e-01   2.77502e-10   0.00000e+00  -5.64577e+02
   3  theta       -4.06171e-05   1.18373e-04  -0.00000e+00   1.52618e+04
   4  pileup       9.99792e-04   1.13305e-08   0.00000e+00  -2.90187e+07
 MIGRAD FAILS TO FIND IMPROVEMENT
 MACHINE ACCURACY LIMITS FURTHER IMPROVEMENT.
 MIGRAD MINIMIZATION HAS CONVERGED.
 MIGRAD WILL VERIFY CONVERGENCE AND ERROR MATRIX.
 EIGENVALUES OF SECOND-DERIVATIVE MATRIX:
        -6.2018e-04  3.6654e-01  8.4991e-01  2.7842e+00
 MINUIT WARNING IN HESSE   
 ============== MATRIX FORCED POS-DEF BY ADDING 0.003404 TO DIAGONAL.
 FCN=-2.37858e+11 FROM HESSE     STATUS=NOT POSDEF     31 CALLS         599 TOTAL
                     EDM=0.00938743    STRATEGY= 1      ERR MATRIX NOT POS-DEF
  EXT PARAMETER                APPROXIMATE        STEP         FIRST   
  NO.   NAME      VALUE            ERROR          SIZE      DERIVATIVE 
   1  norm         5.58646e+05   9.60358e+01   5.32766e+02  -2.27550e-03
   2  Q            5.65097e-01   3.16024e-05   8.68917e-05  -6.62917e+02
   3  theta       -4.06171e-05   1.19870e-04   1.85866e-02  -2.59320e+02
   4  pileup       9.99792e-04   1.05203e-07   2.09850e-05  -5.82938e+05
 MINUIT WARNING IN MIGRAD  
 ============== Negative diagonal element 1 in Error Matrix
 MINUIT WARNING IN MIGRAD  
 ============== Negative diagonal element 2 in Error Matrix
 MINUIT WARNING IN MIGRAD  
 ============== Negative diagonal element 4 in Error Matrix
 MINUIT WARNING IN MIGRAD  
 ============== 879811 added to diagonal of error matrix
 MIGRAD FAILS TO FIND IMPROVEMENT
 MACHINE ACCURACY LIMITS FURTHER IMPROVEMENT.
 MIGRAD MINIMIZATION HAS CONVERGED.
 MIGRAD WILL VERIFY CONVERGENCE AND ERROR MATRIX.
 EIGENVALUES OF SECOND-DERIVATIVE MATRIX:
        -1.2918e-04  3.7090e-01  8.5086e-01  2.7784e+00
 MINUIT WARNING IN HESSE   
 ============== MATRIX FORCED POS-DEF BY ADDING 0.002908 TO DIAGONAL.
 MIGRAD TERMINATED WITHOUT CONVERGENCE.
 FCN=-2.37858e+11 FROM MIGRAD    STATUS=FAILED        106 CALLS         651 TOTAL
                     EDM=0.153113    STRATEGY= 1      ERR MATRIX NOT POS-DEF
  EXT PARAMETER                APPROXIMATE        STEP         FIRST   
  NO.   NAME      VALUE            ERROR          SIZE      DERIVATIVE 
   1  norm         5.58740e+05   9.67612e+01   2.13106e+02   1.11323e-02
   2  Q            5.65066e-01   3.14652e-05   3.47567e-05   4.01372e+04
   3  theta       -4.66068e-05   1.12354e-04   7.43464e-03  -3.69456e+03
   4  pileup       9.99818e-04   1.04157e-07   8.39401e-06   5.89846e+06
 EXTERNAL ERROR MATRIX.    NDIM=  25    NPAR=  4    ERR DEF=1
  9.363e+03 -3.031e-03 -1.766e-03 -6.552e-07 
 -3.031e-03  9.901e-10  7.566e-10  2.089e-13 
 -1.766e-03  7.566e-10  1.262e-08  5.140e-12 
 -6.552e-07  2.089e-13  5.140e-12  1.085e-14 
ERR MATRIX NOT POS-DEF
 PARAMETER  CORRELATION COEFFICIENTS  
       NO.  GLOBAL      1      2      3      4
        1  0.99720   1.000 -0.995 -0.162 -0.065
        2  0.99726  -0.995  1.000  0.214  0.064
        3  0.72105  -0.162  0.214  1.000  0.439
        4  0.53494  -0.065  0.064  0.439  1.000
 ERR MATRIX NOT POS-DEF
status of the fit-----000------4
1  558740
2  0.565066
3  -4.66068e-05
4  0.000999818
 PARAMETER DEFINITIONS:
    NO.   NAME         VALUE      STEP SIZE      LIMITS
     1 norm         5.58740e+05  1.00000e-01     no limits
     2 Q            5.65066e-01  1.00000e-01     no limits
     3 theta       -4.66068e-05  1.00000e-01     no limits
     4 pileup       9.99818e-04  1.00000e-01     no limits
 **********
 **    5 **MIGRAD
 **********
 FIRST CALL TO USER FUNCTION AT NEW START POINT, WITH IFLAG=4.
 START MIGRAD MINIMIZATION.  STRATEGY  1.  CONVERGENCE WHEN EDM .LT. 1.00e-04
 FCN=-2.37858e+11 FROM MIGRAD    STATUS=INITIATE       16 CALLS         668 TOTAL
                     EDM= unknown      STRATEGY= 1      NO ERROR MATRIX       
  EXT PARAMETER               CURRENT GUESS       STEP         FIRST   
  NO.   NAME      VALUE            ERROR          SIZE      DERIVATIVE 
   1  norm         5.58740e+05   1.00000e-01   1.00000e-01   1.11222e-02
   2  Q            5.65066e-01   1.00000e-01   1.00000e-01   7.47616e+06
   3  theta       -4.66068e-05   1.00000e-01   1.00000e-01   1.18467e+04
   4  pileup       9.99818e-04   1.00000e-01   1.00000e-01  -9.18062e+11
 MIGRAD FAILS TO FIND IMPROVEMENT
 EIGENVALUES OF SECOND-DERIVATIVE MATRIX:
        -9.0062e-05  3.8523e-01  9.1682e-01  2.6980e+00
 MINUIT WARNING IN HESSE   
 ============== MATRIX FORCED POS-DEF BY ADDING 0.002788 TO DIAGONAL.
 FCN=-2.37858e+11 FROM HESSE     STATUS=NOT POSDEF     29 CALLS         708 TOTAL
                     EDM=1.74191    STRATEGY= 1      ERR MATRIX NOT POS-DEF
  EXT PARAMETER                APPROXIMATE        STEP         FIRST   
  NO.   NAME      VALUE            ERROR          SIZE      DERIVATIVE 
   1  norm         5.58740e+05   6.89186e+01   2.66428e+00   1.09962e-02
   2  Q            5.65066e-01   6.53171e-06   1.00000e-03   4.01367e+04
   3  theta       -4.66068e-05   5.78781e-04   1.85562e-02  -3.67368e+03
   4  pileup       9.99818e-04   9.23013e-08   1.00000e-02   5.31284e+06
 MIGRAD FAILS TO FIND IMPROVEMENT
 MACHINE ACCURACY LIMITS FURTHER IMPROVEMENT.
 MIGRAD MINIMIZATION HAS CONVERGED.
 MIGRAD WILL VERIFY CONVERGENCE AND ERROR MATRIX.
 EIGENVALUES OF SECOND-DERIVATIVE MATRIX:
        -6.2935e-04  3.6663e-01  8.4986e-01  2.7841e+00
 MINUIT WARNING IN HESSE   
 ============== MATRIX FORCED POS-DEF BY ADDING 0.003413 TO DIAGONAL.
 MIGRAD TERMINATED WITHOUT CONVERGENCE.
 FCN=-2.37858e+11 FROM MIGRAD    STATUS=FAILED        141 CALLS         793 TOTAL
                     EDM=0.130582    STRATEGY= 1      ERR MATRIX NOT POS-DEF
  EXT PARAMETER                APPROXIMATE        STEP         FIRST   
  NO.   NAME      VALUE            ERROR          SIZE      DERIVATIVE 
   1  norm         5.58739e+05   9.60478e+01   5.32856e+02  -1.68028e-02
   2  Q            5.65066e-01   3.16019e-05   8.97549e-05  -4.69512e+04
   3  theta       -3.75609e-05   1.19793e-04   1.85654e-02  -3.03114e+02
   4  pileup       9.99818e-04   1.05207e-07   2.09854e-05   4.40345e+06
 EXTERNAL ERROR MATRIX.    NDIM=  25    NPAR=  4    ERR DEF=1
  9.225e+03 -3.021e-03 -4.050e-03 -1.574e-06 
 -3.021e-03  9.987e-10  1.520e-09  5.155e-13 
 -4.050e-03  1.520e-09  1.435e-08  5.774e-12 
 -1.574e-06  5.155e-13  5.774e-12  1.107e-14 
ERR MATRIX NOT POS-DEF
 PARAMETER  CORRELATION COEFFICIENTS  
       NO.  GLOBAL      1      2      3      4
        1  0.99716   1.000 -0.995 -0.352 -0.156
        2  0.99729  -0.995  1.000  0.402  0.155
        3  0.76020  -0.352  0.402  1.000  0.458
        4  0.54844  -0.156  0.155  0.458  1.000
 ERR MATRIX NOT POS-DEF
 **********
 **    6 **MIGRAD 
 **********
 START MIGRAD MINIMIZATION.  STRATEGY  1.  CONVERGENCE WHEN EDM .LT. 1.00e-04
 FCN=-2.37858e+11 FROM MIGRAD    STATUS=INITIATE        8 CALLS         801 TOTAL
                     EDM=0.0365662    STRATEGY= 1      ERR MATRIX NOT POS-DEF
  EXT PARAMETER                APPROXIMATE        STEP         FIRST   
  NO.   NAME      VALUE            ERROR          SIZE      DERIVATIVE 
   1  norm         5.58739e+05   9.60478e+01   5.32856e+02  -1.77785e-02
   2  Q            5.65066e-01   3.16019e-05   8.97549e-05  -4.66289e+04
   3  theta       -3.75609e-05   1.19793e-04   1.85654e-02   2.16161e+03
   4  pileup       9.99818e-04   1.05207e-07   2.09854e-05  -1.07055e+05
 MINUIT WARNING IN MIGRAD  
 ============== Negative diagonal element 2 in Error Matrix
 MINUIT WARNING IN MIGRAD  
 ============== 1 added to diagonal of error matrix
 MIGRAD FAILS TO FIND IMPROVEMENT
 EIGENVALUES OF SECOND-DERIVATIVE MATRIX:
        -4.8727e-01  3.3968e-01  7.0622e-01  3.4414e+00
 MINUIT WARNING IN HESSE   
 ============== MATRIX FORCED POS-DEF BY ADDING 0.490707 TO DIAGONAL.
 FCN=-2.37858e+11 FROM HESSE     STATUS=NOT POSDEF     31 CALLS         859 TOTAL
                     EDM=2.66885    STRATEGY= 1      ERR MATRIX NOT POS-DEF
  EXT PARAMETER                APPROXIMATE        STEP         FIRST   
  NO.   NAME      VALUE            ERROR          SIZE      DERIVATIVE 
   1  norm         5.58757e+05   4.95497e+01   1.72513e+03   1.07909e-03
   2  Q            5.65060e-01   5.10555e-06   5.55044e-04   9.12330e+03
   3  theta       -5.54322e-05   6.29790e-04   1.85657e-02  -3.96344e+03
   4  pileup       9.99810e-04   1.84521e-07   2.09867e-05   4.53685e+06
 MINUIT WARNING IN MIGRAD  
 ============== Negative diagonal element 2 in Error Matrix
 MINUIT WARNING IN MIGRAD  
 ============== 1 added to diagonal of error matrix
 MIGRAD FAILS TO FIND IMPROVEMENT
 MIGRAD TERMINATED WITHOUT CONVERGENCE.
 FCN=-2.37858e+11 FROM MIGRAD    STATUS=FAILED        102 CALLS         895 TOTAL
                     EDM=2.73133e+07    STRATEGY= 1      ERR MATRIX NOT POS-DEF
  EXT PARAMETER                APPROXIMATE        STEP         FIRST   
  NO.   NAME      VALUE            ERROR          SIZE      DERIVATIVE 
   1  norm         5.58758e+05   6.58840e+00  -0.00000e+00  -6.12771e-02
   2  Q            5.65060e-01   1.00000e+00  -0.00000e+00   3.65438e+09
   3  theta       -5.03475e-05   1.00000e+00  -0.00000e+00   1.28252e+04
   4  pileup       9.99806e-04   1.00000e+00   0.00000e+00  -2.51390e+07
 EXTERNAL ERROR MATRIX.    NDIM=  25    NPAR=  4    ERR DEF=1
  4.341e+01 -2.941e-10  1.892e-04 -7.559e-08 
 -2.941e-10  1.000e+00  1.683e-15  1.729e-17 
  1.892e-04  1.683e-15  1.000e+00  2.584e-12 
 -7.559e-08  1.729e-17  2.584e-12  1.000e+00 
ERR MATRIX NOT POS-DEF
 PARAMETER  CORRELATION COEFFICIENTS  
       NO.  GLOBAL      1      2      3      4
        1  0.00003   1.000 -0.000  0.000 -0.000
        2  0.00000  -0.000  1.000  0.000  0.000
        3  0.00003   0.000  0.000  1.000  0.000
        4  0.00000  -0.000  0.000  0.000  1.000
 ERR MATRIX NOT POS-DEF
status of the fit-----000------4
1  558758
2  0.56506
3  -5.03475e-05
4  0.000999806
