  *******************************************
  *                                         *
  *        W E L C O M E  to  R O O T       *
  *                                         *
  *   Version   5.34/36      5 April 2016   *
  *                                         *
  *  You are welcome to visit our Web site  *
  *          http://root.cern.ch            *
  *                                         *
  *******************************************

ROOT 5.34/36 (v5-34-36@v5-34-36, Apr 05 2016, 10:25:45 on linuxx8664gcc)

CINT/ROOT C/C++ Interpreter version 5.18.00, July 2, 2010
Type ? for help. Commands must be C++ statements.
Enclose multiple statements between { }.
Loading root init file.
The rat/rootinit.C file loaded the DEAP style for you, which is available from the fStyle pointer.
DEAP style applied. 
RAT: Libraries loaded.

Processing /home/fatemigh/projects/rpp-jillings/fatemigh/sterile/Likelihood/LikelihoodSterile_modified6.C+(364)...
pased here
566 lines read from file
31
spec_E  566
Before entering fitting
 **********
 **    1 **SET PRINT           2
 **********
 **********
 **    2 **SET NOGRAD
 **********
 PARAMETER DEFINITIONS:
    NO.   NAME         VALUE      STEP SIZE      LIMITS
     1 p0           5.58000e+05  1.67400e+05     no limits
     2 p1           5.65000e-01  1.69500e-01     no limits
     3 p2           0.00000e+00  3.00000e-01     no limits
     4 p3           9.99871e-04  2.99961e-04     no limits
 **********
 **    3 **SET ERR         0.5
 **********
 **********
 **    4 **SET PRINT           2
 **********
 **********
 **    5 **SET STR           1
 **********
 NOW USING STRATEGY  1: TRY TO BALANCE SPEED AGAINST RELIABILITY
 **********
 **    6 **MIGRAD        1480        0.01
 **********
 FIRST CALL TO USER FUNCTION AT NEW START POINT, WITH IFLAG=4.
 START MIGRAD MINIMIZATION.  STRATEGY  1.  CONVERGENCE WHEN EDM .LT. 1.00e-05
 FCN=17200 FROM MIGRAD    STATUS=INITIATE       16 CALLS          17 TOTAL
                     EDM= unknown      STRATEGY= 1      NO ERROR MATRIX       
  EXT PARAMETER               CURRENT GUESS       STEP         FIRST   
  NO.   NAME      VALUE            ERROR          SIZE      DERIVATIVE 
   1  p0           5.58000e+05   1.67400e+05   1.67400e+05  -3.61596e+01
   2  p1           5.65000e-01   1.69500e-01   1.69500e-01  -5.10072e+08
   3  p2           0.00000e+00   3.00000e-01   3.00000e-01   0.00000e+00
   4  p3           9.99871e-04   2.99961e-04   2.99961e-04  -9.64472e+08
                               ERR DEF= 0.5
NO ERROR MATRIX       
 FCN=1107.13 FROM MIGRAD    STATUS=PROGRESS       33 CALLS          34 TOTAL
                     EDM=3135.6    STRATEGY= 1      NO ERROR MATRIX       
  EXT PARAMETER               CURRENT GUESS       STEP         FIRST   
  NO.   NAME      VALUE            ERROR          SIZE      DERIVATIVE 
   1  p0           5.58693e+05   1.67400e+05   6.93126e+02  -2.04988e+00
   2  p1           5.65040e-01   1.69500e-01   4.00420e-05  -6.33189e+06
   3  p2           0.00000e+00   3.00000e-01  -0.00000e+00   0.00000e+00
   4  p3           1.00261e-03   2.99961e-04   2.74119e-06   6.11989e+08
                               ERR DEF= 0.5
 MIGRAD MINIMIZATION HAS CONVERGED.
 MIGRAD WILL VERIFY CONVERGENCE AND ERROR MATRIX.
   START COVARIANCE MATRIX CALCULATION.
 EIGENVALUES OF SECOND-DERIVATIVE MATRIX:
         2.0972e-03  8.3707e-01  1.0099e+00  2.1510e+00
 COVARIANCE MATRIX CALCULATED SUCCESSFULLY
 FCN=65.8668 FROM HESSE     STATUS=OK             27 CALLS          93 TOTAL
                     EDM=0.00230728    STRATEGY= 1      ERROR MATRIX ACCURATE 
  EXT PARAMETER                                   STEP         FIRST   
  NO.   NAME      VALUE            ERROR          SIZE      DERIVATIVE 
   1  p0           5.58821e+05   7.87269e+01   2.66466e-01   7.81738e-06
   2  p1           5.65043e-01   2.55450e-05   2.69433e-07  -2.63376e+03
   3  p2           0.00000e+00   4.75927e-03   5.36164e-05   0.00000e+00
   4  p3           9.99667e-04   6.31639e-08   4.76679e-10   1.71407e+03
                               ERR DEF= 0.5
 PARAMETER  CORRELATION COEFFICIENTS  
       NO.  GLOBAL      1      2      3      4
        1  0.99789   1.000 -0.998  0.027  0.322
        2  0.99792  -0.998  1.000 -0.027 -0.341
        3  0.05518   0.027 -0.027  1.000  0.054
        4  0.43587   0.322 -0.341  0.054  1.000
 FCN=65.8436 FROM MIGRAD    STATUS=PROGRESS      103 CALLS         104 TOTAL
                     EDM=0.017667    STRATEGY= 1      ERROR MATRIX ACCURATE 
  EXT PARAMETER                                   STEP         FIRST   
  NO.   NAME      VALUE            ERROR          SIZE      DERIVATIVE 
   1  p0           5.58767e+05   7.87269e+01  -5.34120e+01   6.55225e-03
   2  p1           5.65060e-01   2.55450e-05   1.73707e-05   1.76636e+04
   3  p2          -8.88326e-05   4.75927e-03  -8.88326e-05  -3.86143e+00
   4  p3           9.99653e-04   6.31639e-08  -1.46878e-08  -2.91691e+06
                               ERR DEF= 0.5
 MIGRAD MINIMIZATION HAS CONVERGED.
 MIGRAD WILL VERIFY CONVERGENCE AND ERROR MATRIX.
   START COVARIANCE MATRIX CALCULATION.
 EIGENVALUES OF SECOND-DERIVATIVE MATRIX:
         1.2847e-03  8.2183e-01  1.0000e+00  2.1769e+00
 COVARIANCE MATRIX CALCULATED SUCCESSFULLY
 FCN=65.47 FROM MIGRAD    STATUS=CONVERGED     207 CALLS         208 TOTAL
                     EDM=3.25112e-06    STRATEGY= 1      ERROR MATRIX ACCURATE 
  EXT PARAMETER                                   STEP         FIRST   
  NO.   NAME      VALUE            ERROR          SIZE      DERIVATIVE 
   1  p0           5.57896e+05   1.00683e+02   2.66026e-01  -2.46495e-05
   2  p1           5.65341e-01   3.26035e-05   2.69575e-07  -5.95801e+01
   3  p2           2.74192e-06   6.39922e-03   3.15586e-05   1.07547e-01
   4  p3           9.99649e-04   6.61227e-08   4.76670e-10  -2.23654e+04
                               ERR DEF= 0.5
 EXTERNAL ERROR MATRIX.    NDIM=  25    NPAR=  4    ERR DEF=0.5
  1.014e+04 -3.278e-03 -3.342e-02  1.356e-06 
 -3.278e-03  1.063e-09  1.082e-08 -4.755e-13 
 -3.342e-02  1.082e-08  4.095e-05 -4.159e-12 
  1.356e-06 -4.755e-13 -4.159e-12  4.372e-15 
 PARAMETER  CORRELATION COEFFICIENTS  
       NO.  GLOBAL      1      2      3      4
        1  0.99871   1.000 -0.999 -0.052  0.204
        2  0.99872  -0.999  1.000  0.052 -0.221
        3  0.05191  -0.052  0.052  1.000 -0.010
        4  0.38110   0.204 -0.221 -0.010  1.000
 EXTERNAL ERROR MATRIX.    NDIM=   4    NPAR=  4    ERR DEF=0.5
  1.014e+04 -3.278e-03 -3.342e-02  1.356e-06 
 -3.278e-03  1.063e-09  1.082e-08 -4.755e-13 
 -3.342e-02  1.082e-08  4.095e-05 -4.159e-12 
  1.356e-06 -4.755e-13 -4.159e-12  4.372e-15 
 FCN=65.47 FROM MIGRAD    STATUS=CONVERGED     207 CALLS         208 TOTAL
                     EDM=3.25112e-06    STRATEGY= 1      ERROR MATRIX ACCURATE 
  EXT PARAMETER                  PARABOLIC         MINOS ERRORS        
  NO.   NAME      VALUE            ERROR      NEGATIVE      POSITIVE   
   1  p0           5.57896e+05   1.00683e+02                            
   2  p1           5.65341e-01   3.26035e-05                            
   3  p2           2.74192e-06   6.39922e-03                            
   4  p3           9.99649e-04   6.61227e-08                            
                               ERR DEF= 0.5
------------------------------------------
Enering ROOFIt-------
 PARAMETER DEFINITIONS:
    NO.   NAME         VALUE      STEP SIZE      LIMITS
     1 norm         5.57896e+05  1.00000e-01     no limits
     2 Q            5.65000e-01  1.00000e-01     no limits
     3 theta        0.00000e+00  1.00000e-01     no limits
     4 pileup       9.99649e-04  1.00000e-01     no limits
 **********
 **    1 **MIGRAD
 **********
 FIRST CALL TO USER FUNCTION AT NEW START POINT, WITH IFLAG=4.
 START MIGRAD MINIMIZATION.  STRATEGY  1.  CONVERGENCE WHEN EDM .LT. 1.00e-04
 FCN=-2.37859e+11 FROM MIGRAD    STATUS=INITIATE       14 CALLS          15 TOTAL
                     EDM= unknown      STRATEGY= 1      NO ERROR MATRIX       
  EXT PARAMETER               CURRENT GUESS       STEP         FIRST   
  NO.   NAME      VALUE            ERROR          SIZE      DERIVATIVE 
   1  norm         5.57896e+05   1.00000e-01   1.00000e-01  -4.03586e+01
   2  Q            5.65000e-01   1.00000e-01   1.00000e-01  -6.11904e+08
   3  theta        0.00000e+00   1.00000e-01   1.00000e-01   0.00000e+00
   4  pileup       9.99649e-04   1.00000e-01   1.00000e-01  -9.19476e+11
 MIGRAD FAILS TO FIND IMPROVEMENT
 EIGENVALUES OF SECOND-DERIVATIVE MATRIX:
        -2.1480e-01  4.4873e-01  6.6734e-01  3.0987e+00
 MINUIT WARNING IN HESSE   
 ============== MATRIX FORCED POS-DEF BY ADDING 0.217898 TO DIAGONAL.
 FCN=-2.37859e+11 FROM HESSE     STATUS=NOT POSDEF     27 CALLS          94 TOTAL
                     EDM=2751    STRATEGY= 1      ERR MATRIX NOT POS-DEF
  EXT PARAMETER                APPROXIMATE        STEP         FIRST   
  NO.   NAME      VALUE            ERROR          SIZE      DERIVATIVE 
   1  norm         5.58824e+05   1.02656e+01   1.72569e+03   1.14845e+00
   2  Q            5.65010e-01   4.92012e-06   5.55073e-04   3.63232e+06
   3  theta        0.00000e+00   9.43933e-03   1.19470e-01   0.00000e+00
   4  pileup       1.00423e-03   9.24919e-08   2.10467e-05   1.06524e+09
 MIGRAD FAILS TO FIND IMPROVEMENT
 MACHINE ACCURACY LIMITS FURTHER IMPROVEMENT.
 MIGRAD MINIMIZATION HAS CONVERGED.
 MIGRAD WILL VERIFY CONVERGENCE AND ERROR MATRIX.
 EIGENVALUES OF SECOND-DERIVATIVE MATRIX:
        -4.4509e-04  3.7419e-01  8.5108e-01  2.7752e+00
 MINUIT WARNING IN HESSE   
 ============== MATRIX FORCED POS-DEF BY ADDING 0.003220 TO DIAGONAL.
 MIGRAD TERMINATED WITHOUT CONVERGENCE.
 FCN=-2.37859e+11 FROM MIGRAD    STATUS=FAILED        216 CALLS         217 TOTAL
                     EDM=2.48278    STRATEGY= 1      ERR MATRIX NOT POS-DEF
  EXT PARAMETER                APPROXIMATE        STEP         FIRST   
  NO.   NAME      VALUE            ERROR          SIZE      DERIVATIVE 
   1  norm         5.58918e+05   9.66842e+01   1.72566e+03   1.73445e-01
   2  Q            5.65013e-01   3.15256e-05   9.45186e-05   5.37780e+05
   3  theta       -4.65617e-05   1.05223e-03   1.07013e-01  -1.25834e+00
   4  pileup       9.99714e-04   1.03957e-07   2.09851e-05   1.49642e+07
 EXTERNAL ERROR MATRIX.    NDIM=  25    NPAR=  4    ERR DEF=1
  9.348e+03 -3.034e-03 -2.187e-02 -7.902e-07 
 -3.034e-03  9.939e-10  8.814e-09  2.526e-13 
 -2.187e-02  8.814e-09  1.107e-06  4.773e-11 
 -7.902e-07  2.526e-13  4.773e-11  1.081e-14 
ERR MATRIX NOT POS-DEF
 PARAMETER  CORRELATION COEFFICIENTS  
       NO.  GLOBAL      1      2      3      4
        1  0.99720   1.000 -0.996 -0.215 -0.079
        2  0.99727  -0.996  1.000  0.266  0.077
        3  0.72637  -0.215  0.266  1.000  0.436
        4  0.53268  -0.079  0.077  0.436  1.000
 ERR MATRIX NOT POS-DEF
 **********
 **    2 **MIGRAD 
 **********
 START MIGRAD MINIMIZATION.  STRATEGY  1.  CONVERGENCE WHEN EDM .LT. 1.00e-04
 FCN=-2.37859e+11 FROM MIGRAD    STATUS=INITIATE        8 CALLS         225 TOTAL
                     EDM=1.23607    STRATEGY= 1      ERR MATRIX NOT POS-DEF
  EXT PARAMETER                APPROXIMATE        STEP         FIRST   
  NO.   NAME      VALUE            ERROR          SIZE      DERIVATIVE 
   1  norm         5.58918e+05   9.66842e+01   1.72566e+03   1.63210e-01
   2  Q            5.65013e-01   3.15256e-05   9.45186e-05   5.38107e+05
   3  theta       -4.65617e-05   1.05223e-03   1.07013e-01  -5.71609e+01
   4  pileup       9.99714e-04   1.03957e-07   2.09851e-05   1.04533e+07
 MINUIT WARNING IN MIGRAD  
 ============== Negative diagonal element 2 in Error Matrix
 MINUIT WARNING IN MIGRAD  
 ============== 1 added to diagonal of error matrix
 MIGRAD FAILS TO FIND IMPROVEMENT
 COVARIANCE MATRIX CALCULATED SUCCESSFULLY
 FCN=-2.37859e+11 FROM HESSE     STATUS=OK             31 CALLS         283 TOTAL
                     EDM=0.0367425    STRATEGY= 1      ERROR MATRIX ACCURATE 
  EXT PARAMETER                                   STEP         FIRST   
  NO.   NAME      VALUE            ERROR          SIZE      DERIVATIVE 
   1  norm         5.58947e+05   9.00814e+00   1.72567e+03  -1.05844e-02
   2  Q            5.65002e-01   1.25457e-06   5.54956e-04  -3.53753e+04
   3  theta       -4.59123e-04   5.67904e-03   4.27184e-02  -2.08512e+01
   4  pileup       9.99684e-04   1.05342e-07   2.09864e-05   2.80898e+06
 MIGRAD FAILS TO FIND IMPROVEMENT
 MACHINE ACCURACY LIMITS FURTHER IMPROVEMENT.
 MIGRAD MINIMIZATION HAS CONVERGED.
 FCN=-2.37859e+11 FROM MIGRAD    STATUS=CONVERGED     110 CALLS         327 TOTAL
                     EDM=4562.94    STRATEGY= 1  ERROR MATRIX UNCERTAINTY   0.4 per cent
  EXT PARAMETER                                   STEP         FIRST   
  NO.   NAME      VALUE            ERROR          SIZE      DERIVATIVE 
   1  norm         5.58948e+05   8.98659e+00   0.00000e+00  -5.45466e-02
   2  Q            5.65002e-01   2.29902e-08   0.00000e+00   1.12871e+08
   3  theta       -3.23884e-05   2.35266e-03   0.00000e+00  -6.34511e+02
   4  pileup       9.99671e-04   6.08882e-08   0.00000e+00  -2.78639e+07
 EXTERNAL ERROR MATRIX.    NDIM=  25    NPAR=  4    ERR DEF=1
  8.076e+01  1.100e-07  1.216e-02  1.610e-08 
  1.100e-07  5.285e-16  4.586e-11  1.035e-15 
  1.216e-02  4.586e-11  5.535e-06  4.357e-11 
  1.610e-08  1.035e-15  4.357e-11  3.707e-15 
 PARAMETER  CORRELATION COEFFICIENTS  
       NO.  GLOBAL      1      2      3      4
        1  0.96631   1.000  0.532  0.575  0.029
        2  0.99869   0.532  1.000  0.848  0.739
        3  0.99599   0.575  0.848  1.000  0.304
        4  0.99586   0.029  0.739  0.304  1.000
status of the fit-----000------0
1  558948
2  0.565002
3  -3.23884e-05
4  0.000999671
 **********
 **    7 **SET PRINT           2
 **********
 **********
 **    8 **SET NOGRAD
 **********
 PARAMETER DEFINITIONS:
    NO.   NAME         VALUE      STEP SIZE      LIMITS
     1 p0           5.58000e+05  1.67400e+05     no limits
     2 p1           5.65000e-01  1.69500e-01     no limits
     3 p2           0.00000e+00  3.00000e-01     no limits
     4 p3           9.99871e-04  2.99961e-04     no limits
 **********
 **    9 **SET ERR         0.5
 **********
 **********
 **   10 **SET PRINT           2
 **********
 **********
 **   11 **SET STR           1
 **********
 NOW USING STRATEGY  1: TRY TO BALANCE SPEED AGAINST RELIABILITY
 **********
 **   12 **MIGRAD        1480        0.01
 **********
 FIRST CALL TO USER FUNCTION AT NEW START POINT, WITH IFLAG=4.
 START MIGRAD MINIMIZATION.  STRATEGY  1.  CONVERGENCE WHEN EDM .LT. 1.00e-05
 FCN=17466.9 FROM MIGRAD    STATUS=INITIATE       18 CALLS          19 TOTAL
                     EDM= unknown      STRATEGY= 1      NO ERROR MATRIX       
  EXT PARAMETER               CURRENT GUESS       STEP         FIRST   
  NO.   NAME      VALUE            ERROR          SIZE      DERIVATIVE 
   1  p0           5.58000e+05   1.67400e+05   1.67400e+05  -3.64392e+01
   2  p1           5.65000e-01   1.69500e-01   1.69500e-01  -1.13112e+08
   3  p2           0.00000e+00   3.00000e-01   3.00000e-01   0.00000e+00
   4  p3           9.99871e-04   2.99961e-04   2.99961e-04  -1.01280e+09
                               ERR DEF= 0.5
NO ERROR MATRIX       
 FCN=470.331 FROM MIGRAD    STATUS=PROGRESS       34 CALLS          35 TOTAL
                     EDM=1298.6    STRATEGY= 1      NO ERROR MATRIX       
  EXT PARAMETER               CURRENT GUESS       STEP         FIRST   
  NO.   NAME      VALUE            ERROR          SIZE      DERIVATIVE 
   1  p0           5.58441e+05   1.67400e+05   4.41032e+02  -8.21358e-01
   2  p1           5.65142e-01   1.69500e-01   1.42221e-04  -2.52128e+06
   3  p2           0.00000e+00   3.00000e-01  -0.00000e+00   0.00000e+00
   4  p3           1.00169e-03   2.99961e-04   1.81724e-06   3.97910e+08
                               ERR DEF= 0.5
 FCN=71.249 FROM MIGRAD    STATUS=PROGRESS      145 CALLS         146 TOTAL
                     EDM=4.31286e-06    STRATEGY= 1  ERROR MATRIX UNCERTAINTY  32.1 per cent
  EXT PARAMETER                APPROXIMATE        STEP         FIRST   
  NO.   NAME      VALUE            ERROR          SIZE      DERIVATIVE 
   1  p0           5.59765e+05   6.15944e+02   8.59256e-01   6.85782e-05
   2  p1           5.64740e-01   1.97746e-04  -2.79009e-07   2.24315e+02
   3  p2           0.00000e+00   4.90421e-04  -0.00000e+00   0.00000e+00
   4  p3           9.99863e-04   6.67472e-08  -1.81344e-10   5.57387e+03
                               ERR DEF= 0.5
 MIGRAD MINIMIZATION HAS CONVERGED.
 MIGRAD WILL VERIFY CONVERGENCE AND ERROR MATRIX.
   START COVARIANCE MATRIX CALCULATION.
 MINUIT WARNING IN HESSE   
 ============== Negative diagonal element 3 in Error Matrix
 MINUIT WARNING IN HESSE   
 ============== 9206.77 added to diagonal of error matrix
 EIGENVALUES OF SECOND-DERIVATIVE MATRIX:
        -7.2762e+00  9.9990e-01  1.0402e+00  9.2361e+00
 MINUIT WARNING IN HESSE   
 ============== MATRIX FORCED POS-DEF BY ADDING 7.285433 TO DIAGONAL.
 FCN=71.249 FROM MIGRAD    STATUS=CONVERGED     186 CALLS         187 TOTAL
                     EDM=3.33872e-07    STRATEGY= 1      ERR MATRIX NOT POS-DEF
  EXT PARAMETER                APPROXIMATE        STEP         FIRST   
  NO.   NAME      VALUE            ERROR          SIZE      DERIVATIVE 
   1  p0           5.59765e+05   3.62066e-03   2.66917e-01   8.73650e-05
   2  p1           5.64740e-01   1.33794e-06   2.69289e-07   2.09409e+02
   3  p2           0.00000e+00   7.34478e+00   6.20319e-05   0.00000e+00
   4  p3           9.99863e-04   4.52143e-07   4.76772e-10   1.80997e+03
                               ERR DEF= 0.5
 EXTERNAL ERROR MATRIX.    NDIM=  25    NPAR=  4    ERR DEF=0.5
  1.311e-05 -3.610e-12 -1.888e-05  1.155e-12 
 -3.610e-12  1.790e-12  8.881e-06 -5.466e-13 
 -1.888e-05  8.881e-06  5.395e+01 -3.317e-06 
  1.155e-12 -5.466e-13 -3.317e-06  2.044e-13 
ERR MATRIX NOT POS-DEF
 PARAMETER  CORRELATION COEFFICIENTS  
       NO.  GLOBAL      1      2      3      4
        1  0.00075   1.000 -0.001 -0.001  0.001
        2  0.90392  -0.001  1.000  0.904 -0.904
        3  0.99888  -0.001  0.904  1.000 -0.999
        4  0.99888   0.001 -0.904 -0.999  1.000
 ERR MATRIX NOT POS-DEF
 **********
 **   13 **HESSE        1480
 **********
   START COVARIANCE MATRIX CALCULATION.
 MINUIT WARNING IN HESSE   
 ============== Negative diagonal element 3 in Error Matrix
 MINUIT WARNING IN HESSE   
 ============== 9206.77 added to diagonal of error matrix
 EIGENVALUES OF SECOND-DERIVATIVE MATRIX:
         6.3692e-01  6.6358e-01  9.9999e-01  1.6995e+00
 COVARIANCE MATRIX CALCULATED SUCCESSFULLY
 FCN=71.249 FROM HESSE     STATUS=OK             31 CALLS         218 TOTAL
                     EDM=9.58569e-06    STRATEGY= 1      ERROR MATRIX ACCURATE 
  EXT PARAMETER                                INTERNAL      INTERNAL  
  NO.   NAME      VALUE            ERROR       STEP SIZE       VALUE   
   1  p0           5.59765e+05   1.04219e-02   1.01060e+00   5.59765e+05
   2  p1           5.64740e-01   1.81103e-06   1.34644e-07   5.64740e-01
   3  p2           0.00000e+00   1.10926e+00   6.20319e-05   0.00000e+00
   4  p3           9.99863e-04   6.89996e-08   1.12097e-08   9.99863e-04
                               ERR DEF= 0.5
 EXTERNAL ERROR MATRIX.    NDIM=  25    NPAR=  4    ERR DEF=0.5
  1.086e-04 -3.134e-11  8.549e-06  1.496e-13 
 -3.134e-11  3.280e-12  5.086e-07 -3.080e-14 
  8.549e-06  5.086e-07  1.230e+00  2.126e-08 
  1.496e-13 -3.080e-14  2.126e-08  4.761e-15 
 PARAMETER  CORRELATION COEFFICIENTS  
       NO.  GLOBAL      1      2      3      4
        1  0.00216   1.000 -0.002  0.001  0.000
        2  0.41574  -0.002  1.000  0.253 -0.246
        3  0.43277   0.001  0.253  1.000  0.278
        4  0.42939   0.000 -0.246  0.278  1.000
 EXTERNAL ERROR MATRIX.    NDIM=   4    NPAR=  4    ERR DEF=0.5
  1.086e-04 -3.134e-11  8.549e-06  1.496e-13 
 -3.134e-11  3.280e-12  5.086e-07 -3.080e-14 
  8.549e-06  5.086e-07  1.230e+00  2.126e-08 
  1.496e-13 -3.080e-14  2.126e-08  4.761e-15 
 FCN=71.249 FROM HESSE     STATUS=OK             31 CALLS         218 TOTAL
                     EDM=9.58569e-06    STRATEGY= 1      ERROR MATRIX ACCURATE 
  EXT PARAMETER                  PARABOLIC         MINOS ERRORS        
  NO.   NAME      VALUE            ERROR      NEGATIVE      POSITIVE   
   1  p0           5.59765e+05   1.04219e-02                            
   2  p1           5.64740e-01   1.81103e-06                            
   3  p2           0.00000e+00   1.10926e+00                            
   4  p3           9.99863e-04   6.89996e-08                            
                               ERR DEF= 0.5
------------------------------------------
Enering ROOFIt-------
 PARAMETER DEFINITIONS:
    NO.   NAME         VALUE      STEP SIZE      LIMITS
     1 norm         5.59765e+05  1.00000e-01     no limits
     2 Q            5.65000e-01  1.00000e-01     no limits
     3 theta        0.00000e+00  1.00000e-01     no limits
     4 pileup       9.99863e-04  1.00000e-01     no limits
 **********
 **    1 **MIGRAD
 **********
 FIRST CALL TO USER FUNCTION AT NEW START POINT, WITH IFLAG=4.
 START MIGRAD MINIMIZATION.  STRATEGY  1.  CONVERGENCE WHEN EDM .LT. 1.00e-04
 FCN=-2.37862e+11 FROM MIGRAD    STATUS=INITIATE       41 CALLS          42 TOTAL
                     EDM= unknown      STRATEGY= 1      NO ERROR MATRIX       
  EXT PARAMETER               CURRENT GUESS       STEP         FIRST   
  NO.   NAME      VALUE            ERROR          SIZE      DERIVATIVE 
   1  norm         5.59765e+05   1.00000e-01   0.00000e+00   8.89258e+00
   2  Q            5.65000e-01   1.00000e-01   0.00000e+00   2.67028e+07
   3  theta        1.00000e-01   1.00000e-01   1.00000e-01   6.07912e+05
   4  pileup       9.99863e-04   1.00000e-01   0.00000e+00  -7.24784e+08
 MIGRAD FAILS TO FIND IMPROVEMENT
 COVARIANCE MATRIX CALCULATED SUCCESSFULLY
 FCN=-2.37862e+11 FROM HESSE     STATUS=OK             27 CALLS          98 TOTAL
                     EDM=63590.2    STRATEGY= 1      ERROR MATRIX ACCURATE 
  EXT PARAMETER                                   STEP         FIRST   
  NO.   NAME      VALUE            ERROR          SIZE      DERIVATIVE 
   1  norm         5.59456e+05   4.45106e+01   2.66917e+02   5.07919e+00
   2  Q            5.64906e-01   3.71090e-07   5.53745e-04   1.57389e+07
   3  theta        5.53017e-02   3.88849e-03   1.35601e-01  -1.36349e+03
   4  pileup       1.00357e-03   4.16744e-07   2.09607e-05   6.96185e+08
 MINUIT WARNING IN MIGRAD  
 ============== Negative diagonal element 2 in Error Matrix
 MINUIT WARNING IN MIGRAD  
 ============== Negative diagonal element 3 in Error Matrix
 MINUIT WARNING IN MIGRAD  
 ============== 1 added to diagonal of error matrix
 MIGRAD FAILS TO FIND IMPROVEMENT
 MIGRAD TERMINATED WITHOUT CONVERGENCE.
 FCN=-2.37862e+11 FROM MIGRAD    STATUS=FAILED        158 CALLS         159 TOTAL
                     EDM=91835.7    STRATEGY= 1  ERROR MATRIX UNCERTAINTY 100.0 per cent
  EXT PARAMETER                APPROXIMATE        STEP         FIRST   
  NO.   NAME      VALUE            ERROR          SIZE      DERIVATIVE 
   1  norm         5.59192e+05   5.77476e+00   0.00000e+00  -3.08934e+00
   2  Q            5.64905e-01   1.00000e+00   0.00000e+00  -9.44053e+06
   3  theta        3.07061e-02   1.00000e+00  -0.00000e+00   2.39728e+05
   4  pileup       1.00102e-03   1.00000e+00  -0.00000e+00   6.29642e+07
 EXTERNAL ERROR MATRIX.    NDIM=  25    NPAR=  4    ERR DEF=1
  3.335e+01 -1.238e-07 -1.648e-03 -5.200e-07 
 -1.238e-07  1.000e+00 -1.597e-11 -1.193e-15 
 -1.648e-03 -1.597e-11  1.000e+00 -1.589e-11 
 -5.200e-07 -1.193e-15 -1.589e-11  1.000e+00 
ERR MATRIX APPROXIMATE
 PARAMETER  CORRELATION COEFFICIENTS  
       NO.  GLOBAL      1      2      3      4
        1  0.00029   1.000 -0.000 -0.000 -0.000
        2  0.00000  -0.000  1.000 -0.000 -0.000
        3  0.00029  -0.000 -0.000  1.000 -0.000
        4  0.00000  -0.000 -0.000 -0.000  1.000
 ERR MATRIX APPROXIMATE
 **********
 **    2 **MIGRAD 
 **********
 START MIGRAD MINIMIZATION.  STRATEGY  1.  CONVERGENCE WHEN EDM .LT. 1.00e-04
 FCN=-2.37862e+11 FROM MIGRAD    STATUS=INITIATE       12 CALLS         171 TOTAL
                     EDM=2.54352e+19    STRATEGY= 1  ERROR MATRIX UNCERTAINTY 100.0 per cent
  EXT PARAMETER                APPROXIMATE        STEP         FIRST   
  NO.   NAME      VALUE            ERROR          SIZE      DERIVATIVE 
   1  norm         5.59192e+05   5.77476e+00   0.00000e+00  -3.08934e+00
   2  Q            5.64905e-01   1.00000e+00   0.00000e+00  -4.11700e+09
   3  theta        3.07061e-02   1.00000e+00  -0.00000e+00   4.48080e+05
   4  pileup       1.00102e-03   1.00000e+00  -0.00000e+00   6.29644e+07
 MIGRAD FAILS TO FIND IMPROVEMENT
 COVARIANCE MATRIX CALCULATED SUCCESSFULLY
 FCN=-2.37862e+11 FROM HESSE     STATUS=OK             29 CALLS         211 TOTAL
                     EDM=194.459    STRATEGY= 1      ERROR MATRIX ACCURATE 
  EXT PARAMETER                                   STEP         FIRST   
  NO.   NAME      VALUE            ERROR          SIZE      DERIVATIVE 
   1  norm         5.59192e+05   1.28552e+01   1.72663e+03  -3.02734e+00
   2  Q            5.64905e-01   3.67470e-07   5.54559e-04  -9.44039e+06
   3  theta        3.07061e-02   1.08182e-03   1.44730e-01   1.60528e+04
   4  pileup       1.00102e-03   1.32750e-07   2.10003e-05   9.13587e+07
 EIGENVALUES OF SECOND-DERIVATIVE MATRIX:
        -5.8205e-02  4.9984e-01  1.2683e+00  2.2901e+00
 MINUIT WARNING IN MIGRAD  
 ============== MATRIX FORCED POS-DEF BY ADDING 0.060495 TO DIAGONAL.
 MINUIT WARNING IN MIGRAD  
 ============== Negative diagonal element 2 in Error Matrix
 MINUIT WARNING IN MIGRAD  
 ============== Negative diagonal element 3 in Error Matrix
 MINUIT WARNING IN MIGRAD  
 ============== 1 added to diagonal of error matrix
 MIGRAD FAILS TO FIND IMPROVEMENT
 MACHINE ACCURACY LIMITS FURTHER IMPROVEMENT.
 MIGRAD MINIMIZATION HAS CONVERGED.
 MIGRAD WILL VERIFY CONVERGENCE AND ERROR MATRIX.
 EIGENVALUES OF SECOND-DERIVATIVE MATRIX:
        -4.1115e-03  8.1930e-02  8.4602e-01  3.0762e+00
 MINUIT WARNING IN HESSE   
 ============== MATRIX FORCED POS-DEF BY ADDING 0.007188 TO DIAGONAL.
 MIGRAD TERMINATED WITHOUT CONVERGENCE.
 FCN=-2.37862e+11 FROM MIGRAD    STATUS=FAILED        140 CALLS         299 TOTAL
                     EDM=315.055    STRATEGY= 1      ERR MATRIX NOT POS-DEF
  EXT PARAMETER                APPROXIMATE        STEP         FIRST   
  NO.   NAME      VALUE            ERROR          SIZE      DERIVATIVE 
   1  norm         5.59317e+05   8.34918e+01   1.72691e+03   7.70025e-01
   2  Q            5.64905e-01   3.15145e-05   8.67671e-05   2.36282e+06
   3  theta        2.85282e-02   2.52416e-03   1.10458e-01   6.67792e+03
   4  pileup       9.99898e-04   1.94723e-07   2.09866e-05  -4.52803e+07
 EXTERNAL ERROR MATRIX.    NDIM=  25    NPAR=  4    ERR DEF=1
  6.971e+03 -2.592e-03 -1.419e-01 -9.604e-06 
 -2.592e-03  9.932e-10  6.181e-08  4.106e-12 
 -1.419e-01  6.181e-08  6.371e-06  4.314e-10 
 -9.604e-06  4.106e-12  4.314e-10  3.792e-14 
ERR MATRIX NOT POS-DEF
 PARAMETER  CORRELATION COEFFICIENTS  
       NO.  GLOBAL      1      2      3      4
        1  0.99625   1.000 -0.985 -0.673 -0.591
        2  0.99729  -0.985  1.000  0.777  0.669
        3  0.97071  -0.673  0.777  1.000  0.878
        4  0.89257  -0.591  0.669  0.878  1.000
 ERR MATRIX NOT POS-DEF
status of the fit-----000------4
1  559317
2  0.564905
3  0.0285282
4  0.000999898
 PARAMETER DEFINITIONS:
    NO.   NAME         VALUE      STEP SIZE      LIMITS
     1 norm         5.59317e+05  1.00000e-01     no limits
     2 Q            5.64905e-01  1.00000e-01     no limits
     3 theta        2.85282e-02  1.00000e-01     no limits
     4 pileup       9.99898e-04  1.00000e-01     no limits
 **********
 **    3 **MIGRAD
 **********
 FIRST CALL TO USER FUNCTION AT NEW START POINT, WITH IFLAG=4.
 START MIGRAD MINIMIZATION.  STRATEGY  1.  CONVERGENCE WHEN EDM .LT. 1.00e-04
 FCN=-2.37862e+11 FROM MIGRAD    STATUS=INITIATE       18 CALLS         318 TOTAL
                     EDM= unknown      STRATEGY= 1      NO ERROR MATRIX       
  EXT PARAMETER               CURRENT GUESS       STEP         FIRST   
  NO.   NAME      VALUE            ERROR          SIZE      DERIVATIVE 
   1  norm         5.59317e+05   1.00000e-01   1.00000e-01   7.70157e-01
   2  Q            5.64905e-01   1.00000e-01   1.00000e-01   4.67008e+06
   3  theta        2.85282e-02   1.00000e-01   1.00000e-01   2.34644e+05
   4  pileup       9.99898e-04   1.00000e-01   1.00000e-01  -9.18064e+11
 MIGRAD FAILS TO FIND IMPROVEMENT
 EIGENVALUES OF SECOND-DERIVATIVE MATRIX:
        -1.6014e-01  2.2987e-01  9.1639e-01  3.0139e+00
 MINUIT WARNING IN HESSE   
 ============== MATRIX FORCED POS-DEF BY ADDING 0.163155 TO DIAGONAL.
 FCN=-2.37862e+11 FROM HESSE     STATUS=NOT POSDEF     29 CALLS         358 TOTAL
                     EDM=508.405    STRATEGY= 1      ERR MATRIX NOT POS-DEF
  EXT PARAMETER                APPROXIMATE        STEP         FIRST   
  NO.   NAME      VALUE            ERROR          SIZE      DERIVATIVE 
   1  norm         5.59317e+05   2.26947e+01   2.66703e+00   7.70168e-01
   2  Q            5.64905e-01   5.92033e-06   1.00000e-03   2.36282e+06
   3  theta        2.85282e-02   7.18664e-03   1.09261e-01   6.66994e+03
   4  pileup       9.99898e-04   9.87838e-08   1.00000e-02  -4.58272e+07
 MINUIT WARNING IN MIGRAD  
 ============== Negative diagonal element 3 in Error Matrix
 MINUIT WARNING IN MIGRAD  
 ============== 1 added to diagonal of error matrix
 MIGRAD FAILS TO FIND IMPROVEMENT
 MACHINE ACCURACY LIMITS FURTHER IMPROVEMENT.
 MIGRAD MINIMIZATION HAS CONVERGED.
 MIGRAD WILL VERIFY CONVERGENCE AND ERROR MATRIX.
 EIGENVALUES OF SECOND-DERIVATIVE MATRIX:
        -1.2688e-02  1.3742e-03  8.4658e-01  3.1647e+00
 MINUIT WARNING IN HESSE   
 ============== MATRIX FORCED POS-DEF BY ADDING 0.015853 TO DIAGONAL.
 MIGRAD TERMINATED WITHOUT CONVERGENCE.
 FCN=-2.37862e+11 FROM MIGRAD    STATUS=FAILED        106 CALLS         406 TOTAL
                     EDM=5611.25    STRATEGY= 1      ERR MATRIX NOT POS-DEF
  EXT PARAMETER                APPROXIMATE        STEP         FIRST   
  NO.   NAME      VALUE            ERROR          SIZE      DERIVATIVE 
   1  norm         5.59337e+05   4.26613e+01   5.33406e+00   1.57288e+00
   2  Q            5.64899e-01   2.30596e-05   1.02981e-04   4.87798e+06
   3  theta        2.05725e-02   1.80491e-02   4.37046e-02  -4.47277e+02
   4  pileup       9.99852e-04   6.28252e-07   2.14098e-05   3.50487e+06
 EXTERNAL ERROR MATRIX.    NDIM=  25    NPAR=  4    ERR DEF=1
  1.820e+03 -3.033e-04  2.157e-01  7.339e-06 
 -3.033e-04  5.317e-10  3.417e-07  1.172e-11 
  2.157e-01  3.417e-07  3.258e-04  1.121e-08 
  7.339e-06  1.172e-11  1.121e-08  3.947e-13 
ERR MATRIX NOT POS-DEF
 PARAMETER  CORRELATION COEFFICIENTS  
       NO.  GLOBAL      1      2      3      4
        1  0.98568   1.000 -0.308  0.280  0.274
        2  0.99497  -0.308  1.000  0.821  0.809
        3  0.99743   0.280  0.821  1.000  0.989
        4  0.99027   0.274  0.809  0.989  1.000
 ERR MATRIX NOT POS-DEF
 **********
 **    4 **MIGRAD 
 **********
 START MIGRAD MINIMIZATION.  STRATEGY  1.  CONVERGENCE WHEN EDM .LT. 1.00e-04
 FCN=-2.37862e+11 FROM MIGRAD    STATUS=INITIATE        8 CALLS         414 TOTAL
                     EDM=7895.14    STRATEGY= 1      ERR MATRIX NOT POS-DEF
  EXT PARAMETER                APPROXIMATE        STEP         FIRST   
  NO.   NAME      VALUE            ERROR          SIZE      DERIVATIVE 
   1  norm         5.59337e+05   4.26613e+01   5.33406e+00   1.57285e+00
   2  Q            5.64899e-01   2.30596e-05   1.02981e-04   4.87781e+06
   3  theta        2.05725e-02   1.80491e-02   4.37046e-02   3.70569e+03
   4  pileup       9.99852e-04   6.28252e-07   2.14098e-05  -1.19010e+06
 MIGRAD FAILS TO FIND IMPROVEMENT
 EIGENVALUES OF SECOND-DERIVATIVE MATRIX:
        -8.8959e-04  2.1412e-01  8.4775e-01  2.9390e+00
 MINUIT WARNING IN HESSE   
 ============== MATRIX FORCED POS-DEF BY ADDING 0.003829 TO DIAGONAL.
 FCN=-2.37862e+11 FROM HESSE     STATUS=NOT POSDEF     29 CALLS         493 TOTAL
                     EDM=19.0352    STRATEGY= 1      ERR MATRIX NOT POS-DEF
  EXT PARAMETER                APPROXIMATE        STEP         FIRST   
  NO.   NAME      VALUE            ERROR          SIZE      DERIVATIVE 
   1  norm         5.59314e+05   9.27293e+01   1.06681e+03   4.72113e-01
   2  Q            5.64894e-01   3.09933e-05   8.68137e-05   1.45781e+06
   3  theta        1.11786e-02   1.40275e-03   1.07516e-01   6.01966e+02
   4  pileup       9.99529e-04   1.19031e-07   2.09829e-05  -7.26045e+07
 MIGRAD FAILS TO FIND IMPROVEMENT
 MACHINE ACCURACY LIMITS FURTHER IMPROVEMENT.
 MIGRAD MINIMIZATION HAS CONVERGED.
 MIGRAD WILL VERIFY CONVERGENCE AND ERROR MATRIX.
 EIGENVALUES OF SECOND-DERIVATIVE MATRIX:
        -4.2050e-04  1.1404e-01  8.4791e-01  3.0385e+00
 MINUIT WARNING IN HESSE   
 ============== MATRIX FORCED POS-DEF BY ADDING 0.003459 TO DIAGONAL.
 MIGRAD TERMINATED WITHOUT CONVERGENCE.
 FCN=-2.37862e+11 FROM MIGRAD    STATUS=FAILED        183 CALLS         589 TOTAL
                     EDM=2.08696    STRATEGY= 1      ERR MATRIX NOT POS-DEF
  EXT PARAMETER                APPROXIMATE        STEP         FIRST   
  NO.   NAME      VALUE            ERROR          SIZE      DERIVATIVE 
   1  norm         5.59289e+05   9.18578e+01   1.72683e+03   3.27714e-02
   2  Q            5.64895e-01   3.03781e-05   8.68065e-05   9.63552e+04
   3  theta        1.14322e-02   3.11141e-03   5.70067e-02   2.29952e+02
   4  pileup       9.99941e-04   1.37931e-07   2.09865e-05   8.38328e+06
 EXTERNAL ERROR MATRIX.    NDIM=  25    NPAR=  4    ERR DEF=1
  8.438e+03 -2.761e-03 -4.757e-02 -1.414e-06 
 -2.761e-03  9.228e-10  2.686e-08  7.533e-13 
 -4.757e-02  2.686e-08  9.681e-06  3.154e-10 
 -1.414e-06  7.533e-13  3.154e-10  1.902e-14 
ERR MATRIX NOT POS-DEF
 PARAMETER  CORRELATION COEFFICIENTS  
       NO.  GLOBAL      1      2      3      4
        1  0.99689   1.000 -0.989 -0.166 -0.112
        2  0.99707  -0.989  1.000  0.284  0.180
        3  0.91579  -0.166  0.284  1.000  0.735
        4  0.77019  -0.112  0.180  0.735  1.000
 ERR MATRIX NOT POS-DEF
status of the fit-----000------4
1  559289
2  0.564895
3  0.0114322
4  0.000999941
 PARAMETER DEFINITIONS:
    NO.   NAME         VALUE      STEP SIZE      LIMITS
     1 norm         5.59289e+05  1.00000e-01     no limits
     2 Q            5.64895e-01  1.00000e-01     no limits
     3 theta        1.14322e-02  1.00000e-01     no limits
     4 pileup       9.99941e-04  1.00000e-01     no limits
 **********
 **    5 **MIGRAD
 **********
 FIRST CALL TO USER FUNCTION AT NEW START POINT, WITH IFLAG=4.
 START MIGRAD MINIMIZATION.  STRATEGY  1.  CONVERGENCE WHEN EDM .LT. 1.00e-04
 FCN=-2.37862e+11 FROM MIGRAD    STATUS=INITIATE       18 CALLS         608 TOTAL
                     EDM= unknown      STRATEGY= 1      NO ERROR MATRIX       
  EXT PARAMETER               CURRENT GUESS       STEP         FIRST   
  NO.   NAME      VALUE            ERROR          SIZE      DERIVATIVE 
   1  norm         5.59289e+05   1.00000e-01   1.00000e-01   3.28589e-02
   2  Q            5.64895e-01   1.00000e-01   1.00000e-01   6.45093e+06
   3  theta        1.14322e-02   1.00000e-01   1.00000e-01   7.92488e+04
   4  pileup       9.99941e-04   1.00000e-01   1.00000e-01  -9.18057e+11
 MIGRAD FAILS TO FIND IMPROVEMENT
 EIGENVALUES OF SECOND-DERIVATIVE MATRIX:
        -7.7785e-02  2.7675e-01  9.1656e-01  2.8845e+00
 MINUIT WARNING IN HESSE   
 ============== MATRIX FORCED POS-DEF BY ADDING 0.080670 TO DIAGONAL.
 FCN=-2.37862e+11 FROM HESSE     STATUS=NOT POSDEF     29 CALLS         648 TOTAL
                     EDM=1.12504    STRATEGY= 1      ERR MATRIX NOT POS-DEF
  EXT PARAMETER                APPROXIMATE        STEP         FIRST   
  NO.   NAME      VALUE            ERROR          SIZE      DERIVATIVE 
   1  norm         5.59289e+05   4.11113e+01   2.66690e+00   3.27559e-02
   2  Q            5.64895e-01   6.28111e-06   1.00000e-03   9.63557e+04
   3  theta        1.14322e-02   7.64824e-03   1.01604e-01   3.16236e+02
   4  pileup       9.99941e-04   9.32481e-08   1.00000e-02   7.83626e+06
 MINUIT WARNING IN MIGRAD  
 ============== Negative diagonal element 3 in Error Matrix
 MINUIT WARNING IN MIGRAD  
 ============== 1 added to diagonal of error matrix
 MIGRAD FAILS TO FIND IMPROVEMENT
 MACHINE ACCURACY LIMITS FURTHER IMPROVEMENT.
 MIGRAD MINIMIZATION HAS CONVERGED.
 MIGRAD WILL VERIFY CONVERGENCE AND ERROR MATRIX.
 EIGENVALUES OF SECOND-DERIVATIVE MATRIX:
        -3.6014e-04  6.3675e-02  8.4721e-01  3.0895e+00
 MINUIT WARNING IN HESSE   
 ============== MATRIX FORCED POS-DEF BY ADDING 0.003450 TO DIAGONAL.
 MIGRAD TERMINATED WITHOUT CONVERGENCE.
 FCN=-2.37862e+11 FROM MIGRAD    STATUS=FAILED        107 CALLS         697 TOTAL
                     EDM=5.34969    STRATEGY= 1      ERR MATRIX NOT POS-DEF
  EXT PARAMETER                APPROXIMATE        STEP         FIRST   
  NO.   NAME      VALUE            ERROR          SIZE      DERIVATIVE 
   1  norm         5.59291e+05   9.10651e+01   5.33379e+00   7.67832e-02
   2  Q            5.64895e-01   3.02255e-05   1.02987e-04   2.33321e+05
   3  theta        1.10893e-02   5.37882e-03   4.06415e-02   1.18294e+02
   4  pileup       9.99938e-04   1.66988e-07   2.14098e-05   9.72772e+06
 EXTERNAL ERROR MATRIX.    NDIM=  25    NPAR=  4    ERR DEF=1
  8.293e+03 -2.705e-03 -5.233e-02 -1.321e-06 
 -2.705e-03  9.136e-10  4.391e-08  1.043e-12 
 -5.233e-02  4.391e-08  2.893e-05  7.441e-10 
 -1.321e-06  1.043e-12  7.441e-10  2.789e-14 
ERR MATRIX NOT POS-DEF
 PARAMETER  CORRELATION COEFFICIENTS  
       NO.  GLOBAL      1      2      3      4
        1  0.99684   1.000 -0.983 -0.107 -0.087
        2  0.99704  -0.983  1.000  0.270  0.207
        3  0.95125  -0.107  0.270  1.000  0.828
        4  0.84997  -0.087  0.207  0.828  1.000
 ERR MATRIX NOT POS-DEF
 **********
 **    6 **MIGRAD 
 **********
 START MIGRAD MINIMIZATION.  STRATEGY  1.  CONVERGENCE WHEN EDM .LT. 1.00e-04
 FCN=-2.37862e+11 FROM MIGRAD    STATUS=INITIATE        8 CALLS         705 TOTAL
                     EDM=41.7229    STRATEGY= 1      ERR MATRIX NOT POS-DEF
  EXT PARAMETER                APPROXIMATE        STEP         FIRST   
  NO.   NAME      VALUE            ERROR          SIZE      DERIVATIVE 
   1  norm         5.59291e+05   9.10651e+01   5.33379e+00   7.67947e-02
   2  Q            5.64895e-01   3.02255e-05   1.02987e-04   2.33546e+05
   3  theta        1.10893e-02   5.37882e-03   4.06415e-02   2.05380e+03
   4  pileup       9.99938e-04   1.66988e-07   2.14098e-05   5.03403e+06
 MIGRAD FAILS TO FIND IMPROVEMENT
 COVARIANCE MATRIX CALCULATED SUCCESSFULLY
 FCN=-2.37862e+11 FROM HESSE     STATUS=OK             29 CALLS         763 TOTAL
                     EDM=0.370794    STRATEGY= 1      ERROR MATRIX ACCURATE 
  EXT PARAMETER                                   STEP         FIRST   
  NO.   NAME      VALUE            ERROR          SIZE      DERIVATIVE 
   1  norm         5.59294e+05   9.95409e+00   1.06676e+02  -1.32415e-01
   2  Q            5.64891e-01   3.69015e-07   5.54812e-04  -4.17234e+05
   3  theta        8.92019e-03   7.52084e-04   1.61572e-01   4.81213e+02
   4  pileup       9.99881e-04   1.09504e-07   2.09878e-05  -4.94783e+06
 EIGENVALUES OF SECOND-DERIVATIVE MATRIX:
        -5.8716e-02  6.6718e-01  1.2908e+00  2.1007e+00
 MINUIT WARNING IN MIGRAD  
 ============== MATRIX FORCED POS-DEF BY ADDING 0.060816 TO DIAGONAL.
 MIGRAD FAILS TO FIND IMPROVEMENT
 MACHINE ACCURACY LIMITS FURTHER IMPROVEMENT.
 MIGRAD MINIMIZATION HAS CONVERGED.
 FCN=-2.37862e+11 FROM MIGRAD    STATUS=CONVERGED     151 CALLS         848 TOTAL
                     EDM=5.02063    STRATEGY= 1  ERROR MATRIX UNCERTAINTY   2.3 per cent
  EXT PARAMETER                                   STEP         FIRST   
  NO.   NAME      VALUE            ERROR          SIZE      DERIVATIVE 
   1  norm         5.59298e+05   7.89779e+00  -0.00000e+00  -5.12703e-02
   2  Q            5.64891e-01   2.07931e-09  -0.00000e+00  -4.07305e+09
   3  theta        8.80318e-03   2.42743e-05  -0.00000e+00   3.77322e+05
   4  pileup       9.99885e-04   7.64560e-08   0.00000e+00  -2.82530e+07
 EXTERNAL ERROR MATRIX.    NDIM=  25    NPAR=  4    ERR DEF=1
  6.238e+01 -2.720e-10 -3.182e-06 -1.880e-07 
 -2.720e-10  4.324e-18  5.047e-14  1.977e-17 
 -3.182e-06  5.047e-14  5.892e-10  2.311e-13 
 -1.880e-07  1.977e-17  2.311e-13  5.846e-15 
 PARAMETER  CORRELATION COEFFICIENTS  
       NO.  GLOBAL      1      2      3      4
        1  0.31211   1.000 -0.017 -0.017 -0.311
        2  0.99994  -0.017  1.000  1.000  0.124
        3  0.99994  -0.017  1.000  1.000  0.125
        4  0.33380  -0.311  0.124  0.125  1.000
status of the fit-----000------0
1  559298
2  0.564891
3  0.00880318
4  0.000999885
 **********
 **   14 **SET PRINT           2
 **********
 **********
 **   15 **SET NOGRAD
 **********
 PARAMETER DEFINITIONS:
    NO.   NAME         VALUE      STEP SIZE      LIMITS
     1 p0           5.58000e+05  1.67400e+05     no limits
     2 p1           5.65000e-01  1.69500e-01     no limits
     3 p2           0.00000e+00  3.00000e-01     no limits
     4 p3           9.99871e-04  2.99961e-04     no limits
 **********
 **   16 **SET ERR         0.5
 **********
 **********
 **   17 **SET PRINT           2
 **********
 **********
 **   18 **SET STR           1
 **********
 NOW USING STRATEGY  1: TRY TO BALANCE SPEED AGAINST RELIABILITY
 **********
 **   19 **MIGRAD        1480        0.01
 **********
 FIRST CALL TO USER FUNCTION AT NEW START POINT, WITH IFLAG=4.
 START MIGRAD MINIMIZATION.  STRATEGY  1.  CONVERGENCE WHEN EDM .LT. 1.00e-05
 FCN=17146.1 FROM MIGRAD    STATUS=INITIATE       18 CALLS          19 TOTAL
                     EDM= unknown      STRATEGY= 1      NO ERROR MATRIX       
  EXT PARAMETER               CURRENT GUESS       STEP         FIRST   
  NO.   NAME      VALUE            ERROR          SIZE      DERIVATIVE 
   1  p0           5.58000e+05   1.67400e+05   1.67400e+05  -3.60871e+01
   2  p1           5.65000e-01   1.69500e-01   1.69500e-01  -1.12017e+08
   3  p2           0.00000e+00   3.00000e-01   3.00000e-01   0.00000e+00
   4  p3           9.99871e-04   2.99961e-04   2.99961e-04  -9.57526e+08
                               ERR DEF= 0.5
NO ERROR MATRIX       
 FCN=523.493 FROM MIGRAD    STATUS=PROGRESS       34 CALLS          35 TOTAL
                     EDM=1449.08    STRATEGY= 1      NO ERROR MATRIX       
  EXT PARAMETER               CURRENT GUESS       STEP         FIRST   
  NO.   NAME      VALUE            ERROR          SIZE      DERIVATIVE 
   1  p0           5.58438e+05   1.67400e+05   4.37639e+02  -8.30722e-01
   2  p1           5.65141e-01   1.69500e-01   1.41122e-04  -2.54950e+06
   3  p2           0.00000e+00   3.00000e-01  -0.00000e+00   0.00000e+00
   4  p3           1.00159e-03   2.99961e-04   1.72174e-06   4.21295e+08
                               ERR DEF= 0.5
 MIGRAD MINIMIZATION HAS CONVERGED.
 MIGRAD WILL VERIFY CONVERGENCE AND ERROR MATRIX.
   START COVARIANCE MATRIX CALCULATION.
 EIGENVALUES OF SECOND-DERIVATIVE MATRIX:
         1.4282e-03  8.2748e-01  1.0036e+00  2.1675e+00
 COVARIANCE MATRIX CALCULATED SUCCESSFULLY
 FCN=79.4462 FROM MIGRAD    STATUS=CONVERGED     172 CALLS         173 TOTAL
                     EDM=8.66292e-06    STRATEGY= 1      ERROR MATRIX ACCURATE 
  EXT PARAMETER                                   STEP         FIRST   
  NO.   NAME      VALUE            ERROR          SIZE      DERIVATIVE 
   1  p0           5.59553e+05   9.56485e+01   2.66816e-01  -4.48753e-05
   2  p1           5.64807e-01   3.09072e-05   2.69321e-07  -4.74022e+01
   3  p2           0.00000e+00   7.64292e-03   4.60569e-05   0.00000e+00
   4  p3           9.99659e-04   6.47324e-08   4.76675e-10  -5.54200e+03
                               ERR DEF= 0.5
 EXTERNAL ERROR MATRIX.    NDIM=  25    NPAR=  4    ERR DEF=0.5
  9.149e+03 -2.952e-03 -2.569e-02  1.646e-06 
 -2.952e-03  9.553e-10  8.271e-09 -5.658e-13 
 -2.569e-02  8.271e-09  5.841e-05  1.016e-11 
  1.646e-06 -5.658e-13  1.016e-11  4.190e-15 
 PARAMETER  CORRELATION COEFFICIENTS  
       NO.  GLOBAL      1      2      3      4
        1  0.99856   1.000 -0.998 -0.035  0.266
        2  0.99858  -0.998  1.000  0.035 -0.283
        3  0.04775  -0.035  0.035  1.000  0.021
        4  0.40890   0.266 -0.283  0.021  1.000
 EXTERNAL ERROR MATRIX.    NDIM=   4    NPAR=  4    ERR DEF=0.5
  9.149e+03 -2.952e-03 -2.569e-02  1.646e-06 
 -2.952e-03  9.553e-10  8.271e-09 -5.658e-13 
 -2.569e-02  8.271e-09  5.841e-05  1.016e-11 
  1.646e-06 -5.658e-13  1.016e-11  4.190e-15 
 FCN=79.4462 FROM MIGRAD    STATUS=CONVERGED     172 CALLS         173 TOTAL
                     EDM=8.66292e-06    STRATEGY= 1      ERROR MATRIX ACCURATE 
  EXT PARAMETER                  PARABOLIC         MINOS ERRORS        
  NO.   NAME      VALUE            ERROR      NEGATIVE      POSITIVE   
   1  p0           5.59553e+05   9.56485e+01                            
   2  p1           5.64807e-01   3.09072e-05                            
   3  p2           0.00000e+00   7.64292e-03                            
   4  p3           9.99659e-04   6.47324e-08                            
                               ERR DEF= 0.5
------------------------------------------
Enering ROOFIt-------
 PARAMETER DEFINITIONS:
    NO.   NAME         VALUE      STEP SIZE      LIMITS
     1 norm         5.59553e+05  1.00000e-01     no limits
     2 Q            5.65000e-01  1.00000e-01     no limits
     3 theta        0.00000e+00  1.00000e-01     no limits
     4 pileup       9.99659e-04  1.00000e-01     no limits
 **********
 **    1 **MIGRAD
 **********
 FIRST CALL TO USER FUNCTION AT NEW START POINT, WITH IFLAG=4.
 START MIGRAD MINIMIZATION.  STRATEGY  1.  CONVERGENCE WHEN EDM .LT. 1.00e-04
 FCN=-2.37858e+11 FROM MIGRAD    STATUS=INITIATE       14 CALLS          15 TOTAL
                     EDM= unknown      STRATEGY= 1      NO ERROR MATRIX       
  EXT PARAMETER               CURRENT GUESS       STEP         FIRST   
  NO.   NAME      VALUE            ERROR          SIZE      DERIVATIVE 
   1  norm         5.59553e+05   1.00000e-01   1.00000e-01   2.28613e+01
   2  Q            5.65000e-01   1.00000e-01   1.00000e-01   3.57079e+08
   3  theta        0.00000e+00   1.00000e-01   1.00000e-01   0.00000e+00
   4  pileup       9.99659e-04   1.00000e-01   1.00000e-01  -9.17182e+11
 MIGRAD FAILS TO FIND IMPROVEMENT
 EIGENVALUES OF SECOND-DERIVATIVE MATRIX:
        -9.8952e-01  1.4659e-01  9.1622e-01  3.9267e+00
 MINUIT WARNING IN HESSE   
 ============== MATRIX FORCED POS-DEF BY ADDING 0.993448 TO DIAGONAL.
 FCN=-2.37858e+11 FROM HESSE     STATUS=NOT POSDEF     27 CALLS          53 TOTAL
                     EDM=233857    STRATEGY= 1      ERR MATRIX NOT POS-DEF
  EXT PARAMETER                APPROXIMATE        STEP         FIRST   
  NO.   NAME      VALUE            ERROR          SIZE      DERIVATIVE 
   1  norm         5.59553e+05   2.62691e+01   2.66816e+00   2.28612e+01
   2  Q            5.65000e-01   4.22806e-06   1.00000e-03   7.11671e+07
   3  theta        0.00000e+00   2.05602e-02   1.00000e-01   0.00000e+00
   4  pileup       9.99659e-04   1.31070e-07   1.00000e-02   6.40829e+08
 MIGRAD FAILS TO FIND IMPROVEMENT
 MIGRAD TERMINATED WITHOUT CONVERGENCE.
 FCN=-2.37858e+11 FROM MIGRAD    STATUS=FAILED         98 CALLS          99 TOTAL
                     EDM=509843    STRATEGY= 1      ERR MATRIX NOT POS-DEF
  EXT PARAMETER                APPROXIMATE        STEP         FIRST   
  NO.   NAME      VALUE            ERROR          SIZE      DERIVATIVE 
   1  norm         5.59035e+05   5.51741e+00   0.00000e+00   2.72483e+00
   2  Q            5.65013e-01   2.54268e-07  -0.00000e+00   1.05139e+09
   3  theta        1.36713e-02   1.54881e-04   0.00000e+00   2.58686e+04
   4  pileup       9.98168e-04   6.38784e-08   0.00000e+00  -3.07348e+08
 EXTERNAL ERROR MATRIX.    NDIM=  25    NPAR=  4    ERR DEF=1
  3.044e+01 -4.224e-07 -1.870e-05 -3.380e-08 
 -4.224e-07  6.465e-14 -9.645e-12 -5.166e-17 
 -1.870e-05 -9.645e-12  2.399e-08 -5.833e-14 
 -3.380e-08 -5.166e-17 -5.833e-14  4.080e-15 
ERR MATRIX NOT POS-DEF
 PARAMETER  CORRELATION COEFFICIENTS  
       NO.  GLOBAL      1      2      3      4
        1  0.33149   1.000 -0.301 -0.022 -0.096
        2  0.39382  -0.301  1.000 -0.245 -0.003
        3  0.26518  -0.022 -0.245  1.000 -0.006
        4  0.10311  -0.096 -0.003 -0.006  1.000
 ERR MATRIX NOT POS-DEF
 **********
 **    2 **MIGRAD 
 **********
 START MIGRAD MINIMIZATION.  STRATEGY  1.  CONVERGENCE WHEN EDM .LT. 1.00e-04
 FCN=-2.37858e+11 FROM MIGRAD    STATUS=INITIATE       16 CALLS         115 TOTAL
                     EDM=27302.5    STRATEGY= 1      ERR MATRIX NOT POS-DEF
  EXT PARAMETER                APPROXIMATE        STEP         FIRST   
  NO.   NAME      VALUE            ERROR          SIZE      DERIVATIVE 
   1  norm         5.59035e+05   5.51741e+00   0.00000e+00   2.71871e+00
   2  Q            5.65013e-01   2.54268e-07  -0.00000e+00   8.44934e+06
   3  theta        1.36713e-02   1.54881e-04   0.00000e+00   7.22395e+05
   4  pileup       9.98168e-04   6.38784e-08   0.00000e+00  -3.07282e+08
 MIGRAD FAILS TO FIND IMPROVEMENT
 EIGENVALUES OF SECOND-DERIVATIVE MATRIX:
        -6.4572e-02  4.8999e-01  6.7640e-01  2.8982e+00
 MINUIT WARNING IN HESSE   
 ============== MATRIX FORCED POS-DEF BY ADDING 0.067470 TO DIAGONAL.
 FCN=-2.37858e+11 FROM HESSE     STATUS=NOT POSDEF     29 CALLS         176 TOTAL
                     EDM=591.104    STRATEGY= 1      ERR MATRIX NOT POS-DEF
  EXT PARAMETER                APPROXIMATE        STEP         FIRST   
  NO.   NAME      VALUE            ERROR          SIZE      DERIVATIVE 
   1  norm         5.58941e+05   3.69419e+01   1.72589e+03   2.36083e+00
   2  Q            5.65023e-01   5.90279e-06   5.54940e-04   7.35308e+06
   3  theta       -7.52380e-03   1.41869e-02   5.98178e-02   2.14699e+03
   4  pileup       9.99878e-04   2.94587e-07   2.09610e-05   1.13361e+08
 EIGENVALUES OF SECOND-DERIVATIVE MATRIX:
        -3.2533e-04  3.2066e-01  1.3381e+00  2.3415e+00
 MINUIT WARNING IN MIGRAD  
 ============== MATRIX FORCED POS-DEF BY ADDING 0.002667 TO DIAGONAL.
 MIGRAD FAILS TO FIND IMPROVEMENT
 MACHINE ACCURACY LIMITS FURTHER IMPROVEMENT.
 MIGRAD MINIMIZATION HAS CONVERGED.
 MIGRAD WILL VERIFY CONVERGENCE AND ERROR MATRIX.
 EIGENVALUES OF SECOND-DERIVATIVE MATRIX:
        -3.5574e-04  3.0150e-01  8.5017e-01  2.8487e+00
 MINUIT WARNING IN HESSE   
 ============== MATRIX FORCED POS-DEF BY ADDING 0.003204 TO DIAGONAL.
 MIGRAD TERMINATED WITHOUT CONVERGENCE.
 FCN=-2.37858e+11 FROM MIGRAD    STATUS=FAILED        169 CALLS         268 TOTAL
                     EDM=5.89314    STRATEGY= 1      ERR MATRIX NOT POS-DEF
  EXT PARAMETER                APPROXIMATE        STEP         FIRST   
  NO.   NAME      VALUE            ERROR          SIZE      DERIVATIVE 
   1  norm         5.58887e+05   9.55439e+01   1.72561e+03  -3.16500e-02
   2  Q            5.65020e-01   3.10936e-05   9.55022e-05  -9.36860e+04
   3  theta        3.25026e-03   1.53835e-03   7.95555e-02  -3.38192e+01
   4  pileup       9.99795e-04   1.07856e-07   2.09860e-05   3.20563e+07
 EXTERNAL ERROR MATRIX.    NDIM=  25    NPAR=  4    ERR DEF=1
  9.129e+03 -2.955e-03 -2.063e-02 -5.660e-07 
 -2.955e-03  9.668e-10  9.678e-09  2.099e-13 
 -2.063e-02  9.678e-09  2.367e-06  8.259e-11 
 -5.660e-07  2.099e-13  8.259e-11  1.163e-14 
ERR MATRIX NOT POS-DEF
 PARAMETER  CORRELATION COEFFICIENTS  
       NO.  GLOBAL      1      2      3      4
        1  0.99713   1.000 -0.995 -0.140 -0.055
        2  0.99720  -0.995  1.000  0.202  0.063
        3  0.77269  -0.140  0.202  1.000  0.498
        4  0.57839  -0.055  0.063  0.498  1.000
 ERR MATRIX NOT POS-DEF
status of the fit-----000------4
1  558887
2  0.56502
3  0.00325026
4  0.000999795
 PARAMETER DEFINITIONS:
    NO.   NAME         VALUE      STEP SIZE      LIMITS
     1 norm         5.58887e+05  1.00000e-01     no limits
     2 Q            5.65020e-01  1.00000e-01     no limits
     3 theta        3.25026e-03  1.00000e-01     no limits
     4 pileup       9.99795e-04  1.00000e-01     no limits
 **********
 **    3 **MIGRAD
 **********
 FIRST CALL TO USER FUNCTION AT NEW START POINT, WITH IFLAG=4.
 START MIGRAD MINIMIZATION.  STRATEGY  1.  CONVERGENCE WHEN EDM .LT. 1.00e-04
 FCN=-2.37858e+11 FROM MIGRAD    STATUS=INITIATE       14 CALLS         283 TOTAL
                     EDM= unknown      STRATEGY= 1      NO ERROR MATRIX       
  EXT PARAMETER               CURRENT GUESS       STEP         FIRST   
  NO.   NAME      VALUE            ERROR          SIZE      DERIVATIVE 
   1  norm         5.58887e+05   1.00000e-01   1.00000e-01  -3.15255e-02
   2  Q            5.65020e-01   1.00000e-01   1.00000e-01   7.76216e+06
   3  theta        3.25026e-03   1.00000e-01   1.00000e-01   2.14998e+04
   4  pileup       9.99795e-04   1.00000e-01   1.00000e-01  -9.17989e+11
 MIGRAD FAILS TO FIND IMPROVEMENT
 EIGENVALUES OF SECOND-DERIVATIVE MATRIX:
        -1.9774e-02  3.4414e-01  9.1676e-01  2.7589e+00
 MINUIT WARNING IN HESSE   
 ============== MATRIX FORCED POS-DEF BY ADDING 0.022533 TO DIAGONAL.
 FCN=-2.37858e+11 FROM HESSE     STATUS=NOT POSDEF     29 CALLS         323 TOTAL
                     EDM=13.66    STRATEGY= 1      ERR MATRIX NOT POS-DEF
  EXT PARAMETER                APPROXIMATE        STEP         FIRST   
  NO.   NAME      VALUE            ERROR          SIZE      DERIVATIVE 
   1  norm         5.58887e+05   6.03548e+01   2.66498e+00  -3.16630e-02
   2  Q            5.65020e-01   6.49042e-06   1.00000e-03  -9.36839e+04
   3  theta        3.25026e-03   6.54570e-03   1.00000e-01   8.03252e+02
   4  pileup       9.99795e-04   9.17743e-08   1.00000e-02   3.15091e+07
 MINUIT WARNING IN MIGRAD  
 ============== Negative diagonal element 3 in Error Matrix
 MINUIT WARNING IN MIGRAD  
 ============== 1 added to diagonal of error matrix
 MIGRAD FAILS TO FIND IMPROVEMENT
 MACHINE ACCURACY LIMITS FURTHER IMPROVEMENT.
 MIGRAD MINIMIZATION HAS CONVERGED.
 MIGRAD WILL VERIFY CONVERGENCE AND ERROR MATRIX.
 EIGENVALUES OF SECOND-DERIVATIVE MATRIX:
        -4.3182e-04  3.1830e-01  8.4953e-01  2.8326e+00
 MINUIT WARNING IN HESSE   
 ============== MATRIX FORCED POS-DEF BY ADDING 0.003264 TO DIAGONAL.
 MIGRAD TERMINATED WITHOUT CONVERGENCE.
 FCN=-2.37858e+11 FROM MIGRAD    STATUS=FAILED        106 CALLS         375 TOTAL
                     EDM=6.53725    STRATEGY= 1      ERR MATRIX NOT POS-DEF
  EXT PARAMETER                APPROXIMATE        STEP         FIRST   
  NO.   NAME      VALUE            ERROR          SIZE      DERIVATIVE 
   1  norm         5.58889e+05   9.55868e+01   5.32996e+00   3.00884e-02
   2  Q            5.65019e-01   3.12454e-05   1.02991e-04   9.81664e+04
   3  theta        2.98587e-03   1.22223e-03   9.96707e-02  -4.17023e+01
   4  pileup       9.99793e-04   1.07211e-07   2.14101e-05   3.34861e+07
 EXTERNAL ERROR MATRIX.    NDIM=  25    NPAR=  4    ERR DEF=1
  9.137e+03 -2.972e-03 -2.624e-02 -1.094e-06 
 -2.972e-03  9.763e-10  1.080e-08  3.750e-13 
 -2.624e-02  1.080e-08  1.494e-06  6.406e-11 
 -1.094e-06  3.750e-13  6.406e-11  1.149e-14 
ERR MATRIX NOT POS-DEF
 PARAMETER  CORRELATION COEFFICIENTS  
       NO.  GLOBAL      1      2      3      4
        1  0.99713   1.000 -0.995 -0.225 -0.107
        2  0.99722  -0.995  1.000  0.283  0.112
        3  0.76992  -0.225  0.283  1.000  0.489
        4  0.57144  -0.107  0.112  0.489  1.000
 ERR MATRIX NOT POS-DEF
 **********
 **    4 **MIGRAD 
 **********
 START MIGRAD MINIMIZATION.  STRATEGY  1.  CONVERGENCE WHEN EDM .LT. 1.00e-04
 FCN=-2.37858e+11 FROM MIGRAD    STATUS=INITIATE        8 CALLS         383 TOTAL
                     EDM=9.22049    STRATEGY= 1      ERR MATRIX NOT POS-DEF
  EXT PARAMETER                APPROXIMATE        STEP         FIRST   
  NO.   NAME      VALUE            ERROR          SIZE      DERIVATIVE 
   1  norm         5.58889e+05   9.55868e+01   5.32996e+00   3.01471e-02
   2  Q            5.65019e-01   3.12454e-05   1.02991e-04   9.85486e+04
   3  theta        2.98587e-03   1.22223e-03   9.96707e-02   3.06356e+03
   4  pileup       9.99793e-04   1.07211e-07   2.14101e-05   2.87915e+07
 EIGENVALUES OF SECOND-DERIVATIVE MATRIX:
        -1.3107e-01  3.0453e-01  9.2229e-01  2.9043e+00
 MINUIT WARNING IN MIGRAD  
 ============== MATRIX FORCED POS-DEF BY ADDING 0.133972 TO DIAGONAL.
 MIGRAD FAILS TO FIND IMPROVEMENT
 EIGENVALUES OF SECOND-DERIVATIVE MATRIX:
        -9.4028e-02  4.5578e-01  6.6433e-01  2.9739e+00
 MINUIT WARNING IN HESSE   
 ============== MATRIX FORCED POS-DEF BY ADDING 0.097002 TO DIAGONAL.
 FCN=-2.37858e+11 FROM HESSE     STATUS=NOT POSDEF     29 CALLS         442 TOTAL
                     EDM=2.44793    STRATEGY= 1      ERR MATRIX NOT POS-DEF
  EXT PARAMETER                APPROXIMATE        STEP         FIRST   
  NO.   NAME      VALUE            ERROR          SIZE      DERIVATIVE 
   1  norm         5.58908e+05   9.82264e+00   1.06599e+02  -1.94860e-01
   2  Q            5.65012e-01   5.31187e-06   5.54968e-04  -6.02693e+05
   3  theta        2.01361e-03   2.38655e-03   4.02009e-01   8.30638e+01
   4  pileup       9.99716e-04   1.09710e-07   2.09874e-05   9.98596e+06
 MINUIT WARNING IN MIGRAD  
 ============== Negative diagonal element 2 in Error Matrix
 MINUIT WARNING IN MIGRAD  
 ============== 1 added to diagonal of error matrix
 MIGRAD FAILS TO FIND IMPROVEMENT
 MIGRAD TERMINATED WITHOUT CONVERGENCE.
 FCN=-2.37858e+11 FROM MIGRAD    STATUS=FAILED        107 CALLS         482 TOTAL
                     EDM=1.01978e+06    STRATEGY= 1      ERR MATRIX NOT POS-DEF
  EXT PARAMETER                APPROXIMATE        STEP         FIRST   
  NO.   NAME      VALUE            ERROR          SIZE      DERIVATIVE 
   1  norm         5.58912e+05   7.52213e+00  -0.00000e+00  -9.04509e-02
   2  Q            5.65013e-01   1.00000e+00  -0.00000e+00   1.01762e+09
   3  theta        2.25668e-03   1.00000e+00  -0.00000e+00   2.75942e+05
   4  pileup       9.99666e-04   1.00000e+00   0.00000e+00  -2.52555e+07
 EXTERNAL ERROR MATRIX.    NDIM=  25    NPAR=  4    ERR DEF=1
  5.658e+01 -1.440e-07  5.930e-04 -2.628e-08 
 -1.440e-07  1.000e+00 -1.203e-11 -2.263e-15 
  5.930e-04 -1.203e-11  1.000e+00  9.369e-12 
 -2.628e-08 -2.263e-15  9.369e-12  1.000e+00 
ERR MATRIX NOT POS-DEF
 PARAMETER  CORRELATION COEFFICIENTS  
       NO.  GLOBAL      1      2      3      4
        1  0.00008   1.000 -0.000  0.000 -0.000
        2  0.00000  -0.000  1.000 -0.000 -0.000
        3  0.00008   0.000 -0.000  1.000  0.000
        4  0.00000  -0.000 -0.000  0.000  1.000
 ERR MATRIX NOT POS-DEF
status of the fit-----000------4
1  558912
2  0.565013
3  0.00225668
4  0.000999666
 PARAMETER DEFINITIONS:
    NO.   NAME         VALUE      STEP SIZE      LIMITS
     1 norm         5.58912e+05  1.00000e-01     no limits
     2 Q            5.65013e-01  1.00000e-01     no limits
     3 theta        2.25668e-03  1.00000e-01     no limits
     4 pileup       9.99666e-04  1.00000e-01     no limits
 **********
 **    5 **MIGRAD
 **********
 FIRST CALL TO USER FUNCTION AT NEW START POINT, WITH IFLAG=4.
 START MIGRAD MINIMIZATION.  STRATEGY  1.  CONVERGENCE WHEN EDM .LT. 1.00e-04
 FCN=-2.37858e+11 FROM MIGRAD    STATUS=INITIATE       14 CALLS         497 TOTAL
                     EDM= unknown      STRATEGY= 1      NO ERROR MATRIX       
  EXT PARAMETER               CURRENT GUESS       STEP         FIRST   
  NO.   NAME      VALUE            ERROR          SIZE      DERIVATIVE 
   1  norm         5.58912e+05   1.00000e-01   1.00000e-01  -2.58216e-02
   2  Q            5.65013e-01   1.00000e-01   1.00000e-01   6.64466e+06
   3  theta        2.25668e-03   1.00000e-01   1.00000e-01   1.49858e+04
   4  pileup       9.99666e-04   1.00000e-01   1.00000e-01  -9.17992e+11
 MIGRAD FAILS TO FIND IMPROVEMENT
 EIGENVALUES OF SECOND-DERIVATIVE MATRIX:
        -1.1846e-02  3.5822e-01  9.1680e-01  2.7368e+00
 MINUIT WARNING IN HESSE   
 ============== MATRIX FORCED POS-DEF BY ADDING 0.014583 TO DIAGONAL.
 FCN=-2.37858e+11 FROM HESSE     STATUS=NOT POSDEF     29 CALLS         537 TOTAL
                     EDM=0.467091    STRATEGY= 1      ERR MATRIX NOT POS-DEF
  EXT PARAMETER                APPROXIMATE        STEP         FIRST   
  NO.   NAME      VALUE            ERROR          SIZE      DERIVATIVE 
   1  norm         5.58912e+05   6.33992e+01   2.66510e+00  -2.55353e-02
   2  Q            5.65013e-01   6.50969e-06   1.00000e-03  -7.78918e+04
   3  theta        2.25668e-03   6.26259e-03   1.00000e-01   3.48969e+01
   4  pileup       9.99666e-04   9.19065e-08   1.00000e-02   2.64089e+06
 EIGENVALUES OF SECOND-DERIVATIVE MATRIX:
        -4.0724e-02  3.0392e-02  6.0905e-01  3.4013e+00
 MINUIT WARNING IN MIGRAD  
 ============== MATRIX FORCED POS-DEF BY ADDING 0.044126 TO DIAGONAL.
 MINUIT WARNING IN MIGRAD  
 ============== Negative diagonal element 2 in Error Matrix
 MINUIT WARNING IN MIGRAD  
 ============== Negative diagonal element 3 in Error Matrix
 MINUIT WARNING IN MIGRAD  
 ============== 1 added to diagonal of error matrix
 MIGRAD FAILS TO FIND IMPROVEMENT
 MACHINE ACCURACY LIMITS FURTHER IMPROVEMENT.
 MIGRAD MINIMIZATION HAS CONVERGED.
 MIGRAD WILL VERIFY CONVERGENCE AND ERROR MATRIX.
 EIGENVALUES OF SECOND-DERIVATIVE MATRIX:
        -1.8558e-04  2.9650e-01  8.5020e-01  2.8535e+00
 MINUIT WARNING IN HESSE   
 ============== MATRIX FORCED POS-DEF BY ADDING 0.003039 TO DIAGONAL.
 MIGRAD TERMINATED WITHOUT CONVERGENCE.
 FCN=-2.37858e+11 FROM MIGRAD    STATUS=FAILED        154 CALLS         637 TOTAL
                     EDM=0.362451    STRATEGY= 1      ERR MATRIX NOT POS-DEF
  EXT PARAMETER                APPROXIMATE        STEP         FIRST   
  NO.   NAME      VALUE            ERROR          SIZE      DERIVATIVE 
   1  norm         5.58914e+05   9.58234e+01   5.33020e+02   3.39467e-02
   2  Q            5.65012e-01   3.09602e-05   9.44983e-05   1.08016e+05
   3  theta        2.03979e-03   2.79765e-03   4.33664e-02   9.71706e+01
   4  pileup       9.99665e-04   1.08092e-07   2.09841e-05   4.60165e+06
 EXTERNAL ERROR MATRIX.    NDIM=  25    NPAR=  4    ERR DEF=1
  9.182e+03 -2.951e-03 -8.459e-03 -8.398e-08 
 -2.951e-03  9.585e-10  8.233e-09  5.536e-14 
 -8.459e-03  8.233e-09  7.827e-06  1.516e-10 
 -8.398e-08  5.536e-14  1.516e-10  1.168e-14 
ERR MATRIX NOT POS-DEF
 PARAMETER  CORRELATION COEFFICIENTS  
       NO.  GLOBAL      1      2      3      4
        1  0.99715   1.000 -0.995 -0.032 -0.008
        2  0.99717  -0.995  1.000  0.095  0.017
        3  0.76974  -0.032  0.095  1.000  0.501
        4  0.58091  -0.008  0.017  0.501  1.000
 ERR MATRIX NOT POS-DEF
 **********
 **    6 **MIGRAD 
 **********
 START MIGRAD MINIMIZATION.  STRATEGY  1.  CONVERGENCE WHEN EDM .LT. 1.00e-04
 FCN=-2.37858e+11 FROM MIGRAD    STATUS=INITIATE        8 CALLS         645 TOTAL
                     EDM=205.514    STRATEGY= 1      ERR MATRIX NOT POS-DEF
  EXT PARAMETER                APPROXIMATE        STEP         FIRST   
  NO.   NAME      VALUE            ERROR          SIZE      DERIVATIVE 
   1  norm         5.58914e+05   9.58234e+01   5.33020e+02   3.29730e-02
   2  Q            5.65012e-01   3.09602e-05   9.44983e-05   1.08334e+05
   3  theta        2.03979e-03   2.79765e-03   4.33664e-02   1.01677e+04
   4  pileup       9.99665e-04   1.08092e-07   2.09841e-05   9.03260e+04
 MINUIT WARNING IN MIGRAD  
 ============== Negative diagonal element 2 in Error Matrix
 MINUIT WARNING IN MIGRAD  
 ============== 1 added to diagonal of error matrix
 MIGRAD FAILS TO FIND IMPROVEMENT
 EIGENVALUES OF SECOND-DERIVATIVE MATRIX:
        -1.4113e-01  4.5497e-01  6.6935e-01  3.0168e+00
 MINUIT WARNING IN HESSE   
 ============== MATRIX FORCED POS-DEF BY ADDING 0.144143 TO DIAGONAL.
 FCN=-2.37858e+11 FROM HESSE     STATUS=NOT POSDEF     31 CALLS         707 TOTAL
                     EDM=0.00802669    STRATEGY= 1      ERR MATRIX NOT POS-DEF
  EXT PARAMETER                APPROXIMATE        STEP         FIRST   
  NO.   NAME      VALUE            ERROR          SIZE      DERIVATIVE 
   1  norm         5.58915e+05   8.21203e+00   1.72565e+03  -1.44780e-02
   2  Q            5.65012e-01   5.21781e-06   5.54965e-04  -4.23809e+04
   3  theta        1.54158e-03   1.14082e-02   8.63114e-02   1.92035e+01
   4  pileup       9.99655e-04   1.11110e-07   2.09854e-05   1.22464e+06
 EIGENVALUES OF SECOND-DERIVATIVE MATRIX:
        -6.2207e-02  4.4938e-01  1.0610e+00  2.5518e+00
 MINUIT WARNING IN MIGRAD  
 ============== MATRIX FORCED POS-DEF BY ADDING 0.064759 TO DIAGONAL.
 MIGRAD FAILS TO FIND IMPROVEMENT
 MACHINE ACCURACY LIMITS FURTHER IMPROVEMENT.
 MIGRAD MINIMIZATION HAS CONVERGED.
 MIGRAD WILL VERIFY CONVERGENCE AND ERROR MATRIX.
 EIGENVALUES OF SECOND-DERIVATIVE MATRIX:
        -2.8128e-04  3.3475e-01  8.5120e-01  2.8143e+00
 MINUIT WARNING IN HESSE   
 ============== MATRIX FORCED POS-DEF BY ADDING 0.003096 TO DIAGONAL.
 MIGRAD TERMINATED WITHOUT CONVERGENCE.
 FCN=-2.37858e+11 FROM MIGRAD    STATUS=FAILED        171 CALLS         808 TOTAL
                     EDM=0.0056275    STRATEGY= 1      ERR MATRIX NOT POS-DEF
  EXT PARAMETER                APPROXIMATE        STEP         FIRST   
  NO.   NAME      VALUE            ERROR          SIZE      DERIVATIVE 
   1  norm         5.58915e+05   9.64735e+01   1.72565e+03  -9.27451e-03
   2  Q            5.65012e-01   3.11730e-05   9.50776e-05  -2.62694e+04
   3  theta        1.31564e-03   2.23503e-03   5.13793e-02   1.02162e+01
   4  pileup       9.99648e-04   1.05695e-07   2.09838e-05  -7.88070e+04
 EXTERNAL ERROR MATRIX.    NDIM=  25    NPAR=  4    ERR DEF=1
  9.307e+03 -2.993e-03 -8.323e-03 -1.895e-08 
 -2.993e-03  9.718e-10  6.688e-09  1.606e-14 
 -8.323e-03  6.688e-09  4.995e-06  1.100e-10 
 -1.895e-08  1.606e-14  1.100e-10  1.117e-14 
ERR MATRIX NOT POS-DEF
 PARAMETER  CORRELATION COEFFICIENTS  
       NO.  GLOBAL      1      2      3      4
        1  0.99718   1.000 -0.995 -0.039 -0.002
        2  0.99721  -0.995  1.000  0.096  0.005
        3  0.73929  -0.039  0.096  1.000  0.466
        4  0.55418  -0.002  0.005  0.466  1.000
 ERR MATRIX NOT POS-DEF
status of the fit-----000------4
1  558915
2  0.565012
3  0.00131564
4  0.000999648
