  *******************************************
  *                                         *
  *        W E L C O M E  to  R O O T       *
  *                                         *
  *   Version   5.34/36      5 April 2016   *
  *                                         *
  *  You are welcome to visit our Web site  *
  *          http://root.cern.ch            *
  *                                         *
  *******************************************

ROOT 5.34/36 (v5-34-36@v5-34-36, Apr 05 2016, 10:25:45 on linuxx8664gcc)

CINT/ROOT C/C++ Interpreter version 5.18.00, July 2, 2010
Type ? for help. Commands must be C++ statements.
Enclose multiple statements between { }.
Loading root init file.
The rat/rootinit.C file loaded the DEAP style for you, which is available from the fStyle pointer.
DEAP style applied. 
RAT: Libraries loaded.

Processing /home/fatemigh/projects/rpp-jillings/fatemigh/sterile/Likelihood/LikelihoodSterile_modified6.C+(92)...
pased here
566 lines read from file
31
spec_E  566
Before entering fitting
 **********
 **    1 **SET PRINT           2
 **********
 **********
 **    2 **SET NOGRAD
 **********
 PARAMETER DEFINITIONS:
    NO.   NAME         VALUE      STEP SIZE      LIMITS
     1 p0           5.58000e+05  1.67400e+05     no limits
     2 p1           5.65000e-01  1.69500e-01     no limits
     3 p2           0.00000e+00  3.00000e-01     no limits
     4 p3           9.99871e-04  2.99961e-04     no limits
 **********
 **    3 **SET ERR         0.5
 **********
 **********
 **    4 **SET PRINT           2
 **********
 **********
 **    5 **SET STR           1
 **********
 NOW USING STRATEGY  1: TRY TO BALANCE SPEED AGAINST RELIABILITY
 **********
 **    6 **MIGRAD        1480        0.01
 **********
 FIRST CALL TO USER FUNCTION AT NEW START POINT, WITH IFLAG=4.
 START MIGRAD MINIMIZATION.  STRATEGY  1.  CONVERGENCE WHEN EDM .LT. 1.00e-05
 FCN=17492 FROM MIGRAD    STATUS=INITIATE       18 CALLS          19 TOTAL
                     EDM= unknown      STRATEGY= 1      NO ERROR MATRIX       
  EXT PARAMETER               CURRENT GUESS       STEP         FIRST   
  NO.   NAME      VALUE            ERROR          SIZE      DERIVATIVE 
   1  p0           5.58000e+05   1.67400e+05   1.67400e+05  -3.64556e+01
   2  p1           5.65000e-01   1.69500e-01   1.69500e-01  -1.13161e+08
   3  p2           0.00000e+00   3.00000e-01   3.00000e-01   2.07714e+06
   4  p3           9.99871e-04   2.99961e-04   2.99961e-04  -9.83322e+08
                               ERR DEF= 0.5
NO ERROR MATRIX       
 FCN=1371.58 FROM MIGRAD    STATUS=PROGRESS       36 CALLS          37 TOTAL
                     EDM=4117.78    STRATEGY= 1      NO ERROR MATRIX       
  EXT PARAMETER               CURRENT GUESS       STEP         FIRST   
  NO.   NAME      VALUE            ERROR          SIZE      DERIVATIVE 
   1  p0           5.58357e+05   1.67400e+05   3.56923e+02  -2.54534e+00
   2  p1           5.65115e-01   1.69500e-01   1.15095e-04  -7.83963e+06
   3  p2          -2.35085e-03   3.00000e-01  -2.35085e-03  -4.83903e+05
   4  p3           1.00130e-03   2.99961e-04   1.42740e-06   5.11102e+08
                               ERR DEF= 0.5
 MINUIT WARNING IN MIGRAD  
 ============== Negative diagonal element 1 in Error Matrix
 MINUIT WARNING IN MIGRAD  
 ============== Negative diagonal element 2 in Error Matrix
 MINUIT WARNING IN MIGRAD  
 ============== Negative diagonal element 3 in Error Matrix
 MINUIT WARNING IN MIGRAD  
 ============== 5.66564e+06 added to diagonal of error matrix
 EIGENVALUES OF SECOND-DERIVATIVE MATRIX:
         9.9923e-01  1.0000e+00  1.0000e+00  1.0008e+00
 MIGRAD FAILS TO FIND IMPROVEMENT
   START COVARIANCE MATRIX CALCULATION.
 EIGENVALUES OF SECOND-DERIVATIVE MATRIX:
         1.3785e-03  4.4150e-01  8.7495e-01  2.6822e+00
 COVARIANCE MATRIX CALCULATED SUCCESSFULLY
 FCN=77.5738 FROM HESSE     STATUS=OK             23 CALLS         183 TOTAL
                     EDM=0.032528    STRATEGY= 1      ERROR MATRIX ACCURATE 
  EXT PARAMETER                                   STEP         FIRST   
  NO.   NAME      VALUE            ERROR          SIZE      DERIVATIVE 
   1  p0           5.60511e+05   9.76218e+01   2.67272e-01  -4.94281e-02
   2  p1           5.64500e-01   3.14348e-05   2.69175e-07  -1.53584e+05
   3  p2          -7.97565e-05   6.65681e-05   3.26917e-07   2.74957e+03
   4  p3           9.99713e-04   6.89226e-08   4.76700e-10  -1.56737e+06
                               ERR DEF= 0.5
 PARAMETER  CORRELATION COEFFICIENTS  
       NO.  GLOBAL      1      2      3      4
        1  0.99862   1.000 -0.998  0.065  0.277
        2  0.99863  -0.998  1.000 -0.031 -0.281
        3  0.65436   0.065 -0.031  1.000  0.367
        4  0.52849   0.277 -0.281  0.367  1.000
 FCN=77.541 FROM MIGRAD    STATUS=PROGRESS      191 CALLS         192 TOTAL
                     EDM=0.000214423    STRATEGY= 1      ERROR MATRIX ACCURATE 
  EXT PARAMETER                                   STEP         FIRST   
  NO.   NAME      VALUE            ERROR          SIZE      DERIVATIVE 
   1  p0           5.60513e+05   9.76218e+01   2.49467e+00  -1.49954e-04
   2  p1           5.64500e-01   3.14348e-05  -3.74698e-07   2.18917e+02
   3  p2          -7.85660e-05   6.65681e-05   1.19050e-06  -1.45855e+01
   4  p3           9.99715e-04   6.89226e-08   1.64001e-09   6.60706e+04
                               ERR DEF= 0.5
 MINUIT WARNING IN MIGRAD  
 ============== Negative diagonal element 1 in Error Matrix
 MINUIT WARNING IN MIGRAD  
 ============== Negative diagonal element 2 in Error Matrix
 MINUIT WARNING IN MIGRAD  
 ============== 1712.95 added to diagonal of error matrix
 EIGENVALUES OF SECOND-DERIVATIVE MATRIX:
         9.9999e-01  1.0000e+00  1.0000e+00  1.0000e+00
 MIGRAD FAILS TO FIND IMPROVEMENT
 MIGRAD TERMINATED WITHOUT CONVERGENCE.
 FCN=77.5406 FROM MIGRAD    STATUS=FAILED        238 CALLS         239 TOTAL
                     EDM=33.9619    STRATEGY= 1  ERROR MATRIX UNCERTAINTY 100.0 per cent
  EXT PARAMETER                APPROXIMATE        STEP         FIRST   
  NO.   NAME      VALUE            ERROR          SIZE      DERIVATIVE 
   1  p0           5.60516e+05   7.07107e-01   0.00000e+00   1.86029e-04
   2  p1           5.64499e-01   2.92656e+01   0.00000e+00  -5.97657e+05
   3  p2          -7.85153e-05   2.92656e+01   0.00000e+00  -1.64457e+01
   4  p3           9.99715e-04   2.92656e+01  -0.00000e+00   1.00035e+05
                               ERR DEF= 0.5
 EXTERNAL ERROR MATRIX.    NDIM=  25    NPAR=  4    ERR DEF=0.5
  5.000e-01  2.841e-04 -3.389e-05 -3.199e-07 
  2.841e-04  8.565e+02  2.382e-11  5.930e-14 
 -3.389e-05  2.382e-11  8.565e+02 -7.958e-13 
 -3.199e-07  5.930e-14 -7.958e-13  8.565e+02 
ERR MATRIX APPROXIMATE
 PARAMETER  CORRELATION COEFFICIENTS  
       NO.  GLOBAL      1      2      3      4
        1  0.00001   1.000  0.000 -0.000 -0.000
        2  0.00001   0.000  1.000  0.000  0.000
        3  0.00000  -0.000  0.000  1.000 -0.000
        4  0.00000  -0.000  0.000 -0.000  1.000
 ERR MATRIX APPROXIMATE
 FCN=77.5406 FROM MIGRAD    STATUS=FAILED        238 CALLS         239 TOTAL
                     EDM=33.9619    STRATEGY= 1  ERROR MATRIX UNCERTAINTY 100.0 per cent
  EXT PARAMETER                  PARABOLIC         MINOS ERRORS        
  NO.   NAME      VALUE            ERROR      NEGATIVE      POSITIVE   
   1  p0           5.60516e+05   7.07107e-01                            
   2  p1           5.64499e-01   2.92656e+01                            
   3  p2          -7.85153e-05   2.92656e+01                            
   4  p3           9.99715e-04   2.92656e+01                            
                               ERR DEF= 0.5
 **********
 **    7 **SET PRINT           2
 **********
 **********
 **    8 **SET NOGRAD
 **********
 PARAMETER DEFINITIONS:
    NO.   NAME         VALUE      STEP SIZE      LIMITS
     1 p0           5.60516e+05  7.07107e-01     no limits
     2 p1           5.64499e-01  2.92656e+01     no limits
     3 p2          -7.85153e-05  2.92656e+01     no limits
     4 p3           9.99715e-04  2.92656e+01     no limits
 **********
 **    9 **SET ERR         0.5
 **********
 **********
 **   10 **SET PRINT           2
 **********
 **********
 **   11 **SET STR           1
 **********
 NOW USING STRATEGY  1: TRY TO BALANCE SPEED AGAINST RELIABILITY
 **********
 **   12 **MIGRAD        1480        0.01
 **********
 FIRST CALL TO USER FUNCTION AT NEW START POINT, WITH IFLAG=4.
 START MIGRAD MINIMIZATION.  STRATEGY  1.  CONVERGENCE WHEN EDM .LT. 1.00e-05
 FCN=77.5406 FROM MIGRAD    STATUS=INITIATE       20 CALLS          21 TOTAL
                     EDM= unknown      STRATEGY= 1      NO ERROR MATRIX       
  EXT PARAMETER               CURRENT GUESS       STEP         FIRST   
  NO.   NAME      VALUE            ERROR          SIZE      DERIVATIVE 
   1  p0           5.60516e+05   7.07107e-01   7.07107e-01   1.86029e-04
   2  p1           5.64499e-01   2.92656e+01   2.92656e+01  -3.84717e+09
   3  p2          -7.85153e-05   2.92656e+01   2.92656e+01   4.02667e+02
   4  p3           9.99715e-04   2.92656e+01   2.92656e+01  -4.08339e+13
                               ERR DEF= 0.5
NO ERROR MATRIX       
 MIGRAD FAILS TO FIND IMPROVEMENT
   START COVARIANCE MATRIX CALCULATION.
 EIGENVALUES OF SECOND-DERIVATIVE MATRIX:
         2.0509e-01  4.0596e-01  9.9836e-01  2.3906e+00
 COVARIANCE MATRIX CALCULATED SUCCESSFULLY
 FCN=77.5406 FROM HESSE     STATUS=OK             29 CALLS          61 TOTAL
                     EDM=9.15607e-07    STRATEGY= 1      ERROR MATRIX ACCURATE 
  EXT PARAMETER                                   STEP         FIRST   
  NO.   NAME      VALUE            ERROR          SIZE      DERIVATIVE 
   1  p0           5.60516e+05   8.45699e+00   2.67275e-01   1.84612e-04
   2  p1           5.64499e-01   6.07764e-07   2.92656e-03   1.07151e+03
   3  p2          -7.85153e-05   7.42737e-05   2.92656e-03  -6.66464e+00
   4  p3           9.99715e-04   5.97661e-09   2.92656e-03   1.27865e+05
                               ERR DEF= 0.5
 PARAMETER  CORRELATION COEFFICIENTS  
       NO.  GLOBAL      1      2      3      4
        1  0.79471   1.000 -0.639  0.177 -0.006
        2  0.82501  -0.639  1.000  0.400 -0.001
        3  0.69076   0.177  0.400  1.000  0.019
        4  0.03345  -0.006 -0.001  0.019  1.000
 MIGRAD FAILS TO FIND IMPROVEMENT
 MIGRAD MINIMIZATION HAS CONVERGED.
 FCN=77.5406 FROM MIGRAD    STATUS=CONVERGED      63 CALLS          64 TOTAL
                     EDM=9.15607e-07    STRATEGY= 1      ERROR MATRIX ACCURATE 
  EXT PARAMETER                                   STEP         FIRST   
  NO.   NAME      VALUE            ERROR          SIZE      DERIVATIVE 
   1  p0           5.60516e+05   8.45699e+00  -0.00000e+00   1.84612e-04
   2  p1           5.64499e-01   6.07764e-07   0.00000e+00   1.07151e+03
   3  p2          -7.85153e-05   7.42737e-05  -0.00000e+00  -6.66464e+00
   4  p3           9.99715e-04   5.97661e-09  -0.00000e+00   1.27865e+05
                               ERR DEF= 0.5
 EXTERNAL ERROR MATRIX.    NDIM=  25    NPAR=  4    ERR DEF=0.5
  7.152e+01 -3.285e-06  1.110e-04 -2.920e-10 
 -3.285e-06  3.694e-13  1.807e-11 -2.674e-18 
  1.110e-04  1.807e-11  5.517e-09  8.258e-15 
 -2.920e-10 -2.674e-18  8.258e-15  3.572e-17 
 PARAMETER  CORRELATION COEFFICIENTS  
       NO.  GLOBAL      1      2      3      4
        1  0.79471   1.000 -0.639  0.177 -0.006
        2  0.82501  -0.639  1.000  0.400 -0.001
        3  0.69076   0.177  0.400  1.000  0.019
        4  0.03345  -0.006 -0.001  0.019  1.000
 EXTERNAL ERROR MATRIX.    NDIM=   4    NPAR=  4    ERR DEF=0.5
  7.152e+01 -3.285e-06  1.110e-04 -2.920e-10 
 -3.285e-06  3.694e-13  1.807e-11 -2.674e-18 
  1.110e-04  1.807e-11  5.517e-09  8.258e-15 
 -2.920e-10 -2.674e-18  8.258e-15  3.572e-17 
 FCN=77.5406 FROM MIGRAD    STATUS=CONVERGED      63 CALLS          64 TOTAL
                     EDM=9.15607e-07    STRATEGY= 1      ERROR MATRIX ACCURATE 
  EXT PARAMETER                  PARABOLIC         MINOS ERRORS        
  NO.   NAME      VALUE            ERROR      NEGATIVE      POSITIVE   
   1  p0           5.60516e+05   8.45699e+00                            
   2  p1           5.64499e-01   6.07764e-07                            
   3  p2          -7.85153e-05   7.42737e-05                            
   4  p3           9.99715e-04   5.97661e-09                            
                               ERR DEF= 0.5
------------------------------------------
Enering ROOFIt-------
 PARAMETER DEFINITIONS:
    NO.   NAME         VALUE      STEP SIZE      LIMITS
     1 norm         5.60516e+05  1.00000e-01     no limits
     2 Q            5.65000e-01  1.00000e-01     no limits
     3 theta        0.00000e+00  1.00000e-01     no limits
     4 pileup       9.99715e-04  1.00000e-01     no limits
 **********
 **    1 **MIGRAD
 **********
 FIRST CALL TO USER FUNCTION AT NEW START POINT, WITH IFLAG=4.
 START MIGRAD MINIMIZATION.  STRATEGY  1.  CONVERGENCE WHEN EDM .LT. 1.00e-04
 FCN=-2.37862e+11 FROM MIGRAD    STATUS=INITIATE       16 CALLS          17 TOTAL
                     EDM= unknown      STRATEGY= 1      NO ERROR MATRIX       
  EXT PARAMETER               CURRENT GUESS       STEP         FIRST   
  NO.   NAME      VALUE            ERROR          SIZE      DERIVATIVE 
   1  norm         5.60516e+05   1.00000e-01   1.00000e-01   5.90857e+01
   2  Q            5.65000e-01   1.00000e-01   1.00000e-01   9.13198e+08
   3  theta        0.00000e+00   1.00000e-01   1.00000e-01  -3.39252e+06
   4  pileup       9.99715e-04   1.00000e-01   1.00000e-01  -9.15956e+11
 MIGRAD FAILS TO FIND IMPROVEMENT
 EIGENVALUES OF SECOND-DERIVATIVE MATRIX:
        -6.5257e-04  3.8397e-01  9.1713e-01  2.6995e+00
 MINUIT WARNING IN HESSE   
 ============== MATRIX FORCED POS-DEF BY ADDING 0.003352 TO DIAGONAL.
 FCN=-2.37862e+11 FROM HESSE     STATUS=NOT POSDEF     27 CALLS          55 TOTAL
                     EDM=5.76837e+06    STRATEGY= 1      ERR MATRIX NOT POS-DEF
  EXT PARAMETER                APPROXIMATE        STEP         FIRST   
  NO.   NAME      VALUE            ERROR          SIZE      DERIVATIVE 
   1  norm         5.60516e+05   6.93493e+01   2.67275e+00   5.90854e+01
   2  Q            5.65000e-01   6.52250e-06   1.00000e-03   1.84247e+08
   3  theta        0.00000e+00   5.73505e-04   1.84993e-02  -3.40748e+06
   4  pileup       9.99715e-04   9.23058e-08   1.00000e-02   1.64994e+09
 MIGRAD FAILS TO FIND IMPROVEMENT
 MACHINE ACCURACY LIMITS FURTHER IMPROVEMENT.
 MIGRAD MINIMIZATION HAS CONVERGED.
 MIGRAD WILL VERIFY CONVERGENCE AND ERROR MATRIX.
 EIGENVALUES OF SECOND-DERIVATIVE MATRIX:
        -6.9952e-04  3.6633e-01  8.5031e-01  2.7841e+00
 MINUIT WARNING IN HESSE   
 ============== MATRIX FORCED POS-DEF BY ADDING 0.003484 TO DIAGONAL.
 MIGRAD TERMINATED WITHOUT CONVERGENCE.
 FCN=-2.37862e+11 FROM MIGRAD    STATUS=FAILED        333 CALLS         334 TOTAL
                     EDM=3.20975    STRATEGY= 1      ERR MATRIX NOT POS-DEF
  EXT PARAMETER                APPROXIMATE        STEP         FIRST   
  NO.   NAME      VALUE            ERROR          SIZE      DERIVATIVE 
   1  norm         5.58643e+05   9.60459e+01   1.72482e+03   7.07116e-02
   2  Q            5.65102e-01   3.16004e-05   8.68533e-05   2.28767e+05
   3  theta        1.30970e-05   1.19591e-04   1.85902e-02  -1.65420e+04
   4  pileup       9.99832e-04   1.05025e-07   2.09864e-05   2.84261e+07
 EXTERNAL ERROR MATRIX.    NDIM=  25    NPAR=  4    ERR DEF=1
  9.225e+03 -3.021e-03 -3.958e-03 -1.452e-06 
 -3.021e-03  9.986e-10  1.490e-09  4.753e-13 
 -3.958e-03  1.490e-09  1.430e-08  5.715e-12 
 -1.452e-06  4.753e-13  5.715e-12  1.103e-14 
ERR MATRIX NOT POS-DEF
 PARAMETER  CORRELATION COEFFICIENTS  
       NO.  GLOBAL      1      2      3      4
        1  0.99716   1.000 -0.995 -0.345 -0.144
        2  0.99729  -0.995  1.000  0.394  0.143
        3  0.75854  -0.345  0.394  1.000  0.455
        4  0.54622  -0.144  0.143  0.455  1.000
 ERR MATRIX NOT POS-DEF
 **********
 **    2 **MIGRAD 
 **********
 START MIGRAD MINIMIZATION.  STRATEGY  1.  CONVERGENCE WHEN EDM .LT. 1.00e-04
 FCN=-2.37862e+11 FROM MIGRAD    STATUS=INITIATE        8 CALLS         342 TOTAL
                     EDM=1.46542    STRATEGY= 1      ERR MATRIX NOT POS-DEF
  EXT PARAMETER                APPROXIMATE        STEP         FIRST   
  NO.   NAME      VALUE            ERROR          SIZE      DERIVATIVE 
   1  norm         5.58643e+05   9.60459e+01   1.72482e+03   6.04681e-02
   2  Q            5.65102e-01   3.16004e-05   8.68533e-05   2.29039e+05
   3  theta        1.30970e-05   1.19591e-04   1.85902e-02  -1.40798e+04
   4  pileup       9.99832e-04   1.05025e-07   2.09864e-05   2.39156e+07
 MINUIT WARNING IN MIGRAD  
 ============== Negative diagonal element 2 in Error Matrix
 MINUIT WARNING IN MIGRAD  
 ============== 1 added to diagonal of error matrix
 MIGRAD FAILS TO FIND IMPROVEMENT
 EIGENVALUES OF SECOND-DERIVATIVE MATRIX:
        -5.2359e-01  3.3338e-01  7.1856e-01  3.4716e+00
 MINUIT WARNING IN HESSE   
 ============== MATRIX FORCED POS-DEF BY ADDING 0.527058 TO DIAGONAL.
 FCN=-2.37862e+11 FROM HESSE     STATUS=NOT POSDEF     31 CALLS         399 TOTAL
                     EDM=0.67249    STRATEGY= 1      ERR MATRIX NOT POS-DEF
  EXT PARAMETER                APPROXIMATE        STEP         FIRST   
  NO.   NAME      VALUE            ERROR          SIZE      DERIVATIVE 
   1  norm         5.58712e+05   5.53391e+01   1.72483e+03  -1.23248e-02
   2  Q            5.65080e-01   4.85594e-06   5.55045e-04  -3.13025e+04
   3  theta       -9.65501e-06   5.70584e-04   1.85905e-02  -3.91174e+03
   4  pileup       9.99707e-04   1.79139e-07   2.09878e-05  -5.07305e+05
 MIGRAD FAILS TO FIND IMPROVEMENT
 MACHINE ACCURACY LIMITS FURTHER IMPROVEMENT.
 MIGRAD MINIMIZATION HAS CONVERGED.
 MIGRAD WILL VERIFY CONVERGENCE AND ERROR MATRIX.
 EIGENVALUES OF SECOND-DERIVATIVE MATRIX:
        -7.0409e-04  3.6639e-01  8.5028e-01  2.7840e+00
 MINUIT WARNING IN HESSE   
 ============== MATRIX FORCED POS-DEF BY ADDING 0.003488 TO DIAGONAL.
 MIGRAD TERMINATED WITHOUT CONVERGENCE.
 FCN=-2.37862e+11 FROM MIGRAD    STATUS=FAILED        149 CALLS         483 TOTAL
                     EDM=0.0297122    STRATEGY= 1      ERR MATRIX NOT POS-DEF
  EXT PARAMETER                APPROXIMATE        STEP         FIRST   
  NO.   NAME      VALUE            ERROR          SIZE      DERIVATIVE 
   1  norm         5.58713e+05   9.60502e+01   1.72503e+03  -1.73549e-02
   2  Q            5.65080e-01   3.16010e-05   8.76050e-05  -4.75626e+04
   3  theta        1.62537e-05   1.19591e-04   1.85743e-02   7.91309e+01
   4  pileup       9.99724e-04   1.05024e-07   2.09847e-05   7.11013e+05
 EXTERNAL ERROR MATRIX.    NDIM=  25    NPAR=  4    ERR DEF=1
  9.226e+03 -3.021e-03 -3.983e-03 -1.462e-06 
 -3.021e-03  9.986e-10  1.498e-09  4.788e-13 
 -3.983e-03  1.498e-09  1.430e-08  5.716e-12 
 -1.462e-06  4.788e-13  5.716e-12  1.103e-14 
ERR MATRIX NOT POS-DEF
 PARAMETER  CORRELATION COEFFICIENTS  
       NO.  GLOBAL      1      2      3      4
        1  0.99716   1.000 -0.995 -0.347 -0.145
        2  0.99729  -0.995  1.000  0.396  0.144
        3  0.75902  -0.347  0.396  1.000  0.455
        4  0.54632  -0.145  0.144  0.455  1.000
 ERR MATRIX NOT POS-DEF
status of the fit-----000------4
1  558713
2  0.56508
3  1.62537e-05
4  0.000999724
 PARAMETER DEFINITIONS:
    NO.   NAME         VALUE      STEP SIZE      LIMITS
     1 norm         5.58713e+05  1.00000e-01     no limits
     2 Q            5.65080e-01  1.00000e-01     no limits
     3 theta        1.62537e-05  1.00000e-01     no limits
     4 pileup       9.99724e-04  1.00000e-01     no limits
 **********
 **    3 **MIGRAD
 **********
 FIRST CALL TO USER FUNCTION AT NEW START POINT, WITH IFLAG=4.
 START MIGRAD MINIMIZATION.  STRATEGY  1.  CONVERGENCE WHEN EDM .LT. 1.00e-04
 FCN=-2.37862e+11 FROM MIGRAD    STATUS=INITIATE       16 CALLS         500 TOTAL
                     EDM= unknown      STRATEGY= 1      NO ERROR MATRIX       
  EXT PARAMETER               CURRENT GUESS       STEP         FIRST   
  NO.   NAME      VALUE            ERROR          SIZE      DERIVATIVE 
   1  norm         5.58713e+05   1.00000e-01   1.00000e-01  -1.72855e-02
   2  Q            5.65080e-01   1.00000e-01   1.00000e-01   6.69709e+06
   3  theta        1.62537e-05   1.00000e-01   1.00000e-01   1.55942e+04
   4  pileup       9.99724e-04   1.00000e-01   1.00000e-01  -9.18040e+11
 MIGRAD FAILS TO FIND IMPROVEMENT
 COVARIANCE MATRIX CALCULATED SUCCESSFULLY
 FCN=-2.37862e+11 FROM HESSE     STATUS=OK             29 CALLS         540 TOTAL
                     EDM=1.69305    STRATEGY= 1      ERROR MATRIX ACCURATE 
  EXT PARAMETER                                   STEP         FIRST   
  NO.   NAME      VALUE            ERROR          SIZE      DERIVATIVE 
   1  norm         5.58713e+05   1.93073e+02   2.66415e+00  -1.73542e-02
   2  Q            5.65080e-01   1.84535e-05   1.00000e-03  -4.75592e+04
   3  theta        1.62537e-05   1.62010e-03   1.85650e-02   7.92938e+01
   4  pileup       9.99724e-04   9.24460e-08   1.00000e-02   1.63725e+05
 MINUIT WARNING IN MIGRAD  
 ============== Negative diagonal element 2 in Error Matrix
 MINUIT WARNING IN MIGRAD  
 ============== 1 added to diagonal of error matrix
 MIGRAD FAILS TO FIND IMPROVEMENT
 MIGRAD TERMINATED WITHOUT CONVERGENCE.
 FCN=-2.37862e+11 FROM MIGRAD    STATUS=FAILED         98 CALLS         582 TOTAL
                     EDM=1.28049e+09    STRATEGY= 1  ERROR MATRIX UNCERTAINTY 100.0 per cent
  EXT PARAMETER                APPROXIMATE        STEP         FIRST   
  NO.   NAME      VALUE            ERROR          SIZE      DERIVATIVE 
   1  norm         5.58713e+05   9.16448e+00   0.00000e+00  -7.34460e-03
   2  Q            5.65080e-01   1.00000e+00  -0.00000e+00   3.99932e+09
   3  theta        1.44059e-05   1.00000e+00  -0.00000e+00   1.46642e+04
   4  pileup       9.99724e-04   1.00000e+00   0.00000e+00  -2.72769e+07
 EXTERNAL ERROR MATRIX.    NDIM=  25    NPAR=  4    ERR DEF=1
  8.399e+01 -1.827e-09  5.554e-04  5.740e-08 
 -1.827e-09  1.000e+00 -3.258e-14 -2.414e-18 
  5.554e-04 -3.258e-14  1.000e+00  7.339e-13 
  5.740e-08 -2.414e-18  7.339e-13  1.000e+00 
ERR MATRIX APPROXIMATE
 PARAMETER  CORRELATION COEFFICIENTS  
       NO.  GLOBAL      1      2      3      4
        1  0.00006   1.000 -0.000  0.000  0.000
        2  0.00000  -0.000  1.000 -0.000 -0.000
        3  0.00006   0.000 -0.000  1.000  0.000
        4  0.00000   0.000 -0.000  0.000  1.000
 ERR MATRIX APPROXIMATE
 **********
 **    4 **MIGRAD 
 **********
 START MIGRAD MINIMIZATION.  STRATEGY  1.  CONVERGENCE WHEN EDM .LT. 1.00e-04
 FCN=-2.37862e+11 FROM MIGRAD    STATUS=INITIATE       12 CALLS         594 TOTAL
                     EDM=4.9771e+16    STRATEGY= 1  ERROR MATRIX UNCERTAINTY 100.0 per cent
  EXT PARAMETER                APPROXIMATE        STEP         FIRST   
  NO.   NAME      VALUE            ERROR          SIZE      DERIVATIVE 
   1  norm         5.58713e+05   9.16448e+00   0.00000e+00  -1.34492e-02
   2  Q            5.65080e-01   1.00000e+00  -0.00000e+00  -1.64529e+04
   3  theta        1.44059e-05   1.00000e+00  -0.00000e+00   1.46637e+04
   4  pileup       9.99724e-04   1.00000e+00   0.00000e+00  -2.72771e+07
 MIGRAD FAILS TO FIND IMPROVEMENT
 EIGENVALUES OF SECOND-DERIVATIVE MATRIX:
        -6.2514e-04  3.6658e-01  8.4988e-01  2.7842e+00
 MINUIT WARNING IN HESSE   
 ============== MATRIX FORCED POS-DEF BY ADDING 0.003409 TO DIAGONAL.
 FCN=-2.37862e+11 FROM HESSE     STATUS=NOT POSDEF     29 CALLS         634 TOTAL
                     EDM=0.0120729    STRATEGY= 1      ERR MATRIX NOT POS-DEF
  EXT PARAMETER                APPROXIMATE        STEP         FIRST   
  NO.   NAME      VALUE            ERROR          SIZE      DERIVATIVE 
   1  norm         5.58713e+05   9.60408e+01   5.32830e+02  -7.28890e-03
   2  Q            5.65080e-01   3.16013e-05   8.76036e-05  -1.65227e+04
   3  theta        1.44059e-05   1.19861e-04   1.85743e-02  -8.66969e+02
   4  pileup       9.99724e-04   1.05205e-07   2.09847e-05   1.16111e+06
 MIGRAD FAILS TO FIND IMPROVEMENT
 MACHINE ACCURACY LIMITS FURTHER IMPROVEMENT.
 MIGRAD MINIMIZATION HAS CONVERGED.
 MIGRAD WILL VERIFY CONVERGENCE AND ERROR MATRIX.
 EIGENVALUES OF SECOND-DERIVATIVE MATRIX:
        -7.0689e-04  3.6642e-01  8.5027e-01  2.7840e+00
 MINUIT WARNING IN HESSE   
 ============== MATRIX FORCED POS-DEF BY ADDING 0.003491 TO DIAGONAL.
 MIGRAD TERMINATED WITHOUT CONVERGENCE.
 FCN=-2.37862e+11 FROM MIGRAD    STATUS=FAILED        139 CALLS         721 TOTAL
                     EDM=0.0182944    STRATEGY= 1      ERR MATRIX NOT POS-DEF
  EXT PARAMETER                APPROXIMATE        STEP         FIRST   
  NO.   NAME      VALUE            ERROR          SIZE      DERIVATIVE 
   1  norm         5.58734e+05   9.60535e+01   1.72509e+03   5.55147e-03
   2  Q            5.65073e-01   3.16009e-05   8.83583e-05   2.32651e+04
   3  theta        1.43103e-05   1.19567e-04   1.85698e-02  -6.31394e+02
   4  pileup       9.99715e-04   1.05022e-07   2.09846e-05  -4.36375e+05
 EXTERNAL ERROR MATRIX.    NDIM=  25    NPAR=  4    ERR DEF=1
  9.226e+03 -3.022e-03 -3.984e-03 -1.463e-06 
 -3.022e-03  9.986e-10  1.498e-09  4.791e-13 
 -3.984e-03  1.498e-09  1.430e-08  5.715e-12 
 -1.463e-06  4.791e-13  5.715e-12  1.103e-14 
ERR MATRIX NOT POS-DEF
 PARAMETER  CORRELATION COEFFICIENTS  
       NO.  GLOBAL      1      2      3      4
        1  0.99716   1.000 -0.995 -0.347 -0.145
        2  0.99729  -0.995  1.000  0.397  0.144
        3  0.75905  -0.347  0.397  1.000  0.455
        4  0.54631  -0.145  0.144  0.455  1.000
 ERR MATRIX NOT POS-DEF
status of the fit-----000------4
1  558734
2  0.565073
3  1.43103e-05
4  0.000999715
 PARAMETER DEFINITIONS:
    NO.   NAME         VALUE      STEP SIZE      LIMITS
     1 norm         5.58734e+05  1.00000e-01     no limits
     2 Q            5.65073e-01  1.00000e-01     no limits
     3 theta        1.43103e-05  1.00000e-01     no limits
     4 pileup       9.99715e-04  1.00000e-01     no limits
 **********
 **    5 **MIGRAD
 **********
 FIRST CALL TO USER FUNCTION AT NEW START POINT, WITH IFLAG=4.
 START MIGRAD MINIMIZATION.  STRATEGY  1.  CONVERGENCE WHEN EDM .LT. 1.00e-04
 FCN=-2.37862e+11 FROM MIGRAD    STATUS=INITIATE       16 CALLS         738 TOTAL
                     EDM= unknown      STRATEGY= 1      NO ERROR MATRIX       
  EXT PARAMETER               CURRENT GUESS       STEP         FIRST   
  NO.   NAME      VALUE            ERROR          SIZE      DERIVATIVE 
   1  norm         5.58734e+05   1.00000e-01   1.00000e-01   5.64706e-03
   2  Q            5.65073e-01   1.00000e-01   1.00000e-01   6.97794e+06
   3  theta        1.43103e-05   1.00000e-01   1.00000e-01   1.48867e+04
   4  pileup       9.99715e-04   1.00000e-01   1.00000e-01  -9.18040e+11
 MIGRAD FAILS TO FIND IMPROVEMENT
 COVARIANCE MATRIX CALCULATED SUCCESSFULLY
 FCN=-2.37862e+11 FROM HESSE     STATUS=OK             29 CALLS         778 TOTAL
                     EDM=0.376864    STRATEGY= 1      ERROR MATRIX ACCURATE 
  EXT PARAMETER                                   STEP         FIRST   
  NO.   NAME      VALUE            ERROR          SIZE      DERIVATIVE 
   1  norm         5.58734e+05   1.43675e+02   2.66425e+00   5.44088e-03
   2  Q            5.65073e-01   1.37438e-05   1.00000e-03   2.32548e+04
   3  theta        1.43103e-05   1.20982e-03   1.85605e-02  -6.31588e+02
   4  pileup       9.99715e-04   9.24413e-08   1.00000e-02  -9.83627e+05
 MIGRAD FAILS TO FIND IMPROVEMENT
 MACHINE ACCURACY LIMITS FURTHER IMPROVEMENT.
 MIGRAD MINIMIZATION HAS CONVERGED.
 MIGRAD WILL VERIFY CONVERGENCE AND ERROR MATRIX.
 EIGENVALUES OF SECOND-DERIVATIVE MATRIX:
        -7.0679e-04  3.6642e-01  8.5027e-01  2.7840e+00
 MINUIT WARNING IN HESSE   
 ============== MATRIX FORCED POS-DEF BY ADDING 0.003491 TO DIAGONAL.
 MIGRAD TERMINATED WITHOUT CONVERGENCE.
 FCN=-2.37862e+11 FROM MIGRAD    STATUS=FAILED        189 CALLS         911 TOTAL
                     EDM=0.0234443    STRATEGY= 1      ERR MATRIX NOT POS-DEF
  EXT PARAMETER                APPROXIMATE        STEP         FIRST   
  NO.   NAME      VALUE            ERROR          SIZE      DERIVATIVE 
   1  norm         5.58733e+05   9.60533e+01   1.72509e+03  -7.64667e-04
   2  Q            5.65073e-01   3.16009e-05   8.83593e-05   3.58505e+03
   3  theta        1.57108e-05   1.19570e-04   1.85697e-02   6.05035e+02
   4  pileup       9.99716e-04   1.05023e-07   2.09846e-05  -7.25433e+05
 EXTERNAL ERROR MATRIX.    NDIM=  25    NPAR=  4    ERR DEF=1
  9.226e+03 -3.022e-03 -3.984e-03 -1.463e-06 
 -3.022e-03  9.986e-10  1.498e-09  4.791e-13 
 -3.984e-03  1.498e-09  1.430e-08  5.715e-12 
 -1.463e-06  4.791e-13  5.715e-12  1.103e-14 
ERR MATRIX NOT POS-DEF
 PARAMETER  CORRELATION COEFFICIENTS  
       NO.  GLOBAL      1      2      3      4
        1  0.99716   1.000 -0.995 -0.347 -0.145
        2  0.99729  -0.995  1.000  0.397  0.144
        3  0.75906  -0.347  0.397  1.000  0.455
        4  0.54631  -0.145  0.144  0.455  1.000
 ERR MATRIX NOT POS-DEF
 **********
 **    6 **MIGRAD 
 **********
 START MIGRAD MINIMIZATION.  STRATEGY  1.  CONVERGENCE WHEN EDM .LT. 1.00e-04
 FCN=-2.37862e+11 FROM MIGRAD    STATUS=INITIATE        8 CALLS         919 TOTAL
                     EDM=1.39229    STRATEGY= 1      ERR MATRIX NOT POS-DEF
  EXT PARAMETER                APPROXIMATE        STEP         FIRST   
  NO.   NAME      VALUE            ERROR          SIZE      DERIVATIVE 
   1  norm         5.58733e+05   9.60533e+01   1.72509e+03  -1.10046e-02
   2  Q            5.65073e-01   3.16009e-05   8.83593e-05   3.86205e+03
   3  theta        1.57108e-05   1.19570e-04   1.85697e-02   1.55414e+04
   4  pileup       9.99716e-04   1.05023e-07   2.09846e-05  -5.23651e+06
 MINUIT WARNING IN MIGRAD  
 ============== Negative diagonal element 2 in Error Matrix
 MINUIT WARNING IN MIGRAD  
 ============== 1 added to diagonal of error matrix
 MIGRAD FAILS TO FIND IMPROVEMENT
 EIGENVALUES OF SECOND-DERIVATIVE MATRIX:
        -5.1644e-01  3.3444e-01  7.1552e-01  3.4665e+00
 MINUIT WARNING IN HESSE   
 ============== MATRIX FORCED POS-DEF BY ADDING 0.519902 TO DIAGONAL.
 FCN=-2.37862e+11 FROM HESSE     STATUS=NOT POSDEF     31 CALLS         978 TOTAL
                     EDM=0.0949892    STRATEGY= 1      ERR MATRIX NOT POS-DEF
  EXT PARAMETER                APPROXIMATE        STEP         FIRST   
  NO.   NAME      VALUE            ERROR          SIZE      DERIVATIVE 
   1  norm         5.58738e+05   5.40364e+01   1.72510e+03  -7.07393e-04
   2  Q            5.65071e-01   4.91786e-06   5.55030e-04   3.91401e+03
   3  theta        8.54375e-06   5.84202e-04   1.85697e-02  -1.26018e+03
   4  pileup       9.99714e-04   1.80687e-07   2.09859e-05  -4.04011e+05
 MIGRAD FAILS TO FIND IMPROVEMENT
 MACHINE ACCURACY LIMITS FURTHER IMPROVEMENT.
 MIGRAD MINIMIZATION HAS CONVERGED.
 MIGRAD WILL VERIFY CONVERGENCE AND ERROR MATRIX.
 EIGENVALUES OF SECOND-DERIVATIVE MATRIX:
        -5.1646e-01  3.3444e-01  7.1551e-01  3.4665e+00
 MINUIT WARNING IN HESSE   
 ============== MATRIX FORCED POS-DEF BY ADDING 0.519930 TO DIAGONAL.
 MIGRAD TERMINATED WITHOUT CONVERGENCE.
 FCN=-2.37862e+11 FROM MIGRAD    STATUS=FAILED        180 CALLS        1091 TOTAL
                     EDM=0.0307074    STRATEGY= 1      ERR MATRIX NOT POS-DEF
  EXT PARAMETER                APPROXIMATE        STEP         FIRST   
  NO.   NAME      VALUE            ERROR          SIZE      DERIVATIVE 
   1  norm         5.58738e+05   5.40363e+01   1.72511e+03  -7.77088e-03
   2  Q            5.65071e-01   4.91790e-06   5.55028e-04  -1.81705e+04
   3  theta        1.36656e-05   5.84198e-04   1.85686e-02  -1.94304e+02
   4  pileup       9.99718e-04   1.80691e-07   2.09846e-05  -1.59208e+05
 EXTERNAL ERROR MATRIX.    NDIM=  25    NPAR=  4    ERR DEF=1
  2.920e+03 -2.638e-04 -3.093e-02  8.732e-06 
 -2.638e-04  2.419e-11  2.851e-09 -8.046e-13 
 -3.093e-02  2.851e-09  3.413e-07 -9.322e-11 
  8.732e-06 -8.046e-13 -9.322e-11  3.265e-14 
ERR MATRIX NOT POS-DEF
 PARAMETER  CORRELATION COEFFICIENTS  
       NO.  GLOBAL      1      2      3      4
        1  0.99407   1.000 -0.993 -0.980  0.894
        2  0.99812  -0.993  1.000  0.992 -0.905
        3  0.99412  -0.980  0.992  1.000 -0.883
        4  0.91844   0.894 -0.905 -0.883  1.000
 ERR MATRIX NOT POS-DEF
status of the fit-----000------4
1  558738
2  0.565071
3  1.36656e-05
4  0.000999718
 **********
 **   13 **SET PRINT           2
 **********
 **********
 **   14 **SET NOGRAD
 **********
 PARAMETER DEFINITIONS:
    NO.   NAME         VALUE      STEP SIZE      LIMITS
     1 p0           5.58000e+05  1.67400e+05     no limits
     2 p1           5.65000e-01  1.69500e-01     no limits
     3 p2           0.00000e+00  3.00000e-01     no limits
     4 p3           9.99871e-04  2.99961e-04     no limits
 **********
 **   15 **SET ERR         0.5
 **********
 **********
 **   16 **SET PRINT           2
 **********
 **********
 **   17 **SET STR           1
 **********
 NOW USING STRATEGY  1: TRY TO BALANCE SPEED AGAINST RELIABILITY
 **********
 **   18 **MIGRAD        1480        0.01
 **********
 FIRST CALL TO USER FUNCTION AT NEW START POINT, WITH IFLAG=4.
 START MIGRAD MINIMIZATION.  STRATEGY  1.  CONVERGENCE WHEN EDM .LT. 1.00e-05
 FCN=17619.2 FROM MIGRAD    STATUS=INITIATE       18 CALLS          19 TOTAL
                     EDM= unknown      STRATEGY= 1      NO ERROR MATRIX       
  EXT PARAMETER               CURRENT GUESS       STEP         FIRST   
  NO.   NAME      VALUE            ERROR          SIZE      DERIVATIVE 
   1  p0           5.58000e+05   1.67400e+05   1.67400e+05  -3.65815e+01
   2  p1           5.65000e-01   1.69500e-01   1.69500e-01  -1.13558e+08
   3  p2           0.00000e+00   3.00000e-01   3.00000e-01   2.10769e+06
   4  p3           9.99871e-04   2.99961e-04   2.99961e-04  -9.89831e+08
                               ERR DEF= 0.5
NO ERROR MATRIX       
 FCN=1342.61 FROM MIGRAD    STATUS=PROGRESS       36 CALLS          37 TOTAL
                     EDM=4045.33    STRATEGY= 1      NO ERROR MATRIX       
  EXT PARAMETER               CURRENT GUESS       STEP         FIRST   
  NO.   NAME      VALUE            ERROR          SIZE      DERIVATIVE 
   1  p0           5.58358e+05   1.67400e+05   3.57831e+02  -2.52168e+00
   2  p1           5.65115e-01   1.69500e-01   1.15395e-04  -7.76971e+06
   3  p2          -2.38320e-03   3.00000e-01  -2.38320e-03  -4.69587e+05
   4  p3           1.00131e-03   2.99961e-04   1.43557e-06   5.13914e+08
                               ERR DEF= 0.5
 MIGRAD MINIMIZATION HAS CONVERGED.
 MIGRAD WILL VERIFY CONVERGENCE AND ERROR MATRIX.
   START COVARIANCE MATRIX CALCULATION.
 EIGENVALUES OF SECOND-DERIVATIVE MATRIX:
         2.6604e-04  3.9130e-01  8.4601e-01  2.7624e+00
 COVARIANCE MATRIX CALCULATED SUCCESSFULLY
 FCN=84.215 FROM HESSE     STATUS=OK             29 CALLS          99 TOTAL
                     EDM=0.00116192    STRATEGY= 1      ERROR MATRIX ACCURATE 
  EXT PARAMETER                                   STEP         FIRST   
  NO.   NAME      VALUE            ERROR          SIZE      DERIVATIVE 
   1  p0           5.58479e+05   2.22625e+02   2.66304e-01  -1.08805e-04
   2  p1           5.65154e-01   7.12356e-05   2.69487e-07   3.39264e+02
   3  p2          -1.01722e-04   8.28243e-05   3.54943e-07   9.82288e+00
   4  p3           9.99677e-04   7.54162e-08   4.76683e-10  -8.02712e+03
                               ERR DEF= 0.5
 PARAMETER  CORRELATION COEFFICIENTS  
       NO.  GLOBAL      1      2      3      4
        1  0.99974   1.000 -1.000  0.418  0.247
        2  0.99973  -1.000  1.000 -0.404 -0.248
        3  0.75500   0.418 -0.404  1.000  0.467
        4  0.55896   0.247 -0.248  0.467  1.000
 FCN=84.2117 FROM MIGRAD    STATUS=PROGRESS      108 CALLS         109 TOTAL
                     EDM=0.00313784    STRATEGY= 1      ERROR MATRIX ACCURATE 
  EXT PARAMETER                                   STEP         FIRST   
  NO.   NAME      VALUE            ERROR          SIZE      DERIVATIVE 
   1  p0           5.58511e+05   2.22625e+02   3.14198e+01  -3.92770e-04
   2  p1           5.65144e-01   7.12356e-05  -1.00563e-05  -7.43123e+02
   3  p2          -9.70253e-05   8.28243e-05   4.69682e-06   1.05450e+03
   4  p3           9.99680e-04   7.54162e-08   2.69523e-09   2.16361e+04
                               ERR DEF= 0.5
 MIGRAD FAILS TO FIND IMPROVEMENT
 MIGRAD TERMINATED WITHOUT CONVERGENCE.
 FCN=84.157 FROM MIGRAD    STATUS=FAILED        157 CALLS         158 TOTAL
                     EDM=5.29475e-05    STRATEGY= 1  ERROR MATRIX UNCERTAINTY  72.3 per cent
  EXT PARAMETER                APPROXIMATE        STEP         FIRST   
  NO.   NAME      VALUE            ERROR          SIZE      DERIVATIVE 
   1  p0           5.59007e+05   5.22931e+02  -0.00000e+00   1.40212e-04
   2  p1           5.64984e-01   1.68739e-04   0.00000e+00   4.13351e+02
   3  p2          -1.30316e-04   8.44539e-05   0.00000e+00  -1.76416e+00
   4  p3           9.99675e-04   7.40963e-08  -0.00000e+00   6.07890e+03
                               ERR DEF= 0.5
 EXTERNAL ERROR MATRIX.    NDIM=  25    NPAR=  4    ERR DEF=0.5
  2.735e+05 -8.823e-02 -1.557e-02 -2.577e-06 
 -8.823e-02  2.847e-08  5.122e-09  8.297e-13 
 -1.557e-02  5.122e-09  7.132e-09  2.710e-12 
 -2.577e-06  8.297e-13  2.710e-12  5.490e-15 
ERR MATRIX APPROXIMATE
 PARAMETER  CORRELATION COEFFICIENTS  
       NO.  GLOBAL      1      2      3      4
        1  0.99995   1.000 -1.000 -0.353 -0.067
        2  0.99995  -1.000  1.000  0.359  0.066
        3  0.75604  -0.353  0.359  1.000  0.433
        4  0.53943  -0.067  0.066  0.433  1.000
 ERR MATRIX APPROXIMATE
 FCN=84.157 FROM MIGRAD    STATUS=FAILED        157 CALLS         158 TOTAL
                     EDM=5.29475e-05    STRATEGY= 1  ERROR MATRIX UNCERTAINTY  72.3 per cent
  EXT PARAMETER                  PARABOLIC         MINOS ERRORS        
  NO.   NAME      VALUE            ERROR      NEGATIVE      POSITIVE   
   1  p0           5.59007e+05   5.22931e+02                            
   2  p1           5.64984e-01   1.68739e-04                            
   3  p2          -1.30316e-04   8.44539e-05                            
   4  p3           9.99675e-04   7.40963e-08                            
                               ERR DEF= 0.5
 **********
 **   19 **SET PRINT           2
 **********
 **********
 **   20 **SET NOGRAD
 **********
 PARAMETER DEFINITIONS:
    NO.   NAME         VALUE      STEP SIZE      LIMITS
     1 p0           5.59007e+05  5.22931e+02     no limits
     2 p1           5.64984e-01  1.68739e-04     no limits
     3 p2          -1.30316e-04  8.44539e-05     no limits
     4 p3           9.99675e-04  7.40963e-08     no limits
 **********
 **   21 **SET ERR         0.5
 **********
 **********
 **   22 **SET PRINT           2
 **********
 **********
 **   23 **SET STR           1
 **********
 NOW USING STRATEGY  1: TRY TO BALANCE SPEED AGAINST RELIABILITY
 **********
 **   24 **MIGRAD        1480        0.01
 **********
 FIRST CALL TO USER FUNCTION AT NEW START POINT, WITH IFLAG=4.
 START MIGRAD MINIMIZATION.  STRATEGY  1.  CONVERGENCE WHEN EDM .LT. 1.00e-05
 FCN=84.157 FROM MIGRAD    STATUS=INITIATE       16 CALLS          17 TOTAL
                     EDM= unknown      STRATEGY= 1      NO ERROR MATRIX       
  EXT PARAMETER               CURRENT GUESS       STEP         FIRST   
  NO.   NAME      VALUE            ERROR          SIZE      DERIVATIVE 
   1  p0           5.59007e+05   5.22931e+02   5.22931e+02   1.34819e-04
   2  p1           5.64984e-01   1.68739e-04   1.68739e-04   4.13351e+02
   3  p2          -1.30316e-04   8.44539e-05   8.44539e-05   1.91139e+00
   4  p3           9.99675e-04   7.40963e-08   7.40963e-08   6.07890e+03
                               ERR DEF= 0.5
NO ERROR MATRIX       
 FCN=84.157 FROM MIGRAD    STATUS=PROGRESS       28 CALLS          29 TOTAL
                     EDM=9.37304e-07    STRATEGY= 1      NO ERROR MATRIX       
  EXT PARAMETER               CURRENT GUESS       STEP         FIRST   
  NO.   NAME      VALUE            ERROR          SIZE      DERIVATIVE 
   1  p0           5.59007e+05   5.22931e+02  -4.98689e-04   8.75835e-05
   2  p1           5.64984e-01   1.68739e-04  -1.58113e-10   2.91199e+02
   3  p2          -1.30317e-04   8.44539e-05  -8.56969e-10   3.38633e+00
   4  p3           9.99675e-04   7.40963e-08  -3.18890e-12   3.18212e+02
                               ERR DEF= 0.5
 MIGRAD MINIMIZATION HAS CONVERGED.
 MIGRAD WILL VERIFY CONVERGENCE AND ERROR MATRIX.
   START COVARIANCE MATRIX CALCULATION.
 EIGENVALUES OF SECOND-DERIVATIVE MATRIX:
         1.5480e-03  4.3940e-01  8.3873e-01  2.7203e+00
 COVARIANCE MATRIX CALCULATED SUCCESSFULLY
 FCN=84.157 FROM MIGRAD    STATUS=CONVERGED      55 CALLS          56 TOTAL
                     EDM=8.89782e-06    STRATEGY= 1      ERROR MATRIX ACCURATE 
  EXT PARAMETER                                   STEP         FIRST   
  NO.   NAME      VALUE            ERROR          SIZE      DERIVATIVE 
   1  p0           5.59007e+05   9.18151e+01   2.66555e-01   8.74491e-05
   2  p1           5.64984e-01   2.97107e-05   2.69405e-07   2.83449e+02
   3  p2          -1.30317e-04   7.03797e-05   3.58478e-07   1.51762e+01
   4  p3           9.99675e-04   6.99783e-08   4.76682e-10   3.21355e+04
                               ERR DEF= 0.5
 EXTERNAL ERROR MATRIX.    NDIM=  25    NPAR=  4    ERR DEF=0.5
  8.430e+03 -2.721e-03 -6.679e-04 -3.627e-08 
 -2.721e-03  8.827e-10  2.918e-10 -1.273e-16 
 -6.679e-04  2.918e-10  4.953e-09  1.732e-12 
 -3.627e-08 -1.273e-16  1.732e-12  4.897e-15 
 PARAMETER  CORRELATION COEFFICIENTS  
       NO.  GLOBAL      1      2      3      4
        1  0.99844   1.000 -0.998 -0.103 -0.006
        2  0.99846  -0.998  1.000  0.140 -0.000
        3  0.66529  -0.103  0.140  1.000  0.352
        4  0.47369  -0.006 -0.000  0.352  1.000
 EXTERNAL ERROR MATRIX.    NDIM=   4    NPAR=  4    ERR DEF=0.5
  8.430e+03 -2.721e-03 -6.679e-04 -3.627e-08 
 -2.721e-03  8.827e-10  2.918e-10 -1.273e-16 
 -6.679e-04  2.918e-10  4.953e-09  1.732e-12 
 -3.627e-08 -1.273e-16  1.732e-12  4.897e-15 
 FCN=84.157 FROM MIGRAD    STATUS=CONVERGED      55 CALLS          56 TOTAL
                     EDM=8.89782e-06    STRATEGY= 1      ERROR MATRIX ACCURATE 
  EXT PARAMETER                  PARABOLIC         MINOS ERRORS        
  NO.   NAME      VALUE            ERROR      NEGATIVE      POSITIVE   
   1  p0           5.59007e+05   9.18151e+01                            
   2  p1           5.64984e-01   2.97107e-05                            
   3  p2          -1.30317e-04   7.03797e-05                            
   4  p3           9.99675e-04   6.99783e-08                            
                               ERR DEF= 0.5
------------------------------------------
Enering ROOFIt-------
 PARAMETER DEFINITIONS:
    NO.   NAME         VALUE      STEP SIZE      LIMITS
     1 norm         5.59007e+05  1.00000e-01     no limits
     2 Q            5.65000e-01  1.00000e-01     no limits
     3 theta        0.00000e+00  1.00000e-01     no limits
     4 pileup       9.99675e-04  1.00000e-01     no limits
 **********
 **    1 **MIGRAD
 **********
 FIRST CALL TO USER FUNCTION AT NEW START POINT, WITH IFLAG=4.
 START MIGRAD MINIMIZATION.  STRATEGY  1.  CONVERGENCE WHEN EDM .LT. 1.00e-04
 FCN=-2.37863e+11 FROM MIGRAD    STATUS=INITIATE       16 CALLS          17 TOTAL
                     EDM= unknown      STRATEGY= 1      NO ERROR MATRIX       
  EXT PARAMETER               CURRENT GUESS       STEP         FIRST   
  NO.   NAME      VALUE            ERROR          SIZE      DERIVATIVE 
   1  norm         5.59007e+05   1.00000e-01   1.00000e-01   1.60533e+00
   2  Q            5.65000e-01   1.00000e-01   1.00000e-01   2.86229e+07
   3  theta        0.00000e+00   1.00000e-01   1.00000e-01  -5.05689e+04
   4  pileup       9.99675e-04   1.00000e-01   1.00000e-01  -9.18011e+11
 MIGRAD FAILS TO FIND IMPROVEMENT
 EIGENVALUES OF SECOND-DERIVATIVE MATRIX:
        -1.0991e-04  3.8531e-01  9.1683e-01  2.6980e+00
 MINUIT WARNING IN HESSE   
 ============== MATRIX FORCED POS-DEF BY ADDING 0.002808 TO DIAGONAL.
 FCN=-2.37863e+11 FROM HESSE     STATUS=NOT POSDEF     29 CALLS          57 TOTAL
                     EDM=3327.03    STRATEGY= 1      ERR MATRIX NOT POS-DEF
  EXT PARAMETER                APPROXIMATE        STEP         FIRST   
  NO.   NAME      VALUE            ERROR          SIZE      DERIVATIVE 
   1  norm         5.59007e+05   6.89728e+01   2.66555e+00   1.60533e+00
   2  Q            5.65000e-01   6.53115e-06   1.00000e-03   4.98802e+06
   3  theta        0.00000e+00   5.77052e-04   1.85081e-02  -6.61242e+04
   4  pileup       9.99675e-04   9.23010e-08   1.00000e-02   3.21787e+07
 MIGRAD FAILS TO FIND IMPROVEMENT
 MACHINE ACCURACY LIMITS FURTHER IMPROVEMENT.
 MIGRAD MINIMIZATION HAS CONVERGED.
 MIGRAD WILL VERIFY CONVERGENCE AND ERROR MATRIX.
 EIGENVALUES OF SECOND-DERIVATIVE MATRIX:
        -7.3042e-04  3.6663e-01  8.5016e-01  2.7839e+00
 MINUIT WARNING IN HESSE   
 ============== MATRIX FORCED POS-DEF BY ADDING 0.003514 TO DIAGONAL.
 MIGRAD TERMINATED WITHOUT CONVERGENCE.
 FCN=-2.37863e+11 FROM MIGRAD    STATUS=FAILED        232 CALLS         233 TOTAL
                     EDM=2.92788    STRATEGY= 1      ERR MATRIX NOT POS-DEF
  EXT PARAMETER                APPROXIMATE        STEP         FIRST   
  NO.   NAME      VALUE            ERROR          SIZE      DERIVATIVE 
   1  norm         5.58950e+05   9.60835e+01   1.72577e+03   1.03575e-01
   2  Q            5.65003e-01   3.16015e-05   9.41736e-05   3.23265e+05
   3  theta       -1.00891e-04   1.19359e-04   1.85208e-02  -1.15217e+04
   4  pileup       9.99792e-04   1.05034e-07   2.09863e-05   2.68832e+07
 EXTERNAL ERROR MATRIX.    NDIM=  25    NPAR=  4    ERR DEF=1
  9.232e+03 -3.023e-03 -4.008e-03 -1.481e-06 
 -3.023e-03  9.987e-10  1.505e-09  4.846e-13 
 -4.008e-03  1.505e-09  1.425e-08  5.707e-12 
 -1.481e-06  4.846e-13  5.707e-12  1.103e-14 
ERR MATRIX NOT POS-DEF
 PARAMETER  CORRELATION COEFFICIENTS  
       NO.  GLOBAL      1      2      3      4
        1  0.99716   1.000 -0.995 -0.350 -0.147
        2  0.99729  -0.995  1.000  0.399  0.146
        3  0.75956  -0.350  0.399  1.000  0.455
        4  0.54636  -0.147  0.146  0.455  1.000
 ERR MATRIX NOT POS-DEF
 **********
 **    2 **MIGRAD 
 **********
 START MIGRAD MINIMIZATION.  STRATEGY  1.  CONVERGENCE WHEN EDM .LT. 1.00e-04
 FCN=-2.37863e+11 FROM MIGRAD    STATUS=INITIATE        8 CALLS         241 TOTAL
                     EDM=1.39762    STRATEGY= 1      ERR MATRIX NOT POS-DEF
  EXT PARAMETER                APPROXIMATE        STEP         FIRST   
  NO.   NAME      VALUE            ERROR          SIZE      DERIVATIVE 
   1  norm         5.58950e+05   9.60835e+01   1.72577e+03   9.33368e-02
   2  Q            5.65003e-01   3.16015e-05   9.41736e-05   3.23682e+05
   3  theta       -1.00891e-04   1.19359e-04   1.85208e-02  -9.05189e+03
   4  pileup       9.99792e-04   1.05034e-07   2.09863e-05   2.23726e+07
 MIGRAD FAILS TO FIND IMPROVEMENT
 MACHINE ACCURACY LIMITS FURTHER IMPROVEMENT.
 MIGRAD MINIMIZATION HAS CONVERGED.
 MIGRAD WILL VERIFY CONVERGENCE AND ERROR MATRIX.
 EIGENVALUES OF SECOND-DERIVATIVE MATRIX:
        -1.7280e-02  5.0822e-01  6.6724e-01  2.8418e+00
 MINUIT WARNING IN HESSE   
 ============== MATRIX FORCED POS-DEF BY ADDING 0.020122 TO DIAGONAL.
 FCN=-2.37863e+11 FROM HESSE     STATUS=NOT POSDEF     31 CALLS         333 TOTAL
                     EDM=1.54776    STRATEGY= 1      ERR MATRIX NOT POS-DEF
  EXT PARAMETER                APPROXIMATE        STEP         FIRST   
  NO.   NAME      VALUE            ERROR          SIZE      DERIVATIVE 
   1  norm         5.58948e+05   1.42815e+01   1.72576e+03   9.93045e-03
   2  Q            5.65003e-01   5.08803e-06   5.55004e-04   3.16672e+04
   3  theta       -1.27922e-04   1.05697e-03   1.85207e-02  -2.46662e+03
   4  pileup       9.99694e-04   1.06396e-07   2.09849e-05   4.58768e+06
 MINUIT WARNING IN MIGRAD  
 ============== Negative diagonal element 2 in Error Matrix
 MINUIT WARNING IN MIGRAD  
 ============== 1 added to diagonal of error matrix
 MIGRAD FAILS TO FIND IMPROVEMENT
 MACHINE ACCURACY LIMITS FURTHER IMPROVEMENT.
 MIGRAD MINIMIZATION HAS CONVERGED.
 MIGRAD WILL VERIFY CONVERGENCE AND ERROR MATRIX.
 EIGENVALUES OF SECOND-DERIVATIVE MATRIX:
        -1.7279e-02  5.0822e-01  6.6724e-01  2.8418e+00
 MINUIT WARNING IN HESSE   
 ============== MATRIX FORCED POS-DEF BY ADDING 0.020121 TO DIAGONAL.
 MIGRAD TERMINATED WITHOUT CONVERGENCE.
 FCN=-2.37863e+11 FROM MIGRAD    STATUS=FAILED        167 CALLS         400 TOTAL
                     EDM=2.00118    STRATEGY= 1      ERR MATRIX NOT POS-DEF
  EXT PARAMETER                APPROXIMATE        STEP         FIRST   
  NO.   NAME      VALUE            ERROR          SIZE      DERIVATIVE 
   1  norm         5.58949e+05   1.42815e+01   1.72576e+03   8.41561e-03
   2  Q            5.65003e-01   5.08803e-06   5.55004e-04   2.69045e+04
   3  theta       -1.29151e-04   1.05697e-03   1.85210e-02  -2.01549e+03
   4  pileup       9.99688e-04   1.06396e-07   2.09861e-05   3.17405e+06
 EXTERNAL ERROR MATRIX.    NDIM=  25    NPAR=  4    ERR DEF=1
  2.040e+02  5.638e-05  1.217e-02 -3.400e-07 
  5.638e-05  2.589e-11  5.350e-09 -1.467e-13 
  1.217e-02  5.350e-09  1.117e-06 -2.561e-11 
 -3.400e-07 -1.467e-13 -2.561e-11  1.132e-14 
ERR MATRIX NOT POS-DEF
 PARAMETER  CORRELATION COEFFICIENTS  
       NO.  GLOBAL      1      2      3      4
        1  0.86464   1.000  0.776  0.806 -0.224
        2  0.99703   0.776  1.000  0.995 -0.271
        3  0.99734   0.806  0.995  1.000 -0.228
        4  0.57235  -0.224 -0.271 -0.228  1.000
 ERR MATRIX NOT POS-DEF
status of the fit-----000------4
1  558949
2  0.565003
3  -0.000129151
4  0.000999688
 PARAMETER DEFINITIONS:
    NO.   NAME         VALUE      STEP SIZE      LIMITS
     1 norm         5.58949e+05  1.00000e-01     no limits
     2 Q            5.65003e-01  1.00000e-01     no limits
     3 theta       -1.29151e-04  1.00000e-01     no limits
     4 pileup       9.99688e-04  1.00000e-01     no limits
 **********
 **    3 **MIGRAD
 **********
 FIRST CALL TO USER FUNCTION AT NEW START POINT, WITH IFLAG=4.
 START MIGRAD MINIMIZATION.  STRATEGY  1.  CONVERGENCE WHEN EDM .LT. 1.00e-04
 FCN=-2.37863e+11 FROM MIGRAD    STATUS=INITIATE       16 CALLS         417 TOTAL
                     EDM= unknown      STRATEGY= 1      NO ERROR MATRIX       
  EXT PARAMETER               CURRENT GUESS       STEP         FIRST   
  NO.   NAME      VALUE            ERROR          SIZE      DERIVATIVE 
   1  norm         5.58949e+05   1.00000e-01   1.00000e-01   8.50168e-03
   2  Q            5.65003e-01   1.00000e-01   1.00000e-01   6.71656e+06
   3  theta       -1.29151e-04   1.00000e-01   1.00000e-01   1.35366e+04
   4  pileup       9.99688e-04   1.00000e-01   1.00000e-01  -9.18062e+11
 MIGRAD FAILS TO FIND IMPROVEMENT
 EIGENVALUES OF SECOND-DERIVATIVE MATRIX:
        -3.9269e-05  3.8537e-01  9.1682e-01  2.6978e+00
 MINUIT WARNING IN HESSE   
 ============== MATRIX FORCED POS-DEF BY ADDING 0.002737 TO DIAGONAL.
 FCN=-2.37863e+11 FROM HESSE     STATUS=NOT POSDEF     29 CALLS         457 TOTAL
                     EDM=0.629158    STRATEGY= 1      ERR MATRIX NOT POS-DEF
  EXT PARAMETER                APPROXIMATE        STEP         FIRST   
  NO.   NAME      VALUE            ERROR          SIZE      DERIVATIVE 
   1  norm         5.58949e+05   6.89357e+01   2.66527e+00   8.67343e-03
   2  Q            5.65003e-01   6.53164e-06   1.00000e-03   2.69031e+04
   3  theta       -1.29151e-04   5.77464e-04   1.85114e-02  -2.01554e+03
   4  pileup       9.99688e-04   9.23036e-08   1.00000e-02   2.62672e+06
 MIGRAD FAILS TO FIND IMPROVEMENT
 MIGRAD TERMINATED WITHOUT CONVERGENCE.
 FCN=-2.37863e+11 FROM MIGRAD    STATUS=FAILED         96 CALLS         497 TOTAL
                     EDM=382323    STRATEGY= 1      ERR MATRIX NOT POS-DEF
  EXT PARAMETER                APPROXIMATE        STEP         FIRST   
  NO.   NAME      VALUE            ERROR          SIZE      DERIVATIVE 
   1  norm         5.58948e+05   9.18330e+00   0.00000e+00  -7.62832e-03
   2  Q            5.65003e-01   7.05980e-09  -0.00000e+00   2.08224e+08
   3  theta       -1.26145e-04   9.84951e-05   0.00000e+00   1.50963e+04
   4  pileup       9.99688e-04   1.25183e-08   0.00000e+00  -2.60082e+07
 EXTERNAL ERROR MATRIX.    NDIM=  25    NPAR=  4    ERR DEF=1
  8.433e+01 -3.470e-08  5.491e-04  2.803e-08 
 -3.470e-08  4.984e-17 -6.156e-13 -6.371e-17 
  5.491e-04 -6.156e-13  9.701e-09  9.992e-13 
  2.803e-08 -6.371e-17  9.992e-13  1.567e-16 
ERR MATRIX NOT POS-DEF
 PARAMETER  CORRELATION COEFFICIENTS  
       NO.  GLOBAL      1      2      3      4
        1  0.74017   1.000 -0.535  0.607  0.244
        2  0.88526  -0.535  1.000 -0.885 -0.721
        3  0.94654   0.607 -0.885  1.000  0.810
        4  0.86850   0.244 -0.721  0.810  1.000
 ERR MATRIX NOT POS-DEF
 **********
 **    4 **MIGRAD 
 **********
 START MIGRAD MINIMIZATION.  STRATEGY  1.  CONVERGENCE WHEN EDM .LT. 1.00e-04
 FCN=-2.37863e+11 FROM MIGRAD    STATUS=INITIATE       12 CALLS         509 TOTAL
                     EDM=6.99818    STRATEGY= 1      ERR MATRIX NOT POS-DEF
  EXT PARAMETER                APPROXIMATE        STEP         FIRST   
  NO.   NAME      VALUE            ERROR          SIZE      DERIVATIVE 
   1  norm         5.58948e+05   9.18330e+00   0.00000e+00  -1.37299e-02
   2  Q            5.65003e-01   7.05980e-09  -0.00000e+00  -2.31011e+04
   3  theta       -1.26145e-04   9.84951e-05   0.00000e+00   1.50958e+04
   4  pileup       9.99688e-04   1.25183e-08   0.00000e+00  -2.60084e+07
 MIGRAD FAILS TO FIND IMPROVEMENT
 MACHINE ACCURACY LIMITS FURTHER IMPROVEMENT.
 MIGRAD MINIMIZATION HAS CONVERGED.
 MIGRAD WILL VERIFY CONVERGENCE AND ERROR MATRIX.
 EIGENVALUES OF SECOND-DERIVATIVE MATRIX:
        -6.4846e-04  3.6683e-01  8.4978e-01  2.7840e+00
 MINUIT WARNING IN HESSE   
 ============== MATRIX FORCED POS-DEF BY ADDING 0.003432 TO DIAGONAL.
 FCN=-2.37863e+11 FROM HESSE     STATUS=NOT POSDEF     29 CALLS         549 TOTAL
                     EDM=0.0161096    STRATEGY= 1      ERR MATRIX NOT POS-DEF
  EXT PARAMETER                APPROXIMATE        STEP         FIRST   
  NO.   NAME      VALUE            ERROR          SIZE      DERIVATIVE 
   1  norm         5.58948e+05   9.60730e+01   5.33055e+02  -7.57422e-03
   2  Q            5.65003e-01   3.16025e-05   9.41745e-05  -2.32022e+04
   3  theta       -1.26145e-04   1.19640e-04   1.85207e-02  -4.72020e+02
   4  pileup       9.99688e-04   1.05210e-07   2.09848e-05   2.43115e+06
 MINUIT WARNING IN MIGRAD  
 ============== Negative diagonal element 2 in Error Matrix
 MINUIT WARNING IN MIGRAD  
 ============== 1 added to diagonal of error matrix
 MIGRAD FAILS TO FIND IMPROVEMENT
 MIGRAD TERMINATED WITHOUT CONVERGENCE.
 FCN=-2.37863e+11 FROM MIGRAD    STATUS=FAILED         93 CALLS         590 TOTAL
                     EDM=1.05731e+07    STRATEGY= 1      ERR MATRIX NOT POS-DEF
  EXT PARAMETER                APPROXIMATE        STEP         FIRST   
  NO.   NAME      VALUE            ERROR          SIZE      DERIVATIVE 
   1  norm         5.58949e+05   8.88556e+00  -0.00000e+00  -6.47352e-02
   2  Q            5.65003e-01   1.00000e+00  -0.00000e+00   2.08100e+08
   3  theta       -1.27633e-04   1.00000e+00  -0.00000e+00   1.54793e+04
   4  pileup       9.99676e-04   1.00000e+00   0.00000e+00  -2.83465e+07
 EXTERNAL ERROR MATRIX.    NDIM=  25    NPAR=  4    ERR DEF=1
  7.895e+01  1.060e-08  5.144e-04  1.541e-07 
  1.060e-08  1.000e+00  7.496e-14  3.761e-16 
  5.144e-04  7.496e-14  1.000e+00  5.838e-12 
  1.541e-07  3.761e-16  5.838e-12  1.000e+00 
ERR MATRIX NOT POS-DEF
 PARAMETER  CORRELATION COEFFICIENTS  
       NO.  GLOBAL      1      2      3      4
        1  0.00006   1.000  0.000  0.000  0.000
        2  0.00000   0.000  1.000  0.000  0.000
        3  0.00006   0.000  0.000  1.000  0.000
        4  0.00000   0.000  0.000  0.000  1.000
 ERR MATRIX NOT POS-DEF
status of the fit-----000------4
1  558949
2  0.565003
3  -0.000127633
4  0.000999676
 PARAMETER DEFINITIONS:
    NO.   NAME         VALUE      STEP SIZE      LIMITS
     1 norm         5.58949e+05  1.00000e-01     no limits
     2 Q            5.65003e-01  1.00000e-01     no limits
     3 theta       -1.27633e-04  1.00000e-01     no limits
     4 pileup       9.99676e-04  1.00000e-01     no limits
 **********
 **    5 **MIGRAD
 **********
 FIRST CALL TO USER FUNCTION AT NEW START POINT, WITH IFLAG=4.
 START MIGRAD MINIMIZATION.  STRATEGY  1.  CONVERGENCE WHEN EDM .LT. 1.00e-04
 FCN=-2.37863e+11 FROM MIGRAD    STATUS=INITIATE       16 CALLS         607 TOTAL
                     EDM= unknown      STRATEGY= 1      NO ERROR MATRIX       
  EXT PARAMETER               CURRENT GUESS       STEP         FIRST   
  NO.   NAME      VALUE            ERROR          SIZE      DERIVATIVE 
   1  norm         5.58949e+05   1.00000e-01   1.00000e-01  -1.14501e-04
   2  Q            5.65003e-01   1.00000e-01   1.00000e-01   6.43892e+06
   3  theta       -1.27633e-04   1.00000e-01   1.00000e-01   1.54631e+04
   4  pileup       9.99676e-04   1.00000e-01   1.00000e-01  -9.18062e+11
 MIGRAD FAILS TO FIND IMPROVEMENT
 COVARIANCE MATRIX CALCULATED SUCCESSFULLY
 FCN=-2.37863e+11 FROM HESSE     STATUS=OK             29 CALLS         647 TOTAL
                     EDM=0.00310336    STRATEGY= 1      ERROR MATRIX ACCURATE 
  EXT PARAMETER                                   STEP         FIRST   
  NO.   NAME      VALUE            ERROR          SIZE      DERIVATIVE 
   1  norm         5.58949e+05   1.58266e+02   2.66528e+00  -1.14501e-04
   2  Q            5.65003e-01   1.51256e-05   1.00000e-03  -1.60287e+02
   3  theta       -1.27633e-04   1.32623e-03   1.85112e-02  -8.92097e+01
   4  pileup       9.99676e-04   9.24414e-08   1.00000e-02  -4.50356e+05
 MIGRAD FAILS TO FIND IMPROVEMENT
 MACHINE ACCURACY LIMITS FURTHER IMPROVEMENT.
 MIGRAD MINIMIZATION HAS CONVERGED.
 MIGRAD WILL VERIFY CONVERGENCE AND ERROR MATRIX.
 EIGENVALUES OF SECOND-DERIVATIVE MATRIX:
        -2.2254e-04  3.7286e-01  8.5096e-01  2.7764e+00
 MINUIT WARNING IN HESSE   
 ============== MATRIX FORCED POS-DEF BY ADDING 0.002999 TO DIAGONAL.
 FCN=-2.37863e+11 FROM MIGRAD    STATUS=CONVERGED     106 CALLS         697 TOTAL
                     EDM=8.59767e-05    STRATEGY= 1      ERR MATRIX NOT POS-DEF
  EXT PARAMETER                APPROXIMATE        STEP         FIRST   
  NO.   NAME      VALUE            ERROR          SIZE      DERIVATIVE 
   1  norm         5.58949e+05   9.69005e+01   2.66528e+01  -1.03337e-03
   2  Q            5.65003e-01   3.14523e-05   1.02991e-04  -2.99500e+03
   3  theta       -1.27462e-04   1.11348e-04   7.40450e-03  -2.27712e+01
   4  pileup       9.99676e-04   1.03925e-07   2.14098e-05   5.46108e+04
 EXTERNAL ERROR MATRIX.    NDIM=  25    NPAR=  4    ERR DEF=1
  9.390e+03 -3.034e-03 -1.497e-03 -5.682e-07 
 -3.034e-03  9.893e-10  6.667e-10  1.797e-13 
 -1.497e-03  6.667e-10  1.240e-08  5.044e-12 
 -5.682e-07  1.797e-13  5.044e-12  1.080e-14 
ERR MATRIX NOT POS-DEF
 PARAMETER  CORRELATION COEFFICIENTS  
       NO.  GLOBAL      1      2      3      4
        1  0.99721   1.000 -0.996 -0.139 -0.056
        2  0.99726  -0.996  1.000  0.190  0.055
        3  0.71666  -0.139  0.190  1.000  0.436
        4  0.53218  -0.056  0.055  0.436  1.000
 ERR MATRIX NOT POS-DEF
 **********
 **    6 **MIGRAD 
 **********
 START MIGRAD MINIMIZATION.  STRATEGY  1.  CONVERGENCE WHEN EDM .LT. 1.00e-04
 FCN=-2.37863e+11 FROM MIGRAD    STATUS=INITIATE        8 CALLS         705 TOTAL
                     EDM=0.0540438    STRATEGY= 1      ERR MATRIX NOT POS-DEF
  EXT PARAMETER                APPROXIMATE        STEP         FIRST   
  NO.   NAME      VALUE            ERROR          SIZE      DERIVATIVE 
   1  norm         5.58949e+05   9.69005e+01   2.66528e+01  -1.08575e-03
   2  Q            5.65003e-01   3.14523e-05   1.02991e-04  -2.47415e+03
   3  theta       -1.27462e-04   1.11348e-04   7.40450e-03   3.71594e+02
   4  pileup       9.99676e-04   1.03925e-07   2.14098e-05  -4.64128e+06
 MIGRAD FAILS TO FIND IMPROVEMENT
 EIGENVALUES OF SECOND-DERIVATIVE MATRIX:
        -1.7281e-02  5.0875e-01  6.6660e-01  2.8419e+00
 MINUIT WARNING IN HESSE   
 ============== MATRIX FORCED POS-DEF BY ADDING 0.020123 TO DIAGONAL.
 FCN=-2.37863e+11 FROM HESSE     STATUS=NOT POSDEF     31 CALLS         768 TOTAL
                     EDM=0.0904581    STRATEGY= 1      ERR MATRIX NOT POS-DEF
  EXT PARAMETER                APPROXIMATE        STEP         FIRST   
  NO.   NAME      VALUE            ERROR          SIZE      DERIVATIVE 
   1  norm         5.58949e+05   1.42808e+01   5.33055e+02  -1.02907e-03
   2  Q            5.65003e-01   5.08813e-06   5.55003e-04  -2.99029e+03
   3  theta       -1.27449e-04   1.05690e-03   1.85209e-02   5.96020e+02
   4  pileup       9.99676e-04   1.06433e-07   2.09859e-05   6.26031e+04
 MIGRAD FAILS TO FIND IMPROVEMENT
 MACHINE ACCURACY LIMITS FURTHER IMPROVEMENT.
 MIGRAD MINIMIZATION HAS CONVERGED.
 MIGRAD WILL VERIFY CONVERGENCE AND ERROR MATRIX.
 EIGENVALUES OF SECOND-DERIVATIVE MATRIX:
        -6.2791e-04  3.6575e-01  8.4980e-01  2.7851e+00
 MINUIT WARNING IN HESSE   
 ============== MATRIX FORCED POS-DEF BY ADDING 0.003413 TO DIAGONAL.
 MIGRAD TERMINATED WITHOUT CONVERGENCE.
 FCN=-2.37863e+11 FROM MIGRAD    STATUS=FAILED        122 CALLS         819 TOTAL
                     EDM=0.00276737    STRATEGY= 1      ERR MATRIX NOT POS-DEF
  EXT PARAMETER                APPROXIMATE        STEP         FIRST   
  NO.   NAME      VALUE            ERROR          SIZE      DERIVATIVE 
   1  norm         5.58949e+05   9.60522e+01   2.13222e+02  -1.01083e-03
   2  Q            5.65003e-01   3.15970e-05   9.41743e-05  -2.94889e+03
   3  theta       -1.27460e-04   1.19859e-04   1.85206e-02   5.93089e+02
   4  pileup       9.99676e-04   1.05418e-07   8.39435e-06   1.02384e+05
 EXTERNAL ERROR MATRIX.    NDIM=  25    NPAR=  4    ERR DEF=1
  9.226e+03 -3.021e-03 -4.108e-03 -1.634e-06 
 -3.021e-03  9.984e-10  1.538e-09  5.351e-13 
 -4.108e-03  1.538e-09  1.437e-08  5.829e-12 
 -1.634e-06  5.351e-13  5.829e-12  1.111e-14 
ERR MATRIX NOT POS-DEF
 PARAMETER  CORRELATION COEFFICIENTS  
       NO.  GLOBAL      1      2      3      4
        1  0.99716   1.000 -0.995 -0.357 -0.161
        2  0.99729  -0.995  1.000  0.406  0.161
        3  0.76185  -0.357  0.406  1.000  0.461
        4  0.55097  -0.161  0.161  0.461  1.000
 ERR MATRIX NOT POS-DEF
status of the fit-----000------4
1  558949
2  0.565003
3  -0.00012746
4  0.000999676
 **********
 **   25 **SET PRINT           2
 **********
 **********
 **   26 **SET NOGRAD
 **********
 PARAMETER DEFINITIONS:
    NO.   NAME         VALUE      STEP SIZE      LIMITS
     1 p0           5.58000e+05  1.67400e+05     no limits
     2 p1           5.65000e-01  1.69500e-01     no limits
     3 p2           0.00000e+00  3.00000e-01     no limits
     4 p3           9.99871e-04  2.99961e-04     no limits
 **********
 **   27 **SET ERR         0.5
 **********
 **********
 **   28 **SET PRINT           2
 **********
 **********
 **   29 **SET STR           1
 **********
 NOW USING STRATEGY  1: TRY TO BALANCE SPEED AGAINST RELIABILITY
 **********
 **   30 **MIGRAD        1480        0.01
 **********
 FIRST CALL TO USER FUNCTION AT NEW START POINT, WITH IFLAG=4.
 START MIGRAD MINIMIZATION.  STRATEGY  1.  CONVERGENCE WHEN EDM .LT. 1.00e-05
 FCN=17528.2 FROM MIGRAD    STATUS=INITIATE       18 CALLS          19 TOTAL
                     EDM= unknown      STRATEGY= 1      NO ERROR MATRIX       
  EXT PARAMETER               CURRENT GUESS       STEP         FIRST   
  NO.   NAME      VALUE            ERROR          SIZE      DERIVATIVE 
   1  p0           5.58000e+05   1.67400e+05   1.67400e+05  -3.64971e+01
   2  p1           5.65000e-01   1.69500e-01   1.69500e-01  -1.13298e+08
   3  p2           0.00000e+00   3.00000e-01   3.00000e-01   2.10294e+06
   4  p3           9.99871e-04   2.99961e-04   2.99961e-04  -1.01840e+09
                               ERR DEF= 0.5
NO ERROR MATRIX       
 FCN=1303.51 FROM MIGRAD    STATUS=PROGRESS       36 CALLS          37 TOTAL
                     EDM=3878.09    STRATEGY= 1      NO ERROR MATRIX       
  EXT PARAMETER               CURRENT GUESS       STEP         FIRST   
  NO.   NAME      VALUE            ERROR          SIZE      DERIVATIVE 
   1  p0           5.58357e+05   1.67400e+05   3.56521e+02  -2.51409e+00
   2  p1           5.65115e-01   1.69500e-01   1.14974e-04  -7.74856e+06
   3  p2          -2.37461e-03   3.00000e-01  -2.37461e-03  -4.71823e+05
   4  p3           1.00135e-03   2.99961e-04   1.47483e-06   4.91357e+08
                               ERR DEF= 0.5
 FCN=76.7774 FROM MIGRAD    STATUS=PROGRESS      157 CALLS         158 TOTAL
                     EDM=15.6121    STRATEGY= 1  ERROR MATRIX UNCERTAINTY  38.9 per cent
  EXT PARAMETER                APPROXIMATE        STEP         FIRST   
  NO.   NAME      VALUE            ERROR          SIZE      DERIVATIVE 
   1  p0           5.57405e+05   1.49223e+03  -1.13562e+02  -6.09954e-03
   2  p1           5.65501e-01   4.82518e-04   3.67511e-05  -2.68652e+04
   3  p2           3.99401e-05   1.15460e-04  -6.83777e-06   6.65104e+02
   4  p3           9.99854e-04   6.64673e-08  -1.90153e-08   7.86994e+05
                               ERR DEF= 0.5
 MINUIT WARNING IN MIGRAD  
 ============== Negative diagonal element 1 in Error Matrix
 MINUIT WARNING IN MIGRAD  
 ============== Negative diagonal element 2 in Error Matrix
 MINUIT WARNING IN MIGRAD  
 ============== 106034 added to diagonal of error matrix
 EIGENVALUES OF SECOND-DERIVATIVE MATRIX:
         9.9989e-01  1.0000e+00  1.0000e+00  1.0001e+00
 MIGRAD FAILS TO FIND IMPROVEMENT
   START COVARIANCE MATRIX CALCULATION.
 EIGENVALUES OF SECOND-DERIVATIVE MATRIX:
        -2.3406e+00  3.3755e-01  9.4664e-01  5.0564e+00
 MINUIT WARNING IN HESSE   
 ============== MATRIX FORCED POS-DEF BY ADDING 2.345666 TO DIAGONAL.
 FCN=76.7774 FROM HESSE     STATUS=NOT POSDEF     25 CALLS         194 TOTAL
                     EDM=0.494269    STRATEGY= 1      ERR MATRIX NOT POS-DEF
  EXT PARAMETER                APPROXIMATE        STEP         FIRST   
  NO.   NAME      VALUE            ERROR          SIZE      DERIVATIVE 
   1  p0           5.57405e+05   1.21496e+01   2.65791e-01  -6.10216e-03
   2  p1           5.65501e-01   1.85223e-05   2.69652e-07  -4.07425e+04
   3  p2           3.99401e-05   1.76042e-04   3.39054e-07   6.50185e+02
   4  p3           9.99854e-04   5.41169e-07   4.76767e-10   7.83775e+05
                               ERR DEF= 0.5
 PARAMETER  CORRELATION COEFFICIENTS  
       NO.  GLOBAL      1      2      3      4
        1  0.97318   1.000 -0.972 -0.947  0.969
        2  0.99859  -0.972  1.000  0.982 -0.998
        3  0.98324  -0.947  0.982  1.000 -0.979
        4  0.99808   0.969 -0.998 -0.979  1.000
 ERR MATRIX NOT POS-DEF
 FCN=76.6846 FROM MIGRAD    STATUS=PROGRESS      203 CALLS         204 TOTAL
                     EDM=1.09167e+06    STRATEGY= 1      ERR MATRIX NOT POS-DEF
  EXT PARAMETER                APPROXIMATE        STEP         FIRST   
  NO.   NAME      VALUE            ERROR          SIZE      DERIVATIVE 
   1  p0           5.57404e+05   1.21496e+01  -5.84380e-01   3.73804e-02
   2  p1           5.65502e-01   1.85223e-05   9.20067e-07   7.98403e+07
   3  p2           4.84939e-05   1.76042e-04   8.55382e-06   5.13418e+02
   4  p3           9.99827e-04   5.41169e-07  -2.68809e-08   1.59981e+06
                               ERR DEF= 0.5
 MINUIT WARNING IN MIGRAD  
 ============== Negative diagonal element 2 in Error Matrix
 MINUIT WARNING IN MIGRAD  
 ============== 1 added to diagonal of error matrix
 EIGENVALUES OF SECOND-DERIVATIVE MATRIX:
         9.9999e-01  1.0000e+00  1.0000e+00  1.0000e+00
 MIGRAD FAILS TO FIND IMPROVEMENT
 MIGRAD TERMINATED WITHOUT CONVERGENCE.
 FCN=76.6804 FROM MIGRAD    STATUS=FAILED        226 CALLS         227 TOTAL
                     EDM=517.685    STRATEGY= 1      ERR MATRIX NOT POS-DEF
  EXT PARAMETER                APPROXIMATE        STEP         FIRST   
  NO.   NAME      VALUE            ERROR          SIZE      DERIVATIVE 
   1  p0           5.57404e+05   2.82621e+00  -0.00000e+00   3.04779e-02
   2  p1           5.65502e-01   7.07107e-01  -0.00000e+00   8.07582e+07
   3  p2           4.67857e-05   7.07107e-01  -0.00000e+00   1.33184e+02
   4  p3           9.99832e-04   7.07107e-01  -0.00000e+00   2.64833e+06
                               ERR DEF= 0.5
 EXTERNAL ERROR MATRIX.    NDIM=  25    NPAR=  4    ERR DEF=0.5
  7.987e+00  1.936e-07  1.608e-05 -3.968e-09 
  1.936e-07  5.000e-01 -1.553e-12  4.169e-15 
  1.608e-05 -1.553e-12  5.000e-01  2.210e-13 
 -3.968e-09  4.169e-15  2.210e-13  5.000e-01 
ERR MATRIX NOT POS-DEF
 PARAMETER  CORRELATION COEFFICIENTS  
       NO.  GLOBAL      1      2      3      4
        1  0.00001   1.000  0.000  0.000 -0.000
        2  0.00000   0.000  1.000 -0.000  0.000
        3  0.00001   0.000 -0.000  1.000  0.000
        4  0.00000  -0.000  0.000  0.000  1.000
 ERR MATRIX NOT POS-DEF
 FCN=76.6804 FROM MIGRAD    STATUS=FAILED        226 CALLS         227 TOTAL
                     EDM=517.685    STRATEGY= 1      ERR MATRIX NOT POS-DEF
  EXT PARAMETER                  PARABOLIC         MINOS ERRORS        
  NO.   NAME      VALUE            ERROR      NEGATIVE      POSITIVE   
   1  p0           5.57404e+05   2.82621e+00                            
   2  p1           5.65502e-01   7.07107e-01                            
   3  p2           4.67857e-05   7.07107e-01                            
   4  p3           9.99832e-04   7.07107e-01                            
                               ERR DEF= 0.5
 **********
 **   31 **SET PRINT           2
 **********
 **********
 **   32 **SET NOGRAD
 **********
 PARAMETER DEFINITIONS:
    NO.   NAME         VALUE      STEP SIZE      LIMITS
     1 p0           5.57404e+05  2.82621e+00     no limits
     2 p1           5.65502e-01  7.07107e-01     no limits
     3 p2           4.67857e-05  7.07107e-01     no limits
     4 p3           9.99832e-04  7.07107e-01     no limits
 **********
 **   33 **SET ERR         0.5
 **********
 **********
 **   34 **SET PRINT           2
 **********
 **********
 **   35 **SET STR           1
 **********
 NOW USING STRATEGY  1: TRY TO BALANCE SPEED AGAINST RELIABILITY
 **********
 **   36 **MIGRAD        1480        0.01
 **********
 FIRST CALL TO USER FUNCTION AT NEW START POINT, WITH IFLAG=4.
 START MIGRAD MINIMIZATION.  STRATEGY  1.  CONVERGENCE WHEN EDM .LT. 1.00e-05
 FCN=76.6804 FROM MIGRAD    STATUS=INITIATE       20 CALLS          21 TOTAL
                     EDM= unknown      STRATEGY= 1      NO ERROR MATRIX       
  EXT PARAMETER               CURRENT GUESS       STEP         FIRST   
  NO.   NAME      VALUE            ERROR          SIZE      DERIVATIVE 
   1  p0           5.57404e+05   2.82621e+00   2.82621e+00   3.04779e-02
   2  p1           5.65502e-01   7.07107e-01   7.07107e-01   1.65116e+10
   3  p2           4.67857e-05   7.07107e-01   7.07107e-01   1.27406e+02
   4  p3           9.99832e-04   7.07107e-01   7.07107e-01  -3.21436e+08
                               ERR DEF= 0.5
NO ERROR MATRIX       
 MIGRAD FAILS TO FIND IMPROVEMENT
   START COVARIANCE MATRIX CALCULATION.
 EIGENVALUES OF SECOND-DERIVATIVE MATRIX:
        -3.9712e-01  4.7739e-01  6.7018e-01  3.2495e+00
 MINUIT WARNING IN HESSE   
 ============== MATRIX FORCED POS-DEF BY ADDING 0.400366 TO DIAGONAL.
 FCN=76.6804 FROM HESSE     STATUS=NOT POSDEF     27 CALLS          59 TOTAL
                     EDM=0.0924608    STRATEGY= 1      ERR MATRIX NOT POS-DEF
  EXT PARAMETER                APPROXIMATE        STEP         FIRST   
  NO.   NAME      VALUE            ERROR          SIZE      DERIVATIVE 
   1  p0           5.57404e+05   7.50694e+00   2.65791e-01   3.04686e-02
   2  p1           5.65502e-01   6.01783e-07   7.07107e-05   9.38841e+04
   3  p2           4.67857e-05   6.47327e-04   7.07107e-05   1.22836e+02
   4  p3           9.99832e-04   1.41004e-07   7.07107e-05   2.62962e+06
                               ERR DEF= 0.5
 PARAMETER  CORRELATION COEFFICIENTS  
       NO.  GLOBAL      1      2      3      4
        1  0.81838   1.000 -0.766 -0.742  0.677
        2  0.99789  -0.766  1.000  0.996 -0.915
        3  0.99732  -0.742  0.996  1.000 -0.901
        4  0.92777   0.677 -0.915 -0.901  1.000
 ERR MATRIX NOT POS-DEF
 FCN=76.6797 FROM MIGRAD    STATUS=PROGRESS       69 CALLS          70 TOTAL
                     EDM=1177.68    STRATEGY= 1      ERR MATRIX NOT POS-DEF
  EXT PARAMETER                APPROXIMATE        STEP         FIRST   
  NO.   NAME      VALUE            ERROR          SIZE      DERIVATIVE 
   1  p0           5.57404e+05   7.50694e+00  -2.04381e-02   2.57433e-02
   2  p1           5.65502e-01   6.01783e-07   1.64306e-09   8.05544e+07
   3  p2           4.85025e-05   6.47327e-04   1.71681e-06   7.67834e+02
   4  p3           9.99831e-04   1.41004e-07  -4.09132e-10   2.26195e+06
                               ERR DEF= 0.5
 MIGRAD FAILS TO FIND IMPROVEMENT
 MIGRAD TERMINATED WITHOUT CONVERGENCE.
 FCN=76.6413 FROM MIGRAD    STATUS=FAILED        123 CALLS         124 TOTAL
                     EDM=2.00954    STRATEGY= 1      ERR MATRIX NOT POS-DEF
  EXT PARAMETER                APPROXIMATE        STEP         FIRST   
  NO.   NAME      VALUE            ERROR          SIZE      DERIVATIVE 
   1  p0           5.57403e+05   5.53668e+00  -0.00000e+00  -5.69469e-03
   2  p1           5.65502e-01   2.93520e-08  -0.00000e+00   7.85416e+07
   3  p2           3.23503e-05   7.47743e-05  -0.00000e+00   7.76199e+02
   4  p3           9.99816e-04   6.64417e-08  -0.00000e+00  -5.68622e+05
                               ERR DEF= 0.5
 EXTERNAL ERROR MATRIX.    NDIM=  25    NPAR=  4    ERR DEF=0.5
  3.065e+01  1.055e-07  2.475e-04  6.985e-08 
  1.055e-07  8.615e-16  1.673e-12  1.273e-15 
  2.475e-04  1.673e-12  5.591e-09  2.795e-12 
  6.985e-08  1.273e-15  2.795e-12  4.414e-15 
ERR MATRIX NOT POS-DEF
 PARAMETER  CORRELATION COEFFICIENTS  
       NO.  GLOBAL      1      2      3      4
        1  0.74671   1.000  0.649  0.598  0.190
        2  0.86581   0.649  1.000  0.762  0.653
        3  0.78931   0.598  0.762  1.000  0.563
        4  0.74083   0.190  0.653  0.563  1.000
 ERR MATRIX NOT POS-DEF
 FCN=76.6413 FROM MIGRAD    STATUS=FAILED        123 CALLS         124 TOTAL
                     EDM=2.00954    STRATEGY= 1      ERR MATRIX NOT POS-DEF
  EXT PARAMETER                  PARABOLIC         MINOS ERRORS        
  NO.   NAME      VALUE            ERROR      NEGATIVE      POSITIVE   
   1  p0           5.57403e+05   5.53668e+00                            
   2  p1           5.65502e-01   2.93520e-08                            
   3  p2           3.23503e-05   7.47743e-05                            
   4  p3           9.99816e-04   6.64417e-08                            
                               ERR DEF= 0.5
 **********
 **   37 **SET PRINT           2
 **********
 **********
 **   38 **SET NOGRAD
 **********
 PARAMETER DEFINITIONS:
    NO.   NAME         VALUE      STEP SIZE      LIMITS
     1 p0           5.57403e+05  5.53668e+00     no limits
     2 p1           5.65502e-01  2.93520e-08     no limits
     3 p2           3.23503e-05  7.47743e-05     no limits
     4 p3           9.99816e-04  6.64417e-08     no limits
 **********
 **   39 **SET ERR         0.5
 **********
 **********
 **   40 **SET PRINT           2
 **********
 **********
 **   41 **SET STR           1
 **********
 NOW USING STRATEGY  1: TRY TO BALANCE SPEED AGAINST RELIABILITY
 **********
 **   42 **MIGRAD        1480        0.01
 **********
 FIRST CALL TO USER FUNCTION AT NEW START POINT, WITH IFLAG=4.
 START MIGRAD MINIMIZATION.  STRATEGY  1.  CONVERGENCE WHEN EDM .LT. 1.00e-05
 FCN=76.6413 FROM MIGRAD    STATUS=INITIATE       12 CALLS          13 TOTAL
                     EDM= unknown      STRATEGY= 1      NO ERROR MATRIX       
  EXT PARAMETER               CURRENT GUESS       STEP         FIRST   
  NO.   NAME      VALUE            ERROR          SIZE      DERIVATIVE 
   1  p0           5.57403e+05   5.53668e+00   5.53668e+00  -5.69469e-03
   2  p1           5.65502e-01   2.93520e-08   2.93520e-08   7.85416e+07
   3  p2           3.23503e-05   7.47743e-05   7.47743e-05   7.76163e+02
   4  p3           9.99816e-04   6.64417e-08   6.64417e-08  -5.68622e+05
                               ERR DEF= 0.5
NO ERROR MATRIX       
 FCN=76.6409 FROM MIGRAD    STATUS=PROGRESS       22 CALLS          23 TOTAL
                     EDM=21.302    STRATEGY= 1      NO ERROR MATRIX       
  EXT PARAMETER               CURRENT GUESS       STEP         FIRST   
  NO.   NAME      VALUE            ERROR          SIZE      DERIVATIVE 
   1  p0           5.57403e+05   5.53668e+00   7.42938e-02  -7.15684e-03
   2  p1           5.65502e-01   2.93520e-08  -6.73543e-08   7.87942e+07
   3  p2           3.11688e-05   7.47743e-05  -1.18148e-06   5.33110e+02
   4  p3           9.99817e-04   6.64417e-08   1.06625e-09  -2.63867e+05
                               ERR DEF= 0.5
 MINUIT WARNING IN MIGRAD  
 ============== Negative diagonal element 2 in Error Matrix
 MINUIT WARNING IN MIGRAD  
 ============== 1 added to diagonal of error matrix
 EIGENVALUES OF SECOND-DERIVATIVE MATRIX:
         9.9999e-01  1.0000e+00  1.0000e+00  1.0000e+00
 MIGRAD FAILS TO FIND IMPROVEMENT
   START COVARIANCE MATRIX CALCULATION.
 EIGENVALUES OF SECOND-DERIVATIVE MATRIX:
        -2.6291e-02  2.7988e-01  1.2070e+00  2.5394e+00
 MINUIT WARNING IN HESSE   
 ============== MATRIX FORCED POS-DEF BY ADDING 0.028830 TO DIAGONAL.
 FCN=76.6409 FROM HESSE     STATUS=NOT POSDEF     25 CALLS          59 TOTAL
                     EDM=0.00369891    STRATEGY= 1      ERR MATRIX NOT POS-DEF
  EXT PARAMETER                APPROXIMATE        STEP         FIRST   
  NO.   NAME      VALUE            ERROR          SIZE      DERIVATIVE 
   1  p0           5.57403e+05   2.06054e+01   2.65791e-01  -7.15352e-03
   2  p1           5.65502e-01   5.49498e-07   2.69652e-07  -2.24254e+04
   3  p2           3.11688e-05   9.31346e-05   3.34643e-07   5.35825e+02
   4  p3           9.99817e-04   9.11163e-07   4.76750e-10  -2.62457e+05
                               ERR DEF= 0.5
 PARAMETER  CORRELATION COEFFICIENTS  
       NO.  GLOBAL      1      2      3      4
        1  0.96962   1.000  0.945  0.012 -0.942
        2  0.99724   0.945  1.000 -0.194 -0.997
        3  0.74645   0.012 -0.194  1.000  0.226
        4  0.99761  -0.942 -0.997  0.226  1.000
 ERR MATRIX NOT POS-DEF
 FCN=76.6409 FROM MIGRAD    STATUS=PROGRESS       69 CALLS          70 TOTAL
                     EDM=939.066    STRATEGY= 1      ERR MATRIX NOT POS-DEF
  EXT PARAMETER                APPROXIMATE        STEP         FIRST   
  NO.   NAME      VALUE            ERROR          SIZE      DERIVATIVE 
   1  p0           5.57403e+05   2.06054e+01  -9.11647e-03  -7.04691e-03
   2  p1           5.65502e-01   5.49498e-07  -2.81034e-10   7.88788e+07
   3  p2           3.11710e-05   9.31346e-05   2.21499e-09   4.76210e+02
   4  p3           9.99818e-04   9.11163e-07   4.63970e-10  -1.53509e+05
                               ERR DEF= 0.5
 MINUIT WARNING IN MIGRAD  
 ============== Negative diagonal element 2 in Error Matrix
 MINUIT WARNING IN MIGRAD  
 ============== 1 added to diagonal of error matrix
 EIGENVALUES OF SECOND-DERIVATIVE MATRIX:
         9.9992e-01  1.0000e+00  1.0000e+00  1.0001e+00
 MIGRAD FAILS TO FIND IMPROVEMENT
 MIGRAD TERMINATED WITHOUT CONVERGENCE.
 FCN=76.6409 FROM MIGRAD    STATUS=FAILED         80 CALLS          81 TOTAL
                     EDM=939.066    STRATEGY= 1      ERR MATRIX NOT POS-DEF
  EXT PARAMETER                APPROXIMATE        STEP         FIRST   
  NO.   NAME      VALUE            ERROR          SIZE      DERIVATIVE 
   1  p0           5.57403e+05   6.80321e+00   0.00000e+00  -7.04691e-03
   2  p1           5.65502e-01   7.07107e-01  -0.00000e+00   7.88788e+07
   3  p2           3.11710e-05   7.07107e-01  -0.00000e+00   4.76210e+02
   4  p3           9.99818e-04   7.07107e-01   0.00000e+00  -1.53509e+05
                               ERR DEF= 0.5
 EXTERNAL ERROR MATRIX.    NDIM=  25    NPAR=  4    ERR DEF=0.5
  4.628e+01  1.086e-10  3.745e-04 -2.172e-09 
  1.086e-10  5.000e-01  1.977e-15  4.355e-19 
  3.745e-04  1.977e-15  5.000e-01  2.789e-12 
 -2.172e-09  4.355e-19  2.789e-12  5.000e-01 
ERR MATRIX NOT POS-DEF
 PARAMETER  CORRELATION COEFFICIENTS  
       NO.  GLOBAL      1      2      3      4
        1  0.00008   1.000  0.000  0.000 -0.000
        2  0.00000   0.000  1.000  0.000  0.000
        3  0.00008   0.000  0.000  1.000  0.000
        4  0.00000  -0.000  0.000  0.000  1.000
 ERR MATRIX NOT POS-DEF
 FCN=76.6409 FROM MIGRAD    STATUS=FAILED         80 CALLS          81 TOTAL
                     EDM=939.066    STRATEGY= 1      ERR MATRIX NOT POS-DEF
  EXT PARAMETER                  PARABOLIC         MINOS ERRORS        
  NO.   NAME      VALUE            ERROR      NEGATIVE      POSITIVE   
   1  p0           5.57403e+05   6.80321e+00                            
   2  p1           5.65502e-01   7.07107e-01                            
   3  p2           3.11710e-05   7.07107e-01                            
   4  p3           9.99818e-04   7.07107e-01                            
                               ERR DEF= 0.5
------------------------------------------
Enering ROOFIt-------
 PARAMETER DEFINITIONS:
    NO.   NAME         VALUE      STEP SIZE      LIMITS
     1 norm         5.57403e+05  1.00000e-01     no limits
     2 Q            5.65000e-01  1.00000e-01     no limits
     3 theta        0.00000e+00  1.00000e-01     no limits
     4 pileup       9.99818e-04  1.00000e-01     no limits
 **********
 **    1 **MIGRAD
 **********
 FIRST CALL TO USER FUNCTION AT NEW START POINT, WITH IFLAG=4.
 START MIGRAD MINIMIZATION.  STRATEGY  1.  CONVERGENCE WHEN EDM .LT. 1.00e-04
 FCN=-2.37863e+11 FROM MIGRAD    STATUS=INITIATE       16 CALLS          17 TOTAL
                     EDM= unknown      STRATEGY= 1      NO ERROR MATRIX       
  EXT PARAMETER               CURRENT GUESS       STEP         FIRST   
  NO.   NAME      VALUE            ERROR          SIZE      DERIVATIVE 
   1  norm         5.57403e+05   1.00000e-01   1.00000e-01  -5.93779e+01
   2  Q            5.65000e-01   1.00000e-01   1.00000e-01  -9.00823e+08
   3  theta        0.00000e+00   1.00000e-01   1.00000e-01   3.43271e+06
   4  pileup       9.99818e-04   1.00000e-01   1.00000e-01  -9.20197e+11
 MIGRAD FAILS TO FIND IMPROVEMENT
 MACHINE ACCURACY LIMITS FURTHER IMPROVEMENT.
 MIGRAD MINIMIZATION HAS CONVERGED.
 FCN=-2.37863e+11 FROM MIGRAD    STATUS=CONVERGED     304 CALLS         305 TOTAL
                     EDM=0.0704347    STRATEGY= 1  ERROR MATRIX UNCERTAINTY   1.7 per cent
  EXT PARAMETER                                   STEP         FIRST   
  NO.   NAME      VALUE            ERROR          SIZE      DERIVATIVE 
   1  norm         5.58945e+05   9.35952e+00  -0.00000e+00   1.37943e-02
   2  Q            5.65003e-01   1.61897e-13  -0.00000e+00   2.43575e+05
   3  theta       -7.66879e-05   1.07719e-04   0.00000e+00   2.49983e+02
   4  pileup       9.99901e-04   4.70917e-08   0.00000e+00  -1.05867e+07
 EXTERNAL ERROR MATRIX.    NDIM=  25    NPAR=  4    ERR DEF=1
  8.760e+01 -1.079e-14  6.155e-04  5.601e-08 
 -1.079e-14 -2.621e-26 -6.050e-19 -1.118e-21 
  6.155e-04 -6.050e-19  1.160e-08  1.579e-12 
  5.601e-08 -1.118e-21  1.579e-12  2.218e-15 
 PARAMETER  CORRELATION COEFFICIENTS  
       NO.  GLOBAL      1      2      3      4
        1  0.00000   1.000 -0.007  0.611  0.127
        2  0.00000  -0.007 -1.000 -0.035 -0.147
        3  0.00000   0.611 -0.035  1.000  0.311
        4  0.00000   0.127 -0.147  0.311  1.000
 **********
 **    2 **MIGRAD 
 **********
 START MIGRAD MINIMIZATION.  STRATEGY  1.  CONVERGENCE WHEN EDM .LT. 1.00e-04
 FCN=-2.37863e+11 FROM MIGRAD    STATUS=INITIATE       12 CALLS         317 TOTAL
                     EDM=0.0645673    STRATEGY= 1  ERROR MATRIX UNCERTAINTY   1.7 per cent
  EXT PARAMETER                                   STEP         FIRST   
  NO.   NAME      VALUE            ERROR          SIZE      DERIVATIVE 
   1  norm         5.58945e+05   9.35952e+00  -0.00000e+00   1.37943e-02
   2  Q            5.65003e-01   1.61897e-13  -0.00000e+00   2.11309e+08
   3  theta       -7.66879e-05   1.07719e-04   0.00000e+00   2.49985e+02
   4  pileup       9.99901e-04   4.70917e-08   0.00000e+00  -1.05867e+07
 MIGRAD FAILS TO FIND IMPROVEMENT
 MACHINE ACCURACY LIMITS FURTHER IMPROVEMENT.
 MIGRAD MINIMIZATION HAS CONVERGED.
 FCN=-2.37863e+11 FROM MIGRAD    STATUS=CONVERGED      20 CALLS         325 TOTAL
                     EDM=0.0645673    STRATEGY= 1  ERROR MATRIX UNCERTAINTY   1.7 per cent
  EXT PARAMETER                                   STEP         FIRST   
  NO.   NAME      VALUE            ERROR          SIZE      DERIVATIVE 
   1  norm         5.58945e+05   9.35952e+00  -0.00000e+00   1.37943e-02
   2  Q            5.65003e-01   1.61897e-13  -0.00000e+00   2.11309e+08
   3  theta       -7.66879e-05   1.07719e-04   0.00000e+00   2.49985e+02
   4  pileup       9.99901e-04   4.70917e-08   0.00000e+00  -1.05867e+07
 EXTERNAL ERROR MATRIX.    NDIM=  25    NPAR=  4    ERR DEF=1
  8.760e+01 -1.079e-14  6.155e-04  5.601e-08 
 -1.079e-14 -2.621e-26 -6.050e-19 -1.118e-21 
  6.155e-04 -6.050e-19  1.160e-08  1.579e-12 
  5.601e-08 -1.118e-21  1.579e-12  2.218e-15 
 PARAMETER  CORRELATION COEFFICIENTS  
       NO.  GLOBAL      1      2      3      4
        1  0.00000   1.000 -0.007  0.611  0.127
        2  0.00000  -0.007 -1.000 -0.035 -0.147
        3  0.00000   0.611 -0.035  1.000  0.311
        4  0.00000   0.127 -0.147  0.311  1.000
status of the fit-----000------0
1  558945
2  0.565003
3  -7.66879e-05
4  0.000999901
