  *******************************************
  *                                         *
  *        W E L C O M E  to  R O O T       *
  *                                         *
  *   Version   5.34/36      5 April 2016   *
  *                                         *
  *  You are welcome to visit our Web site  *
  *          http://root.cern.ch            *
  *                                         *
  *******************************************

ROOT 5.34/36 (v5-34-36@v5-34-36, Apr 05 2016, 10:25:45 on linuxx8664gcc)

CINT/ROOT C/C++ Interpreter version 5.18.00, July 2, 2010
Type ? for help. Commands must be C++ statements.
Enclose multiple statements between { }.
Loading root init file.
The rat/rootinit.C file loaded the DEAP style for you, which is available from the fStyle pointer.
DEAP style applied. 
RAT: Libraries loaded.

Processing /home/fatemigh/projects/rpp-jillings/fatemigh/sterile/Likelihood/LikelihoodSterile_modified6.C+(53)...
pased here
566 lines read from file
31
spec_E  566
Before entering fitting
 **********
 **    1 **SET PRINT           2
 **********
 **********
 **    2 **SET NOGRAD
 **********
 PARAMETER DEFINITIONS:
    NO.   NAME         VALUE      STEP SIZE      LIMITS
     1 p0           5.58000e+05  1.67400e+05     no limits
     2 p1           5.65000e-01  1.69500e-01     no limits
     3 p2           0.00000e+00  3.00000e-01     no limits
     4 p3           9.99871e-04  2.99961e-04     no limits
 **********
 **    3 **SET ERR         0.5
 **********
 **********
 **    4 **SET PRINT           2
 **********
 **********
 **    5 **SET STR           1
 **********
 NOW USING STRATEGY  1: TRY TO BALANCE SPEED AGAINST RELIABILITY
 **********
 **    6 **MIGRAD        1480        0.01
 **********
 FIRST CALL TO USER FUNCTION AT NEW START POINT, WITH IFLAG=4.
 START MIGRAD MINIMIZATION.  STRATEGY  1.  CONVERGENCE WHEN EDM .LT. 1.00e-05
 FCN=17381 FROM MIGRAD    STATUS=INITIATE       18 CALLS          19 TOTAL
                     EDM= unknown      STRATEGY= 1      NO ERROR MATRIX       
  EXT PARAMETER               CURRENT GUESS       STEP         FIRST   
  NO.   NAME      VALUE            ERROR          SIZE      DERIVATIVE 
   1  p0           5.58000e+05   1.67400e+05   1.67400e+05  -3.63438e+01
   2  p1           5.65000e-01   1.69500e-01   1.69500e-01  -1.12818e+08
   3  p2           0.00000e+00   3.00000e-01   3.00000e-01   2.06259e+06
   4  p3           9.99871e-04   2.99961e-04   2.99961e-04  -9.79498e+08
                               ERR DEF= 0.5
NO ERROR MATRIX       
 FCN=1374.24 FROM MIGRAD    STATUS=PROGRESS       36 CALLS          37 TOTAL
                     EDM=4128.99    STRATEGY= 1      NO ERROR MATRIX       
  EXT PARAMETER               CURRENT GUESS       STEP         FIRST   
  NO.   NAME      VALUE            ERROR          SIZE      DERIVATIVE 
   1  p0           5.58356e+05   1.67400e+05   3.55929e+02  -2.54879e+00
   2  p1           5.65115e-01   1.69500e-01   1.14779e-04  -7.85274e+06
   3  p2          -2.33513e-03   3.00000e-01  -2.33513e-03  -4.88230e+05
   4  p3           1.00129e-03   2.99961e-04   1.42223e-06   5.09038e+08
                               ERR DEF= 0.5
 MIGRAD FAILS TO FIND IMPROVEMENT
   START COVARIANCE MATRIX CALCULATION.
 EIGENVALUES OF SECOND-DERIVATIVE MATRIX:
        -5.4600e-01  3.0990e-01  8.9874e-01  3.3374e+00
 MINUIT WARNING IN HESSE   
 ============== MATRIX FORCED POS-DEF BY ADDING 0.549341 TO DIAGONAL.
 FCN=72.5669 FROM HESSE     STATUS=NOT POSDEF     27 CALLS         171 TOTAL
                     EDM=0.0241316    STRATEGY= 1      ERR MATRIX NOT POS-DEF
  EXT PARAMETER                APPROXIMATE        STEP         FIRST   
  NO.   NAME      VALUE            ERROR          SIZE      DERIVATIVE 
   1  p0           5.57411e+05   9.70214e+00   2.65794e-01   9.42960e-04
   2  p1           5.65501e-01   1.03604e-05   2.69652e-07   1.89381e+03
   3  p2           1.44505e-04   5.76820e-05   3.09605e-07  -6.50994e+01
   4  p3           9.99743e-04   7.88031e-07   4.76714e-10   2.92873e+05
                               ERR DEF= 0.5
 PARAMETER  CORRELATION COEFFICIENTS  
       NO.  GLOBAL      1      2      3      4
        1  0.90570   1.000 -0.883  0.056  0.878
        2  0.99792  -0.883  1.000  0.130 -0.997
        3  0.54515   0.056  0.130  1.000 -0.103
        4  0.99772   0.878 -0.997 -0.103  1.000
 ERR MATRIX NOT POS-DEF
 FCN=72.5667 FROM MIGRAD    STATUS=PROGRESS      181 CALLS         182 TOTAL
                     EDM=0.924472    STRATEGY= 1      ERR MATRIX NOT POS-DEF
  EXT PARAMETER                APPROXIMATE        STEP         FIRST   
  NO.   NAME      VALUE            ERROR          SIZE      DERIVATIVE 
   1  p0           5.57410e+05   9.70214e+00  -1.32130e-02   1.00733e-03
   2  p1           5.65501e-01   1.03604e-05   1.59113e-08   1.33110e+05
   3  p2           1.44515e-04   5.76820e-05   9.86098e-09   3.25930e+01
   4  p3           9.99741e-04   7.88031e-07  -1.21327e-09   1.39102e+04
                               ERR DEF= 0.5
 MINUIT WARNING IN MIGRAD  
 ============== Negative diagonal element 2 in Error Matrix
 MINUIT WARNING IN MIGRAD  
 ============== Negative diagonal element 3 in Error Matrix
 MINUIT WARNING IN MIGRAD  
 ============== Negative diagonal element 4 in Error Matrix
 MINUIT WARNING IN MIGRAD  
 ============== 1 added to diagonal of error matrix
 EIGENVALUES OF SECOND-DERIVATIVE MATRIX:
         9.9977e-01  1.0000e+00  1.0000e+00  1.0002e+00
 MIGRAD FAILS TO FIND IMPROVEMENT
 MIGRAD TERMINATED WITHOUT CONVERGENCE.
 FCN=72.5667 FROM MIGRAD    STATUS=FAILED        202 CALLS         203 TOTAL
                     EDM=0.00363295    STRATEGY= 1      ERR MATRIX NOT POS-DEF
  EXT PARAMETER                APPROXIMATE        STEP         FIRST   
  NO.   NAME      VALUE            ERROR          SIZE      DERIVATIVE 
   1  p0           5.57410e+05   2.47872e+00  -0.00000e+00   6.17646e-04
   2  p1           5.65501e-01   7.07107e-01  -0.00000e+00   1.34342e+05
   3  p2           1.44395e-04   7.07107e-01  -0.00000e+00   1.54159e+01
   4  p3           9.99742e-04   7.07107e-01  -0.00000e+00   5.55020e+04
                               ERR DEF= 0.5
 EXTERNAL ERROR MATRIX.    NDIM=  25    NPAR=  4    ERR DEF=0.5
  6.144e+00  2.249e-05  4.091e-04 -4.116e-07 
  2.249e-05  5.000e-01 -1.994e-09  2.907e-12 
  4.091e-04 -1.994e-09  5.000e-01  4.814e-11 
 -4.116e-07  2.907e-12  4.814e-11  5.000e-01 
ERR MATRIX NOT POS-DEF
 PARAMETER  CORRELATION COEFFICIENTS  
       NO.  GLOBAL      1      2      3      4
        1  0.00023   1.000  0.000  0.000 -0.000
        2  0.00001   0.000  1.000 -0.000  0.000
        3  0.00023   0.000 -0.000  1.000  0.000
        4  0.00000  -0.000  0.000  0.000  1.000
 ERR MATRIX NOT POS-DEF
 FCN=72.5667 FROM MIGRAD    STATUS=FAILED        202 CALLS         203 TOTAL
                     EDM=0.00363295    STRATEGY= 1      ERR MATRIX NOT POS-DEF
  EXT PARAMETER                  PARABOLIC         MINOS ERRORS        
  NO.   NAME      VALUE            ERROR      NEGATIVE      POSITIVE   
   1  p0           5.57410e+05   2.47872e+00                            
   2  p1           5.65501e-01   7.07107e-01                            
   3  p2           1.44395e-04   7.07107e-01                            
   4  p3           9.99742e-04   7.07107e-01                            
                               ERR DEF= 0.5
 **********
 **    7 **SET PRINT           2
 **********
 **********
 **    8 **SET NOGRAD
 **********
 PARAMETER DEFINITIONS:
    NO.   NAME         VALUE      STEP SIZE      LIMITS
     1 p0           5.57410e+05  2.47872e+00     no limits
     2 p1           5.65501e-01  7.07107e-01     no limits
     3 p2           1.44395e-04  7.07107e-01     no limits
     4 p3           9.99742e-04  7.07107e-01     no limits
 **********
 **    9 **SET ERR         0.5
 **********
 **********
 **   10 **SET PRINT           2
 **********
 **********
 **   11 **SET STR           1
 **********
 NOW USING STRATEGY  1: TRY TO BALANCE SPEED AGAINST RELIABILITY
 **********
 **   12 **MIGRAD        1480        0.01
 **********
 FIRST CALL TO USER FUNCTION AT NEW START POINT, WITH IFLAG=4.
 START MIGRAD MINIMIZATION.  STRATEGY  1.  CONVERGENCE WHEN EDM .LT. 1.00e-05
 FCN=72.5667 FROM MIGRAD    STATUS=INITIATE       20 CALLS          21 TOTAL
                     EDM= unknown      STRATEGY= 1      NO ERROR MATRIX       
  EXT PARAMETER               CURRENT GUESS       STEP         FIRST   
  NO.   NAME      VALUE            ERROR          SIZE      DERIVATIVE 
   1  p0           5.57410e+05   2.47872e+00   2.47872e+00   6.17646e-04
   2  p1           5.65501e-01   7.07107e-01   7.07107e-01   1.62416e+10
   3  p2           1.44395e-04   7.07107e-01   7.07107e-01   1.54288e+01
   4  p3           9.99742e-04   7.07107e-01   7.07107e-01  -3.24112e+08
                               ERR DEF= 0.5
NO ERROR MATRIX       
 MIGRAD FAILS TO FIND IMPROVEMENT
   START COVARIANCE MATRIX CALCULATION.
 EIGENVALUES OF SECOND-DERIVATIVE MATRIX:
        -3.9662e-01  4.8163e-01  6.6963e-01  3.2454e+00
 MINUIT WARNING IN HESSE   
 ============== MATRIX FORCED POS-DEF BY ADDING 0.399862 TO DIAGONAL.
 FCN=72.5667 FROM HESSE     STATUS=NOT POSDEF     27 CALLS          59 TOTAL
                     EDM=1.08123e-05    STRATEGY= 1      ERR MATRIX NOT POS-DEF
  EXT PARAMETER                APPROXIMATE        STEP         FIRST   
  NO.   NAME      VALUE            ERROR          SIZE      DERIVATIVE 
   1  p0           5.57410e+05   6.97678e+00   2.65794e-01   6.04364e-04
   2  p1           5.65501e-01   6.05895e-07   7.07107e-05   9.27882e+02
   3  p2           1.44395e-04   6.49947e-04   7.07107e-05   1.60686e+01
   4  p3           9.99742e-04   1.41598e-07   7.07107e-05   5.15098e+04
                               ERR DEF= 0.5
 PARAMETER  CORRELATION COEFFICIENTS  
       NO.  GLOBAL      1      2      3      4
        1  0.78498   1.000 -0.721 -0.695  0.634
        2  0.99788  -0.721  1.000  0.996 -0.915
        3  0.99734  -0.695  0.996  1.000 -0.901
        4  0.92838   0.634 -0.915 -0.901  1.000
 ERR MATRIX NOT POS-DEF
 FCN=72.5667 FROM MIGRAD    STATUS=PROGRESS       68 CALLS          69 TOTAL
                     EDM=0.00211376    STRATEGY= 1      ERR MATRIX NOT POS-DEF
  EXT PARAMETER                APPROXIMATE        STEP         FIRST   
  NO.   NAME      VALUE            ERROR          SIZE      DERIVATIVE 
   1  p0           5.57410e+05   6.97678e+00  -6.84864e-04   7.49334e-04
   2  p1           5.65501e-01   6.05895e-07  -6.30817e-11   1.35088e+05
   3  p2           1.44314e-04   6.49947e-04  -8.09658e-08  -7.46696e+00
   4  p3           9.99742e-04   1.41598e-07  -4.63968e-13   6.48007e+04
                               ERR DEF= 0.5
 MINUIT WARNING IN MIGRAD  
 ============== Negative diagonal element 2 in Error Matrix
 MINUIT WARNING IN MIGRAD  
 ============== 1 added to diagonal of error matrix
 EIGENVALUES OF SECOND-DERIVATIVE MATRIX:
         9.9998e-01  1.0000e+00  1.0000e+00  1.0000e+00
 MIGRAD FAILS TO FIND IMPROVEMENT
 MIGRAD TERMINATED WITHOUT CONVERGENCE.
 FCN=72.5667 FROM MIGRAD    STATUS=FAILED         96 CALLS          97 TOTAL
                     EDM=7.64105e+09    STRATEGY= 1      ERR MATRIX NOT POS-DEF
  EXT PARAMETER                APPROXIMATE        STEP         FIRST   
  NO.   NAME      VALUE            ERROR          SIZE      DERIVATIVE 
   1  p0           5.57410e+05   6.15265e+00   0.00000e+00  -1.91792e-04
   2  p1           5.65501e-01   7.05100e-01  -0.00000e+00   1.28935e+05
   3  p2           1.44221e-04   7.07107e-01  -0.00000e+00   5.95447e+01
   4  p3           9.99741e-04   5.32445e-02   0.00000e+00  -1.66787e+04
                               ERR DEF= 0.5
 EXTERNAL ERROR MATRIX.    NDIM=  25    NPAR=  4    ERR DEF=0.5
  3.786e+01 -1.130e-07  1.429e-04 -3.300e-08 
 -1.130e-07  4.972e-01  3.087e-05 -3.754e-02 
  1.429e-04  3.087e-05  5.000e-01  4.089e-04 
 -3.300e-08 -3.754e-02  4.089e-04  2.835e-03 
ERR MATRIX NOT POS-DEF
 PARAMETER  CORRELATION COEFFICIENTS  
       NO.  GLOBAL      1      2      3      4
        1  0.40296   1.000 -0.000  0.000 -0.000
        2  1.00000  -0.000  1.000  0.000 -1.000
        3  1.00000   0.000  0.000  1.000  0.011
        4  1.00000  -0.000 -1.000  0.011  1.000
 ERR MATRIX NOT POS-DEF
 FCN=72.5667 FROM MIGRAD    STATUS=FAILED         96 CALLS          97 TOTAL
                     EDM=7.64105e+09    STRATEGY= 1      ERR MATRIX NOT POS-DEF
  EXT PARAMETER                  PARABOLIC         MINOS ERRORS        
  NO.   NAME      VALUE            ERROR      NEGATIVE      POSITIVE   
   1  p0           5.57410e+05   6.15265e+00                            
   2  p1           5.65501e-01   7.05100e-01                            
   3  p2           1.44221e-04   7.07107e-01                            
   4  p3           9.99741e-04   5.32445e-02                            
                               ERR DEF= 0.5
 **********
 **   13 **SET PRINT           2
 **********
 **********
 **   14 **SET NOGRAD
 **********
 PARAMETER DEFINITIONS:
    NO.   NAME         VALUE      STEP SIZE      LIMITS
     1 p0           5.57410e+05  6.15265e+00     no limits
     2 p1           5.65501e-01  7.05100e-01     no limits
     3 p2           1.44221e-04  7.07107e-01     no limits
     4 p3           9.99741e-04  5.32445e-02     no limits
 **********
 **   15 **SET ERR         0.5
 **********
 **********
 **   16 **SET PRINT           2
 **********
 **********
 **   17 **SET STR           1
 **********
 NOW USING STRATEGY  1: TRY TO BALANCE SPEED AGAINST RELIABILITY
 **********
 **   18 **MIGRAD        1480        0.01
 **********
 FIRST CALL TO USER FUNCTION AT NEW START POINT, WITH IFLAG=4.
 START MIGRAD MINIMIZATION.  STRATEGY  1.  CONVERGENCE WHEN EDM .LT. 1.00e-05
 FCN=72.5667 FROM MIGRAD    STATUS=INITIATE       20 CALLS          21 TOTAL
                     EDM= unknown      STRATEGY= 1      NO ERROR MATRIX       
  EXT PARAMETER               CURRENT GUESS       STEP         FIRST   
  NO.   NAME      VALUE            ERROR          SIZE      DERIVATIVE 
   1  p0           5.57410e+05   6.15265e+00   6.15265e+00  -1.91792e-04
   2  p1           5.65501e-01   7.05100e-01   7.05100e-01   1.62869e+10
   3  p2           1.44221e-04   7.07107e-01   7.07107e-01   5.25343e+01
   4  p3           9.99741e-04   5.32445e-02   5.32445e-02  -1.84940e+06
                               ERR DEF= 0.5
NO ERROR MATRIX       
 MIGRAD FAILS TO FIND IMPROVEMENT
   START COVARIANCE MATRIX CALCULATION.
 EIGENVALUES OF SECOND-DERIVATIVE MATRIX:
        -3.9761e-01  4.7612e-01  6.6613e-01  3.2554e+00
 MINUIT WARNING IN HESSE   
 ============== MATRIX FORCED POS-DEF BY ADDING 0.400862 TO DIAGONAL.
 FCN=72.5667 FROM HESSE     STATUS=NOT POSDEF     31 CALLS          63 TOTAL
                     EDM=0.000415669    STRATEGY= 1      ERR MATRIX NOT POS-DEF
  EXT PARAMETER                APPROXIMATE        STEP         FIRST   
  NO.   NAME      VALUE            ERROR          SIZE      DERIVATIVE 
   1  p0           5.57410e+05   6.94809e+00   2.65794e-01  -2.03639e-04
   2  p1           5.65501e-01   6.04027e-07   7.05100e-05  -1.54834e+03
   3  p2           1.44221e-04   6.47204e-04   7.07107e-05   4.71820e+01
   4  p3           9.99741e-04   1.45714e-07   5.32445e-06   1.35074e+04
                               ERR DEF= 0.5
 PARAMETER  CORRELATION COEFFICIENTS  
       NO.  GLOBAL      1      2      3      4
        1  0.78402   1.000 -0.720 -0.694  0.638
        2  0.99788  -0.720  1.000  0.996 -0.920
        3  0.99732  -0.694  0.996  1.000 -0.906
        4  0.93244   0.638 -0.920 -0.906  1.000
 ERR MATRIX NOT POS-DEF
 FCN=72.5667 FROM MIGRAD    STATUS=PROGRESS       73 CALLS          74 TOTAL
                     EDM=0.00379719    STRATEGY= 1      ERR MATRIX NOT POS-DEF
  EXT PARAMETER                APPROXIMATE        STEP         FIRST   
  NO.   NAME      VALUE            ERROR          SIZE      DERIVATIVE 
   1  p0           5.57410e+05   6.94809e+00   8.74318e-04   1.00766e-04
   2  p1           5.65501e-01   6.04027e-07  -1.05473e-10   1.30556e+05
   3  p2           1.44108e-04   6.47204e-04  -1.13434e-07   1.51780e+01
   4  p3           9.99741e-04   1.45714e-07   2.28163e-11   7.50951e+03
                               ERR DEF= 0.5
 MINUIT WARNING IN MIGRAD  
 ============== Negative diagonal element 2 in Error Matrix
 MINUIT WARNING IN MIGRAD  
 ============== 1 added to diagonal of error matrix
 EIGENVALUES OF SECOND-DERIVATIVE MATRIX:
         9.9998e-01  1.0000e+00  1.0000e+00  1.0000e+00
 MIGRAD FAILS TO FIND IMPROVEMENT
 MIGRAD TERMINATED WITHOUT CONVERGENCE.
 FCN=72.5667 FROM MIGRAD    STATUS=FAILED         84 CALLS          85 TOTAL
                     EDM=0.00379719    STRATEGY= 1      ERR MATRIX NOT POS-DEF
  EXT PARAMETER                APPROXIMATE        STEP         FIRST   
  NO.   NAME      VALUE            ERROR          SIZE      DERIVATIVE 
   1  p0           5.57410e+05   4.93748e+00   0.00000e+00   1.00766e-04
   2  p1           5.65501e-01   7.07107e-01  -0.00000e+00   1.30556e+05
   3  p2           1.44108e-04   7.07107e-01  -0.00000e+00   1.51780e+01
   4  p3           9.99741e-04   7.07107e-01  -0.00000e+00   7.50951e+03
                               ERR DEF= 0.5
 EXTERNAL ERROR MATRIX.    NDIM=  25    NPAR=  4    ERR DEF=0.5
  2.438e+01 -3.465e-08  6.086e-05 -2.190e-08 
 -3.465e-08  5.000e-01  2.073e-14  7.554e-16 
  6.086e-05  2.073e-14  5.000e-01  1.641e-12 
 -2.190e-08  7.554e-16  1.641e-12  5.000e-01 
ERR MATRIX NOT POS-DEF
 PARAMETER  CORRELATION COEFFICIENTS  
       NO.  GLOBAL      1      2      3      4
        1  0.00002   1.000 -0.000  0.000 -0.000
        2  0.00000  -0.000  1.000  0.000  0.000
        3  0.00002   0.000  0.000  1.000  0.000
        4  0.00000  -0.000  0.000  0.000  1.000
 ERR MATRIX NOT POS-DEF
 FCN=72.5667 FROM MIGRAD    STATUS=FAILED         84 CALLS          85 TOTAL
                     EDM=0.00379719    STRATEGY= 1      ERR MATRIX NOT POS-DEF
  EXT PARAMETER                  PARABOLIC         MINOS ERRORS        
  NO.   NAME      VALUE            ERROR      NEGATIVE      POSITIVE   
   1  p0           5.57410e+05   4.93748e+00                            
   2  p1           5.65501e-01   7.07107e-01                            
   3  p2           1.44108e-04   7.07107e-01                            
   4  p3           9.99741e-04   7.07107e-01                            
                               ERR DEF= 0.5
------------------------------------------
Enering ROOFIt-------
 PARAMETER DEFINITIONS:
    NO.   NAME         VALUE      STEP SIZE      LIMITS
     1 norm         5.57410e+05  1.00000e-01     no limits
     2 Q            5.65000e-01  1.00000e-01     no limits
     3 theta        0.00000e+00  1.00000e-01     no limits
     4 pileup       9.99741e-04  1.00000e-01     no limits
 **********
 **    1 **MIGRAD
 **********
 FIRST CALL TO USER FUNCTION AT NEW START POINT, WITH IFLAG=4.
 START MIGRAD MINIMIZATION.  STRATEGY  1.  CONVERGENCE WHEN EDM .LT. 1.00e-04
 FCN=-2.37861e+11 FROM MIGRAD    STATUS=INITIATE       16 CALLS          17 TOTAL
                     EDM= unknown      STRATEGY= 1      NO ERROR MATRIX       
  EXT PARAMETER               CURRENT GUESS       STEP         FIRST   
  NO.   NAME      VALUE            ERROR          SIZE      DERIVATIVE 
   1  norm         5.57410e+05   1.00000e-01   1.00000e-01  -5.90281e+01
   2  Q            5.65000e-01   1.00000e-01   1.00000e-01  -8.93184e+08
   3  theta        0.00000e+00   1.00000e-01   1.00000e-01   3.38852e+06
   4  pileup       9.99741e-04   1.00000e-01   1.00000e-01  -9.20124e+11
 MIGRAD FAILS TO FIND IMPROVEMENT
 MACHINE ACCURACY LIMITS FURTHER IMPROVEMENT.
 MIGRAD MINIMIZATION HAS CONVERGED.
 FCN=-2.37861e+11 FROM MIGRAD    STATUS=CONVERGED     285 CALLS         286 TOTAL
                     EDM=0.260367    STRATEGY= 1  ERROR MATRIX UNCERTAINTY   2.6 per cent
  EXT PARAMETER                                   STEP         FIRST   
  NO.   NAME      VALUE            ERROR          SIZE      DERIVATIVE 
   1  norm         5.58949e+05   9.47542e+00   0.00000e+00  -7.75858e-03
   2  Q            5.65003e-01   8.81013e-12   0.00000e+00   2.09782e+08
   3  theta        2.31549e-05   1.08790e-04   0.00000e+00   6.65410e+02
   4  pileup       9.99794e-04   4.81396e-08   0.00000e+00  -1.07212e+07
 EXTERNAL ERROR MATRIX.    NDIM=  25    NPAR=  4    ERR DEF=1
  8.978e+01  6.563e-13  6.327e-04  6.634e-08 
  6.563e-13 -7.762e-23  1.465e-17  9.852e-21 
  6.327e-04  1.465e-17  1.184e-08  1.745e-12 
  6.634e-08  9.852e-21  1.745e-12  2.317e-15 
 PARAMETER  CORRELATION COEFFICIENTS  
       NO.  GLOBAL      1      2      3      4
        1  0.00000   1.000  0.008  0.614  0.145
        2  0.00000   0.008 -1.000  0.015  0.023
        3  0.00000   0.614  0.015  1.000  0.333
        4  0.00000   0.145  0.023  0.333  1.000
 **********
 **    2 **MIGRAD 
 **********
 START MIGRAD MINIMIZATION.  STRATEGY  1.  CONVERGENCE WHEN EDM .LT. 1.00e-04
 FCN=-2.37861e+11 FROM MIGRAD    STATUS=INITIATE       12 CALLS         298 TOTAL
                     EDM=0.0691775    STRATEGY= 1  ERROR MATRIX UNCERTAINTY   2.6 per cent
  EXT PARAMETER                                   STEP         FIRST   
  NO.   NAME      VALUE            ERROR          SIZE      DERIVATIVE 
   1  norm         5.58949e+05   9.47542e+00   0.00000e+00  -7.75858e-03
   2  Q            5.65003e-01   8.81013e-12   0.00000e+00   1.75835e+05
   3  theta        2.31549e-05   1.08790e-04   0.00000e+00   6.65411e+02
   4  pileup       9.99794e-04   4.81396e-08   0.00000e+00  -1.07212e+07
 MIGRAD FAILS TO FIND IMPROVEMENT
 MACHINE ACCURACY LIMITS FURTHER IMPROVEMENT.
 MIGRAD MINIMIZATION HAS CONVERGED.
 FCN=-2.37861e+11 FROM MIGRAD    STATUS=CONVERGED      21 CALLS         307 TOTAL
                     EDM=0.0691775    STRATEGY= 1  ERROR MATRIX UNCERTAINTY   2.6 per cent
  EXT PARAMETER                                   STEP         FIRST   
  NO.   NAME      VALUE            ERROR          SIZE      DERIVATIVE 
   1  norm         5.58949e+05   9.47542e+00   0.00000e+00  -7.75858e-03
   2  Q            5.65003e-01   8.81013e-12   0.00000e+00   1.75835e+05
   3  theta        2.31549e-05   1.08790e-04   0.00000e+00   6.65411e+02
   4  pileup       9.99794e-04   4.81396e-08   0.00000e+00  -1.07212e+07
 EXTERNAL ERROR MATRIX.    NDIM=  25    NPAR=  4    ERR DEF=1
  8.978e+01  6.563e-13  6.327e-04  6.634e-08 
  6.563e-13 -7.762e-23  1.465e-17  9.852e-21 
  6.327e-04  1.465e-17  1.184e-08  1.745e-12 
  6.634e-08  9.852e-21  1.745e-12  2.317e-15 
 PARAMETER  CORRELATION COEFFICIENTS  
       NO.  GLOBAL      1      2      3      4
        1  0.00000   1.000  0.008  0.614  0.145
        2  0.00000   0.008 -1.000  0.015  0.023
        3  0.00000   0.614  0.015  1.000  0.333
        4  0.00000   0.145  0.023  0.333  1.000
status of the fit-----000------0
1  558949
2  0.565003
3  2.31549e-05
4  0.000999794
 **********
 **   19 **SET PRINT           2
 **********
 **********
 **   20 **SET NOGRAD
 **********
 PARAMETER DEFINITIONS:
    NO.   NAME         VALUE      STEP SIZE      LIMITS
     1 p0           5.58000e+05  1.67400e+05     no limits
     2 p1           5.65000e-01  1.69500e-01     no limits
     3 p2           0.00000e+00  3.00000e-01     no limits
     4 p3           9.99871e-04  2.99961e-04     no limits
 **********
 **   21 **SET ERR         0.5
 **********
 **********
 **   22 **SET PRINT           2
 **********
 **********
 **   23 **SET STR           1
 **********
 NOW USING STRATEGY  1: TRY TO BALANCE SPEED AGAINST RELIABILITY
 **********
 **   24 **MIGRAD        1480        0.01
 **********
 FIRST CALL TO USER FUNCTION AT NEW START POINT, WITH IFLAG=4.
 START MIGRAD MINIMIZATION.  STRATEGY  1.  CONVERGENCE WHEN EDM .LT. 1.00e-05
 FCN=17616.9 FROM MIGRAD    STATUS=INITIATE       18 CALLS          19 TOTAL
                     EDM= unknown      STRATEGY= 1      NO ERROR MATRIX       
  EXT PARAMETER               CURRENT GUESS       STEP         FIRST   
  NO.   NAME      VALUE            ERROR          SIZE      DERIVATIVE 
   1  p0           5.58000e+05   1.67400e+05   1.67400e+05  -3.65748e+01
   2  p1           5.65000e-01   1.69500e-01   1.69500e-01  -1.13529e+08
   3  p2           0.00000e+00   3.00000e-01   3.00000e-01   2.08453e+06
   4  p3           9.99871e-04   2.99961e-04   2.99961e-04  -9.94071e+08
                               ERR DEF= 0.5
NO ERROR MATRIX       
 FCN=1385.5 FROM MIGRAD    STATUS=PROGRESS       36 CALLS          37 TOTAL
                     EDM=4108.24    STRATEGY= 1      NO ERROR MATRIX       
  EXT PARAMETER               CURRENT GUESS       STEP         FIRST   
  NO.   NAME      VALUE            ERROR          SIZE      DERIVATIVE 
   1  p0           5.58358e+05   1.67400e+05   3.57958e+02  -2.55323e+00
   2  p1           5.65115e-01   1.69500e-01   1.15428e-04  -7.86259e+06
   3  p2          -2.35834e-03   3.00000e-01  -2.35834e-03  -4.85996e+05
   4  p3           1.00131e-03   2.99961e-04   1.44243e-06   5.07837e+08
                               ERR DEF= 0.5
 FCN=88.8763 FROM MIGRAD    STATUS=PROGRESS      159 CALLS         160 TOTAL
                     EDM=1.34599    STRATEGY= 1  ERROR MATRIX UNCERTAINTY  97.3 per cent
  EXT PARAMETER                APPROXIMATE        STEP         FIRST   
  NO.   NAME      VALUE            ERROR          SIZE      DERIVATIVE 
   1  p0           5.60493e+05   7.38811e+02   6.99870e+00  -1.06574e-01
   2  p1           5.64507e-01   2.38034e-04  -2.18974e-06  -3.30916e+05
   3  p2          -5.90798e-05   8.77362e-05  -6.40457e-07   8.94815e+03
   4  p3           9.99731e-04   7.38642e-08   1.19352e-09  -8.13460e+06
                               ERR DEF= 0.5
 MIGRAD FAILS TO FIND IMPROVEMENT
   START COVARIANCE MATRIX CALCULATION.
 EIGENVALUES OF SECOND-DERIVATIVE MATRIX:
         3.5733e-01  6.2048e-01  9.6208e-01  2.0601e+00
 COVARIANCE MATRIX CALCULATED SUCCESSFULLY
 FCN=88.6518 FROM HESSE     STATUS=OK             29 CALLS         292 TOTAL
                     EDM=0.242633    STRATEGY= 1      ERROR MATRIX ACCURATE 
  EXT PARAMETER                                   STEP         FIRST   
  NO.   NAME      VALUE            ERROR          SIZE      DERIVATIVE 
   1  p0           5.60519e+05   6.60489e+00   2.67276e-01  -1.04814e-04
   2  p1           5.64499e-01   3.84915e-07   2.69174e-07  -1.80859e+06
   3  p2          -6.51744e-05   7.36718e-05   3.41679e-07  -3.41730e+02
   4  p3           9.99752e-04   7.49394e-08   4.76719e-10   5.10040e+04
                               ERR DEF= 0.5
 PARAMETER  CORRELATION COEFFICIENTS  
       NO.  GLOBAL      1      2      3      4
        1  0.62767   1.000 -0.180  0.517 -0.080
        2  0.22792  -0.180  1.000  0.007  0.006
        3  0.68213   0.517  0.007  1.000  0.389
        4  0.51444  -0.080  0.006  0.389  1.000
 FCN=88.6518 FROM MIGRAD    STATUS=PROGRESS      302 CALLS         303 TOTAL
                     EDM=0.0610424    STRATEGY= 1      ERROR MATRIX ACCURATE 
  EXT PARAMETER                                   STEP         FIRST   
  NO.   NAME      VALUE            ERROR          SIZE      DERIVATIVE 
   1  p0           5.60519e+05   6.60489e+00  -1.83223e-01  -1.13398e-04
   2  p1           5.64499e-01   3.84915e-07   6.69623e-08  -9.06442e+05
   3  p2          -6.46398e-05   7.36718e-05   5.34591e-07  -2.65321e+02
   4  p3           9.99752e-04   7.49394e-08   1.94727e-10   4.07227e+04
                               ERR DEF= 0.5
 MIGRAD FAILS TO FIND IMPROVEMENT
 MIGRAD TERMINATED WITHOUT CONVERGENCE.
 FCN=88.6517 FROM MIGRAD    STATUS=FAILED        324 CALLS         325 TOTAL
                     EDM=0.0309163    STRATEGY= 1  ERROR MATRIX UNCERTAINTY  10.9 per cent
  EXT PARAMETER                APPROXIMATE        STEP         FIRST   
  NO.   NAME      VALUE            ERROR          SIZE      DERIVATIVE 
   1  p0           5.60519e+05   8.66385e+00  -0.00000e+00  -6.03991e-05
   2  p1           5.64499e-01   3.54781e-06   0.00000e+00  -9.06763e+05
   3  p2          -6.36889e-05   8.12378e-05   0.00000e+00  -9.08859e+01
   4  p3           9.99752e-04   7.63401e-08   0.00000e+00   1.17495e+04
                               ERR DEF= 0.5
 EXTERNAL ERROR MATRIX.    NDIM=  25    NPAR=  4    ERR DEF=0.5
  7.506e+01 -2.443e-05 -5.756e-04 -2.578e-07 
 -2.443e-05  1.259e-11  2.841e-10  7.927e-14 
 -5.756e-04  2.841e-10  6.600e-09  2.712e-12 
 -2.578e-07  7.927e-14  2.712e-12  5.828e-15 
ERR MATRIX APPROXIMATE
 PARAMETER  CORRELATION COEFFICIENTS  
       NO.  GLOBAL      1      2      3      4
        1  0.82251   1.000 -0.795 -0.818 -0.390
        2  0.99760  -0.795  1.000  0.986  0.293
        3  0.99794  -0.818  0.986  1.000  0.437
        4  0.92892  -0.390  0.293  0.437  1.000
 ERR MATRIX APPROXIMATE
 FCN=88.6517 FROM MIGRAD    STATUS=FAILED        324 CALLS         325 TOTAL
                     EDM=0.0309163    STRATEGY= 1  ERROR MATRIX UNCERTAINTY  10.9 per cent
  EXT PARAMETER                  PARABOLIC         MINOS ERRORS        
  NO.   NAME      VALUE            ERROR      NEGATIVE      POSITIVE   
   1  p0           5.60519e+05   8.66385e+00                            
   2  p1           5.64499e-01   3.54781e-06                            
   3  p2          -6.36889e-05   8.12378e-05                            
   4  p3           9.99752e-04   7.63401e-08                            
                               ERR DEF= 0.5
 **********
 **   25 **SET PRINT           2
 **********
 **********
 **   26 **SET NOGRAD
 **********
 PARAMETER DEFINITIONS:
    NO.   NAME         VALUE      STEP SIZE      LIMITS
     1 p0           5.60519e+05  8.66385e+00     no limits
     2 p1           5.64499e-01  3.54781e-06     no limits
     3 p2          -6.36889e-05  8.12378e-05     no limits
     4 p3           9.99752e-04  7.63401e-08     no limits
 **********
 **   27 **SET ERR         0.5
 **********
 **********
 **   28 **SET PRINT           2
 **********
 **********
 **   29 **SET STR           1
 **********
 NOW USING STRATEGY  1: TRY TO BALANCE SPEED AGAINST RELIABILITY
 **********
 **   30 **MIGRAD        1480        0.01
 **********
 FIRST CALL TO USER FUNCTION AT NEW START POINT, WITH IFLAG=4.
 START MIGRAD MINIMIZATION.  STRATEGY  1.  CONVERGENCE WHEN EDM .LT. 1.00e-05
 FCN=88.6517 FROM MIGRAD    STATUS=INITIATE       12 CALLS          13 TOTAL
                     EDM= unknown      STRATEGY= 1      NO ERROR MATRIX       
  EXT PARAMETER               CURRENT GUESS       STEP         FIRST   
  NO.   NAME      VALUE            ERROR          SIZE      DERIVATIVE 
   1  p0           5.60519e+05   8.66385e+00   8.66385e+00  -6.03991e-05
   2  p1           5.64499e-01   3.54781e-06   3.54781e-06  -9.06763e+05
   3  p2          -6.36889e-05   8.12378e-05   8.12378e-05  -9.26977e+01
   4  p3           9.99752e-04   7.63401e-08   7.63401e-08   1.17495e+04
                               ERR DEF= 0.5
NO ERROR MATRIX       
 FCN=88.6517 FROM MIGRAD    STATUS=PROGRESS       29 CALLS          30 TOTAL
                     EDM=0.230922    STRATEGY= 1      NO ERROR MATRIX       
  EXT PARAMETER               CURRENT GUESS       STEP         FIRST   
  NO.   NAME      VALUE            ERROR          SIZE      DERIVATIVE 
   1  p0           5.60519e+05   8.66385e+00   5.86790e-06  -1.27553e-05
   2  p1           5.64499e-01   3.54781e-06   4.69046e-10  -9.06600e+05
   3  p2          -6.36878e-05   8.12378e-05   1.09559e-09  -9.40273e+01
   4  p3           9.99752e-04   7.63401e-08  -1.87565e-13   1.13430e+04
                               ERR DEF= 0.5
 MIGRAD FAILS TO FIND IMPROVEMENT
   START COVARIANCE MATRIX CALCULATION.
 EIGENVALUES OF SECOND-DERIVATIVE MATRIX:
         3.1379e-01  6.4310e-01  9.7177e-01  2.0713e+00
 COVARIANCE MATRIX CALCULATED SUCCESSFULLY
 FCN=88.6517 FROM HESSE     STATUS=OK             31 CALLS          72 TOTAL
                     EDM=0.242259    STRATEGY= 1      ERROR MATRIX ACCURATE 
  EXT PARAMETER                                   STEP         FIRST   
  NO.   NAME      VALUE            ERROR          SIZE      DERIVATIVE 
   1  p0           5.60519e+05   6.62853e+00   2.67276e-01  -2.13310e-05
   2  p1           5.64499e-01   3.84840e-07   2.69174e-07  -1.80865e+06
   3  p2          -6.36878e-05   7.77953e-05   3.69341e-07  -1.07346e+02
   4  p3           9.99752e-04   7.28949e-08   4.76719e-10   1.49300e+04
                               ERR DEF= 0.5
 PARAMETER  CORRELATION COEFFICIENTS  
       NO.  GLOBAL      1      2      3      4
        1  0.63194   1.000 -0.180  0.543  0.023
        2  0.22744  -0.180  1.000  0.002  0.000
        3  0.72126   0.543  0.002  1.000  0.477
        4  0.55707   0.023  0.000  0.477  1.000
 MIGRAD FAILS TO FIND IMPROVEMENT
 MIGRAD TERMINATED WITHOUT CONVERGENCE.
 FCN=88.6517 FROM MIGRAD    STATUS=FAILED         82 CALLS          83 TOTAL
                     EDM=0.242259    STRATEGY= 1      ERR MATRIX APPROXIMATE
  EXT PARAMETER                APPROXIMATE        STEP         FIRST   
  NO.   NAME      VALUE            ERROR          SIZE      DERIVATIVE 
   1  p0           5.60519e+05   6.62853e+00  -0.00000e+00  -2.13310e-05
   2  p1           5.64499e-01   3.84840e-07   0.00000e+00  -1.80865e+06
   3  p2          -6.36878e-05   7.77953e-05   0.00000e+00  -1.07346e+02
   4  p3           9.99752e-04   7.28949e-08   0.00000e+00   1.49300e+04
                               ERR DEF= 0.5
 EXTERNAL ERROR MATRIX.    NDIM=  25    NPAR=  4    ERR DEF=0.5
  4.394e+01 -4.591e-07  2.799e-04  1.109e-08 
 -4.591e-07  1.481e-13  4.637e-14  1.397e-18 
  2.799e-04  4.637e-14  6.052e-09  2.705e-12 
  1.109e-08  1.397e-18  2.705e-12  5.314e-15 
ERR MATRIX APPROXIMATE
 PARAMETER  CORRELATION COEFFICIENTS  
       NO.  GLOBAL      1      2      3      4
        1  0.63194   1.000 -0.180  0.543  0.023
        2  0.22744  -0.180  1.000  0.002  0.000
        3  0.72126   0.543  0.002  1.000  0.477
        4  0.55707   0.023  0.000  0.477  1.000
 ERR MATRIX APPROXIMATE
 FCN=88.6517 FROM MIGRAD    STATUS=FAILED         82 CALLS          83 TOTAL
                     EDM=0.242259    STRATEGY= 1      ERR MATRIX APPROXIMATE
  EXT PARAMETER                  PARABOLIC         MINOS ERRORS        
  NO.   NAME      VALUE            ERROR      NEGATIVE      POSITIVE   
   1  p0           5.60519e+05   6.62853e+00                            
   2  p1           5.64499e-01   3.84840e-07                            
   3  p2          -6.36878e-05   7.77953e-05                            
   4  p3           9.99752e-04   7.28949e-08                            
                               ERR DEF= 0.5
 **********
 **   31 **SET PRINT           2
 **********
 **********
 **   32 **SET NOGRAD
 **********
 PARAMETER DEFINITIONS:
    NO.   NAME         VALUE      STEP SIZE      LIMITS
     1 p0           5.60519e+05  6.62853e+00     no limits
     2 p1           5.64499e-01  3.84840e-07     no limits
     3 p2          -6.36878e-05  7.77953e-05     no limits
     4 p3           9.99752e-04  7.28949e-08     no limits
 **********
 **   33 **SET ERR         0.5
 **********
 **********
 **   34 **SET PRINT           2
 **********
 **********
 **   35 **SET STR           1
 **********
 NOW USING STRATEGY  1: TRY TO BALANCE SPEED AGAINST RELIABILITY
 **********
 **   36 **MIGRAD        1480        0.01
 **********
 FIRST CALL TO USER FUNCTION AT NEW START POINT, WITH IFLAG=4.
 START MIGRAD MINIMIZATION.  STRATEGY  1.  CONVERGENCE WHEN EDM .LT. 1.00e-05
 FCN=88.6517 FROM MIGRAD    STATUS=INITIATE       12 CALLS          13 TOTAL
                     EDM= unknown      STRATEGY= 1      NO ERROR MATRIX       
  EXT PARAMETER               CURRENT GUESS       STEP         FIRST   
  NO.   NAME      VALUE            ERROR          SIZE      DERIVATIVE 
   1  p0           5.60519e+05   6.62853e+00   6.62853e+00  -1.27553e-05
   2  p1           5.64499e-01   3.84840e-07   3.84840e-07  -9.06600e+05
   3  p2          -6.36878e-05   7.77953e-05   7.77953e-05  -9.71768e+01
   4  p3           9.99752e-04   7.28949e-08   7.28949e-08   1.13430e+04
                               ERR DEF= 0.5
NO ERROR MATRIX       
 MIGRAD FAILS TO FIND IMPROVEMENT
   START COVARIANCE MATRIX CALCULATION.
 EIGENVALUES OF SECOND-DERIVATIVE MATRIX:
         3.7544e-01  6.5178e-01  9.6749e-01  2.0053e+00
 COVARIANCE MATRIX CALCULATED SUCCESSFULLY
 FCN=88.6517 FROM HESSE     STATUS=OK             29 CALLS          53 TOTAL
                     EDM=0.242246    STRATEGY= 1      ERROR MATRIX ACCURATE 
  EXT PARAMETER                                   STEP         FIRST   
  NO.   NAME      VALUE            ERROR          SIZE      DERIVATIVE 
   1  p0           5.60519e+05   6.43927e+00   2.67276e-01  -2.13310e-05
   2  p1           5.64499e-01   3.84840e-07   2.69174e-07  -1.80865e+06
   3  p2          -6.36878e-05   6.79795e-05   3.49019e-07  -9.30538e+01
   4  p3           9.99752e-04   6.95802e-08   4.76719e-10   1.49300e+04
                               ERR DEF= 0.5
 PARAMETER  CORRELATION COEFFICIENTS  
       NO.  GLOBAL      1      2      3      4
        1  0.60293   1.000 -0.185  0.502 -0.058
        2  0.22744  -0.185  1.000  0.002  0.000
        3  0.66275   0.502  0.002  1.000  0.390
        4  0.49300  -0.058  0.000  0.390  1.000
 FCN=88.6517 FROM MIGRAD    STATUS=PROGRESS       71 CALLS          72 TOTAL
                     EDM=0.0608845    STRATEGY= 1      ERROR MATRIX ACCURATE 
  EXT PARAMETER                                   STEP         FIRST   
  NO.   NAME      VALUE            ERROR          SIZE      DERIVATIVE 
   1  p0           5.60519e+05   6.43927e+00  -7.79142e-04  -1.19149e-05
   2  p1           5.64499e-01   3.84840e-07   2.58280e-10  -9.06607e+05
   3  p2          -6.36873e-05   6.79795e-05   4.81279e-10  -9.65493e+01
   4  p3           9.99752e-04   6.95802e-08   9.70146e-14   1.35897e+04
                               ERR DEF= 0.5
 MIGRAD FAILS TO FIND IMPROVEMENT
 MIGRAD TERMINATED WITHOUT CONVERGENCE.
 FCN=88.6517 FROM MIGRAD    STATUS=FAILED        107 CALLS         108 TOTAL
                     EDM=0.00160666    STRATEGY= 1  ERROR MATRIX UNCERTAINTY   0.6 per cent
  EXT PARAMETER                APPROXIMATE        STEP         FIRST   
  NO.   NAME      VALUE            ERROR          SIZE      DERIVATIVE 
   1  p0           5.60519e+05   6.37984e+00   0.00000e+00  -1.08629e-05
   2  p1           5.64499e-01   8.95005e-08   0.00000e+00  -9.06766e+05
   3  p2          -6.31289e-05   6.97687e-05   0.00000e+00   9.89931e+00
   4  p3           9.99752e-04   6.69349e-08   0.00000e+00  -1.56217e+03
                               ERR DEF= 0.5
 EXTERNAL ERROR MATRIX.    NDIM=  25    NPAR=  4    ERR DEF=0.5
  4.070e+01  2.576e-07  2.354e-04 -3.392e-08 
  2.576e-07  8.010e-15  5.462e-12  1.521e-15 
  2.354e-04  5.462e-12  4.868e-09  1.535e-12 
 -3.392e-08  1.521e-15  1.535e-12  4.480e-15 
ERR MATRIX APPROXIMATE
 PARAMETER  CORRELATION COEFFICIENTS  
       NO.  GLOBAL      1      2      3      4
        1  0.59456   1.000  0.451  0.529 -0.079
        2  0.87576   0.451  1.000  0.875  0.254
        3  0.89973   0.529  0.875  1.000  0.329
        4  0.45062  -0.079  0.254  0.329  1.000
 ERR MATRIX APPROXIMATE
 FCN=88.6517 FROM MIGRAD    STATUS=FAILED        107 CALLS         108 TOTAL
                     EDM=0.00160666    STRATEGY= 1  ERROR MATRIX UNCERTAINTY   0.6 per cent
  EXT PARAMETER                  PARABOLIC         MINOS ERRORS        
  NO.   NAME      VALUE            ERROR      NEGATIVE      POSITIVE   
   1  p0           5.60519e+05   6.37984e+00                            
   2  p1           5.64499e-01   8.95005e-08                            
   3  p2          -6.31289e-05   6.97687e-05                            
   4  p3           9.99752e-04   6.69349e-08                            
                               ERR DEF= 0.5
------------------------------------------
Enering ROOFIt-------
 PARAMETER DEFINITIONS:
    NO.   NAME         VALUE      STEP SIZE      LIMITS
     1 norm         5.60519e+05  1.00000e-01     no limits
     2 Q            5.65000e-01  1.00000e-01     no limits
     3 theta        0.00000e+00  1.00000e-01     no limits
     4 pileup       9.99752e-04  1.00000e-01     no limits
 **********
 **    1 **MIGRAD
 **********
 FIRST CALL TO USER FUNCTION AT NEW START POINT, WITH IFLAG=4.
 START MIGRAD MINIMIZATION.  STRATEGY  1.  CONVERGENCE WHEN EDM .LT. 1.00e-04
 FCN=-2.37863e+11 FROM MIGRAD    STATUS=INITIATE       16 CALLS          17 TOTAL
                     EDM= unknown      STRATEGY= 1      NO ERROR MATRIX       
  EXT PARAMETER               CURRENT GUESS       STEP         FIRST   
  NO.   NAME      VALUE            ERROR          SIZE      DERIVATIVE 
   1  norm         5.60519e+05   1.00000e-01   1.00000e-01   5.91136e+01
   2  Q            5.65000e-01   1.00000e-01   1.00000e-01   9.14047e+08
   3  theta        0.00000e+00   1.00000e-01   1.00000e-01  -3.39732e+06
   4  pileup       9.99752e-04   1.00000e-01   1.00000e-01  -9.15947e+11
 MIGRAD FAILS TO FIND IMPROVEMENT
 EIGENVALUES OF SECOND-DERIVATIVE MATRIX:
        -4.3548e-04  3.8421e-01  9.1713e-01  2.6991e+00
 MINUIT WARNING IN HESSE   
 ============== MATRIX FORCED POS-DEF BY ADDING 0.003135 TO DIAGONAL.
 FCN=-2.37863e+11 FROM HESSE     STATUS=NOT POSDEF     27 CALLS          55 TOTAL
                     EDM=5.7729e+06    STRATEGY= 1      ERR MATRIX NOT POS-DEF
  EXT PARAMETER                APPROXIMATE        STEP         FIRST   
  NO.   NAME      VALUE            ERROR          SIZE      DERIVATIVE 
   1  norm         5.60519e+05   6.92697e+01   2.67276e+00   5.91137e+01
   2  Q            5.65000e-01   6.52321e-06   1.00000e-03   1.84337e+08
   3  theta        0.00000e+00   5.74245e-04   1.84994e-02  -3.41228e+06
   4  pileup       9.99752e-04   9.23164e-08   1.00000e-02   1.65209e+09
 MIGRAD FAILS TO FIND IMPROVEMENT
 MACHINE ACCURACY LIMITS FURTHER IMPROVEMENT.
 MIGRAD MINIMIZATION HAS CONVERGED.
 MIGRAD WILL VERIFY CONVERGENCE AND ERROR MATRIX.
 EIGENVALUES OF SECOND-DERIVATIVE MATRIX:
        -5.2675e-01  3.3273e-01  7.2068e-01  3.4733e+00
 MINUIT WARNING IN HESSE   
 ============== MATRIX FORCED POS-DEF BY ADDING 0.530219 TO DIAGONAL.
 MIGRAD TERMINATED WITHOUT CONVERGENCE.
 FCN=-2.37863e+11 FROM MIGRAD    STATUS=FAILED        362 CALLS         363 TOTAL
                     EDM=149.018    STRATEGY= 1      ERR MATRIX NOT POS-DEF
  EXT PARAMETER                APPROXIMATE        STEP         FIRST   
  NO.   NAME      VALUE            ERROR          SIZE      DERIVATIVE 
   1  norm         5.58645e+05   5.62191e+01   1.72483e+03   7.47202e-02
   2  Q            5.65102e-01   4.81086e-06   5.55060e-04   2.42874e+05
   3  theta        2.60426e-05   5.61723e-04   1.85903e-02  -1.71777e+04
   4  pileup       9.99868e-04   1.77886e-07   2.09868e-05   2.84141e+07
 EXTERNAL ERROR MATRIX.    NDIM=  25    NPAR=  4    ERR DEF=1
  3.161e+03 -2.687e-04 -3.095e-02  8.927e-06 
 -2.687e-04  2.314e-11  2.680e-09 -7.729e-13 
 -3.095e-02  2.680e-09  3.155e-07 -8.790e-11 
  8.927e-06 -7.729e-13 -8.790e-11  3.164e-14 
ERR MATRIX NOT POS-DEF
 PARAMETER  CORRELATION COEFFICIENTS  
       NO.  GLOBAL      1      2      3      4
        1  0.99456   1.000 -0.993 -0.980  0.893
        2  0.99812  -0.993  1.000  0.992 -0.903
        3  0.99367  -0.980  0.992  1.000 -0.880
        4  0.91630   0.893 -0.903 -0.880  1.000
 ERR MATRIX NOT POS-DEF
 **********
 **    2 **MIGRAD 
 **********
 START MIGRAD MINIMIZATION.  STRATEGY  1.  CONVERGENCE WHEN EDM .LT. 1.00e-04
 FCN=-2.37863e+11 FROM MIGRAD    STATUS=INITIATE        8 CALLS         371 TOTAL
                     EDM=53.11    STRATEGY= 1      ERR MATRIX NOT POS-DEF
  EXT PARAMETER                APPROXIMATE        STEP         FIRST   
  NO.   NAME      VALUE            ERROR          SIZE      DERIVATIVE 
   1  norm         5.58645e+05   5.62191e+01   1.72483e+03   6.44768e-02
   2  Q            5.65102e-01   4.81086e-06   5.55060e-04   2.42933e+05
   3  theta        2.60426e-05   5.61723e-04   1.85903e-02  -1.47155e+04
   4  pileup       9.99868e-04   1.77886e-07   2.09868e-05   2.39038e+07
 MIGRAD FAILS TO FIND IMPROVEMENT
 EIGENVALUES OF SECOND-DERIVATIVE MATRIX:
        -5.2695e-01  3.3274e-01  7.2070e-01  3.4735e+00
 MINUIT WARNING IN HESSE   
 ============== MATRIX FORCED POS-DEF BY ADDING 0.530425 TO DIAGONAL.
 FCN=-2.37863e+11 FROM HESSE     STATUS=NOT POSDEF     31 CALLS         466 TOTAL
                     EDM=13.6269    STRATEGY= 1      ERR MATRIX NOT POS-DEF
  EXT PARAMETER                APPROXIMATE        STEP         FIRST   
  NO.   NAME      VALUE            ERROR          SIZE      DERIVATIVE 
   1  norm         5.58649e+05   5.62154e+01   1.72484e+03   6.57055e-02
   2  Q            5.65102e-01   4.81138e-06   5.55057e-04   2.13383e+05
   3  theta        2.74281e-05   5.61724e-04   1.85898e-02  -6.96104e+03
   4  pileup       9.99768e-04   1.77901e-07   2.09852e-05   5.24378e+06
 MIGRAD FAILS TO FIND IMPROVEMENT
 MACHINE ACCURACY LIMITS FURTHER IMPROVEMENT.
 MIGRAD MINIMIZATION HAS CONVERGED.
 MIGRAD WILL VERIFY CONVERGENCE AND ERROR MATRIX.
 EIGENVALUES OF SECOND-DERIVATIVE MATRIX:
        -2.4813e-04  3.7109e-01  8.5134e-01  2.7778e+00
 MINUIT WARNING IN HESSE   
 ============== MATRIX FORCED POS-DEF BY ADDING 0.003026 TO DIAGONAL.
 MIGRAD TERMINATED WITHOUT CONVERGENCE.
 FCN=-2.37863e+11 FROM MIGRAD    STATUS=FAILED        154 CALLS         517 TOTAL
                     EDM=0.045943    STRATEGY= 1      ERR MATRIX NOT POS-DEF
  EXT PARAMETER                APPROXIMATE        STEP         FIRST   
  NO.   NAME      VALUE            ERROR          SIZE      DERIVATIVE 
   1  norm         5.58647e+05   9.68150e+01   6.89935e+02  -3.52368e-03
   2  Q            5.65102e-01   3.14503e-05   8.68606e-05  -2.48661e+03
   3  theta        4.05245e-05   1.11967e-04   7.43590e-03   9.86622e+01
   4  pileup       9.99764e-04   1.04073e-07   8.39408e-06   1.24747e+06
 EXTERNAL ERROR MATRIX.    NDIM=  25    NPAR=  4    ERR DEF=1
  9.373e+03 -3.031e-03 -1.510e-03 -5.208e-07 
 -3.031e-03  9.891e-10  6.725e-10  1.650e-13 
 -1.510e-03  6.725e-10  1.254e-08  5.103e-12 
 -5.208e-07  1.650e-13  5.103e-12  1.083e-14 
ERR MATRIX NOT POS-DEF
 PARAMETER  CORRELATION COEFFICIENTS  
       NO.  GLOBAL      1      2      3      4
        1  0.99721   1.000 -0.996 -0.139 -0.052
        2  0.99726  -0.996  1.000  0.191  0.050
        3  0.71790  -0.139  0.191  1.000  0.438
        4  0.53398  -0.052  0.050  0.438  1.000
 ERR MATRIX NOT POS-DEF
status of the fit-----000------4
1  558647
2  0.565102
3  4.05245e-05
4  0.000999764
 PARAMETER DEFINITIONS:
    NO.   NAME         VALUE      STEP SIZE      LIMITS
     1 norm         5.58647e+05  1.00000e-01     no limits
     2 Q            5.65102e-01  1.00000e-01     no limits
     3 theta        4.05245e-05  1.00000e-01     no limits
     4 pileup       9.99764e-04  1.00000e-01     no limits
 **********
 **    3 **MIGRAD
 **********
 FIRST CALL TO USER FUNCTION AT NEW START POINT, WITH IFLAG=4.
 START MIGRAD MINIMIZATION.  STRATEGY  1.  CONVERGENCE WHEN EDM .LT. 1.00e-04
 FCN=-2.37863e+11 FROM MIGRAD    STATUS=INITIATE       16 CALLS         534 TOTAL
                     EDM= unknown      STRATEGY= 1      NO ERROR MATRIX       
  EXT PARAMETER               CURRENT GUESS       STEP         FIRST   
  NO.   NAME      VALUE            ERROR          SIZE      DERIVATIVE 
   1  norm         5.58647e+05   1.00000e-01   1.00000e-01  -3.51707e-03
   2  Q            5.65102e-01   1.00000e-01   1.00000e-01   6.98666e+06
   3  theta        4.05245e-05   1.00000e-01   1.00000e-01   1.55287e+04
   4  pileup       9.99764e-04   1.00000e-01   1.00000e-01  -9.18032e+11
 MIGRAD FAILS TO FIND IMPROVEMENT
 COVARIANCE MATRIX CALCULATED SUCCESSFULLY
 FCN=-2.37863e+11 FROM HESSE     STATUS=OK             29 CALLS         574 TOTAL
                     EDM=2.01447    STRATEGY= 1      ERROR MATRIX ACCURATE 
  EXT PARAMETER                                   STEP         FIRST   
  NO.   NAME      VALUE            ERROR          SIZE      DERIVATIVE 
   1  norm         5.58647e+05   3.26843e+02   2.66384e+00  -3.72328e-03
   2  Q            5.65102e-01   3.12215e-05   1.00000e-03  -2.48176e+03
   3  theta        4.05245e-05   2.73697e-03   1.85804e-02   6.20430e+02
   4  pileup       9.99764e-04   9.24666e-08   1.00000e-02   6.61672e+05
 MIGRAD FAILS TO FIND IMPROVEMENT
 MACHINE ACCURACY LIMITS FURTHER IMPROVEMENT.
 MIGRAD MINIMIZATION HAS CONVERGED.
 MIGRAD WILL VERIFY CONVERGENCE AND ERROR MATRIX.
 EIGENVALUES OF SECOND-DERIVATIVE MATRIX:
        -3.6418e-04  3.6679e-01  8.4983e-01  2.7837e+00
 MINUIT WARNING IN HESSE   
 ============== MATRIX FORCED POS-DEF BY ADDING 0.003148 TO DIAGONAL.
 MIGRAD TERMINATED WITHOUT CONVERGENCE.
 FCN=-2.37863e+11 FROM MIGRAD    STATUS=FAILED        110 CALLS         628 TOTAL
                     EDM=0.0428683    STRATEGY= 1      ERR MATRIX NOT POS-DEF
  EXT PARAMETER                APPROXIMATE        STEP         FIRST   
  NO.   NAME      VALUE            ERROR          SIZE      DERIVATIVE 
   1  norm         5.58647e+05   9.60273e+01   5.32768e+00   3.86648e-04
   2  Q            5.65102e-01   3.16006e-05   1.02994e-04   9.24695e+03
   3  theta        3.98243e-05   1.19831e-04   1.85897e-02  -3.33560e+02
   4  pileup       9.99764e-04   1.05255e-07   2.14100e-05   1.37766e+06
 EXTERNAL ERROR MATRIX.    NDIM=  25    NPAR=  4    ERR DEF=1
  9.221e+03 -3.021e-03 -4.022e-03 -1.587e-06 
 -3.021e-03  9.986e-10  1.511e-09  5.197e-13 
 -4.022e-03  1.511e-09  1.436e-08  5.786e-12 
 -1.587e-06  5.197e-13  5.786e-12  1.108e-14 
ERR MATRIX NOT POS-DEF
 PARAMETER  CORRELATION COEFFICIENTS  
       NO.  GLOBAL      1      2      3      4
        1  0.99716   1.000 -0.995 -0.350 -0.157
        2  0.99728  -0.995  1.000  0.399  0.156
        3  0.75958  -0.350  0.399  1.000  0.459
        4  0.54890  -0.157  0.156  0.459  1.000
 ERR MATRIX NOT POS-DEF
 **********
 **    4 **MIGRAD 
 **********
 START MIGRAD MINIMIZATION.  STRATEGY  1.  CONVERGENCE WHEN EDM .LT. 1.00e-04
 FCN=-2.37863e+11 FROM MIGRAD    STATUS=INITIATE        8 CALLS         636 TOTAL
                     EDM=0.0524501    STRATEGY= 1      ERR MATRIX NOT POS-DEF
  EXT PARAMETER                APPROXIMATE        STEP         FIRST   
  NO.   NAME      VALUE            ERROR          SIZE      DERIVATIVE 
   1  norm         5.58647e+05   9.60273e+01   5.32768e+00   2.59198e-04
   2  Q            5.65102e-01   3.16006e-05   1.02994e-04   9.59756e+03
   3  theta        3.98243e-05   1.19831e-04   1.85897e-02   2.12873e+03
   4  pileup       9.99764e-04   1.05255e-07   2.14100e-05  -3.31758e+06
 MINUIT WARNING IN MIGRAD  
 ============== Negative diagonal element 2 in Error Matrix
 MINUIT WARNING IN MIGRAD  
 ============== 1 added to diagonal of error matrix
 MIGRAD FAILS TO FIND IMPROVEMENT
 EIGENVALUES OF SECOND-DERIVATIVE MATRIX:
        -5.2695e-01  3.3324e-01  7.1993e-01  3.4738e+00
 MINUIT WARNING IN HESSE   
 ============== MATRIX FORCED POS-DEF BY ADDING 0.530425 TO DIAGONAL.
 FCN=-2.37863e+11 FROM HESSE     STATUS=NOT POSDEF     31 CALLS         693 TOTAL
                     EDM=0.326009    STRATEGY= 1      ERR MATRIX NOT POS-DEF
  EXT PARAMETER                APPROXIMATE        STEP         FIRST   
  NO.   NAME      VALUE            ERROR          SIZE      DERIVATIVE 
   1  norm         5.58653e+05   5.61942e+01   1.06554e+02  -4.54670e-04
   2  Q            5.65100e-01   4.81176e-06   5.55053e-04   7.08185e+03
   3  theta        3.55999e-05   5.62040e-04   1.85900e-02  -1.40793e+03
   4  pileup       9.99768e-04   1.77509e-07   2.09864e-05   2.50132e+06
 MINUIT WARNING IN MIGRAD  
 ============== Negative diagonal element 2 in Error Matrix
 MINUIT WARNING IN MIGRAD  
 ============== 1 added to diagonal of error matrix
 MIGRAD FAILS TO FIND IMPROVEMENT
 MIGRAD TERMINATED WITHOUT CONVERGENCE.
 FCN=-2.37863e+11 FROM MIGRAD    STATUS=FAILED        101 CALLS         729 TOTAL
                     EDM=3.54195e+07    STRATEGY= 1      ERR MATRIX NOT POS-DEF
  EXT PARAMETER                APPROXIMATE        STEP         FIRST   
  NO.   NAME      VALUE            ERROR          SIZE      DERIVATIVE 
   1  norm         5.58653e+05   6.44119e+00  -0.00000e+00  -5.68534e-03
   2  Q            5.65100e-01   1.00000e+00  -0.00000e+00   4.06872e+09
   3  theta        3.61500e-05   1.00000e+00  -0.00000e+00   1.44137e+04
   4  pileup       9.99766e-04   1.00000e+00   0.00000e+00  -2.63076e+07
 EXTERNAL ERROR MATRIX.    NDIM=  25    NPAR=  4    ERR DEF=1
  4.149e+01 -3.578e-10  1.467e-04  5.142e-09 
 -3.578e-10  1.000e+00  7.189e-16  6.226e-18 
  1.467e-04  7.189e-16  1.000e+00  2.764e-12 
  5.142e-09  6.226e-18  2.764e-12  1.000e+00 
ERR MATRIX NOT POS-DEF
 PARAMETER  CORRELATION COEFFICIENTS  
       NO.  GLOBAL      1      2      3      4
        1  0.00002   1.000 -0.000  0.000  0.000
        2  0.00000  -0.000  1.000  0.000  0.000
        3  0.00002   0.000  0.000  1.000  0.000
        4  0.00000   0.000  0.000  0.000  1.000
 ERR MATRIX NOT POS-DEF
status of the fit-----000------4
1  558653
2  0.5651
3  3.615e-05
4  0.000999766
 PARAMETER DEFINITIONS:
    NO.   NAME         VALUE      STEP SIZE      LIMITS
     1 norm         5.58653e+05  1.00000e-01     no limits
     2 Q            5.65100e-01  1.00000e-01     no limits
     3 theta        3.61500e-05  1.00000e-01     no limits
     4 pileup       9.99766e-04  1.00000e-01     no limits
 **********
 **    5 **MIGRAD
 **********
 FIRST CALL TO USER FUNCTION AT NEW START POINT, WITH IFLAG=4.
 START MIGRAD MINIMIZATION.  STRATEGY  1.  CONVERGENCE WHEN EDM .LT. 1.00e-04
 FCN=-2.37863e+11 FROM MIGRAD    STATUS=INITIATE       16 CALLS         746 TOTAL
                     EDM= unknown      STRATEGY= 1      NO ERROR MATRIX       
  EXT PARAMETER               CURRENT GUESS       STEP         FIRST   
  NO.   NAME      VALUE            ERROR          SIZE      DERIVATIVE 
   1  norm         5.58653e+05   1.00000e-01   1.00000e-01  -1.76425e-03
   2  Q            5.65100e-01   1.00000e-01   1.00000e-01   7.10908e+06
   3  theta        3.61500e-05   1.00000e-01   1.00000e-01   1.43977e+04
   4  pileup       9.99766e-04   1.00000e-01   1.00000e-01  -9.18032e+11
 MIGRAD FAILS TO FIND IMPROVEMENT
 COVARIANCE MATRIX CALCULATED SUCCESSFULLY
 FCN=-2.37863e+11 FROM HESSE     STATUS=OK             29 CALLS         786 TOTAL
                     EDM=0.931652    STRATEGY= 1      ERROR MATRIX ACCURATE 
  EXT PARAMETER                                   STEP         FIRST   
  NO.   NAME      VALUE            ERROR          SIZE      DERIVATIVE 
   1  norm         5.58653e+05   2.70446e+02   2.66386e+00  -1.86162e-03
   2  Q            5.65100e-01   2.58386e-05   1.00000e-03   3.10822e+03
   3  theta        3.61500e-05   2.26627e-03   1.85793e-02  -1.10768e+03
   4  pileup       9.99766e-04   9.24568e-08   1.00000e-02   1.58602e+06
 MIGRAD FAILS TO FIND IMPROVEMENT
 MACHINE ACCURACY LIMITS FURTHER IMPROVEMENT.
 MIGRAD MINIMIZATION HAS CONVERGED.
 MIGRAD WILL VERIFY CONVERGENCE AND ERROR MATRIX.
 EIGENVALUES OF SECOND-DERIVATIVE MATRIX:
        -6.2061e-04  3.6652e-01  8.4991e-01  2.7842e+00
 MINUIT WARNING IN HESSE   
 ============== MATRIX FORCED POS-DEF BY ADDING 0.003405 TO DIAGONAL.
 MIGRAD TERMINATED WITHOUT CONVERGENCE.
 FCN=-2.37863e+11 FROM MIGRAD    STATUS=FAILED        150 CALLS         880 TOTAL
                     EDM=0.0578474    STRATEGY= 1      ERR MATRIX NOT POS-DEF
  EXT PARAMETER                APPROXIMATE        STEP         FIRST   
  NO.   NAME      VALUE            ERROR          SIZE      DERIVATIVE 
   1  norm         5.58653e+05   9.60335e+01   5.32773e+02  -4.39916e-03
   2  Q            5.65100e-01   3.16010e-05   8.68744e-05  -5.31844e+03
   3  theta        4.19781e-05   1.19907e-04   1.85886e-02   1.78314e+02
   4  pileup       9.99767e-04   1.05204e-07   2.09851e-05   1.63143e+06
 EXTERNAL ERROR MATRIX.    NDIM=  25    NPAR=  4    ERR DEF=1
  9.222e+03 -3.021e-03 -4.043e-03 -1.567e-06 
 -3.021e-03  9.986e-10  1.518e-09  5.132e-13 
 -4.043e-03  1.518e-09  1.438e-08  5.779e-12 
 -1.567e-06  5.132e-13  5.779e-12  1.107e-14 
ERR MATRIX NOT POS-DEF
 PARAMETER  CORRELATION COEFFICIENTS  
       NO.  GLOBAL      1      2      3      4
        1  0.99716   1.000 -0.995 -0.351 -0.155
        2  0.99729  -0.995  1.000  0.401  0.154
        3  0.76004  -0.351  0.401  1.000  0.458
        4  0.54843  -0.155  0.154  0.458  1.000
 ERR MATRIX NOT POS-DEF
 **********
 **    6 **MIGRAD 
 **********
 START MIGRAD MINIMIZATION.  STRATEGY  1.  CONVERGENCE WHEN EDM .LT. 1.00e-04
 FCN=-2.37863e+11 FROM MIGRAD    STATUS=INITIATE        8 CALLS         888 TOTAL
                     EDM=0.068013    STRATEGY= 1      ERR MATRIX NOT POS-DEF
  EXT PARAMETER                APPROXIMATE        STEP         FIRST   
  NO.   NAME      VALUE            ERROR          SIZE      DERIVATIVE 
   1  norm         5.58653e+05   9.60335e+01   5.32773e+02  -5.37200e-03
   2  Q            5.65100e-01   3.16010e-05   8.68744e-05  -5.06648e+03
   3  theta        4.19781e-05   1.19907e-04   1.85886e-02   2.64069e+03
   4  pileup       9.99767e-04   1.05204e-07   2.09851e-05  -2.87943e+06
 MINUIT WARNING IN MIGRAD  
 ============== Negative diagonal element 2 in Error Matrix
 MINUIT WARNING IN MIGRAD  
 ============== 1 added to diagonal of error matrix
 MIGRAD FAILS TO FIND IMPROVEMENT
 EIGENVALUES OF SECOND-DERIVATIVE MATRIX:
        -5.2709e-01  3.3277e-01  7.2064e-01  3.4737e+00
 MINUIT WARNING IN HESSE   
 ============== MATRIX FORCED POS-DEF BY ADDING 0.530563 TO DIAGONAL.
 FCN=-2.37863e+11 FROM HESSE     STATUS=NOT POSDEF     31 CALLS         944 TOTAL
                     EDM=0.510335    STRATEGY= 1      ERR MATRIX NOT POS-DEF
  EXT PARAMETER                APPROXIMATE        STEP         FIRST   
  NO.   NAME      VALUE            ERROR          SIZE      DERIVATIVE 
   1  norm         5.58663e+05   5.61937e+01   1.72485e+03  -2.94453e-03
   2  Q            5.65097e-01   4.81270e-06   5.55050e-04  -3.34046e+02
   3  theta        3.28022e-05   5.61834e-04   1.85888e-02  -1.91683e+03
   4  pileup       9.99770e-04   1.77953e-07   2.09864e-05   3.12529e+06
 MINUIT WARNING IN MIGRAD  
 ============== Negative diagonal element 2 in Error Matrix
 MINUIT WARNING IN MIGRAD  
 ============== 1 added to diagonal of error matrix
 MIGRAD FAILS TO FIND IMPROVEMENT
 MIGRAD TERMINATED WITHOUT CONVERGENCE.
 FCN=-2.37863e+11 FROM MIGRAD    STATUS=FAILED        102 CALLS         982 TOTAL
                     EDM=3.52627e+07    STRATEGY= 1      ERR MATRIX NOT POS-DEF
  EXT PARAMETER                APPROXIMATE        STEP         FIRST   
  NO.   NAME      VALUE            ERROR          SIZE      DERIVATIVE 
   1  norm         5.58664e+05   6.49817e+00  -0.00000e+00  -6.11045e-02
   2  Q            5.65097e-01   1.00000e+00  -0.00000e+00   4.06754e+09
   3  theta        3.34077e-05   1.00000e+00  -0.00000e+00   1.36099e+04
   4  pileup       9.99767e-04   1.00000e+00   0.00000e+00  -2.57912e+07
 EXTERNAL ERROR MATRIX.    NDIM=  25    NPAR=  4    ERR DEF=1
  4.223e+01 -2.145e-10  1.692e-04 -5.925e-08 
 -2.145e-10  1.000e+00  9.135e-16  8.567e-18 
  1.692e-04  9.135e-16  1.000e+00  2.508e-12 
 -5.925e-08  8.567e-18  2.508e-12  1.000e+00 
ERR MATRIX NOT POS-DEF
 PARAMETER  CORRELATION COEFFICIENTS  
       NO.  GLOBAL      1      2      3      4
        1  0.00003   1.000 -0.000  0.000 -0.000
        2  0.00000  -0.000  1.000  0.000  0.000
        3  0.00003   0.000  0.000  1.000  0.000
        4  0.00000  -0.000  0.000  0.000  1.000
 ERR MATRIX NOT POS-DEF
status of the fit-----000------4
1  558664
2  0.565097
3  3.34077e-05
4  0.000999767
 **********
 **   37 **SET PRINT           2
 **********
 **********
 **   38 **SET NOGRAD
 **********
 PARAMETER DEFINITIONS:
    NO.   NAME         VALUE      STEP SIZE      LIMITS
     1 p0           5.58000e+05  1.67400e+05     no limits
     2 p1           5.65000e-01  1.69500e-01     no limits
     3 p2           0.00000e+00  3.00000e-01     no limits
     4 p3           9.99871e-04  2.99961e-04     no limits
 **********
 **   39 **SET ERR         0.5
 **********
 **********
 **   40 **SET PRINT           2
 **********
 **********
 **   41 **SET STR           1
 **********
 NOW USING STRATEGY  1: TRY TO BALANCE SPEED AGAINST RELIABILITY
 **********
 **   42 **MIGRAD        1480        0.01
 **********
 FIRST CALL TO USER FUNCTION AT NEW START POINT, WITH IFLAG=4.
 START MIGRAD MINIMIZATION.  STRATEGY  1.  CONVERGENCE WHEN EDM .LT. 1.00e-05
 FCN=17312.4 FROM MIGRAD    STATUS=INITIATE       18 CALLS          19 TOTAL
                     EDM= unknown      STRATEGY= 1      NO ERROR MATRIX       
  EXT PARAMETER               CURRENT GUESS       STEP         FIRST   
  NO.   NAME      VALUE            ERROR          SIZE      DERIVATIVE 
   1  p0           5.58000e+05   1.67400e+05   1.67400e+05  -3.62951e+01
   2  p1           5.65000e-01   1.69500e-01   1.69500e-01  -1.12664e+08
   3  p2           0.00000e+00   3.00000e-01   3.00000e-01   2.07752e+06
   4  p3           9.99871e-04   2.99961e-04   2.99961e-04  -9.94118e+08
                               ERR DEF= 0.5
NO ERROR MATRIX       
 FCN=1306.61 FROM MIGRAD    STATUS=PROGRESS       36 CALLS          37 TOTAL
                     EDM=3975.1    STRATEGY= 1      NO ERROR MATRIX       
  EXT PARAMETER               CURRENT GUESS       STEP         FIRST   
  NO.   NAME      VALUE            ERROR          SIZE      DERIVATIVE 
   1  p0           5.58355e+05   1.67400e+05   3.54988e+02  -2.52173e+00
   2  p1           5.65114e-01   1.69500e-01   1.14473e-04  -7.76609e+06
   3  p2          -2.34884e-03   3.00000e-01  -2.34884e-03  -4.76860e+05
   4  p3           1.00131e-03   2.99961e-04   1.44150e-06   4.99742e+08
                               ERR DEF= 0.5
 FCN=53.0245 FROM MIGRAD    STATUS=PROGRESS      157 CALLS         158 TOTAL
                     EDM=0.134254    STRATEGY= 1  ERROR MATRIX UNCERTAINTY  32.3 per cent
  EXT PARAMETER                APPROXIMATE        STEP         FIRST   
  NO.   NAME      VALUE            ERROR          SIZE      DERIVATIVE 
   1  p0           5.60430e+05   3.70164e+03   1.14116e+02  -2.74460e-03
   2  p1           5.64525e-01   1.19345e-03  -3.67913e-05  -8.49907e+03
   3  p2          -8.88864e-05   2.92953e-04  -9.07711e-06   1.16755e+03
   4  p3           9.99776e-04   9.09780e-08  -1.97467e-09   1.69040e+05
                               ERR DEF= 0.5
 MINUIT WARNING IN MIGRAD  
 ============== Negative diagonal element 1 in Error Matrix
 MINUIT WARNING IN MIGRAD  
 ============== Negative diagonal element 2 in Error Matrix
 MINUIT WARNING IN MIGRAD  
 ============== Negative diagonal element 3 in Error Matrix
 MINUIT WARNING IN MIGRAD  
 ============== 4.07005e+06 added to diagonal of error matrix
 EIGENVALUES OF SECOND-DERIVATIVE MATRIX:
         9.9933e-01  1.0000e+00  1.0000e+00  1.0007e+00
 MIGRAD FAILS TO FIND IMPROVEMENT
   START COVARIANCE MATRIX CALCULATION.
 EIGENVALUES OF SECOND-DERIVATIVE MATRIX:
        -1.5251e-03  3.0413e-01  8.4579e-01  2.8516e+00
 MINUIT WARNING IN HESSE   
 ============== MATRIX FORCED POS-DEF BY ADDING 0.004377 TO DIAGONAL.
 FCN=53.0173 FROM HESSE     STATUS=NOT POSDEF     25 CALLS         234 TOTAL
                     EDM=0.00215719    STRATEGY= 1      ERR MATRIX NOT POS-DEF
  EXT PARAMETER                APPROXIMATE        STEP         FIRST   
  NO.   NAME      VALUE            ERROR          SIZE      DERIVATIVE 
   1  p0           5.60505e+05   6.81841e+01   2.67270e-01  -5.29869e-03
   2  p1           5.64500e-01   2.18427e-05   2.69175e-07  -1.62961e+04
   3  p2          -9.56159e-05   8.96232e-05   2.59482e-07   8.97500e+02
   4  p3           9.99774e-04   7.74923e-08   4.76729e-10   4.94198e+03
                               ERR DEF= 0.5
 PARAMETER  CORRELATION COEFFICIENTS  
       NO.  GLOBAL      1      2      3      4
        1  0.99716   1.000 -0.995  0.035  0.011
        2  0.99716  -0.995  1.000  0.026 -0.004
        3  0.76119   0.035  0.026  1.000  0.500
        4  0.58283   0.011 -0.004  0.500  1.000
 ERR MATRIX NOT POS-DEF
 FCN=53.0157 FROM MIGRAD    STATUS=PROGRESS      243 CALLS         244 TOTAL
                     EDM=6.42886e-05    STRATEGY= 1      ERR MATRIX NOT POS-DEF
  EXT PARAMETER                APPROXIMATE        STEP         FIRST   
  NO.   NAME      VALUE            ERROR          SIZE      DERIVATIVE 
   1  p0           5.60505e+05   6.81841e+01   2.13727e-01  -1.43513e-03
   2  p1           5.64500e-01   2.18427e-05  -8.84046e-08  -4.11601e+03
   3  p2          -9.94259e-05   8.96232e-05  -3.81001e-06   2.96638e+01
   4  p3           9.99772e-04   7.74923e-08  -2.14492e-09  -6.93782e+03
                               ERR DEF= 0.5
 MIGRAD FAILS TO FIND IMPROVEMENT
 MIGRAD TERMINATED WITHOUT CONVERGENCE.
 FCN=52.3577 FROM MIGRAD    STATUS=FAILED        294 CALLS         295 TOTAL
                     EDM=6.86658e+06    STRATEGY= 1      ERR MATRIX NOT POS-DEF
  EXT PARAMETER                APPROXIMATE        STEP         FIRST   
  NO.   NAME      VALUE            ERROR          SIZE      DERIVATIVE 
   1  p0           5.60512e+05   6.81064e+00  -0.00000e+00  -6.50740e-03
   2  p1           5.64498e-01   1.56285e-07   0.00000e+00  -6.33818e+07
   3  p2          -9.97801e-05   7.50319e-05   0.00000e+00   2.34376e+03
   4  p3           9.99772e-04   7.36042e-08  -0.00000e+00  -6.43724e+06
                               ERR DEF= 0.5
 EXTERNAL ERROR MATRIX.    NDIM=  25    NPAR=  4    ERR DEF=0.5
  4.638e+01 -6.800e-08  2.868e-04 -7.719e-09 
 -6.800e-08  2.443e-14 -4.773e-14 -4.654e-16 
  2.868e-04 -4.773e-14  5.630e-09  2.307e-12 
 -7.719e-09 -4.654e-16  2.307e-12  5.418e-15 
ERR MATRIX NOT POS-DEF
 PARAMETER  CORRELATION COEFFICIENTS  
       NO.  GLOBAL      1      2      3      4
        1  0.62932   1.000 -0.064  0.561 -0.015
        2  0.10326  -0.064  1.000 -0.004 -0.040
        3  0.70663   0.561 -0.004  1.000  0.418
        4  0.51905  -0.015 -0.040  0.418  1.000
 ERR MATRIX NOT POS-DEF
 FCN=52.3577 FROM MIGRAD    STATUS=FAILED        294 CALLS         295 TOTAL
                     EDM=6.86658e+06    STRATEGY= 1      ERR MATRIX NOT POS-DEF
  EXT PARAMETER                  PARABOLIC         MINOS ERRORS        
  NO.   NAME      VALUE            ERROR      NEGATIVE      POSITIVE   
   1  p0           5.60512e+05   6.81064e+00                            
   2  p1           5.64498e-01   1.56285e-07                            
   3  p2          -9.97801e-05   7.50319e-05                            
   4  p3           9.99772e-04   7.36042e-08                            
                               ERR DEF= 0.5
 **********
 **   43 **SET PRINT           2
 **********
 **********
 **   44 **SET NOGRAD
 **********
 PARAMETER DEFINITIONS:
    NO.   NAME         VALUE      STEP SIZE      LIMITS
     1 p0           5.60512e+05  6.81064e+00     no limits
     2 p1           5.64498e-01  1.56285e-07     no limits
     3 p2          -9.97801e-05  7.50319e-05     no limits
     4 p3           9.99772e-04  7.36042e-08     no limits
 **********
 **   45 **SET ERR         0.5
 **********
 **********
 **   46 **SET PRINT           2
 **********
 **********
 **   47 **SET STR           1
 **********
 NOW USING STRATEGY  1: TRY TO BALANCE SPEED AGAINST RELIABILITY
 **********
 **   48 **MIGRAD        1480        0.01
 **********
 FIRST CALL TO USER FUNCTION AT NEW START POINT, WITH IFLAG=4.
 START MIGRAD MINIMIZATION.  STRATEGY  1.  CONVERGENCE WHEN EDM .LT. 1.00e-05
 FCN=52.3577 FROM MIGRAD    STATUS=INITIATE       12 CALLS          13 TOTAL
                     EDM= unknown      STRATEGY= 1      NO ERROR MATRIX       
  EXT PARAMETER               CURRENT GUESS       STEP         FIRST   
  NO.   NAME      VALUE            ERROR          SIZE      DERIVATIVE 
   1  p0           5.60512e+05   6.81064e+00   6.81064e+00  -6.50740e-03
   2  p1           5.64498e-01   1.56285e-07   1.56285e-07  -6.33818e+07
   3  p2          -9.97801e-05   7.50319e-05   7.50319e-05   2.34764e+03
   4  p3           9.99772e-04   7.36042e-08   7.36042e-08  -6.43724e+06
                               ERR DEF= 0.5
NO ERROR MATRIX       
 FCN=52.3031 FROM MIGRAD    STATUS=PROGRESS       23 CALLS          24 TOTAL
                     EDM=15.4892    STRATEGY= 1      NO ERROR MATRIX       
  EXT PARAMETER               CURRENT GUESS       STEP         FIRST   
  NO.   NAME      VALUE            ERROR          SIZE      DERIVATIVE 
   1  p0           5.60512e+05   6.81064e+00   1.18995e-01   3.36183e-02
   2  p1           5.64498e-01   1.56285e-07   9.32409e-08  -6.02114e+07
   3  p2          -1.03599e-04   7.50319e-05  -3.81841e-06  -2.30432e+03
   4  p3           9.99787e-04   7.36042e-08   1.51660e-08  -1.48985e+06
                               ERR DEF= 0.5
 MIGRAD FAILS TO FIND IMPROVEMENT
 MIGRAD MINIMIZATION HAS CONVERGED.
 MIGRAD WILL VERIFY CONVERGENCE AND ERROR MATRIX.
   START COVARIANCE MATRIX CALCULATION.
 EIGENVALUES OF SECOND-DERIVATIVE MATRIX:
         4.6264e-04  2.7801e-01  9.5383e-01  2.7677e+00
 COVARIANCE MATRIX CALCULATED SUCCESSFULLY
 FCN=52.27 FROM HESSE     STATUS=OK             27 CALLS         110 TOTAL
                     EDM=6.37323e-05    STRATEGY= 1      ERROR MATRIX ACCURATE 
  EXT PARAMETER                                   STEP         FIRST   
  NO.   NAME      VALUE            ERROR          SIZE      DERIVATIVE 
   1  p0           5.60510e+05   1.69176e+02   2.67272e-01  -2.17336e-04
   2  p1           5.64499e-01   5.40199e-05   2.69174e-07  -4.71063e+02
   3  p2          -9.58555e-05   8.37287e-05   2.77748e-07   3.99984e+01
   4  p3           9.99801e-04   9.36493e-08   4.76742e-10  -2.26200e+04
                               ERR DEF= 0.5
 PARAMETER  CORRELATION COEFFICIENTS  
       NO.  GLOBAL      1      2      3      4
        1  0.99954   1.000 -0.999  0.374  0.480
        2  0.99954  -0.999  1.000 -0.356 -0.476
        3  0.80274   0.374 -0.356  1.000  0.680
        4  0.75774   0.480 -0.476  0.680  1.000
 FCN=52.27 FROM MIGRAD    STATUS=PROGRESS      119 CALLS         120 TOTAL
                     EDM=4.99004e+06    STRATEGY= 1      ERROR MATRIX ACCURATE 
  EXT PARAMETER                                   STEP         FIRST   
  NO.   NAME      VALUE            ERROR          SIZE      DERIVATIVE 
   1  p0           5.60510e+05   1.69176e+02   9.39115e-02  -2.12210e-04
   2  p1           5.64498e-01   5.40199e-05  -3.00125e-08  -5.84815e+07
   3  p2          -9.58439e-05   8.37287e-05   1.16575e-08   2.31415e+01
   4  p3           9.99801e-04   9.36493e-08   2.50657e-11  -1.60358e+04
                               ERR DEF= 0.5
 MIGRAD FAILS TO FIND IMPROVEMENT
 MIGRAD TERMINATED WITHOUT CONVERGENCE.
 FCN=52.27 FROM MIGRAD    STATUS=FAILED        141 CALLS         142 TOTAL
                     EDM=468.328    STRATEGY= 1  ERROR MATRIX UNCERTAINTY 100.0 per cent
  EXT PARAMETER                APPROXIMATE        STEP         FIRST   
  NO.   NAME      VALUE            ERROR          SIZE      DERIVATIVE 
   1  p0           5.60510e+05   1.03504e+01  -0.00000e+00  -1.59793e-04
   2  p1           5.64498e-01   2.61161e-06   0.00000e+00  -5.84803e+07
   3  p2          -9.58714e-05   7.77283e-05  -0.00000e+00   1.38062e+01
   4  p3           9.99801e-04   8.23183e-08   0.00000e+00  -1.17033e+04
                               ERR DEF= 0.5
 EXTERNAL ERROR MATRIX.    NDIM=  25    NPAR=  4    ERR DEF=0.5
  1.071e+02 -2.136e-05  2.627e-04  5.655e-08 
 -2.136e-05  6.821e-12 -1.691e-12  1.824e-17 
  2.627e-04 -1.691e-12  6.042e-09  3.989e-12 
  5.655e-08  1.824e-17  3.989e-12  6.776e-15 
ERR MATRIX APPROXIMATE
 PARAMETER  CORRELATION COEFFICIENTS  
       NO.  GLOBAL      1      2      3      4
        1  0.86934   1.000 -0.790  0.327  0.066
        2  0.84669  -0.790  1.000 -0.008  0.000
        3  0.77310   0.327 -0.008  1.000  0.623
        4  0.67334   0.066  0.000  0.623  1.000
 ERR MATRIX APPROXIMATE
 FCN=52.27 FROM MIGRAD    STATUS=FAILED        141 CALLS         142 TOTAL
                     EDM=468.328    STRATEGY= 1  ERROR MATRIX UNCERTAINTY 100.0 per cent
  EXT PARAMETER                  PARABOLIC         MINOS ERRORS        
  NO.   NAME      VALUE            ERROR      NEGATIVE      POSITIVE   
   1  p0           5.60510e+05   1.03504e+01                            
   2  p1           5.64498e-01   2.61161e-06                            
   3  p2          -9.58714e-05   7.77283e-05                            
   4  p3           9.99801e-04   8.23183e-08                            
                               ERR DEF= 0.5
 **********
 **   49 **SET PRINT           2
 **********
 **********
 **   50 **SET NOGRAD
 **********
 PARAMETER DEFINITIONS:
    NO.   NAME         VALUE      STEP SIZE      LIMITS
     1 p0           5.60510e+05  1.03504e+01     no limits
     2 p1           5.64498e-01  2.61161e-06     no limits
     3 p2          -9.58714e-05  7.77283e-05     no limits
     4 p3           9.99801e-04  8.23183e-08     no limits
 **********
 **   51 **SET ERR         0.5
 **********
 **********
 **   52 **SET PRINT           2
 **********
 **********
 **   53 **SET STR           1
 **********
 NOW USING STRATEGY  1: TRY TO BALANCE SPEED AGAINST RELIABILITY
 **********
 **   54 **MIGRAD        1480        0.01
 **********
 FIRST CALL TO USER FUNCTION AT NEW START POINT, WITH IFLAG=4.
 START MIGRAD MINIMIZATION.  STRATEGY  1.  CONVERGENCE WHEN EDM .LT. 1.00e-05
 FCN=52.27 FROM MIGRAD    STATUS=INITIATE       12 CALLS          13 TOTAL
                     EDM= unknown      STRATEGY= 1      NO ERROR MATRIX       
  EXT PARAMETER               CURRENT GUESS       STEP         FIRST   
  NO.   NAME      VALUE            ERROR          SIZE      DERIVATIVE 
   1  p0           5.60510e+05   1.03504e+01   1.03504e+01  -1.59793e-04
   2  p1           5.64498e-01   2.61161e-06   2.61161e-06  -5.84803e+07
   3  p2          -9.58714e-05   7.77283e-05   7.77283e-05   1.82697e+01
   4  p3           9.99801e-04   8.23183e-08   8.23183e-08  -1.17033e+04
                               ERR DEF= 0.5
NO ERROR MATRIX       
 MIGRAD FAILS TO FIND IMPROVEMENT
   START COVARIANCE MATRIX CALCULATION.
 EIGENVALUES OF SECOND-DERIVATIVE MATRIX:
         3.4408e-01  6.6944e-01  9.9953e-01  1.9870e+00
 COVARIANCE MATRIX CALCULATED SUCCESSFULLY
 FCN=52.27 FROM HESSE     STATUS=OK             31 CALLS          55 TOTAL
                     EDM=3.58152e-06    STRATEGY= 1      ERROR MATRIX ACCURATE 
  EXT PARAMETER                                   STEP         FIRST   
  NO.   NAME      VALUE            ERROR          SIZE      DERIVATIVE 
   1  p0           5.60510e+05   6.28959e+00   2.67272e-01  -1.38951e-04
   2  p1           5.64498e-01   4.79731e-08   2.69174e-07  -2.32784e+02
   3  p2          -9.58714e-05   7.03848e-05   2.70241e-07   4.85989e+01
   4  p3           9.99801e-04   7.36585e-08   4.76742e-10  -1.36537e+04
                               ERR DEF= 0.5
 PARAMETER  CORRELATION COEFFICIENTS  
       NO.  GLOBAL      1      2      3      4
        1  0.57726   1.000 -0.024  0.501 -0.011
        2  0.02910  -0.024  1.000  0.000 -0.000
        3  0.69722   0.501  0.000  1.000  0.479
        4  0.56018  -0.011 -0.000  0.479  1.000
 FCN=52.27 FROM MIGRAD    STATUS=PROGRESS       66 CALLS          67 TOTAL
                     EDM=3.93509    STRATEGY= 1      ERROR MATRIX ACCURATE 
  EXT PARAMETER                                   STEP         FIRST   
  NO.   NAME      VALUE            ERROR          SIZE      DERIVATIVE 
   1  p0           5.60510e+05   6.28959e+00  -2.37874e-03  -8.71550e-05
   2  p1           5.64498e-01   4.79731e-08  -2.16065e-13  -5.84786e+07
   3  p2          -9.59496e-05   7.03848e-05  -7.82391e-08  -3.61288e+00
   4  p3           9.99801e-04   7.36585e-08  -2.10630e-11  -1.21493e+04
                               ERR DEF= 0.5
 MIGRAD FAILS TO FIND IMPROVEMENT
 MIGRAD TERMINATED WITHOUT CONVERGENCE.
 FCN=52.27 FROM MIGRAD    STATUS=FAILED        107 CALLS         108 TOTAL
                     EDM=1.24842e-05    STRATEGY= 1  ERROR MATRIX UNCERTAINTY   7.3 per cent
  EXT PARAMETER                APPROXIMATE        STEP         FIRST   
  NO.   NAME      VALUE            ERROR          SIZE      DERIVATIVE 
   1  p0           5.60510e+05   5.16356e+00  -0.00000e+00  -7.94900e-05
   2  p1           5.64498e-01   1.98889e-10   0.00000e+00  -5.84792e+07
   3  p2          -9.59654e-05   5.85944e-05  -0.00000e+00  -7.79738e+00
   4  p3           9.99801e-04   3.81220e-08  -0.00000e+00  -1.31762e+04
                               ERR DEF= 0.5
 EXTERNAL ERROR MATRIX.    NDIM=  25    NPAR=  4    ERR DEF=0.5
  2.666e+01 -1.886e-10  8.290e-05  9.484e-08 
 -1.886e-10  3.956e-20 -1.087e-14 -6.578e-18 
  8.290e-05 -1.087e-14  3.433e-09  2.155e-12 
  9.484e-08 -6.578e-18  2.155e-12  1.453e-15 
ERR MATRIX APPROXIMATE
 PARAMETER  CORRELATION COEFFICIENTS  
       NO.  GLOBAL      1      2      3      4
        1  0.87344   1.000 -0.184  0.274  0.482
        2  0.94194  -0.184  1.000 -0.932 -0.868
        3  0.99290   0.274 -0.932  1.000  0.965
        4  0.99171   0.482 -0.868  0.965  1.000
 ERR MATRIX APPROXIMATE
 FCN=52.27 FROM MIGRAD    STATUS=FAILED        107 CALLS         108 TOTAL
                     EDM=1.24842e-05    STRATEGY= 1  ERROR MATRIX UNCERTAINTY   7.3 per cent
  EXT PARAMETER                  PARABOLIC         MINOS ERRORS        
  NO.   NAME      VALUE            ERROR      NEGATIVE      POSITIVE   
   1  p0           5.60510e+05   5.16356e+00                            
   2  p1           5.64498e-01   1.98889e-10                            
   3  p2          -9.59654e-05   5.85944e-05                            
   4  p3           9.99801e-04   3.81220e-08                            
                               ERR DEF= 0.5
------------------------------------------
Enering ROOFIt-------
 PARAMETER DEFINITIONS:
    NO.   NAME         VALUE      STEP SIZE      LIMITS
     1 norm         5.60510e+05  1.00000e-01     no limits
     2 Q            5.65000e-01  1.00000e-01     no limits
     3 theta        0.00000e+00  1.00000e-01     no limits
     4 pileup       9.99801e-04  1.00000e-01     no limits
 **********
 **    1 **MIGRAD
 **********
 FIRST CALL TO USER FUNCTION AT NEW START POINT, WITH IFLAG=4.
 START MIGRAD MINIMIZATION.  STRATEGY  1.  CONVERGENCE WHEN EDM .LT. 1.00e-04
 FCN=-2.3786e+11 FROM MIGRAD    STATUS=INITIATE       16 CALLS          17 TOTAL
                     EDM= unknown      STRATEGY= 1      NO ERROR MATRIX       
  EXT PARAMETER               CURRENT GUESS       STEP         FIRST   
  NO.   NAME      VALUE            ERROR          SIZE      DERIVATIVE 
   1  norm         5.60510e+05   1.00000e-01   1.00000e-01   5.91320e+01
   2  Q            5.65000e-01   1.00000e-01   1.00000e-01   9.14132e+08
   3  theta        0.00000e+00   1.00000e-01   1.00000e-01  -3.39384e+06
   4  pileup       9.99801e-04   1.00000e-01   1.00000e-01  -9.15968e+11
 MIGRAD FAILS TO FIND IMPROVEMENT
 EIGENVALUES OF SECOND-DERIVATIVE MATRIX:
        -4.4064e-04  3.8421e-01  9.1714e-01  2.6991e+00
 MINUIT WARNING IN HESSE   
 ============== MATRIX FORCED POS-DEF BY ADDING 0.003140 TO DIAGONAL.
 FCN=-2.3786e+11 FROM HESSE     STATUS=NOT POSDEF     27 CALLS          55 TOTAL
                     EDM=5.77016e+06    STRATEGY= 1      ERR MATRIX NOT POS-DEF
  EXT PARAMETER                APPROXIMATE        STEP         FIRST   
  NO.   NAME      VALUE            ERROR          SIZE      DERIVATIVE 
   1  norm         5.60510e+05   6.92644e+01   2.67272e+00   5.91320e+01
   2  Q            5.65000e-01   6.52326e-06   1.00000e-03   1.84389e+08
   3  theta        0.00000e+00   5.74305e-04   1.84995e-02  -3.40881e+06
   4  pileup       9.99801e-04   9.23153e-08   1.00000e-02   1.65575e+09
 MIGRAD FAILS TO FIND IMPROVEMENT
 MACHINE ACCURACY LIMITS FURTHER IMPROVEMENT.
 MIGRAD MINIMIZATION HAS CONVERGED.
 MIGRAD WILL VERIFY CONVERGENCE AND ERROR MATRIX.
 EIGENVALUES OF SECOND-DERIVATIVE MATRIX:
        -6.9975e-04  3.6632e-01  8.5029e-01  2.7841e+00
 MINUIT WARNING IN HESSE   
 ============== MATRIX FORCED POS-DEF BY ADDING 0.003484 TO DIAGONAL.
 MIGRAD TERMINATED WITHOUT CONVERGENCE.
 FCN=-2.3786e+11 FROM MIGRAD    STATUS=FAILED        342 CALLS         343 TOTAL
                     EDM=3.0803    STRATEGY= 1      ERR MATRIX NOT POS-DEF
  EXT PARAMETER                APPROXIMATE        STEP         FIRST   
  NO.   NAME      VALUE            ERROR          SIZE      DERIVATIVE 
   1  norm         5.58634e+05   9.60417e+01   1.72480e+03   5.76628e-03
   2  Q            5.65102e-01   3.16018e-05   8.68558e-05   2.66857e+04
   3  theta       -1.47800e-05   1.19635e-04   1.85906e-02  -1.42447e+04
   4  pileup       9.99886e-04   1.05033e-07   2.09867e-05   2.64830e+07
 EXTERNAL ERROR MATRIX.    NDIM=  25    NPAR=  4    ERR DEF=1
  9.224e+03 -3.021e-03 -3.968e-03 -1.456e-06 
 -3.021e-03  9.987e-10  1.494e-09  4.769e-13 
 -3.968e-03  1.494e-09  1.431e-08  5.719e-12 
 -1.456e-06  4.769e-13  5.719e-12  1.103e-14 
ERR MATRIX NOT POS-DEF
 PARAMETER  CORRELATION COEFFICIENTS  
       NO.  GLOBAL      1      2      3      4
        1  0.99716   1.000 -0.995 -0.345 -0.144
        2  0.99729  -0.995  1.000  0.395  0.144
        3  0.75874  -0.345  0.395  1.000  0.455
        4  0.54630  -0.144  0.144  0.455  1.000
 ERR MATRIX NOT POS-DEF
 **********
 **    2 **MIGRAD 
 **********
 START MIGRAD MINIMIZATION.  STRATEGY  1.  CONVERGENCE WHEN EDM .LT. 1.00e-04
 FCN=-2.3786e+11 FROM MIGRAD    STATUS=INITIATE        8 CALLS         351 TOTAL
                     EDM=1.3691    STRATEGY= 1      ERR MATRIX NOT POS-DEF
  EXT PARAMETER                APPROXIMATE        STEP         FIRST   
  NO.   NAME      VALUE            ERROR          SIZE      DERIVATIVE 
   1  norm         5.58634e+05   9.60417e+01   1.72480e+03  -4.47389e-03
   2  Q            5.65102e-01   3.16018e-05   8.68558e-05   2.69703e+04
   3  theta       -1.47800e-05   1.19635e-04   1.85906e-02  -1.17827e+04
   4  pileup       9.99886e-04   1.05033e-07   2.09867e-05   2.19727e+07
 MINUIT WARNING IN MIGRAD  
 ============== Negative diagonal element 2 in Error Matrix
 MINUIT WARNING IN MIGRAD  
 ============== 1 added to diagonal of error matrix
 MIGRAD FAILS TO FIND IMPROVEMENT
 EIGENVALUES OF SECOND-DERIVATIVE MATRIX:
        -5.2428e-01  3.3326e-01  7.1897e-01  3.4720e+00
 MINUIT WARNING IN HESSE   
 ============== MATRIX FORCED POS-DEF BY ADDING 0.527751 TO DIAGONAL.
 FCN=-2.3786e+11 FROM HESSE     STATUS=NOT POSDEF     31 CALLS         408 TOTAL
                     EDM=1.118    STRATEGY= 1      ERR MATRIX NOT POS-DEF
  EXT PARAMETER                APPROXIMATE        STEP         FIRST   
  NO.   NAME      VALUE            ERROR          SIZE      DERIVATIVE 
   1  norm         5.58701e+05   5.55075e+01   1.72480e+03   2.33928e-03
   2  Q            5.65081e-01   4.84740e-06   5.55054e-04   1.36677e+04
   3  theta       -2.41887e-05   5.68856e-04   1.85909e-02  -3.80627e+03
   4  pileup       9.99764e-04   1.78889e-07   2.09880e-05  -7.16266e+05
 MIGRAD FAILS TO FIND IMPROVEMENT
 MACHINE ACCURACY LIMITS FURTHER IMPROVEMENT.
 MIGRAD MINIMIZATION HAS CONVERGED.
 MIGRAD WILL VERIFY CONVERGENCE AND ERROR MATRIX.
 EIGENVALUES OF SECOND-DERIVATIVE MATRIX:
        -7.0571e-04  3.6638e-01  8.5026e-01  2.7841e+00
 MINUIT WARNING IN HESSE   
 ============== MATRIX FORCED POS-DEF BY ADDING 0.003490 TO DIAGONAL.
 MIGRAD TERMINATED WITHOUT CONVERGENCE.
 FCN=-2.3786e+11 FROM MIGRAD    STATUS=FAILED        149 CALLS         492 TOTAL
                     EDM=0.0328985    STRATEGY= 1      ERR MATRIX NOT POS-DEF
  EXT PARAMETER                APPROXIMATE        STEP         FIRST   
  NO.   NAME      VALUE            ERROR          SIZE      DERIVATIVE 
   1  norm         5.58701e+05   9.60461e+01   1.72500e+03  -2.12904e-02
   2  Q            5.65081e-01   3.16022e-05   8.74644e-05  -6.01973e+04
   3  theta       -6.25839e-06   1.19636e-04   1.85756e-02  -6.54483e+01
   4  pileup       9.99778e-04   1.05031e-07   2.09850e-05  -1.10635e+06
 EXTERNAL ERROR MATRIX.    NDIM=  25    NPAR=  4    ERR DEF=1
  9.225e+03 -3.021e-03 -3.991e-03 -1.466e-06 
 -3.021e-03  9.987e-10  1.501e-09  4.801e-13 
 -3.991e-03  1.501e-09  1.431e-08  5.720e-12 
 -1.466e-06  4.801e-13  5.720e-12  1.103e-14 
ERR MATRIX NOT POS-DEF
 PARAMETER  CORRELATION COEFFICIENTS  
       NO.  GLOBAL      1      2      3      4
        1  0.99716   1.000 -0.995 -0.347 -0.145
        2  0.99729  -0.995  1.000  0.397  0.145
        3  0.75919  -0.347  0.397  1.000  0.455
        4  0.54638  -0.145  0.145  0.455  1.000
 ERR MATRIX NOT POS-DEF
status of the fit-----000------4
1  558701
2  0.565081
3  -6.25839e-06
4  0.000999778
 PARAMETER DEFINITIONS:
    NO.   NAME         VALUE      STEP SIZE      LIMITS
     1 norm         5.58701e+05  1.00000e-01     no limits
     2 Q            5.65081e-01  1.00000e-01     no limits
     3 theta       -6.25839e-06  1.00000e-01     no limits
     4 pileup       9.99778e-04  1.00000e-01     no limits
 **********
 **    3 **MIGRAD
 **********
 FIRST CALL TO USER FUNCTION AT NEW START POINT, WITH IFLAG=4.
 START MIGRAD MINIMIZATION.  STRATEGY  1.  CONVERGENCE WHEN EDM .LT. 1.00e-04
 FCN=-2.3786e+11 FROM MIGRAD    STATUS=INITIATE       16 CALLS         509 TOTAL
                     EDM= unknown      STRATEGY= 1      NO ERROR MATRIX       
  EXT PARAMETER               CURRENT GUESS       STEP         FIRST   
  NO.   NAME      VALUE            ERROR          SIZE      DERIVATIVE 
   1  norm         5.58701e+05   1.00000e-01   1.00000e-01  -2.11806e-02
   2  Q            5.65081e-01   1.00000e-01   1.00000e-01   6.97225e+06
   3  theta       -6.25839e-06   1.00000e-01   1.00000e-01   1.54482e+04
   4  pileup       9.99778e-04   1.00000e-01   1.00000e-01  -9.18054e+11
 MIGRAD FAILS TO FIND IMPROVEMENT
 COVARIANCE MATRIX CALCULATED SUCCESSFULLY
 FCN=-2.3786e+11 FROM HESSE     STATUS=OK             29 CALLS         549 TOTAL
                     EDM=11.5997    STRATEGY= 1      ERROR MATRIX ACCURATE 
  EXT PARAMETER                                   STEP         FIRST   
  NO.   NAME      VALUE            ERROR          SIZE      DERIVATIVE 
   1  norm         5.58701e+05   4.57352e+02   2.66409e+00  -2.11920e-02
   2  Q            5.65081e-01   4.36773e-05   1.00000e-03  -6.02152e+04
   3  theta       -6.25839e-06   3.82386e-03   1.85663e-02  -6.53372e+01
   4  pileup       9.99778e-04   9.24949e-08   1.00000e-02  -5.60039e+05
 MINUIT WARNING IN MIGRAD  
 ============== Negative diagonal element 2 in Error Matrix
 MINUIT WARNING IN MIGRAD  
 ============== 1 added to diagonal of error matrix
 MIGRAD FAILS TO FIND IMPROVEMENT
 MIGRAD TERMINATED WITHOUT CONVERGENCE.
 FCN=-2.3786e+11 FROM MIGRAD    STATUS=FAILED        100 CALLS         593 TOTAL
                     EDM=6.7327e+09    STRATEGY= 1  ERROR MATRIX UNCERTAINTY 100.0 per cent
  EXT PARAMETER                APPROXIMATE        STEP         FIRST   
  NO.   NAME      VALUE            ERROR          SIZE      DERIVATIVE 
   1  norm         5.58701e+05   9.17061e+00   0.00000e+00  -8.72911e-03
   2  Q            5.65081e-01   1.00000e+00  -0.00000e+00   4.01261e+09
   3  theta       -8.57990e-06   1.00000e+00  -0.00000e+00   1.42764e+04
   4  pileup       9.99778e-04   1.00000e+00   0.00000e+00  -2.78849e+07
 EXTERNAL ERROR MATRIX.    NDIM=  25    NPAR=  4    ERR DEF=1
  8.410e+01 -1.821e-09  5.567e-04  5.849e-08 
 -1.821e-09  1.000e+00 -3.250e-14 -2.359e-18 
  5.567e-04 -3.250e-14  1.000e+00  7.194e-13 
  5.849e-08 -2.359e-18  7.194e-13  1.000e+00 
ERR MATRIX APPROXIMATE
 PARAMETER  CORRELATION COEFFICIENTS  
       NO.  GLOBAL      1      2      3      4
        1  0.00006   1.000 -0.000  0.000  0.000
        2  0.00000  -0.000  1.000 -0.000 -0.000
        3  0.00006   0.000 -0.000  1.000  0.000
        4  0.00000   0.000 -0.000  0.000  1.000
 ERR MATRIX APPROXIMATE
 **********
 **    4 **MIGRAD 
 **********
 START MIGRAD MINIMIZATION.  STRATEGY  1.  CONVERGENCE WHEN EDM .LT. 1.00e-04
 FCN=-2.3786e+11 FROM MIGRAD    STATUS=INITIATE       12 CALLS         605 TOTAL
                     EDM=1.9435e+17    STRATEGY= 1  ERROR MATRIX UNCERTAINTY 100.0 per cent
  EXT PARAMETER                APPROXIMATE        STEP         FIRST   
  NO.   NAME      VALUE            ERROR          SIZE      DERIVATIVE 
   1  norm         5.58701e+05   9.17061e+00   0.00000e+00  -1.48377e-02
   2  Q            5.65081e-01   1.00000e+00  -0.00000e+00  -2.11530e+04
   3  theta       -8.57990e-06   1.00000e+00  -0.00000e+00   1.42759e+04
   4  pileup       9.99778e-04   1.00000e+00   0.00000e+00  -2.78851e+07
 MIGRAD FAILS TO FIND IMPROVEMENT
 EIGENVALUES OF SECOND-DERIVATIVE MATRIX:
        -6.2673e-04  3.6657e-01  8.4987e-01  2.7842e+00
 MINUIT WARNING IN HESSE   
 ============== MATRIX FORCED POS-DEF BY ADDING 0.003411 TO DIAGONAL.
 FCN=-2.3786e+11 FROM HESSE     STATUS=NOT POSDEF     29 CALLS         645 TOTAL
                     EDM=0.011341    STRATEGY= 1      ERR MATRIX NOT POS-DEF
  EXT PARAMETER                APPROXIMATE        STEP         FIRST   
  NO.   NAME      VALUE            ERROR          SIZE      DERIVATIVE 
   1  norm         5.58701e+05   9.60367e+01   5.32819e+02  -8.68085e-03
   2  Q            5.65081e-01   3.16025e-05   8.74626e-05  -2.12205e+04
   3  theta       -8.57990e-06   1.19905e-04   1.85756e-02  -1.25338e+03
   4  pileup       9.99778e-04   1.05212e-07   2.09849e-05   5.51965e+05
 MINUIT WARNING IN MIGRAD  
 ============== Negative diagonal element 2 in Error Matrix
 MINUIT WARNING IN MIGRAD  
 ============== 1 added to diagonal of error matrix
 MIGRAD FAILS TO FIND IMPROVEMENT
 MIGRAD TERMINATED WITHOUT CONVERGENCE.
 FCN=-2.3786e+11 FROM MIGRAD    STATUS=FAILED         89 CALLS         682 TOTAL
                     EDM=5.77446e+09    STRATEGY= 1      ERR MATRIX NOT POS-DEF
  EXT PARAMETER                APPROXIMATE        STEP         FIRST   
  NO.   NAME      VALUE            ERROR          SIZE      DERIVATIVE 
   1  norm         5.58723e+05   9.04469e+00  -0.00000e+00  -5.82736e-02
   2  Q            5.65074e-01   1.00000e+00  -0.00000e+00   3.95032e+09
   3  theta       -1.99111e-06   1.00000e+00  -0.00000e+00   1.44032e+04
   4  pileup       9.99784e-04   1.00000e+00   0.00000e+00  -2.67387e+07
 EXTERNAL ERROR MATRIX.    NDIM=  25    NPAR=  4    ERR DEF=1
  8.181e+01  6.499e-09  6.448e-04  4.045e-07 
  6.499e-09  1.000e+00  1.498e-14  2.535e-17 
  6.448e-04  1.498e-14  1.000e+00  8.891e-12 
  4.045e-07  2.535e-17  8.891e-12  1.000e+00 
ERR MATRIX NOT POS-DEF
 PARAMETER  CORRELATION COEFFICIENTS  
       NO.  GLOBAL      1      2      3      4
        1  0.00007   1.000  0.000  0.000  0.000
        2  0.00000   0.000  1.000  0.000  0.000
        3  0.00007   0.000  0.000  1.000  0.000
        4  0.00000   0.000  0.000  0.000  1.000
 ERR MATRIX NOT POS-DEF
status of the fit-----000------4
1  558723
2  0.565074
3  -1.99111e-06
4  0.000999784
 PARAMETER DEFINITIONS:
    NO.   NAME         VALUE      STEP SIZE      LIMITS
     1 norm         5.58723e+05  1.00000e-01     no limits
     2 Q            5.65074e-01  1.00000e-01     no limits
     3 theta       -1.99111e-06  1.00000e-01     no limits
     4 pileup       9.99784e-04  1.00000e-01     no limits
 **********
 **    5 **MIGRAD
 **********
 FIRST CALL TO USER FUNCTION AT NEW START POINT, WITH IFLAG=4.
 START MIGRAD MINIMIZATION.  STRATEGY  1.  CONVERGENCE WHEN EDM .LT. 1.00e-04
 FCN=-2.3786e+11 FROM MIGRAD    STATUS=INITIATE       16 CALLS         699 TOTAL
                     EDM= unknown      STRATEGY= 1      NO ERROR MATRIX       
  EXT PARAMETER               CURRENT GUESS       STEP         FIRST   
  NO.   NAME      VALUE            ERROR          SIZE      DERIVATIVE 
   1  norm         5.58723e+05   1.00000e-01   1.00000e-01   6.36881e-03
   2  Q            5.65074e-01   1.00000e-01   1.00000e-01   7.35281e+06
   3  theta       -1.99111e-06   1.00000e-01   1.00000e-01   1.43835e+04
   4  pileup       9.99784e-04   1.00000e-01   1.00000e-01  -9.18053e+11
 MIGRAD FAILS TO FIND IMPROVEMENT
 COVARIANCE MATRIX CALCULATED SUCCESSFULLY
 FCN=-2.3786e+11 FROM HESSE     STATUS=OK             29 CALLS         739 TOTAL
                     EDM=3.36192    STRATEGY= 1      ERROR MATRIX ACCURATE 
  EXT PARAMETER                                   STEP         FIRST   
  NO.   NAME      VALUE            ERROR          SIZE      DERIVATIVE 
   1  norm         5.58723e+05   2.72823e+02   2.66420e+00   6.35735e-03
   2  Q            5.65074e-01   2.60627e-05   1.00000e-03   2.50598e+04
   3  theta       -1.99111e-06   2.28379e-03   1.85615e-02  -1.13365e+03
   4  pileup       9.99784e-04   9.24561e-08   1.00000e-02   1.15413e+06
 MIGRAD FAILS TO FIND IMPROVEMENT
 MACHINE ACCURACY LIMITS FURTHER IMPROVEMENT.
 MIGRAD MINIMIZATION HAS CONVERGED.
 MIGRAD WILL VERIFY CONVERGENCE AND ERROR MATRIX.
 EIGENVALUES OF SECOND-DERIVATIVE MATRIX:
        -5.1993e-01  3.3392e-01  7.1694e-01  3.4691e+00
 MINUIT WARNING IN HESSE   
 ============== MATRIX FORCED POS-DEF BY ADDING 0.523400 TO DIAGONAL.
 MIGRAD TERMINATED WITHOUT CONVERGENCE.
 FCN=-2.3786e+11 FROM MIGRAD    STATUS=FAILED        179 CALLS         862 TOTAL
                     EDM=0.0211358    STRATEGY= 1      ERR MATRIX NOT POS-DEF
  EXT PARAMETER                APPROXIMATE        STEP         FIRST   
  NO.   NAME      VALUE            ERROR          SIZE      DERIVATIVE 
   1  norm         5.58723e+05   5.46545e+01   1.72507e+03  -3.30770e-03
   2  Q            5.65074e-01   4.88882e-06   5.55038e-04  -4.76840e+03
   3  theta       -2.19047e-07   5.77761e-04   1.85708e-02  -2.25483e+02
   4  pileup       9.99784e-04   1.79964e-07   2.09850e-05   1.27040e+06
 EXTERNAL ERROR MATRIX.    NDIM=  25    NPAR=  4    ERR DEF=1
  2.987e+03 -2.653e-04 -3.094e-02  8.793e-06 
 -2.653e-04  2.390e-11  2.802e-09 -7.962e-13 
 -3.094e-02  2.802e-09  3.338e-07 -9.174e-11 
  8.793e-06 -7.962e-13 -9.174e-11  3.239e-14 
ERR MATRIX NOT POS-DEF
 PARAMETER  CORRELATION COEFFICIENTS  
       NO.  GLOBAL      1      2      3      4
        1  0.99422   1.000 -0.993 -0.980  0.894
        2  0.99812  -0.993  1.000  0.992 -0.905
        3  0.99400  -0.980  0.992  1.000 -0.882
        4  0.91794   0.894 -0.905 -0.882  1.000
 ERR MATRIX NOT POS-DEF
 **********
 **    6 **MIGRAD 
 **********
 START MIGRAD MINIMIZATION.  STRATEGY  1.  CONVERGENCE WHEN EDM .LT. 1.00e-04
 FCN=-2.3786e+11 FROM MIGRAD    STATUS=INITIATE        8 CALLS         870 TOTAL
                     EDM=1.60612    STRATEGY= 1      ERR MATRIX NOT POS-DEF
  EXT PARAMETER                APPROXIMATE        STEP         FIRST   
  NO.   NAME      VALUE            ERROR          SIZE      DERIVATIVE 
   1  norm         5.58723e+05   5.46545e+01   1.72507e+03  -1.35492e-02
   2  Q            5.65074e-01   4.88882e-06   5.55038e-04  -4.69797e+03
   3  theta       -2.19047e-07   5.77761e-04   1.85708e-02   2.23848e+03
   4  pileup       9.99784e-04   1.79964e-07   2.09850e-05  -3.24025e+06
 MIGRAD FAILS TO FIND IMPROVEMENT
 MACHINE ACCURACY LIMITS FURTHER IMPROVEMENT.
 MIGRAD MINIMIZATION HAS CONVERGED.
 MIGRAD WILL VERIFY CONVERGENCE AND ERROR MATRIX.
 EIGENVALUES OF SECOND-DERIVATIVE MATRIX:
        -2.5202e-04  3.7119e-01  8.5130e-01  2.7778e+00
 MINUIT WARNING IN HESSE   
 ============== MATRIX FORCED POS-DEF BY ADDING 0.003030 TO DIAGONAL.
 FCN=-2.3786e+11 FROM HESSE     STATUS=NOT POSDEF     29 CALLS         910 TOTAL
                     EDM=0.0110549    STRATEGY= 1      ERR MATRIX NOT POS-DEF
  EXT PARAMETER                APPROXIMATE        STEP         FIRST   
  NO.   NAME      VALUE            ERROR          SIZE      DERIVATIVE 
   1  norm         5.58723e+05   9.68268e+01   6.90029e+02  -3.22356e-03
   2  Q            5.65074e-01   3.14508e-05   8.81333e-05  -4.77328e+03
   3  theta       -2.19047e-07   1.11864e-04   7.42831e-03  -2.46446e+02
   4  pileup       9.99784e-04   1.04067e-07   8.39401e-06   1.30860e+06
 MINUIT WARNING IN MIGRAD  
 ============== Negative diagonal element 2 in Error Matrix
 MINUIT WARNING IN MIGRAD  
 ============== 1 added to diagonal of error matrix
 MIGRAD FAILS TO FIND IMPROVEMENT
 MIGRAD TERMINATED WITHOUT CONVERGENCE.
 FCN=-2.3786e+11 FROM MIGRAD    STATUS=FAILED         86 CALLS         948 TOTAL
                     EDM=1.91257e+10    STRATEGY= 1      ERR MATRIX NOT POS-DEF
  EXT PARAMETER                APPROXIMATE        STEP         FIRST   
  NO.   NAME      VALUE            ERROR          SIZE      DERIVATIVE 
   1  norm         5.58744e+05   9.16519e+00  -0.00000e+00  -6.18123e-02
   2  Q            5.65068e-01   1.00000e+00  -0.00000e+00   3.83354e+09
   3  theta       -7.01027e-06   1.00000e+00  -0.00000e+00   1.54806e+04
   4  pileup       9.99766e-04   1.00000e+00   0.00000e+00  -3.04922e+07
 EXTERNAL ERROR MATRIX.    NDIM=  25    NPAR=  4    ERR DEF=1
  8.400e+01  9.483e-10  5.994e-04  1.268e-07 
  9.483e-10  1.000e+00 -1.875e-14  2.605e-18 
  5.994e-04 -1.875e-14  1.000e+00  2.283e-12 
  1.268e-07  2.605e-18  2.283e-12  1.000e+00 
ERR MATRIX NOT POS-DEF
 PARAMETER  CORRELATION COEFFICIENTS  
       NO.  GLOBAL      1      2      3      4
        1  0.00007   1.000  0.000  0.000  0.000
        2  0.00000   0.000  1.000 -0.000  0.000
        3  0.00007   0.000 -0.000  1.000  0.000
        4  0.00000   0.000  0.000  0.000  1.000
 ERR MATRIX NOT POS-DEF
status of the fit-----000------4
1  558744
2  0.565068
3  -7.01027e-06
4  0.000999766
