  *******************************************
  *                                         *
  *        W E L C O M E  to  R O O T       *
  *                                         *
  *   Version   5.34/36      5 April 2016   *
  *                                         *
  *  You are welcome to visit our Web site  *
  *          http://root.cern.ch            *
  *                                         *
  *******************************************

ROOT 5.34/36 (v5-34-36@v5-34-36, Apr 05 2016, 10:25:45 on linuxx8664gcc)

CINT/ROOT C/C++ Interpreter version 5.18.00, July 2, 2010
Type ? for help. Commands must be C++ statements.
Enclose multiple statements between { }.
Loading root init file.
The rat/rootinit.C file loaded the DEAP style for you, which is available from the fStyle pointer.
DEAP style applied. 
RAT: Libraries loaded.

Processing /home/fatemigh/projects/rpp-jillings/fatemigh/sterile/Likelihood/LikelihoodSterile_modified6.C+(41)...
pased here
566 lines read from file
31
spec_E  566
Before entering fitting
 **********
 **    1 **SET PRINT           2
 **********
 **********
 **    2 **SET NOGRAD
 **********
 PARAMETER DEFINITIONS:
    NO.   NAME         VALUE      STEP SIZE      LIMITS
     1 p0           5.58000e+05  1.67400e+05     no limits
     2 p1           5.65000e-01  1.69500e-01     no limits
     3 p2           0.00000e+00  3.00000e-01     no limits
     4 p3           9.99871e-04  2.99961e-04     no limits
 **********
 **    3 **SET ERR         0.5
 **********
 **********
 **    4 **SET PRINT           2
 **********
 **********
 **    5 **SET STR           1
 **********
 NOW USING STRATEGY  1: TRY TO BALANCE SPEED AGAINST RELIABILITY
 **********
 **    6 **MIGRAD        1480        0.01
 **********
 FIRST CALL TO USER FUNCTION AT NEW START POINT, WITH IFLAG=4.
 START MIGRAD MINIMIZATION.  STRATEGY  1.  CONVERGENCE WHEN EDM .LT. 1.00e-05
 FCN=17451.3 FROM MIGRAD    STATUS=INITIATE       18 CALLS          19 TOTAL
                     EDM= unknown      STRATEGY= 1      NO ERROR MATRIX       
  EXT PARAMETER               CURRENT GUESS       STEP         FIRST   
  NO.   NAME      VALUE            ERROR          SIZE      DERIVATIVE 
   1  p0           5.58000e+05   1.67400e+05   1.67400e+05  -3.64188e+01
   2  p1           5.65000e-01   1.69500e-01   1.69500e-01  -1.13052e+08
   3  p2           0.00000e+00   3.00000e-01   3.00000e-01   2.08870e+06
   4  p3           9.99871e-04   2.99961e-04   2.99961e-04  -9.92315e+08
                               ERR DEF= 0.5
NO ERROR MATRIX       
 FCN=1331.17 FROM MIGRAD    STATUS=PROGRESS       36 CALLS          37 TOTAL
                     EDM=4009.05    STRATEGY= 1      NO ERROR MATRIX       
  EXT PARAMETER               CURRENT GUESS       STEP         FIRST   
  NO.   NAME      VALUE            ERROR          SIZE      DERIVATIVE 
   1  p0           5.58356e+05   1.67400e+05   3.56245e+02  -2.52335e+00
   2  p1           5.65115e-01   1.69500e-01   1.14882e-04  -7.77521e+06
   3  p2          -2.36177e-03   3.00000e-01  -2.36177e-03  -4.74888e+05
   4  p3           1.00131e-03   2.99961e-04   1.43912e-06   5.05392e+08
                               ERR DEF= 0.5
 MIGRAD MINIMIZATION HAS CONVERGED.
 MIGRAD WILL VERIFY CONVERGENCE AND ERROR MATRIX.
   START COVARIANCE MATRIX CALCULATION.
 EIGENVALUES OF SECOND-DERIVATIVE MATRIX:
        -3.0362e-03  2.7872e-01  8.8358e-01  2.8407e+00
 MINUIT WARNING IN HESSE   
 ============== MATRIX FORCED POS-DEF BY ADDING 0.005877 TO DIAGONAL.
 FCN=73.8185 FROM MIGRAD    STATUS=CONVERGED      98 CALLS          99 TOTAL
                     EDM=8.50871e-06    STRATEGY= 1      ERR MATRIX NOT POS-DEF
  EXT PARAMETER                APPROXIMATE        STEP         FIRST   
  NO.   NAME      VALUE            ERROR          SIZE      DERIVATIVE 
   1  p0           5.58478e+05   6.69012e+01   2.66303e-01  -2.77600e-05
   2  p1           5.65154e-01   2.21698e-05   2.69486e-07   7.15389e+01
   3  p2          -2.60625e-05   1.07472e-04   3.36682e-07  -9.37792e+00
   4  p3           9.99740e-04   9.72733e-08   4.76713e-10  -2.70856e+03
                               ERR DEF= 0.5
 EXTERNAL ERROR MATRIX.    NDIM=  25    NPAR=  4    ERR DEF=0.5
  4.476e+03 -1.476e-03 -3.886e-03 -3.153e-06 
 -1.476e-03  4.915e-10  1.392e-09  1.059e-12 
 -3.886e-03  1.392e-09  1.155e-08  7.294e-12 
 -3.153e-06  1.059e-12  7.294e-12  9.462e-15 
ERR MATRIX NOT POS-DEF
 PARAMETER  CORRELATION COEFFICIENTS  
       NO.  GLOBAL      1      2      3      4
        1  0.99708   1.000 -0.995 -0.541 -0.484
        2  0.99725  -0.995  1.000  0.584  0.491
        3  0.85084  -0.541  0.584  1.000  0.698
        4  0.75076  -0.484  0.491  0.698  1.000
 ERR MATRIX NOT POS-DEF
 **********
 **    7 **HESSE        1480
 **********
   START COVARIANCE MATRIX CALCULATION.
 EIGENVALUES OF SECOND-DERIVATIVE MATRIX:
        -3.6790e-03  3.7369e-01  8.5134e-01  2.7787e+00
 MINUIT WARNING IN HESSE   
 ============== MATRIX FORCED POS-DEF BY ADDING 0.006458 TO DIAGONAL.
 FCN=73.8185 FROM HESSE     STATUS=NOT POSDEF     35 CALLS         134 TOTAL
                     EDM=1.39565e-05    STRATEGY= 1      ERR MATRIX NOT POS-DEF
  EXT PARAMETER                APPROXIMATE     INTERNAL      INTERNAL  
  NO.   NAME      VALUE            ERROR       STEP SIZE       VALUE   
   1  p0           5.58478e+05   6.87896e+01   1.33152e-01   5.58478e+05
   2  p1           5.65154e-01   2.21628e-05   1.34743e-07   5.65154e-01
   3  p2          -2.60625e-05   7.76919e-05   1.05368e-05  -2.60625e-05
   4  p3           9.99740e-04   7.32768e-08   1.18713e-08   9.99740e-04
                               ERR DEF= 0.5
 EXTERNAL ERROR MATRIX.    NDIM=  25    NPAR=  4    ERR DEF=0.5
  4.732e+03 -1.518e-03 -3.355e-05 -4.381e-08 
 -1.518e-03  4.912e-10  9.955e-11  1.117e-14 
 -3.355e-05  9.955e-11  6.036e-09  2.466e-12 
 -4.381e-08  1.117e-14  2.466e-12  5.369e-15 
ERR MATRIX NOT POS-DEF
 PARAMETER  CORRELATION COEFFICIENTS  
       NO.  GLOBAL      1      2      3      4
        1  0.99724   1.000 -0.996 -0.006 -0.009
        2  0.99725  -0.996  1.000  0.058  0.007
        3  0.70459  -0.006  0.058  1.000  0.433
        4  0.53036  -0.009  0.007  0.433  1.000
 ERR MATRIX NOT POS-DEF
 EXTERNAL ERROR MATRIX.    NDIM=   4    NPAR=  4    ERR DEF=0.5
  4.732e+03 -1.518e-03 -3.355e-05 -4.381e-08 
 -1.518e-03  4.912e-10  9.955e-11  1.117e-14 
 -3.355e-05  9.955e-11  6.036e-09  2.466e-12 
 -4.381e-08  1.117e-14  2.466e-12  5.369e-15 
 FCN=73.8185 FROM HESSE     STATUS=NOT POSDEF     35 CALLS         134 TOTAL
                     EDM=1.39565e-05    STRATEGY= 1      ERR MATRIX NOT POS-DEF
  EXT PARAMETER                  PARABOLIC         MINOS ERRORS        
  NO.   NAME      VALUE            ERROR      NEGATIVE      POSITIVE   
   1  p0           5.58478e+05   6.87896e+01                            
   2  p1           5.65154e-01   2.21628e-05                            
   3  p2          -2.60625e-05   7.76919e-05                            
   4  p3           9.99740e-04   7.32768e-08                            
                               ERR DEF= 0.5
------------------------------------------
Enering ROOFIt-------
 PARAMETER DEFINITIONS:
    NO.   NAME         VALUE      STEP SIZE      LIMITS
     1 norm         5.58478e+05  1.00000e-01     no limits
     2 Q            5.65000e-01  1.00000e-01     no limits
     3 theta        0.00000e+00  1.00000e-01     no limits
     4 pileup       9.99740e-04  1.00000e-01     no limits
 **********
 **    1 **MIGRAD
 **********
 FIRST CALL TO USER FUNCTION AT NEW START POINT, WITH IFLAG=4.
 START MIGRAD MINIMIZATION.  STRATEGY  1.  CONVERGENCE WHEN EDM .LT. 1.00e-04
 FCN=-2.37862e+11 FROM MIGRAD    STATUS=INITIATE       16 CALLS          17 TOTAL
                     EDM= unknown      STRATEGY= 1      NO ERROR MATRIX       
  EXT PARAMETER               CURRENT GUESS       STEP         FIRST   
  NO.   NAME      VALUE            ERROR          SIZE      DERIVATIVE 
   1  norm         5.58478e+05   1.00000e-01   1.00000e-01  -1.82947e+01
   2  Q            5.65000e-01   1.00000e-01   1.00000e-01  -2.73807e+08
   3  theta        0.00000e+00   1.00000e-01   1.00000e-01   1.07717e+06
   4  pileup       9.99740e-04   1.00000e-01   1.00000e-01  -9.18700e+11
 MIGRAD FAILS TO FIND IMPROVEMENT
 MACHINE ACCURACY LIMITS FURTHER IMPROVEMENT.
 MIGRAD MINIMIZATION HAS CONVERGED.
 FCN=-2.37862e+11 FROM MIGRAD    STATUS=CONVERGED     427 CALLS         428 TOTAL
                     EDM=0.174419    STRATEGY= 1  ERROR MATRIX UNCERTAINTY   2.5 per cent
  EXT PARAMETER                                   STEP         FIRST   
  NO.   NAME      VALUE            ERROR          SIZE      DERIVATIVE 
   1  norm         5.58952e+05   9.01252e+00  -0.00000e+00  -5.49356e-03
   2  Q            5.65001e-01   1.96685e-11   0.00000e+00   1.83767e+05
   3  theta       -4.15281e-05   1.07488e-04  -0.00000e+00   1.02908e+04
   4  pileup       9.99782e-04   2.74004e-08  -0.00000e+00  -1.80240e+07
 EXTERNAL ERROR MATRIX.    NDIM=  25    NPAR=  4    ERR DEF=1
  8.123e+01 -1.124e-11  5.856e-04  1.280e-07 
 -1.124e-11  3.868e-22 -2.126e-16 -5.172e-20 
  5.856e-04 -2.126e-16  1.155e-08  2.728e-12 
  1.280e-07 -5.172e-20  2.728e-12  7.508e-16 
 PARAMETER  CORRELATION COEFFICIENTS  
       NO.  GLOBAL      1      2      3      4
        1  0.61448   1.000 -0.063  0.604  0.518
        2  0.10094  -0.063  1.000 -0.101 -0.096
        3  0.93756   0.604 -0.101  1.000  0.926
        4  0.92761   0.518 -0.096  0.926  1.000
 **********
 **    2 **MIGRAD 
 **********
 START MIGRAD MINIMIZATION.  STRATEGY  1.  CONVERGENCE WHEN EDM .LT. 1.00e-04
 FCN=-2.37862e+11 FROM MIGRAD    STATUS=INITIATE       12 CALLS         440 TOTAL
                     EDM=0.112019    STRATEGY= 1  ERROR MATRIX UNCERTAINTY   2.5 per cent
  EXT PARAMETER                                   STEP         FIRST   
  NO.   NAME      VALUE            ERROR          SIZE      DERIVATIVE 
   1  norm         5.58952e+05   9.01252e+00  -0.00000e+00  -5.49414e-03
   2  Q            5.65001e-01   1.96685e-11   0.00000e+00   1.20141e+08
   3  theta       -4.15281e-05   1.07488e-04  -0.00000e+00   1.02902e+04
   4  pileup       9.99782e-04   2.74004e-08  -0.00000e+00  -1.80241e+07
 MIGRAD FAILS TO FIND IMPROVEMENT
 MACHINE ACCURACY LIMITS FURTHER IMPROVEMENT.
 MIGRAD MINIMIZATION HAS CONVERGED.
 FCN=-2.37862e+11 FROM MIGRAD    STATUS=CONVERGED      23 CALLS         451 TOTAL
                     EDM=0.112019    STRATEGY= 1  ERROR MATRIX UNCERTAINTY   2.5 per cent
  EXT PARAMETER                                   STEP         FIRST   
  NO.   NAME      VALUE            ERROR          SIZE      DERIVATIVE 
   1  norm         5.58952e+05   9.01252e+00  -0.00000e+00  -5.49414e-03
   2  Q            5.65001e-01   1.96685e-11   0.00000e+00   1.20141e+08
   3  theta       -4.15281e-05   1.07488e-04  -0.00000e+00   1.02902e+04
   4  pileup       9.99782e-04   2.74004e-08  -0.00000e+00  -1.80241e+07
 EXTERNAL ERROR MATRIX.    NDIM=  25    NPAR=  4    ERR DEF=1
  8.123e+01 -1.124e-11  5.856e-04  1.280e-07 
 -1.124e-11  3.868e-22 -2.126e-16 -5.172e-20 
  5.856e-04 -2.126e-16  1.155e-08  2.728e-12 
  1.280e-07 -5.172e-20  2.728e-12  7.508e-16 
 PARAMETER  CORRELATION COEFFICIENTS  
       NO.  GLOBAL      1      2      3      4
        1  0.61448   1.000 -0.063  0.604  0.518
        2  0.10094  -0.063  1.000 -0.101 -0.096
        3  0.93756   0.604 -0.101  1.000  0.926
        4  0.92761   0.518 -0.096  0.926  1.000
status of the fit-----000------0
1  558952
2  0.565001
3  -4.15281e-05
4  0.000999782
 **********
 **    8 **SET PRINT           2
 **********
 **********
 **    9 **SET NOGRAD
 **********
 PARAMETER DEFINITIONS:
    NO.   NAME         VALUE      STEP SIZE      LIMITS
     1 p0           5.58000e+05  1.67400e+05     no limits
     2 p1           5.65000e-01  1.69500e-01     no limits
     3 p2           0.00000e+00  3.00000e-01     no limits
     4 p3           9.99871e-04  2.99961e-04     no limits
 **********
 **   10 **SET ERR         0.5
 **********
 **********
 **   11 **SET PRINT           2
 **********
 **********
 **   12 **SET STR           1
 **********
 NOW USING STRATEGY  1: TRY TO BALANCE SPEED AGAINST RELIABILITY
 **********
 **   13 **MIGRAD        1480        0.01
 **********
 FIRST CALL TO USER FUNCTION AT NEW START POINT, WITH IFLAG=4.
 START MIGRAD MINIMIZATION.  STRATEGY  1.  CONVERGENCE WHEN EDM .LT. 1.00e-05
 FCN=17433.2 FROM MIGRAD    STATUS=INITIATE       18 CALLS          19 TOTAL
                     EDM= unknown      STRATEGY= 1      NO ERROR MATRIX       
  EXT PARAMETER               CURRENT GUESS       STEP         FIRST   
  NO.   NAME      VALUE            ERROR          SIZE      DERIVATIVE 
   1  p0           5.58000e+05   1.67400e+05   1.67400e+05  -3.63965e+01
   2  p1           5.65000e-01   1.69500e-01   1.69500e-01  -1.12986e+08
   3  p2           0.00000e+00   3.00000e-01   3.00000e-01   2.10959e+06
   4  p3           9.99871e-04   2.99961e-04   2.99961e-04  -1.03173e+09
                               ERR DEF= 0.5
NO ERROR MATRIX       
 FCN=1262.19 FROM MIGRAD    STATUS=PROGRESS       36 CALLS          37 TOTAL
                     EDM=3735.32    STRATEGY= 1      NO ERROR MATRIX       
  EXT PARAMETER               CURRENT GUESS       STEP         FIRST   
  NO.   NAME      VALUE            ERROR          SIZE      DERIVATIVE 
   1  p0           5.58355e+05   1.67400e+05   3.55154e+02  -2.48841e+00
   2  p1           5.65115e-01   1.69500e-01   1.14534e-04  -7.66854e+06
   3  p2          -2.37949e-03   3.00000e-01  -2.37949e-03  -4.63576e+05
   4  p3           1.00136e-03   2.99961e-04   1.49244e-06   4.80411e+08
                               ERR DEF= 0.5
 MIGRAD MINIMIZATION HAS CONVERGED.
 MIGRAD WILL VERIFY CONVERGENCE AND ERROR MATRIX.
   START COVARIANCE MATRIX CALCULATION.
 EIGENVALUES OF SECOND-DERIVATIVE MATRIX:
        -2.3785e-05  3.6145e-01  8.3114e-01  2.8074e+00
 MINUIT WARNING IN HESSE   
 ============== MATRIX FORCED POS-DEF BY ADDING 0.002831 TO DIAGONAL.
 FCN=77.4053 FROM HESSE     STATUS=NOT POSDEF     29 CALLS          99 TOTAL
                     EDM=2.17552e-05    STRATEGY= 1      ERR MATRIX NOT POS-DEF
  EXT PARAMETER                APPROXIMATE        STEP         FIRST   
  NO.   NAME      VALUE            ERROR          SIZE      DERIVATIVE 
   1  p0           5.58475e+05   6.83736e+01   2.66302e-01   3.27825e-05
   2  p1           5.65153e-01   2.20399e-05   2.69486e-07  -1.87382e+02
   3  p2          -5.97164e-05   8.25136e-05   3.42506e-07   2.53698e+01
   4  p3           9.99901e-04   7.50934e-08   4.76790e-10  -9.66965e+03
                               ERR DEF= 0.5
 PARAMETER  CORRELATION COEFFICIENTS  
       NO.  GLOBAL      1      2      3      4
        1  0.99720   1.000 -0.995  0.025  0.034
        2  0.99721  -0.995  1.000  0.031 -0.035
        3  0.71930   0.025  0.031  1.000  0.425
        4  0.53072   0.034 -0.035  0.425  1.000
 ERR MATRIX NOT POS-DEF
 FCN=77.4051 FROM MIGRAD    STATUS=PROGRESS      110 CALLS         111 TOTAL
                     EDM=0.000321875    STRATEGY= 1      ERR MATRIX NOT POS-DEF
  EXT PARAMETER                APPROXIMATE        STEP         FIRST   
  NO.   NAME      VALUE            ERROR          SIZE      DERIVATIVE 
   1  p0           5.58470e+05   6.83736e+01  -4.60691e+00   1.82175e-04
   2  p1           5.65154e-01   2.20399e-05   1.45963e-06   2.60406e+02
   3  p2          -6.12112e-05   8.25136e-05  -1.49479e-06  -3.28514e+02
   4  p3           9.99901e-04   7.50934e-08  -3.06208e-10   9.46272e+04
                               ERR DEF= 0.5
 MIGRAD MINIMIZATION HAS CONVERGED.
 MIGRAD WILL VERIFY CONVERGENCE AND ERROR MATRIX.
   START COVARIANCE MATRIX CALCULATION.
 EIGENVALUES OF SECOND-DERIVATIVE MATRIX:
         6.2392e-05  3.9729e-01  8.6552e-01  2.7371e+00
 COVARIANCE MATRIX CALCULATED SUCCESSFULLY
 MIGRAD TERMINATED WITHOUT CONVERGENCE.
 FCN=77.3896 FROM MIGRAD    STATUS=FAILED        185 CALLS         186 TOTAL
                     EDM=0.00135005    STRATEGY= 1      ERR MATRIX APPROXIMATE
  EXT PARAMETER                APPROXIMATE        STEP         FIRST   
  NO.   NAME      VALUE            ERROR          SIZE      DERIVATIVE 
   1  p0           5.58202e+05   4.58207e+02   2.66172e-01  -5.85542e-05
   2  p1           5.65241e-01   1.47562e-04   2.69528e-07   6.12116e+01
   3  p2          -4.47019e-05   7.33283e-05   3.57459e-07  -1.18048e+01
   4  p3           9.99902e-04   7.61329e-08   4.76790e-10  -2.79020e+04
                               ERR DEF= 0.5
 EXTERNAL ERROR MATRIX.    NDIM=  25    NPAR=  4    ERR DEF=0.5
  2.100e+05 -6.761e-02  6.454e-03  1.035e-05 
 -6.761e-02  2.177e-08 -2.003e-09 -3.337e-12 
  6.454e-03 -2.003e-09  5.377e-09  2.573e-12 
  1.035e-05 -3.337e-12  2.573e-12  5.796e-15 
ERR MATRIX APPROXIMATE
 PARAMETER  CORRELATION COEFFICIENTS  
       NO.  GLOBAL      1      2      3      4
        1  0.99994   1.000 -1.000  0.192  0.297
        2  0.99994  -1.000  1.000 -0.185 -0.297
        3  0.69865   0.192 -0.185  1.000  0.461
        4  0.58492   0.297 -0.297  0.461  1.000
 ERR MATRIX APPROXIMATE
 FCN=77.3896 FROM MIGRAD    STATUS=FAILED        185 CALLS         186 TOTAL
                     EDM=0.00135005    STRATEGY= 1      ERR MATRIX APPROXIMATE
  EXT PARAMETER                  PARABOLIC         MINOS ERRORS        
  NO.   NAME      VALUE            ERROR      NEGATIVE      POSITIVE   
   1  p0           5.58202e+05   4.58207e+02                            
   2  p1           5.65241e-01   1.47562e-04                            
   3  p2          -4.47019e-05   7.33283e-05                            
   4  p3           9.99902e-04   7.61329e-08                            
                               ERR DEF= 0.5
 **********
 **   14 **SET PRINT           2
 **********
 **********
 **   15 **SET NOGRAD
 **********
 PARAMETER DEFINITIONS:
    NO.   NAME         VALUE      STEP SIZE      LIMITS
     1 p0           5.58202e+05  4.58207e+02     no limits
     2 p1           5.65241e-01  1.47562e-04     no limits
     3 p2          -4.47019e-05  7.33283e-05     no limits
     4 p3           9.99902e-04  7.61329e-08     no limits
 **********
 **   16 **SET ERR         0.5
 **********
 **********
 **   17 **SET PRINT           2
 **********
 **********
 **   18 **SET STR           1
 **********
 NOW USING STRATEGY  1: TRY TO BALANCE SPEED AGAINST RELIABILITY
 **********
 **   19 **MIGRAD        1480        0.01
 **********
 FIRST CALL TO USER FUNCTION AT NEW START POINT, WITH IFLAG=4.
 START MIGRAD MINIMIZATION.  STRATEGY  1.  CONVERGENCE WHEN EDM .LT. 1.00e-05
 FCN=77.3896 FROM MIGRAD    STATUS=INITIATE       16 CALLS          17 TOTAL
                     EDM= unknown      STRATEGY= 1      NO ERROR MATRIX       
  EXT PARAMETER               CURRENT GUESS       STEP         FIRST   
  NO.   NAME      VALUE            ERROR          SIZE      DERIVATIVE 
   1  p0           5.58202e+05   4.58207e+02   4.58207e+02   1.94834e-05
   2  p1           5.65241e-01   1.47562e-04   1.47562e-04   6.35612e+01
   3  p2          -4.47019e-05   7.33283e-05   7.33283e-05  -1.26817e+00
   4  p3           9.99902e-04   7.61329e-08   7.61329e-08   3.08506e+03
                               ERR DEF= 0.5
NO ERROR MATRIX       
 MIGRAD FAILS TO FIND IMPROVEMENT
   START COVARIANCE MATRIX CALCULATION.
 EIGENVALUES OF SECOND-DERIVATIVE MATRIX:
         5.7010e-04  4.0179e-01  8.4746e-01  2.7502e+00
 COVARIANCE MATRIX CALCULATED SUCCESSFULLY
 FCN=77.3896 FROM HESSE     STATUS=OK             29 CALLS          49 TOTAL
                     EDM=7.33311e-05    STRATEGY= 1      ERROR MATRIX ACCURATE 
  EXT PARAMETER                                   STEP         FIRST   
  NO.   NAME      VALUE            ERROR          SIZE      DERIVATIVE 
   1  p0           5.58202e+05   1.51447e+02   4.58207e-01  -5.85542e-05
   2  p1           5.65241e-01   4.88649e-05   2.69528e-07   6.12116e+01
   3  p2          -4.47019e-05   7.52885e-05   3.34309e-07   9.26591e+00
   4  p3           9.99902e-04   7.16719e-08   4.76790e-10  -2.79020e+04
                               ERR DEF= 0.5
 PARAMETER  CORRELATION COEFFICIENTS  
       NO.  GLOBAL      1      2      3      4
        1  0.99943   1.000 -0.999 -0.007  0.052
        2  0.99943  -0.999  1.000  0.030 -0.054
        3  0.68689  -0.007  0.030  1.000  0.399
        4  0.50763   0.052 -0.054  0.399  1.000
 FCN=77.3896 FROM MIGRAD    STATUS=PROGRESS       65 CALLS          66 TOTAL
                     EDM=2.46166e-07    STRATEGY= 1      ERROR MATRIX ACCURATE 
  EXT PARAMETER                                   STEP         FIRST   
  NO.   NAME      VALUE            ERROR          SIZE      DERIVATIVE 
   1  p0           5.58202e+05   1.51447e+02   9.08620e-02   1.89008e-05
   2  p1           5.65241e-01   4.88649e-05  -2.93524e-08   6.48818e+01
   3  p2          -4.47021e-05   7.52885e-05  -1.90864e-10  -1.56260e+00
   4  p3           9.99902e-04   7.16719e-08   8.42715e-12   9.66911e+03
                               ERR DEF= 0.5
 MIGRAD MINIMIZATION HAS CONVERGED.
 FCN=77.3896 FROM MIGRAD    STATUS=CONVERGED      65 CALLS          66 TOTAL
                     EDM=2.46166e-07    STRATEGY= 1  ERROR MATRIX UNCERTAINTY 100.0 per cent
  EXT PARAMETER                                   STEP         FIRST   
  NO.   NAME      VALUE            ERROR          SIZE      DERIVATIVE 
   1  p0           5.58202e+05   4.60799e+01   9.08620e-02   1.89008e-05
   2  p1           5.65241e-01   1.47062e-05  -2.93524e-08   6.48818e+01
   3  p2          -4.47021e-05   7.52797e-05  -1.90864e-10  -1.56260e+00
   4  p3           9.99902e-04   6.94974e-08   8.42715e-12   9.66911e+03
                               ERR DEF= 0.5
 EXTERNAL ERROR MATRIX.    NDIM=  25    NPAR=  4    ERR DEF=0.5
  2.123e+03 -6.710e-04 -2.515e-04 -1.966e-06 
 -6.710e-04  2.163e-10  1.658e-10  6.287e-13 
 -2.515e-04  1.658e-10  5.667e-09  2.131e-12 
 -1.966e-06  6.287e-13  2.131e-12  4.830e-15 
 PARAMETER  CORRELATION COEFFICIENTS  
       NO.  GLOBAL      1      2      3      4
        1  0.99395   1.000 -0.990 -0.073 -0.614
        2  0.99370  -0.990  1.000  0.150  0.615
        3  0.70376  -0.073  0.150  1.000  0.407
        4  0.73643  -0.614  0.615  0.407  1.000
 EXTERNAL ERROR MATRIX.    NDIM=   4    NPAR=  4    ERR DEF=0.5
  2.123e+03 -6.710e-04 -2.515e-04 -1.966e-06 
 -6.710e-04  2.163e-10  1.658e-10  6.287e-13 
 -2.515e-04  1.658e-10  5.667e-09  2.131e-12 
 -1.966e-06  6.287e-13  2.131e-12  4.830e-15 
 FCN=77.3896 FROM MIGRAD    STATUS=CONVERGED      65 CALLS          66 TOTAL
                     EDM=2.46166e-07    STRATEGY= 1  ERROR MATRIX UNCERTAINTY 100.0 per cent
  EXT PARAMETER                  PARABOLIC         MINOS ERRORS        
  NO.   NAME      VALUE            ERROR      NEGATIVE      POSITIVE   
   1  p0           5.58202e+05   4.60799e+01                            
   2  p1           5.65241e-01   1.47062e-05                            
   3  p2          -4.47021e-05   7.52797e-05                            
   4  p3           9.99902e-04   6.94974e-08                            
                               ERR DEF= 0.5
------------------------------------------
Enering ROOFIt-------
 PARAMETER DEFINITIONS:
    NO.   NAME         VALUE      STEP SIZE      LIMITS
     1 norm         5.58202e+05  1.00000e-01     no limits
     2 Q            5.65000e-01  1.00000e-01     no limits
     3 theta        0.00000e+00  1.00000e-01     no limits
     4 pileup       9.99902e-04  1.00000e-01     no limits
 **********
 **    1 **MIGRAD
 **********
 FIRST CALL TO USER FUNCTION AT NEW START POINT, WITH IFLAG=4.
 START MIGRAD MINIMIZATION.  STRATEGY  1.  CONVERGENCE WHEN EDM .LT. 1.00e-04
 FCN=-2.37862e+11 FROM MIGRAD    STATUS=INITIATE       16 CALLS          17 TOTAL
                     EDM= unknown      STRATEGY= 1      NO ERROR MATRIX       
  EXT PARAMETER               CURRENT GUESS       STEP         FIRST   
  NO.   NAME      VALUE            ERROR          SIZE      DERIVATIVE 
   1  norm         5.58202e+05   1.00000e-01   1.00000e-01  -2.86321e+01
   2  Q            5.65000e-01   1.00000e-01   1.00000e-01  -4.32574e+08
   3  theta        0.00000e+00   1.00000e-01   1.00000e-01   1.67693e+06
   4  pileup       9.99902e-04   1.00000e-01   1.00000e-01  -9.19127e+11
 MIGRAD FAILS TO FIND IMPROVEMENT
 MACHINE ACCURACY LIMITS FURTHER IMPROVEMENT.
 MIGRAD MINIMIZATION HAS CONVERGED.
 FCN=-2.37862e+11 FROM MIGRAD    STATUS=CONVERGED     298 CALLS         299 TOTAL
                     EDM=0.371529    STRATEGY= 1  ERROR MATRIX UNCERTAINTY   4.9 per cent
  EXT PARAMETER                                   STEP         FIRST   
  NO.   NAME      VALUE            ERROR          SIZE      DERIVATIVE 
   1  norm         5.58941e+05   8.95791e+00  -0.00000e+00   3.21997e-03
   2  Q            5.65002e-01   1.24425e-08   0.00000e+00   2.11589e+05
   3  theta       -1.03626e-04   1.17343e-04   0.00000e+00   2.24819e+03
   4  pileup       9.99960e-04   1.21234e-07   0.00000e+00  -1.10945e+07
 EXTERNAL ERROR MATRIX.    NDIM=  25    NPAR=  4    ERR DEF=1
  8.024e+01  7.066e-09  5.456e-04  1.080e-07 
  7.066e-09  1.548e-16  8.212e-13  1.482e-15 
  5.456e-04  8.212e-13  1.377e-08  8.728e-12 
  1.080e-07  1.482e-15  8.728e-12  1.470e-14 
 PARAMETER  CORRELATION COEFFICIENTS  
       NO.  GLOBAL      1      2      3      4
        1  0.58906   1.000  0.063  0.519  0.099
        2  0.98398   0.063  1.000  0.562  0.983
        3  0.77868   0.519  0.562  1.000  0.613
        4  0.98541   0.099  0.983  0.613  1.000
 **********
 **    2 **MIGRAD 
 **********
 START MIGRAD MINIMIZATION.  STRATEGY  1.  CONVERGENCE WHEN EDM .LT. 1.00e-04
 FCN=-2.37862e+11 FROM MIGRAD    STATUS=INITIATE       12 CALLS         311 TOTAL
                     EDM=0.0524201    STRATEGY= 1  ERROR MATRIX UNCERTAINTY   4.9 per cent
  EXT PARAMETER                                   STEP         FIRST   
  NO.   NAME      VALUE            ERROR          SIZE      DERIVATIVE 
   1  norm         5.58941e+05   8.95791e+00  -0.00000e+00   3.21590e-03
   2  Q            5.65002e-01   1.24425e-08   0.00000e+00   1.20971e+08
   3  theta       -1.03626e-04   1.17343e-04   0.00000e+00   2.24553e+03
   4  pileup       9.99960e-04   1.21234e-07   0.00000e+00  -1.10991e+07
 MIGRAD FAILS TO FIND IMPROVEMENT
 MACHINE ACCURACY LIMITS FURTHER IMPROVEMENT.
 MIGRAD MINIMIZATION HAS CONVERGED.
 FCN=-2.37862e+11 FROM MIGRAD    STATUS=CONVERGED     117 CALLS         416 TOTAL
                     EDM=0.124791    STRATEGY= 1  ERROR MATRIX UNCERTAINTY   1.0 per cent
  EXT PARAMETER                                   STEP         FIRST   
  NO.   NAME      VALUE            ERROR          SIZE      DERIVATIVE 
   1  norm         5.58942e+05   8.65284e+00  -0.00000e+00   8.04884e-03
   2  Q            5.65002e-01   4.79531e-13  -0.00000e+00   2.26171e+05
   3  theta       -9.42347e-05   1.05515e-04   0.00000e+00   4.78397e+03
   4  pileup       9.99951e-04   5.18490e-08   0.00000e+00  -1.40067e+07
 EXTERNAL ERROR MATRIX.    NDIM=  25    NPAR=  4    ERR DEF=1
  7.487e+01  3.427e-13  5.102e-04  2.075e-07 
  3.427e-13 -2.300e-25 -1.587e-18 -1.400e-20 
  5.102e-04 -1.587e-18  1.113e-08  4.439e-12 
  2.075e-07 -1.400e-20  4.439e-12  2.688e-15 
 PARAMETER  CORRELATION COEFFICIENTS  
       NO.  GLOBAL      1      2      3      4
        1  0.00000   1.000  0.083  0.559  0.463
        2  0.00000   0.083 -1.000 -0.031 -0.563
        3  0.00000   0.559 -0.031  1.000  0.811
        4  0.00000   0.463 -0.563  0.811  1.000
status of the fit-----000------0
1  558942
2  0.565002
3  -9.42347e-05
4  0.000999951
 **********
 **   20 **SET PRINT           2
 **********
 **********
 **   21 **SET NOGRAD
 **********
 PARAMETER DEFINITIONS:
    NO.   NAME         VALUE      STEP SIZE      LIMITS
     1 p0           5.58000e+05  1.67400e+05     no limits
     2 p1           5.65000e-01  1.69500e-01     no limits
     3 p2           0.00000e+00  3.00000e-01     no limits
     4 p3           9.99871e-04  2.99961e-04     no limits
 **********
 **   22 **SET ERR         0.5
 **********
 **********
 **   23 **SET PRINT           2
 **********
 **********
 **   24 **SET STR           1
 **********
 NOW USING STRATEGY  1: TRY TO BALANCE SPEED AGAINST RELIABILITY
 **********
 **   25 **MIGRAD        1480        0.01
 **********
 FIRST CALL TO USER FUNCTION AT NEW START POINT, WITH IFLAG=4.
 START MIGRAD MINIMIZATION.  STRATEGY  1.  CONVERGENCE WHEN EDM .LT. 1.00e-05
 FCN=17552.1 FROM MIGRAD    STATUS=INITIATE       18 CALLS          19 TOTAL
                     EDM= unknown      STRATEGY= 1      NO ERROR MATRIX       
  EXT PARAMETER               CURRENT GUESS       STEP         FIRST   
  NO.   NAME      VALUE            ERROR          SIZE      DERIVATIVE 
   1  p0           5.58000e+05   1.67400e+05   1.67400e+05  -3.65240e+01
   2  p1           5.65000e-01   1.69500e-01   1.69500e-01  -1.13377e+08
   3  p2           0.00000e+00   3.00000e-01   3.00000e-01   2.10433e+06
   4  p3           9.99871e-04   2.99961e-04   2.99961e-04  -1.00103e+09
                               ERR DEF= 0.5
NO ERROR MATRIX       
 FCN=1317.85 FROM MIGRAD    STATUS=PROGRESS       36 CALLS          37 TOTAL
                     EDM=3970.21    STRATEGY= 1      NO ERROR MATRIX       
  EXT PARAMETER               CURRENT GUESS       STEP         FIRST   
  NO.   NAME      VALUE            ERROR          SIZE      DERIVATIVE 
   1  p0           5.58357e+05   1.67400e+05   3.57069e+02  -2.51761e+00
   2  p1           5.65115e-01   1.69500e-01   1.15147e-04  -7.75591e+06
   3  p2          -2.37805e-03   3.00000e-01  -2.37805e-03  -4.70211e+05
   4  p3           1.00132e-03   2.99961e-04   1.45094e-06   5.04254e+08
                               ERR DEF= 0.5
 FCN=73.4969 FROM MIGRAD    STATUS=PROGRESS      153 CALLS         154 TOTAL
                     EDM=0.0703158    STRATEGY= 1  ERROR MATRIX UNCERTAINTY  30.0 per cent
  EXT PARAMETER                APPROXIMATE        STEP         FIRST   
  NO.   NAME      VALUE            ERROR          SIZE      DERIVATIVE 
   1  p0           5.60477e+05   1.83695e+03   2.79155e+01  -7.21192e-03
   2  p1           5.64510e-01   5.90315e-04  -8.97249e-06  -2.22569e+04
   3  p2          -1.68897e-04   1.42223e-04  -2.09575e-06   1.27743e+03
   4  p3           9.99744e-04   7.43887e-08  -4.11354e-10  -1.12871e+05
                               ERR DEF= 0.5
 MIGRAD FAILS TO FIND IMPROVEMENT
   START COVARIANCE MATRIX CALCULATION.
 EIGENVALUES OF SECOND-DERIVATIVE MATRIX:
         4.0525e-01  6.7165e-01  9.8573e-01  1.9374e+00
 COVARIANCE MATRIX CALCULATED SUCCESSFULLY
 FCN=73.4915 FROM HESSE     STATUS=OK             27 CALLS         248 TOTAL
                     EDM=0.000414148    STRATEGY= 1      ERROR MATRIX ACCURATE 
  EXT PARAMETER                                   STEP         FIRST   
  NO.   NAME      VALUE            ERROR          SIZE      DERIVATIVE 
   1  p0           5.60511e+05   6.22737e+00   2.67272e-01  -3.62272e-03
   2  p1           5.64499e-01   2.48974e-07   2.69174e-07  -1.10305e+04
   3  p2          -1.73690e-04   6.39173e-05   3.01314e-07   4.71137e+02
   4  p3           9.99743e-04   6.76522e-08   4.76715e-10   3.47620e+04
                               ERR DEF= 0.5
 PARAMETER  CORRELATION COEFFICIENTS  
       NO.  GLOBAL      1      2      3      4
        1  0.56579   1.000 -0.123  0.476 -0.076
        2  0.14947  -0.123  1.000  0.003  0.001
        3  0.63830   0.476  0.003  1.000  0.383
        4  0.48397  -0.076  0.001  0.383  1.000
 FCN=73.4911 FROM MIGRAD    STATUS=PROGRESS      257 CALLS         258 TOTAL
                     EDM=0.14707    STRATEGY= 1      ERROR MATRIX ACCURATE 
  EXT PARAMETER                                   STEP         FIRST   
  NO.   NAME      VALUE            ERROR          SIZE      DERIVATIVE 
   1  p0           5.60511e+05   6.22737e+00   5.65534e-02   4.98332e-04
   2  p1           5.64499e-01   2.48974e-07  -3.68153e-11  -2.17676e+06
   3  p2          -1.75149e-04   6.39173e-05  -1.45907e-06   2.09004e+01
   4  p3           9.99742e-04   6.76522e-08  -1.18741e-09   1.83878e+04
                               ERR DEF= 0.5
 MIGRAD FAILS TO FIND IMPROVEMENT
 MIGRAD TERMINATED WITHOUT CONVERGENCE.
 FCN=73.4911 FROM MIGRAD    STATUS=FAILED        301 CALLS         302 TOTAL
                     EDM=0.000977571    STRATEGY= 1  ERROR MATRIX UNCERTAINTY   3.8 per cent
  EXT PARAMETER                APPROXIMATE        STEP         FIRST   
  NO.   NAME      VALUE            ERROR          SIZE      DERIVATIVE 
   1  p0           5.60511e+05   5.70476e+00   0.00000e+00   6.26680e-04
   2  p1           5.64499e-01   2.11427e-08   0.00000e+00  -2.17661e+06
   3  p2          -1.75197e-04   5.05817e-05  -0.00000e+00   4.76163e+00
   4  p3           9.99742e-04   6.24354e-08  -0.00000e+00   1.74892e+04
                               ERR DEF= 0.5
 EXTERNAL ERROR MATRIX.    NDIM=  25    NPAR=  4    ERR DEF=0.5
  3.254e+01  5.996e-08  9.713e-05 -9.664e-08 
  5.996e-08  4.470e-16 -5.497e-13 -5.168e-16 
  9.713e-05 -5.497e-13  2.559e-09  6.314e-13 
 -9.664e-08 -5.168e-16  6.314e-13  3.898e-15 
ERR MATRIX APPROXIMATE
 PARAMETER  CORRELATION COEFFICIENTS  
       NO.  GLOBAL      1      2      3      4
        1  0.85467   1.000  0.497  0.337 -0.271
        2  0.87865   0.497  1.000 -0.514 -0.392
        3  0.85681   0.337 -0.514  1.000  0.200
        4  0.41711  -0.271 -0.392  0.200  1.000
 ERR MATRIX APPROXIMATE
 FCN=73.4911 FROM MIGRAD    STATUS=FAILED        301 CALLS         302 TOTAL
                     EDM=0.000977571    STRATEGY= 1  ERROR MATRIX UNCERTAINTY   3.8 per cent
  EXT PARAMETER                  PARABOLIC         MINOS ERRORS        
  NO.   NAME      VALUE            ERROR      NEGATIVE      POSITIVE   
   1  p0           5.60511e+05   5.70476e+00                            
   2  p1           5.64499e-01   2.11427e-08                            
   3  p2          -1.75197e-04   5.05817e-05                            
   4  p3           9.99742e-04   6.24354e-08                            
                               ERR DEF= 0.5
 **********
 **   26 **SET PRINT           2
 **********
 **********
 **   27 **SET NOGRAD
 **********
 PARAMETER DEFINITIONS:
    NO.   NAME         VALUE      STEP SIZE      LIMITS
     1 p0           5.60511e+05  5.70476e+00     no limits
     2 p1           5.64499e-01  2.11427e-08     no limits
     3 p2          -1.75197e-04  5.05817e-05     no limits
     4 p3           9.99742e-04  6.24354e-08     no limits
 **********
 **   28 **SET ERR         0.5
 **********
 **********
 **   29 **SET PRINT           2
 **********
 **********
 **   30 **SET STR           1
 **********
 NOW USING STRATEGY  1: TRY TO BALANCE SPEED AGAINST RELIABILITY
 **********
 **   31 **MIGRAD        1480        0.01
 **********
 FIRST CALL TO USER FUNCTION AT NEW START POINT, WITH IFLAG=4.
 START MIGRAD MINIMIZATION.  STRATEGY  1.  CONVERGENCE WHEN EDM .LT. 1.00e-05
 FCN=73.4911 FROM MIGRAD    STATUS=INITIATE       12 CALLS          13 TOTAL
                     EDM= unknown      STRATEGY= 1      NO ERROR MATRIX       
  EXT PARAMETER               CURRENT GUESS       STEP         FIRST   
  NO.   NAME      VALUE            ERROR          SIZE      DERIVATIVE 
   1  p0           5.60511e+05   5.70476e+00   5.70476e+00   6.26680e-04
   2  p1           5.64499e-01   2.11427e-08   2.11427e-08  -2.17661e+06
   3  p2          -1.75197e-04   5.05817e-05   5.05817e-05   4.44537e+00
   4  p3           9.99742e-04   6.24354e-08   6.24354e-08   1.74892e+04
                               ERR DEF= 0.5
NO ERROR MATRIX       
 MIGRAD FAILS TO FIND IMPROVEMENT
   START COVARIANCE MATRIX CALCULATION.
 EIGENVALUES OF SECOND-DERIVATIVE MATRIX:
         3.5149e-01  6.7747e-01  9.9173e-01  1.9793e+00
 COVARIANCE MATRIX CALCULATED SUCCESSFULLY
 FCN=73.4911 FROM HESSE     STATUS=OK             29 CALLS          52 TOTAL
                     EDM=5.30907e-06    STRATEGY= 1      ERROR MATRIX ACCURATE 
  EXT PARAMETER                                   STEP         FIRST   
  NO.   NAME      VALUE            ERROR          SIZE      DERIVATIVE 
   1  p0           5.60511e+05   6.20294e+00   2.67272e-01   6.23726e-04
   2  p1           5.64499e-01   2.48523e-07   2.69174e-07   2.33310e+03
   3  p2          -1.75197e-04   6.74732e-05   3.05448e-07  -2.66413e+01
   4  p3           9.99742e-04   7.03645e-08   4.76714e-10   1.54712e+04
                               ERR DEF= 0.5
 PARAMETER  CORRELATION COEFFICIENTS  
       NO.  GLOBAL      1      2      3      4
        1  0.56133   1.000 -0.123  0.479  0.005
        2  0.14910  -0.123  1.000  0.002 -0.001
        3  0.68765   0.479  0.002  1.000  0.492
        4  0.55914   0.005 -0.001  0.492  1.000
 FCN=73.4911 FROM MIGRAD    STATUS=PROGRESS       66 CALLS          67 TOTAL
                     EDM=0.14659    STRATEGY= 1      ERROR MATRIX ACCURATE 
  EXT PARAMETER                                   STEP         FIRST   
  NO.   NAME      VALUE            ERROR          SIZE      DERIVATIVE 
   1  p0           5.60511e+05   6.20294e+00  -1.82491e-02   6.79103e-06
   2  p1           5.64499e-01   2.48523e-07  -2.44822e-11  -2.17870e+06
   3  p2          -1.75237e-04   6.74732e-05  -3.99435e-08   2.95112e+01
   4  p3           9.99742e-04   7.03645e-08  -1.56888e-11   2.12301e+03
                               ERR DEF= 0.5
 MINUIT WARNING IN MIGRAD  
 ============== Negative diagonal element 2 in Error Matrix
 MINUIT WARNING IN MIGRAD  
 ============== 1 added to diagonal of error matrix
 EIGENVALUES OF SECOND-DERIVATIVE MATRIX:
         1.0000e+00  1.0000e+00  1.0000e+00  1.0000e+00
 MIGRAD FAILS TO FIND IMPROVEMENT
 MIGRAD TERMINATED WITHOUT CONVERGENCE.
 FCN=73.4911 FROM MIGRAD    STATUS=FAILED         91 CALLS          92 TOTAL
                     EDM=2.9372e-05    STRATEGY= 1  ERROR MATRIX UNCERTAINTY  15.1 per cent
  EXT PARAMETER                APPROXIMATE        STEP         FIRST   
  NO.   NAME      VALUE            ERROR          SIZE      DERIVATIVE 
   1  p0           5.60511e+05   5.33268e+00   0.00000e+00   2.94094e-06
   2  p1           5.64499e-01   7.07107e-01   0.00000e+00  -2.17871e+06
   3  p2          -1.75237e-04   7.07107e-01  -0.00000e+00   3.98431e+01
   4  p3           9.99742e-04   7.07107e-01   0.00000e+00  -1.06107e+03
                               ERR DEF= 0.5
 EXTERNAL ERROR MATRIX.    NDIM=  25    NPAR=  4    ERR DEF=0.5
  2.844e+01  3.288e-08 -9.452e-06 -4.296e-08 
  3.288e-08  5.000e-01  7.956e-14  5.225e-17 
 -9.452e-06  7.956e-14  5.000e-01  1.445e-12 
 -4.296e-08  5.225e-17  1.445e-12  5.000e-01 
ERR MATRIX APPROXIMATE
 PARAMETER  CORRELATION COEFFICIENTS  
       NO.  GLOBAL      1      2      3      4
        1  0.00000   1.000  0.000 -0.000 -0.000
        2  0.00000   0.000  1.000  0.000  0.000
        3  0.00000  -0.000  0.000  1.000  0.000
        4  0.00000  -0.000  0.000  0.000  1.000
 ERR MATRIX APPROXIMATE
 FCN=73.4911 FROM MIGRAD    STATUS=FAILED         91 CALLS          92 TOTAL
                     EDM=2.9372e-05    STRATEGY= 1  ERROR MATRIX UNCERTAINTY  15.1 per cent
  EXT PARAMETER                  PARABOLIC         MINOS ERRORS        
  NO.   NAME      VALUE            ERROR      NEGATIVE      POSITIVE   
   1  p0           5.60511e+05   5.33268e+00                            
   2  p1           5.64499e-01   7.07107e-01                            
   3  p2          -1.75237e-04   7.07107e-01                            
   4  p3           9.99742e-04   7.07107e-01                            
                               ERR DEF= 0.5
 **********
 **   32 **SET PRINT           2
 **********
 **********
 **   33 **SET NOGRAD
 **********
 PARAMETER DEFINITIONS:
    NO.   NAME         VALUE      STEP SIZE      LIMITS
     1 p0           5.60511e+05  5.33268e+00     no limits
     2 p1           5.64499e-01  7.07107e-01     no limits
     3 p2          -1.75237e-04  7.07107e-01     no limits
     4 p3           9.99742e-04  7.07107e-01     no limits
 **********
 **   34 **SET ERR         0.5
 **********
 **********
 **   35 **SET PRINT           2
 **********
 **********
 **   36 **SET STR           1
 **********
 NOW USING STRATEGY  1: TRY TO BALANCE SPEED AGAINST RELIABILITY
 **********
 **   37 **MIGRAD        1480        0.01
 **********
 FIRST CALL TO USER FUNCTION AT NEW START POINT, WITH IFLAG=4.
 START MIGRAD MINIMIZATION.  STRATEGY  1.  CONVERGENCE WHEN EDM .LT. 1.00e-05
 FCN=73.4911 FROM MIGRAD    STATUS=INITIATE       20 CALLS          21 TOTAL
                     EDM= unknown      STRATEGY= 1      NO ERROR MATRIX       
  EXT PARAMETER               CURRENT GUESS       STEP         FIRST   
  NO.   NAME      VALUE            ERROR          SIZE      DERIVATIVE 
   1  p0           5.60511e+05   5.33268e+00   5.33268e+00   2.94094e-06
   2  p1           5.64499e-01   7.07107e-01   7.07107e-01  -1.64520e+10
   3  p2          -1.75237e-04   7.07107e-01   7.07107e-01   3.45388e+01
   4  p3           9.99742e-04   7.07107e-01   7.07107e-01  -3.24144e+08
                               ERR DEF= 0.5
NO ERROR MATRIX       
 MIGRAD FAILS TO FIND IMPROVEMENT
   START COVARIANCE MATRIX CALCULATION.
 EIGENVALUES OF SECOND-DERIVATIVE MATRIX:
         3.4008e-01  6.6990e-01  9.9941e-01  1.9906e+00
 COVARIANCE MATRIX CALCULATED SUCCESSFULLY
 FCN=73.4911 FROM HESSE     STATUS=OK             31 CALLS          63 TOTAL
                     EDM=3.48513e-06    STRATEGY= 1      ERROR MATRIX ACCURATE 
  EXT PARAMETER                                   STEP         FIRST   
  NO.   NAME      VALUE            ERROR          SIZE      DERIVATIVE 
   1  p0           5.60511e+05   6.50807e+00   2.67272e-01   2.84080e-05
   2  p1           5.64499e-01   4.63573e-08   7.07107e-05   3.16644e+02
   3  p2          -1.75237e-04   7.50934e-05   7.07107e-05   3.21243e+01
   4  p3           9.99742e-04   7.29550e-08   7.07107e-05   3.74792e+03
                               ERR DEF= 0.5
 PARAMETER  CORRELATION COEFFICIENTS  
       NO.  GLOBAL      1      2      3      4
        1  0.61476   1.000 -0.022  0.546 -0.025
        2  0.02812  -0.022  1.000  0.000 -0.000
        3  0.69890   0.546  0.000  1.000  0.423
        4  0.52119  -0.025 -0.000  0.423  1.000
 FCN=73.4911 FROM MIGRAD    STATUS=PROGRESS       80 CALLS          81 TOTAL
                     EDM=0.00510203    STRATEGY= 1      ERROR MATRIX ACCURATE 
  EXT PARAMETER                                   STEP         FIRST   
  NO.   NAME      VALUE            ERROR          SIZE      DERIVATIVE 
   1  p0           5.60511e+05   6.50807e+00  -7.82711e-03  -1.12050e-05
   2  p1           5.64499e-01   4.63573e-08  -3.99134e-13  -2.17907e+06
   3  p2          -1.75396e-04   7.50934e-05  -1.58849e-07   7.09213e+00
   4  p3           9.99742e-04   7.29550e-08  -7.56330e-11  -1.09360e+03
                               ERR DEF= 0.5
 MIGRAD FAILS TO FIND IMPROVEMENT
 MIGRAD MINIMIZATION HAS CONVERGED.
 FCN=73.4911 FROM MIGRAD    STATUS=CONVERGED      95 CALLS          96 TOTAL
                     EDM=1.94799e-06    STRATEGY= 1  ERROR MATRIX UNCERTAINTY   9.2 per cent
  EXT PARAMETER                                   STEP         FIRST   
  NO.   NAME      VALUE            ERROR          SIZE      DERIVATIVE 
   1  p0           5.60511e+05   6.50686e+00  -0.00000e+00  -1.90716e-05
   2  p1           5.64499e-01   1.27117e-09   0.00000e+00  -2.17924e+06
   3  p2          -1.75473e-04   7.45369e-05  -0.00000e+00  -6.06034e+00
   4  p3           9.99742e-04   7.38718e-08  -0.00000e+00  -1.96257e+03
                               ERR DEF= 0.5
 EXTERNAL ERROR MATRIX.    NDIM=  25    NPAR=  4    ERR DEF=0.5
  4.234e+01 -3.739e-09  2.648e-04 -4.662e-09 
 -3.739e-09  1.616e-18 -7.303e-14 -3.840e-17 
  2.648e-04 -7.303e-14  5.556e-09  2.440e-12 
 -4.662e-09 -3.840e-17  2.440e-12  5.457e-15 
 PARAMETER  CORRELATION COEFFICIENTS  
       NO.  GLOBAL      1      2      3      4
        1  0.61937   1.000 -0.452  0.546 -0.010
        2  0.77730  -0.452  1.000 -0.771 -0.409
        3  0.82623   0.546 -0.771  1.000  0.443
        4  0.54932  -0.010 -0.409  0.443  1.000
 EXTERNAL ERROR MATRIX.    NDIM=   4    NPAR=  4    ERR DEF=0.5
  4.234e+01 -3.739e-09  2.648e-04 -4.662e-09 
 -3.739e-09  1.616e-18 -7.303e-14 -3.840e-17 
  2.648e-04 -7.303e-14  5.556e-09  2.440e-12 
 -4.662e-09 -3.840e-17  2.440e-12  5.457e-15 
 FCN=73.4911 FROM MIGRAD    STATUS=CONVERGED      95 CALLS          96 TOTAL
                     EDM=1.94799e-06    STRATEGY= 1  ERROR MATRIX UNCERTAINTY   9.2 per cent
  EXT PARAMETER                  PARABOLIC         MINOS ERRORS        
  NO.   NAME      VALUE            ERROR      NEGATIVE      POSITIVE   
   1  p0           5.60511e+05   6.50686e+00                            
   2  p1           5.64499e-01   1.27117e-09                            
   3  p2          -1.75473e-04   7.45369e-05                            
   4  p3           9.99742e-04   7.38718e-08                            
                               ERR DEF= 0.5
------------------------------------------
Enering ROOFIt-------
 PARAMETER DEFINITIONS:
    NO.   NAME         VALUE      STEP SIZE      LIMITS
     1 norm         5.60511e+05  1.00000e-01     no limits
     2 Q            5.65000e-01  1.00000e-01     no limits
     3 theta        0.00000e+00  1.00000e-01     no limits
     4 pileup       9.99742e-04  1.00000e-01     no limits
 **********
 **    1 **MIGRAD
 **********
 FIRST CALL TO USER FUNCTION AT NEW START POINT, WITH IFLAG=4.
 START MIGRAD MINIMIZATION.  STRATEGY  1.  CONVERGENCE WHEN EDM .LT. 1.00e-04
 FCN=-2.37863e+11 FROM MIGRAD    STATUS=INITIATE       16 CALLS          17 TOTAL
                     EDM= unknown      STRATEGY= 1      NO ERROR MATRIX       
  EXT PARAMETER               CURRENT GUESS       STEP         FIRST   
  NO.   NAME      VALUE            ERROR          SIZE      DERIVATIVE 
   1  norm         5.60511e+05   1.00000e-01   1.00000e-01   5.88537e+01
   2  Q            5.65000e-01   1.00000e-01   1.00000e-01   9.07390e+08
   3  theta        0.00000e+00   1.00000e-01   1.00000e-01  -3.35853e+06
   4  pileup       9.99742e-04   1.00000e-01   1.00000e-01  -9.15990e+11
 MIGRAD FAILS TO FIND IMPROVEMENT
 EIGENVALUES OF SECOND-DERIVATIVE MATRIX:
        -9.7456e-04  3.8362e-01  9.1713e-01  2.7002e+00
 MINUIT WARNING IN HESSE   
 ============== MATRIX FORCED POS-DEF BY ADDING 0.003675 TO DIAGONAL.
 FCN=-2.37863e+11 FROM HESSE     STATUS=NOT POSDEF     27 CALLS          55 TOTAL
                     EDM=5.70346e+06    STRATEGY= 1      ERR MATRIX NOT POS-DEF
  EXT PARAMETER                APPROXIMATE        STEP         FIRST   
  NO.   NAME      VALUE            ERROR          SIZE      DERIVATIVE 
   1  norm         5.60511e+05   6.94700e+01   2.67272e+00   5.88536e+01
   2  Q            5.65000e-01   6.52146e-06   1.00000e-03   1.83519e+08
   3  theta        0.00000e+00   5.72380e-04   1.84991e-02  -3.37350e+06
   4  pileup       9.99742e-04   9.22898e-08   1.00000e-02   1.63406e+09
 MIGRAD FAILS TO FIND IMPROVEMENT
 MACHINE ACCURACY LIMITS FURTHER IMPROVEMENT.
 MIGRAD MINIMIZATION HAS CONVERGED.
 MIGRAD WILL VERIFY CONVERGENCE AND ERROR MATRIX.
 EIGENVALUES OF SECOND-DERIVATIVE MATRIX:
        -6.9584e-04  3.6635e-01  8.5033e-01  2.7840e+00
 MINUIT WARNING IN HESSE   
 ============== MATRIX FORCED POS-DEF BY ADDING 0.003480 TO DIAGONAL.
 MIGRAD TERMINATED WITHOUT CONVERGENCE.
 FCN=-2.37863e+11 FROM MIGRAD    STATUS=FAILED        339 CALLS         340 TOTAL
                     EDM=3.12486    STRATEGY= 1      ERR MATRIX NOT POS-DEF
  EXT PARAMETER                APPROXIMATE        STEP         FIRST   
  NO.   NAME      VALUE            ERROR          SIZE      DERIVATIVE 
   1  norm         5.58639e+05   9.60517e+01   1.72481e+03   5.35819e-02
   2  Q            5.65101e-01   3.16015e-05   8.68630e-05   1.75778e+05
   3  theta       -1.04773e-04   1.19515e-04   1.85905e-02  -1.80858e+04
   4  pileup       9.99849e-04   1.05021e-07   2.09868e-05   2.74328e+07
 EXTERNAL ERROR MATRIX.    NDIM=  25    NPAR=  4    ERR DEF=1
  9.226e+03 -3.022e-03 -3.939e-03 -1.448e-06 
 -3.022e-03  9.987e-10  1.484e-09  4.739e-13 
 -3.939e-03  1.484e-09  1.428e-08  5.710e-12 
 -1.448e-06  4.739e-13  5.710e-12  1.103e-14 
ERR MATRIX NOT POS-DEF
 PARAMETER  CORRELATION COEFFICIENTS  
       NO.  GLOBAL      1      2      3      4
        1  0.99716   1.000 -0.995 -0.343 -0.144
        2  0.99729  -0.995  1.000  0.393  0.143
        3  0.75818  -0.343  0.393  1.000  0.455
        4  0.54615  -0.144  0.143  0.455  1.000
 ERR MATRIX NOT POS-DEF
 **********
 **    2 **MIGRAD 
 **********
 START MIGRAD MINIMIZATION.  STRATEGY  1.  CONVERGENCE WHEN EDM .LT. 1.00e-04
 FCN=-2.37863e+11 FROM MIGRAD    STATUS=INITIATE        8 CALLS         348 TOTAL
                     EDM=1.37273    STRATEGY= 1      ERR MATRIX NOT POS-DEF
  EXT PARAMETER                APPROXIMATE        STEP         FIRST   
  NO.   NAME      VALUE            ERROR          SIZE      DERIVATIVE 
   1  norm         5.58639e+05   9.60517e+01   1.72481e+03   4.33408e-02
   2  Q            5.65101e-01   3.16015e-05   8.68630e-05   1.76124e+05
   3  theta       -1.04773e-04   1.19515e-04   1.85905e-02  -1.56238e+04
   4  pileup       9.99849e-04   1.05021e-07   2.09868e-05   2.29226e+07
 MINUIT WARNING IN MIGRAD  
 ============== Negative diagonal element 2 in Error Matrix
 MINUIT WARNING IN MIGRAD  
 ============== 1 added to diagonal of error matrix
 MIGRAD FAILS TO FIND IMPROVEMENT
 EIGENVALUES OF SECOND-DERIVATIVE MATRIX:
        -5.2448e-01  3.3325e-01  7.1896e-01  3.4723e+00
 MINUIT WARNING IN HESSE   
 ============== MATRIX FORCED POS-DEF BY ADDING 0.527948 TO DIAGONAL.
 FCN=-2.37863e+11 FROM HESSE     STATUS=NOT POSDEF     31 CALLS         405 TOTAL
                     EDM=0.184052    STRATEGY= 1      ERR MATRIX NOT POS-DEF
  EXT PARAMETER                APPROXIMATE        STEP         FIRST   
  NO.   NAME      VALUE            ERROR          SIZE      DERIVATIVE 
   1  norm         5.58705e+05   5.55068e+01   1.72482e+03  -9.99889e-03
   2  Q            5.65081e-01   4.84797e-06   5.55081e-04  -2.43916e+04
   3  theta       -1.03711e-04   5.68809e-04   1.85908e-02  -2.58507e+03
   4  pileup       9.99733e-04   1.78944e-07   2.09881e-05  -1.28037e+06
 MIGRAD FAILS TO FIND IMPROVEMENT
 MACHINE ACCURACY LIMITS FURTHER IMPROVEMENT.
 MIGRAD MINIMIZATION HAS CONVERGED.
 MIGRAD WILL VERIFY CONVERGENCE AND ERROR MATRIX.
 EIGENVALUES OF SECOND-DERIVATIVE MATRIX:
        -5.2455e-01  3.3325e-01  7.1896e-01  3.4723e+00
 MINUIT WARNING IN HESSE   
 ============== MATRIX FORCED POS-DEF BY ADDING 0.528021 TO DIAGONAL.
 MIGRAD TERMINATED WITHOUT CONVERGENCE.
 FCN=-2.37863e+11 FROM MIGRAD    STATUS=FAILED        169 CALLS         509 TOTAL
                     EDM=1.0524    STRATEGY= 1      ERR MATRIX NOT POS-DEF
  EXT PARAMETER                APPROXIMATE        STEP         FIRST   
  NO.   NAME      VALUE            ERROR          SIZE      DERIVATIVE 
   1  norm         5.58705e+05   5.55066e+01   1.72501e+03  -2.40699e-02
   2  Q            5.65081e-01   4.84807e-06   5.55076e-04  -6.85225e+04
   3  theta       -8.67408e-05   5.68799e-04   1.85756e-02   6.01440e+02
   4  pileup       9.99744e-04   1.78955e-07   2.09851e-05  -6.76027e+05
 EXTERNAL ERROR MATRIX.    NDIM=  25    NPAR=  4    ERR DEF=1
  3.081e+03 -2.673e-04 -3.094e-02  8.875e-06 
 -2.673e-04  2.350e-11  2.735e-09 -7.845e-13 
 -3.094e-02  2.735e-09  3.235e-07 -8.969e-11 
  8.875e-06 -7.845e-13 -8.969e-11  3.202e-14 
ERR MATRIX NOT POS-DEF
 PARAMETER  CORRELATION COEFFICIENTS  
       NO.  GLOBAL      1      2      3      4
        1  0.99441   1.000 -0.993 -0.980  0.894
        2  0.99812  -0.993  1.000  0.992 -0.904
        3  0.99383  -0.980  0.992  1.000 -0.881
        4  0.91723   0.894 -0.904 -0.881  1.000
 ERR MATRIX NOT POS-DEF
status of the fit-----000------4
1  558705
2  0.565081
3  -8.67408e-05
4  0.000999744
 PARAMETER DEFINITIONS:
    NO.   NAME         VALUE      STEP SIZE      LIMITS
     1 norm         5.58705e+05  1.00000e-01     no limits
     2 Q            5.65081e-01  1.00000e-01     no limits
     3 theta       -8.67408e-05  1.00000e-01     no limits
     4 pileup       9.99744e-04  1.00000e-01     no limits
 **********
 **    3 **MIGRAD
 **********
 FIRST CALL TO USER FUNCTION AT NEW START POINT, WITH IFLAG=4.
 START MIGRAD MINIMIZATION.  STRATEGY  1.  CONVERGENCE WHEN EDM .LT. 1.00e-04
 FCN=-2.37863e+11 FROM MIGRAD    STATUS=INITIATE       16 CALLS         526 TOTAL
                     EDM= unknown      STRATEGY= 1      NO ERROR MATRIX       
  EXT PARAMETER               CURRENT GUESS       STEP         FIRST   
  NO.   NAME      VALUE            ERROR          SIZE      DERIVATIVE 
   1  norm         5.58705e+05   1.00000e-01   1.00000e-01  -2.39812e-02
   2  Q            5.65081e-01   1.00000e-01   1.00000e-01   6.19058e+06
   3  theta       -8.67408e-05   1.00000e-01   1.00000e-01   1.61150e+04
   4  pileup       9.99744e-04   1.00000e-01   1.00000e-01  -9.18061e+11
 MIGRAD FAILS TO FIND IMPROVEMENT
 COVARIANCE MATRIX CALCULATED SUCCESSFULLY
 FCN=-2.37863e+11 FROM HESSE     STATUS=OK             29 CALLS         566 TOTAL
                     EDM=12.849    STRATEGY= 1      ERROR MATRIX ACCURATE 
  EXT PARAMETER                                   STEP         FIRST   
  NO.   NAME      VALUE            ERROR          SIZE      DERIVATIVE 
   1  norm         5.58705e+05   3.19421e+02   2.66411e+00  -2.39697e-02
   2  Q            5.65081e-01   3.05076e-05   1.00000e-03  -6.85211e+04
   3  theta       -8.67408e-05   2.67227e-03   1.85663e-02   6.01330e+02
   4  pileup       9.99744e-04   9.24638e-08   1.00000e-02  -1.22337e+06
 EIGENVALUES OF SECOND-DERIVATIVE MATRIX:
        -6.5918e-01  1.6167e-02  4.9639e-01  4.1466e+00
 MINUIT WARNING IN MIGRAD  
 ============== MATRIX FORCED POS-DEF BY ADDING 0.663326 TO DIAGONAL.
 MIGRAD FAILS TO FIND IMPROVEMENT
 MIGRAD TERMINATED WITHOUT CONVERGENCE.
 FCN=-2.37863e+11 FROM MIGRAD    STATUS=FAILED        101 CALLS         611 TOTAL
                     EDM=3.70703e+09    STRATEGY= 1  ERROR MATRIX UNCERTAINTY 100.0 per cent
  EXT PARAMETER                APPROXIMATE        STEP         FIRST   
  NO.   NAME      VALUE            ERROR          SIZE      DERIVATIVE 
   1  norm         5.58705e+05   1.17408e+01   0.00000e+00  -9.01285e-03
   2  Q            5.65081e-01   2.74047e-10   0.00000e+00   4.01169e+09
   3  theta       -8.95250e-05   1.28379e-04  -0.00000e+00   1.47050e+04
   4  pileup       9.99744e-04   9.93899e-09   0.00000e+00  -2.84327e+07
 EXTERNAL ERROR MATRIX.    NDIM=  25    NPAR=  4    ERR DEF=1
  1.378e+02 -1.834e-09  5.578e-04  6.408e-08 
 -1.834e-09  7.510e-20 -3.246e-14 -2.157e-18 
  5.578e-04 -3.246e-14  1.648e-08  6.573e-13 
  6.408e-08 -2.157e-18  6.573e-13  9.878e-17 
ERR MATRIX APPROXIMATE
 PARAMETER  CORRELATION COEFFICIENTS  
       NO.  GLOBAL      1      2      3      4
        1  0.87625   1.000 -0.570  0.370  0.549
        2  0.99797  -0.570  1.000 -0.923 -0.792
        3  0.99575   0.370 -0.923  1.000  0.515
        4  0.98640   0.549 -0.792  0.515  1.000
 ERR MATRIX APPROXIMATE
 **********
 **    4 **MIGRAD 
 **********
 START MIGRAD MINIMIZATION.  STRATEGY  1.  CONVERGENCE WHEN EDM .LT. 1.00e-04
 FCN=-2.37863e+11 FROM MIGRAD    STATUS=INITIATE       12 CALLS         623 TOTAL
                     EDM=641.54    STRATEGY= 1  ERROR MATRIX UNCERTAINTY 100.0 per cent
  EXT PARAMETER                APPROXIMATE        STEP         FIRST   
  NO.   NAME      VALUE            ERROR          SIZE      DERIVATIVE 
   1  norm         5.58705e+05   1.17408e+01   0.00000e+00  -1.51189e-02
   2  Q            5.65081e-01   2.74047e-10   0.00000e+00  -2.16810e+04
   3  theta       -8.95250e-05   1.28379e-04  -0.00000e+00   1.47045e+04
   4  pileup       9.99744e-04   9.93899e-09   0.00000e+00  -2.84329e+07
 MIGRAD FAILS TO FIND IMPROVEMENT
 MACHINE ACCURACY LIMITS FURTHER IMPROVEMENT.
 MIGRAD MINIMIZATION HAS CONVERGED.
 MIGRAD WILL VERIFY CONVERGENCE AND ERROR MATRIX.
 EIGENVALUES OF SECOND-DERIVATIVE MATRIX:
        -6.2186e-04  3.6660e-01  8.4990e-01  2.7841e+00
 MINUIT WARNING IN HESSE   
 ============== MATRIX FORCED POS-DEF BY ADDING 0.003406 TO DIAGONAL.
 FCN=-2.37863e+11 FROM HESSE     STATUS=NOT POSDEF     29 CALLS         663 TOTAL
                     EDM=0.0142765    STRATEGY= 1      ERR MATRIX NOT POS-DEF
  EXT PARAMETER                APPROXIMATE        STEP         FIRST   
  NO.   NAME      VALUE            ERROR          SIZE      DERIVATIVE 
   1  norm         5.58705e+05   9.60453e+01   5.32822e+02  -8.96502e-03
   2  Q            5.65081e-01   3.16023e-05   8.74751e-05  -2.17652e+04
   3  theta       -8.95250e-05   1.19798e-04   1.85756e-02  -8.24503e+02
   4  pileup       9.99744e-04   1.05201e-07   2.09851e-05  -1.08891e+06
 MINUIT WARNING IN MIGRAD  
 ============== Negative diagonal element 4 in Error Matrix
 MINUIT WARNING IN MIGRAD  
 ============== 1 added to diagonal of error matrix
 MIGRAD FAILS TO FIND IMPROVEMENT
 MACHINE ACCURACY LIMITS FURTHER IMPROVEMENT.
 MIGRAD MINIMIZATION HAS CONVERGED.
 MIGRAD WILL VERIFY CONVERGENCE AND ERROR MATRIX.
 EIGENVALUES OF SECOND-DERIVATIVE MATRIX:
        -3.6322e-04  3.7306e-01  8.5151e-01  2.7758e+00
 MINUIT WARNING IN HESSE   
 ============== MATRIX FORCED POS-DEF BY ADDING 0.003139 TO DIAGONAL.
 MIGRAD TERMINATED WITHOUT CONVERGENCE.
 FCN=-2.37863e+11 FROM MIGRAD    STATUS=FAILED        105 CALLS         716 TOTAL
                     EDM=0.021554    STRATEGY= 1      ERR MATRIX NOT POS-DEF
  EXT PARAMETER                APPROXIMATE        STEP         FIRST   
  NO.   NAME      VALUE            ERROR          SIZE      DERIVATIVE 
   1  norm         5.58711e+05   9.69578e+01   2.13129e+02  -7.10572e-04
   2  Q            5.65079e-01   3.14337e-05   1.74950e-04   3.60646e+03
   3  theta       -8.20629e-05   1.11064e-04   7.43024e-03  -3.96552e+02
   4  pileup       9.99751e-04   1.03872e-07   2.09851e-05   1.09392e+06
 EXTERNAL ERROR MATRIX.    NDIM=  25    NPAR=  4    ERR DEF=1
  9.401e+03 -3.034e-03 -1.152e-03 -4.221e-07 
 -3.034e-03  9.881e-10  5.542e-10  1.320e-13 
 -1.152e-03  5.542e-10  1.234e-08  5.019e-12 
 -4.221e-07  1.320e-13  5.019e-12  1.079e-14 
ERR MATRIX NOT POS-DEF
 PARAMETER  CORRELATION COEFFICIENTS  
       NO.  GLOBAL      1      2      3      4
        1  0.99721   1.000 -0.996 -0.107 -0.042
        2  0.99726  -0.996  1.000  0.159  0.040
        3  0.71298  -0.107  0.159  1.000  0.435
        4  0.53154  -0.042  0.040  0.435  1.000
 ERR MATRIX NOT POS-DEF
status of the fit-----000------4
1  558711
2  0.565079
3  -8.20629e-05
4  0.000999751
 PARAMETER DEFINITIONS:
    NO.   NAME         VALUE      STEP SIZE      LIMITS
     1 norm         5.58711e+05  1.00000e-01     no limits
     2 Q            5.65079e-01  1.00000e-01     no limits
     3 theta       -8.20629e-05  1.00000e-01     no limits
     4 pileup       9.99751e-04  1.00000e-01     no limits
 **********
 **    5 **MIGRAD
 **********
 FIRST CALL TO USER FUNCTION AT NEW START POINT, WITH IFLAG=4.
 START MIGRAD MINIMIZATION.  STRATEGY  1.  CONVERGENCE WHEN EDM .LT. 1.00e-04
 FCN=-2.37863e+11 FROM MIGRAD    STATUS=INITIATE       16 CALLS         733 TOTAL
                     EDM= unknown      STRATEGY= 1      NO ERROR MATRIX       
  EXT PARAMETER               CURRENT GUESS       STEP         FIRST   
  NO.   NAME      VALUE            ERROR          SIZE      DERIVATIVE 
   1  norm         5.58711e+05   1.00000e-01   1.00000e-01  -6.87296e-04
   2  Q            5.65079e-01   1.00000e-01   1.00000e-01   6.52259e+06
   3  theta       -8.20629e-05   1.00000e-01   1.00000e-01   1.51391e+04
   4  pileup       9.99751e-04   1.00000e-01   1.00000e-01  -9.18061e+11
 MIGRAD FAILS TO FIND IMPROVEMENT
 EIGENVALUES OF SECOND-DERIVATIVE MATRIX:
        -9.3339e-05  3.8521e-01  9.1682e-01  2.6981e+00
 MINUIT WARNING IN HESSE   
 ============== MATRIX FORCED POS-DEF BY ADDING 0.002791 TO DIAGONAL.
 FCN=-2.37863e+11 FROM HESSE     STATUS=NOT POSDEF     29 CALLS         773 TOTAL
                     EDM=0.00654722    STRATEGY= 1      ERR MATRIX NOT POS-DEF
  EXT PARAMETER                APPROXIMATE        STEP         FIRST   
  NO.   NAME      VALUE            ERROR          SIZE      DERIVATIVE 
   1  norm         5.58711e+05   6.89155e+01   2.66414e+00  -6.01384e-04
   2  Q            5.65079e-01   6.53165e-06   1.00000e-03   3.62782e+03
   3  theta       -8.20629e-05   5.79033e-04   1.85650e-02  -3.75346e+02
   4  pileup       9.99751e-04   9.23013e-08   1.00000e-02   5.46727e+05
 MIGRAD FAILS TO FIND IMPROVEMENT
 MACHINE ACCURACY LIMITS FURTHER IMPROVEMENT.
 MIGRAD MINIMIZATION HAS CONVERGED.
 MIGRAD WILL VERIFY CONVERGENCE AND ERROR MATRIX.
 EIGENVALUES OF SECOND-DERIVATIVE MATRIX:
        -6.2293e-04  3.6660e-01  8.4990e-01  2.7841e+00
 MINUIT WARNING IN HESSE   
 ============== MATRIX FORCED POS-DEF BY ADDING 0.003407 TO DIAGONAL.
 MIGRAD TERMINATED WITHOUT CONVERGENCE.
 FCN=-2.37863e+11 FROM MIGRAD    STATUS=FAILED        156 CALLS         873 TOTAL
                     EDM=0.0250963    STRATEGY= 1      ERR MATRIX NOT POS-DEF
  EXT PARAMETER                APPROXIMATE        STEP         FIRST   
  NO.   NAME      VALUE            ERROR          SIZE      DERIVATIVE 
   1  norm         5.58711e+05   9.60453e+01   5.32828e+02  -3.37491e-03
   2  Q            5.65079e-01   3.16022e-05   8.76123e-05  -4.72416e+03
   3  theta       -7.96519e-05   1.19803e-04   1.85743e-02   2.46840e+02
   4  pileup       9.99751e-04   1.05203e-07   2.09852e-05   8.43097e+05
 EXTERNAL ERROR MATRIX.    NDIM=  25    NPAR=  4    ERR DEF=1
  9.225e+03 -3.021e-03 -4.039e-03 -1.570e-06 
 -3.021e-03  9.987e-10  1.517e-09  5.142e-13 
 -4.039e-03  1.517e-09  1.435e-08  5.774e-12 
 -1.570e-06  5.142e-13  5.774e-12  1.107e-14 
ERR MATRIX NOT POS-DEF
 PARAMETER  CORRELATION COEFFICIENTS  
       NO.  GLOBAL      1      2      3      4
        1  0.99716   1.000 -0.995 -0.351 -0.155
        2  0.99729  -0.995  1.000  0.401  0.155
        3  0.75998  -0.351  0.401  1.000  0.458
        4  0.54842  -0.155  0.155  0.458  1.000
 ERR MATRIX NOT POS-DEF
 **********
 **    6 **MIGRAD 
 **********
 START MIGRAD MINIMIZATION.  STRATEGY  1.  CONVERGENCE WHEN EDM .LT. 1.00e-04
 FCN=-2.37863e+11 FROM MIGRAD    STATUS=INITIATE        8 CALLS         881 TOTAL
                     EDM=0.0609614    STRATEGY= 1      ERR MATRIX NOT POS-DEF
  EXT PARAMETER                APPROXIMATE        STEP         FIRST   
  NO.   NAME      VALUE            ERROR          SIZE      DERIVATIVE 
   1  norm         5.58711e+05   9.60453e+01   5.32828e+02  -4.35338e-03
   2  Q            5.65079e-01   3.16022e-05   8.76123e-05  -4.38629e+03
   3  theta       -7.96519e-05   1.19803e-04   1.85743e-02   2.71065e+03
   4  pileup       9.99751e-04   1.05203e-07   2.09852e-05  -3.66775e+06
 MINUIT WARNING IN MIGRAD  
 ============== Negative diagonal element 2 in Error Matrix
 MINUIT WARNING IN MIGRAD  
 ============== 1 added to diagonal of error matrix
 MIGRAD FAILS TO FIND IMPROVEMENT
 EIGENVALUES OF SECOND-DERIVATIVE MATRIX:
        -5.2271e-01  3.3352e-01  7.1808e-01  3.4711e+00
 MINUIT WARNING IN HESSE   
 ============== MATRIX FORCED POS-DEF BY ADDING 0.526178 TO DIAGONAL.
 FCN=-2.37863e+11 FROM HESSE     STATUS=NOT POSDEF     31 CALLS         938 TOTAL
                     EDM=0.0739527    STRATEGY= 1      ERR MATRIX NOT POS-DEF
  EXT PARAMETER                APPROXIMATE        STEP         FIRST   
  NO.   NAME      VALUE            ERROR          SIZE      DERIVATIVE 
   1  norm         5.58715e+05   5.51406e+01   1.72503e+03  -2.86838e-03
   2  Q            5.65078e-01   4.86601e-06   5.55071e-04  -2.77703e+03
   3  theta       -8.31372e-05   5.72632e-04   1.85746e-02  -6.85860e+02
   4  pileup       9.99754e-04   1.79424e-07   2.09865e-05   1.73355e+06
 MINUIT WARNING IN MIGRAD  
 ============== Negative diagonal element 2 in Error Matrix
 MINUIT WARNING IN MIGRAD  
 ============== 1 added to diagonal of error matrix
 MIGRAD FAILS TO FIND IMPROVEMENT
 MIGRAD TERMINATED WITHOUT CONVERGENCE.
 FCN=-2.37863e+11 FROM MIGRAD    STATUS=FAILED        101 CALLS         974 TOTAL
                     EDM=3.33507e+07    STRATEGY= 1      ERR MATRIX NOT POS-DEF
  EXT PARAMETER                APPROXIMATE        STEP         FIRST   
  NO.   NAME      VALUE            ERROR          SIZE      DERIVATIVE 
   1  norm         5.58715e+05   6.51253e+00  -0.00000e+00  -6.34426e-02
   2  Q            5.65078e-01   1.00000e+00  -0.00000e+00   3.98422e+09
   3  theta       -8.35504e-05   1.00000e+00  -0.00000e+00   1.46601e+04
   4  pileup       9.99752e-04   1.00000e+00   0.00000e+00  -2.68634e+07
 EXTERNAL ERROR MATRIX.    NDIM=  25    NPAR=  4    ERR DEF=1
  4.241e+01 -1.193e-10  1.631e-04 -3.313e-08 
 -1.193e-10  1.000e+00  5.001e-16  3.743e-18 
  1.631e-04  5.001e-16  1.000e+00  2.493e-12 
 -3.313e-08  3.743e-18  2.493e-12  1.000e+00 
ERR MATRIX NOT POS-DEF
 PARAMETER  CORRELATION COEFFICIENTS  
       NO.  GLOBAL      1      2      3      4
        1  0.00003   1.000 -0.000  0.000 -0.000
        2  0.00000  -0.000  1.000  0.000  0.000
        3  0.00003   0.000  0.000  1.000  0.000
        4  0.00000  -0.000  0.000  0.000  1.000
 ERR MATRIX NOT POS-DEF
status of the fit-----000------4
1  558715
2  0.565078
3  -8.35504e-05
4  0.000999752
