  *******************************************
  *                                         *
  *        W E L C O M E  to  R O O T       *
  *                                         *
  *   Version   5.34/36      5 April 2016   *
  *                                         *
  *  You are welcome to visit our Web site  *
  *          http://root.cern.ch            *
  *                                         *
  *******************************************

ROOT 5.34/36 (v5-34-36@v5-34-36, Apr 05 2016, 10:25:45 on linuxx8664gcc)

CINT/ROOT C/C++ Interpreter version 5.18.00, July 2, 2010
Type ? for help. Commands must be C++ statements.
Enclose multiple statements between { }.
Loading root init file.
The rat/rootinit.C file loaded the DEAP style for you, which is available from the fStyle pointer.
DEAP style applied. 
RAT: Libraries loaded.

Processing /home/fatemigh/projects/rpp-jillings/fatemigh/sterile/Likelihood/LikelihoodSterile_modified6.C+(196)...
pased here
566 lines read from file
31
spec_E  566
Before entering fitting
 **********
 **    1 **SET PRINT           2
 **********
 **********
 **    2 **SET NOGRAD
 **********
 PARAMETER DEFINITIONS:
    NO.   NAME         VALUE      STEP SIZE      LIMITS
     1 p0           5.58000e+05  1.67400e+05     no limits
     2 p1           5.65000e-01  1.69500e-01     no limits
     3 p2           0.00000e+00  3.00000e-01     no limits
     4 p3           9.99871e-04  2.99961e-04     no limits
 **********
 **    3 **SET ERR         0.5
 **********
 **********
 **    4 **SET PRINT           2
 **********
 **********
 **    5 **SET STR           1
 **********
 NOW USING STRATEGY  1: TRY TO BALANCE SPEED AGAINST RELIABILITY
 **********
 **    6 **MIGRAD        1480        0.01
 **********
 FIRST CALL TO USER FUNCTION AT NEW START POINT, WITH IFLAG=4.
 START MIGRAD MINIMIZATION.  STRATEGY  1.  CONVERGENCE WHEN EDM .LT. 1.00e-05
 FCN=17438.3 FROM MIGRAD    STATUS=INITIATE       18 CALLS          19 TOTAL
                     EDM= unknown      STRATEGY= 1      NO ERROR MATRIX       
  EXT PARAMETER               CURRENT GUESS       STEP         FIRST   
  NO.   NAME      VALUE            ERROR          SIZE      DERIVATIVE 
   1  p0           5.58000e+05   1.67400e+05   1.67400e+05  -3.63933e+01
   2  p1           5.65000e-01   1.69500e-01   1.69500e-01  -1.12971e+08
   3  p2           0.00000e+00   3.00000e-01   3.00000e-01   0.00000e+00
   4  p3           9.99871e-04   2.99961e-04   2.99961e-04  -9.77404e+08
                               ERR DEF= 0.5
NO ERROR MATRIX       
 FCN=519.858 FROM MIGRAD    STATUS=PROGRESS       34 CALLS          35 TOTAL
                     EDM=1425.47    STRATEGY= 1      NO ERROR MATRIX       
  EXT PARAMETER               CURRENT GUESS       STEP         FIRST   
  NO.   NAME      VALUE            ERROR          SIZE      DERIVATIVE 
   1  p0           5.58441e+05   1.67400e+05   4.41125e+02  -8.32867e-01
   2  p1           5.65142e-01   1.69500e-01   1.42252e-04  -2.55919e+06
   3  p2           0.00000e+00   3.00000e-01  -0.00000e+00   0.00000e+00
   4  p3           1.00163e-03   2.99961e-04   1.75651e-06   4.17608e+08
                               ERR DEF= 0.5
 MIGRAD MINIMIZATION HAS CONVERGED.
 MIGRAD WILL VERIFY CONVERGENCE AND ERROR MATRIX.
   START COVARIANCE MATRIX CALCULATION.
 MINUIT WARNING IN HESSE   
 ============== Negative diagonal element 3 in Error Matrix
 MINUIT WARNING IN HESSE   
 ============== 40923.7 added to diagonal of error matrix
 EIGENVALUES OF SECOND-DERIVATIVE MATRIX:
        -2.2479e+00  9.9999e-01  1.0776e+00  4.1703e+00
 MINUIT WARNING IN HESSE   
 ============== MATRIX FORCED POS-DEF BY ADDING 2.252091 TO DIAGONAL.
 FCN=83.3241 FROM MIGRAD    STATUS=CONVERGED      82 CALLS          83 TOTAL
                     EDM=1.66358e-07    STRATEGY= 1      ERR MATRIX NOT POS-DEF
  EXT PARAMETER                APPROXIMATE        STEP         FIRST   
  NO.   NAME      VALUE            ERROR          SIZE      DERIVATIVE 
   1  p0           5.58479e+05   2.74127e-03   2.66304e-01  -6.07843e-05
   2  p1           5.65154e-01   4.00092e-06   2.69487e-07   1.55129e+02
   3  p2           0.00000e+00   1.08262e+01   2.99056e-05   0.00000e+00
   4  p3           9.99689e-04   6.96026e-07   4.76689e-10   1.41682e+03
                               ERR DEF= 0.5
 EXTERNAL ERROR MATRIX.    NDIM=  25    NPAR=  4    ERR DEF=0.5
  7.515e-06 -1.038e-10 -2.867e-04  1.840e-11 
 -1.038e-10  1.601e-11  4.216e-05 -2.710e-12 
 -2.867e-04  4.216e-05  1.172e+02 -7.525e-06 
  1.840e-11 -2.710e-12 -7.525e-06  4.845e-13 
ERR MATRIX NOT POS-DEF
 PARAMETER  CORRELATION COEFFICIENTS  
       NO.  GLOBAL      1      2      3      4
        1  0.00967   1.000 -0.009 -0.010  0.010
        2  0.97355  -0.009  1.000  0.973 -0.973
        3  0.99869  -0.010  0.973  1.000 -0.999
        4  0.99869   0.010 -0.973 -0.999  1.000
 ERR MATRIX NOT POS-DEF
 **********
 **    7 **HESSE        1480
 **********
   START COVARIANCE MATRIX CALCULATION.
 MINUIT WARNING IN HESSE   
 ============== Negative diagonal element 3 in Error Matrix
 MINUIT WARNING IN HESSE   
 ============== 40923.7 added to diagonal of error matrix
 EIGENVALUES OF SECOND-DERIVATIVE MATRIX:
         4.2275e-01  1.0000e+00  1.0908e+00  1.4864e+00
 COVARIANCE MATRIX CALCULATED SUCCESSFULLY
 FCN=83.3241 FROM HESSE     STATUS=OK             31 CALLS         114 TOTAL
                     EDM=7.41018e-06    STRATEGY= 1      ERROR MATRIX ACCURATE 
  EXT PARAMETER                                INTERNAL      INTERNAL  
  NO.   NAME      VALUE            ERROR       STEP SIZE       VALUE   
   1  p0           5.58479e+05   4.94325e-03   1.15120e+00   5.58479e+05
   2  p1           5.65154e-01   1.98303e-06   1.34743e-07   5.65154e-01
   3  p2           0.00000e+00   1.13529e+00   2.99056e-05   0.00000e+00
   4  p3           9.99689e-04   6.88183e-08   1.43566e-08   9.99689e-04
                               ERR DEF= 0.5
 EXTERNAL ERROR MATRIX.    NDIM=  25    NPAR=  4    ERR DEF=0.5
  2.444e-05 -1.178e-11 -4.791e-06  7.844e-14 
 -1.178e-11  3.932e-12  1.050e-06 -5.677e-14 
 -4.791e-06  1.050e-06  1.289e+00 -2.095e-08 
  7.844e-14 -5.677e-14 -2.095e-08  4.736e-15 
 PARAMETER  CORRELATION COEFFICIENTS  
       NO.  GLOBAL      1      2      3      4
        1  0.00129   1.000 -0.001 -0.001  0.000
        2  0.55556  -0.001  1.000  0.466 -0.416
        3  0.47342  -0.001  0.466  1.000 -0.268
        4  0.42434   0.000 -0.416 -0.268  1.000
 EXTERNAL ERROR MATRIX.    NDIM=   4    NPAR=  4    ERR DEF=0.5
  2.444e-05 -1.178e-11 -4.791e-06  7.844e-14 
 -1.178e-11  3.932e-12  1.050e-06 -5.677e-14 
 -4.791e-06  1.050e-06  1.289e+00 -2.095e-08 
  7.844e-14 -5.677e-14 -2.095e-08  4.736e-15 
 FCN=83.3241 FROM HESSE     STATUS=OK             31 CALLS         114 TOTAL
                     EDM=7.41018e-06    STRATEGY= 1      ERROR MATRIX ACCURATE 
  EXT PARAMETER                  PARABOLIC         MINOS ERRORS        
  NO.   NAME      VALUE            ERROR      NEGATIVE      POSITIVE   
   1  p0           5.58479e+05   4.94325e-03                            
   2  p1           5.65154e-01   1.98303e-06                            
   3  p2           0.00000e+00   1.13529e+00                            
   4  p3           9.99689e-04   6.88183e-08                            
                               ERR DEF= 0.5
------------------------------------------
Enering ROOFIt-------
 PARAMETER DEFINITIONS:
    NO.   NAME         VALUE      STEP SIZE      LIMITS
     1 norm         5.58479e+05  1.00000e-01     no limits
     2 Q            5.65000e-01  1.00000e-01     no limits
     3 theta        0.00000e+00  1.00000e-01     no limits
     4 pileup       9.99689e-04  1.00000e-01     no limits
 **********
 **    1 **MIGRAD
 **********
 FIRST CALL TO USER FUNCTION AT NEW START POINT, WITH IFLAG=4.
 START MIGRAD MINIMIZATION.  STRATEGY  1.  CONVERGENCE WHEN EDM .LT. 1.00e-04
 FCN=-2.37861e+11 FROM MIGRAD    STATUS=INITIATE       14 CALLS          15 TOTAL
                     EDM= unknown      STRATEGY= 1      NO ERROR MATRIX       
  EXT PARAMETER               CURRENT GUESS       STEP         FIRST   
  NO.   NAME      VALUE            ERROR          SIZE      DERIVATIVE 
   1  norm         5.58479e+05   1.00000e-01   1.00000e-01  -1.82935e+01
   2  Q            5.65000e-01   1.00000e-01   1.00000e-01  -2.72191e+08
   3  theta        0.00000e+00   1.00000e-01   1.00000e-01   0.00000e+00
   4  pileup       9.99689e-04   1.00000e-01   1.00000e-01  -9.18657e+11
 MIGRAD FAILS TO FIND IMPROVEMENT
 EIGENVALUES OF SECOND-DERIVATIVE MATRIX:
        -1.0368e-01  4.8901e-01  6.6596e-01  2.9487e+00
 MINUIT WARNING IN HESSE   
 ============== MATRIX FORCED POS-DEF BY ADDING 0.106630 TO DIAGONAL.
 FCN=-2.37861e+11 FROM HESSE     STATUS=NOT POSDEF     27 CALLS          93 TOTAL
                     EDM=743.928    STRATEGY= 1      ERR MATRIX NOT POS-DEF
  EXT PARAMETER                APPROXIMATE        STEP         FIRST   
  NO.   NAME      VALUE            ERROR          SIZE      DERIVATIVE 
   1  norm         5.58895e+05   1.41130e+01   2.66304e+02   5.28632e-01
   2  Q            5.65005e-01   4.95676e-06   5.55013e-04   1.67502e+06
   3  theta        0.00000e+00   9.51901e-03   1.16511e-01   0.00000e+00
   4  pileup       1.00197e-03   9.77293e-08   2.10157e-05   5.30992e+08
 MIGRAD FAILS TO FIND IMPROVEMENT
 MACHINE ACCURACY LIMITS FURTHER IMPROVEMENT.
 MIGRAD MINIMIZATION HAS CONVERGED.
 MIGRAD WILL VERIFY CONVERGENCE AND ERROR MATRIX.
 EIGENVALUES OF SECOND-DERIVATIVE MATRIX:
        -4.0252e-04  4.0192e-01  8.5176e-01  2.7467e+00
 MINUIT WARNING IN HESSE   
 ============== MATRIX FORCED POS-DEF BY ADDING 0.003149 TO DIAGONAL.
 MIGRAD TERMINATED WITHOUT CONVERGENCE.
 FCN=-2.37861e+11 FROM MIGRAD    STATUS=FAILED        178 CALLS         179 TOTAL
                     EDM=5.39566    STRATEGY= 1      ERR MATRIX NOT POS-DEF
  EXT PARAMETER                APPROXIMATE        STEP         FIRST   
  NO.   NAME      VALUE            ERROR          SIZE      DERIVATIVE 
   1  norm         5.58941e+05   9.72890e+01   1.72560e+03  -7.23225e-02
   2  Q            5.65004e-01   3.16554e-05   9.41880e-05  -2.23543e+05
   3  theta       -2.13973e-03   1.02421e-03   1.06792e-01   7.33458e+01
   4  pileup       9.99844e-04   1.02693e-07   2.09852e-05   3.08519e+07
 EXTERNAL ERROR MATRIX.    NDIM=  25    NPAR=  4    ERR DEF=1
  9.465e+03 -3.067e-03 -1.931e-02 -6.398e-07 
 -3.067e-03  1.002e-09  7.827e-09  1.943e-13 
 -1.931e-02  7.827e-09  1.049e-06  4.339e-11 
 -6.398e-07  1.943e-13  4.339e-11  1.055e-14 
ERR MATRIX NOT POS-DEF
 PARAMETER  CORRELATION COEFFICIENTS  
       NO.  GLOBAL      1      2      3      4
        1  0.99723   1.000 -0.996 -0.194 -0.064
        2  0.99730  -0.996  1.000  0.241  0.060
        3  0.70150  -0.194  0.241  1.000  0.413
        4  0.51563  -0.064  0.060  0.413  1.000
 ERR MATRIX NOT POS-DEF
 **********
 **    2 **MIGRAD 
 **********
 START MIGRAD MINIMIZATION.  STRATEGY  1.  CONVERGENCE WHEN EDM .LT. 1.00e-04
 FCN=-2.37861e+11 FROM MIGRAD    STATUS=INITIATE        8 CALLS         187 TOTAL
                     EDM=2.69761    STRATEGY= 1      ERR MATRIX NOT POS-DEF
  EXT PARAMETER                APPROXIMATE        STEP         FIRST   
  NO.   NAME      VALUE            ERROR          SIZE      DERIVATIVE 
   1  norm         5.58941e+05   9.72890e+01   1.72560e+03  -8.25571e-02
   2  Q            5.65004e-01   3.16554e-05   9.41880e-05  -2.23222e+05
   3  theta       -2.13973e-03   1.02421e-03   1.06792e-01  -2.48449e+03
   4  pileup       9.99844e-04   1.02693e-07   2.09852e-05   2.63421e+07
 MIGRAD FAILS TO FIND IMPROVEMENT
 MACHINE ACCURACY LIMITS FURTHER IMPROVEMENT.
 MIGRAD MINIMIZATION HAS CONVERGED.
 MIGRAD WILL VERIFY CONVERGENCE AND ERROR MATRIX.
 EIGENVALUES OF SECOND-DERIVATIVE MATRIX:
        -2.7725e-04  3.9075e-01  8.5250e-01  2.7570e+00
 MINUIT WARNING IN HESSE   
 ============== MATRIX FORCED POS-DEF BY ADDING 0.003034 TO DIAGONAL.
 FCN=-2.37861e+11 FROM HESSE     STATUS=NOT POSDEF     29 CALLS         273 TOTAL
                     EDM=1.71803    STRATEGY= 1      ERR MATRIX NOT POS-DEF
  EXT PARAMETER                APPROXIMATE        STEP         FIRST   
  NO.   NAME      VALUE            ERROR          SIZE      DERIVATIVE 
   1  norm         5.58972e+05   9.75709e+01   1.72583e+03   1.74681e-01
   2  Q            5.64997e-01   3.14584e-05   9.47504e-05   5.43122e+05
   3  theta       -1.38918e-03   2.64729e-03   4.27167e-02   8.01220e+01
   4  pileup       9.99761e-04   1.03038e-07   2.09853e-05   1.89230e+07
 MIGRAD FAILS TO FIND IMPROVEMENT
 MACHINE ACCURACY LIMITS FURTHER IMPROVEMENT.
 MIGRAD MINIMIZATION HAS CONVERGED.
 MIGRAD WILL VERIFY CONVERGENCE AND ERROR MATRIX.
 EIGENVALUES OF SECOND-DERIVATIVE MATRIX:
        -3.7919e-04  5.7339e-01  8.6077e-01  2.5662e+00
 MINUIT WARNING IN HESSE   
 ============== MATRIX FORCED POS-DEF BY ADDING 0.002945 TO DIAGONAL.
 MIGRAD TERMINATED WITHOUT CONVERGENCE.
 FCN=-2.37861e+11 FROM MIGRAD    STATUS=FAILED        144 CALLS         323 TOTAL
                     EDM=0.0924856    STRATEGY= 1      ERR MATRIX NOT POS-DEF
  EXT PARAMETER                APPROXIMATE        STEP         FIRST   
  NO.   NAME      VALUE            ERROR          SIZE      DERIVATIVE 
   1  norm         5.58971e+05   1.01238e+02   6.90333e+02  -3.03735e-02
   2  Q            5.64996e-01   3.25576e-05   1.89501e-04  -9.57089e+04
   3  theta       -2.62160e-03   5.85044e-03   1.70867e-02   6.33153e+01
   4  pileup       9.99710e-04   9.78248e-08   8.39411e-06   1.23878e+06
 EXTERNAL ERROR MATRIX.    NDIM=  25    NPAR=  4    ERR DEF=1
  1.025e+04 -3.285e-03  1.845e-02  1.917e-07 
 -3.285e-03  1.060e-09  5.009e-11 -1.110e-13 
  1.845e-02  5.009e-11  3.423e-05  1.671e-10 
  1.917e-07 -1.110e-13  1.671e-10  9.570e-15 
ERR MATRIX NOT POS-DEF
 PARAMETER  CORRELATION COEFFICIENTS  
       NO.  GLOBAL      1      2      3      4
        1  0.99744   1.000 -0.997  0.031  0.019
        2  0.99744  -0.997  1.000  0.000 -0.035
        3  0.53207   0.031  0.000  1.000  0.292
        4  0.43690   0.019 -0.035  0.292  1.000
 ERR MATRIX NOT POS-DEF
status of the fit-----000------4
1  558971
2  0.564996
3  -0.0026216
4  0.00099971
 PARAMETER DEFINITIONS:
    NO.   NAME         VALUE      STEP SIZE      LIMITS
     1 norm         5.58971e+05  1.00000e-01     no limits
     2 Q            5.64996e-01  1.00000e-01     no limits
     3 theta       -2.62160e-03  1.00000e-01     no limits
     4 pileup       9.99710e-04  1.00000e-01     no limits
 **********
 **    3 **MIGRAD
 **********
 FIRST CALL TO USER FUNCTION AT NEW START POINT, WITH IFLAG=4.
 START MIGRAD MINIMIZATION.  STRATEGY  1.  CONVERGENCE WHEN EDM .LT. 1.00e-04
 FCN=-2.37861e+11 FROM MIGRAD    STATUS=INITIATE       14 CALLS         338 TOTAL
                     EDM= unknown      STRATEGY= 1      NO ERROR MATRIX       
  EXT PARAMETER               CURRENT GUESS       STEP         FIRST   
  NO.   NAME      VALUE            ERROR          SIZE      DERIVATIVE 
   1  norm         5.58971e+05   1.00000e-01   1.00000e-01  -3.03816e-02
   2  Q            5.64996e-01   1.00000e-01   1.00000e-01   6.98423e+06
   3  theta       -2.62160e-03   1.00000e-01   1.00000e-01  -1.73540e+04
   4  pileup       9.99710e-04   1.00000e-01   1.00000e-01  -9.18007e+11
 MIGRAD FAILS TO FIND IMPROVEMENT
 COVARIANCE MATRIX CALCULATED SUCCESSFULLY
 FCN=-2.37861e+11 FROM HESSE     STATUS=OK             29 CALLS         378 TOTAL
                     EDM=0.169693    STRATEGY= 1      ERROR MATRIX ACCURATE 
  EXT PARAMETER                                   STEP         FIRST   
  NO.   NAME      VALUE            ERROR          SIZE      DERIVATIVE 
   1  norm         5.58971e+05   3.29824e+01   2.66538e+00  -3.05991e-02
   2  Q            5.64996e-01   2.82391e-06   1.00000e-03  -9.57246e+04
   3  theta       -2.62160e-03   2.39343e-03   1.00000e-01   3.62663e+01
   4  pileup       9.99710e-04   9.24346e-08   1.00000e-02   6.53173e+05
 MIGRAD FAILS TO FIND IMPROVEMENT
 MACHINE ACCURACY LIMITS FURTHER IMPROVEMENT.
 MIGRAD MINIMIZATION HAS CONVERGED.
 MIGRAD WILL VERIFY CONVERGENCE AND ERROR MATRIX.
 EIGENVALUES OF SECOND-DERIVATIVE MATRIX:
        -1.7576e-04  4.6947e-01  8.5445e-01  2.6763e+00
 MINUIT WARNING IN HESSE   
 ============== MATRIX FORCED POS-DEF BY ADDING 0.002852 TO DIAGONAL.
 MIGRAD TERMINATED WITHOUT CONVERGENCE.
 FCN=-2.37861e+11 FROM MIGRAD    STATUS=FAILED        155 CALLS         479 TOTAL
                     EDM=0.0527947    STRATEGY= 1      ERR MATRIX NOT POS-DEF
  EXT PARAMETER                APPROXIMATE        STEP         FIRST   
  NO.   NAME      VALUE            ERROR          SIZE      DERIVATIVE 
   1  norm         5.58972e+05   9.90489e+01   5.33076e+02   5.36987e-03
   2  Q            5.64996e-01   3.19164e-05   9.41487e-05   1.53879e+04
   3  theta       -2.69712e-03   2.34368e-03   4.31508e-02   7.10591e+01
   4  pileup       9.99710e-04   1.00288e-07   2.09844e-05   2.09908e+06
 EXTERNAL ERROR MATRIX.    NDIM=  25    NPAR=  4    ERR DEF=1
  9.811e+03 -3.149e-03 -3.604e-03  3.840e-08 
 -3.149e-03  1.019e-09  4.238e-09 -4.329e-14 
 -3.604e-03  4.238e-09  5.493e-06  8.472e-11 
  3.840e-08 -4.329e-14  8.472e-11  1.006e-14 
ERR MATRIX NOT POS-DEF
 PARAMETER  CORRELATION COEFFICIENTS  
       NO.  GLOBAL      1      2      3      4
        1  0.99733   1.000 -0.996 -0.016  0.004
        2  0.99734  -0.996  1.000  0.057 -0.014
        3  0.62650  -0.016  0.057  1.000  0.360
        4  0.47975   0.004 -0.014  0.360  1.000
 ERR MATRIX NOT POS-DEF
 **********
 **    4 **MIGRAD 
 **********
 START MIGRAD MINIMIZATION.  STRATEGY  1.  CONVERGENCE WHEN EDM .LT. 1.00e-04
 FCN=-2.37861e+11 FROM MIGRAD    STATUS=INITIATE        8 CALLS         487 TOTAL
                     EDM=0.336491    STRATEGY= 1      ERR MATRIX NOT POS-DEF
  EXT PARAMETER                APPROXIMATE        STEP         FIRST   
  NO.   NAME      VALUE            ERROR          SIZE      DERIVATIVE 
   1  norm         5.58972e+05   9.90489e+01   5.33076e+02   4.39250e-03
   2  Q            5.64996e-01   3.19164e-05   9.41487e-05   1.57036e+04
   3  theta       -2.69712e-03   2.34368e-03   4.31508e-02  -4.55371e+02
   4  pileup       9.99710e-04   1.00288e-07   2.09844e-05  -2.41198e+06
 MIGRAD FAILS TO FIND IMPROVEMENT
 MACHINE ACCURACY LIMITS FURTHER IMPROVEMENT.
 MIGRAD MINIMIZATION HAS CONVERGED.
 MIGRAD WILL VERIFY CONVERGENCE AND ERROR MATRIX.
 EIGENVALUES OF SECOND-DERIVATIVE MATRIX:
        -3.3938e-04  5.6748e-01  8.6019e-01  2.5727e+00
 MINUIT WARNING IN HESSE   
 ============== MATRIX FORCED POS-DEF BY ADDING 0.002912 TO DIAGONAL.
 FCN=-2.37861e+11 FROM HESSE     STATUS=NOT POSDEF     29 CALLS         527 TOTAL
                     EDM=0.0790292    STRATEGY= 1      ERR MATRIX NOT POS-DEF
  EXT PARAMETER                APPROXIMATE        STEP         FIRST   
  NO.   NAME      VALUE            ERROR          SIZE      DERIVATIVE 
   1  norm         5.58972e+05   1.01114e+02   2.13230e+02   5.37595e-03
   2  Q            5.64996e-01   3.25162e-05   1.88297e-04   1.53976e+04
   3  theta       -2.69712e-03   5.92549e-03   1.72603e-02   7.55854e+01
   4  pileup       9.99710e-04   9.79439e-08   8.39378e-06   2.13722e+06
 EIGENVALUES OF SECOND-DERIVATIVE MATRIX:
        -7.6805e-03  4.7308e-01  1.4957e+00  2.0389e+00
 MINUIT WARNING IN MIGRAD  
 ============== MATRIX FORCED POS-DEF BY ADDING 0.009719 TO DIAGONAL.
 MIGRAD FAILS TO FIND IMPROVEMENT
 MIGRAD TERMINATED WITHOUT CONVERGENCE.
 FCN=-2.37861e+11 FROM MIGRAD    STATUS=FAILED         85 CALLS         564 TOTAL
                     EDM=2.88442e+07    STRATEGY= 1      ERR MATRIX NOT POS-DEF
  EXT PARAMETER                APPROXIMATE        STEP         FIRST   
  NO.   NAME      VALUE            ERROR          SIZE      DERIVATIVE 
   1  norm         5.58969e+05   7.40142e+00   0.00000e+00  -5.15162e-02
   2  Q            5.64997e-01   1.53785e-07  -0.00000e+00  -3.30140e+08
   3  theta       -3.79141e-03   4.30796e-03   0.00000e+00  -1.19107e+04
   4  pileup       9.99699e-04   8.77885e-08   0.00000e+00  -3.07511e+07
 EXTERNAL ERROR MATRIX.    NDIM=  25    NPAR=  4    ERR DEF=1
  5.478e+01 -1.135e-07  3.898e-03 -3.340e-07 
 -1.135e-07  2.365e-14 -6.604e-10 -3.103e-16 
  3.898e-03 -6.604e-10  1.856e-05 -8.918e-12 
 -3.340e-07 -3.103e-16 -8.918e-12  7.707e-15 
ERR MATRIX NOT POS-DEF
 PARAMETER  CORRELATION COEFFICIENTS  
       NO.  GLOBAL      1      2      3      4
        1  0.52632   1.000 -0.100  0.122 -0.514
        2  0.99798  -0.100  1.000 -0.997 -0.023
        3  0.99798   0.122 -0.997  1.000 -0.024
        4  0.69322  -0.514 -0.023 -0.024  1.000
 ERR MATRIX NOT POS-DEF
status of the fit-----000------4
1  558969
2  0.564997
3  -0.00379141
4  0.000999699
 PARAMETER DEFINITIONS:
    NO.   NAME         VALUE      STEP SIZE      LIMITS
     1 norm         5.58969e+05  1.00000e-01     no limits
     2 Q            5.64997e-01  1.00000e-01     no limits
     3 theta       -3.79141e-03  1.00000e-01     no limits
     4 pileup       9.99699e-04  1.00000e-01     no limits
 **********
 **    5 **MIGRAD
 **********
 FIRST CALL TO USER FUNCTION AT NEW START POINT, WITH IFLAG=4.
 START MIGRAD MINIMIZATION.  STRATEGY  1.  CONVERGENCE WHEN EDM .LT. 1.00e-04
 FCN=-2.37861e+11 FROM MIGRAD    STATUS=INITIATE       14 CALLS         579 TOTAL
                     EDM= unknown      STRATEGY= 1      NO ERROR MATRIX       
  EXT PARAMETER               CURRENT GUESS       STEP         FIRST   
  NO.   NAME      VALUE            ERROR          SIZE      DERIVATIVE 
   1  norm         5.58969e+05   1.00000e-01   1.00000e-01  -3.57286e-02
   2  Q            5.64997e-01   1.00000e-01   1.00000e-01   6.64980e+06
   3  theta       -3.79141e-03   1.00000e-01   1.00000e-01  -2.51193e+04
   4  pileup       9.99699e-04   1.00000e-01   1.00000e-01  -9.18008e+11
 MIGRAD FAILS TO FIND IMPROVEMENT
 COVARIANCE MATRIX CALCULATED SUCCESSFULLY
 FCN=-2.37861e+11 FROM HESSE     STATUS=OK             29 CALLS         619 TOTAL
                     EDM=0.522611    STRATEGY= 1      ERROR MATRIX ACCURATE 
  EXT PARAMETER                                   STEP         FIRST   
  NO.   NAME      VALUE            ERROR          SIZE      DERIVATIVE 
   1  norm         5.58969e+05   2.87783e+01   2.66537e+00  -3.56370e-02
   2  Q            5.64997e-01   2.36890e-06   1.00000e-03  -1.12825e+05
   3  theta       -3.79141e-03   1.97746e-03   1.00000e-01  -9.33186e+02
   4  pileup       9.99699e-04   9.24345e-08   1.00000e-02  -2.85496e+06
 MIGRAD FAILS TO FIND IMPROVEMENT
 MACHINE ACCURACY LIMITS FURTHER IMPROVEMENT.
 MIGRAD MINIMIZATION HAS CONVERGED.
 MIGRAD WILL VERIFY CONVERGENCE AND ERROR MATRIX.
 COVARIANCE MATRIX CALCULATED SUCCESSFULLY
 MIGRAD TERMINATED WITHOUT CONVERGENCE.
 FCN=-2.37861e+11 FROM MIGRAD    STATUS=FAILED        172 CALLS         737 TOTAL
                     EDM=0.00519317    STRATEGY= 1      ERR MATRIX APPROXIMATE
  EXT PARAMETER                APPROXIMATE        STEP         FIRST   
  NO.   NAME      VALUE            ERROR          SIZE      DERIVATIVE 
   1  norm         5.58970e+05   8.87283e+00   1.72583e+03   2.23976e-03
   2  Q            5.64997e-01   8.05492e-07   5.54945e-04   5.65333e+03
   3  theta       -3.79314e-03   1.70918e-03   9.77462e-02   5.23268e+01
   4  pileup       9.99704e-04   1.03749e-07   2.09843e-05  -6.76615e+04
 EXTERNAL ERROR MATRIX.    NDIM=  25    NPAR=  4    ERR DEF=1
  7.873e+01  6.063e-07  5.566e-03 -9.037e-08 
  6.063e-07  6.488e-13  1.088e-09 -1.750e-14 
  5.566e-03  1.088e-09  2.921e-06  1.156e-11 
 -9.037e-08 -1.750e-14  1.156e-11  1.076e-14 
ERR MATRIX APPROXIMATE
 PARAMETER  CORRELATION COEFFICIENTS  
       NO.  GLOBAL      1      2      3      4
        1  0.57696   1.000  0.085  0.367 -0.098
        2  0.87126   0.085  1.000  0.790 -0.209
        3  0.88524   0.367  0.790  1.000  0.065
        4  0.52786  -0.098 -0.209  0.065  1.000
 ERR MATRIX APPROXIMATE
 **********
 **    6 **MIGRAD 
 **********
 START MIGRAD MINIMIZATION.  STRATEGY  1.  CONVERGENCE WHEN EDM .LT. 1.00e-04
 FCN=-2.37861e+11 FROM MIGRAD    STATUS=INITIATE        8 CALLS         745 TOTAL
                     EDM=10.4879    STRATEGY= 1      ERR MATRIX APPROXIMATE
  EXT PARAMETER                APPROXIMATE        STEP         FIRST   
  NO.   NAME      VALUE            ERROR          SIZE      DERIVATIVE 
   1  norm         5.58970e+05   8.87283e+00   1.72583e+03  -7.99694e-03
   2  Q            5.64997e-01   8.05492e-07   5.54945e-04   5.71742e+03
   3  theta       -3.79314e-03   1.70918e-03   9.77462e-02  -3.74827e+03
   4  pileup       9.99704e-04   1.03749e-07   2.09843e-05  -4.57886e+06
 MIGRAD FAILS TO FIND IMPROVEMENT
 MACHINE ACCURACY LIMITS FURTHER IMPROVEMENT.
 MIGRAD MINIMIZATION HAS CONVERGED.
 MIGRAD WILL VERIFY CONVERGENCE AND ERROR MATRIX.
 EIGENVALUES OF SECOND-DERIVATIVE MATRIX:
        -1.8624e-04  5.3144e-01  8.5751e-01  2.6112e+00
 MINUIT WARNING IN HESSE   
 ============== MATRIX FORCED POS-DEF BY ADDING 0.002797 TO DIAGONAL.
 FCN=-2.37861e+11 FROM HESSE     STATUS=NOT POSDEF     29 CALLS         785 TOTAL
                     EDM=0.0118016    STRATEGY= 1      ERR MATRIX NOT POS-DEF
  EXT PARAMETER                APPROXIMATE        STEP         FIRST   
  NO.   NAME      VALUE            ERROR          SIZE      DERIVATIVE 
   1  norm         5.58970e+05   1.00296e+02   6.90331e+02   2.32419e-03
   2  Q            5.64997e-01   3.22996e-05   9.41482e-05   5.64497e+03
   3  theta       -3.79314e-03   2.43086e-03   3.90985e-02   8.45120e+01
   4  pileup       9.99704e-04   9.87197e-08   8.39373e-06  -2.90861e+04
 EIGENVALUES OF SECOND-DERIVATIVE MATRIX:
        -8.3444e-02  4.7808e-01  1.1226e+00  2.4828e+00
 MINUIT WARNING IN MIGRAD  
 ============== MATRIX FORCED POS-DEF BY ADDING 0.085927 TO DIAGONAL.
 MIGRAD TERMINATED WITHOUT CONVERGENCE.
 FCN=-2.37861e+11 FROM MIGRAD    STATUS=FAILED        113 CALLS         850 TOTAL
                     EDM=343.97    STRATEGY= 1      ERR MATRIX NOT POS-DEF
  EXT PARAMETER                APPROXIMATE        STEP         FIRST   
  NO.   NAME      VALUE            ERROR          SIZE      DERIVATIVE 
   1  norm         5.58967e+05   7.44889e+00   1.87649e-01  -7.90771e-02
   2  Q            5.64997e-01   2.04003e-08   9.12421e-09  -2.39747e+08
   3  theta       -4.03702e-03   1.32789e-04   6.12100e-05  -3.72038e+04
   4  pileup       9.99703e-04   9.40607e-08   2.19987e-09  -2.94004e+07
 EXTERNAL ERROR MATRIX.    NDIM=  25    NPAR=  4    ERR DEF=1
  5.549e+01  1.234e-08  9.873e-05 -3.045e-07 
  1.234e-08 -4.162e-16 -2.718e-12 -4.474e-16 
  9.873e-05 -2.718e-12 -1.763e-08 -3.580e-12 
 -3.045e-07 -4.474e-16 -3.580e-12  8.847e-15 
ERR MATRIX NOT POS-DEF
 PARAMETER  CORRELATION COEFFICIENTS  
       NO.  GLOBAL      1      2      3      4
        1  0.00000   1.000  0.081  0.100 -0.435
        2  0.00000   0.081 -1.000 -1.003 -0.233
        3  0.00000   0.100 -1.003 -1.000 -0.287
        4  0.00000  -0.435 -0.233 -0.287  1.000
 ERR MATRIX NOT POS-DEF
status of the fit-----000------4
1  558967
2  0.564997
3  -0.00403702
4  0.000999703
 **********
 **    8 **SET PRINT           2
 **********
 **********
 **    9 **SET NOGRAD
 **********
 PARAMETER DEFINITIONS:
    NO.   NAME         VALUE      STEP SIZE      LIMITS
     1 p0           5.58000e+05  1.67400e+05     no limits
     2 p1           5.65000e-01  1.69500e-01     no limits
     3 p2           0.00000e+00  3.00000e-01     no limits
     4 p3           9.99871e-04  2.99961e-04     no limits
 **********
 **   10 **SET ERR         0.5
 **********
 **********
 **   11 **SET PRINT           2
 **********
 **********
 **   12 **SET STR           1
 **********
 NOW USING STRATEGY  1: TRY TO BALANCE SPEED AGAINST RELIABILITY
 **********
 **   13 **MIGRAD        1480        0.01
 **********
 FIRST CALL TO USER FUNCTION AT NEW START POINT, WITH IFLAG=4.
 START MIGRAD MINIMIZATION.  STRATEGY  1.  CONVERGENCE WHEN EDM .LT. 1.00e-05
 FCN=17741.7 FROM MIGRAD    STATUS=INITIATE       18 CALLS          19 TOTAL
                     EDM= unknown      STRATEGY= 1      NO ERROR MATRIX       
  EXT PARAMETER               CURRENT GUESS       STEP         FIRST   
  NO.   NAME      VALUE            ERROR          SIZE      DERIVATIVE 
   1  p0           5.58000e+05   1.67400e+05   1.67400e+05  -3.67140e+01
   2  p1           5.65000e-01   1.69500e-01   1.69500e-01  -1.13972e+08
   3  p2           0.00000e+00   3.00000e-01   3.00000e-01   0.00000e+00
   4  p3           9.99871e-04   2.99961e-04   2.99961e-04  -9.95045e+08
                               ERR DEF= 0.5
NO ERROR MATRIX       
 FCN=514.278 FROM MIGRAD    STATUS=PROGRESS       34 CALLS          35 TOTAL
                     EDM=1416.76    STRATEGY= 1      NO ERROR MATRIX       
  EXT PARAMETER               CURRENT GUESS       STEP         FIRST   
  NO.   NAME      VALUE            ERROR          SIZE      DERIVATIVE 
   1  p0           5.58445e+05   1.67400e+05   4.44828e+02  -8.36571e-01
   2  p1           5.65143e-01   1.69500e-01   1.43454e-04  -2.57582e+06
   3  p2           0.00000e+00   3.00000e-01  -0.00000e+00   0.00000e+00
   4  p3           1.00166e-03   2.99961e-04   1.78751e-06   4.16139e+08
                               ERR DEF= 0.5
 FCN=79.2495 FROM MIGRAD    STATUS=PROGRESS      143 CALLS         144 TOTAL
                     EDM=0.411489    STRATEGY= 1  ERROR MATRIX UNCERTAINTY  16.5 per cent
  EXT PARAMETER                APPROXIMATE        STEP         FIRST   
  NO.   NAME      VALUE            ERROR          SIZE      DERIVATIVE 
   1  p0           5.57573e+05   1.01824e+03  -3.74405e+01   2.83334e-02
   2  p1           5.65449e-01   3.28618e-04   1.20801e-05   8.59226e+04
   3  p2           0.00000e+00   4.86304e-04  -0.00000e+00   0.00000e+00
   4  p3           9.99721e-04   6.73144e-08  -1.45894e-09   3.99870e+06
                               ERR DEF= 0.5
 MINUIT WARNING IN MIGRAD  
 ============== Negative diagonal element 1 in Error Matrix
 MINUIT WARNING IN MIGRAD  
 ============== Negative diagonal element 2 in Error Matrix
 MINUIT WARNING IN MIGRAD  
 ============== 338074 added to diagonal of error matrix
 EIGENVALUES OF SECOND-DERIVATIVE MATRIX:
         9.9981e-01  1.0000e+00  1.0000e+00  1.0002e+00
 MIGRAD FAILS TO FIND IMPROVEMENT
   START COVARIANCE MATRIX CALCULATION.
 EIGENVALUES OF SECOND-DERIVATIVE MATRIX:
         8.3372e-04  8.1099e-01  1.0120e+00  2.1762e+00
 COVARIANCE MATRIX CALCULATED SUCCESSFULLY
 FCN=79.1418 FROM HESSE     STATUS=OK             23 CALLS         250 TOTAL
                     EDM=0.0228488    STRATEGY= 1      ERROR MATRIX ACCURATE 
  EXT PARAMETER                                   STEP         FIRST   
  NO.   NAME      VALUE            ERROR          SIZE      DERIVATIVE 
   1  p0           5.57415e+05   1.24809e+02   2.65796e-01   2.15535e-02
   2  p1           5.65500e-01   4.04673e-05   2.69652e-07   6.53267e+04
   3  p2           0.00000e+00   1.63488e-02   1.10904e-04   0.00000e+00
   4  p3           9.99715e-04   6.49022e-08   4.76701e-10   3.06568e+06
                               ERR DEF= 0.5
 PARAMETER  CORRELATION COEFFICIENTS  
       NO.  GLOBAL      1      2      3      4
        1  0.99916   1.000 -0.999  0.293  0.253
        2  0.99917  -0.999  1.000 -0.292 -0.267
        3  0.30038   0.293 -0.292  1.000  0.137
        4  0.40816   0.253 -0.267  0.137  1.000
 FCN=79.1396 FROM MIGRAD    STATUS=PROGRESS      259 CALLS         260 TOTAL
                     EDM=0.0210141    STRATEGY= 1      ERROR MATRIX ACCURATE 
  EXT PARAMETER                                   STEP         FIRST   
  NO.   NAME      VALUE            ERROR          SIZE      DERIVATIVE 
   1  p0           5.57414e+05   1.24809e+02  -6.20122e-01   2.05065e-02
   2  p1           5.65500e-01   4.04673e-05   1.96379e-07   6.20420e+04
   3  p2          -3.37950e-05   1.63488e-02  -3.37950e-05  -1.29448e-01
   4  p3           9.99714e-04   6.49022e-08  -5.70156e-10   2.91571e+06
                               ERR DEF= 0.5
 MIGRAD FAILS TO FIND IMPROVEMENT
 MIGRAD TERMINATED WITHOUT CONVERGENCE.
 FCN=79.1212 FROM MIGRAD    STATUS=FAILED        377 CALLS         378 TOTAL
                     EDM=135.31    STRATEGY= 1  ERROR MATRIX UNCERTAINTY 100.0 per cent
  EXT PARAMETER                APPROXIMATE        STEP         FIRST   
  NO.   NAME      VALUE            ERROR          SIZE      DERIVATIVE 
   1  p0           5.57413e+05   5.65140e+00   0.00000e+00   1.04249e-03
   2  p1           5.65501e-01   7.28676e-07  -0.00000e+00   9.91531e+05
   3  p2           1.25013e-05   1.07554e-02  -0.00000e+00   9.55286e-02
   4  p3           9.99704e-04   6.46712e-08   0.00000e+00  -3.30947e+04
                               ERR DEF= 0.5
 EXTERNAL ERROR MATRIX.    NDIM=  25    NPAR=  4    ERR DEF=0.5
  3.194e+01 -1.643e-06  3.323e-03 -9.555e-08 
 -1.643e-06  5.310e-13 -3.481e-12 -4.174e-17 
  3.323e-03 -3.481e-12  1.157e-04  2.382e-12 
 -9.555e-08 -4.174e-17  2.382e-12  4.182e-15 
ERR MATRIX APPROXIMATE
 PARAMETER  CORRELATION COEFFICIENTS  
       NO.  GLOBAL      1      2      3      4
        1  0.48031   1.000 -0.399  0.055 -0.261
        2  0.41414  -0.399  1.000 -0.000 -0.001
        3  0.06313   0.055 -0.000  1.000  0.003
        4  0.28621  -0.261 -0.001  0.003  1.000
 ERR MATRIX APPROXIMATE
 FCN=79.1212 FROM MIGRAD    STATUS=FAILED        377 CALLS         378 TOTAL
                     EDM=135.31    STRATEGY= 1  ERROR MATRIX UNCERTAINTY 100.0 per cent
  EXT PARAMETER                  PARABOLIC         MINOS ERRORS        
  NO.   NAME      VALUE            ERROR      NEGATIVE      POSITIVE   
   1  p0           5.57413e+05   5.65140e+00                            
   2  p1           5.65501e-01   7.28676e-07                            
   3  p2           1.25013e-05   1.07554e-02                            
   4  p3           9.99704e-04   6.46712e-08                            
                               ERR DEF= 0.5
 **********
 **   14 **SET PRINT           2
 **********
 **********
 **   15 **SET NOGRAD
 **********
 PARAMETER DEFINITIONS:
    NO.   NAME         VALUE      STEP SIZE      LIMITS
     1 p0           5.57413e+05  5.65140e+00     no limits
     2 p1           5.65501e-01  7.28676e-07     no limits
     3 p2           1.25013e-05  1.07554e-02     no limits
     4 p3           9.99704e-04  6.46712e-08     no limits
 **********
 **   16 **SET ERR         0.5
 **********
 **********
 **   17 **SET PRINT           2
 **********
 **********
 **   18 **SET STR           1
 **********
 NOW USING STRATEGY  1: TRY TO BALANCE SPEED AGAINST RELIABILITY
 **********
 **   19 **MIGRAD        1480        0.01
 **********
 FIRST CALL TO USER FUNCTION AT NEW START POINT, WITH IFLAG=4.
 START MIGRAD MINIMIZATION.  STRATEGY  1.  CONVERGENCE WHEN EDM .LT. 1.00e-05
 FCN=79.1212 FROM MIGRAD    STATUS=INITIATE       12 CALLS          13 TOTAL
                     EDM= unknown      STRATEGY= 1      NO ERROR MATRIX       
  EXT PARAMETER               CURRENT GUESS       STEP         FIRST   
  NO.   NAME      VALUE            ERROR          SIZE      DERIVATIVE 
   1  p0           5.57413e+05   5.65140e+00   5.65140e+00   1.04249e-03
   2  p1           5.65501e-01   7.28676e-07   7.28676e-07   9.91531e+05
   3  p2           1.25013e-05   1.07554e-02   1.07554e-02   8.46368e-02
   4  p3           9.99704e-04   6.46712e-08   6.46712e-08  -3.30947e+04
                               ERR DEF= 0.5
NO ERROR MATRIX       
 FCN=79.1212 FROM MIGRAD    STATUS=PROGRESS       26 CALLS          27 TOTAL
                     EDM=0.254221    STRATEGY= 1      NO ERROR MATRIX       
  EXT PARAMETER               CURRENT GUESS       STEP         FIRST   
  NO.   NAME      VALUE            ERROR          SIZE      DERIVATIVE 
   1  p0           5.57413e+05   5.65140e+00  -8.54376e-04   5.29784e-04
   2  p1           5.65501e-01   7.28676e-07  -4.03616e-09   9.89900e+05
   3  p2           1.21909e-05   1.07554e-02  -3.10454e-07   8.92143e-02
   4  p3           9.99704e-04   6.46712e-08   3.76950e-12  -3.80683e+04
                               ERR DEF= 0.5
 MIGRAD FAILS TO FIND IMPROVEMENT
   START COVARIANCE MATRIX CALCULATION.
 EIGENVALUES OF SECOND-DERIVATIVE MATRIX:
         3.7403e-01  8.0979e-01  1.0009e+00  1.8153e+00
 COVARIANCE MATRIX CALCULATED SUCCESSFULLY
 FCN=79.1212 FROM HESSE     STATUS=OK             29 CALLS          67 TOTAL
                     EDM=0.409609    STRATEGY= 1      ERROR MATRIX ACCURATE 
  EXT PARAMETER                                   STEP         FIRST   
  NO.   NAME      VALUE            ERROR          SIZE      DERIVATIVE 
   1  p0           5.57413e+05   5.39347e+00   2.65795e-01   5.26285e-04
   2  p1           5.65501e-01   4.57722e-07   2.69652e-07   1.97374e+06
   3  p2           1.21909e-05   1.14655e-02   6.66138e-05   2.99362e-01
   4  p3           9.99704e-04   7.98102e-08   4.76696e-10  -4.56052e+04
                               ERR DEF= 0.5
 PARAMETER  CORRELATION COEFFICIENTS  
       NO.  GLOBAL      1      2      3      4
        1  0.32277   1.000 -0.067 -0.009 -0.217
        2  0.61716  -0.067  1.000 -0.079 -0.584
        3  0.13621  -0.009 -0.079  1.000  0.135
        4  0.64384  -0.217 -0.584  0.135  1.000
 FCN=79.1212 FROM MIGRAD    STATUS=PROGRESS       88 CALLS          89 TOTAL
                     EDM=0.102965    STRATEGY= 1      ERROR MATRIX ACCURATE 
  EXT PARAMETER                                   STEP         FIRST   
  NO.   NAME      VALUE            ERROR          SIZE      DERIVATIVE 
   1  p0           5.57413e+05   5.39347e+00   1.14510e-03   5.57717e-04
   2  p1           5.65501e-01   4.57722e-07  -1.55163e-09   9.91924e+05
   3  p2           1.51336e-05   1.14655e-02   2.94274e-06   1.04503e-01
   4  p3           9.99704e-04   7.98102e-08   1.58974e-10  -1.15587e+03
                               ERR DEF= 0.5
 MIGRAD FAILS TO FIND IMPROVEMENT
 MIGRAD TERMINATED WITHOUT CONVERGENCE.
 FCN=79.1212 FROM MIGRAD    STATUS=FAILED         99 CALLS         100 TOTAL
                     EDM=0.102965    STRATEGY= 1  ERROR MATRIX UNCERTAINTY   0.1 per cent
  EXT PARAMETER                APPROXIMATE        STEP         FIRST   
  NO.   NAME      VALUE            ERROR          SIZE      DERIVATIVE 
   1  p0           5.57413e+05   5.38209e+00  -0.00000e+00   5.57717e-04
   2  p1           5.65501e-01   3.98188e-08  -0.00000e+00   9.91924e+05
   3  p2           1.51336e-05   1.14336e-02   0.00000e+00   1.04503e-01
   4  p3           9.99704e-04   6.46187e-08   0.00000e+00  -1.15587e+03
                               ERR DEF= 0.5
 EXTERNAL ERROR MATRIX.    NDIM=  25    NPAR=  4    ERR DEF=0.5
  2.897e+01 -5.030e-09 -8.841e-04 -1.097e-07 
 -5.030e-09  1.586e-15 -2.521e-11  7.107e-18 
 -8.841e-04 -2.521e-11  1.307e-04  8.315e-11 
 -1.097e-07  7.107e-18  8.315e-11  4.176e-15 
ERR MATRIX APPROXIMATE
 PARAMETER  CORRELATION COEFFICIENTS  
       NO.  GLOBAL      1      2      3      4
        1  0.31687   1.000 -0.023 -0.014 -0.315
        2  0.06047  -0.023  1.000 -0.055  0.003
        3  0.12729  -0.014 -0.055  1.000  0.113
        4  0.33341  -0.315  0.003  0.113  1.000
 ERR MATRIX APPROXIMATE
 FCN=79.1212 FROM MIGRAD    STATUS=FAILED         99 CALLS         100 TOTAL
                     EDM=0.102965    STRATEGY= 1  ERROR MATRIX UNCERTAINTY   0.1 per cent
  EXT PARAMETER                  PARABOLIC         MINOS ERRORS        
  NO.   NAME      VALUE            ERROR      NEGATIVE      POSITIVE   
   1  p0           5.57413e+05   5.38209e+00                            
   2  p1           5.65501e-01   3.98188e-08                            
   3  p2           1.51336e-05   1.14336e-02                            
   4  p3           9.99704e-04   6.46187e-08                            
                               ERR DEF= 0.5
 **********
 **   20 **SET PRINT           2
 **********
 **********
 **   21 **SET NOGRAD
 **********
 PARAMETER DEFINITIONS:
    NO.   NAME         VALUE      STEP SIZE      LIMITS
     1 p0           5.57413e+05  5.38209e+00     no limits
     2 p1           5.65501e-01  3.98188e-08     no limits
     3 p2           1.51336e-05  1.14336e-02     no limits
     4 p3           9.99704e-04  6.46187e-08     no limits
 **********
 **   22 **SET ERR         0.5
 **********
 **********
 **   23 **SET PRINT           2
 **********
 **********
 **   24 **SET STR           1
 **********
 NOW USING STRATEGY  1: TRY TO BALANCE SPEED AGAINST RELIABILITY
 **********
 **   25 **MIGRAD        1480        0.01
 **********
 FIRST CALL TO USER FUNCTION AT NEW START POINT, WITH IFLAG=4.
 START MIGRAD MINIMIZATION.  STRATEGY  1.  CONVERGENCE WHEN EDM .LT. 1.00e-05
 FCN=79.1212 FROM MIGRAD    STATUS=INITIATE       12 CALLS          13 TOTAL
                     EDM= unknown      STRATEGY= 1      NO ERROR MATRIX       
  EXT PARAMETER               CURRENT GUESS       STEP         FIRST   
  NO.   NAME      VALUE            ERROR          SIZE      DERIVATIVE 
   1  p0           5.57413e+05   5.38209e+00   5.38209e+00   5.57717e-04
   2  p1           5.65501e-01   3.98188e-08   3.98188e-08   9.91924e+05
   3  p2           1.51336e-05   1.14336e-02   1.14336e-02   1.11409e-01
   4  p3           9.99704e-04   6.46187e-08   6.46187e-08  -1.15587e+03
                               ERR DEF= 0.5
NO ERROR MATRIX       
 FCN=79.1212 FROM MIGRAD    STATUS=PROGRESS       31 CALLS          32 TOTAL
                     EDM=0.254766    STRATEGY= 1      NO ERROR MATRIX       
  EXT PARAMETER               CURRENT GUESS       STEP         FIRST   
  NO.   NAME      VALUE            ERROR          SIZE      DERIVATIVE 
   1  p0           5.57413e+05   5.38209e+00  -1.56015e-05   5.48225e-04
   2  p1           5.65501e-01   3.98188e-08  -1.37831e-10   9.91865e+05
   3  p2           1.51189e-05   1.14336e-02  -1.46836e-08   1.23831e-01
   4  p3           9.99704e-04   6.46187e-08   4.43466e-15  -8.52006e+03
                               ERR DEF= 0.5
 MIGRAD FAILS TO FIND IMPROVEMENT
   START COVARIANCE MATRIX CALCULATION.
 EIGENVALUES OF SECOND-DERIVATIVE MATRIX:
         3.8311e-01  8.0779e-01  1.0008e+00  1.8083e+00
 COVARIANCE MATRIX CALCULATED SUCCESSFULLY
 FCN=79.1212 FROM HESSE     STATUS=OK             29 CALLS          72 TOTAL
                     EDM=0.405891    STRATEGY= 1      ERROR MATRIX ACCURATE 
  EXT PARAMETER                                   STEP         FIRST   
  NO.   NAME      VALUE            ERROR          SIZE      DERIVATIVE 
   1  p0           5.57413e+05   5.39902e+00   2.65795e-01   5.42332e-04
   2  p1           5.65501e-01   4.55467e-07   2.69652e-07   1.97761e+06
   3  p2           1.51189e-05   1.10188e-02   6.82823e-05   8.23051e-02
   4  p3           9.99704e-04   7.90321e-08   4.76696e-10  -9.37384e+03
                               ERR DEF= 0.5
 PARAMETER  CORRELATION COEFFICIENTS  
       NO.  GLOBAL      1      2      3      4
        1  0.32610   1.000 -0.065  0.019 -0.223
        2  0.61310  -0.065  1.000  0.006 -0.580
        3  0.01980   0.019  0.006  1.000 -0.008
        4  0.63583  -0.223 -0.580 -0.008  1.000
 MIGRAD FAILS TO FIND IMPROVEMENT
 MIGRAD TERMINATED WITHOUT CONVERGENCE.
 FCN=79.1212 FROM MIGRAD    STATUS=FAILED         82 CALLS          83 TOTAL
                     EDM=0.405891    STRATEGY= 1      ERR MATRIX APPROXIMATE
  EXT PARAMETER                APPROXIMATE        STEP         FIRST   
  NO.   NAME      VALUE            ERROR          SIZE      DERIVATIVE 
   1  p0           5.57413e+05   5.39902e+00   0.00000e+00   5.42332e-04
   2  p1           5.65501e-01   4.55467e-07  -0.00000e+00   1.97761e+06
   3  p2           1.51189e-05   1.10188e-02  -0.00000e+00   8.23051e-02
   4  p3           9.99704e-04   7.90321e-08   0.00000e+00  -9.37384e+03
                               ERR DEF= 0.5
 EXTERNAL ERROR MATRIX.    NDIM=  25    NPAR=  4    ERR DEF=0.5
  2.915e+01 -1.590e-07  1.102e-03 -9.494e-08 
 -1.590e-07  2.075e-13  2.889e-11 -2.088e-14 
  1.102e-03  2.889e-11  1.214e-04 -6.713e-12 
 -9.494e-08 -2.088e-14 -6.713e-12  6.246e-15 
ERR MATRIX APPROXIMATE
 PARAMETER  CORRELATION COEFFICIENTS  
       NO.  GLOBAL      1      2      3      4
        1  0.32610   1.000 -0.065  0.019 -0.223
        2  0.61310  -0.065  1.000  0.006 -0.580
        3  0.01980   0.019  0.006  1.000 -0.008
        4  0.63583  -0.223 -0.580 -0.008  1.000
 ERR MATRIX APPROXIMATE
 FCN=79.1212 FROM MIGRAD    STATUS=FAILED         82 CALLS          83 TOTAL
                     EDM=0.405891    STRATEGY= 1      ERR MATRIX APPROXIMATE
  EXT PARAMETER                  PARABOLIC         MINOS ERRORS        
  NO.   NAME      VALUE            ERROR      NEGATIVE      POSITIVE   
   1  p0           5.57413e+05   5.39902e+00                            
   2  p1           5.65501e-01   4.55467e-07                            
   3  p2           1.51189e-05   1.10188e-02                            
   4  p3           9.99704e-04   7.90321e-08                            
                               ERR DEF= 0.5
------------------------------------------
Enering ROOFIt-------
 PARAMETER DEFINITIONS:
    NO.   NAME         VALUE      STEP SIZE      LIMITS
     1 norm         5.57413e+05  1.00000e-01     no limits
     2 Q            5.65000e-01  1.00000e-01     no limits
     3 theta        0.00000e+00  1.00000e-01     no limits
     4 pileup       9.99704e-04  1.00000e-01     no limits
 **********
 **    1 **MIGRAD
 **********
 FIRST CALL TO USER FUNCTION AT NEW START POINT, WITH IFLAG=4.
 START MIGRAD MINIMIZATION.  STRATEGY  1.  CONVERGENCE WHEN EDM .LT. 1.00e-04
 FCN=-2.37865e+11 FROM MIGRAD    STATUS=INITIATE       14 CALLS          15 TOTAL
                     EDM= unknown      STRATEGY= 1      NO ERROR MATRIX       
  EXT PARAMETER               CURRENT GUESS       STEP         FIRST   
  NO.   NAME      VALUE            ERROR          SIZE      DERIVATIVE 
   1  norm         5.57413e+05   1.00000e-01   1.00000e-01  -5.93579e+01
   2  Q            5.65000e-01   1.00000e-01   1.00000e-01  -9.01165e+08
   3  theta        0.00000e+00   1.00000e-01   1.00000e-01   0.00000e+00
   4  pileup       9.99704e-04   1.00000e-01   1.00000e-01  -9.20194e+11
 MIGRAD FAILS TO FIND IMPROVEMENT
 EIGENVALUES OF SECOND-DERIVATIVE MATRIX:
        -3.6415e-01  4.0848e-01  6.6862e-01  3.2871e+00
 MINUIT WARNING IN HESSE   
 ============== MATRIX FORCED POS-DEF BY ADDING 0.367435 TO DIAGONAL.
 FCN=-2.37865e+11 FROM HESSE     STATUS=NOT POSDEF     25 CALLS          92 TOTAL
                     EDM=6129.82    STRATEGY= 1      ERR MATRIX NOT POS-DEF
  EXT PARAMETER                APPROXIMATE        STEP         FIRST   
  NO.   NAME      VALUE            ERROR          SIZE      DERIVATIVE 
   1  norm         5.58780e+05   8.93452e+00   1.72569e+03   1.65425e+00
   2  Q            5.65015e-01   4.81488e-06   5.55127e-04   5.23709e+06
   3  theta        0.00000e+00   1.02231e-02   1.15679e-01   0.00000e+00
   4  pileup       1.00627e-03   9.21387e-08   2.10742e-05   1.52641e+09
 MIGRAD FAILS TO FIND IMPROVEMENT
 MACHINE ACCURACY LIMITS FURTHER IMPROVEMENT.
 MIGRAD MINIMIZATION HAS CONVERGED.
 MIGRAD WILL VERIFY CONVERGENCE AND ERROR MATRIX.
 EIGENVALUES OF SECOND-DERIVATIVE MATRIX:
        -1.8146e-01  4.2698e-01  6.7361e-01  3.0809e+00
 MINUIT WARNING IN HESSE   
 ============== MATRIX FORCED POS-DEF BY ADDING 0.184539 TO DIAGONAL.
 MIGRAD TERMINATED WITHOUT CONVERGENCE.
 FCN=-2.37865e+11 FROM MIGRAD    STATUS=FAILED        282 CALLS         283 TOTAL
                     EDM=0.167065    STRATEGY= 1      ERR MATRIX NOT POS-DEF
  EXT PARAMETER                APPROXIMATE        STEP         FIRST   
  NO.   NAME      VALUE            ERROR          SIZE      DERIVATIVE 
   1  norm         5.58900e+05   2.04611e+01   1.72561e+03  -2.76573e-03
   2  Q            5.65021e-01   5.52241e-06   5.54978e-04  -1.34314e+04
   3  theta       -1.47226e-03   5.16820e-03   1.70265e-01  -9.88864e+01
   4  pileup       9.99737e-04   1.67199e-07   2.09852e-05   3.15480e+05
 EXTERNAL ERROR MATRIX.    NDIM=  25    NPAR=  4    ERR DEF=1
  4.187e+02 -1.046e-04 -9.557e-02  2.606e-06 
 -1.046e-04  3.050e-11  2.840e-08 -7.762e-13 
 -9.557e-02  2.840e-08  2.671e-05 -7.058e-10 
  2.606e-06 -7.762e-13 -7.058e-10  2.796e-14 
ERR MATRIX NOT POS-DEF
 PARAMETER  CORRELATION COEFFICIENTS  
       NO.  GLOBAL      1      2      3      4
        1  0.94558   1.000 -0.925 -0.904  0.762
        2  0.99774  -0.925  1.000  0.995 -0.841
        3  0.99673  -0.904  0.995  1.000 -0.817
        4  0.87493   0.762 -0.841 -0.817  1.000
 ERR MATRIX NOT POS-DEF
 **********
 **    2 **MIGRAD 
 **********
 START MIGRAD MINIMIZATION.  STRATEGY  1.  CONVERGENCE WHEN EDM .LT. 1.00e-04
 FCN=-2.37865e+11 FROM MIGRAD    STATUS=INITIATE        8 CALLS         291 TOTAL
                     EDM=131.045    STRATEGY= 1      ERR MATRIX NOT POS-DEF
  EXT PARAMETER                APPROXIMATE        STEP         FIRST   
  NO.   NAME      VALUE            ERROR          SIZE      DERIVATIVE 
   1  norm         5.58900e+05   2.04611e+01   1.72561e+03  -1.30032e-02
   2  Q            5.65021e-01   5.52241e-06   5.54978e-04  -1.33553e+04
   3  theta       -1.47226e-03   5.16820e-03   1.70265e-01  -4.57241e+03
   4  pileup       9.99737e-04   1.67199e-07   2.09852e-05  -4.19556e+06
 MIGRAD FAILS TO FIND IMPROVEMENT
 MACHINE ACCURACY LIMITS FURTHER IMPROVEMENT.
 MIGRAD MINIMIZATION HAS CONVERGED.
 MIGRAD WILL VERIFY CONVERGENCE AND ERROR MATRIX.
 EIGENVALUES OF SECOND-DERIVATIVE MATRIX:
        -2.9406e-04  4.1182e-01  8.5274e-01  2.7357e+00
 MINUIT WARNING IN HESSE   
 ============== MATRIX FORCED POS-DEF BY ADDING 0.003030 TO DIAGONAL.
 FCN=-2.37865e+11 FROM HESSE     STATUS=NOT POSDEF     29 CALLS         369 TOTAL
                     EDM=0.00751829    STRATEGY= 1      ERR MATRIX NOT POS-DEF
  EXT PARAMETER                APPROXIMATE        STEP         FIRST   
  NO.   NAME      VALUE            ERROR          SIZE      DERIVATIVE 
   1  norm         5.58899e+05   9.78031e+01   1.72561e+03   5.23215e-03
   2  Q            5.65022e-01   3.16213e-05   9.56730e-05   1.14258e+04
   3  theta       -1.10481e-03   1.52505e-03   6.84688e-02  -4.51677e+01
   4  pileup       9.99733e-04   1.02173e-07   2.09850e-05  -2.34317e+05
 MINUIT WARNING IN MIGRAD  
 ============== Negative diagonal element 2 in Error Matrix
 MINUIT WARNING IN MIGRAD  
 ============== 1 added to diagonal of error matrix
 MIGRAD FAILS TO FIND IMPROVEMENT
 MIGRAD TERMINATED WITHOUT CONVERGENCE.
 FCN=-2.37865e+11 FROM MIGRAD    STATUS=FAILED        129 CALLS         412 TOTAL
                     EDM=3.01818e+09    STRATEGY= 1      ERR MATRIX NOT POS-DEF
  EXT PARAMETER                APPROXIMATE        STEP         FIRST   
  NO.   NAME      VALUE            ERROR          SIZE      DERIVATIVE 
   1  norm         5.58856e+05   8.90939e+00   0.00000e+00  -3.81185e-02
   2  Q            5.65036e-01   1.00000e+00  -0.00000e+00   2.74886e+09
   3  theta       -7.93720e-04   1.00000e+00   0.00000e+00  -2.37536e+03
   4  pileup       9.99749e-04   1.00000e+00   0.00000e+00  -2.41892e+07
 EXTERNAL ERROR MATRIX.    NDIM=  25    NPAR=  4    ERR DEF=1
  7.938e+01  4.185e-09  5.034e-03 -1.362e-07 
  4.185e-09  1.000e+00  9.862e-13  8.567e-17 
  5.034e-03  9.862e-13  1.000e+00  1.611e-11 
 -1.362e-07  8.567e-17  1.611e-11  1.000e+00 
ERR MATRIX NOT POS-DEF
 PARAMETER  CORRELATION COEFFICIENTS  
       NO.  GLOBAL      1      2      3      4
        1  0.00057   1.000  0.000  0.001 -0.000
        2  0.00000   0.000  1.000  0.000  0.000
        3  0.00057   0.001  0.000  1.000  0.000
        4  0.00000  -0.000  0.000  0.000  1.000
 ERR MATRIX NOT POS-DEF
status of the fit-----000------4
1  558856
2  0.565036
3  -0.00079372
4  0.000999749
 PARAMETER DEFINITIONS:
    NO.   NAME         VALUE      STEP SIZE      LIMITS
     1 norm         5.58856e+05  1.00000e-01     no limits
     2 Q            5.65036e-01  1.00000e-01     no limits
     3 theta       -7.93720e-04  1.00000e-01     no limits
     4 pileup       9.99749e-04  1.00000e-01     no limits
 **********
 **    3 **MIGRAD
 **********
 FIRST CALL TO USER FUNCTION AT NEW START POINT, WITH IFLAG=4.
 START MIGRAD MINIMIZATION.  STRATEGY  1.  CONVERGENCE WHEN EDM .LT. 1.00e-04
 FCN=-2.37865e+11 FROM MIGRAD    STATUS=INITIATE       14 CALLS         427 TOTAL
                     EDM= unknown      STRATEGY= 1      NO ERROR MATRIX       
  EXT PARAMETER               CURRENT GUESS       STEP         FIRST   
  NO.   NAME      VALUE            ERROR          SIZE      DERIVATIVE 
   1  norm         5.58856e+05   1.00000e-01   1.00000e-01   2.65056e-02
   2  Q            5.65036e-01   1.00000e-01   1.00000e-01   5.15935e+06
   3  theta       -7.93720e-04   1.00000e-01   1.00000e-01  -5.28096e+03
   4  pileup       9.99749e-04   1.00000e-01   1.00000e-01  -9.18069e+11
 MIGRAD FAILS TO FIND IMPROVEMENT
 COVARIANCE MATRIX CALCULATED SUCCESSFULLY
 FCN=-2.37865e+11 FROM HESSE     STATUS=OK             29 CALLS         467 TOTAL
                     EDM=0.277934    STRATEGY= 1      ERROR MATRIX ACCURATE 
  EXT PARAMETER                                   STEP         FIRST   
  NO.   NAME      VALUE            ERROR          SIZE      DERIVATIVE 
   1  norm         5.58856e+05   4.57674e+01   2.66483e+00   2.65113e-02
   2  Q            5.65036e-01   4.14331e-06   1.00000e-03   7.81737e+04
   3  theta       -7.93720e-04   3.55025e-03   1.00000e-01  -3.16048e+01
   4  pileup       9.99749e-04   9.24326e-08   1.00000e-02   3.70485e+06
 MIGRAD FAILS TO FIND IMPROVEMENT
 MIGRAD TERMINATED WITHOUT CONVERGENCE.
 FCN=-2.37865e+11 FROM MIGRAD    STATUS=FAILED         94 CALLS         507 TOTAL
                     EDM=2.96578e+07    STRATEGY= 1  ERROR MATRIX UNCERTAINTY 100.0 per cent
  EXT PARAMETER                APPROXIMATE        STEP         FIRST   
  NO.   NAME      VALUE            ERROR          SIZE      DERIVATIVE 
   1  norm         5.58855e+05   9.04462e+00  -0.00000e+00  -7.72951e-03
   2  Q            5.65036e-01   2.16761e-09  -0.00000e+00   2.77794e+09
   3  theta       -7.08455e-04   8.95644e-04  -0.00000e+00  -9.83318e+02
   4  pileup       9.99748e-04   2.84358e-08   0.00000e+00  -2.53212e+07
 EXTERNAL ERROR MATRIX.    NDIM=  25    NPAR=  4    ERR DEF=1
  8.181e+01  4.419e-10  4.741e-03 -2.023e-07 
  4.419e-10  4.699e-18  7.667e-14 -2.382e-18 
  4.741e-03  7.667e-14  8.022e-07 -2.499e-11 
 -2.023e-07 -2.382e-18 -2.499e-11  8.086e-16 
ERR MATRIX APPROXIMATE
 PARAMETER  CORRELATION COEFFICIENTS  
       NO.  GLOBAL      1      2      3      4
        1  1.24865   1.000  0.023  0.585 -0.787
        2  0.03949   0.023  1.000  0.039 -0.039
        3  1.02685   0.585  0.039  1.000 -0.981
        4  1.01565  -0.787 -0.039 -0.981  1.000
 ERR MATRIX APPROXIMATE
 **********
 **    4 **MIGRAD 
 **********
 START MIGRAD MINIMIZATION.  STRATEGY  1.  CONVERGENCE WHEN EDM .LT. 1.00e-04
 FCN=-2.37865e+11 FROM MIGRAD    STATUS=INITIATE       14 CALLS         521 TOTAL
                     EDM=0.188648    STRATEGY= 1  ERROR MATRIX UNCERTAINTY 100.0 per cent
  EXT PARAMETER                APPROXIMATE        STEP         FIRST   
  NO.   NAME      VALUE            ERROR          SIZE      DERIVATIVE 
   1  norm         5.58855e+05   9.04462e+00  -0.00000e+00  -1.38341e-02
   2  Q            5.65036e-01   2.16761e-09  -0.00000e+00  -2.80054e+04
   3  theta       -7.08455e-04   8.95644e-04  -0.00000e+00  -9.86444e+02
   4  pileup       9.99748e-04   2.84358e-08   0.00000e+00  -2.53214e+07
 MIGRAD FAILS TO FIND IMPROVEMENT
 MACHINE ACCURACY LIMITS FURTHER IMPROVEMENT.
 MIGRAD MINIMIZATION HAS CONVERGED.
 MIGRAD WILL VERIFY CONVERGENCE AND ERROR MATRIX.
 EIGENVALUES OF SECOND-DERIVATIVE MATRIX:
        -2.8012e-04  4.0831e-01  8.5295e-01  2.7390e+00
 MINUIT WARNING IN HESSE   
 ============== MATRIX FORCED POS-DEF BY ADDING 0.003019 TO DIAGONAL.
 FCN=-2.37865e+11 FROM HESSE     STATUS=NOT POSDEF     29 CALLS         640 TOTAL
                     EDM=0.0161027    STRATEGY= 1      ERR MATRIX NOT POS-DEF
  EXT PARAMETER                APPROXIMATE        STEP         FIRST   
  NO.   NAME      VALUE            ERROR          SIZE      DERIVATIVE 
   1  norm         5.58856e+05   9.78547e+01   1.72547e+03   2.12824e-02
   2  Q            5.65036e-01   3.15668e-05   9.78585e-05   6.21026e+04
   3  theta       -3.71499e-04   2.27181e-03   4.55120e-02  -1.26313e+01
   4  pileup       9.99737e-04   1.02334e-07   2.09852e-05   1.57058e+06
 EIGENVALUES OF SECOND-DERIVATIVE MATRIX:
        -3.0600e-02  4.6402e-01  1.1682e+00  2.3984e+00
 MINUIT WARNING IN MIGRAD  
 ============== MATRIX FORCED POS-DEF BY ADDING 0.032999 TO DIAGONAL.
 EIGENVALUES OF SECOND-DERIVATIVE MATRIX:
        -3.7134e-01  6.3920e-03  7.6606e-01  3.5989e+00
 MINUIT WARNING IN MIGRAD  
 ============== MATRIX FORCED POS-DEF BY ADDING 0.374942 TO DIAGONAL.
 MIGRAD FAILS TO FIND IMPROVEMENT
 MACHINE ACCURACY LIMITS FURTHER IMPROVEMENT.
 MIGRAD MINIMIZATION HAS CONVERGED.
 MIGRAD WILL VERIFY CONVERGENCE AND ERROR MATRIX.
 EIGENVALUES OF SECOND-DERIVATIVE MATRIX:
        -4.0460e-04  3.8126e-01  8.5141e-01  2.7677e+00
 MINUIT WARNING IN HESSE   
 ============== MATRIX FORCED POS-DEF BY ADDING 0.003172 TO DIAGONAL.
 MIGRAD TERMINATED WITHOUT CONVERGENCE.
 FCN=-2.37865e+11 FROM MIGRAD    STATUS=FAILED        221 CALLS         728 TOTAL
                     EDM=0.00896671    STRATEGY= 1      ERR MATRIX NOT POS-DEF
  EXT PARAMETER                APPROXIMATE        STEP         FIRST   
  NO.   NAME      VALUE            ERROR          SIZE      DERIVATIVE 
   1  norm         5.58851e+05   9.68959e+01   1.72546e+03   1.81421e-03
   2  Q            5.65037e-01   3.15412e-05   9.77082e-05   1.60852e+03
   3  theta       -2.84329e-04   1.09355e-03   1.01235e-01  -1.28042e+01
   4  pileup       9.99735e-04   1.03553e-07   2.09851e-05   5.27656e+05
 EXTERNAL ERROR MATRIX.    NDIM=  25    NPAR=  4    ERR DEF=1
  9.389e+03 -3.043e-03 -1.971e-02 -6.440e-07 
 -3.043e-03  9.949e-10  8.147e-09  2.022e-13 
 -1.971e-02  8.147e-09  1.196e-06  4.858e-11 
 -6.440e-07  2.022e-13  4.858e-11  1.072e-14 
ERR MATRIX NOT POS-DEF
 PARAMETER  CORRELATION COEFFICIENTS  
       NO.  GLOBAL      1      2      3      4
        1  0.99721   1.000 -0.996 -0.186 -0.064
        2  0.99728  -0.996  1.000  0.236  0.062
        3  0.71631  -0.186  0.236  1.000  0.429
        4  0.52739  -0.064  0.062  0.429  1.000
 ERR MATRIX NOT POS-DEF
status of the fit-----000------4
1  558851
2  0.565037
3  -0.000284329
4  0.000999735
 PARAMETER DEFINITIONS:
    NO.   NAME         VALUE      STEP SIZE      LIMITS
     1 norm         5.58851e+05  1.00000e-01     no limits
     2 Q            5.65037e-01  1.00000e-01     no limits
     3 theta       -2.84329e-04  1.00000e-01     no limits
     4 pileup       9.99735e-04  1.00000e-01     no limits
 **********
 **    5 **MIGRAD
 **********
 FIRST CALL TO USER FUNCTION AT NEW START POINT, WITH IFLAG=4.
 START MIGRAD MINIMIZATION.  STRATEGY  1.  CONVERGENCE WHEN EDM .LT. 1.00e-04
 FCN=-2.37865e+11 FROM MIGRAD    STATUS=INITIATE       14 CALLS         743 TOTAL
                     EDM= unknown      STRATEGY= 1      NO ERROR MATRIX       
  EXT PARAMETER               CURRENT GUESS       STEP         FIRST   
  NO.   NAME      VALUE            ERROR          SIZE      DERIVATIVE 
   1  norm         5.58851e+05   1.00000e-01   1.00000e-01   1.91250e-03
   2  Q            5.65037e-01   1.00000e-01   1.00000e-01   4.66344e+06
   3  theta       -2.84329e-04   1.00000e-01   1.00000e-01  -1.89300e+03
   4  pileup       9.99735e-04   1.00000e-01   1.00000e-01  -9.18071e+11
 MIGRAD FAILS TO FIND IMPROVEMENT
 COVARIANCE MATRIX CALCULATED SUCCESSFULLY
 FCN=-2.37865e+11 FROM HESSE     STATUS=OK             29 CALLS         783 TOTAL
                     EDM=0.00522675    STRATEGY= 1      ERROR MATRIX ACCURATE 
  EXT PARAMETER                                   STEP         FIRST   
  NO.   NAME      VALUE            ERROR          SIZE      DERIVATIVE 
   1  norm         5.58851e+05   5.48850e+01   2.66481e+00   1.80370e-03
   2  Q            5.65037e-01   5.07700e-06   1.00000e-03   1.60496e+03
   3  theta       -2.84329e-04   4.38838e-03   1.00000e-01  -1.27373e+01
   4  pileup       9.99735e-04   9.24328e-08   1.00000e-02  -1.95989e+04
 MIGRAD FAILS TO FIND IMPROVEMENT
 MACHINE ACCURACY LIMITS FURTHER IMPROVEMENT.
 MIGRAD MINIMIZATION HAS CONVERGED.
 FCN=-2.37865e+11 FROM MIGRAD    STATUS=CONVERGED      73 CALLS         802 TOTAL
                     EDM=2.1807    STRATEGY= 1  ERROR MATRIX UNCERTAINTY   3.2 per cent
  EXT PARAMETER                                   STEP         FIRST   
  NO.   NAME      VALUE            ERROR          SIZE      DERIVATIVE 
   1  norm         5.58851e+05   5.16619e+01  -0.00000e+00  -3.39840e-03
   2  Q            5.65037e-01   4.77853e-06   0.00000e+00  -1.48136e+04
   3  theta       -2.68871e-04   4.07195e-03   0.00000e+00  -2.93340e+02
   4  pileup       9.99735e-04   3.34114e-08  -0.00000e+00  -2.92213e+07
 EXTERNAL ERROR MATRIX.    NDIM=  25    NPAR=  4    ERR DEF=1
  2.669e+03 -2.429e-04 -1.958e-01  1.556e-06 
 -2.429e-04  2.283e-11  1.891e-08 -1.525e-13 
 -1.958e-01  1.891e-08  1.658e-05 -1.361e-10 
  1.556e-06 -1.525e-13 -1.361e-10  1.116e-15 
 PARAMETER  CORRELATION COEFFICIENTS  
       NO.  GLOBAL      1      2      3      4
        1  0.98792   1.000 -0.984 -0.931  0.902
        2  0.99587  -0.984  1.000  0.972 -0.955
        3  1.00342  -0.931  0.972  1.000 -1.001
        4  1.00396   0.902 -0.955 -1.001  1.000
 **********
 **    6 **MIGRAD 
 **********
 START MIGRAD MINIMIZATION.  STRATEGY  1.  CONVERGENCE WHEN EDM .LT. 1.00e-04
 FCN=-2.37865e+11 FROM MIGRAD    STATUS=INITIATE       14 CALLS         816 TOTAL
                     EDM=5.05926e+07    STRATEGY= 1  ERROR MATRIX UNCERTAINTY   3.2 per cent
  EXT PARAMETER                                   STEP         FIRST   
  NO.   NAME      VALUE            ERROR          SIZE      DERIVATIVE 
   1  norm         5.58851e+05   5.16619e+01  -0.00000e+00  -3.45767e-03
   2  Q            5.65037e-01   4.77853e-06   0.00000e+00   2.84307e+09
   3  theta       -2.68871e-04   4.07195e-03   0.00000e+00  -3.73620e+02
   4  pileup       9.99735e-04   3.34114e-08  -0.00000e+00  -2.80566e+07
 MIGRAD FAILS TO FIND IMPROVEMENT
 EIGENVALUES OF SECOND-DERIVATIVE MATRIX:
        -3.4482e-01  3.9166e-01  6.8478e-01  3.2684e+00
 MINUIT WARNING IN HESSE   
 ============== MATRIX FORCED POS-DEF BY ADDING 0.348088 TO DIAGONAL.
 FCN=-2.37865e+11 FROM HESSE     STATUS=NOT POSDEF     29 CALLS         856 TOTAL
                     EDM=0.009331    STRATEGY= 1      ERR MATRIX NOT POS-DEF
  EXT PARAMETER                APPROXIMATE        STEP         FIRST   
  NO.   NAME      VALUE            ERROR          SIZE      DERIVATIVE 
   1  norm         5.58851e+05   3.77652e+01   5.32962e+01  -3.40556e-03
   2  Q            5.65037e-01   5.58375e-06   5.54996e-04  -1.49053e+04
   3  theta       -2.68871e-04   1.59499e-02   4.52992e-02  -9.97059e+00
   4  pileup       9.99735e-04   2.08489e-07   2.09851e-05   3.81450e+05
 MIGRAD FAILS TO FIND IMPROVEMENT
 MACHINE ACCURACY LIMITS FURTHER IMPROVEMENT.
 MIGRAD MINIMIZATION HAS CONVERGED.
 MIGRAD WILL VERIFY CONVERGENCE AND ERROR MATRIX.
 EIGENVALUES OF SECOND-DERIVATIVE MATRIX:
        -3.7021e-01  3.7410e-01  6.8486e-01  3.3112e+00
 MINUIT WARNING IN HESSE   
 ============== MATRIX FORCED POS-DEF BY ADDING 0.373522 TO DIAGONAL.
 MIGRAD TERMINATED WITHOUT CONVERGENCE.
 FCN=-2.37865e+11 FROM MIGRAD    STATUS=FAILED        202 CALLS        1004 TOTAL
                     EDM=0.0108919    STRATEGY= 1      ERR MATRIX NOT POS-DEF
  EXT PARAMETER                APPROXIMATE        STEP         FIRST   
  NO.   NAME      VALUE            ERROR          SIZE      DERIVATIVE 
   1  norm         5.58851e+05   3.52159e+01   1.72546e+03   3.49068e-03
   2  Q            5.65037e-01   5.52379e-06   5.54996e-04   6.80119e+03
   3  theta       -7.72210e-05   4.17040e-03   1.81074e-01  -5.32997e+00
   4  pileup       9.99734e-04   1.86647e-07   2.09851e-05   2.37024e+05
 EXTERNAL ERROR MATRIX.    NDIM=  25    NPAR=  4    ERR DEF=1
  1.240e+03 -1.907e-04 -1.421e-01  5.740e-06 
 -1.907e-04  3.051e-11  2.291e-08 -9.264e-13 
 -1.421e-01  2.291e-08  1.739e-05 -6.844e-10 
  5.740e-06 -9.264e-13 -6.844e-10  3.484e-14 
ERR MATRIX NOT POS-DEF
 PARAMETER  CORRELATION COEFFICIENTS  
       NO.  GLOBAL      1      2      3      4
        1  0.98447   1.000 -0.980 -0.967  0.873
        2  0.99799  -0.980  1.000  0.995 -0.899
        3  0.99617  -0.967  0.995  1.000 -0.879
        4  0.91527   0.873 -0.899 -0.879  1.000
 ERR MATRIX NOT POS-DEF
status of the fit-----000------4
1  558851
2  0.565037
3  -7.7221e-05
4  0.000999734
 **********
 **   26 **SET PRINT           2
 **********
 **********
 **   27 **SET NOGRAD
 **********
 PARAMETER DEFINITIONS:
    NO.   NAME         VALUE      STEP SIZE      LIMITS
     1 p0           5.58000e+05  1.67400e+05     no limits
     2 p1           5.65000e-01  1.69500e-01     no limits
     3 p2           0.00000e+00  3.00000e-01     no limits
     4 p3           9.99871e-04  2.99961e-04     no limits
 **********
 **   28 **SET ERR         0.5
 **********
 **********
 **   29 **SET PRINT           2
 **********
 **********
 **   30 **SET STR           1
 **********
 NOW USING STRATEGY  1: TRY TO BALANCE SPEED AGAINST RELIABILITY
 **********
 **   31 **MIGRAD        1480        0.01
 **********
 FIRST CALL TO USER FUNCTION AT NEW START POINT, WITH IFLAG=4.
 START MIGRAD MINIMIZATION.  STRATEGY  1.  CONVERGENCE WHEN EDM .LT. 1.00e-05
 FCN=17513.4 FROM MIGRAD    STATUS=INITIATE       18 CALLS          19 TOTAL
                     EDM= unknown      STRATEGY= 1      NO ERROR MATRIX       
  EXT PARAMETER               CURRENT GUESS       STEP         FIRST   
  NO.   NAME      VALUE            ERROR          SIZE      DERIVATIVE 
   1  p0           5.58000e+05   1.67400e+05   1.67400e+05  -3.64785e+01
   2  p1           5.65000e-01   1.69500e-01   1.69500e-01  -1.13229e+08
   3  p2           0.00000e+00   3.00000e-01   3.00000e-01   0.00000e+00
   4  p3           9.99871e-04   2.99961e-04   2.99961e-04  -9.83571e+08
                               ERR DEF= 0.5
NO ERROR MATRIX       
 FCN=513.097 FROM MIGRAD    STATUS=PROGRESS       34 CALLS          35 TOTAL
                     EDM=1418.18    STRATEGY= 1      NO ERROR MATRIX       
  EXT PARAMETER               CURRENT GUESS       STEP         FIRST   
  NO.   NAME      VALUE            ERROR          SIZE      DERIVATIVE 
   1  p0           5.58442e+05   1.67400e+05   4.42076e+02  -8.34864e-01
   2  p1           5.65143e-01   1.69500e-01   1.42551e-04  -2.55887e+06
   3  p2           0.00000e+00   3.00000e-01  -0.00000e+00   0.00000e+00
   4  p3           1.00164e-03   2.99961e-04   1.76726e-06   4.16460e+08
                               ERR DEF= 0.5
 FCN=76.2664 FROM MIGRAD    STATUS=PROGRESS      157 CALLS         158 TOTAL
                     EDM=0.5651    STRATEGY= 1  ERROR MATRIX UNCERTAINTY 100.0 per cent
  EXT PARAMETER                APPROXIMATE        STEP         FIRST   
  NO.   NAME      VALUE            ERROR          SIZE      DERIVATIVE 
   1  p0           5.60517e+05   3.11487e+02   2.73046e-01  -7.68911e-02
   2  p1           5.64500e-01   9.96895e-05  -8.67083e-08  -2.39338e+05
   3  p2           0.00000e+00   4.92207e-04  -0.00000e+00   0.00000e+00
   4  p3           9.99719e-04   5.58756e-08   4.61584e-11  -7.98786e+06
                               ERR DEF= 0.5
 MINUIT WARNING IN MIGRAD  
 ============== Negative diagonal element 1 in Error Matrix
 MINUIT WARNING IN MIGRAD  
 ============== Negative diagonal element 2 in Error Matrix
 MINUIT WARNING IN MIGRAD  
 ============== 102791 added to diagonal of error matrix
 EIGENVALUES OF SECOND-DERIVATIVE MATRIX:
         9.9990e-01  1.0000e+00  1.0000e+00  1.0001e+00
 MIGRAD FAILS TO FIND IMPROVEMENT
   START COVARIANCE MATRIX CALCULATION.
 EIGENVALUES OF SECOND-DERIVATIVE MATRIX:
        -6.1012e-05  8.1187e-01  1.0065e+00  2.1816e+00
 MINUIT WARNING IN HESSE   
 ============== MATRIX FORCED POS-DEF BY ADDING 0.002243 TO DIAGONAL.
 FCN=76.2664 FROM HESSE     STATUS=NOT POSDEF     23 CALLS         192 TOTAL
                     EDM=0.149884    STRATEGY= 1      ERR MATRIX NOT POS-DEF
  EXT PARAMETER                APPROXIMATE        STEP         FIRST   
  NO.   NAME      VALUE            ERROR          SIZE      DERIVATIVE 
   1  p0           5.60517e+05   7.78108e+01   2.67275e-01  -7.69038e-02
   2  p1           5.64500e-01   2.49490e-05   2.69174e-07  -2.39347e+05
   3  p2           0.00000e+00   1.04037e-02   5.66747e-05   0.00000e+00
   4  p3           9.99719e-04   6.43637e-08   4.76703e-10  -8.00170e+06
                               ERR DEF= 0.5
 PARAMETER  CORRELATION COEFFICIENTS  
       NO.  GLOBAL      1      2      3      4
        1  0.99782   1.000 -0.998 -0.049  0.027
        2  0.99783  -0.998  1.000  0.048 -0.050
        3  0.06469  -0.049  0.048  1.000  0.041
        4  0.33101   0.027 -0.050  0.041  1.000
 ERR MATRIX NOT POS-DEF
 FCN=76.1131 FROM MIGRAD    STATUS=PROGRESS      202 CALLS         203 TOTAL
                     EDM=115.648    STRATEGY= 1      ERR MATRIX NOT POS-DEF
  EXT PARAMETER                APPROXIMATE        STEP         FIRST   
  NO.   NAME      VALUE            ERROR          SIZE      DERIVATIVE 
   1  p0           5.60520e+05   7.78108e+01   3.20044e+00   1.50129e-04
   2  p1           5.64499e-01   2.49490e-05  -5.92139e-07  -6.09135e+05
   3  p2           1.76027e-04   1.04037e-02   1.76027e-04  -7.10344e-01
   4  p3           9.99744e-04   6.43637e-08   2.44160e-08  -2.82299e+05
                               ERR DEF= 0.5
 MIGRAD FAILS TO FIND IMPROVEMENT
 MIGRAD TERMINATED WITHOUT CONVERGENCE.
 FCN=76.1131 FROM MIGRAD    STATUS=FAILED        227 CALLS         228 TOTAL
                     EDM=28.3264    STRATEGY= 1      ERR MATRIX NOT POS-DEF
  EXT PARAMETER                APPROXIMATE        STEP         FIRST   
  NO.   NAME      VALUE            ERROR          SIZE      DERIVATIVE 
   1  p0           5.60520e+05   8.95433e+00  -0.00000e+00   1.46062e-03
   2  p1           5.64499e-01   2.35767e-06   0.00000e+00  -6.00005e+05
   3  p2           1.79797e-04   1.03996e-02   0.00000e+00  -7.54301e-01
   4  p3           9.99744e-04   6.32879e-08   0.00000e+00  -1.49327e+05
                               ERR DEF= 0.5
 EXTERNAL ERROR MATRIX.    NDIM=  25    NPAR=  4    ERR DEF=0.5
  8.018e+01 -1.693e-05 -2.379e-03 -1.480e-07 
 -1.693e-05  5.559e-12  7.312e-10  7.649e-15 
 -2.379e-03  7.312e-10  1.082e-04  3.735e-11 
 -1.480e-07  7.649e-15  3.735e-11  4.005e-15 
ERR MATRIX NOT POS-DEF
 PARAMETER  CORRELATION COEFFICIENTS  
       NO.  GLOBAL      1      2      3      4
        1  0.83157   1.000 -0.802 -0.026 -0.261
        2  0.81854  -0.802  1.000  0.030  0.051
        3  0.06562  -0.026  0.030  1.000  0.057
        4  0.37573  -0.261  0.051  0.057  1.000
 ERR MATRIX NOT POS-DEF
 FCN=76.1131 FROM MIGRAD    STATUS=FAILED        227 CALLS         228 TOTAL
                     EDM=28.3264    STRATEGY= 1      ERR MATRIX NOT POS-DEF
  EXT PARAMETER                  PARABOLIC         MINOS ERRORS        
  NO.   NAME      VALUE            ERROR      NEGATIVE      POSITIVE   
   1  p0           5.60520e+05   8.95433e+00                            
   2  p1           5.64499e-01   2.35767e-06                            
   3  p2           1.79797e-04   1.03996e-02                            
   4  p3           9.99744e-04   6.32879e-08                            
                               ERR DEF= 0.5
 **********
 **   32 **SET PRINT           2
 **********
 **********
 **   33 **SET NOGRAD
 **********
 PARAMETER DEFINITIONS:
    NO.   NAME         VALUE      STEP SIZE      LIMITS
     1 p0           5.60520e+05  8.95433e+00     no limits
     2 p1           5.64499e-01  2.35767e-06     no limits
     3 p2           1.79797e-04  1.03996e-02     no limits
     4 p3           9.99744e-04  6.32879e-08     no limits
 **********
 **   34 **SET ERR         0.5
 **********
 **********
 **   35 **SET PRINT           2
 **********
 **********
 **   36 **SET STR           1
 **********
 NOW USING STRATEGY  1: TRY TO BALANCE SPEED AGAINST RELIABILITY
 **********
 **   37 **MIGRAD        1480        0.01
 **********
 FIRST CALL TO USER FUNCTION AT NEW START POINT, WITH IFLAG=4.
 START MIGRAD MINIMIZATION.  STRATEGY  1.  CONVERGENCE WHEN EDM .LT. 1.00e-05
 FCN=76.1066 FROM MIGRAD    STATUS=INITIATE       29 CALLS          30 TOTAL
                     EDM= unknown      STRATEGY= 1      NO ERROR MATRIX       
  EXT PARAMETER               CURRENT GUESS       STEP         FIRST   
  NO.   NAME      VALUE            ERROR          SIZE      DERIVATIVE 
   1  p0           5.60520e+05   8.95433e+00   0.00000e+00  -1.21228e-02
   2  p1           5.64499e-01   2.35767e-06   0.00000e+00  -6.68313e+05
   3  p2           2.47538e-03   1.03996e-02   2.29558e-03  -6.19452e-02
   4  p3           9.99744e-04   6.32879e-08   0.00000e+00  -1.11600e+06
                               ERR DEF= 0.5
NO ERROR MATRIX       
 FCN=76.1037 FROM MIGRAD    STATUS=PROGRESS       40 CALLS          41 TOTAL
                     EDM=0.149862    STRATEGY= 1      NO ERROR MATRIX       
  EXT PARAMETER               CURRENT GUESS       STEP         FIRST   
  NO.   NAME      VALUE            ERROR          SIZE      DERIVATIVE 
   1  p0           5.60520e+05   8.95433e+00   1.37642e-01   1.72796e-03
   2  p1           5.64499e-01   2.35767e-06   5.66790e-08  -6.00514e+05
   3  p2           2.47892e-03   1.03996e-02   3.54238e-06  -4.91434e+00
   4  p3           9.99746e-04   6.32879e-08   1.86026e-09  -3.02571e+05
                               ERR DEF= 0.5
 FCN=76.1003 FROM MIGRAD    STATUS=PROGRESS      177 CALLS         178 TOTAL
                     EDM=3.56338e-07    STRATEGY= 1  ERROR MATRIX UNCERTAINTY  11.5 per cent
  EXT PARAMETER                APPROXIMATE        STEP         FIRST   
  NO.   NAME      VALUE            ERROR          SIZE      DERIVATIVE 
   1  p0           5.60520e+05   6.44655e+00   4.44481e-03  -1.18567e-05
   2  p1           5.64499e-01   9.40632e-08  -9.08355e-12   6.41147e+02
   3  p2           3.47904e-03   1.15611e-02   2.13029e-05  -5.31448e-02
   4  p3           9.99750e-04   7.34250e-08  -5.13549e-11   8.82549e+03
                               ERR DEF= 0.5
 MIGRAD MINIMIZATION HAS CONVERGED.
 MIGRAD WILL VERIFY CONVERGENCE AND ERROR MATRIX.
   START COVARIANCE MATRIX CALCULATION.
 EIGENVALUES OF SECOND-DERIVATIVE MATRIX:
         1.5344e-03  3.6765e-01  8.8358e-01  2.7472e+00
 COVARIANCE MATRIX CALCULATED SUCCESSFULLY
 FCN=76.1003 FROM HESSE     STATUS=OK             29 CALLS         207 TOTAL
                     EDM=0.000127093    STRATEGY= 1      ERROR MATRIX ACCURATE 
  EXT PARAMETER                                   STEP         FIRST   
  NO.   NAME      VALUE            ERROR          SIZE      DERIVATIVE 
   1  p0           5.60520e+05   9.26443e+01   2.67277e-01   2.81692e-05
   2  p1           5.64499e-01   2.97581e-05   2.69174e-07   6.24913e+02
   3  p2           3.47904e-03   1.07105e-02   4.41377e-05  -1.32785e-01
   4  p3           9.99750e-04   7.19336e-08   4.76718e-10   9.47455e+03
                               ERR DEF= 0.5
 PARAMETER  CORRELATION COEFFICIENTS  
       NO.  GLOBAL      1      2      3      4
        1  0.99846   1.000 -0.998  0.064  0.190
        2  0.99847  -0.998  1.000 -0.026 -0.189
        3  0.71022   0.064 -0.026  1.000  0.456
        4  0.55956   0.190 -0.189  0.456  1.000
 FCN=76.1003 FROM MIGRAD    STATUS=PROGRESS      216 CALLS         217 TOTAL
                     EDM=149.315    STRATEGY= 1      ERROR MATRIX ACCURATE 
  EXT PARAMETER                                   STEP         FIRST   
  NO.   NAME      VALUE            ERROR          SIZE      DERIVATIVE 
   1  p0           5.60520e+05   9.26443e+01   7.36662e-02  -1.86402e-05
   2  p1           5.64499e-01   2.97581e-05  -2.36591e-08  -5.80765e+05
   3  p2           3.47980e-03   1.07105e-02   7.62103e-07  -5.28738e-02
   4  p3           9.99750e-04   7.19336e-08   1.07215e-11   1.25837e+04
                               ERR DEF= 0.5
 MINUIT WARNING IN MIGRAD  
 ============== Negative diagonal element 1 in Error Matrix
 MINUIT WARNING IN MIGRAD  
 ============== Negative diagonal element 2 in Error Matrix
 MINUIT WARNING IN MIGRAD  
 ============== 3551.75 added to diagonal of error matrix
 EIGENVALUES OF SECOND-DERIVATIVE MATRIX:
         9.9061e-01  1.0000e+00  1.0000e+00  1.0094e+00
 MIGRAD FAILS TO FIND IMPROVEMENT
 MIGRAD TERMINATED WITHOUT CONVERGENCE.
 FCN=76.1003 FROM MIGRAD    STATUS=FAILED        244 CALLS         245 TOTAL
                     EDM=1.04412    STRATEGY= 1  ERROR MATRIX UNCERTAINTY 100.0 per cent
  EXT PARAMETER                APPROXIMATE        STEP         FIRST   
  NO.   NAME      VALUE            ERROR          SIZE      DERIVATIVE 
   1  p0           5.60520e+05   7.07107e-01   0.00000e+00  -1.99699e-05
   2  p1           5.64499e-01   4.21411e+01   0.00000e+00  -5.80799e+05
   3  p2           3.48043e-03   4.21411e+01   0.00000e+00  -7.32997e-03
   4  p3           9.99750e-04   4.21411e+01  -0.00000e+00   6.01264e+03
                               ERR DEF= 0.5
 EXTERNAL ERROR MATRIX.    NDIM=  25    NPAR=  4    ERR DEF=0.5
  5.000e-01  6.118e-04  2.798e-01 -1.917e-07 
  6.118e-04  1.776e+03 -8.839e-08  1.070e-13 
  2.798e-01 -8.839e-08  1.776e+03  5.964e-10 
 -1.917e-07  1.070e-13  5.964e-10  1.776e+03 
ERR MATRIX APPROXIMATE
 PARAMETER  CORRELATION COEFFICIENTS  
       NO.  GLOBAL      1      2      3      4
        1  0.00939   1.000  0.000  0.009 -0.000
        2  0.00002   0.000  1.000 -0.000  0.000
        3  0.00939   0.009 -0.000  1.000  0.000
        4  0.00000  -0.000  0.000  0.000  1.000
 ERR MATRIX APPROXIMATE
 FCN=76.1003 FROM MIGRAD    STATUS=FAILED        244 CALLS         245 TOTAL
                     EDM=1.04412    STRATEGY= 1  ERROR MATRIX UNCERTAINTY 100.0 per cent
  EXT PARAMETER                  PARABOLIC         MINOS ERRORS        
  NO.   NAME      VALUE            ERROR      NEGATIVE      POSITIVE   
   1  p0           5.60520e+05   7.07107e-01                            
   2  p1           5.64499e-01   4.21411e+01                            
   3  p2           3.48043e-03   4.21411e+01                            
   4  p3           9.99750e-04   4.21411e+01                            
                               ERR DEF= 0.5
 **********
 **   38 **SET PRINT           2
 **********
 **********
 **   39 **SET NOGRAD
 **********
 PARAMETER DEFINITIONS:
    NO.   NAME         VALUE      STEP SIZE      LIMITS
     1 p0           5.60520e+05  7.07107e-01     no limits
     2 p1           5.64499e-01  4.21411e+01     no limits
     3 p2           3.48043e-03  4.21411e+01     no limits
     4 p3           9.99750e-04  4.21411e+01     no limits
 **********
 **   40 **SET ERR         0.5
 **********
 **********
 **   41 **SET PRINT           2
 **********
 **********
 **   42 **SET STR           1
 **********
 NOW USING STRATEGY  1: TRY TO BALANCE SPEED AGAINST RELIABILITY
 **********
 **   43 **MIGRAD        1480        0.01
 **********
 FIRST CALL TO USER FUNCTION AT NEW START POINT, WITH IFLAG=4.
 START MIGRAD MINIMIZATION.  STRATEGY  1.  CONVERGENCE WHEN EDM .LT. 1.00e-05
 FCN=76.1003 FROM MIGRAD    STATUS=INITIATE       20 CALLS          21 TOTAL
                     EDM= unknown      STRATEGY= 1      NO ERROR MATRIX       
  EXT PARAMETER               CURRENT GUESS       STEP         FIRST   
  NO.   NAME      VALUE            ERROR          SIZE      DERIVATIVE 
   1  p0           5.60520e+05   7.07107e-01   7.07107e-01  -1.99699e-05
   2  p1           5.64499e-01   4.21411e+01   4.21411e+01  -3.67991e+09
   3  p2           3.48043e-03   4.21411e+01   4.21411e+01   4.28078e+01
   4  p3           9.99750e-04   4.21411e+01   4.21411e+01  -3.81113e+13
                               ERR DEF= 0.5
NO ERROR MATRIX       
 MIGRAD FAILS TO FIND IMPROVEMENT
   START COVARIANCE MATRIX CALCULATION.
 EIGENVALUES OF SECOND-DERIVATIVE MATRIX:
        -4.9298e-02  2.2885e-01  9.9789e-01  2.8226e+00
 MINUIT WARNING IN HESSE   
 ============== MATRIX FORCED POS-DEF BY ADDING 0.052121 TO DIAGONAL.
 FCN=76.1003 FROM HESSE     STATUS=NOT POSDEF     31 CALLS          63 TOTAL
                     EDM=3.16625e-05    STRATEGY= 1      ERR MATRIX NOT POS-DEF
  EXT PARAMETER                APPROXIMATE        STEP         FIRST   
  NO.   NAME      VALUE            ERROR          SIZE      DERIVATIVE 
   1  p0           5.60520e+05   8.56280e+00   2.67277e-01  -6.95543e-06
   2  p1           5.64499e-01   4.47339e-06   4.21411e-03   4.99438e+02
   3  p2           3.48043e-03   8.91296e-02   4.21411e-03  -1.13433e-01
   4  p3           9.99750e-04   7.40947e-09   4.21411e-03  -2.43002e+04
                               ERR DEF= 0.5
 PARAMETER  CORRELATION COEFFICIENTS  
       NO.  GLOBAL      1      2      3      4
        1  0.81134   1.000  0.204  0.298  0.057
        2  0.99725   0.204  1.000  0.993  0.214
        3  0.99739   0.298  0.993  1.000  0.217
        4  0.21960   0.057  0.214  0.217  1.000
 ERR MATRIX NOT POS-DEF
 MIGRAD FAILS TO FIND IMPROVEMENT
 MIGRAD TERMINATED WITHOUT CONVERGENCE.
 FCN=76.1003 FROM MIGRAD    STATUS=FAILED         69 CALLS          70 TOTAL
                     EDM=3.16625e-05    STRATEGY= 1      ERR MATRIX NOT POS-DEF
  EXT PARAMETER                APPROXIMATE        STEP         FIRST   
  NO.   NAME      VALUE            ERROR          SIZE      DERIVATIVE 
   1  p0           5.60520e+05   8.56280e+00   0.00000e+00  -6.95543e-06
   2  p1           5.64499e-01   4.47339e-06   0.00000e+00   4.99438e+02
   3  p2           3.48043e-03   8.91296e-02   0.00000e+00  -1.13433e-01
   4  p3           9.99750e-04   7.40947e-09   0.00000e+00  -2.43002e+04
                               ERR DEF= 0.5
 EXTERNAL ERROR MATRIX.    NDIM=  25    NPAR=  4    ERR DEF=0.5
  7.332e+01  7.821e-06  2.272e-01  3.608e-09 
  7.821e-06  2.001e-11  3.958e-07  7.108e-15 
  2.272e-01  3.958e-07  7.944e-03  1.436e-10 
  3.608e-09  7.108e-15  1.436e-10  5.490e-17 
ERR MATRIX NOT POS-DEF
 PARAMETER  CORRELATION COEFFICIENTS  
       NO.  GLOBAL      1      2      3      4
        1  0.81134   1.000  0.204  0.298  0.057
        2  0.99725   0.204  1.000  0.993  0.214
        3  0.99739   0.298  0.993  1.000  0.217
        4  0.21960   0.057  0.214  0.217  1.000
 ERR MATRIX NOT POS-DEF
 FCN=76.1003 FROM MIGRAD    STATUS=FAILED         69 CALLS          70 TOTAL
                     EDM=3.16625e-05    STRATEGY= 1      ERR MATRIX NOT POS-DEF
  EXT PARAMETER                  PARABOLIC         MINOS ERRORS        
  NO.   NAME      VALUE            ERROR      NEGATIVE      POSITIVE   
   1  p0           5.60520e+05   8.56280e+00                            
   2  p1           5.64499e-01   4.47339e-06                            
   3  p2           3.48043e-03   8.91296e-02                            
   4  p3           9.99750e-04   7.40947e-09                            
                               ERR DEF= 0.5
------------------------------------------
Enering ROOFIt-------
 PARAMETER DEFINITIONS:
    NO.   NAME         VALUE      STEP SIZE      LIMITS
     1 norm         5.60520e+05  1.00000e-01     no limits
     2 Q            5.65000e-01  1.00000e-01     no limits
     3 theta        0.00000e+00  1.00000e-01     no limits
     4 pileup       9.99750e-04  1.00000e-01     no limits
 **********
 **    1 **MIGRAD
 **********
 FIRST CALL TO USER FUNCTION AT NEW START POINT, WITH IFLAG=4.
 START MIGRAD MINIMIZATION.  STRATEGY  1.  CONVERGENCE WHEN EDM .LT. 1.00e-04
 FCN=-2.37862e+11 FROM MIGRAD    STATUS=INITIATE       40 CALLS          41 TOTAL
                     EDM= unknown      STRATEGY= 1      NO ERROR MATRIX       
  EXT PARAMETER               CURRENT GUESS       STEP         FIRST   
  NO.   NAME      VALUE            ERROR          SIZE      DERIVATIVE 
   1  norm         5.60520e+05   1.00000e-01   0.00000e+00   3.73678e+01
   2  Q            5.65000e-01   1.00000e-01   0.00000e+00   1.16135e+08
   3  theta        1.00000e-01   1.00000e-01   1.00000e-01   2.92166e+05
   4  pileup       9.99750e-04   1.00000e-01   0.00000e+00   7.65751e+07
 MIGRAD FAILS TO FIND IMPROVEMENT
 MACHINE ACCURACY LIMITS FURTHER IMPROVEMENT.
 MIGRAD MINIMIZATION HAS CONVERGED.
 FCN=-2.37862e+11 FROM MIGRAD    STATUS=CONVERGED     176 CALLS         177 TOTAL
                     EDM=109.7    STRATEGY= 1  ERROR MATRIX UNCERTAINTY   4.0 per cent
  EXT PARAMETER                                   STEP         FIRST   
  NO.   NAME      VALUE            ERROR          SIZE      DERIVATIVE 
   1  norm         5.58987e+05   7.93486e+00   0.00000e+00   4.43125e-01
   2  Q            5.64996e-01   8.24652e-08  -0.00000e+00   1.58343e+06
   3  theta       -4.32616e-03   4.16594e-04   0.00000e+00  -4.40436e+04
   4  pileup       9.99689e-04   7.90613e-08   0.00000e+00  -2.17210e+07
 EXTERNAL ERROR MATRIX.    NDIM=  25    NPAR=  4    ERR DEF=1
  6.296e+01  1.102e-07  8.587e-04 -3.198e-07 
  1.102e-07  6.801e-15 -7.760e-13 -9.092e-16 
  8.587e-04 -7.760e-13  1.736e-07 -3.756e-12 
 -3.198e-07 -9.092e-16 -3.756e-12  6.251e-15 
 PARAMETER  CORRELATION COEFFICIENTS  
       NO.  GLOBAL      1      2      3      4
        1  0.55888   1.000  0.168  0.260 -0.510
        2  0.19176   0.168  1.000 -0.023 -0.139
        3  0.26890   0.260 -0.023  1.000 -0.114
        4  0.51287  -0.510 -0.139 -0.114  1.000
 **********
 **    2 **MIGRAD 
 **********
 START MIGRAD MINIMIZATION.  STRATEGY  1.  CONVERGENCE WHEN EDM .LT. 1.00e-04
 FCN=-2.37862e+11 FROM MIGRAD    STATUS=INITIATE       12 CALLS         189 TOTAL
                     EDM=372.837    STRATEGY= 1  ERROR MATRIX UNCERTAINTY   4.0 per cent
  EXT PARAMETER                                   STEP         FIRST   
  NO.   NAME      VALUE            ERROR          SIZE      DERIVATIVE 
   1  norm         5.58987e+05   7.93486e+00   0.00000e+00   4.43126e-01
   2  Q            5.64996e-01   8.24652e-08  -0.00000e+00  -3.27386e+08
   3  theta       -4.32616e-03   4.16594e-04   0.00000e+00  -6.43571e+04
   4  pileup       9.99689e-04   7.90613e-08   0.00000e+00  -2.17111e+07
 MIGRAD FAILS TO FIND IMPROVEMENT
 MACHINE ACCURACY LIMITS FURTHER IMPROVEMENT.
 MIGRAD MINIMIZATION HAS CONVERGED.
 FCN=-2.37862e+11 FROM MIGRAD    STATUS=CONVERGED      23 CALLS         200 TOTAL
                     EDM=372.837    STRATEGY= 1  ERROR MATRIX UNCERTAINTY   4.0 per cent
  EXT PARAMETER                                   STEP         FIRST   
  NO.   NAME      VALUE            ERROR          SIZE      DERIVATIVE 
   1  norm         5.58987e+05   7.93486e+00   0.00000e+00   4.43126e-01
   2  Q            5.64996e-01   8.24652e-08   0.00000e+00  -3.27386e+08
   3  theta       -4.32616e-03   4.16594e-04   0.00000e+00  -6.43571e+04
   4  pileup       9.99689e-04   7.90613e-08  -0.00000e+00  -2.17111e+07
 EXTERNAL ERROR MATRIX.    NDIM=  25    NPAR=  4    ERR DEF=1
  6.296e+01  1.102e-07  8.587e-04 -3.198e-07 
  1.102e-07  6.801e-15 -7.760e-13 -9.092e-16 
  8.587e-04 -7.760e-13  1.736e-07 -3.756e-12 
 -3.198e-07 -9.092e-16 -3.756e-12  6.251e-15 
 PARAMETER  CORRELATION COEFFICIENTS  
       NO.  GLOBAL      1      2      3      4
        1  0.55888   1.000  0.168  0.260 -0.510
        2  0.19176   0.168  1.000 -0.023 -0.139
        3  0.26890   0.260 -0.023  1.000 -0.114
        4  0.51287  -0.510 -0.139 -0.114  1.000
status of the fit-----000------0
1  558987
2  0.564996
3  -0.00432616
4  0.000999689
