  *******************************************
  *                                         *
  *        W E L C O M E  to  R O O T       *
  *                                         *
  *   Version   5.34/36      5 April 2016   *
  *                                         *
  *  You are welcome to visit our Web site  *
  *          http://root.cern.ch            *
  *                                         *
  *******************************************

ROOT 5.34/36 (v5-34-36@v5-34-36, Apr 05 2016, 10:25:45 on linuxx8664gcc)

CINT/ROOT C/C++ Interpreter version 5.18.00, July 2, 2010
Type ? for help. Commands must be C++ statements.
Enclose multiple statements between { }.
Loading root init file.
The rat/rootinit.C file loaded the DEAP style for you, which is available from the fStyle pointer.
DEAP style applied. 
RAT: Libraries loaded.

Processing /home/fatemigh/projects/rpp-jillings/fatemigh/sterile/Likelihood/LikelihoodSterile_modified6.C+(126)...
pased here
566 lines read from file
31
spec_E  566
Before entering fitting
 **********
 **    1 **SET PRINT           2
 **********
 **********
 **    2 **SET NOGRAD
 **********
 PARAMETER DEFINITIONS:
    NO.   NAME         VALUE      STEP SIZE      LIMITS
     1 p0           5.58000e+05  1.67400e+05     no limits
     2 p1           5.65000e-01  1.69500e-01     no limits
     3 p2           0.00000e+00  3.00000e-01     no limits
     4 p3           9.99871e-04  2.99961e-04     no limits
 **********
 **    3 **SET ERR         0.5
 **********
 **********
 **    4 **SET PRINT           2
 **********
 **********
 **    5 **SET STR           1
 **********
 NOW USING STRATEGY  1: TRY TO BALANCE SPEED AGAINST RELIABILITY
 **********
 **    6 **MIGRAD        1480        0.01
 **********
 FIRST CALL TO USER FUNCTION AT NEW START POINT, WITH IFLAG=4.
 START MIGRAD MINIMIZATION.  STRATEGY  1.  CONVERGENCE WHEN EDM .LT. 1.00e-05
 FCN=17288.6 FROM MIGRAD    STATUS=INITIATE       16 CALLS          17 TOTAL
                     EDM= unknown      STRATEGY= 1      NO ERROR MATRIX       
  EXT PARAMETER               CURRENT GUESS       STEP         FIRST   
  NO.   NAME      VALUE            ERROR          SIZE      DERIVATIVE 
   1  p0           5.58000e+05   1.67400e+05   1.67400e+05  -3.62336e+01
   2  p1           5.65000e-01   1.69500e-01   1.69500e-01  -5.11049e+08
   3  p2           0.00000e+00   3.00000e-01   3.00000e-01   2.09028e+06
   4  p3           9.99871e-04   2.99961e-04   2.99961e-04  -1.00170e+09
                               ERR DEF= 0.5
NO ERROR MATRIX       
 FCN=2555.82 FROM MIGRAD    STATUS=PROGRESS       34 CALLS          35 TOTAL
                     EDM=6137.32    STRATEGY= 1      NO ERROR MATRIX       
  EXT PARAMETER               CURRENT GUESS       STEP         FIRST   
  NO.   NAME      VALUE            ERROR          SIZE      DERIVATIVE 
   1  p0           5.58482e+05   1.67400e+05   4.82053e+02  -5.38312e+00
   2  p1           5.65028e-01   1.69500e-01   2.79618e-05  -1.66528e+07
   3  p2          -3.21459e-03   3.00000e-01  -3.21459e-03  -5.22571e+05
   4  p3           1.00185e-03   2.99961e-04   1.97573e-06   6.12155e+08
                               ERR DEF= 0.5
 MIGRAD MINIMIZATION HAS CONVERGED.
 MIGRAD WILL VERIFY CONVERGENCE AND ERROR MATRIX.
   START COVARIANCE MATRIX CALCULATION.
 EIGENVALUES OF SECOND-DERIVATIVE MATRIX:
         2.0887e-04  3.8799e-01  8.3942e-01  2.7724e+00
 COVARIANCE MATRIX CALCULATED SUCCESSFULLY
 FCN=87.9903 FROM HESSE     STATUS=OK             29 CALLS         109 TOTAL
                     EDM=0.0202047    STRATEGY= 1      ERROR MATRIX ACCURATE 
  EXT PARAMETER                                   STEP         FIRST   
  NO.   NAME      VALUE            ERROR          SIZE      DERIVATIVE 
   1  p0           5.58842e+05   2.50815e+02   2.66477e-01   5.05716e-06
   2  p1           5.65034e-01   8.05848e-05   2.69429e-07  -2.47884e+03
   3  p2          -8.38532e-05   7.54536e-05   3.67351e-07   1.98115e+01
   4  p3           9.99788e-04   7.79905e-08   4.76736e-10  -3.00181e+03
                               ERR DEF= 0.5
 PARAMETER  CORRELATION COEFFICIENTS  
       NO.  GLOBAL      1      2      3      4
        1  0.99979   1.000 -1.000 -0.034 -0.267
        2  0.99979  -1.000  1.000  0.048  0.266
        3  0.69675  -0.034  0.048  1.000  0.419
        4  0.57672  -0.267  0.266  0.419  1.000
 FCN=87.8788 FROM MIGRAD    STATUS=PROGRESS      119 CALLS         120 TOTAL
                     EDM=0.0988249    STRATEGY= 1      ERROR MATRIX ACCURATE 
  EXT PARAMETER                                   STEP         FIRST   
  NO.   NAME      VALUE            ERROR          SIZE      DERIVATIVE 
   1  p0           5.58562e+05   2.50815e+02  -2.80388e+02   2.48398e-03
   2  p1           5.65124e-01   8.05848e-05   9.01067e-05   6.29674e+03
   3  p2          -8.04072e-05   7.54536e-05   3.44606e-06  -4.64560e+03
   4  p3           9.99811e-04   7.79905e-08   2.30110e-08   6.24361e+06
                               ERR DEF= 0.5
 FCN=87.3064 FROM MIGRAD    STATUS=PROGRESS      225 CALLS         226 TOTAL
                     EDM=0.193037    STRATEGY= 1  ERROR MATRIX UNCERTAINTY 100.0 per cent
  EXT PARAMETER                APPROXIMATE        STEP         FIRST   
  NO.   NAME      VALUE            ERROR          SIZE      DERIVATIVE 
   1  p0           5.57401e+05   4.19988e+02  -4.02014e+00  -4.01614e-02
   2  p1           5.65499e-01   1.36870e-04   1.33525e-06  -1.24658e+05
   3  p2          -1.22250e-05   8.82084e-05   8.56548e-07   1.03811e+02
   4  p3           9.99796e-04   7.02631e-08  -1.91071e-10   7.18679e+05
                               ERR DEF= 0.5
 MINUIT WARNING IN MIGRAD  
 ============== Negative diagonal element 1 in Error Matrix
 MINUIT WARNING IN MIGRAD  
 ============== Negative diagonal element 2 in Error Matrix
 MINUIT WARNING IN MIGRAD  
 ============== 210462 added to diagonal of error matrix
 EIGENVALUES OF SECOND-DERIVATIVE MATRIX:
         9.9984e-01  1.0000e+00  1.0000e+00  1.0002e+00
 MIGRAD FAILS TO FIND IMPROVEMENT
 MIGRAD TERMINATED WITHOUT CONVERGENCE.
 FCN=87.3024 FROM MIGRAD    STATUS=FAILED        268 CALLS         269 TOTAL
                     EDM=0.1059    STRATEGY= 1  ERROR MATRIX UNCERTAINTY  78.8 per cent
  EXT PARAMETER                APPROXIMATE        STEP         FIRST   
  NO.   NAME      VALUE            ERROR          SIZE      DERIVATIVE 
   1  p0           5.57398e+05   7.07107e-01   0.00000e+00  -3.79104e-02
   2  p1           5.65500e-01   3.24393e+02   0.00000e+00  -1.17739e+05
   3  p2          -1.19713e-05   3.24393e+02  -0.00000e+00   4.53575e+01
   4  p3           9.99796e-04   3.24393e+02  -0.00000e+00   6.53283e+05
                               ERR DEF= 0.5
 EXTERNAL ERROR MATRIX.    NDIM=  25    NPAR=  4    ERR DEF=0.5
  5.000e-01  3.461e-02  1.063e-02 -9.173e-06 
  3.461e-02  1.052e+05 -3.461e-09  3.032e-12 
  1.063e-02 -3.461e-09  1.052e+05  1.964e-12 
 -9.173e-06  3.032e-12  1.964e-12  1.052e+05 
ERR MATRIX APPROXIMATE
 PARAMETER  CORRELATION COEFFICIENTS  
       NO.  GLOBAL      1      2      3      4
        1  0.00016   1.000  0.000  0.000 -0.000
        2  0.00015   0.000  1.000 -0.000  0.000
        3  0.00005   0.000 -0.000  1.000  0.000
        4  0.00000  -0.000  0.000  0.000  1.000
 ERR MATRIX APPROXIMATE
 FCN=87.3024 FROM MIGRAD    STATUS=FAILED        268 CALLS         269 TOTAL
                     EDM=0.1059    STRATEGY= 1  ERROR MATRIX UNCERTAINTY  78.8 per cent
  EXT PARAMETER                  PARABOLIC         MINOS ERRORS        
  NO.   NAME      VALUE            ERROR      NEGATIVE      POSITIVE   
   1  p0           5.57398e+05   7.07107e-01                            
   2  p1           5.65500e-01   3.24393e+02                            
   3  p2          -1.19713e-05   3.24393e+02                            
   4  p3           9.99796e-04   3.24393e+02                            
                               ERR DEF= 0.5
 **********
 **    7 **SET PRINT           2
 **********
 **********
 **    8 **SET NOGRAD
 **********
 PARAMETER DEFINITIONS:
    NO.   NAME         VALUE      STEP SIZE      LIMITS
     1 p0           5.57398e+05  7.07107e-01     no limits
     2 p1           5.65500e-01  3.24393e+02     no limits
     3 p2          -1.19713e-05  3.24393e+02     no limits
     4 p3           9.99796e-04  3.24393e+02     no limits
 **********
 **    9 **SET ERR         0.5
 **********
 **********
 **   10 **SET PRINT           2
 **********
 **********
 **   11 **SET STR           1
 **********
 NOW USING STRATEGY  1: TRY TO BALANCE SPEED AGAINST RELIABILITY
 **********
 **   12 **MIGRAD        1480        0.01
 **********
 FIRST CALL TO USER FUNCTION AT NEW START POINT, WITH IFLAG=4.
 START MIGRAD MINIMIZATION.  STRATEGY  1.  CONVERGENCE WHEN EDM .LT. 1.00e-05
 FCN=87.3024 FROM MIGRAD    STATUS=INITIATE       20 CALLS          21 TOTAL
                     EDM= unknown      STRATEGY= 1      NO ERROR MATRIX       
  EXT PARAMETER               CURRENT GUESS       STEP         FIRST   
  NO.   NAME      VALUE            ERROR          SIZE      DERIVATIVE 
   1  p0           5.57398e+05   7.07107e-01   7.07107e-01  -3.79104e-02
   2  p1           5.65500e-01   3.24393e+02   3.24393e+02   3.89761e+09
   3  p2          -1.19713e-05   3.24393e+02   3.24393e+02   4.55029e+04
   4  p3           9.99796e-04   3.24393e+02   3.24393e+02  -8.54588e+13
                               ERR DEF= 0.5
NO ERROR MATRIX       
 MIGRAD FAILS TO FIND IMPROVEMENT
   START COVARIANCE MATRIX CALCULATION.
 EIGENVALUES OF SECOND-DERIVATIVE MATRIX:
        -2.4338e-01  5.1534e-01  9.9913e-01  2.7289e+00
 MINUIT WARNING IN HESSE   
 ============== MATRIX FORCED POS-DEF BY ADDING 0.246105 TO DIAGONAL.
 FCN=87.3024 FROM HESSE     STATUS=NOT POSDEF     29 CALLS          61 TOTAL
                     EDM=2.06437    STRATEGY= 1      ERR MATRIX NOT POS-DEF
  EXT PARAMETER                APPROXIMATE        STEP         FIRST   
  NO.   NAME      VALUE            ERROR          SIZE      DERIVATIVE 
   1  p0           5.57398e+05   6.79296e+01   2.65788e-01  -3.79261e-02
   2  p1           5.65500e-01   4.66640e-06   3.24393e-02  -1.17712e+05
   3  p2          -1.19713e-05   7.88199e-05   3.24393e-02   4.22116e+01
   4  p3           9.99796e-04   1.23515e-08   3.24393e-02   6.41103e+05
                               ERR DEF= 0.5
 PARAMETER  CORRELATION COEFFICIENTS  
       NO.  GLOBAL      1      2      3      4
        1  0.99772   1.000 -0.997 -0.650 -0.083
        2  0.99788  -0.997  1.000  0.681  0.082
        3  0.77130  -0.650  0.681  1.000  0.062
        4  0.08501  -0.083  0.082  0.062  1.000
 ERR MATRIX NOT POS-DEF
 FCN=87.2855 FROM MIGRAD    STATUS=PROGRESS       71 CALLS          72 TOTAL
                     EDM=0.00856906    STRATEGY= 1      ERR MATRIX NOT POS-DEF
  EXT PARAMETER                APPROXIMATE        STEP         FIRST   
  NO.   NAME      VALUE            ERROR          SIZE      DERIVATIVE 
   1  p0           5.57399e+05   6.79296e+01   1.13010e+00  -2.00276e-03
   2  p1           5.65500e-01   4.66640e-06  -7.72748e-08  -6.47922e+03
   3  p2          -1.28141e-05   7.88199e-05  -8.42838e-07  -2.13941e+03
   4  p3           9.99796e-04   1.23515e-08  -1.78431e-11   1.72822e+06
                               ERR DEF= 0.5
 MIGRAD FAILS TO FIND IMPROVEMENT
 MIGRAD MINIMIZATION HAS CONVERGED.
 MIGRAD WILL VERIFY CONVERGENCE AND ERROR MATRIX.
   START COVARIANCE MATRIX CALCULATION.
 EIGENVALUES OF SECOND-DERIVATIVE MATRIX:
         1.5940e-04  3.8545e-01  8.6746e-01  2.7469e+00
 COVARIANCE MATRIX CALCULATED SUCCESSFULLY
 MIGRAD TERMINATED WITHOUT CONVERGENCE.
 FCN=87.2712 FROM MIGRAD    STATUS=FAILED        138 CALLS         139 TOTAL
                     EDM=0.0034887    STRATEGY= 1      ERR MATRIX APPROXIMATE
  EXT PARAMETER                APPROXIMATE        STEP         FIRST   
  NO.   NAME      VALUE            ERROR          SIZE      DERIVATIVE 
   1  p0           5.57400e+05   2.85411e+02   2.65789e-01  -7.41555e-05
   2  p1           5.65500e-01   9.26295e-05   2.69651e-07  -8.82802e+02
   3  p2          -3.26409e-06   8.03117e-05   3.59380e-07   6.56617e+01
   4  p3           9.99792e-04   7.24380e-08   4.76738e-10   2.27838e+04
                               ERR DEF= 0.5
 EXTERNAL ERROR MATRIX.    NDIM=  25    NPAR=  4    ERR DEF=0.5
  8.146e+04 -2.643e-02 -7.625e-03 -1.248e-07 
 -2.643e-02  8.580e-09  2.558e-09  3.743e-14 
 -7.625e-03  2.558e-09  6.450e-09  2.413e-12 
 -1.248e-07  3.743e-14  2.413e-12  5.247e-15 
ERR MATRIX APPROXIMATE
 PARAMETER  CORRELATION COEFFICIENTS  
       NO.  GLOBAL      1      2      3      4
        1  0.99984   1.000 -1.000 -0.333 -0.006
        2  0.99984  -1.000  1.000  0.344  0.006
        3  0.73669  -0.333  0.344  1.000  0.415
        4  0.53088  -0.006  0.006  0.415  1.000
 ERR MATRIX APPROXIMATE
 FCN=87.2712 FROM MIGRAD    STATUS=FAILED        138 CALLS         139 TOTAL
                     EDM=0.0034887    STRATEGY= 1      ERR MATRIX APPROXIMATE
  EXT PARAMETER                  PARABOLIC         MINOS ERRORS        
  NO.   NAME      VALUE            ERROR      NEGATIVE      POSITIVE   
   1  p0           5.57400e+05   2.85411e+02                            
   2  p1           5.65500e-01   9.26295e-05                            
   3  p2          -3.26409e-06   8.03117e-05                            
   4  p3           9.99792e-04   7.24380e-08                            
                               ERR DEF= 0.5
 **********
 **   13 **SET PRINT           2
 **********
 **********
 **   14 **SET NOGRAD
 **********
 PARAMETER DEFINITIONS:
    NO.   NAME         VALUE      STEP SIZE      LIMITS
     1 p0           5.57400e+05  2.85411e+02     no limits
     2 p1           5.65500e-01  9.26295e-05     no limits
     3 p2          -3.26409e-06  8.03117e-05     no limits
     4 p3           9.99792e-04  7.24380e-08     no limits
 **********
 **   15 **SET ERR         0.5
 **********
 **********
 **   16 **SET PRINT           2
 **********
 **********
 **   17 **SET STR           1
 **********
 NOW USING STRATEGY  1: TRY TO BALANCE SPEED AGAINST RELIABILITY
 **********
 **   18 **MIGRAD        1480        0.01
 **********
 FIRST CALL TO USER FUNCTION AT NEW START POINT, WITH IFLAG=4.
 START MIGRAD MINIMIZATION.  STRATEGY  1.  CONVERGENCE WHEN EDM .LT. 1.00e-05
 FCN=87.2712 FROM MIGRAD    STATUS=INITIATE       16 CALLS          17 TOTAL
                     EDM= unknown      STRATEGY= 1      NO ERROR MATRIX       
  EXT PARAMETER               CURRENT GUESS       STEP         FIRST   
  NO.   NAME      VALUE            ERROR          SIZE      DERIVATIVE 
   1  p0           5.57400e+05   2.85411e+02   2.85411e+02  -9.49024e-05
   2  p1           5.65500e-01   9.26295e-05   9.26295e-05  -8.83282e+02
   3  p2          -3.26409e-06   8.03117e-05   8.03117e-05   2.52397e+00
   4  p3           9.99792e-04   7.24380e-08   7.24380e-08   2.85705e+02
                               ERR DEF= 0.5
NO ERROR MATRIX       
 FCN=87.2712 FROM MIGRAD    STATUS=PROGRESS       35 CALLS          36 TOTAL
                     EDM=9.82494e-06    STRATEGY= 1      NO ERROR MATRIX       
  EXT PARAMETER               CURRENT GUESS       STEP         FIRST   
  NO.   NAME      VALUE            ERROR          SIZE      DERIVATIVE 
   1  p0           5.57400e+05   2.85411e+02   2.47647e-03   3.10423e-04
   2  p1           5.65500e-01   9.26295e-05   2.40308e-09   3.38755e+02
   3  p2          -3.27187e-06   8.03117e-05  -7.78501e-09  -2.43838e+01
   4  p3           9.99792e-04   7.24380e-08  -1.07665e-12   8.17418e+03
                               ERR DEF= 0.5
 MIGRAD FAILS TO FIND IMPROVEMENT
 MIGRAD MINIMIZATION HAS CONVERGED.
 MIGRAD WILL VERIFY CONVERGENCE AND ERROR MATRIX.
   START COVARIANCE MATRIX CALCULATION.
 EIGENVALUES OF SECOND-DERIVATIVE MATRIX:
         9.1008e-04  4.1144e-01  8.3938e-01  2.7483e+00
 COVARIANCE MATRIX CALCULATED SUCCESSFULLY
 FCN=87.2712 FROM HESSE     STATUS=OK             27 CALLS          82 TOTAL
                     EDM=0.000272988    STRATEGY= 1      ERROR MATRIX ACCURATE 
  EXT PARAMETER                                   STEP         FIRST   
  NO.   NAME      VALUE            ERROR          SIZE      DERIVATIVE 
   1  p0           5.57400e+05   1.19208e+02   2.65789e-01   3.02463e-04
   2  p1           5.65500e-01   3.88332e-05   2.69651e-07   3.35211e+02
   3  p2          -3.27184e-06   7.99411e-05   3.52787e-07  -1.67670e+01
   4  p3           9.99792e-04   6.76783e-08   4.76738e-10   1.04816e+04
                               ERR DEF= 0.5
 PARAMETER  CORRELATION COEFFICIENTS  
       NO.  GLOBAL      1      2      3      4
        1  0.99908   1.000 -0.998 -0.139  0.142
        2  0.99910  -0.998  1.000  0.170 -0.144
        3  0.69458  -0.139  0.170  1.000  0.312
        4  0.47466   0.142 -0.144  0.312  1.000
 FCN=87.2711 FROM MIGRAD    STATUS=PROGRESS       91 CALLS          92 TOTAL
                     EDM=0.000274449    STRATEGY= 1      ERROR MATRIX ACCURATE 
  EXT PARAMETER                                   STEP         FIRST   
  NO.   NAME      VALUE            ERROR          SIZE      DERIVATIVE 
   1  p0           5.57399e+05   1.19208e+02  -1.39146e-01   3.01268e-04
   2  p1           5.65500e-01   3.88332e-05   4.52689e-08   3.31860e+02
   3  p2          -3.25619e-06   7.99411e-05   1.56439e-08  -2.25016e+01
   4  p3           9.99792e-04   6.76783e-08  -1.18997e-11   9.82814e+03
                               ERR DEF= 0.5
 MINUIT WARNING IN MIGRAD  
 ============== Negative diagonal element 1 in Error Matrix
 MINUIT WARNING IN MIGRAD  
 ============== Negative diagonal element 2 in Error Matrix
 MINUIT WARNING IN MIGRAD  
 ============== Negative diagonal element 3 in Error Matrix
 MINUIT WARNING IN MIGRAD  
 ============== 546445 added to diagonal of error matrix
 EIGENVALUES OF SECOND-DERIVATIVE MATRIX:
         9.9974e-01  1.0000e+00  1.0000e+00  1.0003e+00
 MIGRAD FAILS TO FIND IMPROVEMENT
 MIGRAD TERMINATED WITHOUT CONVERGENCE.
 FCN=87.2711 FROM MIGRAD    STATUS=FAILED        102 CALLS         103 TOTAL
                     EDM=0.000274449    STRATEGY= 1  ERROR MATRIX UNCERTAINTY  26.3 per cent
  EXT PARAMETER                APPROXIMATE        STEP         FIRST   
  NO.   NAME      VALUE            ERROR          SIZE      DERIVATIVE 
   1  p0           5.57399e+05   7.07107e-01  -0.00000e+00   3.01268e-04
   2  p1           5.65500e-01   5.22707e+02  -0.00000e+00   3.31860e+02
   3  p2          -3.25619e-06   5.22707e+02   0.00000e+00  -2.25016e+01
   4  p3           9.99792e-04   5.22707e+02  -0.00000e+00   9.82814e+03
                               ERR DEF= 0.5
 EXTERNAL ERROR MATRIX.    NDIM=  25    NPAR=  4    ERR DEF=0.5
  5.000e-01  8.890e-02  3.187e-02 -2.313e-05 
  8.890e-02  2.732e+05 -1.037e-08  7.484e-12 
  3.187e-02 -1.037e-08  2.732e+05  2.319e-12 
 -2.313e-05  7.484e-12  2.319e-12  2.732e+05 
ERR MATRIX APPROXIMATE
 PARAMETER  CORRELATION COEFFICIENTS  
       NO.  GLOBAL      1      2      3      4
        1  0.00026   1.000  0.000  0.000 -0.000
        2  0.00024   0.000  1.000 -0.000  0.000
        3  0.00009   0.000 -0.000  1.000  0.000
        4  0.00000  -0.000  0.000  0.000  1.000
 ERR MATRIX APPROXIMATE
 FCN=87.2711 FROM MIGRAD    STATUS=FAILED        102 CALLS         103 TOTAL
                     EDM=0.000274449    STRATEGY= 1  ERROR MATRIX UNCERTAINTY  26.3 per cent
  EXT PARAMETER                  PARABOLIC         MINOS ERRORS        
  NO.   NAME      VALUE            ERROR      NEGATIVE      POSITIVE   
   1  p0           5.57399e+05   7.07107e-01                            
   2  p1           5.65500e-01   5.22707e+02                            
   3  p2          -3.25619e-06   5.22707e+02                            
   4  p3           9.99792e-04   5.22707e+02                            
                               ERR DEF= 0.5
------------------------------------------
Enering ROOFIt-------
 PARAMETER DEFINITIONS:
    NO.   NAME         VALUE      STEP SIZE      LIMITS
     1 norm         5.57399e+05  1.00000e-01     no limits
     2 Q            5.65000e-01  1.00000e-01     no limits
     3 theta        0.00000e+00  1.00000e-01     no limits
     4 pileup       9.99792e-04  1.00000e-01     no limits
 **********
 **    1 **MIGRAD
 **********
 FIRST CALL TO USER FUNCTION AT NEW START POINT, WITH IFLAG=4.
 START MIGRAD MINIMIZATION.  STRATEGY  1.  CONVERGENCE WHEN EDM .LT. 1.00e-04
 FCN=-2.3786e+11 FROM MIGRAD    STATUS=INITIATE       16 CALLS          17 TOTAL
                     EDM= unknown      STRATEGY= 1      NO ERROR MATRIX       
  EXT PARAMETER               CURRENT GUESS       STEP         FIRST   
  NO.   NAME      VALUE            ERROR          SIZE      DERIVATIVE 
   1  norm         5.57399e+05   1.00000e-01   1.00000e-01  -5.92863e+01
   2  Q            5.65000e-01   1.00000e-01   1.00000e-01  -8.99691e+08
   3  theta        0.00000e+00   1.00000e-01   1.00000e-01   3.43249e+06
   4  pileup       9.99792e-04   1.00000e-01   1.00000e-01  -9.20180e+11
 MIGRAD FAILS TO FIND IMPROVEMENT
 MACHINE ACCURACY LIMITS FURTHER IMPROVEMENT.
 MIGRAD MINIMIZATION HAS CONVERGED.
 MIGRAD WILL VERIFY CONVERGENCE AND ERROR MATRIX.
 EIGENVALUES OF SECOND-DERIVATIVE MATRIX:
        -7.2782e-04  3.6664e-01  8.5016e-01  2.7839e+00
 MINUIT WARNING IN HESSE   
 ============== MATRIX FORCED POS-DEF BY ADDING 0.003512 TO DIAGONAL.
 FCN=-2.3786e+11 FROM HESSE     STATUS=NOT POSDEF     29 CALLS         290 TOTAL
                     EDM=0.733711    STRATEGY= 1      ERR MATRIX NOT POS-DEF
  EXT PARAMETER                APPROXIMATE        STEP         FIRST   
  NO.   NAME      VALUE            ERROR          SIZE      DERIVATIVE 
   1  norm         5.58936e+05   9.60836e+01   1.72573e+03   5.02002e-02
   2  Q            5.65003e-01   3.16020e-05   9.41805e-05   1.55775e+05
   3  theta       -1.19754e-04   1.19346e-04   1.85214e-02  -1.48198e+04
   4  pileup       9.99848e-04   1.05032e-07   2.09861e-05   1.79779e+07
 MINUIT WARNING IN MIGRAD  
 ============== Negative diagonal element 2 in Error Matrix
 MINUIT WARNING IN MIGRAD  
 ============== 1 added to diagonal of error matrix
 MIGRAD FAILS TO FIND IMPROVEMENT
 MIGRAD TERMINATED WITHOUT CONVERGENCE.
 FCN=-2.3786e+11 FROM MIGRAD    STATUS=FAILED        329 CALLS         330 TOTAL
                     EDM=8.64492e+07    STRATEGY= 1      ERR MATRIX NOT POS-DEF
  EXT PARAMETER                APPROXIMATE        STEP         FIRST   
  NO.   NAME      VALUE            ERROR          SIZE      DERIVATIVE 
   1  norm         5.58924e+05   9.16415e+00  -0.00000e+00  -6.33835e-02
   2  Q            5.65008e-01   1.00000e+00  -0.00000e+00   6.14834e+08
   3  theta       -8.22424e-05   1.00000e+00  -0.00000e+00   1.65044e+04
   4  pileup       9.99790e-04   1.00000e+00   0.00000e+00  -2.83939e+07
 EXTERNAL ERROR MATRIX.    NDIM=  25    NPAR=  4    ERR DEF=1
  8.398e+01 -2.895e-09  5.351e-04  1.466e-08 
 -2.895e-09  1.000e+00  1.408e-15  2.786e-16 
  5.351e-04  1.408e-15  1.000e+00  5.305e-12 
  1.466e-08  2.786e-16  5.305e-12  1.000e+00 
ERR MATRIX NOT POS-DEF
 PARAMETER  CORRELATION COEFFICIENTS  
       NO.  GLOBAL      1      2      3      4
        1  0.00006   1.000 -0.000  0.000  0.000
        2  0.00000  -0.000  1.000  0.000  0.000
        3  0.00006   0.000  0.000  1.000  0.000
        4  0.00000   0.000  0.000  0.000  1.000
 ERR MATRIX NOT POS-DEF
 **********
 **    2 **MIGRAD 
 **********
 START MIGRAD MINIMIZATION.  STRATEGY  1.  CONVERGENCE WHEN EDM .LT. 1.00e-04
 FCN=-2.3786e+11 FROM MIGRAD    STATUS=INITIATE       12 CALLS         342 TOTAL
                     EDM=1.28159e+16    STRATEGY= 1      ERR MATRIX NOT POS-DEF
  EXT PARAMETER                APPROXIMATE        STEP         FIRST   
  NO.   NAME      VALUE            ERROR          SIZE      DERIVATIVE 
   1  norm         5.58924e+05   9.16415e+00  -0.00000e+00  -6.33834e-02
   2  Q            5.65008e-01   1.00000e+00  -0.00000e+00   1.49723e+03
   3  theta       -8.22424e-05   1.00000e+00  -0.00000e+00   1.65038e+04
   4  pileup       9.99790e-04   1.00000e+00   0.00000e+00  -2.83903e+07
 MIGRAD FAILS TO FIND IMPROVEMENT
 EIGENVALUES OF SECOND-DERIVATIVE MATRIX:
        -7.2876e-04  3.6662e-01  8.5017e-01  2.7839e+00
 MINUIT WARNING IN HESSE   
 ============== MATRIX FORCED POS-DEF BY ADDING 0.003513 TO DIAGONAL.
 FCN=-2.3786e+11 FROM HESSE     STATUS=NOT POSDEF     31 CALLS         384 TOTAL
                     EDM=0.00317897    STRATEGY= 1      ERR MATRIX NOT POS-DEF
  EXT PARAMETER                APPROXIMATE        STEP         FIRST   
  NO.   NAME      VALUE            ERROR          SIZE      DERIVATIVE 
   1  norm         5.58924e+05   9.60794e+01   1.72569e+03   1.13821e-03
   2  Q            5.65008e-01   3.16019e-05   9.49224e-05   1.35834e+03
   3  theta       -8.22424e-05   1.19390e-04   1.85243e-02   9.39018e+02
   4  pileup       9.99790e-04   1.05030e-07   2.09852e-05   4.59541e+04
 MIGRAD FAILS TO FIND IMPROVEMENT
 MACHINE ACCURACY LIMITS FURTHER IMPROVEMENT.
 MIGRAD MINIMIZATION HAS CONVERGED.
 MIGRAD WILL VERIFY CONVERGENCE AND ERROR MATRIX.
 EIGENVALUES OF SECOND-DERIVATIVE MATRIX:
        -1.7214e-04  3.7105e-01  8.5095e-01  2.7782e+00
 MINUIT WARNING IN HESSE   
 ============== MATRIX FORCED POS-DEF BY ADDING 0.002950 TO DIAGONAL.
 MIGRAD TERMINATED WITHOUT CONVERGENCE.
 FCN=-2.3786e+11 FROM MIGRAD    STATUS=FAILED        104 CALLS         434 TOTAL
                     EDM=0.00288317    STRATEGY= 1      ERR MATRIX NOT POS-DEF
  EXT PARAMETER                APPROXIMATE        STEP         FIRST   
  NO.   NAME      VALUE            ERROR          SIZE      DERIVATIVE 
   1  norm         5.58922e+05   9.67951e+01   6.90275e+02  -1.87896e-05
   2  Q            5.65008e-01   3.14638e-05   3.79689e-05  -2.26859e+03
   3  theta       -8.92818e-05   1.12054e-04   7.40971e-03  -1.76482e+02
   4  pileup       9.99787e-04   1.04107e-07   8.39408e-06   2.18591e+04
 EXTERNAL ERROR MATRIX.    NDIM=  25    NPAR=  4    ERR DEF=1
  9.369e+03 -3.032e-03 -1.748e-03 -6.173e-07 
 -3.032e-03  9.900e-10  7.498e-10  1.964e-13 
 -1.748e-03  7.498e-10  1.256e-08  5.114e-12 
 -6.173e-07  1.964e-13  5.114e-12  1.084e-14 
ERR MATRIX NOT POS-DEF
 PARAMETER  CORRELATION COEFFICIENTS  
       NO.  GLOBAL      1      2      3      4
        1  0.99720   1.000 -0.995 -0.161 -0.061
        2  0.99726  -0.995  1.000  0.213  0.060
        3  0.72075  -0.161  0.213  1.000  0.438
        4  0.53436  -0.061  0.060  0.438  1.000
 ERR MATRIX NOT POS-DEF
status of the fit-----000------4
1  558922
2  0.565008
3  -8.92818e-05
4  0.000999787
 PARAMETER DEFINITIONS:
    NO.   NAME         VALUE      STEP SIZE      LIMITS
     1 norm         5.58922e+05  1.00000e-01     no limits
     2 Q            5.65008e-01  1.00000e-01     no limits
     3 theta       -8.92818e-05  1.00000e-01     no limits
     4 pileup       9.99787e-04  1.00000e-01     no limits
 **********
 **    3 **MIGRAD
 **********
 FIRST CALL TO USER FUNCTION AT NEW START POINT, WITH IFLAG=4.
 START MIGRAD MINIMIZATION.  STRATEGY  1.  CONVERGENCE WHEN EDM .LT. 1.00e-04
 FCN=-2.3786e+11 FROM MIGRAD    STATUS=INITIATE       16 CALLS         451 TOTAL
                     EDM= unknown      STRATEGY= 1      NO ERROR MATRIX       
  EXT PARAMETER               CURRENT GUESS       STEP         FIRST   
  NO.   NAME      VALUE            ERROR          SIZE      DERIVATIVE 
   1  norm         5.58922e+05   1.00000e-01   1.00000e-01  -1.14506e-05
   2  Q            5.65008e-01   1.00000e-01   1.00000e-01   6.18137e+06
   3  theta       -8.92818e-05   1.00000e-01   1.00000e-01   1.53936e+04
   4  pileup       9.99787e-04   1.00000e-01   1.00000e-01  -9.18057e+11
 MIGRAD FAILS TO FIND IMPROVEMENT
 COVARIANCE MATRIX CALCULATED SUCCESSFULLY
 FCN=-2.3786e+11 FROM HESSE     STATUS=OK             29 CALLS         491 TOTAL
                     EDM=0.0195039    STRATEGY= 1      ERROR MATRIX ACCURATE 
  EXT PARAMETER                                   STEP         FIRST   
  NO.   NAME      VALUE            ERROR          SIZE      DERIVATIVE 
   1  norm         5.58922e+05   1.91251e+02   2.66515e+00  -8.58796e-05
   2  Q            5.65008e-01   1.82698e-05   1.00000e-03  -2.25343e+03
   3  theta       -8.92818e-05   1.59960e-03   1.85153e-02  -1.55573e+02
   4  pileup       9.99787e-04   9.24450e-08   1.00000e-02  -5.63864e+05
 MIGRAD FAILS TO FIND IMPROVEMENT
 MIGRAD TERMINATED WITHOUT CONVERGENCE.
 FCN=-2.3786e+11 FROM MIGRAD    STATUS=FAILED         95 CALLS         530 TOTAL
                     EDM=2.92133e+07    STRATEGY= 1  ERROR MATRIX UNCERTAINTY 100.0 per cent
  EXT PARAMETER                APPROXIMATE        STEP         FIRST   
  NO.   NAME      VALUE            ERROR          SIZE      DERIVATIVE 
   1  norm         5.58922e+05   9.14287e+00   0.00000e+00  -6.41807e-04
   2  Q            5.65008e-01   1.98700e-09  -0.00000e+00   6.58525e+08
   3  theta       -8.91748e-05   9.91355e-05   0.00000e+00   1.54645e+04
   4  pileup       9.99787e-04   8.53070e-09   0.00000e+00  -2.84786e+07
 EXTERNAL ERROR MATRIX.    NDIM=  25    NPAR=  4    ERR DEF=1
  8.359e+01 -1.107e-08  5.528e-04  4.643e-08 
 -1.107e-08  3.948e-18 -1.969e-13 -1.688e-17 
  5.528e-04 -1.969e-13  9.828e-09  8.423e-13 
  4.643e-08 -1.688e-17  8.423e-13  7.277e-17 
ERR MATRIX APPROXIMATE
 PARAMETER  CORRELATION COEFFICIENTS  
       NO.  GLOBAL      1      2      3      4
        1  0.62502   1.000 -0.609  0.610  0.595
        2  0.99978  -0.609  1.000 -1.000 -0.996
        3  0.99979   0.610 -1.000  1.000  0.996
        4  0.99614   0.595 -0.996  0.996  1.000
 ERR MATRIX APPROXIMATE
 **********
 **    4 **MIGRAD 
 **********
 START MIGRAD MINIMIZATION.  STRATEGY  1.  CONVERGENCE WHEN EDM .LT. 1.00e-04
 FCN=-2.3786e+11 FROM MIGRAD    STATUS=INITIATE       12 CALLS         542 TOTAL
                     EDM=40.4651    STRATEGY= 1  ERROR MATRIX UNCERTAINTY 100.0 per cent
  EXT PARAMETER                APPROXIMATE        STEP         FIRST   
  NO.   NAME      VALUE            ERROR          SIZE      DERIVATIVE 
   1  norm         5.58922e+05   9.14287e+00   0.00000e+00  -6.74435e-03
   2  Q            5.65008e-01   1.98700e-09  -0.00000e+00  -3.94631e+03
   3  theta       -8.91748e-05   9.91355e-05   0.00000e+00   1.54640e+04
   4  pileup       9.99787e-04   8.53070e-09   0.00000e+00  -2.84788e+07
 MIGRAD FAILS TO FIND IMPROVEMENT
 MACHINE ACCURACY LIMITS FURTHER IMPROVEMENT.
 MIGRAD MINIMIZATION HAS CONVERGED.
 MIGRAD WILL VERIFY CONVERGENCE AND ERROR MATRIX.
 EIGENVALUES OF SECOND-DERIVATIVE MATRIX:
        -6.4856e-04  3.6681e-01  8.4977e-01  2.7841e+00
 MINUIT WARNING IN HESSE   
 ============== MATRIX FORCED POS-DEF BY ADDING 0.003433 TO DIAGONAL.
 FCN=-2.3786e+11 FROM HESSE     STATUS=NOT POSDEF     29 CALLS         582 TOTAL
                     EDM=0.00606552    STRATEGY= 1      ERR MATRIX NOT POS-DEF
  EXT PARAMETER                APPROXIMATE        STEP         FIRST   
  NO.   NAME      VALUE            ERROR          SIZE      DERIVATIVE 
   1  norm         5.58922e+05   9.60691e+01   5.33030e+02  -5.91138e-04
   2  Q            5.65008e-01   3.16024e-05   9.43372e-05  -4.04368e+03
   3  theta       -8.91748e-05   1.19669e-04   1.85246e-02  -1.00615e+02
   4  pileup       9.99787e-04   1.05213e-07   2.09852e-05  -1.13587e+06
 MINUIT WARNING IN MIGRAD  
 ============== Negative diagonal element 4 in Error Matrix
 MINUIT WARNING IN MIGRAD  
 ============== 1 added to diagonal of error matrix
 MIGRAD FAILS TO FIND IMPROVEMENT
 MACHINE ACCURACY LIMITS FURTHER IMPROVEMENT.
 MIGRAD MINIMIZATION HAS CONVERGED.
 MIGRAD WILL VERIFY CONVERGENCE AND ERROR MATRIX.
 EIGENVALUES OF SECOND-DERIVATIVE MATRIX:
        -3.8970e-04  3.7340e-01  8.5147e-01  2.7755e+00
 MINUIT WARNING IN HESSE   
 ============== MATRIX FORCED POS-DEF BY ADDING 0.003165 TO DIAGONAL.
 MIGRAD TERMINATED WITHOUT CONVERGENCE.
 FCN=-2.3786e+11 FROM MIGRAD    STATUS=FAILED        105 CALLS         635 TOTAL
                     EDM=0.00326604    STRATEGY= 1      ERR MATRIX NOT POS-DEF
  EXT PARAMETER                APPROXIMATE        STEP         FIRST   
  NO.   NAME      VALUE            ERROR          SIZE      DERIVATIVE 
   1  norm         5.58920e+05   9.70063e+01   2.13212e+02  -1.48500e-04
   2  Q            5.65009e-01   3.14293e-05   1.88674e-04  -2.75779e+03
   3  theta       -8.70256e-05   1.10691e-04   7.40985e-03   2.91900e+01
   4  pileup       9.99790e-04   1.03845e-07   2.09852e-05   3.69905e+05
 EXTERNAL ERROR MATRIX.    NDIM=  25    NPAR=  4    ERR DEF=1
  9.410e+03 -3.035e-03 -1.125e-03 -4.138e-07 
 -3.035e-03  9.878e-10  5.445e-10  1.292e-13 
 -1.125e-03  5.445e-10  1.225e-08  4.996e-12 
 -4.138e-07  1.292e-13  4.996e-12  1.078e-14 
ERR MATRIX NOT POS-DEF
 PARAMETER  CORRELATION COEFFICIENTS  
       NO.  GLOBAL      1      2      3      4
        1  0.99721   1.000 -0.996 -0.105 -0.041
        2  0.99726  -0.996  1.000  0.157  0.040
        3  0.71250  -0.105  0.157  1.000  0.435
        4  0.53120  -0.041  0.040  0.435  1.000
 ERR MATRIX NOT POS-DEF
status of the fit-----000------4
1  558920
2  0.565009
3  -8.70256e-05
4  0.00099979
 PARAMETER DEFINITIONS:
    NO.   NAME         VALUE      STEP SIZE      LIMITS
     1 norm         5.58920e+05  1.00000e-01     no limits
     2 Q            5.65009e-01  1.00000e-01     no limits
     3 theta       -8.70256e-05  1.00000e-01     no limits
     4 pileup       9.99790e-04  1.00000e-01     no limits
 **********
 **    5 **MIGRAD
 **********
 FIRST CALL TO USER FUNCTION AT NEW START POINT, WITH IFLAG=4.
 START MIGRAD MINIMIZATION.  STRATEGY  1.  CONVERGENCE WHEN EDM .LT. 1.00e-04
 FCN=-2.3786e+11 FROM MIGRAD    STATUS=INITIATE       16 CALLS         652 TOTAL
                     EDM= unknown      STRATEGY= 1      NO ERROR MATRIX       
  EXT PARAMETER               CURRENT GUESS       STEP         FIRST   
  NO.   NAME      VALUE            ERROR          SIZE      DERIVATIVE 
   1  norm         5.58920e+05   1.00000e-01   1.00000e-01  -1.14506e-04
   2  Q            5.65009e-01   1.00000e-01   1.00000e-01   6.16520e+06
   3  theta       -8.70256e-05   1.00000e-01   1.00000e-01   1.55986e+04
   4  pileup       9.99790e-04   1.00000e-01   1.00000e-01  -9.18057e+11
 MIGRAD FAILS TO FIND IMPROVEMENT
 COVARIANCE MATRIX CALCULATED SUCCESSFULLY
 FCN=-2.3786e+11 FROM HESSE     STATUS=OK             29 CALLS         692 TOTAL
                     EDM=0.000369789    STRATEGY= 1      ERROR MATRIX ACCURATE 
  EXT PARAMETER                                   STEP         FIRST   
  NO.   NAME      VALUE            ERROR          SIZE      DERIVATIVE 
   1  norm         5.58920e+05   1.66824e+02   2.66514e+00  -5.72532e-05
   2  Q            5.65009e-01   1.59423e-05   1.00000e-03  -2.75943e+03
   3  theta       -8.70256e-05   1.39747e-03   1.85157e-02   4.97344e+01
   4  pileup       9.99790e-04   9.24426e-08   1.00000e-02  -1.77288e+05
 EIGENVALUES OF SECOND-DERIVATIVE MATRIX:
        -6.2197e-02 -4.2574e-06  5.4456e-01  3.5176e+00
 MINUIT WARNING IN MIGRAD  
 ============== MATRIX FORCED POS-DEF BY ADDING 0.065715 TO DIAGONAL.
 MIGRAD FAILS TO FIND IMPROVEMENT
 MACHINE ACCURACY LIMITS FURTHER IMPROVEMENT.
 MIGRAD MINIMIZATION HAS CONVERGED.
 MIGRAD WILL VERIFY CONVERGENCE AND ERROR MATRIX.
 EIGENVALUES OF SECOND-DERIVATIVE MATRIX:
        -6.4919e-04  3.6681e-01  8.4978e-01  2.7841e+00
 MINUIT WARNING IN HESSE   
 ============== MATRIX FORCED POS-DEF BY ADDING 0.003433 TO DIAGONAL.
 MIGRAD TERMINATED WITHOUT CONVERGENCE.
 FCN=-2.3786e+11 FROM MIGRAD    STATUS=FAILED        153 CALLS         789 TOTAL
                     EDM=0.00277026    STRATEGY= 1      ERR MATRIX NOT POS-DEF
  EXT PARAMETER                APPROXIMATE        STEP         FIRST   
  NO.   NAME      VALUE            ERROR          SIZE      DERIVATIVE 
   1  norm         5.58920e+05   9.60699e+01   5.33028e+02  -1.18085e-04
   2  Q            5.65009e-01   3.16022e-05   9.49646e-05  -2.58532e+03
   3  theta       -8.70367e-05   1.19658e-04   1.85250e-02   4.46232e+01
   4  pileup       9.99790e-04   1.05212e-07   2.09852e-05   3.72250e+05
 EXTERNAL ERROR MATRIX.    NDIM=  25    NPAR=  4    ERR DEF=1
  9.229e+03 -3.022e-03 -4.079e-03 -1.591e-06 
 -3.022e-03  9.987e-10  1.529e-09  5.207e-13 
 -4.079e-03  1.529e-09  1.432e-08  5.770e-12 
 -1.591e-06  5.207e-13  5.770e-12  1.107e-14 
ERR MATRIX NOT POS-DEF
 PARAMETER  CORRELATION COEFFICIENTS  
       NO.  GLOBAL      1      2      3      4
        1  0.99716   1.000 -0.995 -0.355 -0.157
        2  0.99729  -0.995  1.000  0.404  0.157
        3  0.76079  -0.355  0.404  1.000  0.458
        4  0.54853  -0.157  0.157  0.458  1.000
 ERR MATRIX NOT POS-DEF
 **********
 **    6 **MIGRAD 
 **********
 START MIGRAD MINIMIZATION.  STRATEGY  1.  CONVERGENCE WHEN EDM .LT. 1.00e-04
 FCN=-2.3786e+11 FROM MIGRAD    STATUS=INITIATE        8 CALLS         797 TOTAL
                     EDM=0.0405117    STRATEGY= 1      ERR MATRIX NOT POS-DEF
  EXT PARAMETER                APPROXIMATE        STEP         FIRST   
  NO.   NAME      VALUE            ERROR          SIZE      DERIVATIVE 
   1  norm         5.58920e+05   9.60699e+01   5.33028e+02  -1.09311e-03
   2  Q            5.65009e-01   3.16022e-05   9.49646e-05  -2.18105e+03
   3  theta       -8.70367e-05   1.19658e-04   1.85250e-02   2.51392e+03
   4  pileup       9.99790e-04   1.05212e-07   2.09852e-05  -4.13843e+06
 MIGRAD FAILS TO FIND IMPROVEMENT
 MACHINE ACCURACY LIMITS FURTHER IMPROVEMENT.
 MIGRAD MINIMIZATION HAS CONVERGED.
 MIGRAD WILL VERIFY CONVERGENCE AND ERROR MATRIX.
 EIGENVALUES OF SECOND-DERIVATIVE MATRIX:
        -3.9198e-04  3.7226e-01  8.5161e-01  2.7765e+00
 MINUIT WARNING IN HESSE   
 ============== MATRIX FORCED POS-DEF BY ADDING 0.003169 TO DIAGONAL.
 FCN=-2.3786e+11 FROM HESSE     STATUS=NOT POSDEF     31 CALLS         838 TOTAL
                     EDM=0.00169821    STRATEGY= 1      ERR MATRIX NOT POS-DEF
  EXT PARAMETER                APPROXIMATE        STEP         FIRST   
  NO.   NAME      VALUE            ERROR          SIZE      DERIVATIVE 
   1  norm         5.58920e+05   9.69901e+01   2.13211e+02  -1.00193e-04
   2  Q            5.65009e-01   3.14233e-05   1.89929e-04  -2.59496e+03
   3  theta       -8.70367e-05   1.10803e-04   7.41000e-03   2.42987e+01
   4  pileup       9.99790e-04   1.03983e-07   8.39408e-06   4.10778e+05
 MINUIT WARNING IN MIGRAD  
 ============== Negative diagonal element 2 in Error Matrix
 MINUIT WARNING IN MIGRAD  
 ============== 1 added to diagonal of error matrix
 MIGRAD FAILS TO FIND IMPROVEMENT
 MIGRAD TERMINATED WITHOUT CONVERGENCE.
 FCN=-2.3786e+11 FROM MIGRAD    STATUS=FAILED        100 CALLS         889 TOTAL
                     EDM=9.32346e+08    STRATEGY= 1      ERR MATRIX NOT POS-DEF
  EXT PARAMETER                APPROXIMATE        STEP         FIRST   
  NO.   NAME      VALUE            ERROR          SIZE      DERIVATIVE 
   1  norm         5.58910e+05   9.01289e+00  -0.00000e+00  -1.50030e-02
   2  Q            5.65012e-01   1.00000e+00  -0.00000e+00   9.74241e+08
   3  theta       -8.80682e-05   1.00000e+00  -0.00000e+00   1.55345e+04
   4  pileup       9.99786e-04   1.00000e+00   0.00000e+00  -2.86256e+07
 EXTERNAL ERROR MATRIX.    NDIM=  25    NPAR=  4    ERR DEF=1
  8.123e+01  3.040e-09  5.834e-04  1.723e-07 
  3.040e-09  1.000e+00 -5.169e-14  6.351e-17 
  5.834e-04 -5.169e-14  1.000e+00  4.599e-12 
  1.723e-07  6.351e-17  4.599e-12  1.000e+00 
ERR MATRIX NOT POS-DEF
 PARAMETER  CORRELATION COEFFICIENTS  
       NO.  GLOBAL      1      2      3      4
        1  0.00006   1.000  0.000  0.000  0.000
        2  0.00000   0.000  1.000 -0.000  0.000
        3  0.00006   0.000 -0.000  1.000  0.000
        4  0.00000   0.000  0.000  0.000  1.000
 ERR MATRIX NOT POS-DEF
status of the fit-----000------4
1  558910
2  0.565012
3  -8.80682e-05
4  0.000999786
 **********
 **   19 **SET PRINT           2
 **********
 **********
 **   20 **SET NOGRAD
 **********
 PARAMETER DEFINITIONS:
    NO.   NAME         VALUE      STEP SIZE      LIMITS
     1 p0           5.58000e+05  1.67400e+05     no limits
     2 p1           5.65000e-01  1.69500e-01     no limits
     3 p2           0.00000e+00  3.00000e-01     no limits
     4 p3           9.99871e-04  2.99961e-04     no limits
 **********
 **   21 **SET ERR         0.5
 **********
 **********
 **   22 **SET PRINT           2
 **********
 **********
 **   23 **SET STR           1
 **********
 NOW USING STRATEGY  1: TRY TO BALANCE SPEED AGAINST RELIABILITY
 **********
 **   24 **MIGRAD        1480        0.01
 **********
 FIRST CALL TO USER FUNCTION AT NEW START POINT, WITH IFLAG=4.
 START MIGRAD MINIMIZATION.  STRATEGY  1.  CONVERGENCE WHEN EDM .LT. 1.00e-05
 FCN=17172.6 FROM MIGRAD    STATUS=INITIATE       18 CALLS          19 TOTAL
                     EDM= unknown      STRATEGY= 1      NO ERROR MATRIX       
  EXT PARAMETER               CURRENT GUESS       STEP         FIRST   
  NO.   NAME      VALUE            ERROR          SIZE      DERIVATIVE 
   1  p0           5.58000e+05   1.67400e+05   1.67400e+05  -3.61275e+01
   2  p1           5.65000e-01   1.69500e-01   1.69500e-01  -1.12148e+08
   3  p2           0.00000e+00   3.00000e-01   3.00000e-01   2.07823e+06
   4  p3           9.99871e-04   2.99961e-04   2.99961e-04  -9.94003e+08
                               ERR DEF= 0.5
NO ERROR MATRIX       
 FCN=1291.85 FROM MIGRAD    STATUS=PROGRESS       36 CALLS          37 TOTAL
                     EDM=3878.68    STRATEGY= 1      NO ERROR MATRIX       
  EXT PARAMETER               CURRENT GUESS       STEP         FIRST   
  NO.   NAME      VALUE            ERROR          SIZE      DERIVATIVE 
   1  p0           5.58353e+05   1.67400e+05   3.53160e+02  -2.49540e+00
   2  p1           5.65114e-01   1.69500e-01   1.13887e-04  -7.68816e+06
   3  p2          -2.34835e-03   3.00000e-01  -2.34835e-03  -4.67879e+05
   4  p3           1.00131e-03   2.99961e-04   1.44055e-06   4.95653e+08
                               ERR DEF= 0.5
 MIGRAD MINIMIZATION HAS CONVERGED.
 MIGRAD WILL VERIFY CONVERGENCE AND ERROR MATRIX.
   START COVARIANCE MATRIX CALCULATION.
 EIGENVALUES OF SECOND-DERIVATIVE MATRIX:
        -3.3165e-04  4.2972e-01  8.2991e-01  2.7407e+00
 MINUIT WARNING IN HESSE   
 ============== MATRIX FORCED POS-DEF BY ADDING 0.003072 TO DIAGONAL.
 FCN=72.6651 FROM HESSE     STATUS=NOT POSDEF     31 CALLS         101 TOTAL
                     EDM=1.87303e-05    STRATEGY= 1      ERR MATRIX NOT POS-DEF
  EXT PARAMETER                APPROXIMATE        STEP         FIRST   
  NO.   NAME      VALUE            ERROR          SIZE      DERIVATIVE 
   1  p0           5.58474e+05   6.89740e+01   2.66301e-01  -2.69720e-05
   2  p1           5.65152e-01   2.23675e-05   2.69486e-07   8.35702e+01
   3  p2          -3.88644e-05   7.44937e-05   3.47313e-07  -5.29496e+01
   4  p3           9.99777e-04   7.03793e-08   4.76731e-10  -3.62486e+04
                               ERR DEF= 0.5
 PARAMETER  CORRELATION COEFFICIENTS  
       NO.  GLOBAL      1      2      3      4
        1  0.99725   1.000 -0.996 -0.123 -0.071
        2  0.99729  -0.996  1.000  0.173  0.063
        3  0.67624  -0.123  0.173  1.000  0.355
        4  0.47683  -0.071  0.063  0.355  1.000
 ERR MATRIX NOT POS-DEF
 FCN=72.6651 FROM MIGRAD    STATUS=PROGRESS      119 CALLS         120 TOTAL
                     EDM=1.92046e-05    STRATEGY= 1      ERR MATRIX NOT POS-DEF
  EXT PARAMETER                APPROXIMATE        STEP         FIRST   
  NO.   NAME      VALUE            ERROR          SIZE      DERIVATIVE 
   1  p0           5.58474e+05   6.89740e+01   2.10730e-01  -4.67499e-05
   2  p1           5.65152e-01   2.23675e-05  -6.43862e-08   3.86811e+01
   3  p2          -3.85442e-05   7.44937e-05   3.20175e-07   4.63009e+01
   4  p3           9.99777e-04   7.03793e-08   2.60503e-10   1.95489e+04
                               ERR DEF= 0.5
 MIGRAD MINIMIZATION HAS CONVERGED.
 MIGRAD WILL VERIFY CONVERGENCE AND ERROR MATRIX.
   START COVARIANCE MATRIX CALCULATION.
 EIGENVALUES OF SECOND-DERIVATIVE MATRIX:
         8.5129e-04  4.7184e-01  8.3307e-01  2.6942e+00
 COVARIANCE MATRIX CALCULATED SUCCESSFULLY
 FCN=72.6602 FROM MIGRAD    STATUS=CONVERGED     205 CALLS         206 TOTAL
                     EDM=1.64963e-06    STRATEGY= 1      ERROR MATRIX ACCURATE 
  EXT PARAMETER                                   STEP         FIRST   
  NO.   NAME      VALUE            ERROR          SIZE      DERIVATIVE 
   1  p0           5.58631e+05   1.24080e+02   2.66376e-01  -5.04568e-05
   2  p1           5.65102e-01   3.99488e-05   2.69461e-07  -1.83095e+02
   3  p2          -4.75229e-05   6.55440e-05   3.16796e-07   4.13268e+00
   4  p3           9.99777e-04   7.03665e-08   4.76731e-10   6.79089e+03
                               ERR DEF= 0.5
 EXTERNAL ERROR MATRIX.    NDIM=  25    NPAR=  4    ERR DEF=0.5
  1.540e+04 -4.950e-03  4.899e-04  5.165e-07 
 -4.950e-03  1.596e-09 -9.152e-11 -1.826e-13 
  4.899e-04 -9.152e-11  4.296e-09  1.524e-12 
  5.165e-07 -1.826e-13  1.524e-12  4.951e-15 
 PARAMETER  CORRELATION COEFFICIENTS  
       NO.  GLOBAL      1      2      3      4
        1  0.99915   1.000 -0.999  0.060  0.059
        2  0.99915  -0.999  1.000 -0.035 -0.065
        3  0.63392   0.060 -0.035  1.000  0.330
        4  0.46334   0.059 -0.065  0.330  1.000
 EXTERNAL ERROR MATRIX.    NDIM=   4    NPAR=  4    ERR DEF=0.5
  1.540e+04 -4.950e-03  4.899e-04  5.165e-07 
 -4.950e-03  1.596e-09 -9.152e-11 -1.826e-13 
  4.899e-04 -9.152e-11  4.296e-09  1.524e-12 
  5.165e-07 -1.826e-13  1.524e-12  4.951e-15 
 FCN=72.6602 FROM MIGRAD    STATUS=CONVERGED     205 CALLS         206 TOTAL
                     EDM=1.64963e-06    STRATEGY= 1      ERROR MATRIX ACCURATE 
  EXT PARAMETER                  PARABOLIC         MINOS ERRORS        
  NO.   NAME      VALUE            ERROR      NEGATIVE      POSITIVE   
   1  p0           5.58631e+05   1.24080e+02                            
   2  p1           5.65102e-01   3.99488e-05                            
   3  p2          -4.75229e-05   6.55440e-05                            
   4  p3           9.99777e-04   7.03665e-08                            
                               ERR DEF= 0.5
------------------------------------------
Enering ROOFIt-------
 PARAMETER DEFINITIONS:
    NO.   NAME         VALUE      STEP SIZE      LIMITS
     1 norm         5.58631e+05  1.00000e-01     no limits
     2 Q            5.65000e-01  1.00000e-01     no limits
     3 theta        0.00000e+00  1.00000e-01     no limits
     4 pileup       9.99777e-04  1.00000e-01     no limits
 **********
 **    1 **MIGRAD
 **********
 FIRST CALL TO USER FUNCTION AT NEW START POINT, WITH IFLAG=4.
 START MIGRAD MINIMIZATION.  STRATEGY  1.  CONVERGENCE WHEN EDM .LT. 1.00e-04
 FCN=-2.37859e+11 FROM MIGRAD    STATUS=INITIATE       16 CALLS          17 TOTAL
                     EDM= unknown      STRATEGY= 1      NO ERROR MATRIX       
  EXT PARAMETER               CURRENT GUESS       STEP         FIRST   
  NO.   NAME      VALUE            ERROR          SIZE      DERIVATIVE 
   1  norm         5.58631e+05   1.00000e-01   1.00000e-01  -1.21492e+01
   2  Q            5.65000e-01   1.00000e-01   1.00000e-01  -1.80002e+08
   3  theta        0.00000e+00   1.00000e-01   1.00000e-01   7.26958e+05
   4  pileup       9.99777e-04   1.00000e-01   1.00000e-01  -9.18495e+11
 MIGRAD FAILS TO FIND IMPROVEMENT
 MACHINE ACCURACY LIMITS FURTHER IMPROVEMENT.
 MIGRAD MINIMIZATION HAS CONVERGED.
 FCN=-2.37859e+11 FROM MIGRAD    STATUS=CONVERGED     332 CALLS         333 TOTAL
                     EDM=0.228811    STRATEGY= 1  ERROR MATRIX UNCERTAINTY   0.1 per cent
  EXT PARAMETER                                   STEP         FIRST   
  NO.   NAME      VALUE            ERROR          SIZE      DERIVATIVE 
   1  norm         5.58943e+05   8.99379e+00  -0.00000e+00  -3.61376e-02
   2  Q            5.65001e-01   4.86456e-10  -0.00000e+00   8.85088e+04
   3  theta       -2.19002e-05   1.09721e-04  -0.00000e+00   1.13060e+04
   4  pileup       9.99897e-04   1.03976e-07  -0.00000e+00  -4.08133e+06
 EXTERNAL ERROR MATRIX.    NDIM=  25    NPAR=  4    ERR DEF=1
  8.089e+01 -6.468e-11  5.417e-04 -1.564e-08 
 -6.468e-11  2.366e-19  1.648e-14  3.636e-17 
  5.417e-04  1.648e-14  1.204e-08  4.979e-12 
 -1.564e-08  3.636e-17  4.979e-12  1.081e-14 
 PARAMETER  CORRELATION COEFFICIENTS  
       NO.  GLOBAL      1      2      3      4
        1  0.61850   1.000 -0.015  0.549 -0.017
        2  0.71882  -0.015  1.000  0.309  0.719
        3  0.70715   0.549  0.309  1.000  0.436
        4  0.77210  -0.017  0.719  0.436  1.000
 **********
 **    2 **MIGRAD 
 **********
 START MIGRAD MINIMIZATION.  STRATEGY  1.  CONVERGENCE WHEN EDM .LT. 1.00e-04
 FCN=-2.37859e+11 FROM MIGRAD    STATUS=INITIATE       10 CALLS         343 TOTAL
                     EDM=0.230115    STRATEGY= 1  ERROR MATRIX UNCERTAINTY   0.1 per cent
  EXT PARAMETER                                   STEP         FIRST   
  NO.   NAME      VALUE            ERROR          SIZE      DERIVATIVE 
   1  norm         5.58943e+05   8.99379e+00  -0.00000e+00  -3.61376e-02
   2  Q            5.65001e-01   4.86456e-10  -0.00000e+00   8.85092e+04
   3  theta       -2.19002e-05   1.09721e-04  -0.00000e+00   1.13060e+04
   4  pileup       9.99897e-04   1.03976e-07  -0.00000e+00  -4.08134e+06
 MIGRAD FAILS TO FIND IMPROVEMENT
 MACHINE ACCURACY LIMITS FURTHER IMPROVEMENT.
 MIGRAD MINIMIZATION HAS CONVERGED.
 FCN=-2.37859e+11 FROM MIGRAD    STATUS=CONVERGED      21 CALLS         354 TOTAL
                     EDM=0.230115    STRATEGY= 1  ERROR MATRIX UNCERTAINTY   0.1 per cent
  EXT PARAMETER                                   STEP         FIRST   
  NO.   NAME      VALUE            ERROR          SIZE      DERIVATIVE 
   1  norm         5.58943e+05   8.99379e+00  -0.00000e+00  -3.61376e-02
   2  Q            5.65001e-01   4.86456e-10  -0.00000e+00   8.85092e+04
   3  theta       -2.19002e-05   1.09721e-04  -0.00000e+00   1.13060e+04
   4  pileup       9.99897e-04   1.03976e-07  -0.00000e+00  -4.08134e+06
 EXTERNAL ERROR MATRIX.    NDIM=  25    NPAR=  4    ERR DEF=1
  8.089e+01 -6.468e-11  5.417e-04 -1.564e-08 
 -6.468e-11  2.366e-19  1.648e-14  3.636e-17 
  5.417e-04  1.648e-14  1.204e-08  4.979e-12 
 -1.564e-08  3.636e-17  4.979e-12  1.081e-14 
 PARAMETER  CORRELATION COEFFICIENTS  
       NO.  GLOBAL      1      2      3      4
        1  0.61850   1.000 -0.015  0.549 -0.017
        2  0.71882  -0.015  1.000  0.309  0.719
        3  0.70715   0.549  0.309  1.000  0.436
        4  0.77210  -0.017  0.719  0.436  1.000
status of the fit-----000------0
1  558943
2  0.565001
3  -2.19002e-05
4  0.000999897
 **********
 **   25 **SET PRINT           2
 **********
 **********
 **   26 **SET NOGRAD
 **********
 PARAMETER DEFINITIONS:
    NO.   NAME         VALUE      STEP SIZE      LIMITS
     1 p0           5.58000e+05  1.67400e+05     no limits
     2 p1           5.65000e-01  1.69500e-01     no limits
     3 p2           0.00000e+00  3.00000e-01     no limits
     4 p3           9.99871e-04  2.99961e-04     no limits
 **********
 **   27 **SET ERR         0.5
 **********
 **********
 **   28 **SET PRINT           2
 **********
 **********
 **   29 **SET STR           1
 **********
 NOW USING STRATEGY  1: TRY TO BALANCE SPEED AGAINST RELIABILITY
 **********
 **   30 **MIGRAD        1480        0.01
 **********
 FIRST CALL TO USER FUNCTION AT NEW START POINT, WITH IFLAG=4.
 START MIGRAD MINIMIZATION.  STRATEGY  1.  CONVERGENCE WHEN EDM .LT. 1.00e-05
 FCN=17416.9 FROM MIGRAD    STATUS=INITIATE       18 CALLS          19 TOTAL
                     EDM= unknown      STRATEGY= 1      NO ERROR MATRIX       
  EXT PARAMETER               CURRENT GUESS       STEP         FIRST   
  NO.   NAME      VALUE            ERROR          SIZE      DERIVATIVE 
   1  p0           5.58000e+05   1.67400e+05   1.67400e+05  -3.63981e+01
   2  p1           5.65000e-01   1.69500e-01   1.69500e-01  -1.12986e+08
   3  p2           0.00000e+00   3.00000e-01   3.00000e-01   2.08369e+06
   4  p3           9.99871e-04   2.99961e-04   2.99961e-04  -9.82652e+08
                               ERR DEF= 0.5
NO ERROR MATRIX       
 FCN=1329.39 FROM MIGRAD    STATUS=PROGRESS       36 CALLS          37 TOTAL
                     EDM=4066.07    STRATEGY= 1      NO ERROR MATRIX       
  EXT PARAMETER               CURRENT GUESS       STEP         FIRST   
  NO.   NAME      VALUE            ERROR          SIZE      DERIVATIVE 
   1  p0           5.58356e+05   1.67400e+05   3.56222e+02  -2.52820e+00
   2  p1           5.65115e-01   1.69500e-01   1.14874e-04  -7.78937e+06
   3  p2          -2.35734e-03   3.00000e-01  -2.35734e-03  -4.76452e+05
   4  p3           1.00130e-03   2.99961e-04   1.42589e-06   5.11150e+08
                               ERR DEF= 0.5
 MIGRAD MINIMIZATION HAS CONVERGED.
 MIGRAD WILL VERIFY CONVERGENCE AND ERROR MATRIX.
   START COVARIANCE MATRIX CALCULATION.
 EIGENVALUES OF SECOND-DERIVATIVE MATRIX:
         6.4574e-04  3.5865e-01  8.6670e-01  2.7740e+00
 COVARIANCE MATRIX CALCULATED SUCCESSFULLY
 FCN=58.1056 FROM HESSE     STATUS=OK             27 CALLS          97 TOTAL
                     EDM=0.000203257    STRATEGY= 1      ERROR MATRIX ACCURATE 
  EXT PARAMETER                                   STEP         FIRST   
  NO.   NAME      VALUE            ERROR          SIZE      DERIVATIVE 
   1  p0           5.58479e+05   1.42556e+02   2.66303e-01  -7.09657e-05
   2  p1           5.65154e-01   4.58394e-05   2.69486e-07   2.40157e+02
   3  p2          -2.51847e-05   7.97369e-05   2.96254e-07   3.39829e+01
   4  p3           9.99700e-04   8.03316e-08   4.76694e-10   2.92136e+04
                               ERR DEF= 0.5
 PARAMETER  CORRELATION COEFFICIENTS  
       NO.  GLOBAL      1      2      3      4
        1  0.99936   1.000 -0.999  0.229  0.343
        2  0.99935  -0.999  1.000 -0.205 -0.343
        3  0.73208   0.229 -0.205  1.000  0.506
        4  0.62560   0.343 -0.343  0.506  1.000
 FCN=58.1011 FROM MIGRAD    STATUS=PROGRESS      110 CALLS         111 TOTAL
                     EDM=0.00407138    STRATEGY= 1      ERROR MATRIX ACCURATE 
  EXT PARAMETER                                   STEP         FIRST   
  NO.   NAME      VALUE            ERROR          SIZE      DERIVATIVE 
   1  p0           5.58538e+05   1.42556e+02   5.91950e+01  -1.12903e-03
   2  p1           5.65135e-01   4.58394e-05  -1.90987e-05  -3.16065e+03
   3  p2          -2.40325e-05   7.97369e-05   1.15220e-06   3.78393e+02
   4  p3           9.99706e-04   8.03316e-08   5.97011e-09   9.53656e+05
                               ERR DEF= 0.5
 MIGRAD FAILS TO FIND IMPROVEMENT
 MIGRAD MINIMIZATION HAS CONVERGED.
 MIGRAD WILL VERIFY CONVERGENCE AND ERROR MATRIX.
   START COVARIANCE MATRIX CALCULATION.
 EIGENVALUES OF SECOND-DERIVATIVE MATRIX:
         6.5750e-04  4.0167e-01  8.3495e-01  2.7627e+00
 COVARIANCE MATRIX CALCULATED SUCCESSFULLY
 MIGRAD TERMINATED WITHOUT CONVERGENCE.
 FCN=58.0784 FROM MIGRAD    STATUS=FAILED        203 CALLS         204 TOTAL
                     EDM=0.000105733    STRATEGY= 1      ERR MATRIX APPROXIMATE
  EXT PARAMETER                APPROXIMATE        STEP         FIRST   
  NO.   NAME      VALUE            ERROR          SIZE      DERIVATIVE 
   1  p0           5.58835e+05   1.41522e+02   2.66473e-01   3.01440e-04
   2  p1           5.65039e-01   4.53488e-05   2.69432e-07   9.88695e+02
   3  p2          -4.48901e-05   8.01811e-05   2.81191e-07   1.24262e+02
   4  p3           9.99698e-04   7.65383e-08   4.76693e-10  -2.72641e+04
                               ERR DEF= 0.5
 EXTERNAL ERROR MATRIX.    NDIM=  25    NPAR=  4    ERR DEF=0.5
  2.003e+04 -6.411e-03  3.568e-03  3.767e-06 
 -6.411e-03  2.057e-09 -1.054e-09 -1.215e-12 
  3.568e-03 -1.054e-09  6.429e-09  2.741e-12 
  3.767e-06 -1.215e-12  2.741e-12  5.858e-15 
ERR MATRIX APPROXIMATE
 PARAMETER  CORRELATION COEFFICIENTS  
       NO.  GLOBAL      1      2      3      4
        1  0.99935   1.000 -0.999  0.314  0.348
        2  0.99934  -0.999  1.000 -0.290 -0.350
        3  0.72380   0.314 -0.290  1.000  0.447
        4  0.58027   0.348 -0.350  0.447  1.000
 ERR MATRIX APPROXIMATE
 FCN=58.0784 FROM MIGRAD    STATUS=FAILED        203 CALLS         204 TOTAL
                     EDM=0.000105733    STRATEGY= 1      ERR MATRIX APPROXIMATE
  EXT PARAMETER                  PARABOLIC         MINOS ERRORS        
  NO.   NAME      VALUE            ERROR      NEGATIVE      POSITIVE   
   1  p0           5.58835e+05   1.41522e+02                            
   2  p1           5.65039e-01   4.53488e-05                            
   3  p2          -4.48901e-05   8.01811e-05                            
   4  p3           9.99698e-04   7.65383e-08                            
                               ERR DEF= 0.5
 **********
 **   31 **SET PRINT           2
 **********
 **********
 **   32 **SET NOGRAD
 **********
 PARAMETER DEFINITIONS:
    NO.   NAME         VALUE      STEP SIZE      LIMITS
     1 p0           5.58835e+05  1.41522e+02     no limits
     2 p1           5.65039e-01  4.53488e-05     no limits
     3 p2          -4.48901e-05  8.01811e-05     no limits
     4 p3           9.99698e-04  7.65383e-08     no limits
 **********
 **   33 **SET ERR         0.5
 **********
 **********
 **   34 **SET PRINT           2
 **********
 **********
 **   35 **SET STR           1
 **********
 NOW USING STRATEGY  1: TRY TO BALANCE SPEED AGAINST RELIABILITY
 **********
 **   36 **MIGRAD        1480        0.01
 **********
 FIRST CALL TO USER FUNCTION AT NEW START POINT, WITH IFLAG=4.
 START MIGRAD MINIMIZATION.  STRATEGY  1.  CONVERGENCE WHEN EDM .LT. 1.00e-05
 FCN=58.0784 FROM MIGRAD    STATUS=INITIATE       16 CALLS          17 TOTAL
                     EDM= unknown      STRATEGY= 1      NO ERROR MATRIX       
  EXT PARAMETER               CURRENT GUESS       STEP         FIRST   
  NO.   NAME      VALUE            ERROR          SIZE      DERIVATIVE 
   1  p0           5.58835e+05   1.41522e+02   1.41522e+02   3.12705e-04
   2  p1           5.65039e-01   4.53488e-05   4.53488e-05   9.66310e+02
   3  p2          -4.48901e-05   8.01811e-05   8.01811e-05  -1.13474e+01
   4  p3           9.99698e-04   7.65383e-08   7.65383e-08   3.23351e+03
                               ERR DEF= 0.5
NO ERROR MATRIX       
 FCN=58.0784 FROM MIGRAD    STATUS=PROGRESS       26 CALLS          27 TOTAL
                     EDM=2.29704e-06    STRATEGY= 1      NO ERROR MATRIX       
  EXT PARAMETER               CURRENT GUESS       STEP         FIRST   
  NO.   NAME      VALUE            ERROR          SIZE      DERIVATIVE 
   1  p0           5.58835e+05   1.41522e+02  -4.39133e-03  -7.88284e-05
   2  p1           5.65039e-01   4.53488e-05  -1.40620e-09  -2.28554e+02
   3  p2          -4.48693e-05   8.01811e-05   2.07307e-08   9.43554e+00
   4  p3           9.99698e-04   7.65383e-08  -6.73181e-12  -1.17910e+04
                               ERR DEF= 0.5
 MIGRAD MINIMIZATION HAS CONVERGED.
 MIGRAD WILL VERIFY CONVERGENCE AND ERROR MATRIX.
   START COVARIANCE MATRIX CALCULATION.
 EIGENVALUES OF SECOND-DERIVATIVE MATRIX:
         5.2469e-04  5.0461e-01  8.1682e-01  2.6780e+00
 COVARIANCE MATRIX CALCULATED SUCCESSFULLY
 FCN=58.0784 FROM HESSE     STATUS=OK             29 CALLS          68 TOTAL
                     EDM=2.08585e-05    STRATEGY= 1      ERROR MATRIX ACCURATE 
  EXT PARAMETER                                   STEP         FIRST   
  NO.   NAME      VALUE            ERROR          SIZE      DERIVATIVE 
   1  p0           5.58835e+05   1.57615e+02   2.66473e-01  -7.65825e-06
   2  p1           5.65039e-01   5.10525e-05   2.69432e-07  -5.60257e+01
   3  p2          -4.48808e-05   6.81078e-05   2.85850e-07  -8.43802e+01
   4  p3           9.99699e-04   6.74655e-08   4.76693e-10  -2.65386e+03
                               ERR DEF= 0.5
 PARAMETER  CORRELATION COEFFICIENTS  
       NO.  GLOBAL      1      2      3      4
        1  0.99947   1.000 -0.999 -0.252  0.014
        2  0.99948  -0.999  1.000  0.272 -0.020
        3  0.64780  -0.252  0.272  1.000  0.241
        4  0.41385   0.014 -0.020  0.241  1.000
 MIGRAD FAILS TO FIND IMPROVEMENT
 MIGRAD TERMINATED WITHOUT CONVERGENCE.
 FCN=58.0784 FROM MIGRAD    STATUS=FAILED         74 CALLS          75 TOTAL
                     EDM=2.08585e-05    STRATEGY= 1      ERR MATRIX APPROXIMATE
  EXT PARAMETER                APPROXIMATE        STEP         FIRST   
  NO.   NAME      VALUE            ERROR          SIZE      DERIVATIVE 
   1  p0           5.58835e+05   1.57615e+02  -0.00000e+00  -7.65825e-06
   2  p1           5.65039e-01   5.10525e-05   0.00000e+00  -5.60257e+01
   3  p2          -4.48808e-05   6.81078e-05   0.00000e+00  -8.43802e+01
   4  p3           9.99699e-04   6.74655e-08   0.00000e+00  -2.65386e+03
                               ERR DEF= 0.5
 EXTERNAL ERROR MATRIX.    NDIM=  25    NPAR=  4    ERR DEF=0.5
  2.484e+04 -8.040e-03 -2.702e-03  1.450e-07 
 -8.040e-03  2.606e-09  9.444e-10 -6.760e-14 
 -2.702e-03  9.444e-10  4.639e-09  1.105e-12 
  1.450e-07 -6.760e-14  1.105e-12  4.552e-15 
ERR MATRIX APPROXIMATE
 PARAMETER  CORRELATION COEFFICIENTS  
       NO.  GLOBAL      1      2      3      4
        1  0.99947   1.000 -0.999 -0.252  0.014
        2  0.99948  -0.999  1.000  0.272 -0.020
        3  0.64780  -0.252  0.272  1.000  0.241
        4  0.41385   0.014 -0.020  0.241  1.000
 ERR MATRIX APPROXIMATE
 FCN=58.0784 FROM MIGRAD    STATUS=FAILED         74 CALLS          75 TOTAL
                     EDM=2.08585e-05    STRATEGY= 1      ERR MATRIX APPROXIMATE
  EXT PARAMETER                  PARABOLIC         MINOS ERRORS        
  NO.   NAME      VALUE            ERROR      NEGATIVE      POSITIVE   
   1  p0           5.58835e+05   1.57615e+02                            
   2  p1           5.65039e-01   5.10525e-05                            
   3  p2          -4.48808e-05   6.81078e-05                            
   4  p3           9.99699e-04   6.74655e-08                            
                               ERR DEF= 0.5
 **********
 **   37 **SET PRINT           2
 **********
 **********
 **   38 **SET NOGRAD
 **********
 PARAMETER DEFINITIONS:
    NO.   NAME         VALUE      STEP SIZE      LIMITS
     1 p0           5.58835e+05  1.57615e+02     no limits
     2 p1           5.65039e-01  5.10525e-05     no limits
     3 p2          -4.48808e-05  6.81078e-05     no limits
     4 p3           9.99699e-04  6.74655e-08     no limits
 **********
 **   39 **SET ERR         0.5
 **********
 **********
 **   40 **SET PRINT           2
 **********
 **********
 **   41 **SET STR           1
 **********
 NOW USING STRATEGY  1: TRY TO BALANCE SPEED AGAINST RELIABILITY
 **********
 **   42 **MIGRAD        1480        0.01
 **********
 FIRST CALL TO USER FUNCTION AT NEW START POINT, WITH IFLAG=4.
 START MIGRAD MINIMIZATION.  STRATEGY  1.  CONVERGENCE WHEN EDM .LT. 1.00e-05
 FCN=58.0784 FROM MIGRAD    STATUS=INITIATE       16 CALLS          17 TOTAL
                     EDM= unknown      STRATEGY= 1      NO ERROR MATRIX       
  EXT PARAMETER               CURRENT GUESS       STEP         FIRST   
  NO.   NAME      VALUE            ERROR          SIZE      DERIVATIVE 
   1  p0           5.58835e+05   1.57615e+02   1.57615e+02  -2.20041e-05
   2  p1           5.65039e-01   5.10525e-05   5.10525e-05  -5.61042e+01
   3  p2          -4.48808e-05   6.81078e-05   6.81078e-05   6.78425e+00
   4  p3           9.99699e-04   6.74655e-08   6.74655e-08  -4.29627e+03
                               ERR DEF= 0.5
NO ERROR MATRIX       
 MIGRAD FAILS TO FIND IMPROVEMENT
   START COVARIANCE MATRIX CALCULATION.
 EIGENVALUES OF SECOND-DERIVATIVE MATRIX:
         5.6121e-04  4.4044e-01  8.4994e-01  2.7091e+00
 COVARIANCE MATRIX CALCULATED SUCCESSFULLY
 FCN=58.0784 FROM HESSE     STATUS=OK             29 CALLS          50 TOTAL
                     EDM=9.22627e-06    STRATEGY= 1      ERROR MATRIX ACCURATE 
  EXT PARAMETER                                   STEP         FIRST   
  NO.   NAME      VALUE            ERROR          SIZE      DERIVATIVE 
   1  p0           5.58835e+05   1.52739e+02   2.66473e-01  -7.65825e-06
   2  p1           5.65039e-01   4.92589e-05   2.69432e-07  -5.60257e+01
   3  p2          -4.48808e-05   6.78977e-05   2.87340e-07  -5.57937e+01
   4  p3           9.99699e-04   7.04991e-08   4.76693e-10  -2.65386e+03
                               ERR DEF= 0.5
 PARAMETER  CORRELATION COEFFICIENTS  
       NO.  GLOBAL      1      2      3      4
        1  0.99944   1.000 -0.999 -0.051  0.054
        2  0.99944  -0.999  1.000  0.071 -0.058
        3  0.65551  -0.051  0.071  1.000  0.370
        4  0.49098   0.054 -0.058  0.370  1.000
 FCN=58.0784 FROM MIGRAD    STATUS=PROGRESS       65 CALLS          66 TOTAL
                     EDM=7.3151e-07    STRATEGY= 1      ERROR MATRIX ACCURATE 
  EXT PARAMETER                                   STEP         FIRST   
  NO.   NAME      VALUE            ERROR          SIZE      DERIVATIVE 
   1  p0           5.58835e+05   1.52739e+02  -9.15329e-03  -1.24277e-05
   2  p1           5.65039e-01   4.92589e-05   3.08716e-09  -6.23719e+01
   3  p2          -4.48717e-05   6.78977e-05   9.18606e-09   1.47160e+00
   4  p3           9.99699e-04   7.04991e-08   3.56772e-12  -6.09565e+03
                               ERR DEF= 0.5
 MIGRAD MINIMIZATION HAS CONVERGED.
 FCN=58.0784 FROM MIGRAD    STATUS=CONVERGED      65 CALLS          66 TOTAL
                     EDM=7.3151e-07    STRATEGY= 1  ERROR MATRIX UNCERTAINTY   0.5 per cent
  EXT PARAMETER                                   STEP         FIRST   
  NO.   NAME      VALUE            ERROR          SIZE      DERIVATIVE 
   1  p0           5.58835e+05   1.51212e+02  -9.15329e-03  -1.24277e-05
   2  p1           5.65039e-01   4.86013e-05   3.08716e-09  -6.23719e+01
   3  p2          -4.48717e-05   1.51938e-05   9.18606e-09   1.47160e+00
   4  p3           9.99699e-04   6.72948e-08   3.56772e-12  -6.09565e+03
                               ERR DEF= 0.5
 EXTERNAL ERROR MATRIX.    NDIM=  25    NPAR=  4    ERR DEF=0.5
  2.286e+04 -7.344e-03  9.945e-04  1.063e-06 
 -7.344e-03  2.362e-09 -3.186e-10 -3.757e-13 
  9.945e-04 -3.186e-10  2.309e-10  3.814e-13 
  1.063e-06 -3.757e-13  3.814e-13  4.529e-15 
 PARAMETER  CORRELATION COEFFICIENTS  
       NO.  GLOBAL      1      2      3      4
        1  0.99943   1.000 -0.999  0.433  0.104
        2  0.99943  -0.999  1.000 -0.431 -0.115
        3  0.56042   0.433 -0.431  1.000  0.373
        4  0.48613   0.104 -0.115  0.373  1.000
 EXTERNAL ERROR MATRIX.    NDIM=   4    NPAR=  4    ERR DEF=0.5
  2.286e+04 -7.344e-03  9.945e-04  1.063e-06 
 -7.344e-03  2.362e-09 -3.186e-10 -3.757e-13 
  9.945e-04 -3.186e-10  2.309e-10  3.814e-13 
  1.063e-06 -3.757e-13  3.814e-13  4.529e-15 
 FCN=58.0784 FROM MIGRAD    STATUS=CONVERGED      65 CALLS          66 TOTAL
                     EDM=7.3151e-07    STRATEGY= 1  ERROR MATRIX UNCERTAINTY   0.5 per cent
  EXT PARAMETER                  PARABOLIC         MINOS ERRORS        
  NO.   NAME      VALUE            ERROR      NEGATIVE      POSITIVE   
   1  p0           5.58835e+05   1.51212e+02                            
   2  p1           5.65039e-01   4.86013e-05                            
   3  p2          -4.48717e-05   1.51938e-05                            
   4  p3           9.99699e-04   6.72948e-08                            
                               ERR DEF= 0.5
------------------------------------------
Enering ROOFIt-------
 PARAMETER DEFINITIONS:
    NO.   NAME         VALUE      STEP SIZE      LIMITS
     1 norm         5.58835e+05  1.00000e-01     no limits
     2 Q            5.65000e-01  1.00000e-01     no limits
     3 theta        0.00000e+00  1.00000e-01     no limits
     4 pileup       9.99699e-04  1.00000e-01     no limits
 **********
 **    1 **MIGRAD
 **********
 FIRST CALL TO USER FUNCTION AT NEW START POINT, WITH IFLAG=4.
 START MIGRAD MINIMIZATION.  STRATEGY  1.  CONVERGENCE WHEN EDM .LT. 1.00e-04
 FCN=-2.37861e+11 FROM MIGRAD    STATUS=INITIATE       16 CALLS          17 TOTAL
                     EDM= unknown      STRATEGY= 1      NO ERROR MATRIX       
  EXT PARAMETER               CURRENT GUESS       STEP         FIRST   
  NO.   NAME      VALUE            ERROR          SIZE      DERIVATIVE 
   1  norm         5.58835e+05   1.00000e-01   1.00000e-01  -4.71354e+00
   2  Q            5.65000e-01   1.00000e-01   1.00000e-01  -6.67439e+07
   3  theta        0.00000e+00   1.00000e-01   1.00000e-01   2.97070e+05
   4  pileup       9.99699e-04   1.00000e-01   1.00000e-01  -9.18216e+11
 MIGRAD FAILS TO FIND IMPROVEMENT
 COVARIANCE MATRIX CALCULATED SUCCESSFULLY
 FCN=-2.37861e+11 FROM HESSE     STATUS=OK             29 CALLS          57 TOTAL
                     EDM=4.08645e+06    STRATEGY= 1      ERROR MATRIX ACCURATE 
  EXT PARAMETER                                   STEP         FIRST   
  NO.   NAME      VALUE            ERROR          SIZE      DERIVATIVE 
   1  norm         5.58835e+05   7.14708e+02   2.66473e+00  -4.71355e+00
   2  Q            5.65000e-01   6.82088e-05   1.00000e-03  -1.46560e+07
   3  theta        0.00000e+00   5.94960e-03   1.85095e-02   2.81516e+05
   4  pileup       9.99699e-04   9.25781e-08   1.00000e-02  -1.37052e+08
 MIGRAD FAILS TO FIND IMPROVEMENT
 MACHINE ACCURACY LIMITS FURTHER IMPROVEMENT.
 MIGRAD MINIMIZATION HAS CONVERGED.
 MIGRAD WILL VERIFY CONVERGENCE AND ERROR MATRIX.
 COVARIANCE MATRIX CALCULATED SUCCESSFULLY
 MIGRAD TERMINATED WITHOUT CONVERGENCE.
 FCN=-2.37861e+11 FROM MIGRAD    STATUS=FAILED        160 CALLS         161 TOTAL
                     EDM=0.143264    STRATEGY= 1      ERR MATRIX APPROXIMATE
  EXT PARAMETER                APPROXIMATE        STEP         FIRST   
  NO.   NAME      VALUE            ERROR          SIZE      DERIVATIVE 
   1  norm         5.58980e+05   9.74570e+00   1.72586e+03  -7.81923e-03
   2  Q            5.64992e-01   8.83199e-07   5.54971e-04  -2.40241e+04
   3  theta       -7.07775e-05   2.03483e-04   1.85127e-02  -2.17975e+03
   4  pileup       9.99687e-04   1.04367e-07   2.09842e-05  -1.02793e+06
 EXTERNAL ERROR MATRIX.    NDIM=  25    NPAR=  4    ERR DEF=1
  9.498e+01  2.824e-06  1.102e-03 -3.044e-08 
  2.824e-06  7.800e-13  1.512e-10 -4.897e-15 
  1.102e-03  1.512e-10  4.141e-08  4.082e-12 
 -3.044e-08 -4.897e-15  4.082e-12  1.089e-14 
ERR MATRIX APPROXIMATE
 PARAMETER  CORRELATION COEFFICIENTS  
       NO.  GLOBAL      1      2      3      4
        1  0.66859   1.000  0.328  0.556 -0.030
        2  0.89401   0.328  1.000  0.842 -0.053
        3  0.92414   0.556  0.842  1.000  0.192
        4  0.53586  -0.030 -0.053  0.192  1.000
 ERR MATRIX APPROXIMATE
 **********
 **    2 **MIGRAD 
 **********
 START MIGRAD MINIMIZATION.  STRATEGY  1.  CONVERGENCE WHEN EDM .LT. 1.00e-04
 FCN=-2.37861e+11 FROM MIGRAD    STATUS=INITIATE        8 CALLS         169 TOTAL
                     EDM=0.0843273    STRATEGY= 1      ERR MATRIX APPROXIMATE
  EXT PARAMETER                APPROXIMATE        STEP         FIRST   
  NO.   NAME      VALUE            ERROR          SIZE      DERIVATIVE 
   1  norm         5.58980e+05   9.74570e+00   1.72586e+03  -1.80540e-02
   2  Q            5.64992e-01   8.83199e-07   5.54971e-04  -2.39281e+04
   3  theta       -7.07775e-05   2.03483e-04   1.85127e-02   2.90990e+02
   4  pileup       9.99687e-04   1.04367e-07   2.09842e-05  -5.53902e+06
 MIGRAD FAILS TO FIND IMPROVEMENT
 MACHINE ACCURACY LIMITS FURTHER IMPROVEMENT.
 MIGRAD MINIMIZATION HAS CONVERGED.
 FCN=-2.37861e+11 FROM MIGRAD    STATUS=CONVERGED      67 CALLS         228 TOTAL
                     EDM=0.0169601    STRATEGY= 1  ERROR MATRIX UNCERTAINTY   3.6 per cent
  EXT PARAMETER                                   STEP         FIRST   
  NO.   NAME      VALUE            ERROR          SIZE      DERIVATIVE 
   1  norm         5.58981e+05   8.90329e+00   0.00000e+00  -6.04677e-02
   2  Q            5.64992e-01   6.76539e-11   0.00000e+00  -6.92760e+08
   3  theta       -5.40642e-05   1.06552e-04   0.00000e+00   1.44292e+04
   4  pileup       9.99705e-04   6.03244e-08   0.00000e+00  -2.65894e+07
 EXTERNAL ERROR MATRIX.    NDIM=  25    NPAR=  4    ERR DEF=1
  7.927e+01 -5.581e-11  4.972e-04  1.478e-07 
 -5.581e-11 -4.577e-21 -9.979e-16 -2.441e-19 
  4.972e-04 -9.979e-16  1.135e-08  6.142e-12 
  1.478e-07 -2.441e-19  6.142e-12  3.639e-15 
 PARAMETER  CORRELATION COEFFICIENTS  
       NO.  GLOBAL      1      2      3      4
        1  0.00000   1.000 -0.093  0.524  0.275
        2  0.00000  -0.093 -1.000 -0.138 -0.060
        3  0.00000   0.524 -0.138  1.000  0.956
        4  0.00000   0.275 -0.060  0.956  1.000
status of the fit-----000------0
1  558981
2  0.564992
3  -5.40642e-05
4  0.000999705
