  *******************************************
  *                                         *
  *        W E L C O M E  to  R O O T       *
  *                                         *
  *   Version   5.34/36      5 April 2016   *
  *                                         *
  *  You are welcome to visit our Web site  *
  *          http://root.cern.ch            *
  *                                         *
  *******************************************

ROOT 5.34/36 (v5-34-36@v5-34-36, Apr 05 2016, 10:25:45 on linuxx8664gcc)

CINT/ROOT C/C++ Interpreter version 5.18.00, July 2, 2010
Type ? for help. Commands must be C++ statements.
Enclose multiple statements between { }.
Loading root init file.
The rat/rootinit.C file loaded the DEAP style for you, which is available from the fStyle pointer.
DEAP style applied. 
RAT: Libraries loaded.

Processing /home/fatemigh/projects/rpp-jillings/fatemigh/sterile/Likelihood/LikelihoodSterile_modified6.C+(476)...
pased here
566 lines read from file
31
spec_E  566
Before entering fitting
 **********
 **    1 **SET PRINT           2
 **********
 **********
 **    2 **SET NOGRAD
 **********
 PARAMETER DEFINITIONS:
    NO.   NAME         VALUE      STEP SIZE      LIMITS
     1 p0           5.58000e+05  1.67400e+05     no limits
     2 p1           5.65000e-01  1.69500e-01     no limits
     3 p2           0.00000e+00  3.00000e-01     no limits
     4 p3           9.99871e-04  2.99961e-04     no limits
 **********
 **    3 **SET ERR         0.5
 **********
 **********
 **    4 **SET PRINT           2
 **********
 **********
 **    5 **SET STR           1
 **********
 NOW USING STRATEGY  1: TRY TO BALANCE SPEED AGAINST RELIABILITY
 **********
 **    6 **MIGRAD        1480        0.01
 **********
 FIRST CALL TO USER FUNCTION AT NEW START POINT, WITH IFLAG=4.
 START MIGRAD MINIMIZATION.  STRATEGY  1.  CONVERGENCE WHEN EDM .LT. 1.00e-05
 FCN=17489 FROM MIGRAD    STATUS=INITIATE       18 CALLS          19 TOTAL
                     EDM= unknown      STRATEGY= 1      NO ERROR MATRIX       
  EXT PARAMETER               CURRENT GUESS       STEP         FIRST   
  NO.   NAME      VALUE            ERROR          SIZE      DERIVATIVE 
   1  p0           5.58000e+05   1.67400e+05   1.67400e+05  -3.64552e+01
   2  p1           5.65000e-01   1.69500e-01   1.69500e-01  -1.13163e+08
   3  p2           0.00000e+00   3.00000e-01   3.00000e-01   0.00000e+00
   4  p3           9.99871e-04   2.99961e-04   2.99961e-04  -9.75634e+08
                               ERR DEF= 0.5
NO ERROR MATRIX       
 FCN=516.487 FROM MIGRAD    STATUS=PROGRESS       34 CALLS          35 TOTAL
                     EDM=1444.05    STRATEGY= 1      NO ERROR MATRIX       
  EXT PARAMETER               CURRENT GUESS       STEP         FIRST   
  NO.   NAME      VALUE            ERROR          SIZE      DERIVATIVE 
   1  p0           5.58442e+05   1.67400e+05   4.41940e+02  -8.35572e-01
   2  p1           5.65143e-01   1.69500e-01   1.42514e-04  -2.56719e+06
   3  p2           0.00000e+00   3.00000e-01  -0.00000e+00   0.00000e+00
   4  p3           1.00162e-03   2.99961e-04   1.75367e-06   4.20384e+08
                               ERR DEF= 0.5
 MIGRAD MINIMIZATION HAS CONVERGED.
 MIGRAD WILL VERIFY CONVERGENCE AND ERROR MATRIX.
   START COVARIANCE MATRIX CALCULATION.
 EIGENVALUES OF SECOND-DERIVATIVE MATRIX:
         2.2045e-04  8.1149e-01  1.0062e+00  2.1821e+00
 COVARIANCE MATRIX CALCULATED SUCCESSFULLY
 FCN=74.3274 FROM HESSE     STATUS=OK             27 CALLS          83 TOTAL
                     EDM=0.00112288    STRATEGY= 1      ERROR MATRIX ACCURATE 
  EXT PARAMETER                                   STEP         FIRST   
  NO.   NAME      VALUE            ERROR          SIZE      DERIVATIVE 
   1  p0           5.58480e+05   2.43543e+02   2.66304e-01  -1.03053e-04
   2  p1           5.65155e-01   7.85787e-05   2.69487e-07   2.77787e+02
   3  p2           0.00000e+00   6.24753e-03   3.62652e-05   0.00000e+00
   4  p3           9.99673e-04   6.61726e-08   4.76681e-10  -2.81003e+04
                               ERR DEF= 0.5
 PARAMETER  CORRELATION COEFFICIENTS  
       NO.  GLOBAL      1      2      3      4
        1  0.99978   1.000 -1.000  0.236  0.229
        2  0.99978  -1.000  1.000 -0.236 -0.236
        3  0.23956   0.236 -0.236  1.000  0.093
        4  0.39645   0.229 -0.236  0.093  1.000
 FCN=74.3217 FROM MIGRAD    STATUS=PROGRESS       93 CALLS          94 TOTAL
                     EDM=0.00408294    STRATEGY= 1      ERROR MATRIX ACCURATE 
  EXT PARAMETER                                   STEP         FIRST   
  NO.   NAME      VALUE            ERROR          SIZE      DERIVATIVE 
   1  p0           5.58547e+05   2.43543e+02   6.67555e+01  -1.57523e-03
   2  p1           5.65133e-01   7.85787e-05  -2.15442e-05  -4.48852e+03
   3  p2           4.07377e-04   6.24753e-03   4.07377e-04   1.18818e+01
   4  p3           9.99678e-04   6.61726e-08   4.88512e-09   7.51686e+05
                               ERR DEF= 0.5
 MIGRAD FAILS TO FIND IMPROVEMENT
 MIGRAD MINIMIZATION HAS CONVERGED.
 MIGRAD WILL VERIFY CONVERGENCE AND ERROR MATRIX.
   START COVARIANCE MATRIX CALCULATION.
 EIGENVALUES OF SECOND-DERIVATIVE MATRIX:
         8.2368e-04  8.2268e-01  1.0009e+00  2.1756e+00
 COVARIANCE MATRIX CALCULATED SUCCESSFULLY
 FCN=74.311 FROM MIGRAD    STATUS=CONVERGED     152 CALLS         153 TOTAL
                     EDM=5.62336e-06    STRATEGY= 1      ERROR MATRIX ACCURATE 
  EXT PARAMETER                                   STEP         FIRST   
  NO.   NAME      VALUE            ERROR          SIZE      DERIVATIVE 
   1  p0           5.58668e+05   1.26079e+02   2.66394e-01  -5.82932e-05
   2  p1           5.65094e-01   4.06325e-05   2.69458e-07  -2.26387e+02
   3  p2          -9.05765e-06   5.41069e-03   3.25474e-05  -3.45951e-01
   4  p3           9.99677e-04   6.34292e-08   4.76683e-10   2.68585e+03
                               ERR DEF= 0.5
 EXTERNAL ERROR MATRIX.    NDIM=  25    NPAR=  4    ERR DEF=0.5
  1.590e+04 -5.118e-03  1.493e-01  5.070e-07 
 -5.118e-03  1.651e-09 -4.814e-08 -1.989e-13 
  1.493e-01 -4.814e-08  2.928e-05  1.076e-11 
  5.070e-07 -1.989e-13  1.076e-11  4.023e-15 
 PARAMETER  CORRELATION COEFFICIENTS  
       NO.  GLOBAL      1      2      3      4
        1  0.99918   1.000 -0.999  0.219  0.063
        2  0.99918  -0.999  1.000 -0.219 -0.077
        3  0.21963   0.219 -0.219  1.000  0.031
        4  0.32915   0.063 -0.077  0.031  1.000
 EXTERNAL ERROR MATRIX.    NDIM=   4    NPAR=  4    ERR DEF=0.5
  1.590e+04 -5.118e-03  1.493e-01  5.070e-07 
 -5.118e-03  1.651e-09 -4.814e-08 -1.989e-13 
  1.493e-01 -4.814e-08  2.928e-05  1.076e-11 
  5.070e-07 -1.989e-13  1.076e-11  4.023e-15 
 FCN=74.311 FROM MIGRAD    STATUS=CONVERGED     152 CALLS         153 TOTAL
                     EDM=5.62336e-06    STRATEGY= 1      ERROR MATRIX ACCURATE 
  EXT PARAMETER                  PARABOLIC         MINOS ERRORS        
  NO.   NAME      VALUE            ERROR      NEGATIVE      POSITIVE   
   1  p0           5.58668e+05   1.26079e+02                            
   2  p1           5.65094e-01   4.06325e-05                            
   3  p2          -9.05765e-06   5.41069e-03                            
   4  p3           9.99677e-04   6.34292e-08                            
                               ERR DEF= 0.5
------------------------------------------
Enering ROOFIt-------
 PARAMETER DEFINITIONS:
    NO.   NAME         VALUE      STEP SIZE      LIMITS
     1 norm         5.58668e+05  1.00000e-01     no limits
     2 Q            5.65000e-01  1.00000e-01     no limits
     3 theta        0.00000e+00  1.00000e-01     no limits
     4 pileup       9.99677e-04  1.00000e-01     no limits
 **********
 **    1 **MIGRAD
 **********
 FIRST CALL TO USER FUNCTION AT NEW START POINT, WITH IFLAG=4.
 START MIGRAD MINIMIZATION.  STRATEGY  1.  CONVERGENCE WHEN EDM .LT. 1.00e-04
 FCN=-2.37862e+11 FROM MIGRAD    STATUS=INITIATE       14 CALLS          15 TOTAL
                     EDM= unknown      STRATEGY= 1      NO ERROR MATRIX       
  EXT PARAMETER               CURRENT GUESS       STEP         FIRST   
  NO.   NAME      VALUE            ERROR          SIZE      DERIVATIVE 
   1  norm         5.58668e+05   1.00000e-01   1.00000e-01  -1.11777e+01
   2  Q            5.65000e-01   1.00000e-01   1.00000e-01  -1.65792e+08
   3  theta        0.00000e+00   1.00000e-01   1.00000e-01   0.00000e+00
   4  pileup       9.99677e-04   1.00000e-01   1.00000e-01  -9.18443e+11
 MIGRAD FAILS TO FIND IMPROVEMENT
 MACHINE ACCURACY LIMITS FURTHER IMPROVEMENT.
 MIGRAD MINIMIZATION HAS CONVERGED.
 MIGRAD WILL VERIFY CONVERGENCE AND ERROR MATRIX.
 EIGENVALUES OF SECOND-DERIVATIVE MATRIX:
        -7.2933e-02  5.0273e-01  6.6588e-01  2.9043e+00
 MINUIT WARNING IN HESSE   
 ============== MATRIX FORCED POS-DEF BY ADDING 0.075837 TO DIAGONAL.
 FCN=-2.37862e+11 FROM HESSE     STATUS=NOT POSDEF     27 CALLS          93 TOTAL
                     EDM=730.316    STRATEGY= 1      ERR MATRIX NOT POS-DEF
  EXT PARAMETER                APPROXIMATE        STEP         FIRST   
  NO.   NAME      VALUE            ERROR          SIZE      DERIVATIVE 
   1  norm         5.58897e+05   1.65265e+01   2.66394e+02   2.77475e-01
   2  Q            5.65003e-01   4.93213e-06   5.55013e-04   8.94268e+05
   3  theta        0.00000e+00   9.78871e-03   1.13873e-01   0.00000e+00
   4  pileup       1.00195e-03   1.00228e-07   2.10178e-05   5.23989e+08
 MIGRAD FAILS TO FIND IMPROVEMENT
 MACHINE ACCURACY LIMITS FURTHER IMPROVEMENT.
 MIGRAD MINIMIZATION HAS CONVERGED.
 MIGRAD WILL VERIFY CONVERGENCE AND ERROR MATRIX.
 EIGENVALUES OF SECOND-DERIVATIVE MATRIX:
        -4.0189e-04  4.0700e-01  8.5189e-01  2.7415e+00
 MINUIT WARNING IN HESSE   
 ============== MATRIX FORCED POS-DEF BY ADDING 0.003143 TO DIAGONAL.
 MIGRAD TERMINATED WITHOUT CONVERGENCE.
 FCN=-2.37862e+11 FROM MIGRAD    STATUS=FAILED        178 CALLS         179 TOTAL
                     EDM=0.964005    STRATEGY= 1      ERR MATRIX NOT POS-DEF
  EXT PARAMETER                APPROXIMATE        STEP         FIRST   
  NO.   NAME      VALUE            ERROR          SIZE      DERIVATIVE 
   1  norm         5.58953e+05   9.73933e+01   1.72563e+03  -1.19919e-02
   2  Q            5.65002e-01   3.16817e-05   9.41523e-05  -3.69719e+04
   3  theta       -1.94564e-03   1.01400e-03   1.06198e-01  -7.79622e+01
   4  pileup       9.99746e-04   1.02480e-07   2.09851e-05   1.37207e+07
 EXTERNAL ERROR MATRIX.    NDIM=  25    NPAR=  4    ERR DEF=1
  9.485e+03 -3.072e-03 -1.901e-02 -6.251e-07 
 -3.072e-03  1.004e-09  7.696e-09  1.880e-13 
 -1.901e-02  7.696e-09  1.028e-06  4.244e-11 
 -6.251e-07  1.880e-13  4.244e-11  1.050e-14 
ERR MATRIX NOT POS-DEF
 PARAMETER  CORRELATION COEFFICIENTS  
       NO.  GLOBAL      1      2      3      4
        1  0.99724   1.000 -0.996 -0.193 -0.063
        2  0.99730  -0.996  1.000  0.240  0.058
        3  0.69732  -0.193  0.240  1.000  0.408
        4  0.51273  -0.063  0.058  0.408  1.000
 ERR MATRIX NOT POS-DEF
 **********
 **    2 **MIGRAD 
 **********
 START MIGRAD MINIMIZATION.  STRATEGY  1.  CONVERGENCE WHEN EDM .LT. 1.00e-04
 FCN=-2.37862e+11 FROM MIGRAD    STATUS=INITIATE        8 CALLS         187 TOTAL
                     EDM=1.33447    STRATEGY= 1      ERR MATRIX NOT POS-DEF
  EXT PARAMETER                APPROXIMATE        STEP         FIRST   
  NO.   NAME      VALUE            ERROR          SIZE      DERIVATIVE 
   1  norm         5.58953e+05   9.73933e+01   1.72563e+03  -2.22274e-02
   2  Q            5.65002e-01   3.16817e-05   9.41523e-05  -3.66432e+04
   3  theta       -1.94564e-03   1.01400e-03   1.06198e-01  -2.37854e+03
   4  pileup       9.99746e-04   1.02480e-07   2.09851e-05   9.21018e+06
 EIGENVALUES OF SECOND-DERIVATIVE MATRIX:
        -1.8423e-03  5.6443e-01  1.0206e+00  2.4168e+00
 MINUIT WARNING IN MIGRAD  
 ============== MATRIX FORCED POS-DEF BY ADDING 0.004259 TO DIAGONAL.
 MIGRAD FAILS TO FIND IMPROVEMENT
 MACHINE ACCURACY LIMITS FURTHER IMPROVEMENT.
 MIGRAD MINIMIZATION HAS CONVERGED.
 MIGRAD WILL VERIFY CONVERGENCE AND ERROR MATRIX.
 COVARIANCE MATRIX CALCULATED SUCCESSFULLY
 FCN=-2.37862e+11 FROM HESSE     STATUS=OK             31 CALLS         295 TOTAL
                     EDM=0.602205    STRATEGY= 1      ERROR MATRIX ACCURATE 
  EXT PARAMETER                                   STEP         FIRST   
  NO.   NAME      VALUE            ERROR          SIZE      DERIVATIVE 
   1  norm         5.58956e+05   9.28051e+00   1.72578e+03   2.17072e-02
   2  Q            5.65001e-01   1.67082e-06   5.54956e-04   6.78223e+04
   3  theta       -1.72044e-03   7.99944e-04   4.24851e-01  -8.23061e+01
   4  pileup       9.99746e-04   1.05733e-07   2.09855e-05   1.47035e+07
 MINUIT WARNING IN MIGRAD  
 ============== Negative diagonal element 2 in Error Matrix
 MINUIT WARNING IN MIGRAD  
 ============== Negative diagonal element 3 in Error Matrix
 MINUIT WARNING IN MIGRAD  
 ============== Negative diagonal element 4 in Error Matrix
 MINUIT WARNING IN MIGRAD  
 ============== 1 added to diagonal of error matrix
 MIGRAD FAILS TO FIND IMPROVEMENT
 MACHINE ACCURACY LIMITS FURTHER IMPROVEMENT.
 MIGRAD MINIMIZATION HAS CONVERGED.
 MIGRAD WILL VERIFY CONVERGENCE AND ERROR MATRIX.
 COVARIANCE MATRIX CALCULATED SUCCESSFULLY
 MIGRAD TERMINATED WITHOUT CONVERGENCE.
 FCN=-2.37862e+11 FROM MIGRAD    STATUS=FAILED        287 CALLS         466 TOTAL
                     EDM=0.00300929    STRATEGY= 1      ERR MATRIX APPROXIMATE
  EXT PARAMETER                APPROXIMATE        STEP         FIRST   
  NO.   NAME      VALUE            ERROR          SIZE      DERIVATIVE 
   1  norm         5.58956e+05   9.38550e+00   1.72578e+03   2.42130e-03
   2  Q            5.65002e-01   1.75689e-06   5.54955e-04   7.00883e+03
   3  theta       -1.65947e-03   8.97839e-04   3.99022e-01  -1.07789e+02
   4  pileup       9.99684e-04   1.05503e-07   2.09846e-05   1.48155e+05
 EXTERNAL ERROR MATRIX.    NDIM=  25    NPAR=  4    ERR DEF=1
  8.809e+01  4.669e-06  3.520e-03 -3.296e-08 
  4.669e-06  3.087e-12  1.507e-09 -9.601e-15 
  3.520e-03  1.507e-09  8.061e-07  8.172e-12 
 -3.296e-08 -9.601e-15  8.172e-12  1.113e-14 
ERR MATRIX APPROXIMATE
 PARAMETER  CORRELATION COEFFICIENTS  
       NO.  GLOBAL      1      2      3      4
        1  0.63545   1.000  0.283  0.418 -0.033
        2  0.97435   0.283  1.000  0.955 -0.052
        3  0.97725   0.418  0.955  1.000  0.086
        4  0.54990  -0.033 -0.052  0.086  1.000
 ERR MATRIX APPROXIMATE
status of the fit-----000------4
1  558956
2  0.565002
3  -0.00165947
4  0.000999684
 PARAMETER DEFINITIONS:
    NO.   NAME         VALUE      STEP SIZE      LIMITS
     1 norm         5.58956e+05  1.00000e-01     no limits
     2 Q            5.65002e-01  1.00000e-01     no limits
     3 theta       -1.65947e-03  1.00000e-01     no limits
     4 pileup       9.99684e-04  1.00000e-01     no limits
 **********
 **    3 **MIGRAD
 **********
 FIRST CALL TO USER FUNCTION AT NEW START POINT, WITH IFLAG=4.
 START MIGRAD MINIMIZATION.  STRATEGY  1.  CONVERGENCE WHEN EDM .LT. 1.00e-04
 FCN=-2.37862e+11 FROM MIGRAD    STATUS=INITIATE       14 CALLS         481 TOTAL
                     EDM= unknown      STRATEGY= 1      NO ERROR MATRIX       
  EXT PARAMETER               CURRENT GUESS       STEP         FIRST   
  NO.   NAME      VALUE            ERROR          SIZE      DERIVATIVE 
   1  norm         5.58956e+05   1.00000e-01   1.00000e-01   2.57051e-03
   2  Q            5.65002e-01   1.00000e-01   1.00000e-01   5.15329e+06
   3  theta       -1.65947e-03   1.00000e-01   1.00000e-01  -1.10842e+04
   4  pileup       9.99684e-04   1.00000e-01   1.00000e-01  -9.18046e+11
 MIGRAD FAILS TO FIND IMPROVEMENT
 COVARIANCE MATRIX CALCULATED SUCCESSFULLY
 FCN=-2.37862e+11 FROM HESSE     STATUS=OK             29 CALLS         521 TOTAL
                     EDM=0.0178504    STRATEGY= 1      ERROR MATRIX ACCURATE 
  EXT PARAMETER                                   STEP         FIRST   
  NO.   NAME      VALUE            ERROR          SIZE      DERIVATIVE 
   1  norm         5.58956e+05   3.53392e+01   2.66531e+00   2.40448e-03
   2  Q            5.65002e-01   3.08799e-06   1.00000e-03   7.02022e+03
   3  theta       -1.65947e-03   2.62128e-03   1.00000e-01  -8.01506e+01
   4  pileup       9.99684e-04   9.24332e-08   1.00000e-02  -3.99264e+05
 EIGENVALUES OF SECOND-DERIVATIVE MATRIX:
        -1.1403e-02  2.8587e-02  5.3605e-01  3.4468e+00
 MINUIT WARNING IN MIGRAD  
 ============== MATRIX FORCED POS-DEF BY ADDING 0.014849 TO DIAGONAL.
 MIGRAD FAILS TO FIND IMPROVEMENT
 MACHINE ACCURACY LIMITS FURTHER IMPROVEMENT.
 MIGRAD MINIMIZATION HAS CONVERGED.
 MIGRAD WILL VERIFY CONVERGENCE AND ERROR MATRIX.
 COVARIANCE MATRIX CALCULATED SUCCESSFULLY
 MIGRAD TERMINATED WITHOUT CONVERGENCE.
 FCN=-2.37862e+11 FROM MIGRAD    STATUS=FAILED        102 CALLS         569 TOTAL
                     EDM=0.102818    STRATEGY= 1      ERR MATRIX APPROXIMATE
  EXT PARAMETER                APPROXIMATE        STEP         FIRST   
  NO.   NAME      VALUE            ERROR          SIZE      DERIVATIVE 
   1  norm         5.58956e+05   9.01502e+02   5.33062e+00  -8.83075e-03
   2  Q            5.65002e-01   2.90527e-04   1.02990e-04  -2.86094e+04
   3  theta       -1.62423e-03   2.51817e-03   4.00000e-02  -6.60419e+01
   4  pileup       9.99684e-04   1.00529e-07   2.14098e-05  -1.21711e+05
 EXTERNAL ERROR MATRIX.    NDIM=  25    NPAR=  4    ERR DEF=1
  8.127e+05 -2.619e-01 -7.021e-01  4.658e-06 
 -2.619e-01  8.441e-08  2.294e-07 -1.533e-12 
 -7.021e-01  2.294e-07  6.341e-06  8.225e-11 
  4.658e-06 -1.533e-12  8.225e-11  1.011e-14 
ERR MATRIX APPROXIMATE
 PARAMETER  CORRELATION COEFFICIENTS  
       NO.  GLOBAL      1      2      3      4
        1  0.99997   1.000 -1.000 -0.309  0.051
        2  0.99997  -1.000  1.000  0.314 -0.052
        3  0.66966  -0.309  0.314  1.000  0.325
        4  0.48132   0.051 -0.052  0.325  1.000
 ERR MATRIX APPROXIMATE
 **********
 **    4 **MIGRAD 
 **********
 START MIGRAD MINIMIZATION.  STRATEGY  1.  CONVERGENCE WHEN EDM .LT. 1.00e-04
 FCN=-2.37862e+11 FROM MIGRAD    STATUS=INITIATE        8 CALLS         577 TOTAL
                     EDM=0.345901    STRATEGY= 1      ERR MATRIX APPROXIMATE
  EXT PARAMETER                APPROXIMATE        STEP         FIRST   
  NO.   NAME      VALUE            ERROR          SIZE      DERIVATIVE 
   1  norm         5.58956e+05   9.01502e+02   5.33062e+00  -8.92235e-03
   2  Q            5.65002e-01   2.90527e-04   1.02990e-04  -2.82185e+04
   3  theta       -1.62423e-03   2.51817e-03   4.00000e-02  -3.38346e+02
   4  pileup       9.99684e-04   1.00529e-07   2.14098e-05  -4.81752e+06
 MIGRAD FAILS TO FIND IMPROVEMENT
 EIGENVALUES OF SECOND-DERIVATIVE MATRIX:
        -7.1920e-02  4.7206e-01  6.6778e-01  2.9321e+00
 MINUIT WARNING IN HESSE   
 ============== MATRIX FORCED POS-DEF BY ADDING 0.074852 TO DIAGONAL.
 FCN=-2.37862e+11 FROM HESSE     STATUS=NOT POSDEF     29 CALLS         632 TOTAL
                     EDM=0.0893669    STRATEGY= 1      ERR MATRIX NOT POS-DEF
  EXT PARAMETER                APPROXIMATE        STEP         FIRST   
  NO.   NAME      VALUE            ERROR          SIZE      DERIVATIVE 
   1  norm         5.58928e+05   9.22567e+00   1.06612e+02   1.15623e-02
   2  Q            5.65011e-01   5.36946e-06   5.54965e-04   3.56822e+04
   3  theta       -1.40667e-03   6.10546e-03   1.60000e-01  -8.67152e+01
   4  pileup       9.99690e-04   1.36454e-07   2.09859e-05   1.99221e+06
 MINUIT WARNING IN MIGRAD  
 ============== Negative diagonal element 3 in Error Matrix
 MINUIT WARNING IN MIGRAD  
 ============== 1 added to diagonal of error matrix
 MIGRAD FAILS TO FIND IMPROVEMENT
 MACHINE ACCURACY LIMITS FURTHER IMPROVEMENT.
 MIGRAD MINIMIZATION HAS CONVERGED.
 MIGRAD WILL VERIFY CONVERGENCE AND ERROR MATRIX.
 EIGENVALUES OF SECOND-DERIVATIVE MATRIX:
        -1.7097e-04  4.1337e-01  8.5251e-01  2.7343e+00
 MINUIT WARNING IN HESSE   
 ============== MATRIX FORCED POS-DEF BY ADDING 0.002905 TO DIAGONAL.
 MIGRAD TERMINATED WITHOUT CONVERGENCE.
 FCN=-2.37862e+11 FROM MIGRAD    STATUS=FAILED        112 CALLS         681 TOTAL
                     EDM=0.0319282    STRATEGY= 1      ERR MATRIX NOT POS-DEF
  EXT PARAMETER                APPROXIMATE        STEP         FIRST   
  NO.   NAME      VALUE            ERROR          SIZE      DERIVATIVE 
   1  norm         5.58927e+05   9.78599e+01   2.13225e+02   3.03802e-02
   2  Q            5.65011e-01   3.16208e-05   9.50321e-05   9.42474e+04
   3  theta       -1.09396e-03   1.62644e-03   6.40000e-02  -4.11630e+01
   4  pileup       9.99684e-04   1.02224e-07   8.39436e-06   1.15899e+06
 EXTERNAL ERROR MATRIX.    NDIM=  25    NPAR=  4    ERR DEF=1
  9.577e+03 -3.081e-03 -1.042e-02 -1.982e-07 
 -3.081e-03  9.999e-10  5.780e-09  4.666e-14 
 -1.042e-02  5.780e-09  2.645e-06  6.697e-11 
 -1.982e-07  4.666e-14  6.697e-11  1.045e-14 
ERR MATRIX NOT POS-DEF
 PARAMETER  CORRELATION COEFFICIENTS  
       NO.  GLOBAL      1      2      3      4
        1  0.99726   1.000 -0.996 -0.065 -0.020
        2  0.99729  -0.996  1.000  0.112  0.014
        3  0.67650  -0.065  0.112  1.000  0.403
        4  0.50891  -0.020  0.014  0.403  1.000
 ERR MATRIX NOT POS-DEF
status of the fit-----000------4
1  558927
2  0.565011
3  -0.00109396
4  0.000999684
 PARAMETER DEFINITIONS:
    NO.   NAME         VALUE      STEP SIZE      LIMITS
     1 norm         5.58927e+05  1.00000e-01     no limits
     2 Q            5.65011e-01  1.00000e-01     no limits
     3 theta       -1.09396e-03  1.00000e-01     no limits
     4 pileup       9.99684e-04  1.00000e-01     no limits
 **********
 **    5 **MIGRAD
 **********
 FIRST CALL TO USER FUNCTION AT NEW START POINT, WITH IFLAG=4.
 START MIGRAD MINIMIZATION.  STRATEGY  1.  CONVERGENCE WHEN EDM .LT. 1.00e-04
 FCN=-2.37862e+11 FROM MIGRAD    STATUS=INITIATE       14 CALLS         696 TOTAL
                     EDM= unknown      STRATEGY= 1      NO ERROR MATRIX       
  EXT PARAMETER               CURRENT GUESS       STEP         FIRST   
  NO.   NAME      VALUE            ERROR          SIZE      DERIVATIVE 
   1  norm         5.58927e+05   1.00000e-01   1.00000e-01   3.04068e-02
   2  Q            5.65011e-01   1.00000e-01   1.00000e-01   5.63896e+06
   3  theta       -1.09396e-03   1.00000e-01   1.00000e-01  -7.29682e+03
   4  pileup       9.99684e-04   1.00000e-01   1.00000e-01  -9.18045e+11
 MIGRAD FAILS TO FIND IMPROVEMENT
 COVARIANCE MATRIX CALCULATED SUCCESSFULLY
 FCN=-2.37862e+11 FROM HESSE     STATUS=OK             29 CALLS         736 TOTAL
                     EDM=0.269411    STRATEGY= 1      ERROR MATRIX ACCURATE 
  EXT PARAMETER                                   STEP         FIRST   
  NO.   NAME      VALUE            ERROR          SIZE      DERIVATIVE 
   1  norm         5.58927e+05   4.06896e+01   2.66517e+00   3.04297e-02
   2  Q            5.65011e-01   3.63606e-06   1.00000e-03   9.42453e+04
   3  theta       -1.09396e-03   3.10533e-03   1.00000e-01  -4.80042e+01
   4  pileup       9.99684e-04   9.24333e-08   1.00000e-02   5.73637e+05
 MIGRAD FAILS TO FIND IMPROVEMENT
 MACHINE ACCURACY LIMITS FURTHER IMPROVEMENT.
 MIGRAD MINIMIZATION HAS CONVERGED.
 MIGRAD WILL VERIFY CONVERGENCE AND ERROR MATRIX.
 EIGENVALUES OF SECOND-DERIVATIVE MATRIX:
        -1.7023e-04  4.4639e-01  8.5354e-01  2.7002e+00
 MINUIT WARNING IN HESSE   
 ============== MATRIX FORCED POS-DEF BY ADDING 0.002870 TO DIAGONAL.
 MIGRAD TERMINATED WITHOUT CONVERGENCE.
 FCN=-2.37862e+11 FROM MIGRAD    STATUS=FAILED        102 CALLS         784 TOTAL
                     EDM=0.00667885    STRATEGY= 1      ERR MATRIX NOT POS-DEF
  EXT PARAMETER                APPROXIMATE        STEP         FIRST   
  NO.   NAME      VALUE            ERROR          SIZE      DERIVATIVE 
   1  norm         5.58926e+05   9.86037e+01   5.33035e+00  -3.95042e-03
   2  Q            5.65011e-01   3.17767e-05   1.02990e-04  -1.26431e+04
   3  theta       -1.00963e-03   2.45637e-03   4.00000e-02  -3.92914e+01
   4  pileup       9.99684e-04   1.01005e-07   2.14098e-05   1.47137e+05
 EXTERNAL ERROR MATRIX.    NDIM=  25    NPAR=  4    ERR DEF=1
  9.723e+03 -3.121e-03 -3.734e-03 -6.195e-09 
 -3.121e-03  1.010e-09  4.600e-09 -2.373e-14 
 -3.734e-03  4.600e-09  6.034e-06  9.361e-11 
 -6.195e-09 -2.373e-14  9.361e-11  1.020e-14 
ERR MATRIX NOT POS-DEF
 PARAMETER  CORRELATION COEFFICIENTS  
       NO.  GLOBAL      1      2      3      4
        1  0.99730   1.000 -0.996 -0.015 -0.001
        2  0.99731  -0.996  1.000  0.059 -0.007
        3  0.64622  -0.015  0.059  1.000  0.377
        4  0.49099  -0.001 -0.007  0.377  1.000
 ERR MATRIX NOT POS-DEF
 **********
 **    6 **MIGRAD 
 **********
 START MIGRAD MINIMIZATION.  STRATEGY  1.  CONVERGENCE WHEN EDM .LT. 1.00e-04
 FCN=-2.37862e+11 FROM MIGRAD    STATUS=INITIATE        8 CALLS         792 TOTAL
                     EDM=0.166562    STRATEGY= 1      ERR MATRIX NOT POS-DEF
  EXT PARAMETER                APPROXIMATE        STEP         FIRST   
  NO.   NAME      VALUE            ERROR          SIZE      DERIVATIVE 
   1  norm         5.58926e+05   9.86037e+01   5.33035e+00  -3.95758e-03
   2  Q            5.65011e-01   3.17767e-05   1.02990e-04  -1.22516e+04
   3  theta       -1.00963e-03   2.45637e-03   4.00000e-02  -2.08394e+02
   4  pileup       9.99684e-04   1.01005e-07   2.14098e-05  -4.54860e+06
 MIGRAD FAILS TO FIND IMPROVEMENT
 EIGENVALUES OF SECOND-DERIVATIVE MATRIX:
        -8.0728e-02  4.6639e-01  6.6817e-01  2.9462e+00
 MINUIT WARNING IN HESSE   
 ============== MATRIX FORCED POS-DEF BY ADDING 0.083674 TO DIAGONAL.
 FCN=-2.37862e+11 FROM HESSE     STATUS=NOT POSDEF     31 CALLS         850 TOTAL
                     EDM=0.045716    STRATEGY= 1      ERR MATRIX NOT POS-DEF
  EXT PARAMETER                APPROXIMATE        STEP         FIRST   
  NO.   NAME      VALUE            ERROR          SIZE      DERIVATIVE 
   1  norm         5.58926e+05   9.52251e+00   1.06607e+02   1.68895e-03
   2  Q            5.65011e-01   5.33099e-06   5.54966e-04   4.85605e+03
   3  theta       -9.48655e-04   6.08127e-03   1.60000e-01  -5.99003e+01
   4  pileup       9.99686e-04   1.33263e-07   2.09859e-05   8.46014e+05
 MINUIT WARNING IN MIGRAD  
 ============== Negative diagonal element 3 in Error Matrix
 MINUIT WARNING IN MIGRAD  
 ============== 1 added to diagonal of error matrix
 MIGRAD FAILS TO FIND IMPROVEMENT
 MACHINE ACCURACY LIMITS FURTHER IMPROVEMENT.
 MIGRAD MINIMIZATION HAS CONVERGED.
 MIGRAD WILL VERIFY CONVERGENCE AND ERROR MATRIX.
 EIGENVALUES OF SECOND-DERIVATIVE MATRIX:
        -1.6025e-04  4.0387e-01  8.5219e-01  2.7441e+00
 MINUIT WARNING IN HESSE   
 ============== MATRIX FORCED POS-DEF BY ADDING 0.002904 TO DIAGONAL.
 MIGRAD TERMINATED WITHOUT CONVERGENCE.
 FCN=-2.37862e+11 FROM MIGRAD    STATUS=FAILED        115 CALLS         899 TOTAL
                     EDM=0.00753261    STRATEGY= 1      ERR MATRIX NOT POS-DEF
  EXT PARAMETER                APPROXIMATE        STEP         FIRST   
  NO.   NAME      VALUE            ERROR          SIZE      DERIVATIVE 
   1  norm         5.58926e+05   9.76736e+01   4.26428e+01   1.57999e-02
   2  Q            5.65011e-01   3.15687e-05   9.44525e-05   4.88252e+04
   3  theta       -7.21012e-04   1.64278e-03   6.40000e-02  -2.83837e+01
   4  pileup       9.99682e-04   1.02598e-07   8.39436e-06   4.02449e+05
 EXTERNAL ERROR MATRIX.    NDIM=  25    NPAR=  4    ERR DEF=1
  9.540e+03 -3.070e-03 -1.103e-02 -2.300e-07 
 -3.070e-03  9.966e-10  6.057e-09  5.965e-14 
 -1.103e-02  6.057e-09  2.699e-06  6.916e-11 
 -2.300e-07  5.965e-14  6.916e-11  1.053e-14 
ERR MATRIX NOT POS-DEF
 PARAMETER  CORRELATION COEFFICIENTS  
       NO.  GLOBAL      1      2      3      4
        1  0.99725   1.000 -0.996 -0.069 -0.023
        2  0.99728  -0.996  1.000  0.117  0.018
        3  0.68461  -0.069  0.117  1.000  0.410
        4  0.51418  -0.023  0.018  0.410  1.000
 ERR MATRIX NOT POS-DEF
status of the fit-----000------4
1  558926
2  0.565011
3  -0.000721012
4  0.000999682
 **********
 **    7 **SET PRINT           2
 **********
 **********
 **    8 **SET NOGRAD
 **********
 PARAMETER DEFINITIONS:
    NO.   NAME         VALUE      STEP SIZE      LIMITS
     1 p0           5.58000e+05  1.67400e+05     no limits
     2 p1           5.65000e-01  1.69500e-01     no limits
     3 p2           0.00000e+00  3.00000e-01     no limits
     4 p3           9.99871e-04  2.99961e-04     no limits
 **********
 **    9 **SET ERR         0.5
 **********
 **********
 **   10 **SET PRINT           2
 **********
 **********
 **   11 **SET STR           1
 **********
 NOW USING STRATEGY  1: TRY TO BALANCE SPEED AGAINST RELIABILITY
 **********
 **   12 **MIGRAD        1480        0.01
 **********
 FIRST CALL TO USER FUNCTION AT NEW START POINT, WITH IFLAG=4.
 START MIGRAD MINIMIZATION.  STRATEGY  1.  CONVERGENCE WHEN EDM .LT. 1.00e-05
 FCN=16953.7 FROM MIGRAD    STATUS=INITIATE       18 CALLS          19 TOTAL
                     EDM= unknown      STRATEGY= 1      NO ERROR MATRIX       
  EXT PARAMETER               CURRENT GUESS       STEP         FIRST   
  NO.   NAME      VALUE            ERROR          SIZE      DERIVATIVE 
   1  p0           5.58000e+05   1.67400e+05   1.67400e+05  -3.58894e+01
   2  p1           5.65000e-01   1.69500e-01   1.69500e-01  -1.11406e+08
   3  p2           0.00000e+00   3.00000e-01   3.00000e-01   0.00000e+00
   4  p3           9.99871e-04   2.99961e-04   2.99961e-04  -9.62690e+08
                               ERR DEF= 0.5
NO ERROR MATRIX       
 FCN=502.026 FROM MIGRAD    STATUS=PROGRESS       34 CALLS          35 TOTAL
                     EDM=1392.34    STRATEGY= 1      NO ERROR MATRIX       
  EXT PARAMETER               CURRENT GUESS       STEP         FIRST   
  NO.   NAME      VALUE            ERROR          SIZE      DERIVATIVE 
   1  p0           5.58435e+05   1.67400e+05   4.35042e+02  -8.22252e-01
   2  p1           5.65140e-01   1.69500e-01   1.40287e-04  -2.52606e+06
   3  p2           0.00000e+00   3.00000e-01  -0.00000e+00   0.00000e+00
   4  p3           1.00160e-03   2.99961e-04   1.73013e-06   4.12753e+08
                               ERR DEF= 0.5
 MIGRAD MINIMIZATION HAS CONVERGED.
 MIGRAD WILL VERIFY CONVERGENCE AND ERROR MATRIX.
   START COVARIANCE MATRIX CALCULATION.
 MINUIT WARNING IN HESSE   
 ============== Negative diagonal element 3 in Error Matrix
 MINUIT WARNING IN HESSE   
 ============== 64631.9 added to diagonal of error matrix
 EIGENVALUES OF SECOND-DERIVATIVE MATRIX:
        -4.4055e+00  9.9996e-01  1.0161e+00  6.3895e+00
 MINUIT WARNING IN HESSE   
 ============== MATRIX FORCED POS-DEF BY ADDING 4.411926 TO DIAGONAL.
 FCN=75.6766 FROM HESSE     STATUS=NOT POSDEF     29 CALLS          85 TOTAL
                     EDM=0.000139339    STRATEGY= 1      ERR MATRIX NOT POS-DEF
  EXT PARAMETER                APPROXIMATE        STEP         FIRST   
  NO.   NAME      VALUE            ERROR          SIZE      DERIVATIVE 
   1  p0           5.58473e+05   1.69085e-03   2.66301e-01  -1.20103e-04
   2  p1           5.65152e-01   1.48535e-06   2.69486e-07   3.62050e+02
   3  p2           0.00000e+00   8.82187e+00   2.40653e-05   0.00000e+00
   4  p3           9.99685e-04   5.91443e-07   4.76687e-10   2.90210e+04
                               ERR DEF= 0.5
 PARAMETER  CORRELATION COEFFICIENTS  
       NO.  GLOBAL      1      2      3      4
        1  0.00486   1.000  0.004  0.005 -0.005
        2  0.87887   0.004  1.000  0.878 -0.879
        3  0.99881   0.005  0.878  1.000 -0.999
        4  0.99882  -0.005 -0.879 -0.999  1.000
 ERR MATRIX NOT POS-DEF
 FCN=74.5217 FROM MIGRAD    STATUS=PROGRESS       94 CALLS          95 TOTAL
                     EDM=1.31184e+06    STRATEGY= 1      ERR MATRIX NOT POS-DEF
  EXT PARAMETER                APPROXIMATE        STEP         FIRST   
  NO.   NAME      VALUE            ERROR          SIZE      DERIVATIVE 
   1  p0           5.58473e+05   1.69085e-03   6.87399e-09  -1.18408e-01
   2  p1           5.65152e-01   1.48535e-06   1.08031e-09  -3.68808e+05
   3  p2           7.35371e-03   8.82187e+00   7.35371e-03  -1.84123e+02
   4  p3           9.99684e-04   5.91443e-07  -4.93609e-10  -8.49466e+06
                               ERR DEF= 0.5
 MINUIT WARNING IN MIGRAD  
 ============== Negative diagonal element 3 in Error Matrix
 MINUIT WARNING IN MIGRAD  
 ============== 1.00007 added to diagonal of error matrix
 EIGENVALUES OF SECOND-DERIVATIVE MATRIX:
         1.0000e+00  1.0000e+00  1.0000e+00  1.0000e+00
 MIGRAD FAILS TO FIND IMPROVEMENT
 MIGRAD TERMINATED WITHOUT CONVERGENCE.
 FCN=74.5217 FROM MIGRAD    STATUS=FAILED        105 CALLS         106 TOTAL
                     EDM=1.31184e+06    STRATEGY= 1      ERR MATRIX NOT POS-DEF
  EXT PARAMETER                APPROXIMATE        STEP         FIRST   
  NO.   NAME      VALUE            ERROR          SIZE      DERIVATIVE 
   1  p0           5.58473e+05   7.07135e-01   0.00000e+00  -1.18408e-01
   2  p1           5.65152e-01   7.07133e-01   0.00000e+00  -3.68808e+05
   3  p2           7.35371e-03   7.07107e-01   0.00000e+00  -1.84123e+02
   4  p3           9.99684e-04   7.07133e-01   0.00000e+00  -8.49466e+06
                               ERR DEF= 0.5
 EXTERNAL ERROR MATRIX.    NDIM=  25    NPAR=  4    ERR DEF=0.5
  5.000e-01 -1.677e-13 -1.443e-09 -2.042e-15 
 -1.677e-13  5.000e-01 -9.552e-10 -1.328e-15 
 -1.443e-09 -9.552e-10  5.000e-01 -3.334e-11 
 -2.042e-15 -1.328e-15 -3.334e-11  5.000e-01 
ERR MATRIX NOT POS-DEF
 PARAMETER  CORRELATION COEFFICIENTS  
       NO.  GLOBAL      1      2      3      4
        1  0.00000   1.000 -0.000 -0.000 -0.000
        2  0.00000  -0.000  1.000 -0.000 -0.000
        3  0.00000  -0.000 -0.000  1.000 -0.000
        4  0.00000  -0.000 -0.000 -0.000  1.000
 ERR MATRIX NOT POS-DEF
 FCN=74.5217 FROM MIGRAD    STATUS=FAILED        105 CALLS         106 TOTAL
                     EDM=1.31184e+06    STRATEGY= 1      ERR MATRIX NOT POS-DEF
  EXT PARAMETER                  PARABOLIC         MINOS ERRORS        
  NO.   NAME      VALUE            ERROR      NEGATIVE      POSITIVE   
   1  p0           5.58473e+05   7.07135e-01                            
   2  p1           5.65152e-01   7.07133e-01                            
   3  p2           7.35371e-03   7.07107e-01                            
   4  p3           9.99684e-04   7.07133e-01                            
                               ERR DEF= 0.5
 **********
 **   13 **SET PRINT           2
 **********
 **********
 **   14 **SET NOGRAD
 **********
 PARAMETER DEFINITIONS:
    NO.   NAME         VALUE      STEP SIZE      LIMITS
     1 p0           5.58473e+05  7.07135e-01     no limits
     2 p1           5.65152e-01  7.07133e-01     no limits
     3 p2           7.35371e-03  7.07107e-01     no limits
     4 p3           9.99684e-04  7.07133e-01     no limits
 **********
 **   15 **SET ERR         0.5
 **********
 **********
 **   16 **SET PRINT           2
 **********
 **********
 **   17 **SET STR           1
 **********
 NOW USING STRATEGY  1: TRY TO BALANCE SPEED AGAINST RELIABILITY
 **********
 **   18 **MIGRAD        1480        0.01
 **********
 FIRST CALL TO USER FUNCTION AT NEW START POINT, WITH IFLAG=4.
 START MIGRAD MINIMIZATION.  STRATEGY  1.  CONVERGENCE WHEN EDM .LT. 1.00e-05
 FCN=74.5217 FROM MIGRAD    STATUS=INITIATE       20 CALLS          21 TOTAL
                     EDM= unknown      STRATEGY= 1      NO ERROR MATRIX       
  EXT PARAMETER               CURRENT GUESS       STEP         FIRST   
  NO.   NAME      VALUE            ERROR          SIZE      DERIVATIVE 
   1  p0           5.58473e+05   7.07135e-01   7.07135e-01  -1.18408e-01
   2  p1           5.65152e-01   7.07133e-01   7.07133e-01  -3.68765e+05
   3  p2           7.35371e-03   7.07107e-01   7.07107e-01  -1.84067e+02
   4  p3           9.99684e-04   7.07133e-01   7.07133e-01  -3.32733e+08
                               ERR DEF= 0.5
NO ERROR MATRIX       
 FCN=74.3381 FROM MIGRAD    STATUS=PROGRESS       40 CALLS          41 TOTAL
                     EDM=3.90454    STRATEGY= 1      NO ERROR MATRIX       
  EXT PARAMETER               CURRENT GUESS       STEP         FIRST   
  NO.   NAME      VALUE            ERROR          SIZE      DERIVATIVE 
   1  p0           5.58473e+05   7.07135e-01   9.16760e-02  -7.47664e-02
   2  p1           5.65152e-01   7.07133e-01   2.95785e-08  -2.32802e+05
   3  p2           7.47467e-03   7.07107e-01   1.20958e-04  -2.72462e+02
   4  p3           9.99723e-04   7.07133e-01   3.80731e-08   1.22931e+06
                               ERR DEF= 0.5
 FCN=72.0762 FROM MIGRAD    STATUS=PROGRESS      168 CALLS         169 TOTAL
                     EDM=0.939941    STRATEGY= 1  ERROR MATRIX UNCERTAINTY  43.5 per cent
  EXT PARAMETER                APPROXIMATE        STEP         FIRST   
  NO.   NAME      VALUE            ERROR          SIZE      DERIVATIVE 
   1  p0           5.57500e+05   1.02884e+03  -2.89191e+01  -1.13444e-01
   2  p1           5.65468e-01   3.31860e-04   9.38418e-06  -3.53063e+05
   3  p2           1.37267e-02   2.87613e-03   1.00223e-04  -8.16457e+01
   4  p3           9.99750e-04   7.29853e-08   3.84156e-10  -1.45740e+06
                               ERR DEF= 0.5
 MINUIT WARNING IN MIGRAD  
 ============== Negative diagonal element 1 in Error Matrix
 MINUIT WARNING IN MIGRAD  
 ============== Negative diagonal element 2 in Error Matrix
 MINUIT WARNING IN MIGRAD  
 ============== Negative diagonal element 3 in Error Matrix
 MINUIT WARNING IN MIGRAD  
 ============== 8.05031e+06 added to diagonal of error matrix
 EIGENVALUES OF SECOND-DERIVATIVE MATRIX:
         9.8732e-01  1.0000e+00  1.0000e+00  1.0127e+00
 MIGRAD FAILS TO FIND IMPROVEMENT
   START COVARIANCE MATRIX CALCULATION.
 EIGENVALUES OF SECOND-DERIVATIVE MATRIX:
        -1.1465e-03  3.4209e-01  8.3334e-01  2.8257e+00
 MINUIT WARNING IN HESSE   
 ============== MATRIX FORCED POS-DEF BY ADDING 0.003972 TO DIAGONAL.
 FCN=71.9068 FROM HESSE     STATUS=NOT POSDEF     23 CALLS         245 TOTAL
                     EDM=0.371156    STRATEGY= 1      ERR MATRIX NOT POS-DEF
  EXT PARAMETER                APPROXIMATE        STEP         FIRST   
  NO.   NAME      VALUE            ERROR          SIZE      DERIVATIVE 
   1  p0           5.57431e+05   6.77814e+01   2.65804e-01  -9.86904e-02
   2  p1           5.65490e-01   2.20682e-05   2.69647e-07  -3.07424e+05
   3  p2           1.41245e-02   3.19109e-03   1.23760e-05  -7.24746e+01
   4  p3           9.99752e-04   7.50408e-08   4.76719e-10  -1.29249e+06
                               ERR DEF= 0.5
 PARAMETER  CORRELATION COEFFICIENTS  
       NO.  GLOBAL      1      2      3      4
        1  0.99716   1.000 -0.995 -0.177 -0.184
        2  0.99721  -0.995  1.000  0.235  0.185
        3  0.74856  -0.177  0.235  1.000  0.452
        4  0.55258  -0.184  0.185  0.452  1.000
 ERR MATRIX NOT POS-DEF
 FCN=71.5964 FROM MIGRAD    STATUS=PROGRESS      254 CALLS         255 TOTAL
                     EDM=0.0171284    STRATEGY= 1      ERR MATRIX NOT POS-DEF
  EXT PARAMETER                APPROXIMATE        STEP         FIRST   
  NO.   NAME      VALUE            ERROR          SIZE      DERIVATIVE 
   1  p0           5.57424e+05   6.77814e+01  -6.70234e+00  -2.45178e-02
   2  p1           5.65494e-01   2.20682e-05   3.65744e-06  -7.92588e+04
   3  p2           1.59449e-02   3.19109e-03   1.82041e-03   8.29365e+01
   4  p3           9.99766e-04   7.50408e-08   1.40989e-08  -1.06181e+06
                               ERR DEF= 0.5
 MIGRAD FAILS TO FIND IMPROVEMENT
 MIGRAD TERMINATED WITHOUT CONVERGENCE.
 FCN=71.5658 FROM MIGRAD    STATUS=FAILED        293 CALLS         294 TOTAL
                     EDM=17.0416    STRATEGY= 1      ERR MATRIX NOT POS-DEF
  EXT PARAMETER                APPROXIMATE        STEP         FIRST   
  NO.   NAME      VALUE            ERROR          SIZE      DERIVATIVE 
   1  p0           5.57404e+05   1.60326e+01   0.00000e+00   8.09948e-03
   2  p1           5.65501e-01   4.76033e-06  -0.00000e+00   2.71254e+05
   3  p2           1.58429e-02   2.51770e-03  -0.00000e+00  -7.42099e+00
   4  p3           9.99767e-04   7.30261e-08  -0.00000e+00   5.06808e+05
                               ERR DEF= 0.5
 EXTERNAL ERROR MATRIX.    NDIM=  25    NPAR=  4    ERR DEF=0.5
  2.570e+02 -6.994e-05  8.714e-03 -2.679e-08 
 -6.994e-05  2.266e-11  1.386e-10  7.018e-16 
  8.714e-03  1.386e-10  6.339e-06  8.021e-11 
 -2.679e-08  7.018e-16  8.021e-11  5.333e-15 
ERR MATRIX NOT POS-DEF
 PARAMETER  CORRELATION COEFFICIENTS  
       NO.  GLOBAL      1      2      3      4
        1  0.95330   1.000 -0.916  0.216 -0.023
        2  0.95005  -0.916  1.000  0.012  0.002
        3  0.73343   0.216  0.012  1.000  0.436
        4  0.56758  -0.023  0.002  0.436  1.000
 ERR MATRIX NOT POS-DEF
 FCN=71.5658 FROM MIGRAD    STATUS=FAILED        293 CALLS         294 TOTAL
                     EDM=17.0416    STRATEGY= 1      ERR MATRIX NOT POS-DEF
  EXT PARAMETER                  PARABOLIC         MINOS ERRORS        
  NO.   NAME      VALUE            ERROR      NEGATIVE      POSITIVE   
   1  p0           5.57404e+05   1.60326e+01                            
   2  p1           5.65501e-01   4.76033e-06                            
   3  p2           1.58429e-02   2.51770e-03                            
   4  p3           9.99767e-04   7.30261e-08                            
                               ERR DEF= 0.5
 **********
 **   19 **SET PRINT           2
 **********
 **********
 **   20 **SET NOGRAD
 **********
 PARAMETER DEFINITIONS:
    NO.   NAME         VALUE      STEP SIZE      LIMITS
     1 p0           5.57404e+05  1.60326e+01     no limits
     2 p1           5.65501e-01  4.76033e-06     no limits
     3 p2           1.58429e-02  2.51770e-03     no limits
     4 p3           9.99767e-04  7.30261e-08     no limits
 **********
 **   21 **SET ERR         0.5
 **********
 **********
 **   22 **SET PRINT           2
 **********
 **********
 **   23 **SET STR           1
 **********
 NOW USING STRATEGY  1: TRY TO BALANCE SPEED AGAINST RELIABILITY
 **********
 **   24 **MIGRAD        1480        0.01
 **********
 FIRST CALL TO USER FUNCTION AT NEW START POINT, WITH IFLAG=4.
 START MIGRAD MINIMIZATION.  STRATEGY  1.  CONVERGENCE WHEN EDM .LT. 1.00e-05
 FCN=71.5658 FROM MIGRAD    STATUS=INITIATE       12 CALLS          13 TOTAL
                     EDM= unknown      STRATEGY= 1      NO ERROR MATRIX       
  EXT PARAMETER               CURRENT GUESS       STEP         FIRST   
  NO.   NAME      VALUE            ERROR          SIZE      DERIVATIVE 
   1  p0           5.57404e+05   1.60326e+01   1.60326e+01   8.09948e-03
   2  p1           5.65501e-01   4.76033e-06   4.76033e-06   2.71254e+05
   3  p2           1.58429e-02   2.51770e-03   2.51770e-03  -7.64228e+00
   4  p3           9.99767e-04   7.30261e-08   7.30261e-08   5.06808e+05
                               ERR DEF= 0.5
NO ERROR MATRIX       
 FCN=71.565 FROM MIGRAD    STATUS=PROGRESS       23 CALLS          24 TOTAL
                     EDM=0.0522418    STRATEGY= 1      NO ERROR MATRIX       
  EXT PARAMETER               CURRENT GUESS       STEP         FIRST   
  NO.   NAME      VALUE            ERROR          SIZE      DERIVATIVE 
   1  p0           5.57404e+05   1.60326e+01  -6.12281e-02   4.66193e-04
   2  p1           5.65501e-01   4.76033e-06  -3.55234e-08   2.38880e+05
   3  p2           1.58498e-02   2.51770e-03   6.92147e-06   9.15600e+00
   4  p3           9.99767e-04   7.30261e-08  -5.44960e-10   1.43464e+05
                               ERR DEF= 0.5
 MIGRAD FAILS TO FIND IMPROVEMENT
   START COVARIANCE MATRIX CALCULATION.
 EIGENVALUES OF SECOND-DERIVATIVE MATRIX:
        -1.6680e-01  3.9802e-01  9.1400e-01  2.8548e+00
 MINUIT WARNING IN HESSE   
 ============== MATRIX FORCED POS-DEF BY ADDING 0.169654 TO DIAGONAL.
 FCN=71.565 FROM HESSE     STATUS=NOT POSDEF     25 CALLS         114 TOTAL
                     EDM=0.0107138    STRATEGY= 1      ERR MATRIX NOT POS-DEF
  EXT PARAMETER                APPROXIMATE        STEP         FIRST   
  NO.   NAME      VALUE            ERROR          SIZE      DERIVATIVE 
   1  p0           5.57404e+05   1.33792e+01   2.65791e-01  -6.10123e-04
   2  p1           5.65501e-01   8.95802e-06   2.69652e-07  -4.62011e+03
   3  p2           1.58474e-02   3.30541e-03   9.54952e-06   1.12369e+01
   4  p3           9.99767e-04   7.91177e-07   4.76726e-10   1.02018e+05
                               ERR DEF= 0.5
 PARAMETER  CORRELATION COEFFICIENTS  
       NO.  GLOBAL      1      2      3      4
        1  0.93563   1.000 -0.912  0.843  0.907
        2  0.99751  -0.912  1.000 -0.807 -0.997
        3  0.88535   0.843 -0.807  1.000  0.824
        4  0.99749   0.907 -0.997  0.824  1.000
 ERR MATRIX NOT POS-DEF
 FCN=71.5649 FROM MIGRAD    STATUS=PROGRESS      124 CALLS         125 TOTAL
                     EDM=2.09928    STRATEGY= 1      ERR MATRIX NOT POS-DEF
  EXT PARAMETER                APPROXIMATE        STEP         FIRST   
  NO.   NAME      VALUE            ERROR          SIZE      DERIVATIVE 
   1  p0           5.57404e+05   1.33792e+01  -1.40468e-02  -6.65700e-04
   2  p1           5.65501e-01   8.95802e-06   1.01203e-08   2.24071e+05
   3  p2           1.58441e-02   3.30541e-03  -3.36589e-06   1.30277e+01
   4  p3           9.99766e-04   7.91177e-07  -8.98728e-10  -8.66091e+04
                               ERR DEF= 0.5
 MIGRAD FAILS TO FIND IMPROVEMENT
 MIGRAD TERMINATED WITHOUT CONVERGENCE.
 FCN=71.5646 FROM MIGRAD    STATUS=FAILED        184 CALLS         185 TOTAL
                     EDM=0.06112    STRATEGY= 1      ERR MATRIX NOT POS-DEF
  EXT PARAMETER                APPROXIMATE        STEP         FIRST   
  NO.   NAME      VALUE            ERROR          SIZE      DERIVATIVE 
   1  p0           5.57404e+05   5.14772e+00   0.00000e+00   4.40218e-04
   2  p1           5.65501e-01   9.77189e-07  -0.00000e+00   2.32853e+05
   3  p2           1.57850e-02   1.58813e-03  -0.00000e+00  -5.39712e-01
   4  p3           9.99766e-04   3.57778e-08   0.00000e+00   8.61123e+04
                               ERR DEF= 0.5
 EXTERNAL ERROR MATRIX.    NDIM=  25    NPAR=  4    ERR DEF=0.5
  2.650e+01 -5.243e-07  9.105e-04 -1.574e-08 
 -5.243e-07  9.549e-13  1.367e-09 -1.926e-14 
  9.105e-04  1.367e-09  2.522e-06 -2.812e-11 
 -1.574e-08 -1.926e-14 -2.812e-11  1.280e-15 
ERR MATRIX NOT POS-DEF
 PARAMETER  CORRELATION COEFFICIENTS  
       NO.  GLOBAL      1      2      3      4
        1  0.46977   1.000 -0.104  0.111 -0.085
        2  0.91465  -0.104  1.000  0.881 -0.551
        3  0.90437   0.111  0.881  1.000 -0.495
        4  0.57131  -0.085 -0.551 -0.495  1.000
 ERR MATRIX NOT POS-DEF
 FCN=71.5646 FROM MIGRAD    STATUS=FAILED        184 CALLS         185 TOTAL
                     EDM=0.06112    STRATEGY= 1      ERR MATRIX NOT POS-DEF
  EXT PARAMETER                  PARABOLIC         MINOS ERRORS        
  NO.   NAME      VALUE            ERROR      NEGATIVE      POSITIVE   
   1  p0           5.57404e+05   5.14772e+00                            
   2  p1           5.65501e-01   9.77189e-07                            
   3  p2           1.57850e-02   1.58813e-03                            
   4  p3           9.99766e-04   3.57778e-08                            
                               ERR DEF= 0.5
------------------------------------------
Enering ROOFIt-------
 PARAMETER DEFINITIONS:
    NO.   NAME         VALUE      STEP SIZE      LIMITS
     1 norm         5.57404e+05  1.00000e-01     no limits
     2 Q            5.65000e-01  1.00000e-01     no limits
     3 theta        0.00000e+00  1.00000e-01     no limits
     4 pileup       9.99766e-04  1.00000e-01     no limits
 **********
 **    1 **MIGRAD
 **********
 FIRST CALL TO USER FUNCTION AT NEW START POINT, WITH IFLAG=4.
 START MIGRAD MINIMIZATION.  STRATEGY  1.  CONVERGENCE WHEN EDM .LT. 1.00e-04
 FCN=-2.37856e+11 FROM MIGRAD    STATUS=INITIATE       14 CALLS          15 TOTAL
                     EDM= unknown      STRATEGY= 1      NO ERROR MATRIX       
  EXT PARAMETER               CURRENT GUESS       STEP         FIRST   
  NO.   NAME      VALUE            ERROR          SIZE      DERIVATIVE 
   1  norm         5.57404e+05   1.00000e-01   1.00000e-01  -5.87946e+01
   2  Q            5.65000e-01   1.00000e-01   1.00000e-01  -8.87941e+08
   3  theta        0.00000e+00   1.00000e-01   1.00000e-01   0.00000e+00
   4  pileup       9.99766e-04   1.00000e-01   1.00000e-01  -9.20055e+11
 MIGRAD FAILS TO FIND IMPROVEMENT
 EIGENVALUES OF SECOND-DERIVATIVE MATRIX:
        -3.7899e-01  4.0693e-01  6.6863e-01  3.3034e+00
 MINUIT WARNING IN HESSE   
 ============== MATRIX FORCED POS-DEF BY ADDING 0.382291 TO DIAGONAL.
 FCN=-2.37856e+11 FROM HESSE     STATUS=NOT POSDEF     25 CALLS          92 TOTAL
                     EDM=6379.29    STRATEGY= 1      ERR MATRIX NOT POS-DEF
  EXT PARAMETER                APPROXIMATE        STEP         FIRST   
  NO.   NAME      VALUE            ERROR          SIZE      DERIVATIVE 
   1  norm         5.58759e+05   9.24729e+00   1.72563e+03   1.59510e+00
   2  Q            5.65015e-01   4.78660e-06   5.55125e-04   5.05781e+06
   3  theta        0.00000e+00   1.02929e-02   1.16093e-01   0.00000e+00
   4  pileup       1.00618e-03   9.40722e-08   2.10722e-05   1.51326e+09
 MINUIT WARNING IN MIGRAD  
 ============== Negative diagonal element 2 in Error Matrix
 MINUIT WARNING IN MIGRAD  
 ============== Negative diagonal element 3 in Error Matrix
 MINUIT WARNING IN MIGRAD  
 ============== Negative diagonal element 4 in Error Matrix
 MINUIT WARNING IN MIGRAD  
 ============== 1 added to diagonal of error matrix
 MIGRAD FAILS TO FIND IMPROVEMENT
 MACHINE ACCURACY LIMITS FURTHER IMPROVEMENT.
 MIGRAD MINIMIZATION HAS CONVERGED.
 MIGRAD WILL VERIFY CONVERGENCE AND ERROR MATRIX.
 EIGENVALUES OF SECOND-DERIVATIVE MATRIX:
        -3.8844e-04  4.0463e-01  8.5195e-01  2.7438e+00
 MINUIT WARNING IN HESSE   
 ============== MATRIX FORCED POS-DEF BY ADDING 0.003132 TO DIAGONAL.
 MIGRAD TERMINATED WITHOUT CONVERGENCE.
 FCN=-2.37856e+11 FROM MIGRAD    STATUS=FAILED        257 CALLS         258 TOTAL
                     EDM=0.0623707    STRATEGY= 1      ERR MATRIX NOT POS-DEF
  EXT PARAMETER                APPROXIMATE        STEP         FIRST   
  NO.   NAME      VALUE            ERROR          SIZE      DERIVATIVE 
   1  norm         5.58877e+05   9.73706e+01   1.72554e+03  -4.35388e-02
   2  Q            5.65022e-01   3.16616e-05   9.56559e-05  -1.34697e+05
   3  theta       -2.25732e-03   1.04505e-03   1.04157e-01   8.14676e+01
   4  pileup       9.99700e-04   1.02544e-07   2.09839e-05  -2.42565e+05
 EXTERNAL ERROR MATRIX.    NDIM=  25    NPAR=  4    ERR DEF=1
  9.481e+03 -3.070e-03 -1.833e-02 -5.762e-07 
 -3.070e-03  1.002e-09  7.529e-09  1.727e-13 
 -1.833e-02  7.529e-09  1.092e-06  4.391e-11 
 -5.762e-07  1.727e-13  4.391e-11  1.052e-14 
ERR MATRIX NOT POS-DEF
 PARAMETER  CORRELATION COEFFICIENTS  
       NO.  GLOBAL      1      2      3      4
        1  0.99724   1.000 -0.996 -0.180 -0.058
        2  0.99730  -0.996  1.000  0.228  0.053
        3  0.69714  -0.180  0.228  1.000  0.410
        4  0.51370  -0.058  0.053  0.410  1.000
 ERR MATRIX NOT POS-DEF
 **********
 **    2 **MIGRAD 
 **********
 START MIGRAD MINIMIZATION.  STRATEGY  1.  CONVERGENCE WHEN EDM .LT. 1.00e-04
 FCN=-2.37856e+11 FROM MIGRAD    STATUS=INITIATE        8 CALLS         266 TOTAL
                     EDM=2.30252    STRATEGY= 1      ERR MATRIX NOT POS-DEF
  EXT PARAMETER                APPROXIMATE        STEP         FIRST   
  NO.   NAME      VALUE            ERROR          SIZE      DERIVATIVE 
   1  norm         5.58877e+05   9.73706e+01   1.72554e+03  -5.37770e-02
   2  Q            5.65022e-01   3.16616e-05   9.56559e-05  -1.34366e+05
   3  theta       -2.25732e-03   1.04505e-03   1.04157e-01  -2.48183e+03
   4  pileup       9.99700e-04   1.02544e-07   2.09839e-05  -4.75376e+06
 EIGENVALUES OF SECOND-DERIVATIVE MATRIX:
        -3.9272e-03  4.2384e-01  1.0779e+00  2.5022e+00
 MINUIT WARNING IN MIGRAD  
 ============== MATRIX FORCED POS-DEF BY ADDING 0.006429 TO DIAGONAL.
 MIGRAD FAILS TO FIND IMPROVEMENT
 EIGENVALUES OF SECOND-DERIVATIVE MATRIX:
        -1.6943e-01  4.2090e-01  6.6996e-01  3.0786e+00
 MINUIT WARNING IN HESSE   
 ============== MATRIX FORCED POS-DEF BY ADDING 0.172511 TO DIAGONAL.
 FCN=-2.37856e+11 FROM HESSE     STATUS=NOT POSDEF     31 CALLS         329 TOTAL
                     EDM=0.0195616    STRATEGY= 1      ERR MATRIX NOT POS-DEF
  EXT PARAMETER                APPROXIMATE        STEP         FIRST   
  NO.   NAME      VALUE            ERROR          SIZE      DERIVATIVE 
   1  norm         5.58878e+05   2.21584e+01   1.72554e+03  -2.96233e-02
   2  Q            5.65021e-01   5.52126e-06   5.54977e-04  -9.14000e+04
   3  theta       -2.20436e-03   1.98445e-03   4.34072e-01   5.93514e+01
   4  pileup       9.99702e-04   1.45104e-07   2.09852e-05   7.85054e+05
 MIGRAD FAILS TO FIND IMPROVEMENT
 MIGRAD TERMINATED WITHOUT CONVERGENCE.
 FCN=-2.37856e+11 FROM MIGRAD    STATUS=FAILED        122 CALLS         380 TOTAL
                     EDM=3.6051e+06    STRATEGY= 1      ERR MATRIX NOT POS-DEF
  EXT PARAMETER                APPROXIMATE        STEP         FIRST   
  NO.   NAME      VALUE            ERROR          SIZE      DERIVATIVE 
   1  norm         5.58880e+05   7.80739e+00   0.00000e+00  -5.75605e-02
   2  Q            5.65021e-01   3.21160e-08  -0.00000e+00   1.72968e+09
   3  theta       -2.27942e-03   1.69075e-04   0.00000e+00  -3.09458e+05
   4  pileup       9.99703e-04   8.34497e-08   0.00000e+00  -2.64646e+07
 EXTERNAL ERROR MATRIX.    NDIM=  25    NPAR=  4    ERR DEF=1
  6.096e+01  9.503e-08  5.366e-04 -1.295e-07 
  9.503e-08  1.031e-15  5.160e-12  4.744e-16 
  5.366e-04  5.160e-12  2.859e-08  2.156e-12 
 -1.295e-07  4.744e-16  2.156e-12  6.964e-15 
ERR MATRIX NOT POS-DEF
 PARAMETER  CORRELATION COEFFICIENTS  
       NO.  GLOBAL      1      2      3      4
        1  0.48471   1.000  0.379  0.406 -0.199
        2  0.95076   0.379  1.000  0.950  0.177
        3  0.95153   0.406  0.950  1.000  0.153
        4  0.33750  -0.199  0.177  0.153  1.000
 ERR MATRIX NOT POS-DEF
status of the fit-----000------4
1  558880
2  0.565021
3  -0.00227942
4  0.000999703
 PARAMETER DEFINITIONS:
    NO.   NAME         VALUE      STEP SIZE      LIMITS
     1 norm         5.58880e+05  1.00000e-01     no limits
     2 Q            5.65021e-01  1.00000e-01     no limits
     3 theta       -2.27942e-03  1.00000e-01     no limits
     4 pileup       9.99703e-04  1.00000e-01     no limits
 **********
 **    3 **MIGRAD
 **********
 FIRST CALL TO USER FUNCTION AT NEW START POINT, WITH IFLAG=4.
 START MIGRAD MINIMIZATION.  STRATEGY  1.  CONVERGENCE WHEN EDM .LT. 1.00e-04
 FCN=-2.37856e+11 FROM MIGRAD    STATUS=INITIATE       14 CALLS         395 TOTAL
                     EDM= unknown      STRATEGY= 1      NO ERROR MATRIX       
  EXT PARAMETER               CURRENT GUESS       STEP         FIRST   
  NO.   NAME      VALUE            ERROR          SIZE      DERIVATIVE 
   1  norm         5.58880e+05   1.00000e-01   1.00000e-01   7.04266e-03
   2  Q            5.65021e-01   1.00000e-01   1.00000e-01   8.28298e+06
   3  theta       -2.27942e-03   1.00000e-01   1.00000e-01  -1.49914e+04
   4  pileup       9.99703e-04   1.00000e-01   1.00000e-01  -9.17955e+11
 MIGRAD FAILS TO FIND IMPROVEMENT
 COVARIANCE MATRIX CALCULATED SUCCESSFULLY
 FCN=-2.37856e+11 FROM HESSE     STATUS=OK             29 CALLS         435 TOTAL
                     EDM=0.0108352    STRATEGY= 1      ERROR MATRIX ACCURATE 
  EXT PARAMETER                                   STEP         FIRST   
  NO.   NAME      VALUE            ERROR          SIZE      DERIVATIVE 
   1  norm         5.58880e+05   3.58419e+01   2.66495e+00   7.01403e-03
   2  Q            5.65021e-01   3.13283e-06   1.00000e-03   2.23490e+04
   3  theta       -2.27942e-03   2.69183e-03   1.00000e-01   9.88960e+01
   4  pileup       9.99703e-04   9.24365e-08   1.00000e-02   1.43048e+06
 MIGRAD FAILS TO FIND IMPROVEMENT
 MIGRAD TERMINATED WITHOUT CONVERGENCE.
 FCN=-2.37856e+11 FROM MIGRAD    STATUS=FAILED         96 CALLS         477 TOTAL
                     EDM=3.74617e+06    STRATEGY= 1  ERROR MATRIX UNCERTAINTY 100.0 per cent
  EXT PARAMETER                APPROXIMATE        STEP         FIRST   
  NO.   NAME      VALUE            ERROR          SIZE      DERIVATIVE 
   1  norm         5.58882e+05   7.89547e+00   0.00000e+00   1.98663e-02
   2  Q            5.65021e-01   1.67006e-07   0.00000e+00   1.72940e+09
   3  theta       -2.69805e-03   8.47064e-04   0.00000e+00  -3.43137e+05
   4  pileup       9.99687e-04   6.96647e-08   0.00000e+00  -3.00982e+07
 EXTERNAL ERROR MATRIX.    NDIM=  25    NPAR=  4    ERR DEF=1
  6.234e+01  5.482e-07  2.786e-03 -1.422e-07 
  5.482e-07  2.789e-14  1.413e-10 -7.388e-15 
  2.786e-03  1.413e-10  7.175e-07 -3.753e-11 
 -1.422e-07 -7.388e-15 -3.753e-11  4.853e-15 
ERR MATRIX APPROXIMATE
 PARAMETER  CORRELATION COEFFICIENTS  
       NO.  GLOBAL      1      2      3      4
        1  0.41679   1.000  0.416  0.417 -0.259
        2  0.99912   0.416  1.000  0.999 -0.635
        3  0.99912   0.417  0.999  1.000 -0.636
        4  0.63602  -0.259 -0.635 -0.636  1.000
 ERR MATRIX APPROXIMATE
 **********
 **    4 **MIGRAD 
 **********
 START MIGRAD MINIMIZATION.  STRATEGY  1.  CONVERGENCE WHEN EDM .LT. 1.00e-04
 FCN=-2.37856e+11 FROM MIGRAD    STATUS=INITIATE       16 CALLS         493 TOTAL
                     EDM=6.58629    STRATEGY= 1  ERROR MATRIX UNCERTAINTY 100.0 per cent
  EXT PARAMETER                APPROXIMATE        STEP         FIRST   
  NO.   NAME      VALUE            ERROR          SIZE      DERIVATIVE 
   1  norm         5.58882e+05   7.89547e+00   0.00000e+00   1.37624e-02
   2  Q            5.65021e-01   1.67006e-07   0.00000e+00   6.20944e+04
   3  theta       -2.69805e-03   8.47064e-04   0.00000e+00  -3.12757e+03
   4  pileup       9.99687e-04   6.96647e-08   0.00000e+00  -3.00984e+07
 MIGRAD FAILS TO FIND IMPROVEMENT
 MACHINE ACCURACY LIMITS FURTHER IMPROVEMENT.
 MIGRAD MINIMIZATION HAS CONVERGED.
 MIGRAD WILL VERIFY CONVERGENCE AND ERROR MATRIX.
 EIGENVALUES OF SECOND-DERIVATIVE MATRIX:
        -1.8034e-04  4.5528e-01  8.5400e-01  2.6909e+00
 MINUIT WARNING IN HESSE   
 ============== MATRIX FORCED POS-DEF BY ADDING 0.002871 TO DIAGONAL.
 FCN=-2.37856e+11 FROM HESSE     STATUS=NOT POSDEF     29 CALLS         533 TOTAL
                     EDM=0.0463404    STRATEGY= 1      ERR MATRIX NOT POS-DEF
  EXT PARAMETER                APPROXIMATE        STEP         FIRST   
  NO.   NAME      VALUE            ERROR          SIZE      DERIVATIVE 
   1  norm         5.58882e+05   9.87659e+01   5.32990e+02   1.99220e-02
   2  Q            5.65021e-01   3.18321e-05   9.62231e-05   6.20164e+04
   3  theta       -2.69805e-03   2.44490e-03   4.28005e-02   1.33540e+02
   4  pileup       9.99687e-04   1.00718e-07   2.09837e-05  -1.65917e+06
 EIGENVALUES OF SECOND-DERIVATIVE MATRIX:
        -3.8438e-02  4.2198e-01  1.2312e+00  2.3852e+00
 MINUIT WARNING IN MIGRAD  
 ============== MATRIX FORCED POS-DEF BY ADDING 0.040824 TO DIAGONAL.
 MIGRAD FAILS TO FIND IMPROVEMENT
 MIGRAD TERMINATED WITHOUT CONVERGENCE.
 FCN=-2.37856e+11 FROM MIGRAD    STATUS=FAILED         94 CALLS         571 TOTAL
                     EDM=6.86174e+08    STRATEGY= 1      ERR MATRIX NOT POS-DEF
  EXT PARAMETER                APPROXIMATE        STEP         FIRST   
  NO.   NAME      VALUE            ERROR          SIZE      DERIVATIVE 
   1  norm         5.58882e+05   8.15157e+00   0.00000e+00  -1.02846e-01
   2  Q            5.65020e-01   1.77789e-08   0.00000e+00   1.64266e+09
   3  theta       -3.09742e-03   1.31942e-03   0.00000e+00  -2.38324e+04
   4  pileup       9.99692e-04   8.80939e-08   0.00000e+00  -3.06554e+07
 EXTERNAL ERROR MATRIX.    NDIM=  25    NPAR=  4    ERR DEF=1
  6.645e+01  2.633e-08  2.071e-03 -3.898e-07 
  2.633e-08  3.161e-16  2.338e-11 -4.668e-16 
  2.071e-03  2.338e-11  1.741e-06 -3.949e-11 
 -3.898e-07 -4.668e-16 -3.949e-11  7.761e-15 
ERR MATRIX NOT POS-DEF
 PARAMETER  CORRELATION COEFFICIENTS  
       NO.  GLOBAL      1      2      3      4
        1  0.56817   1.000  0.182  0.193 -0.543
        2  0.99767   0.182  1.000  0.997 -0.298
        3  0.99774   0.193  0.997  1.000 -0.340
        4  0.73698  -0.543 -0.298 -0.340  1.000
 ERR MATRIX NOT POS-DEF
status of the fit-----000------4
1  558882
2  0.56502
3  -0.00309742
4  0.000999692
 PARAMETER DEFINITIONS:
    NO.   NAME         VALUE      STEP SIZE      LIMITS
     1 norm         5.58882e+05  1.00000e-01     no limits
     2 Q            5.65020e-01  1.00000e-01     no limits
     3 theta       -3.09742e-03  1.00000e-01     no limits
     4 pileup       9.99692e-04  1.00000e-01     no limits
 **********
 **    5 **MIGRAD
 **********
 FIRST CALL TO USER FUNCTION AT NEW START POINT, WITH IFLAG=4.
 START MIGRAD MINIMIZATION.  STRATEGY  1.  CONVERGENCE WHEN EDM .LT. 1.00e-04
 FCN=-2.37856e+11 FROM MIGRAD    STATUS=INITIATE       14 CALLS         586 TOTAL
                     EDM= unknown      STRATEGY= 1      NO ERROR MATRIX       
  EXT PARAMETER               CURRENT GUESS       STEP         FIRST   
  NO.   NAME      VALUE            ERROR          SIZE      DERIVATIVE 
   1  norm         5.58882e+05   1.00000e-01   1.00000e-01  -3.82191e-02
   2  Q            5.65020e-01   1.00000e-01   1.00000e-01   7.39726e+06
   3  theta       -3.09742e-03   1.00000e-01   1.00000e-01  -2.04012e+04
   4  pileup       9.99692e-04   1.00000e-01   1.00000e-01  -9.17957e+11
 MIGRAD FAILS TO FIND IMPROVEMENT
 COVARIANCE MATRIX CALCULATED SUCCESSFULLY
 FCN=-2.37856e+11 FROM HESSE     STATUS=OK             29 CALLS         626 TOTAL
                     EDM=0.313024    STRATEGY= 1      ERROR MATRIX ACCURATE 
  EXT PARAMETER                                   STEP         FIRST   
  NO.   NAME      VALUE            ERROR          SIZE      DERIVATIVE 
   1  norm         5.58882e+05   3.14141e+01   2.66496e+00  -3.81619e-02
   2  Q            5.65020e-01   2.65990e-06   1.00000e-03  -1.18795e+05
   3  theta       -3.09742e-03   2.25629e-03   1.00000e-01   1.06125e+02
   4  pileup       9.99692e-04   9.24364e-08   1.00000e-02  -2.76017e+06
 EIGENVALUES OF SECOND-DERIVATIVE MATRIX:
        -2.9525e-05  1.0955e-01  8.4901e-01  3.0415e+00
 MINUIT WARNING IN MIGRAD  
 ============== MATRIX FORCED POS-DEF BY ADDING 0.003071 TO DIAGONAL.
 MIGRAD FAILS TO FIND IMPROVEMENT
 MIGRAD TERMINATED WITHOUT CONVERGENCE.
 FCN=-2.37856e+11 FROM MIGRAD    STATUS=FAILED        102 CALLS         674 TOTAL
                     EDM=2.34694e+06    STRATEGY= 1  ERROR MATRIX UNCERTAINTY 100.0 per cent
  EXT PARAMETER                APPROXIMATE        STEP         FIRST   
  NO.   NAME      VALUE            ERROR          SIZE      DERIVATIVE 
   1  norm         5.58884e+05   7.62581e+00   0.00000e+00   1.29796e-02
   2  Q            5.65020e-01   1.64127e-07  -0.00000e+00   1.64314e+09
   3  theta       -3.20492e-03   6.71987e-04   0.00000e+00  -4.04435e+05
   4  pileup       9.99694e-04   7.34513e-08   0.00000e+00  -2.89877e+07
 EXTERNAL ERROR MATRIX.    NDIM=  25    NPAR=  4    ERR DEF=1
  5.815e+01  4.772e-07  1.954e-03 -1.337e-07 
  4.772e-07  2.694e-14  1.100e-10 -1.089e-14 
  1.954e-03  1.100e-10  4.516e-07 -4.458e-11 
 -1.337e-07 -1.089e-14 -4.458e-11  5.395e-15 
ERR MATRIX APPROXIMATE
 PARAMETER  CORRELATION COEFFICIENTS  
       NO.  GLOBAL      1      2      3      4
        1  0.45528   1.000  0.381  0.381 -0.239
        2  0.99699   0.381  1.000  0.997 -0.903
        3  0.99699   0.381  0.997  1.000 -0.903
        4  0.91123  -0.239 -0.903 -0.903  1.000
 ERR MATRIX APPROXIMATE
 **********
 **    6 **MIGRAD 
 **********
 START MIGRAD MINIMIZATION.  STRATEGY  1.  CONVERGENCE WHEN EDM .LT. 1.00e-04
 FCN=-2.37856e+11 FROM MIGRAD    STATUS=INITIATE       16 CALLS         690 TOTAL
                     EDM=1.55682    STRATEGY= 1  ERROR MATRIX UNCERTAINTY 100.0 per cent
  EXT PARAMETER                APPROXIMATE        STEP         FIRST   
  NO.   NAME      VALUE            ERROR          SIZE      DERIVATIVE 
   1  norm         5.58884e+05   7.62581e+00   0.00000e+00   6.87564e-03
   2  Q            5.65020e-01   1.64127e-07  -0.00000e+00   4.06459e+04
   3  theta       -3.20492e-03   6.71987e-04   0.00000e+00  -3.74704e+03
   4  pileup       9.99694e-04   7.34513e-08   0.00000e+00  -2.89879e+07
 MIGRAD FAILS TO FIND IMPROVEMENT
 MACHINE ACCURACY LIMITS FURTHER IMPROVEMENT.
 MIGRAD MINIMIZATION HAS CONVERGED.
 MIGRAD WILL VERIFY CONVERGENCE AND ERROR MATRIX.
 EIGENVALUES OF SECOND-DERIVATIVE MATRIX:
        -1.7943e-04  4.7809e-01  8.5482e-01  2.6673e+00
 MINUIT WARNING IN HESSE   
 ============== MATRIX FORCED POS-DEF BY ADDING 0.002847 TO DIAGONAL.
 FCN=-2.37856e+11 FROM HESSE     STATUS=NOT POSDEF     29 CALLS         730 TOTAL
                     EDM=0.0448263    STRATEGY= 1      ERR MATRIX NOT POS-DEF
  EXT PARAMETER                APPROXIMATE        STEP         FIRST   
  NO.   NAME      VALUE            ERROR          SIZE      DERIVATIVE 
   1  norm         5.58884e+05   9.92081e+01   5.32992e+02   1.30360e-02
   2  Q            5.65020e-01   3.19692e-05   9.61619e-05   4.05661e+04
   3  theta       -3.20492e-03   2.37594e-03   4.29615e-02   1.56170e+02
   4  pileup       9.99694e-04   1.00039e-07   2.09838e-05  -5.48522e+05
 EIGENVALUES OF SECOND-DERIVATIVE MATRIX:
        -1.1423e-02  4.7755e-01  1.2325e+00  2.3014e+00
 MINUIT WARNING IN MIGRAD  
 ============== MATRIX FORCED POS-DEF BY ADDING 0.013724 TO DIAGONAL.
 MIGRAD FAILS TO FIND IMPROVEMENT
 MIGRAD TERMINATED WITHOUT CONVERGENCE.
 FCN=-2.37856e+11 FROM MIGRAD    STATUS=FAILED         95 CALLS         769 TOTAL
                     EDM=6.53121e+08    STRATEGY= 1      ERR MATRIX NOT POS-DEF
  EXT PARAMETER                APPROXIMATE        STEP         FIRST   
  NO.   NAME      VALUE            ERROR          SIZE      DERIVATIVE 
   1  norm         5.58884e+05   7.85770e+00   0.00000e+00  -1.05788e-01
   2  Q            5.65020e-01   2.06335e-08   0.00000e+00   1.59685e+09
   3  theta       -3.64670e-03   1.23919e-03   0.00000e+00  -2.78313e+04
   4  pileup       9.99692e-04   8.43759e-08   0.00000e+00  -3.12657e+07
 EXTERNAL ERROR MATRIX.    NDIM=  25    NPAR=  4    ERR DEF=1
  6.174e+01  2.623e-08  1.685e-03 -3.334e-07 
  2.623e-08  4.257e-16  2.548e-11 -4.799e-16 
  1.685e-03  2.548e-11  1.536e-06 -3.352e-11 
 -3.334e-07 -4.799e-16 -3.352e-11  7.119e-15 
ERR MATRIX NOT POS-DEF
 PARAMETER  CORRELATION COEFFICIENTS  
       NO.  GLOBAL      1      2      3      4
        1  0.52856   1.000  0.162  0.173 -0.503
        2  0.99769   0.162  1.000  0.997 -0.276
        3  0.99776   0.173  0.997  1.000 -0.321
        4  0.72945  -0.503 -0.276 -0.321  1.000
 ERR MATRIX NOT POS-DEF
status of the fit-----000------4
1  558884
2  0.56502
3  -0.0036467
4  0.000999692
 **********
 **   25 **SET PRINT           2
 **********
 **********
 **   26 **SET NOGRAD
 **********
 PARAMETER DEFINITIONS:
    NO.   NAME         VALUE      STEP SIZE      LIMITS
     1 p0           5.58000e+05  1.67400e+05     no limits
     2 p1           5.65000e-01  1.69500e-01     no limits
     3 p2           0.00000e+00  3.00000e-01     no limits
     4 p3           9.99871e-04  2.99961e-04     no limits
 **********
 **   27 **SET ERR         0.5
 **********
 **********
 **   28 **SET PRINT           2
 **********
 **********
 **   29 **SET STR           1
 **********
 NOW USING STRATEGY  1: TRY TO BALANCE SPEED AGAINST RELIABILITY
 **********
 **   30 **MIGRAD        1480        0.01
 **********
 FIRST CALL TO USER FUNCTION AT NEW START POINT, WITH IFLAG=4.
 START MIGRAD MINIMIZATION.  STRATEGY  1.  CONVERGENCE WHEN EDM .LT. 1.00e-05
 FCN=17401 FROM MIGRAD    STATUS=INITIATE       18 CALLS          19 TOTAL
                     EDM= unknown      STRATEGY= 1      NO ERROR MATRIX       
  EXT PARAMETER               CURRENT GUESS       STEP         FIRST   
  NO.   NAME      VALUE            ERROR          SIZE      DERIVATIVE 
   1  p0           5.58000e+05   1.67400e+05   1.67400e+05  -3.63685e+01
   2  p1           5.65000e-01   1.69500e-01   1.69500e-01  -1.12898e+08
   3  p2           0.00000e+00   3.00000e-01   3.00000e-01   0.00000e+00
   4  p3           9.99871e-04   2.99961e-04   2.99961e-04  -1.00177e+09
                               ERR DEF= 0.5
NO ERROR MATRIX       
 FCN=479.475 FROM MIGRAD    STATUS=PROGRESS       34 CALLS          35 TOTAL
                     EDM=1328.18    STRATEGY= 1      NO ERROR MATRIX       
  EXT PARAMETER               CURRENT GUESS       STEP         FIRST   
  NO.   NAME      VALUE            ERROR          SIZE      DERIVATIVE 
   1  p0           5.58440e+05   1.67400e+05   4.40343e+02  -8.22769e-01
   2  p1           5.65142e-01   1.69500e-01   1.42004e-04  -2.53123e+06
   3  p2           0.00000e+00   3.00000e-01  -0.00000e+00   0.00000e+00
   4  p3           1.00167e-03   2.99961e-04   1.79827e-06   4.02591e+08
                               ERR DEF= 0.5
 FCN=71.9949 FROM MIGRAD    STATUS=PROGRESS      159 CALLS         160 TOTAL
                     EDM=5.77909e-05    STRATEGY= 1  ERROR MATRIX UNCERTAINTY  21.9 per cent
  EXT PARAMETER                APPROXIMATE        STEP         FIRST   
  NO.   NAME      VALUE            ERROR          SIZE      DERIVATIVE 
   1  p0           5.57736e+05   1.09276e+03  -1.36321e+01   2.16192e-05
   2  p1           5.65393e-01   3.52572e-04   4.40017e-06   9.10954e+01
   3  p2           0.00000e+00   4.86801e-04  -0.00000e+00   0.00000e+00
   4  p3           9.99783e-04   6.66477e-08  -5.00368e-10   4.79659e+04
                               ERR DEF= 0.5
 MIGRAD FAILS TO FIND IMPROVEMENT
 MIGRAD MINIMIZATION HAS CONVERGED.
 MIGRAD WILL VERIFY CONVERGENCE AND ERROR MATRIX.
   START COVARIANCE MATRIX CALCULATION.
 EIGENVALUES OF SECOND-DERIVATIVE MATRIX:
         1.2564e-03  7.8050e-01  1.0535e+00  2.1648e+00
 COVARIANCE MATRIX CALCULATED SUCCESSFULLY
 FCN=71.9949 FROM HESSE     STATUS=OK             29 CALLS         209 TOTAL
                     EDM=1.18817e-05    STRATEGY= 1      ERROR MATRIX ACCURATE 
  EXT PARAMETER                                   STEP         FIRST   
  NO.   NAME      VALUE            ERROR          SIZE      DERIVATIVE 
   1  p0           5.57738e+05   1.01709e+02   2.65950e-01   5.72614e-05
   2  p1           5.65392e-01   3.29679e-05   2.69600e-07   4.91023e+01
   3  p2           0.00000e+00   5.42357e-03   3.28974e-05   0.00000e+00
   4  p3           9.99783e-04   6.31097e-08   4.76734e-10   2.76192e+04
                               ERR DEF= 0.5
 PARAMETER  CORRELATION COEFFICIENTS  
       NO.  GLOBAL      1      2      3      4
        1  0.99874   1.000 -0.999  0.063  0.212
        2  0.99875  -0.999  1.000 -0.065 -0.228
        3  0.13935   0.063 -0.065  1.000  0.135
        4  0.39063   0.212 -0.228  0.135  1.000
 MIGRAD FAILS TO FIND IMPROVEMENT
 MIGRAD TERMINATED WITHOUT CONVERGENCE.
 FCN=71.9949 FROM MIGRAD    STATUS=FAILED        210 CALLS         211 TOTAL
                     EDM=1.18817e-05    STRATEGY= 1      ERR MATRIX APPROXIMATE
  EXT PARAMETER                APPROXIMATE        STEP         FIRST   
  NO.   NAME      VALUE            ERROR          SIZE      DERIVATIVE 
   1  p0           5.57738e+05   1.01709e+02  -0.00000e+00   5.72614e-05
   2  p1           5.65392e-01   3.29679e-05   0.00000e+00   4.91023e+01
   3  p2           0.00000e+00   5.42357e-03  -0.00000e+00   0.00000e+00
   4  p3           9.99783e-04   6.31097e-08  -0.00000e+00   2.76192e+04
                               ERR DEF= 0.5
 EXTERNAL ERROR MATRIX.    NDIM=  25    NPAR=  4    ERR DEF=0.5
  1.034e+04 -3.348e-03  3.473e-02  1.360e-06 
 -3.348e-03  1.087e-09 -1.159e-08 -4.741e-13 
  3.473e-02 -1.159e-08  2.942e-05  4.614e-11 
  1.360e-06 -4.741e-13  4.614e-11  3.983e-15 
ERR MATRIX APPROXIMATE
 PARAMETER  CORRELATION COEFFICIENTS  
       NO.  GLOBAL      1      2      3      4
        1  0.99874   1.000 -0.999  0.063  0.212
        2  0.99875  -0.999  1.000 -0.065 -0.228
        3  0.13935   0.063 -0.065  1.000  0.135
        4  0.39063   0.212 -0.228  0.135  1.000
 ERR MATRIX APPROXIMATE
 FCN=71.9949 FROM MIGRAD    STATUS=FAILED        210 CALLS         211 TOTAL
                     EDM=1.18817e-05    STRATEGY= 1      ERR MATRIX APPROXIMATE
  EXT PARAMETER                  PARABOLIC         MINOS ERRORS        
  NO.   NAME      VALUE            ERROR      NEGATIVE      POSITIVE   
   1  p0           5.57738e+05   1.01709e+02                            
   2  p1           5.65392e-01   3.29679e-05                            
   3  p2           0.00000e+00   5.42357e-03                            
   4  p3           9.99783e-04   6.31097e-08                            
                               ERR DEF= 0.5
 **********
 **   31 **SET PRINT           2
 **********
 **********
 **   32 **SET NOGRAD
 **********
 PARAMETER DEFINITIONS:
    NO.   NAME         VALUE      STEP SIZE      LIMITS
     1 p0           5.57738e+05  1.01709e+02     no limits
     2 p1           5.65392e-01  3.29679e-05     no limits
     3 p2           0.00000e+00  5.42357e-03     no limits
     4 p3           9.99783e-04  6.31097e-08     no limits
 **********
 **   33 **SET ERR         0.5
 **********
 **********
 **   34 **SET PRINT           2
 **********
 **********
 **   35 **SET STR           1
 **********
 NOW USING STRATEGY  1: TRY TO BALANCE SPEED AGAINST RELIABILITY
 **********
 **   36 **MIGRAD        1480        0.01
 **********
 FIRST CALL TO USER FUNCTION AT NEW START POINT, WITH IFLAG=4.
 START MIGRAD MINIMIZATION.  STRATEGY  1.  CONVERGENCE WHEN EDM .LT. 1.00e-05
 FCN=71.9949 FROM MIGRAD    STATUS=INITIATE       14 CALLS          15 TOTAL
                     EDM= unknown      STRATEGY= 1      NO ERROR MATRIX       
  EXT PARAMETER               CURRENT GUESS       STEP         FIRST   
  NO.   NAME      VALUE            ERROR          SIZE      DERIVATIVE 
   1  p0           5.57738e+05   1.01709e+02   1.01709e+02   1.10042e-05
   2  p1           5.65392e-01   3.29679e-05   3.29679e-05   4.08974e+01
   3  p2           0.00000e+00   5.42357e-03   5.42357e-03   0.00000e+00
   4  p3           9.99783e-04   6.31097e-08   6.31097e-08   2.40571e+04
                               ERR DEF= 0.5
NO ERROR MATRIX       
 MIGRAD FAILS TO FIND IMPROVEMENT
   START COVARIANCE MATRIX CALCULATION.
 EIGENVALUES OF SECOND-DERIVATIVE MATRIX:
         1.9977e-03  8.0741e-01  1.0274e+00  2.1632e+00
 COVARIANCE MATRIX CALCULATED SUCCESSFULLY
 FCN=71.9949 FROM HESSE     STATUS=OK             29 CALLS          45 TOTAL
                     EDM=7.90926e-06    STRATEGY= 1      ERROR MATRIX ACCURATE 
  EXT PARAMETER                                   STEP         FIRST   
  NO.   NAME      VALUE            ERROR          SIZE      DERIVATIVE 
   1  p0           5.57738e+05   8.06849e+01   2.65950e-01   5.72614e-05
   2  p1           5.65392e-01   2.61469e-05   3.29679e-07   4.91023e+01
   3  p2           0.00000e+00   5.16622e-03   3.26365e-05   0.00000e+00
   4  p3           9.99783e-04   6.21816e-08   4.76734e-10   2.76192e+04
                               ERR DEF= 0.5
 PARAMETER  CORRELATION COEFFICIENTS  
       NO.  GLOBAL      1      2      3      4
        1  0.99800   1.000 -0.998 -0.026  0.157
        2  0.99801  -0.998  1.000  0.024 -0.178
        3  0.08716  -0.026  0.024  1.000  0.078
        4  0.35652   0.157 -0.178  0.078  1.000
 MIGRAD FAILS TO FIND IMPROVEMENT
 MIGRAD MINIMIZATION HAS CONVERGED.
 FCN=71.9949 FROM MIGRAD    STATUS=CONVERGED      46 CALLS          47 TOTAL
                     EDM=7.90926e-06    STRATEGY= 1      ERROR MATRIX ACCURATE 
  EXT PARAMETER                                   STEP         FIRST   
  NO.   NAME      VALUE            ERROR          SIZE      DERIVATIVE 
   1  p0           5.57738e+05   8.06849e+01  -0.00000e+00   5.72614e-05
   2  p1           5.65392e-01   2.61469e-05   0.00000e+00   4.91023e+01
   3  p2           0.00000e+00   5.16622e-03  -0.00000e+00   0.00000e+00
   4  p3           9.99783e-04   6.21816e-08  -0.00000e+00   2.76192e+04
                               ERR DEF= 0.5
 EXTERNAL ERROR MATRIX.    NDIM=  25    NPAR=  4    ERR DEF=0.5
  6.510e+03 -2.105e-03 -1.071e-02  7.889e-07 
 -2.105e-03  6.837e-10  3.264e-09 -2.887e-13 
 -1.071e-02  3.264e-09  2.669e-05  2.509e-11 
  7.889e-07 -2.887e-13  2.509e-11  3.867e-15 
 PARAMETER  CORRELATION COEFFICIENTS  
       NO.  GLOBAL      1      2      3      4
        1  0.99800   1.000 -0.998 -0.026  0.157
        2  0.99801  -0.998  1.000  0.024 -0.178
        3  0.08716  -0.026  0.024  1.000  0.078
        4  0.35652   0.157 -0.178  0.078  1.000
 EXTERNAL ERROR MATRIX.    NDIM=   4    NPAR=  4    ERR DEF=0.5
  6.510e+03 -2.105e-03 -1.071e-02  7.889e-07 
 -2.105e-03  6.837e-10  3.264e-09 -2.887e-13 
 -1.071e-02  3.264e-09  2.669e-05  2.509e-11 
  7.889e-07 -2.887e-13  2.509e-11  3.867e-15 
 FCN=71.9949 FROM MIGRAD    STATUS=CONVERGED      46 CALLS          47 TOTAL
                     EDM=7.90926e-06    STRATEGY= 1      ERROR MATRIX ACCURATE 
  EXT PARAMETER                  PARABOLIC         MINOS ERRORS        
  NO.   NAME      VALUE            ERROR      NEGATIVE      POSITIVE   
   1  p0           5.57738e+05   8.06849e+01                            
   2  p1           5.65392e-01   2.61469e-05                            
   3  p2           0.00000e+00   5.16622e-03                            
   4  p3           9.99783e-04   6.21816e-08                            
                               ERR DEF= 0.5
------------------------------------------
Enering ROOFIt-------
 PARAMETER DEFINITIONS:
    NO.   NAME         VALUE      STEP SIZE      LIMITS
     1 norm         5.57738e+05  1.00000e-01     no limits
     2 Q            5.65000e-01  1.00000e-01     no limits
     3 theta        0.00000e+00  1.00000e-01     no limits
     4 pileup       9.99783e-04  1.00000e-01     no limits
 **********
 **    1 **MIGRAD
 **********
 FIRST CALL TO USER FUNCTION AT NEW START POINT, WITH IFLAG=4.
 START MIGRAD MINIMIZATION.  STRATEGY  1.  CONVERGENCE WHEN EDM .LT. 1.00e-04
 FCN=-2.37861e+11 FROM MIGRAD    STATUS=INITIATE       14 CALLS          15 TOTAL
                     EDM= unknown      STRATEGY= 1      NO ERROR MATRIX       
  EXT PARAMETER               CURRENT GUESS       STEP         FIRST   
  NO.   NAME      VALUE            ERROR          SIZE      DERIVATIVE 
   1  norm         5.57738e+05   1.00000e-01   1.00000e-01  -4.64856e+01
   2  Q            5.65000e-01   1.00000e-01   1.00000e-01  -7.05406e+08
   3  theta        0.00000e+00   1.00000e-01   1.00000e-01   0.00000e+00
   4  pileup       9.99783e-04   1.00000e-01   1.00000e-01  -9.19767e+11
 MIGRAD FAILS TO FIND IMPROVEMENT
 EIGENVALUES OF SECOND-DERIVATIVE MATRIX:
        -2.5538e-01  4.3797e-01  6.6756e-01  3.1499e+00
 MINUIT WARNING IN HESSE   
 ============== MATRIX FORCED POS-DEF BY ADDING 0.258531 TO DIAGONAL.
 FCN=-2.37861e+11 FROM HESSE     STATUS=NOT POSDEF     25 CALLS          92 TOTAL
                     EDM=3389.48    STRATEGY= 1      ERR MATRIX NOT POS-DEF
  EXT PARAMETER                APPROXIMATE        STEP         FIRST   
  NO.   NAME      VALUE            ERROR          SIZE      DERIVATIVE 
   1  norm         5.58810e+05   9.62743e+00   1.72570e+03   1.32805e+00
   2  Q            5.65012e-01   4.92424e-06   5.55091e-04   4.20554e+06
   3  theta        0.00000e+00   9.60996e-03   1.18345e-01   0.00000e+00
   4  pileup       1.00491e-03   9.09479e-08   2.10550e-05   1.19335e+09
 MIGRAD FAILS TO FIND IMPROVEMENT
 MACHINE ACCURACY LIMITS FURTHER IMPROVEMENT.
 MIGRAD MINIMIZATION HAS CONVERGED.
 MIGRAD WILL VERIFY CONVERGENCE AND ERROR MATRIX.
 EIGENVALUES OF SECOND-DERIVATIVE MATRIX:
        -1.3349e-01  4.4571e-01  6.7021e-01  3.0176e+00
 MINUIT WARNING IN HESSE   
 ============== MATRIX FORCED POS-DEF BY ADDING 0.136507 TO DIAGONAL.
 MIGRAD TERMINATED WITHOUT CONVERGENCE.
 FCN=-2.37861e+11 FROM MIGRAD    STATUS=FAILED        192 CALLS         193 TOTAL
                     EDM=1.07879    STRATEGY= 1      ERR MATRIX NOT POS-DEF
  EXT PARAMETER                APPROXIMATE        STEP         FIRST   
  NO.   NAME      VALUE            ERROR          SIZE      DERIVATIVE 
   1  norm         5.58911e+05   1.20775e+01   1.72554e+03   1.36138e-01
   2  Q            5.65015e-01   5.37765e-06   5.54974e-04   4.21243e+05
   3  theta        7.47170e-05   5.30167e-03   1.77926e-01   4.90329e+00
   4  pileup       9.99838e-04   1.36305e-07   2.09963e-05   1.10529e+07
 EXTERNAL ERROR MATRIX.    NDIM=  25    NPAR=  4    ERR DEF=1
  1.459e+02 -4.824e-05 -4.531e-02  8.422e-07 
 -4.824e-05  2.892e-11  2.837e-08 -5.318e-13 
 -4.531e-02  2.837e-08  2.811e-05 -5.027e-10 
  8.422e-07 -5.318e-13 -5.027e-10  1.858e-14 
ERR MATRIX NOT POS-DEF
 PARAMETER  CORRELATION COEFFICIENTS  
       NO.  GLOBAL      1      2      3      4
        1  0.82659   1.000 -0.743 -0.708  0.512
        2  0.99756  -0.743  1.000  0.995 -0.725
        3  0.99704  -0.708  0.995  1.000 -0.696
        4  0.79511   0.512 -0.725 -0.696  1.000
 ERR MATRIX NOT POS-DEF
 **********
 **    2 **MIGRAD 
 **********
 START MIGRAD MINIMIZATION.  STRATEGY  1.  CONVERGENCE WHEN EDM .LT. 1.00e-04
 FCN=-2.37861e+11 FROM MIGRAD    STATUS=INITIATE        8 CALLS         201 TOTAL
                     EDM=1.21896    STRATEGY= 1      ERR MATRIX NOT POS-DEF
  EXT PARAMETER                APPROXIMATE        STEP         FIRST   
  NO.   NAME      VALUE            ERROR          SIZE      DERIVATIVE 
   1  norm         5.58911e+05   1.20775e+01   1.72554e+03   1.25904e-01
   2  Q            5.65015e-01   5.37765e-06   5.54974e-04   4.21321e+05
   3  theta        7.47170e-05   5.30167e-03   1.77926e-01   2.52972e+02
   4  pileup       9.99838e-04   1.36305e-07   2.09963e-05   6.53831e+06
 MINUIT WARNING IN MIGRAD  
 ============== Negative diagonal element 2 in Error Matrix
 MINUIT WARNING IN MIGRAD  
 ============== 1 added to diagonal of error matrix
 MIGRAD FAILS TO FIND IMPROVEMENT
 EIGENVALUES OF SECOND-DERIVATIVE MATRIX:
        -9.5922e-02  4.5900e-01  6.7073e-01  2.9662e+00
 MINUIT WARNING IN HESSE   
 ============== MATRIX FORCED POS-DEF BY ADDING 0.098888 TO DIAGONAL.
 FCN=-2.37861e+11 FROM HESSE     STATUS=NOT POSDEF     31 CALLS         260 TOTAL
                     EDM=0.760728    STRATEGY= 1      ERR MATRIX NOT POS-DEF
  EXT PARAMETER                APPROXIMATE        STEP         FIRST   
  NO.   NAME      VALUE            ERROR          SIZE      DERIVATIVE 
   1  norm         5.58912e+05   1.26067e+01   1.72566e+03   7.86795e-02
   2  Q            5.65014e-01   5.45068e-06   5.54974e-04   2.42667e+05
   3  theta       -7.04577e-04   1.31625e-02   7.11723e-02  -2.99077e+01
   4  pileup       9.99848e-04   1.56176e-07   2.09874e-05   1.15713e+07
 MINUIT WARNING IN MIGRAD  
 ============== Negative diagonal element 2 in Error Matrix
 MINUIT WARNING IN MIGRAD  
 ============== 1 added to diagonal of error matrix
 MIGRAD FAILS TO FIND IMPROVEMENT
 MIGRAD TERMINATED WITHOUT CONVERGENCE.
 FCN=-2.37861e+11 FROM MIGRAD    STATUS=FAILED        102 CALLS         295 TOTAL
                     EDM=782849    STRATEGY= 1      ERR MATRIX NOT POS-DEF
  EXT PARAMETER                APPROXIMATE        STEP         FIRST   
  NO.   NAME      VALUE            ERROR          SIZE      DERIVATIVE 
   1  norm         5.58910e+05   8.16199e+00  -0.00000e+00  -6.29446e-02
   2  Q            5.65015e-01   1.00000e+00  -0.00000e+00   1.19044e+09
   3  theta       -2.45844e-04   1.00000e+00   0.00000e+00  -1.36370e+04
   4  pileup       9.99813e-04   1.00000e+00   0.00000e+00  -2.69366e+07
 EXTERNAL ERROR MATRIX.    NDIM=  25    NPAR=  4    ERR DEF=1
  6.662e+01  6.466e-08  4.962e-03  5.485e-09 
  6.466e-08  1.000e+00  2.166e-11  8.821e-16 
  4.962e-03  2.166e-11  1.000e+00  5.992e-11 
  5.485e-09  8.821e-16  5.992e-11  1.000e+00 
ERR MATRIX NOT POS-DEF
 PARAMETER  CORRELATION COEFFICIENTS  
       NO.  GLOBAL      1      2      3      4
        1  0.00061   1.000  0.000  0.001  0.000
        2  0.00000   0.000  1.000  0.000  0.000
        3  0.00061   0.001  0.000  1.000  0.000
        4  0.00000   0.000  0.000  0.000  1.000
 ERR MATRIX NOT POS-DEF
status of the fit-----000------4
1  558910
2  0.565015
3  -0.000245844
4  0.000999813
 PARAMETER DEFINITIONS:
    NO.   NAME         VALUE      STEP SIZE      LIMITS
     1 norm         5.58910e+05  1.00000e-01     no limits
     2 Q            5.65015e-01  1.00000e-01     no limits
     3 theta       -2.45844e-04  1.00000e-01     no limits
     4 pileup       9.99813e-04  1.00000e-01     no limits
 **********
 **    3 **MIGRAD
 **********
 FIRST CALL TO USER FUNCTION AT NEW START POINT, WITH IFLAG=4.
 START MIGRAD MINIMIZATION.  STRATEGY  1.  CONVERGENCE WHEN EDM .LT. 1.00e-04
 FCN=-2.37861e+11 FROM MIGRAD    STATUS=INITIATE       14 CALLS         310 TOTAL
                     EDM= unknown      STRATEGY= 1      NO ERROR MATRIX       
  EXT PARAMETER               CURRENT GUESS       STEP         FIRST   
  NO.   NAME      VALUE            ERROR          SIZE      DERIVATIVE 
   1  norm         5.58910e+05   1.00000e-01   1.00000e-01   1.66610e-03
   2  Q            5.65015e-01   1.00000e-01   1.00000e-01   4.41003e+06
   3  theta       -2.45844e-04   1.00000e-01   1.00000e-01  -1.64400e+03
   4  pileup       9.99813e-04   1.00000e-01   1.00000e-01  -9.18107e+11
 MIGRAD FAILS TO FIND IMPROVEMENT
 COVARIANCE MATRIX CALCULATED SUCCESSFULLY
 FCN=-2.37861e+11 FROM HESSE     STATUS=OK             29 CALLS         350 TOTAL
                     EDM=0.00746184    STRATEGY= 1      ERROR MATRIX ACCURATE 
  EXT PARAMETER                                   STEP         FIRST   
  NO.   NAME      VALUE            ERROR          SIZE      DERIVATIVE 
   1  norm         5.58910e+05   5.40456e+01   2.66509e+00   1.80351e-03
   2  Q            5.65015e-01   4.97222e-06   1.00000e-03   2.47029e+03
   3  theta       -2.45844e-04   4.26258e-03   1.00000e-01  -1.54686e+01
   4  pileup       9.99813e-04   9.24314e-08   1.00000e-02   9.55336e+05
 EIGENVALUES OF SECOND-DERIVATIVE MATRIX:
        -3.8951e-01  7.7791e-02  1.5462e+00  2.7655e+00
 MINUIT WARNING IN MIGRAD  
 ============== MATRIX FORCED POS-DEF BY ADDING 0.392273 TO DIAGONAL.
 MIGRAD FAILS TO FIND IMPROVEMENT
 MACHINE ACCURACY LIMITS FURTHER IMPROVEMENT.
 MIGRAD MINIMIZATION HAS CONVERGED.
 MIGRAD WILL VERIFY CONVERGENCE AND ERROR MATRIX.
 EIGENVALUES OF SECOND-DERIVATIVE MATRIX:
        -8.7099e-02  4.5842e-01  6.7146e-01  2.9572e+00
 MINUIT WARNING IN HESSE   
 ============== MATRIX FORCED POS-DEF BY ADDING 0.090056 TO DIAGONAL.
 MIGRAD TERMINATED WITHOUT CONVERGENCE.
 FCN=-2.37861e+11 FROM MIGRAD    STATUS=FAILED        169 CALLS         465 TOTAL
                     EDM=0.093781    STRATEGY= 1      ERR MATRIX NOT POS-DEF
  EXT PARAMETER                APPROXIMATE        STEP         FIRST   
  NO.   NAME      VALUE            ERROR          SIZE      DERIVATIVE 
   1  norm         5.58910e+05   1.45140e+01   1.72565e+03   2.08834e-03
   2  Q            5.65015e-01   5.46691e-06   5.54974e-04   4.05832e+03
   3  theta       -2.05851e-04   1.93675e-02   4.66481e-02  -1.12687e+01
   4  pileup       9.99812e-04   1.66132e-07   2.09857e-05   1.42725e+06
 EXTERNAL ERROR MATRIX.    NDIM=  25    NPAR=  4    ERR DEF=1
  2.107e+02 -6.516e-05 -2.219e-01  1.557e-06 
 -6.516e-05  2.989e-11  1.053e-07 -7.425e-13 
 -2.219e-01  1.053e-07  3.751e-04 -2.546e-09 
  1.557e-06 -7.425e-13 -2.546e-09  2.760e-14 
ERR MATRIX NOT POS-DEF
 PARAMETER  CORRELATION COEFFICIENTS  
       NO.  GLOBAL      1      2      3      4
        1  0.87825   1.000 -0.821 -0.789  0.646
        2  0.99757  -0.821  1.000  0.995 -0.818
        3  0.99683  -0.789  0.995  1.000 -0.791
        4  0.86132   0.646 -0.818 -0.791  1.000
 ERR MATRIX NOT POS-DEF
 **********
 **    4 **MIGRAD 
 **********
 START MIGRAD MINIMIZATION.  STRATEGY  1.  CONVERGENCE WHEN EDM .LT. 1.00e-04
 FCN=-2.37861e+11 FROM MIGRAD    STATUS=INITIATE        8 CALLS         473 TOTAL
                     EDM=0.118183    STRATEGY= 1      ERR MATRIX NOT POS-DEF
  EXT PARAMETER                APPROXIMATE        STEP         FIRST   
  NO.   NAME      VALUE            ERROR          SIZE      DERIVATIVE 
   1  norm         5.58910e+05   1.45140e+01   1.72565e+03  -8.14698e-03
   2  Q            5.65015e-01   5.46691e-06   5.54974e-04   4.14025e+03
   3  theta       -2.05851e-04   1.93675e-02   4.66481e-02  -5.81493e+01
   4  pileup       9.99812e-04   1.66132e-07   2.09857e-05  -3.08323e+06
 MIGRAD FAILS TO FIND IMPROVEMENT
 MACHINE ACCURACY LIMITS FURTHER IMPROVEMENT.
 MIGRAD MINIMIZATION HAS CONVERGED.
 MIGRAD WILL VERIFY CONVERGENCE AND ERROR MATRIX.
 EIGENVALUES OF SECOND-DERIVATIVE MATRIX:
        -1.3442e-01  4.4533e-01  6.7011e-01  3.0190e+00
 MINUIT WARNING IN HESSE   
 ============== MATRIX FORCED POS-DEF BY ADDING 0.137439 TO DIAGONAL.
 FCN=-2.37861e+11 FROM HESSE     STATUS=NOT POSDEF     31 CALLS         571 TOTAL
                     EDM=0.00339362    STRATEGY= 1      ERR MATRIX NOT POS-DEF
  EXT PARAMETER                APPROXIMATE        STEP         FIRST   
  NO.   NAME      VALUE            ERROR          SIZE      DERIVATIVE 
   1  norm         5.58909e+05   1.20350e+01   1.72565e+03   1.24567e-03
   2  Q            5.65015e-01   5.37476e-06   5.54974e-04   1.43061e+03
   3  theta        2.64176e-04   5.06319e-03   1.86156e-01   2.35882e+01
   4  pileup       9.99811e-04   1.35249e-07   2.09857e-05   1.18422e+06
 EIGENVALUES OF SECOND-DERIVATIVE MATRIX:
        -2.1063e-01  8.3062e-02  8.9282e-01  3.2347e+00
 MINUIT WARNING IN MIGRAD  
 ============== MATRIX FORCED POS-DEF BY ADDING 0.213861 TO DIAGONAL.
 MIGRAD FAILS TO FIND IMPROVEMENT
 MACHINE ACCURACY LIMITS FURTHER IMPROVEMENT.
 MIGRAD MINIMIZATION HAS CONVERGED.
 MIGRAD WILL VERIFY CONVERGENCE AND ERROR MATRIX.
 EIGENVALUES OF SECOND-DERIVATIVE MATRIX:
        -3.1132e-04  3.8080e-01  8.5183e-01  2.7677e+00
 MINUIT WARNING IN HESSE   
 ============== MATRIX FORCED POS-DEF BY ADDING 0.003079 TO DIAGONAL.
 MIGRAD TERMINATED WITHOUT CONVERGENCE.
 FCN=-2.37861e+11 FROM MIGRAD    STATUS=FAILED        200 CALLS         665 TOTAL
                     EDM=0.00383962    STRATEGY= 1      ERR MATRIX NOT POS-DEF
  EXT PARAMETER                APPROXIMATE        STEP         FIRST   
  NO.   NAME      VALUE            ERROR          SIZE      DERIVATIVE 
   1  norm         5.58909e+05   9.71508e+01   1.72565e+03  -3.90258e-03
   2  Q            5.65015e-01   3.14690e-05   9.52550e-05  -1.46413e+04
   3  theta        2.42073e-04   1.44262e-03   7.48830e-02   1.44828e+01
   4  pileup       9.99807e-04   1.03445e-07   2.09856e-05   1.18791e+05
 EXTERNAL ERROR MATRIX.    NDIM=  25    NPAR=  4    ERR DEF=1
  9.438e+03 -3.044e-03 -1.357e-02 -2.492e-07 
 -3.044e-03  9.903e-10  6.704e-09  7.342e-14 
 -1.357e-02  6.704e-09  2.081e-06  6.369e-11 
 -2.492e-07  7.342e-14  6.369e-11  1.070e-14 
ERR MATRIX NOT POS-DEF
 PARAMETER  CORRELATION COEFFICIENTS  
       NO.  GLOBAL      1      2      3      4
        1  0.99722   1.000 -0.996 -0.097 -0.025
        2  0.99726  -0.996  1.000  0.148  0.023
        3  0.70588  -0.097  0.148  1.000  0.427
        4  0.52585  -0.025  0.023  0.427  1.000
 ERR MATRIX NOT POS-DEF
status of the fit-----000------4
1  558909
2  0.565015
3  0.000242073
4  0.000999807
 PARAMETER DEFINITIONS:
    NO.   NAME         VALUE      STEP SIZE      LIMITS
     1 norm         5.58909e+05  1.00000e-01     no limits
     2 Q            5.65015e-01  1.00000e-01     no limits
     3 theta        2.42073e-04  1.00000e-01     no limits
     4 pileup       9.99807e-04  1.00000e-01     no limits
 **********
 **    5 **MIGRAD
 **********
 FIRST CALL TO USER FUNCTION AT NEW START POINT, WITH IFLAG=4.
 START MIGRAD MINIMIZATION.  STRATEGY  1.  CONVERGENCE WHEN EDM .LT. 1.00e-04
 FCN=-2.37861e+11 FROM MIGRAD    STATUS=INITIATE       14 CALLS         680 TOTAL
                     EDM= unknown      STRATEGY= 1      NO ERROR MATRIX       
  EXT PARAMETER               CURRENT GUESS       STEP         FIRST   
  NO.   NAME      VALUE            ERROR          SIZE      DERIVATIVE 
   1  norm         5.58909e+05   1.00000e-01   1.00000e-01  -3.80169e-03
   2  Q            5.65015e-01   1.00000e-01   1.00000e-01   4.27320e+06
   3  theta        2.42073e-04   1.00000e-01   1.00000e-01   1.61916e+03
   4  pileup       9.99807e-04   1.00000e-01   1.00000e-01  -9.18107e+11
 MIGRAD FAILS TO FIND IMPROVEMENT
 COVARIANCE MATRIX CALCULATED SUCCESSFULLY
 FCN=-2.37861e+11 FROM HESSE     STATUS=OK             29 CALLS         720 TOTAL
                     EDM=0.0190031    STRATEGY= 1      ERROR MATRIX ACCURATE 
  EXT PARAMETER                                   STEP         FIRST   
  NO.   NAME      VALUE            ERROR          SIZE      DERIVATIVE 
   1  norm         5.58909e+05   7.42585e+01   2.66509e+00  -3.80742e-03
   2  Q            5.65015e-01   6.98851e-06   1.00000e-03  -1.46332e+04
   3  theta        2.42073e-04   6.04600e-03   1.00000e-01   1.56479e+01
   4  pileup       9.99807e-04   9.24321e-08   1.00000e-02  -4.28261e+05
 MINUIT WARNING IN MIGRAD  
 ============== Negative diagonal element 2 in Error Matrix
 MINUIT WARNING IN MIGRAD  
 ============== 1 added to diagonal of error matrix
 MIGRAD FAILS TO FIND IMPROVEMENT
 MIGRAD TERMINATED WITHOUT CONVERGENCE.
 FCN=-2.37861e+11 FROM MIGRAD    STATUS=FAILED        102 CALLS         768 TOTAL
                     EDM=1.61771e+07    STRATEGY= 1  ERROR MATRIX UNCERTAINTY 100.0 per cent
  EXT PARAMETER                APPROXIMATE        STEP         FIRST   
  NO.   NAME      VALUE            ERROR          SIZE      DERIVATIVE 
   1  norm         5.58909e+05   9.14397e+00   0.00000e+00  -9.41835e-05
   2  Q            5.65015e-01   1.00000e+00  -0.00000e+00   1.19031e+09
   3  theta        2.31047e-04   1.00000e+00  -0.00000e+00   3.25255e+02
   4  pileup       9.99807e-04   1.00000e+00   0.00000e+00  -2.82065e+07
 EXTERNAL ERROR MATRIX.    NDIM=  25    NPAR=  4    ERR DEF=1
  8.361e+01 -3.584e-10  5.408e-03  5.543e-08 
 -3.584e-10  1.000e+00 -6.491e-14 -5.804e-19 
  5.408e-03 -6.491e-14  1.000e+00  8.710e-12 
  5.543e-08 -5.804e-19  8.710e-12  1.000e+00 
ERR MATRIX APPROXIMATE
 PARAMETER  CORRELATION COEFFICIENTS  
       NO.  GLOBAL      1      2      3      4
        1  0.00059   1.000 -0.000  0.001  0.000
        2  0.00000  -0.000  1.000 -0.000 -0.000
        3  0.00059   0.001 -0.000  1.000  0.000
        4  0.00000   0.000 -0.000  0.000  1.000
 ERR MATRIX APPROXIMATE
 **********
 **    6 **MIGRAD 
 **********
 START MIGRAD MINIMIZATION.  STRATEGY  1.  CONVERGENCE WHEN EDM .LT. 1.00e-04
 FCN=-2.37861e+11 FROM MIGRAD    STATUS=INITIATE       14 CALLS         782 TOTAL
                     EDM=8.30817e+15    STRATEGY= 1  ERROR MATRIX UNCERTAINTY 100.0 per cent
  EXT PARAMETER                APPROXIMATE        STEP         FIRST   
  NO.   NAME      VALUE            ERROR          SIZE      DERIVATIVE 
   1  norm         5.58909e+05   9.14397e+00   0.00000e+00  -6.19882e-03
   2  Q            5.65015e-01   1.00000e+00  -0.00000e+00  -2.84547e+03
   3  theta        2.31047e-04   1.00000e+00  -0.00000e+00   3.35265e+02
   4  pileup       9.99807e-04   1.00000e+00   0.00000e+00  -2.82067e+07
 MIGRAD FAILS TO FIND IMPROVEMENT
 EIGENVALUES OF SECOND-DERIVATIVE MATRIX:
        -1.8124e-04  3.9839e-01  8.5224e-01  2.7496e+00
 MINUIT WARNING IN HESSE   
 ============== MATRIX FORCED POS-DEF BY ADDING 0.002931 TO DIAGONAL.
 FCN=-2.37861e+11 FROM HESSE     STATUS=NOT POSDEF     29 CALLS         822 TOTAL
                     EDM=0.00233484    STRATEGY= 1      ERR MATRIX NOT POS-DEF
  EXT PARAMETER                APPROXIMATE        STEP         FIRST   
  NO.   NAME      VALUE            ERROR          SIZE      DERIVATIVE 
   1  norm         5.58909e+05   9.76626e+01   5.33017e+02  -4.00781e-05
   2  Q            5.65015e-01   3.15113e-05   9.46211e-05  -2.92852e+03
   3  theta        2.31047e-04   2.24070e-03   4.59697e-02   1.28208e+01
   4  pileup       9.99807e-04   1.02733e-07   2.09856e-05   2.28548e+05
 MINUIT WARNING IN MIGRAD  
 ============== Negative diagonal element 2 in Error Matrix
 MINUIT WARNING IN MIGRAD  
 ============== 1 added to diagonal of error matrix
 MIGRAD FAILS TO FIND IMPROVEMENT
 MIGRAD TERMINATED WITHOUT CONVERGENCE.
 FCN=-2.37861e+11 FROM MIGRAD    STATUS=FAILED        100 CALLS         868 TOTAL
                     EDM=1.64421e+09    STRATEGY= 1      ERR MATRIX NOT POS-DEF
  EXT PARAMETER                APPROXIMATE        STEP         FIRST   
  NO.   NAME      VALUE            ERROR          SIZE      DERIVATIVE 
   1  norm         5.58894e+05   9.09305e+00  -0.00000e+00  -7.41030e-02
   2  Q            5.65020e-01   1.00000e+00  -0.00000e+00   1.58858e+09
   3  theta        1.17373e-04   1.00000e+00  -0.00000e+00   2.66488e+03
   4  pileup       9.99802e-04   1.00000e+00   0.00000e+00  -2.96498e+07
 EXTERNAL ERROR MATRIX.    NDIM=  25    NPAR=  4    ERR DEF=1
  8.268e+01 -1.126e-08  1.026e-02 -1.152e-07 
 -1.126e-08  1.000e+00 -6.720e-12 -2.078e-18 
  1.026e-02 -6.720e-12  1.000e+00  1.744e-11 
 -1.152e-07 -2.078e-18  1.744e-11  1.000e+00 
ERR MATRIX NOT POS-DEF
 PARAMETER  CORRELATION COEFFICIENTS  
       NO.  GLOBAL      1      2      3      4
        1  0.00113   1.000 -0.000  0.001 -0.000
        2  0.00000  -0.000  1.000 -0.000 -0.000
        3  0.00113   0.001 -0.000  1.000  0.000
        4  0.00000  -0.000 -0.000  0.000  1.000
 ERR MATRIX NOT POS-DEF
status of the fit-----000------4
1  558894
2  0.56502
3  0.000117373
4  0.000999802
