  *******************************************
  *                                         *
  *        W E L C O M E  to  R O O T       *
  *                                         *
  *   Version   5.34/36      5 April 2016   *
  *                                         *
  *  You are welcome to visit our Web site  *
  *          http://root.cern.ch            *
  *                                         *
  *******************************************

ROOT 5.34/36 (v5-34-36@v5-34-36, Apr 05 2016, 10:25:45 on linuxx8664gcc)

CINT/ROOT C/C++ Interpreter version 5.18.00, July 2, 2010
Type ? for help. Commands must be C++ statements.
Enclose multiple statements between { }.
Loading root init file.
The rat/rootinit.C file loaded the DEAP style for you, which is available from the fStyle pointer.
DEAP style applied. 
RAT: Libraries loaded.

Processing /home/fatemigh/projects/rpp-jillings/fatemigh/sterile/Likelihood/LikelihoodSterile_modified6.C+(256)...
pased here
566 lines read from file
31
spec_E  566
Before entering fitting
 **********
 **    1 **SET PRINT           2
 **********
 **********
 **    2 **SET NOGRAD
 **********
 PARAMETER DEFINITIONS:
    NO.   NAME         VALUE      STEP SIZE      LIMITS
     1 p0           5.58000e+05  1.67400e+05     no limits
     2 p1           5.65000e-01  1.69500e-01     no limits
     3 p2           0.00000e+00  3.00000e-01     no limits
     4 p3           9.99871e-04  2.99961e-04     no limits
 **********
 **    3 **SET ERR         0.5
 **********
 **********
 **    4 **SET PRINT           2
 **********
 **********
 **    5 **SET STR           1
 **********
 NOW USING STRATEGY  1: TRY TO BALANCE SPEED AGAINST RELIABILITY
 **********
 **    6 **MIGRAD        1480        0.01
 **********
 FIRST CALL TO USER FUNCTION AT NEW START POINT, WITH IFLAG=4.
 START MIGRAD MINIMIZATION.  STRATEGY  1.  CONVERGENCE WHEN EDM .LT. 1.00e-05
 FCN=17214.7 FROM MIGRAD    STATUS=INITIATE       16 CALLS          17 TOTAL
                     EDM= unknown      STRATEGY= 1      NO ERROR MATRIX       
  EXT PARAMETER               CURRENT GUESS       STEP         FIRST   
  NO.   NAME      VALUE            ERROR          SIZE      DERIVATIVE 
   1  p0           5.58000e+05   1.67400e+05   1.67400e+05  -3.61675e+01
   2  p1           5.65000e-01   1.69500e-01   1.69500e-01  -5.06715e+08
   3  p2           0.00000e+00   3.00000e-01   3.00000e-01   0.00000e+00
   4  p3           9.99871e-04   2.99961e-04   2.99961e-04  -9.64134e+08
                               ERR DEF= 0.5
NO ERROR MATRIX       
 FCN=1116.91 FROM MIGRAD    STATUS=PROGRESS       33 CALLS          34 TOTAL
                     EDM=3143.24    STRATEGY= 1      NO ERROR MATRIX       
  EXT PARAMETER               CURRENT GUESS       STEP         FIRST   
  NO.   NAME      VALUE            ERROR          SIZE      DERIVATIVE 
   1  p0           5.58694e+05   1.67400e+05   6.93846e+02  -2.05320e+00
   2  p1           5.65040e-01   1.69500e-01   3.98388e-05  -6.33812e+06
   3  p2           0.00000e+00   3.00000e-01  -0.00000e+00   0.00000e+00
   4  p3           1.00261e-03   2.99961e-04   2.74235e-06   6.12731e+08
                               ERR DEF= 0.5
 MIGRAD MINIMIZATION HAS CONVERGED.
 MIGRAD WILL VERIFY CONVERGENCE AND ERROR MATRIX.
   START COVARIANCE MATRIX CALCULATION.
 MINUIT WARNING IN HESSE   
 ============== Negative diagonal element 3 in Error Matrix
 MINUIT WARNING IN HESSE   
 ============== 35682 added to diagonal of error matrix
 EIGENVALUES OF SECOND-DERIVATIVE MATRIX:
        -8.0414e+00  9.8091e-01  1.0000e+00  1.0060e+01
 MINUIT WARNING IN HESSE   
 ============== MATRIX FORCED POS-DEF BY ADDING 8.051471 TO DIAGONAL.
 FCN=73.0791 FROM MIGRAD    STATUS=CONVERGED      92 CALLS          93 TOTAL
                     EDM=7.39684e-06    STRATEGY= 1      ERR MATRIX NOT POS-DEF
  EXT PARAMETER                APPROXIMATE        STEP         FIRST   
  NO.   NAME      VALUE            ERROR          SIZE      DERIVATIVE 
   1  p0           5.58822e+05   1.75962e-03   2.66467e-01  -2.03690e-05
   2  p1           5.65043e-01   5.59657e-07   2.69433e-07   1.35228e+03
   3  p2           0.00000e+00   7.05045e+00   3.21930e-05   0.00000e+00
   4  p3           9.99665e-04   4.41627e-07   4.76677e-10  -5.57681e+03
                               ERR DEF= 0.5
 EXTERNAL ERROR MATRIX.    NDIM=  25    NPAR=  4    ERR DEF=0.5
  3.096e-06 -9.807e-13  5.440e-05  3.403e-12 
 -9.807e-13  3.132e-13 -7.967e-07 -5.028e-14 
  5.440e-05 -7.967e-07  4.971e+01  3.110e-06 
  3.403e-12 -5.028e-14  3.110e-06  1.950e-13 
ERR MATRIX NOT POS-DEF
 PARAMETER  CORRELATION COEFFICIENTS  
       NO.  GLOBAL      1      2      3      4
        1  0.00439   1.000 -0.001  0.004  0.004
        2  0.20526  -0.001  1.000 -0.202 -0.203
        3  0.99889   0.004 -0.202  1.000  0.999
        4  0.99889   0.004 -0.203  0.999  1.000
 ERR MATRIX NOT POS-DEF
 **********
 **    7 **HESSE        1480
 **********
   START COVARIANCE MATRIX CALCULATION.
 MINUIT WARNING IN HESSE   
 ============== Negative diagonal element 3 in Error Matrix
 MINUIT WARNING IN HESSE   
 ============== 35682 added to diagonal of error matrix
 EIGENVALUES OF SECOND-DERIVATIVE MATRIX:
         3.0015e-01  1.0000e+00  1.2328e+00  1.4671e+00
 COVARIANCE MATRIX CALCULATED SUCCESSFULLY
 FCN=73.0791 FROM HESSE     STATUS=OK             31 CALLS         124 TOTAL
                     EDM=8.04591e-06    STRATEGY= 1      ERROR MATRIX ACCURATE 
  EXT PARAMETER                                INTERNAL      INTERNAL  
  NO.   NAME      VALUE            ERROR       STEP SIZE       VALUE   
   1  p0           5.58822e+05   5.29389e-03   9.30295e-01   5.58822e+05
   2  p1           5.65043e-01   2.16744e-06   1.34717e-07   5.65043e-01
   3  p2           0.00000e+00   1.27575e+00   3.21930e-05   0.00000e+00
   4  p3           9.99665e-04   7.54766e-08   1.12940e-08   9.99665e-04
                               ERR DEF= 0.5
 EXTERNAL ERROR MATRIX.    NDIM=  25    NPAR=  4    ERR DEF=0.5
  2.803e-05 -7.853e-12  1.168e-06 -3.241e-14 
 -7.853e-12  4.698e-12  1.626e-06 -8.565e-14 
  1.168e-06  1.626e-06  1.628e+00 -4.604e-08 
 -3.241e-14 -8.565e-14 -4.604e-08  5.697e-15 
 PARAMETER  CORRELATION COEFFICIENTS  
       NO.  GLOBAL      1      2      3      4
        1  0.00105   1.000 -0.001  0.000 -0.000
        2  0.64950  -0.001  1.000  0.588 -0.524
        3  0.62094   0.000  0.588  1.000 -0.478
        4  0.56432  -0.000 -0.524 -0.478  1.000
 EXTERNAL ERROR MATRIX.    NDIM=   4    NPAR=  4    ERR DEF=0.5
  2.803e-05 -7.853e-12  1.168e-06 -3.241e-14 
 -7.853e-12  4.698e-12  1.626e-06 -8.565e-14 
  1.168e-06  1.626e-06  1.628e+00 -4.604e-08 
 -3.241e-14 -8.565e-14 -4.604e-08  5.697e-15 
 FCN=73.0791 FROM HESSE     STATUS=OK             31 CALLS         124 TOTAL
                     EDM=8.04591e-06    STRATEGY= 1      ERROR MATRIX ACCURATE 
  EXT PARAMETER                  PARABOLIC         MINOS ERRORS        
  NO.   NAME      VALUE            ERROR      NEGATIVE      POSITIVE   
   1  p0           5.58822e+05   5.29389e-03                            
   2  p1           5.65043e-01   2.16744e-06                            
   3  p2           0.00000e+00   1.27575e+00                            
   4  p3           9.99665e-04   7.54766e-08                            
                               ERR DEF= 0.5
------------------------------------------
Enering ROOFIt-------
 PARAMETER DEFINITIONS:
    NO.   NAME         VALUE      STEP SIZE      LIMITS
     1 norm         5.58822e+05  1.00000e-01     no limits
     2 Q            5.65000e-01  1.00000e-01     no limits
     3 theta        0.00000e+00  1.00000e-01     no limits
     4 pileup       9.99665e-04  1.00000e-01     no limits
 **********
 **    1 **MIGRAD
 **********
 FIRST CALL TO USER FUNCTION AT NEW START POINT, WITH IFLAG=4.
 START MIGRAD MINIMIZATION.  STRATEGY  1.  CONVERGENCE WHEN EDM .LT. 1.00e-04
 FCN=-2.37859e+11 FROM MIGRAD    STATUS=INITIATE       14 CALLS          15 TOTAL
                     EDM= unknown      STRATEGY= 1      NO ERROR MATRIX       
  EXT PARAMETER               CURRENT GUESS       STEP         FIRST   
  NO.   NAME      VALUE            ERROR          SIZE      DERIVATIVE 
   1  norm         5.58822e+05   1.00000e-01   1.00000e-01  -5.03986e+00
   2  Q            5.65000e-01   1.00000e-01   1.00000e-01  -6.91211e+07
   3  theta        0.00000e+00   1.00000e-01   1.00000e-01   0.00000e+00
   4  pileup       9.99665e-04   1.00000e-01   1.00000e-01  -9.18167e+11
 MIGRAD FAILS TO FIND IMPROVEMENT
 COVARIANCE MATRIX CALCULATED SUCCESSFULLY
 FCN=-2.37859e+11 FROM HESSE     STATUS=OK             27 CALLS          53 TOTAL
                     EDM=3099.36    STRATEGY= 1      ERROR MATRIX ACCURATE 
  EXT PARAMETER                                   STEP         FIRST   
  NO.   NAME      VALUE            ERROR          SIZE      DERIVATIVE 
   1  norm         5.58822e+05   2.89105e+01   2.66467e+00  -5.03998e+00
   2  Q            5.65000e-01   2.39241e-06   1.00000e-03  -1.56672e+07
   3  theta        0.00000e+00   1.85934e-03   1.00000e-01   0.00000e+00
   4  pileup       9.99665e-04   9.24323e-08   1.00000e-02  -1.41986e+08
 MIGRAD FAILS TO FIND IMPROVEMENT
 MIGRAD TERMINATED WITHOUT CONVERGENCE.
 FCN=-2.37859e+11 FROM MIGRAD    STATUS=FAILED         77 CALLS          78 TOTAL
                     EDM=46298.4    STRATEGY= 1  ERROR MATRIX UNCERTAINTY  67.3 per cent
  EXT PARAMETER                APPROXIMATE        STEP         FIRST   
  NO.   NAME      VALUE            ERROR          SIZE      DERIVATIVE 
   1  norm         5.59063e+05   1.50476e+01   0.00000e+00   1.81107e+00
   2  Q            5.64982e-01   8.67890e-07  -0.00000e+00   5.63072e+06
   3  theta       -1.09277e-02   4.66036e-04   0.00000e+00  -2.15982e+05
   4  pileup       9.99753e-04   9.24201e-08   0.00000e+00   2.88295e+07
 EXTERNAL ERROR MATRIX.    NDIM=  25    NPAR=  4    ERR DEF=1
  2.264e+02 -1.075e-05  3.858e-03 -3.111e-08 
 -1.075e-05  7.532e-13 -1.000e-10 -5.698e-15 
  3.858e-03 -1.000e-10  2.172e-07  4.393e-12 
 -3.111e-08 -5.698e-15  4.393e-12  8.541e-15 
ERR MATRIX APPROXIMATE
 PARAMETER  CORRELATION COEFFICIENTS  
       NO.  GLOBAL      1      2      3      4
        1  0.90471   1.000 -0.823  0.550 -0.022
        2  0.86832  -0.823  1.000 -0.247 -0.071
        3  0.68131   0.550 -0.247  1.000  0.102
        4  0.27796  -0.022 -0.071  0.102  1.000
 ERR MATRIX APPROXIMATE
 **********
 **    2 **MIGRAD 
 **********
 START MIGRAD MINIMIZATION.  STRATEGY  1.  CONVERGENCE WHEN EDM .LT. 1.00e-04
 FCN=-2.37859e+11 FROM MIGRAD    STATUS=INITIATE       16 CALLS          94 TOTAL
                     EDM=1.33953e+06    STRATEGY= 1  ERROR MATRIX UNCERTAINTY  67.3 per cent
  EXT PARAMETER                APPROXIMATE        STEP         FIRST   
  NO.   NAME      VALUE            ERROR          SIZE      DERIVATIVE 
   1  norm         5.59063e+05   1.50476e+01   0.00000e+00   1.81103e+00
   2  Q            5.64982e-01   8.67890e-07  -0.00000e+00  -1.51929e+09
   3  theta       -1.09277e-02   4.66036e-04   0.00000e+00  -7.99024e+04
   4  pileup       9.99753e-04   9.24201e-08   0.00000e+00   2.99927e+07
 MIGRAD FAILS TO FIND IMPROVEMENT
 COVARIANCE MATRIX CALCULATED SUCCESSFULLY
 FCN=-2.37859e+11 FROM HESSE     STATUS=OK             31 CALLS         186 TOTAL
                     EDM=0.00846712    STRATEGY= 1      ERROR MATRIX ACCURATE 
  EXT PARAMETER                                   STEP         FIRST   
  NO.   NAME      VALUE            ERROR          SIZE      DERIVATIVE 
   1  norm         5.59005e+05   8.38123e+00   1.72594e+03   8.47597e-03
   2  Q            5.64986e-01   5.21224e-07   5.54891e-04   2.32313e+04
   3  theta       -1.14213e-02   9.51790e-04   1.06988e-01  -2.14110e+02
   4  pileup       9.99723e-04   1.01846e-07   2.09843e-05   2.16382e+05
 MINUIT WARNING IN MIGRAD  
 ============== Negative diagonal element 3 in Error Matrix
 MINUIT WARNING IN MIGRAD  
 ============== 1 added to diagonal of error matrix
 MIGRAD FAILS TO FIND IMPROVEMENT
 MACHINE ACCURACY LIMITS FURTHER IMPROVEMENT.
 MIGRAD MINIMIZATION HAS CONVERGED.
 FCN=-2.37859e+11 FROM MIGRAD    STATUS=CONVERGED     137 CALLS         215 TOTAL
                     EDM=42.3889    STRATEGY= 1  ERROR MATRIX UNCERTAINTY   2.6 per cent
  EXT PARAMETER                                   STEP         FIRST   
  NO.   NAME      VALUE            ERROR          SIZE      DERIVATIVE 
   1  norm         5.59005e+05   8.03787e+00  -0.00000e+00   1.38621e-02
   2  Q            5.64986e-01   1.00000e+00  -0.00000e+00   7.20409e+04
   3  theta       -1.12516e-02   1.00000e+00   0.00000e+00  -1.36900e+04
   4  pileup       9.99725e-04   1.00000e+00   0.00000e+00  -3.04002e+06
 EXTERNAL ERROR MATRIX.    NDIM=  25    NPAR=  4    ERR DEF=1
  6.461e+01 -8.885e-07  6.768e-05 -1.746e-07 
 -8.885e-07  1.000e+00 -2.620e-12 -1.811e-14 
  6.768e-05 -2.620e-12  1.000e+00 -2.875e-12 
 -1.746e-07 -1.811e-14 -2.875e-12  1.000e+00 
 PARAMETER  CORRELATION COEFFICIENTS  
       NO.  GLOBAL      1      2      3      4
        1  0.00001   1.000 -0.000  0.000 -0.000
        2  0.00000  -0.000  1.000 -0.000 -0.000
        3  0.00001   0.000 -0.000  1.000 -0.000
        4  0.00000  -0.000 -0.000 -0.000  1.000
status of the fit-----000------0
1  559005
2  0.564986
3  -0.0112516
4  0.000999725
 PARAMETER DEFINITIONS:
    NO.   NAME         VALUE      STEP SIZE      LIMITS
     1 norm         5.59005e+05  1.00000e-01     no limits
     2 Q            5.64986e-01  1.00000e-01     no limits
     3 theta       -1.12516e-02  1.00000e-01     no limits
     4 pileup       9.99725e-04  1.00000e-01     no limits
 **********
 **    3 **MIGRAD
 **********
 FIRST CALL TO USER FUNCTION AT NEW START POINT, WITH IFLAG=4.
 START MIGRAD MINIMIZATION.  STRATEGY  1.  CONVERGENCE WHEN EDM .LT. 1.00e-04
 FCN=-2.37859e+11 FROM MIGRAD    STATUS=INITIATE       18 CALLS         234 TOTAL
                     EDM= unknown      STRATEGY= 1      NO ERROR MATRIX       
  EXT PARAMETER               CURRENT GUESS       STEP         FIRST   
  NO.   NAME      VALUE            ERROR          SIZE      DERIVATIVE 
   1  norm         5.59005e+05   1.00000e-01   1.00000e-01   2.42145e-02
   2  Q            5.64986e-01   1.00000e-01   1.00000e-01   6.51639e+06
   3  theta       -1.12516e-02   1.00000e-01   1.00000e-01  -7.70102e+04
   4  pileup       9.99725e-04   1.00000e-01   1.00000e-01  -9.17992e+11
 MIGRAD FAILS TO FIND IMPROVEMENT
 COVARIANCE MATRIX CALCULATED SUCCESSFULLY
 FCN=-2.37859e+11 FROM HESSE     STATUS=OK             29 CALLS         274 TOTAL
                     EDM=0.0717023    STRATEGY= 1      ERROR MATRIX ACCURATE 
  EXT PARAMETER                                   STEP         FIRST   
  NO.   NAME      VALUE            ERROR          SIZE      DERIVATIVE 
   1  norm         5.59005e+05   2.17471e+01   2.66554e+00   2.42717e-02
   2  Q            5.64986e-01   1.52966e-06   1.00000e-03   7.19891e+04
   3  theta       -1.12516e-02   1.13960e-03   1.01421e-01  -1.54820e+02
   4  pileup       9.99725e-04   9.24350e-08   1.00000e-02   9.23632e+05
 EIGENVALUES OF SECOND-DERIVATIVE MATRIX:
        -6.4338e-02  7.0788e-02  1.4768e+00  2.5167e+00
 MINUIT WARNING IN MIGRAD  
 ============== MATRIX FORCED POS-DEF BY ADDING 0.066855 TO DIAGONAL.
 EIGENVALUES OF SECOND-DERIVATIVE MATRIX:
        -2.2486e-05  3.8498e-03  8.1447e-01  3.1817e+00
 MINUIT WARNING IN MIGRAD  
 ============== MATRIX FORCED POS-DEF BY ADDING 0.003204 TO DIAGONAL.
 MIGRAD FAILS TO FIND IMPROVEMENT
 MIGRAD TERMINATED WITHOUT CONVERGENCE.
 FCN=-2.37859e+11 FROM MIGRAD    STATUS=FAILED        106 CALLS         322 TOTAL
                     EDM=731081    STRATEGY= 1      ERR MATRIX NOT POS-DEF
  EXT PARAMETER                APPROXIMATE        STEP         FIRST   
  NO.   NAME      VALUE            ERROR          SIZE      DERIVATIVE 
   1  norm         5.59004e+05   1.06931e+01  -0.00000e+00  -7.75693e-03
   2  Q            5.64986e-01   1.67585e-07   0.00000e+00  -1.18551e+09
   3  theta       -1.12113e-02   1.93260e-04   0.00000e+00  -1.03979e+06
   4  pileup       9.99724e-04   8.69509e-08   0.00000e+00  -2.79409e+07
 EXTERNAL ERROR MATRIX.    NDIM=  25    NPAR=  4    ERR DEF=1
  1.143e+02 -6.224e-07  7.176e-04 -3.852e-07 
 -6.224e-07  2.808e-14 -3.228e-11  1.444e-14 
  7.176e-04 -3.228e-11  3.735e-08 -1.666e-11 
 -3.852e-07  1.444e-14 -1.666e-11  7.560e-15 
ERR MATRIX NOT POS-DEF
 PARAMETER  CORRELATION COEFFICIENTS  
       NO.  GLOBAL      1      2      3      4
        1  0.65212   1.000 -0.347  0.347 -0.414
        2  0.99723  -0.347  1.000 -0.997  0.991
        3  0.99722   0.347 -0.997  1.000 -0.991
        4  0.99480  -0.414  0.991 -0.991  1.000
 ERR MATRIX NOT POS-DEF
 **********
 **    4 **MIGRAD 
 **********
 START MIGRAD MINIMIZATION.  STRATEGY  1.  CONVERGENCE WHEN EDM .LT. 1.00e-04
 FCN=-2.37859e+11 FROM MIGRAD    STATUS=INITIATE       16 CALLS         338 TOTAL
                     EDM=2.5012    STRATEGY= 1      ERR MATRIX NOT POS-DEF
  EXT PARAMETER                APPROXIMATE        STEP         FIRST   
  NO.   NAME      VALUE            ERROR          SIZE      DERIVATIVE 
   1  norm         5.59004e+05   1.06931e+01  -0.00000e+00  -1.38609e-02
   2  Q            5.64986e-01   1.67585e-07   0.00000e+00  -2.71353e+04
   3  theta       -1.12113e-02   1.93260e-04   0.00000e+00  -2.16158e+04
   4  pileup       9.99724e-04   8.69509e-08   0.00000e+00  -2.79411e+07
 MIGRAD FAILS TO FIND IMPROVEMENT
 MACHINE ACCURACY LIMITS FURTHER IMPROVEMENT.
 MIGRAD MINIMIZATION HAS CONVERGED.
 MIGRAD WILL VERIFY CONVERGENCE AND ERROR MATRIX.
 EIGENVALUES OF SECOND-DERIVATIVE MATRIX:
        -2.7280e-04  6.4093e-01  8.6631e-01  2.4930e+00
 MINUIT WARNING IN HESSE   
 ============== MATRIX FORCED POS-DEF BY ADDING 0.002766 TO DIAGONAL.
 FCN=-2.37859e+11 FROM HESSE     STATUS=NOT POSDEF     29 CALLS         461 TOTAL
                     EDM=0.00839725    STRATEGY= 1      ERR MATRIX NOT POS-DEF
  EXT PARAMETER                APPROXIMATE        STEP         FIRST   
  NO.   NAME      VALUE            ERROR          SIZE      DERIVATIVE 
   1  norm         5.59004e+05   1.02613e+02   1.72593e+03   2.55126e-03
   2  Q            5.64986e-01   3.30593e-05   9.50113e-05   4.94246e+03
   3  theta       -1.11996e-02   1.14957e-03   7.28399e-02  -1.28503e+02
   4  pileup       9.99719e-04   9.65017e-08   2.09843e-05  -2.23327e+05
 MINUIT WARNING IN MIGRAD  
 ============== Negative diagonal element 3 in Error Matrix
 MINUIT WARNING IN MIGRAD  
 ============== 1 added to diagonal of error matrix
 MIGRAD FAILS TO FIND IMPROVEMENT
 MACHINE ACCURACY LIMITS FURTHER IMPROVEMENT.
 MIGRAD MINIMIZATION HAS CONVERGED.
 MIGRAD WILL VERIFY CONVERGENCE AND ERROR MATRIX.
 EIGENVALUES OF SECOND-DERIVATIVE MATRIX:
        -3.7937e-04  8.0064e-01  9.7578e-01  2.2240e+00
 MINUIT WARNING IN HESSE   
 ============== MATRIX FORCED POS-DEF BY ADDING 0.002603 TO DIAGONAL.
 MIGRAD TERMINATED WITHOUT CONVERGENCE.
 FCN=-2.37859e+11 FROM MIGRAD    STATUS=FAILED        191 CALLS         513 TOTAL
                     EDM=0.0203214    STRATEGY= 1      ERR MATRIX NOT POS-DEF
  EXT PARAMETER                APPROXIMATE        STEP         FIRST   
  NO.   NAME      VALUE            ERROR          SIZE      DERIVATIVE 
   1  norm         5.58996e+05   1.08706e+02   6.90372e+02   1.95843e-02
   2  Q            5.64988e-01   3.49710e-05   1.90023e-04   5.79384e+04
   3  theta       -1.10749e-02   2.13548e-03   2.91360e-02  -2.99431e+01
   4  pileup       9.99723e-04   9.37874e-08   8.39372e-06   1.51843e+06
 EXTERNAL ERROR MATRIX.    NDIM=  25    NPAR=  4    ERR DEF=1
  1.182e+04 -3.792e-03  1.490e-03  1.450e-07 
 -3.792e-03  1.223e-09 -8.696e-12 -1.239e-13 
  1.490e-03 -8.696e-12  4.560e-06  1.314e-11 
  1.450e-07 -1.239e-13  1.314e-11  8.796e-15 
ERR MATRIX NOT POS-DEF
 PARAMETER  CORRELATION COEFFICIENTS  
       NO.  GLOBAL      1      2      3      4
        1  0.99778   1.000 -0.997  0.006  0.014
        2  0.99778  -0.997  1.000 -0.000 -0.038
        3  0.13413   0.006 -0.000  1.000  0.066
        4  0.34557   0.014 -0.038  0.066  1.000
 ERR MATRIX NOT POS-DEF
status of the fit-----000------4
1  558996
2  0.564988
3  -0.0110749
4  0.000999723
 PARAMETER DEFINITIONS:
    NO.   NAME         VALUE      STEP SIZE      LIMITS
     1 norm         5.58996e+05  1.00000e-01     no limits
     2 Q            5.64988e-01  1.00000e-01     no limits
     3 theta       -1.10749e-02  1.00000e-01     no limits
     4 pileup       9.99723e-04  1.00000e-01     no limits
 **********
 **    5 **MIGRAD
 **********
 FIRST CALL TO USER FUNCTION AT NEW START POINT, WITH IFLAG=4.
 START MIGRAD MINIMIZATION.  STRATEGY  1.  CONVERGENCE WHEN EDM .LT. 1.00e-04
 FCN=-2.37859e+11 FROM MIGRAD    STATUS=INITIATE       18 CALLS         532 TOTAL
                     EDM= unknown      STRATEGY= 1      NO ERROR MATRIX       
  EXT PARAMETER               CURRENT GUESS       STEP         FIRST   
  NO.   NAME      VALUE            ERROR          SIZE      DERIVATIVE 
   1  norm         5.58996e+05   1.00000e-01   1.00000e-01   1.96066e-02
   2  Q            5.64988e-01   1.00000e-01   1.00000e-01   6.51663e+06
   3  theta       -1.10749e-02   1.00000e-01   1.00000e-01  -7.56816e+04
   4  pileup       9.99723e-04   1.00000e-01   1.00000e-01  -9.17992e+11
 MIGRAD FAILS TO FIND IMPROVEMENT
 COVARIANCE MATRIX CALCULATED SUCCESSFULLY
 FCN=-2.37859e+11 FROM HESSE     STATUS=OK             29 CALLS         572 TOTAL
                     EDM=0.0500534    STRATEGY= 1      ERROR MATRIX ACCURATE 
  EXT PARAMETER                                   STEP         FIRST   
  NO.   NAME      VALUE            ERROR          SIZE      DERIVATIVE 
   1  norm         5.58996e+05   2.17887e+01   2.66550e+00   1.94921e-02
   2  Q            5.64988e-01   1.53669e-06   1.00000e-03   5.79233e+04
   3  theta       -1.10749e-02   1.14905e-03   1.01360e-01  -1.40575e+02
   4  pileup       9.99723e-04   9.24349e-08   1.00000e-02   9.32919e+05
 EIGENVALUES OF SECOND-DERIVATIVE MATRIX:
        -5.5982e-02  7.0954e-02  1.4896e+00  2.4955e+00
 MINUIT WARNING IN MIGRAD  
 ============== MATRIX FORCED POS-DEF BY ADDING 0.058477 TO DIAGONAL.
 MIGRAD FAILS TO FIND IMPROVEMENT
 MACHINE ACCURACY LIMITS FURTHER IMPROVEMENT.
 MIGRAD MINIMIZATION HAS CONVERGED.
 MIGRAD WILL VERIFY CONVERGENCE AND ERROR MATRIX.
 EIGENVALUES OF SECOND-DERIVATIVE MATRIX:
        -3.4290e-05  7.6955e-01  9.1420e-01  2.3163e+00
 MINUIT WARNING IN HESSE   
 ============== MATRIX FORCED POS-DEF BY ADDING 0.002351 TO DIAGONAL.
 MIGRAD TERMINATED WITHOUT CONVERGENCE.
 FCN=-2.37859e+11 FROM MIGRAD    STATUS=FAILED        102 CALLS         616 TOTAL
                     EDM=0.0180954    STRATEGY= 1      ERR MATRIX NOT POS-DEF
  EXT PARAMETER                APPROXIMATE        STEP         FIRST   
  NO.   NAME      VALUE            ERROR          SIZE      DERIVATIVE 
   1  norm         5.58995e+05   1.06509e+02   5.33100e+00  -6.68341e-03
   2  Q            5.64988e-01   3.42695e-05   1.02989e-04  -2.38344e+04
   3  theta       -1.10395e-02   1.74582e-03   4.05439e-02  -7.07167e+01
   4  pileup       9.99723e-04   9.44989e-08   2.14101e-05   6.42615e+05
 EXTERNAL ERROR MATRIX.    NDIM=  25    NPAR=  4    ERR DEF=1
  1.134e+04 -3.640e-03 -3.613e-04  8.952e-08 
 -3.640e-03  1.174e-09  9.510e-10 -1.010e-13 
 -3.613e-04  9.510e-10  3.048e-06  2.302e-11 
  8.952e-08 -1.010e-13  2.302e-11  8.930e-15 
ERR MATRIX NOT POS-DEF
 PARAMETER  CORRELATION COEFFICIENTS  
       NO.  GLOBAL      1      2      3      4
        1  0.99769   1.000 -0.997 -0.002  0.009
        2  0.99769  -0.997  1.000  0.016 -0.031
        3  0.28079  -0.002  0.016  1.000  0.140
        4  0.36404   0.009 -0.031  0.140  1.000
 ERR MATRIX NOT POS-DEF
 **********
 **    6 **MIGRAD 
 **********
 START MIGRAD MINIMIZATION.  STRATEGY  1.  CONVERGENCE WHEN EDM .LT. 1.00e-04
 FCN=-2.37859e+11 FROM MIGRAD    STATUS=INITIATE        8 CALLS         624 TOTAL
                     EDM=3.11758    STRATEGY= 1      ERR MATRIX NOT POS-DEF
  EXT PARAMETER                APPROXIMATE        STEP         FIRST   
  NO.   NAME      VALUE            ERROR          SIZE      DERIVATIVE 
   1  norm         5.58995e+05   1.06509e+02   5.33100e+00  -6.70058e-03
   2  Q            5.64988e-01   3.42695e-05   1.02989e-04  -2.35781e+04
   3  theta       -1.10395e-02   1.74582e-03   4.05439e-02  -1.97417e+03
   4  pileup       9.99723e-04   9.44989e-08   2.14101e-05  -4.05328e+06
 EIGENVALUES OF SECOND-DERIVATIVE MATRIX:
        -4.0467e-03  5.9918e-01  1.2780e+00  2.1269e+00
 MINUIT WARNING IN MIGRAD  
 ============== MATRIX FORCED POS-DEF BY ADDING 0.006174 TO DIAGONAL.
 MIGRAD FAILS TO FIND IMPROVEMENT
 EIGENVALUES OF SECOND-DERIVATIVE MATRIX:
        -2.8392e-04  5.4313e-01  8.5691e-01  2.6002e+00
 MINUIT WARNING IN HESSE   
 ============== MATRIX FORCED POS-DEF BY ADDING 0.002884 TO DIAGONAL.
 FCN=-2.37859e+11 FROM HESSE     STATUS=NOT POSDEF     29 CALLS         708 TOTAL
                     EDM=0.00921596    STRATEGY= 1      ERR MATRIX NOT POS-DEF
  EXT PARAMETER                APPROXIMATE        STEP         FIRST   
  NO.   NAME      VALUE            ERROR          SIZE      DERIVATIVE 
   1  norm         5.58995e+05   1.00263e+02   1.06620e+03   5.30808e-03
   2  Q            5.64988e-01   3.24413e-05   9.43081e-05   1.37536e+04
   3  theta       -1.09059e-02   8.20164e-04   1.13538e-01  -1.67929e+02
   4  pileup       9.99724e-04   9.83675e-08   2.09844e-05   1.64701e+06
 MINUIT WARNING IN MIGRAD  
 ============== Negative diagonal element 3 in Error Matrix
 MINUIT WARNING IN MIGRAD  
 ============== 1 added to diagonal of error matrix
 MIGRAD FAILS TO FIND IMPROVEMENT
 MACHINE ACCURACY LIMITS FURTHER IMPROVEMENT.
 MIGRAD MINIMIZATION HAS CONVERGED.
 MIGRAD WILL VERIFY CONVERGENCE AND ERROR MATRIX.
 EIGENVALUES OF SECOND-DERIVATIVE MATRIX:
        -3.5531e-04  7.4420e-01  8.9574e-01  2.3604e+00
 MINUIT WARNING IN HESSE   
 ============== MATRIX FORCED POS-DEF BY ADDING 0.002716 TO DIAGONAL.
 MIGRAD TERMINATED WITHOUT CONVERGENCE.
 FCN=-2.37859e+11 FROM MIGRAD    STATUS=FAILED        151 CALLS         767 TOTAL
                     EDM=0.0140529    STRATEGY= 1      ERR MATRIX NOT POS-DEF
  EXT PARAMETER                APPROXIMATE        STEP         FIRST   
  NO.   NAME      VALUE            ERROR          SIZE      DERIVATIVE 
   1  norm         5.58984e+05   1.05524e+02   4.26480e+02   1.35046e-02
   2  Q            5.64992e-01   3.39472e-05   1.88616e-04   3.92059e+04
   3  theta       -1.08316e-02   1.63297e-03   4.54151e-02  -4.60888e+01
   4  pileup       9.99713e-04   9.49285e-08   8.39376e-06  -5.23093e+05
 EXTERNAL ERROR MATRIX.    NDIM=  25    NPAR=  4    ERR DEF=1
  1.114e+04 -3.572e-03  1.518e-03  1.186e-07 
 -3.572e-03  1.152e-09  4.479e-10 -1.076e-13 
  1.518e-03  4.479e-10  2.667e-06  2.609e-11 
  1.186e-07 -1.076e-13  2.609e-11  9.011e-15 
ERR MATRIX NOT POS-DEF
 PARAMETER  CORRELATION COEFFICIENTS  
       NO.  GLOBAL      1      2      3      4
        1  0.99765   1.000 -0.997  0.009  0.012
        2  0.99765  -0.997  1.000  0.008 -0.033
        3  0.33199   0.009  0.008  1.000  0.168
        4  0.37493   0.012 -0.033  0.168  1.000
 ERR MATRIX NOT POS-DEF
status of the fit-----000------4
1  558984
2  0.564992
3  -0.0108316
4  0.000999713
 **********
 **    8 **SET PRINT           2
 **********
 **********
 **    9 **SET NOGRAD
 **********
 PARAMETER DEFINITIONS:
    NO.   NAME         VALUE      STEP SIZE      LIMITS
     1 p0           5.58000e+05  1.67400e+05     no limits
     2 p1           5.65000e-01  1.69500e-01     no limits
     3 p2           0.00000e+00  3.00000e-01     no limits
     4 p3           9.99871e-04  2.99961e-04     no limits
 **********
 **   10 **SET ERR         0.5
 **********
 **********
 **   11 **SET PRINT           2
 **********
 **********
 **   12 **SET STR           1
 **********
 NOW USING STRATEGY  1: TRY TO BALANCE SPEED AGAINST RELIABILITY
 **********
 **   13 **MIGRAD        1480        0.01
 **********
 FIRST CALL TO USER FUNCTION AT NEW START POINT, WITH IFLAG=4.
 START MIGRAD MINIMIZATION.  STRATEGY  1.  CONVERGENCE WHEN EDM .LT. 1.00e-05
 FCN=16967.8 FROM MIGRAD    STATUS=INITIATE       18 CALLS          19 TOTAL
                     EDM= unknown      STRATEGY= 1      NO ERROR MATRIX       
  EXT PARAMETER               CURRENT GUESS       STEP         FIRST   
  NO.   NAME      VALUE            ERROR          SIZE      DERIVATIVE 
   1  p0           5.58000e+05   1.67400e+05   1.67400e+05  -3.59020e+01
   2  p1           5.65000e-01   1.69500e-01   1.69500e-01  -1.11447e+08
   3  p2           0.00000e+00   3.00000e-01   3.00000e-01   0.00000e+00
   4  p3           9.99871e-04   2.99961e-04   2.99961e-04  -9.85727e+08
                               ERR DEF= 0.5
NO ERROR MATRIX       
 FCN=481.228 FROM MIGRAD    STATUS=PROGRESS       34 CALLS          35 TOTAL
                     EDM=1306.23    STRATEGY= 1      NO ERROR MATRIX       
  EXT PARAMETER               CURRENT GUESS       STEP         FIRST   
  NO.   NAME      VALUE            ERROR          SIZE      DERIVATIVE 
   1  p0           5.58435e+05   1.67400e+05   4.34761e+02  -8.13945e-01
   2  p1           5.65140e-01   1.69500e-01   1.40199e-04  -2.50125e+06
   3  p2           0.00000e+00   3.00000e-01  -0.00000e+00   0.00000e+00
   4  p3           1.00164e-03   2.99961e-04   1.76968e-06   3.99319e+08
                               ERR DEF= 0.5
 MIGRAD MINIMIZATION HAS CONVERGED.
 MIGRAD WILL VERIFY CONVERGENCE AND ERROR MATRIX.
   START COVARIANCE MATRIX CALCULATION.
 EIGENVALUES OF SECOND-DERIVATIVE MATRIX:
        -4.7273e-04  7.2898e-01  1.0652e+00  2.2062e+00
 MINUIT WARNING IN HESSE   
 ============== MATRIX FORCED POS-DEF BY ADDING 0.002679 TO DIAGONAL.
 FCN=80.8116 FROM HESSE     STATUS=NOT POSDEF     27 CALLS          83 TOTAL
                     EDM=0.000124813    STRATEGY= 1      ERR MATRIX NOT POS-DEF
  EXT PARAMETER                APPROXIMATE        STEP         FIRST   
  NO.   NAME      VALUE            ERROR          SIZE      DERIVATIVE 
   1  p0           5.58471e+05   7.70811e+01   2.66300e-01  -1.07425e-04
   2  p1           5.65152e-01   2.48583e-05   2.69485e-07   3.03920e+02
   3  p2           0.00000e+00   8.10365e-03   3.98196e-05   0.00000e+00
   4  p3           9.99784e-04   6.90596e-08   4.76734e-10   5.02365e+03
                               ERR DEF= 0.5
 PARAMETER  CORRELATION COEFFICIENTS  
       NO.  GLOBAL      1      2      3      4
        1  0.99780   1.000 -0.997  0.144  0.074
        2  0.99780  -0.997  1.000 -0.140 -0.099
        3  0.20912   0.144 -0.140  1.000 -0.140
        4  0.38647   0.074 -0.099 -0.140  1.000
 ERR MATRIX NOT POS-DEF
 FCN=80.8079 FROM MIGRAD    STATUS=PROGRESS       94 CALLS          95 TOTAL
                     EDM=0.00333312    STRATEGY= 1      ERR MATRIX NOT POS-DEF
  EXT PARAMETER                APPROXIMATE        STEP         FIRST   
  NO.   NAME      VALUE            ERROR          SIZE      DERIVATIVE 
   1  p0           5.58509e+05   7.70811e+01   3.78268e+01  -2.69933e-05
   2  p1           5.65140e-01   2.48583e-05  -1.21909e-05   4.33852e+02
   3  p2           5.80503e-04   8.10365e-03   5.80503e-04   1.02598e+01
   4  p3           9.99787e-04   6.90596e-08   2.16145e-09   2.94589e+05
                               ERR DEF= 0.5
 MIGRAD FAILS TO FIND IMPROVEMENT
 MIGRAD MINIMIZATION HAS CONVERGED.
 MIGRAD WILL VERIFY CONVERGENCE AND ERROR MATRIX.
   START COVARIANCE MATRIX CALCULATION.
 EIGENVALUES OF SECOND-DERIVATIVE MATRIX:
         2.0819e-03  8.3910e-01  9.9985e-01  2.1590e+00
 COVARIANCE MATRIX CALCULATED SUCCESSFULLY
 FCN=80.7898 FROM MIGRAD    STATUS=CONVERGED     195 CALLS         196 TOTAL
                     EDM=1.73025e-06    STRATEGY= 1      ERROR MATRIX ACCURATE 
  EXT PARAMETER                                   STEP         FIRST   
  NO.   NAME      VALUE            ERROR          SIZE      DERIVATIVE 
   1  p0           5.58686e+05   7.89734e+01   2.66402e-01  -4.38073e-05
   2  p1           5.65083e-01   2.56420e-05   2.69452e-07  -1.33056e+02
   3  p2           7.95965e-06   6.33929e-03   4.37253e-05   5.17183e-02
   4  p3           9.99789e-04   6.53855e-08   4.76736e-10   1.80648e+04
                               ERR DEF= 0.5
 EXTERNAL ERROR MATRIX.    NDIM=  25    NPAR=  4    ERR DEF=0.5
  6.237e+03 -2.020e-03  1.035e-01  1.710e-06 
 -2.020e-03  6.575e-10 -3.350e-08 -5.879e-13 
  1.035e-01 -3.350e-08  4.019e-05  3.173e-11 
  1.710e-06 -5.879e-13  3.173e-11  4.275e-15 
 PARAMETER  CORRELATION COEFFICIENTS  
       NO.  GLOBAL      1      2      3      4
        1  0.99790   1.000 -0.998  0.207  0.331
        2  0.99793  -0.998  1.000 -0.206 -0.351
        3  0.20695   0.207 -0.206  1.000  0.077
        4  0.44608   0.331 -0.351  0.077  1.000
 EXTERNAL ERROR MATRIX.    NDIM=   4    NPAR=  4    ERR DEF=0.5
  6.237e+03 -2.020e-03  1.035e-01  1.710e-06 
 -2.020e-03  6.575e-10 -3.350e-08 -5.879e-13 
  1.035e-01 -3.350e-08  4.019e-05  3.173e-11 
  1.710e-06 -5.879e-13  3.173e-11  4.275e-15 
 FCN=80.7898 FROM MIGRAD    STATUS=CONVERGED     195 CALLS         196 TOTAL
                     EDM=1.73025e-06    STRATEGY= 1      ERROR MATRIX ACCURATE 
  EXT PARAMETER                  PARABOLIC         MINOS ERRORS        
  NO.   NAME      VALUE            ERROR      NEGATIVE      POSITIVE   
   1  p0           5.58686e+05   7.89734e+01                            
   2  p1           5.65083e-01   2.56420e-05                            
   3  p2           7.95965e-06   6.33929e-03                            
   4  p3           9.99789e-04   6.53855e-08                            
                               ERR DEF= 0.5
------------------------------------------
Enering ROOFIt-------
 PARAMETER DEFINITIONS:
    NO.   NAME         VALUE      STEP SIZE      LIMITS
     1 norm         5.58686e+05  1.00000e-01     no limits
     2 Q            5.65000e-01  1.00000e-01     no limits
     3 theta        0.00000e+00  1.00000e-01     no limits
     4 pileup       9.99789e-04  1.00000e-01     no limits
 **********
 **    1 **MIGRAD
 **********
 FIRST CALL TO USER FUNCTION AT NEW START POINT, WITH IFLAG=4.
 START MIGRAD MINIMIZATION.  STRATEGY  1.  CONVERGENCE WHEN EDM .LT. 1.00e-04
 FCN=-2.37856e+11 FROM MIGRAD    STATUS=INITIATE       14 CALLS          15 TOTAL
                     EDM= unknown      STRATEGY= 1      NO ERROR MATRIX       
  EXT PARAMETER               CURRENT GUESS       STEP         FIRST   
  NO.   NAME      VALUE            ERROR          SIZE      DERIVATIVE 
   1  norm         5.58686e+05   1.00000e-01   1.00000e-01  -9.80428e+00
   2  Q            5.65000e-01   1.00000e-01   1.00000e-01  -1.43935e+08
   3  theta        0.00000e+00   1.00000e-01   1.00000e-01   0.00000e+00
   4  pileup       9.99789e-04   1.00000e-01   1.00000e-01  -9.18403e+11
 MIGRAD FAILS TO FIND IMPROVEMENT
 COVARIANCE MATRIX CALCULATED SUCCESSFULLY
 FCN=-2.37856e+11 FROM HESSE     STATUS=OK             27 CALLS          53 TOTAL
                     EDM=8721.07    STRATEGY= 1      ERROR MATRIX ACCURATE 
  EXT PARAMETER                                   STEP         FIRST   
  NO.   NAME      VALUE            ERROR          SIZE      DERIVATIVE 
   1  norm         5.58686e+05   2.41388e+01   2.66402e+00  -9.80426e+00
   2  Q            5.65000e-01   1.84690e-06   1.00000e-03  -3.04731e+07
   3  theta        0.00000e+00   1.29432e-03   1.00000e-01   0.00000e+00
   4  pileup       9.99789e-04   9.24271e-08   1.00000e-02  -2.75617e+08
 MIGRAD FAILS TO FIND IMPROVEMENT
 MACHINE ACCURACY LIMITS FURTHER IMPROVEMENT.
 MIGRAD MINIMIZATION HAS CONVERGED.
 MIGRAD WILL VERIFY CONVERGENCE AND ERROR MATRIX.
 EIGENVALUES OF SECOND-DERIVATIVE MATRIX:
        -4.8771e-04  5.4666e-01  8.5680e-01  2.5970e+00
 MINUIT WARNING IN HESSE   
 ============== MATRIX FORCED POS-DEF BY ADDING 0.003085 TO DIAGONAL.
 MIGRAD TERMINATED WITHOUT CONVERGENCE.
 FCN=-2.37856e+11 FROM MIGRAD    STATUS=FAILED        102 CALLS         103 TOTAL
                     EDM=197.724    STRATEGY= 1      ERR MATRIX NOT POS-DEF
  EXT PARAMETER                APPROXIMATE        STEP         FIRST   
  NO.   NAME      VALUE            ERROR          SIZE      DERIVATIVE 
   1  norm         5.59089e+05   1.00381e+02   5.32805e+00   2.15052e+00
   2  Q            5.64972e-01   3.24533e-05   1.03008e-04   6.68500e+06
   3  theta       -1.21947e-02   8.16620e-04   1.15680e-01   2.21985e+03
   4  pileup       9.99993e-04   9.83261e-08   2.14079e-05   9.09810e+07
 EXTERNAL ERROR MATRIX.    NDIM=  25    NPAR=  4    ERR DEF=1
  1.008e+04 -3.246e-03 -1.172e-02 -3.852e-07 
 -3.246e-03  1.053e-09  4.681e-09  7.925e-14 
 -1.172e-02  4.681e-09  6.669e-07  2.473e-11 
 -3.852e-07  7.925e-14  2.473e-11  9.668e-15 
ERR MATRIX NOT POS-DEF
 PARAMETER  CORRELATION COEFFICIENTS  
       NO.  GLOBAL      1      2      3      4
        1  0.99740   1.000 -0.996 -0.143 -0.039
        2  0.99743  -0.996  1.000  0.177  0.025
        3  0.57351  -0.143  0.177  1.000  0.308
        4  0.44613  -0.039  0.025  0.308  1.000
 ERR MATRIX NOT POS-DEF
 **********
 **    2 **MIGRAD 
 **********
 START MIGRAD MINIMIZATION.  STRATEGY  1.  CONVERGENCE WHEN EDM .LT. 1.00e-04
 FCN=-2.37856e+11 FROM MIGRAD    STATUS=INITIATE        8 CALLS         111 TOTAL
                     EDM=63.2712    STRATEGY= 1      ERR MATRIX NOT POS-DEF
  EXT PARAMETER                APPROXIMATE        STEP         FIRST   
  NO.   NAME      VALUE            ERROR          SIZE      DERIVATIVE 
   1  norm         5.59089e+05   1.00381e+02   5.32805e+00   2.15045e+00
   2  Q            5.64972e-01   3.24533e-05   1.03008e-04   6.68523e+06
   3  theta       -1.21947e-02   8.16620e-04   1.15680e-01  -1.49333e+04
   4  pileup       9.99993e-04   9.83261e-08   2.14079e-05   8.62893e+07
 EIGENVALUES OF SECOND-DERIVATIVE MATRIX:
        -6.2388e-03  4.2748e-01  1.1117e+00  2.4670e+00
 MINUIT WARNING IN MIGRAD  
 ============== MATRIX FORCED POS-DEF BY ADDING 0.008706 TO DIAGONAL.
 MIGRAD FAILS TO FIND IMPROVEMENT
 COVARIANCE MATRIX CALCULATED SUCCESSFULLY
 FCN=-2.37856e+11 FROM HESSE     STATUS=OK             29 CALLS         168 TOTAL
                     EDM=1.70721    STRATEGY= 1      ERROR MATRIX ACCURATE 
  EXT PARAMETER                                   STEP         FIRST   
  NO.   NAME      VALUE            ERROR          SIZE      DERIVATIVE 
   1  norm         5.59035e+05   8.79104e+00   1.06561e+02   2.23388e-01
   2  Q            5.64974e-01   4.68996e-07   5.54882e-04   6.89882e+05
   3  theta       -1.13267e-02   2.99388e-04   3.58901e-01  -7.55187e+02
   4  pileup       9.99910e-04   1.03881e-07   2.09895e-05   2.01339e+07
 EIGENVALUES OF SECOND-DERIVATIVE MATRIX:
        -8.0107e-01  6.1748e-01  1.3582e+00  2.8253e+00
 MINUIT WARNING IN MIGRAD  
 ============== MATRIX FORCED POS-DEF BY ADDING 0.803899 TO DIAGONAL.
 MIGRAD FAILS TO FIND IMPROVEMENT
 MACHINE ACCURACY LIMITS FURTHER IMPROVEMENT.
 MIGRAD MINIMIZATION HAS CONVERGED.
 MIGRAD WILL VERIFY CONVERGENCE AND ERROR MATRIX.
 COVARIANCE MATRIX CALCULATED SUCCESSFULLY
 MIGRAD TERMINATED WITHOUT CONVERGENCE.
 FCN=-2.37856e+11 FROM MIGRAD    STATUS=FAILED        183 CALLS         286 TOTAL
                     EDM=0.64915    STRATEGY= 1      ERR MATRIX APPROXIMATE
  EXT PARAMETER                APPROXIMATE        STEP         FIRST   
  NO.   NAME      VALUE            ERROR          SIZE      DERIVATIVE 
   1  norm         5.59031e+05   8.79040e+00   1.72603e+03   1.40700e-01
   2  Q            5.64974e-01   4.71625e-07   5.54894e-04   4.33255e+05
   3  theta       -9.84780e-03   4.12734e-04   2.61809e-01  -1.04246e+03
   4  pileup       9.99847e-04   1.03082e-07   2.09855e-05   6.40411e+06
 EXTERNAL ERROR MATRIX.    NDIM=  25    NPAR=  4    ERR DEF=1
  7.727e+01  1.006e-07  1.660e-03 -7.772e-08 
  1.006e-07  2.224e-13  7.050e-11 -7.545e-15 
  1.660e-03  7.050e-11  1.703e-07  1.301e-11 
 -7.772e-08 -7.545e-15  1.301e-11  1.063e-14 
ERR MATRIX APPROXIMATE
 PARAMETER  CORRELATION COEFFICIENTS  
       NO.  GLOBAL      1      2      3      4
        1  0.56580   1.000  0.024  0.458 -0.086
        2  0.51763   0.024  1.000  0.362 -0.155
        3  0.70487   0.458  0.362  1.000  0.306
        4  0.51882  -0.086 -0.155  0.306  1.000
 ERR MATRIX APPROXIMATE
status of the fit-----000------4
1  559031
2  0.564974
3  -0.0098478
4  0.000999847
 PARAMETER DEFINITIONS:
    NO.   NAME         VALUE      STEP SIZE      LIMITS
     1 norm         5.59031e+05  1.00000e-01     no limits
     2 Q            5.64974e-01  1.00000e-01     no limits
     3 theta       -9.84780e-03  1.00000e-01     no limits
     4 pileup       9.99847e-04  1.00000e-01     no limits
 **********
 **    3 **MIGRAD
 **********
 FIRST CALL TO USER FUNCTION AT NEW START POINT, WITH IFLAG=4.
 START MIGRAD MINIMIZATION.  STRATEGY  1.  CONVERGENCE WHEN EDM .LT. 1.00e-04
 FCN=-2.37856e+11 FROM MIGRAD    STATUS=INITIATE       18 CALLS         305 TOTAL
                     EDM= unknown      STRATEGY= 1      NO ERROR MATRIX       
  EXT PARAMETER               CURRENT GUESS       STEP         FIRST   
  NO.   NAME      VALUE            ERROR          SIZE      DERIVATIVE 
   1  norm         5.59031e+05   1.00000e-01   1.00000e-01   1.40838e-01
   2  Q            5.64974e-01   1.00000e-01   1.00000e-01   6.79296e+06
   3  theta       -9.84780e-03   1.00000e-01   1.00000e-01  -6.78299e+04
   4  pileup       9.99847e-04   1.00000e-01   1.00000e-01  -9.18053e+11
 MIGRAD FAILS TO FIND IMPROVEMENT
 COVARIANCE MATRIX CALCULATED SUCCESSFULLY
 FCN=-2.37856e+11 FROM HESSE     STATUS=OK             29 CALLS         345 TOTAL
                     EDM=2.08412    STRATEGY= 1      ERROR MATRIX ACCURATE 
  EXT PARAMETER                                   STEP         FIRST   
  NO.   NAME      VALUE            ERROR          SIZE      DERIVATIVE 
   1  norm         5.59031e+05   2.22110e+01   2.66567e+00   1.40729e-01
   2  Q            5.64974e-01   1.59122e-06   1.00000e-03   4.33251e+05
   3  theta       -9.84780e-03   1.19850e-03   1.01414e-01  -5.15236e+02
   4  pileup       9.99847e-04   9.24327e-08   1.00000e-02   5.85700e+06
 EIGENVALUES OF SECOND-DERIVATIVE MATRIX:
        -2.8308e-01 -1.8654e-05  9.8251e-01  3.3006e+00
 MINUIT WARNING IN MIGRAD  
 ============== MATRIX FORCED POS-DEF BY ADDING 0.286378 TO DIAGONAL.
 MIGRAD FAILS TO FIND IMPROVEMENT
 MACHINE ACCURACY LIMITS FURTHER IMPROVEMENT.
 MIGRAD MINIMIZATION HAS CONVERGED.
 MIGRAD WILL VERIFY CONVERGENCE AND ERROR MATRIX.
 COVARIANCE MATRIX CALCULATED SUCCESSFULLY
 MIGRAD TERMINATED WITHOUT CONVERGENCE.
 FCN=-2.37856e+11 FROM MIGRAD    STATUS=FAILED        172 CALLS         459 TOTAL
                     EDM=0.123541    STRATEGY= 1      ERR MATRIX APPROXIMATE
  EXT PARAMETER                APPROXIMATE        STEP         FIRST   
  NO.   NAME      VALUE            ERROR          SIZE      DERIVATIVE 
   1  norm         5.59020e+05   8.89972e+00   1.72601e+03  -2.43905e-02
   2  Q            5.64976e-01   4.83045e-07   5.54913e-04  -7.86861e+04
   3  theta       -7.20399e-03   3.47930e-04   3.24308e-01  -6.16723e+02
   4  pileup       9.99836e-04   1.04160e-07   2.09857e-05   3.58298e+06
 EXTERNAL ERROR MATRIX.    NDIM=  25    NPAR=  4    ERR DEF=1
  7.921e+01  2.221e-07  1.476e-03 -5.726e-08 
  2.221e-07  2.333e-13  6.811e-11 -6.700e-15 
  1.476e-03  6.811e-11  1.211e-07  1.187e-11 
 -5.726e-08 -6.700e-15  1.187e-11  1.085e-14 
ERR MATRIX APPROXIMATE
 PARAMETER  CORRELATION COEFFICIENTS  
       NO.  GLOBAL      1      2      3      4
        1  0.58031   1.000  0.052  0.477 -0.062
        2  0.55016   0.052  1.000  0.405 -0.133
        3  0.73576   0.477  0.405  1.000  0.328
        4  0.53312  -0.062 -0.133  0.328  1.000
 ERR MATRIX APPROXIMATE
 **********
 **    4 **MIGRAD 
 **********
 START MIGRAD MINIMIZATION.  STRATEGY  1.  CONVERGENCE WHEN EDM .LT. 1.00e-04
 FCN=-2.37856e+11 FROM MIGRAD    STATUS=INITIATE        8 CALLS         467 TOTAL
                     EDM=7.69217    STRATEGY= 1      ERR MATRIX APPROXIMATE
  EXT PARAMETER                APPROXIMATE        STEP         FIRST   
  NO.   NAME      VALUE            ERROR          SIZE      DERIVATIVE 
   1  norm         5.59020e+05   8.89972e+00   1.72601e+03  -3.46245e-02
   2  Q            5.64976e-01   4.83045e-07   5.54913e-04  -7.86083e+04
   3  theta       -7.20399e-03   3.47930e-04   3.24308e-01  -1.53686e+04
   4  pileup       9.99836e-04   1.04160e-07   2.09857e-05  -9.27483e+05
 EIGENVALUES OF SECOND-DERIVATIVE MATRIX:
        -1.8752e-03  4.0517e-01  1.0534e+00  2.5433e+00
 MINUIT WARNING IN MIGRAD  
 ============== MATRIX FORCED POS-DEF BY ADDING 0.004419 TO DIAGONAL.
 MIGRAD FAILS TO FIND IMPROVEMENT
 COVARIANCE MATRIX CALCULATED SUCCESSFULLY
 FCN=-2.37856e+11 FROM HESSE     STATUS=OK             31 CALLS         531 TOTAL
                     EDM=0.0602373    STRATEGY= 1      ERROR MATRIX ACCURATE 
  EXT PARAMETER                                   STEP         FIRST   
  NO.   NAME      VALUE            ERROR          SIZE      DERIVATIVE 
   1  norm         5.59020e+05   8.89815e+00   1.72599e+03  -9.87294e-03
   2  Q            5.64976e-01   4.82950e-07   5.54913e-04  -3.34912e+04
   3  theta       -7.18335e-03   3.71630e-04   3.03294e-01  -6.43496e+02
   4  pileup       9.99838e-04   1.03964e-07   2.09868e-05   4.48017e+06
 MINUIT WARNING IN MIGRAD  
 ============== Negative diagonal element 3 in Error Matrix
 MINUIT WARNING IN MIGRAD  
 ============== 1 added to diagonal of error matrix
 MIGRAD FAILS TO FIND IMPROVEMENT
 MACHINE ACCURACY LIMITS FURTHER IMPROVEMENT.
 MIGRAD MINIMIZATION HAS CONVERGED.
 MIGRAD WILL VERIFY CONVERGENCE AND ERROR MATRIX.
 EIGENVALUES OF SECOND-DERIVATIVE MATRIX:
        -1.9348e-04  5.9240e-01  8.6137e-01  2.5464e+00
 MINUIT WARNING IN HESSE   
 ============== MATRIX FORCED POS-DEF BY ADDING 0.002740 TO DIAGONAL.
 MIGRAD TERMINATED WITHOUT CONVERGENCE.
 FCN=-2.37856e+11 FROM MIGRAD    STATUS=FAILED        121 CALLS         580 TOTAL
                     EDM=0.103424    STRATEGY= 1      ERR MATRIX NOT POS-DEF
  EXT PARAMETER                APPROXIMATE        STEP         FIRST   
  NO.   NAME      VALUE            ERROR          SIZE      DERIVATIVE 
   1  norm         5.59021e+05   1.01546e+02   6.90398e+02   1.36869e-02
   2  Q            5.64976e-01   3.27117e-05   9.60592e-05   3.92402e+04
   3  theta       -7.15782e-03   1.44061e-03   6.01040e-02  -3.33297e+02
   4  pileup       9.99817e-04   9.74163e-08   8.39470e-06   5.13673e+05
 EXTERNAL ERROR MATRIX.    NDIM=  25    NPAR=  4    ERR DEF=1
  1.031e+04 -3.311e-03 -4.228e-03  3.942e-08 
 -3.311e-03  1.070e-09  2.772e-09 -6.475e-14 
 -4.228e-03  2.772e-09  2.075e-06  3.898e-11 
  3.942e-08 -6.475e-14  3.898e-11  9.490e-15 
ERR MATRIX NOT POS-DEF
 PARAMETER  CORRELATION COEFFICIENTS  
       NO.  GLOBAL      1      2      3      4
        1  0.99746   1.000 -0.997 -0.029  0.004
        2  0.99747  -0.997  1.000  0.059 -0.020
        3  0.51561  -0.029  0.059  1.000  0.278
        4  0.42877   0.004 -0.020  0.278  1.000
 ERR MATRIX NOT POS-DEF
status of the fit-----000------4
1  559021
2  0.564976
3  -0.00715782
4  0.000999817
 PARAMETER DEFINITIONS:
    NO.   NAME         VALUE      STEP SIZE      LIMITS
     1 norm         5.59021e+05  1.00000e-01     no limits
     2 Q            5.64976e-01  1.00000e-01     no limits
     3 theta       -7.15782e-03  1.00000e-01     no limits
     4 pileup       9.99817e-04  1.00000e-01     no limits
 **********
 **    5 **MIGRAD
 **********
 FIRST CALL TO USER FUNCTION AT NEW START POINT, WITH IFLAG=4.
 START MIGRAD MINIMIZATION.  STRATEGY  1.  CONVERGENCE WHEN EDM .LT. 1.00e-04
 FCN=-2.37856e+11 FROM MIGRAD    STATUS=INITIATE       14 CALLS         595 TOTAL
                     EDM= unknown      STRATEGY= 1      NO ERROR MATRIX       
  EXT PARAMETER               CURRENT GUESS       STEP         FIRST   
  NO.   NAME      VALUE            ERROR          SIZE      DERIVATIVE 
   1  norm         5.59021e+05   1.00000e-01   1.00000e-01   1.37268e-02
   2  Q            5.64976e-01   1.00000e-01   1.00000e-01   5.40805e+06
   3  theta       -7.15782e-03   1.00000e-01   1.00000e-01  -4.79406e+04
   4  pileup       9.99817e-04   1.00000e-01   1.00000e-01  -9.18056e+11
 MIGRAD FAILS TO FIND IMPROVEMENT
 COVARIANCE MATRIX CALCULATED SUCCESSFULLY
 FCN=-2.37856e+11 FROM HESSE     STATUS=OK             29 CALLS         635 TOTAL
                     EDM=0.126086    STRATEGY= 1      ERROR MATRIX ACCURATE 
  EXT PARAMETER                                   STEP         FIRST   
  NO.   NAME      VALUE            ERROR          SIZE      DERIVATIVE 
   1  norm         5.59021e+05   2.36612e+01   2.66562e+00   1.36811e-02
   2  Q            5.64976e-01   1.77479e-06   1.00000e-03   3.92394e+04
   3  theta       -7.15782e-03   1.40057e-03   1.00000e-01  -3.81790e+02
   4  pileup       9.99817e-04   9.24327e-08   1.00000e-02  -7.17593e+04
 EIGENVALUES OF SECOND-DERIVATIVE MATRIX:
        -1.3502e-01  6.3216e-02  1.2678e+00  2.8040e+00
 MINUIT WARNING IN MIGRAD  
 ============== MATRIX FORCED POS-DEF BY ADDING 0.137826 TO DIAGONAL.
 EIGENVALUES OF SECOND-DERIVATIVE MATRIX:
        -4.7091e-05  4.2830e-03  9.5898e-01  3.0368e+00
 MINUIT WARNING IN MIGRAD  
 ============== MATRIX FORCED POS-DEF BY ADDING 0.003084 TO DIAGONAL.
 MIGRAD FAILS TO FIND IMPROVEMENT
 MACHINE ACCURACY LIMITS FURTHER IMPROVEMENT.
 MIGRAD MINIMIZATION HAS CONVERGED.
 MIGRAD WILL VERIFY CONVERGENCE AND ERROR MATRIX.
 COVARIANCE MATRIX CALCULATED SUCCESSFULLY
 MIGRAD TERMINATED WITHOUT CONVERGENCE.
 FCN=-2.37856e+11 FROM MIGRAD    STATUS=FAILED        164 CALLS         745 TOTAL
                     EDM=0.0702197    STRATEGY= 1      ERR MATRIX APPROXIMATE
  EXT PARAMETER                APPROXIMATE        STEP         FIRST   
  NO.   NAME      VALUE            ERROR          SIZE      DERIVATIVE 
   1  norm         5.59020e+05   8.90818e+00   1.72599e+03  -1.97247e-02
   2  Q            5.64976e-01   4.83399e-07   5.54914e-04  -6.43402e+04
   3  theta       -6.90763e-03   3.37890e-04   3.34860e-01  -5.87984e+02
   4  pileup       9.99812e-04   1.04310e-07   2.09853e-05  -1.24223e+06
 EXTERNAL ERROR MATRIX.    NDIM=  25    NPAR=  4    ERR DEF=1
  7.936e+01  2.293e-07  1.439e-03 -5.467e-08 
  2.293e-07  2.337e-13  6.644e-11 -6.579e-15 
  1.439e-03  6.644e-11  1.142e-07  1.168e-11 
 -5.467e-08 -6.579e-15  1.168e-11  1.088e-14 
ERR MATRIX APPROXIMATE
 PARAMETER  CORRELATION COEFFICIENTS  
       NO.  GLOBAL      1      2      3      4
        1  0.58140   1.000  0.053  0.478 -0.059
        2  0.55109   0.053  1.000  0.407 -0.130
        3  0.73799   0.478  0.407  1.000  0.332
        4  0.53508  -0.059 -0.130  0.332  1.000
 ERR MATRIX APPROXIMATE
 **********
 **    6 **MIGRAD 
 **********
 START MIGRAD MINIMIZATION.  STRATEGY  1.  CONVERGENCE WHEN EDM .LT. 1.00e-04
 FCN=-2.37856e+11 FROM MIGRAD    STATUS=INITIATE        8 CALLS         753 TOTAL
                     EDM=6.35552    STRATEGY= 1      ERR MATRIX APPROXIMATE
  EXT PARAMETER                APPROXIMATE        STEP         FIRST   
  NO.   NAME      VALUE            ERROR          SIZE      DERIVATIVE 
   1  norm         5.59020e+05   8.90818e+00   1.72599e+03  -2.99587e-02
   2  Q            5.64976e-01   4.83399e-07   5.54914e-04  -6.42672e+04
   3  theta       -6.90763e-03   3.37890e-04   3.34860e-01  -1.38316e+04
   4  pileup       9.99812e-04   1.04310e-07   2.09853e-05  -5.75274e+06
 EIGENVALUES OF SECOND-DERIVATIVE MATRIX:
        -3.7331e-03  4.0374e-01  1.0508e+00  2.5492e+00
 MINUIT WARNING IN MIGRAD  
 ============== MATRIX FORCED POS-DEF BY ADDING 0.006282 TO DIAGONAL.
 MIGRAD FAILS TO FIND IMPROVEMENT
 MACHINE ACCURACY LIMITS FURTHER IMPROVEMENT.
 MIGRAD MINIMIZATION HAS CONVERGED.
 MIGRAD WILL VERIFY CONVERGENCE AND ERROR MATRIX.
 EIGENVALUES OF SECOND-DERIVATIVE MATRIX:
        -2.7610e-04  5.8553e-01  8.6085e-01  2.5539e+00
 MINUIT WARNING IN HESSE   
 ============== MATRIX FORCED POS-DEF BY ADDING 0.002830 TO DIAGONAL.
 FCN=-2.37856e+11 FROM HESSE     STATUS=NOT POSDEF     29 CALLS         841 TOTAL
                     EDM=0.043619    STRATEGY= 1      ERR MATRIX NOT POS-DEF
  EXT PARAMETER                APPROXIMATE        STEP         FIRST   
  NO.   NAME      VALUE            ERROR          SIZE      DERIVATIVE 
   1  norm         5.59020e+05   1.01390e+02   1.72599e+03   1.10731e-02
   2  Q            5.64976e-01   3.26665e-05   9.66355e-05   3.15406e+04
   3  theta       -6.86523e-03   1.45462e-03   5.99591e-02  -3.09004e+02
   4  pileup       9.99818e-04   9.75059e-08   2.09852e-05   9.44877e+05
 MINUIT WARNING IN MIGRAD  
 ============== Negative diagonal element 3 in Error Matrix
 MINUIT WARNING IN MIGRAD  
 ============== 1 added to diagonal of error matrix
 MIGRAD FAILS TO FIND IMPROVEMENT
 MACHINE ACCURACY LIMITS FURTHER IMPROVEMENT.
 MIGRAD MINIMIZATION HAS CONVERGED.
 MIGRAD WILL VERIFY CONVERGENCE AND ERROR MATRIX.
 EIGENVALUES OF SECOND-DERIVATIVE MATRIX:
        -3.8961e-04  7.6297e-01  9.0939e-01  2.3280e+00
 MINUIT WARNING IN HESSE   
 ============== MATRIX FORCED POS-DEF BY ADDING 0.002718 TO DIAGONAL.
 MIGRAD TERMINATED WITHOUT CONVERGENCE.
 FCN=-2.37856e+11 FROM MIGRAD    STATUS=FAILED        147 CALLS         892 TOTAL
                     EDM=0.275882    STRATEGY= 1      ERR MATRIX NOT POS-DEF
  EXT PARAMETER                APPROXIMATE        STEP         FIRST   
  NO.   NAME      VALUE            ERROR          SIZE      DERIVATIVE 
   1  norm         5.59005e+05   1.06262e+02   6.90396e+02   8.55958e-02
   2  Q            5.64981e-01   3.41825e-05   1.93271e-04   2.63783e+05
   3  theta       -6.06379e-03   2.86544e-03   2.39836e-02  -1.65719e+02
   4  pileup       9.99825e-04   9.46255e-08   8.39407e-06   5.65601e+06
 EXTERNAL ERROR MATRIX.    NDIM=  25    NPAR=  4    ERR DEF=1
  1.129e+04 -3.622e-03  4.398e-03  1.466e-07 
 -3.622e-03  1.168e-09  2.324e-11 -1.187e-13 
  4.398e-03  2.324e-11  8.211e-06  4.017e-11 
  1.466e-07 -1.187e-13  4.017e-11  8.954e-15 
ERR MATRIX NOT POS-DEF
 PARAMETER  CORRELATION COEFFICIENTS  
       NO.  GLOBAL      1      2      3      4
        1  0.99768   1.000 -0.997  0.014  0.015
        2  0.99768  -0.997  1.000  0.000 -0.037
        3  0.29461   0.014  0.000  1.000  0.148
        4  0.36737   0.015 -0.037  0.148  1.000
 ERR MATRIX NOT POS-DEF
status of the fit-----000------4
1  559005
2  0.564981
3  -0.00606379
4  0.000999825
 **********
 **   14 **SET PRINT           2
 **********
 **********
 **   15 **SET NOGRAD
 **********
 PARAMETER DEFINITIONS:
    NO.   NAME         VALUE      STEP SIZE      LIMITS
     1 p0           5.58000e+05  1.67400e+05     no limits
     2 p1           5.65000e-01  1.69500e-01     no limits
     3 p2           0.00000e+00  3.00000e-01     no limits
     4 p3           9.99871e-04  2.99961e-04     no limits
 **********
 **   16 **SET ERR         0.5
 **********
 **********
 **   17 **SET PRINT           2
 **********
 **********
 **   18 **SET STR           1
 **********
 NOW USING STRATEGY  1: TRY TO BALANCE SPEED AGAINST RELIABILITY
 **********
 **   19 **MIGRAD        1480        0.01
 **********
 FIRST CALL TO USER FUNCTION AT NEW START POINT, WITH IFLAG=4.
 START MIGRAD MINIMIZATION.  STRATEGY  1.  CONVERGENCE WHEN EDM .LT. 1.00e-05
 FCN=17465.9 FROM MIGRAD    STATUS=INITIATE       18 CALLS          19 TOTAL
                     EDM= unknown      STRATEGY= 1      NO ERROR MATRIX       
  EXT PARAMETER               CURRENT GUESS       STEP         FIRST   
  NO.   NAME      VALUE            ERROR          SIZE      DERIVATIVE 
   1  p0           5.58000e+05   1.67400e+05   1.67400e+05  -3.64355e+01
   2  p1           5.65000e-01   1.69500e-01   1.69500e-01  -1.13099e+08
   3  p2           0.00000e+00   3.00000e-01   3.00000e-01   0.00000e+00
   4  p3           9.99871e-04   2.99961e-04   2.99961e-04  -9.75479e+08
                               ERR DEF= 0.5
NO ERROR MATRIX       
 FCN=512.211 FROM MIGRAD    STATUS=PROGRESS       34 CALLS          35 TOTAL
                     EDM=1442.4    STRATEGY= 1      NO ERROR MATRIX       
  EXT PARAMETER               CURRENT GUESS       STEP         FIRST   
  NO.   NAME      VALUE            ERROR          SIZE      DERIVATIVE 
   1  p0           5.58442e+05   1.67400e+05   4.41689e+02  -8.35730e-01
   2  p1           5.65142e-01   1.69500e-01   1.42431e-04  -2.56543e+06
   3  p2           0.00000e+00   3.00000e-01  -0.00000e+00   0.00000e+00
   4  p3           1.00162e-03   2.99961e-04   1.75331e-06   4.20142e+08
                               ERR DEF= 0.5
 FCN=70.1145 FROM MIGRAD    STATUS=PROGRESS      146 CALLS         147 TOTAL
                     EDM=2.60293e-05    STRATEGY= 1  ERROR MATRIX UNCERTAINTY  17.9 per cent
  EXT PARAMETER                APPROXIMATE        STEP         FIRST   
  NO.   NAME      VALUE            ERROR          SIZE      DERIVATIVE 
   1  p0           5.59446e+05   1.07922e+03   1.82821e+01  -3.71995e-04
   2  p1           5.64844e-01   3.47078e-04  -5.88577e-06  -1.16457e+03
   3  p2           0.00000e+00   4.91066e-04  -0.00000e+00   0.00000e+00
   4  p3           9.99693e-04   6.64880e-08   1.83333e-09   5.26330e+04
                               ERR DEF= 0.5
 MINUIT WARNING IN MIGRAD  
 ============== Negative diagonal element 1 in Error Matrix
 MINUIT WARNING IN MIGRAD  
 ============== Negative diagonal element 2 in Error Matrix
 MINUIT WARNING IN MIGRAD  
 ============== 1.8007e+06 added to diagonal of error matrix
 EIGENVALUES OF SECOND-DERIVATIVE MATRIX:
         9.9957e-01  1.0000e+00  1.0000e+00  1.0004e+00
 MIGRAD FAILS TO FIND IMPROVEMENT
   START COVARIANCE MATRIX CALCULATION.
 EIGENVALUES OF SECOND-DERIVATIVE MATRIX:
         1.4641e-04  8.0628e-01  9.9994e-01  2.1936e+00
 COVARIANCE MATRIX CALCULATED SUCCESSFULLY
 FCN=70.1145 FROM HESSE     STATUS=OK             27 CALLS         229 TOTAL
                     EDM=8.63005e-06    STRATEGY= 1      ERROR MATRIX ACCURATE 
  EXT PARAMETER                                   STEP         FIRST   
  NO.   NAME      VALUE            ERROR          SIZE      DERIVATIVE 
   1  p0           5.59449e+05   2.99927e+02   2.66766e-01   2.26665e-04
   2  p1           5.64843e-01   9.61860e-05   2.69338e-07   6.75148e+02
   3  p2           0.00000e+00   1.31526e-02   8.15949e-05   0.00000e+00
   4  p3           9.99693e-04   6.82362e-08   4.76691e-10  -2.32317e+04
                               ERR DEF= 0.5
 PARAMETER  CORRELATION COEFFICIENTS  
       NO.  GLOBAL      1      2      3      4
        1  0.99985   1.000 -1.000 -0.130 -0.291
        2  0.99985  -1.000  1.000  0.130  0.285
        3  0.13068  -0.130  0.130  1.000  0.034
        4  0.43442  -0.291  0.285  0.034  1.000
 MIGRAD FAILS TO FIND IMPROVEMENT
 MIGRAD MINIMIZATION HAS CONVERGED.
 FCN=70.1145 FROM MIGRAD    STATUS=CONVERGED     230 CALLS         231 TOTAL
                     EDM=8.63005e-06    STRATEGY= 1      ERROR MATRIX ACCURATE 
  EXT PARAMETER                                   STEP         FIRST   
  NO.   NAME      VALUE            ERROR          SIZE      DERIVATIVE 
   1  p0           5.59449e+05   2.99927e+02  -0.00000e+00   2.26665e-04
   2  p1           5.64843e-01   9.61860e-05   0.00000e+00   6.75148e+02
   3  p2           0.00000e+00   1.31526e-02   0.00000e+00   0.00000e+00
   4  p3           9.99693e-04   6.82362e-08   0.00000e+00  -2.32317e+04
                               ERR DEF= 0.5
 EXTERNAL ERROR MATRIX.    NDIM=  25    NPAR=  4    ERR DEF=0.5
  8.996e+04 -2.884e-02 -5.127e-01 -5.948e-06 
 -2.884e-02  9.252e-09  1.647e-07  1.869e-12 
 -5.127e-01  1.647e-07  1.730e-04  3.073e-11 
 -5.948e-06  1.869e-12  3.073e-11  4.656e-15 
 PARAMETER  CORRELATION COEFFICIENTS  
       NO.  GLOBAL      1      2      3      4
        1  0.99985   1.000 -1.000 -0.130 -0.291
        2  0.99985  -1.000  1.000  0.130  0.285
        3  0.13068  -0.130  0.130  1.000  0.034
        4  0.43442  -0.291  0.285  0.034  1.000
 EXTERNAL ERROR MATRIX.    NDIM=   4    NPAR=  4    ERR DEF=0.5
  8.996e+04 -2.884e-02 -5.127e-01 -5.948e-06 
 -2.884e-02  9.252e-09  1.647e-07  1.869e-12 
 -5.127e-01  1.647e-07  1.730e-04  3.073e-11 
 -5.948e-06  1.869e-12  3.073e-11  4.656e-15 
 FCN=70.1145 FROM MIGRAD    STATUS=CONVERGED     230 CALLS         231 TOTAL
                     EDM=8.63005e-06    STRATEGY= 1      ERROR MATRIX ACCURATE 
  EXT PARAMETER                  PARABOLIC         MINOS ERRORS        
  NO.   NAME      VALUE            ERROR      NEGATIVE      POSITIVE   
   1  p0           5.59449e+05   2.99927e+02                            
   2  p1           5.64843e-01   9.61860e-05                            
   3  p2           0.00000e+00   1.31526e-02                            
   4  p3           9.99693e-04   6.82362e-08                            
                               ERR DEF= 0.5
------------------------------------------
Enering ROOFIt-------
 PARAMETER DEFINITIONS:
    NO.   NAME         VALUE      STEP SIZE      LIMITS
     1 norm         5.59449e+05  1.00000e-01     no limits
     2 Q            5.65000e-01  1.00000e-01     no limits
     3 theta        0.00000e+00  1.00000e-01     no limits
     4 pileup       9.99693e-04  1.00000e-01     no limits
 **********
 **    1 **MIGRAD
 **********
 FIRST CALL TO USER FUNCTION AT NEW START POINT, WITH IFLAG=4.
 START MIGRAD MINIMIZATION.  STRATEGY  1.  CONVERGENCE WHEN EDM .LT. 1.00e-04
 FCN=-2.37862e+11 FROM MIGRAD    STATUS=INITIATE       14 CALLS          15 TOTAL
                     EDM= unknown      STRATEGY= 1      NO ERROR MATRIX       
  EXT PARAMETER               CURRENT GUESS       STEP         FIRST   
  NO.   NAME      VALUE            ERROR          SIZE      DERIVATIVE 
   1  norm         5.59449e+05   1.00000e-01   1.00000e-01   1.85909e+01
   2  Q            5.65000e-01   1.00000e-01   1.00000e-01   2.91553e+08
   3  theta        0.00000e+00   1.00000e-01   1.00000e-01   0.00000e+00
   4  pileup       9.99693e-04   1.00000e-01   1.00000e-01  -9.17349e+11
 MIGRAD FAILS TO FIND IMPROVEMENT
 EIGENVALUES OF SECOND-DERIVATIVE MATRIX:
        -4.7262e-01  1.6937e-01  9.1633e-01  3.3869e+00
 MINUIT WARNING IN HESSE   
 ============== MATRIX FORCED POS-DEF BY ADDING 0.476005 TO DIAGONAL.
 FCN=-2.37862e+11 FROM HESSE     STATUS=NOT POSDEF     27 CALLS          53 TOTAL
                     EDM=81319.8    STRATEGY= 1      ERR MATRIX NOT POS-DEF
  EXT PARAMETER                APPROXIMATE        STEP         FIRST   
  NO.   NAME      VALUE            ERROR          SIZE      DERIVATIVE 
   1  norm         5.59449e+05   1.42608e+01   2.66766e+00   1.85910e+01
   2  Q            5.65000e-01   4.94093e-06   1.00000e-03   5.78623e+07
   3  theta        0.00000e+00   1.65987e-02   1.00000e-01   0.00000e+00
   4  pileup       9.99693e-04   1.17334e-07   1.00000e-02   5.20982e+08
 MIGRAD FAILS TO FIND IMPROVEMENT
 MIGRAD TERMINATED WITHOUT CONVERGENCE.
 FCN=-2.37862e+11 FROM MIGRAD    STATUS=FAILED         94 CALLS          95 TOTAL
                     EDM=226017    STRATEGY= 1      ERR MATRIX NOT POS-DEF
  EXT PARAMETER                APPROXIMATE        STEP         FIRST   
  NO.   NAME      VALUE            ERROR          SIZE      DERIVATIVE 
   1  norm         5.58974e+05   6.35906e+00   0.00000e+00   1.13984e+00
   2  Q            5.65015e-01   1.88419e-07  -0.00000e+00   1.23119e+09
   3  theta        1.02377e-04   1.32438e-04   0.00000e+00   1.12557e+04
   4  pileup       9.98618e-04   7.45626e-08   0.00000e+00  -2.39403e+08
 EXTERNAL ERROR MATRIX.    NDIM=  25    NPAR=  4    ERR DEF=1
  4.044e+01 -2.519e-07 -1.242e-05 -6.889e-08 
 -2.519e-07  3.550e-14 -5.279e-12  7.882e-16 
 -1.242e-05 -5.279e-12  1.754e-08 -2.003e-13 
 -6.889e-08  7.882e-16 -2.003e-13  5.560e-15 
ERR MATRIX NOT POS-DEF
 PARAMETER  CORRELATION COEFFICIENTS  
       NO.  GLOBAL      1      2      3      4
        1  0.25669   1.000 -0.210 -0.015 -0.145
        2  0.30121  -0.210  1.000 -0.212  0.056
        3  0.22072  -0.015 -0.212  1.000 -0.020
        4  0.14862  -0.145  0.056 -0.020  1.000
 ERR MATRIX NOT POS-DEF
 **********
 **    2 **MIGRAD 
 **********
 START MIGRAD MINIMIZATION.  STRATEGY  1.  CONVERGENCE WHEN EDM .LT. 1.00e-04
 FCN=-2.37862e+11 FROM MIGRAD    STATUS=INITIATE       12 CALLS         107 TOTAL
                     EDM=229.196    STRATEGY= 1      ERR MATRIX NOT POS-DEF
  EXT PARAMETER                APPROXIMATE        STEP         FIRST   
  NO.   NAME      VALUE            ERROR          SIZE      DERIVATIVE 
   1  norm         5.58974e+05   6.35906e+00   0.00000e+00   1.13372e+00
   2  Q            5.65015e-01   1.88419e-07  -0.00000e+00   3.53178e+06
   3  theta        1.02377e-04   1.32438e-04   0.00000e+00   1.49661e+02
   4  pileup       9.98618e-04   7.45626e-08   0.00000e+00  -2.39351e+08
 MIGRAD FAILS TO FIND IMPROVEMENT
 EIGENVALUES OF SECOND-DERIVATIVE MATRIX:
        -1.1919e-01  4.4228e-01  6.6712e-01  3.0098e+00
 MINUIT WARNING IN HESSE   
 ============== MATRIX FORCED POS-DEF BY ADDING 0.122198 TO DIAGONAL.
 FCN=-2.37862e+11 FROM HESSE     STATUS=NOT POSDEF     31 CALLS         164 TOTAL
                     EDM=5.66441    STRATEGY= 1      ERR MATRIX NOT POS-DEF
  EXT PARAMETER                APPROXIMATE        STEP         FIRST   
  NO.   NAME      VALUE            ERROR          SIZE      DERIVATIVE 
   1  norm         5.58926e+05   1.34818e+01   1.72574e+03   5.13024e-01
   2  Q            5.65015e-01   5.38875e-06   5.54966e-04   1.59808e+06
   3  theta        8.84516e-05   2.41136e-03   3.85337e-01  -3.50644e+00
   4  pileup       9.99716e-04   1.23445e-07   2.09680e-05   2.19381e+07
 MIGRAD FAILS TO FIND IMPROVEMENT
 MACHINE ACCURACY LIMITS FURTHER IMPROVEMENT.
 MIGRAD MINIMIZATION HAS CONVERGED.
 MIGRAD WILL VERIFY CONVERGENCE AND ERROR MATRIX.
 EIGENVALUES OF SECOND-DERIVATIVE MATRIX:
        -7.5121e-02  4.6673e-01  6.7045e-01  2.9379e+00
 MINUIT WARNING IN HESSE   
 ============== MATRIX FORCED POS-DEF BY ADDING 0.078059 TO DIAGONAL.
 MIGRAD TERMINATED WITHOUT CONVERGENCE.
 FCN=-2.37862e+11 FROM MIGRAD    STATUS=FAILED        189 CALLS         284 TOTAL
                     EDM=0.51758    STRATEGY= 1      ERR MATRIX NOT POS-DEF
  EXT PARAMETER                APPROXIMATE        STEP         FIRST   
  NO.   NAME      VALUE            ERROR          SIZE      DERIVATIVE 
   1  norm         5.58919e+05   1.20712e+01   1.72566e+03  -5.27177e-03
   2  Q            5.65013e-01   5.46792e-06   5.54968e-04  -1.40217e+04
   3  theta       -9.27189e-04   2.18189e-02   4.37834e-02  -4.42986e+01
   4  pileup       9.99684e-04   1.60817e-07   2.09843e-05   1.37213e+05
 EXTERNAL ERROR MATRIX.    NDIM=  25    NPAR=  4    ERR DEF=1
  1.457e+02 -4.755e-05 -1.799e-01  1.059e-06 
 -4.755e-05  2.990e-11  1.187e-07 -7.034e-13 
 -1.799e-01  1.187e-07  4.761e-04 -2.712e-09 
  1.059e-06 -7.034e-13 -2.712e-09  2.586e-14 
ERR MATRIX NOT POS-DEF
 PARAMETER  CORRELATION COEFFICIENTS  
       NO.  GLOBAL      1      2      3      4
        1  0.81592   1.000 -0.720 -0.683  0.545
        2  0.99752  -0.720  1.000  0.995 -0.800
        3  0.99691  -0.683  0.995  1.000 -0.773
        4  0.84941   0.545 -0.800 -0.773  1.000
 ERR MATRIX NOT POS-DEF
status of the fit-----000------4
1  558919
2  0.565013
3  -0.000927189
4  0.000999684
 PARAMETER DEFINITIONS:
    NO.   NAME         VALUE      STEP SIZE      LIMITS
     1 norm         5.58919e+05  1.00000e-01     no limits
     2 Q            5.65013e-01  1.00000e-01     no limits
     3 theta       -9.27189e-04  1.00000e-01     no limits
     4 pileup       9.99684e-04  1.00000e-01     no limits
 **********
 **    3 **MIGRAD
 **********
 FIRST CALL TO USER FUNCTION AT NEW START POINT, WITH IFLAG=4.
 START MIGRAD MINIMIZATION.  STRATEGY  1.  CONVERGENCE WHEN EDM .LT. 1.00e-04
 FCN=-2.37862e+11 FROM MIGRAD    STATUS=INITIATE       14 CALLS         299 TOTAL
                     EDM= unknown      STRATEGY= 1      NO ERROR MATRIX       
  EXT PARAMETER               CURRENT GUESS       STEP         FIRST   
  NO.   NAME      VALUE            ERROR          SIZE      DERIVATIVE 
   1  norm         5.58919e+05   1.00000e-01   1.00000e-01  -5.14708e-03
   2  Q            5.65013e-01   1.00000e-01   1.00000e-01   6.80806e+06
   3  theta       -9.27189e-04   1.00000e-01   1.00000e-01  -6.14957e+03
   4  pileup       9.99684e-04   1.00000e-01   1.00000e-01  -9.18008e+11
 MIGRAD FAILS TO FIND IMPROVEMENT
 COVARIANCE MATRIX CALCULATED SUCCESSFULLY
 FCN=-2.37862e+11 FROM HESSE     STATUS=OK             29 CALLS         339 TOTAL
                     EDM=0.125942    STRATEGY= 1      ERROR MATRIX ACCURATE 
  EXT PARAMETER                                   STEP         FIRST   
  NO.   NAME      VALUE            ERROR          SIZE      DERIVATIVE 
   1  norm         5.58919e+05   4.49622e+01   2.66513e+00  -5.21006e-03
   2  Q            5.65013e-01   4.09574e-06   1.00000e-03  -1.40257e+04
   3  theta       -9.27189e-04   3.55257e-03   1.00000e-01  -2.42426e+02
   4  pileup       9.99684e-04   9.24347e-08   1.00000e-02  -4.10179e+05
 MINUIT WARNING IN MIGRAD  
 ============== Negative diagonal element 2 in Error Matrix
 MINUIT WARNING IN MIGRAD  
 ============== 1 added to diagonal of error matrix
 MIGRAD FAILS TO FIND IMPROVEMENT
 MIGRAD TERMINATED WITHOUT CONVERGENCE.
 FCN=-2.37862e+11 FROM MIGRAD    STATUS=FAILED        106 CALLS         391 TOTAL
                     EDM=1.69688e+06    STRATEGY= 1  ERROR MATRIX UNCERTAINTY 100.0 per cent
  EXT PARAMETER                APPROXIMATE        STEP         FIRST   
  NO.   NAME      VALUE            ERROR          SIZE      DERIVATIVE 
   1  norm         5.58919e+05   7.64191e+00  -0.00000e+00  -5.08983e-04
   2  Q            5.65013e-01   1.00000e+00  -0.00000e+00   1.06456e+09
   3  theta       -9.27326e-04   1.00000e+00   0.00000e+00  -6.10615e+03
   4  pileup       9.99685e-04   1.00000e+00   0.00000e+00  -2.81465e+07
 EXTERNAL ERROR MATRIX.    NDIM=  25    NPAR=  4    ERR DEF=1
  5.840e+01 -3.689e-09  2.779e-04 -2.012e-07 
 -3.689e-09  1.000e+00 -2.077e-13  1.504e-16 
  2.779e-04 -2.077e-13  1.000e+00 -1.118e-11 
 -2.012e-07  1.504e-16 -1.118e-11  1.000e+00 
ERR MATRIX APPROXIMATE
 PARAMETER  CORRELATION COEFFICIENTS  
       NO.  GLOBAL      1      2      3      4
        1  0.00004   1.000 -0.000  0.000 -0.000
        2  0.00000  -0.000  1.000 -0.000  0.000
        3  0.00004   0.000 -0.000  1.000 -0.000
        4  0.00000  -0.000  0.000 -0.000  1.000
 ERR MATRIX APPROXIMATE
 **********
 **    4 **MIGRAD 
 **********
 START MIGRAD MINIMIZATION.  STRATEGY  1.  CONVERGENCE WHEN EDM .LT. 1.00e-04
 FCN=-2.37862e+11 FROM MIGRAD    STATUS=INITIATE       12 CALLS         403 TOTAL
                     EDM=1.31951e+15    STRATEGY= 1  ERROR MATRIX UNCERTAINTY 100.0 per cent
  EXT PARAMETER                APPROXIMATE        STEP         FIRST   
  NO.   NAME      VALUE            ERROR          SIZE      DERIVATIVE 
   1  norm         5.58919e+05   7.64191e+00  -0.00000e+00  -6.61048e-03
   2  Q            5.65013e-01   1.00000e+00  -0.00000e+00   7.39905e+02
   3  theta       -9.27326e-04   1.00000e+00   0.00000e+00  -2.14458e+04
   4  pileup       9.99685e-04   1.00000e+00   0.00000e+00  -2.81467e+07
 MIGRAD FAILS TO FIND IMPROVEMENT
 EIGENVALUES OF SECOND-DERIVATIVE MATRIX:
        -1.7107e-03  3.7177e-01  8.4830e-01  2.7816e+00
 MINUIT WARNING IN HESSE   
 ============== MATRIX FORCED POS-DEF BY ADDING 0.004492 TO DIAGONAL.
 FCN=-2.37862e+11 FROM HESSE     STATUS=NOT POSDEF     31 CALLS         445 TOTAL
                     EDM=0.0807188    STRATEGY= 1      ERR MATRIX NOT POS-DEF
  EXT PARAMETER                APPROXIMATE        STEP         FIRST   
  NO.   NAME      VALUE            ERROR          SIZE      DERIVATIVE 
   1  norm         5.58919e+05   9.51393e+01   5.33026e+02  -4.53018e-04
   2  Q            5.65013e-01   3.18442e-05   9.51322e-05   6.49602e+02
   3  theta       -9.27326e-04   7.33610e-04   1.85751e-01  -8.42991e+02
   4  pileup       9.99685e-04   1.07933e-07   2.09843e-05   2.92896e+05
 EIGENVALUES OF SECOND-DERIVATIVE MATRIX:
        -1.1172e-01 -3.2431e-03  2.2948e-01  3.8855e+00
 MINUIT WARNING IN MIGRAD  
 ============== MATRIX FORCED POS-DEF BY ADDING 0.115607 TO DIAGONAL.
 MIGRAD FAILS TO FIND IMPROVEMENT
 MIGRAD TERMINATED WITHOUT CONVERGENCE.
 FCN=-2.37862e+11 FROM MIGRAD    STATUS=FAILED        119 CALLS         510 TOTAL
                     EDM=1.32398e+08    STRATEGY= 1      ERR MATRIX NOT POS-DEF
  EXT PARAMETER                APPROXIMATE        STEP         FIRST   
  NO.   NAME      VALUE            ERROR          SIZE      DERIVATIVE 
   1  norm         5.58920e+05   9.59404e+00   0.00000e+00  -6.41782e-02
   2  Q            5.65013e-01   8.10425e-10  -0.00000e+00   1.06452e+09
   3  theta       -9.25519e-04   4.07556e-05   0.00000e+00  -6.00464e+03
   4  pileup       9.99682e-04   5.25671e-08   0.00000e+00  -2.86149e+07
 EXTERNAL ERROR MATRIX.    NDIM=  25    NPAR=  4    ERR DEF=1
  9.205e+01 -5.459e-09  3.734e-04 -4.418e-07 
 -5.459e-09  6.568e-19 -2.426e-14  2.262e-17 
  3.734e-04 -2.426e-14  1.661e-09 -1.543e-12 
 -4.418e-07  2.262e-17 -1.543e-12  2.763e-15 
ERR MATRIX NOT POS-DEF
 PARAMETER  CORRELATION COEFFICIENTS  
       NO.  GLOBAL      1      2      3      4
        1  0.99273   1.000 -0.702  0.955 -0.876
        2  0.73449  -0.702  1.000 -0.734  0.531
        3  0.98540   0.955 -0.734  1.000 -0.720
        4  0.95968  -0.876  0.531 -0.720  1.000
 ERR MATRIX NOT POS-DEF
status of the fit-----000------4
1  558920
2  0.565013
3  -0.000925519
4  0.000999682
 PARAMETER DEFINITIONS:
    NO.   NAME         VALUE      STEP SIZE      LIMITS
     1 norm         5.58920e+05  1.00000e-01     no limits
     2 Q            5.65013e-01  1.00000e-01     no limits
     3 theta       -9.25519e-04  1.00000e-01     no limits
     4 pileup       9.99682e-04  1.00000e-01     no limits
 **********
 **    5 **MIGRAD
 **********
 FIRST CALL TO USER FUNCTION AT NEW START POINT, WITH IFLAG=4.
 START MIGRAD MINIMIZATION.  STRATEGY  1.  CONVERGENCE WHEN EDM .LT. 1.00e-04
 FCN=-2.37862e+11 FROM MIGRAD    STATUS=INITIATE       14 CALLS         525 TOTAL
                     EDM= unknown      STRATEGY= 1      NO ERROR MATRIX       
  EXT PARAMETER               CURRENT GUESS       STEP         FIRST   
  NO.   NAME      VALUE            ERROR          SIZE      DERIVATIVE 
   1  norm         5.58920e+05   1.00000e-01   1.00000e-01   4.35125e-04
   2  Q            5.65013e-01   1.00000e-01   1.00000e-01   6.87286e+06
   3  theta       -9.25519e-04   1.00000e-01   1.00000e-01  -6.13838e+03
   4  pileup       9.99682e-04   1.00000e-01   1.00000e-01  -9.18008e+11
 MIGRAD FAILS TO FIND IMPROVEMENT
 COVARIANCE MATRIX CALCULATED SUCCESSFULLY
 FCN=-2.37862e+11 FROM HESSE     STATUS=OK             29 CALLS         565 TOTAL
                     EDM=0.195198    STRATEGY= 1      ERROR MATRIX ACCURATE 
  EXT PARAMETER                                   STEP         FIRST   
  NO.   NAME      VALUE            ERROR          SIZE      DERIVATIVE 
   1  norm         5.58920e+05   4.58258e+01   2.66514e+00   5.15280e-04
   2  Q            5.65013e-01   4.17202e-06   1.00000e-03   3.38386e+03
   3  theta       -9.25519e-04   3.61054e-03   1.00000e-01  -2.41769e+02
   4  pileup       9.99682e-04   9.24348e-08   1.00000e-02  -7.22480e+05
 EIGENVALUES OF SECOND-DERIVATIVE MATRIX:
        -1.6592e-02  7.3819e-02  1.6399e+00  2.3029e+00
 MINUIT WARNING IN MIGRAD  
 ============== MATRIX FORCED POS-DEF BY ADDING 0.018895 TO DIAGONAL.
 MIGRAD FAILS TO FIND IMPROVEMENT
 MACHINE ACCURACY LIMITS FURTHER IMPROVEMENT.
 MIGRAD MINIMIZATION HAS CONVERGED.
 MIGRAD WILL VERIFY CONVERGENCE AND ERROR MATRIX.
 EIGENVALUES OF SECOND-DERIVATIVE MATRIX:
        -1.4549e-03  3.7205e-01  8.4820e-01  2.7812e+00
 MINUIT WARNING IN HESSE   
 ============== MATRIX FORCED POS-DEF BY ADDING 0.004236 TO DIAGONAL.
 MIGRAD TERMINATED WITHOUT CONVERGENCE.
 FCN=-2.37862e+11 FROM MIGRAD    STATUS=FAILED        109 CALLS         620 TOTAL
                     EDM=0.175326    STRATEGY= 1      ERR MATRIX NOT POS-DEF
  EXT PARAMETER                APPROXIMATE        STEP         FIRST   
  NO.   NAME      VALUE            ERROR          SIZE      DERIVATIVE 
   1  norm         5.58920e+05   9.51446e+01   5.33027e+00  -1.28820e-03
   2  Q            5.65013e-01   3.18422e-05   1.02990e-04  -1.89346e+03
   3  theta       -9.19924e-04   7.34787e-04   1.85079e-01  -8.30668e+02
   4  pileup       9.99682e-04   1.07981e-07   2.14101e-05  -2.20916e+05
 EXTERNAL ERROR MATRIX.    NDIM=  25    NPAR=  4    ERR DEF=1
  9.052e+03 -3.016e-03 -3.983e-02 -2.938e-06 
 -3.016e-03  1.014e-09  1.433e-08  9.788e-13 
 -3.983e-02  1.433e-08  5.399e-07  3.974e-11 
 -2.938e-06  9.788e-13  3.974e-11  1.166e-14 
ERR MATRIX NOT POS-DEF
 PARAMETER  CORRELATION COEFFICIENTS  
       NO.  GLOBAL      1      2      3      4
        1  0.99711   1.000 -0.995 -0.570 -0.286
        2  0.99733  -0.995  1.000  0.613  0.285
        3  0.82287  -0.570  0.613  1.000  0.501
        4  0.58041  -0.286  0.285  0.501  1.000
 ERR MATRIX NOT POS-DEF
 **********
 **    6 **MIGRAD 
 **********
 START MIGRAD MINIMIZATION.  STRATEGY  1.  CONVERGENCE WHEN EDM .LT. 1.00e-04
 FCN=-2.37862e+11 FROM MIGRAD    STATUS=INITIATE        8 CALLS         628 TOTAL
                     EDM=5.52629    STRATEGY= 1      ERR MATRIX NOT POS-DEF
  EXT PARAMETER                APPROXIMATE        STEP         FIRST   
  NO.   NAME      VALUE            ERROR          SIZE      DERIVATIVE 
   1  norm         5.58920e+05   9.51446e+01   5.33027e+00  -1.24669e-03
   2  Q            5.65013e-01   3.18422e-05   1.02990e-04  -1.50943e+03
   3  theta       -9.19924e-04   7.34787e-04   1.85079e-01  -6.05756e+03
   4  pileup       9.99682e-04   1.07981e-07   2.14101e-05  -4.91704e+06
 MIGRAD FAILS TO FIND IMPROVEMENT
 MACHINE ACCURACY LIMITS FURTHER IMPROVEMENT.
 MIGRAD MINIMIZATION HAS CONVERGED.
 MIGRAD WILL VERIFY CONVERGENCE AND ERROR MATRIX.
 EIGENVALUES OF SECOND-DERIVATIVE MATRIX:
        -3.9112e-04  3.8798e-01  8.5176e-01  2.7606e+00
 MINUIT WARNING IN HESSE   
 ============== MATRIX FORCED POS-DEF BY ADDING 0.003152 TO DIAGONAL.
 FCN=-2.37862e+11 FROM HESSE     STATUS=NOT POSDEF     29 CALLS         668 TOTAL
                     EDM=0.0184723    STRATEGY= 1      ERR MATRIX NOT POS-DEF
  EXT PARAMETER                APPROXIMATE        STEP         FIRST   
  NO.   NAME      VALUE            ERROR          SIZE      DERIVATIVE 
   1  norm         5.58920e+05   9.71751e+01   1.06605e+01  -1.25957e-03
   2  Q            5.65013e-01   3.15357e-05   2.05980e-04  -1.90383e+03
   3  theta       -9.19924e-04   1.09776e-03   9.96414e-02  -2.38739e+02
   4  pileup       9.99682e-04   1.03351e-07   8.56405e-06  -1.80712e+05
 MIGRAD FAILS TO FIND IMPROVEMENT
 MACHINE ACCURACY LIMITS FURTHER IMPROVEMENT.
 MIGRAD MINIMIZATION HAS CONVERGED.
 MIGRAD WILL VERIFY CONVERGENCE AND ERROR MATRIX.
 EIGENVALUES OF SECOND-DERIVATIVE MATRIX:
        -8.8129e-03  3.5143e-01  8.4283e-01  2.8146e+00
 MINUIT WARNING IN HESSE   
 ============== MATRIX FORCED POS-DEF BY ADDING 0.011627 TO DIAGONAL.
 MIGRAD TERMINATED WITHOUT CONVERGENCE.
 FCN=-2.37862e+11 FROM MIGRAD    STATUS=FAILED         92 CALLS         712 TOTAL
                     EDM=0.000734156    STRATEGY= 1      ERR MATRIX NOT POS-DEF
  EXT PARAMETER                APPROXIMATE        STEP         FIRST   
  NO.   NAME      VALUE            ERROR          SIZE      DERIVATIVE 
   1  norm         5.58920e+05   8.97916e+01   2.13211e+00  -1.43133e-03
   2  Q            5.65013e-01   3.23952e-05   8.23921e-06  -1.97235e+03
   3  theta       -9.19924e-04   8.35138e-04   2.90028e-01  -4.57457e+01
   4  pileup       9.99682e-04   1.34096e-07   3.42562e-07  -1.72605e+05
 EXTERNAL ERROR MATRIX.    NDIM=  25    NPAR=  4    ERR DEF=1
  8.063e+03 -2.894e-03 -6.536e-02 -7.615e-06 
 -2.894e-03  1.049e-09  2.432e-08  2.753e-12 
 -6.536e-02  2.432e-08  6.975e-07  8.062e-11 
 -7.615e-06  2.753e-12  8.062e-11  1.798e-14 
ERR MATRIX NOT POS-DEF
 PARAMETER  CORRELATION COEFFICIENTS  
       NO.  GLOBAL      1      2      3      4
        1  0.99679   1.000 -0.995 -0.872 -0.632
        2  0.99744  -0.995  1.000  0.899  0.634
        3  0.94888  -0.872  0.899  1.000  0.720
        4  0.75703  -0.632  0.634  0.720  1.000
 ERR MATRIX NOT POS-DEF
status of the fit-----000------4
1  558920
2  0.565013
3  -0.000919924
4  0.000999682
