  *******************************************
  *                                         *
  *        W E L C O M E  to  R O O T       *
  *                                         *
  *   Version   5.34/36      5 April 2016   *
  *                                         *
  *  You are welcome to visit our Web site  *
  *          http://root.cern.ch            *
  *                                         *
  *******************************************

ROOT 5.34/36 (v5-34-36@v5-34-36, Apr 05 2016, 10:25:45 on linuxx8664gcc)

CINT/ROOT C/C++ Interpreter version 5.18.00, July 2, 2010
Type ? for help. Commands must be C++ statements.
Enclose multiple statements between { }.
Loading root init file.
The rat/rootinit.C file loaded the DEAP style for you, which is available from the fStyle pointer.
DEAP style applied. 
RAT: Libraries loaded.

Processing /home/fatemigh/projects/rpp-jillings/fatemigh/sterile/Likelihood/LikelihoodSterile_modified6.C+(223)...
pased here
566 lines read from file
31
spec_E  566
Before entering fitting
 **********
 **    1 **SET PRINT           2
 **********
 **********
 **    2 **SET NOGRAD
 **********
 PARAMETER DEFINITIONS:
    NO.   NAME         VALUE      STEP SIZE      LIMITS
     1 p0           5.58000e+05  1.67400e+05     no limits
     2 p1           5.65000e-01  1.69500e-01     no limits
     3 p2           0.00000e+00  3.00000e-01     no limits
     4 p3           9.99871e-04  2.99961e-04     no limits
 **********
 **    3 **SET ERR         0.5
 **********
 **********
 **    4 **SET PRINT           2
 **********
 **********
 **    5 **SET STR           1
 **********
 NOW USING STRATEGY  1: TRY TO BALANCE SPEED AGAINST RELIABILITY
 **********
 **    6 **MIGRAD        1480        0.01
 **********
 FIRST CALL TO USER FUNCTION AT NEW START POINT, WITH IFLAG=4.
 START MIGRAD MINIMIZATION.  STRATEGY  1.  CONVERGENCE WHEN EDM .LT. 1.00e-05
 FCN=17199.4 FROM MIGRAD    STATUS=INITIATE       16 CALLS          17 TOTAL
                     EDM= unknown      STRATEGY= 1      NO ERROR MATRIX       
  EXT PARAMETER               CURRENT GUESS       STEP         FIRST   
  NO.   NAME      VALUE            ERROR          SIZE      DERIVATIVE 
   1  p0           5.58000e+05   1.67400e+05   1.67400e+05  -3.61487e+01
   2  p1           5.65000e-01   1.69500e-01   1.69500e-01  -5.07604e+08
   3  p2           0.00000e+00   3.00000e-01   3.00000e-01   0.00000e+00
   4  p3           9.99871e-04   2.99961e-04   2.99961e-04  -9.77777e+08
                               ERR DEF= 0.5
NO ERROR MATRIX       
 FCN=1103.52 FROM MIGRAD    STATUS=PROGRESS       33 CALLS          34 TOTAL
                     EDM=3081.94    STRATEGY= 1      NO ERROR MATRIX       
  EXT PARAMETER               CURRENT GUESS       STEP         FIRST   
  NO.   NAME      VALUE            ERROR          SIZE      DERIVATIVE 
   1  p0           5.58692e+05   1.67400e+05   6.92303e+02  -2.06021e+00
   2  p1           5.65040e-01   1.69500e-01   3.98118e-05  -6.35906e+06
   3  p2           0.00000e+00   3.00000e-01  -0.00000e+00   0.00000e+00
   4  p3           1.00265e-03   2.99961e-04   2.77631e-06   6.06098e+08
                               ERR DEF= 0.5
 MIGRAD MINIMIZATION HAS CONVERGED.
 MIGRAD WILL VERIFY CONVERGENCE AND ERROR MATRIX.
   START COVARIANCE MATRIX CALCULATION.
 MINUIT WARNING IN HESSE   
 ============== Negative diagonal element 3 in Error Matrix
 MINUIT WARNING IN HESSE   
 ============== 22345.3 added to diagonal of error matrix
 EIGENVALUES OF SECOND-DERIVATIVE MATRIX:
        -1.1618e+00  9.9999e-01  1.2021e+00  2.9597e+00
 MINUIT WARNING IN HESSE   
 ============== MATRIX FORCED POS-DEF BY ADDING 1.164787 TO DIAGONAL.
 FCN=78.1864 FROM HESSE     STATUS=NOT POSDEF     27 CALLS          93 TOTAL
                     EDM=0.000195359    STRATEGY= 1      ERR MATRIX NOT POS-DEF
  EXT PARAMETER                APPROXIMATE        STEP         FIRST   
  NO.   NAME      VALUE            ERROR          SIZE      DERIVATIVE 
   1  p0           5.58820e+05   4.54688e-03   2.66466e-01   1.09485e-05
   2  p1           5.65042e-01   9.47061e-06   2.69433e-07   2.54515e+03
   3  p2           0.00000e+00   1.25799e+01   5.21716e-05   0.00000e+00
   4  p3           9.99727e-04   7.52962e-07   4.76707e-10   5.81555e+03
                               ERR DEF= 0.5
 PARAMETER  CORRELATION COEFFICIENTS  
       NO.  GLOBAL      1      2      3      4
        1  0.00813   1.000 -0.008 -0.008  0.008
        2  0.99298  -0.008  1.000  0.993 -0.992
        3  0.99854  -0.008  0.993  1.000 -0.998
        4  0.99843   0.008 -0.992 -0.998  1.000
 ERR MATRIX NOT POS-DEF
 MIGRAD FAILS TO FIND IMPROVEMENT
 MIGRAD TERMINATED WITHOUT CONVERGENCE.
 FCN=78.1864 FROM MIGRAD    STATUS=FAILED         94 CALLS          95 TOTAL
                     EDM=0.000195359    STRATEGY= 1      ERR MATRIX NOT POS-DEF
  EXT PARAMETER                APPROXIMATE        STEP         FIRST   
  NO.   NAME      VALUE            ERROR          SIZE      DERIVATIVE 
   1  p0           5.58820e+05   4.54688e-03   0.00000e+00   1.09485e-05
   2  p1           5.65042e-01   9.47061e-06  -0.00000e+00   2.54515e+03
   3  p2           0.00000e+00   1.25799e+01  -0.00000e+00   0.00000e+00
   4  p3           9.99727e-04   7.52962e-07   0.00000e+00   5.81555e+03
                               ERR DEF= 0.5
 EXTERNAL ERROR MATRIX.    NDIM=  25    NPAR=  4    ERR DEF=0.5
  2.067e-05 -3.496e-10 -4.637e-04  2.769e-11 
 -3.496e-10  8.969e-11  1.183e-04 -7.076e-12 
 -4.637e-04  1.183e-04  1.583e+02 -9.457e-06 
  2.769e-11 -7.076e-12 -9.457e-06  5.670e-13 
ERR MATRIX NOT POS-DEF
 PARAMETER  CORRELATION COEFFICIENTS  
       NO.  GLOBAL      1      2      3      4
        1  0.00813   1.000 -0.008 -0.008  0.008
        2  0.99298  -0.008  1.000  0.993 -0.992
        3  0.99854  -0.008  0.993  1.000 -0.998
        4  0.99843   0.008 -0.992 -0.998  1.000
 ERR MATRIX NOT POS-DEF
 FCN=78.1864 FROM MIGRAD    STATUS=FAILED         94 CALLS          95 TOTAL
                     EDM=0.000195359    STRATEGY= 1      ERR MATRIX NOT POS-DEF
  EXT PARAMETER                  PARABOLIC         MINOS ERRORS        
  NO.   NAME      VALUE            ERROR      NEGATIVE      POSITIVE   
   1  p0           5.58820e+05   4.54688e-03                            
   2  p1           5.65042e-01   9.47061e-06                            
   3  p2           0.00000e+00   1.25799e+01                            
   4  p3           9.99727e-04   7.52962e-07                            
                               ERR DEF= 0.5
 **********
 **    7 **SET PRINT           2
 **********
 **********
 **    8 **SET NOGRAD
 **********
 PARAMETER DEFINITIONS:
    NO.   NAME         VALUE      STEP SIZE      LIMITS
     1 p0           5.58820e+05  4.54688e-03     no limits
     2 p1           5.65042e-01  9.47061e-06     no limits
     3 p2           0.00000e+00  1.25799e+01     no limits
     4 p3           9.99727e-04  7.52962e-07     no limits
 **********
 **    9 **SET ERR         0.5
 **********
 **********
 **   10 **SET PRINT           2
 **********
 **********
 **   11 **SET STR           1
 **********
 NOW USING STRATEGY  1: TRY TO BALANCE SPEED AGAINST RELIABILITY
 **********
 **   12 **MIGRAD        1480        0.01
 **********
 FIRST CALL TO USER FUNCTION AT NEW START POINT, WITH IFLAG=4.
 START MIGRAD MINIMIZATION.  STRATEGY  1.  CONVERGENCE WHEN EDM .LT. 1.00e-05
 FCN=78.1864 FROM MIGRAD    STATUS=INITIATE       12 CALLS          13 TOTAL
                     EDM= unknown      STRATEGY= 1      NO ERROR MATRIX       
  EXT PARAMETER               CURRENT GUESS       STEP         FIRST   
  NO.   NAME      VALUE            ERROR          SIZE      DERIVATIVE 
   1  p0           5.58820e+05   4.54688e-03   4.54688e-03  -2.06396e-05
   2  p1           5.65042e-01   9.47061e-06   9.47061e-06   2.56162e+03
   3  p2           0.00000e+00   1.25799e+01   1.25799e+01   0.00000e+00
   4  p3           9.99727e-04   7.52962e-07   7.52962e-07   3.04705e+03
                               ERR DEF= 0.5
NO ERROR MATRIX       
 FCN=78.1864 FROM MIGRAD    STATUS=PROGRESS       21 CALLS          22 TOTAL
                     EDM=3.95288e-05    STRATEGY= 1      NO ERROR MATRIX       
  EXT PARAMETER               CURRENT GUESS       STEP         FIRST   
  NO.   NAME      VALUE            ERROR          SIZE      DERIVATIVE 
   1  p0           5.58820e+05   4.54688e-03   5.41613e-04  -8.26392e-04
   2  p1           5.65042e-01   9.47061e-06  -6.95657e-09   1.80016e+01
   3  p2           0.00000e+00   1.25799e+01  -0.00000e+00   0.00000e+00
   4  p3           9.99727e-04   7.52962e-07  -1.16261e-11  -2.19758e+04
                               ERR DEF= 0.5
 MIGRAD FAILS TO FIND IMPROVEMENT
 MIGRAD MINIMIZATION HAS CONVERGED.
 MIGRAD WILL VERIFY CONVERGENCE AND ERROR MATRIX.
   START COVARIANCE MATRIX CALCULATION.
 MINUIT WARNING IN HESSE   
 ============== Negative diagonal element 3 in Error Matrix
 MINUIT WARNING IN HESSE   
 ============== 3821.89 added to diagonal of error matrix
 EIGENVALUES OF SECOND-DERIVATIVE MATRIX:
        -3.6119e+00  8.7068e-01  1.0000e+00  5.7412e+00
 MINUIT WARNING IN HESSE   
 ============== MATRIX FORCED POS-DEF BY ADDING 3.617657 TO DIAGONAL.
 FCN=77.8085 FROM HESSE     STATUS=NOT POSDEF     29 CALLS         122 TOTAL
                     EDM=6.05719e-05    STRATEGY= 1      ERR MATRIX NOT POS-DEF
  EXT PARAMETER                APPROXIMATE        STEP         FIRST   
  NO.   NAME      VALUE            ERROR          SIZE      DERIVATIVE 
   1  p0           5.59723e+05   7.53009e-03   2.66897e-01   1.17063e-05
   2  p1           5.64752e-01   2.27421e-06   2.69295e-07   2.70694e+01
   3  p2           0.00000e+00   9.37986e+00   8.41907e-05   0.00000e+00
   4  p3           9.99745e-04   5.41629e-07   4.76716e-10   2.02144e+04
                               ERR DEF= 0.5
 PARAMETER  CORRELATION COEFFICIENTS  
       NO.  GLOBAL      1      2      3      4
        1  0.02645   1.000  0.025  0.026  0.026
        2  0.94150   0.025  1.000  0.941  0.939
        3  0.99877   0.026  0.941  1.000  0.999
        4  0.99872   0.026  0.939  0.999  1.000
 ERR MATRIX NOT POS-DEF
 MIGRAD FAILS TO FIND IMPROVEMENT
 MIGRAD TERMINATED WITHOUT CONVERGENCE.
 FCN=77.8085 FROM MIGRAD    STATUS=FAILED        123 CALLS         124 TOTAL
                     EDM=6.05719e-05    STRATEGY= 1      ERR MATRIX NOT POS-DEF
  EXT PARAMETER                APPROXIMATE        STEP         FIRST   
  NO.   NAME      VALUE            ERROR          SIZE      DERIVATIVE 
   1  p0           5.59723e+05   7.53009e-03  -0.00000e+00   1.17063e-05
   2  p1           5.64752e-01   2.27421e-06  -0.00000e+00   2.70694e+01
   3  p2           0.00000e+00   9.37986e+00  -0.00000e+00   0.00000e+00
   4  p3           9.99745e-04   5.41629e-07  -0.00000e+00   2.02144e+04
                               ERR DEF= 0.5
 EXTERNAL ERROR MATRIX.    NDIM=  25    NPAR=  4    ERR DEF=0.5
  5.670e-05  4.222e-10  1.867e-03  1.077e-10 
  4.222e-10  5.172e-12  2.008e-05  1.156e-12 
  1.867e-03  2.008e-05  8.798e+01  5.074e-06 
  1.077e-10  1.156e-12  5.074e-06  2.934e-13 
ERR MATRIX NOT POS-DEF
 PARAMETER  CORRELATION COEFFICIENTS  
       NO.  GLOBAL      1      2      3      4
        1  0.02645   1.000  0.025  0.026  0.026
        2  0.94150   0.025  1.000  0.941  0.939
        3  0.99877   0.026  0.941  1.000  0.999
        4  0.99872   0.026  0.939  0.999  1.000
 ERR MATRIX NOT POS-DEF
 FCN=77.8085 FROM MIGRAD    STATUS=FAILED        123 CALLS         124 TOTAL
                     EDM=6.05719e-05    STRATEGY= 1      ERR MATRIX NOT POS-DEF
  EXT PARAMETER                  PARABOLIC         MINOS ERRORS        
  NO.   NAME      VALUE            ERROR      NEGATIVE      POSITIVE   
   1  p0           5.59723e+05   7.53009e-03                            
   2  p1           5.64752e-01   2.27421e-06                            
   3  p2           0.00000e+00   9.37986e+00                            
   4  p3           9.99745e-04   5.41629e-07                            
                               ERR DEF= 0.5
 **********
 **   13 **SET PRINT           2
 **********
 **********
 **   14 **SET NOGRAD
 **********
 PARAMETER DEFINITIONS:
    NO.   NAME         VALUE      STEP SIZE      LIMITS
     1 p0           5.59723e+05  7.53009e-03     no limits
     2 p1           5.64752e-01  2.27421e-06     no limits
     3 p2           0.00000e+00  9.37986e+00     no limits
     4 p3           9.99745e-04  5.41629e-07     no limits
 **********
 **   15 **SET ERR         0.5
 **********
 **********
 **   16 **SET PRINT           2
 **********
 **********
 **   17 **SET STR           1
 **********
 NOW USING STRATEGY  1: TRY TO BALANCE SPEED AGAINST RELIABILITY
 **********
 **   18 **MIGRAD        1480        0.01
 **********
 FIRST CALL TO USER FUNCTION AT NEW START POINT, WITH IFLAG=4.
 START MIGRAD MINIMIZATION.  STRATEGY  1.  CONVERGENCE WHEN EDM .LT. 1.00e-05
 FCN=77.8085 FROM MIGRAD    STATUS=INITIATE       12 CALLS          13 TOTAL
                     EDM= unknown      STRATEGY= 1      NO ERROR MATRIX       
  EXT PARAMETER               CURRENT GUESS       STEP         FIRST   
  NO.   NAME      VALUE            ERROR          SIZE      DERIVATIVE 
   1  p0           5.59723e+05   7.53009e-03   7.53009e-03   1.36223e-05
   2  p1           5.64752e-01   2.27421e-06   2.27421e-06   3.43016e+01
   3  p2           0.00000e+00   9.37986e+00   9.37986e+00   0.00000e+00
   4  p3           9.99745e-04   5.41629e-07   5.41629e-07   1.57884e+04
                               ERR DEF= 0.5
NO ERROR MATRIX       
 MIGRAD FAILS TO FIND IMPROVEMENT
   START COVARIANCE MATRIX CALCULATION.
 EIGENVALUES OF SECOND-DERIVATIVE MATRIX:
         1.2832e-03  3.0641e-01  8.5730e-01  2.8350e+00
 COVARIANCE MATRIX CALCULATED SUCCESSFULLY
 FCN=77.8085 FROM HESSE     STATUS=OK             29 CALLS          43 TOTAL
                     EDM=1.14605e-06    STRATEGY= 1      ERROR MATRIX ACCURATE 
  EXT PARAMETER                                   STEP         FIRST   
  NO.   NAME      VALUE            ERROR          SIZE      DERIVATIVE 
   1  p0           5.59723e+05   1.01003e+02   2.66897e-01   1.17063e-05
   2  p1           5.64752e-01   3.26127e-05   2.69295e-07   2.70694e+01
   3  p2           0.00000e+00   9.82140e-03   9.37986e-03   0.00000e+00
   4  p3           9.99745e-04   7.34648e-08   5.41629e-10   2.02144e+04
                               ERR DEF= 0.5
 PARAMETER  CORRELATION COEFFICIENTS  
       NO.  GLOBAL      1      2      3      4
        1  0.99871   1.000 -0.998 -0.086 -0.025
        2  0.99872  -0.998  1.000  0.128  0.030
        3  0.76612  -0.086  0.128  1.000  0.488
        4  0.56650  -0.025  0.030  0.488  1.000
 MIGRAD FAILS TO FIND IMPROVEMENT
 MIGRAD MINIMIZATION HAS CONVERGED.
 FCN=77.8085 FROM MIGRAD    STATUS=CONVERGED      43 CALLS          44 TOTAL
                     EDM=1.14605e-06    STRATEGY= 1      ERROR MATRIX ACCURATE 
  EXT PARAMETER                                   STEP         FIRST   
  NO.   NAME      VALUE            ERROR          SIZE      DERIVATIVE 
   1  p0           5.59723e+05   1.01003e+02  -0.00000e+00   1.17063e-05
   2  p1           5.64752e-01   3.26127e-05   0.00000e+00   2.70694e+01
   3  p2           0.00000e+00   9.82140e-03  -0.00000e+00   0.00000e+00
   4  p3           9.99745e-04   7.34648e-08  -0.00000e+00   2.02144e+04
                               ERR DEF= 0.5
 EXTERNAL ERROR MATRIX.    NDIM=  25    NPAR=  4    ERR DEF=0.5
  1.020e+04 -3.286e-03 -8.520e-02 -1.853e-07 
 -3.286e-03  1.064e-09  4.114e-08  7.290e-14 
 -8.520e-02  4.114e-08  9.646e-05  3.518e-10 
 -1.853e-07  7.290e-14  3.518e-10  5.397e-15 
 PARAMETER  CORRELATION COEFFICIENTS  
       NO.  GLOBAL      1      2      3      4
        1  0.99871   1.000 -0.998 -0.086 -0.025
        2  0.99872  -0.998  1.000  0.128  0.030
        3  0.76612  -0.086  0.128  1.000  0.488
        4  0.56650  -0.025  0.030  0.488  1.000
 EXTERNAL ERROR MATRIX.    NDIM=   4    NPAR=  4    ERR DEF=0.5
  1.020e+04 -3.286e-03 -8.520e-02 -1.853e-07 
 -3.286e-03  1.064e-09  4.114e-08  7.290e-14 
 -8.520e-02  4.114e-08  9.646e-05  3.518e-10 
 -1.853e-07  7.290e-14  3.518e-10  5.397e-15 
 FCN=77.8085 FROM MIGRAD    STATUS=CONVERGED      43 CALLS          44 TOTAL
                     EDM=1.14605e-06    STRATEGY= 1      ERROR MATRIX ACCURATE 
  EXT PARAMETER                  PARABOLIC         MINOS ERRORS        
  NO.   NAME      VALUE            ERROR      NEGATIVE      POSITIVE   
   1  p0           5.59723e+05   1.01003e+02                            
   2  p1           5.64752e-01   3.26127e-05                            
   3  p2           0.00000e+00   9.82140e-03                            
   4  p3           9.99745e-04   7.34648e-08                            
                               ERR DEF= 0.5
------------------------------------------
Enering ROOFIt-------
 PARAMETER DEFINITIONS:
    NO.   NAME         VALUE      STEP SIZE      LIMITS
     1 norm         5.59723e+05  1.00000e-01     no limits
     2 Q            5.65000e-01  1.00000e-01     no limits
     3 theta        0.00000e+00  1.00000e-01     no limits
     4 pileup       9.99745e-04  1.00000e-01     no limits
 **********
 **    1 **MIGRAD
 **********
 FIRST CALL TO USER FUNCTION AT NEW START POINT, WITH IFLAG=4.
 START MIGRAD MINIMIZATION.  STRATEGY  1.  CONVERGENCE WHEN EDM .LT. 1.00e-04
 FCN=-2.37859e+11 FROM MIGRAD    STATUS=INITIATE       36 CALLS          37 TOTAL
                     EDM= unknown      STRATEGY= 1      NO ERROR MATRIX       
  EXT PARAMETER               CURRENT GUESS       STEP         FIRST   
  NO.   NAME      VALUE            ERROR          SIZE      DERIVATIVE 
   1  norm         5.59723e+05   1.00000e-01   0.00000e+00   7.45742e+00
   2  Q            5.65000e-01   1.00000e-01   0.00000e+00   2.21997e+07
   3  theta        1.00000e-01   1.00000e-01   1.00000e-01   7.04852e+05
   4  pileup       9.99745e-04   1.00000e-01   0.00000e+00  -7.65150e+08
 MIGRAD FAILS TO FIND IMPROVEMENT
 EIGENVALUES OF SECOND-DERIVATIVE MATRIX:
        -3.2744e-02  6.4956e-01  9.8150e-01  2.4017e+00
 MINUIT WARNING IN HESSE   
 ============== MATRIX FORCED POS-DEF BY ADDING 0.035145 TO DIAGONAL.
 FCN=-2.37859e+11 FROM HESSE     STATUS=NOT POSDEF     27 CALLS          95 TOTAL
                     EDM=279407    STRATEGY= 1      ERR MATRIX NOT POS-DEF
  EXT PARAMETER                APPROXIMATE        STEP         FIRST   
  NO.   NAME      VALUE            ERROR          SIZE      DERIVATIVE 
   1  norm         5.59493e+05   7.77075e+01   2.66897e+02   9.29939e+00
   2  Q            5.64930e-01   3.78175e-07   5.53728e-04   2.88988e+07
   3  theta        5.54114e-02   8.06008e-03   1.04550e-01  -2.60384e+04
   4  pileup       1.00322e-03   7.20141e-07   2.09593e-05   7.60882e+08
 EIGENVALUES OF SECOND-DERIVATIVE MATRIX:
        -2.9067e-01 -1.9230e-02  3.8912e-01  3.9208e+00
 MINUIT WARNING IN MIGRAD  
 ============== MATRIX FORCED POS-DEF BY ADDING 0.294591 TO DIAGONAL.
 MIGRAD TERMINATED WITHOUT CONVERGENCE.
 FCN=-2.37859e+11 FROM MIGRAD    STATUS=FAILED        137 CALLS         138 TOTAL
                     EDM=63064    STRATEGY= 1      ERR MATRIX NOT POS-DEF
  EXT PARAMETER                APPROXIMATE        STEP         FIRST   
  NO.   NAME      VALUE            ERROR          SIZE      DERIVATIVE 
   1  norm         5.59153e+05   1.04630e+01  -8.74919e+01  -2.56213e+00
   2  Q            5.64929e-01   5.02848e-08  -7.98347e-07  -7.81024e+06
   3  theta        2.90778e-02   3.99612e-04  -5.94188e-03   2.22940e+05
   4  pileup       9.99790e-04   1.18692e-07  -9.27826e-07  -1.65527e+08
 EXTERNAL ERROR MATRIX.    NDIM=  25    NPAR=  4    ERR DEF=1
  1.095e+02 -1.442e-08 -4.146e-04 -3.722e-07 
 -1.442e-08 -2.529e-15 -2.017e-11  4.045e-16 
 -4.146e-04 -2.017e-11 -1.597e-07  2.142e-12 
 -3.722e-07  4.045e-16  2.142e-12  1.409e-14 
ERR MATRIX NOT POS-DEF
 PARAMETER  CORRELATION COEFFICIENTS  
       NO.  GLOBAL      1      2      3      4
        1  0.00000   1.000 -0.027 -0.099 -0.300
        2  0.00000  -0.027 -1.000 -1.004  0.068
        3  0.00000  -0.099 -1.004 -1.000  0.045
        4  0.00000  -0.300  0.068  0.045  1.000
 ERR MATRIX NOT POS-DEF
 **********
 **    2 **MIGRAD 
 **********
 START MIGRAD MINIMIZATION.  STRATEGY  1.  CONVERGENCE WHEN EDM .LT. 1.00e-04
 MINUIT WARNING IN MIGRAD
 ============== STARTING MATRIX NOT POS-DEFINITE.
 FCN=-2.37859e+11 FROM MIGRAD    STATUS=INITIATE       26 CALLS         164 TOTAL
                     EDM= unknown      STRATEGY= 1      NO ERROR MATRIX       
  EXT PARAMETER               CURRENT GUESS       STEP         FIRST   
  NO.   NAME      VALUE            ERROR          SIZE      DERIVATIVE 
   1  norm         5.59153e+05   1.04630e+01  -8.74919e+01  -2.56211e+00
   2  Q            5.64929e-01   5.02848e-08  -7.98347e-07  -7.81024e+06
   3  theta        2.90778e-02   3.99612e-04  -5.94188e-03   3.88324e+05
   4  pileup       9.99790e-04   1.18692e-07  -9.27826e-07  -1.65488e+08
 MINUIT WARNING IN MIGRAD  
 ============== Negative diagonal element 2 in Error Matrix
 MINUIT WARNING IN MIGRAD  
 ============== 1 added to diagonal of error matrix
 MIGRAD FAILS TO FIND IMPROVEMENT
 MIGRAD TERMINATED WITHOUT CONVERGENCE.
 FCN=-2.37859e+11 FROM MIGRAD    STATUS=FAILED         54 CALLS         192 TOTAL
                     EDM=7.70345e+07    STRATEGY= 1      NO ERROR MATRIX       
  EXT PARAMETER               CURRENT GUESS       STEP         FIRST   
  NO.   NAME      VALUE            ERROR          SIZE      DERIVATIVE 
   1  norm         5.59173e+05   1.04630e+01   0.00000e+00   5.16458e-01
   2  Q            5.64936e-01   5.02848e-08   0.00000e+00  -3.76869e+09
   3  theta        1.48583e-02   3.99612e-04  -0.00000e+00   1.38467e+05
   4  pileup       9.99981e-04   1.18692e-07  -0.00000e+00   2.31947e+07
NO ERROR MATRIX       
status of the fit-----000------4
1  559173
2  0.564936
3  0.0148583
4  0.000999981
 PARAMETER DEFINITIONS:
    NO.   NAME         VALUE      STEP SIZE      LIMITS
     1 norm         5.59173e+05  1.00000e-01     no limits
     2 Q            5.64936e-01  1.00000e-01     no limits
     3 theta        1.48583e-02  1.00000e-01     no limits
     4 pileup       9.99981e-04  1.00000e-01     no limits
 **********
 **    3 **MIGRAD
 **********
 FIRST CALL TO USER FUNCTION AT NEW START POINT, WITH IFLAG=4.
 START MIGRAD MINIMIZATION.  STRATEGY  1.  CONVERGENCE WHEN EDM .LT. 1.00e-04
 FCN=-2.37859e+11 FROM MIGRAD    STATUS=INITIATE       18 CALLS         211 TOTAL
                     EDM= unknown      STRATEGY= 1      NO ERROR MATRIX       
  EXT PARAMETER               CURRENT GUESS       STEP         FIRST   
  NO.   NAME      VALUE            ERROR          SIZE      DERIVATIVE 
   1  norm         5.59173e+05   1.00000e-01   1.00000e-01   5.81036e-01
   2  Q            5.64936e-01   1.00000e-01   1.00000e-01   1.45861e+07
   3  theta        1.48583e-02   1.00000e-01   1.00000e-01   1.03117e+05
   4  pileup       9.99981e-04   1.00000e-01   1.00000e-01  -9.18026e+11
 MIGRAD FAILS TO FIND IMPROVEMENT
 EIGENVALUES OF SECOND-DERIVATIVE MATRIX:
        -1.0933e-01  2.5408e-01  9.1650e-01  2.9388e+00
 MINUIT WARNING IN HESSE   
 ============== MATRIX FORCED POS-DEF BY ADDING 0.112268 TO DIAGONAL.
 FCN=-2.37859e+11 FROM HESSE     STATUS=NOT POSDEF     29 CALLS         251 TOTAL
                     EDM=29.9392    STRATEGY= 1      ERR MATRIX NOT POS-DEF
  EXT PARAMETER                APPROXIMATE        STEP         FIRST   
  NO.   NAME      VALUE            ERROR          SIZE      DERIVATIVE 
   1  norm         5.59173e+05   3.30120e+01   2.66634e+00   5.81230e-01
   2  Q            5.64936e-01   6.14341e-06   1.00000e-03   1.80279e+06
   3  theta        1.48583e-02   8.03085e-03   1.02222e-01  -4.01073e+02
   4  pileup       9.99981e-04   9.51288e-08   1.00000e-02   5.10627e+07
 EIGENVALUES OF SECOND-DERIVATIVE MATRIX:
        -5.6761e-03  5.6931e-01  1.0959e+00  2.3404e+00
 MINUIT WARNING IN MIGRAD  
 ============== MATRIX FORCED POS-DEF BY ADDING 0.008017 TO DIAGONAL.
 MIGRAD FAILS TO FIND IMPROVEMENT
 MACHINE ACCURACY LIMITS FURTHER IMPROVEMENT.
 MIGRAD MINIMIZATION HAS CONVERGED.
 MIGRAD WILL VERIFY CONVERGENCE AND ERROR MATRIX.
 EIGENVALUES OF SECOND-DERIVATIVE MATRIX:
        -4.7546e-04  1.2474e-01  8.4743e-01  3.0283e+00
 MINUIT WARNING IN HESSE   
 ============== MATRIX FORCED POS-DEF BY ADDING 0.003504 TO DIAGONAL.
 MIGRAD TERMINATED WITHOUT CONVERGENCE.
 FCN=-2.37859e+11 FROM MIGRAD    STATUS=FAILED        143 CALLS         336 TOTAL
                     EDM=2.90679    STRATEGY= 1      ERR MATRIX NOT POS-DEF
  EXT PARAMETER                APPROXIMATE        STEP         FIRST   
  NO.   NAME      VALUE            ERROR          SIZE      DERIVATIVE 
   1  norm         5.59149e+05   9.15211e+01   5.33269e+02  -3.07133e-01
   2  Q            5.64937e-01   3.05386e-05   9.03716e-05  -9.61334e+05
   3  theta        1.41379e-02   2.51939e-03   6.77358e-02   1.23522e+03
   4  pileup       9.99839e-04   1.35838e-07   2.09862e-05  -3.61901e+06
 EXTERNAL ERROR MATRIX.    NDIM=  25    NPAR=  4    ERR DEF=1
  8.376e+03 -2.767e-03 -5.774e-02 -2.201e-06 
 -2.767e-03  9.326e-10  2.768e-08  9.860e-13 
 -5.774e-02  2.768e-08  6.347e-06  2.482e-10 
 -2.201e-06  9.860e-13  2.482e-10  1.845e-14 
ERR MATRIX NOT POS-DEF
 PARAMETER  CORRELATION COEFFICIENTS  
       NO.  GLOBAL      1      2      3      4
        1  0.99687   1.000 -0.990 -0.250 -0.177
        2  0.99710  -0.990  1.000  0.360  0.238
        3  0.91250  -0.250  0.360  1.000  0.725
        4  0.76198  -0.177  0.238  0.725  1.000
 ERR MATRIX NOT POS-DEF
 **********
 **    4 **MIGRAD 
 **********
 START MIGRAD MINIMIZATION.  STRATEGY  1.  CONVERGENCE WHEN EDM .LT. 1.00e-04
 FCN=-2.37859e+11 FROM MIGRAD    STATUS=INITIATE        8 CALLS         344 TOTAL
                     EDM=70.9397    STRATEGY= 1      ERR MATRIX NOT POS-DEF
  EXT PARAMETER                APPROXIMATE        STEP         FIRST   
  NO.   NAME      VALUE            ERROR          SIZE      DERIVATIVE 
   1  norm         5.59149e+05   9.15211e+01   5.33269e+02  -3.31540e-01
   2  Q            5.64937e-01   3.05386e-05   9.03716e-05  -9.61216e+05
   3  theta        1.41379e-02   2.51939e-03   6.77358e-02   8.06877e+03
   4  pileup       9.99839e-04   1.35838e-07   2.09862e-05  -8.12973e+06
 MIGRAD FAILS TO FIND IMPROVEMENT
 MACHINE ACCURACY LIMITS FURTHER IMPROVEMENT.
 MIGRAD MINIMIZATION HAS CONVERGED.
 MIGRAD WILL VERIFY CONVERGENCE AND ERROR MATRIX.
 EIGENVALUES OF SECOND-DERIVATIVE MATRIX:
        -3.8067e-04  9.7247e-02  8.4845e-01  3.0547e+00
 MINUIT WARNING IN HESSE   
 ============== MATRIX FORCED POS-DEF BY ADDING 0.003435 TO DIAGONAL.
 FCN=-2.37859e+11 FROM HESSE     STATUS=NOT POSDEF     29 CALLS         384 TOTAL
                     EDM=1.85321    STRATEGY= 1      ERR MATRIX NOT POS-DEF
  EXT PARAMETER                APPROXIMATE        STEP         FIRST   
  NO.   NAME      VALUE            ERROR          SIZE      DERIVATIVE 
   1  norm         5.59149e+05   9.28300e+01   1.06654e+03  -3.06928e-01
   2  Q            5.64937e-01   2.99612e-05   1.80743e-04  -9.61327e+05
   3  theta        1.41379e-02   4.78782e-03   2.70943e-02   1.17734e+03
   4  pileup       9.99839e-04   1.43836e-07   8.39450e-06  -3.58071e+06
 EIGENVALUES OF SECOND-DERIVATIVE MATRIX:
        -4.3639e-04  2.3103e-02  5.6581e-01  3.4115e+00
 MINUIT WARNING IN MIGRAD  
 ============== MATRIX FORCED POS-DEF BY ADDING 0.003848 TO DIAGONAL.
 EIGENVALUES OF SECOND-DERIVATIVE MATRIX:
        -4.3509e-01  9.2582e-01  1.0755e+00  2.4338e+00
 MINUIT WARNING IN MIGRAD  
 ============== MATRIX FORCED POS-DEF BY ADDING 0.437520 TO DIAGONAL.
 MIGRAD TERMINATED WITHOUT CONVERGENCE.
 FCN=-2.37859e+11 FROM MIGRAD    STATUS=FAILED        121 CALLS         457 TOTAL
                     EDM=8603.22    STRATEGY= 1      ERR MATRIX NOT POS-DEF
  EXT PARAMETER                APPROXIMATE        STEP         FIRST   
  NO.   NAME      VALUE            ERROR          SIZE      DERIVATIVE 
   1  norm         5.59144e+05   9.72769e+00   4.55232e+00  -1.20740e-02
   2  Q            5.64939e-01   1.04012e-08   5.17585e-08  -3.68275e+09
   3  theta        6.83662e-03   2.76890e-04  -1.60170e-03   5.73897e+04
   4  pileup       9.99715e-04   4.39886e-08   2.16815e-08  -3.56434e+07
 EXTERNAL ERROR MATRIX.    NDIM=  25    NPAR=  4    ERR DEF=1
  9.463e+01 -4.707e-08  1.977e-03 -1.623e-07 
 -4.707e-08 -1.082e-16  2.985e-12 -1.249e-16 
  1.977e-03  2.985e-12 -7.667e-08  4.280e-12 
 -1.623e-07 -1.249e-16  4.280e-12  1.935e-15 
ERR MATRIX NOT POS-DEF
 PARAMETER  CORRELATION COEFFICIENTS  
       NO.  GLOBAL      1      2      3      4
        1  0.00000   1.000 -0.465  0.734 -0.379
        2  0.00000  -0.465 -1.000  1.036 -0.273
        3  0.00000   0.734  1.036 -1.000  0.351
        4  0.00000  -0.379 -0.273  0.351  1.000
 ERR MATRIX NOT POS-DEF
status of the fit-----000------4
1  559144
2  0.564939
3  0.00683662
4  0.000999715
 PARAMETER DEFINITIONS:
    NO.   NAME         VALUE      STEP SIZE      LIMITS
     1 norm         5.59144e+05  1.00000e-01     no limits
     2 Q            5.64939e-01  1.00000e-01     no limits
     3 theta        6.83662e-03  1.00000e-01     no limits
     4 pileup       9.99715e-04  1.00000e-01     no limits
 **********
 **    5 **MIGRAD
 **********
 FIRST CALL TO USER FUNCTION AT NEW START POINT, WITH IFLAG=4.
 START MIGRAD MINIMIZATION.  STRATEGY  1.  CONVERGENCE WHEN EDM .LT. 1.00e-04
 FCN=-2.37859e+11 FROM MIGRAD    STATUS=INITIATE       14 CALLS         472 TOTAL
                     EDM= unknown      STRATEGY= 1      NO ERROR MATRIX       
  EXT PARAMETER               CURRENT GUESS       STEP         FIRST   
  NO.   NAME      VALUE            ERROR          SIZE      DERIVATIVE 
   1  norm         5.59144e+05   1.00000e-01   1.00000e-01   5.25260e-02
   2  Q            5.64939e-01   1.00000e-01   1.00000e-01   7.10400e+06
   3  theta        6.83662e-03   1.00000e-01   1.00000e-01   4.56343e+04
   4  pileup       9.99715e-04   1.00000e-01   1.00000e-01  -9.18042e+11
 MIGRAD FAILS TO FIND IMPROVEMENT
 EIGENVALUES OF SECOND-DERIVATIVE MATRIX:
        -4.4722e-02  3.0882e-01  9.1666e-01  2.8192e+00
 MINUIT WARNING IN HESSE   
 ============== MATRIX FORCED POS-DEF BY ADDING 0.047541 TO DIAGONAL.
 FCN=-2.37859e+11 FROM HESSE     STATUS=NOT POSDEF     29 CALLS         512 TOTAL
                     EDM=0.56263    STRATEGY= 1      ERR MATRIX NOT POS-DEF
  EXT PARAMETER                APPROXIMATE        STEP         FIRST   
  NO.   NAME      VALUE            ERROR          SIZE      DERIVATIVE 
   1  norm         5.59144e+05   5.15464e+01   2.66621e+00   5.25660e-02
   2  Q            5.64939e-01   6.41261e-06   1.00000e-03   1.60904e+05
   3  theta        6.83662e-03   7.17519e-03   1.00000e-01   8.06122e+01
   4  pileup       9.99715e-04   9.19549e-08   1.00000e-02  -7.75326e+06
 EIGENVALUES OF SECOND-DERIVATIVE MATRIX:
        -2.9049e-03  1.9911e-01  1.0119e+00  2.7919e+00
 MINUIT WARNING IN MIGRAD  
 ============== MATRIX FORCED POS-DEF BY ADDING 0.005697 TO DIAGONAL.
 MIGRAD FAILS TO FIND IMPROVEMENT
 MACHINE ACCURACY LIMITS FURTHER IMPROVEMENT.
 MIGRAD MINIMIZATION HAS CONVERGED.
 MIGRAD WILL VERIFY CONVERGENCE AND ERROR MATRIX.
 EIGENVALUES OF SECOND-DERIVATIVE MATRIX:
        -2.1242e-04  1.7267e-01  8.4836e-01  2.9792e+00
 MINUIT WARNING IN HESSE   
 ============== MATRIX FORCED POS-DEF BY ADDING 0.003192 TO DIAGONAL.
 MIGRAD TERMINATED WITHOUT CONVERGENCE.
 FCN=-2.37859e+11 FROM MIGRAD    STATUS=FAILED        143 CALLS         601 TOTAL
                     EDM=0.651474    STRATEGY= 1      ERR MATRIX NOT POS-DEF
  EXT PARAMETER                APPROXIMATE        STEP         FIRST   
  NO.   NAME      VALUE            ERROR          SIZE      DERIVATIVE 
   1  norm         5.59141e+05   9.35104e+01   5.33242e+02  -5.14143e-03
   2  Q            5.64940e-01   3.04257e-05   9.11767e-05  -1.77529e+04
   3  theta        6.43995e-03   3.19128e-03   4.72003e-02   3.72844e+02
   4  pileup       9.99752e-04   1.22005e-07   2.09843e-05   5.49181e+04
 EXTERNAL ERROR MATRIX.    NDIM=  25    NPAR=  4    ERR DEF=1
  8.744e+03 -2.823e-03 -2.279e-02 -4.888e-07 
 -2.823e-03  9.257e-10  1.644e-08  3.026e-13 
 -2.279e-02  1.644e-08  1.018e-05  2.500e-10 
 -4.888e-07  3.026e-13  2.500e-10  1.489e-14 
ERR MATRIX NOT POS-DEF
 PARAMETER  CORRELATION COEFFICIENTS  
       NO.  GLOBAL      1      2      3      4
        1  0.99700   1.000 -0.992 -0.076 -0.043
        2  0.99707  -0.992  1.000  0.169  0.082
        3  0.86813  -0.076  0.169  1.000  0.642
        4  0.69282  -0.043  0.082  0.642  1.000
 ERR MATRIX NOT POS-DEF
 **********
 **    6 **MIGRAD 
 **********
 START MIGRAD MINIMIZATION.  STRATEGY  1.  CONVERGENCE WHEN EDM .LT. 1.00e-04
 FCN=-2.37859e+11 FROM MIGRAD    STATUS=INITIATE        8 CALLS         609 TOTAL
                     EDM=3705.51    STRATEGY= 1      ERR MATRIX NOT POS-DEF
  EXT PARAMETER                APPROXIMATE        STEP         FIRST   
  NO.   NAME      VALUE            ERROR          SIZE      DERIVATIVE 
   1  norm         5.59141e+05   9.35104e+01   5.33242e+02  -6.12056e-03
   2  Q            5.64940e-01   3.04257e-05   9.11767e-05  -1.74820e+04
   3  theta        6.43995e-03   3.19128e-03   4.72003e-02   3.82733e+04
   4  pileup       9.99752e-04   1.22005e-07   2.09843e-05  -4.45580e+06
 MIGRAD FAILS TO FIND IMPROVEMENT
 MACHINE ACCURACY LIMITS FURTHER IMPROVEMENT.
 MIGRAD MINIMIZATION HAS CONVERGED.
 MIGRAD WILL VERIFY CONVERGENCE AND ERROR MATRIX.
 EIGENVALUES OF SECOND-DERIVATIVE MATRIX:
        -5.1746e-04  2.6110e-01  8.4915e-01  2.8903e+00
 MINUIT WARNING IN HESSE   
 ============== MATRIX FORCED POS-DEF BY ADDING 0.003408 TO DIAGONAL.
 FCN=-2.37859e+11 FROM HESSE     STATUS=NOT POSDEF     29 CALLS         649 TOTAL
                     EDM=1.06149    STRATEGY= 1      ERR MATRIX NOT POS-DEF
  EXT PARAMETER                APPROXIMATE        STEP         FIRST   
  NO.   NAME      VALUE            ERROR          SIZE      DERIVATIVE 
   1  norm         5.59141e+05   9.45722e+01   2.13297e+02  -5.14536e-03
   2  Q            5.64940e-01   3.09633e-05   1.82353e-04  -1.77437e+04
   3  theta        6.43995e-03   1.38702e-03   9.44007e-02   1.51729e+03
   4  pileup       9.99752e-04   1.11637e-07   8.39373e-06   9.34844e+04
 MINUIT WARNING IN MIGRAD  
 ============== Negative diagonal element 3 in Error Matrix
 MINUIT WARNING IN MIGRAD  
 ============== 1 added to diagonal of error matrix
 MIGRAD FAILS TO FIND IMPROVEMENT
 MACHINE ACCURACY LIMITS FURTHER IMPROVEMENT.
 MIGRAD MINIMIZATION HAS CONVERGED.
 MIGRAD WILL VERIFY CONVERGENCE AND ERROR MATRIX.
 EIGENVALUES OF SECOND-DERIVATIVE MATRIX:
        -2.6305e-03  3.0398e-01  8.4802e-01  2.8506e+00
 MINUIT WARNING IN HESSE   
 ============== MATRIX FORCED POS-DEF BY ADDING 0.005481 TO DIAGONAL.
 MIGRAD TERMINATED WITHOUT CONVERGENCE.
 FCN=-2.37859e+11 FROM MIGRAD    STATUS=FAILED        111 CALLS         712 TOTAL
                     EDM=11.9084    STRATEGY= 1      ERR MATRIX NOT POS-DEF
  EXT PARAMETER                APPROXIMATE        STEP         FIRST   
  NO.   NAME      VALUE            ERROR          SIZE      DERIVATIVE 
   1  norm         5.59141e+05   9.33570e+01   8.53187e+01  -5.22495e-03
   2  Q            5.64940e-01   3.16085e-05   3.64707e-04  -1.79822e+04
   3  theta        6.43957e-03   8.16113e-04   1.88314e-01   6.06572e+03
   4  pileup       9.99752e-04   1.15066e-07   3.35749e-06   9.41888e+04
 EXTERNAL ERROR MATRIX.    NDIM=  25    NPAR=  4    ERR DEF=1
  8.716e+03 -2.935e-03 -4.633e-02 -3.854e-06 
 -2.935e-03  9.991e-10  1.695e-08  1.330e-12 
 -4.633e-02  1.695e-08  6.660e-07  5.484e-11 
 -3.854e-06  1.330e-12  5.484e-11  1.324e-14 
ERR MATRIX NOT POS-DEF
 PARAMETER  CORRELATION COEFFICIENTS  
       NO.  GLOBAL      1      2      3      4
        1  0.99700   1.000 -0.995 -0.608 -0.359
        2  0.99729  -0.995  1.000  0.657  0.366
        3  0.86615  -0.608  0.657  1.000  0.584
        4  0.64548  -0.359  0.366  0.584  1.000
 ERR MATRIX NOT POS-DEF
status of the fit-----000------4
1  559141
2  0.56494
3  0.00643957
4  0.000999752
 **********
 **   19 **SET PRINT           2
 **********
 **********
 **   20 **SET NOGRAD
 **********
 PARAMETER DEFINITIONS:
    NO.   NAME         VALUE      STEP SIZE      LIMITS
     1 p0           5.58000e+05  1.67400e+05     no limits
     2 p1           5.65000e-01  1.69500e-01     no limits
     3 p2           0.00000e+00  3.00000e-01     no limits
     4 p3           9.99871e-04  2.99961e-04     no limits
 **********
 **   21 **SET ERR         0.5
 **********
 **********
 **   22 **SET PRINT           2
 **********
 **********
 **   23 **SET STR           1
 **********
 NOW USING STRATEGY  1: TRY TO BALANCE SPEED AGAINST RELIABILITY
 **********
 **   24 **MIGRAD        1480        0.01
 **********
 FIRST CALL TO USER FUNCTION AT NEW START POINT, WITH IFLAG=4.
 START MIGRAD MINIMIZATION.  STRATEGY  1.  CONVERGENCE WHEN EDM .LT. 1.00e-05
 FCN=17198.5 FROM MIGRAD    STATUS=INITIATE       18 CALLS          19 TOTAL
                     EDM= unknown      STRATEGY= 1      NO ERROR MATRIX       
  EXT PARAMETER               CURRENT GUESS       STEP         FIRST   
  NO.   NAME      VALUE            ERROR          SIZE      DERIVATIVE 
   1  p0           5.58000e+05   1.67400e+05   1.67400e+05  -3.61460e+01
   2  p1           5.65000e-01   1.69500e-01   1.69500e-01  -1.12201e+08
   3  p2           0.00000e+00   3.00000e-01   3.00000e-01   0.00000e+00
   4  p3           9.99871e-04   2.99961e-04   2.99961e-04  -9.94855e+08
                               ERR DEF= 0.5
NO ERROR MATRIX       
 FCN=485.083 FROM MIGRAD    STATUS=PROGRESS       34 CALLS          35 TOTAL
                     EDM=1314.65    STRATEGY= 1      NO ERROR MATRIX       
  EXT PARAMETER               CURRENT GUESS       STEP         FIRST   
  NO.   NAME      VALUE            ERROR          SIZE      DERIVATIVE 
   1  p0           5.58438e+05   1.67400e+05   4.37667e+02  -8.19015e-01
   2  p1           5.65141e-01   1.69500e-01   1.41133e-04  -2.51326e+06
   3  p2           0.00000e+00   3.00000e-01  -0.00000e+00   0.00000e+00
   4  p3           1.00166e-03   2.99961e-04   1.78584e-06   4.00560e+08
                               ERR DEF= 0.5
 MIGRAD FAILS TO FIND IMPROVEMENT
 MIGRAD MINIMIZATION HAS CONVERGED.
 MIGRAD WILL VERIFY CONVERGENCE AND ERROR MATRIX.
   START COVARIANCE MATRIX CALCULATION.
 MINUIT WARNING IN HESSE   
 ============== Negative diagonal element 3 in Error Matrix
 MINUIT WARNING IN HESSE   
 ============== 11758.7 added to diagonal of error matrix
 EIGENVALUES OF SECOND-DERIVATIVE MATRIX:
        -2.2054e+00  8.1611e-01  1.0000e+00  4.3893e+00
 MINUIT WARNING IN HESSE   
 ============== MATRIX FORCED POS-DEF BY ADDING 2.209808 TO DIAGONAL.
 FCN=81.009 FROM HESSE     STATUS=NOT POSDEF     25 CALLS         154 TOTAL
                     EDM=0.000255385    STRATEGY= 1      ERR MATRIX NOT POS-DEF
  EXT PARAMETER                APPROXIMATE        STEP         FIRST   
  NO.   NAME      VALUE            ERROR          SIZE      DERIVATIVE 
   1  p0           5.59963e+05   5.14753e-03   2.67011e-01  -3.55344e-04
   2  p1           5.64674e-01   3.83138e-06   2.69258e-07  -1.08820e+03
   3  p2           0.00000e+00   1.07865e+01   5.31367e-05   0.00000e+00
   4  p3           9.99824e-04   6.10756e-07   4.76753e-10   4.35698e+04
                               ERR DEF= 0.5
 PARAMETER  CORRELATION COEFFICIENTS  
       NO.  GLOBAL      1      2      3      4
        1  0.00950   1.000  0.009  0.009  0.009
        2  0.97080   0.009  1.000  0.970  0.968
        3  0.99866   0.009  0.970  1.000  0.999
        4  0.99854   0.009  0.968  0.999  1.000
 ERR MATRIX NOT POS-DEF
 MIGRAD FAILS TO FIND IMPROVEMENT
 MIGRAD TERMINATED WITHOUT CONVERGENCE.
 FCN=81.009 FROM MIGRAD    STATUS=FAILED        155 CALLS         156 TOTAL
                     EDM=0.000255385    STRATEGY= 1      ERR MATRIX NOT POS-DEF
  EXT PARAMETER                APPROXIMATE        STEP         FIRST   
  NO.   NAME      VALUE            ERROR          SIZE      DERIVATIVE 
   1  p0           5.59963e+05   5.14753e-03  -0.00000e+00  -3.55344e-04
   2  p1           5.64674e-01   3.83138e-06  -0.00000e+00  -1.08820e+03
   3  p2           0.00000e+00   1.07865e+01  -0.00000e+00   0.00000e+00
   4  p3           9.99824e-04   6.10756e-07  -0.00000e+00   4.35698e+04
                               ERR DEF= 0.5
 EXTERNAL ERROR MATRIX.    NDIM=  25    NPAR=  4    ERR DEF=0.5
  2.650e-05  1.789e-10  5.264e-04  2.974e-11 
  1.789e-10  1.468e-11  4.011e-05  2.265e-12 
  5.264e-04  4.011e-05  1.163e+02  6.578e-06 
  2.974e-11  2.265e-12  6.578e-06  3.730e-13 
ERR MATRIX NOT POS-DEF
 PARAMETER  CORRELATION COEFFICIENTS  
       NO.  GLOBAL      1      2      3      4
        1  0.00950   1.000  0.009  0.009  0.009
        2  0.97080   0.009  1.000  0.970  0.968
        3  0.99866   0.009  0.970  1.000  0.999
        4  0.99854   0.009  0.968  0.999  1.000
 ERR MATRIX NOT POS-DEF
 FCN=81.009 FROM MIGRAD    STATUS=FAILED        155 CALLS         156 TOTAL
                     EDM=0.000255385    STRATEGY= 1      ERR MATRIX NOT POS-DEF
  EXT PARAMETER                  PARABOLIC         MINOS ERRORS        
  NO.   NAME      VALUE            ERROR      NEGATIVE      POSITIVE   
   1  p0           5.59963e+05   5.14753e-03                            
   2  p1           5.64674e-01   3.83138e-06                            
   3  p2           0.00000e+00   1.07865e+01                            
   4  p3           9.99824e-04   6.10756e-07                            
                               ERR DEF= 0.5
 **********
 **   25 **SET PRINT           2
 **********
 **********
 **   26 **SET NOGRAD
 **********
 PARAMETER DEFINITIONS:
    NO.   NAME         VALUE      STEP SIZE      LIMITS
     1 p0           5.59963e+05  5.14753e-03     no limits
     2 p1           5.64674e-01  3.83138e-06     no limits
     3 p2           0.00000e+00  1.07865e+01     no limits
     4 p3           9.99824e-04  6.10756e-07     no limits
 **********
 **   27 **SET ERR         0.5
 **********
 **********
 **   28 **SET PRINT           2
 **********
 **********
 **   29 **SET STR           1
 **********
 NOW USING STRATEGY  1: TRY TO BALANCE SPEED AGAINST RELIABILITY
 **********
 **   30 **MIGRAD        1480        0.01
 **********
 FIRST CALL TO USER FUNCTION AT NEW START POINT, WITH IFLAG=4.
 START MIGRAD MINIMIZATION.  STRATEGY  1.  CONVERGENCE WHEN EDM .LT. 1.00e-05
 FCN=81.009 FROM MIGRAD    STATUS=INITIATE       12 CALLS          13 TOTAL
                     EDM= unknown      STRATEGY= 1      NO ERROR MATRIX       
  EXT PARAMETER               CURRENT GUESS       STEP         FIRST   
  NO.   NAME      VALUE            ERROR          SIZE      DERIVATIVE 
   1  p0           5.59963e+05   5.14753e-03   5.14753e-03  -3.50099e-04
   2  p1           5.64674e-01   3.83138e-06   3.83138e-06  -1.08179e+03
   3  p2           0.00000e+00   1.07865e+01   1.07865e+01   0.00000e+00
   4  p3           9.99824e-04   6.10756e-07   6.10756e-07   3.57582e+04
                               ERR DEF= 0.5
NO ERROR MATRIX       
 FCN=81.009 FROM MIGRAD    STATUS=PROGRESS       31 CALLS          32 TOTAL
                     EDM=1.8321e-05    STRATEGY= 1      NO ERROR MATRIX       
  EXT PARAMETER               CURRENT GUESS       STEP         FIRST   
  NO.   NAME      VALUE            ERROR          SIZE      DERIVATIVE 
   1  p0           5.59963e+05   5.14753e-03   1.22662e-02   4.00374e-04
   2  p1           5.64674e-01   3.83138e-06   3.90804e-09   1.21573e+03
   3  p2           0.00000e+00   1.07865e+01  -0.00000e+00   0.00000e+00
   4  p3           9.99824e-04   6.10756e-07  -1.78009e-10   1.58289e+04
                               ERR DEF= 0.5
 MIGRAD FAILS TO FIND IMPROVEMENT
   START COVARIANCE MATRIX CALCULATION.
 MINUIT WARNING IN HESSE   
 ============== Negative diagonal element 3 in Error Matrix
 MINUIT WARNING IN HESSE   
 ============== 12825.9 added to diagonal of error matrix
 EIGENVALUES OF SECOND-DERIVATIVE MATRIX:
        -1.4987e+01  6.8078e-01  1.0000e+00  1.7306e+01
 MINUIT WARNING IN HESSE   
 ============== MATRIX FORCED POS-DEF BY ADDING 15.004517 TO DIAGONAL.
 FCN=81.009 FROM HESSE     STATUS=NOT POSDEF     25 CALLS          58 TOTAL
                     EDM=5.99261e-05    STRATEGY= 1      ERR MATRIX NOT POS-DEF
  EXT PARAMETER                APPROXIMATE        STEP         FIRST   
  NO.   NAME      VALUE            ERROR          SIZE      DERIVATIVE 
   1  p0           5.59963e+05   2.20794e-03   2.67011e-01   3.86955e-04
   2  p1           5.64674e-01   6.75291e-06   2.69258e-07   1.20125e+03
   3  p2           0.00000e+00   5.40292e+00   1.07865e-03   0.00000e+00
   4  p3           9.99824e-04   2.03620e-07   4.76753e-10   1.39740e+04
                               ERR DEF= 0.5
 PARAMETER  CORRELATION COEFFICIENTS  
       NO.  GLOBAL      1      2      3      4
        1  0.02646   1.000  0.026  0.026  0.026
        2  0.99814   0.026  1.000  0.998  0.995
        3  0.99893   0.026  0.998  1.000  0.997
        4  0.99736   0.026  0.995  0.997  1.000
 ERR MATRIX NOT POS-DEF
 FCN=80.9646 FROM MIGRAD    STATUS=PROGRESS       67 CALLS          68 TOTAL
                     EDM=6537.62    STRATEGY= 1      ERR MATRIX NOT POS-DEF
  EXT PARAMETER                APPROXIMATE        STEP         FIRST   
  NO.   NAME      VALUE            ERROR          SIZE      DERIVATIVE 
   1  p0           5.59963e+05   2.20794e-03  -3.20303e-08  -1.94688e-02
   2  p1           5.64674e-01   6.75291e-06  -3.69530e-09  -6.10061e+04
   3  p2          -2.95398e-03   5.40292e+00  -2.95398e-03   2.12927e+01
   4  p3           9.99824e-04   2.03620e-07  -1.11178e-10  -1.40022e+06
                               ERR DEF= 0.5
 MINUIT WARNING IN MIGRAD  
 ============== Negative diagonal element 3 in Error Matrix
 MINUIT WARNING IN MIGRAD  
 ============== 1.00028 added to diagonal of error matrix
 EIGENVALUES OF SECOND-DERIVATIVE MATRIX:
         1.0000e+00  1.0000e+00  1.0000e+00  1.0000e+00
 MIGRAD FAILS TO FIND IMPROVEMENT
 MIGRAD TERMINATED WITHOUT CONVERGENCE.
 FCN=80.9646 FROM MIGRAD    STATUS=FAILED         78 CALLS          79 TOTAL
                     EDM=6537.62    STRATEGY= 1      ERR MATRIX NOT POS-DEF
  EXT PARAMETER                APPROXIMATE        STEP         FIRST   
  NO.   NAME      VALUE            ERROR          SIZE      DERIVATIVE 
   1  p0           5.59963e+05   7.07208e-01   0.00000e+00  -1.94688e-02
   2  p1           5.64674e-01   7.07204e-01   0.00000e+00  -6.10061e+04
   3  p2          -2.95398e-03   7.07107e-01  -0.00000e+00   2.12927e+01
   4  p3           9.99824e-04   7.07204e-01   0.00000e+00  -1.40022e+06
                               ERR DEF= 0.5
 EXTERNAL ERROR MATRIX.    NDIM=  25    NPAR=  4    ERR DEF=0.5
  5.001e-01 -8.829e-14  2.732e-09 -7.289e-16 
 -8.829e-14  5.001e-01  3.185e-10 -9.334e-17 
  2.732e-09  3.185e-10  5.000e-01  9.063e-12 
 -7.289e-16 -9.334e-17  9.063e-12  5.001e-01 
ERR MATRIX NOT POS-DEF
 PARAMETER  CORRELATION COEFFICIENTS  
       NO.  GLOBAL      1      2      3      4
        1  0.00000   1.000 -0.000  0.000 -0.000
        2  0.00000  -0.000  1.000  0.000 -0.000
        3  0.00000   0.000  0.000  1.000  0.000
        4  0.00000  -0.000 -0.000  0.000  1.000
 ERR MATRIX NOT POS-DEF
 FCN=80.9646 FROM MIGRAD    STATUS=FAILED         78 CALLS          79 TOTAL
                     EDM=6537.62    STRATEGY= 1      ERR MATRIX NOT POS-DEF
  EXT PARAMETER                  PARABOLIC         MINOS ERRORS        
  NO.   NAME      VALUE            ERROR      NEGATIVE      POSITIVE   
   1  p0           5.59963e+05   7.07208e-01                            
   2  p1           5.64674e-01   7.07204e-01                            
   3  p2          -2.95398e-03   7.07107e-01                            
   4  p3           9.99824e-04   7.07204e-01                            
                               ERR DEF= 0.5
 **********
 **   31 **SET PRINT           2
 **********
 **********
 **   32 **SET NOGRAD
 **********
 PARAMETER DEFINITIONS:
    NO.   NAME         VALUE      STEP SIZE      LIMITS
     1 p0           5.59963e+05  7.07208e-01     no limits
     2 p1           5.64674e-01  7.07204e-01     no limits
     3 p2          -2.95398e-03  7.07107e-01     no limits
     4 p3           9.99824e-04  7.07204e-01     no limits
 **********
 **   33 **SET ERR         0.5
 **********
 **********
 **   34 **SET PRINT           2
 **********
 **********
 **   35 **SET STR           1
 **********
 NOW USING STRATEGY  1: TRY TO BALANCE SPEED AGAINST RELIABILITY
 **********
 **   36 **MIGRAD        1480        0.01
 **********
 FIRST CALL TO USER FUNCTION AT NEW START POINT, WITH IFLAG=4.
 START MIGRAD MINIMIZATION.  STRATEGY  1.  CONVERGENCE WHEN EDM .LT. 1.00e-05
 FCN=80.9646 FROM MIGRAD    STATUS=INITIATE       20 CALLS          21 TOTAL
                     EDM= unknown      STRATEGY= 1      NO ERROR MATRIX       
  EXT PARAMETER               CURRENT GUESS       STEP         FIRST   
  NO.   NAME      VALUE            ERROR          SIZE      DERIVATIVE 
   1  p0           5.59963e+05   7.07208e-01   7.07208e-01  -1.94688e-02
   2  p1           5.64674e-01   7.07204e-01   7.07204e-01  -6.09579e+04
   3  p2          -2.95398e-03   7.07107e-01   7.07107e-01   2.12742e+01
   4  p3           9.99824e-04   7.07204e-01   7.07204e-01  -3.25602e+08
                               ERR DEF= 0.5
NO ERROR MATRIX       
 FCN=80.9602 FROM MIGRAD    STATUS=PROGRESS       42 CALLS          43 TOTAL
                     EDM=0.342914    STRATEGY= 1      NO ERROR MATRIX       
  EXT PARAMETER               CURRENT GUESS       STEP         FIRST   
  NO.   NAME      VALUE            ERROR          SIZE      DERIVATIVE 
   1  p0           5.59963e+05   7.07208e-01   2.41138e-03  -1.32948e-02
   2  p1           5.64674e-01   7.07204e-01   7.75377e-10  -4.16740e+04
   3  p2          -2.97652e-03   7.07107e-01  -2.25349e-05   2.67844e+01
   4  p3           9.99830e-04   7.07204e-01   5.91999e-09   1.12522e+05
                               ERR DEF= 0.5
 FCN=80.8811 FROM MIGRAD    STATUS=PROGRESS      171 CALLS         172 TOTAL
                     EDM=5.26188e-06    STRATEGY= 1  ERROR MATRIX UNCERTAINTY  12.0 per cent
  EXT PARAMETER                APPROXIMATE        STEP         FIRST   
  NO.   NAME      VALUE            ERROR          SIZE      DERIVATIVE 
   1  p0           5.59963e+05   1.41434e+01  -9.76833e-02   6.83767e-05
   2  p1           5.64675e-01   4.60232e-06   3.58226e-08  -9.52588e+02
   3  p2          -6.26607e-03   3.82691e-03  -3.06210e-05  -8.53579e-01
   4  p3           9.99841e-04   7.57000e-08   2.32446e-10   6.23490e+04
                               ERR DEF= 0.5
 FCN=80.7235 FROM MIGRAD    STATUS=PROGRESS      293 CALLS         294 TOTAL
                     EDM=8.19293e-06    STRATEGY= 1  ERROR MATRIX UNCERTAINTY  13.3 per cent
  EXT PARAMETER                APPROXIMATE        STEP         FIRST   
  NO.   NAME      VALUE            ERROR          SIZE      DERIVATIVE 
   1  p0           5.59100e+05   1.35428e+03  -1.80419e+01   2.29792e-05
   2  p1           5.64953e-01   4.36754e-04   5.81246e-06   6.83274e+01
   3  p2          -9.34006e-03   6.33320e-03  -5.98363e-05   1.24522e-01
   4  p3           9.99843e-04   7.87969e-08   5.16369e-10   4.62684e+04
                               ERR DEF= 0.5
 MIGRAD FAILS TO FIND IMPROVEMENT
   START COVARIANCE MATRIX CALCULATION.
 EIGENVALUES OF SECOND-DERIVATIVE MATRIX:
         3.1033e-04  4.2991e-01  8.3739e-01  2.7324e+00
 COVARIANCE MATRIX CALCULATED SUCCESSFULLY
 FCN=80.7235 FROM HESSE     STATUS=OK             31 CALLS         349 TOTAL
                     EDM=5.28728e-07    STRATEGY= 1      ERROR MATRIX ACCURATE 
  EXT PARAMETER                                   STEP         FIRST   
  NO.   NAME      VALUE            ERROR          SIZE      DERIVATIVE 
   1  p0           5.59098e+05   2.05624e+02   2.66599e-01   9.45527e-06
   2  p1           5.64954e-01   6.61754e-05   2.69391e-07   3.26488e+01
   3  p2          -9.34377e-03   3.89934e-03   1.85218e-05   1.69314e-01
   4  p3           9.99843e-04   6.98501e-08   4.76762e-10   1.57157e+04
                               ERR DEF= 0.5
 PARAMETER  CORRELATION COEFFICIENTS  
       NO.  GLOBAL      1      2      3      4
        1  0.99969   1.000 -1.000 -0.053  0.187
        2  0.99969  -1.000  1.000  0.036 -0.189
        3  0.66988  -0.053  0.036  1.000 -0.346
        4  0.49241   0.187 -0.189 -0.346  1.000
 FCN=80.7235 FROM MIGRAD    STATUS=PROGRESS      362 CALLS         363 TOTAL
                     EDM=9.57026e-08    STRATEGY= 1      ERROR MATRIX ACCURATE 
  EXT PARAMETER                                   STEP         FIRST   
  NO.   NAME      VALUE            ERROR          SIZE      DERIVATIVE 
   1  p0           5.59098e+05   2.05624e+02   5.32124e-04   5.68655e-06
   2  p1           5.64954e-01   6.61754e-05  -1.25978e-10   2.44001e+01
   3  p2          -9.34383e-03   3.89934e-03  -5.76734e-08   1.16502e-02
   4  p3           9.99843e-04   6.98501e-08  -3.33953e-12   1.53512e+03
                               ERR DEF= 0.5
 MIGRAD MINIMIZATION HAS CONVERGED.
 FCN=80.7235 FROM MIGRAD    STATUS=CONVERGED     362 CALLS         363 TOTAL
                     EDM=9.57026e-08    STRATEGY= 1  ERROR MATRIX UNCERTAINTY   4.1 per cent
  EXT PARAMETER                                   STEP         FIRST   
  NO.   NAME      VALUE            ERROR          SIZE      DERIVATIVE 
   1  p0           5.59098e+05   1.90751e+02   5.32124e-04   5.68655e-06
   2  p1           5.64954e-01   6.10642e-05  -1.25978e-10   2.44001e+01
   3  p2          -9.34383e-03   3.78814e-03  -5.76734e-08   1.16502e-02
   4  p3           9.99843e-04   4.41493e-08  -3.33953e-12   1.53512e+03
                               ERR DEF= 0.5
 EXTERNAL ERROR MATRIX.    NDIM=  25    NPAR=  4    ERR DEF=0.5
  3.639e+04 -1.164e-02 -1.164e-01 -1.642e-06 
 -1.164e-02  3.729e-09  3.370e-08  5.593e-13 
 -1.164e-01  3.370e-08  1.435e-05 -1.442e-10 
 -1.642e-06  5.593e-13 -1.442e-10  1.949e-15 
 PARAMETER  CORRELATION COEFFICIENTS  
       NO.  GLOBAL      1      2      3      4
        1  0.99964   1.000 -1.000 -0.161 -0.195
        2  0.99964  -1.000  1.000  0.146  0.207
        3  0.93328  -0.161  0.146  1.000 -0.862
        4  0.92729  -0.195  0.207 -0.862  1.000
 EXTERNAL ERROR MATRIX.    NDIM=   4    NPAR=  4    ERR DEF=0.5
  3.639e+04 -1.164e-02 -1.164e-01 -1.642e-06 
 -1.164e-02  3.729e-09  3.370e-08  5.593e-13 
 -1.164e-01  3.370e-08  1.435e-05 -1.442e-10 
 -1.642e-06  5.593e-13 -1.442e-10  1.949e-15 
 FCN=80.7235 FROM MIGRAD    STATUS=CONVERGED     362 CALLS         363 TOTAL
                     EDM=9.57026e-08    STRATEGY= 1  ERROR MATRIX UNCERTAINTY   4.1 per cent
  EXT PARAMETER                  PARABOLIC         MINOS ERRORS        
  NO.   NAME      VALUE            ERROR      NEGATIVE      POSITIVE   
   1  p0           5.59098e+05   1.90751e+02                            
   2  p1           5.64954e-01   6.10642e-05                            
   3  p2          -9.34383e-03   3.78814e-03                            
   4  p3           9.99843e-04   4.41493e-08                            
                               ERR DEF= 0.5
------------------------------------------
Enering ROOFIt-------
 PARAMETER DEFINITIONS:
    NO.   NAME         VALUE      STEP SIZE      LIMITS
     1 norm         5.59098e+05  1.00000e-01     no limits
     2 Q            5.65000e-01  1.00000e-01     no limits
     3 theta        0.00000e+00  1.00000e-01     no limits
     4 pileup       9.99843e-04  1.00000e-01     no limits
 **********
 **    1 **MIGRAD
 **********
 FIRST CALL TO USER FUNCTION AT NEW START POINT, WITH IFLAG=4.
 START MIGRAD MINIMIZATION.  STRATEGY  1.  CONVERGENCE WHEN EDM .LT. 1.00e-04
 FCN=-2.37859e+11 FROM MIGRAD    STATUS=INITIATE       14 CALLS          15 TOTAL
                     EDM= unknown      STRATEGY= 1      NO ERROR MATRIX       
  EXT PARAMETER               CURRENT GUESS       STEP         FIRST   
  NO.   NAME      VALUE            ERROR          SIZE      DERIVATIVE 
   1  norm         5.59098e+05   1.00000e-01   1.00000e-01   5.68854e+00
   2  Q            5.65000e-01   1.00000e-01   1.00000e-01   9.51741e+07
   3  theta        0.00000e+00   1.00000e-01   1.00000e-01   0.00000e+00
   4  pileup       9.99843e-04   1.00000e-01   1.00000e-01  -9.17815e+11
 MIGRAD FAILS TO FIND IMPROVEMENT
 EIGENVALUES OF SECOND-DERIVATIVE MATRIX:
        -4.4134e-02  3.0868e-01  9.1670e-01  2.8188e+00
 MINUIT WARNING IN HESSE   
 ============== MATRIX FORCED POS-DEF BY ADDING 0.046953 TO DIAGONAL.
 FCN=-2.37859e+11 FROM HESSE     STATUS=NOT POSDEF     27 CALLS          53 TOTAL
                     EDM=8343.93    STRATEGY= 1      ERR MATRIX NOT POS-DEF
  EXT PARAMETER                APPROXIMATE        STEP         FIRST   
  NO.   NAME      VALUE            ERROR          SIZE      DERIVATIVE 
   1  norm         5.59098e+05   5.19497e+01   2.66599e+00   5.68836e+00
   2  Q            5.65000e-01   6.41465e-06   1.00000e-03   1.76967e+07
   3  theta        0.00000e+00   8.12554e-03   1.00000e-01   0.00000e+00
   4  pileup       9.99843e-04   9.19352e-08   1.00000e-02   1.67226e+08
 MINUIT WARNING IN MIGRAD  
 ============== Negative diagonal element 2 in Error Matrix
 MINUIT WARNING IN MIGRAD  
 ============== Negative diagonal element 3 in Error Matrix
 MINUIT WARNING IN MIGRAD  
 ============== 1 added to diagonal of error matrix
 MIGRAD FAILS TO FIND IMPROVEMENT
 MACHINE ACCURACY LIMITS FURTHER IMPROVEMENT.
 MIGRAD MINIMIZATION HAS CONVERGED.
 MIGRAD WILL VERIFY CONVERGENCE AND ERROR MATRIX.
 EIGENVALUES OF SECOND-DERIVATIVE MATRIX:
        -5.4812e-01  3.2878e-01  6.7711e-01  3.5422e+00
 MINUIT WARNING IN HESSE   
 ============== MATRIX FORCED POS-DEF BY ADDING 0.551660 TO DIAGONAL.
 MIGRAD TERMINATED WITHOUT CONVERGENCE.
 FCN=-2.37859e+11 FROM MIGRAD    STATUS=FAILED        233 CALLS         234 TOTAL
                     EDM=581.435    STRATEGY= 1      ERR MATRIX NOT POS-DEF
  EXT PARAMETER                APPROXIMATE        STEP         FIRST   
  NO.   NAME      VALUE            ERROR          SIZE      DERIVATIVE 
   1  norm         5.58885e+05   8.82422e+00   1.72561e+03  -4.45516e-01
   2  Q            5.65027e-01   4.92397e-06   5.54806e-04  -1.40104e+06
   3  theta        2.24114e-02   6.82488e-03   1.22286e-01   5.62570e+03
   4  pileup       9.99740e-04   7.84965e-08   2.09832e-05  -7.41398e+07
 EXTERNAL ERROR MATRIX.    NDIM=  25    NPAR=  4    ERR DEF=1
  7.787e+01 -2.823e-05 -3.718e-02 -2.093e-08 
 -2.823e-05  2.425e-11  3.348e-08  1.643e-14 
 -3.718e-02  3.348e-08  4.658e-05  4.022e-11 
 -2.093e-08  1.643e-14  4.022e-11  6.162e-15 
ERR MATRIX NOT POS-DEF
 PARAMETER  CORRELATION COEFFICIENTS  
       NO.  GLOBAL      1      2      3      4
        1  0.75195   1.000 -0.650 -0.617 -0.030
        2  0.99778  -0.650  1.000  0.996  0.043
        3  0.99764  -0.617  0.996  1.000  0.075
        4  0.43358  -0.030  0.043  0.075  1.000
 ERR MATRIX NOT POS-DEF
 **********
 **    2 **MIGRAD 
 **********
 START MIGRAD MINIMIZATION.  STRATEGY  1.  CONVERGENCE WHEN EDM .LT. 1.00e-04
 FCN=-2.37859e+11 FROM MIGRAD    STATUS=INITIATE        8 CALLS         242 TOTAL
                     EDM=18656.6    STRATEGY= 1      ERR MATRIX NOT POS-DEF
  EXT PARAMETER                APPROXIMATE        STEP         FIRST   
  NO.   NAME      VALUE            ERROR          SIZE      DERIVATIVE 
   1  norm         5.58885e+05   8.82422e+00   1.72561e+03  -4.55753e-01
   2  Q            5.65027e-01   4.92397e-06   5.54806e-04  -1.40106e+06
   3  theta        2.24114e-02   6.82488e-03   1.22286e-01   4.07262e+04
   4  pileup       9.99740e-04   7.84965e-08   2.09832e-05  -7.86511e+07
 EIGENVALUES OF SECOND-DERIVATIVE MATRIX:
        -4.9591e+00  5.3484e-01  9.9707e-01  7.4271e+00
 MINUIT WARNING IN MIGRAD  
 ============== MATRIX FORCED POS-DEF BY ADDING 4.966482 TO DIAGONAL.
 MIGRAD FAILS TO FIND IMPROVEMENT
 MACHINE ACCURACY LIMITS FURTHER IMPROVEMENT.
 MIGRAD MINIMIZATION HAS CONVERGED.
 MIGRAD WILL VERIFY CONVERGENCE AND ERROR MATRIX.
 EIGENVALUES OF SECOND-DERIVATIVE MATRIX:
        -1.0786e-01  4.5160e-01  6.7082e-01  2.9854e+00
 MINUIT WARNING IN HESSE   
 ============== MATRIX FORCED POS-DEF BY ADDING 0.110842 TO DIAGONAL.
 FCN=-2.37859e+11 FROM HESSE     STATUS=NOT POSDEF     31 CALLS         353 TOTAL
                     EDM=392.412    STRATEGY= 1      ERR MATRIX NOT POS-DEF
  EXT PARAMETER                APPROXIMATE        STEP         FIRST   
  NO.   NAME      VALUE            ERROR          SIZE      DERIVATIVE 
   1  norm         5.58897e+05   1.99690e+01   1.72561e+03   3.52230e-02
   2  Q            5.65018e-01   5.60736e-06   5.54961e-04   1.12310e+05
   3  theta       -6.78422e-03   3.54982e-03   2.50459e-01  -1.11091e+04
   4  pileup       9.99823e-04   1.82204e-07   2.09852e-05   1.20268e+06
 MIGRAD FAILS TO FIND IMPROVEMENT
 MACHINE ACCURACY LIMITS FURTHER IMPROVEMENT.
 MIGRAD MINIMIZATION HAS CONVERGED.
 MIGRAD WILL VERIFY CONVERGENCE AND ERROR MATRIX.
 EIGENVALUES OF SECOND-DERIVATIVE MATRIX:
        -3.7110e-03  3.6269e-01  7.5406e-01  2.8870e+00
 MINUIT WARNING IN HESSE   
 ============== MATRIX FORCED POS-DEF BY ADDING 0.006598 TO DIAGONAL.
 MIGRAD TERMINATED WITHOUT CONVERGENCE.
 FCN=-2.37859e+11 FROM MIGRAD    STATUS=FAILED        169 CALLS         403 TOTAL
                     EDM=1.8409    STRATEGY= 1      ERR MATRIX NOT POS-DEF
  EXT PARAMETER                APPROXIMATE        STEP         FIRST   
  NO.   NAME      VALUE            ERROR          SIZE      DERIVATIVE 
   1  norm         5.58897e+05   7.40976e+01   6.90244e+01   3.53127e-02
   2  Q            5.65018e-01   6.72635e-06   4.28353e-03   1.12307e+05
   3  theta       -6.78422e-03   1.13827e-03   4.02780e-01  -3.37876e+01
   4  pileup       9.99823e-04   1.04270e-07   8.39407e-07   1.24702e+06
 EXTERNAL ERROR MATRIX.    NDIM=  25    NPAR=  4    ERR DEF=1
  5.490e+03 -4.949e-04 -8.049e-02  5.941e-07 
 -4.949e-04  4.524e-11  7.461e-09 -5.816e-14 
 -8.049e-02  7.461e-09  1.296e-06  2.099e-12 
  5.941e-07 -5.816e-14  2.099e-12  1.087e-14 
ERR MATRIX NOT POS-DEF
 PARAMETER  CORRELATION COEFFICIENTS  
       NO.  GLOBAL      1      2      3      4
        1  0.99524   1.000 -0.993 -0.954  0.077
        2  0.99761  -0.993  1.000  0.974 -0.083
        3  0.98626  -0.954  0.974  1.000  0.018
        4  0.53883   0.077 -0.083  0.018  1.000
 ERR MATRIX NOT POS-DEF
status of the fit-----000------4
1  558897
2  0.565018
3  -0.00678422
4  0.000999823
 PARAMETER DEFINITIONS:
    NO.   NAME         VALUE      STEP SIZE      LIMITS
     1 norm         5.58897e+05  1.00000e-01     no limits
     2 Q            5.65018e-01  1.00000e-01     no limits
     3 theta       -6.78422e-03  1.00000e-01     no limits
     4 pileup       9.99823e-04  1.00000e-01     no limits
 **********
 **    3 **MIGRAD
 **********
 FIRST CALL TO USER FUNCTION AT NEW START POINT, WITH IFLAG=4.
 START MIGRAD MINIMIZATION.  STRATEGY  1.  CONVERGENCE WHEN EDM .LT. 1.00e-04
 FCN=-2.37859e+11 FROM MIGRAD    STATUS=INITIATE       14 CALLS         418 TOTAL
                     EDM= unknown      STRATEGY= 1      NO ERROR MATRIX       
  EXT PARAMETER               CURRENT GUESS       STEP         FIRST   
  NO.   NAME      VALUE            ERROR          SIZE      DERIVATIVE 
   1  norm         5.58897e+05   1.00000e-01   1.00000e-01   3.52867e-02
   2  Q            5.65018e-01   1.00000e-01   1.00000e-01   7.69999e+06
   3  theta       -6.78422e-03   1.00000e-01   1.00000e-01  -4.48522e+04
   4  pileup       9.99823e-04   1.00000e-01   1.00000e-01  -9.18018e+11
 MIGRAD FAILS TO FIND IMPROVEMENT
 COVARIANCE MATRIX CALCULATED SUCCESSFULLY
 FCN=-2.37859e+11 FROM HESSE     STATUS=OK             29 CALLS         458 TOTAL
                     EDM=0.0927689    STRATEGY= 1      ERROR MATRIX ACCURATE 
  EXT PARAMETER                                   STEP         FIRST   
  NO.   NAME      VALUE            ERROR          SIZE      DERIVATIVE 
   1  norm         5.58897e+05   2.40880e+01   2.66503e+00   3.52981e-02
   2  Q            5.65018e-01   1.83753e-06   1.00000e-03   1.12317e+05
   3  theta       -6.78422e-03   1.48417e-03   1.00000e-01   7.54967e+01
   4  pileup       9.99823e-04   9.24340e-08   1.00000e-02   6.55446e+05
 EIGENVALUES OF SECOND-DERIVATIVE MATRIX:
        -2.3528e-02  6.5574e-02  1.2698e+00  2.6881e+00
 MINUIT WARNING IN MIGRAD  
 ============== MATRIX FORCED POS-DEF BY ADDING 0.026216 TO DIAGONAL.
 MIGRAD FAILS TO FIND IMPROVEMENT
 MACHINE ACCURACY LIMITS FURTHER IMPROVEMENT.
 MIGRAD MINIMIZATION HAS CONVERGED.
 MIGRAD WILL VERIFY CONVERGENCE AND ERROR MATRIX.
 EIGENVALUES OF SECOND-DERIVATIVE MATRIX:
        -2.7128e-04  6.1928e-01  8.6414e-01  2.5169e+00
 MINUIT WARNING IN HESSE   
 ============== MATRIX FORCED POS-DEF BY ADDING 0.002788 TO DIAGONAL.
 MIGRAD TERMINATED WITHOUT CONVERGENCE.
 FCN=-2.37859e+11 FROM MIGRAD    STATUS=FAILED        199 CALLS         603 TOTAL
                     EDM=0.0233805    STRATEGY= 1      ERR MATRIX NOT POS-DEF
  EXT PARAMETER                APPROXIMATE        STEP         FIRST   
  NO.   NAME      VALUE            ERROR          SIZE      DERIVATIVE 
   1  norm         5.58896e+05   1.02142e+02   1.72561e+03  -7.73283e-04
   2  Q            5.65018e-01   3.28967e-05   9.60306e-05   4.09155e+02
   3  theta       -6.75469e-03   1.84043e-03   4.70160e-02   1.03449e+02
   4  pileup       9.99823e-04   9.68980e-08   2.09852e-05   1.48806e+05
 EXTERNAL ERROR MATRIX.    NDIM=  25    NPAR=  4    ERR DEF=1
  1.043e+04 -3.349e-03 -1.350e-03  1.825e-07 
 -3.349e-03  1.082e-09  2.118e-09 -1.141e-13 
 -1.350e-03  2.118e-09  3.387e-06  4.634e-11 
  1.825e-07 -1.141e-13  4.634e-11  9.389e-15 
ERR MATRIX NOT POS-DEF
 PARAMETER  CORRELATION COEFFICIENTS  
       NO.  GLOBAL      1      2      3      4
        1  0.99749   1.000 -0.997 -0.007  0.018
        2  0.99749  -0.997  1.000  0.035 -0.036
        3  0.48836  -0.007  0.035  1.000  0.260
        4  0.41862   0.018 -0.036  0.260  1.000
 ERR MATRIX NOT POS-DEF
 **********
 **    4 **MIGRAD 
 **********
 START MIGRAD MINIMIZATION.  STRATEGY  1.  CONVERGENCE WHEN EDM .LT. 1.00e-04
 FCN=-2.37859e+11 FROM MIGRAD    STATUS=INITIATE        8 CALLS         611 TOTAL
                     EDM=2.31158    STRATEGY= 1      ERR MATRIX NOT POS-DEF
  EXT PARAMETER                APPROXIMATE        STEP         FIRST   
  NO.   NAME      VALUE            ERROR          SIZE      DERIVATIVE 
   1  norm         5.58896e+05   1.02142e+02   1.72561e+03  -1.10085e-02
   2  Q            5.65018e-01   3.28967e-05   9.60306e-05   4.16305e+02
   3  theta       -6.75469e-03   1.84043e-03   4.70160e-02  -1.45905e+03
   4  pileup       9.99823e-04   9.68980e-08   2.09852e-05  -4.36175e+06
 MIGRAD FAILS TO FIND IMPROVEMENT
 MACHINE ACCURACY LIMITS FURTHER IMPROVEMENT.
 MIGRAD MINIMIZATION HAS CONVERGED.
 MIGRAD WILL VERIFY CONVERGENCE AND ERROR MATRIX.
 EIGENVALUES OF SECOND-DERIVATIVE MATRIX:
        -7.0430e-05  7.9638e-01  9.6225e-01  2.2414e+00
 MINUIT WARNING IN HESSE   
 ============== MATRIX FORCED POS-DEF BY ADDING 0.002312 TO DIAGONAL.
 FCN=-2.37859e+11 FROM HESSE     STATUS=NOT POSDEF     29 CALLS         651 TOTAL
                     EDM=0.0462231    STRATEGY= 1      ERR MATRIX NOT POS-DEF
  EXT PARAMETER                APPROXIMATE        STEP         FIRST   
  NO.   NAME      VALUE            ERROR          SIZE      DERIVATIVE 
   1  norm         5.58896e+05   1.08257e+02   6.90242e+02  -6.84747e-04
   2  Q            5.65018e-01   3.48409e-05   3.84123e-05   4.09155e+02
   3  theta       -6.75469e-03   3.58976e-03   1.88064e-02   1.16653e+02
   4  pileup       9.99823e-04   9.39388e-08   8.39406e-06   1.87325e+05
 EIGENVALUES OF SECOND-DERIVATIVE MATRIX:
        -1.4879e-02  4.9391e-01  1.4240e+00  2.0970e+00
 MINUIT WARNING IN MIGRAD  
 ============== MATRIX FORCED POS-DEF BY ADDING 0.016976 TO DIAGONAL.
 EIGENVALUES OF SECOND-DERIVATIVE MATRIX:
        -2.7727e-02  4.9722e-01  1.1472e+00  2.3833e+00
 MINUIT WARNING IN MIGRAD  
 ============== MATRIX FORCED POS-DEF BY ADDING 0.030110 TO DIAGONAL.
 MIGRAD TERMINATED WITHOUT CONVERGENCE.
 FCN=-2.37859e+11 FROM MIGRAD    STATUS=FAILED        119 CALLS         722 TOTAL
                     EDM=522.892    STRATEGY= 1      ERR MATRIX NOT POS-DEF
  EXT PARAMETER                APPROXIMATE        STEP         FIRST   
  NO.   NAME      VALUE            ERROR          SIZE      DERIVATIVE 
   1  norm         5.58905e+05   7.01541e+00   6.63064e-01  -7.13694e-02
   2  Q            5.65015e-01   1.06535e-08  -4.33615e-09   1.24253e+09
   3  theta       -7.79415e-03   4.53201e-05   1.85824e-05  -3.08528e+04
   4  pileup       9.99830e-04   8.02751e-08   9.61598e-09  -2.82953e+07
 EXTERNAL ERROR MATRIX.    NDIM=  25    NPAR=  4    ERR DEF=1
  4.922e+01  1.065e-08 -4.537e-05 -4.261e-07 
  1.065e-08 -1.135e-16  4.830e-13  3.464e-16 
 -4.537e-05  4.830e-13 -2.054e-09 -1.538e-12 
 -4.261e-07  3.464e-16 -1.538e-12  6.444e-15 
ERR MATRIX NOT POS-DEF
 PARAMETER  CORRELATION COEFFICIENTS  
       NO.  GLOBAL      1      2      3      4
        1  0.00000   1.000  0.143 -0.143 -0.757
        2  0.00000   0.143 -1.000  1.000  0.405
        3  0.00000  -0.143  1.000 -1.000 -0.423
        4  0.00000  -0.757  0.405 -0.423  1.000
 ERR MATRIX NOT POS-DEF
status of the fit-----000------4
1  558905
2  0.565015
3  -0.00779415
4  0.00099983
 PARAMETER DEFINITIONS:
    NO.   NAME         VALUE      STEP SIZE      LIMITS
     1 norm         5.58905e+05  1.00000e-01     no limits
     2 Q            5.65015e-01  1.00000e-01     no limits
     3 theta       -7.79415e-03  1.00000e-01     no limits
     4 pileup       9.99830e-04  1.00000e-01     no limits
 **********
 **    5 **MIGRAD
 **********
 FIRST CALL TO USER FUNCTION AT NEW START POINT, WITH IFLAG=4.
 START MIGRAD MINIMIZATION.  STRATEGY  1.  CONVERGENCE WHEN EDM .LT. 1.00e-04
 FCN=-2.37859e+11 FROM MIGRAD    STATUS=INITIATE       14 CALLS         737 TOTAL
                     EDM= unknown      STRATEGY= 1      NO ERROR MATRIX       
  EXT PARAMETER               CURRENT GUESS       STEP         FIRST   
  NO.   NAME      VALUE            ERROR          SIZE      DERIVATIVE 
   1  norm         5.58905e+05   1.00000e-01   1.00000e-01  -6.76752e-03
   2  Q            5.65015e-01   1.00000e-01   1.00000e-01   6.84164e+06
   3  theta       -7.79415e-03   1.00000e-01   1.00000e-01  -5.16170e+04
   4  pileup       9.99830e-04   1.00000e-01   1.00000e-01  -9.18020e+11
 MIGRAD FAILS TO FIND IMPROVEMENT
 COVARIANCE MATRIX CALCULATED SUCCESSFULLY
 FCN=-2.37859e+11 FROM HESSE     STATUS=OK             29 CALLS         777 TOTAL
                     EDM=1.76977    STRATEGY= 1      ERROR MATRIX ACCURATE 
  EXT PARAMETER                                   STEP         FIRST   
  NO.   NAME      VALUE            ERROR          SIZE      DERIVATIVE 
   1  norm         5.58905e+05   2.35239e+01   2.66507e+00  -6.64156e-03
   2  Q            5.65015e-01   1.75203e-06   1.00000e-03  -1.90321e+04
   3  theta       -7.79415e-03   1.38530e-03   1.00000e-01  -1.96728e+03
   4  pileup       9.99830e-04   9.24341e-08   1.00000e-02  -4.07935e+05
 MIGRAD FAILS TO FIND IMPROVEMENT
 MACHINE ACCURACY LIMITS FURTHER IMPROVEMENT.
 MIGRAD MINIMIZATION HAS CONVERGED.
 FCN=-2.37859e+11 FROM MIGRAD    STATUS=CONVERGED      65 CALLS         788 TOTAL
                     EDM=1.76977    STRATEGY= 1      ERROR MATRIX ACCURATE 
  EXT PARAMETER                                   STEP         FIRST   
  NO.   NAME      VALUE            ERROR          SIZE      DERIVATIVE 
   1  norm         5.58905e+05   2.35239e+01  -0.00000e+00  -6.64156e-03
   2  Q            5.65015e-01   1.75203e-06   0.00000e+00  -1.90321e+04
   3  theta       -7.79415e-03   1.38530e-03   0.00000e+00  -1.96728e+03
   4  pileup       9.99830e-04   9.24341e-08   0.00000e+00  -4.07935e+05
 EXTERNAL ERROR MATRIX.    NDIM=  25    NPAR=  4    ERR DEF=1
  5.534e+02 -3.840e-05 -1.927e-02  2.441e-08 
 -3.840e-05  3.070e-12  1.845e-09 -1.083e-14 
 -1.927e-02  1.845e-09  1.919e-06  1.138e-13 
  2.441e-08 -1.083e-14  1.138e-13  8.544e-15 
 PARAMETER  CORRELATION COEFFICIENTS  
       NO.  GLOBAL      1      2      3      4
        1  0.95136   1.000 -0.932 -0.591  0.011
        2  0.96905  -0.932  1.000  0.760 -0.067
        3  0.83175  -0.591  0.760  1.000  0.001
        4  0.23231   0.011 -0.067  0.001  1.000
 **********
 **    6 **MIGRAD 
 **********
 START MIGRAD MINIMIZATION.  STRATEGY  1.  CONVERGENCE WHEN EDM .LT. 1.00e-04
 FCN=-2.37859e+11 FROM MIGRAD    STATUS=INITIATE       12 CALLS         800 TOTAL
                     EDM=14470.3    STRATEGY= 1      ERROR MATRIX ACCURATE 
  EXT PARAMETER                                   STEP         FIRST   
  NO.   NAME      VALUE            ERROR          SIZE      DERIVATIVE 
   1  norm         5.58905e+05   2.35239e+01  -0.00000e+00  -6.75607e-03
   2  Q            5.65015e-01   1.75203e-06   0.00000e+00  -1.89592e+04
   3  theta       -7.79415e-03   1.38530e-03   0.00000e+00  -1.73706e+05
   4  pileup       9.99830e-04   9.24341e-08   0.00000e+00  -2.94604e+07
 MIGRAD FAILS TO FIND IMPROVEMENT
 EIGENVALUES OF SECOND-DERIVATIVE MATRIX:
        -1.0962e-03  4.4091e-01  8.5026e-01  2.7099e+00
 MINUIT WARNING IN HESSE   
 ============== MATRIX FORCED POS-DEF BY ADDING 0.003806 TO DIAGONAL.
 FCN=-2.37859e+11 FROM HESSE     STATUS=NOT POSDEF     27 CALLS         838 TOTAL
                     EDM=4.69692    STRATEGY= 1      ERR MATRIX NOT POS-DEF
  EXT PARAMETER                APPROXIMATE        STEP         FIRST   
  NO.   NAME      VALUE            ERROR          SIZE      DERIVATIVE 
   1  norm         5.58905e+05   9.71608e+01   5.33013e+00  -6.78470e-03
   2  Q            5.65015e-01   3.20698e-05   1.02991e-04  -1.90410e+04
   3  theta       -7.79415e-03   6.41185e-04   1.82442e-01  -6.76712e+03
   4  pileup       9.99830e-04   1.02891e-07   2.14099e-05   1.37444e+05
 EIGENVALUES OF SECOND-DERIVATIVE MATRIX:
        -1.6751e-01  3.5823e-03  1.9730e+00  2.1909e+00
 MINUIT WARNING IN MIGRAD  
 ============== MATRIX FORCED POS-DEF BY ADDING 0.169696 TO DIAGONAL.
 MIGRAD FAILS TO FIND IMPROVEMENT
 MACHINE ACCURACY LIMITS FURTHER IMPROVEMENT.
 MIGRAD MINIMIZATION HAS CONVERGED.
 MIGRAD WILL VERIFY CONVERGENCE AND ERROR MATRIX.
 EIGENVALUES OF SECOND-DERIVATIVE MATRIX:
        -2.7408e-04  5.0744e-01  8.5536e-01  2.6375e+00
 MINUIT WARNING IN HESSE   
 ============== MATRIX FORCED POS-DEF BY ADDING 0.002912 TO DIAGONAL.
 MIGRAD TERMINATED WITHOUT CONVERGENCE.
 FCN=-2.37859e+11 FROM MIGRAD    STATUS=FAILED        154 CALLS         942 TOTAL
                     EDM=1.80833    STRATEGY= 1      ERR MATRIX NOT POS-DEF
  EXT PARAMETER                APPROXIMATE        STEP         FIRST   
  NO.   NAME      VALUE            ERROR          SIZE      DERIVATIVE 
   1  norm         5.58905e+05   9.95463e+01   1.06603e+03   1.55948e-03
   2  Q            5.65015e-01   3.22147e-05   9.52622e-05   6.90282e+03
   3  theta       -7.79360e-03   9.46603e-04   1.01895e-01  -2.03845e+03
   4  pileup       9.99830e-04   9.92274e-08   2.09852e-05   3.75431e+05
 EXTERNAL ERROR MATRIX.    NDIM=  25    NPAR=  4    ERR DEF=1
  9.909e+03 -3.195e-03 -1.198e-02 -2.857e-07 
 -3.195e-03  1.038e-09  5.011e-09  5.394e-14 
 -1.198e-02  5.011e-09  8.961e-07  3.131e-11 
 -2.857e-07  5.394e-14  3.131e-11  9.846e-15 
ERR MATRIX NOT POS-DEF
 PARAMETER  CORRELATION COEFFICIENTS  
       NO.  GLOBAL      1      2      3      4
        1  0.99735   1.000 -0.996 -0.127 -0.029
        2  0.99739  -0.996  1.000  0.164  0.017
        3  0.60459  -0.127  0.164  1.000  0.333
        4  0.46217  -0.029  0.017  0.333  1.000
 ERR MATRIX NOT POS-DEF
status of the fit-----000------4
1  558905
2  0.565015
3  -0.0077936
4  0.00099983
 **********
 **   37 **SET PRINT           2
 **********
 **********
 **   38 **SET NOGRAD
 **********
 PARAMETER DEFINITIONS:
    NO.   NAME         VALUE      STEP SIZE      LIMITS
     1 p0           5.58000e+05  1.67400e+05     no limits
     2 p1           5.65000e-01  1.69500e-01     no limits
     3 p2           0.00000e+00  3.00000e-01     no limits
     4 p3           9.99871e-04  2.99961e-04     no limits
 **********
 **   39 **SET ERR         0.5
 **********
 **********
 **   40 **SET PRINT           2
 **********
 **********
 **   41 **SET STR           1
 **********
 NOW USING STRATEGY  1: TRY TO BALANCE SPEED AGAINST RELIABILITY
 **********
 **   42 **MIGRAD        1480        0.01
 **********
 FIRST CALL TO USER FUNCTION AT NEW START POINT, WITH IFLAG=4.
 START MIGRAD MINIMIZATION.  STRATEGY  1.  CONVERGENCE WHEN EDM .LT. 1.00e-05
 FCN=17481.1 FROM MIGRAD    STATUS=INITIATE       18 CALLS          19 TOTAL
                     EDM= unknown      STRATEGY= 1      NO ERROR MATRIX       
  EXT PARAMETER               CURRENT GUESS       STEP         FIRST   
  NO.   NAME      VALUE            ERROR          SIZE      DERIVATIVE 
   1  p0           5.58000e+05   1.67400e+05   1.67400e+05  -3.64511e+01
   2  p1           5.65000e-01   1.69500e-01   1.69500e-01  -1.13152e+08
   3  p2           0.00000e+00   3.00000e-01   3.00000e-01   0.00000e+00
   4  p3           9.99871e-04   2.99961e-04   2.99961e-04  -1.01329e+09
                               ERR DEF= 0.5
NO ERROR MATRIX       
 FCN=472.808 FROM MIGRAD    STATUS=PROGRESS       34 CALLS          35 TOTAL
                     EDM=1299.03    STRATEGY= 1      NO ERROR MATRIX       
  EXT PARAMETER               CURRENT GUESS       STEP         FIRST   
  NO.   NAME      VALUE            ERROR          SIZE      DERIVATIVE 
   1  p0           5.58441e+05   1.67400e+05   4.41172e+02  -8.21024e-01
   2  p1           5.65142e-01   1.69500e-01   1.42270e-04  -2.52391e+06
   3  p2           0.00000e+00   3.00000e-01  -0.00000e+00   0.00000e+00
   4  p3           1.00169e-03   2.99961e-04   1.81816e-06   3.97967e+08
                               ERR DEF= 0.5
 MIGRAD MINIMIZATION HAS CONVERGED.
 MIGRAD WILL VERIFY CONVERGENCE AND ERROR MATRIX.
   START COVARIANCE MATRIX CALCULATION.
 EIGENVALUES OF SECOND-DERIVATIVE MATRIX:
         1.9014e-03  8.1020e-01  1.0118e+00  2.1761e+00
 COVARIANCE MATRIX CALCULATED SUCCESSFULLY
 FCN=74.3547 FROM HESSE     STATUS=OK             29 CALLS          85 TOTAL
                     EDM=8.89982e-06    STRATEGY= 1      ERROR MATRIX ACCURATE 
  EXT PARAMETER                                   STEP         FIRST   
  NO.   NAME      VALUE            ERROR          SIZE      DERIVATIVE 
   1  p0           5.58478e+05   8.28819e+01   2.66303e-01  -3.83537e-05
   2  p1           5.65154e-01   2.67643e-05   2.69486e-07   3.77221e+01
   3  p2           0.00000e+00   9.42120e-03   7.08382e-05   0.00000e+00
   4  p3           9.99838e-04   6.31556e-08   4.76760e-10  -4.78031e+03
                               ERR DEF= 0.5
 PARAMETER  CORRELATION COEFFICIENTS  
       NO.  GLOBAL      1      2      3      4
        1  0.99810   1.000 -0.998  0.070  0.066
        2  0.99810  -0.998  1.000 -0.070 -0.087
        3  0.09172   0.070 -0.070  1.000  0.063
        4  0.33516   0.066 -0.087  0.063  1.000
 FCN=74.3547 FROM MIGRAD    STATUS=PROGRESS       93 CALLS          94 TOTAL
                     EDM=2.81149e-07    STRATEGY= 1      ERROR MATRIX ACCURATE 
  EXT PARAMETER                                   STEP         FIRST   
  NO.   NAME      VALUE            ERROR          SIZE      DERIVATIVE 
   1  p0           5.58478e+05   8.28819e+01   3.48614e-01  -5.70427e-06
   2  p1           5.65154e-01   2.67643e-05  -1.12621e-07   7.58123e+00
   3  p2           2.93355e-06   9.42120e-03   2.93355e-06   2.14143e-02
   4  p3           9.99838e-04   6.31556e-08   3.78012e-11   5.20539e+03
                               ERR DEF= 0.5
 MIGRAD MINIMIZATION HAS CONVERGED.
 FCN=74.3547 FROM MIGRAD    STATUS=CONVERGED      93 CALLS          94 TOTAL
                     EDM=2.81149e-07    STRATEGY= 1  ERROR MATRIX UNCERTAINTY   4.1 per cent
  EXT PARAMETER                                   STEP         FIRST   
  NO.   NAME      VALUE            ERROR          SIZE      DERIVATIVE 
   1  p0           5.58478e+05   9.07625e+01   3.48614e-01  -5.70427e-06
   2  p1           5.65154e-01   2.92581e-05  -1.12621e-07   7.58123e+00
   3  p2           2.93355e-06   9.38331e-03   2.93355e-06   2.14143e-02
   4  p3           9.99838e-04   6.23239e-08   3.78012e-11   5.20539e+03
                               ERR DEF= 0.5
 EXTERNAL ERROR MATRIX.    NDIM=  25    NPAR=  4    ERR DEF=0.5
  8.238e+03 -2.651e-03  1.780e-02 -6.276e-08 
 -2.651e-03  8.560e-10 -5.841e-09 -1.458e-14 
  1.780e-02 -5.841e-09  8.805e-05  2.912e-11 
 -6.276e-08 -1.458e-14  2.912e-11  3.884e-15 
 PARAMETER  CORRELATION COEFFICIENTS  
       NO.  GLOBAL      1      2      3      4
        1  0.99841   1.000 -0.998  0.021 -0.011
        2  0.99841  -0.998  1.000 -0.021 -0.008
        3  0.05507   0.021 -0.021  1.000  0.050
        4  0.32431  -0.011 -0.008  0.050  1.000
 EXTERNAL ERROR MATRIX.    NDIM=   4    NPAR=  4    ERR DEF=0.5
  8.238e+03 -2.651e-03  1.780e-02 -6.276e-08 
 -2.651e-03  8.560e-10 -5.841e-09 -1.458e-14 
  1.780e-02 -5.841e-09  8.805e-05  2.912e-11 
 -6.276e-08 -1.458e-14  2.912e-11  3.884e-15 
 FCN=74.3547 FROM MIGRAD    STATUS=CONVERGED      93 CALLS          94 TOTAL
                     EDM=2.81149e-07    STRATEGY= 1  ERROR MATRIX UNCERTAINTY   4.1 per cent
  EXT PARAMETER                  PARABOLIC         MINOS ERRORS        
  NO.   NAME      VALUE            ERROR      NEGATIVE      POSITIVE   
   1  p0           5.58478e+05   9.07625e+01                            
   2  p1           5.65154e-01   2.92581e-05                            
   3  p2           2.93355e-06   9.38331e-03                            
   4  p3           9.99838e-04   6.23239e-08                            
                               ERR DEF= 0.5
------------------------------------------
Enering ROOFIt-------
 PARAMETER DEFINITIONS:
    NO.   NAME         VALUE      STEP SIZE      LIMITS
     1 norm         5.58478e+05  1.00000e-01     no limits
     2 Q            5.65000e-01  1.00000e-01     no limits
     3 theta        0.00000e+00  1.00000e-01     no limits
     4 pileup       9.99838e-04  1.00000e-01     no limits
 **********
 **    1 **MIGRAD
 **********
 FIRST CALL TO USER FUNCTION AT NEW START POINT, WITH IFLAG=4.
 START MIGRAD MINIMIZATION.  STRATEGY  1.  CONVERGENCE WHEN EDM .LT. 1.00e-04
 FCN=-2.37862e+11 FROM MIGRAD    STATUS=INITIATE       14 CALLS          15 TOTAL
                     EDM= unknown      STRATEGY= 1      NO ERROR MATRIX       
  EXT PARAMETER               CURRENT GUESS       STEP         FIRST   
  NO.   NAME      VALUE            ERROR          SIZE      DERIVATIVE 
   1  norm         5.58478e+05   1.00000e-01   1.00000e-01  -1.82298e+01
   2  Q            5.65000e-01   1.00000e-01   1.00000e-01  -2.72904e+08
   3  theta        0.00000e+00   1.00000e-01   1.00000e-01   0.00000e+00
   4  pileup       9.99838e-04   1.00000e-01   1.00000e-01  -9.18732e+11
 MIGRAD FAILS TO FIND IMPROVEMENT
 EIGENVALUES OF SECOND-DERIVATIVE MATRIX:
        -9.6268e-02  4.8982e-01  6.6595e-01  2.9405e+00
 MINUIT WARNING IN HESSE   
 ============== MATRIX FORCED POS-DEF BY ADDING 0.099209 TO DIAGONAL.
 FCN=-2.37862e+11 FROM HESSE     STATUS=NOT POSDEF     27 CALLS          93 TOTAL
                     EDM=721.625    STRATEGY= 1      ERR MATRIX NOT POS-DEF
  EXT PARAMETER                APPROXIMATE        STEP         FIRST   
  NO.   NAME      VALUE            ERROR          SIZE      DERIVATIVE 
   1  norm         5.58892e+05   1.38404e+01   2.66303e+02   5.05064e-01
   2  Q            5.65005e-01   4.97634e-06   5.55018e-04   1.60146e+06
   3  theta        0.00000e+00   9.44918e-03   1.16594e-01   0.00000e+00
   4  pileup       1.00212e-03   9.79985e-08   2.10172e-05   5.30298e+08
 MIGRAD FAILS TO FIND IMPROVEMENT
 MACHINE ACCURACY LIMITS FURTHER IMPROVEMENT.
 MIGRAD MINIMIZATION HAS CONVERGED.
 MIGRAD WILL VERIFY CONVERGENCE AND ERROR MATRIX.
 EIGENVALUES OF SECOND-DERIVATIVE MATRIX:
        -4.5490e-04  3.7280e-01  8.5097e-01  2.7767e+00
 MINUIT WARNING IN HESSE   
 ============== MATRIX FORCED POS-DEF BY ADDING 0.003232 TO DIAGONAL.
 MIGRAD TERMINATED WITHOUT CONVERGENCE.
 FCN=-2.37862e+11 FROM MIGRAD    STATUS=FAILED        323 CALLS         324 TOTAL
                     EDM=4.8344    STRATEGY= 1      ERR MATRIX NOT POS-DEF
  EXT PARAMETER                APPROXIMATE        STEP         FIRST   
  NO.   NAME      VALUE            ERROR          SIZE      DERIVATIVE 
   1  norm         5.58942e+05   9.66366e+01   1.72576e+03   1.08725e-01
   2  Q            5.65005e-01   3.15242e-05   9.42127e-05   3.38859e+05
   3  theta       -1.85545e-04   1.04168e-03   1.08897e-01  -5.53901e+01
   4  pileup       9.99960e-04   1.04060e-07   2.09875e-05   2.85805e+07
 EXTERNAL ERROR MATRIX.    NDIM=  25    NPAR=  4    ERR DEF=1
  9.339e+03 -3.033e-03 -2.244e-02 -8.304e-07 
 -3.033e-03  9.938e-10  8.989e-09  2.663e-13 
 -2.244e-02  8.989e-09  1.085e-06  4.748e-11 
 -8.304e-07  2.663e-13  4.748e-11  1.083e-14 
ERR MATRIX NOT POS-DEF
 PARAMETER  CORRELATION COEFFICIENTS  
       NO.  GLOBAL      1      2      3      4
        1  0.99719   1.000 -0.995 -0.223 -0.083
        2  0.99727  -0.995  1.000  0.274  0.081
        3  0.72877  -0.223  0.274  1.000  0.438
        4  0.53388  -0.083  0.081  0.438  1.000
 ERR MATRIX NOT POS-DEF
 **********
 **    2 **MIGRAD 
 **********
 START MIGRAD MINIMIZATION.  STRATEGY  1.  CONVERGENCE WHEN EDM .LT. 1.00e-04
 FCN=-2.37862e+11 FROM MIGRAD    STATUS=INITIATE        8 CALLS         332 TOTAL
                     EDM=2.18588    STRATEGY= 1      ERR MATRIX NOT POS-DEF
  EXT PARAMETER                APPROXIMATE        STEP         FIRST   
  NO.   NAME      VALUE            ERROR          SIZE      DERIVATIVE 
   1  norm         5.58942e+05   9.66366e+01   1.72576e+03   9.84880e-02
   2  Q            5.65005e-01   3.15242e-05   9.42127e-05   3.39182e+05
   3  theta       -1.85545e-04   1.04168e-03   1.08897e-01  -3.59160e+03
   4  pileup       9.99960e-04   1.04060e-07   2.09875e-05   2.40708e+07
 MIGRAD FAILS TO FIND IMPROVEMENT
 COVARIANCE MATRIX CALCULATED SUCCESSFULLY
 FCN=-2.37862e+11 FROM HESSE     STATUS=OK             31 CALLS         389 TOTAL
                     EDM=10.2528    STRATEGY= 1      ERROR MATRIX ACCURATE 
  EXT PARAMETER                                   STEP         FIRST   
  NO.   NAME      VALUE            ERROR          SIZE      DERIVATIVE 
   1  norm         5.58964e+05   1.39773e+01   1.72576e+03   2.25467e-01
   2  Q            5.64999e-01   2.80034e-06   5.54957e-04   7.00966e+05
   3  theta        7.09699e-04   5.71586e-03   1.08515e-01   2.07483e+02
   4  pileup       9.99913e-04   1.04737e-07   2.09888e-05   2.12139e+07
 MINUIT WARNING IN MIGRAD  
 ============== Negative diagonal element 2 in Error Matrix
 MINUIT WARNING IN MIGRAD  
 ============== 1 added to diagonal of error matrix
 MIGRAD FAILS TO FIND IMPROVEMENT
 MACHINE ACCURACY LIMITS FURTHER IMPROVEMENT.
 MIGRAD MINIMIZATION HAS CONVERGED.
 MIGRAD WILL VERIFY CONVERGENCE AND ERROR MATRIX.
 COVARIANCE MATRIX CALCULATED SUCCESSFULLY
 MIGRAD TERMINATED WITHOUT CONVERGENCE.
 FCN=-2.37862e+11 FROM MIGRAD    STATUS=FAILED        132 CALLS         456 TOTAL
                     EDM=0.0230131    STRATEGY= 1      ERR MATRIX APPROXIMATE
  EXT PARAMETER                APPROXIMATE        STEP         FIRST   
  NO.   NAME      VALUE            ERROR          SIZE      DERIVATIVE 
   1  norm         5.58960e+05   1.08862e+01   1.72582e+03  -1.65820e-02
   2  Q            5.64999e-01   1.78857e-06   5.54958e-04  -5.25981e+04
   3  theta        3.12653e-04   3.60515e-03   1.07969e-01   1.02072e+01
   4  pileup       9.99850e-04   1.04366e-07   2.09880e-05   7.96457e+04
 EXTERNAL ERROR MATRIX.    NDIM=  25    NPAR=  4    ERR DEF=1
  1.185e+02  1.036e-05  2.518e-02 -4.817e-08 
  1.036e-05  3.199e-12  6.187e-09 -1.106e-14 
  2.518e-02  6.187e-09  1.300e-05  2.497e-11 
 -4.817e-08 -1.106e-14  2.497e-11  1.089e-14 
ERR MATRIX APPROXIMATE
 PARAMETER  CORRELATION COEFFICIENTS  
       NO.  GLOBAL      1      2      3      4
        1  0.74621   1.000  0.532  0.642 -0.042
        2  0.97527   0.532  1.000  0.960 -0.059
        3  0.98001   0.642  0.960  1.000  0.066
        4  0.53576  -0.042 -0.059  0.066  1.000
 ERR MATRIX APPROXIMATE
status of the fit-----000------4
1  558960
2  0.564999
3  0.000312653
4  0.00099985
 PARAMETER DEFINITIONS:
    NO.   NAME         VALUE      STEP SIZE      LIMITS
     1 norm         5.58960e+05  1.00000e-01     no limits
     2 Q            5.64999e-01  1.00000e-01     no limits
     3 theta        3.12653e-04  1.00000e-01     no limits
     4 pileup       9.99850e-04  1.00000e-01     no limits
 **********
 **    3 **MIGRAD
 **********
 FIRST CALL TO USER FUNCTION AT NEW START POINT, WITH IFLAG=4.
 START MIGRAD MINIMIZATION.  STRATEGY  1.  CONVERGENCE WHEN EDM .LT. 1.00e-04
 FCN=-2.37862e+11 FROM MIGRAD    STATUS=INITIATE       14 CALLS         471 TOTAL
                     EDM= unknown      STRATEGY= 1      NO ERROR MATRIX       
  EXT PARAMETER               CURRENT GUESS       STEP         FIRST   
  NO.   NAME      VALUE            ERROR          SIZE      DERIVATIVE 
   1  norm         5.58960e+05   1.00000e-01   1.00000e-01  -1.64992e-02
   2  Q            5.64999e-01   1.00000e-01   1.00000e-01   5.54963e+06
   3  theta        3.12653e-04   1.00000e-01   1.00000e-01   2.08321e+03
   4  pileup       9.99850e-04   1.00000e-01   1.00000e-01  -9.18083e+11
 MIGRAD FAILS TO FIND IMPROVEMENT
 EIGENVALUES OF SECOND-DERIVATIVE MATRIX:
        -8.4260e-05  3.8376e-01  9.1688e-01  2.6994e+00
 MINUIT WARNING IN HESSE   
 ============== MATRIX FORCED POS-DEF BY ADDING 0.002784 TO DIAGONAL.
 FCN=-2.37862e+11 FROM HESSE     STATUS=NOT POSDEF     29 CALLS         511 TOTAL
                     EDM=0.181693    STRATEGY= 1      ERR MATRIX NOT POS-DEF
  EXT PARAMETER                APPROXIMATE        STEP         FIRST   
  NO.   NAME      VALUE            ERROR          SIZE      DERIVATIVE 
   1  norm         5.58960e+05   6.89415e+01   2.66533e+00  -1.65164e-02
   2  Q            5.64999e-01   6.53095e-06   1.00000e-03  -5.26043e+04
   3  theta        3.12653e-04   5.74352e-03   1.00000e-01   9.64355e+00
   4  pileup       9.99850e-04   9.22990e-08   1.00000e-02  -4.67495e+05
 MIGRAD FAILS TO FIND IMPROVEMENT
 MIGRAD TERMINATED WITHOUT CONVERGENCE.
 FCN=-2.37862e+11 FROM MIGRAD    STATUS=FAILED         95 CALLS         552 TOTAL
                     EDM=243412    STRATEGY= 1      ERR MATRIX NOT POS-DEF
  EXT PARAMETER                APPROXIMATE        STEP         FIRST   
  NO.   NAME      VALUE            ERROR          SIZE      DERIVATIVE 
   1  norm         5.58961e+05   9.00930e+00   0.00000e+00   4.10219e-03
   2  Q            5.64999e-01   1.25478e-08   0.00000e+00  -1.53989e+08
   3  theta        2.52269e-04   9.87270e-04   0.00000e+00   3.46351e+02
   4  pileup       9.99850e-04   1.27114e-08   0.00000e+00  -2.77798e+07
 EXTERNAL ERROR MATRIX.    NDIM=  25    NPAR=  4    ERR DEF=1
  8.117e+01  3.154e-09  5.396e-03  9.977e-08 
  3.154e-09  1.574e-16  7.574e-13  9.282e-18 
  5.396e-03  7.574e-13  9.747e-07  1.251e-11 
  9.977e-08  9.282e-18  1.251e-11  1.616e-16 
ERR MATRIX NOT POS-DEF
 PARAMETER  CORRELATION COEFFICIENTS  
       NO.  GLOBAL      1      2      3      4
        1  3.37064   1.000  0.028  0.607  0.871
        2  0.06212   0.028  1.000  0.061  0.058
        3  1.13056   0.607  0.061  1.000  0.997
        4  1.05162   0.871  0.058  0.997  1.000
 ERR MATRIX NOT POS-DEF
 **********
 **    4 **MIGRAD 
 **********
 START MIGRAD MINIMIZATION.  STRATEGY  1.  CONVERGENCE WHEN EDM .LT. 1.00e-04
 FCN=-2.37862e+11 FROM MIGRAD    STATUS=INITIATE       14 CALLS         566 TOTAL
                     EDM=0.0527579    STRATEGY= 1      ERR MATRIX NOT POS-DEF
  EXT PARAMETER                APPROXIMATE        STEP         FIRST   
  NO.   NAME      VALUE            ERROR          SIZE      DERIVATIVE 
   1  norm         5.58961e+05   9.00930e+00   0.00000e+00  -2.00349e-03
   2  Q            5.64999e-01   1.25478e-08   0.00000e+00   1.16548e+04
   3  theta        2.52269e-04   9.87270e-04   0.00000e+00   3.39500e+02
   4  pileup       9.99850e-04   1.27114e-08   0.00000e+00  -2.77800e+07
 EIGENVALUES OF SECOND-DERIVATIVE MATRIX:
        -1.0339e+00 -2.0432e-01 -4.3921e-02  5.2822e+00
 MINUIT WARNING IN MIGRAD  
 ============== MATRIX FORCED POS-DEF BY ADDING 1.039207 TO DIAGONAL.
 MINUIT WARNING IN MIGRAD  
 ============== Negative diagonal element 3 in Error Matrix
 MINUIT WARNING IN MIGRAD  
 ============== 1 added to diagonal of error matrix
 MIGRAD FAILS TO FIND IMPROVEMENT
 MACHINE ACCURACY LIMITS FURTHER IMPROVEMENT.
 MIGRAD MINIMIZATION HAS CONVERGED.
 MIGRAD WILL VERIFY CONVERGENCE AND ERROR MATRIX.
 COVARIANCE MATRIX CALCULATED SUCCESSFULLY
 FCN=-2.37862e+11 FROM HESSE     STATUS=OK             31 CALLS         679 TOTAL
                     EDM=0.00205721    STRATEGY= 1      ERROR MATRIX ACCURATE 
  EXT PARAMETER                                   STEP         FIRST   
  NO.   NAME      VALUE            ERROR          SIZE      DERIVATIVE 
   1  norm         5.58961e+05   9.40162e+00   1.72581e+03   4.77266e-03
   2  Q            5.64999e-01   1.23230e-06   5.54957e-04   1.38008e+04
   3  theta        9.37418e-06   6.28666e-04   4.16266e-01   4.00393e-01
   4  pileup       9.99850e-04   1.05965e-07   2.09858e-05   7.04433e+05
 MIGRAD FAILS TO FIND IMPROVEMENT
 MACHINE ACCURACY LIMITS FURTHER IMPROVEMENT.
 MIGRAD MINIMIZATION HAS CONVERGED.
 FCN=-2.37862e+11 FROM MIGRAD    STATUS=CONVERGED     164 CALLS         716 TOTAL
                     EDM=9352.04    STRATEGY= 1  ERROR MATRIX UNCERTAINTY   2.7 per cent
  EXT PARAMETER                                   STEP         FIRST   
  NO.   NAME      VALUE            ERROR          SIZE      DERIVATIVE 
   1  norm         5.58960e+05   8.79028e+00  -0.00000e+00  -6.64843e-02
   2  Q            5.64999e-01   5.98307e-09   0.00000e+00  -1.54069e+08
   3  theta        2.12688e-06   2.11812e-04   0.00000e+00   2.68582e+02
   4  pileup       9.99849e-04   3.83727e-08   0.00000e+00  -2.82308e+07
 EXTERNAL ERROR MATRIX.    NDIM=  25    NPAR=  4    ERR DEF=1
  7.727e+01  9.040e-09  9.060e-04 -2.236e-07 
  9.040e-09  3.580e-17  2.510e-14 -1.575e-16 
  9.060e-04  2.510e-14  4.486e-08 -1.715e-12 
 -2.236e-07 -1.575e-16 -1.715e-12  1.472e-15 
 PARAMETER  CORRELATION COEFFICIENTS  
       NO.  GLOBAL      1      2      3      4
        1  0.82173   1.000  0.172  0.487 -0.663
        2  0.78544   0.172  1.000  0.020 -0.686
        3  0.51528   0.487  0.020  1.000 -0.211
        4  0.88540  -0.663 -0.686 -0.211  1.000
status of the fit-----000------0
1  558960
2  0.564999
3  2.12688e-06
4  0.000999849
