  *******************************************
  *                                         *
  *        W E L C O M E  to  R O O T       *
  *                                         *
  *   Version   5.34/36      5 April 2016   *
  *                                         *
  *  You are welcome to visit our Web site  *
  *          http://root.cern.ch            *
  *                                         *
  *******************************************

ROOT 5.34/36 (v5-34-36@v5-34-36, Apr 05 2016, 10:25:45 on linuxx8664gcc)

CINT/ROOT C/C++ Interpreter version 5.18.00, July 2, 2010
Type ? for help. Commands must be C++ statements.
Enclose multiple statements between { }.
Loading root init file.
The rat/rootinit.C file loaded the DEAP style for you, which is available from the fStyle pointer.
DEAP style applied. 
RAT: Libraries loaded.

Processing /home/fatemigh/projects/rpp-jillings/fatemigh/sterile/Likelihood/LikelihoodSterile_modified6.C+(229)...
pased here
566 lines read from file
31
spec_E  566
Before entering fitting
 **********
 **    1 **SET PRINT           2
 **********
 **********
 **    2 **SET NOGRAD
 **********
 PARAMETER DEFINITIONS:
    NO.   NAME         VALUE      STEP SIZE      LIMITS
     1 p0           5.58000e+05  1.67400e+05     no limits
     2 p1           5.65000e-01  1.69500e-01     no limits
     3 p2           0.00000e+00  3.00000e-01     no limits
     4 p3           9.99871e-04  2.99961e-04     no limits
 **********
 **    3 **SET ERR         0.5
 **********
 **********
 **    4 **SET PRINT           2
 **********
 **********
 **    5 **SET STR           1
 **********
 NOW USING STRATEGY  1: TRY TO BALANCE SPEED AGAINST RELIABILITY
 **********
 **    6 **MIGRAD        1480        0.01
 **********
 FIRST CALL TO USER FUNCTION AT NEW START POINT, WITH IFLAG=4.
 START MIGRAD MINIMIZATION.  STRATEGY  1.  CONVERGENCE WHEN EDM .LT. 1.00e-05
 FCN=17538.8 FROM MIGRAD    STATUS=INITIATE       18 CALLS          19 TOTAL
                     EDM= unknown      STRATEGY= 1      NO ERROR MATRIX       
  EXT PARAMETER               CURRENT GUESS       STEP         FIRST   
  NO.   NAME      VALUE            ERROR          SIZE      DERIVATIVE 
   1  p0           5.58000e+05   1.67400e+05   1.67400e+05  -3.65044e+01
   2  p1           5.65000e-01   1.69500e-01   1.69500e-01  -1.13318e+08
   3  p2           0.00000e+00   3.00000e-01   3.00000e-01   0.00000e+00
   4  p3           9.99871e-04   2.99961e-04   2.99961e-04  -1.01868e+09
                               ERR DEF= 0.5
NO ERROR MATRIX       
 FCN=475.798 FROM MIGRAD    STATUS=PROGRESS       34 CALLS          35 TOTAL
                     EDM=1286.68    STRATEGY= 1      NO ERROR MATRIX       
  EXT PARAMETER               CURRENT GUESS       STEP         FIRST   
  NO.   NAME      VALUE            ERROR          SIZE      DERIVATIVE 
   1  p0           5.58442e+05   1.67400e+05   4.41751e+02  -8.20087e-01
   2  p1           5.65142e-01   1.69500e-01   1.42457e-04  -2.52102e+06
   3  p2           0.00000e+00   3.00000e-01  -0.00000e+00   0.00000e+00
   4  p3           1.00170e-03   2.99961e-04   1.82753e-06   3.95991e+08
                               ERR DEF= 0.5
 MIGRAD MINIMIZATION HAS CONVERGED.
 MIGRAD WILL VERIFY CONVERGENCE AND ERROR MATRIX.
   START COVARIANCE MATRIX CALCULATION.
 EIGENVALUES OF SECOND-DERIVATIVE MATRIX:
        -5.2233e-04  7.9904e-01  1.0209e+00  2.1806e+00
 MINUIT WARNING IN HESSE   
 ============== MATRIX FORCED POS-DEF BY ADDING 0.002703 TO DIAGONAL.
 FCN=81.0636 FROM HESSE     STATUS=NOT POSDEF     27 CALLS          83 TOTAL
                     EDM=1.26218e-05    STRATEGY= 1      ERR MATRIX NOT POS-DEF
  EXT PARAMETER                APPROXIMATE        STEP         FIRST   
  NO.   NAME      VALUE            ERROR          SIZE      DERIVATIVE 
   1  p0           5.58478e+05   7.73718e+01   2.66303e-01  -3.83935e-05
   2  p1           5.65154e-01   2.49912e-05   2.69487e-07   8.18246e+01
   3  p2           0.00000e+00   3.62375e-02   4.31092e-05   0.00000e+00
   4  p3           9.99856e-04   6.44815e-08   4.76769e-10  -1.29414e+03
                               ERR DEF= 0.5
 PARAMETER  CORRELATION COEFFICIENTS  
       NO.  GLOBAL      1      2      3      4
        1  0.99782   1.000 -0.998 -0.640  0.124
        2  0.99783  -0.998  1.000  0.641 -0.146
        3  0.64382  -0.640  0.641  1.000 -0.143
        4  0.35677   0.124 -0.146 -0.143  1.000
 ERR MATRIX NOT POS-DEF
 FCN=81.0636 FROM MIGRAD    STATUS=PROGRESS       91 CALLS          92 TOTAL
                     EDM=1.45077e-05    STRATEGY= 1      ERR MATRIX NOT POS-DEF
  EXT PARAMETER                APPROXIMATE        STEP         FIRST   
  NO.   NAME      VALUE            ERROR          SIZE      DERIVATIVE 
   1  p0           5.58479e+05   7.73718e+01   3.88469e-01  -5.25795e-05
   2  p1           5.65154e-01   2.49912e-05  -1.25467e-07  -6.28746e+00
   3  p2          -1.16900e-04   3.62375e-02  -1.16900e-04  -1.91896e-01
   4  p3           9.99856e-04   6.44815e-08   4.83402e-11   2.50148e+03
                               ERR DEF= 0.5
 MIGRAD FAILS TO FIND IMPROVEMENT
 MIGRAD MINIMIZATION HAS CONVERGED.
 MIGRAD WILL VERIFY CONVERGENCE AND ERROR MATRIX.
   START COVARIANCE MATRIX CALCULATION.
 EIGENVALUES OF SECOND-DERIVATIVE MATRIX:
         2.3441e-03  8.0971e-01  1.0192e+00  2.1687e+00
 COVARIANCE MATRIX CALCULATED SUCCESSFULLY
 FCN=81.0623 FROM MIGRAD    STATUS=CONVERGED     206 CALLS         207 TOTAL
                     EDM=2.56766e-06    STRATEGY= 1      ERROR MATRIX ACCURATE 
  EXT PARAMETER                                   STEP         FIRST   
  NO.   NAME      VALUE            ERROR          SIZE      DERIVATIVE 
   1  p0           5.58530e+05   7.45782e+01   2.66328e-01   1.40647e-04
   2  p1           5.65138e-01   2.41321e-05   2.69479e-07   4.29312e+02
   3  p2          -2.59718e-06   1.83076e-02   1.14149e-04  -5.06388e-02
   4  p3           9.99857e-04   6.31160e-08   4.76769e-10   2.22739e+04
                               ERR DEF= 0.5
 EXTERNAL ERROR MATRIX.    NDIM=  25    NPAR=  4    ERR DEF=0.5
  5.562e+03 -1.795e-03  9.896e-02  7.982e-07 
 -1.795e-03  5.824e-10 -3.185e-08 -2.917e-13 
  9.896e-02 -3.185e-08  3.352e-04  1.092e-10 
  7.982e-07 -2.917e-13  1.092e-10  3.984e-15 
 PARAMETER  CORRELATION COEFFICIENTS  
       NO.  GLOBAL      1      2      3      4
        1  0.99765   1.000 -0.997  0.072  0.170
        2  0.99767  -0.997  1.000 -0.072 -0.192
        3  0.11463   0.072 -0.072  1.000  0.094
        4  0.36390   0.170 -0.192  0.094  1.000
 EXTERNAL ERROR MATRIX.    NDIM=   4    NPAR=  4    ERR DEF=0.5
  5.562e+03 -1.795e-03  9.896e-02  7.982e-07 
 -1.795e-03  5.824e-10 -3.185e-08 -2.917e-13 
  9.896e-02 -3.185e-08  3.352e-04  1.092e-10 
  7.982e-07 -2.917e-13  1.092e-10  3.984e-15 
 FCN=81.0623 FROM MIGRAD    STATUS=CONVERGED     206 CALLS         207 TOTAL
                     EDM=2.56766e-06    STRATEGY= 1      ERROR MATRIX ACCURATE 
  EXT PARAMETER                  PARABOLIC         MINOS ERRORS        
  NO.   NAME      VALUE            ERROR      NEGATIVE      POSITIVE   
   1  p0           5.58530e+05   7.45782e+01                            
   2  p1           5.65138e-01   2.41321e-05                            
   3  p2          -2.59718e-06   1.83076e-02                            
   4  p3           9.99857e-04   6.31160e-08                            
                               ERR DEF= 0.5
------------------------------------------
Enering ROOFIt-------
 PARAMETER DEFINITIONS:
    NO.   NAME         VALUE      STEP SIZE      LIMITS
     1 norm         5.58530e+05  1.00000e-01     no limits
     2 Q            5.65000e-01  1.00000e-01     no limits
     3 theta        0.00000e+00  1.00000e-01     no limits
     4 pileup       9.99857e-04  1.00000e-01     no limits
 **********
 **    1 **MIGRAD
 **********
 FIRST CALL TO USER FUNCTION AT NEW START POINT, WITH IFLAG=4.
 START MIGRAD MINIMIZATION.  STRATEGY  1.  CONVERGENCE WHEN EDM .LT. 1.00e-04
 FCN=-2.37863e+11 FROM MIGRAD    STATUS=INITIATE       14 CALLS          15 TOTAL
                     EDM= unknown      STRATEGY= 1      NO ERROR MATRIX       
  EXT PARAMETER               CURRENT GUESS       STEP         FIRST   
  NO.   NAME      VALUE            ERROR          SIZE      DERIVATIVE 
   1  norm         5.58530e+05   1.00000e-01   1.00000e-01  -1.62890e+01
   2  Q            5.65000e-01   1.00000e-01   1.00000e-01  -2.43163e+08
   3  theta        0.00000e+00   1.00000e-01   1.00000e-01   0.00000e+00
   4  pileup       9.99857e-04   1.00000e-01   1.00000e-01  -9.18668e+11
 MIGRAD FAILS TO FIND IMPROVEMENT
 EIGENVALUES OF SECOND-DERIVATIVE MATRIX:
        -8.7754e-02  4.9594e-01  6.6585e-01  2.9260e+00
 MINUIT WARNING IN HESSE   
 ============== MATRIX FORCED POS-DEF BY ADDING 0.090680 TO DIAGONAL.
 FCN=-2.37863e+11 FROM HESSE     STATUS=NOT POSDEF     27 CALLS          93 TOTAL
                     EDM=758.827    STRATEGY= 1      ERR MATRIX NOT POS-DEF
  EXT PARAMETER                APPROXIMATE        STEP         FIRST   
  NO.   NAME      VALUE            ERROR          SIZE      DERIVATIVE 
   1  norm         5.58894e+05   1.52634e+01   2.66328e+02   4.75772e-01
   2  Q            5.65004e-01   4.94701e-06   5.55018e-04   1.51049e+06
   3  theta        0.00000e+00   9.57682e-03   1.16039e-01   0.00000e+00
   4  pileup       1.00214e-03   9.89200e-08   2.10179e-05   5.29501e+08
 MIGRAD FAILS TO FIND IMPROVEMENT
 MACHINE ACCURACY LIMITS FURTHER IMPROVEMENT.
 MIGRAD MINIMIZATION HAS CONVERGED.
 MIGRAD WILL VERIFY CONVERGENCE AND ERROR MATRIX.
 EIGENVALUES OF SECOND-DERIVATIVE MATRIX:
        -4.0732e-04  4.0511e-01  8.5181e-01  2.7435e+00
 MINUIT WARNING IN HESSE   
 ============== MATRIX FORCED POS-DEF BY ADDING 0.003151 TO DIAGONAL.
 MIGRAD TERMINATED WITHOUT CONVERGENCE.
 FCN=-2.37863e+11 FROM MIGRAD    STATUS=FAILED        178 CALLS         179 TOTAL
                     EDM=3.17944    STRATEGY= 1      ERR MATRIX NOT POS-DEF
  EXT PARAMETER                APPROXIMATE        STEP         FIRST   
  NO.   NAME      VALUE            ERROR          SIZE      DERIVATIVE 
   1  norm         5.58943e+05   9.73446e+01   1.72562e+03  -4.89892e-02
   2  Q            5.65003e-01   3.16745e-05   9.47905e-05  -1.51562e+05
   3  theta       -2.07596e-03   1.00955e-03   1.07440e-01  -6.24077e+02
   4  pileup       9.99984e-04   1.02576e-07   2.09867e-05   2.52490e+07
 EXTERNAL ERROR MATRIX.    NDIM=  25    NPAR=  4    ERR DEF=1
  9.476e+03 -3.070e-03 -1.929e-02 -6.449e-07 
 -3.070e-03  1.003e-09  7.787e-09  1.950e-13 
 -1.929e-02  7.787e-09  1.019e-06  4.247e-11 
 -6.449e-07  1.950e-13  4.247e-11  1.052e-14 
ERR MATRIX NOT POS-DEF
 PARAMETER  CORRELATION COEFFICIENTS  
       NO.  GLOBAL      1      2      3      4
        1  0.99723   1.000 -0.996 -0.196 -0.065
        2  0.99730  -0.996  1.000  0.244  0.060
        3  0.69943  -0.196  0.244  1.000  0.410
        4  0.51393  -0.065  0.060  0.410  1.000
 ERR MATRIX NOT POS-DEF
 **********
 **    2 **MIGRAD 
 **********
 START MIGRAD MINIMIZATION.  STRATEGY  1.  CONVERGENCE WHEN EDM .LT. 1.00e-04
 FCN=-2.37863e+11 FROM MIGRAD    STATUS=INITIATE       10 CALLS         189 TOTAL
                     EDM=58.7081    STRATEGY= 1      ERR MATRIX NOT POS-DEF
  EXT PARAMETER                APPROXIMATE        STEP         FIRST   
  NO.   NAME      VALUE            ERROR          SIZE      DERIVATIVE 
   1  norm         5.58943e+05   9.73446e+01   1.72562e+03  -5.92241e-02
   2  Q            5.65003e-01   3.16745e-05   9.47905e-05  -1.51231e+05
   3  theta       -2.07596e-03   1.00955e-03   1.07440e-01  -1.58344e+04
   4  pileup       9.99984e-04   1.02576e-07   2.09867e-05   2.07398e+07
 MIGRAD FAILS TO FIND IMPROVEMENT
 MACHINE ACCURACY LIMITS FURTHER IMPROVEMENT.
 MIGRAD MINIMIZATION HAS CONVERGED.
 MIGRAD WILL VERIFY CONVERGENCE AND ERROR MATRIX.
 EIGENVALUES OF SECOND-DERIVATIVE MATRIX:
        -4.8137e-04  4.0491e-01  8.5213e-01  2.7434e+00
 MINUIT WARNING IN HESSE   
 ============== MATRIX FORCED POS-DEF BY ADDING 0.003225 TO DIAGONAL.
 FCN=-2.37863e+11 FROM HESSE     STATUS=NOT POSDEF     29 CALLS         229 TOTAL
                     EDM=1.59622    STRATEGY= 1      ERR MATRIX NOT POS-DEF
  EXT PARAMETER                APPROXIMATE        STEP         FIRST   
  NO.   NAME      VALUE            ERROR          SIZE      DERIVATIVE 
   1  norm         5.58943e+05   9.74408e+01   6.90248e+02  -4.89001e-02
   2  Q            5.65003e-01   3.16467e-05   1.89581e-04  -1.51547e+05
   3  theta       -2.07596e-03   1.00513e-03   1.07178e-01  -6.21004e+02
   4  pileup       9.99984e-04   1.02666e-07   8.39467e-06   2.52873e+07
 MIGRAD FAILS TO FIND IMPROVEMENT
 MACHINE ACCURACY LIMITS FURTHER IMPROVEMENT.
 MIGRAD MINIMIZATION HAS CONVERGED.
 MIGRAD WILL VERIFY CONVERGENCE AND ERROR MATRIX.
 EIGENVALUES OF SECOND-DERIVATIVE MATRIX:
        -7.7399e-04  4.0991e-01  8.5323e-01  2.7376e+00
 MINUIT WARNING IN HESSE   
 ============== MATRIX FORCED POS-DEF BY ADDING 0.003512 TO DIAGONAL.
 MIGRAD TERMINATED WITHOUT CONVERGENCE.
 FCN=-2.37863e+11 FROM MIGRAD    STATUS=FAILED        101 CALLS         280 TOTAL
                     EDM=0.0545765    STRATEGY= 1      ERR MATRIX NOT POS-DEF
  EXT PARAMETER                APPROXIMATE        STEP         FIRST   
  NO.   NAME      VALUE            ERROR          SIZE      DERIVATIVE 
   1  norm         5.58945e+05   9.77317e+01   2.76099e+02  -2.56391e-02
   2  Q            5.65004e-01   3.16233e-05   3.79162e-04  -8.09109e+04
   3  theta       -2.18289e-03   9.88920e-04   1.06802e-01  -6.03195e+01
   4  pileup       9.99863e-04   1.02412e-07   3.35787e-06  -1.67510e+06
 EXTERNAL ERROR MATRIX.    NDIM=  25    NPAR=  4    ERR DEF=1
  9.551e+03 -3.078e-03 -9.379e-03 -3.665e-07 
 -3.078e-03  1.000e-09  4.504e-09  1.021e-13 
 -9.379e-03  4.504e-09  9.780e-07  4.126e-11 
 -3.665e-07  1.021e-13  4.126e-11  1.049e-14 
ERR MATRIX NOT POS-DEF
 PARAMETER  CORRELATION COEFFICIENTS  
       NO.  GLOBAL      1      2      3      4
        1  0.99726   1.000 -0.996 -0.097 -0.037
        2  0.99729  -0.996  1.000  0.144  0.032
        3  0.68150  -0.097  0.144  1.000  0.407
        4  0.51191  -0.037  0.032  0.407  1.000
 ERR MATRIX NOT POS-DEF
status of the fit-----000------4
1  558945
2  0.565004
3  -0.00218289
4  0.000999863
 PARAMETER DEFINITIONS:
    NO.   NAME         VALUE      STEP SIZE      LIMITS
     1 norm         5.58945e+05  1.00000e-01     no limits
     2 Q            5.65004e-01  1.00000e-01     no limits
     3 theta       -2.18289e-03  1.00000e-01     no limits
     4 pileup       9.99863e-04  1.00000e-01     no limits
 **********
 **    3 **MIGRAD
 **********
 FIRST CALL TO USER FUNCTION AT NEW START POINT, WITH IFLAG=4.
 START MIGRAD MINIMIZATION.  STRATEGY  1.  CONVERGENCE WHEN EDM .LT. 1.00e-04
 FCN=-2.37863e+11 FROM MIGRAD    STATUS=INITIATE       14 CALLS         295 TOTAL
                     EDM= unknown      STRATEGY= 1      NO ERROR MATRIX       
  EXT PARAMETER               CURRENT GUESS       STEP         FIRST   
  NO.   NAME      VALUE            ERROR          SIZE      DERIVATIVE 
   1  norm         5.58945e+05   1.00000e-01   1.00000e-01  -2.56312e-02
   2  Q            5.65004e-01   1.00000e-01   1.00000e-01   5.38486e+06
   3  theta       -2.18289e-03   1.00000e-01   1.00000e-01  -1.45284e+04
   4  pileup       9.99863e-04   1.00000e-01   1.00000e-01  -9.18089e+11
 MIGRAD FAILS TO FIND IMPROVEMENT
 COVARIANCE MATRIX CALCULATED SUCCESSFULLY
 FCN=-2.37863e+11 FROM HESSE     STATUS=OK             29 CALLS         335 TOTAL
                     EDM=0.08157    STRATEGY= 1      ERROR MATRIX ACCURATE 
  EXT PARAMETER                                   STEP         FIRST   
  NO.   NAME      VALUE            ERROR          SIZE      DERIVATIVE 
   1  norm         5.58945e+05   3.36948e+01   2.66526e+00  -2.54480e-02
   2  Q            5.65004e-01   2.90251e-06   1.00000e-03  -8.09633e+04
   3  theta       -2.18289e-03   2.45335e-03   1.00000e-01  -5.70641e+01
   4  pileup       9.99863e-04   9.24317e-08   1.00000e-02  -2.26687e+06
 EIGENVALUES OF SECOND-DERIVATIVE MATRIX:
        -3.7979e-05  2.0992e-02  4.9925e-01  3.4798e+00
 MINUIT WARNING IN MIGRAD  
 ============== MATRIX FORCED POS-DEF BY ADDING 0.003518 TO DIAGONAL.
 MIGRAD FAILS TO FIND IMPROVEMENT
 MACHINE ACCURACY LIMITS FURTHER IMPROVEMENT.
 MIGRAD MINIMIZATION HAS CONVERGED.
 MIGRAD WILL VERIFY CONVERGENCE AND ERROR MATRIX.
 EIGENVALUES OF SECOND-DERIVATIVE MATRIX:
        -2.6982e-04  4.5942e-01  8.5447e-01  2.6864e+00
 MINUIT WARNING IN HESSE   
 ============== MATRIX FORCED POS-DEF BY ADDING 0.002956 TO DIAGONAL.
 MIGRAD TERMINATED WITHOUT CONVERGENCE.
 FCN=-2.37863e+11 FROM MIGRAD    STATUS=FAILED        189 CALLS         470 TOTAL
                     EDM=0.00293787    STRATEGY= 1      ERR MATRIX NOT POS-DEF
  EXT PARAMETER                APPROXIMATE        STEP         FIRST   
  NO.   NAME      VALUE            ERROR          SIZE      DERIVATIVE 
   1  norm         5.58946e+05   9.88524e+01   1.72576e+03   2.89766e-03
   2  Q            5.65004e-01   3.18596e-05   9.41948e-05   8.14576e+03
   3  theta       -1.86785e-03   2.32545e-03   4.26533e-02  -2.47646e+01
   4  pileup       9.99865e-04   1.00595e-07   2.09859e-05  -3.15778e+05
 EXTERNAL ERROR MATRIX.    NDIM=  25    NPAR=  4    ERR DEF=1
  9.772e+03 -3.137e-03 -2.665e-03  1.369e-07 
 -3.137e-03  1.015e-09  3.982e-09 -7.273e-14 
 -2.665e-03  3.982e-09  5.408e-06  8.595e-11 
  1.369e-07 -7.273e-14  8.595e-11  1.012e-14 
ERR MATRIX NOT POS-DEF
 PARAMETER  CORRELATION COEFFICIENTS  
       NO.  GLOBAL      1      2      3      4
        1  0.99732   1.000 -0.996 -0.012  0.014
        2  0.99733  -0.996  1.000  0.054 -0.023
        3  0.63492  -0.012  0.054  1.000  0.367
        4  0.48460   0.014 -0.023  0.367  1.000
 ERR MATRIX NOT POS-DEF
 **********
 **    4 **MIGRAD 
 **********
 START MIGRAD MINIMIZATION.  STRATEGY  1.  CONVERGENCE WHEN EDM .LT. 1.00e-04
 FCN=-2.37863e+11 FROM MIGRAD    STATUS=INITIATE        8 CALLS         478 TOTAL
                     EDM=0.574992    STRATEGY= 1      ERR MATRIX NOT POS-DEF
  EXT PARAMETER                APPROXIMATE        STEP         FIRST   
  NO.   NAME      VALUE            ERROR          SIZE      DERIVATIVE 
   1  norm         5.58946e+05   9.88524e+01   1.72576e+03  -7.33788e-03
   2  Q            5.65004e-01   3.18596e-05   9.41948e-05   8.47339e+03
   3  theta       -1.86785e-03   2.32545e-03   4.26533e-02  -3.80806e+02
   4  pileup       9.99865e-04   1.00595e-07   2.09859e-05  -4.82605e+06
 EIGENVALUES OF SECOND-DERIVATIVE MATRIX:
        -2.0507e-02  4.3191e-01  1.1200e+00  2.4686e+00
 MINUIT WARNING IN MIGRAD  
 ============== MATRIX FORCED POS-DEF BY ADDING 0.022976 TO DIAGONAL.
 EIGENVALUES OF SECOND-DERIVATIVE MATRIX:
        -2.4448e+00  3.1079e-01  1.1480e+00  4.9860e+00
 MINUIT WARNING IN MIGRAD  
 ============== MATRIX FORCED POS-DEF BY ADDING 2.449749 TO DIAGONAL.
 MIGRAD FAILS TO FIND IMPROVEMENT
 MACHINE ACCURACY LIMITS FURTHER IMPROVEMENT.
 MIGRAD MINIMIZATION HAS CONVERGED.
 MIGRAD WILL VERIFY CONVERGENCE AND ERROR MATRIX.
 COVARIANCE MATRIX CALCULATED SUCCESSFULLY
 FCN=-2.37863e+11 FROM HESSE     STATUS=OK             31 CALLS         585 TOTAL
                     EDM=0.00396565    STRATEGY= 1      ERROR MATRIX ACCURATE 
  EXT PARAMETER                                   STEP         FIRST   
  NO.   NAME      VALUE            ERROR          SIZE      DERIVATIVE 
   1  norm         5.58946e+05   9.60101e+00   1.72577e+03   1.07182e-02
   2  Q            5.65004e-01   2.78454e-06   5.54962e-04   3.25172e+04
   3  theta       -1.74521e-03   5.11150e-03   1.07914e-01  -3.85522e+01
   4  pileup       9.99868e-04   1.10352e-07   2.09860e-05   5.43886e+05
 MINUIT WARNING IN MIGRAD  
 ============== Negative diagonal element 3 in Error Matrix
 MINUIT WARNING IN MIGRAD  
 ============== 1 added to diagonal of error matrix
 MIGRAD FAILS TO FIND IMPROVEMENT
 MACHINE ACCURACY LIMITS FURTHER IMPROVEMENT.
 MIGRAD MINIMIZATION HAS CONVERGED.
 FCN=-2.37863e+11 FROM MIGRAD    STATUS=CONVERGED     139 CALLS         609 TOTAL
                     EDM=23.0489    STRATEGY= 1  ERROR MATRIX UNCERTAINTY   5.8 per cent
  EXT PARAMETER                                   STEP         FIRST   
  NO.   NAME      VALUE            ERROR          SIZE      DERIVATIVE 
   1  norm         5.58946e+05   8.71383e+00  -0.00000e+00   5.24333e-03
   2  Q            5.65004e-01   1.00000e+00  -0.00000e+00   4.73812e+04
   3  theta       -1.55568e-03   1.00000e+00   0.00000e+00  -1.93319e+03
   4  pileup       9.99865e-04   1.00000e+00   0.00000e+00  -4.53009e+06
 EXTERNAL ERROR MATRIX.    NDIM=  25    NPAR=  4    ERR DEF=1
  7.593e+01 -1.976e-06  1.500e-04 -7.449e-08 
 -1.976e-06  1.000e+00 -2.056e-12 -4.114e-14 
  1.500e-04 -2.056e-12  1.000e+00 -2.734e-11 
 -7.449e-08 -4.114e-14 -2.734e-11  1.000e+00 
 PARAMETER  CORRELATION COEFFICIENTS  
       NO.  GLOBAL      1      2      3      4
        1  0.00002   1.000 -0.000  0.000 -0.000
        2  0.00000  -0.000  1.000 -0.000 -0.000
        3  0.00002   0.000 -0.000  1.000 -0.000
        4  0.00000  -0.000 -0.000 -0.000  1.000
status of the fit-----000------0
1  558946
2  0.565004
3  -0.00155568
4  0.000999865
 PARAMETER DEFINITIONS:
    NO.   NAME         VALUE      STEP SIZE      LIMITS
     1 norm         5.58946e+05  1.00000e-01     no limits
     2 Q            5.65004e-01  1.00000e-01     no limits
     3 theta       -1.55568e-03  1.00000e-01     no limits
     4 pileup       9.99865e-04  1.00000e-01     no limits
 **********
 **    5 **MIGRAD
 **********
 FIRST CALL TO USER FUNCTION AT NEW START POINT, WITH IFLAG=4.
 START MIGRAD MINIMIZATION.  STRATEGY  1.  CONVERGENCE WHEN EDM .LT. 1.00e-04
 FCN=-2.37863e+11 FROM MIGRAD    STATUS=INITIATE       14 CALLS         624 TOTAL
                     EDM= unknown      STRATEGY= 1      NO ERROR MATRIX       
  EXT PARAMETER               CURRENT GUESS       STEP         FIRST   
  NO.   NAME      VALUE            ERROR          SIZE      DERIVATIVE 
   1  norm         5.58946e+05   1.00000e-01   1.00000e-01   1.56237e-02
   2  Q            5.65004e-01   1.00000e-01   1.00000e-01   6.07221e+06
   3  theta       -1.55568e-03   1.00000e-01   1.00000e-01  -1.03448e+04
   4  pileup       9.99865e-04   1.00000e-01   1.00000e-01  -9.18088e+11
 MIGRAD FAILS TO FIND IMPROVEMENT
 COVARIANCE MATRIX CALCULATED SUCCESSFULLY
 FCN=-2.37863e+11 FROM HESSE     STATUS=OK             29 CALLS         664 TOTAL
                     EDM=0.0683014    STRATEGY= 1      ERROR MATRIX ACCURATE 
  EXT PARAMETER                                   STEP         FIRST   
  NO.   NAME      VALUE            ERROR          SIZE      DERIVATIVE 
   1  norm         5.58946e+05   3.82683e+01   2.66526e+00   1.55722e-02
   2  Q            5.65004e-01   3.37837e-06   1.00000e-03   4.73074e+04
   3  theta       -1.55568e-03   2.87882e-03   1.00000e-01  -3.14255e+01
   4  pileup       9.99865e-04   9.24318e-08   1.00000e-02  -5.66856e+05
 EIGENVALUES OF SECOND-DERIVATIVE MATRIX:
        -1.1989e-02  2.3895e-02  4.8067e-01  3.5074e+00
 MINUIT WARNING IN MIGRAD  
 ============== MATRIX FORCED POS-DEF BY ADDING 0.015497 TO DIAGONAL.
 MIGRAD FAILS TO FIND IMPROVEMENT
 MACHINE ACCURACY LIMITS FURTHER IMPROVEMENT.
 MIGRAD MINIMIZATION HAS CONVERGED.
 MIGRAD WILL VERIFY CONVERGENCE AND ERROR MATRIX.
 EIGENVALUES OF SECOND-DERIVATIVE MATRIX:
        -4.5183e-05  4.5039e-01  8.5366e-01  2.6960e+00
 MINUIT WARNING IN HESSE   
 ============== MATRIX FORCED POS-DEF BY ADDING 0.002741 TO DIAGONAL.
 MIGRAD TERMINATED WITHOUT CONVERGENCE.
 FCN=-2.37863e+11 FROM MIGRAD    STATUS=FAILED        100 CALLS         710 TOTAL
                     EDM=0.00523845    STRATEGY= 1      ERR MATRIX NOT POS-DEF
  EXT PARAMETER                APPROXIMATE        STEP         FIRST   
  NO.   NAME      VALUE            ERROR          SIZE      DERIVATIVE 
   1  norm         5.58946e+05   9.86751e+01   5.33053e+00  -3.20603e-03
   2  Q            5.65004e-01   3.18006e-05   1.02991e-04  -1.11280e+04
   3  theta       -1.50991e-03   2.49991e-03   4.00000e-02  -2.01511e+01
   4  pileup       9.99865e-04   1.00894e-07   2.14096e-05  -4.92607e+05
 EXTERNAL ERROR MATRIX.    NDIM=  25    NPAR=  4    ERR DEF=1
  9.737e+03 -3.125e-03 -3.610e-03  2.988e-09 
 -3.125e-03  1.011e-09  4.590e-09 -2.764e-14 
 -3.610e-03  4.590e-09  6.250e-06  9.444e-11 
  2.988e-09 -2.764e-14  9.444e-11  1.018e-14 
ERR MATRIX NOT POS-DEF
 PARAMETER  CORRELATION COEFFICIENTS  
       NO.  GLOBAL      1      2      3      4
        1  0.99731   1.000 -0.996 -0.015  0.000
        2  0.99732  -0.996  1.000  0.058 -0.009
        3  0.64285  -0.015  0.058  1.000  0.374
        4  0.48909   0.000 -0.009  0.374  1.000
 ERR MATRIX NOT POS-DEF
 **********
 **    6 **MIGRAD 
 **********
 START MIGRAD MINIMIZATION.  STRATEGY  1.  CONVERGENCE WHEN EDM .LT. 1.00e-04
 FCN=-2.37863e+11 FROM MIGRAD    STATUS=INITIATE        8 CALLS         718 TOTAL
                     EDM=0.256826    STRATEGY= 1      ERR MATRIX NOT POS-DEF
  EXT PARAMETER                APPROXIMATE        STEP         FIRST   
  NO.   NAME      VALUE            ERROR          SIZE      DERIVATIVE 
   1  norm         5.58946e+05   9.86751e+01   5.33053e+00  -3.20460e-03
   2  Q            5.65004e-01   3.18006e-05   1.02991e-04  -1.07457e+04
   3  theta       -1.50991e-03   2.49991e-03   4.00000e-02  -2.73242e+02
   4  pileup       9.99865e-04   1.00894e-07   2.14096e-05  -5.18685e+06
 MIGRAD FAILS TO FIND IMPROVEMENT
 EIGENVALUES OF SECOND-DERIVATIVE MATRIX:
        -4.2249e-04  3.9364e-01  8.5112e-01  2.7557e+00
 MINUIT WARNING IN HESSE   
 ============== MATRIX FORCED POS-DEF BY ADDING 0.003178 TO DIAGONAL.
 FCN=-2.37863e+11 FROM HESSE     STATUS=NOT POSDEF     29 CALLS         798 TOTAL
                     EDM=0.000737531    STRATEGY= 1      ERR MATRIX NOT POS-DEF
  EXT PARAMETER                APPROXIMATE        STEP         FIRST   
  NO.   NAME      VALUE            ERROR          SIZE      DERIVATIVE 
   1  norm         5.58945e+05   9.69981e+01   1.06611e+03   4.68811e-03
   2  Q            5.65004e-01   3.16428e-05   9.41949e-05   1.36073e+04
   3  theta       -1.42215e-03   9.62028e-04   1.15263e-01  -3.42904e+01
   4  pileup       9.99868e-04   1.03216e-07   2.09859e-05   4.57107e+05
 EIGENVALUES OF SECOND-DERIVATIVE MATRIX:
        -9.5160e-04  1.4980e-01  8.5007e-01  3.0011e+00
 MINUIT WARNING IN MIGRAD  
 ============== MATRIX FORCED POS-DEF BY ADDING 0.003953 TO DIAGONAL.
 MIGRAD FAILS TO FIND IMPROVEMENT
 MACHINE ACCURACY LIMITS FURTHER IMPROVEMENT.
 MIGRAD MINIMIZATION HAS CONVERGED.
 MIGRAD WILL VERIFY CONVERGENCE AND ERROR MATRIX.
 EIGENVALUES OF SECOND-DERIVATIVE MATRIX:
        -2.7194e-04  4.3717e-01  8.5374e-01  2.7094e+00
 MINUIT WARNING IN HESSE   
 ============== MATRIX FORCED POS-DEF BY ADDING 0.002981 TO DIAGONAL.
 MIGRAD TERMINATED WITHOUT CONVERGENCE.
 FCN=-2.37863e+11 FROM MIGRAD    STATUS=FAILED        183 CALLS         893 TOTAL
                     EDM=0.000854177    STRATEGY= 1      ERR MATRIX NOT POS-DEF
  EXT PARAMETER                APPROXIMATE        STEP         FIRST   
  NO.   NAME      VALUE            ERROR          SIZE      DERIVATIVE 
   1  norm         5.58944e+05   9.84208e+01   1.72576e+03   1.31831e-03
   2  Q            5.65004e-01   3.17297e-05   9.48128e-05   3.35069e+03
   3  theta       -1.40288e-03   2.29333e-03   4.43037e-02  -1.77459e+01
   4  pileup       9.99867e-04   1.01305e-07   2.09859e-05   1.85519e+05
 EXTERNAL ERROR MATRIX.    NDIM=  25    NPAR=  4    ERR DEF=1
  9.687e+03 -3.110e-03 -3.396e-03  1.189e-07 
 -3.110e-03  1.007e-09  4.333e-09 -6.169e-14 
 -3.396e-03  4.333e-09  5.259e-06  8.911e-11 
  1.189e-07 -6.169e-14  8.911e-11  1.026e-14 
ERR MATRIX NOT POS-DEF
 PARAMETER  CORRELATION COEFFICIENTS  
       NO.  GLOBAL      1      2      3      4
        1  0.99729   1.000 -0.996 -0.015  0.012
        2  0.99731  -0.996  1.000  0.060 -0.019
        3  0.65396  -0.015  0.060  1.000  0.384
        4  0.49553   0.012 -0.019  0.384  1.000
 ERR MATRIX NOT POS-DEF
status of the fit-----000------4
1  558944
2  0.565004
3  -0.00140288
4  0.000999867
 **********
 **    7 **SET PRINT           2
 **********
 **********
 **    8 **SET NOGRAD
 **********
 PARAMETER DEFINITIONS:
    NO.   NAME         VALUE      STEP SIZE      LIMITS
     1 p0           5.58000e+05  1.67400e+05     no limits
     2 p1           5.65000e-01  1.69500e-01     no limits
     3 p2           0.00000e+00  3.00000e-01     no limits
     4 p3           9.99871e-04  2.99961e-04     no limits
 **********
 **    9 **SET ERR         0.5
 **********
 **********
 **   10 **SET PRINT           2
 **********
 **********
 **   11 **SET STR           1
 **********
 NOW USING STRATEGY  1: TRY TO BALANCE SPEED AGAINST RELIABILITY
 **********
 **   12 **MIGRAD        1480        0.01
 **********
 FIRST CALL TO USER FUNCTION AT NEW START POINT, WITH IFLAG=4.
 START MIGRAD MINIMIZATION.  STRATEGY  1.  CONVERGENCE WHEN EDM .LT. 1.00e-05
 FCN=17162.8 FROM MIGRAD    STATUS=INITIATE       18 CALLS          19 TOTAL
                     EDM= unknown      STRATEGY= 1      NO ERROR MATRIX       
  EXT PARAMETER               CURRENT GUESS       STEP         FIRST   
  NO.   NAME      VALUE            ERROR          SIZE      DERIVATIVE 
   1  p0           5.58000e+05   1.67400e+05   1.67400e+05  -3.61132e+01
   2  p1           5.65000e-01   1.69500e-01   1.69500e-01  -1.12100e+08
   3  p2           0.00000e+00   3.00000e-01   3.00000e-01   0.00000e+00
   4  p3           9.99871e-04   2.99961e-04   2.99961e-04  -9.92881e+08
                               ERR DEF= 0.5
NO ERROR MATRIX       
 FCN=480.678 FROM MIGRAD    STATUS=PROGRESS       34 CALLS          35 TOTAL
                     EDM=1316.38    STRATEGY= 1      NO ERROR MATRIX       
  EXT PARAMETER               CURRENT GUESS       STEP         FIRST   
  NO.   NAME      VALUE            ERROR          SIZE      DERIVATIVE 
   1  p0           5.58437e+05   1.67400e+05   4.37290e+02  -8.18572e-01
   2  p1           5.65141e-01   1.69500e-01   1.41012e-04  -2.51285e+06
   3  p2           0.00000e+00   3.00000e-01  -0.00000e+00   0.00000e+00
   4  p3           1.00165e-03   2.99961e-04   1.78240e-06   4.00843e+08
                               ERR DEF= 0.5
 FCN=76.5109 FROM MIGRAD    STATUS=PROGRESS      155 CALLS         156 TOTAL
                     EDM=1.02229e-06    STRATEGY= 1  ERROR MATRIX UNCERTAINTY  61.8 per cent
  EXT PARAMETER                APPROXIMATE        STEP         FIRST   
  NO.   NAME      VALUE            ERROR          SIZE      DERIVATIVE 
   1  p0           5.59617e+05   4.20553e+02   5.17315e-02   6.81702e-05
   2  p1           5.64785e-01   1.35071e-04  -1.66996e-08   2.06694e+02
   3  p2           0.00000e+00   4.92655e-04  -0.00000e+00   0.00000e+00
   4  p3           9.99813e-04   6.88397e-08   5.23052e-13   1.51599e+03
                               ERR DEF= 0.5
 MIGRAD FAILS TO FIND IMPROVEMENT
 MIGRAD MINIMIZATION HAS CONVERGED.
 MIGRAD WILL VERIFY CONVERGENCE AND ERROR MATRIX.
   START COVARIANCE MATRIX CALCULATION.
 MINUIT WARNING IN HESSE   
 ============== Negative diagonal element 3 in Error Matrix
 MINUIT WARNING IN HESSE   
 ============== 2150 added to diagonal of error matrix
 EIGENVALUES OF SECOND-DERIVATIVE MATRIX:
        -2.3528e+00  7.4166e-01  1.0000e+00  4.6111e+00
 MINUIT WARNING IN HESSE   
 ============== MATRIX FORCED POS-DEF BY ADDING 2.357409 TO DIAGONAL.
 FCN=76.5109 FROM HESSE     STATUS=NOT POSDEF     25 CALLS         182 TOTAL
                     EDM=0.000106496    STRATEGY= 1      ERR MATRIX NOT POS-DEF
  EXT PARAMETER                APPROXIMATE        STEP         FIRST   
  NO.   NAME      VALUE            ERROR          SIZE      DERIVATIVE 
   1  p0           5.59617e+05   1.17713e-02   2.66846e-01   6.96937e-05
   2  p1           5.64785e-01   6.58615e-06   2.69311e-07   2.10118e+02
   3  p2           0.00000e+00   1.05893e+01   1.41943e-04   0.00000e+00
   4  p3           9.99813e-04   5.64504e-07   4.76748e-10   2.34282e+04
                               ERR DEF= 0.5
 PARAMETER  CORRELATION COEFFICIENTS  
       NO.  GLOBAL      1      2      3      4
        1  0.01507   1.000  0.015  0.015  0.015
        2  0.99064   0.015  1.000  0.991  0.988
        3  0.99867   0.015  0.991  1.000  0.998
        4  0.99833   0.015  0.988  0.998  1.000
 ERR MATRIX NOT POS-DEF
 MIGRAD FAILS TO FIND IMPROVEMENT
 MIGRAD TERMINATED WITHOUT CONVERGENCE.
 FCN=76.5109 FROM MIGRAD    STATUS=FAILED        183 CALLS         184 TOTAL
                     EDM=0.000106496    STRATEGY= 1      ERR MATRIX NOT POS-DEF
  EXT PARAMETER                APPROXIMATE        STEP         FIRST   
  NO.   NAME      VALUE            ERROR          SIZE      DERIVATIVE 
   1  p0           5.59617e+05   1.17713e-02  -0.00000e+00   6.96937e-05
   2  p1           5.64785e-01   6.58615e-06  -0.00000e+00   2.10118e+02
   3  p2           0.00000e+00   1.05893e+01  -0.00000e+00   0.00000e+00
   4  p3           9.99813e-04   5.64504e-07  -0.00000e+00   2.34282e+04
                               ERR DEF= 0.5
 EXTERNAL ERROR MATRIX.    NDIM=  25    NPAR=  4    ERR DEF=0.5
  1.386e-04  1.140e-09  1.872e-03  9.951e-11 
  1.140e-09  4.338e-11  6.908e-05  3.674e-12 
  1.872e-03  6.908e-05  1.121e+02  5.968e-06 
  9.951e-11  3.674e-12  5.968e-06  3.187e-13 
ERR MATRIX NOT POS-DEF
 PARAMETER  CORRELATION COEFFICIENTS  
       NO.  GLOBAL      1      2      3      4
        1  0.01507   1.000  0.015  0.015  0.015
        2  0.99064   0.015  1.000  0.991  0.988
        3  0.99867   0.015  0.991  1.000  0.998
        4  0.99833   0.015  0.988  0.998  1.000
 ERR MATRIX NOT POS-DEF
 FCN=76.5109 FROM MIGRAD    STATUS=FAILED        183 CALLS         184 TOTAL
                     EDM=0.000106496    STRATEGY= 1      ERR MATRIX NOT POS-DEF
  EXT PARAMETER                  PARABOLIC         MINOS ERRORS        
  NO.   NAME      VALUE            ERROR      NEGATIVE      POSITIVE   
   1  p0           5.59617e+05   1.17713e-02                            
   2  p1           5.64785e-01   6.58615e-06                            
   3  p2           0.00000e+00   1.05893e+01                            
   4  p3           9.99813e-04   5.64504e-07                            
                               ERR DEF= 0.5
 **********
 **   13 **SET PRINT           2
 **********
 **********
 **   14 **SET NOGRAD
 **********
 PARAMETER DEFINITIONS:
    NO.   NAME         VALUE      STEP SIZE      LIMITS
     1 p0           5.59617e+05  1.17713e-02     no limits
     2 p1           5.64785e-01  6.58615e-06     no limits
     3 p2           0.00000e+00  1.05893e+01     no limits
     4 p3           9.99813e-04  5.64504e-07     no limits
 **********
 **   15 **SET ERR         0.5
 **********
 **********
 **   16 **SET PRINT           2
 **********
 **********
 **   17 **SET STR           1
 **********
 NOW USING STRATEGY  1: TRY TO BALANCE SPEED AGAINST RELIABILITY
 **********
 **   18 **MIGRAD        1480        0.01
 **********
 FIRST CALL TO USER FUNCTION AT NEW START POINT, WITH IFLAG=4.
 START MIGRAD MINIMIZATION.  STRATEGY  1.  CONVERGENCE WHEN EDM .LT. 1.00e-05
 FCN=76.5109 FROM MIGRAD    STATUS=INITIATE       12 CALLS          13 TOTAL
                     EDM= unknown      STRATEGY= 1      NO ERROR MATRIX       
  EXT PARAMETER               CURRENT GUESS       STEP         FIRST   
  NO.   NAME      VALUE            ERROR          SIZE      DERIVATIVE 
   1  p0           5.59617e+05   1.17713e-02   1.17713e-02   6.81702e-05
   2  p1           5.64785e-01   6.58615e-06   6.58615e-06   2.06694e+02
   3  p2           0.00000e+00   1.05893e+01   1.05893e+01   0.00000e+00
   4  p3           9.99813e-04   5.64504e-07   5.64504e-07   4.54242e+02
                               ERR DEF= 0.5
NO ERROR MATRIX       
 MIGRAD FAILS TO FIND IMPROVEMENT
   START COVARIANCE MATRIX CALCULATION.
 EIGENVALUES OF SECOND-DERIVATIVE MATRIX:
         8.6019e-04  3.5310e-01  8.5172e-01  2.7943e+00
 COVARIANCE MATRIX CALCULATED SUCCESSFULLY
 FCN=76.5109 FROM HESSE     STATUS=OK             25 CALLS          39 TOTAL
                     EDM=1.61407e-06    STRATEGY= 1      ERROR MATRIX ACCURATE 
  EXT PARAMETER                                   STEP         FIRST   
  NO.   NAME      VALUE            ERROR          SIZE      DERIVATIVE 
   1  p0           5.59617e+05   1.23431e+02   2.66846e-01   6.96937e-05
   2  p1           5.64785e-01   3.98058e-05   2.69311e-07   2.10118e+02
   3  p2           0.00000e+00   7.73698e-03   1.05893e-02   0.00000e+00
   4  p3           9.99813e-04   7.33799e-08   5.64504e-10   2.34282e+04
                               ERR DEF= 0.5
 PARAMETER  CORRELATION COEFFICIENTS  
       NO.  GLOBAL      1      2      3      4
        1  0.99914   1.000 -0.999 -0.091 -0.011
        2  0.99914  -0.999  1.000  0.122  0.012
        3  0.72864  -0.091  0.122  1.000  0.449
        4  0.54207  -0.011  0.012  0.449  1.000
 MIGRAD FAILS TO FIND IMPROVEMENT
 MIGRAD MINIMIZATION HAS CONVERGED.
 FCN=76.5109 FROM MIGRAD    STATUS=CONVERGED      39 CALLS          40 TOTAL
                     EDM=1.61407e-06    STRATEGY= 1      ERROR MATRIX ACCURATE 
  EXT PARAMETER                                   STEP         FIRST   
  NO.   NAME      VALUE            ERROR          SIZE      DERIVATIVE 
   1  p0           5.59617e+05   1.23431e+02  -0.00000e+00   6.96937e-05
   2  p1           5.64785e-01   3.98058e-05   0.00000e+00   2.10118e+02
   3  p2           0.00000e+00   7.73698e-03  -0.00000e+00   0.00000e+00
   4  p3           9.99813e-04   7.33799e-08  -0.00000e+00   2.34282e+04
                               ERR DEF= 0.5
 EXTERNAL ERROR MATRIX.    NDIM=  25    NPAR=  4    ERR DEF=0.5
  1.524e+04 -4.906e-03 -8.711e-02 -9.979e-08 
 -4.906e-03  1.584e-09  3.752e-08  3.390e-14 
 -8.711e-02  3.752e-08  5.986e-05  2.549e-10 
 -9.979e-08  3.390e-14  2.549e-10  5.385e-15 
 PARAMETER  CORRELATION COEFFICIENTS  
       NO.  GLOBAL      1      2      3      4
        1  0.99914   1.000 -0.999 -0.091 -0.011
        2  0.99914  -0.999  1.000  0.122  0.012
        3  0.72864  -0.091  0.122  1.000  0.449
        4  0.54207  -0.011  0.012  0.449  1.000
 EXTERNAL ERROR MATRIX.    NDIM=   4    NPAR=  4    ERR DEF=0.5
  1.524e+04 -4.906e-03 -8.711e-02 -9.979e-08 
 -4.906e-03  1.584e-09  3.752e-08  3.390e-14 
 -8.711e-02  3.752e-08  5.986e-05  2.549e-10 
 -9.979e-08  3.390e-14  2.549e-10  5.385e-15 
 FCN=76.5109 FROM MIGRAD    STATUS=CONVERGED      39 CALLS          40 TOTAL
                     EDM=1.61407e-06    STRATEGY= 1      ERROR MATRIX ACCURATE 
  EXT PARAMETER                  PARABOLIC         MINOS ERRORS        
  NO.   NAME      VALUE            ERROR      NEGATIVE      POSITIVE   
   1  p0           5.59617e+05   1.23431e+02                            
   2  p1           5.64785e-01   3.98058e-05                            
   3  p2           0.00000e+00   7.73698e-03                            
   4  p3           9.99813e-04   7.33799e-08                            
                               ERR DEF= 0.5
------------------------------------------
Enering ROOFIt-------
 PARAMETER DEFINITIONS:
    NO.   NAME         VALUE      STEP SIZE      LIMITS
     1 norm         5.59617e+05  1.00000e-01     no limits
     2 Q            5.65000e-01  1.00000e-01     no limits
     3 theta        0.00000e+00  1.00000e-01     no limits
     4 pileup       9.99813e-04  1.00000e-01     no limits
 **********
 **    1 **MIGRAD
 **********
 FIRST CALL TO USER FUNCTION AT NEW START POINT, WITH IFLAG=4.
 START MIGRAD MINIMIZATION.  STRATEGY  1.  CONVERGENCE WHEN EDM .LT. 1.00e-04
 FCN=-2.37859e+11 FROM MIGRAD    STATUS=INITIATE       14 CALLS          15 TOTAL
                     EDM= unknown      STRATEGY= 1      NO ERROR MATRIX       
  EXT PARAMETER               CURRENT GUESS       STEP         FIRST   
  NO.   NAME      VALUE            ERROR          SIZE      DERIVATIVE 
   1  norm         5.59617e+05   1.00000e-01   1.00000e-01   2.54247e+01
   2  Q            5.65000e-01   1.00000e-01   1.00000e-01   3.96618e+08
   3  theta        0.00000e+00   1.00000e-01   1.00000e-01   0.00000e+00
   4  pileup       9.99813e-04   1.00000e-01   1.00000e-01  -9.17130e+11
 MIGRAD FAILS TO FIND IMPROVEMENT
 EIGENVALUES OF SECOND-DERIVATIVE MATRIX:
        -1.8136e+00  1.3512e-01  9.1614e-01  4.7623e+00
 MINUIT WARNING IN HESSE   
 ============== MATRIX FORCED POS-DEF BY ADDING 1.818371 TO DIAGONAL.
 FCN=-2.37859e+11 FROM HESSE     STATUS=NOT POSDEF     27 CALLS          53 TOTAL
                     EDM=336797    STRATEGY= 1      ERR MATRIX NOT POS-DEF
  EXT PARAMETER                APPROXIMATE        STEP         FIRST   
  NO.   NAME      VALUE            ERROR          SIZE      DERIVATIVE 
   1  norm         5.59617e+05   3.08371e+01   2.66846e+00   2.54246e+01
   2  Q            5.65000e-01   3.67950e-06   1.00000e-03   7.91555e+07
   3  theta        0.00000e+00   2.51582e-02   1.00000e-01   0.00000e+00
   4  pileup       9.99813e-04   1.36179e-07   1.00000e-02   7.12750e+08
 MIGRAD FAILS TO FIND IMPROVEMENT
 MACHINE ACCURACY LIMITS FURTHER IMPROVEMENT.
 MIGRAD MINIMIZATION HAS CONVERGED.
 MIGRAD WILL VERIFY CONVERGENCE AND ERROR MATRIX.
 COVARIANCE MATRIX CALCULATED SUCCESSFULLY
 MIGRAD TERMINATED WITHOUT CONVERGENCE.
 FCN=-2.37859e+11 FROM MIGRAD    STATUS=FAILED        200 CALLS         201 TOTAL
                     EDM=2.56194    STRATEGY= 1      ERR MATRIX APPROXIMATE
  EXT PARAMETER                APPROXIMATE        STEP         FIRST   
  NO.   NAME      VALUE            ERROR          SIZE      DERIVATIVE 
   1  norm         5.59024e+05   9.40050e+00   1.72618e+03  -2.30130e-01
   2  Q            5.64974e-01   4.82781e-07   5.54931e-04  -7.14125e+05
   3  theta        1.92280e-03   8.75019e-04   1.41390e-01   5.17989e+01
   4  pileup       9.99851e-04   1.05650e-07   2.10014e-05   4.62044e+06
 EXTERNAL ERROR MATRIX.    NDIM=  25    NPAR=  4    ERR DEF=1
  8.837e+01  4.994e-07  4.579e-03  1.275e-09 
  4.994e-07  2.331e-13  1.782e-10 -4.378e-15 
  4.579e-03  1.782e-10  7.657e-07  3.480e-11 
  1.275e-09 -4.378e-15  3.480e-11  1.116e-14 
ERR MATRIX APPROXIMATE
 PARAMETER  CORRELATION COEFFICIENTS  
       NO.  GLOBAL      1      2      3      4
        1  0.63682   1.000  0.110  0.557  0.001
        2  0.54837   0.110  1.000  0.422 -0.086
        3  0.78007   0.557  0.422  1.000  0.376
        4  0.55160   0.001 -0.086  0.376  1.000
 ERR MATRIX APPROXIMATE
 **********
 **    2 **MIGRAD 
 **********
 START MIGRAD MINIMIZATION.  STRATEGY  1.  CONVERGENCE WHEN EDM .LT. 1.00e-04
 FCN=-2.37859e+11 FROM MIGRAD    STATUS=INITIATE        8 CALLS         209 TOTAL
                     EDM=2.05    STRATEGY= 1      ERR MATRIX APPROXIMATE
  EXT PARAMETER                APPROXIMATE        STEP         FIRST   
  NO.   NAME      VALUE            ERROR          SIZE      DERIVATIVE 
   1  norm         5.59024e+05   9.40050e+00   1.72618e+03  -2.40369e-01
   2  Q            5.64974e-01   4.82781e-07   5.54931e-04  -7.14050e+05
   3  theta        1.92280e-03   8.75019e-04   1.41390e-01   4.09272e+03
   4  pileup       9.99851e-04   1.05650e-07   2.10014e-05   1.03341e+05
 MIGRAD FAILS TO FIND IMPROVEMENT
 MACHINE ACCURACY LIMITS FURTHER IMPROVEMENT.
 MIGRAD MINIMIZATION HAS CONVERGED.
 FCN=-2.37859e+11 FROM MIGRAD    STATUS=CONVERGED     103 CALLS         304 TOTAL
                     EDM=1.42717    STRATEGY= 1  ERROR MATRIX UNCERTAINTY   7.9 per cent
  EXT PARAMETER                                   STEP         FIRST   
  NO.   NAME      VALUE            ERROR          SIZE      DERIVATIVE 
   1  norm         5.59027e+05   8.25412e+00   0.00000e+00  -1.78679e-01
   2  Q            5.64973e-01   3.31742e-08  -0.00000e+00  -3.53438e+05
   3  theta        1.48944e-03   6.25968e-04  -0.00000e+00   2.76391e+03
   4  pileup       9.99845e-04   9.95092e-08   0.00000e+00  -2.18253e+07
 EXTERNAL ERROR MATRIX.    NDIM=  25    NPAR=  4    ERR DEF=1
  6.813e+01  1.035e-07  1.954e-03 -1.610e-07 
  1.035e-07  1.101e-15  2.077e-11  7.697e-16 
  1.954e-03  2.077e-11  3.918e-07  1.452e-11 
 -1.610e-07  7.697e-16  1.452e-11  9.902e-15 
 PARAMETER  CORRELATION COEFFICIENTS  
       NO.  GLOBAL      1      2      3      4
        1  0.47790   1.000  0.378  0.378 -0.196
        2  1.00000   0.378  1.000  1.000  0.233
        3  1.00000   0.378  1.000  1.000  0.233
        4  0.38550  -0.196  0.233  0.233  1.000
status of the fit-----000------0
1  559027
2  0.564973
3  0.00148944
4  0.000999845
 **********
 **   19 **SET PRINT           2
 **********
 **********
 **   20 **SET NOGRAD
 **********
 PARAMETER DEFINITIONS:
    NO.   NAME         VALUE      STEP SIZE      LIMITS
     1 p0           5.58000e+05  1.67400e+05     no limits
     2 p1           5.65000e-01  1.69500e-01     no limits
     3 p2           0.00000e+00  3.00000e-01     no limits
     4 p3           9.99871e-04  2.99961e-04     no limits
 **********
 **   21 **SET ERR         0.5
 **********
 **********
 **   22 **SET PRINT           2
 **********
 **********
 **   23 **SET STR           1
 **********
 NOW USING STRATEGY  1: TRY TO BALANCE SPEED AGAINST RELIABILITY
 **********
 **   24 **MIGRAD        1480        0.01
 **********
 FIRST CALL TO USER FUNCTION AT NEW START POINT, WITH IFLAG=4.
 START MIGRAD MINIMIZATION.  STRATEGY  1.  CONVERGENCE WHEN EDM .LT. 1.00e-05
 FCN=17559.6 FROM MIGRAD    STATUS=INITIATE       20 CALLS          21 TOTAL
                     EDM= unknown      STRATEGY= 1      NO ERROR MATRIX       
  EXT PARAMETER               CURRENT GUESS       STEP         FIRST   
  NO.   NAME      VALUE            ERROR          SIZE      DERIVATIVE 
   1  p0           5.58000e+05   1.67400e+05   1.67400e+05  -3.65345e+01
   2  p1           5.65000e-01   1.69500e-01   1.69500e-01  -1.13407e+08
   3  p2           0.00000e+00   3.00000e-01   3.00000e-01   0.00000e+00
   4  p3           9.99871e-04   2.99961e-04   2.99961e-04  -9.60924e+08
                               ERR DEF= 0.5
NO ERROR MATRIX       
 FCN=529.631 FROM MIGRAD    STATUS=PROGRESS       36 CALLS          37 TOTAL
                     EDM=1516.51    STRATEGY= 1      NO ERROR MATRIX       
  EXT PARAMETER               CURRENT GUESS       STEP         FIRST   
  NO.   NAME      VALUE            ERROR          SIZE      DERIVATIVE 
   1  p0           5.58443e+05   1.67400e+05   4.43237e+02  -8.42640e-01
   2  p1           5.65143e-01   1.69500e-01   1.42931e-04  -2.58746e+06
   3  p2           0.00000e+00   3.00000e-01  -0.00000e+00   0.00000e+00
   4  p3           1.00160e-03   2.99961e-04   1.72861e-06   4.31161e+08
                               ERR DEF= 0.5
 FCN=65.5281 FROM MIGRAD    STATUS=PROGRESS      149 CALLS         150 TOTAL
                     EDM=1.9999e-05    STRATEGY= 1  ERROR MATRIX UNCERTAINTY  21.5 per cent
  EXT PARAMETER                APPROXIMATE        STEP         FIRST   
  NO.   NAME      VALUE            ERROR          SIZE      DERIVATIVE 
   1  p0           5.59018e+05   1.45398e+03   7.25527e-01  -8.52412e-05
   2  p1           5.64983e-01   4.67776e-04  -2.33305e-07  -2.76201e+02
   3  p2           0.00000e+00   4.90609e-04  -0.00000e+00   0.00000e+00
   4  p3           9.99611e-04   7.13764e-08   2.66953e-11  -1.43127e+04
                               ERR DEF= 0.5
 MIGRAD FAILS TO FIND IMPROVEMENT
 MIGRAD MINIMIZATION HAS CONVERGED.
 MIGRAD WILL VERIFY CONVERGENCE AND ERROR MATRIX.
   START COVARIANCE MATRIX CALCULATION.
 EIGENVALUES OF SECOND-DERIVATIVE MATRIX:
         2.2004e-03  8.2564e-01  9.9972e-01  2.1724e+00
 COVARIANCE MATRIX CALCULATED SUCCESSFULLY
 FCN=65.5281 FROM MIGRAD    STATUS=CONVERGED     200 CALLS         201 TOTAL
                     EDM=1.67478e-06    STRATEGY= 1      ERROR MATRIX ACCURATE 
  EXT PARAMETER                                   STEP         FIRST   
  NO.   NAME      VALUE            ERROR          SIZE      DERIVATIVE 
   1  p0           5.59017e+05   7.69846e+01   2.66560e-01   8.27926e-06
   2  p1           5.64983e-01   2.49157e-05   2.69405e-07  -2.76790e+01
   3  p2           0.00000e+00   9.73061e-03   5.35905e-05   0.00000e+00
   4  p3           9.99611e-04   6.55089e-08   4.76651e-10  -2.62527e+03
                               ERR DEF= 0.5
 EXTERNAL ERROR MATRIX.    NDIM=  25    NPAR=  4    ERR DEF=0.5
  5.927e+03 -1.913e-03  1.634e-01  1.199e-06 
 -1.913e-03  6.208e-10 -5.266e-08 -4.232e-13 
  1.634e-01 -5.266e-08  9.468e-05  4.570e-11 
  1.199e-06 -4.232e-13  4.570e-11  4.291e-15 
 PARAMETER  CORRELATION COEFFICIENTS  
       NO.  GLOBAL      1      2      3      4
        1  0.99779   1.000 -0.998  0.218  0.238
        2  0.99781  -0.998  1.000 -0.217 -0.259
        3  0.21959   0.218 -0.217  1.000  0.072
        4  0.39709   0.238 -0.259  0.072  1.000
 EXTERNAL ERROR MATRIX.    NDIM=   4    NPAR=  4    ERR DEF=0.5
  5.927e+03 -1.913e-03  1.634e-01  1.199e-06 
 -1.913e-03  6.208e-10 -5.266e-08 -4.232e-13 
  1.634e-01 -5.266e-08  9.468e-05  4.570e-11 
  1.199e-06 -4.232e-13  4.570e-11  4.291e-15 
 FCN=65.5281 FROM MIGRAD    STATUS=CONVERGED     200 CALLS         201 TOTAL
                     EDM=1.67478e-06    STRATEGY= 1      ERROR MATRIX ACCURATE 
  EXT PARAMETER                  PARABOLIC         MINOS ERRORS        
  NO.   NAME      VALUE            ERROR      NEGATIVE      POSITIVE   
   1  p0           5.59017e+05   7.69846e+01                            
   2  p1           5.64983e-01   2.49157e-05                            
   3  p2           0.00000e+00   9.73061e-03                            
   4  p3           9.99611e-04   6.55089e-08                            
                               ERR DEF= 0.5
------------------------------------------
Enering ROOFIt-------
 PARAMETER DEFINITIONS:
    NO.   NAME         VALUE      STEP SIZE      LIMITS
     1 norm         5.59017e+05  1.00000e-01     no limits
     2 Q            5.65000e-01  1.00000e-01     no limits
     3 theta        0.00000e+00  1.00000e-01     no limits
     4 pileup       9.99611e-04  1.00000e-01     no limits
 **********
 **    1 **MIGRAD
 **********
 FIRST CALL TO USER FUNCTION AT NEW START POINT, WITH IFLAG=4.
 START MIGRAD MINIMIZATION.  STRATEGY  1.  CONVERGENCE WHEN EDM .LT. 1.00e-04
 FCN=-2.37863e+11 FROM MIGRAD    STATUS=INITIATE       14 CALLS          15 TOTAL
                     EDM= unknown      STRATEGY= 1      NO ERROR MATRIX       
  EXT PARAMETER               CURRENT GUESS       STEP         FIRST   
  NO.   NAME      VALUE            ERROR          SIZE      DERIVATIVE 
   1  norm         5.59017e+05   1.00000e-01   1.00000e-01   1.99269e+00
   2  Q            5.65000e-01   1.00000e-01   1.00000e-01   3.68700e+07
   3  theta        0.00000e+00   1.00000e-01   1.00000e-01   0.00000e+00
   4  pileup       9.99611e-04   1.00000e-01   1.00000e-01  -9.17937e+11
 MIGRAD FAILS TO FIND IMPROVEMENT
 EIGENVALUES OF SECOND-DERIVATIVE MATRIX:
        -9.3882e-03  3.6303e-01  9.1683e-01  2.7295e+00
 MINUIT WARNING IN HESSE   
 ============== MATRIX FORCED POS-DEF BY ADDING 0.012118 TO DIAGONAL.
 FCN=-2.37863e+11 FROM HESSE     STATUS=NOT POSDEF     27 CALLS          53 TOTAL
                     EDM=1972.97    STRATEGY= 1      ERR MATRIX NOT POS-DEF
  EXT PARAMETER                APPROXIMATE        STEP         FIRST   
  NO.   NAME      VALUE            ERROR          SIZE      DERIVATIVE 
   1  norm         5.59017e+05   6.46183e+01   2.66560e+00   1.99252e+00
   2  Q            5.65000e-01   6.51446e-06   1.00000e-03   6.19715e+06
   3  theta        0.00000e+00   6.37808e-03   1.00000e-01   0.00000e+00
   4  pileup       9.99611e-04   9.19664e-08   1.00000e-02   5.53117e+07
 MIGRAD FAILS TO FIND IMPROVEMENT
 MACHINE ACCURACY LIMITS FURTHER IMPROVEMENT.
 MIGRAD MINIMIZATION HAS CONVERGED.
 MIGRAD WILL VERIFY CONVERGENCE AND ERROR MATRIX.
 EIGENVALUES OF SECOND-DERIVATIVE MATRIX:
        -2.7291e-03  3.0785e-01  8.4673e-01  2.8482e+00
 MINUIT WARNING IN HESSE   
 ============== MATRIX FORCED POS-DEF BY ADDING 0.005577 TO DIAGONAL.
 MIGRAD TERMINATED WITHOUT CONVERGENCE.
 FCN=-2.37863e+11 FROM MIGRAD    STATUS=FAILED        155 CALLS         156 TOTAL
                     EDM=0.083621    STRATEGY= 1      ERR MATRIX NOT POS-DEF
  EXT PARAMETER                APPROXIMATE        STEP         FIRST   
  NO.   NAME      VALUE            ERROR          SIZE      DERIVATIVE 
   1  norm         5.58946e+05   9.29069e+01   5.33121e+02  -6.38692e-03
   2  Q            5.65007e-01   3.17184e-05   9.42815e-05  -2.07086e+04
   3  theta        6.02270e-03   8.65315e-04   1.88061e-01   3.66486e+02
   4  pileup       9.99605e-04   1.16384e-07   2.09837e-05  -4.47296e+06
 EXTERNAL ERROR MATRIX.    NDIM=  25    NPAR=  4    ERR DEF=1
  8.632e+03 -2.931e-03 -5.308e-02 -4.275e-06 
 -2.931e-03  1.006e-09  1.939e-08  1.483e-12 
 -5.308e-02  1.939e-08  7.488e-07  6.011e-11 
 -4.275e-06  1.483e-12  6.011e-11  1.355e-14 
ERR MATRIX NOT POS-DEF
 PARAMETER  CORRELATION COEFFICIENTS  
       NO.  GLOBAL      1      2      3      4
        1  0.99697   1.000 -0.995 -0.660 -0.395
        2  0.99731  -0.995  1.000  0.706  0.402
        3  0.88114  -0.660  0.706  1.000  0.597
        4  0.65572  -0.395  0.402  0.597  1.000
 ERR MATRIX NOT POS-DEF
 **********
 **    2 **MIGRAD 
 **********
 START MIGRAD MINIMIZATION.  STRATEGY  1.  CONVERGENCE WHEN EDM .LT. 1.00e-04
 FCN=-2.37863e+11 FROM MIGRAD    STATUS=INITIATE        8 CALLS         164 TOTAL
                     EDM=90.7717    STRATEGY= 1      ERR MATRIX NOT POS-DEF
  EXT PARAMETER                APPROXIMATE        STEP         FIRST   
  NO.   NAME      VALUE            ERROR          SIZE      DERIVATIVE 
   1  norm         5.58946e+05   9.29069e+01   5.33121e+02  -7.36628e-03
   2  Q            5.65007e-01   3.17184e-05   9.42815e-05  -2.04119e+04
   3  theta        6.02270e-03   8.65315e-04   1.88061e-01   2.27276e+04
   4  pileup       9.99605e-04   1.16384e-07   2.09837e-05  -8.98457e+06
 MIGRAD FAILS TO FIND IMPROVEMENT
 MACHINE ACCURACY LIMITS FURTHER IMPROVEMENT.
 MIGRAD MINIMIZATION HAS CONVERGED.
 MIGRAD WILL VERIFY CONVERGENCE AND ERROR MATRIX.
 EIGENVALUES OF SECOND-DERIVATIVE MATRIX:
        -4.0887e-04  2.5164e-01  8.4953e-01  2.8992e+00
 MINUIT WARNING IN HESSE   
 ============== MATRIX FORCED POS-DEF BY ADDING 0.003308 TO DIAGONAL.
 FCN=-2.37863e+11 FROM HESSE     STATUS=NOT POSDEF     29 CALLS         204 TOTAL
                     EDM=0.0402532    STRATEGY= 1      ERR MATRIX NOT POS-DEF
  EXT PARAMETER                APPROXIMATE        STEP         FIRST   
  NO.   NAME      VALUE            ERROR          SIZE      DERIVATIVE 
   1  norm         5.58946e+05   9.47395e+01   2.13248e+02  -6.37905e-03
   2  Q            5.65007e-01   3.08222e-05   1.88563e-04  -2.06916e+04
   3  theta        6.02270e-03   1.72300e-03   7.52244e-02   1.77219e+02
   4  pileup       9.99605e-04   1.12016e-07   8.39347e-06  -4.43440e+06
 MIGRAD FAILS TO FIND IMPROVEMENT
 MACHINE ACCURACY LIMITS FURTHER IMPROVEMENT.
 MIGRAD MINIMIZATION HAS CONVERGED.
 MIGRAD WILL VERIFY CONVERGENCE AND ERROR MATRIX.
 EIGENVALUES OF SECOND-DERIVATIVE MATRIX:
        -3.3053e-04  2.3024e-01  8.4935e-01  2.9207e+00
 MINUIT WARNING IN HESSE   
 ============== MATRIX FORCED POS-DEF BY ADDING 0.003251 TO DIAGONAL.
 MIGRAD TERMINATED WITHOUT CONVERGENCE.
 FCN=-2.37863e+11 FROM MIGRAD    STATUS=FAILED        145 CALLS         301 TOTAL
                     EDM=0.0555    STRATEGY= 1      ERR MATRIX NOT POS-DEF
  EXT PARAMETER                APPROXIMATE        STEP         FIRST   
  NO.   NAME      VALUE            ERROR          SIZE      DERIVATIVE 
   1  norm         5.58945e+05   9.43748e+01   1.72574e+03   2.51971e-03
   2  Q            5.65007e-01   3.07197e-05   9.42815e-05   7.57425e+03
   3  theta        6.03600e-03   2.14802e-03   6.23722e-02   1.37733e+02
   4  pileup       9.99625e-04   1.13918e-07   2.09840e-05   2.90120e+05
 EXTERNAL ERROR MATRIX.    NDIM=  25    NPAR=  4    ERR DEF=1
  8.907e+03 -2.881e-03 -2.164e-02 -5.047e-07 
 -2.881e-03  9.437e-10  1.208e-08  2.390e-13 
 -2.164e-02  1.208e-08  4.614e-06  1.397e-10 
 -5.047e-07  2.390e-13  1.397e-10  1.298e-14 
ERR MATRIX NOT POS-DEF
 PARAMETER  CORRELATION COEFFICIENTS  
       NO.  GLOBAL      1      2      3      4
        1  0.99706   1.000 -0.994 -0.107 -0.047
        2  0.99713  -0.994  1.000  0.183  0.068
        3  0.82523  -0.107  0.183  1.000  0.571
        4  0.63532  -0.047  0.068  0.571  1.000
 ERR MATRIX NOT POS-DEF
status of the fit-----000------4
1  558945
2  0.565007
3  0.006036
4  0.000999625
 PARAMETER DEFINITIONS:
    NO.   NAME         VALUE      STEP SIZE      LIMITS
     1 norm         5.58945e+05  1.00000e-01     no limits
     2 Q            5.65007e-01  1.00000e-01     no limits
     3 theta        6.03600e-03  1.00000e-01     no limits
     4 pileup       9.99625e-04  1.00000e-01     no limits
 **********
 **    3 **MIGRAD
 **********
 FIRST CALL TO USER FUNCTION AT NEW START POINT, WITH IFLAG=4.
 START MIGRAD MINIMIZATION.  STRATEGY  1.  CONVERGENCE WHEN EDM .LT. 1.00e-04
 FCN=-2.37863e+11 FROM MIGRAD    STATUS=INITIATE       14 CALLS         316 TOTAL
                     EDM= unknown      STRATEGY= 1      NO ERROR MATRIX       
  EXT PARAMETER               CURRENT GUESS       STEP         FIRST   
  NO.   NAME      VALUE            ERROR          SIZE      DERIVATIVE 
   1  norm         5.58945e+05   1.00000e-01   1.00000e-01   2.58773e-03
   2  Q            5.65007e-01   1.00000e-01   1.00000e-01   5.92622e+06
   3  theta        6.03600e-03   1.00000e-01   1.00000e-01   4.01865e+04
   4  pileup       9.99625e-04   1.00000e-01   1.00000e-01  -9.18008e+11
 MIGRAD FAILS TO FIND IMPROVEMENT
 EIGENVALUES OF SECOND-DERIVATIVE MATRIX:
        -3.7406e-02  3.1802e-01  9.1668e-01  2.8027e+00
 MINUIT WARNING IN HESSE   
 ============== MATRIX FORCED POS-DEF BY ADDING 0.040209 TO DIAGONAL.
 FCN=-2.37863e+11 FROM HESSE     STATUS=NOT POSDEF     29 CALLS         356 TOTAL
                     EDM=0.328217    STRATEGY= 1      ERR MATRIX NOT POS-DEF
  EXT PARAMETER                APPROXIMATE        STEP         FIRST   
  NO.   NAME      VALUE            ERROR          SIZE      DERIVATIVE 
   1  norm         5.58945e+05   5.39636e+01   2.66526e+00   2.63353e-03
   2  Q            5.65007e-01   6.43760e-06   1.00000e-03   7.56295e+03
   3  theta        6.03600e-03   7.00014e-03   1.00000e-01   1.76727e+02
   4  pileup       9.99625e-04   9.18204e-08   1.00000e-02  -2.57250e+05
 EIGENVALUES OF SECOND-DERIVATIVE MATRIX:
        -9.8903e-02  9.9110e-02  1.4288e+00  2.5710e+00
 MINUIT WARNING IN MIGRAD  
 ============== MATRIX FORCED POS-DEF BY ADDING 0.101474 TO DIAGONAL.
 MIGRAD FAILS TO FIND IMPROVEMENT
 MIGRAD TERMINATED WITHOUT CONVERGENCE.
 FCN=-2.37863e+11 FROM MIGRAD    STATUS=FAILED         96 CALLS         398 TOTAL
                     EDM=1.10359e+06    STRATEGY= 1      ERR MATRIX NOT POS-DEF
  EXT PARAMETER                APPROXIMATE        STEP         FIRST   
  NO.   NAME      VALUE            ERROR          SIZE      DERIVATIVE 
   1  norm         5.58946e+05   1.07429e+01   0.00000e+00   1.80600e-02
   2  Q            5.65007e-01   3.60131e-07  -0.00000e+00   5.66665e+08
   3  theta        5.94512e-03   3.19784e-04   0.00000e+00   6.44122e+05
   4  pileup       9.99627e-04   7.73945e-08   0.00000e+00  -2.73122e+07
 EXTERNAL ERROR MATRIX.    NDIM=  25    NPAR=  4    ERR DEF=1
  1.154e+02 -1.675e-06  1.487e-03  4.325e-07 
 -1.675e-06  1.297e-13 -1.151e-10 -2.762e-14 
  1.487e-03 -1.151e-10  1.023e-07  2.453e-11 
  4.325e-07 -2.762e-14  2.453e-11  5.990e-15 
ERR MATRIX NOT POS-DEF
 PARAMETER  CORRELATION COEFFICIENTS  
       NO.  GLOBAL      1      2      3      4
        1  0.81331   1.000 -0.433  0.433  0.520
        2  0.99972  -0.433  1.000 -1.000 -0.991
        3  0.99974   0.433 -1.000  1.000  0.991
        4  0.99635   0.520 -0.991  0.991  1.000
 ERR MATRIX NOT POS-DEF
 **********
 **    4 **MIGRAD 
 **********
 START MIGRAD MINIMIZATION.  STRATEGY  1.  CONVERGENCE WHEN EDM .LT. 1.00e-04
 FCN=-2.37863e+11 FROM MIGRAD    STATUS=INITIATE       16 CALLS         414 TOTAL
                     EDM=0.969356    STRATEGY= 1      ERR MATRIX NOT POS-DEF
  EXT PARAMETER                APPROXIMATE        STEP         FIRST   
  NO.   NAME      VALUE            ERROR          SIZE      DERIVATIVE 
   1  norm         5.58946e+05   1.07429e+01   0.00000e+00   1.19572e-02
   2  Q            5.65007e-01   3.60131e-07  -0.00000e+00   5.59012e+04
   3  theta        5.94512e-03   3.19784e-04   0.00000e+00   8.87812e+03
   4  pileup       9.99627e-04   7.73945e-08   0.00000e+00  -2.73124e+07
 MIGRAD FAILS TO FIND IMPROVEMENT
 MACHINE ACCURACY LIMITS FURTHER IMPROVEMENT.
 MIGRAD MINIMIZATION HAS CONVERGED.
 MIGRAD WILL VERIFY CONVERGENCE AND ERROR MATRIX.
 EIGENVALUES OF SECOND-DERIVATIVE MATRIX:
        -3.0142e-04  2.0730e-01  8.4923e-01  2.9438e+00
 MINUIT WARNING IN HESSE   
 ============== MATRIX FORCED POS-DEF BY ADDING 0.003245 TO DIAGONAL.
 FCN=-2.37863e+11 FROM HESSE     STATUS=NOT POSDEF     29 CALLS         497 TOTAL
                     EDM=0.0309719    STRATEGY= 1      ERR MATRIX NOT POS-DEF
  EXT PARAMETER                APPROXIMATE        STEP         FIRST   
  NO.   NAME      VALUE            ERROR          SIZE      DERIVATIVE 
   1  norm         5.58945e+05   9.41346e+01   1.72574e+03   4.92029e-03
   2  Q            5.65007e-01   3.05682e-05   9.42815e-05   1.50206e+04
   3  theta        5.91807e-03   2.75062e-03   5.02354e-02   1.26928e+02
   4  pileup       9.99620e-04   1.16568e-07   2.09839e-05  -6.32871e+05
 EIGENVALUES OF SECOND-DERIVATIVE MATRIX:
        -5.5028e-01  3.6740e-03  9.8915e-01  3.5575e+00
 MINUIT WARNING IN MIGRAD  
 ============== MATRIX FORCED POS-DEF BY ADDING 0.553836 TO DIAGONAL.
 MIGRAD FAILS TO FIND IMPROVEMENT
 MIGRAD TERMINATED WITHOUT CONVERGENCE.
 FCN=-2.37863e+11 FROM MIGRAD    STATUS=FAILED        139 CALLS         537 TOTAL
                     EDM=1.05469e+08    STRATEGY= 1      ERR MATRIX NOT POS-DEF
  EXT PARAMETER                APPROXIMATE        STEP         FIRST   
  NO.   NAME      VALUE            ERROR          SIZE      DERIVATIVE 
   1  norm         5.58946e+05   8.52617e+01   0.00000e+00  -6.01558e-02
   2  Q            5.65007e-01   9.85598e-08  -0.00000e+00   5.66444e+08
   3  theta        5.67341e-03   3.86107e-04   0.00000e+00   1.52836e+05
   4  pileup       9.99616e-04   1.27580e-07   0.00000e+00  -2.98124e+07
 EXTERNAL ERROR MATRIX.    NDIM=  25    NPAR=  4    ERR DEF=1
  7.270e+03 -5.788e-06  2.296e-02  4.209e-07 
 -5.788e-06  9.714e-15 -3.729e-11 -8.973e-15 
  2.296e-02 -3.729e-11  1.491e-07  3.618e-11 
  4.209e-07 -8.973e-15  3.618e-11  1.628e-14 
ERR MATRIX NOT POS-DEF
 PARAMETER  CORRELATION COEFFICIENTS  
       NO.  GLOBAL      1      2      3      4
        1  0.98676   1.000 -0.689  0.698  0.039
        2  0.98004  -0.689  1.000 -0.980 -0.714
        3  0.99546   0.698 -0.980  1.000  0.734
        4  0.98814   0.039 -0.714  0.734  1.000
 ERR MATRIX NOT POS-DEF
status of the fit-----000------4
1  558946
2  0.565007
3  0.00567341
4  0.000999616
 PARAMETER DEFINITIONS:
    NO.   NAME         VALUE      STEP SIZE      LIMITS
     1 norm         5.58946e+05  1.00000e-01     no limits
     2 Q            5.65007e-01  1.00000e-01     no limits
     3 theta        5.67341e-03  1.00000e-01     no limits
     4 pileup       9.99616e-04  1.00000e-01     no limits
 **********
 **    5 **MIGRAD
 **********
 FIRST CALL TO USER FUNCTION AT NEW START POINT, WITH IFLAG=4.
 START MIGRAD MINIMIZATION.  STRATEGY  1.  CONVERGENCE WHEN EDM .LT. 1.00e-04
 FCN=-2.37863e+11 FROM MIGRAD    STATUS=INITIATE       14 CALLS         552 TOTAL
                     EDM= unknown      STRATEGY= 1      NO ERROR MATRIX       
  EXT PARAMETER               CURRENT GUESS       STEP         FIRST   
  NO.   NAME      VALUE            ERROR          SIZE      DERIVATIVE 
   1  norm         5.58946e+05   1.00000e-01   1.00000e-01   4.43120e-03
   2  Q            5.65007e-01   1.00000e-01   1.00000e-01   5.94024e+06
   3  theta        5.67341e-03   1.00000e-01   1.00000e-01   3.77722e+04
   4  pileup       9.99616e-04   1.00000e-01   1.00000e-01  -9.18008e+11
 MIGRAD FAILS TO FIND IMPROVEMENT
 EIGENVALUES OF SECOND-DERIVATIVE MATRIX:
        -3.4952e-02  3.2114e-01  9.1669e-01  2.7971e+00
 MINUIT WARNING IN HESSE   
 ============== MATRIX FORCED POS-DEF BY ADDING 0.037749 TO DIAGONAL.
 FCN=-2.37863e+11 FROM HESSE     STATUS=NOT POSDEF     29 CALLS         592 TOTAL
                     EDM=0.241986    STRATEGY= 1      ERR MATRIX NOT POS-DEF
  EXT PARAMETER                APPROXIMATE        STEP         FIRST   
  NO.   NAME      VALUE            ERROR          SIZE      DERIVATIVE 
   1  norm         5.58946e+05   5.50034e+01   2.66526e+00   4.40830e-03
   2  Q            5.65007e-01   6.44596e-06   1.00000e-03   1.33166e+04
   3  theta        5.67341e-03   6.92278e-03   1.00000e-01   1.65066e+02
   4  pileup       9.99616e-04   9.17835e-08   1.00000e-02  -1.91449e+06
 EIGENVALUES OF SECOND-DERIVATIVE MATRIX:
        -7.3402e-02  9.5884e-02  1.3914e+00  2.5862e+00
 MINUIT WARNING IN MIGRAD  
 ============== MATRIX FORCED POS-DEF BY ADDING 0.075988 TO DIAGONAL.
 MIGRAD FAILS TO FIND IMPROVEMENT
 MIGRAD TERMINATED WITHOUT CONVERGENCE.
 FCN=-2.37863e+11 FROM MIGRAD    STATUS=FAILED         95 CALLS         633 TOTAL
                     EDM=1.0237e+06    STRATEGY= 1      ERR MATRIX NOT POS-DEF
  EXT PARAMETER                APPROXIMATE        STEP         FIRST   
  NO.   NAME      VALUE            ERROR          SIZE      DERIVATIVE 
   1  norm         5.58946e+05   1.06754e+01   0.00000e+00   7.76290e-03
   2  Q            5.65007e-01   3.84620e-07  -0.00000e+00   5.22910e+08
   3  theta        5.62519e-03   3.30843e-04  -0.00000e+00   6.13413e+05
   4  pileup       9.99623e-04   7.36085e-08  -0.00000e+00  -2.81087e+07
 EXTERNAL ERROR MATRIX.    NDIM=  25    NPAR=  4    ERR DEF=1
  1.140e+02 -2.081e-06  1.789e-03  4.555e-07 
 -2.081e-06  1.479e-13 -1.271e-10 -2.805e-14 
  1.789e-03 -1.271e-10  1.095e-07  2.416e-11 
  4.555e-07 -2.805e-14  2.416e-11  5.418e-15 
ERR MATRIX NOT POS-DEF
 PARAMETER  CORRELATION COEFFICIENTS  
       NO.  GLOBAL      1      2      3      4
        1  0.79148   1.000 -0.507  0.507  0.580
        2  0.99888  -0.507  1.000 -0.999 -0.991
        3  0.99912   0.507 -0.999  1.000  0.992
        4  0.99595   0.580 -0.991  0.992  1.000
 ERR MATRIX NOT POS-DEF
 **********
 **    6 **MIGRAD 
 **********
 START MIGRAD MINIMIZATION.  STRATEGY  1.  CONVERGENCE WHEN EDM .LT. 1.00e-04
 FCN=-2.37863e+11 FROM MIGRAD    STATUS=INITIATE       16 CALLS         649 TOTAL
                     EDM=0.824367    STRATEGY= 1      ERR MATRIX NOT POS-DEF
  EXT PARAMETER                APPROXIMATE        STEP         FIRST   
  NO.   NAME      VALUE            ERROR          SIZE      DERIVATIVE 
   1  norm         5.58946e+05   1.06754e+01   0.00000e+00   1.65815e-03
   2  Q            5.65007e-01   3.84620e-07  -0.00000e+00   2.39438e+04
   3  theta        5.62519e-03   3.30843e-04  -0.00000e+00   8.30344e+03
   4  pileup       9.99623e-04   7.36085e-08  -0.00000e+00  -2.81092e+07
 MIGRAD FAILS TO FIND IMPROVEMENT
 MACHINE ACCURACY LIMITS FURTHER IMPROVEMENT.
 MIGRAD MINIMIZATION HAS CONVERGED.
 MIGRAD WILL VERIFY CONVERGENCE AND ERROR MATRIX.
 EIGENVALUES OF SECOND-DERIVATIVE MATRIX:
        -2.9787e-04  2.1303e-01  8.4931e-01  2.9380e+00
 MINUIT WARNING IN HESSE   
 ============== MATRIX FORCED POS-DEF BY ADDING 0.003236 TO DIAGONAL.
 FCN=-2.37863e+11 FROM HESSE     STATUS=NOT POSDEF     29 CALLS         735 TOTAL
                     EDM=0.0212984    STRATEGY= 1      ERR MATRIX NOT POS-DEF
  EXT PARAMETER                APPROXIMATE        STEP         FIRST   
  NO.   NAME      VALUE            ERROR          SIZE      DERIVATIVE 
   1  norm         5.58946e+05   9.42543e+01   1.72574e+03   1.73500e-03
   2  Q            5.65007e-01   3.05885e-05   9.42815e-05   5.21215e+03
   3  theta        5.60661e-03   2.76064e-03   4.95102e-02   1.15119e+02
   4  pileup       9.99619e-04   1.15825e-07   2.09839e-05  -6.89718e+05
 EIGENVALUES OF SECOND-DERIVATIVE MATRIX:
        -4.3395e-01  3.7106e-03  9.8650e-01  3.4437e+00
 MINUIT WARNING IN MIGRAD  
 ============== MATRIX FORCED POS-DEF BY ADDING 0.437392 TO DIAGONAL.
 MIGRAD FAILS TO FIND IMPROVEMENT
 MACHINE ACCURACY LIMITS FURTHER IMPROVEMENT.
 MIGRAD MINIMIZATION HAS CONVERGED.
 MIGRAD WILL VERIFY CONVERGENCE AND ERROR MATRIX.
 EIGENVALUES OF SECOND-DERIVATIVE MATRIX:
        -1.0567e-01  4.8105e-01  6.6662e-01  2.9580e+00
 MINUIT WARNING IN HESSE   
 ============== MATRIX FORCED POS-DEF BY ADDING 0.108626 TO DIAGONAL.
 MIGRAD TERMINATED WITHOUT CONVERGENCE.
 FCN=-2.37863e+11 FROM MIGRAD    STATUS=FAILED        227 CALLS         860 TOTAL
                     EDM=1.425    STRATEGY= 1      ERR MATRIX NOT POS-DEF
  EXT PARAMETER                APPROXIMATE        STEP         FIRST   
  NO.   NAME      VALUE            ERROR          SIZE      DERIVATIVE 
   1  norm         5.58947e+05   1.17026e+01   1.72574e+03   1.51925e-03
   2  Q            5.65006e-01   5.05644e-06   5.54948e-04   4.55607e+03
   3  theta        5.38039e-03   5.24514e-03   1.95496e-01   3.12740e+02
   4  pileup       9.99615e-04   9.76436e-08   2.09838e-05  -1.33706e+06
 EXTERNAL ERROR MATRIX.    NDIM=  25    NPAR=  4    ERR DEF=1
  1.370e+02  4.087e-05  4.444e-02 -8.478e-08 
  4.087e-05  2.557e-11  2.640e-08 -4.646e-14 
  4.444e-02  2.640e-08  2.751e-05 -2.676e-11 
 -8.478e-08 -4.646e-14 -2.676e-11  9.534e-15 
ERR MATRIX NOT POS-DEF
 PARAMETER  CORRELATION COEFFICIENTS  
       NO.  GLOBAL      1      2      3      4
        1  0.80877   1.000  0.691  0.724 -0.074
        2  0.99720   0.691  1.000  0.995 -0.094
        3  0.99744   0.724  0.995  1.000 -0.052
        4  0.51520  -0.074 -0.094 -0.052  1.000
 ERR MATRIX NOT POS-DEF
status of the fit-----000------4
1  558947
2  0.565006
3  0.00538039
4  0.000999615
