  *******************************************
  *                                         *
  *        W E L C O M E  to  R O O T       *
  *                                         *
  *   Version   5.34/36      5 April 2016   *
  *                                         *
  *  You are welcome to visit our Web site  *
  *          http://root.cern.ch            *
  *                                         *
  *******************************************

ROOT 5.34/36 (v5-34-36@v5-34-36, Apr 05 2016, 10:25:45 on linuxx8664gcc)

CINT/ROOT C/C++ Interpreter version 5.18.00, July 2, 2010
Type ? for help. Commands must be C++ statements.
Enclose multiple statements between { }.
Loading root init file.
The rat/rootinit.C file loaded the DEAP style for you, which is available from the fStyle pointer.
DEAP style applied. 
RAT: Libraries loaded.

Processing /home/fatemigh/projects/rpp-jillings/fatemigh/sterile/Likelihood/LikelihoodSterile_modified6.C+(89)...
pased here
566 lines read from file
31
spec_E  566
Before entering fitting
 **********
 **    1 **SET PRINT           2
 **********
 **********
 **    2 **SET NOGRAD
 **********
 PARAMETER DEFINITIONS:
    NO.   NAME         VALUE      STEP SIZE      LIMITS
     1 p0           5.58000e+05  1.67400e+05     no limits
     2 p1           5.65000e-01  1.69500e-01     no limits
     3 p2           0.00000e+00  3.00000e-01     no limits
     4 p3           9.99871e-04  2.99961e-04     no limits
 **********
 **    3 **SET ERR         0.5
 **********
 **********
 **    4 **SET PRINT           2
 **********
 **********
 **    5 **SET STR           1
 **********
 NOW USING STRATEGY  1: TRY TO BALANCE SPEED AGAINST RELIABILITY
 **********
 **    6 **MIGRAD        1480        0.01
 **********
 FIRST CALL TO USER FUNCTION AT NEW START POINT, WITH IFLAG=4.
 START MIGRAD MINIMIZATION.  STRATEGY  1.  CONVERGENCE WHEN EDM .LT. 1.00e-05
 FCN=17389.6 FROM MIGRAD    STATUS=INITIATE       18 CALLS          19 TOTAL
                     EDM= unknown      STRATEGY= 1      NO ERROR MATRIX       
  EXT PARAMETER               CURRENT GUESS       STEP         FIRST   
  NO.   NAME      VALUE            ERROR          SIZE      DERIVATIVE 
   1  p0           5.58000e+05   1.67400e+05   1.67400e+05  -3.63518e+01
   2  p1           5.65000e-01   1.69500e-01   1.69500e-01  -1.12844e+08
   3  p2           0.00000e+00   3.00000e-01   3.00000e-01   2.07212e+06
   4  p3           9.99871e-04   2.99961e-04   2.99961e-04  -9.62406e+08
                               ERR DEF= 0.5
NO ERROR MATRIX       
 FCN=1370.73 FROM MIGRAD    STATUS=PROGRESS       36 CALLS          37 TOTAL
                     EDM=4181.08    STRATEGY= 1      NO ERROR MATRIX       
  EXT PARAMETER               CURRENT GUESS       STEP         FIRST   
  NO.   NAME      VALUE            ERROR          SIZE      DERIVATIVE 
   1  p0           5.58356e+05   1.67400e+05   3.56189e+02  -2.53635e+00
   2  p1           5.65115e-01   1.69500e-01   1.14864e-04  -7.81636e+06
   3  p2          -2.34704e-03   3.00000e-01  -2.34704e-03  -4.80002e+05
   4  p3           1.00127e-03   2.99961e-04   1.39824e-06   5.22354e+08
                               ERR DEF= 0.5
 MINUIT WARNING IN MIGRAD  
 ============== Negative diagonal element 1 in Error Matrix
 MINUIT WARNING IN MIGRAD  
 ============== Negative diagonal element 2 in Error Matrix
 MINUIT WARNING IN MIGRAD  
 ============== 1.40482e+06 added to diagonal of error matrix
 EIGENVALUES OF SECOND-DERIVATIVE MATRIX:
         9.9961e-01  1.0000e+00  1.0000e+00  1.0004e+00
 MIGRAD FAILS TO FIND IMPROVEMENT
   START COVARIANCE MATRIX CALCULATION.
 EIGENVALUES OF SECOND-DERIVATIVE MATRIX:
         7.7794e-04  3.3788e-01  8.8063e-01  2.7807e+00
 COVARIANCE MATRIX CALCULATED SUCCESSFULLY
 FCN=70.6585 FROM HESSE     STATUS=OK             25 CALLS         186 TOTAL
                     EDM=0.000415539    STRATEGY= 1      ERROR MATRIX ACCURATE 
  EXT PARAMETER                                   STEP         FIRST   
  NO.   NAME      VALUE            ERROR          SIZE      DERIVATIVE 
   1  p0           5.57447e+05   1.30343e+02   2.65811e-01  -1.21839e-03
   2  p1           5.65488e-01   4.15252e-05   2.69646e-07  -3.89347e+03
   3  p2           3.88529e-05   9.47984e-05   3.17226e-07  -6.05242e+01
   4  p3           9.99625e-04   8.75891e-08   4.76658e-10   3.31519e+05
                               ERR DEF= 0.5
 PARAMETER  CORRELATION COEFFICIENTS  
       NO.  GLOBAL      1      2      3      4
        1  0.99923   1.000 -0.999  0.547  0.489
        2  0.99921  -0.999  1.000 -0.523 -0.487
        3  0.81723   0.547 -0.523  1.000  0.631
        4  0.70286   0.489 -0.487  0.631  1.000
 FCN=70.6582 FROM MIGRAD    STATUS=PROGRESS      197 CALLS         198 TOTAL
                     EDM=4.26534e-05    STRATEGY= 1      ERROR MATRIX ACCURATE 
  EXT PARAMETER                                   STEP         FIRST   
  NO.   NAME      VALUE            ERROR          SIZE      DERIVATIVE 
   1  p0           5.57445e+05   1.30343e+02  -1.38089e+00  -3.06095e-04
   2  p1           5.65489e-01   4.15252e-05   4.55714e-07  -1.04618e+03
   3  p2           3.80903e-05   9.47984e-05  -7.62626e-07  -1.06540e+02
   4  p3           9.99623e-04   8.75891e-08  -1.79753e-09   2.27515e+04
                               ERR DEF= 0.5
 MIGRAD FAILS TO FIND IMPROVEMENT
 MIGRAD TERMINATED WITHOUT CONVERGENCE.
 FCN=70.6024 FROM MIGRAD    STATUS=FAILED        238 CALLS         239 TOTAL
                     EDM=5.99061e+06    STRATEGY= 1  ERROR MATRIX UNCERTAINTY 100.0 per cent
  EXT PARAMETER                APPROXIMATE        STEP         FIRST   
  NO.   NAME      VALUE            ERROR          SIZE      DERIVATIVE 
   1  p0           5.57405e+05   6.47711e+00   0.00000e+00   3.47416e-03
   2  p1           5.65502e-01   3.91151e-07  -0.00000e+00   8.50432e+07
   3  p2           4.08815e-05   7.72474e-05  -0.00000e+00  -1.97056e+03
   4  p3           9.99622e-04   6.51143e-08   0.00000e+00   6.30886e+06
                               ERR DEF= 0.5
 EXTERNAL ERROR MATRIX.    NDIM=  25    NPAR=  4    ERR DEF=0.5
  4.195e+01 -4.696e-07  2.863e-04  3.152e-08 
 -4.696e-07  1.530e-13 -8.862e-15 -2.801e-16 
  2.863e-04 -8.862e-15  5.967e-09  2.162e-12 
  3.152e-08 -2.801e-16  2.162e-12  4.240e-15 
ERR MATRIX APPROXIMATE
 PARAMETER  CORRELATION COEFFICIENTS  
       NO.  GLOBAL      1      2      3      4
        1  0.63134   1.000 -0.185  0.572  0.075
        2  0.23529  -0.185  1.000 -0.000 -0.011
        3  0.69959   0.572 -0.000  1.000  0.430
        4  0.48144   0.075 -0.011  0.430  1.000
 ERR MATRIX APPROXIMATE
 FCN=70.6024 FROM MIGRAD    STATUS=FAILED        238 CALLS         239 TOTAL
                     EDM=5.99061e+06    STRATEGY= 1  ERROR MATRIX UNCERTAINTY 100.0 per cent
  EXT PARAMETER                  PARABOLIC         MINOS ERRORS        
  NO.   NAME      VALUE            ERROR      NEGATIVE      POSITIVE   
   1  p0           5.57405e+05   6.47711e+00                            
   2  p1           5.65502e-01   3.91151e-07                            
   3  p2           4.08815e-05   7.72474e-05                            
   4  p3           9.99622e-04   6.51143e-08                            
                               ERR DEF= 0.5
 **********
 **    7 **SET PRINT           2
 **********
 **********
 **    8 **SET NOGRAD
 **********
 PARAMETER DEFINITIONS:
    NO.   NAME         VALUE      STEP SIZE      LIMITS
     1 p0           5.57405e+05  6.47711e+00     no limits
     2 p1           5.65502e-01  3.91151e-07     no limits
     3 p2           4.08815e-05  7.72474e-05     no limits
     4 p3           9.99622e-04  6.51143e-08     no limits
 **********
 **    9 **SET ERR         0.5
 **********
 **********
 **   10 **SET PRINT           2
 **********
 **********
 **   11 **SET STR           1
 **********
 NOW USING STRATEGY  1: TRY TO BALANCE SPEED AGAINST RELIABILITY
 **********
 **   12 **MIGRAD        1480        0.01
 **********
 FIRST CALL TO USER FUNCTION AT NEW START POINT, WITH IFLAG=4.
 START MIGRAD MINIMIZATION.  STRATEGY  1.  CONVERGENCE WHEN EDM .LT. 1.00e-05
 FCN=70.6024 FROM MIGRAD    STATUS=INITIATE       12 CALLS          13 TOTAL
                     EDM= unknown      STRATEGY= 1      NO ERROR MATRIX       
  EXT PARAMETER               CURRENT GUESS       STEP         FIRST   
  NO.   NAME      VALUE            ERROR          SIZE      DERIVATIVE 
   1  p0           5.57405e+05   6.47711e+00   6.47711e+00   3.47416e-03
   2  p1           5.65502e-01   3.91151e-07   3.91151e-07   8.50432e+07
   3  p2           4.08815e-05   7.72474e-05   7.72474e-05  -1.97184e+03
   4  p3           9.99622e-04   6.51143e-08   6.51143e-08   6.30886e+06
                               ERR DEF= 0.5
NO ERROR MATRIX       
 FCN=70.5495 FROM MIGRAD    STATUS=PROGRESS       23 CALLS          24 TOTAL
                     EDM=21.3137    STRATEGY= 1      NO ERROR MATRIX       
  EXT PARAMETER               CURRENT GUESS       STEP         FIRST   
  NO.   NAME      VALUE            ERROR          SIZE      DERIVATIVE 
   1  p0           5.57405e+05   6.47711e+00  -6.12601e-02  -3.45386e-02
   2  p1           5.65502e-01   3.91151e-07  -9.11154e-08   8.17951e+07
   3  p2           4.48226e-05   7.72474e-05   3.94110e-06   2.37979e+03
   4  p3           9.99606e-04   6.51143e-08  -1.53344e-08   1.38833e+06
                               ERR DEF= 0.5
 MIGRAD MINIMIZATION HAS CONVERGED.
 MIGRAD WILL VERIFY CONVERGENCE AND ERROR MATRIX.
   START COVARIANCE MATRIX CALCULATION.
 EIGENVALUES OF SECOND-DERIVATIVE MATRIX:
         1.0667e-03  4.4518e-01  8.6139e-01  2.6924e+00
 COVARIANCE MATRIX CALCULATED SUCCESSFULLY
 FCN=70.5157 FROM HESSE     STATUS=OK             29 CALLS         107 TOTAL
                     EDM=1.201e-05    STRATEGY= 1      ERROR MATRIX ACCURATE 
  EXT PARAMETER                                   STEP         FIRST   
  NO.   NAME      VALUE            ERROR          SIZE      DERIVATIVE 
   1  p0           5.57407e+05   1.10351e+02   2.65792e-01   1.01609e-04
   2  p1           5.65501e-01   3.58006e-05   2.69652e-07   1.81880e+02
   3  p2           3.60549e-05   6.94397e-05   3.10110e-07  -1.44233e+01
   4  p3           9.99593e-04   6.74768e-08   4.76643e-10   9.03461e+03
                               ERR DEF= 0.5
 PARAMETER  CORRELATION COEFFICIENTS  
       NO.  GLOBAL      1      2      3      4
        1  0.99893   1.000 -0.998 -0.071  0.084
        2  0.99894  -0.998  1.000  0.100 -0.088
        3  0.65487  -0.071  0.100  1.000  0.351
        4  0.47430   0.084 -0.088  0.351  1.000
 FCN=70.5157 FROM MIGRAD    STATUS=PROGRESS      124 CALLS         125 TOTAL
                     EDM=4.10011e+06    STRATEGY= 1      ERROR MATRIX ACCURATE 
  EXT PARAMETER                                   STEP         FIRST   
  NO.   NAME      VALUE            ERROR          SIZE      DERIVATIVE 
   1  p0           5.57405e+05   1.10351e+02  -1.14687e+00  -3.21309e-05
   2  p1           5.65502e-01   3.58006e-05   3.72306e-07   7.99875e+07
   3  p2           3.61938e-05   6.94397e-05   1.38917e-07   2.48868e+01
   4  p3           9.99592e-04   6.74768e-08  -9.09428e-11  -2.20388e+04
                               ERR DEF= 0.5
 MINUIT WARNING IN MIGRAD  
 ============== Negative diagonal element 1 in Error Matrix
 MINUIT WARNING IN MIGRAD  
 ============== Negative diagonal element 2 in Error Matrix
 MINUIT WARNING IN MIGRAD  
 ============== 138.494 added to diagonal of error matrix
 EIGENVALUES OF SECOND-DERIVATIVE MATRIX:
         9.9999e-01  1.0000e+00  1.0000e+00  1.0000e+00
 MIGRAD FAILS TO FIND IMPROVEMENT
 MIGRAD TERMINATED WITHOUT CONVERGENCE.
 FCN=70.5157 FROM MIGRAD    STATUS=FAILED        154 CALLS         155 TOTAL
                     EDM=3449.41    STRATEGY= 1  ERROR MATRIX UNCERTAINTY 100.0 per cent
  EXT PARAMETER                APPROXIMATE        STEP         FIRST   
  NO.   NAME      VALUE            ERROR          SIZE      DERIVATIVE 
   1  p0           5.57405e+05   7.07107e-01  -0.00000e+00  -3.65255e-05
   2  p1           5.65502e-01   8.32147e+00  -0.00000e+00   7.99875e+07
   3  p2           3.61937e-05   8.32147e+00  -0.00000e+00   2.94995e+01
   4  p3           9.99592e-04   8.32147e+00   0.00000e+00  -2.49167e+04
                               ERR DEF= 0.5
 EXTERNAL ERROR MATRIX.    NDIM=  25    NPAR=  4    ERR DEF=0.5
  5.000e-01  3.179e-05  5.452e-05  2.134e-08 
  3.179e-05  6.925e+01 -3.025e-12  2.153e-15 
  5.452e-05 -3.025e-12  6.925e+01  2.655e-12 
  2.134e-08  2.153e-15  2.655e-12  6.925e+01 
ERR MATRIX APPROXIMATE
 PARAMETER  CORRELATION COEFFICIENTS  
       NO.  GLOBAL      1      2      3      4
        1  0.00001   1.000  0.000  0.000  0.000
        2  0.00001   0.000  1.000 -0.000  0.000
        3  0.00001   0.000 -0.000  1.000  0.000
        4  0.00000   0.000  0.000  0.000  1.000
 ERR MATRIX APPROXIMATE
 FCN=70.5157 FROM MIGRAD    STATUS=FAILED        154 CALLS         155 TOTAL
                     EDM=3449.41    STRATEGY= 1  ERROR MATRIX UNCERTAINTY 100.0 per cent
  EXT PARAMETER                  PARABOLIC         MINOS ERRORS        
  NO.   NAME      VALUE            ERROR      NEGATIVE      POSITIVE   
   1  p0           5.57405e+05   7.07107e-01                            
   2  p1           5.65502e-01   8.32147e+00                            
   3  p2           3.61937e-05   8.32147e+00                            
   4  p3           9.99592e-04   8.32147e+00                            
                               ERR DEF= 0.5
 **********
 **   13 **SET PRINT           2
 **********
 **********
 **   14 **SET NOGRAD
 **********
 PARAMETER DEFINITIONS:
    NO.   NAME         VALUE      STEP SIZE      LIMITS
     1 p0           5.57405e+05  7.07107e-01     no limits
     2 p1           5.65502e-01  8.32147e+00     no limits
     3 p2           3.61937e-05  8.32147e+00     no limits
     4 p3           9.99592e-04  8.32147e+00     no limits
 **********
 **   15 **SET ERR         0.5
 **********
 **********
 **   16 **SET PRINT           2
 **********
 **********
 **   17 **SET STR           1
 **********
 NOW USING STRATEGY  1: TRY TO BALANCE SPEED AGAINST RELIABILITY
 **********
 **   18 **MIGRAD        1480        0.01
 **********
 FIRST CALL TO USER FUNCTION AT NEW START POINT, WITH IFLAG=4.
 START MIGRAD MINIMIZATION.  STRATEGY  1.  CONVERGENCE WHEN EDM .LT. 1.00e-05
 FCN=70.5157 FROM MIGRAD    STATUS=INITIATE       20 CALLS          21 TOTAL
                     EDM= unknown      STRATEGY= 1      NO ERROR MATRIX       
  EXT PARAMETER               CURRENT GUESS       STEP         FIRST   
  NO.   NAME      VALUE            ERROR          SIZE      DERIVATIVE 
   1  p0           5.57405e+05   7.07107e-01   7.07107e-01  -3.65255e-05
   2  p1           5.65502e-01   8.32147e+00   8.32147e+00   2.95718e+09
   3  p2           3.61937e-05   8.32147e+00   8.32147e+00   5.54461e+01
   4  p3           9.99592e-04   8.32147e+00   8.32147e+00  -7.62267e+10
                               ERR DEF= 0.5
NO ERROR MATRIX       
 MIGRAD FAILS TO FIND IMPROVEMENT
   START COVARIANCE MATRIX CALCULATION.
 EIGENVALUES OF SECOND-DERIVATIVE MATRIX:
        -4.9911e-01  3.6943e-01  8.2885e-01  3.3008e+00
 MINUIT WARNING IN HESSE   
 ============== MATRIX FORCED POS-DEF BY ADDING 0.502407 TO DIAGONAL.
 FCN=70.5157 FROM HESSE     STATUS=NOT POSDEF     31 CALLS          63 TOTAL
                     EDM=7.69548e+06    STRATEGY= 1      ERR MATRIX NOT POS-DEF
  EXT PARAMETER                APPROXIMATE        STEP         FIRST   
  NO.   NAME      VALUE            ERROR          SIZE      DERIVATIVE 
   1  p0           5.57405e+05   4.23553e+01   2.65792e-01  -4.80143e-05
   2  p1           5.65502e-01   4.91031e-06   8.32147e-04   7.98954e+08
   3  p2           3.61937e-05   4.11678e-04   8.32147e-04   5.00385e+01
   4  p3           9.99592e-04   7.50117e-08   8.32147e-04   1.99369e+04
                               ERR DEF= 0.5
 PARAMETER  CORRELATION COEFFICIENTS  
       NO.  GLOBAL      1      2      3      4
        1  0.99515   1.000 -0.994 -0.981  0.801
        2  0.99815  -0.994  1.000  0.992 -0.811
        3  0.99382  -0.981  0.992  1.000 -0.790
        4  0.82514   0.801 -0.811 -0.790  1.000
 ERR MATRIX NOT POS-DEF
 MIGRAD FAILS TO FIND IMPROVEMENT
 MIGRAD TERMINATED WITHOUT CONVERGENCE.
 FCN=70.5157 FROM MIGRAD    STATUS=FAILED         73 CALLS          74 TOTAL
                     EDM=7.69548e+06    STRATEGY= 1      ERR MATRIX NOT POS-DEF
  EXT PARAMETER                APPROXIMATE        STEP         FIRST   
  NO.   NAME      VALUE            ERROR          SIZE      DERIVATIVE 
   1  p0           5.57405e+05   4.23553e+01   0.00000e+00  -4.80143e-05
   2  p1           5.65502e-01   4.91031e-06  -0.00000e+00   7.98954e+08
   3  p2           3.61937e-05   4.11678e-04  -0.00000e+00   5.00385e+01
   4  p3           9.99592e-04   7.50117e-08   0.00000e+00   1.99369e+04
                               ERR DEF= 0.5
 EXTERNAL ERROR MATRIX.    NDIM=  25    NPAR=  4    ERR DEF=0.5
  1.794e+03 -2.068e-04 -1.711e-02  2.544e-06 
 -2.068e-04  2.411e-11  2.006e-09 -2.986e-13 
 -1.711e-02  2.006e-09  1.695e-07 -2.440e-11 
  2.544e-06 -2.986e-13 -2.440e-11  5.627e-15 
ERR MATRIX NOT POS-DEF
 PARAMETER  CORRELATION COEFFICIENTS  
       NO.  GLOBAL      1      2      3      4
        1  0.99515   1.000 -0.994 -0.981  0.801
        2  0.99815  -0.994  1.000  0.992 -0.811
        3  0.99382  -0.981  0.992  1.000 -0.790
        4  0.82514   0.801 -0.811 -0.790  1.000
 ERR MATRIX NOT POS-DEF
 FCN=70.5157 FROM MIGRAD    STATUS=FAILED         73 CALLS          74 TOTAL
                     EDM=7.69548e+06    STRATEGY= 1      ERR MATRIX NOT POS-DEF
  EXT PARAMETER                  PARABOLIC         MINOS ERRORS        
  NO.   NAME      VALUE            ERROR      NEGATIVE      POSITIVE   
   1  p0           5.57405e+05   4.23553e+01                            
   2  p1           5.65502e-01   4.91031e-06                            
   3  p2           3.61937e-05   4.11678e-04                            
   4  p3           9.99592e-04   7.50117e-08                            
                               ERR DEF= 0.5
------------------------------------------
Enering ROOFIt-------
 PARAMETER DEFINITIONS:
    NO.   NAME         VALUE      STEP SIZE      LIMITS
     1 norm         5.57405e+05  1.00000e-01     no limits
     2 Q            5.65000e-01  1.00000e-01     no limits
     3 theta        0.00000e+00  1.00000e-01     no limits
     4 pileup       9.99592e-04  1.00000e-01     no limits
 **********
 **    1 **MIGRAD
 **********
 FIRST CALL TO USER FUNCTION AT NEW START POINT, WITH IFLAG=4.
 START MIGRAD MINIMIZATION.  STRATEGY  1.  CONVERGENCE WHEN EDM .LT. 1.00e-04
 FCN=-2.37861e+11 FROM MIGRAD    STATUS=INITIATE       16 CALLS          17 TOTAL
                     EDM= unknown      STRATEGY= 1      NO ERROR MATRIX       
  EXT PARAMETER               CURRENT GUESS       STEP         FIRST   
  NO.   NAME      VALUE            ERROR          SIZE      DERIVATIVE 
   1  norm         5.57405e+05   1.00000e-01   1.00000e-01  -5.93911e+01
   2  Q            5.65000e-01   1.00000e-01   1.00000e-01  -9.00812e+08
   3  theta        0.00000e+00   1.00000e-01   1.00000e-01   3.43243e+06
   4  pileup       9.99592e-04   1.00000e-01   1.00000e-01  -9.20130e+11
 MINUIT WARNING IN MIGRAD  
 ============== Negative diagonal element 2 in Error Matrix
 MINUIT WARNING IN MIGRAD  
 ============== 1 added to diagonal of error matrix
 MIGRAD FAILS TO FIND IMPROVEMENT
 EIGENVALUES OF SECOND-DERIVATIVE MATRIX:
        -7.2740e-04  3.6665e-01  8.5017e-01  2.7839e+00
 MINUIT WARNING IN HESSE   
 ============== MATRIX FORCED POS-DEF BY ADDING 0.003511 TO DIAGONAL.
 FCN=-2.37861e+11 FROM HESSE     STATUS=NOT POSDEF     29 CALLS         336 TOTAL
                     EDM=0.732906    STRATEGY= 1      ERR MATRIX NOT POS-DEF
  EXT PARAMETER                APPROXIMATE        STEP         FIRST   
  NO.   NAME      VALUE            ERROR          SIZE      DERIVATIVE 
   1  norm         5.58947e+05   9.60847e+01   1.72575e+03   5.06640e-02
   2  Q            5.65003e-01   3.16009e-05   9.41732e-05   1.57702e+05
   3  theta       -7.54156e-05   1.19339e-04   1.85207e-02  -1.48289e+04
   4  pileup       9.99679e-04   1.05022e-07   2.09849e-05   1.80181e+07
 MINUIT WARNING IN MIGRAD  
 ============== Negative diagonal element 2 in Error Matrix
 MINUIT WARNING IN MIGRAD  
 ============== 1 added to diagonal of error matrix
 MIGRAD FAILS TO FIND IMPROVEMENT
 MIGRAD TERMINATED WITHOUT CONVERGENCE.
 FCN=-2.37861e+11 FROM MIGRAD    STATUS=FAILED        376 CALLS         377 TOTAL
                     EDM=7.40976e+07    STRATEGY= 1      ERR MATRIX NOT POS-DEF
  EXT PARAMETER                APPROXIMATE        STEP         FIRST   
  NO.   NAME      VALUE            ERROR          SIZE      DERIVATIVE 
   1  norm         5.58935e+05   9.16740e+00  -0.00000e+00  -6.34659e-02
   2  Q            5.65007e-01   1.00000e+00  -0.00000e+00   5.69308e+08
   3  theta       -3.84121e-05   1.00000e+00  -0.00000e+00   1.64616e+04
   4  pileup       9.99621e-04   1.00000e+00   0.00000e+00  -2.84007e+07
 EXTERNAL ERROR MATRIX.    NDIM=  25    NPAR=  4    ERR DEF=1
  8.404e+01 -3.506e-09  5.360e-04  1.436e-08 
 -3.506e-09  1.000e+00  8.942e-16  2.998e-16 
  5.360e-04  8.942e-16  1.000e+00  5.295e-12 
  1.436e-08  2.998e-16  5.295e-12  1.000e+00 
ERR MATRIX NOT POS-DEF
 PARAMETER  CORRELATION COEFFICIENTS  
       NO.  GLOBAL      1      2      3      4
        1  0.00006   1.000 -0.000  0.000  0.000
        2  0.00000  -0.000  1.000  0.000  0.000
        3  0.00006   0.000  0.000  1.000  0.000
        4  0.00000   0.000  0.000  0.000  1.000
 ERR MATRIX NOT POS-DEF
 **********
 **    2 **MIGRAD 
 **********
 START MIGRAD MINIMIZATION.  STRATEGY  1.  CONVERGENCE WHEN EDM .LT. 1.00e-04
 FCN=-2.37861e+11 FROM MIGRAD    STATUS=INITIATE       12 CALLS         389 TOTAL
                     EDM=1.28002e+16    STRATEGY= 1      ERR MATRIX NOT POS-DEF
  EXT PARAMETER                APPROXIMATE        STEP         FIRST   
  NO.   NAME      VALUE            ERROR          SIZE      DERIVATIVE 
   1  norm         5.58935e+05   9.16740e+00  -0.00000e+00  -6.34656e-02
   2  Q            5.65007e-01   1.00000e+00  -0.00000e+00   1.70059e+03
   3  theta       -3.84121e-05   1.00000e+00  -0.00000e+00   1.64611e+04
   4  pileup       9.99621e-04   1.00000e+00   0.00000e+00  -2.83972e+07
 MIGRAD FAILS TO FIND IMPROVEMENT
 EIGENVALUES OF SECOND-DERIVATIVE MATRIX:
        -7.2756e-04  3.6663e-01  8.5018e-01  2.7839e+00
 MINUIT WARNING IN HESSE   
 ============== MATRIX FORCED POS-DEF BY ADDING 0.003511 TO DIAGONAL.
 FCN=-2.37861e+11 FROM HESSE     STATUS=NOT POSDEF     31 CALLS         431 TOTAL
                     EDM=0.00279482    STRATEGY= 1      ERR MATRIX NOT POS-DEF
  EXT PARAMETER                APPROXIMATE        STEP         FIRST   
  NO.   NAME      VALUE            ERROR          SIZE      DERIVATIVE 
   1  norm         5.58935e+05   9.60795e+01   1.72571e+03   1.05265e-03
   2  Q            5.65007e-01   3.16010e-05   9.42847e-05   1.59005e+03
   3  theta       -3.84121e-05   1.19395e-04   1.85234e-02   8.94763e+02
   4  pileup       9.99621e-04   1.05022e-07   2.09839e-05   4.40299e+04
 MIGRAD FAILS TO FIND IMPROVEMENT
 MIGRAD TERMINATED WITHOUT CONVERGENCE.
 FCN=-2.37861e+11 FROM MIGRAD    STATUS=FAILED        115 CALLS         492 TOTAL
                     EDM=3.58735e+07    STRATEGY= 1      ERR MATRIX NOT POS-DEF
  EXT PARAMETER                APPROXIMATE        STEP         FIRST   
  NO.   NAME      VALUE            ERROR          SIZE      DERIVATIVE 
   1  norm         5.58934e+05   9.62967e+00   0.00000e+00  -6.42827e-02
   2  Q            5.65008e-01   1.08644e-08  -0.00000e+00   6.15879e+08
   3  theta       -4.38984e-05   1.26954e-04  -0.00000e+00   1.55774e+04
   4  pileup       9.99619e-04   5.86235e-08  -0.00000e+00  -2.83772e+07
 EXTERNAL ERROR MATRIX.    NDIM=  25    NPAR=  4    ERR DEF=1
  9.273e+01 -3.682e-10  7.521e-04  2.012e-07 
 -3.682e-10  1.180e-16  1.890e-16  9.456e-19 
  7.521e-04  1.890e-16  1.612e-08  7.114e-12 
  2.012e-07  9.456e-19  7.114e-12  3.437e-15 
ERR MATRIX NOT POS-DEF
 PARAMETER  CORRELATION COEFFICIENTS  
       NO.  GLOBAL      1      2      3      4
        1  1.00001   1.000 -0.004  0.615  0.356
        2  0.00000  -0.004  1.000  0.000  0.001
        3  1.00000   0.615  0.000  1.000  0.956
        4  1.00000   0.356  0.001  0.956  1.000
 ERR MATRIX NOT POS-DEF
status of the fit-----000------4
1  558934
2  0.565008
3  -4.38984e-05
4  0.000999619
 PARAMETER DEFINITIONS:
    NO.   NAME         VALUE      STEP SIZE      LIMITS
     1 norm         5.58934e+05  1.00000e-01     no limits
     2 Q            5.65008e-01  1.00000e-01     no limits
     3 theta       -4.38984e-05  1.00000e-01     no limits
     4 pileup       9.99619e-04  1.00000e-01     no limits
 **********
 **    3 **MIGRAD
 **********
 FIRST CALL TO USER FUNCTION AT NEW START POINT, WITH IFLAG=4.
 START MIGRAD MINIMIZATION.  STRATEGY  1.  CONVERGENCE WHEN EDM .LT. 1.00e-04
 FCN=-2.37861e+11 FROM MIGRAD    STATUS=INITIATE       16 CALLS         509 TOTAL
                     EDM= unknown      STRATEGY= 1      NO ERROR MATRIX       
  EXT PARAMETER               CURRENT GUESS       STEP         FIRST   
  NO.   NAME      VALUE            ERROR          SIZE      DERIVATIVE 
   1  norm         5.58934e+05   1.00000e-01   1.00000e-01   3.83587e-04
   2  Q            5.65008e-01   1.00000e-01   1.00000e-01   6.15038e+06
   3  theta       -4.38984e-05   1.00000e-01   1.00000e-01   1.55618e+04
   4  pileup       9.99619e-04   1.00000e-01   1.00000e-01  -9.18004e+11
 MIGRAD FAILS TO FIND IMPROVEMENT
 COVARIANCE MATRIX CALCULATED SUCCESSFULLY
 FCN=-2.37861e+11 FROM HESSE     STATUS=OK             29 CALLS         549 TOTAL
                     EDM=0.133953    STRATEGY= 1      ERROR MATRIX ACCURATE 
  EXT PARAMETER                                   STEP         FIRST   
  NO.   NAME      VALUE            ERROR          SIZE      DERIVATIVE 
   1  norm         5.58934e+05   1.57727e+02   2.66521e+00   4.00763e-04
   2  Q            5.65008e-01   1.50744e-05   1.00000e-03  -7.65823e+02
   3  theta       -4.38984e-05   1.32200e-03   1.85143e-02   6.09296e+02
   4  pileup       9.99619e-04   9.24436e-08   1.00000e-02  -4.83337e+05
 MIGRAD FAILS TO FIND IMPROVEMENT
 MACHINE ACCURACY LIMITS FURTHER IMPROVEMENT.
 MIGRAD MINIMIZATION HAS CONVERGED.
 FCN=-2.37861e+11 FROM MIGRAD    STATUS=CONVERGED      64 CALLS         557 TOTAL
                     EDM=0.133953    STRATEGY= 1      ERROR MATRIX ACCURATE 
  EXT PARAMETER                                   STEP         FIRST   
  NO.   NAME      VALUE            ERROR          SIZE      DERIVATIVE 
   1  norm         5.58934e+05   1.57727e+02   0.00000e+00   4.00763e-04
   2  Q            5.65008e-01   1.50744e-05  -0.00000e+00  -7.65823e+02
   3  theta       -4.38984e-05   1.32200e-03  -0.00000e+00   6.09296e+02
   4  pileup       9.99619e-04   9.24436e-08   0.00000e+00  -4.83337e+05
 EXTERNAL ERROR MATRIX.    NDIM=  25    NPAR=  4    ERR DEF=1
  2.488e+04 -2.374e-03 -2.070e-01 -1.780e-07 
 -2.374e-03  2.272e-10  1.987e-08  8.585e-15 
 -2.070e-01  1.987e-08  1.748e-06  1.716e-12 
 -1.780e-07  8.585e-15  1.716e-12  8.546e-15 
 PARAMETER  CORRELATION COEFFICIENTS  
       NO.  GLOBAL      1      2      3      4
        1  0.99895   1.000 -0.998 -0.993 -0.012
        2  0.99959  -0.998  1.000  0.997  0.006
        3  0.99827  -0.993  0.997  1.000  0.014
        4  0.23270  -0.012  0.006  0.014  1.000
 **********
 **    4 **MIGRAD 
 **********
 START MIGRAD MINIMIZATION.  STRATEGY  1.  CONVERGENCE WHEN EDM .LT. 1.00e-04
 FCN=-2.37861e+11 FROM MIGRAD    STATUS=INITIATE        8 CALLS         565 TOTAL
                     EDM=106.852    STRATEGY= 1      ERROR MATRIX ACCURATE 
  EXT PARAMETER                                   STEP         FIRST   
  NO.   NAME      VALUE            ERROR          SIZE      DERIVATIVE 
   1  norm         5.58934e+05   1.57727e+02   0.00000e+00   3.34923e-04
   2  Q            5.65008e-01   1.50744e-05  -0.00000e+00  -6.57675e+02
   3  theta       -4.38984e-05   1.32200e-03  -0.00000e+00   1.55775e+04
   4  pileup       9.99619e-04   9.24436e-08   0.00000e+00  -2.95464e+07
 MIGRAD FAILS TO FIND IMPROVEMENT
 MACHINE ACCURACY LIMITS FURTHER IMPROVEMENT.
 MIGRAD MINIMIZATION HAS CONVERGED.
 FCN=-2.37861e+11 FROM MIGRAD    STATUS=CONVERGED      19 CALLS         576 TOTAL
                     EDM=106.852    STRATEGY= 1      ERROR MATRIX ACCURATE 
  EXT PARAMETER                                   STEP         FIRST   
  NO.   NAME      VALUE            ERROR          SIZE      DERIVATIVE 
   1  norm         5.58934e+05   1.57727e+02   0.00000e+00   3.34923e-04
   2  Q            5.65008e-01   1.50744e-05  -0.00000e+00  -6.57675e+02
   3  theta       -4.38984e-05   1.32200e-03  -0.00000e+00   1.55775e+04
   4  pileup       9.99619e-04   9.24436e-08   0.00000e+00  -2.95464e+07
 EXTERNAL ERROR MATRIX.    NDIM=  25    NPAR=  4    ERR DEF=1
  2.488e+04 -2.374e-03 -2.070e-01 -1.780e-07 
 -2.374e-03  2.272e-10  1.987e-08  8.585e-15 
 -2.070e-01  1.987e-08  1.748e-06  1.716e-12 
 -1.780e-07  8.585e-15  1.716e-12  8.546e-15 
 PARAMETER  CORRELATION COEFFICIENTS  
       NO.  GLOBAL      1      2      3      4
        1  0.99895   1.000 -0.998 -0.993 -0.012
        2  0.99959  -0.998  1.000  0.997  0.006
        3  0.99827  -0.993  0.997  1.000  0.014
        4  0.23270  -0.012  0.006  0.014  1.000
status of the fit-----000------0
1  558934
2  0.565008
3  -4.38984e-05
4  0.000999619
 **********
 **   19 **SET PRINT           2
 **********
 **********
 **   20 **SET NOGRAD
 **********
 PARAMETER DEFINITIONS:
    NO.   NAME         VALUE      STEP SIZE      LIMITS
     1 p0           5.58000e+05  1.67400e+05     no limits
     2 p1           5.65000e-01  1.69500e-01     no limits
     3 p2           0.00000e+00  3.00000e-01     no limits
     4 p3           9.99871e-04  2.99961e-04     no limits
 **********
 **   21 **SET ERR         0.5
 **********
 **********
 **   22 **SET PRINT           2
 **********
 **********
 **   23 **SET STR           1
 **********
 NOW USING STRATEGY  1: TRY TO BALANCE SPEED AGAINST RELIABILITY
 **********
 **   24 **MIGRAD        1480        0.01
 **********
 FIRST CALL TO USER FUNCTION AT NEW START POINT, WITH IFLAG=4.
 START MIGRAD MINIMIZATION.  STRATEGY  1.  CONVERGENCE WHEN EDM .LT. 1.00e-05
 FCN=17018.9 FROM MIGRAD    STATUS=INITIATE       18 CALLS          19 TOTAL
                     EDM= unknown      STRATEGY= 1      NO ERROR MATRIX       
  EXT PARAMETER               CURRENT GUESS       STEP         FIRST   
  NO.   NAME      VALUE            ERROR          SIZE      DERIVATIVE 
   1  p0           5.58000e+05   1.67400e+05   1.67400e+05  -3.59584e+01
   2  p1           5.65000e-01   1.69500e-01   1.69500e-01  -1.11621e+08
   3  p2           0.00000e+00   3.00000e-01   3.00000e-01   2.03211e+06
   4  p3           9.99871e-04   2.99961e-04   2.99961e-04  -9.93150e+08
                               ERR DEF= 0.5
NO ERROR MATRIX       
 FCN=1348.18 FROM MIGRAD    STATUS=PROGRESS       36 CALLS          37 TOTAL
                     EDM=3965.28    STRATEGY= 1      NO ERROR MATRIX       
  EXT PARAMETER               CURRENT GUESS       STEP         FIRST   
  NO.   NAME      VALUE            ERROR          SIZE      DERIVATIVE 
   1  p0           5.58352e+05   1.67400e+05   3.51870e+02  -2.53310e+00
   2  p1           5.65113e-01   1.69500e-01   1.13468e-04  -7.80676e+06
   3  p2          -2.29879e-03   3.00000e-01  -2.29879e-03  -4.91859e+05
   4  p3           1.00131e-03   2.99961e-04   1.44074e-06   4.86118e+08
                               ERR DEF= 0.5
 FCN=75.8249 FROM MIGRAD    STATUS=PROGRESS      150 CALLS         151 TOTAL
                     EDM=2.09619    STRATEGY= 1  ERROR MATRIX UNCERTAINTY  18.6 per cent
  EXT PARAMETER                APPROXIMATE        STEP         FIRST   
  NO.   NAME      VALUE            ERROR          SIZE      DERIVATIVE 
   1  p0           5.58005e+05   1.63187e+03  -1.42161e+02   7.15143e-03
   2  p1           5.65306e-01   5.27404e-04   4.59409e-05   1.89091e+04
   3  p2           2.24938e-04   1.17391e-04   8.28783e-06   6.21743e+02
   4  p3           9.99891e-04   7.37617e-08   4.73989e-10  -2.33563e+05
                               ERR DEF= 0.5
 MINUIT WARNING IN MIGRAD  
 ============== Negative diagonal element 1 in Error Matrix
 MINUIT WARNING IN MIGRAD  
 ============== Negative diagonal element 2 in Error Matrix
 MINUIT WARNING IN MIGRAD  
 ============== 1.26336e+06 added to diagonal of error matrix
 EIGENVALUES OF SECOND-DERIVATIVE MATRIX:
         9.9963e-01  1.0000e+00  1.0000e+00  1.0004e+00
 MIGRAD FAILS TO FIND IMPROVEMENT
   START COVARIANCE MATRIX CALCULATION.
 EIGENVALUES OF SECOND-DERIVATIVE MATRIX:
        -1.5967e-05  3.1939e-01  8.5547e-01  2.8252e+00
 MINUIT WARNING IN HESSE   
 ============== MATRIX FORCED POS-DEF BY ADDING 0.002841 TO DIAGONAL.
 FCN=75.3455 FROM HESSE     STATUS=NOT POSDEF     23 CALLS         246 TOTAL
                     EDM=0.00234896    STRATEGY= 1      ERR MATRIX NOT POS-DEF
  EXT PARAMETER                APPROXIMATE        STEP         FIRST   
  NO.   NAME      VALUE            ERROR          SIZE      DERIVATIVE 
   1  p0           5.57468e+05   6.78448e+01   2.65821e-01  -6.07593e-04
   2  p1           5.65480e-01   2.20363e-05   2.69642e-07  -4.37887e+03
   3  p2           2.54904e-04   8.53596e-05   3.42408e-07   7.03207e+02
   4  p3           9.99893e-04   8.20914e-08   4.76786e-10  -2.76210e+05
                               ERR DEF= 0.5
 PARAMETER  CORRELATION COEFFICIENTS  
       NO.  GLOBAL      1      2      3      4
        1  0.99717   1.000 -0.995 -0.102 -0.073
        2  0.99720  -0.995  1.000  0.154  0.075
        3  0.74915  -0.102  0.154  1.000  0.524
        4  0.60681  -0.073  0.075  0.524  1.000
 ERR MATRIX NOT POS-DEF
 FCN=75.3403 FROM MIGRAD    STATUS=PROGRESS      255 CALLS         256 TOTAL
                     EDM=0.00319878    STRATEGY= 1      ERR MATRIX NOT POS-DEF
  EXT PARAMETER                APPROXIMATE        STEP         FIRST   
  NO.   NAME      VALUE            ERROR          SIZE      DERIVATIVE 
   1  p0           5.57460e+05   6.78448e+01  -7.57217e+00   1.64845e-03
   2  p1           5.65482e-01   2.20363e-05   2.34079e-06   2.86283e+03
   3  p2           2.47809e-04   8.53596e-05  -7.09484e-06  -8.36734e+02
   4  p3           9.99892e-04   8.20914e-08  -8.16355e-10   2.94505e+05
                               ERR DEF= 0.5
 MIGRAD FAILS TO FIND IMPROVEMENT
 MIGRAD TERMINATED WITHOUT CONVERGENCE.
 FCN=74.6298 FROM MIGRAD    STATUS=FAILED        355 CALLS         356 TOTAL
                     EDM=2.23767    STRATEGY= 1      ERR MATRIX NOT POS-DEF
  EXT PARAMETER                APPROXIMATE        STEP         FIRST   
  NO.   NAME      VALUE            ERROR          SIZE      DERIVATIVE 
   1  p0           5.57402e+05   5.90952e+00   0.00000e+00   3.53910e-04
   2  p1           5.65501e-01   4.25482e-07   0.00000e+00  -1.46097e+06
   3  p2           2.47930e-04   6.95662e-05   0.00000e+00  -1.20835e+02
   4  p3           9.99858e-04   6.76401e-08  -0.00000e+00  -6.94255e+05
                               ERR DEF= 0.5
 EXTERNAL ERROR MATRIX.    NDIM=  25    NPAR=  4    ERR DEF=0.5
  3.492e+01  5.892e-07  1.688e-04 -5.822e-09 
  5.892e-07  1.810e-13  2.148e-11 -8.671e-15 
  1.688e-04  2.148e-11  4.839e-09  1.513e-12 
 -5.822e-09 -8.671e-15  1.513e-12  4.575e-15 
ERR MATRIX NOT POS-DEF
 PARAMETER  CORRELATION COEFFICIENTS  
       NO.  GLOBAL      1      2      3      4
        1  0.58346   1.000  0.234  0.411 -0.015
        2  0.93480   0.234  1.000  0.726 -0.301
        3  0.94516   0.411  0.726  1.000  0.322
        4  0.87491  -0.015 -0.301  0.322  1.000
 ERR MATRIX NOT POS-DEF
 FCN=74.6298 FROM MIGRAD    STATUS=FAILED        355 CALLS         356 TOTAL
                     EDM=2.23767    STRATEGY= 1      ERR MATRIX NOT POS-DEF
  EXT PARAMETER                  PARABOLIC         MINOS ERRORS        
  NO.   NAME      VALUE            ERROR      NEGATIVE      POSITIVE   
   1  p0           5.57402e+05   5.90952e+00                            
   2  p1           5.65501e-01   4.25482e-07                            
   3  p2           2.47930e-04   6.95662e-05                            
   4  p3           9.99858e-04   6.76401e-08                            
                               ERR DEF= 0.5
 **********
 **   25 **SET PRINT           2
 **********
 **********
 **   26 **SET NOGRAD
 **********
 PARAMETER DEFINITIONS:
    NO.   NAME         VALUE      STEP SIZE      LIMITS
     1 p0           5.57402e+05  5.90952e+00     no limits
     2 p1           5.65501e-01  4.25482e-07     no limits
     3 p2           2.47930e-04  6.95662e-05     no limits
     4 p3           9.99858e-04  6.76401e-08     no limits
 **********
 **   27 **SET ERR         0.5
 **********
 **********
 **   28 **SET PRINT           2
 **********
 **********
 **   29 **SET STR           1
 **********
 NOW USING STRATEGY  1: TRY TO BALANCE SPEED AGAINST RELIABILITY
 **********
 **   30 **MIGRAD        1480        0.01
 **********
 FIRST CALL TO USER FUNCTION AT NEW START POINT, WITH IFLAG=4.
 START MIGRAD MINIMIZATION.  STRATEGY  1.  CONVERGENCE WHEN EDM .LT. 1.00e-05
 FCN=74.6298 FROM MIGRAD    STATUS=INITIATE       12 CALLS          13 TOTAL
                     EDM= unknown      STRATEGY= 1      NO ERROR MATRIX       
  EXT PARAMETER               CURRENT GUESS       STEP         FIRST   
  NO.   NAME      VALUE            ERROR          SIZE      DERIVATIVE 
   1  p0           5.57402e+05   5.90952e+00   5.90952e+00   3.53910e-04
   2  p1           5.65501e-01   4.25482e-07   4.25482e-07  -1.46097e+06
   3  p2           2.47930e-04   6.95662e-05   6.95662e-05  -1.29074e+02
   4  p3           9.99858e-04   6.76401e-08   6.76401e-08  -6.94255e+05
                               ERR DEF= 0.5
NO ERROR MATRIX       
 FCN=74.6296 FROM MIGRAD    STATUS=PROGRESS       24 CALLS          25 TOTAL
                     EDM=0.37465    STRATEGY= 1      NO ERROR MATRIX       
  EXT PARAMETER               CURRENT GUESS       STEP         FIRST   
  NO.   NAME      VALUE            ERROR          SIZE      DERIVATIVE 
   1  p0           5.57402e+05   5.90952e+00  -2.00514e-03   4.09369e-03
   2  p1           5.65501e-01   4.25482e-07   2.83456e-08  -1.44199e+06
   3  p2           2.48005e-04   6.95662e-05   7.50171e-08  -3.67253e+02
   4  p3           9.99859e-04   6.76401e-08   5.75065e-10  -4.65865e+05
                               ERR DEF= 0.5
 MIGRAD FAILS TO FIND IMPROVEMENT
   START COVARIANCE MATRIX CALCULATION.
 EIGENVALUES OF SECOND-DERIVATIVE MATRIX:
         2.7532e-01  6.7366e-01  9.9467e-01  2.0563e+00
 COVARIANCE MATRIX CALCULATED SUCCESSFULLY
 FCN=74.6296 FROM HESSE     STATUS=OK             25 CALLS          96 TOTAL
                     EDM=0.39175    STRATEGY= 1      ERROR MATRIX ACCURATE 
  EXT PARAMETER                                   STEP         FIRST   
  NO.   NAME      VALUE            ERROR          SIZE      DERIVATIVE 
   1  p0           5.57402e+05   6.33992e+00   2.65790e-01   4.30212e-03
   2  p1           5.65501e-01   3.04675e-07   2.69652e-07  -2.88727e+06
   3  p2           2.48015e-04   7.75497e-05   2.91701e-07  -3.74203e+02
   4  p3           9.99859e-04   7.68123e-08   4.76770e-10  -4.52926e+05
                               ERR DEF= 0.5
 PARAMETER  CORRELATION COEFFICIENTS  
       NO.  GLOBAL      1      2      3      4
        1  0.59317   1.000 -0.150  0.516  0.107
        2  0.18153  -0.150  1.000 -0.004 -0.005
        3  0.75447   0.516 -0.004  1.000  0.598
        4  0.64434   0.107 -0.005  0.598  1.000
 FCN=74.6275 FROM MIGRAD    STATUS=PROGRESS      106 CALLS         107 TOTAL
                     EDM=6.82825e-05    STRATEGY= 1      ERROR MATRIX ACCURATE 
  EXT PARAMETER                                   STEP         FIRST   
  NO.   NAME      VALUE            ERROR          SIZE      DERIVATIVE 
   1  p0           5.57401e+05   6.33992e+00  -1.09858e+00  -4.54249e-04
   2  p1           5.65501e-01   3.04675e-07   3.32378e-07  -3.45414e+03
   3  p2           2.51103e-04   7.75497e-05   3.08809e-06   7.83241e+01
   4  p3           9.99863e-04   7.68123e-08   4.25025e-09   9.94216e+04
                               ERR DEF= 0.5
 MIGRAD MINIMIZATION HAS CONVERGED.
 FCN=74.6275 FROM MIGRAD    STATUS=CONVERGED     117 CALLS         118 TOTAL
                     EDM=5.34464e-07    STRATEGY= 1  ERROR MATRIX UNCERTAINTY   0.4 per cent
  EXT PARAMETER                                   STEP         FIRST   
  NO.   NAME      VALUE            ERROR          SIZE      DERIVATIVE 
   1  p0           5.57401e+05   6.31990e+00  -6.87095e-03  -1.37936e-04
   2  p1           5.65501e-01   3.39298e-07   2.19647e-10  -2.48520e+03
   3  p2           2.50489e-04   7.39677e-05  -6.13447e-07   6.80753e+00
   4  p3           9.99862e-04   7.26767e-08  -7.27439e-10   7.44130e+02
                               ERR DEF= 0.5
 EXTERNAL ERROR MATRIX.    NDIM=  25    NPAR=  4    ERR DEF=0.5
  3.994e+01 -3.758e-07  2.313e-04  2.632e-08 
 -3.758e-07  1.151e-13 -1.220e-12 -1.416e-15 
  2.313e-04 -1.220e-12  5.471e-09  2.981e-12 
  2.632e-08 -1.416e-15  2.981e-12  5.282e-15 
 PARAMETER  CORRELATION COEFFICIENTS  
       NO.  GLOBAL      1      2      3      4
        1  0.58213   1.000 -0.175  0.495  0.057
        2  0.20324  -0.175  1.000 -0.049 -0.057
        3  0.72578   0.495 -0.049  1.000  0.555
        4  0.61283   0.057 -0.057  0.555  1.000
 EXTERNAL ERROR MATRIX.    NDIM=   4    NPAR=  4    ERR DEF=0.5
  3.994e+01 -3.758e-07  2.313e-04  2.632e-08 
 -3.758e-07  1.151e-13 -1.220e-12 -1.416e-15 
  2.313e-04 -1.220e-12  5.471e-09  2.981e-12 
  2.632e-08 -1.416e-15  2.981e-12  5.282e-15 
 FCN=74.6275 FROM MIGRAD    STATUS=CONVERGED     117 CALLS         118 TOTAL
                     EDM=5.34464e-07    STRATEGY= 1  ERROR MATRIX UNCERTAINTY   0.4 per cent
  EXT PARAMETER                  PARABOLIC         MINOS ERRORS        
  NO.   NAME      VALUE            ERROR      NEGATIVE      POSITIVE   
   1  p0           5.57401e+05   6.31990e+00                            
   2  p1           5.65501e-01   3.39298e-07                            
   3  p2           2.50489e-04   7.39677e-05                            
   4  p3           9.99862e-04   7.26767e-08                            
                               ERR DEF= 0.5
------------------------------------------
Enering ROOFIt-------
 PARAMETER DEFINITIONS:
    NO.   NAME         VALUE      STEP SIZE      LIMITS
     1 norm         5.57401e+05  1.00000e-01     no limits
     2 Q            5.65000e-01  1.00000e-01     no limits
     3 theta        0.00000e+00  1.00000e-01     no limits
     4 pileup       9.99862e-04  1.00000e-01     no limits
 **********
 **    1 **MIGRAD
 **********
 FIRST CALL TO USER FUNCTION AT NEW START POINT, WITH IFLAG=4.
 START MIGRAD MINIMIZATION.  STRATEGY  1.  CONVERGENCE WHEN EDM .LT. 1.00e-04
 FCN=-2.37857e+11 FROM MIGRAD    STATUS=INITIATE       16 CALLS          17 TOTAL
                     EDM= unknown      STRATEGY= 1      NO ERROR MATRIX       
  EXT PARAMETER               CURRENT GUESS       STEP         FIRST   
  NO.   NAME      VALUE            ERROR          SIZE      DERIVATIVE 
   1  norm         5.57401e+05   1.00000e-01   1.00000e-01  -5.88771e+01
   2  Q            5.65000e-01   1.00000e-01   1.00000e-01  -8.89618e+08
   3  theta        0.00000e+00   1.00000e-01   1.00000e-01   3.35985e+06
   4  pileup       9.99862e-04   1.00000e-01   1.00000e-01  -9.20094e+11
 MIGRAD FAILS TO FIND IMPROVEMENT
 MACHINE ACCURACY LIMITS FURTHER IMPROVEMENT.
 MIGRAD MINIMIZATION HAS CONVERGED.
 FCN=-2.37857e+11 FROM MIGRAD    STATUS=CONVERGED     284 CALLS         285 TOTAL
                     EDM=0.604938    STRATEGY= 1  ERROR MATRIX UNCERTAINTY   4.2 per cent
  EXT PARAMETER                                   STEP         FIRST   
  NO.   NAME      VALUE            ERROR          SIZE      DERIVATIVE 
   1  norm         5.58943e+05   9.28501e+00  -0.00000e+00   2.97135e-02
   2  Q            5.65003e-01   2.52250e-11   0.00000e+00   2.11498e+08
   3  theta        1.40541e-04   1.07385e-04  -0.00000e+00   7.81662e+01
   4  pileup       9.99942e-04   4.97629e-08   0.00000e+00  -1.12197e+07
 EXTERNAL ERROR MATRIX.    NDIM=  25    NPAR=  4    ERR DEF=1
  8.621e+01  6.686e-13  5.956e-04  2.480e-08 
  6.686e-13  6.363e-22  3.641e-17  5.413e-20 
  5.956e-04  3.641e-17  1.153e-08  1.511e-12 
  2.480e-08  5.413e-20  1.511e-12  2.476e-15 
 PARAMETER  CORRELATION COEFFICIENTS  
       NO.  GLOBAL      1      2      3      4
        1  0.60929   1.000  0.003  0.597  0.054
        2  0.04315   0.003  1.000  0.013  0.043
        3  0.64796   0.597  0.013  1.000  0.283
        4  0.31954   0.054  0.043  0.283  1.000
 **********
 **    2 **MIGRAD 
 **********
 START MIGRAD MINIMIZATION.  STRATEGY  1.  CONVERGENCE WHEN EDM .LT. 1.00e-04
 FCN=-2.37857e+11 FROM MIGRAD    STATUS=INITIATE       12 CALLS         297 TOTAL
                     EDM=0.10455    STRATEGY= 1  ERROR MATRIX UNCERTAINTY   4.2 per cent
  EXT PARAMETER                                   STEP         FIRST   
  NO.   NAME      VALUE            ERROR          SIZE      DERIVATIVE 
   1  norm         5.58943e+05   9.28501e+00  -0.00000e+00   2.97134e-02
   2  Q            5.65003e-01   2.52250e-11   0.00000e+00   2.90788e+05
   3  theta        1.40541e-04   1.07385e-04  -0.00000e+00   7.81646e+01
   4  pileup       9.99942e-04   4.97629e-08   0.00000e+00  -1.12197e+07
 MIGRAD FAILS TO FIND IMPROVEMENT
 MACHINE ACCURACY LIMITS FURTHER IMPROVEMENT.
 MIGRAD MINIMIZATION HAS CONVERGED.
 FCN=-2.37857e+11 FROM MIGRAD    STATUS=CONVERGED      43 CALLS         328 TOTAL
                     EDM=0.104483    STRATEGY= 1  ERROR MATRIX UNCERTAINTY   2.9 per cent
  EXT PARAMETER                                   STEP         FIRST   
  NO.   NAME      VALUE            ERROR          SIZE      DERIVATIVE 
   1  norm         5.58943e+05   9.44607e+00  -0.00000e+00   2.97114e-02
   2  Q            5.65003e-01   4.45676e-13   0.00000e+00   2.11498e+08
   3  theta        1.40540e-04   1.07385e-04  -0.00000e+00   7.81737e+01
   4  pileup       9.99942e-04   5.36132e-08   0.00000e+00  -1.12195e+07
 EXTERNAL ERROR MATRIX.    NDIM=  25    NPAR=  4    ERR DEF=1
  8.923e+01  1.198e-14  5.977e-04 -1.006e-08 
  1.198e-14  1.986e-25  3.309e-18  6.789e-21 
  5.977e-04  3.309e-18  1.153e-08  1.484e-12 
 -1.006e-08  6.789e-21  1.484e-12  2.874e-15 
 PARAMETER  CORRELATION COEFFICIENTS  
       NO.  GLOBAL      1      2      3      4
        1  0.61558   1.000  0.003  0.589 -0.020
        2  0.28453   0.003  1.000  0.069  0.284
        3  0.64802   0.589  0.069  1.000  0.258
        4  0.42164  -0.020  0.284  0.258  1.000
status of the fit-----000------0
1  558943
2  0.565003
3  0.00014054
4  0.000999942
 **********
 **   31 **SET PRINT           2
 **********
 **********
 **   32 **SET NOGRAD
 **********
 PARAMETER DEFINITIONS:
    NO.   NAME         VALUE      STEP SIZE      LIMITS
     1 p0           5.58000e+05  1.67400e+05     no limits
     2 p1           5.65000e-01  1.69500e-01     no limits
     3 p2           0.00000e+00  3.00000e-01     no limits
     4 p3           9.99871e-04  2.99961e-04     no limits
 **********
 **   33 **SET ERR         0.5
 **********
 **********
 **   34 **SET PRINT           2
 **********
 **********
 **   35 **SET STR           1
 **********
 NOW USING STRATEGY  1: TRY TO BALANCE SPEED AGAINST RELIABILITY
 **********
 **   36 **MIGRAD        1480        0.01
 **********
 FIRST CALL TO USER FUNCTION AT NEW START POINT, WITH IFLAG=4.
 START MIGRAD MINIMIZATION.  STRATEGY  1.  CONVERGENCE WHEN EDM .LT. 1.00e-05
 FCN=17258.5 FROM MIGRAD    STATUS=INITIATE       18 CALLS          19 TOTAL
                     EDM= unknown      STRATEGY= 1      NO ERROR MATRIX       
  EXT PARAMETER               CURRENT GUESS       STEP         FIRST   
  NO.   NAME      VALUE            ERROR          SIZE      DERIVATIVE 
   1  p0           5.58000e+05   1.67400e+05   1.67400e+05  -3.62168e+01
   2  p1           5.65000e-01   1.69500e-01   1.69500e-01  -1.12420e+08
   3  p2           0.00000e+00   3.00000e-01   3.00000e-01   2.05739e+06
   4  p3           9.99871e-04   2.99961e-04   2.99961e-04  -9.92283e+08
                               ERR DEF= 0.5
NO ERROR MATRIX       
 FCN=1349.4 FROM MIGRAD    STATUS=PROGRESS       36 CALLS          37 TOTAL
                     EDM=4016.99    STRATEGY= 1      NO ERROR MATRIX       
  EXT PARAMETER               CURRENT GUESS       STEP         FIRST   
  NO.   NAME      VALUE            ERROR          SIZE      DERIVATIVE 
   1  p0           5.58354e+05   1.67400e+05   3.54400e+02  -2.53759e+00
   2  p1           5.65114e-01   1.69500e-01   1.14281e-04  -7.81603e+06
   3  p2          -2.32733e-03   3.00000e-01  -2.32733e-03  -4.86904e+05
   4  p3           1.00131e-03   2.99961e-04   1.43955e-06   4.96489e+08
                               ERR DEF= 0.5
 MINUIT WARNING IN MIGRAD  
 ============== Negative diagonal element 1 in Error Matrix
 MINUIT WARNING IN MIGRAD  
 ============== Negative diagonal element 2 in Error Matrix
 MINUIT WARNING IN MIGRAD  
 ============== Negative diagonal element 3 in Error Matrix
 MINUIT WARNING IN MIGRAD  
 ============== 3427.3 added to diagonal of error matrix
 EIGENVALUES OF SECOND-DERIVATIVE MATRIX:
         9.9994e-01  1.0000e+00  1.0000e+00  1.0001e+00
 MIGRAD FAILS TO FIND IMPROVEMENT
 MIGRAD MINIMIZATION HAS CONVERGED.
 MIGRAD WILL VERIFY CONVERGENCE AND ERROR MATRIX.
   START COVARIANCE MATRIX CALCULATION.
 EIGENVALUES OF SECOND-DERIVATIVE MATRIX:
        -1.6843e-03  3.2730e-01  8.7981e-01  2.7946e+00
 MINUIT WARNING IN HESSE   
 ============== MATRIX FORCED POS-DEF BY ADDING 0.004479 TO DIAGONAL.
 FCN=73.694 FROM HESSE     STATUS=NOT POSDEF     25 CALLS         129 TOTAL
                     EDM=0.000726813    STRATEGY= 1      ERR MATRIX NOT POS-DEF
  EXT PARAMETER                APPROXIMATE        STEP         FIRST   
  NO.   NAME      VALUE            ERROR          SIZE      DERIVATIVE 
   1  p0           5.58479e+05   6.83422e+01   2.66303e-01  -2.33449e-04
   2  p1           5.65154e-01   2.21655e-05   2.69486e-07   1.02668e+03
   3  p2           1.07950e-04   8.51245e-05   2.94492e-07  -3.59824e+01
   4  p3           9.99819e-04   7.44549e-08   4.76751e-10  -1.49118e+04
                               ERR DEF= 0.5
 PARAMETER  CORRELATION COEFFICIENTS  
       NO.  GLOBAL      1      2      3      4
        1  0.99720   1.000 -0.995 -0.155 -0.133
        2  0.99724  -0.995  1.000  0.208  0.138
        3  0.74805  -0.155  0.208  1.000  0.516
        4  0.59004  -0.133  0.138  0.516  1.000
 ERR MATRIX NOT POS-DEF
 FCN=73.5949 FROM MIGRAD    STATUS=PROGRESS      141 CALLS         142 TOTAL
                     EDM=0.0741015    STRATEGY= 1      ERR MATRIX NOT POS-DEF
  EXT PARAMETER                APPROXIMATE        STEP         FIRST   
  NO.   NAME      VALUE            ERROR          SIZE      DERIVATIVE 
   1  p0           5.58829e+05   6.83422e+01   3.50461e+02   4.56609e-03
   2  p1           5.65041e-01   2.21655e-05  -1.13260e-04   1.58262e+04
   3  p2           6.70962e-05   8.51245e-05  -4.08537e-05  -2.23892e+03
   4  p3           9.99793e-04   7.44549e-08  -2.59023e-08  -3.55824e+06
                               ERR DEF= 0.5
 MIGRAD FAILS TO FIND IMPROVEMENT
 MIGRAD TERMINATED WITHOUT CONVERGENCE.
 FCN=73.3408 FROM MIGRAD    STATUS=FAILED        220 CALLS         221 TOTAL
                     EDM=2.8668e-05    STRATEGY= 1      ERR MATRIX NOT POS-DEF
  EXT PARAMETER                APPROXIMATE        STEP         FIRST   
  NO.   NAME      VALUE            ERROR          SIZE      DERIVATIVE 
   1  p0           5.59771e+05   4.02137e+01  -0.00000e+00   1.68043e-04
   2  p1           5.64737e-01   1.39256e-05   0.00000e+00   5.34753e+02
   3  p2           3.53732e-05   8.14361e-05   0.00000e+00  -6.49832e+00
   4  p3           9.99815e-04   7.35290e-08   0.00000e+00  -9.74016e+03
                               ERR DEF= 0.5
 EXTERNAL ERROR MATRIX.    NDIM=  25    NPAR=  4    ERR DEF=0.5
  1.617e+03 -5.544e-04 -2.914e-03 -2.060e-06 
 -5.544e-04  1.939e-10  1.035e-09  6.605e-13 
 -2.914e-03  1.035e-09  6.632e-09  2.660e-12 
 -2.060e-06  6.605e-13  2.660e-12  5.407e-15 
ERR MATRIX NOT POS-DEF
 PARAMETER  CORRELATION COEFFICIENTS  
       NO.  GLOBAL      1      2      3      4
        1  0.99287   1.000 -0.990 -0.890 -0.697
        2  0.99283  -0.990  1.000  0.913  0.645
        3  0.93214  -0.890  0.913  1.000  0.444
        4  0.80930  -0.697  0.645  0.444  1.000
 ERR MATRIX NOT POS-DEF
 FCN=73.3408 FROM MIGRAD    STATUS=FAILED        220 CALLS         221 TOTAL
                     EDM=2.8668e-05    STRATEGY= 1      ERR MATRIX NOT POS-DEF
  EXT PARAMETER                  PARABOLIC         MINOS ERRORS        
  NO.   NAME      VALUE            ERROR      NEGATIVE      POSITIVE   
   1  p0           5.59771e+05   4.02137e+01                            
   2  p1           5.64737e-01   1.39256e-05                            
   3  p2           3.53732e-05   8.14361e-05                            
   4  p3           9.99815e-04   7.35290e-08                            
                               ERR DEF= 0.5
 **********
 **   37 **SET PRINT           2
 **********
 **********
 **   38 **SET NOGRAD
 **********
 PARAMETER DEFINITIONS:
    NO.   NAME         VALUE      STEP SIZE      LIMITS
     1 p0           5.59771e+05  4.02137e+01     no limits
     2 p1           5.64737e-01  1.39256e-05     no limits
     3 p2           3.53732e-05  8.14361e-05     no limits
     4 p3           9.99815e-04  7.35290e-08     no limits
 **********
 **   39 **SET ERR         0.5
 **********
 **********
 **   40 **SET PRINT           2
 **********
 **********
 **   41 **SET STR           1
 **********
 NOW USING STRATEGY  1: TRY TO BALANCE SPEED AGAINST RELIABILITY
 **********
 **   42 **MIGRAD        1480        0.01
 **********
 FIRST CALL TO USER FUNCTION AT NEW START POINT, WITH IFLAG=4.
 START MIGRAD MINIMIZATION.  STRATEGY  1.  CONVERGENCE WHEN EDM .LT. 1.00e-05
 FCN=73.3408 FROM MIGRAD    STATUS=INITIATE       14 CALLS          15 TOTAL
                     EDM= unknown      STRATEGY= 1      NO ERROR MATRIX       
  EXT PARAMETER               CURRENT GUESS       STEP         FIRST   
  NO.   NAME      VALUE            ERROR          SIZE      DERIVATIVE 
   1  p0           5.59771e+05   4.02137e+01   4.02137e+01   1.68043e-04
   2  p1           5.64737e-01   1.39256e-05   1.39256e-05   5.34753e+02
   3  p2           3.53732e-05   8.14361e-05   8.14361e-05  -3.32917e-01
   4  p3           9.99815e-04   7.35290e-08   7.35290e-08  -9.74016e+03
                               ERR DEF= 0.5
NO ERROR MATRIX       
 FCN=73.3408 FROM MIGRAD    STATUS=PROGRESS       32 CALLS          33 TOTAL
                     EDM=8.54139e-07    STRATEGY= 1      NO ERROR MATRIX       
  EXT PARAMETER               CURRENT GUESS       STEP         FIRST   
  NO.   NAME      VALUE            ERROR          SIZE      DERIVATIVE 
   1  p0           5.59771e+05   4.02137e+01  -1.82715e-03   4.06382e-05
   2  p1           5.64737e-01   1.39256e-05  -6.00386e-10   1.43857e+02
   3  p2           3.53735e-05   8.14361e-05   3.27071e-10   7.99765e+00
   4  p3           9.99815e-04   7.35290e-08   1.46887e-11  -6.94428e+03
                               ERR DEF= 0.5
 MIGRAD MINIMIZATION HAS CONVERGED.
 MIGRAD WILL VERIFY CONVERGENCE AND ERROR MATRIX.
   START COVARIANCE MATRIX CALCULATION.
 EIGENVALUES OF SECOND-DERIVATIVE MATRIX:
         1.6281e-03  4.1765e-01  9.2998e-01  2.6507e+00
 COVARIANCE MATRIX CALCULATED SUCCESSFULLY
 FCN=73.3408 FROM MIGRAD    STATUS=CONVERGED      61 CALLS          62 TOTAL
                     EDM=3.33275e-06    STRATEGY= 1      ERROR MATRIX ACCURATE 
  EXT PARAMETER                                   STEP         FIRST   
  NO.   NAME      VALUE            ERROR          SIZE      DERIVATIVE 
   1  p0           5.59771e+05   8.97792e+01   2.66920e-01   4.45056e-05
   2  p1           5.64737e-01   2.89001e-05   2.69288e-07   1.49433e+02
   3  p2           3.53735e-05   6.08333e-05   2.89102e-07   5.20123e+00
   4  p3           9.99815e-04   7.07104e-08   4.76749e-10  -2.54575e+04
                               ERR DEF= 0.5
 EXTERNAL ERROR MATRIX.    NDIM=  25    NPAR=  4    ERR DEF=0.5
  8.060e+03 -2.589e-03  3.873e-04  1.202e-06 
 -2.589e-03  8.352e-10 -7.167e-11 -3.928e-13 
  3.873e-04 -7.167e-11  3.701e-09  1.973e-12 
  1.202e-06 -3.928e-13  1.973e-12  5.000e-15 
 PARAMETER  CORRELATION COEFFICIENTS  
       NO.  GLOBAL      1      2      3      4
        1  0.99837   1.000 -0.998  0.071  0.189
        2  0.99838  -0.998  1.000 -0.041 -0.192
        3  0.65638   0.071 -0.041  1.000  0.459
        4  0.55873   0.189 -0.192  0.459  1.000
 EXTERNAL ERROR MATRIX.    NDIM=   4    NPAR=  4    ERR DEF=0.5
  8.060e+03 -2.589e-03  3.873e-04  1.202e-06 
 -2.589e-03  8.352e-10 -7.167e-11 -3.928e-13 
  3.873e-04 -7.167e-11  3.701e-09  1.973e-12 
  1.202e-06 -3.928e-13  1.973e-12  5.000e-15 
 FCN=73.3408 FROM MIGRAD    STATUS=CONVERGED      61 CALLS          62 TOTAL
                     EDM=3.33275e-06    STRATEGY= 1      ERROR MATRIX ACCURATE 
  EXT PARAMETER                  PARABOLIC         MINOS ERRORS        
  NO.   NAME      VALUE            ERROR      NEGATIVE      POSITIVE   
   1  p0           5.59771e+05   8.97792e+01                            
   2  p1           5.64737e-01   2.89001e-05                            
   3  p2           3.53735e-05   6.08333e-05                            
   4  p3           9.99815e-04   7.07104e-08                            
                               ERR DEF= 0.5
------------------------------------------
Enering ROOFIt-------
 PARAMETER DEFINITIONS:
    NO.   NAME         VALUE      STEP SIZE      LIMITS
     1 norm         5.59771e+05  1.00000e-01     no limits
     2 Q            5.65000e-01  1.00000e-01     no limits
     3 theta        0.00000e+00  1.00000e-01     no limits
     4 pileup       9.99815e-04  1.00000e-01     no limits
 **********
 **    1 **MIGRAD
 **********
 FIRST CALL TO USER FUNCTION AT NEW START POINT, WITH IFLAG=4.
 START MIGRAD MINIMIZATION.  STRATEGY  1.  CONVERGENCE WHEN EDM .LT. 1.00e-04
 FCN=-2.3786e+11 FROM MIGRAD    STATUS=INITIATE       16 CALLS          17 TOTAL
                     EDM= unknown      STRATEGY= 1      NO ERROR MATRIX       
  EXT PARAMETER               CURRENT GUESS       STEP         FIRST   
  NO.   NAME      VALUE            ERROR          SIZE      DERIVATIVE 
   1  norm         5.59771e+05   1.00000e-01   1.00000e-01   3.12000e+01
   2  Q            5.65000e-01   1.00000e-01   1.00000e-01   4.85911e+08
   3  theta        0.00000e+00   1.00000e-01   1.00000e-01  -1.79755e+06
   4  pileup       9.99815e-04   1.00000e-01   1.00000e-01  -9.16918e+11
 MIGRAD FAILS TO FIND IMPROVEMENT
 EIGENVALUES OF SECOND-DERIVATIVE MATRIX:
        -3.4806e-05  3.8500e-01  9.1699e-01  2.6980e+00
 MINUIT WARNING IN HESSE   
 ============== MATRIX FORCED POS-DEF BY ADDING 0.002733 TO DIAGONAL.
 FCN=-2.3786e+11 FROM HESSE     STATUS=NOT POSDEF     27 CALLS          55 TOTAL
                     EDM=1.61276e+06    STRATEGY= 1      ERR MATRIX NOT POS-DEF
  EXT PARAMETER                APPROXIMATE        STEP         FIRST   
  NO.   NAME      VALUE            ERROR          SIZE      DERIVATIVE 
   1  norm         5.59771e+05   6.90330e+01   2.66920e+00   3.11999e+01
   2  Q            5.65000e-01   6.52799e-06   1.00000e-03   9.71642e+07
   3  theta        0.00000e+00   5.76481e-04   1.85044e-02  -1.81251e+06
   4  pileup       9.99815e-04   9.23214e-08   1.00000e-02   8.78148e+08
 MIGRAD FAILS TO FIND IMPROVEMENT
 MACHINE ACCURACY LIMITS FURTHER IMPROVEMENT.
 MIGRAD MINIMIZATION HAS CONVERGED.
 MIGRAD WILL VERIFY CONVERGENCE AND ERROR MATRIX.
 EIGENVALUES OF SECOND-DERIVATIVE MATRIX:
        -4.7057e-01  3.4405e-01  7.0128e-01  3.4252e+00
 MINUIT WARNING IN HESSE   
 ============== MATRIX FORCED POS-DEF BY ADDING 0.473997 TO DIAGONAL.
 MIGRAD TERMINATED WITHOUT CONVERGENCE.
 FCN=-2.3786e+11 FROM MIGRAD    STATUS=FAILED        297 CALLS         298 TOTAL
                     EDM=1.84994    STRATEGY= 1      ERR MATRIX NOT POS-DEF
  EXT PARAMETER                APPROXIMATE        STEP         FIRST   
  NO.   NAME      VALUE            ERROR          SIZE      DERIVATIVE 
   1  norm         5.58784e+05   4.67863e+01   1.72527e+03  -1.00408e-01
   2  Q            5.65054e-01   5.20904e-06   5.54983e-04  -3.07484e+05
   3  theta        1.03991e-04   6.56048e-04   1.85565e-02  -1.12335e+03
   4  pileup       9.99920e-04   1.86301e-07   2.09867e-05   1.91760e+07
 EXTERNAL ERROR MATRIX.    NDIM=  25    NPAR=  4    ERR DEF=1
  2.189e+03 -2.413e-04 -3.001e-02  7.785e-06 
 -2.413e-04  2.713e-11  3.396e-09 -8.808e-13 
 -3.001e-02  3.396e-09  4.304e-07 -1.085e-10 
  7.785e-06 -8.808e-13 -1.085e-10  3.471e-14 
ERR MATRIX NOT POS-DEF
 PARAMETER  CORRELATION COEFFICIENTS  
       NO.  GLOBAL      1      2      3      4
        1  0.99183   1.000 -0.990 -0.978  0.893
        2  0.99808  -0.990  1.000  0.994 -0.908
        3  0.99520  -0.978  0.994  1.000 -0.888
        4  0.92097   0.893 -0.908 -0.888  1.000
 ERR MATRIX NOT POS-DEF
 **********
 **    2 **MIGRAD 
 **********
 START MIGRAD MINIMIZATION.  STRATEGY  1.  CONVERGENCE WHEN EDM .LT. 1.00e-04
 FCN=-2.3786e+11 FROM MIGRAD    STATUS=INITIATE        8 CALLS         306 TOTAL
                     EDM=1.42725    STRATEGY= 1      ERR MATRIX NOT POS-DEF
  EXT PARAMETER                APPROXIMATE        STEP         FIRST   
  NO.   NAME      VALUE            ERROR          SIZE      DERIVATIVE 
   1  norm         5.58784e+05   4.67863e+01   1.72527e+03  -1.10646e-01
   2  Q            5.65054e-01   5.20904e-06   5.54983e-04  -3.07421e+05
   3  theta        1.03991e-04   6.56048e-04   1.85565e-02   1.34231e+03
   4  pileup       9.99920e-04   1.86301e-07   2.09867e-05   1.46661e+07
 MINUIT WARNING IN MIGRAD  
 ============== Negative diagonal element 2 in Error Matrix
 MINUIT WARNING IN MIGRAD  
 ============== 1 added to diagonal of error matrix
 MIGRAD FAILS TO FIND IMPROVEMENT
 EIGENVALUES OF SECOND-DERIVATIVE MATRIX:
        -4.7056e-01  3.4405e-01  7.0128e-01  3.4252e+00
 MINUIT WARNING IN HESSE   
 ============== MATRIX FORCED POS-DEF BY ADDING 0.473985 TO DIAGONAL.
 FCN=-2.3786e+11 FROM HESSE     STATUS=NOT POSDEF     31 CALLS         370 TOTAL
                     EDM=1.15615    STRATEGY= 1      ERR MATRIX NOT POS-DEF
  EXT PARAMETER                APPROXIMATE        STEP         FIRST   
  NO.   NAME      VALUE            ERROR          SIZE      DERIVATIVE 
   1  norm         5.58784e+05   4.67863e+01   1.72527e+03  -9.67461e-02
   2  Q            5.65054e-01   5.20901e-06   5.54983e-04  -2.96070e+05
   3  theta        1.03136e-04   6.56050e-04   1.85568e-02  -1.52228e+03
   4  pileup       9.99921e-04   1.86299e-07   2.09880e-05   1.93937e+07
 MINUIT WARNING IN MIGRAD  
 ============== Negative diagonal element 2 in Error Matrix
 MINUIT WARNING IN MIGRAD  
 ============== 1 added to diagonal of error matrix
 MIGRAD FAILS TO FIND IMPROVEMENT
 MIGRAD TERMINATED WITHOUT CONVERGENCE.
 FCN=-2.3786e+11 FROM MIGRAD    STATUS=FAILED        109 CALLS         407 TOTAL
                     EDM=2.37791e+07    STRATEGY= 1      ERR MATRIX NOT POS-DEF
  EXT PARAMETER                APPROXIMATE        STEP         FIRST   
  NO.   NAME      VALUE            ERROR          SIZE      DERIVATIVE 
   1  norm         5.58789e+05   6.64113e+00  -0.00000e+00   4.80221e-03
   2  Q            5.65054e-01   1.00000e+00  -0.00000e+00   3.49046e+09
   3  theta        7.24827e-05   1.00000e+00  -0.00000e+00   3.71907e+03
   4  pileup       9.99862e-04   1.00000e+00   0.00000e+00  -1.47496e+07
 EXTERNAL ERROR MATRIX.    NDIM=  25    NPAR=  4    ERR DEF=1
  4.410e+01  7.212e-10  1.950e-04 -7.632e-08 
  7.212e-10  1.000e+00 -7.892e-15  6.565e-18 
  1.950e-04 -7.892e-15  1.000e+00  2.627e-12 
 -7.632e-08  6.565e-18  2.627e-12  1.000e+00 
ERR MATRIX NOT POS-DEF
 PARAMETER  CORRELATION COEFFICIENTS  
       NO.  GLOBAL      1      2      3      4
        1  0.00003   1.000  0.000  0.000 -0.000
        2  0.00000   0.000  1.000 -0.000  0.000
        3  0.00003   0.000 -0.000  1.000  0.000
        4  0.00000  -0.000  0.000  0.000  1.000
 ERR MATRIX NOT POS-DEF
status of the fit-----000------4
1  558789
2  0.565054
3  7.24827e-05
4  0.000999862
 PARAMETER DEFINITIONS:
    NO.   NAME         VALUE      STEP SIZE      LIMITS
     1 norm         5.58789e+05  1.00000e-01     no limits
     2 Q            5.65054e-01  1.00000e-01     no limits
     3 theta        7.24827e-05  1.00000e-01     no limits
     4 pileup       9.99862e-04  1.00000e-01     no limits
 **********
 **    3 **MIGRAD
 **********
 FIRST CALL TO USER FUNCTION AT NEW START POINT, WITH IFLAG=4.
 START MIGRAD MINIMIZATION.  STRATEGY  1.  CONVERGENCE WHEN EDM .LT. 1.00e-04
 FCN=-2.3786e+11 FROM MIGRAD    STATUS=INITIATE       16 CALLS         424 TOTAL
                     EDM= unknown      STRATEGY= 1      NO ERROR MATRIX       
  EXT PARAMETER               CURRENT GUESS       STEP         FIRST   
  NO.   NAME      VALUE            ERROR          SIZE      DERIVATIVE 
   1  norm         5.58789e+05   1.00000e-01   1.00000e-01   6.94703e-02
   2  Q            5.65054e-01   1.00000e-01   1.00000e-01   8.37078e+06
   3  theta        7.24827e-05   1.00000e-01   1.00000e-01   3.70284e+03
   4  pileup       9.99862e-04   1.00000e-01   1.00000e-01  -9.18021e+11
 MIGRAD FAILS TO FIND IMPROVEMENT
 COVARIANCE MATRIX CALCULATED SUCCESSFULLY
 FCN=-2.3786e+11 FROM HESSE     STATUS=OK             29 CALLS         464 TOTAL
                     EDM=975.121    STRATEGY= 1      ERROR MATRIX ACCURATE 
  EXT PARAMETER                                   STEP         FIRST   
  NO.   NAME      VALUE            ERROR          SIZE      DERIVATIVE 
   1  norm         5.58789e+05   4.24082e+02   2.66451e+00   6.96936e-02
   2  Q            5.65054e-01   4.04885e-05   1.00000e-03   2.20422e+05
   3  theta        7.24827e-05   3.54081e-03   1.85471e-02  -1.18245e+04
   4  pileup       9.99862e-04   9.24868e-08   1.00000e-02   1.31426e+07
 MIGRAD FAILS TO FIND IMPROVEMENT
 MIGRAD TERMINATED WITHOUT CONVERGENCE.
 FCN=-2.3786e+11 FROM MIGRAD    STATUS=FAILED        102 CALLS         510 TOTAL
                     EDM=2.98676e+09    STRATEGY= 1  ERROR MATRIX UNCERTAINTY 100.0 per cent
  EXT PARAMETER                APPROXIMATE        STEP         FIRST   
  NO.   NAME      VALUE            ERROR          SIZE      DERIVATIVE 
   1  norm         5.58786e+05   9.24981e+00   0.00000e+00  -2.90969e-02
   2  Q            5.65054e-01   4.05280e-10  -0.00000e+00   3.52287e+09
   3  theta        9.07407e-05   9.90274e-05   0.00000e+00   1.30845e+04
   4  pileup       9.99863e-04   3.73452e-08   0.00000e+00  -1.92091e+07
 EXTERNAL ERROR MATRIX.    NDIM=  25    NPAR=  4    ERR DEF=1
  8.556e+01 -2.016e-09  5.487e-04 -6.062e-08 
 -2.016e-09  1.643e-19 -3.699e-14 -7.061e-18 
  5.487e-04 -3.699e-14  9.806e-09  1.778e-12 
 -6.062e-08 -7.061e-18  1.778e-12  1.395e-15 
ERR MATRIX APPROXIMATE
 PARAMETER  CORRELATION COEFFICIENTS  
       NO.  GLOBAL      1      2      3      4
        1  0.79887   1.000 -0.538  0.599 -0.175
        2  0.92194  -0.538  1.000 -0.922 -0.467
        3  0.94260   0.599 -0.922  1.000  0.481
        4  0.75314  -0.175 -0.467  0.481  1.000
 ERR MATRIX APPROXIMATE
 **********
 **    4 **MIGRAD 
 **********
 START MIGRAD MINIMIZATION.  STRATEGY  1.  CONVERGENCE WHEN EDM .LT. 1.00e-04
 FCN=-2.3786e+11 FROM MIGRAD    STATUS=INITIATE       12 CALLS         522 TOTAL
                     EDM=31.5188    STRATEGY= 1  ERROR MATRIX UNCERTAINTY 100.0 per cent
  EXT PARAMETER                APPROXIMATE        STEP         FIRST   
  NO.   NAME      VALUE            ERROR          SIZE      DERIVATIVE 
   1  norm         5.58786e+05   9.24981e+00   0.00000e+00  -3.52041e-02
   2  Q            5.65054e-01   4.05280e-10  -0.00000e+00  -8.62536e+04
   3  theta        9.07407e-05   9.90274e-05   0.00000e+00   1.30840e+04
   4  pileup       9.99863e-04   3.73452e-08   0.00000e+00  -1.92093e+07
 MIGRAD FAILS TO FIND IMPROVEMENT
 MACHINE ACCURACY LIMITS FURTHER IMPROVEMENT.
 MIGRAD MINIMIZATION HAS CONVERGED.
 MIGRAD WILL VERIFY CONVERGENCE AND ERROR MATRIX.
 EIGENVALUES OF SECOND-DERIVATIVE MATRIX:
        -6.3788e-04  3.6666e-01  8.4982e-01  2.7842e+00
 MINUIT WARNING IN HESSE   
 ============== MATRIX FORCED POS-DEF BY ADDING 0.003422 TO DIAGONAL.
 FCN=-2.3786e+11 FROM HESSE     STATUS=NOT POSDEF     29 CALLS         561 TOTAL
                     EDM=0.232412    STRATEGY= 1      ERR MATRIX NOT POS-DEF
  EXT PARAMETER                APPROXIMATE        STEP         FIRST   
  NO.   NAME      VALUE            ERROR          SIZE      DERIVATIVE 
   1  norm         5.58786e+05   9.60510e+01   5.32902e+02  -2.90493e-02
   2  Q            5.65054e-01   3.15996e-05   9.31768e-05  -8.63155e+04
   3  theta        9.07407e-05   1.19788e-04   1.85564e-02  -2.45899e+03
   4  pileup       9.99863e-04   1.05209e-07   2.09859e-05   9.22444e+06
 MINUIT WARNING IN MIGRAD  
 ============== Negative diagonal element 2 in Error Matrix
 MINUIT WARNING IN MIGRAD  
 ============== 1 added to diagonal of error matrix
 MIGRAD FAILS TO FIND IMPROVEMENT
 MIGRAD TERMINATED WITHOUT CONVERGENCE.
 FCN=-2.3786e+11 FROM MIGRAD    STATUS=FAILED         92 CALLS         602 TOTAL
                     EDM=2.96951e+09    STRATEGY= 1      ERR MATRIX NOT POS-DEF
  EXT PARAMETER                APPROXIMATE        STEP         FIRST   
  NO.   NAME      VALUE            ERROR          SIZE      DERIVATIVE 
   1  norm         5.58794e+05   9.11503e+00  -0.00000e+00  -6.52234e-02
   2  Q            5.65052e-01   1.00000e+00  -0.00000e+00   3.45420e+09
   3  theta        8.74651e-05   1.00000e+00  -0.00000e+00   1.48522e+04
   4  pileup       9.99820e-04   1.00000e+00   0.00000e+00  -2.78134e+07
 EXTERNAL ERROR MATRIX.    NDIM=  25    NPAR=  4    ERR DEF=1
  8.308e+01  8.724e-10  5.403e-04  6.325e-08 
  8.724e-10  1.000e+00  2.784e-16  3.882e-17 
  5.403e-04  2.784e-16  1.000e+00  5.187e-12 
  6.325e-08  3.882e-17  5.187e-12  1.000e+00 
ERR MATRIX NOT POS-DEF
 PARAMETER  CORRELATION COEFFICIENTS  
       NO.  GLOBAL      1      2      3      4
        1  0.00006   1.000  0.000  0.000  0.000
        2  0.00000   0.000  1.000  0.000  0.000
        3  0.00006   0.000  0.000  1.000  0.000
        4  0.00000   0.000  0.000  0.000  1.000
 ERR MATRIX NOT POS-DEF
status of the fit-----000------4
1  558794
2  0.565052
3  8.74651e-05
4  0.00099982
 PARAMETER DEFINITIONS:
    NO.   NAME         VALUE      STEP SIZE      LIMITS
     1 norm         5.58794e+05  1.00000e-01     no limits
     2 Q            5.65052e-01  1.00000e-01     no limits
     3 theta        8.74651e-05  1.00000e-01     no limits
     4 pileup       9.99820e-04  1.00000e-01     no limits
 **********
 **    5 **MIGRAD
 **********
 FIRST CALL TO USER FUNCTION AT NEW START POINT, WITH IFLAG=4.
 START MIGRAD MINIMIZATION.  STRATEGY  1.  CONVERGENCE WHEN EDM .LT. 1.00e-04
 FCN=-2.3786e+11 FROM MIGRAD    STATUS=INITIATE       16 CALLS         619 TOTAL
                     EDM= unknown      STRATEGY= 1      NO ERROR MATRIX       
  EXT PARAMETER               CURRENT GUESS       STEP         FIRST   
  NO.   NAME      VALUE            ERROR          SIZE      DERIVATIVE 
   1  norm         5.58794e+05   1.00000e-01   1.00000e-01  -5.89842e-04
   2  Q            5.65052e-01   1.00000e-01   1.00000e-01   6.59696e+06
   3  theta        8.74651e-05   1.00000e-01   1.00000e-01   1.48355e+04
   4  pileup       9.99820e-04   1.00000e-01   1.00000e-01  -9.18026e+11
 MIGRAD FAILS TO FIND IMPROVEMENT
 COVARIANCE MATRIX CALCULATED SUCCESSFULLY
 FCN=-2.3786e+11 FROM HESSE     STATUS=OK             29 CALLS         659 TOTAL
                     EDM=0.414767    STRATEGY= 1      ERROR MATRIX ACCURATE 
  EXT PARAMETER                                   STEP         FIRST   
  NO.   NAME      VALUE            ERROR          SIZE      DERIVATIVE 
   1  norm         5.58794e+05   2.64107e+02   2.66454e+00  -7.73094e-04
   2  Q            5.65052e-01   2.52237e-05   1.00000e-03   1.54313e+03
   3  theta        8.74651e-05   2.20830e-03   1.85456e-02  -6.93121e+02
   4  pileup       9.99820e-04   9.24556e-08   1.00000e-02   7.81027e+04
 MIGRAD FAILS TO FIND IMPROVEMENT
 MACHINE ACCURACY LIMITS FURTHER IMPROVEMENT.
 MIGRAD MINIMIZATION HAS CONVERGED.
 MIGRAD WILL VERIFY CONVERGENCE AND ERROR MATRIX.
 EIGENVALUES OF SECOND-DERIVATIVE MATRIX:
        -6.4028e-04  3.6667e-01  8.4983e-01  2.7841e+00
 MINUIT WARNING IN HESSE   
 ============== MATRIX FORCED POS-DEF BY ADDING 0.003424 TO DIAGONAL.
 MIGRAD TERMINATED WITHOUT CONVERGENCE.
 FCN=-2.3786e+11 FROM MIGRAD    STATUS=FAILED        152 CALLS         755 TOTAL
                     EDM=0.00795154    STRATEGY= 1      ERR MATRIX NOT POS-DEF
  EXT PARAMETER                APPROXIMATE        STEP         FIRST   
  NO.   NAME      VALUE            ERROR          SIZE      DERIVATIVE 
   1  norm         5.58794e+05   9.60528e+01   5.32907e+02  -4.77099e-03
   2  Q            5.65052e-01   3.15994e-05   9.40616e-05  -1.16077e+04
   3  theta        9.20293e-05   1.19772e-04   1.85549e-02   4.36528e+02
   4  pileup       9.99820e-04   1.05203e-07   2.09852e-05   1.77817e+05
 EXTERNAL ERROR MATRIX.    NDIM=  25    NPAR=  4    ERR DEF=1
  9.226e+03 -3.021e-03 -4.061e-03 -1.576e-06 
 -3.021e-03  9.985e-10  1.523e-09  5.159e-13 
 -4.061e-03  1.523e-09  1.435e-08  5.772e-12 
 -1.576e-06  5.159e-13  5.772e-12  1.107e-14 
ERR MATRIX NOT POS-DEF
 PARAMETER  CORRELATION COEFFICIENTS  
       NO.  GLOBAL      1      2      3      4
        1  0.99716   1.000 -0.995 -0.353 -0.156
        2  0.99729  -0.995  1.000  0.403  0.155
        3  0.76042  -0.353  0.403  1.000  0.458
        4  0.54842  -0.156  0.155  0.458  1.000
 ERR MATRIX NOT POS-DEF
 **********
 **    6 **MIGRAD 
 **********
 START MIGRAD MINIMIZATION.  STRATEGY  1.  CONVERGENCE WHEN EDM .LT. 1.00e-04
 FCN=-2.3786e+11 FROM MIGRAD    STATUS=INITIATE        8 CALLS         763 TOTAL
                     EDM=0.057568    STRATEGY= 1      ERR MATRIX NOT POS-DEF
  EXT PARAMETER                APPROXIMATE        STEP         FIRST   
  NO.   NAME      VALUE            ERROR          SIZE      DERIVATIVE 
   1  norm         5.58794e+05   9.60528e+01   5.32907e+02  -5.75389e-03
   2  Q            5.65052e-01   3.15994e-05   9.40616e-05  -1.13531e+04
   3  theta        9.20293e-05   1.19772e-04   1.85549e-02   2.90252e+03
   4  pileup       9.99820e-04   1.05203e-07   2.09852e-05  -4.33250e+06
 MINUIT WARNING IN MIGRAD  
 ============== Negative diagonal element 2 in Error Matrix
 MINUIT WARNING IN MIGRAD  
 ============== 1 added to diagonal of error matrix
 MIGRAD FAILS TO FIND IMPROVEMENT
 EIGENVALUES OF SECOND-DERIVATIVE MATRIX:
        -4.6206e-01  3.4676e-01  6.9883e-01  3.4165e+00
 MINUIT WARNING IN HESSE   
 ============== MATRIX FORCED POS-DEF BY ADDING 0.465479 TO DIAGONAL.
 FCN=-2.3786e+11 FROM HESSE     STATUS=NOT POSDEF     31 CALLS         825 TOTAL
                     EDM=0.00234178    STRATEGY= 1      ERR MATRIX NOT POS-DEF
  EXT PARAMETER                APPROXIMATE        STEP         FIRST   
  NO.   NAME      VALUE            ERROR          SIZE      DERIVATIVE 
   1  norm         5.58796e+05   4.52746e+01   1.72529e+03  -4.23680e-03
   2  Q            5.65052e-01   5.26338e-06   5.54982e-04  -9.57702e+03
   3  theta        9.03899e-05   6.69863e-04   1.85552e-02  -1.03945e+02
   4  pileup       9.99822e-04   1.87132e-07   2.09865e-05   8.01964e+05
 MINUIT WARNING IN MIGRAD  
 ============== Negative diagonal element 2 in Error Matrix
 MINUIT WARNING IN MIGRAD  
 ============== 1 added to diagonal of error matrix
 MIGRAD FAILS TO FIND IMPROVEMENT
 MIGRAD TERMINATED WITHOUT CONVERGENCE.
 FCN=-2.3786e+11 FROM MIGRAD    STATUS=FAILED        110 CALLS         865 TOTAL
                     EDM=2.18729e+07    STRATEGY= 1      ERR MATRIX NOT POS-DEF
  EXT PARAMETER                APPROXIMATE        STEP         FIRST   
  NO.   NAME      VALUE            ERROR          SIZE      DERIVATIVE 
   1  norm         5.58796e+05   6.68060e+00  -0.00000e+00  -6.45554e-02
   2  Q            5.65052e-01   1.00000e+00  -0.00000e+00   3.45419e+09
   3  theta        8.96180e-05   1.00000e+00  -0.00000e+00   1.51331e+04
   4  pileup       9.99822e-04   1.00000e+00   0.00000e+00  -2.76670e+07
 EXTERNAL ERROR MATRIX.    NDIM=  25    NPAR=  4    ERR DEF=1
  4.463e+01 -4.405e-11  1.768e-04 -1.327e-08 
 -4.405e-11  1.000e+00  2.101e-16  1.750e-18 
  1.768e-04  2.101e-16  1.000e+00  2.612e-12 
 -1.327e-08  1.750e-18  2.612e-12  1.000e+00 
ERR MATRIX NOT POS-DEF
 PARAMETER  CORRELATION COEFFICIENTS  
       NO.  GLOBAL      1      2      3      4
        1  0.00003   1.000 -0.000  0.000 -0.000
        2  0.00000  -0.000  1.000  0.000  0.000
        3  0.00003   0.000  0.000  1.000  0.000
        4  0.00000  -0.000  0.000  0.000  1.000
 ERR MATRIX NOT POS-DEF
status of the fit-----000------4
1  558796
2  0.565052
3  8.9618e-05
4  0.000999822
