  *******************************************
  *                                         *
  *        W E L C O M E  to  R O O T       *
  *                                         *
  *   Version   5.34/36      5 April 2016   *
  *                                         *
  *  You are welcome to visit our Web site  *
  *          http://root.cern.ch            *
  *                                         *
  *******************************************

ROOT 5.34/36 (v5-34-36@v5-34-36, Apr 05 2016, 10:25:45 on linuxx8664gcc)

CINT/ROOT C/C++ Interpreter version 5.18.00, July 2, 2010
Type ? for help. Commands must be C++ statements.
Enclose multiple statements between { }.
Loading root init file.
The rat/rootinit.C file loaded the DEAP style for you, which is available from the fStyle pointer.
DEAP style applied. 
RAT: Libraries loaded.

Processing /home/fatemigh/projects/rpp-jillings/fatemigh/sterile/Likelihood/LikelihoodSterile_modified6.C+(329)...
pased here
566 lines read from file
31
spec_E  566
Before entering fitting
 **********
 **    1 **SET PRINT           2
 **********
 **********
 **    2 **SET NOGRAD
 **********
 PARAMETER DEFINITIONS:
    NO.   NAME         VALUE      STEP SIZE      LIMITS
     1 p0           5.58000e+05  1.67400e+05     no limits
     2 p1           5.65000e-01  1.69500e-01     no limits
     3 p2           0.00000e+00  3.00000e-01     no limits
     4 p3           9.99871e-04  2.99961e-04     no limits
 **********
 **    3 **SET ERR         0.5
 **********
 **********
 **    4 **SET PRINT           2
 **********
 **********
 **    5 **SET STR           1
 **********
 NOW USING STRATEGY  1: TRY TO BALANCE SPEED AGAINST RELIABILITY
 **********
 **    6 **MIGRAD        1480        0.01
 **********
 FIRST CALL TO USER FUNCTION AT NEW START POINT, WITH IFLAG=4.
 START MIGRAD MINIMIZATION.  STRATEGY  1.  CONVERGENCE WHEN EDM .LT. 1.00e-05
 FCN=17229.8 FROM MIGRAD    STATUS=INITIATE       16 CALLS          17 TOTAL
                     EDM= unknown      STRATEGY= 1      NO ERROR MATRIX       
  EXT PARAMETER               CURRENT GUESS       STEP         FIRST   
  NO.   NAME      VALUE            ERROR          SIZE      DERIVATIVE 
   1  p0           5.58000e+05   1.67400e+05   1.67400e+05  -3.61883e+01
   2  p1           5.65000e-01   1.69500e-01   1.69500e-01  -5.08964e+08
   3  p2           0.00000e+00   3.00000e-01   3.00000e-01   0.00000e+00
   4  p3           9.99871e-04   2.99961e-04   2.99961e-04  -9.73769e+08
                               ERR DEF= 0.5
NO ERROR MATRIX       
 FCN=1103.07 FROM MIGRAD    STATUS=PROGRESS       33 CALLS          34 TOTAL
                     EDM=3107.09    STRATEGY= 1      NO ERROR MATRIX       
  EXT PARAMETER               CURRENT GUESS       STEP         FIRST   
  NO.   NAME      VALUE            ERROR          SIZE      DERIVATIVE 
   1  p0           5.58693e+05   1.67400e+05   6.93177e+02  -2.05770e+00
   2  p1           5.65040e-01   1.69500e-01   3.99828e-05  -6.35434e+06
   3  p2           0.00000e+00   3.00000e-01  -0.00000e+00   0.00000e+00
   4  p3           1.00264e-03   2.99961e-04   2.76549e-06   6.08812e+08
                               ERR DEF= 0.5
 MIGRAD MINIMIZATION HAS CONVERGED.
 MIGRAD WILL VERIFY CONVERGENCE AND ERROR MATRIX.
   START COVARIANCE MATRIX CALCULATION.
 EIGENVALUES OF SECOND-DERIVATIVE MATRIX:
        -9.2019e-04  8.0367e-01  9.9931e-01  2.1979e+00
 MINUIT WARNING IN HESSE   
 ============== MATRIX FORCED POS-DEF BY ADDING 0.003118 TO DIAGONAL.
 FCN=70.1048 FROM HESSE     STATUS=NOT POSDEF     27 CALLS          93 TOTAL
                     EDM=0.000146436    STRATEGY= 1      ERR MATRIX NOT POS-DEF
  EXT PARAMETER                APPROXIMATE        STEP         FIRST   
  NO.   NAME      VALUE            ERROR          SIZE      DERIVATIVE 
   1  p0           5.58821e+05   7.73509e+01   2.66466e-01   1.74943e-05
   2  p1           5.65043e-01   2.48741e-05   2.69433e-07  -6.32645e+02
   3  p2           0.00000e+00   1.07691e-02   1.53529e-04   0.00000e+00
   4  p3           9.99705e-04   6.61672e-08   4.76696e-10   1.14346e+04
                               ERR DEF= 0.5
 PARAMETER  CORRELATION COEFFICIENTS  
       NO.  GLOBAL      1      2      3      4
        1  0.99781   1.000 -0.998  0.018 -0.009
        2  0.99781  -0.998  1.000 -0.017 -0.015
        3  0.02803   0.018 -0.017  1.000  0.010
        4  0.34197  -0.009 -0.015  0.010  1.000
 ERR MATRIX NOT POS-DEF
 FCN=70.0867 FROM MIGRAD    STATUS=PROGRESS      105 CALLS         106 TOTAL
                     EDM=0.00399978    STRATEGY= 1      ERR MATRIX NOT POS-DEF
  EXT PARAMETER                APPROXIMATE        STEP         FIRST   
  NO.   NAME      VALUE            ERROR          SIZE      DERIVATIVE 
   1  p0           5.58651e+05   7.73509e+01  -1.69956e+02   7.44943e-03
   2  p1           5.65098e-01   2.48741e-05   5.48263e-05   2.29091e+04
   3  p2          -4.18774e-04   1.07691e-02  -4.18774e-04  -2.30788e+00
   4  p3           9.99696e-04   6.61672e-08  -8.41576e-09  -9.53115e+05
                               ERR DEF= 0.5
 MIGRAD FAILS TO FIND IMPROVEMENT
 MIGRAD MINIMIZATION HAS CONVERGED.
 MIGRAD WILL VERIFY CONVERGENCE AND ERROR MATRIX.
   START COVARIANCE MATRIX CALCULATION.
 EIGENVALUES OF SECOND-DERIVATIVE MATRIX:
         1.2798e-03  8.2934e-01  1.0007e+00  2.1687e+00
 COVARIANCE MATRIX CALCULATED SUCCESSFULLY
 MIGRAD TERMINATED WITHOUT CONVERGENCE.
 FCN=70.0811 FROM MIGRAD    STATUS=FAILED        200 CALLS         201 TOTAL
                     EDM=6.00815e-05    STRATEGY= 1      ERR MATRIX APPROXIMATE
  EXT PARAMETER                APPROXIMATE        STEP         FIRST   
  NO.   NAME      VALUE            ERROR          SIZE      DERIVATIVE 
   1  p0           5.58593e+05   1.01054e+02   2.66358e-01  -5.88181e-05
   2  p1           5.65116e-01   3.26202e-05   2.69468e-07   3.85637e+01
   3  p2           2.13251e-05   1.42783e-02   8.91387e-05   1.11438e-01
   4  p3           9.99700e-04   6.25590e-08   4.76694e-10  -6.42918e+03
                               ERR DEF= 0.5
 EXTERNAL ERROR MATRIX.    NDIM=  25    NPAR=  4    ERR DEF=0.5
  1.021e+04 -3.292e-03 -3.087e-01  6.756e-07 
 -3.292e-03  1.064e-09  9.993e-08 -2.520e-13 
 -3.087e-01  9.993e-08  2.039e-04 -1.110e-12 
  6.756e-07 -2.520e-13 -1.110e-12  3.914e-15 
ERR MATRIX APPROXIMATE
 PARAMETER  CORRELATION COEFFICIENTS  
       NO.  GLOBAL      1      2      3      4
        1  0.99872   1.000 -0.999 -0.214  0.107
        2  0.99872  -0.999  1.000  0.215 -0.123
        3  0.21649  -0.214  0.215  1.000 -0.001
        4  0.33340   0.107 -0.123 -0.001  1.000
 ERR MATRIX APPROXIMATE
 FCN=70.0811 FROM MIGRAD    STATUS=FAILED        200 CALLS         201 TOTAL
                     EDM=6.00815e-05    STRATEGY= 1      ERR MATRIX APPROXIMATE
  EXT PARAMETER                  PARABOLIC         MINOS ERRORS        
  NO.   NAME      VALUE            ERROR      NEGATIVE      POSITIVE   
   1  p0           5.58593e+05   1.01054e+02                            
   2  p1           5.65116e-01   3.26202e-05                            
   3  p2           2.13251e-05   1.42783e-02                            
   4  p3           9.99700e-04   6.25590e-08                            
                               ERR DEF= 0.5
 **********
 **    7 **SET PRINT           2
 **********
 **********
 **    8 **SET NOGRAD
 **********
 PARAMETER DEFINITIONS:
    NO.   NAME         VALUE      STEP SIZE      LIMITS
     1 p0           5.58593e+05  1.01054e+02     no limits
     2 p1           5.65116e-01  3.26202e-05     no limits
     3 p2           2.13251e-05  1.42783e-02     no limits
     4 p3           9.99700e-04  6.25590e-08     no limits
 **********
 **    9 **SET ERR         0.5
 **********
 **********
 **   10 **SET PRINT           2
 **********
 **********
 **   11 **SET STR           1
 **********
 NOW USING STRATEGY  1: TRY TO BALANCE SPEED AGAINST RELIABILITY
 **********
 **   12 **MIGRAD        1480        0.01
 **********
 FIRST CALL TO USER FUNCTION AT NEW START POINT, WITH IFLAG=4.
 START MIGRAD MINIMIZATION.  STRATEGY  1.  CONVERGENCE WHEN EDM .LT. 1.00e-05
 FCN=70.0811 FROM MIGRAD    STATUS=INITIATE       14 CALLS          15 TOTAL
                     EDM= unknown      STRATEGY= 1      NO ERROR MATRIX       
  EXT PARAMETER               CURRENT GUESS       STEP         FIRST   
  NO.   NAME      VALUE            ERROR          SIZE      DERIVATIVE 
   1  p0           5.58593e+05   1.01054e+02   1.01054e+02   6.39420e-06
   2  p1           5.65116e-01   3.26202e-05   3.26202e-05   2.57607e+01
   3  p2           2.13251e-05   1.42783e-02   1.42783e-02   8.77760e-02
   4  p3           9.99700e-04   6.25590e-08   6.25590e-08  -6.80094e+03
                               ERR DEF= 0.5
NO ERROR MATRIX       
 MIGRAD FAILS TO FIND IMPROVEMENT
   START COVARIANCE MATRIX CALCULATION.
 EIGENVALUES OF SECOND-DERIVATIVE MATRIX:
         1.2232e-03  8.2614e-01  1.0022e+00  2.1704e+00
 COVARIANCE MATRIX CALCULATED SUCCESSFULLY
 FCN=70.0811 FROM HESSE     STATUS=OK             31 CALLS          53 TOTAL
                     EDM=3.10712e-05    STRATEGY= 1      ERROR MATRIX ACCURATE 
  EXT PARAMETER                                   STEP         FIRST   
  NO.   NAME      VALUE            ERROR          SIZE      DERIVATIVE 
   1  p0           5.58593e+05   1.03327e+02   2.66358e-01  -5.88181e-05
   2  p1           5.65116e-01   3.33803e-05   3.26202e-07   3.85637e+01
   3  p2           2.13251e-05   1.39685e-02   8.52356e-05   1.78586e-01
   4  p3           9.99700e-04   6.31373e-08   4.76694e-10  -6.42918e+03
                               ERR DEF= 0.5
 PARAMETER  CORRELATION COEFFICIENTS  
       NO.  GLOBAL      1      2      3      4
        1  0.99877   1.000 -0.999 -0.016  0.165
        2  0.99878  -0.999  1.000  0.017 -0.181
        3  0.04426  -0.016  0.017  1.000  0.031
        4  0.35687   0.165 -0.181  0.031  1.000
 MIGRAD FAILS TO FIND IMPROVEMENT
 MIGRAD TERMINATED WITHOUT CONVERGENCE.
 FCN=70.0811 FROM MIGRAD    STATUS=FAILED         61 CALLS          62 TOTAL
                     EDM=3.10712e-05    STRATEGY= 1      ERR MATRIX APPROXIMATE
  EXT PARAMETER                APPROXIMATE        STEP         FIRST   
  NO.   NAME      VALUE            ERROR          SIZE      DERIVATIVE 
   1  p0           5.58593e+05   1.03327e+02   0.00000e+00  -5.88181e-05
   2  p1           5.65116e-01   3.33803e-05  -0.00000e+00   3.85637e+01
   3  p2           2.13251e-05   1.39685e-02  -0.00000e+00   1.78586e-01
   4  p3           9.99700e-04   6.31373e-08   0.00000e+00  -6.42918e+03
                               ERR DEF= 0.5
 EXTERNAL ERROR MATRIX.    NDIM=  25    NPAR=  4    ERR DEF=0.5
  1.068e+04 -3.444e-03 -2.333e-02  1.074e-06 
 -3.444e-03  1.114e-09  7.791e-09 -3.811e-13 
 -2.333e-02  7.791e-09  1.951e-04  2.739e-11 
  1.074e-06 -3.811e-13  2.739e-11  3.986e-15 
ERR MATRIX APPROXIMATE
 PARAMETER  CORRELATION COEFFICIENTS  
       NO.  GLOBAL      1      2      3      4
        1  0.99877   1.000 -0.999 -0.016  0.165
        2  0.99878  -0.999  1.000  0.017 -0.181
        3  0.04426  -0.016  0.017  1.000  0.031
        4  0.35687   0.165 -0.181  0.031  1.000
 ERR MATRIX APPROXIMATE
 FCN=70.0811 FROM MIGRAD    STATUS=FAILED         61 CALLS          62 TOTAL
                     EDM=3.10712e-05    STRATEGY= 1      ERR MATRIX APPROXIMATE
  EXT PARAMETER                  PARABOLIC         MINOS ERRORS        
  NO.   NAME      VALUE            ERROR      NEGATIVE      POSITIVE   
   1  p0           5.58593e+05   1.03327e+02                            
   2  p1           5.65116e-01   3.33803e-05                            
   3  p2           2.13251e-05   1.39685e-02                            
   4  p3           9.99700e-04   6.31373e-08                            
                               ERR DEF= 0.5
 **********
 **   13 **SET PRINT           2
 **********
 **********
 **   14 **SET NOGRAD
 **********
 PARAMETER DEFINITIONS:
    NO.   NAME         VALUE      STEP SIZE      LIMITS
     1 p0           5.58593e+05  1.03327e+02     no limits
     2 p1           5.65116e-01  3.33803e-05     no limits
     3 p2           2.13251e-05  1.39685e-02     no limits
     4 p3           9.99700e-04  6.31373e-08     no limits
 **********
 **   15 **SET ERR         0.5
 **********
 **********
 **   16 **SET PRINT           2
 **********
 **********
 **   17 **SET STR           1
 **********
 NOW USING STRATEGY  1: TRY TO BALANCE SPEED AGAINST RELIABILITY
 **********
 **   18 **MIGRAD        1480        0.01
 **********
 FIRST CALL TO USER FUNCTION AT NEW START POINT, WITH IFLAG=4.
 START MIGRAD MINIMIZATION.  STRATEGY  1.  CONVERGENCE WHEN EDM .LT. 1.00e-05
 FCN=70.0811 FROM MIGRAD    STATUS=INITIATE       14 CALLS          15 TOTAL
                     EDM= unknown      STRATEGY= 1      NO ERROR MATRIX       
  EXT PARAMETER               CURRENT GUESS       STEP         FIRST   
  NO.   NAME      VALUE            ERROR          SIZE      DERIVATIVE 
   1  p0           5.58593e+05   1.03327e+02   1.03327e+02   6.39420e-06
   2  p1           5.65116e-01   3.33803e-05   3.33803e-05   2.20142e+01
   3  p2           2.13251e-05   1.39685e-02   1.39685e-02   8.77300e-02
   4  p3           9.99700e-04   6.31373e-08   6.31373e-08  -6.80094e+03
                               ERR DEF= 0.5
NO ERROR MATRIX       
 MIGRAD FAILS TO FIND IMPROVEMENT
   START COVARIANCE MATRIX CALCULATION.
 EIGENVALUES OF SECOND-DERIVATIVE MATRIX:
         1.0157e-03  8.0840e-01  1.0176e+00  2.1730e+00
 COVARIANCE MATRIX CALCULATED SUCCESSFULLY
 FCN=70.0811 FROM HESSE     STATUS=OK             31 CALLS          53 TOTAL
                     EDM=3.28874e-05    STRATEGY= 1      ERROR MATRIX ACCURATE 
  EXT PARAMETER                                   STEP         FIRST   
  NO.   NAME      VALUE            ERROR          SIZE      DERIVATIVE 
   1  p0           5.58593e+05   1.13355e+02   2.66358e-01  -5.88181e-05
   2  p1           5.65116e-01   3.66372e-05   3.33803e-07   3.85637e+01
   3  p2           2.13251e-05   1.39496e-02   8.68119e-05   1.23979e-01
   4  p3           9.99700e-04   6.40392e-08   4.76694e-10  -6.42918e+03
                               ERR DEF= 0.5
 PARAMETER  CORRELATION COEFFICIENTS  
       NO.  GLOBAL      1      2      3      4
        1  0.99898   1.000 -0.999  0.143  0.221
        2  0.99899  -0.999  1.000 -0.143 -0.235
        3  0.16388   0.143 -0.143  1.000  0.107
        4  0.38957   0.221 -0.235  0.107  1.000
 FCN=70.0811 FROM MIGRAD    STATUS=PROGRESS       70 CALLS          71 TOTAL
                     EDM=7.65443e-07    STRATEGY= 1      ERROR MATRIX ACCURATE 
  EXT PARAMETER                                   STEP         FIRST   
  NO.   NAME      VALUE            ERROR          SIZE      DERIVATIVE 
   1  p0           5.58593e+05   1.13355e+02   9.28319e-06   1.10178e-05
   2  p1           5.65116e-01   3.66372e-05  -3.00043e-12   2.40138e+01
   3  p2           2.13250e-05   1.39496e-02  -7.68061e-11   7.66872e-02
   4  p3           9.99700e-04   6.40392e-08   1.34449e-15  -9.27148e+03
                               ERR DEF= 0.5
 MIGRAD MINIMIZATION HAS CONVERGED.
 FCN=70.0811 FROM MIGRAD    STATUS=CONVERGED      70 CALLS          71 TOTAL
                     EDM=7.65443e-07    STRATEGY= 1  ERROR MATRIX UNCERTAINTY 100.0 per cent
  EXT PARAMETER                                   STEP         FIRST   
  NO.   NAME      VALUE            ERROR          SIZE      DERIVATIVE 
   1  p0           5.58593e+05   9.35751e+00   9.28319e-06   1.10178e-05
   2  p1           5.65116e-01   3.55889e-06  -3.00043e-12   2.40138e+01
   3  p2           2.13250e-05   1.39218e-02  -7.68061e-11   7.66872e-02
   4  p3           9.99700e-04   6.28196e-08   1.34449e-15  -9.27148e+03
                               ERR DEF= 0.5
 EXTERNAL ERROR MATRIX.    NDIM=  25    NPAR=  4    ERR DEF=0.5
  8.756e+01 -2.906e-05  1.262e-01  1.974e-07 
 -2.906e-05  1.267e-11 -4.082e-08 -9.859e-14 
  1.262e-01 -4.082e-08  1.938e-04  8.462e-11 
  1.974e-07 -9.859e-14  8.462e-11  3.946e-15 
 PARAMETER  CORRELATION COEFFICIENTS  
       NO.  GLOBAL      1      2      3      4
        1  0.99919   1.000 -0.873  0.969  0.336
        2  0.93962  -0.873  1.000 -0.824 -0.441
        3  0.99920   0.969 -0.824  1.000  0.097
        4  0.98936   0.336 -0.441  0.097  1.000
 EXTERNAL ERROR MATRIX.    NDIM=   4    NPAR=  4    ERR DEF=0.5
  8.756e+01 -2.906e-05  1.262e-01  1.974e-07 
 -2.906e-05  1.267e-11 -4.082e-08 -9.859e-14 
  1.262e-01 -4.082e-08  1.938e-04  8.462e-11 
  1.974e-07 -9.859e-14  8.462e-11  3.946e-15 
 FCN=70.0811 FROM MIGRAD    STATUS=CONVERGED      70 CALLS          71 TOTAL
                     EDM=7.65443e-07    STRATEGY= 1  ERROR MATRIX UNCERTAINTY 100.0 per cent
  EXT PARAMETER                  PARABOLIC         MINOS ERRORS        
  NO.   NAME      VALUE            ERROR      NEGATIVE      POSITIVE   
   1  p0           5.58593e+05   9.35751e+00                            
   2  p1           5.65116e-01   3.55889e-06                            
   3  p2           2.13250e-05   1.39218e-02                            
   4  p3           9.99700e-04   6.28196e-08                            
                               ERR DEF= 0.5
------------------------------------------
Enering ROOFIt-------
 PARAMETER DEFINITIONS:
    NO.   NAME         VALUE      STEP SIZE      LIMITS
     1 norm         5.58593e+05  1.00000e-01     no limits
     2 Q            5.65000e-01  1.00000e-01     no limits
     3 theta        0.00000e+00  1.00000e-01     no limits
     4 pileup       9.99700e-04  1.00000e-01     no limits
 **********
 **    1 **MIGRAD
 **********
 FIRST CALL TO USER FUNCTION AT NEW START POINT, WITH IFLAG=4.
 START MIGRAD MINIMIZATION.  STRATEGY  1.  CONVERGENCE WHEN EDM .LT. 1.00e-04
 FCN=-2.37859e+11 FROM MIGRAD    STATUS=INITIATE       14 CALLS          15 TOTAL
                     EDM= unknown      STRATEGY= 1      NO ERROR MATRIX       
  EXT PARAMETER               CURRENT GUESS       STEP         FIRST   
  NO.   NAME      VALUE            ERROR          SIZE      DERIVATIVE 
   1  norm         5.58593e+05   1.00000e-01   1.00000e-01  -1.37211e+01
   2  Q            5.65000e-01   1.00000e-01   1.00000e-01  -2.03757e+08
   3  theta        0.00000e+00   1.00000e-01   1.00000e-01   0.00000e+00
   4  pileup       9.99700e-04   1.00000e-01   1.00000e-01  -9.18527e+11
 MIGRAD FAILS TO FIND IMPROVEMENT
 EIGENVALUES OF SECOND-DERIVATIVE MATRIX:
        -8.7454e-02  4.9600e-01  6.6588e-01  2.9256e+00
 MINUIT WARNING IN HESSE   
 ============== MATRIX FORCED POS-DEF BY ADDING 0.090380 TO DIAGONAL.
 FCN=-2.37859e+11 FROM HESSE     STATUS=NOT POSDEF     27 CALLS          93 TOTAL
                     EDM=731.816    STRATEGY= 1      ERR MATRIX NOT POS-DEF
  EXT PARAMETER                APPROXIMATE        STEP         FIRST   
  NO.   NAME      VALUE            ERROR          SIZE      DERIVATIVE 
   1  norm         5.58890e+05   1.52535e+01   2.66358e+02   3.91878e-01
   2  Q            5.65003e-01   4.94778e-06   5.55014e-04   1.24978e+06
   3  theta        0.00000e+00   9.65565e-03   1.15056e-01   0.00000e+00
   4  pileup       1.00198e-03   9.89047e-08   2.10170e-05   5.27175e+08
 MIGRAD FAILS TO FIND IMPROVEMENT
 MACHINE ACCURACY LIMITS FURTHER IMPROVEMENT.
 MIGRAD MINIMIZATION HAS CONVERGED.
 MIGRAD WILL VERIFY CONVERGENCE AND ERROR MATRIX.
 EIGENVALUES OF SECOND-DERIVATIVE MATRIX:
        -4.0247e-04  4.0575e-01  8.5185e-01  2.7428e+00
 MINUIT WARNING IN HESSE   
 ============== MATRIX FORCED POS-DEF BY ADDING 0.003145 TO DIAGONAL.
 MIGRAD TERMINATED WITHOUT CONVERGENCE.
 FCN=-2.37859e+11 FROM MIGRAD    STATUS=FAILED        178 CALLS         179 TOTAL
                     EDM=1.84529    STRATEGY= 1      ERR MATRIX NOT POS-DEF
  EXT PARAMETER                APPROXIMATE        STEP         FIRST   
  NO.   NAME      VALUE            ERROR          SIZE      DERIVATIVE 
   1  norm         5.58943e+05   9.73664e+01   1.72560e+03  -2.16124e-02
   2  Q            5.65002e-01   3.16755e-05   9.41706e-05  -6.66516e+04
   3  theta       -2.07434e-03   1.01701e-03   1.06460e-01  -6.17482e+02
   4  pileup       9.99799e-04   1.02533e-07   2.09851e-05   1.98440e+07
 EXTERNAL ERROR MATRIX.    NDIM=  25    NPAR=  4    ERR DEF=1
  9.480e+03 -3.071e-03 -1.911e-02 -6.294e-07 
 -3.071e-03  1.003e-09  7.737e-09  1.898e-13 
 -1.911e-02  7.737e-09  1.034e-06  4.269e-11 
 -6.294e-07  1.898e-13  4.269e-11  1.051e-14 
ERR MATRIX NOT POS-DEF
 PARAMETER  CORRELATION COEFFICIENTS  
       NO.  GLOBAL      1      2      3      4
        1  0.99724   1.000 -0.996 -0.193 -0.063
        2  0.99730  -0.996  1.000  0.240  0.058
        3  0.69838  -0.193  0.240  1.000  0.409
        4  0.51344  -0.063  0.058  0.409  1.000
 ERR MATRIX NOT POS-DEF
 **********
 **    2 **MIGRAD 
 **********
 START MIGRAD MINIMIZATION.  STRATEGY  1.  CONVERGENCE WHEN EDM .LT. 1.00e-04
 FCN=-2.37859e+11 FROM MIGRAD    STATUS=INITIATE       10 CALLS         189 TOTAL
                     EDM=57.5838    STRATEGY= 1      ERR MATRIX NOT POS-DEF
  EXT PARAMETER                APPROXIMATE        STEP         FIRST   
  NO.   NAME      VALUE            ERROR          SIZE      DERIVATIVE 
   1  norm         5.58943e+05   9.73664e+01   1.72560e+03  -3.18473e-02
   2  Q            5.65002e-01   3.16755e-05   9.41706e-05  -6.63349e+04
   3  theta       -2.07434e-03   1.01701e-03   1.06460e-01  -1.55437e+04
   4  pileup       9.99799e-04   1.02533e-07   2.09851e-05   1.53336e+07
 MIGRAD FAILS TO FIND IMPROVEMENT
 MACHINE ACCURACY LIMITS FURTHER IMPROVEMENT.
 MIGRAD MINIMIZATION HAS CONVERGED.
 MIGRAD WILL VERIFY CONVERGENCE AND ERROR MATRIX.
 EIGENVALUES OF SECOND-DERIVATIVE MATRIX:
        -4.7635e-04  4.0554e-01  8.5217e-01  2.7428e+00
 MINUIT WARNING IN HESSE   
 ============== MATRIX FORCED POS-DEF BY ADDING 0.003219 TO DIAGONAL.
 FCN=-2.37859e+11 FROM HESSE     STATUS=NOT POSDEF     29 CALLS         229 TOTAL
                     EDM=0.926982    STRATEGY= 1      ERR MATRIX NOT POS-DEF
  EXT PARAMETER                APPROXIMATE        STEP         FIRST   
  NO.   NAME      VALUE            ERROR          SIZE      DERIVATIVE 
   1  norm         5.58943e+05   9.74611e+01   6.90240e+02  -2.15284e-02
   2  Q            5.65002e-01   3.16479e-05   1.88341e-04  -6.66448e+04
   3  theta       -2.07434e-03   1.01263e-03   1.06214e-01  -6.14604e+02
   4  pileup       9.99799e-04   1.02624e-07   8.39406e-06   1.98823e+07
 MIGRAD FAILS TO FIND IMPROVEMENT
 MIGRAD TERMINATED WITHOUT CONVERGENCE.
 FCN=-2.37859e+11 FROM MIGRAD    STATUS=FAILED         95 CALLS         274 TOTAL
                     EDM=1.04422e+07    STRATEGY= 1      ERR MATRIX NOT POS-DEF
  EXT PARAMETER                APPROXIMATE        STEP         FIRST   
  NO.   NAME      VALUE            ERROR          SIZE      DERIVATIVE 
   1  norm         5.58944e+05   8.23552e+00   0.00000e+00  -7.79157e-02
   2  Q            5.65003e-01   2.17818e-08  -0.00000e+00   2.06144e+08
   3  theta       -2.13088e-03   1.33394e-04   0.00000e+00  -4.33255e+04
   4  pileup       9.99706e-04   1.16213e-07  -0.00000e+00  -2.94865e+07
 EXTERNAL ERROR MATRIX.    NDIM=  25    NPAR=  4    ERR DEF=1
  6.782e+01 -2.046e-09  2.939e-04 -4.541e-07 
 -2.046e-09  4.744e-16  1.507e-12  7.347e-16 
  2.939e-04  1.507e-12  1.779e-08 -7.132e-12 
 -4.541e-07  7.347e-16 -7.132e-12  1.351e-14 
ERR MATRIX NOT POS-DEF
 PARAMETER  CORRELATION COEFFICIENTS  
       NO.  GLOBAL      1      2      3      4
        1  0.49766   1.000 -0.011  0.268 -0.474
        2  0.79566  -0.011  1.000  0.519  0.290
        3  0.82350   0.268  0.519  1.000 -0.460
        4  0.81229  -0.474  0.290 -0.460  1.000
 ERR MATRIX NOT POS-DEF
status of the fit-----000------4
1  558944
2  0.565003
3  -0.00213088
4  0.000999706
 PARAMETER DEFINITIONS:
    NO.   NAME         VALUE      STEP SIZE      LIMITS
     1 norm         5.58944e+05  1.00000e-01     no limits
     2 Q            5.65003e-01  1.00000e-01     no limits
     3 theta       -2.13088e-03  1.00000e-01     no limits
     4 pileup       9.99706e-04  1.00000e-01     no limits
 **********
 **    3 **MIGRAD
 **********
 FIRST CALL TO USER FUNCTION AT NEW START POINT, WITH IFLAG=4.
 START MIGRAD MINIMIZATION.  STRATEGY  1.  CONVERGENCE WHEN EDM .LT. 1.00e-04
 FCN=-2.37859e+11 FROM MIGRAD    STATUS=INITIATE       14 CALLS         289 TOTAL
                     EDM= unknown      STRATEGY= 1      NO ERROR MATRIX       
  EXT PARAMETER               CURRENT GUESS       STEP         FIRST   
  NO.   NAME      VALUE            ERROR          SIZE      DERIVATIVE 
   1  norm         5.58944e+05   1.00000e-01   1.00000e-01  -1.32937e-02
   2  Q            5.65003e-01   1.00000e-01   1.00000e-01   5.76123e+06
   3  theta       -2.13088e-03   1.00000e-01   1.00000e-01  -1.41809e+04
   4  pileup       9.99706e-04   1.00000e-01   1.00000e-01  -9.18040e+11
 MIGRAD FAILS TO FIND IMPROVEMENT
 COVARIANCE MATRIX CALCULATED SUCCESSFULLY
 FCN=-2.37859e+11 FROM HESSE     STATUS=OK             29 CALLS         329 TOTAL
                     EDM=0.0197589    STRATEGY= 1      ERROR MATRIX ACCURATE 
  EXT PARAMETER                                   STEP         FIRST   
  NO.   NAME      VALUE            ERROR          SIZE      DERIVATIVE 
   1  norm         5.58944e+05   3.35121e+01   2.66525e+00  -1.32536e-02
   2  Q            5.65003e-01   2.89606e-06   1.00000e-03  -4.23957e+04
   3  theta       -2.13088e-03   2.45883e-03   1.00000e-01  -5.32303e+01
   4  pileup       9.99706e-04   9.24333e-08   1.00000e-02  -1.59108e+06
 MIGRAD FAILS TO FIND IMPROVEMENT
 MACHINE ACCURACY LIMITS FURTHER IMPROVEMENT.
 MIGRAD MINIMIZATION HAS CONVERGED.
 MIGRAD WILL VERIFY CONVERGENCE AND ERROR MATRIX.
 EIGENVALUES OF SECOND-DERIVATIVE MATRIX:
        -1.7644e-04  4.6786e-01  8.5436e-01  2.6779e+00
 MINUIT WARNING IN HESSE   
 ============== MATRIX FORCED POS-DEF BY ADDING 0.002854 TO DIAGONAL.
 MIGRAD TERMINATED WITHOUT CONVERGENCE.
 FCN=-2.37859e+11 FROM MIGRAD    STATUS=FAILED        154 CALLS         429 TOTAL
                     EDM=0.00589946    STRATEGY= 1      ERR MATRIX NOT POS-DEF
  EXT PARAMETER                APPROXIMATE        STEP         FIRST   
  NO.   NAME      VALUE            ERROR          SIZE      DERIVATIVE 
   1  norm         5.58944e+05   9.90045e+01   5.33050e+02  -3.36349e-04
   2  Q            5.65003e-01   3.19099e-05   9.41695e-05  -2.07162e+03
   3  theta       -2.14828e-03   2.21576e-03   4.43891e-02  -3.19860e+01
   4  pileup       9.99707e-04   1.00334e-07   2.09844e-05  -5.12367e+05
 EXTERNAL ERROR MATRIX.    NDIM=  25    NPAR=  4    ERR DEF=1
  9.802e+03 -3.147e-03 -4.304e-03  2.323e-08 
 -3.147e-03  1.018e-09  4.307e-09 -3.806e-14 
 -4.304e-03  4.307e-09  4.910e-06  8.038e-11 
  2.323e-08 -3.806e-14  8.038e-11  1.007e-14 
ERR MATRIX NOT POS-DEF
 PARAMETER  CORRELATION COEFFICIENTS  
       NO.  GLOBAL      1      2      3      4
        1  0.99733   1.000 -0.996 -0.020  0.002
        2  0.99734  -0.996  1.000  0.061 -0.012
        3  0.62804  -0.020  0.061  1.000  0.362
        4  0.48048   0.002 -0.012  0.362  1.000
 ERR MATRIX NOT POS-DEF
 **********
 **    4 **MIGRAD 
 **********
 START MIGRAD MINIMIZATION.  STRATEGY  1.  CONVERGENCE WHEN EDM .LT. 1.00e-04
 FCN=-2.37859e+11 FROM MIGRAD    STATUS=INITIATE        8 CALLS         437 TOTAL
                     EDM=0.438681    STRATEGY= 1      ERR MATRIX NOT POS-DEF
  EXT PARAMETER                APPROXIMATE        STEP         FIRST   
  NO.   NAME      VALUE            ERROR          SIZE      DERIVATIVE 
   1  norm         5.58944e+05   9.90045e+01   5.33050e+02  -1.31312e-03
   2  Q            5.65003e-01   3.19099e-05   9.41695e-05  -1.74601e+03
   3  theta       -2.14828e-03   2.21576e-03   4.43891e-02  -4.75433e+02
   4  pileup       9.99707e-04   1.00334e-07   2.09844e-05  -5.02352e+06
 EIGENVALUES OF SECOND-DERIVATIVE MATRIX:
        -3.8644e-03  4.4430e-01  1.1363e+00  2.4233e+00
 MINUIT WARNING IN MIGRAD  
 ============== MATRIX FORCED POS-DEF BY ADDING 0.006288 TO DIAGONAL.
 EIGENVALUES OF SECOND-DERIVATIVE MATRIX:
        -2.2046e-01  3.4155e-01  1.0539e+00  2.8250e+00
 MINUIT WARNING IN MIGRAD  
 ============== MATRIX FORCED POS-DEF BY ADDING 0.223286 TO DIAGONAL.
 MIGRAD FAILS TO FIND IMPROVEMENT
 MACHINE ACCURACY LIMITS FURTHER IMPROVEMENT.
 MIGRAD MINIMIZATION HAS CONVERGED.
 MIGRAD WILL VERIFY CONVERGENCE AND ERROR MATRIX.
 COVARIANCE MATRIX CALCULATED SUCCESSFULLY
 FCN=-2.37859e+11 FROM HESSE     STATUS=OK             31 CALLS         540 TOTAL
                     EDM=0.00348054    STRATEGY= 1      ERROR MATRIX ACCURATE 
  EXT PARAMETER                                   STEP         FIRST   
  NO.   NAME      VALUE            ERROR          SIZE      DERIVATIVE 
   1  norm         5.58944e+05   9.17530e+00   1.72574e+03   8.44265e-03
   2  Q            5.65003e-01   1.67105e-06   5.54957e-04   2.55792e+04
   3  theta       -2.05198e-03   3.21362e-03   1.03634e-01  -4.58718e+01
   4  pileup       9.99710e-04   1.06328e-07   2.09845e-05   5.18801e+05
 MINUIT WARNING IN MIGRAD  
 ============== Negative diagonal element 3 in Error Matrix
 MINUIT WARNING IN MIGRAD  
 ============== 1 added to diagonal of error matrix
 MIGRAD FAILS TO FIND IMPROVEMENT
 MACHINE ACCURACY LIMITS FURTHER IMPROVEMENT.
 MIGRAD MINIMIZATION HAS CONVERGED.
 FCN=-2.37859e+11 FROM MIGRAD    STATUS=CONVERGED     141 CALLS         570 TOTAL
                     EDM=10.9001    STRATEGY= 1  ERROR MATRIX UNCERTAINTY   3.6 per cent
  EXT PARAMETER                                   STEP         FIRST   
  NO.   NAME      VALUE            ERROR          SIZE      DERIVATIVE 
   1  norm         5.58944e+05   8.63880e+00  -0.00000e+00   2.50616e-03
   2  Q            5.65003e-01   1.00000e+00  -0.00000e+00   3.89998e+04
   3  theta       -1.82060e-03   1.00000e+00   0.00000e+00  -2.09046e+03
   4  pileup       9.99705e-04   1.00000e+00   0.00000e+00  -4.88164e+06
 EXTERNAL ERROR MATRIX.    NDIM=  25    NPAR=  4    ERR DEF=1
  7.463e+01 -1.807e-06  2.327e-04 -9.242e-08 
 -1.807e-06  1.000e+00 -2.422e-11 -3.753e-14 
  2.327e-04 -2.422e-11  1.000e+00 -2.481e-11 
 -9.242e-08 -3.753e-14 -2.481e-11  1.000e+00 
 PARAMETER  CORRELATION COEFFICIENTS  
       NO.  GLOBAL      1      2      3      4
        1  0.00003   1.000 -0.000  0.000 -0.000
        2  0.00000  -0.000  1.000 -0.000 -0.000
        3  0.00003   0.000 -0.000  1.000 -0.000
        4  0.00000  -0.000 -0.000 -0.000  1.000
status of the fit-----000------0
1  558944
2  0.565003
3  -0.0018206
4  0.000999705
 PARAMETER DEFINITIONS:
    NO.   NAME         VALUE      STEP SIZE      LIMITS
     1 norm         5.58944e+05  1.00000e-01     no limits
     2 Q            5.65003e-01  1.00000e-01     no limits
     3 theta       -1.82060e-03  1.00000e-01     no limits
     4 pileup       9.99705e-04  1.00000e-01     no limits
 **********
 **    5 **MIGRAD
 **********
 FIRST CALL TO USER FUNCTION AT NEW START POINT, WITH IFLAG=4.
 START MIGRAD MINIMIZATION.  STRATEGY  1.  CONVERGENCE WHEN EDM .LT. 1.00e-04
 FCN=-2.37859e+11 FROM MIGRAD    STATUS=INITIATE       14 CALLS         585 TOTAL
                     EDM= unknown      STRATEGY= 1      NO ERROR MATRIX       
  EXT PARAMETER               CURRENT GUESS       STEP         FIRST   
  NO.   NAME      VALUE            ERROR          SIZE      DERIVATIVE 
   1  norm         5.58944e+05   1.00000e-01   1.00000e-01   1.28814e-02
   2  Q            5.65003e-01   1.00000e-01   1.00000e-01   6.17646e+06
   3  theta       -1.82060e-03   1.00000e-01   1.00000e-01  -1.21098e+04
   4  pileup       9.99705e-04   1.00000e-01   1.00000e-01  -9.18039e+11
 MIGRAD FAILS TO FIND IMPROVEMENT
 COVARIANCE MATRIX CALCULATED SUCCESSFULLY
 FCN=-2.37859e+11 FROM HESSE     STATUS=OK             29 CALLS         625 TOTAL
                     EDM=0.0494905    STRATEGY= 1      ERROR MATRIX ACCURATE 
  EXT PARAMETER                                   STEP         FIRST   
  NO.   NAME      VALUE            ERROR          SIZE      DERIVATIVE 
   1  norm         5.58944e+05   3.62903e+01   2.66525e+00   1.27956e-02
   2  Q            5.65003e-01   3.16981e-06   1.00000e-03   3.89238e+04
   3  theta       -1.82060e-03   2.68951e-03   1.00000e-01  -3.93372e+01
   4  pileup       9.99705e-04   9.24334e-08   1.00000e-02  -9.17933e+05
 EIGENVALUES OF SECOND-DERIVATIVE MATRIX:
        -1.3556e-02  2.8988e-02  5.6228e-01  3.4223e+00
 MINUIT WARNING IN MIGRAD  
 ============== MATRIX FORCED POS-DEF BY ADDING 0.016978 TO DIAGONAL.
 MIGRAD FAILS TO FIND IMPROVEMENT
 MIGRAD TERMINATED WITHOUT CONVERGENCE.
 FCN=-2.37859e+11 FROM MIGRAD    STATUS=FAILED         99 CALLS         670 TOTAL
                     EDM=46699.8    STRATEGY= 1  ERROR MATRIX UNCERTAINTY  99.7 per cent
  EXT PARAMETER                APPROXIMATE        STEP         FIRST   
  NO.   NAME      VALUE            ERROR          SIZE      DERIVATIVE 
   1  norm         5.58943e+05   1.21693e+01  -0.00000e+00  -4.50478e-03
   2  Q            5.65003e-01   9.95253e-07   0.00000e+00   2.52191e+08
   3  theta       -1.77853e-03   1.22798e-03   0.00000e+00  -2.06243e+05
   4  pileup       9.99706e-04   7.50617e-08  -0.00000e+00  -2.92045e+07
 EXTERNAL ERROR MATRIX.    NDIM=  25    NPAR=  4    ERR DEF=1
  1.481e+02 -8.155e-06 -1.006e-02  5.668e-07 
 -8.155e-06  9.905e-13  1.222e-09 -7.423e-14 
 -1.006e-02  1.222e-09  1.508e-06 -9.159e-11 
  5.668e-07 -7.423e-14 -9.159e-11  5.634e-15 
ERR MATRIX APPROXIMATE
 PARAMETER  CORRELATION COEFFICIENTS  
       NO.  GLOBAL      1      2      3      4
        1  0.80101   1.000 -0.673 -0.673  0.620
        2  1.00000  -0.673  1.000  1.000 -0.994
        3  1.00000  -0.673  1.000  1.000 -0.994
        4  0.99587   0.620 -0.994 -0.994  1.000
 ERR MATRIX APPROXIMATE
 **********
 **    6 **MIGRAD 
 **********
 START MIGRAD MINIMIZATION.  STRATEGY  1.  CONVERGENCE WHEN EDM .LT. 1.00e-04
 FCN=-2.37859e+11 FROM MIGRAD    STATUS=INITIATE       16 CALLS         686 TOTAL
                     EDM=0.413464    STRATEGY= 1  ERROR MATRIX UNCERTAINTY  99.7 per cent
  EXT PARAMETER                APPROXIMATE        STEP         FIRST   
  NO.   NAME      VALUE            ERROR          SIZE      DERIVATIVE 
   1  norm         5.58943e+05   1.21693e+01  -0.00000e+00  -1.06081e-02
   2  Q            5.65003e-01   9.95253e-07   0.00000e+00  -1.47463e+04
   3  theta       -1.77853e-03   1.22798e-03   0.00000e+00  -2.32957e+03
   4  pileup       9.99706e-04   7.50617e-08  -0.00000e+00  -2.92046e+07
 MIGRAD FAILS TO FIND IMPROVEMENT
 MACHINE ACCURACY LIMITS FURTHER IMPROVEMENT.
 MIGRAD MINIMIZATION HAS CONVERGED.
 MIGRAD WILL VERIFY CONVERGENCE AND ERROR MATRIX.
 COVARIANCE MATRIX CALCULATED SUCCESSFULLY
 FCN=-2.37859e+11 FROM HESSE     STATUS=OK             31 CALLS         753 TOTAL
                     EDM=0.00740817    STRATEGY= 1      ERROR MATRIX ACCURATE 
  EXT PARAMETER                                   STEP         FIRST   
  NO.   NAME      VALUE            ERROR          SIZE      DERIVATIVE 
   1  norm         5.58943e+05   9.63870e+00   1.72574e+03  -4.60816e-03
   2  Q            5.65003e-01   2.75310e-06   5.54957e-04  -1.50191e+04
   3  theta       -1.77827e-03   1.31025e-03   4.17453e-01  -6.69575e+01
   4  pileup       9.99706e-04   1.05766e-07   2.09844e-05  -7.71142e+05
 EIGENVALUES OF SECOND-DERIVATIVE MATRIX:
        -2.5049e-01  1.6755e-01  1.0996e+00  2.9833e+00
 MINUIT WARNING IN MIGRAD  
 ============== MATRIX FORCED POS-DEF BY ADDING 0.253470 TO DIAGONAL.
 EIGENVALUES OF SECOND-DERIVATIVE MATRIX:
        -1.6691e-03  4.4623e-03  9.2130e-01  3.0759e+00
 MINUIT WARNING IN MIGRAD  
 ============== MATRIX FORCED POS-DEF BY ADDING 0.004745 TO DIAGONAL.
 MIGRAD FAILS TO FIND IMPROVEMENT
 MACHINE ACCURACY LIMITS FURTHER IMPROVEMENT.
 MIGRAD MINIMIZATION HAS CONVERGED.
 MIGRAD WILL VERIFY CONVERGENCE AND ERROR MATRIX.
 COVARIANCE MATRIX CALCULATED SUCCESSFULLY
 MIGRAD TERMINATED WITHOUT CONVERGENCE.
 FCN=-2.37859e+11 FROM MIGRAD    STATUS=FAILED        210 CALLS         880 TOTAL
                     EDM=0.00821    STRATEGY= 1      ERR MATRIX APPROXIMATE
  EXT PARAMETER                APPROXIMATE        STEP         FIRST   
  NO.   NAME      VALUE            ERROR          SIZE      DERIVATIVE 
   1  norm         5.58943e+05   9.54549e+00   1.72574e+03   3.98967e-03
   2  Q            5.65003e-01   2.64059e-06   5.54957e-04   1.17509e+04
   3  theta       -1.76470e-03   1.22715e-03   4.27139e-01  -6.18160e+01
   4  pileup       9.99708e-04   1.05819e-07   2.09844e-05  -1.08314e+06
 EXTERNAL ERROR MATRIX.    NDIM=  25    NPAR=  4    ERR DEF=1
  9.112e+01  8.553e-06  5.038e-03 -3.553e-08 
  8.553e-06  6.973e-12  3.174e-09 -1.478e-14 
  5.038e-03  3.174e-09  1.506e-06  5.418e-12 
 -3.553e-08 -1.478e-14  5.418e-12  1.120e-14 
ERR MATRIX APPROXIMATE
 PARAMETER  CORRELATION COEFFICIENTS  
       NO.  GLOBAL      1      2      3      4
        1  0.65087   1.000  0.339  0.430 -0.035
        2  0.98857   0.339  1.000  0.979 -0.053
        3  0.98950   0.430  0.979  1.000  0.042
        4  0.55368  -0.035 -0.053  0.042  1.000
 ERR MATRIX APPROXIMATE
status of the fit-----000------4
1  558943
2  0.565003
3  -0.0017647
4  0.000999708
 **********
 **   19 **SET PRINT           2
 **********
 **********
 **   20 **SET NOGRAD
 **********
 PARAMETER DEFINITIONS:
    NO.   NAME         VALUE      STEP SIZE      LIMITS
     1 p0           5.58000e+05  1.67400e+05     no limits
     2 p1           5.65000e-01  1.69500e-01     no limits
     3 p2           0.00000e+00  3.00000e-01     no limits
     4 p3           9.99871e-04  2.99961e-04     no limits
 **********
 **   21 **SET ERR         0.5
 **********
 **********
 **   22 **SET PRINT           2
 **********
 **********
 **   23 **SET STR           1
 **********
 NOW USING STRATEGY  1: TRY TO BALANCE SPEED AGAINST RELIABILITY
 **********
 **   24 **MIGRAD        1480        0.01
 **********
 FIRST CALL TO USER FUNCTION AT NEW START POINT, WITH IFLAG=4.
 START MIGRAD MINIMIZATION.  STRATEGY  1.  CONVERGENCE WHEN EDM .LT. 1.00e-05
 FCN=17393.8 FROM MIGRAD    STATUS=INITIATE       18 CALLS          19 TOTAL
                     EDM= unknown      STRATEGY= 1      NO ERROR MATRIX       
  EXT PARAMETER               CURRENT GUESS       STEP         FIRST   
  NO.   NAME      VALUE            ERROR          SIZE      DERIVATIVE 
   1  p0           5.58000e+05   1.67400e+05   1.67400e+05  -3.63744e+01
   2  p1           5.65000e-01   1.69500e-01   1.69500e-01  -1.12912e+08
   3  p2           0.00000e+00   3.00000e-01   3.00000e-01   0.00000e+00
   4  p3           9.99871e-04   2.99961e-04   2.99961e-04  -9.86459e+08
                               ERR DEF= 0.5
NO ERROR MATRIX       
 FCN=483.701 FROM MIGRAD    STATUS=PROGRESS       34 CALLS          35 TOTAL
                     EDM=1388    STRATEGY= 1      NO ERROR MATRIX       
  EXT PARAMETER               CURRENT GUESS       STEP         FIRST   
  NO.   NAME      VALUE            ERROR          SIZE      DERIVATIVE 
   1  p0           5.58441e+05   1.67400e+05   4.40706e+02  -8.29514e-01
   2  p1           5.65142e-01   1.69500e-01   1.42116e-04  -2.54812e+06
   3  p2           0.00000e+00   3.00000e-01  -0.00000e+00   0.00000e+00
   4  p3           1.00164e-03   2.99961e-04   1.77198e-06   4.11887e+08
                               ERR DEF= 0.5
 MIGRAD FAILS TO FIND IMPROVEMENT
 MIGRAD MINIMIZATION HAS CONVERGED.
 MIGRAD WILL VERIFY CONVERGENCE AND ERROR MATRIX.
   START COVARIANCE MATRIX CALCULATION.
 MINUIT WARNING IN HESSE   
 ============== Negative diagonal element 3 in Error Matrix
 MINUIT WARNING IN HESSE   
 ============== 10737.1 added to diagonal of error matrix
 EIGENVALUES OF SECOND-DERIVATIVE MATRIX:
        -8.3061e+00  9.4369e-01  1.0001e+00  1.0362e+01
 MINUIT WARNING IN HESSE   
 ============== MATRIX FORCED POS-DEF BY ADDING 8.316501 TO DIAGONAL.
 FCN=58.4472 FROM HESSE     STATUS=NOT POSDEF     27 CALLS          84 TOTAL
                     EDM=8.94884e-05    STRATEGY= 1      ERR MATRIX NOT POS-DEF
  EXT PARAMETER                APPROXIMATE        STEP         FIRST   
  NO.   NAME      VALUE            ERROR          SIZE      DERIVATIVE 
   1  p0           5.58478e+05   3.16176e-03   2.66303e-01  -2.24005e-04
   2  p1           5.65154e-01   7.86625e-07   2.69487e-07   6.59094e+02
   3  p2           0.00000e+00   6.95441e+00   5.34716e-05   0.00000e+00
   4  p3           9.99730e-04   4.23683e-07   4.76708e-10  -3.24516e+04
                               ERR DEF= 0.5
 PARAMETER  CORRELATION COEFFICIENTS  
       NO.  GLOBAL      1      2      3      4
        1  0.00028   1.000 -0.000  0.000  0.000
        2  0.72711  -0.000  1.000  0.727  0.725
        3  0.99889   0.000  0.727  1.000  0.999
        4  0.99888   0.000  0.725  0.999  1.000
 ERR MATRIX NOT POS-DEF
 FCN=58.406 FROM MIGRAD    STATUS=PROGRESS       95 CALLS          96 TOTAL
                     EDM=5339.98    STRATEGY= 1      ERR MATRIX NOT POS-DEF
  EXT PARAMETER                APPROXIMATE        STEP         FIRST   
  NO.   NAME      VALUE            ERROR          SIZE      DERIVATIVE 
   1  p0           5.58478e+05   3.16176e-03   4.93546e-10  -4.68896e-02
   2  p1           5.65154e-01   7.86625e-07   3.71525e-10  -1.45059e+05
   3  p2           4.64452e-03   6.95441e+00   4.64452e-03   1.50708e+01
   4  p3           9.99730e-04   4.23683e-07   2.83305e-10  -3.26554e+06
                               ERR DEF= 0.5
 MIGRAD FAILS TO FIND IMPROVEMENT
 MIGRAD TERMINATED WITHOUT CONVERGENCE.
 FCN=58.3583 FROM MIGRAD    STATUS=FAILED        184 CALLS         185 TOTAL
                     EDM=0.00035034    STRATEGY= 1      ERR MATRIX NOT POS-DEF
  EXT PARAMETER                APPROXIMATE        STEP         FIRST   
  NO.   NAME      VALUE            ERROR          SIZE      DERIVATIVE 
   1  p0           5.58478e+05   3.16183e-03   0.00000e+00  -1.74337e-04
   2  p1           5.65155e-01   2.09017e-06   0.00000e+00  -1.56696e+02
   3  p2           5.74562e-03   5.48674e-03  -0.00000e+00   7.11562e-02
   4  p3           9.99743e-04   1.49160e-08   0.00000e+00  -1.06501e+04
                               ERR DEF= 0.5
 EXTERNAL ERROR MATRIX.    NDIM=  25    NPAR=  4    ERR DEF=0.5
  9.997e-06  4.211e-11  7.850e-08 -5.542e-14 
  4.211e-11  4.369e-12  7.597e-09 -3.092e-15 
  7.850e-08  7.597e-09  3.010e-05 -6.875e-11 
 -5.542e-14 -3.092e-15 -6.875e-11  2.225e-16 
ERR MATRIX NOT POS-DEF
 PARAMETER  CORRELATION COEFFICIENTS  
       NO.  GLOBAL      1      2      3      4
        1  0.00637   1.000  0.006  0.005 -0.001
        2  1.07204   0.006  1.000  0.662 -0.099
        3  1.02195   0.005  0.662  1.000 -0.840
        4  1.03841  -0.001 -0.099 -0.840  1.000
 ERR MATRIX NOT POS-DEF
 FCN=58.3583 FROM MIGRAD    STATUS=FAILED        184 CALLS         185 TOTAL
                     EDM=0.00035034    STRATEGY= 1      ERR MATRIX NOT POS-DEF
  EXT PARAMETER                  PARABOLIC         MINOS ERRORS        
  NO.   NAME      VALUE            ERROR      NEGATIVE      POSITIVE   
   1  p0           5.58478e+05   3.16183e-03                            
   2  p1           5.65155e-01   2.09017e-06                            
   3  p2           5.74562e-03   5.48674e-03                            
   4  p3           9.99743e-04   1.49160e-08                            
                               ERR DEF= 0.5
 **********
 **   25 **SET PRINT           2
 **********
 **********
 **   26 **SET NOGRAD
 **********
 PARAMETER DEFINITIONS:
    NO.   NAME         VALUE      STEP SIZE      LIMITS
     1 p0           5.58478e+05  3.16183e-03     no limits
     2 p1           5.65155e-01  2.09017e-06     no limits
     3 p2           5.74562e-03  5.48674e-03     no limits
     4 p3           9.99743e-04  1.49160e-08     no limits
 **********
 **   27 **SET ERR         0.5
 **********
 **********
 **   28 **SET PRINT           2
 **********
 **********
 **   29 **SET STR           1
 **********
 NOW USING STRATEGY  1: TRY TO BALANCE SPEED AGAINST RELIABILITY
 **********
 **   30 **MIGRAD        1480        0.01
 **********
 FIRST CALL TO USER FUNCTION AT NEW START POINT, WITH IFLAG=4.
 START MIGRAD MINIMIZATION.  STRATEGY  1.  CONVERGENCE WHEN EDM .LT. 1.00e-05
 FCN=58.3583 FROM MIGRAD    STATUS=INITIATE       10 CALLS          11 TOTAL
                     EDM= unknown      STRATEGY= 1      NO ERROR MATRIX       
  EXT PARAMETER               CURRENT GUESS       STEP         FIRST   
  NO.   NAME      VALUE            ERROR          SIZE      DERIVATIVE 
   1  p0           5.58478e+05   3.16183e-03   3.16183e-03  -1.74337e-04
   2  p1           5.65155e-01   2.09017e-06   2.09017e-06  -1.56696e+02
   3  p2           5.74562e-03   5.48674e-03   5.48674e-03   3.33688e-02
   4  p3           9.99743e-04   1.49160e-08   1.49160e-08  -1.06501e+04
                               ERR DEF= 0.5
NO ERROR MATRIX       
 MIGRAD FAILS TO FIND IMPROVEMENT
   START COVARIANCE MATRIX CALCULATION.
 EIGENVALUES OF SECOND-DERIVATIVE MATRIX:
         2.6681e-03  3.5757e-01  9.3960e-01  2.7002e+00
 COVARIANCE MATRIX CALCULATED SUCCESSFULLY
 FCN=58.3583 FROM HESSE     STATUS=OK             27 CALLS          41 TOTAL
                     EDM=3.4531e-05    STRATEGY= 1      ERROR MATRIX ACCURATE 
  EXT PARAMETER                                   STEP         FIRST   
  NO.   NAME      VALUE            ERROR          SIZE      DERIVATIVE 
   1  p0           5.58478e+05   7.03562e+01   2.66303e-01  -1.72198e-04
   2  p1           5.65155e-01   2.24374e-05   2.69487e-07  -1.59949e+02
   3  p2           5.74562e-03   6.40294e-03   2.45505e-05  -1.30035e-02
   4  p3           9.99743e-04   7.85883e-08   4.76715e-10   1.01253e+04
                               ERR DEF= 0.5
 PARAMETER  CORRELATION COEFFICIENTS  
       NO.  GLOBAL      1      2      3      4
        1  0.99736   1.000 -0.996  0.387  0.376
        2  0.99730  -0.996  1.000 -0.347 -0.374
        3  0.75202   0.387 -0.347  1.000  0.585
        4  0.65816   0.376 -0.374  0.585  1.000
 FCN=58.3581 FROM MIGRAD    STATUS=PROGRESS       52 CALLS          53 TOTAL
                     EDM=0.00015722    STRATEGY= 1      ERROR MATRIX ACCURATE 
  EXT PARAMETER                                   STEP         FIRST   
  NO.   NAME      VALUE            ERROR          SIZE      DERIVATIVE 
   1  p0           5.58482e+05   7.03562e+01   3.16457e+00   3.01704e-04
   2  p1           5.65154e-01   2.24374e-05  -1.00154e-06   1.28176e+03
   3  p2           5.85216e-03   6.40294e-03   1.06535e-04   1.86101e+00
   4  p3           9.99744e-04   7.85883e-08   1.05291e-09   1.12772e+05
                               ERR DEF= 0.5
 MIGRAD MINIMIZATION HAS CONVERGED.
 MIGRAD WILL VERIFY CONVERGENCE AND ERROR MATRIX.
   START COVARIANCE MATRIX CALCULATION.
 EIGENVALUES OF SECOND-DERIVATIVE MATRIX:
         1.2541e-03  3.9695e-01  9.2252e-01  2.6793e+00
 COVARIANCE MATRIX CALCULATED SUCCESSFULLY
 FCN=58.3397 FROM MIGRAD    STATUS=CONVERGED     182 CALLS         183 TOTAL
                     EDM=4.20157e-07    STRATEGY= 1      ERROR MATRIX ACCURATE 
  EXT PARAMETER                                   STEP         FIRST   
  NO.   NAME      VALUE            ERROR          SIZE      DERIVATIVE 
   1  p0           5.58777e+05   1.02069e+02   2.66446e-01   2.19847e-05
   2  p1           5.65058e-01   3.29800e-05   2.69441e-07   7.14285e+01
   3  p2           4.00697e-03   8.18225e-03   3.65807e-05   6.62139e-02
   4  p3           9.99742e-04   7.13059e-08   4.76714e-10  -6.95433e+03
                               ERR DEF= 0.5
 EXTERNAL ERROR MATRIX.    NDIM=  25    NPAR=  4    ERR DEF=0.5
  1.042e+04 -3.360e-03  4.180e-03  1.347e-06 
 -3.360e-03  1.088e-09  6.384e-09 -4.377e-13 
  4.180e-03  6.384e-09  6.695e-05  2.676e-10 
  1.347e-06 -4.377e-13  2.676e-10  5.085e-15 
 PARAMETER  CORRELATION COEFFICIENTS  
       NO.  GLOBAL      1      2      3      4
        1  0.99874   1.000 -0.998  0.005  0.185
        2  0.99875  -0.998  1.000  0.024 -0.186
        3  0.67541   0.005  0.024  1.000  0.459
        4  0.56554   0.185 -0.186  0.459  1.000
 EXTERNAL ERROR MATRIX.    NDIM=   4    NPAR=  4    ERR DEF=0.5
  1.042e+04 -3.360e-03  4.180e-03  1.347e-06 
 -3.360e-03  1.088e-09  6.384e-09 -4.377e-13 
  4.180e-03  6.384e-09  6.695e-05  2.676e-10 
  1.347e-06 -4.377e-13  2.676e-10  5.085e-15 
 FCN=58.3397 FROM MIGRAD    STATUS=CONVERGED     182 CALLS         183 TOTAL
                     EDM=4.20157e-07    STRATEGY= 1      ERROR MATRIX ACCURATE 
  EXT PARAMETER                  PARABOLIC         MINOS ERRORS        
  NO.   NAME      VALUE            ERROR      NEGATIVE      POSITIVE   
   1  p0           5.58777e+05   1.02069e+02                            
   2  p1           5.65058e-01   3.29800e-05                            
   3  p2           4.00697e-03   8.18225e-03                            
   4  p3           9.99742e-04   7.13059e-08                            
                               ERR DEF= 0.5
------------------------------------------
Enering ROOFIt-------
 PARAMETER DEFINITIONS:
    NO.   NAME         VALUE      STEP SIZE      LIMITS
     1 norm         5.58777e+05  1.00000e-01     no limits
     2 Q            5.65000e-01  1.00000e-01     no limits
     3 theta        0.00000e+00  1.00000e-01     no limits
     4 pileup       9.99742e-04  1.00000e-01     no limits
 **********
 **    1 **MIGRAD
 **********
 FIRST CALL TO USER FUNCTION AT NEW START POINT, WITH IFLAG=4.
 START MIGRAD MINIMIZATION.  STRATEGY  1.  CONVERGENCE WHEN EDM .LT. 1.00e-04
 FCN=-2.37861e+11 FROM MIGRAD    STATUS=INITIATE       14 CALLS          15 TOTAL
                     EDM= unknown      STRATEGY= 1      NO ERROR MATRIX       
  EXT PARAMETER               CURRENT GUESS       STEP         FIRST   
  NO.   NAME      VALUE            ERROR          SIZE      DERIVATIVE 
   1  norm         5.58777e+05   1.00000e-01   1.00000e-01  -6.85141e+00
   2  Q            5.65000e-01   1.00000e-01   1.00000e-01  -9.78907e+07
   3  theta        0.00000e+00   1.00000e-01   1.00000e-01   0.00000e+00
   4  pileup       9.99742e-04   1.00000e-01   1.00000e-01  -9.18277e+11
 MIGRAD FAILS TO FIND IMPROVEMENT
 COVARIANCE MATRIX CALCULATED SUCCESSFULLY
 FCN=-2.37861e+11 FROM HESSE     STATUS=OK             27 CALLS          53 TOTAL
                     EDM=4932.62    STRATEGY= 1      ERROR MATRIX ACCURATE 
  EXT PARAMETER                                   STEP         FIRST   
  NO.   NAME      VALUE            ERROR          SIZE      DERIVATIVE 
   1  norm         5.58777e+05   2.64109e+01   2.66446e+00  -6.85144e+00
   2  Q            5.65000e-01   2.10566e-06   1.00000e-03  -2.12982e+07
   3  theta        0.00000e+00   1.56345e-03   1.00000e-01   0.00000e+00
   4  pileup       9.99742e-04   9.24296e-08   1.00000e-02  -1.91305e+08
 MIGRAD FAILS TO FIND IMPROVEMENT
 MIGRAD TERMINATED WITHOUT CONVERGENCE.
 FCN=-2.37861e+11 FROM MIGRAD    STATUS=FAILED         77 CALLS          78 TOTAL
                     EDM=32435.3    STRATEGY= 1  ERROR MATRIX UNCERTAINTY  62.1 per cent
  EXT PARAMETER                APPROXIMATE        STEP         FIRST   
  NO.   NAME      VALUE            ERROR          SIZE      DERIVATIVE 
   1  norm         5.59082e+05   1.41497e+01   0.00000e+00   1.97757e+00
   2  Q            5.64978e-01   8.20102e-07  -0.00000e+00   6.14769e+06
   3  theta       -1.15341e-02   5.25899e-04   0.00000e+00  -2.13137e+05
   4  pileup       9.99872e-04   9.23839e-08   0.00000e+00   4.30299e+07
 EXTERNAL ERROR MATRIX.    NDIM=  25    NPAR=  4    ERR DEF=1
  2.002e+02 -9.165e-06  4.195e-03 -5.221e-08 
 -9.165e-06  6.726e-13 -8.908e-11 -4.016e-15 
  4.195e-03 -8.908e-11  2.766e-07  5.484e-12 
 -5.221e-08 -4.016e-15  5.484e-12  8.535e-15 
ERR MATRIX APPROXIMATE
 PARAMETER  CORRELATION COEFFICIENTS  
       NO.  GLOBAL      1      2      3      4
        1  0.89841   1.000 -0.790  0.564 -0.040
        2  0.85161  -0.790  1.000 -0.207 -0.053
        3  0.71119   0.564 -0.207  1.000  0.113
        4  0.29655  -0.040 -0.053  0.113  1.000
 ERR MATRIX APPROXIMATE
 **********
 **    2 **MIGRAD 
 **********
 START MIGRAD MINIMIZATION.  STRATEGY  1.  CONVERGENCE WHEN EDM .LT. 1.00e-04
 FCN=-2.37861e+11 FROM MIGRAD    STATUS=INITIATE       16 CALLS          94 TOTAL
                     EDM=1.62724e+06    STRATEGY= 1  ERROR MATRIX UNCERTAINTY  62.1 per cent
  EXT PARAMETER                APPROXIMATE        STEP         FIRST   
  NO.   NAME      VALUE            ERROR          SIZE      DERIVATIVE 
   1  norm         5.59082e+05   1.41497e+01   0.00000e+00   1.97750e+00
   2  Q            5.64978e-01   8.20102e-07  -0.00000e+00  -1.82282e+09
   3  theta       -1.15341e-02   5.25899e-04   0.00000e+00  -9.08625e+04
   4  pileup       9.99872e-04   9.23839e-08   0.00000e+00   4.41870e+07
 MIGRAD FAILS TO FIND IMPROVEMENT
 COVARIANCE MATRIX CALCULATED SUCCESSFULLY
 FCN=-2.37861e+11 FROM HESSE     STATUS=OK             31 CALLS         185 TOTAL
                     EDM=0.290609    STRATEGY= 1      ERROR MATRIX ACCURATE 
  EXT PARAMETER                                   STEP         FIRST   
  NO.   NAME      VALUE            ERROR          SIZE      DERIVATIVE 
   1  norm         5.59017e+05   8.36290e+00   1.72598e+03   2.05505e-02
   2  Q            5.64983e-01   4.97993e-07   5.54885e-04   5.96509e+04
   3  theta       -1.20626e-02   8.82736e-04   1.11266e-01  -5.99403e+02
   4  pileup       9.99845e-04   1.01421e-07   2.09859e-05   1.07144e+07
 MINUIT WARNING IN MIGRAD  
 ============== Negative diagonal element 3 in Error Matrix
 MINUIT WARNING IN MIGRAD  
 ============== 1 added to diagonal of error matrix
 MIGRAD FAILS TO FIND IMPROVEMENT
 MACHINE ACCURACY LIMITS FURTHER IMPROVEMENT.
 MIGRAD MINIMIZATION HAS CONVERGED.
 FCN=-2.37861e+11 FROM MIGRAD    STATUS=CONVERGED     127 CALLS         205 TOTAL
                     EDM=51.5588    STRATEGY= 1  ERROR MATRIX UNCERTAINTY   3.0 per cent
  EXT PARAMETER                                   STEP         FIRST   
  NO.   NAME      VALUE            ERROR          SIZE      DERIVATIVE 
   1  norm         5.59018e+05   7.96022e+00  -0.00000e+00   7.46987e-03
   2  Q            5.64983e-01   1.00000e+00  -0.00000e+00   5.02569e+04
   3  theta       -1.19337e-02   1.00000e+00   0.00000e+00  -1.62084e+04
   4  pileup       9.99796e-04   1.00000e+00   0.00000e+00  -4.77599e+06
 EXTERNAL ERROR MATRIX.    NDIM=  25    NPAR=  4    ERR DEF=1
  6.337e+01 -8.600e-07 -1.616e-06 -1.475e-07 
 -8.600e-07  1.000e+00 -6.062e-12 -8.606e-15 
 -1.616e-06 -6.062e-12  1.000e+00  7.138e-13 
 -1.475e-07 -8.606e-15  7.138e-13  1.000e+00 
 PARAMETER  CORRELATION COEFFICIENTS  
       NO.  GLOBAL      1      2      3      4
        1  0.00000   1.000 -0.000 -0.000 -0.000
        2  0.00000  -0.000  1.000 -0.000 -0.000
        3  0.00000  -0.000 -0.000  1.000  0.000
        4  0.00000  -0.000 -0.000  0.000  1.000
status of the fit-----000------0
1  559018
2  0.564983
3  -0.0119337
4  0.000999796
 PARAMETER DEFINITIONS:
    NO.   NAME         VALUE      STEP SIZE      LIMITS
     1 norm         5.59018e+05  1.00000e-01     no limits
     2 Q            5.64983e-01  1.00000e-01     no limits
     3 theta       -1.19337e-02  1.00000e-01     no limits
     4 pileup       9.99796e-04  1.00000e-01     no limits
 **********
 **    3 **MIGRAD
 **********
 FIRST CALL TO USER FUNCTION AT NEW START POINT, WITH IFLAG=4.
 START MIGRAD MINIMIZATION.  STRATEGY  1.  CONVERGENCE WHEN EDM .LT. 1.00e-04
 FCN=-2.37861e+11 FROM MIGRAD    STATUS=INITIATE       18 CALLS         224 TOTAL
                     EDM= unknown      STRATEGY= 1      NO ERROR MATRIX       
  EXT PARAMETER               CURRENT GUESS       STEP         FIRST   
  NO.   NAME      VALUE            ERROR          SIZE      DERIVATIVE 
   1  norm         5.59018e+05   1.00000e-01   1.00000e-01   1.78313e-02
   2  Q            5.64983e-01   1.00000e-01   1.00000e-01   4.98156e+06
   3  theta       -1.19337e-02   1.00000e-01   1.00000e-01  -8.31890e+04
   4  pileup       9.99796e-04   1.00000e-01   1.00000e-01  -9.18038e+11
 MIGRAD FAILS TO FIND IMPROVEMENT
 COVARIANCE MATRIX CALCULATED SUCCESSFULLY
 FCN=-2.37861e+11 FROM HESSE     STATUS=OK             29 CALLS         264 TOTAL
                     EDM=0.208128    STRATEGY= 1      ERROR MATRIX ACCURATE 
  EXT PARAMETER                                   STEP         FIRST   
  NO.   NAME      VALUE            ERROR          SIZE      DERIVATIVE 
   1  norm         5.59018e+05   2.15408e+01   2.66561e+00   1.79744e-02
   2  Q            5.64983e-01   1.49787e-06   1.00000e-03   5.02074e+04
   3  theta       -1.19337e-02   1.09055e-03   1.02029e-01  -6.67473e+02
   4  pileup       9.99796e-04   9.24334e-08   1.00000e-02  -8.12218e+05
 EIGENVALUES OF SECOND-DERIVATIVE MATRIX:
        -5.0229e-01  6.8460e-02  1.4094e+00  3.0244e+00
 MINUIT WARNING IN MIGRAD  
 ============== MATRIX FORCED POS-DEF BY ADDING 0.505313 TO DIAGONAL.
 MIGRAD FAILS TO FIND IMPROVEMENT
 MIGRAD TERMINATED WITHOUT CONVERGENCE.
 FCN=-2.37861e+11 FROM MIGRAD    STATUS=FAILED         98 CALLS         304 TOTAL
                     EDM=1.46796e+06    STRATEGY= 1      ERR MATRIX NOT POS-DEF
  EXT PARAMETER                APPROXIMATE        STEP         FIRST   
  NO.   NAME      VALUE            ERROR          SIZE      DERIVATIVE 
   1  norm         5.59016e+05   1.89208e+01   0.00000e+00  -2.32468e-02
   2  Q            5.64983e-01   1.07333e-07   0.00000e+00  -1.45331e+09
   3  theta       -1.17498e-02   1.66707e-04  -0.00000e+00  -9.47002e+05
   4  pileup       9.99805e-04   1.08142e-07   0.00000e+00  -2.73501e+07
 EXTERNAL ERROR MATRIX.    NDIM=  25    NPAR=  4    ERR DEF=1
  3.580e+02  2.209e-07 -3.335e-04 -2.001e-07 
  2.209e-07  1.152e-14 -1.789e-11  1.133e-14 
 -3.335e-04 -1.789e-11  2.779e-08 -1.761e-11 
 -2.001e-07  1.133e-14 -1.761e-11  1.169e-14 
ERR MATRIX NOT POS-DEF
 PARAMETER  CORRELATION COEFFICIENTS  
       NO.  GLOBAL      1      2      3      4
        1  0.94525   1.000  0.109 -0.106 -0.098
        2  0.99971   0.109  1.000 -1.000  0.976
        3  0.99974  -0.106 -1.000  1.000 -0.977
        4  0.99752  -0.098  0.976 -0.977  1.000
 ERR MATRIX NOT POS-DEF
 **********
 **    4 **MIGRAD 
 **********
 START MIGRAD MINIMIZATION.  STRATEGY  1.  CONVERGENCE WHEN EDM .LT. 1.00e-04
 FCN=-2.37861e+11 FROM MIGRAD    STATUS=INITIATE       16 CALLS         320 TOTAL
                     EDM=0.981544    STRATEGY= 1      ERR MATRIX NOT POS-DEF
  EXT PARAMETER                APPROXIMATE        STEP         FIRST   
  NO.   NAME      VALUE            ERROR          SIZE      DERIVATIVE 
   1  norm         5.59016e+05   1.89208e+01   0.00000e+00  -2.93508e-02
   2  Q            5.64983e-01   1.07333e-07   0.00000e+00  -7.69414e+04
   3  theta       -1.17498e-02   1.66707e-04  -0.00000e+00  -2.72016e+04
   4  pileup       9.99805e-04   1.08142e-07   0.00000e+00  -2.73507e+07
 MIGRAD FAILS TO FIND IMPROVEMENT
 MACHINE ACCURACY LIMITS FURTHER IMPROVEMENT.
 MIGRAD MINIMIZATION HAS CONVERGED.
 MIGRAD WILL VERIFY CONVERGENCE AND ERROR MATRIX.
 COVARIANCE MATRIX CALCULATED SUCCESSFULLY
 FCN=-2.37861e+11 FROM HESSE     STATUS=OK             31 CALLS         383 TOTAL
                     EDM=0.138026    STRATEGY= 1      ERROR MATRIX ACCURATE 
  EXT PARAMETER                                   STEP         FIRST   
  NO.   NAME      VALUE            ERROR          SIZE      DERIVATIVE 
   1  norm         5.59016e+05   8.75140e+00   1.72598e+03  -3.17895e-02
   2  Q            5.64983e-01   5.34873e-07   5.54888e-04  -1.03487e+05
   3  theta       -1.17431e-02   4.34431e-04   2.70247e-01  -1.26902e+03
   4  pileup       9.99801e-04   1.03003e-07   2.09853e-05  -8.86901e+04
 MINUIT WARNING IN MIGRAD  
 ============== Negative diagonal element 3 in Error Matrix
 MINUIT WARNING IN MIGRAD  
 ============== 1 added to diagonal of error matrix
 MIGRAD FAILS TO FIND IMPROVEMENT
 MACHINE ACCURACY LIMITS FURTHER IMPROVEMENT.
 MIGRAD MINIMIZATION HAS CONVERGED.
 FCN=-2.37861e+11 FROM MIGRAD    STATUS=CONVERGED     100 CALLS         404 TOTAL
                     EDM=60.0308    STRATEGY= 1  ERROR MATRIX UNCERTAINTY   5.4 per cent
  EXT PARAMETER                                   STEP         FIRST   
  NO.   NAME      VALUE            ERROR          SIZE      DERIVATIVE 
   1  norm         5.59017e+05   7.99778e+00  -0.00000e+00   1.33032e-02
   2  Q            5.64983e-01   1.00000e+00  -0.00000e+00   6.87563e+04
   3  theta       -1.16670e-02   1.00000e+00   0.00000e+00  -3.56969e+04
   4  pileup       9.99804e-04   1.00000e+00   0.00000e+00  -2.30154e+06
 EXTERNAL ERROR MATRIX.    NDIM=  25    NPAR=  4    ERR DEF=1
  6.396e+01 -7.753e-07  2.494e-05 -1.859e-07 
 -7.753e-07  1.000e+00 -1.706e-12 -1.683e-14 
  2.494e-05 -1.706e-12  1.000e+00 -1.114e-12 
 -1.859e-07 -1.683e-14 -1.114e-12  1.000e+00 
 PARAMETER  CORRELATION COEFFICIENTS  
       NO.  GLOBAL      1      2      3      4
        1  0.00000   1.000 -0.000  0.000 -0.000
        2  0.00000  -0.000  1.000 -0.000 -0.000
        3  0.00000   0.000 -0.000  1.000 -0.000
        4  0.00000  -0.000 -0.000 -0.000  1.000
status of the fit-----000------0
1  559017
2  0.564983
3  -0.011667
4  0.000999804
 PARAMETER DEFINITIONS:
    NO.   NAME         VALUE      STEP SIZE      LIMITS
     1 norm         5.59017e+05  1.00000e-01     no limits
     2 Q            5.64983e-01  1.00000e-01     no limits
     3 theta       -1.16670e-02  1.00000e-01     no limits
     4 pileup       9.99804e-04  1.00000e-01     no limits
 **********
 **    5 **MIGRAD
 **********
 FIRST CALL TO USER FUNCTION AT NEW START POINT, WITH IFLAG=4.
 START MIGRAD MINIMIZATION.  STRATEGY  1.  CONVERGENCE WHEN EDM .LT. 1.00e-04
 FCN=-2.37861e+11 FROM MIGRAD    STATUS=INITIATE       18 CALLS         423 TOTAL
                     EDM= unknown      STRATEGY= 1      NO ERROR MATRIX       
  EXT PARAMETER               CURRENT GUESS       STEP         FIRST   
  NO.   NAME      VALUE            ERROR          SIZE      DERIVATIVE 
   1  norm         5.59017e+05   1.00000e-01   1.00000e-01   2.36358e-02
   2  Q            5.64983e-01   1.00000e-01   1.00000e-01   5.26277e+06
   3  theta       -1.16670e-02   1.00000e-01   1.00000e-01  -8.10752e+04
   4  pileup       9.99804e-04   1.00000e-01   1.00000e-01  -9.18038e+11
 MIGRAD FAILS TO FIND IMPROVEMENT
 COVARIANCE MATRIX CALCULATED SUCCESSFULLY
 FCN=-2.37861e+11 FROM HESSE     STATUS=OK             29 CALLS         463 TOTAL
                     EDM=0.216176    STRATEGY= 1      ERROR MATRIX ACCURATE 
  EXT PARAMETER                                   STEP         FIRST   
  NO.   NAME      VALUE            ERROR          SIZE      DERIVATIVE 
   1  norm         5.59017e+05   2.16728e+01   2.66560e+00   2.35270e-02
   2  Q            5.64983e-01   1.51208e-06   1.00000e-03   6.87015e+04
   3  theta       -1.16670e-02   1.10519e-03   1.01905e-01  -5.97486e+02
   4  pileup       9.99804e-04   9.24334e-08   1.00000e-02   1.66184e+06
 EIGENVALUES OF SECOND-DERIVATIVE MATRIX:
        -2.8677e-01  6.8488e-02  1.3990e+00  2.8193e+00
 MINUIT WARNING IN MIGRAD  
 ============== MATRIX FORCED POS-DEF BY ADDING 0.289593 TO DIAGONAL.
 EIGENVALUES OF SECOND-DERIVATIVE MATRIX:
        -3.3928e-04  3.4820e-03  1.0160e+00  2.9809e+00
 MINUIT WARNING IN MIGRAD  
 ============== MATRIX FORCED POS-DEF BY ADDING 0.003320 TO DIAGONAL.
 MIGRAD FAILS TO FIND IMPROVEMENT
 MACHINE ACCURACY LIMITS FURTHER IMPROVEMENT.
 MIGRAD MINIMIZATION HAS CONVERGED.
 MIGRAD WILL VERIFY CONVERGENCE AND ERROR MATRIX.
 COVARIANCE MATRIX CALCULATED SUCCESSFULLY
 MIGRAD TERMINATED WITHOUT CONVERGENCE.
 FCN=-2.37861e+11 FROM MIGRAD    STATUS=FAILED        204 CALLS         609 TOTAL
                     EDM=0.157893    STRATEGY= 1      ERR MATRIX APPROXIMATE
  EXT PARAMETER                APPROXIMATE        STEP         FIRST   
  NO.   NAME      VALUE            ERROR          SIZE      DERIVATIVE 
   1  norm         5.59015e+05   8.72026e+00   1.72597e+03   1.55309e-03
   2  Q            5.64983e-01   5.42731e-07   5.54890e-04   4.10703e+02
   3  theta       -1.15047e-02   4.97907e-04   2.36265e-01  -1.16493e+03
   4  pileup       9.99799e-04   1.02784e-07   2.09853e-05   8.49039e+05
 EXTERNAL ERROR MATRIX.    NDIM=  25    NPAR=  4    ERR DEF=1
  7.604e+01  2.365e-07  1.820e-03 -9.728e-08 
  2.365e-07  2.946e-13  1.463e-10 -1.019e-14 
  1.820e-03  1.463e-10  2.479e-07  1.085e-11 
 -9.728e-08 -1.019e-14  1.085e-11  1.056e-14 
ERR MATRIX APPROXIMATE
 PARAMETER  CORRELATION COEFFICIENTS  
       NO.  GLOBAL      1      2      3      4
        1  0.55607   1.000  0.050  0.419 -0.109
        2  0.67718   0.050  1.000  0.542 -0.183
        3  0.75860   0.419  0.542  1.000  0.212
        4  0.51474  -0.109 -0.183  0.212  1.000
 ERR MATRIX APPROXIMATE
 **********
 **    6 **MIGRAD 
 **********
 START MIGRAD MINIMIZATION.  STRATEGY  1.  CONVERGENCE WHEN EDM .LT. 1.00e-04
 FCN=-2.37861e+11 FROM MIGRAD    STATUS=INITIATE        8 CALLS         617 TOTAL
                     EDM=132.93    STRATEGY= 1      ERR MATRIX APPROXIMATE
  EXT PARAMETER                APPROXIMATE        STEP         FIRST   
  NO.   NAME      VALUE            ERROR          SIZE      DERIVATIVE 
   1  norm         5.59015e+05   8.72026e+00   1.72597e+03  -8.68068e-03
   2  Q            5.64983e-01   5.42731e-07   5.54890e-04   4.59523e+02
   3  theta       -1.15047e-02   4.97907e-04   2.36265e-01  -4.60827e+04
   4  pileup       9.99799e-04   1.02784e-07   2.09853e-05  -3.66167e+06
 MIGRAD FAILS TO FIND IMPROVEMENT
 COVARIANCE MATRIX CALCULATED SUCCESSFULLY
 FCN=-2.37861e+11 FROM HESSE     STATUS=OK             31 CALLS         682 TOTAL
                     EDM=0.0515074    STRATEGY= 1      ERROR MATRIX ACCURATE 
  EXT PARAMETER                                   STEP         FIRST   
  NO.   NAME      VALUE            ERROR          SIZE      DERIVATIVE 
   1  norm         5.59016e+05   8.69724e+00   1.72598e+03   3.30599e-02
   2  Q            5.64983e-01   5.40236e-07   5.54890e-04   9.85057e+04
   3  theta       -1.14345e-02   5.30928e-04   2.19454e-01  -1.00879e+03
   4  pileup       9.99802e-04   1.02655e-07   2.09866e-05   2.63155e+06
 MINUIT WARNING IN MIGRAD  
 ============== Negative diagonal element 3 in Error Matrix
 MINUIT WARNING IN MIGRAD  
 ============== 1 added to diagonal of error matrix
 MIGRAD FAILS TO FIND IMPROVEMENT
 MACHINE ACCURACY LIMITS FURTHER IMPROVEMENT.
 MIGRAD MINIMIZATION HAS CONVERGED.
 FCN=-2.37861e+11 FROM MIGRAD    STATUS=CONVERGED      97 CALLS         706 TOTAL
                     EDM=178.197    STRATEGY= 1  ERROR MATRIX UNCERTAINTY   5.0 per cent
  EXT PARAMETER                                   STEP         FIRST   
  NO.   NAME      VALUE            ERROR          SIZE      DERIVATIVE 
   1  norm         5.59015e+05   8.00705e+00   0.00000e+00   2.55145e-02
   2  Q            5.64984e-01   1.00000e+00  -0.00000e+00   1.06846e+05
   3  theta       -1.07921e-02   1.00000e+00   0.00000e+00  -5.00564e+04
   4  pileup       9.99758e-04   1.00000e+00   0.00000e+00  -1.04295e+07
 EXTERNAL ERROR MATRIX.    NDIM=  25    NPAR=  4    ERR DEF=1
  6.411e+01 -7.441e-07  9.097e-05 -1.961e-07 
 -7.441e-07  1.000e+00 -1.734e-11 -1.627e-14 
  9.097e-05 -1.734e-11  1.000e+00 -7.781e-13 
 -1.961e-07 -1.627e-14 -7.781e-13  1.000e+00 
 PARAMETER  CORRELATION COEFFICIENTS  
       NO.  GLOBAL      1      2      3      4
        1  0.00001   1.000 -0.000  0.000 -0.000
        2  0.00000  -0.000  1.000 -0.000 -0.000
        3  0.00001   0.000 -0.000  1.000 -0.000
        4  0.00000  -0.000 -0.000 -0.000  1.000
status of the fit-----000------0
1  559015
2  0.564984
3  -0.0107921
4  0.000999758
 **********
 **   31 **SET PRINT           2
 **********
 **********
 **   32 **SET NOGRAD
 **********
 PARAMETER DEFINITIONS:
    NO.   NAME         VALUE      STEP SIZE      LIMITS
     1 p0           5.58000e+05  1.67400e+05     no limits
     2 p1           5.65000e-01  1.69500e-01     no limits
     3 p2           0.00000e+00  3.00000e-01     no limits
     4 p3           9.99871e-04  2.99961e-04     no limits
 **********
 **   33 **SET ERR         0.5
 **********
 **********
 **   34 **SET PRINT           2
 **********
 **********
 **   35 **SET STR           1
 **********
 NOW USING STRATEGY  1: TRY TO BALANCE SPEED AGAINST RELIABILITY
 **********
 **   36 **MIGRAD        1480        0.01
 **********
 FIRST CALL TO USER FUNCTION AT NEW START POINT, WITH IFLAG=4.
 START MIGRAD MINIMIZATION.  STRATEGY  1.  CONVERGENCE WHEN EDM .LT. 1.00e-05
 FCN=17761.5 FROM MIGRAD    STATUS=INITIATE       18 CALLS          19 TOTAL
                     EDM= unknown      STRATEGY= 1      NO ERROR MATRIX       
  EXT PARAMETER               CURRENT GUESS       STEP         FIRST   
  NO.   NAME      VALUE            ERROR          SIZE      DERIVATIVE 
   1  p0           5.58000e+05   1.67400e+05   1.67400e+05  -3.67446e+01
   2  p1           5.65000e-01   1.69500e-01   1.69500e-01  -1.14057e+08
   3  p2           0.00000e+00   3.00000e-01   3.00000e-01   0.00000e+00
   4  p3           9.99871e-04   2.99961e-04   2.99961e-04  -9.79037e+08
                               ERR DEF= 0.5
NO ERROR MATRIX       
 FCN=523.833 FROM MIGRAD    STATUS=PROGRESS       34 CALLS          35 TOTAL
                     EDM=1485.94    STRATEGY= 1      NO ERROR MATRIX       
  EXT PARAMETER               CURRENT GUESS       STEP         FIRST   
  NO.   NAME      VALUE            ERROR          SIZE      DERIVATIVE 
   1  p0           5.58446e+05   1.67400e+05   4.45525e+02  -8.44629e-01
   2  p1           5.65144e-01   1.69500e-01   1.43667e-04  -2.59140e+06
   3  p2           0.00000e+00   3.00000e-01  -0.00000e+00   0.00000e+00
   4  p3           1.00163e-03   2.99961e-04   1.76011e-06   4.26533e+08
                               ERR DEF= 0.5
 MIGRAD FAILS TO FIND IMPROVEMENT
 MIGRAD MINIMIZATION HAS CONVERGED.
 MIGRAD WILL VERIFY CONVERGENCE AND ERROR MATRIX.
   START COVARIANCE MATRIX CALCULATION.
 EIGENVALUES OF SECOND-DERIVATIVE MATRIX:
         2.2045e-03  8.1312e-01  1.0176e+00  2.1671e+00
 COVARIANCE MATRIX CALCULATED SUCCESSFULLY
 FCN=68.0125 FROM MIGRAD    STATUS=CONVERGED     172 CALLS         173 TOTAL
                     EDM=5.47354e-07    STRATEGY= 1      ERROR MATRIX ACCURATE 
  EXT PARAMETER                                   STEP         FIRST   
  NO.   NAME      VALUE            ERROR          SIZE      DERIVATIVE 
   1  p0           5.59895e+05   7.69157e+01   2.66979e-01   8.92619e-05
   2  p1           5.64702e-01   2.48988e-05   2.69271e-07   2.64269e+02
   3  p2           0.00000e+00   5.50317e-03   3.44743e-05   0.00000e+00
   4  p3           9.99680e-04   6.57980e-08   4.76684e-10   8.35778e+03
                               ERR DEF= 0.5
 EXTERNAL ERROR MATRIX.    NDIM=  25    NPAR=  4    ERR DEF=0.5
  5.916e+03 -1.910e-03  5.503e-02  1.504e-06 
 -1.910e-03  6.200e-10 -1.793e-08 -5.211e-13 
  5.503e-02 -1.793e-08  3.028e-05  3.806e-11 
  1.504e-06 -5.211e-13  3.806e-11  4.329e-15 
 PARAMETER  CORRELATION COEFFICIENTS  
       NO.  GLOBAL      1      2      3      4
        1  0.99778   1.000 -0.998  0.130  0.297
        2  0.99781  -0.998  1.000 -0.131 -0.318
        3  0.14760   0.130 -0.131  1.000  0.105
        4  0.43316   0.297 -0.318  0.105  1.000
 EXTERNAL ERROR MATRIX.    NDIM=   4    NPAR=  4    ERR DEF=0.5
  5.916e+03 -1.910e-03  5.503e-02  1.504e-06 
 -1.910e-03  6.200e-10 -1.793e-08 -5.211e-13 
  5.503e-02 -1.793e-08  3.028e-05  3.806e-11 
  1.504e-06 -5.211e-13  3.806e-11  4.329e-15 
 FCN=68.0125 FROM MIGRAD    STATUS=CONVERGED     172 CALLS         173 TOTAL
                     EDM=5.47354e-07    STRATEGY= 1      ERROR MATRIX ACCURATE 
  EXT PARAMETER                  PARABOLIC         MINOS ERRORS        
  NO.   NAME      VALUE            ERROR      NEGATIVE      POSITIVE   
   1  p0           5.59895e+05   7.69157e+01                            
   2  p1           5.64702e-01   2.48988e-05                            
   3  p2           0.00000e+00   5.50317e-03                            
   4  p3           9.99680e-04   6.57980e-08                            
                               ERR DEF= 0.5
------------------------------------------
Enering ROOFIt-------
 PARAMETER DEFINITIONS:
    NO.   NAME         VALUE      STEP SIZE      LIMITS
     1 norm         5.59895e+05  1.00000e-01     no limits
     2 Q            5.65000e-01  1.00000e-01     no limits
     3 theta        0.00000e+00  1.00000e-01     no limits
     4 pileup       9.99680e-04  1.00000e-01     no limits
 **********
 **    1 **MIGRAD
 **********
 FIRST CALL TO USER FUNCTION AT NEW START POINT, WITH IFLAG=4.
 START MIGRAD MINIMIZATION.  STRATEGY  1.  CONVERGENCE WHEN EDM .LT. 1.00e-04
 FCN=-2.37865e+11 FROM MIGRAD    STATUS=INITIATE       45 CALLS          46 TOTAL
                     EDM= unknown      STRATEGY= 1      NO ERROR MATRIX       
  EXT PARAMETER               CURRENT GUESS       STEP         FIRST   
  NO.   NAME      VALUE            ERROR          SIZE      DERIVATIVE 
   1  norm         5.59895e+05   1.00000e-01   0.00000e+00   2.24491e+01
   2  Q            5.65000e-01   1.00000e-01   0.00000e+00   6.97140e+07
   3  theta        7.64020e-02   1.00000e-01   7.64020e-02   6.95519e+05
   4  pileup       9.99680e-04   1.00000e-01   0.00000e+00   5.09421e+07
 MINUIT WARNING IN MIGRAD  
 ============== Negative diagonal element 2 in Error Matrix
 MINUIT WARNING IN MIGRAD  
 ============== Negative diagonal element 3 in Error Matrix
 MINUIT WARNING IN MIGRAD  
 ============== 1 added to diagonal of error matrix
 MIGRAD FAILS TO FIND IMPROVEMENT
 MACHINE ACCURACY LIMITS FURTHER IMPROVEMENT.
 MIGRAD MINIMIZATION HAS CONVERGED.
 MIGRAD WILL VERIFY CONVERGENCE AND ERROR MATRIX.
 COVARIANCE MATRIX CALCULATED SUCCESSFULLY
 FCN=-2.37865e+11 FROM HESSE     STATUS=OK             31 CALLS         346 TOTAL
                     EDM=0.184858    STRATEGY= 1      ERROR MATRIX ACCURATE 
  EXT PARAMETER                                   STEP         FIRST   
  NO.   NAME      VALUE            ERROR          SIZE      DERIVATIVE 
   1  norm         5.59349e+05   1.02341e+01   1.72699e+03  -1.94089e-02
   2  Q            5.64879e-01   3.68971e-07   5.54790e-04  -6.60473e+04
   3  theta        9.08250e-03   1.01492e-03   1.23617e-01   6.54817e+02
   4  pileup       9.99663e-04   1.11253e-07   2.09842e-05  -9.59002e+06
 EIGENVALUES OF SECOND-DERIVATIVE MATRIX:
        -1.2028e-03  6.5060e-01  1.3442e+00  2.0064e+00
 MINUIT WARNING IN MIGRAD  
 ============== MATRIX FORCED POS-DEF BY ADDING 0.003209 TO DIAGONAL.
 MIGRAD FAILS TO FIND IMPROVEMENT
 MIGRAD TERMINATED WITHOUT CONVERGENCE.
 FCN=-2.37865e+11 FROM MIGRAD    STATUS=FAILED        387 CALLS         388 TOTAL
                     EDM=859490    STRATEGY= 1  ERROR MATRIX UNCERTAINTY   9.2 per cent
  EXT PARAMETER                APPROXIMATE        STEP         FIRST   
  NO.   NAME      VALUE            ERROR          SIZE      DERIVATIVE 
   1  norm         5.59348e+05   7.79324e+00  -0.00000e+00  -5.91471e-02
   2  Q            5.64879e-01   7.78211e-09  -0.00000e+00  -4.07477e+09
   3  theta        9.10026e-03   4.95147e-05  -0.00000e+00   6.58529e+05
   4  pileup       9.99705e-04   1.21823e-07   0.00000e+00  -2.79610e+07
 EXTERNAL ERROR MATRIX.    NDIM=  25    NPAR=  4    ERR DEF=1
  6.073e+01  2.100e-10 -5.768e-06 -3.302e-07 
  2.100e-10  6.056e-17  3.831e-13  1.677e-17 
 -5.768e-06  3.831e-13  2.452e-09  6.227e-13 
 -3.302e-07  1.677e-17  6.227e-13  1.484e-14 
ERR MATRIX APPROXIMATE
 PARAMETER  CORRELATION COEFFICIENTS  
       NO.  GLOBAL      1      2      3      4
        1  0.39052   1.000  0.003 -0.015 -0.348
        2  0.99798   0.003  1.000  0.994  0.018
        3  0.99800  -0.015  0.994  1.000  0.103
        4  0.82773  -0.348  0.018  0.103  1.000
 ERR MATRIX APPROXIMATE
 **********
 **    2 **MIGRAD 
 **********
 START MIGRAD MINIMIZATION.  STRATEGY  1.  CONVERGENCE WHEN EDM .LT. 1.00e-04
 FCN=-2.37865e+11 FROM MIGRAD    STATUS=INITIATE       16 CALLS         404 TOTAL
                     EDM=3.557    STRATEGY= 1  ERROR MATRIX UNCERTAINTY   9.2 per cent
  EXT PARAMETER                APPROXIMATE        STEP         FIRST   
  NO.   NAME      VALUE            ERROR          SIZE      DERIVATIVE 
   1  norm         5.59348e+05   7.79324e+00  -0.00000e+00  -5.91469e-02
   2  Q            5.64879e-01   7.78211e-09  -0.00000e+00   1.15831e+04
   3  theta        9.10026e-03   4.95147e-05  -0.00000e+00   2.18783e+04
   4  pileup       9.99705e-04   1.21823e-07   0.00000e+00  -2.79576e+07
 MIGRAD FAILS TO FIND IMPROVEMENT
 MACHINE ACCURACY LIMITS FURTHER IMPROVEMENT.
 MIGRAD MINIMIZATION HAS CONVERGED.
 MIGRAD WILL VERIFY CONVERGENCE AND ERROR MATRIX.
 EIGENVALUES OF SECOND-DERIVATIVE MATRIX:
        -3.5573e-04  1.7275e-01  8.4848e-01  2.9791e+00
 MINUIT WARNING IN HESSE   
 ============== MATRIX FORCED POS-DEF BY ADDING 0.003335 TO DIAGONAL.
 FCN=-2.37865e+11 FROM HESSE     STATUS=NOT POSDEF     29 CALLS         444 TOTAL
                     EDM=0.341458    STRATEGY= 1      ERR MATRIX NOT POS-DEF
  EXT PARAMETER                APPROXIMATE        STEP         FIRST   
  NO.   NAME      VALUE            ERROR          SIZE      DERIVATIVE 
   1  norm         5.59348e+05   9.32466e+01   1.72699e+03   5.32470e-03
   2  Q            5.64879e-01   3.05074e-05   8.67895e-05   1.15413e+04
   3  theta        9.10026e-03   2.48423e-03   5.93866e-02   4.45752e+02
   4  pileup       9.99705e-04   1.22200e-07   2.09848e-05   4.81417e+05
 MINUIT WARNING IN MIGRAD  
 ============== Negative diagonal element 3 in Error Matrix
 MINUIT WARNING IN MIGRAD  
 ============== 1 added to diagonal of error matrix
 MIGRAD FAILS TO FIND IMPROVEMENT
 MACHINE ACCURACY LIMITS FURTHER IMPROVEMENT.
 MIGRAD MINIMIZATION HAS CONVERGED.
 MIGRAD WILL VERIFY CONVERGENCE AND ERROR MATRIX.
 EIGENVALUES OF SECOND-DERIVATIVE MATRIX:
        -3.4342e-04  1.2809e-01  8.4864e-01  3.0236e+00
 MINUIT WARNING IN HESSE   
 ============== MATRIX FORCED POS-DEF BY ADDING 0.003367 TO DIAGONAL.
 MIGRAD TERMINATED WITHOUT CONVERGENCE.
 FCN=-2.37865e+11 FROM MIGRAD    STATUS=FAILED        106 CALLS         494 TOTAL
                     EDM=1.03332    STRATEGY= 1      ERR MATRIX NOT POS-DEF
  EXT PARAMETER                APPROXIMATE        STEP         FIRST   
  NO.   NAME      VALUE            ERROR          SIZE      DERIVATIVE 
   1  norm         5.59349e+05   9.34416e+01   6.90796e+02  -7.63109e-02
   2  Q            5.64879e-01   3.00442e-05   1.73579e-04  -2.42768e+05
   3  theta        8.49811e-03   5.56411e-03   2.37547e-02   4.64804e+02
   4  pileup       9.99685e-04   1.32359e-07   8.39394e-06  -5.28394e+06
 EXTERNAL ERROR MATRIX.    NDIM=  25    NPAR=  4    ERR DEF=1
  8.731e+03 -2.780e-03  2.797e-02  5.427e-07 
 -2.780e-03  9.027e-10  9.738e-09  6.231e-14 
  2.797e-02  9.738e-09  3.096e-05  5.211e-10 
  5.427e-07  6.231e-14  5.211e-10  1.752e-14 
ERR MATRIX NOT POS-DEF
 PARAMETER  CORRELATION COEFFICIENTS  
       NO.  GLOBAL      1      2      3      4
        1  0.99699   1.000 -0.990  0.054  0.044
        2  0.99700  -0.990  1.000  0.058  0.016
        3  0.90006   0.054  0.058  1.000  0.708
        4  0.74714   0.044  0.016  0.708  1.000
 ERR MATRIX NOT POS-DEF
status of the fit-----000------4
1  559349
2  0.564879
3  0.00849811
4  0.000999685
 PARAMETER DEFINITIONS:
    NO.   NAME         VALUE      STEP SIZE      LIMITS
     1 norm         5.59349e+05  1.00000e-01     no limits
     2 Q            5.64879e-01  1.00000e-01     no limits
     3 theta        8.49811e-03  1.00000e-01     no limits
     4 pileup       9.99685e-04  1.00000e-01     no limits
 **********
 **    3 **MIGRAD
 **********
 FIRST CALL TO USER FUNCTION AT NEW START POINT, WITH IFLAG=4.
 START MIGRAD MINIMIZATION.  STRATEGY  1.  CONVERGENCE WHEN EDM .LT. 1.00e-04
 FCN=-2.37865e+11 FROM MIGRAD    STATUS=INITIATE       14 CALLS         509 TOTAL
                     EDM= unknown      STRATEGY= 1      NO ERROR MATRIX       
  EXT PARAMETER               CURRENT GUESS       STEP         FIRST   
  NO.   NAME      VALUE            ERROR          SIZE      DERIVATIVE 
   1  norm         5.59349e+05   1.00000e-01   1.00000e-01  -7.63174e-02
   2  Q            5.64879e-01   1.00000e-01   1.00000e-01   3.81109e+06
   3  theta        8.49811e-03   1.00000e-01   1.00000e-01   5.74565e+04
   4  pileup       9.99685e-04   1.00000e-01   1.00000e-01  -9.18044e+11
 MIGRAD FAILS TO FIND IMPROVEMENT
 EIGENVALUES OF SECOND-DERIVATIVE MATRIX:
        -5.3319e-02  2.9899e-01  9.1663e-01  2.8377e+00
 MINUIT WARNING IN HESSE   
 ============== MATRIX FORCED POS-DEF BY ADDING 0.056157 TO DIAGONAL.
 FCN=-2.37865e+11 FROM HESSE     STATUS=NOT POSDEF     29 CALLS         549 TOTAL
                     EDM=8.9625    STRATEGY= 1      ERR MATRIX NOT POS-DEF
  EXT PARAMETER                APPROXIMATE        STEP         FIRST   
  NO.   NAME      VALUE            ERROR          SIZE      DERIVATIVE 
   1  norm         5.59349e+05   4.88023e+01   2.66718e+00  -7.62601e-02
   2  Q            5.64879e-01   6.38109e-06   1.00000e-03  -2.42782e+05
   3  theta        8.49811e-03   7.27210e-03   1.00000e-01   5.50385e+02
   4  pileup       9.99685e-04   9.21924e-08   1.00000e-02  -5.86969e+06
 MINUIT WARNING IN MIGRAD  
 ============== Negative diagonal element 3 in Error Matrix
 MINUIT WARNING IN MIGRAD  
 ============== 1 added to diagonal of error matrix
 MIGRAD FAILS TO FIND IMPROVEMENT
 MACHINE ACCURACY LIMITS FURTHER IMPROVEMENT.
 MIGRAD MINIMIZATION HAS CONVERGED.
 MIGRAD WILL VERIFY CONVERGENCE AND ERROR MATRIX.
 EIGENVALUES OF SECOND-DERIVATIVE MATRIX:
        -2.2087e-04  1.4531e-01  8.4799e-01  3.0069e+00
 MINUIT WARNING IN HESSE   
 ============== MATRIX FORCED POS-DEF BY ADDING 0.003228 TO DIAGONAL.
 MIGRAD TERMINATED WITHOUT CONVERGENCE.
 FCN=-2.37865e+11 FROM MIGRAD    STATUS=FAILED        102 CALLS         597 TOTAL
                     EDM=4.3392    STRATEGY= 1      ERR MATRIX NOT POS-DEF
  EXT PARAMETER                APPROXIMATE        STEP         FIRST   
  NO.   NAME      VALUE            ERROR          SIZE      DERIVATIVE 
   1  norm         5.59358e+05   9.31718e+01   5.33436e+00   1.89049e-01
   2  Q            5.64877e-01   3.02797e-05   1.02985e-04   5.83969e+05
   3  theta        7.04608e-03   3.91946e-03   4.00000e-02   1.15404e+02
   4  pileup       9.99682e-04   1.27649e-07   2.14100e-05   3.58117e+06
 EXTERNAL ERROR MATRIX.    NDIM=  25    NPAR=  4    ERR DEF=1
  8.681e+03 -2.796e-03 -1.960e-02 -4.011e-07 
 -2.796e-03  9.169e-10  1.869e-08  3.252e-13 
 -1.960e-02  1.869e-08  1.536e-05  3.405e-10 
 -4.011e-07  3.252e-13  3.405e-10  1.629e-14 
ERR MATRIX NOT POS-DEF
 PARAMETER  CORRELATION COEFFICIENTS  
       NO.  GLOBAL      1      2      3      4
        1  0.99698   1.000 -0.991 -0.054 -0.034
        2  0.99705  -0.991  1.000  0.157  0.084
        3  0.88838  -0.054  0.157  1.000  0.681
        4  0.72457  -0.034  0.084  0.681  1.000
 ERR MATRIX NOT POS-DEF
 **********
 **    4 **MIGRAD 
 **********
 START MIGRAD MINIMIZATION.  STRATEGY  1.  CONVERGENCE WHEN EDM .LT. 1.00e-04
 FCN=-2.37865e+11 FROM MIGRAD    STATUS=INITIATE        8 CALLS         605 TOTAL
                     EDM=12.365    STRATEGY= 1      ERR MATRIX NOT POS-DEF
  EXT PARAMETER                APPROXIMATE        STEP         FIRST   
  NO.   NAME      VALUE            ERROR          SIZE      DERIVATIVE 
   1  norm         5.59358e+05   9.31718e+01   5.33436e+00   1.89087e-01
   2  Q            5.64877e-01   3.02797e-05   1.02985e-04   5.84289e+05
   3  theta        7.04608e-03   3.91946e-03   4.00000e-02   1.30847e+03
   4  pileup       9.99682e-04   1.27649e-07   2.14100e-05  -1.11498e+06
 MIGRAD FAILS TO FIND IMPROVEMENT
 EIGENVALUES OF SECOND-DERIVATIVE MATRIX:
        -6.4227e-04  2.9875e-01  8.4883e-01  2.8531e+00
 MINUIT WARNING IN HESSE   
 ============== MATRIX FORCED POS-DEF BY ADDING 0.003495 TO DIAGONAL.
 FCN=-2.37865e+11 FROM HESSE     STATUS=NOT POSDEF     29 CALLS         683 TOTAL
                     EDM=0.161775    STRATEGY= 1      ERR MATRIX NOT POS-DEF
  EXT PARAMETER                APPROXIMATE        STEP         FIRST   
  NO.   NAME      VALUE            ERROR          SIZE      DERIVATIVE 
   1  norm         5.59359e+05   9.48313e+01   1.06687e+03  -6.17039e-03
   2  Q            5.64875e-01   3.12572e-05   8.67940e-05  -2.34928e+04
   3  theta        5.20580e-03   1.11835e-03   1.14539e-01   2.55518e+02
   4  pileup       9.99645e-04   1.09254e-07   2.09841e-05  -8.19888e+06
 MIGRAD FAILS TO FIND IMPROVEMENT
 MACHINE ACCURACY LIMITS FURTHER IMPROVEMENT.
 MIGRAD MINIMIZATION HAS CONVERGED.
 MIGRAD WILL VERIFY CONVERGENCE AND ERROR MATRIX.
 EIGENVALUES OF SECOND-DERIVATIVE MATRIX:
        -2.9723e-04  2.2530e-01  8.4944e-01  2.9256e+00
 MINUIT WARNING IN HESSE   
 ============== MATRIX FORCED POS-DEF BY ADDING 0.003223 TO DIAGONAL.
 MIGRAD TERMINATED WITHOUT CONVERGENCE.
 FCN=-2.37865e+11 FROM MIGRAD    STATUS=FAILED        176 CALLS         773 TOTAL
                     EDM=0.114763    STRATEGY= 1      ERR MATRIX NOT POS-DEF
  EXT PARAMETER                APPROXIMATE        STEP         FIRST   
  NO.   NAME      VALUE            ERROR          SIZE      DERIVATIVE 
   1  norm         5.59091e+05   9.45274e+01   1.72700e+03   4.19704e-03
   2  Q            5.64961e-01   3.06317e-05   9.68590e-05   1.35686e+04
   3  theta        5.13247e-03   2.74182e-03   4.85057e-02   1.19390e+02
   4  pileup       9.99681e-04   1.14351e-07   2.09847e-05   1.50852e+06
 EXTERNAL ERROR MATRIX.    NDIM=  25    NPAR=  4    ERR DEF=1
  8.935e+03 -2.877e-03 -1.352e-02 -1.714e-07 
 -2.877e-03  9.383e-10  1.093e-08  1.347e-13 
 -1.352e-02  1.093e-08  7.518e-06  1.804e-10 
 -1.714e-07  1.347e-13  1.804e-10  1.308e-14 
ERR MATRIX NOT POS-DEF
 PARAMETER  CORRELATION COEFFICIENTS  
       NO.  GLOBAL      1      2      3      4
        1  0.99707   1.000 -0.994 -0.052 -0.016
        2  0.99711  -0.994  1.000  0.130  0.038
        3  0.82651  -0.052  0.130  1.000  0.575
        4  0.63882  -0.016  0.038  0.575  1.000
 ERR MATRIX NOT POS-DEF
status of the fit-----000------4
1  559091
2  0.564961
3  0.00513247
4  0.000999681
 PARAMETER DEFINITIONS:
    NO.   NAME         VALUE      STEP SIZE      LIMITS
     1 norm         5.59091e+05  1.00000e-01     no limits
     2 Q            5.64961e-01  1.00000e-01     no limits
     3 theta        5.13247e-03  1.00000e-01     no limits
     4 pileup       9.99681e-04  1.00000e-01     no limits
 **********
 **    5 **MIGRAD
 **********
 FIRST CALL TO USER FUNCTION AT NEW START POINT, WITH IFLAG=4.
 START MIGRAD MINIMIZATION.  STRATEGY  1.  CONVERGENCE WHEN EDM .LT. 1.00e-04
 FCN=-2.37865e+11 FROM MIGRAD    STATUS=INITIATE       14 CALLS         788 TOTAL
                     EDM= unknown      STRATEGY= 1      NO ERROR MATRIX       
  EXT PARAMETER               CURRENT GUESS       STEP         FIRST   
  NO.   NAME      VALUE            ERROR          SIZE      DERIVATIVE 
   1  norm         5.59091e+05   1.00000e-01   1.00000e-01   4.27551e-03
   2  Q            5.64961e-01   1.00000e-01   1.00000e-01   6.15510e+06
   3  theta        5.13247e-03   1.00000e-01   1.00000e-01   3.43034e+04
   4  pileup       9.99681e-04   1.00000e-01   1.00000e-01  -9.18038e+11
 MIGRAD FAILS TO FIND IMPROVEMENT
 EIGENVALUES OF SECOND-DERIVATIVE MATRIX:
        -3.0691e-02  3.2728e-01  9.1671e-01  2.7867e+00
 MINUIT WARNING IN HESSE   
 ============== MATRIX FORCED POS-DEF BY ADDING 0.033477 TO DIAGONAL.
 FCN=-2.37865e+11 FROM HESSE     STATUS=NOT POSDEF     29 CALLS         828 TOTAL
                     EDM=0.229509    STRATEGY= 1      ERR MATRIX NOT POS-DEF
  EXT PARAMETER                APPROXIMATE        STEP         FIRST   
  NO.   NAME      VALUE            ERROR          SIZE      DERIVATIVE 
   1  norm         5.59091e+05   5.63995e+01   2.66596e+00   4.49300e-03
   2  Q            5.64961e-01   6.45910e-06   1.00000e-03   1.35629e+04
   3  theta        5.13247e-03   6.80508e-03   1.00000e-01   1.61045e+02
   4  pileup       9.99681e-04   9.17492e-08   1.00000e-02   9.61139e+05
 EIGENVALUES OF SECOND-DERIVATIVE MATRIX:
        -6.4889e-02  9.0365e-02  1.3258e+00  2.6487e+00
 MINUIT WARNING IN MIGRAD  
 ============== MATRIX FORCED POS-DEF BY ADDING 0.067538 TO DIAGONAL.
 EIGENVALUES OF SECOND-DERIVATIVE MATRIX:
        -2.2223e-03  3.2174e-03  9.9866e-01  3.0003e+00
 MINUIT WARNING IN MIGRAD  
 ============== MATRIX FORCED POS-DEF BY ADDING 0.005223 TO DIAGONAL.
 MIGRAD FAILS TO FIND IMPROVEMENT
 MACHINE ACCURACY LIMITS FURTHER IMPROVEMENT.
 MIGRAD MINIMIZATION HAS CONVERGED.
 MIGRAD WILL VERIFY CONVERGENCE AND ERROR MATRIX.
 COVARIANCE MATRIX CALCULATED SUCCESSFULLY
 MIGRAD TERMINATED WITHOUT CONVERGENCE.
 FCN=-2.37865e+11 FROM MIGRAD    STATUS=FAILED        206 CALLS         980 TOTAL
                     EDM=0.00314562    STRATEGY= 1      ERR MATRIX APPROXIMATE
  EXT PARAMETER                APPROXIMATE        STEP         FIRST   
  NO.   NAME      VALUE            ERROR          SIZE      DERIVATIVE 
   1  norm         5.59091e+05   9.20821e+00   1.72619e+03   1.24328e-03
   2  Q            5.64961e-01   4.22842e-07   5.54903e-04   4.39898e+03
   3  theta        4.59060e-03   2.98159e-04   3.71223e-01   2.41852e+02
   4  pileup       9.99670e-04   1.07071e-07   2.09845e-05  -6.33744e+05
 EXTERNAL ERROR MATRIX.    NDIM=  25    NPAR=  4    ERR DEF=1
  8.479e+01 -2.172e-07  1.470e-03  1.775e-08 
 -2.172e-07  1.788e-13  1.429e-11 -3.797e-15 
  1.470e-03  1.429e-11  8.890e-08  1.485e-11 
  1.775e-08 -3.797e-15  1.485e-11  1.146e-14 
ERR MATRIX APPROXIMATE
 PARAMETER  CORRELATION COEFFICIENTS  
       NO.  GLOBAL      1      2      3      4
        1  0.61671   1.000 -0.056  0.535  0.018
        2  0.27343  -0.056  1.000  0.113 -0.084
        3  0.72621   0.535  0.113  1.000  0.465
        4  0.56806   0.018 -0.084  0.465  1.000
 ERR MATRIX APPROXIMATE
 **********
 **    6 **MIGRAD 
 **********
 START MIGRAD MINIMIZATION.  STRATEGY  1.  CONVERGENCE WHEN EDM .LT. 1.00e-04
 FCN=-2.37865e+11 FROM MIGRAD    STATUS=INITIATE        8 CALLS         988 TOTAL
                     EDM=0.95279    STRATEGY= 1      ERR MATRIX APPROXIMATE
  EXT PARAMETER                APPROXIMATE        STEP         FIRST   
  NO.   NAME      VALUE            ERROR          SIZE      DERIVATIVE 
   1  norm         5.59091e+05   9.20821e+00   1.72619e+03  -8.98850e-03
   2  Q            5.64961e-01   4.22842e-07   5.54903e-04   4.48914e+03
   3  theta        4.59060e-03   2.98159e-04   3.71223e-01   7.36156e+03
   4  pileup       9.99670e-04   1.07071e-07   2.09845e-05  -5.14508e+06
 MIGRAD FAILS TO FIND IMPROVEMENT
 MACHINE ACCURACY LIMITS FURTHER IMPROVEMENT.
 MIGRAD MINIMIZATION HAS CONVERGED.
 FCN=-2.37865e+11 FROM MIGRAD    STATUS=CONVERGED     148 CALLS        1128 TOTAL
                     EDM=0.792119    STRATEGY= 1  ERROR MATRIX UNCERTAINTY   2.8 per cent
  EXT PARAMETER                                   STEP         FIRST   
  NO.   NAME      VALUE            ERROR          SIZE      DERIVATIVE 
   1  norm         5.59091e+05   7.61125e+00  -0.00000e+00  -7.16032e-02
   2  Q            5.64961e-01   3.93335e-10  -0.00000e+00  -2.99589e+09
   3  theta        4.57654e-03   3.20192e-06  -0.00000e+00   3.76791e+05
   4  pileup       9.99673e-04   5.44089e-08   0.00000e+00  -2.85460e+07
 EXTERNAL ERROR MATRIX.    NDIM=  25    NPAR=  4    ERR DEF=1
  5.793e+01 -1.322e-10 -1.077e-06 -1.678e-07 
 -1.322e-10  1.547e-19  1.260e-15 -3.011e-18 
 -1.077e-06  1.260e-15  1.025e-11 -2.426e-14 
 -1.678e-07 -3.011e-18 -2.426e-14  2.960e-15 
 PARAMETER  CORRELATION COEFFICIENTS  
       NO.  GLOBAL      1      2      3      4
        1  0.41567   1.000 -0.044 -0.044 -0.405
        2  1.00008  -0.044  1.000  1.000 -0.141
        3  1.00008  -0.044  1.000  1.000 -0.139
        4  0.42032  -0.405 -0.141 -0.139  1.000
status of the fit-----000------0
1  559091
2  0.564961
3  0.00457654
4  0.000999673
