  *******************************************
  *                                         *
  *        W E L C O M E  to  R O O T       *
  *                                         *
  *   Version   5.34/36      5 April 2016   *
  *                                         *
  *  You are welcome to visit our Web site  *
  *          http://root.cern.ch            *
  *                                         *
  *******************************************

ROOT 5.34/36 (v5-34-36@v5-34-36, Apr 05 2016, 10:25:45 on linuxx8664gcc)

CINT/ROOT C/C++ Interpreter version 5.18.00, July 2, 2010
Type ? for help. Commands must be C++ statements.
Enclose multiple statements between { }.
Loading root init file.
The rat/rootinit.C file loaded the DEAP style for you, which is available from the fStyle pointer.
DEAP style applied. 
RAT: Libraries loaded.

Processing /home/fatemigh/projects/rpp-jillings/fatemigh/sterile/Likelihood/LikelihoodSterile_modified6.C+(326)...
pased here
566 lines read from file
31
spec_E  566
Before entering fitting
 **********
 **    1 **SET PRINT           2
 **********
 **********
 **    2 **SET NOGRAD
 **********
 PARAMETER DEFINITIONS:
    NO.   NAME         VALUE      STEP SIZE      LIMITS
     1 p0           5.58000e+05  1.67400e+05     no limits
     2 p1           5.65000e-01  1.69500e-01     no limits
     3 p2           0.00000e+00  3.00000e-01     no limits
     4 p3           9.99871e-04  2.99961e-04     no limits
 **********
 **    3 **SET ERR         0.5
 **********
 **********
 **    4 **SET PRINT           2
 **********
 **********
 **    5 **SET STR           1
 **********
 NOW USING STRATEGY  1: TRY TO BALANCE SPEED AGAINST RELIABILITY
 **********
 **    6 **MIGRAD        1480        0.01
 **********
 FIRST CALL TO USER FUNCTION AT NEW START POINT, WITH IFLAG=4.
 START MIGRAD MINIMIZATION.  STRATEGY  1.  CONVERGENCE WHEN EDM .LT. 1.00e-05
 FCN=17352.6 FROM MIGRAD    STATUS=INITIATE       18 CALLS          19 TOTAL
                     EDM= unknown      STRATEGY= 1      NO ERROR MATRIX       
  EXT PARAMETER               CURRENT GUESS       STEP         FIRST   
  NO.   NAME      VALUE            ERROR          SIZE      DERIVATIVE 
   1  p0           5.58000e+05   1.67400e+05   1.67400e+05  -3.63212e+01
   2  p1           5.65000e-01   1.69500e-01   1.69500e-01  -1.12745e+08
   3  p2           0.00000e+00   3.00000e-01   3.00000e-01   0.00000e+00
   4  p3           9.99871e-04   2.99961e-04   2.99961e-04  -9.85543e+08
                               ERR DEF= 0.5
NO ERROR MATRIX       
 FCN=491.201 FROM MIGRAD    STATUS=PROGRESS       34 CALLS          35 TOTAL
                     EDM=1380.37    STRATEGY= 1      NO ERROR MATRIX       
  EXT PARAMETER               CURRENT GUESS       STEP         FIRST   
  NO.   NAME      VALUE            ERROR          SIZE      DERIVATIVE 
   1  p0           5.58440e+05   1.67400e+05   4.40057e+02  -8.27932e-01
   2  p1           5.65142e-01   1.69500e-01   1.41905e-04  -2.54174e+06
   3  p2           0.00000e+00   3.00000e-01  -0.00000e+00   0.00000e+00
   4  p3           1.00164e-03   2.99961e-04   1.77032e-06   4.10739e+08
                               ERR DEF= 0.5
 FCN=67.8173 FROM MIGRAD    STATUS=PROGRESS      148 CALLS         149 TOTAL
                     EDM=3.38418e-06    STRATEGY= 1  ERROR MATRIX UNCERTAINTY 100.0 per cent
  EXT PARAMETER                APPROXIMATE        STEP         FIRST   
  NO.   NAME      VALUE            ERROR          SIZE      DERIVATIVE 
   1  p0           5.59472e+05   3.28448e+02   1.40973e-01  -2.90099e-05
   2  p1           5.64834e-01   1.05340e-04  -4.50355e-08  -1.03201e+02
   3  p2           0.00000e+00   4.91023e-04  -0.00000e+00   0.00000e+00
   4  p3           9.99753e-04   7.07945e-08   1.70297e-11  -3.96494e+03
                               ERR DEF= 0.5
 MIGRAD FAILS TO FIND IMPROVEMENT
 MIGRAD MINIMIZATION HAS CONVERGED.
 MIGRAD WILL VERIFY CONVERGENCE AND ERROR MATRIX.
   START COVARIANCE MATRIX CALCULATION.
 EIGENVALUES OF SECOND-DERIVATIVE MATRIX:
         6.8473e-04  7.9430e-01  1.0099e+00  2.1951e+00
 COVARIANCE MATRIX CALCULATED SUCCESSFULLY
 FCN=67.8173 FROM HESSE     STATUS=OK             29 CALLS         179 TOTAL
                     EDM=5.83771e-06    STRATEGY= 1      ERROR MATRIX ACCURATE 
  EXT PARAMETER                                   STEP         FIRST   
  NO.   NAME      VALUE            ERROR          SIZE      DERIVATIVE 
   1  p0           5.59472e+05   1.38452e+02   2.66777e-01  -1.27461e-05
   2  p1           5.64834e-01   4.45495e-05   2.69334e-07  -1.12778e+02
   3  p2           0.00000e+00   9.93774e-03   5.14503e-05   0.00000e+00
   4  p3           9.99753e-04   6.69482e-08   4.76719e-10  -2.16409e+04
                               ERR DEF= 0.5
 PARAMETER  CORRELATION COEFFICIENTS  
       NO.  GLOBAL      1      2      3      4
        1  0.99931   1.000 -0.999  0.277  0.092
        2  0.99932  -0.999  1.000 -0.276 -0.105
        3  0.28113   0.277 -0.276  1.000 -0.019
        4  0.35739   0.092 -0.105 -0.019  1.000
 MIGRAD FAILS TO FIND IMPROVEMENT
 MIGRAD MINIMIZATION HAS CONVERGED.
 FCN=67.8173 FROM MIGRAD    STATUS=CONVERGED     179 CALLS         180 TOTAL
                     EDM=5.83771e-06    STRATEGY= 1      ERROR MATRIX ACCURATE 
  EXT PARAMETER                                   STEP         FIRST   
  NO.   NAME      VALUE            ERROR          SIZE      DERIVATIVE 
   1  p0           5.59472e+05   1.38452e+02  -0.00000e+00  -1.27461e-05
   2  p1           5.64834e-01   4.45495e-05   0.00000e+00  -1.12778e+02
   3  p2           0.00000e+00   9.93774e-03  -0.00000e+00   0.00000e+00
   4  p3           9.99753e-04   6.69482e-08   0.00000e+00  -2.16409e+04
                               ERR DEF= 0.5
 EXTERNAL ERROR MATRIX.    NDIM=  25    NPAR=  4    ERR DEF=0.5
  1.917e+04 -6.163e-03  3.817e-01  8.497e-07 
 -6.163e-03  1.985e-09 -1.224e-07 -3.135e-13 
  3.817e-01 -1.224e-07  9.876e-05 -1.289e-11 
  8.497e-07 -3.135e-13 -1.289e-11  4.482e-15 
 PARAMETER  CORRELATION COEFFICIENTS  
       NO.  GLOBAL      1      2      3      4
        1  0.99931   1.000 -0.999  0.277  0.092
        2  0.99932  -0.999  1.000 -0.276 -0.105
        3  0.28113   0.277 -0.276  1.000 -0.019
        4  0.35739   0.092 -0.105 -0.019  1.000
 EXTERNAL ERROR MATRIX.    NDIM=   4    NPAR=  4    ERR DEF=0.5
  1.917e+04 -6.163e-03  3.817e-01  8.497e-07 
 -6.163e-03  1.985e-09 -1.224e-07 -3.135e-13 
  3.817e-01 -1.224e-07  9.876e-05 -1.289e-11 
  8.497e-07 -3.135e-13 -1.289e-11  4.482e-15 
 FCN=67.8173 FROM MIGRAD    STATUS=CONVERGED     179 CALLS         180 TOTAL
                     EDM=5.83771e-06    STRATEGY= 1      ERROR MATRIX ACCURATE 
  EXT PARAMETER                  PARABOLIC         MINOS ERRORS        
  NO.   NAME      VALUE            ERROR      NEGATIVE      POSITIVE   
   1  p0           5.59472e+05   1.38452e+02                            
   2  p1           5.64834e-01   4.45495e-05                            
   3  p2           0.00000e+00   9.93774e-03                            
   4  p3           9.99753e-04   6.69482e-08                            
                               ERR DEF= 0.5
------------------------------------------
Enering ROOFIt-------
 PARAMETER DEFINITIONS:
    NO.   NAME         VALUE      STEP SIZE      LIMITS
     1 norm         5.59472e+05  1.00000e-01     no limits
     2 Q            5.65000e-01  1.00000e-01     no limits
     3 theta        0.00000e+00  1.00000e-01     no limits
     4 pileup       9.99753e-04  1.00000e-01     no limits
 **********
 **    1 **MIGRAD
 **********
 FIRST CALL TO USER FUNCTION AT NEW START POINT, WITH IFLAG=4.
 START MIGRAD MINIMIZATION.  STRATEGY  1.  CONVERGENCE WHEN EDM .LT. 1.00e-04
 FCN=-2.37861e+11 FROM MIGRAD    STATUS=INITIATE       14 CALLS          15 TOTAL
                     EDM= unknown      STRATEGY= 1      NO ERROR MATRIX       
  EXT PARAMETER               CURRENT GUESS       STEP         FIRST   
  NO.   NAME      VALUE            ERROR          SIZE      DERIVATIVE 
   1  norm         5.59472e+05   1.00000e-01   1.00000e-01   1.96489e+01
   2  Q            5.65000e-01   1.00000e-01   1.00000e-01   3.07820e+08
   3  theta        0.00000e+00   1.00000e-01   1.00000e-01   0.00000e+00
   4  pileup       9.99753e-04   1.00000e-01   1.00000e-01  -9.17351e+11
 MIGRAD FAILS TO FIND IMPROVEMENT
 EIGENVALUES OF SECOND-DERIVATIVE MATRIX:
        -5.6146e-01  1.6260e-01  9.1631e-01  3.4826e+00
 MINUIT WARNING IN HESSE   
 ============== MATRIX FORCED POS-DEF BY ADDING 0.564943 TO DIAGONAL.
 FCN=-2.37861e+11 FROM HESSE     STATUS=NOT POSDEF     27 CALLS          53 TOTAL
                     EDM=112403    STRATEGY= 1      ERR MATRIX NOT POS-DEF
  EXT PARAMETER                APPROXIMATE        STEP         FIRST   
  NO.   NAME      VALUE            ERROR          SIZE      DERIVATIVE 
   1  norm         5.59472e+05   1.75282e+01   2.66777e+00   1.96488e+01
   2  Q            5.65000e-01   4.76954e-06   1.00000e-03   6.11578e+07
   3  theta        0.00000e+00   1.74208e-02   1.00000e-01   0.00000e+00
   4  pileup       9.99753e-04   1.20829e-07   1.00000e-02   5.50691e+08
 MINUIT WARNING IN MIGRAD  
 ============== Negative diagonal element 2 in Error Matrix
 MINUIT WARNING IN MIGRAD  
 ============== 1 added to diagonal of error matrix
 MIGRAD FAILS TO FIND IMPROVEMENT
 MIGRAD TERMINATED WITHOUT CONVERGENCE.
 FCN=-2.37861e+11 FROM MIGRAD    STATUS=FAILED        217 CALLS         218 TOTAL
                     EDM=2.14497e+17    STRATEGY= 1      ERR MATRIX NOT POS-DEF
  EXT PARAMETER                APPROXIMATE        STEP         FIRST   
  NO.   NAME      VALUE            ERROR          SIZE      DERIVATIVE 
   1  norm         5.58927e+05   8.86611e+00  -0.00000e+00   1.27805e-02
   2  Q            5.65009e-01   7.89602e-05   0.00000e+00   7.50969e+08
   3  theta       -3.04873e-04   1.00000e+00   0.00000e+00  -3.80612e+02
   4  pileup       9.99811e-04   1.00000e+00   0.00000e+00  -1.07312e+07
 EXTERNAL ERROR MATRIX.    NDIM=  25    NPAR=  4    ERR DEF=1
  7.861e+01 -4.417e-11  1.546e-04 -6.609e-07 
 -4.417e-11  6.235e-09 -4.243e-08  7.896e-05 
  1.546e-04 -4.243e-08  1.000e+00  2.498e-12 
 -6.609e-07  7.896e-05  2.498e-12  1.000e+00 
ERR MATRIX NOT POS-DEF
 PARAMETER  CORRELATION COEFFICIENTS  
       NO.  GLOBAL      1      2      3      4
        1  0.00000   1.000 -0.000  0.000 -0.000
        2  1.00000  -0.000  1.000 -0.001  1.000
        3  1.00275   0.000 -0.001  1.000  0.000
        4  1.00000  -0.000  1.000  0.000  1.000
 ERR MATRIX NOT POS-DEF
 **********
 **    2 **MIGRAD 
 **********
 START MIGRAD MINIMIZATION.  STRATEGY  1.  CONVERGENCE WHEN EDM .LT. 1.00e-04
 FCN=-2.37861e+11 FROM MIGRAD    STATUS=INITIATE       14 CALLS         232 TOTAL
                     EDM=4.20183e+13    STRATEGY= 1      ERR MATRIX NOT POS-DEF
  EXT PARAMETER                APPROXIMATE        STEP         FIRST   
  NO.   NAME      VALUE            ERROR          SIZE      DERIVATIVE 
   1  norm         5.58927e+05   8.86611e+00  -0.00000e+00   1.27806e-02
   2  Q            5.65009e-01   7.89602e-05   0.00000e+00   2.43637e+05
   3  theta       -3.04873e-04   1.00000e+00   0.00000e+00  -3.66338e+02
   4  pileup       9.99811e-04   1.00000e+00   0.00000e+00  -1.07312e+07
 MIGRAD FAILS TO FIND IMPROVEMENT
 EIGENVALUES OF SECOND-DERIVATIVE MATRIX:
        -2.7460e-04  3.7294e-01  8.5206e-01  2.7753e+00
 MINUIT WARNING IN HESSE   
 ============== MATRIX FORCED POS-DEF BY ADDING 0.003050 TO DIAGONAL.
 FCN=-2.37861e+11 FROM HESSE     STATUS=NOT POSDEF     29 CALLS         272 TOTAL
                     EDM=0.975001    STRATEGY= 1      ERR MATRIX NOT POS-DEF
  EXT PARAMETER                APPROXIMATE        STEP         FIRST   
  NO.   NAME      VALUE            ERROR          SIZE      DERIVATIVE 
   1  norm         5.58927e+05   9.72277e+01   1.72570e+03   7.73001e-02
   2  Q            5.65009e-01   3.13627e-05   9.43474e-05   2.43567e+05
   3  theta       -3.04873e-04   2.60041e-03   4.29934e-02   5.84714e+00
   4  pileup       9.99811e-04   1.03810e-07   2.09858e-05   1.77045e+07
 MIGRAD FAILS TO FIND IMPROVEMENT
 MACHINE ACCURACY LIMITS FURTHER IMPROVEMENT.
 MIGRAD MINIMIZATION HAS CONVERGED.
 MIGRAD WILL VERIFY CONVERGENCE AND ERROR MATRIX.
 EIGENVALUES OF SECOND-DERIVATIVE MATRIX:
        -4.3160e-04  3.8303e-01  8.5125e-01  2.7661e+00
 MINUIT WARNING IN HESSE   
 ============== MATRIX FORCED POS-DEF BY ADDING 0.003198 TO DIAGONAL.
 MIGRAD TERMINATED WITHOUT CONVERGENCE.
 FCN=-2.37861e+11 FROM MIGRAD    STATUS=FAILED        142 CALLS         360 TOTAL
                     EDM=0.0122757    STRATEGY= 1      ERR MATRIX NOT POS-DEF
  EXT PARAMETER                APPROXIMATE        STEP         FIRST   
  NO.   NAME      VALUE            ERROR          SIZE      DERIVATIVE 
   1  norm         5.58975e+05   9.68778e+01   1.72584e+03   1.43575e-02
   2  Q            5.64994e-01   3.15672e-05   9.41807e-05   4.62102e+04
   3  theta       -6.99925e-04   1.03989e-03   1.07217e-01  -2.12658e+02
   4  pileup       9.99746e-04   1.03532e-07   2.09848e-05   1.03919e+06
 EXTERNAL ERROR MATRIX.    NDIM=  25    NPAR=  4    ERR DEF=1
  9.385e+03 -3.045e-03 -2.123e-02 -7.519e-07 
 -3.045e-03  9.965e-10  8.550e-09  2.370e-13 
 -2.123e-02  8.550e-09  1.081e-06  4.615e-11 
 -7.519e-07  2.370e-13  4.615e-11  1.072e-14 
ERR MATRIX NOT POS-DEF
 PARAMETER  CORRELATION COEFFICIENTS  
       NO.  GLOBAL      1      2      3      4
        1  0.99721   1.000 -0.996 -0.211 -0.075
        2  0.99728  -0.996  1.000  0.260  0.073
        3  0.71893  -0.211  0.260  1.000  0.429
        4  0.52714  -0.075  0.073  0.429  1.000
 ERR MATRIX NOT POS-DEF
status of the fit-----000------4
1  558975
2  0.564994
3  -0.000699925
4  0.000999746
 PARAMETER DEFINITIONS:
    NO.   NAME         VALUE      STEP SIZE      LIMITS
     1 norm         5.58975e+05  1.00000e-01     no limits
     2 Q            5.64994e-01  1.00000e-01     no limits
     3 theta       -6.99925e-04  1.00000e-01     no limits
     4 pileup       9.99746e-04  1.00000e-01     no limits
 **********
 **    3 **MIGRAD
 **********
 FIRST CALL TO USER FUNCTION AT NEW START POINT, WITH IFLAG=4.
 START MIGRAD MINIMIZATION.  STRATEGY  1.  CONVERGENCE WHEN EDM .LT. 1.00e-04
 FCN=-2.37861e+11 FROM MIGRAD    STATUS=INITIATE       14 CALLS         375 TOTAL
                     EDM= unknown      STRATEGY= 1      NO ERROR MATRIX       
  EXT PARAMETER               CURRENT GUESS       STEP         FIRST   
  NO.   NAME      VALUE            ERROR          SIZE      DERIVATIVE 
   1  norm         5.58975e+05   1.00000e-01   1.00000e-01   1.44608e-02
   2  Q            5.64994e-01   1.00000e-01   1.00000e-01   7.12150e+06
   3  theta       -6.99925e-04   1.00000e-01   1.00000e-01  -4.65075e+03
   4  pileup       9.99746e-04   1.00000e-01   1.00000e-01  -9.18047e+11
 MIGRAD FAILS TO FIND IMPROVEMENT
 COVARIANCE MATRIX CALCULATED SUCCESSFULLY
 FCN=-2.37861e+11 FROM HESSE     STATUS=OK             29 CALLS         415 TOTAL
                     EDM=0.369337    STRATEGY= 1      ERROR MATRIX ACCURATE 
  EXT PARAMETER                                   STEP         FIRST   
  NO.   NAME      VALUE            ERROR          SIZE      DERIVATIVE 
   1  norm         5.58975e+05   4.99332e+01   2.66540e+00   1.43692e-02
   2  Q            5.64994e-01   4.58651e-06   1.00000e-03   4.62154e+04
   3  theta       -6.99925e-04   3.97513e-03   1.00000e-01  -1.84929e+02
   4  pileup       9.99746e-04   9.24334e-08   1.00000e-02   4.91761e+05
 EIGENVALUES OF SECOND-DERIVATIVE MATRIX:
        -9.7387e-02  7.1487e-02  1.5322e+00  2.4937e+00
 MINUIT WARNING IN MIGRAD  
 ============== MATRIX FORCED POS-DEF BY ADDING 0.099881 TO DIAGONAL.
 EIGENVALUES OF SECOND-DERIVATIVE MATRIX:
        -1.9869e-01  2.4785e-03  9.6866e-01  3.2276e+00
 MINUIT WARNING IN MIGRAD  
 ============== MATRIX FORCED POS-DEF BY ADDING 0.201922 TO DIAGONAL.
 MIGRAD FAILS TO FIND IMPROVEMENT
 MIGRAD TERMINATED WITHOUT CONVERGENCE.
 FCN=-2.37861e+11 FROM MIGRAD    STATUS=FAILED         96 CALLS         457 TOTAL
                     EDM=540969    STRATEGY= 1  ERROR MATRIX UNCERTAINTY 100.0 per cent
  EXT PARAMETER                APPROXIMATE        STEP         FIRST   
  NO.   NAME      VALUE            ERROR          SIZE      DERIVATIVE 
   1  norm         5.58974e+05   1.21416e+01  -0.00000e+00  -4.83170e-04
   2  Q            5.64994e-01   3.14308e-09  -0.00000e+00  -5.13357e+08
   3  theta       -6.56986e-04   1.83808e-04  -0.00000e+00  -4.33668e+03
   4  pileup       9.99746e-04   1.02883e-07   0.00000e+00  -2.78009e+07
 EXTERNAL ERROR MATRIX.    NDIM=  25    NPAR=  4    ERR DEF=1
  1.474e+02  4.886e-09  2.554e-04 -1.773e-07 
  4.886e-09  9.879e-18  5.523e-13 -3.081e-16 
  2.554e-04  5.523e-13  3.379e-08 -1.569e-11 
 -1.773e-07 -3.081e-16 -1.569e-11  1.058e-14 
ERR MATRIX APPROXIMATE
 PARAMETER  CORRELATION COEFFICIENTS  
       NO.  GLOBAL      1      2      3      4
        1  0.16533   1.000  0.128  0.114 -0.142
        2  0.99792   0.128  1.000  0.956 -0.953
        3  0.99295   0.114  0.956  1.000 -0.829
        4  0.99247  -0.142 -0.953 -0.829  1.000
 ERR MATRIX APPROXIMATE
 **********
 **    4 **MIGRAD 
 **********
 START MIGRAD MINIMIZATION.  STRATEGY  1.  CONVERGENCE WHEN EDM .LT. 1.00e-04
 FCN=-2.37861e+11 FROM MIGRAD    STATUS=INITIATE       12 CALLS         469 TOTAL
                     EDM=3.32352    STRATEGY= 1  ERROR MATRIX UNCERTAINTY 100.0 per cent
  EXT PARAMETER                APPROXIMATE        STEP         FIRST   
  NO.   NAME      VALUE            ERROR          SIZE      DERIVATIVE 
   1  norm         5.58974e+05   1.21416e+01  -0.00000e+00  -6.58929e-03
   2  Q            5.64994e-01   3.14308e-09  -0.00000e+00   7.29074e+00
   3  theta       -6.56986e-04   1.83808e-04  -0.00000e+00  -1.51732e+04
   4  pileup       9.99746e-04   1.02883e-07   0.00000e+00  -2.78011e+07
 MIGRAD FAILS TO FIND IMPROVEMENT
 MACHINE ACCURACY LIMITS FURTHER IMPROVEMENT.
 MIGRAD MINIMIZATION HAS CONVERGED.
 MIGRAD WILL VERIFY CONVERGENCE AND ERROR MATRIX.
 COVARIANCE MATRIX CALCULATED SUCCESSFULLY
 FCN=-2.37861e+11 FROM HESSE     STATUS=OK             31 CALLS         534 TOTAL
                     EDM=0.00113615    STRATEGY= 1      ERROR MATRIX ACCURATE 
  EXT PARAMETER                                   STEP         FIRST   
  NO.   NAME      VALUE            ERROR          SIZE      DERIVATIVE 
   1  norm         5.58974e+05   9.55467e+00   1.72584e+03  -5.11472e-04
   2  Q            5.64994e-01   9.35951e-07   5.54949e-04  -1.83301e+01
   3  theta       -6.56962e-04   2.09993e-03   9.93391e-02  -7.60335e+00
   4  pileup       9.99746e-04   1.03978e-07   2.09848e-05   6.41171e+05
 EIGENVALUES OF SECOND-DERIVATIVE MATRIX:
        -1.1954e-02  7.9792e-02  7.4137e-01  3.1908e+00
 MINUIT WARNING IN MIGRAD  
 ============== MATRIX FORCED POS-DEF BY ADDING 0.015145 TO DIAGONAL.
 MIGRAD FAILS TO FIND IMPROVEMENT
 MIGRAD TERMINATED WITHOUT CONVERGENCE.
 FCN=-2.37861e+11 FROM MIGRAD    STATUS=FAILED        123 CALLS         580 TOTAL
                     EDM=33578.6    STRATEGY= 1      ERR MATRIX NOT POS-DEF
  EXT PARAMETER                APPROXIMATE        STEP         FIRST   
  NO.   NAME      VALUE            ERROR          SIZE      DERIVATIVE 
   1  norm         5.58974e+05   8.40065e+00   0.00000e+00  -6.45236e-02
   2  Q            5.64994e-01   2.80102e-09  -0.00000e+00  -5.13402e+08
   3  theta       -6.50103e-04   4.52560e-04   0.00000e+00  -8.94459e+02
   4  pileup       9.99744e-04   7.41521e-08   0.00000e+00  -2.83211e+07
 EXTERNAL ERROR MATRIX.    NDIM=  25    NPAR=  4    ERR DEF=1
  7.057e+01  8.937e-09  1.515e-03 -3.629e-07 
  8.937e-09  7.846e-18  1.176e-12 -2.014e-16 
  1.515e-03  1.176e-12  2.048e-07 -3.048e-11 
 -3.629e-07 -2.014e-16 -3.048e-11  5.499e-15 
ERR MATRIX NOT POS-DEF
 PARAMETER  CORRELATION COEFFICIENTS  
       NO.  GLOBAL      1      2      3      4
        1  0.95697   1.000  0.380  0.398 -0.583
        2  0.99648   0.380  1.000  0.928 -0.970
        3  0.93015   0.398  0.928  1.000 -0.908
        4  0.99703  -0.583 -0.970 -0.908  1.000
 ERR MATRIX NOT POS-DEF
status of the fit-----000------4
1  558974
2  0.564994
3  -0.000650103
4  0.000999744
 PARAMETER DEFINITIONS:
    NO.   NAME         VALUE      STEP SIZE      LIMITS
     1 norm         5.58974e+05  1.00000e-01     no limits
     2 Q            5.64994e-01  1.00000e-01     no limits
     3 theta       -6.50103e-04  1.00000e-01     no limits
     4 pileup       9.99744e-04  1.00000e-01     no limits
 **********
 **    5 **MIGRAD
 **********
 FIRST CALL TO USER FUNCTION AT NEW START POINT, WITH IFLAG=4.
 START MIGRAD MINIMIZATION.  STRATEGY  1.  CONVERGENCE WHEN EDM .LT. 1.00e-04
 FCN=-2.37861e+11 FROM MIGRAD    STATUS=INITIATE       14 CALLS         595 TOTAL
                     EDM= unknown      STRATEGY= 1      NO ERROR MATRIX       
  EXT PARAMETER               CURRENT GUESS       STEP         FIRST   
  NO.   NAME      VALUE            ERROR          SIZE      DERIVATIVE 
   1  norm         5.58974e+05   1.00000e-01   1.00000e-01   9.73211e-05
   2  Q            5.64994e-01   1.00000e-01   1.00000e-01   6.88039e+06
   3  theta       -6.50103e-04   1.00000e-01   1.00000e-01  -4.32102e+03
   4  pileup       9.99744e-04   1.00000e-01   1.00000e-01  -9.18047e+11
 MIGRAD FAILS TO FIND IMPROVEMENT
 COVARIANCE MATRIX CALCULATED SUCCESSFULLY
 FCN=-2.37861e+11 FROM HESSE     STATUS=OK             29 CALLS         635 TOTAL
                     EDM=0.000440655    STRATEGY= 1      ERROR MATRIX ACCURATE 
  EXT PARAMETER                                   STEP         FIRST   
  NO.   NAME      VALUE            ERROR          SIZE      DERIVATIVE 
   1  norm         5.58974e+05   5.10524e+01   2.66540e+00  -2.86239e-04
   2  Q            5.64994e-01   4.69572e-06   1.00000e-03   1.50964e+03
   3  theta       -6.50103e-04   4.06793e-03   1.00000e-01  -7.85446e+00
   4  pileup       9.99744e-04   9.24334e-08   1.00000e-02  -4.27008e+05
 MIGRAD FAILS TO FIND IMPROVEMENT
 MACHINE ACCURACY LIMITS FURTHER IMPROVEMENT.
 MIGRAD MINIMIZATION HAS CONVERGED.
 FCN=-2.37861e+11 FROM MIGRAD    STATUS=CONVERGED      61 CALLS         642 TOTAL
                     EDM=0.000440655    STRATEGY= 1      ERROR MATRIX ACCURATE 
  EXT PARAMETER                                   STEP         FIRST   
  NO.   NAME      VALUE            ERROR          SIZE      DERIVATIVE 
   1  norm         5.58974e+05   5.10524e+01  -0.00000e+00  -2.86239e-04
   2  Q            5.64994e-01   4.69572e-06   0.00000e+00   1.50964e+03
   3  theta       -6.50103e-04   4.06793e-03   0.00000e+00  -7.85446e+00
   4  pileup       9.99744e-04   9.24334e-08   0.00000e+00  -4.27008e+05
 EXTERNAL ERROR MATRIX.    NDIM=  25    NPAR=  4    ERR DEF=1
  2.606e+03 -2.358e-04 -1.929e-01  1.006e-08 
 -2.358e-04  2.205e-11  1.854e-08 -9.460e-15 
 -1.929e-01  1.854e-08  1.655e-05  1.309e-12 
  1.006e-08 -9.460e-15  1.309e-12  8.544e-15 
 PARAMETER  CORRELATION COEFFICIENTS  
       NO.  GLOBAL      1      2      3      4
        1  0.98988   1.000 -0.984 -0.929  0.002
        2  0.99575  -0.984  1.000  0.970 -0.022
        3  0.98163  -0.929  0.970  1.000  0.003
        4  0.23232   0.002 -0.022  0.003  1.000
 **********
 **    6 **MIGRAD 
 **********
 START MIGRAD MINIMIZATION.  STRATEGY  1.  CONVERGENCE WHEN EDM .LT. 1.00e-04
 FCN=-2.37861e+11 FROM MIGRAD    STATUS=INITIATE        8 CALLS         650 TOTAL
                     EDM=3.8357    STRATEGY= 1      ERROR MATRIX ACCURATE 
  EXT PARAMETER                                   STEP         FIRST   
  NO.   NAME      VALUE            ERROR          SIZE      DERIVATIVE 
   1  norm         5.58974e+05   5.10524e+01  -0.00000e+00   1.08771e-04
   2  Q            5.64994e-01   4.69572e-06   0.00000e+00   1.60455e+03
   3  theta       -6.50103e-04   4.06793e-03   0.00000e+00  -6.89796e+02
   4  pileup       9.99744e-04   9.24334e-08   0.00000e+00  -2.94833e+07
 MIGRAD FAILS TO FIND IMPROVEMENT
 MACHINE ACCURACY LIMITS FURTHER IMPROVEMENT.
 MIGRAD MINIMIZATION HAS CONVERGED.
 FCN=-2.37861e+11 FROM MIGRAD    STATUS=CONVERGED      19 CALLS         661 TOTAL
                     EDM=3.8357    STRATEGY= 1      ERROR MATRIX ACCURATE 
  EXT PARAMETER                                   STEP         FIRST   
  NO.   NAME      VALUE            ERROR          SIZE      DERIVATIVE 
   1  norm         5.58974e+05   5.10524e+01  -0.00000e+00   1.08771e-04
   2  Q            5.64994e-01   4.69572e-06   0.00000e+00   1.60455e+03
   3  theta       -6.50103e-04   4.06793e-03   0.00000e+00  -6.89796e+02
   4  pileup       9.99744e-04   9.24334e-08   0.00000e+00  -2.94833e+07
 EXTERNAL ERROR MATRIX.    NDIM=  25    NPAR=  4    ERR DEF=1
  2.606e+03 -2.358e-04 -1.929e-01  1.006e-08 
 -2.358e-04  2.205e-11  1.854e-08 -9.460e-15 
 -1.929e-01  1.854e-08  1.655e-05  1.309e-12 
  1.006e-08 -9.460e-15  1.309e-12  8.544e-15 
 PARAMETER  CORRELATION COEFFICIENTS  
       NO.  GLOBAL      1      2      3      4
        1  0.98988   1.000 -0.984 -0.929  0.002
        2  0.99575  -0.984  1.000  0.970 -0.022
        3  0.98163  -0.929  0.970  1.000  0.003
        4  0.23232   0.002 -0.022  0.003  1.000
status of the fit-----000------0
1  558974
2  0.564994
3  -0.000650103
4  0.000999744
 **********
 **    7 **SET PRINT           2
 **********
 **********
 **    8 **SET NOGRAD
 **********
 PARAMETER DEFINITIONS:
    NO.   NAME         VALUE      STEP SIZE      LIMITS
     1 p0           5.58000e+05  1.67400e+05     no limits
     2 p1           5.65000e-01  1.69500e-01     no limits
     3 p2           0.00000e+00  3.00000e-01     no limits
     4 p3           9.99871e-04  2.99961e-04     no limits
 **********
 **    9 **SET ERR         0.5
 **********
 **********
 **   10 **SET PRINT           2
 **********
 **********
 **   11 **SET STR           1
 **********
 NOW USING STRATEGY  1: TRY TO BALANCE SPEED AGAINST RELIABILITY
 **********
 **   12 **MIGRAD        1480        0.01
 **********
 FIRST CALL TO USER FUNCTION AT NEW START POINT, WITH IFLAG=4.
 START MIGRAD MINIMIZATION.  STRATEGY  1.  CONVERGENCE WHEN EDM .LT. 1.00e-05
 FCN=17237.9 FROM MIGRAD    STATUS=INITIATE       18 CALLS          19 TOTAL
                     EDM= unknown      STRATEGY= 1      NO ERROR MATRIX       
  EXT PARAMETER               CURRENT GUESS       STEP         FIRST   
  NO.   NAME      VALUE            ERROR          SIZE      DERIVATIVE 
   1  p0           5.58000e+05   1.67400e+05   1.67400e+05  -3.62006e+01
   2  p1           5.65000e-01   1.69500e-01   1.69500e-01  -1.12370e+08
   3  p2           0.00000e+00   3.00000e-01   3.00000e-01   0.00000e+00
   4  p3           9.99871e-04   2.99961e-04   2.99961e-04  -9.76697e+08
                               ERR DEF= 0.5
NO ERROR MATRIX       
 FCN=494.35 FROM MIGRAD    STATUS=PROGRESS       34 CALLS          35 TOTAL
                     EDM=1394.38    STRATEGY= 1      NO ERROR MATRIX       
  EXT PARAMETER               CURRENT GUESS       STEP         FIRST   
  NO.   NAME      VALUE            ERROR          SIZE      DERIVATIVE 
   1  p0           5.58439e+05   1.67400e+05   4.38700e+02  -8.27656e-01
   2  p1           5.65141e-01   1.69500e-01   1.41466e-04  -2.54087e+06
   3  p2           0.00000e+00   3.00000e-01  -0.00000e+00   0.00000e+00
   4  p3           1.00163e-03   2.99961e-04   1.75486e-06   4.12936e+08
                               ERR DEF= 0.5
 FCN=67.249 FROM MIGRAD    STATUS=PROGRESS      145 CALLS         146 TOTAL
                     EDM=5.81917e-05    STRATEGY= 1  ERROR MATRIX UNCERTAINTY  51.5 per cent
  EXT PARAMETER                APPROXIMATE        STEP         FIRST   
  NO.   NAME      VALUE            ERROR          SIZE      DERIVATIVE 
   1  p0           5.58479e+05   5.04892e+01   4.23641e-01   7.34567e-03
   2  p1           5.65153e-01   1.53426e-05  -1.25471e-07   2.55862e+04
   3  p2           0.00000e+00   4.93370e-04  -0.00000e+00   0.00000e+00
   4  p3           9.99710e-04   6.53443e-08   1.40540e-10   6.50751e+05
                               ERR DEF= 0.5
 MIGRAD FAILS TO FIND IMPROVEMENT
   START COVARIANCE MATRIX CALCULATION.
 MINUIT WARNING IN HESSE   
 ============== Negative diagonal element 3 in Error Matrix
 MINUIT WARNING IN HESSE   
 ============== 8763.94 added to diagonal of error matrix
 EIGENVALUES OF SECOND-DERIVATIVE MATRIX:
        -9.0526e+00  9.2295e-01  1.0000e+00  1.1130e+01
 MINUIT WARNING IN HESSE   
 ============== MATRIX FORCED POS-DEF BY ADDING 9.063736 TO DIAGONAL.
 FCN=66.8318 FROM HESSE     STATUS=NOT POSDEF     29 CALLS         258 TOTAL
                     EDM=4.40072e-06    STRATEGY= 1      ERR MATRIX NOT POS-DEF
  EXT PARAMETER                APPROXIMATE        STEP         FIRST   
  NO.   NAME      VALUE            ERROR          SIZE      DERIVATIVE 
   1  p0           5.59425e+05   3.36728e-03   2.66755e-01  -2.62189e-05
   2  p1           5.64848e-01   1.11913e-06   2.69341e-07  -7.23913e+01
   3  p2           0.00000e+00   6.71402e+00   5.11167e-05   0.00000e+00
   4  p3           9.99727e-04   3.93953e-07   4.76707e-10   7.71182e+03
                               ERR DEF= 0.5
 PARAMETER  CORRELATION COEFFICIENTS  
       NO.  GLOBAL      1      2      3      4
        1  0.00655   1.000  0.006  0.007  0.007
        2  0.88585   0.006  1.000  0.886  0.884
        3  0.99890   0.007  0.886  1.000  0.999
        4  0.99888   0.007  0.884  0.999  1.000
 ERR MATRIX NOT POS-DEF
 MIGRAD FAILS TO FIND IMPROVEMENT
 MIGRAD MINIMIZATION HAS CONVERGED.
 MIGRAD WILL VERIFY CONVERGENCE AND ERROR MATRIX.
   START COVARIANCE MATRIX CALCULATION.
 MINUIT WARNING IN HESSE   
 ============== Negative diagonal element 3 in Error Matrix
 MINUIT WARNING IN HESSE   
 ============== 8763.94 added to diagonal of error matrix
 EIGENVALUES OF SECOND-DERIVATIVE MATRIX:
        -5.2999e-01  8.1736e-01  9.9999e-01  2.7126e+00
 MINUIT WARNING IN HESSE   
 ============== MATRIX FORCED POS-DEF BY ADDING 0.532701 TO DIAGONAL.
 FCN=66.8318 FROM MIGRAD    STATUS=CONVERGED     287 CALLS         288 TOTAL
                     EDM=4.8624e-06    STRATEGY= 1      ERR MATRIX NOT POS-DEF
  EXT PARAMETER                APPROXIMATE        STEP         FIRST   
  NO.   NAME      VALUE            ERROR          SIZE      DERIVATIVE 
   1  p0           5.59425e+05   8.63253e-03   1.33377e-01  -2.62189e-05
   2  p1           5.64848e-01   2.20853e-05   1.34670e-07  -7.23913e+01
   3  p2           0.00000e+00   1.37067e+01   5.11167e-05   0.00000e+00
   4  p3           9.99727e-04   8.76561e-08   1.12809e-08  -8.06909e+03
                               ERR DEF= 0.5
 EXTERNAL ERROR MATRIX.    NDIM=  25    NPAR=  4    ERR DEF=0.5
  7.452e-05  6.002e-09  3.742e-03  1.926e-11 
  6.002e-09  4.878e-10  3.021e-04  1.546e-12 
  3.742e-03  3.021e-04  1.879e+02  9.710e-07 
  1.926e-11  1.546e-12  9.710e-07  7.684e-15 
ERR MATRIX NOT POS-DEF
 PARAMETER  CORRELATION COEFFICIENTS  
       NO.  GLOBAL      1      2      3      4
        1  0.03165   1.000  0.031  0.032  0.025
        2  0.99818   0.031  1.000  0.998  0.799
        3  0.99826   0.032  0.998  1.000  0.808
        4  0.81872   0.025  0.799  0.808  1.000
 ERR MATRIX NOT POS-DEF
 **********
 **   13 **HESSE        1480
 **********
   START COVARIANCE MATRIX CALCULATION.
 MINUIT WARNING IN HESSE   
 ============== Negative diagonal element 3 in Error Matrix
 MINUIT WARNING IN HESSE   
 ============== 8763.94 added to diagonal of error matrix
 EIGENVALUES OF SECOND-DERIVATIVE MATRIX:
        -6.9148e-01  6.8592e-01  9.9999e-01  3.0056e+00
 MINUIT WARNING IN HESSE   
 ============== MATRIX FORCED POS-DEF BY ADDING 0.694483 TO DIAGONAL.
 FCN=66.8318 FROM HESSE     STATUS=NOT POSDEF     27 CALLS         315 TOTAL
                     EDM=2.62422e-06    STRATEGY= 1      ERR MATRIX NOT POS-DEF
  EXT PARAMETER                APPROXIMATE     INTERNAL      INTERNAL  
  NO.   NAME      VALUE            ERROR       STEP SIZE       VALUE   
   1  p0           5.59425e+05   8.20977e-03   1.33377e-01   5.59425e+05
   2  p1           5.64848e-01   1.79429e-05   1.34670e-07   5.64848e-01
   3  p2           0.00000e+00   1.33964e+01   5.11167e-05   0.00000e+00
   4  p3           9.99727e-04   3.71483e-07   9.30858e-09   9.99727e-04
                               ERR DEF= 0.5
 EXTERNAL ERROR MATRIX.    NDIM=  25    NPAR=  4    ERR DEF=0.5
  6.740e-05  4.444e-09  3.336e-03  9.163e-11 
  4.444e-09  3.219e-10  2.397e-04  6.578e-12 
  3.336e-03  2.397e-04  1.795e+02  4.933e-06 
  9.163e-11  6.578e-12  4.933e-06  1.380e-13 
ERR MATRIX NOT POS-DEF
 PARAMETER  CORRELATION COEFFICIENTS  
       NO.  GLOBAL      1      2      3      4
        1  0.03036   1.000  0.030  0.030  0.030
        2  0.99751   0.030  1.000  0.997  0.987
        3  0.99835   0.030  0.997  1.000  0.991
        4  0.99166   0.030  0.987  0.991  1.000
 ERR MATRIX NOT POS-DEF
 EXTERNAL ERROR MATRIX.    NDIM=   4    NPAR=  4    ERR DEF=0.5
  6.740e-05  4.444e-09  3.336e-03  9.163e-11 
  4.444e-09  3.219e-10  2.397e-04  6.578e-12 
  3.336e-03  2.397e-04  1.795e+02  4.933e-06 
  9.163e-11  6.578e-12  4.933e-06  1.380e-13 
 FCN=66.8318 FROM HESSE     STATUS=NOT POSDEF     27 CALLS         315 TOTAL
                     EDM=2.62422e-06    STRATEGY= 1      ERR MATRIX NOT POS-DEF
  EXT PARAMETER                  PARABOLIC         MINOS ERRORS        
  NO.   NAME      VALUE            ERROR      NEGATIVE      POSITIVE   
   1  p0           5.59425e+05   8.20977e-03                            
   2  p1           5.64848e-01   1.79429e-05                            
   3  p2           0.00000e+00   1.33964e+01                            
   4  p3           9.99727e-04   3.71483e-07                            
                               ERR DEF= 0.5
------------------------------------------
Enering ROOFIt-------
 PARAMETER DEFINITIONS:
    NO.   NAME         VALUE      STEP SIZE      LIMITS
     1 norm         5.59425e+05  1.00000e-01     no limits
     2 Q            5.65000e-01  1.00000e-01     no limits
     3 theta        0.00000e+00  1.00000e-01     no limits
     4 pileup       9.99727e-04  1.00000e-01     no limits
 **********
 **    1 **MIGRAD
 **********
 FIRST CALL TO USER FUNCTION AT NEW START POINT, WITH IFLAG=4.
 START MIGRAD MINIMIZATION.  STRATEGY  1.  CONVERGENCE WHEN EDM .LT. 1.00e-04
 FCN=-2.37859e+11 FROM MIGRAD    STATUS=INITIATE       14 CALLS          15 TOTAL
                     EDM= unknown      STRATEGY= 1      NO ERROR MATRIX       
  EXT PARAMETER               CURRENT GUESS       STEP         FIRST   
  NO.   NAME      VALUE            ERROR          SIZE      DERIVATIVE 
   1  norm         5.59425e+05   1.00000e-01   1.00000e-01   1.79714e+01
   2  Q            5.65000e-01   1.00000e-01   1.00000e-01   2.82585e+08
   3  theta        0.00000e+00   1.00000e-01   1.00000e-01   0.00000e+00
   4  pileup       9.99727e-04   1.00000e-01   1.00000e-01  -9.17373e+11
 MIGRAD FAILS TO FIND IMPROVEMENT
 EIGENVALUES OF SECOND-DERIVATIVE MATRIX:
        -4.3753e-01  1.7207e-01  9.1635e-01  3.3491e+00
 MINUIT WARNING IN HESSE   
 ============== MATRIX FORCED POS-DEF BY ADDING 0.440879 TO DIAGONAL.
 FCN=-2.37859e+11 FROM HESSE     STATUS=NOT POSDEF     27 CALLS          53 TOTAL
                     EDM=68020.4    STRATEGY= 1      ERR MATRIX NOT POS-DEF
  EXT PARAMETER                APPROXIMATE        STEP         FIRST   
  NO.   NAME      VALUE            ERROR          SIZE      DERIVATIVE 
   1  norm         5.59425e+05   1.28383e+01   2.66755e+00   1.79713e+01
   2  Q            5.65000e-01   5.01725e-06   1.00000e-03   5.59319e+07
   3  theta        0.00000e+00   1.62429e-02   1.00000e-01   0.00000e+00
   4  pileup       9.99727e-04   1.15751e-07   1.00000e-02   5.03624e+08
 MIGRAD FAILS TO FIND IMPROVEMENT
 MACHINE ACCURACY LIMITS FURTHER IMPROVEMENT.
 MIGRAD MINIMIZATION HAS CONVERGED.
 MIGRAD WILL VERIFY CONVERGENCE AND ERROR MATRIX.
 EIGENVALUES OF SECOND-DERIVATIVE MATRIX:
        -1.7078e-01  4.4568e-01  6.6987e-01  3.0552e+00
 MINUIT WARNING IN HESSE   
 ============== MATRIX FORCED POS-DEF BY ADDING 0.173833 TO DIAGONAL.
 MIGRAD TERMINATED WITHOUT CONVERGENCE.
 FCN=-2.37859e+11 FROM MIGRAD    STATUS=FAILED        231 CALLS         232 TOTAL
                     EDM=4.28439    STRATEGY= 1      ERR MATRIX NOT POS-DEF
  EXT PARAMETER                APPROXIMATE        STEP         FIRST   
  NO.   NAME      VALUE            ERROR          SIZE      DERIVATIVE 
   1  norm         5.58911e+05   8.05514e+00   1.72566e+03  -1.36613e-03
   2  Q            5.65013e-01   5.12651e-06   5.54972e-04  -3.44787e+02
   3  theta        4.86317e-04   2.32750e-02   4.39088e-02  -2.01122e+01
   4  pileup       9.99834e-04   1.02212e-07   2.09862e-05   2.65478e+07
 EXTERNAL ERROR MATRIX.    NDIM=  25    NPAR=  4    ERR DEF=1
  6.489e+01 -9.530e-07  4.606e-03 -1.432e-08 
 -9.530e-07  2.628e-11  1.188e-07 -2.212e-13 
  4.606e-03  1.188e-07  5.417e-04 -9.172e-10 
 -1.432e-08 -2.212e-13 -9.172e-10  1.045e-14 
ERR MATRIX NOT POS-DEF
 PARAMETER  CORRELATION COEFFICIENTS  
       NO.  GLOBAL      1      2      3      4
        1  0.55728   1.000 -0.023  0.025 -0.017
        2  0.99744  -0.023  1.000  0.995 -0.422
        3  0.99735   0.025  0.995  1.000 -0.386
        4  0.60557  -0.017 -0.422 -0.386  1.000
 ERR MATRIX NOT POS-DEF
 **********
 **    2 **MIGRAD 
 **********
 START MIGRAD MINIMIZATION.  STRATEGY  1.  CONVERGENCE WHEN EDM .LT. 1.00e-04
 FCN=-2.37859e+11 FROM MIGRAD    STATUS=INITIATE        8 CALLS         240 TOTAL
                     EDM=1.30599    STRATEGY= 1      ERR MATRIX NOT POS-DEF
  EXT PARAMETER                APPROXIMATE        STEP         FIRST   
  NO.   NAME      VALUE            ERROR          SIZE      DERIVATIVE 
   1  norm         5.58911e+05   8.05514e+00   1.72566e+03  -1.16027e-02
   2  Q            5.65013e-01   5.12651e-06   5.54972e-04  -2.54134e+02
   3  theta        4.86317e-04   2.32750e-02   4.39088e-02   7.80483e+01
   4  pileup       9.99834e-04   1.02212e-07   2.09862e-05   2.20374e+07
 EIGENVALUES OF SECOND-DERIVATIVE MATRIX:
        -7.3603e-01  3.8164e-01  1.0320e+00  3.3224e+00
 MINUIT WARNING IN MIGRAD  
 ============== MATRIX FORCED POS-DEF BY ADDING 0.739351 TO DIAGONAL.
 MIGRAD FAILS TO FIND IMPROVEMENT
 EIGENVALUES OF SECOND-DERIVATIVE MATRIX:
        -2.5737e-03  2.8041e-01  8.4710e-01  2.8751e+00
 MINUIT WARNING IN HESSE   
 ============== MATRIX FORCED POS-DEF BY ADDING 0.005449 TO DIAGONAL.
 FCN=-2.37859e+11 FROM HESSE     STATUS=NOT POSDEF     29 CALLS         322 TOTAL
                     EDM=1.09756    STRATEGY= 1      ERR MATRIX NOT POS-DEF
  EXT PARAMETER                APPROXIMATE        STEP         FIRST   
  NO.   NAME      VALUE            ERROR          SIZE      DERIVATIVE 
   1  norm         5.58912e+05   9.24187e+01   1.72565e+03  -2.08588e-01
   2  Q            5.65012e-01   3.15924e-05   9.50908e-05  -6.47756e+05
   3  theta        8.68522e-03   9.42646e-04   1.75081e-01   4.34913e+02
   4  pileup       9.99800e-04   1.18139e-07   2.09858e-05   5.91784e+06
 MINUIT WARNING IN MIGRAD  
 ============== Negative diagonal element 2 in Error Matrix
 MINUIT WARNING IN MIGRAD  
 ============== 1 added to diagonal of error matrix
 MIGRAD FAILS TO FIND IMPROVEMENT
 MIGRAD TERMINATED WITHOUT CONVERGENCE.
 FCN=-2.37859e+11 FROM MIGRAD    STATUS=FAILED        129 CALLS         361 TOTAL
                     EDM=2.22416e+08    STRATEGY= 1      ERR MATRIX NOT POS-DEF
  EXT PARAMETER                APPROXIMATE        STEP         FIRST   
  NO.   NAME      VALUE            ERROR          SIZE      DERIVATIVE 
   1  norm         5.58917e+05   7.83327e+00  -0.00000e+00  -6.06528e-02
   2  Q            5.65013e-01   1.00000e+00  -0.00000e+00   1.06372e+09
   3  theta        8.67442e-03   1.00000e+00  -0.00000e+00   3.73247e+05
   4  pileup       9.99745e-04   1.00000e+00   0.00000e+00  -2.90888e+07
 EXTERNAL ERROR MATRIX.    NDIM=  25    NPAR=  4    ERR DEF=1
  6.136e+01  3.075e-08  4.883e-06 -2.649e-07 
  3.075e-08  1.000e+00 -6.556e-12 -3.468e-16 
  4.883e-06 -6.556e-12  1.000e+00  1.656e-12 
 -2.649e-07 -3.468e-16  1.656e-12  1.000e+00 
ERR MATRIX NOT POS-DEF
 PARAMETER  CORRELATION COEFFICIENTS  
       NO.  GLOBAL      1      2      3      4
        1  0.00000   1.000  0.000  0.000 -0.000
        2  0.00000   0.000  1.000 -0.000 -0.000
        3  0.00000   0.000 -0.000  1.000  0.000
        4  0.00000  -0.000 -0.000  0.000  1.000
 ERR MATRIX NOT POS-DEF
status of the fit-----000------4
1  558917
2  0.565013
3  0.00867442
4  0.000999745
 PARAMETER DEFINITIONS:
    NO.   NAME         VALUE      STEP SIZE      LIMITS
     1 norm         5.58917e+05  1.00000e-01     no limits
     2 Q            5.65013e-01  1.00000e-01     no limits
     3 theta        8.67442e-03  1.00000e-01     no limits
     4 pileup       9.99745e-04  1.00000e-01     no limits
 **********
 **    3 **MIGRAD
 **********
 FIRST CALL TO USER FUNCTION AT NEW START POINT, WITH IFLAG=4.
 START MIGRAD MINIMIZATION.  STRATEGY  1.  CONVERGENCE WHEN EDM .LT. 1.00e-04
 FCN=-2.37859e+11 FROM MIGRAD    STATUS=INITIATE       14 CALLS         376 TOTAL
                     EDM= unknown      STRATEGY= 1      NO ERROR MATRIX       
  EXT PARAMETER               CURRENT GUESS       STEP         FIRST   
  NO.   NAME      VALUE            ERROR          SIZE      DERIVATIVE 
   1  norm         5.58917e+05   1.00000e-01   1.00000e-01   3.91614e-03
   2  Q            5.65013e-01   1.00000e-01   1.00000e-01   6.36058e+06
   3  theta        8.67442e-03   1.00000e-01   1.00000e-01   5.75944e+04
   4  pileup       9.99745e-04   1.00000e-01   1.00000e-01  -9.18012e+11
 MIGRAD FAILS TO FIND IMPROVEMENT
 EIGENVALUES OF SECOND-DERIVATIVE MATRIX:
        -5.8687e-02  2.9351e-01  9.1661e-01  2.8486e+00
 MINUIT WARNING IN HESSE   
 ============== MATRIX FORCED POS-DEF BY ADDING 0.061535 TO DIAGONAL.
 FCN=-2.37859e+11 FROM HESSE     STATUS=NOT POSDEF     29 CALLS         416 TOTAL
                     EDM=0.15893    STRATEGY= 1      ERR MATRIX NOT POS-DEF
  EXT PARAMETER                APPROXIMATE        STEP         FIRST   
  NO.   NAME      VALUE            ERROR          SIZE      DERIVATIVE 
   1  norm         5.58917e+05   4.68699e+01   2.66513e+00   3.92187e-03
   2  Q            5.65013e-01   6.35996e-06   1.00000e-03   1.20918e+04
   3  theta        8.67442e-03   7.49824e-03   1.00000e-01   1.22036e+02
   4  pileup       9.99745e-04   9.23884e-08   1.00000e-02  -1.19308e+06
 EIGENVALUES OF SECOND-DERIVATIVE MATRIX:
        -1.7439e-02  1.2570e-01  1.6169e+00  2.2749e+00
 MINUIT WARNING IN MIGRAD  
 ============== MATRIX FORCED POS-DEF BY ADDING 0.019714 TO DIAGONAL.
 MIGRAD FAILS TO FIND IMPROVEMENT
 MACHINE ACCURACY LIMITS FURTHER IMPROVEMENT.
 MIGRAD MINIMIZATION HAS CONVERGED.
 MIGRAD WILL VERIFY CONVERGENCE AND ERROR MATRIX.
 EIGENVALUES OF SECOND-DERIVATIVE MATRIX:
        -2.5118e-04  1.3320e-01  8.4803e-01  3.0190e+00
 MINUIT WARNING IN HESSE   
 ============== MATRIX FORCED POS-DEF BY ADDING 0.003270 TO DIAGONAL.
 MIGRAD TERMINATED WITHOUT CONVERGENCE.
 FCN=-2.37859e+11 FROM MIGRAD    STATUS=FAILED        152 CALLS         514 TOTAL
                     EDM=0.0093912    STRATEGY= 1      ERR MATRIX NOT POS-DEF
  EXT PARAMETER                APPROXIMATE        STEP         FIRST   
  NO.   NAME      VALUE            ERROR          SIZE      DERIVATIVE 
   1  norm         5.58917e+05   9.26094e+01   5.33025e+02   1.75124e-03
   2  Q            5.65013e-01   3.03237e-05   9.51384e-05   5.27587e+03
   3  theta        8.67012e-03   3.36504e-03   4.96618e-02   4.98597e+01
   4  pileup       9.99748e-04   1.31136e-07   2.09846e-05  -1.11420e+06
 EXTERNAL ERROR MATRIX.    NDIM=  25    NPAR=  4    ERR DEF=1
  8.576e+03 -2.782e-03 -3.164e-02 -7.975e-07 
 -2.782e-03  9.195e-10  2.145e-08  4.862e-13 
 -3.164e-02  2.145e-08  1.132e-05  3.093e-10 
 -7.975e-07  4.862e-13  3.093e-10  1.720e-14 
ERR MATRIX NOT POS-DEF
 PARAMETER  CORRELATION COEFFICIENTS  
       NO.  GLOBAL      1      2      3      4
        1  0.99694   1.000 -0.991 -0.102 -0.066
        2  0.99705  -0.991  1.000  0.210  0.122
        3  0.89903  -0.102  0.210  1.000  0.701
        4  0.74157  -0.066  0.122  0.701  1.000
 ERR MATRIX NOT POS-DEF
 **********
 **    4 **MIGRAD 
 **********
 START MIGRAD MINIMIZATION.  STRATEGY  1.  CONVERGENCE WHEN EDM .LT. 1.00e-04
 FCN=-2.37859e+11 FROM MIGRAD    STATUS=INITIATE        8 CALLS         522 TOTAL
                     EDM=8.31722    STRATEGY= 1      ERR MATRIX NOT POS-DEF
  EXT PARAMETER                APPROXIMATE        STEP         FIRST   
  NO.   NAME      VALUE            ERROR          SIZE      DERIVATIVE 
   1  norm         5.58917e+05   9.26094e+01   5.33025e+02   7.74354e-04
   2  Q            5.65013e-01   3.03237e-05   9.51384e-05   5.54115e+03
   3  theta        8.67012e-03   3.36504e-03   4.96618e-02   2.28869e+03
   4  pileup       9.99748e-04   1.31136e-07   2.09846e-05  -2.84581e+07
 EIGENVALUES OF SECOND-DERIVATIVE MATRIX:
        -4.0696e-04  1.4021e-01  5.6007e-01  3.3001e+00
 MINUIT WARNING IN MIGRAD  
 ============== MATRIX FORCED POS-DEF BY ADDING 0.003707 TO DIAGONAL.
 MIGRAD FAILS TO FIND IMPROVEMENT
 EIGENVALUES OF SECOND-DERIVATIVE MATRIX:
        -5.7170e-04  2.2922e-01  8.4874e-01  2.9226e+00
 MINUIT WARNING IN HESSE   
 ============== MATRIX FORCED POS-DEF BY ADDING 0.003494 TO DIAGONAL.
 FCN=-2.37859e+11 FROM HESSE     STATUS=NOT POSDEF     29 CALLS         611 TOTAL
                     EDM=0.00242116    STRATEGY= 1      ERR MATRIX NOT POS-DEF
  EXT PARAMETER                APPROXIMATE        STEP         FIRST   
  NO.   NAME      VALUE            ERROR          SIZE      DERIVATIVE 
   1  norm         5.58917e+05   9.36525e+01   1.72567e+03  -1.18393e-02
   2  Q            5.65013e-01   3.09022e-05   9.45072e-05  -3.66336e+04
   3  theta        8.52138e-03   1.49443e-03   9.41205e-02   1.13622e+02
   4  pileup       9.99746e-04   1.15112e-07   2.09846e-05  -5.20470e+05
 EIGENVALUES OF SECOND-DERIVATIVE MATRIX:
        -5.4364e-01  3.4131e-03  1.0482e+00  3.4920e+00
 MINUIT WARNING IN MIGRAD  
 ============== MATRIX FORCED POS-DEF BY ADDING 0.547128 TO DIAGONAL.
 MIGRAD FAILS TO FIND IMPROVEMENT
 MIGRAD TERMINATED WITHOUT CONVERGENCE.
 FCN=-2.37859e+11 FROM MIGRAD    STATUS=FAILED        137 CALLS         651 TOTAL
                     EDM=3.17844e+08    STRATEGY= 1      ERR MATRIX NOT POS-DEF
  EXT PARAMETER                APPROXIMATE        STEP         FIRST   
  NO.   NAME      VALUE            ERROR          SIZE      DERIVATIVE 
   1  norm         5.58919e+05   8.37368e+01   0.00000e+00  -5.99873e-02
   2  Q            5.65012e-01   4.56839e-08  -0.00000e+00   9.74594e+08
   3  theta        8.48789e-03   6.27962e-05   0.00000e+00   7.78436e+05
   4  pileup       9.99746e-04   1.19370e-07   0.00000e+00  -2.85858e+07
 EXTERNAL ERROR MATRIX.    NDIM=  25    NPAR=  4    ERR DEF=1
  7.012e+03 -2.640e-06  3.729e-03  3.871e-08 
 -2.640e-06  2.087e-15 -2.827e-12 -3.793e-15 
  3.729e-03 -2.827e-12  3.943e-09  5.237e-12 
  3.871e-08 -3.793e-15  5.237e-12  1.425e-14 
ERR MATRIX NOT POS-DEF
 PARAMETER  CORRELATION COEFFICIENTS  
       NO.  GLOBAL      1      2      3      4
        1  0.98756   1.000 -0.690  0.709  0.004
        2  0.98556  -0.690  1.000 -0.985 -0.696
        3  0.99582   0.709 -0.985  1.000  0.699
        4  0.98715   0.004 -0.696  0.699  1.000
 ERR MATRIX NOT POS-DEF
status of the fit-----000------4
1  558919
2  0.565012
3  0.00848789
4  0.000999746
 PARAMETER DEFINITIONS:
    NO.   NAME         VALUE      STEP SIZE      LIMITS
     1 norm         5.58919e+05  1.00000e-01     no limits
     2 Q            5.65012e-01  1.00000e-01     no limits
     3 theta        8.48789e-03  1.00000e-01     no limits
     4 pileup       9.99746e-04  1.00000e-01     no limits
 **********
 **    5 **MIGRAD
 **********
 FIRST CALL TO USER FUNCTION AT NEW START POINT, WITH IFLAG=4.
 START MIGRAD MINIMIZATION.  STRATEGY  1.  CONVERGENCE WHEN EDM .LT. 1.00e-04
 FCN=-2.37859e+11 FROM MIGRAD    STATUS=INITIATE       14 CALLS         666 TOTAL
                     EDM= unknown      STRATEGY= 1      NO ERROR MATRIX       
  EXT PARAMETER               CURRENT GUESS       STEP         FIRST   
  NO.   NAME      VALUE            ERROR          SIZE      DERIVATIVE 
   1  norm         5.58919e+05   1.00000e-01   1.00000e-01   4.62035e-03
   2  Q            5.65012e-01   1.00000e-01   1.00000e-01   6.43651e+06
   3  theta        8.48789e-03   1.00000e-01   1.00000e-01   5.63447e+04
   4  pileup       9.99746e-04   1.00000e-01   1.00000e-01  -9.18012e+11
 MIGRAD FAILS TO FIND IMPROVEMENT
 EIGENVALUES OF SECOND-DERIVATIVE MATRIX:
        -5.7462e-02  2.9449e-01  9.1661e-01  2.8464e+00
 MINUIT WARNING IN HESSE   
 ============== MATRIX FORCED POS-DEF BY ADDING 0.060308 TO DIAGONAL.
 FCN=-2.37859e+11 FROM HESSE     STATUS=NOT POSDEF     29 CALLS         706 TOTAL
                     EDM=0.110116    STRATEGY= 1      ERR MATRIX NOT POS-DEF
  EXT PARAMETER                APPROXIMATE        STEP         FIRST   
  NO.   NAME      VALUE            ERROR          SIZE      DERIVATIVE 
   1  norm         5.58919e+05   4.73683e+01   2.66513e+00   4.69478e-03
   2  Q            5.65012e-01   6.36517e-06   1.00000e-03   1.42782e+04
   3  theta        8.48789e-03   7.46792e-03   1.00000e-01   1.06556e+02
   4  pileup       9.99746e-04   9.23392e-08   1.00000e-02  -6.92006e+05
 EIGENVALUES OF SECOND-DERIVATIVE MATRIX:
        -1.1499e-02  1.2436e-01  1.6080e+00  2.2791e+00
 MINUIT WARNING IN MIGRAD  
 ============== MATRIX FORCED POS-DEF BY ADDING 0.013778 TO DIAGONAL.
 MIGRAD FAILS TO FIND IMPROVEMENT
 MACHINE ACCURACY LIMITS FURTHER IMPROVEMENT.
 MIGRAD MINIMIZATION HAS CONVERGED.
 MIGRAD WILL VERIFY CONVERGENCE AND ERROR MATRIX.
 EIGENVALUES OF SECOND-DERIVATIVE MATRIX:
        -2.4738e-04  1.3530e-01  8.4806e-01  3.0169e+00
 MINUIT WARNING IN HESSE   
 ============== MATRIX FORCED POS-DEF BY ADDING 0.003264 TO DIAGONAL.
 MIGRAD TERMINATED WITHOUT CONVERGENCE.
 FCN=-2.37859e+11 FROM MIGRAD    STATUS=FAILED        154 CALLS         806 TOTAL
                     EDM=0.0111563    STRATEGY= 1      ERR MATRIX NOT POS-DEF
  EXT PARAMETER                APPROXIMATE        STEP         FIRST   
  NO.   NAME      VALUE            ERROR          SIZE      DERIVATIVE 
   1  norm         5.58918e+05   9.26677e+01   5.33026e+02   4.72341e-04
   2  Q            5.65012e-01   3.03255e-05   9.50838e-05   1.38412e+03
   3  theta        8.48355e-03   3.36724e-03   4.93486e-02   3.97559e+01
   4  pileup       9.99747e-04   1.30523e-07   2.09846e-05   1.18306e+05
 EXTERNAL ERROR MATRIX.    NDIM=  25    NPAR=  4    ERR DEF=1
  8.587e+03 -2.784e-03 -3.072e-02 -7.635e-07 
 -2.784e-03  9.196e-10  2.106e-08  4.694e-13 
 -3.072e-02  2.106e-08  1.134e-05  3.066e-10 
 -7.635e-07  4.694e-13  3.066e-10  1.704e-14 
ERR MATRIX NOT POS-DEF
 PARAMETER  CORRELATION COEFFICIENTS  
       NO.  GLOBAL      1      2      3      4
        1  0.99695   1.000 -0.991 -0.098 -0.063
        2  0.99705  -0.991  1.000  0.206  0.119
        3  0.89734  -0.098  0.206  1.000  0.698
        4  0.73871  -0.063  0.119  0.698  1.000
 ERR MATRIX NOT POS-DEF
 **********
 **    6 **MIGRAD 
 **********
 START MIGRAD MINIMIZATION.  STRATEGY  1.  CONVERGENCE WHEN EDM .LT. 1.00e-04
 FCN=-2.37859e+11 FROM MIGRAD    STATUS=INITIATE        8 CALLS         814 TOTAL
                     EDM=12.4099    STRATEGY= 1      ERR MATRIX NOT POS-DEF
  EXT PARAMETER                APPROXIMATE        STEP         FIRST   
  NO.   NAME      VALUE            ERROR          SIZE      DERIVATIVE 
   1  norm         5.58918e+05   9.26677e+01   5.33026e+02  -5.04617e-04
   2  Q            5.65012e-01   3.03255e-05   9.50838e-05   1.65091e+03
   3  theta        8.48355e-03   3.36724e-03   4.93486e-02   2.20293e+03
   4  pileup       9.99747e-04   1.30523e-07   2.09846e-05  -4.39251e+06
 EIGENVALUES OF SECOND-DERIVATIVE MATRIX:
        -1.9377e-04  1.4173e-01  5.6548e-01  3.2930e+00
 MINUIT WARNING IN MIGRAD  
 ============== MATRIX FORCED POS-DEF BY ADDING 0.003487 TO DIAGONAL.
 MIGRAD FAILS TO FIND IMPROVEMENT
 EIGENVALUES OF SECOND-DERIVATIVE MATRIX:
        -5.7275e-04  2.3135e-01  8.4877e-01  2.9205e+00
 MINUIT WARNING IN HESSE   
 ============== MATRIX FORCED POS-DEF BY ADDING 0.003493 TO DIAGONAL.
 FCN=-2.37859e+11 FROM HESSE     STATUS=NOT POSDEF     29 CALLS         903 TOTAL
                     EDM=0.00216901    STRATEGY= 1      ERR MATRIX NOT POS-DEF
  EXT PARAMETER                APPROXIMATE        STEP         FIRST   
  NO.   NAME      VALUE            ERROR          SIZE      DERIVATIVE 
   1  norm         5.58918e+05   9.36945e+01   1.72567e+03  -7.00306e-03
   2  Q            5.65012e-01   3.09111e-05   9.50840e-05  -2.15472e+04
   3  theta        8.40530e-03   1.48174e-03   9.46003e-02   1.02755e+02
   4  pileup       9.99746e-04   1.14864e-07   2.09846e-05  -3.65261e+05
 MIGRAD FAILS TO FIND IMPROVEMENT
 MACHINE ACCURACY LIMITS FURTHER IMPROVEMENT.
 MIGRAD MINIMIZATION HAS CONVERGED.
 MIGRAD WILL VERIFY CONVERGENCE AND ERROR MATRIX.
 EIGENVALUES OF SECOND-DERIVATIVE MATRIX:
        -2.7989e+00  6.9165e-01  1.2182e+00  4.8890e+00
 MINUIT WARNING IN HESSE   
 ============== MATRIX FORCED POS-DEF BY ADDING 2.803754 TO DIAGONAL.
 MIGRAD TERMINATED WITHOUT CONVERGENCE.
 FCN=-2.37859e+11 FROM MIGRAD    STATUS=FAILED        139 CALLS         945 TOTAL
                     EDM=0.0722443    STRATEGY= 1      ERR MATRIX NOT POS-DEF
  EXT PARAMETER                APPROXIMATE        STEP         FIRST   
  NO.   NAME      VALUE            ERROR          SIZE      DERIVATIVE 
   1  norm         5.58918e+05   1.82750e+01   6.90268e+01  -6.90800e-03
   2  Q            5.65012e-01   2.36385e-05   1.90168e-05  -2.15360e+04
   3  theta        8.40530e-03   1.17809e-04   3.90906e+00   2.40367e+01
   4  pileup       9.99746e-04   4.68278e-08   8.39385e-07  -3.19033e+05
 EXTERNAL ERROR MATRIX.    NDIM=  25    NPAR=  4    ERR DEF=1
  3.340e+02 -4.229e-04 -2.104e-03  1.876e-07 
 -4.229e-04  5.588e-10  2.781e-09 -2.677e-13 
 -2.104e-03  2.781e-09  1.388e-08 -1.317e-12 
  1.876e-07 -2.677e-13 -1.317e-12  2.193e-15 
ERR MATRIX NOT POS-DEF
 PARAMETER  CORRELATION COEFFICIENTS  
       NO.  GLOBAL      1      2      3      4
        1  0.97911   1.000 -0.979 -0.977  0.219
        2  0.99872  -0.979  1.000  0.999 -0.242
        3  0.99862  -0.977  0.999  1.000 -0.239
        4  0.26254   0.219 -0.242 -0.239  1.000
 ERR MATRIX NOT POS-DEF
status of the fit-----000------4
1  558918
2  0.565012
3  0.0084053
4  0.000999746
 **********
 **   14 **SET PRINT           2
 **********
 **********
 **   15 **SET NOGRAD
 **********
 PARAMETER DEFINITIONS:
    NO.   NAME         VALUE      STEP SIZE      LIMITS
     1 p0           5.58000e+05  1.67400e+05     no limits
     2 p1           5.65000e-01  1.69500e-01     no limits
     3 p2           0.00000e+00  3.00000e-01     no limits
     4 p3           9.99871e-04  2.99961e-04     no limits
 **********
 **   16 **SET ERR         0.5
 **********
 **********
 **   17 **SET PRINT           2
 **********
 **********
 **   18 **SET STR           1
 **********
 NOW USING STRATEGY  1: TRY TO BALANCE SPEED AGAINST RELIABILITY
 **********
 **   19 **MIGRAD        1480        0.01
 **********
 FIRST CALL TO USER FUNCTION AT NEW START POINT, WITH IFLAG=4.
 START MIGRAD MINIMIZATION.  STRATEGY  1.  CONVERGENCE WHEN EDM .LT. 1.00e-05
 FCN=17123.9 FROM MIGRAD    STATUS=INITIATE       18 CALLS          19 TOTAL
                     EDM= unknown      STRATEGY= 1      NO ERROR MATRIX       
  EXT PARAMETER               CURRENT GUESS       STEP         FIRST   
  NO.   NAME      VALUE            ERROR          SIZE      DERIVATIVE 
   1  p0           5.58000e+05   1.67400e+05   1.67400e+05  -3.60666e+01
   2  p1           5.65000e-01   1.69500e-01   1.69500e-01  -1.11960e+08
   3  p2           0.00000e+00   3.00000e-01   3.00000e-01   0.00000e+00
   4  p3           9.99871e-04   2.99961e-04   2.99961e-04  -9.59610e+08
                               ERR DEF= 0.5
NO ERROR MATRIX       
 FCN=516.68 FROM MIGRAD    STATUS=PROGRESS       34 CALLS          35 TOTAL
                     EDM=1437.25    STRATEGY= 1      NO ERROR MATRIX       
  EXT PARAMETER               CURRENT GUESS       STEP         FIRST   
  NO.   NAME      VALUE            ERROR          SIZE      DERIVATIVE 
   1  p0           5.58437e+05   1.67400e+05   4.37339e+02  -8.28374e-01
   2  p1           5.65141e-01   1.69500e-01   1.41034e-04  -2.54892e+06
   3  p2           0.00000e+00   3.00000e-01  -0.00000e+00   0.00000e+00
   4  p3           1.00160e-03   2.99961e-04   1.72530e-06   4.19513e+08
                               ERR DEF= 0.5
 FCN=76.0756 FROM MIGRAD    STATUS=PROGRESS      148 CALLS         149 TOTAL
                     EDM=0.0453636    STRATEGY= 1  ERROR MATRIX UNCERTAINTY  14.6 per cent
  EXT PARAMETER                APPROXIMATE        STEP         FIRST   
  NO.   NAME      VALUE            ERROR          SIZE      DERIVATIVE 
   1  p0           5.57401e+05   8.01765e+02  -9.77051e+00  -2.31670e-02
   2  p1           5.65500e-01   2.59660e-04   3.16955e-06  -7.22202e+04
   3  p2           0.00000e+00   4.92274e-04  -0.00000e+00   0.00000e+00
   4  p3           9.99622e-04   6.32753e-08   4.77747e-10  -2.07129e+06
                               ERR DEF= 0.5
 MIGRAD FAILS TO FIND IMPROVEMENT
   START COVARIANCE MATRIX CALCULATION.
 MINUIT WARNING IN HESSE   
 ============== Negative diagonal element 3 in Error Matrix
 MINUIT WARNING IN HESSE   
 ============== 4472.36 added to diagonal of error matrix
 EIGENVALUES OF SECOND-DERIVATIVE MATRIX:
        -5.8367e+00  8.9745e-01  1.0001e+00  7.9392e+00
 MINUIT WARNING IN HESSE   
 ============== MATRIX FORCED POS-DEF BY ADDING 5.844689 TO DIAGONAL.
 FCN=76.0644 FROM HESSE     STATUS=NOT POSDEF     27 CALLS         209 TOTAL
                     EDM=0.000140645    STRATEGY= 1      ERR MATRIX NOT POS-DEF
  EXT PARAMETER                APPROXIMATE        STEP         FIRST   
  NO.   NAME      VALUE            ERROR          SIZE      DERIVATIVE 
   1  p0           5.57404e+05   5.71550e-03   2.65791e-01   9.19496e-05
   2  p1           5.65499e-01   1.61966e-06   2.69651e-07  -1.08402e+02
   3  p2           0.00000e+00   7.95948e+00   9.01625e-05   0.00000e+00
   4  p3           9.99628e-04   4.74246e-07   4.76660e-10  -3.50245e+04
                               ERR DEF= 0.5
 PARAMETER  CORRELATION COEFFICIENTS  
       NO.  GLOBAL      1      2      3      4
        1  0.00282   1.000  0.002  0.003  0.003
        2  0.92113   0.002  1.000  0.921  0.919
        3  0.99885   0.003  0.921  1.000  0.999
        4  0.99882   0.003  0.919  0.999  1.000
 ERR MATRIX NOT POS-DEF
 MIGRAD FAILS TO FIND IMPROVEMENT
 MIGRAD TERMINATED WITHOUT CONVERGENCE.
 FCN=76.0644 FROM MIGRAD    STATUS=FAILED        210 CALLS         211 TOTAL
                     EDM=0.000140645    STRATEGY= 1      ERR MATRIX NOT POS-DEF
  EXT PARAMETER                APPROXIMATE        STEP         FIRST   
  NO.   NAME      VALUE            ERROR          SIZE      DERIVATIVE 
   1  p0           5.57404e+05   5.71550e-03   0.00000e+00   9.19496e-05
   2  p1           5.65499e-01   1.61966e-06   0.00000e+00  -1.08402e+02
   3  p2           0.00000e+00   7.95948e+00   0.00000e+00   0.00000e+00
   4  p3           9.99628e-04   4.74246e-07   0.00000e+00  -3.50245e+04
                               ERR DEF= 0.5
 EXTERNAL ERROR MATRIX.    NDIM=  25    NPAR=  4    ERR DEF=0.5
  3.267e-05  2.218e-11  1.265e-04  7.512e-12 
  2.218e-11  2.623e-12  1.187e-05  7.059e-13 
  1.265e-04  1.187e-05  6.335e+01  3.770e-06 
  7.512e-12  7.059e-13  3.770e-06  2.249e-13 
ERR MATRIX NOT POS-DEF
 PARAMETER  CORRELATION COEFFICIENTS  
       NO.  GLOBAL      1      2      3      4
        1  0.00282   1.000  0.002  0.003  0.003
        2  0.92113   0.002  1.000  0.921  0.919
        3  0.99885   0.003  0.921  1.000  0.999
        4  0.99882   0.003  0.919  0.999  1.000
 ERR MATRIX NOT POS-DEF
 FCN=76.0644 FROM MIGRAD    STATUS=FAILED        210 CALLS         211 TOTAL
                     EDM=0.000140645    STRATEGY= 1      ERR MATRIX NOT POS-DEF
  EXT PARAMETER                  PARABOLIC         MINOS ERRORS        
  NO.   NAME      VALUE            ERROR      NEGATIVE      POSITIVE   
   1  p0           5.57404e+05   5.71550e-03                            
   2  p1           5.65499e-01   1.61966e-06                            
   3  p2           0.00000e+00   7.95948e+00                            
   4  p3           9.99628e-04   4.74246e-07                            
                               ERR DEF= 0.5
 **********
 **   20 **SET PRINT           2
 **********
 **********
 **   21 **SET NOGRAD
 **********
 PARAMETER DEFINITIONS:
    NO.   NAME         VALUE      STEP SIZE      LIMITS
     1 p0           5.57404e+05  5.71550e-03     no limits
     2 p1           5.65499e-01  1.61966e-06     no limits
     3 p2           0.00000e+00  7.95948e+00     no limits
     4 p3           9.99628e-04  4.74246e-07     no limits
 **********
 **   22 **SET ERR         0.5
 **********
 **********
 **   23 **SET PRINT           2
 **********
 **********
 **   24 **SET STR           1
 **********
 NOW USING STRATEGY  1: TRY TO BALANCE SPEED AGAINST RELIABILITY
 **********
 **   25 **MIGRAD        1480        0.01
 **********
 FIRST CALL TO USER FUNCTION AT NEW START POINT, WITH IFLAG=4.
 START MIGRAD MINIMIZATION.  STRATEGY  1.  CONVERGENCE WHEN EDM .LT. 1.00e-05
 FCN=76.0644 FROM MIGRAD    STATUS=INITIATE       12 CALLS          13 TOTAL
                     EDM= unknown      STRATEGY= 1      NO ERROR MATRIX       
  EXT PARAMETER               CURRENT GUESS       STEP         FIRST   
  NO.   NAME      VALUE            ERROR          SIZE      DERIVATIVE 
   1  p0           5.57404e+05   5.71550e-03   5.71550e-03   9.57646e-05
   2  p1           5.65499e-01   1.61966e-06   1.61966e-06  -9.77142e+01
   3  p2           0.00000e+00   7.95948e+00   7.95948e+00   0.00000e+00
   4  p3           9.99628e-04   4.74246e-07   4.74246e-07   6.29293e+03
                               ERR DEF= 0.5
NO ERROR MATRIX       
 MIGRAD FAILS TO FIND IMPROVEMENT
   START COVARIANCE MATRIX CALCULATION.
 EIGENVALUES OF SECOND-DERIVATIVE MATRIX:
        -1.3246e-05  2.5864e-01  8.6724e-01  2.8741e+00
 MINUIT WARNING IN HESSE   
 ============== MATRIX FORCED POS-DEF BY ADDING 0.002887 TO DIAGONAL.
 FCN=76.0644 FROM HESSE     STATUS=NOT POSDEF     27 CALLS          41 TOTAL
                     EDM=3.73848e-05    STRATEGY= 1      ERR MATRIX NOT POS-DEF
  EXT PARAMETER                APPROXIMATE        STEP         FIRST   
  NO.   NAME      VALUE            ERROR          SIZE      DERIVATIVE 
   1  p0           5.57404e+05   6.73835e+01   2.65791e-01   9.19496e-05
   2  p1           5.65499e-01   2.18199e-05   2.69651e-07  -1.08402e+02
   3  p2           0.00000e+00   1.32540e-02   7.95948e-03   0.00000e+00
   4  p3           9.99628e-04   7.57954e-08   4.76660e-10  -3.50245e+04
                               ERR DEF= 0.5
 PARAMETER  CORRELATION COEFFICIENTS  
       NO.  GLOBAL      1      2      3      4
        1  0.99713   1.000 -0.994  0.041  0.124
        2  0.99715  -0.994  1.000  0.031 -0.107
        3  0.79870   0.041  0.031  1.000  0.533
        4  0.60742   0.124 -0.107  0.533  1.000
 ERR MATRIX NOT POS-DEF
 FCN=76.064 FROM MIGRAD    STATUS=PROGRESS       58 CALLS          59 TOTAL
                     EDM=82.8898    STRATEGY= 1      ERR MATRIX NOT POS-DEF
  EXT PARAMETER                APPROXIMATE        STEP         FIRST   
  NO.   NAME      VALUE            ERROR          SIZE      DERIVATIVE 
   1  p0           5.57398e+05   6.73835e+01  -5.43781e+00   2.56717e-03
   2  p1           5.65501e-01   2.18199e-05   1.76571e-06   5.98115e+05
   3  p2           1.60346e-04   1.32540e-02   1.60346e-04  -8.26805e-01
   4  p3           9.99629e-04   7.57954e-08   1.21825e-09   3.70464e+05
                               ERR DEF= 0.5
 MIGRAD FAILS TO FIND IMPROVEMENT
 MIGRAD TERMINATED WITHOUT CONVERGENCE.
 FCN=76.064 FROM MIGRAD    STATUS=FAILED         88 CALLS          89 TOTAL
                     EDM=21.7831    STRATEGY= 1      ERR MATRIX NOT POS-DEF
  EXT PARAMETER                APPROXIMATE        STEP         FIRST   
  NO.   NAME      VALUE            ERROR          SIZE      DERIVATIVE 
   1  p0           5.57398e+05   2.40281e+01   0.00000e+00   2.57077e-03
   2  p1           5.65501e-01   7.49092e-06  -0.00000e+00   5.98097e+05
   3  p2           1.60202e-04   5.29687e-03  -0.00000e+00  -8.48367e-01
   4  p3           9.99629e-04   4.45608e-08  -0.00000e+00   3.68271e+05
                               ERR DEF= 0.5
 EXTERNAL ERROR MATRIX.    NDIM=  25    NPAR=  4    ERR DEF=0.5
  5.773e+02 -1.737e-04  1.548e-02 -1.785e-07 
 -1.737e-04  5.611e-11  1.749e-09  1.662e-14 
  1.548e-02  1.749e-09  2.806e-05 -1.994e-10 
 -1.785e-07  1.662e-14 -1.994e-10  1.986e-15 
ERR MATRIX NOT POS-DEF
 PARAMETER  CORRELATION COEFFICIENTS  
       NO.  GLOBAL      1      2      3      4
        1  0.97972   1.000 -0.965  0.122 -0.167
        2  0.97970  -0.965  1.000  0.044  0.050
        3  0.89154   0.122  0.044  1.000 -0.845
        4  0.85534  -0.167  0.050 -0.845  1.000
 ERR MATRIX NOT POS-DEF
 FCN=76.064 FROM MIGRAD    STATUS=FAILED         88 CALLS          89 TOTAL
                     EDM=21.7831    STRATEGY= 1      ERR MATRIX NOT POS-DEF
  EXT PARAMETER                  PARABOLIC         MINOS ERRORS        
  NO.   NAME      VALUE            ERROR      NEGATIVE      POSITIVE   
   1  p0           5.57398e+05   2.40281e+01                            
   2  p1           5.65501e-01   7.49092e-06                            
   3  p2           1.60202e-04   5.29687e-03                            
   4  p3           9.99629e-04   4.45608e-08                            
                               ERR DEF= 0.5
 **********
 **   26 **SET PRINT           2
 **********
 **********
 **   27 **SET NOGRAD
 **********
 PARAMETER DEFINITIONS:
    NO.   NAME         VALUE      STEP SIZE      LIMITS
     1 p0           5.57398e+05  2.40281e+01     no limits
     2 p1           5.65501e-01  7.49092e-06     no limits
     3 p2           1.60202e-04  5.29687e-03     no limits
     4 p3           9.99629e-04  4.45608e-08     no limits
 **********
 **   28 **SET ERR         0.5
 **********
 **********
 **   29 **SET PRINT           2
 **********
 **********
 **   30 **SET STR           1
 **********
 NOW USING STRATEGY  1: TRY TO BALANCE SPEED AGAINST RELIABILITY
 **********
 **   31 **MIGRAD        1480        0.01
 **********
 FIRST CALL TO USER FUNCTION AT NEW START POINT, WITH IFLAG=4.
 START MIGRAD MINIMIZATION.  STRATEGY  1.  CONVERGENCE WHEN EDM .LT. 1.00e-05
 FCN=76.054 FROM MIGRAD    STATUS=INITIATE       23 CALLS          24 TOTAL
                     EDM= unknown      STRATEGY= 1      NO ERROR MATRIX       
  EXT PARAMETER               CURRENT GUESS       STEP         FIRST   
  NO.   NAME      VALUE            ERROR          SIZE      DERIVATIVE 
   1  p0           5.57398e+05   2.40281e+01   0.00000e+00  -1.12314e-02
   2  p1           5.65501e-01   7.49092e-06   0.00000e+00   5.30528e+05
   3  p2           2.53404e-03   5.29687e-03   2.37383e-03  -2.70597e+00
   4  p3           9.99629e-04   4.45608e-08   0.00000e+00  -6.08799e+05
                               ERR DEF= 0.5
NO ERROR MATRIX       
 FCN=76.0532 FROM MIGRAD    STATUS=PROGRESS       33 CALLS          34 TOTAL
                     EDM=0.0154468    STRATEGY= 1      NO ERROR MATRIX       
  EXT PARAMETER               CURRENT GUESS       STEP         FIRST   
  NO.   NAME      VALUE            ERROR          SIZE      DERIVATIVE 
   1  p0           5.57399e+05   2.40281e+01   2.92921e-01  -1.58272e-02
   2  p1           5.65501e-01   7.49092e-06  -1.16220e-07  -4.96300e+04
   3  p2           2.91897e-03   5.29687e-03   3.84935e-04  -4.42188e-01
   4  p3           9.99632e-04   4.45608e-08   2.35279e-09  -4.01441e+05
                               ERR DEF= 0.5
 MIGRAD MINIMIZATION HAS CONVERGED.
 MIGRAD WILL VERIFY CONVERGENCE AND ERROR MATRIX.
   START COVARIANCE MATRIX CALCULATION.
 EIGENVALUES OF SECOND-DERIVATIVE MATRIX:
         3.6951e-04  3.8673e-01  8.4108e-01  2.7718e+00
 COVARIANCE MATRIX CALCULATED SUCCESSFULLY
 FCN=76.0471 FROM HESSE     STATUS=OK             27 CALLS         121 TOTAL
                     EDM=0.00128069    STRATEGY= 1      ERROR MATRIX ACCURATE 
  EXT PARAMETER                                   STEP         FIRST   
  NO.   NAME      VALUE            ERROR          SIZE      DERIVATIVE 
   1  p0           5.57399e+05   1.87755e+02   2.65789e-01   6.75332e-05
   2  p1           5.65501e-01   6.07517e-05   2.69652e-07  -6.31320e+02
   3  p2           3.81025e-03   1.04080e-02   4.39615e-05   4.69572e-01
   4  p3           9.99634e-04   7.13235e-08   4.76663e-10  -6.04296e+03
                               ERR DEF= 0.5
 PARAMETER  CORRELATION COEFFICIENTS  
       NO.  GLOBAL      1      2      3      4
        1  0.99963   1.000 -0.999 -0.121 -0.072
        2  0.99963  -0.999  1.000  0.141  0.070
        3  0.70724  -0.121  0.141  1.000  0.404
        4  0.50858  -0.072  0.070  0.404  1.000
 FCN=76.047 FROM MIGRAD    STATUS=PROGRESS      134 CALLS         135 TOTAL
                     EDM=653.079    STRATEGY= 1      ERROR MATRIX ACCURATE 
  EXT PARAMETER                                   STEP         FIRST   
  NO.   NAME      VALUE            ERROR          SIZE      DERIVATIVE 
   1  p0           5.57399e+05   1.87755e+02  -4.73585e-01   5.15829e-05
   2  p1           5.65501e-01   6.07517e-05   1.52994e-07   5.95054e+05
   3  p2           3.81141e-03   1.04080e-02   1.16360e-06  -4.29078e-02
   4  p3           9.99634e-04   7.13235e-08   7.36565e-12  -7.41500e+02
                               ERR DEF= 0.5
 MIGRAD FAILS TO FIND IMPROVEMENT
 MIGRAD TERMINATED WITHOUT CONVERGENCE.
 FCN=76.0469 FROM MIGRAD    STATUS=FAILED        164 CALLS         165 TOTAL
                     EDM=26.5044    STRATEGY= 1  ERROR MATRIX UNCERTAINTY 100.0 per cent
  EXT PARAMETER                APPROXIMATE        STEP         FIRST   
  NO.   NAME      VALUE            ERROR          SIZE      DERIVATIVE 
   1  p0           5.57399e+05   5.33410e+01   0.00000e+00   4.91112e-05
   2  p1           5.65501e-01   1.79039e-05  -0.00000e+00   5.95046e+05
   3  p2           3.81101e-03   8.81114e-03  -0.00000e+00  -4.91197e-02
   4  p3           9.99634e-04   3.67074e-08  -0.00000e+00  -2.18175e+03
                               ERR DEF= 0.5
 EXTERNAL ERROR MATRIX.    NDIM=  25    NPAR=  4    ERR DEF=0.5
  2.845e+03 -9.486e-04 -3.009e-01 -8.531e-07 
 -9.486e-04  3.205e-10  1.085e-07  2.368e-13 
 -3.009e-01  1.085e-07  7.764e-05 -1.308e-10 
 -8.531e-07  2.368e-13 -1.308e-10  1.347e-15 
ERR MATRIX APPROXIMATE
 PARAMETER  CORRELATION COEFFICIENTS  
       NO.  GLOBAL      1      2      3      4
        1  0.99990   1.000 -0.993 -0.640 -0.436
        2  0.99970  -0.993  1.000  0.688  0.360
        3  0.99942  -0.640  0.688  1.000 -0.404
        4  0.99937  -0.436  0.360 -0.404  1.000
 ERR MATRIX APPROXIMATE
 FCN=76.0469 FROM MIGRAD    STATUS=FAILED        164 CALLS         165 TOTAL
                     EDM=26.5044    STRATEGY= 1  ERROR MATRIX UNCERTAINTY 100.0 per cent
  EXT PARAMETER                  PARABOLIC         MINOS ERRORS        
  NO.   NAME      VALUE            ERROR      NEGATIVE      POSITIVE   
   1  p0           5.57399e+05   5.33410e+01                            
   2  p1           5.65501e-01   1.79039e-05                            
   3  p2           3.81101e-03   8.81114e-03                            
   4  p3           9.99634e-04   3.67074e-08                            
                               ERR DEF= 0.5
------------------------------------------
Enering ROOFIt-------
 PARAMETER DEFINITIONS:
    NO.   NAME         VALUE      STEP SIZE      LIMITS
     1 norm         5.57399e+05  1.00000e-01     no limits
     2 Q            5.65000e-01  1.00000e-01     no limits
     3 theta        0.00000e+00  1.00000e-01     no limits
     4 pileup       9.99634e-04  1.00000e-01     no limits
 **********
 **    1 **MIGRAD
 **********
 FIRST CALL TO USER FUNCTION AT NEW START POINT, WITH IFLAG=4.
 START MIGRAD MINIMIZATION.  STRATEGY  1.  CONVERGENCE WHEN EDM .LT. 1.00e-04
 FCN=-2.37857e+11 FROM MIGRAD    STATUS=INITIATE       14 CALLS          15 TOTAL
                     EDM= unknown      STRATEGY= 1      NO ERROR MATRIX       
  EXT PARAMETER               CURRENT GUESS       STEP         FIRST   
  NO.   NAME      VALUE            ERROR          SIZE      DERIVATIVE 
   1  norm         5.57399e+05   1.00000e-01   1.00000e-01  -5.93131e+01
   2  Q            5.65000e-01   1.00000e-01   1.00000e-01  -8.99673e+08
   3  theta        0.00000e+00   1.00000e-01   1.00000e-01   0.00000e+00
   4  pileup       9.99634e-04   1.00000e-01   1.00000e-01  -9.20129e+11
 MIGRAD FAILS TO FIND IMPROVEMENT
 EIGENVALUES OF SECOND-DERIVATIVE MATRIX:
        -3.6676e-01  4.0820e-01  6.6863e-01  3.2899e+00
 MINUIT WARNING IN HESSE   
 ============== MATRIX FORCED POS-DEF BY ADDING 0.370054 TO DIAGONAL.
 FCN=-2.37857e+11 FROM HESSE     STATUS=NOT POSDEF     25 CALLS          92 TOTAL
                     EDM=6180.03    STRATEGY= 1      ERR MATRIX NOT POS-DEF
  EXT PARAMETER                APPROXIMATE        STEP         FIRST   
  NO.   NAME      VALUE            ERROR          SIZE      DERIVATIVE 
   1  norm         5.58765e+05   8.98086e+00   1.72564e+03   1.65208e+00
   2  Q            5.65015e-01   4.81073e-06   5.55125e-04   5.23136e+06
   3  theta        0.00000e+00   1.02351e-02   1.15740e-01   0.00000e+00
   4  pileup       1.00619e-03   9.24067e-08   2.10730e-05   1.52539e+09
 MIGRAD FAILS TO FIND IMPROVEMENT
 MACHINE ACCURACY LIMITS FURTHER IMPROVEMENT.
 MIGRAD MINIMIZATION HAS CONVERGED.
 MIGRAD WILL VERIFY CONVERGENCE AND ERROR MATRIX.
 EIGENVALUES OF SECOND-DERIVATIVE MATRIX:
        -4.1772e-04  4.0171e-01  8.5176e-01  2.7469e+00
 MINUIT WARNING IN HESSE   
 ============== MATRIX FORCED POS-DEF BY ADDING 0.003165 TO DIAGONAL.
 MIGRAD TERMINATED WITHOUT CONVERGENCE.
 FCN=-2.37857e+11 FROM MIGRAD    STATUS=FAILED        256 CALLS         257 TOTAL
                     EDM=0.0112189    STRATEGY= 1      ERR MATRIX NOT POS-DEF
  EXT PARAMETER                APPROXIMATE        STEP         FIRST   
  NO.   NAME      VALUE            ERROR          SIZE      DERIVATIVE 
   1  norm         5.58885e+05   9.72572e+01   1.72556e+03  -2.51092e-03
   2  Q            5.65021e-01   3.16605e-05   9.62455e-05  -1.13990e+04
   3  theta       -1.70165e-03   1.00607e-03   1.08011e-01  -6.08208e+01
   4  pileup       9.99662e-04   1.02706e-07   2.09841e-05   4.90252e+05
 EXTERNAL ERROR MATRIX.    NDIM=  25    NPAR=  4    ERR DEF=1
  9.459e+03 -3.066e-03 -1.961e-02 -6.693e-07 
 -3.066e-03  1.002e-09  7.899e-09  2.040e-13 
 -1.961e-02  7.899e-09  1.012e-06  4.268e-11 
 -6.693e-07  2.040e-13  4.268e-11  1.055e-14 
ERR MATRIX NOT POS-DEF
 PARAMETER  CORRELATION COEFFICIENTS  
       NO.  GLOBAL      1      2      3      4
        1  0.99723   1.000 -0.996 -0.200 -0.067
        2  0.99730  -0.996  1.000  0.248  0.063
        3  0.70277  -0.200  0.248  1.000  0.413
        4  0.51597  -0.067  0.063  0.413  1.000
 ERR MATRIX NOT POS-DEF
 **********
 **    2 **MIGRAD 
 **********
 START MIGRAD MINIMIZATION.  STRATEGY  1.  CONVERGENCE WHEN EDM .LT. 1.00e-04
 FCN=-2.37857e+11 FROM MIGRAD    STATUS=INITIATE        8 CALLS         265 TOTAL
                     EDM=1.39624    STRATEGY= 1      ERR MATRIX NOT POS-DEF
  EXT PARAMETER                APPROXIMATE        STEP         FIRST   
  NO.   NAME      VALUE            ERROR          SIZE      DERIVATIVE 
   1  norm         5.58885e+05   9.72572e+01   1.72556e+03  -1.27464e-02
   2  Q            5.65021e-01   3.16605e-05   9.62455e-05  -1.10637e+04
   3  theta       -1.70165e-03   1.00607e-03   1.08011e-01  -2.13910e+03
   4  pileup       9.99662e-04   1.02706e-07   2.09841e-05  -4.02095e+06
 MIGRAD FAILS TO FIND IMPROVEMENT
 MACHINE ACCURACY LIMITS FURTHER IMPROVEMENT.
 MIGRAD MINIMIZATION HAS CONVERGED.
 MIGRAD WILL VERIFY CONVERGENCE AND ERROR MATRIX.
 EIGENVALUES OF SECOND-DERIVATIVE MATRIX:
        -3.8575e-04  4.5813e-01  8.5481e-01  2.6874e+00
 MINUIT WARNING IN HESSE   
 ============== MATRIX FORCED POS-DEF BY ADDING 0.003073 TO DIAGONAL.
 FCN=-2.37857e+11 FROM HESSE     STATUS=NOT POSDEF     29 CALLS         305 TOTAL
                     EDM=0.00691322    STRATEGY= 1      ERR MATRIX NOT POS-DEF
  EXT PARAMETER                APPROXIMATE        STEP         FIRST   
  NO.   NAME      VALUE            ERROR          SIZE      DERIVATIVE 
   1  norm         5.58885e+05   9.88875e+01   6.90223e+02  -2.42293e-03
   2  Q            5.65021e-01   3.18337e-05   1.92491e-04  -1.13899e+04
   3  theta       -1.70165e-03   2.27813e-03   4.32042e-02  -4.32114e+01
   4  pileup       9.99662e-04   1.00713e-07   8.39363e-06   5.28328e+05
 MINUIT WARNING IN MIGRAD  
 ============== Negative diagonal element 1 in Error Matrix
 MINUIT WARNING IN MIGRAD  
 ============== Negative diagonal element 2 in Error Matrix
 MINUIT WARNING IN MIGRAD  
 ============== Negative diagonal element 3 in Error Matrix
 MINUIT WARNING IN MIGRAD  
 ============== 50348.2 added to diagonal of error matrix
 MIGRAD FAILS TO FIND IMPROVEMENT
 MACHINE ACCURACY LIMITS FURTHER IMPROVEMENT.
 MIGRAD MINIMIZATION HAS CONVERGED.
 MIGRAD WILL VERIFY CONVERGENCE AND ERROR MATRIX.
 EIGENVALUES OF SECOND-DERIVATIVE MATRIX:
        -7.5597e-04  5.7477e-01  8.6193e-01  2.5641e+00
 MINUIT WARNING IN HESSE   
 ============== MATRIX FORCED POS-DEF BY ADDING 0.003320 TO DIAGONAL.
 MIGRAD TERMINATED WITHOUT CONVERGENCE.
 FCN=-2.37857e+11 FROM MIGRAD    STATUS=FAILED        100 CALLS         357 TOTAL
                     EDM=0.0308461    STRATEGY= 1      ERR MATRIX NOT POS-DEF
  EXT PARAMETER                APPROXIMATE        STEP         FIRST   
  NO.   NAME      VALUE            ERROR          SIZE      DERIVATIVE 
   1  norm         5.58870e+05   1.01339e+02   2.76089e+02   3.07315e-02
   2  Q            5.65027e-01   3.25485e-05   3.84982e-04   9.19308e+04
   3  theta       -1.43122e-03   4.79978e-03   1.72817e-02  -2.84308e+01
   4  pileup       9.99659e-04   9.78308e-08   3.35745e-06   9.75077e+05
 EXTERNAL ERROR MATRIX.    NDIM=  25    NPAR=  4    ERR DEF=1
  1.027e+04 -3.287e-03  3.623e-02  2.567e-07 
 -3.287e-03  1.059e-09 -6.785e-09 -1.320e-13 
  3.623e-02 -6.785e-09  2.304e-05  1.377e-10 
  2.567e-07 -1.320e-13  1.377e-10  9.571e-15 
ERR MATRIX NOT POS-DEF
 PARAMETER  CORRELATION COEFFICIENTS  
       NO.  GLOBAL      1      2      3      4
        1  0.99745   1.000 -0.997  0.074  0.026
        2  0.99744  -0.997  1.000 -0.043 -0.041
        3  0.53222   0.074 -0.043  1.000  0.293
        4  0.43736   0.026 -0.041  0.293  1.000
 ERR MATRIX NOT POS-DEF
status of the fit-----000------4
1  558870
2  0.565027
3  -0.00143122
4  0.000999659
 PARAMETER DEFINITIONS:
    NO.   NAME         VALUE      STEP SIZE      LIMITS
     1 norm         5.58870e+05  1.00000e-01     no limits
     2 Q            5.65027e-01  1.00000e-01     no limits
     3 theta       -1.43122e-03  1.00000e-01     no limits
     4 pileup       9.99659e-04  1.00000e-01     no limits
 **********
 **    3 **MIGRAD
 **********
 FIRST CALL TO USER FUNCTION AT NEW START POINT, WITH IFLAG=4.
 START MIGRAD MINIMIZATION.  STRATEGY  1.  CONVERGENCE WHEN EDM .LT. 1.00e-04
 FCN=-2.37857e+11 FROM MIGRAD    STATUS=INITIATE       14 CALLS         372 TOTAL
                     EDM= unknown      STRATEGY= 1      NO ERROR MATRIX       
  EXT PARAMETER               CURRENT GUESS       STEP         FIRST   
  NO.   NAME      VALUE            ERROR          SIZE      DERIVATIVE 
   1  norm         5.58870e+05   1.00000e-01   1.00000e-01   3.07535e-02
   2  Q            5.65027e-01   1.00000e-01   1.00000e-01   5.75445e+06
   3  theta       -1.43122e-03   1.00000e-01   1.00000e-01  -9.51494e+03
   4  pileup       9.99659e-04   1.00000e-01   1.00000e-01  -9.18006e+11
 MIGRAD FAILS TO FIND IMPROVEMENT
 COVARIANCE MATRIX CALCULATED SUCCESSFULLY
 FCN=-2.37857e+11 FROM HESSE     STATUS=OK             29 CALLS         412 TOTAL
                     EDM=0.246174    STRATEGY= 1      ERROR MATRIX ACCURATE 
  EXT PARAMETER                                   STEP         FIRST   
  NO.   NAME      VALUE            ERROR          SIZE      DERIVATIVE 
   1  norm         5.58870e+05   3.88695e+01   2.66490e+00   3.05760e-02
   2  Q            5.65027e-01   3.43888e-06   1.00000e-03   9.18733e+04
   3  theta       -1.43122e-03   2.92914e-03   1.00000e-01  -4.29230e+01
   4  pileup       9.99659e-04   9.24347e-08   1.00000e-02   3.82087e+05
 EIGENVALUES OF SECOND-DERIVATIVE MATRIX:
        -6.6757e-02  1.5277e-04  6.4641e-01  3.4202e+00
 MINUIT WARNING IN MIGRAD  
 ============== MATRIX FORCED POS-DEF BY ADDING 0.070177 TO DIAGONAL.
 MINUIT WARNING IN MIGRAD  
 ============== Negative diagonal element 1 in Error Matrix
 MINUIT WARNING IN MIGRAD  
 ============== Negative diagonal element 2 in Error Matrix
 MINUIT WARNING IN MIGRAD  
 ============== Negative diagonal element 3 in Error Matrix
 MINUIT WARNING IN MIGRAD  
 ============== Negative diagonal element 4 in Error Matrix
 MINUIT WARNING IN MIGRAD  
 ============== 141.8 added to diagonal of error matrix
 MIGRAD FAILS TO FIND IMPROVEMENT
 MACHINE ACCURACY LIMITS FURTHER IMPROVEMENT.
 MIGRAD MINIMIZATION HAS CONVERGED.
 MIGRAD WILL VERIFY CONVERGENCE AND ERROR MATRIX.
 EIGENVALUES OF SECOND-DERIVATIVE MATRIX:
        -2.3537e-01  4.0077e-01  6.7464e-01  3.1600e+00
 MINUIT WARNING IN HESSE   
 ============== MATRIX FORCED POS-DEF BY ADDING 0.238531 TO DIAGONAL.
 MIGRAD TERMINATED WITHOUT CONVERGENCE.
 FCN=-2.37857e+11 FROM MIGRAD    STATUS=FAILED        225 CALLS         583 TOTAL
                     EDM=0.00424315    STRATEGY= 1      ERR MATRIX NOT POS-DEF
  EXT PARAMETER                APPROXIMATE        STEP         FIRST   
  NO.   NAME      VALUE            ERROR          SIZE      DERIVATIVE 
   1  norm         5.58869e+05   2.81726e+01   1.72551e+03   1.20973e-03
   2  Q            5.65027e-01   5.53065e-06   5.54982e-04   3.58882e+02
   3  theta       -1.27761e-03   1.97589e-03   4.11856e-01  -6.23205e+01
   4  pileup       9.99655e-04   1.59099e-07   2.09840e-05  -6.77044e+05
 EXTERNAL ERROR MATRIX.    NDIM=  25    NPAR=  4    ERR DEF=1
  7.937e+02 -1.503e-04 -5.278e-02  3.539e-06 
 -1.503e-04  3.059e-11  1.087e-08 -7.306e-13 
 -5.278e-02  1.087e-08  3.904e-06 -2.529e-10 
  3.539e-06 -7.306e-13 -2.529e-10  2.531e-14 
ERR MATRIX NOT POS-DEF
 PARAMETER  CORRELATION COEFFICIENTS  
       NO.  GLOBAL      1      2      3      4
        1  0.97293   1.000 -0.965 -0.948  0.790
        2  0.99783  -0.965  1.000  0.995 -0.830
        3  0.99648  -0.948  0.995  1.000 -0.805
        4  0.86737   0.790 -0.830 -0.805  1.000
 ERR MATRIX NOT POS-DEF
 **********
 **    4 **MIGRAD 
 **********
 START MIGRAD MINIMIZATION.  STRATEGY  1.  CONVERGENCE WHEN EDM .LT. 1.00e-04
 FCN=-2.37857e+11 FROM MIGRAD    STATUS=INITIATE        8 CALLS         591 TOTAL
                     EDM=1.46625    STRATEGY= 1      ERR MATRIX NOT POS-DEF
  EXT PARAMETER                APPROXIMATE        STEP         FIRST   
  NO.   NAME      VALUE            ERROR          SIZE      DERIVATIVE 
   1  norm         5.58869e+05   2.81726e+01   1.72551e+03  -9.02859e-03
   2  Q            5.65027e-01   5.53065e-06   5.54982e-04   4.49825e+02
   3  theta       -1.27761e-03   1.97589e-03   4.11856e-01  -1.65780e+03
   4  pileup       9.99655e-04   1.59099e-07   2.09840e-05  -5.18830e+06
 MIGRAD FAILS TO FIND IMPROVEMENT
 MACHINE ACCURACY LIMITS FURTHER IMPROVEMENT.
 MIGRAD MINIMIZATION HAS CONVERGED.
 MIGRAD WILL VERIFY CONVERGENCE AND ERROR MATRIX.
 EIGENVALUES OF SECOND-DERIVATIVE MATRIX:
        -1.9424e-04  4.3930e-01  8.5369e-01  2.7072e+00
 MINUIT WARNING IN HESSE   
 ============== MATRIX FORCED POS-DEF BY ADDING 0.002901 TO DIAGONAL.
 FCN=-2.37857e+11 FROM HESSE     STATUS=NOT POSDEF     31 CALLS         633 TOTAL
                     EDM=0.00680742    STRATEGY= 1      ERR MATRIX NOT POS-DEF
  EXT PARAMETER                APPROXIMATE        STEP         FIRST   
  NO.   NAME      VALUE            ERROR          SIZE      DERIVATIVE 
   1  norm         5.58869e+05   9.84488e+01   6.90202e+02   1.29717e-03
   2  Q            5.65027e-01   3.17430e-05   9.65070e-05   3.43891e+02
   3  theta       -1.27761e-03   2.28864e-03   4.39181e-02  -3.23638e+01
   4  pileup       9.99655e-04   1.01299e-07   8.39359e-06  -6.38859e+05
 MINUIT WARNING IN MIGRAD  
 ============== Negative diagonal element 1 in Error Matrix
 MINUIT WARNING IN MIGRAD  
 ============== Negative diagonal element 2 in Error Matrix
 MINUIT WARNING IN MIGRAD  
 ============== Negative diagonal element 3 in Error Matrix
 MINUIT WARNING IN MIGRAD  
 ============== 5727.92 added to diagonal of error matrix
 MIGRAD FAILS TO FIND IMPROVEMENT
 MACHINE ACCURACY LIMITS FURTHER IMPROVEMENT.
 MIGRAD MINIMIZATION HAS CONVERGED.
 MIGRAD WILL VERIFY CONVERGENCE AND ERROR MATRIX.
 EIGENVALUES OF SECOND-DERIVATIVE MATRIX:
        -4.0332e-05  5.4383e-01  8.5802e-01  2.5982e+00
 MINUIT WARNING IN HESSE   
 ============== MATRIX FORCED POS-DEF BY ADDING 0.002639 TO DIAGONAL.
 MIGRAD TERMINATED WITHOUT CONVERGENCE.
 FCN=-2.37857e+11 FROM MIGRAD    STATUS=FAILED        100 CALLS         683 TOTAL
                     EDM=0.0170791    STRATEGY= 1      ERR MATRIX NOT POS-DEF
  EXT PARAMETER                APPROXIMATE        STEP         FIRST   
  NO.   NAME      VALUE            ERROR          SIZE      DERIVATIVE 
   1  norm         5.58860e+05   1.00527e+02   2.76081e+02   1.61511e-02
   2  Q            5.65029e-01   3.23825e-05   3.86028e-05   4.67454e+04
   3  theta       -1.11199e-03   4.85216e-03   1.75672e-02  -2.25617e+01
   4  pileup       9.99662e-04   9.84598e-08   3.35744e-06   1.39809e+06
 EXTERNAL ERROR MATRIX.    NDIM=  25    NPAR=  4    ERR DEF=1
  1.011e+04 -3.244e-03 -4.982e-03  5.880e-08 
 -3.244e-03  1.049e-09  6.947e-09 -6.393e-14 
 -4.982e-03  6.947e-09  2.354e-05  1.484e-10 
  5.880e-08 -6.393e-14  1.484e-10  9.694e-15 
ERR MATRIX NOT POS-DEF
 PARAMETER  CORRELATION COEFFICIENTS  
       NO.  GLOBAL      1      2      3      4
        1  0.99741   1.000 -0.996 -0.010  0.006
        2  0.99741  -0.996  1.000  0.044 -0.020
        3  0.56014  -0.010  0.044  1.000  0.311
        4  0.44838   0.006 -0.020  0.311  1.000
 ERR MATRIX NOT POS-DEF
status of the fit-----000------4
1  558860
2  0.565029
3  -0.00111199
4  0.000999662
 PARAMETER DEFINITIONS:
    NO.   NAME         VALUE      STEP SIZE      LIMITS
     1 norm         5.58860e+05  1.00000e-01     no limits
     2 Q            5.65029e-01  1.00000e-01     no limits
     3 theta       -1.11199e-03  1.00000e-01     no limits
     4 pileup       9.99662e-04  1.00000e-01     no limits
 **********
 **    5 **MIGRAD
 **********
 FIRST CALL TO USER FUNCTION AT NEW START POINT, WITH IFLAG=4.
 START MIGRAD MINIMIZATION.  STRATEGY  1.  CONVERGENCE WHEN EDM .LT. 1.00e-04
 FCN=-2.37857e+11 FROM MIGRAD    STATUS=INITIATE       14 CALLS         698 TOTAL
                     EDM= unknown      STRATEGY= 1      NO ERROR MATRIX       
  EXT PARAMETER               CURRENT GUESS       STEP         FIRST   
  NO.   NAME      VALUE            ERROR          SIZE      DERIVATIVE 
   1  norm         5.58860e+05   1.00000e-01   1.00000e-01   1.61471e-02
   2  Q            5.65029e-01   1.00000e-01   1.00000e-01   5.58782e+06
   3  theta       -1.11199e-03   1.00000e-01   1.00000e-01  -7.39165e+03
   4  pileup       9.99662e-04   1.00000e-01   1.00000e-01  -9.18006e+11
 MIGRAD FAILS TO FIND IMPROVEMENT
 COVARIANCE MATRIX CALCULATED SUCCESSFULLY
 FCN=-2.37857e+11 FROM HESSE     STATUS=OK             29 CALLS         738 TOTAL
                     EDM=0.0900102    STRATEGY= 1      ERROR MATRIX ACCURATE 
  EXT PARAMETER                                   STEP         FIRST   
  NO.   NAME      VALUE            ERROR          SIZE      DERIVATIVE 
   1  norm         5.58860e+05   4.15389e+01   2.66485e+00   1.60899e-02
   2  Q            5.65029e-01   3.72425e-06   1.00000e-03   4.67307e+04
   3  theta       -1.11199e-03   3.19249e-03   1.00000e-01  -3.39622e+01
   4  pileup       9.99662e-04   9.24347e-08   1.00000e-02   8.06823e+05
 MINUIT WARNING IN MIGRAD  
 ============== Negative diagonal element 1 in Error Matrix
 MINUIT WARNING IN MIGRAD  
 ============== Negative diagonal element 3 in Error Matrix
 MINUIT WARNING IN MIGRAD  
 ============== Negative diagonal element 4 in Error Matrix
 MINUIT WARNING IN MIGRAD  
 ============== 20.6238 added to diagonal of error matrix
 MIGRAD FAILS TO FIND IMPROVEMENT
 MACHINE ACCURACY LIMITS FURTHER IMPROVEMENT.
 MIGRAD MINIMIZATION HAS CONVERGED.
 MIGRAD WILL VERIFY CONVERGENCE AND ERROR MATRIX.
 EIGENVALUES OF SECOND-DERIVATIVE MATRIX:
        -2.4156e-01  4.1853e-01  6.8014e-01  3.1429e+00
 MINUIT WARNING IN HESSE   
 ============== MATRIX FORCED POS-DEF BY ADDING 0.244706 TO DIAGONAL.
 MIGRAD TERMINATED WITHOUT CONVERGENCE.
 FCN=-2.37857e+11 FROM MIGRAD    STATUS=FAILED        172 CALLS         856 TOTAL
                     EDM=0.141871    STRATEGY= 1      ERR MATRIX NOT POS-DEF
  EXT PARAMETER                APPROXIMATE        STEP         FIRST   
  NO.   NAME      VALUE            ERROR          SIZE      DERIVATIVE 
   1  norm         5.58860e+05   3.32111e+01   1.72548e+03   5.61654e-03
   2  Q            5.65029e-01   5.65222e-06   5.54985e-04   1.42571e+04
   3  theta       -9.83431e-04   1.72663e-02   4.47661e-02  -2.36128e+01
   4  pileup       9.99658e-04   2.15442e-07   2.09841e-05   1.22854e+05
 EXTERNAL ERROR MATRIX.    NDIM=  25    NPAR=  4    ERR DEF=1
  1.103e+03 -1.830e-04 -5.505e-01  6.320e-06 
 -1.830e-04  3.195e-11  9.704e-08 -1.115e-12 
 -5.505e-01  9.704e-08  2.981e-04 -3.335e-09 
  6.320e-06 -1.115e-12 -3.335e-09  4.642e-14 
ERR MATRIX NOT POS-DEF
 PARAMETER  CORRELATION COEFFICIENTS  
       NO.  GLOBAL      1      2      3      4
        1  0.98069   1.000 -0.975 -0.960  0.883
        2  0.99791  -0.975  1.000  0.994 -0.916
        3  0.99606  -0.960  0.994  1.000 -0.897
        4  0.93038   0.883 -0.916 -0.897  1.000
 ERR MATRIX NOT POS-DEF
 **********
 **    6 **MIGRAD 
 **********
 START MIGRAD MINIMIZATION.  STRATEGY  1.  CONVERGENCE WHEN EDM .LT. 1.00e-04
 FCN=-2.37857e+11 FROM MIGRAD    STATUS=INITIATE        8 CALLS         864 TOTAL
                     EDM=2.13397    STRATEGY= 1      ERR MATRIX NOT POS-DEF
  EXT PARAMETER                APPROXIMATE        STEP         FIRST   
  NO.   NAME      VALUE            ERROR          SIZE      DERIVATIVE 
   1  norm         5.58860e+05   3.32111e+01   1.72548e+03  -4.62088e-03
   2  Q            5.65029e-01   5.65222e-06   5.54985e-04   1.43455e+04
   3  theta       -9.83431e-04   1.72663e-02   4.47661e-02  -2.29638e+02
   4  pileup       9.99658e-04   2.15442e-07   2.09841e-05  -4.38843e+06
 MIGRAD FAILS TO FIND IMPROVEMENT
 MACHINE ACCURACY LIMITS FURTHER IMPROVEMENT.
 MIGRAD MINIMIZATION HAS CONVERGED.
 MIGRAD WILL VERIFY CONVERGENCE AND ERROR MATRIX.
 EIGENVALUES OF SECOND-DERIVATIVE MATRIX:
        -2.8424e-01  3.9516e-01  6.7913e-01  3.2099e+00
 MINUIT WARNING IN HESSE   
 ============== MATRIX FORCED POS-DEF BY ADDING 0.287452 TO DIAGONAL.
 FCN=-2.37857e+11 FROM HESSE     STATUS=NOT POSDEF     31 CALLS         959 TOTAL
                     EDM=0.0137725    STRATEGY= 1      ERR MATRIX NOT POS-DEF
  EXT PARAMETER                APPROXIMATE        STEP         FIRST   
  NO.   NAME      VALUE            ERROR          SIZE      DERIVATIVE 
   1  norm         5.58860e+05   2.87807e+01   1.72548e+03   2.87228e-03
   2  Q            5.65030e-01   5.53916e-06   5.54985e-04   5.75128e+03
   3  theta       -5.92254e-04   4.53209e-03   1.79224e-01  -3.30165e+01
   4  pileup       9.99658e-04   1.78176e-07   2.09840e-05   2.34128e+05
 EIGENVALUES OF SECOND-DERIVATIVE MATRIX:
        -7.5419e-01  1.4474e-01  7.6592e-01  3.8435e+00
 MINUIT WARNING IN MIGRAD  
 ============== MATRIX FORCED POS-DEF BY ADDING 0.758035 TO DIAGONAL.
 MINUIT WARNING IN MIGRAD  
 ============== Negative diagonal element 2 in Error Matrix
 MINUIT WARNING IN MIGRAD  
 ============== 1 added to diagonal of error matrix
 MIGRAD FAILS TO FIND IMPROVEMENT
 MIGRAD TERMINATED WITHOUT CONVERGENCE.
 FCN=-2.37857e+11 FROM MIGRAD    STATUS=FAILED        141 CALLS         997 TOTAL
                     EDM=1.07968e+07    STRATEGY= 1      ERR MATRIX NOT POS-DEF
  EXT PARAMETER                APPROXIMATE        STEP         FIRST   
  NO.   NAME      VALUE            ERROR          SIZE      DERIVATIVE 
   1  norm         5.58859e+05   1.17363e+01   0.00000e+00  -6.53352e-02
   2  Q            5.65030e-01   1.00000e+00  -0.00000e+00   2.34535e+09
   3  theta       -5.31960e-04   1.00000e+00   0.00000e+00  -2.37867e+04
   4  pileup       9.99658e-04   1.00000e+00   0.00000e+00  -2.83511e+07
 EXTERNAL ERROR MATRIX.    NDIM=  25    NPAR=  4    ERR DEF=1
  1.377e+02 -3.245e-09 -6.780e-04  1.410e-08 
 -3.245e-09  1.000e+00  1.044e-13 -5.797e-17 
 -6.780e-04  1.044e-13  1.000e+00 -2.186e-11 
  1.410e-08 -5.797e-17 -2.186e-11  1.000e+00 
ERR MATRIX NOT POS-DEF
 PARAMETER  CORRELATION COEFFICIENTS  
       NO.  GLOBAL      1      2      3      4
        1  0.00006   1.000 -0.000 -0.000  0.000
        2  0.00000  -0.000  1.000  0.000 -0.000
        3  0.00006  -0.000  0.000  1.000 -0.000
        4  0.00000   0.000 -0.000 -0.000  1.000
 ERR MATRIX NOT POS-DEF
status of the fit-----000------4
1  558859
2  0.56503
3  -0.00053196
4  0.000999658
