  *******************************************
  *                                         *
  *        W E L C O M E  to  R O O T       *
  *                                         *
  *   Version   5.34/36      5 April 2016   *
  *                                         *
  *  You are welcome to visit our Web site  *
  *          http://root.cern.ch            *
  *                                         *
  *******************************************

ROOT 5.34/36 (v5-34-36@v5-34-36, Apr 05 2016, 10:25:45 on linuxx8664gcc)

CINT/ROOT C/C++ Interpreter version 5.18.00, July 2, 2010
Type ? for help. Commands must be C++ statements.
Enclose multiple statements between { }.
Loading root init file.
The rat/rootinit.C file loaded the DEAP style for you, which is available from the fStyle pointer.
DEAP style applied. 
RAT: Libraries loaded.

Processing /home/fatemigh/projects/rpp-jillings/fatemigh/sterile/Likelihood/LikelihoodSterile_modified6.C+(257)...
pased here
566 lines read from file
31
spec_E  566
Before entering fitting
 **********
 **    1 **SET PRINT           2
 **********
 **********
 **    2 **SET NOGRAD
 **********
 PARAMETER DEFINITIONS:
    NO.   NAME         VALUE      STEP SIZE      LIMITS
     1 p0           5.58000e+05  1.67400e+05     no limits
     2 p1           5.65000e-01  1.69500e-01     no limits
     3 p2           0.00000e+00  3.00000e-01     no limits
     4 p3           9.99871e-04  2.99961e-04     no limits
 **********
 **    3 **SET ERR         0.5
 **********
 **********
 **    4 **SET PRINT           2
 **********
 **********
 **    5 **SET STR           1
 **********
 NOW USING STRATEGY  1: TRY TO BALANCE SPEED AGAINST RELIABILITY
 **********
 **    6 **MIGRAD        1480        0.01
 **********
 FIRST CALL TO USER FUNCTION AT NEW START POINT, WITH IFLAG=4.
 START MIGRAD MINIMIZATION.  STRATEGY  1.  CONVERGENCE WHEN EDM .LT. 1.00e-05
 FCN=17467.1 FROM MIGRAD    STATUS=INITIATE       18 CALLS          19 TOTAL
                     EDM= unknown      STRATEGY= 1      NO ERROR MATRIX       
  EXT PARAMETER               CURRENT GUESS       STEP         FIRST   
  NO.   NAME      VALUE            ERROR          SIZE      DERIVATIVE 
   1  p0           5.58000e+05   1.67400e+05   1.67400e+05  -3.64385e+01
   2  p1           5.65000e-01   1.69500e-01   1.69500e-01  -1.13107e+08
   3  p2           0.00000e+00   3.00000e-01   3.00000e-01   0.00000e+00
   4  p3           9.99871e-04   2.99961e-04   2.99961e-04  -9.72845e+08
                               ERR DEF= 0.5
NO ERROR MATRIX       
 FCN=513.05 FROM MIGRAD    STATUS=PROGRESS       34 CALLS          35 TOTAL
                     EDM=1451.89    STRATEGY= 1      NO ERROR MATRIX       
  EXT PARAMETER               CURRENT GUESS       STEP         FIRST   
  NO.   NAME      VALUE            ERROR          SIZE      DERIVATIVE 
   1  p0           5.58442e+05   1.67400e+05   4.41784e+02  -8.36554e-01
   2  p1           5.65142e-01   1.69500e-01   1.42459e-04  -2.56647e+06
   3  p2           0.00000e+00   3.00000e-01  -0.00000e+00   0.00000e+00
   4  p3           1.00162e-03   2.99961e-04   1.74883e-06   4.21575e+08
                               ERR DEF= 0.5
 FCN=67.5471 FROM MIGRAD    STATUS=PROGRESS      158 CALLS         159 TOTAL
                     EDM=2.63748e-05    STRATEGY= 1  ERROR MATRIX UNCERTAINTY  11.4 per cent
  EXT PARAMETER                APPROXIMATE        STEP         FIRST   
  NO.   NAME      VALUE            ERROR          SIZE      DERIVATIVE 
   1  p0           5.59941e+05   1.00048e+03  -9.33409e+00  -1.02426e-03
   2  p1           5.64685e-01   3.21203e-04   3.00402e-06  -3.18242e+03
   3  p2           0.00000e+00   4.90711e-04  -0.00000e+00   0.00000e+00
   4  p3           9.99692e-04   6.92409e-08  -1.42169e-10  -4.19909e+04
                               ERR DEF= 0.5
 MIGRAD MINIMIZATION HAS CONVERGED.
 MIGRAD WILL VERIFY CONVERGENCE AND ERROR MATRIX.
   START COVARIANCE MATRIX CALCULATION.
 EIGENVALUES OF SECOND-DERIVATIVE MATRIX:
        -3.9200e-04  7.6555e-01  1.0571e+00  2.1778e+00
 MINUIT WARNING IN HESSE   
 ============== MATRIX FORCED POS-DEF BY ADDING 0.002570 TO DIAGONAL.
 FCN=67.5471 FROM MIGRAD    STATUS=CONVERGED     228 CALLS         229 TOTAL
                     EDM=7.36692e-07    STRATEGY= 1      ERR MATRIX NOT POS-DEF
  EXT PARAMETER                APPROXIMATE        STEP         FIRST   
  NO.   NAME      VALUE            ERROR          SIZE      DERIVATIVE 
   1  p0           5.59944e+05   7.77478e+01   2.67002e-01   1.07505e-04
   2  p1           5.64684e-01   2.49988e-05   2.69262e-07   3.50661e+02
   3  p2           0.00000e+00   5.56037e-03   3.48101e-05   0.00000e+00
   4  p3           9.99692e-04   6.35618e-08   4.76690e-10   1.19083e+04
                               ERR DEF= 0.5
 EXTERNAL ERROR MATRIX.    NDIM=  25    NPAR=  4    ERR DEF=0.5
  6.045e+03 -1.939e-03  2.910e-02  5.015e-07 
 -1.939e-03  6.249e-10 -9.703e-09 -1.966e-13 
  2.910e-02 -9.703e-09  3.092e-05  5.004e-11 
  5.015e-07 -1.966e-13  5.004e-11  4.040e-15 
ERR MATRIX NOT POS-DEF
 PARAMETER  CORRELATION COEFFICIENTS  
       NO.  GLOBAL      1      2      3      4
        1  0.99782   1.000 -0.998  0.067  0.101
        2  0.99783  -0.998  1.000 -0.070 -0.124
        3  0.15139   0.067 -0.070  1.000  0.142
        4  0.36010   0.101 -0.124  0.142  1.000
 ERR MATRIX NOT POS-DEF
 **********
 **    7 **HESSE        1480
 **********
   START COVARIANCE MATRIX CALCULATION.
 EIGENVALUES OF SECOND-DERIVATIVE MATRIX:
         6.0513e-03  8.0610e-01  9.9965e-01  2.1882e+00
 COVARIANCE MATRIX CALCULATED SUCCESSFULLY
 FCN=67.5471 FROM HESSE     STATUS=OK             27 CALLS         256 TOTAL
                     EDM=1.28837e-06    STRATEGY= 1      ERROR MATRIX ACCURATE 
  EXT PARAMETER                                INTERNAL      INTERNAL  
  NO.   NAME      VALUE            ERROR       STEP SIZE       VALUE   
   1  p0           5.59944e+05   4.64614e+01   1.33501e-01   5.59944e+05
   2  p1           5.64684e-01   1.49951e-05   1.34631e-07   5.64684e-01
   3  p2           0.00000e+00   5.54688e-03   3.48101e-05   0.00000e+00
   4  p3           9.99692e-04   6.62910e-08   1.18791e-08   9.99692e-04
                               ERR DEF= 0.5
 EXTERNAL ERROR MATRIX.    NDIM=  25    NPAR=  4    ERR DEF=0.5
  2.159e+03 -6.919e-04  3.205e-02  4.538e-08 
 -6.919e-04  2.249e-10 -1.015e-08 -5.411e-14 
  3.205e-02 -1.015e-08  3.077e-05  6.779e-13 
  4.538e-08 -5.411e-14  6.779e-13  4.395e-15 
 PARAMETER  CORRELATION COEFFICIENTS  
       NO.  GLOBAL      1      2      3      4
        1  0.99394   1.000 -0.993  0.124  0.015
        2  0.99396  -0.993  1.000 -0.122 -0.054
        3  0.12505   0.124 -0.122  1.000  0.002
        4  0.34122   0.015 -0.054  0.002  1.000
 EXTERNAL ERROR MATRIX.    NDIM=   4    NPAR=  4    ERR DEF=0.5
  2.159e+03 -6.919e-04  3.205e-02  4.538e-08 
 -6.919e-04  2.249e-10 -1.015e-08 -5.411e-14 
  3.205e-02 -1.015e-08  3.077e-05  6.779e-13 
  4.538e-08 -5.411e-14  6.779e-13  4.395e-15 
 FCN=67.5471 FROM HESSE     STATUS=OK             27 CALLS         256 TOTAL
                     EDM=1.28837e-06    STRATEGY= 1      ERROR MATRIX ACCURATE 
  EXT PARAMETER                  PARABOLIC         MINOS ERRORS        
  NO.   NAME      VALUE            ERROR      NEGATIVE      POSITIVE   
   1  p0           5.59944e+05   4.64614e+01                            
   2  p1           5.64684e-01   1.49951e-05                            
   3  p2           0.00000e+00   5.54688e-03                            
   4  p3           9.99692e-04   6.62910e-08                            
                               ERR DEF= 0.5
------------------------------------------
Enering ROOFIt-------
 PARAMETER DEFINITIONS:
    NO.   NAME         VALUE      STEP SIZE      LIMITS
     1 norm         5.59944e+05  1.00000e-01     no limits
     2 Q            5.65000e-01  1.00000e-01     no limits
     3 theta        0.00000e+00  1.00000e-01     no limits
     4 pileup       9.99692e-04  1.00000e-01     no limits
 **********
 **    1 **MIGRAD
 **********
 FIRST CALL TO USER FUNCTION AT NEW START POINT, WITH IFLAG=4.
 START MIGRAD MINIMIZATION.  STRATEGY  1.  CONVERGENCE WHEN EDM .LT. 1.00e-04
 FCN=-2.37862e+11 FROM MIGRAD    STATUS=INITIATE       45 CALLS          46 TOTAL
                     EDM= unknown      STRATEGY= 1      NO ERROR MATRIX       
  EXT PARAMETER               CURRENT GUESS       STEP         FIRST   
  NO.   NAME      VALUE            ERROR          SIZE      DERIVATIVE 
   1  norm         5.59944e+05   1.00000e-01   0.00000e+00   2.38719e+01
   2  Q            5.65000e-01   1.00000e-01   0.00000e+00   7.41437e+07
   3  theta        7.86008e-02   1.00000e-01   7.86008e-02   6.62865e+05
   4  pileup       9.99692e-04   1.00000e-01   0.00000e+00   5.86444e+07
 MIGRAD FAILS TO FIND IMPROVEMENT
 MACHINE ACCURACY LIMITS FURTHER IMPROVEMENT.
 MIGRAD MINIMIZATION HAS CONVERGED.
 FCN=-2.37862e+11 FROM MIGRAD    STATUS=CONVERGED     195 CALLS         196 TOTAL
                     EDM=41.5404    STRATEGY= 1  ERROR MATRIX UNCERTAINTY   0.7 per cent
  EXT PARAMETER                                   STEP         FIRST   
  NO.   NAME      VALUE            ERROR          SIZE      DERIVATIVE 
   1  norm         5.59340e+05   7.16627e+00  -0.00000e+00   2.88013e-02
   2  Q            5.64879e-01   1.16016e-09  -0.00000e+00   2.88338e+05
   3  theta        2.64453e-03   4.50132e-04  -0.00000e+00   3.23538e+04
   4  pileup       9.99728e-04   8.62452e-08   0.00000e+00  -1.56639e+07
 EXTERNAL ERROR MATRIX.    NDIM=  25    NPAR=  4    ERR DEF=1
  5.136e+01  5.292e-10  2.526e-04 -3.223e-08 
  5.292e-10  1.346e-18  2.326e-13 -2.155e-18 
  2.526e-04  2.326e-13  2.026e-07 -1.461e-12 
 -3.223e-08 -2.155e-18 -1.461e-12  7.438e-15 
 PARAMETER  CORRELATION COEFFICIENTS  
       NO.  GLOBAL      1      2      3      4
        1  0.09785   1.000  0.064  0.078 -0.052
        2  0.44628   0.064  1.000  0.445 -0.022
        3  0.44887   0.078  0.445  1.000 -0.038
        4  0.06218  -0.052 -0.022 -0.038  1.000
 **********
 **    2 **MIGRAD 
 **********
 START MIGRAD MINIMIZATION.  STRATEGY  1.  CONVERGENCE WHEN EDM .LT. 1.00e-04
 FCN=-2.37862e+11 FROM MIGRAD    STATUS=INITIATE       12 CALLS         208 TOTAL
                     EDM=47.0938    STRATEGY= 1  ERROR MATRIX UNCERTAINTY   0.7 per cent
  EXT PARAMETER                                   STEP         FIRST   
  NO.   NAME      VALUE            ERROR          SIZE      DERIVATIVE 
   1  norm         5.59340e+05   7.16627e+00  -0.00000e+00   2.88019e-02
   2  Q            5.64879e-01   1.16016e-09  -0.00000e+00  -4.07172e+09
   3  theta        2.64453e-03   4.50132e-04  -0.00000e+00   3.30336e+04
   4  pileup       9.99728e-04   8.62452e-08   0.00000e+00  -1.56651e+07
 MIGRAD FAILS TO FIND IMPROVEMENT
 MACHINE ACCURACY LIMITS FURTHER IMPROVEMENT.
 MIGRAD MINIMIZATION HAS CONVERGED.
 FCN=-2.37862e+11 FROM MIGRAD    STATUS=CONVERGED      23 CALLS         219 TOTAL
                     EDM=47.0938    STRATEGY= 1  ERROR MATRIX UNCERTAINTY   0.7 per cent
  EXT PARAMETER                                   STEP         FIRST   
  NO.   NAME      VALUE            ERROR          SIZE      DERIVATIVE 
   1  norm         5.59340e+05   7.16627e+00  -0.00000e+00   2.88019e-02
   2  Q            5.64879e-01   1.16016e-09  -0.00000e+00  -4.07172e+09
   3  theta        2.64453e-03   4.50132e-04  -0.00000e+00   3.30336e+04
   4  pileup       9.99728e-04   8.62452e-08   0.00000e+00  -1.56651e+07
 EXTERNAL ERROR MATRIX.    NDIM=  25    NPAR=  4    ERR DEF=1
  5.136e+01  5.292e-10  2.526e-04 -3.223e-08 
  5.292e-10  1.346e-18  2.326e-13 -2.155e-18 
  2.526e-04  2.326e-13  2.026e-07 -1.461e-12 
 -3.223e-08 -2.155e-18 -1.461e-12  7.438e-15 
 PARAMETER  CORRELATION COEFFICIENTS  
       NO.  GLOBAL      1      2      3      4
        1  0.09785   1.000  0.064  0.078 -0.052
        2  0.44628   0.064  1.000  0.445 -0.022
        3  0.44887   0.078  0.445  1.000 -0.038
        4  0.06218  -0.052 -0.022 -0.038  1.000
status of the fit-----000------0
1  559340
2  0.564879
3  0.00264453
4  0.000999728
 **********
 **    8 **SET PRINT           2
 **********
 **********
 **    9 **SET NOGRAD
 **********
 PARAMETER DEFINITIONS:
    NO.   NAME         VALUE      STEP SIZE      LIMITS
     1 p0           5.58000e+05  1.67400e+05     no limits
     2 p1           5.65000e-01  1.69500e-01     no limits
     3 p2           0.00000e+00  3.00000e-01     no limits
     4 p3           9.99871e-04  2.99961e-04     no limits
 **********
 **   10 **SET ERR         0.5
 **********
 **********
 **   11 **SET PRINT           2
 **********
 **********
 **   12 **SET STR           1
 **********
 NOW USING STRATEGY  1: TRY TO BALANCE SPEED AGAINST RELIABILITY
 **********
 **   13 **MIGRAD        1480        0.01
 **********
 FIRST CALL TO USER FUNCTION AT NEW START POINT, WITH IFLAG=4.
 START MIGRAD MINIMIZATION.  STRATEGY  1.  CONVERGENCE WHEN EDM .LT. 1.00e-05
 FCN=17598.7 FROM MIGRAD    STATUS=INITIATE       18 CALLS          19 TOTAL
                     EDM= unknown      STRATEGY= 1      NO ERROR MATRIX       
  EXT PARAMETER               CURRENT GUESS       STEP         FIRST   
  NO.   NAME      VALUE            ERROR          SIZE      DERIVATIVE 
   1  p0           5.58000e+05   1.67400e+05   1.67400e+05  -3.65564e+01
   2  p1           5.65000e-01   1.69500e-01   1.69500e-01  -1.13482e+08
   3  p2           0.00000e+00   3.00000e-01   3.00000e-01   0.00000e+00
   4  p3           9.99871e-04   2.99961e-04   2.99961e-04  -1.00532e+09
                               ERR DEF= 0.5
NO ERROR MATRIX       
 FCN=503.464 FROM MIGRAD    STATUS=PROGRESS       34 CALLS          35 TOTAL
                     EDM=1348.18    STRATEGY= 1      NO ERROR MATRIX       
  EXT PARAMETER               CURRENT GUESS       STEP         FIRST   
  NO.   NAME      VALUE            ERROR          SIZE      DERIVATIVE 
   1  p0           5.58443e+05   1.67400e+05   4.42647e+02  -8.27434e-01
   2  p1           5.65143e-01   1.69500e-01   1.42750e-04  -2.54698e+06
   3  p2           0.00000e+00   3.00000e-01  -0.00000e+00   0.00000e+00
   4  p3           1.00168e-03   2.99961e-04   1.80474e-06   4.05649e+08
                               ERR DEF= 0.5
 FCN=89.4418 FROM MIGRAD    STATUS=PROGRESS      146 CALLS         147 TOTAL
                     EDM=0.0989761    STRATEGY= 1  ERROR MATRIX UNCERTAINTY  33.1 per cent
  EXT PARAMETER                APPROXIMATE        STEP         FIRST   
  NO.   NAME      VALUE            ERROR          SIZE      DERIVATIVE 
   1  p0           5.57430e+05   1.37457e+03  -2.35223e+01   1.98539e-02
   2  p1           5.65494e-01   4.43584e-04   7.58800e-06   6.10739e+04
   3  p2           0.00000e+00   4.87207e-04  -0.00000e+00   0.00000e+00
   4  p3           9.99776e-04   7.43508e-08  -9.87126e-10   2.20729e+06
                               ERR DEF= 0.5
 MINUIT WARNING IN MIGRAD  
 ============== Negative diagonal element 1 in Error Matrix
 MINUIT WARNING IN MIGRAD  
 ============== Negative diagonal element 2 in Error Matrix
 MINUIT WARNING IN MIGRAD  
 ============== 479802 added to diagonal of error matrix
 EIGENVALUES OF SECOND-DERIVATIVE MATRIX:
         9.9978e-01  1.0000e+00  1.0000e+00  1.0002e+00
 MIGRAD FAILS TO FIND IMPROVEMENT
   START COVARIANCE MATRIX CALCULATION.
 MINUIT WARNING IN HESSE   
 ============== Negative diagonal element 3 in Error Matrix
 MINUIT WARNING IN HESSE   
 ============== 4249.77 added to diagonal of error matrix
 EIGENVALUES OF SECOND-DERIVATIVE MATRIX:
        -4.3622e+00  8.6284e-01  1.0000e+00  6.4993e+00
 MINUIT WARNING IN HESSE   
 ============== MATRIX FORCED POS-DEF BY ADDING 4.368697 TO DIAGONAL.
 FCN=89.4395 FROM HESSE     STATUS=NOT POSDEF     23 CALLS         202 TOTAL
                     EDM=0.819174    STRATEGY= 1      ERR MATRIX NOT POS-DEF
  EXT PARAMETER                APPROXIMATE        STEP         FIRST   
  NO.   NAME      VALUE            ERROR          SIZE      DERIVATIVE 
   1  p0           5.57422e+05   6.62061e-03   2.65800e-01   1.90310e-02
   2  p1           5.65496e-01   2.17245e-06   2.69649e-07   5.84530e+04
   3  p2           0.00000e+00   8.81322e+00   9.27967e-05   0.00000e+00
   4  p3           9.99776e-04   5.49602e-07   4.76730e-10   2.10991e+06
                               ERR DEF= 0.5
 PARAMETER  CORRELATION COEFFICIENTS  
       NO.  GLOBAL      1      2      3      4
        1  0.00882   1.000  0.008  0.009  0.009
        2  0.94478   0.008  1.000  0.945  0.942
        3  0.99880   0.009  0.945  1.000  0.999
        4  0.99875   0.009  0.942  0.999  1.000
 ERR MATRIX NOT POS-DEF
 FCN=89.4354 FROM MIGRAD    STATUS=PROGRESS      215 CALLS         216 TOTAL
                     EDM=790.862    STRATEGY= 1      ERR MATRIX NOT POS-DEF
  EXT PARAMETER                APPROXIMATE        STEP         FIRST   
  NO.   NAME      VALUE            ERROR          SIZE      DERIVATIVE 
   1  p0           5.57422e+05   6.62061e-03  -9.38784e-09   1.46079e-02
   2  p1           5.65496e-01   2.17245e-06  -3.31215e-10   4.47268e+04
   3  p2          -1.40803e-03   8.81322e+00  -1.40803e-03   4.39131e+00
   4  p3           9.99776e-04   5.49602e-07  -8.78865e-11   1.78078e+06
                               ERR DEF= 0.5
 MINUIT WARNING IN MIGRAD  
 ============== Negative diagonal element 3 in Error Matrix
 MINUIT WARNING IN MIGRAD  
 ============== 1.00063 added to diagonal of error matrix
 EIGENVALUES OF SECOND-DERIVATIVE MATRIX:
         1.0000e+00  1.0000e+00  1.0000e+00  1.0000e+00
 MIGRAD FAILS TO FIND IMPROVEMENT
 MIGRAD TERMINATED WITHOUT CONVERGENCE.
 FCN=89.4354 FROM MIGRAD    STATUS=FAILED        226 CALLS         227 TOTAL
                     EDM=790.862    STRATEGY= 1      ERR MATRIX NOT POS-DEF
  EXT PARAMETER                APPROXIMATE        STEP         FIRST   
  NO.   NAME      VALUE            ERROR          SIZE      DERIVATIVE 
   1  p0           5.57422e+05   7.07360e-01  -0.00000e+00   1.46079e-02
   2  p1           5.65496e-01   7.07329e-01  -0.00000e+00   4.47268e+04
   3  p2          -1.40803e-03   7.07107e-01  -0.00000e+00   4.39131e+00
   4  p3           9.99776e-04   7.07329e-01  -0.00000e+00   1.78078e+06
                               ERR DEF= 0.5
 EXTERNAL ERROR MATRIX.    NDIM=  25    NPAR=  4    ERR DEF=0.5
  5.004e-01 -2.571e-12  3.202e-08 -2.598e-14 
 -2.571e-12  5.003e-01  1.430e-09 -1.166e-15 
  3.202e-08  1.430e-09  5.000e-01  3.340e-11 
 -2.598e-14 -1.166e-15  3.340e-11  5.003e-01 
ERR MATRIX NOT POS-DEF
 PARAMETER  CORRELATION COEFFICIENTS  
       NO.  GLOBAL      1      2      3      4
        1  0.00000   1.000 -0.000  0.000 -0.000
        2  0.00000  -0.000  1.000  0.000 -0.000
        3  0.00000   0.000  0.000  1.000  0.000
        4  0.00000  -0.000 -0.000  0.000  1.000
 ERR MATRIX NOT POS-DEF
 FCN=89.4354 FROM MIGRAD    STATUS=FAILED        226 CALLS         227 TOTAL
                     EDM=790.862    STRATEGY= 1      ERR MATRIX NOT POS-DEF
  EXT PARAMETER                  PARABOLIC         MINOS ERRORS        
  NO.   NAME      VALUE            ERROR      NEGATIVE      POSITIVE   
   1  p0           5.57422e+05   7.07360e-01                            
   2  p1           5.65496e-01   7.07329e-01                            
   3  p2          -1.40803e-03   7.07107e-01                            
   4  p3           9.99776e-04   7.07329e-01                            
                               ERR DEF= 0.5
 **********
 **   14 **SET PRINT           2
 **********
 **********
 **   15 **SET NOGRAD
 **********
 PARAMETER DEFINITIONS:
    NO.   NAME         VALUE      STEP SIZE      LIMITS
     1 p0           5.57422e+05  7.07360e-01     no limits
     2 p1           5.65496e-01  7.07329e-01     no limits
     3 p2          -1.40803e-03  7.07107e-01     no limits
     4 p3           9.99776e-04  7.07329e-01     no limits
 **********
 **   16 **SET ERR         0.5
 **********
 **********
 **   17 **SET PRINT           2
 **********
 **********
 **   18 **SET STR           1
 **********
 NOW USING STRATEGY  1: TRY TO BALANCE SPEED AGAINST RELIABILITY
 **********
 **   19 **MIGRAD        1480        0.01
 **********
 FIRST CALL TO USER FUNCTION AT NEW START POINT, WITH IFLAG=4.
 START MIGRAD MINIMIZATION.  STRATEGY  1.  CONVERGENCE WHEN EDM .LT. 1.00e-05
 FCN=89.4312 FROM MIGRAD    STATUS=INITIATE       43 CALLS          44 TOTAL
                     EDM= unknown      STRATEGY= 1      NO ERROR MATRIX       
  EXT PARAMETER               CURRENT GUESS       STEP         FIRST   
  NO.   NAME      VALUE            ERROR          SIZE      DERIVATIVE 
   1  p0           5.57422e+05   7.07360e-01   0.00000e+00   3.57382e-03
   2  p1           5.65496e-01   7.07329e-01   0.00000e+00   1.03650e+04
   3  p2          -2.66356e-03   7.07107e-01  -1.25553e-03   3.83107e-03
   4  p3           9.99776e-04   7.07329e-01   0.00000e+00   9.96317e+05
                               ERR DEF= 0.5
NO ERROR MATRIX       
 FCN=89.4297 FROM MIGRAD    STATUS=PROGRESS       55 CALLS          56 TOTAL
                     EDM=0.00483546    STRATEGY= 1      NO ERROR MATRIX       
  EXT PARAMETER               CURRENT GUESS       STEP         FIRST   
  NO.   NAME      VALUE            ERROR          SIZE      DERIVATIVE 
   1  p0           5.57422e+05   7.07360e-01  -6.33447e-02  -3.93178e-03
   2  p1           5.65496e-01   7.07329e-01  -1.91216e-08  -1.28847e+04
   3  p2          -2.66386e-03   7.07107e-01  -2.97351e-07  -3.52880e+00
   4  p3           9.99773e-04   7.07329e-01  -2.62364e-09   1.87680e+05
                               ERR DEF= 0.5
 MIGRAD MINIMIZATION HAS CONVERGED.
 MIGRAD WILL VERIFY CONVERGENCE AND ERROR MATRIX.
   START COVARIANCE MATRIX CALCULATION.
 EIGENVALUES OF SECOND-DERIVATIVE MATRIX:
         2.5927e-03  4.3957e-01  8.7007e-01  2.6878e+00
 COVARIANCE MATRIX CALCULATED SUCCESSFULLY
 FCN=89.4283 FROM HESSE     STATUS=OK             31 CALLS         131 TOTAL
                     EDM=8.48192e-05    STRATEGY= 1      ERROR MATRIX ACCURATE 
  EXT PARAMETER                                   STEP         FIRST   
  NO.   NAME      VALUE            ERROR          SIZE      DERIVATIVE 
   1  p0           5.57422e+05   7.07278e+01   2.65800e-01   2.08403e-04
   2  p1           5.65496e-01   2.29904e-05   2.69649e-07   8.76970e+01
   3  p2          -1.87367e-03   1.89439e-02   9.24565e-05   1.08499e-01
   4  p3           9.99770e-04   6.87392e-08   4.76728e-10  -7.63024e+03
                               ERR DEF= 0.5
 PARAMETER  CORRELATION COEFFICIENTS  
       NO.  GLOBAL      1      2      3      4
        1  0.99739   1.000 -0.996  0.060  0.043
        2  0.99742  -0.996  1.000 -0.104 -0.048
        3  0.65583   0.060 -0.104  1.000 -0.376
        4  0.48506   0.043 -0.048 -0.376  1.000
 FCN=89.4263 FROM MIGRAD    STATUS=PROGRESS      147 CALLS         148 TOTAL
                     EDM=115.996    STRATEGY= 1      ERROR MATRIX ACCURATE 
  EXT PARAMETER                                   STEP         FIRST   
  NO.   NAME      VALUE            ERROR          SIZE      DERIVATIVE 
   1  p0           5.57408e+05   7.07278e+01  -1.44155e+01  -2.78996e-03
   2  p1           5.65501e-01   2.29904e-05   4.69427e-06   6.53584e+05
   3  p2          -2.75379e-03   1.89439e-02  -8.80118e-04  -3.92059e+00
   4  p3           9.99771e-04   6.87392e-08   8.34632e-10  -2.09356e+05
                               ERR DEF= 0.5
 MIGRAD FAILS TO FIND IMPROVEMENT
 MIGRAD TERMINATED WITHOUT CONVERGENCE.
 FCN=89.4263 FROM MIGRAD    STATUS=FAILED        158 CALLS         159 TOTAL
                     EDM=115.996    STRATEGY= 1  ERROR MATRIX UNCERTAINTY 100.0 per cent
  EXT PARAMETER                APPROXIMATE        STEP         FIRST   
  NO.   NAME      VALUE            ERROR          SIZE      DERIVATIVE 
   1  p0           5.57408e+05   1.03278e+01   0.00000e+00  -2.78996e-03
   2  p1           5.65501e-01   2.66177e-06  -0.00000e+00   6.53584e+05
   3  p2          -2.75379e-03   1.88395e-02   0.00000e+00  -3.92059e+00
   4  p3           9.99771e-04   6.86638e-08  -0.00000e+00  -2.09356e+05
                               ERR DEF= 0.5
 EXTERNAL ERROR MATRIX.    NDIM=  25    NPAR=  4    ERR DEF=0.5
  1.067e+02 -2.195e-05 -5.998e-02 -2.497e-08 
 -2.195e-05  7.085e-12  4.130e-10 -4.449e-16 
 -5.998e-02  4.130e-10  3.549e-04 -4.968e-10 
 -2.497e-08 -4.449e-16 -4.968e-10  4.715e-15 
ERR MATRIX APPROXIMATE
 PARAMETER  CORRELATION COEFFICIENTS  
       NO.  GLOBAL      1      2      3      4
        1  0.86940   1.000 -0.798 -0.308 -0.035
        2  0.84955  -0.798  1.000  0.008 -0.002
        3  0.65106  -0.308  0.008  1.000 -0.384
        4  0.48341  -0.035 -0.002 -0.384  1.000
 ERR MATRIX APPROXIMATE
 FCN=89.4263 FROM MIGRAD    STATUS=FAILED        158 CALLS         159 TOTAL
                     EDM=115.996    STRATEGY= 1  ERROR MATRIX UNCERTAINTY 100.0 per cent
  EXT PARAMETER                  PARABOLIC         MINOS ERRORS        
  NO.   NAME      VALUE            ERROR      NEGATIVE      POSITIVE   
   1  p0           5.57408e+05   1.03278e+01                            
   2  p1           5.65501e-01   2.66177e-06                            
   3  p2          -2.75379e-03   1.88395e-02                            
   4  p3           9.99771e-04   6.86638e-08                            
                               ERR DEF= 0.5
 **********
 **   20 **SET PRINT           2
 **********
 **********
 **   21 **SET NOGRAD
 **********
 PARAMETER DEFINITIONS:
    NO.   NAME         VALUE      STEP SIZE      LIMITS
     1 p0           5.57408e+05  1.03278e+01     no limits
     2 p1           5.65501e-01  2.66177e-06     no limits
     3 p2          -2.75379e-03  1.88395e-02     no limits
     4 p3           9.99771e-04  6.86638e-08     no limits
 **********
 **   22 **SET ERR         0.5
 **********
 **********
 **   23 **SET PRINT           2
 **********
 **********
 **   24 **SET STR           1
 **********
 NOW USING STRATEGY  1: TRY TO BALANCE SPEED AGAINST RELIABILITY
 **********
 **   25 **MIGRAD        1480        0.01
 **********
 FIRST CALL TO USER FUNCTION AT NEW START POINT, WITH IFLAG=4.
 START MIGRAD MINIMIZATION.  STRATEGY  1.  CONVERGENCE WHEN EDM .LT. 1.00e-05
 FCN=89.4263 FROM MIGRAD    STATUS=INITIATE       12 CALLS          13 TOTAL
                     EDM= unknown      STRATEGY= 1      NO ERROR MATRIX       
  EXT PARAMETER               CURRENT GUESS       STEP         FIRST   
  NO.   NAME      VALUE            ERROR          SIZE      DERIVATIVE 
   1  p0           5.57408e+05   1.03278e+01   1.03278e+01  -2.78996e-03
   2  p1           5.65501e-01   2.66177e-06   2.66177e-06   6.53584e+05
   3  p2          -2.75379e-03   1.88395e-02   1.88395e-02  -3.95179e+00
   4  p3           9.99771e-04   6.86638e-08   6.86638e-08  -2.09356e+05
                               ERR DEF= 0.5
NO ERROR MATRIX       
 FCN=89.4262 FROM MIGRAD    STATUS=PROGRESS       24 CALLS          25 TOTAL
                     EDM=0.164497    STRATEGY= 1      NO ERROR MATRIX       
  EXT PARAMETER               CURRENT GUESS       STEP         FIRST   
  NO.   NAME      VALUE            ERROR          SIZE      DERIVATIVE 
   1  p0           5.57408e+05   1.03278e+01   1.40889e-02  -4.18383e-03
   2  p1           5.65501e-01   2.66177e-06  -2.39218e-08   6.52061e+05
   3  p2          -2.69125e-03   1.88395e-02   6.25410e-05  -3.84186e+00
   4  p3           9.99771e-04   6.86638e-08   1.55628e-10  -1.83076e+05
                               ERR DEF= 0.5
 MIGRAD FAILS TO FIND IMPROVEMENT
   START COVARIANCE MATRIX CALCULATION.
 EIGENVALUES OF SECOND-DERIVATIVE MATRIX:
         2.1774e-01  4.7512e-01  9.3839e-01  2.3687e+00
 COVARIANCE MATRIX CALCULATED SUCCESSFULLY
 FCN=89.4262 FROM HESSE     STATUS=OK             25 CALLS          61 TOTAL
                     EDM=0.000710837    STRATEGY= 1      ERROR MATRIX ACCURATE 
  EXT PARAMETER                                   STEP         FIRST   
  NO.   NAME      VALUE            ERROR          SIZE      DERIVATIVE 
   1  p0           5.57408e+05   6.11274e+00   2.65793e-01  -4.19568e-03
   2  p1           5.65501e-01   6.70377e-07   2.69652e-07  -1.37475e+04
   3  p2          -2.69125e-03   1.21674e-02   5.92320e-05  -3.88059e+00
   4  p3           9.99771e-04   1.03546e-07   4.76728e-10  -1.80968e+05
                               ERR DEF= 0.5
 PARAMETER  CORRELATION COEFFICIENTS  
       NO.  GLOBAL      1      2      3      4
        1  0.54958   1.000 -0.107 -0.457 -0.002
        2  0.76196  -0.107  1.000  0.113 -0.723
        3  0.62365  -0.457  0.113  1.000 -0.334
        4  0.79619  -0.002 -0.723 -0.334  1.000
 FCN=89.4254 FROM MIGRAD    STATUS=PROGRESS       71 CALLS          72 TOTAL
                     EDM=0.0984972    STRATEGY= 1      ERROR MATRIX ACCURATE 
  EXT PARAMETER                                   STEP         FIRST   
  NO.   NAME      VALUE            ERROR          SIZE      DERIVATIVE 
   1  p0           5.57408e+05   6.11274e+00   2.38470e-02   1.03016e-03
   2  p1           5.65501e-01   6.70377e-07  -1.48584e-09   6.71230e+05
   3  p2          -2.21938e-03   1.21674e-02   4.71864e-04  -6.55400e-02
   4  p3           9.99771e-04   1.03546e-07  -4.96043e-10   7.27935e+04
                               ERR DEF= 0.5
 MIGRAD FAILS TO FIND IMPROVEMENT
 MIGRAD TERMINATED WITHOUT CONVERGENCE.
 FCN=89.4254 FROM MIGRAD    STATUS=FAILED         96 CALLS          97 TOTAL
                     EDM=0.00132792    STRATEGY= 1  ERROR MATRIX UNCERTAINTY   1.6 per cent
  EXT PARAMETER                APPROXIMATE        STEP         FIRST   
  NO.   NAME      VALUE            ERROR          SIZE      DERIVATIVE 
   1  p0           5.57408e+05   5.98480e+00  -0.00000e+00   1.15024e-03
   2  p1           5.65501e-01   5.56529e-08  -0.00000e+00   6.71726e+05
   3  p2          -2.20597e-03   1.49684e-02   0.00000e+00   2.17126e-02
   4  p3           9.99771e-04   7.13791e-08  -0.00000e+00   7.62465e+04
                               ERR DEF= 0.5
 EXTERNAL ERROR MATRIX.    NDIM=  25    NPAR=  4    ERR DEF=0.5
  3.582e+01 -4.746e-08 -3.992e-02 -3.023e-08 
 -4.746e-08  3.097e-15 -5.742e-10 -1.453e-16 
 -3.992e-02 -5.742e-10  2.241e-04 -3.054e-10 
 -3.023e-08 -1.453e-16 -3.054e-10  5.095e-15 
ERR MATRIX APPROXIMATE
 PARAMETER  CORRELATION COEFFICIENTS  
       NO.  GLOBAL      1      2      3      4
        1  0.88236   1.000 -0.142 -0.446 -0.071
        2  0.92959  -0.142  1.000 -0.689 -0.037
        3  0.95009  -0.446 -0.689  1.000 -0.286
        4  0.75278  -0.071 -0.037 -0.286  1.000
 ERR MATRIX APPROXIMATE
 FCN=89.4254 FROM MIGRAD    STATUS=FAILED         96 CALLS          97 TOTAL
                     EDM=0.00132792    STRATEGY= 1  ERROR MATRIX UNCERTAINTY   1.6 per cent
  EXT PARAMETER                  PARABOLIC         MINOS ERRORS        
  NO.   NAME      VALUE            ERROR      NEGATIVE      POSITIVE   
   1  p0           5.57408e+05   5.98480e+00                            
   2  p1           5.65501e-01   5.56529e-08                            
   3  p2          -2.20597e-03   1.49684e-02                            
   4  p3           9.99771e-04   7.13791e-08                            
                               ERR DEF= 0.5
------------------------------------------
Enering ROOFIt-------
 PARAMETER DEFINITIONS:
    NO.   NAME         VALUE      STEP SIZE      LIMITS
     1 norm         5.57408e+05  1.00000e-01     no limits
     2 Q            5.65000e-01  1.00000e-01     no limits
     3 theta        0.00000e+00  1.00000e-01     no limits
     4 pileup       9.99771e-04  1.00000e-01     no limits
 **********
 **    1 **MIGRAD
 **********
 FIRST CALL TO USER FUNCTION AT NEW START POINT, WITH IFLAG=4.
 START MIGRAD MINIMIZATION.  STRATEGY  1.  CONVERGENCE WHEN EDM .LT. 1.00e-04
 FCN=-2.37863e+11 FROM MIGRAD    STATUS=INITIATE       14 CALLS          15 TOTAL
                     EDM= unknown      STRATEGY= 1      NO ERROR MATRIX       
  EXT PARAMETER               CURRENT GUESS       STEP         FIRST   
  NO.   NAME      VALUE            ERROR          SIZE      DERIVATIVE 
   1  norm         5.57408e+05   1.00000e-01   1.00000e-01  -5.93172e+01
   2  Q            5.65000e-01   1.00000e-01   1.00000e-01  -8.99910e+08
   3  theta        0.00000e+00   1.00000e-01   1.00000e-01   0.00000e+00
   4  pileup       9.99771e-04   1.00000e-01   1.00000e-01  -9.20193e+11
 MIGRAD FAILS TO FIND IMPROVEMENT
 EIGENVALUES OF SECOND-DERIVATIVE MATRIX:
        -3.6340e-01  4.0856e-01  6.6862e-01  3.2862e+00
 MINUIT WARNING IN HESSE   
 ============== MATRIX FORCED POS-DEF BY ADDING 0.366684 TO DIAGONAL.
 FCN=-2.37863e+11 FROM HESSE     STATUS=NOT POSDEF     25 CALLS          92 TOTAL
                     EDM=6000.82    STRATEGY= 1      ERR MATRIX NOT POS-DEF
  EXT PARAMETER                APPROXIMATE        STEP         FIRST   
  NO.   NAME      VALUE            ERROR          SIZE      DERIVATIVE 
   1  norm         5.58771e+05   8.91858e+00   1.72567e+03   1.55899e+00
   2  Q            5.65015e-01   4.81645e-06   5.55129e-04   4.94194e+06
   3  theta        0.00000e+00   1.02133e-02   1.15729e-01   0.00000e+00
   4  pileup       1.00633e-03   9.20480e-08   2.10745e-05   1.52274e+09
 MIGRAD FAILS TO FIND IMPROVEMENT
 MACHINE ACCURACY LIMITS FURTHER IMPROVEMENT.
 MIGRAD MINIMIZATION HAS CONVERGED.
 MIGRAD WILL VERIFY CONVERGENCE AND ERROR MATRIX.
 EIGENVALUES OF SECOND-DERIVATIVE MATRIX:
        -1.8353e-01  4.2619e-01  6.7358e-01  3.0838e+00
 MINUIT WARNING IN HESSE   
 ============== MATRIX FORCED POS-DEF BY ADDING 0.186615 TO DIAGONAL.
 MIGRAD TERMINATED WITHOUT CONVERGENCE.
 FCN=-2.37863e+11 FROM MIGRAD    STATUS=FAILED        241 CALLS         242 TOTAL
                     EDM=0.10132    STRATEGY= 1      ERR MATRIX NOT POS-DEF
  EXT PARAMETER                APPROXIMATE        STEP         FIRST   
  NO.   NAME      VALUE            ERROR          SIZE      DERIVATIVE 
   1  norm         5.58895e+05   2.02590e+01   1.72560e+03   3.93496e-04
   2  Q            5.65021e-01   5.51571e-06   5.54980e-04  -2.51472e+03
   3  theta       -1.33259e-03   5.13053e-03   1.71832e-01  -7.68568e+01
   4  pileup       9.99800e-04   1.65478e-07   2.09855e-05   2.53453e+05
 EXTERNAL ERROR MATRIX.    NDIM=  25    NPAR=  4    ERR DEF=1
  4.104e+02 -1.032e-04 -9.378e-02  2.539e-06 
 -1.032e-04  3.042e-11  2.816e-08 -7.642e-13 
 -9.378e-02  2.816e-08  2.632e-05 -6.905e-10 
  2.539e-06 -7.642e-13 -6.905e-10  2.738e-14 
ERR MATRIX NOT POS-DEF
 PARAMETER  CORRELATION COEFFICIENTS  
       NO.  GLOBAL      1      2      3      4
        1  0.94456   1.000 -0.924 -0.902  0.757
        2  0.99774  -0.924  1.000  0.995 -0.837
        3  0.99675  -0.902  0.995  1.000 -0.813
        4  0.87236   0.757 -0.837 -0.813  1.000
 ERR MATRIX NOT POS-DEF
 **********
 **    2 **MIGRAD 
 **********
 START MIGRAD MINIMIZATION.  STRATEGY  1.  CONVERGENCE WHEN EDM .LT. 1.00e-04
 FCN=-2.37863e+11 FROM MIGRAD    STATUS=INITIATE        8 CALLS         250 TOTAL
                     EDM=108.345    STRATEGY= 1      ERR MATRIX NOT POS-DEF
  EXT PARAMETER                APPROXIMATE        STEP         FIRST   
  NO.   NAME      VALUE            ERROR          SIZE      DERIVATIVE 
   1  norm         5.58895e+05   2.02590e+01   1.72560e+03  -9.84361e-03
   2  Q            5.65021e-01   5.51571e-06   5.54980e-04  -2.41667e+03
   3  theta       -1.33259e-03   5.13053e-03   1.71832e-01  -4.20094e+03
   4  pileup       9.99800e-04   1.65478e-07   2.09855e-05  -4.25721e+06
 MIGRAD FAILS TO FIND IMPROVEMENT
 MACHINE ACCURACY LIMITS FURTHER IMPROVEMENT.
 MIGRAD MINIMIZATION HAS CONVERGED.
 MIGRAD WILL VERIFY CONVERGENCE AND ERROR MATRIX.
 EIGENVALUES OF SECOND-DERIVATIVE MATRIX:
        -1.6525e-01  4.3411e-01  6.7446e-01  3.0567e+00
 MINUIT WARNING IN HESSE   
 ============== MATRIX FORCED POS-DEF BY ADDING 0.168303 TO DIAGONAL.
 FCN=-2.37863e+11 FROM HESSE     STATUS=NOT POSDEF     31 CALLS         354 TOTAL
                     EDM=0.0230869    STRATEGY= 1      ERR MATRIX NOT POS-DEF
  EXT PARAMETER                APPROXIMATE        STEP         FIRST   
  NO.   NAME      VALUE            ERROR          SIZE      DERIVATIVE 
   1  norm         5.58894e+05   2.19047e+01   1.72560e+03   6.81434e-03
   2  Q            5.65021e-01   5.57300e-06   5.54980e-04   1.74618e+04
   3  theta       -1.06420e-03   1.26536e-02   6.85701e-02  -3.28452e+01
   4  pileup       9.99798e-04   1.83779e-07   2.09855e-05  -1.13869e+06
 MIGRAD FAILS TO FIND IMPROVEMENT
 MACHINE ACCURACY LIMITS FURTHER IMPROVEMENT.
 MIGRAD MINIMIZATION HAS CONVERGED.
 MIGRAD WILL VERIFY CONVERGENCE AND ERROR MATRIX.
 EIGENVALUES OF SECOND-DERIVATIVE MATRIX:
        -2.9376e-04  3.9523e-01  8.5233e-01  2.7527e+00
 MINUIT WARNING IN HESSE   
 ============== MATRIX FORCED POS-DEF BY ADDING 0.003046 TO DIAGONAL.
 MIGRAD TERMINATED WITHOUT CONVERGENCE.
 FCN=-2.37863e+11 FROM MIGRAD    STATUS=FAILED        249 CALLS         491 TOTAL
                     EDM=0.0194488    STRATEGY= 1      ERR MATRIX NOT POS-DEF
  EXT PARAMETER                APPROXIMATE        STEP         FIRST   
  NO.   NAME      VALUE            ERROR          SIZE      DERIVATIVE 
   1  norm         5.58893e+05   9.74947e+01   1.72559e+03  -1.19375e-03
   2  Q            5.65022e-01   3.15273e-05   9.56666e-05  -7.46219e+03
   3  theta       -4.98860e-04   1.59956e-03   6.66075e-02  -1.59902e+01
   4  pileup       9.99793e-04   1.02825e-07   2.09854e-05  -1.36676e+06
 EXTERNAL ERROR MATRIX.    NDIM=  25    NPAR=  4    ERR DEF=1
  9.505e+03 -3.060e-03 -1.059e-02 -1.131e-07 
 -3.060e-03  9.940e-10  5.906e-09  2.472e-14 
 -1.059e-02  5.906e-09  2.559e-06  6.827e-11 
 -1.131e-07  2.472e-14  6.827e-11  1.057e-14 
ERR MATRIX NOT POS-DEF
 PARAMETER  CORRELATION COEFFICIENTS  
       NO.  GLOBAL      1      2      3      4
        1  0.99724   1.000 -0.996 -0.068 -0.011
        2  0.99727  -0.996  1.000  0.117  0.008
        3  0.69176  -0.068  0.117  1.000  0.415
        4  0.51747  -0.011  0.008  0.415  1.000
 ERR MATRIX NOT POS-DEF
status of the fit-----000------4
1  558893
2  0.565022
3  -0.00049886
4  0.000999793
 PARAMETER DEFINITIONS:
    NO.   NAME         VALUE      STEP SIZE      LIMITS
     1 norm         5.58893e+05  1.00000e-01     no limits
     2 Q            5.65022e-01  1.00000e-01     no limits
     3 theta       -4.98860e-04  1.00000e-01     no limits
     4 pileup       9.99793e-04  1.00000e-01     no limits
 **********
 **    3 **MIGRAD
 **********
 FIRST CALL TO USER FUNCTION AT NEW START POINT, WITH IFLAG=4.
 START MIGRAD MINIMIZATION.  STRATEGY  1.  CONVERGENCE WHEN EDM .LT. 1.00e-04
 FCN=-2.37863e+11 FROM MIGRAD    STATUS=INITIATE       14 CALLS         506 TOTAL
                     EDM= unknown      STRATEGY= 1      NO ERROR MATRIX       
  EXT PARAMETER               CURRENT GUESS       STEP         FIRST   
  NO.   NAME      VALUE            ERROR          SIZE      DERIVATIVE 
   1  norm         5.58893e+05   1.00000e-01   1.00000e-01  -1.08214e-03
   2  Q            5.65022e-01   1.00000e-01   1.00000e-01   5.09155e+06
   3  theta       -4.98860e-04   1.00000e-01   1.00000e-01  -3.32169e+03
   4  pileup       9.99793e-04   1.00000e-01   1.00000e-01  -9.18072e+11
 MIGRAD FAILS TO FIND IMPROVEMENT
 COVARIANCE MATRIX CALCULATED SUCCESSFULLY
 FCN=-2.37863e+11 FROM HESSE     STATUS=OK             29 CALLS         546 TOTAL
                     EDM=0.00867892    STRATEGY= 1      ERROR MATRIX ACCURATE 
  EXT PARAMETER                                   STEP         FIRST   
  NO.   NAME      VALUE            ERROR          SIZE      DERIVATIVE 
   1  norm         5.58893e+05   5.01338e+01   2.66501e+00  -1.08786e-03
   2  Q            5.65022e-01   4.60438e-06   1.00000e-03  -7.46641e+03
   3  theta       -4.98860e-04   3.97589e-03   1.00000e-01  -1.89476e+01
   4  pileup       9.99793e-04   9.24327e-08   1.00000e-02  -1.91400e+06
 EIGENVALUES OF SECOND-DERIVATIVE MATRIX:
        -6.4807e-02  7.3194e-03  1.5260e-01  3.9049e+00
 MINUIT WARNING IN MIGRAD  
 ============== MATRIX FORCED POS-DEF BY ADDING 0.068712 TO DIAGONAL.
 MINUIT WARNING IN MIGRAD  
 ============== Negative diagonal element 2 in Error Matrix
 MINUIT WARNING IN MIGRAD  
 ============== 1 added to diagonal of error matrix
 MIGRAD FAILS TO FIND IMPROVEMENT
 MIGRAD TERMINATED WITHOUT CONVERGENCE.
 FCN=-2.37863e+11 FROM MIGRAD    STATUS=FAILED         92 CALLS         584 TOTAL
                     EDM=1.65024e+07    STRATEGY= 1      ERR MATRIX NOT POS-DEF
  EXT PARAMETER                APPROXIMATE        STEP         FIRST   
  NO.   NAME      VALUE            ERROR          SIZE      DERIVATIVE 
   1  norm         5.58893e+05   1.86264e+01   0.00000e+00  -5.11296e-04
   2  Q            5.65022e-01   1.00000e+00  -0.00000e+00   1.76387e+09
   3  theta       -4.38208e-04   1.00000e+00   0.00000e+00  -6.05410e+02
   4  pileup       9.99796e-04   1.00000e+00   0.00000e+00  -2.90313e+07
 EXTERNAL ERROR MATRIX.    NDIM=  25    NPAR=  4    ERR DEF=1
  3.469e+02 -1.963e-09 -4.079e-03  9.190e-09 
 -1.963e-09  1.000e+00  2.168e-13 -2.151e-18 
 -4.079e-03  2.168e-13  1.000e+00 -2.630e-11 
  9.190e-09 -2.151e-18 -2.630e-11  1.000e+00 
ERR MATRIX NOT POS-DEF
 PARAMETER  CORRELATION COEFFICIENTS  
       NO.  GLOBAL      1      2      3      4
        1  0.00022   1.000 -0.000 -0.000  0.000
        2  0.00000  -0.000  1.000  0.000 -0.000
        3  0.00022  -0.000  0.000  1.000 -0.000
        4  0.00000   0.000 -0.000 -0.000  1.000
 ERR MATRIX NOT POS-DEF
 **********
 **    4 **MIGRAD 
 **********
 START MIGRAD MINIMIZATION.  STRATEGY  1.  CONVERGENCE WHEN EDM .LT. 1.00e-04
 FCN=-2.37863e+11 FROM MIGRAD    STATUS=INITIATE       14 CALLS         598 TOTAL
                     EDM=1.05386e+15    STRATEGY= 1      ERR MATRIX NOT POS-DEF
  EXT PARAMETER                APPROXIMATE        STEP         FIRST   
  NO.   NAME      VALUE            ERROR          SIZE      DERIVATIVE 
   1  norm         5.58893e+05   1.86264e+01   0.00000e+00  -6.61599e-03
   2  Q            5.65022e-01   1.00000e+00  -0.00000e+00  -5.34468e+03
   3  theta       -4.38208e-04   1.00000e+00   0.00000e+00  -6.01301e+02
   4  pileup       9.99796e-04   1.00000e+00   0.00000e+00  -2.90315e+07
 MIGRAD FAILS TO FIND IMPROVEMENT
 EIGENVALUES OF SECOND-DERIVATIVE MATRIX:
        -1.8211e-04  4.0851e-01  8.5253e-01  2.7391e+00
 MINUIT WARNING IN HESSE   
 ============== MATRIX FORCED POS-DEF BY ADDING 0.002921 TO DIAGONAL.
 FCN=-2.37863e+11 FROM HESSE     STATUS=NOT POSDEF     29 CALLS         638 TOTAL
                     EDM=0.00562914    STRATEGY= 1      ERR MATRIX NOT POS-DEF
  EXT PARAMETER                APPROXIMATE        STEP         FIRST   
  NO.   NAME      VALUE            ERROR          SIZE      DERIVATIVE 
   1  norm         5.58893e+05   9.78570e+01   5.33002e+02  -4.62342e-04
   2  Q            5.65022e-01   3.15664e-05   9.56665e-05  -5.42698e+03
   3  theta       -4.38208e-04   2.29824e-03   4.51187e-02  -1.25976e+01
   4  pileup       9.99796e-04   1.02336e-07   2.09854e-05  -5.95051e+05
 MINUIT WARNING IN MIGRAD  
 ============== Negative diagonal element 1 in Error Matrix
 MINUIT WARNING IN MIGRAD  
 ============== Negative diagonal element 2 in Error Matrix
 MINUIT WARNING IN MIGRAD  
 ============== Negative diagonal element 3 in Error Matrix
 MINUIT WARNING IN MIGRAD  
 ============== Negative diagonal element 4 in Error Matrix
 MINUIT WARNING IN MIGRAD  
 ============== 49525.5 added to diagonal of error matrix
 MIGRAD FAILS TO FIND IMPROVEMENT
 MACHINE ACCURACY LIMITS FURTHER IMPROVEMENT.
 MIGRAD MINIMIZATION HAS CONVERGED.
 MIGRAD WILL VERIFY CONVERGENCE AND ERROR MATRIX.
 EIGENVALUES OF SECOND-DERIVATIVE MATRIX:
        -3.4613e-04  4.7675e-01  8.5548e-01  2.6681e+00
 MINUIT WARNING IN HESSE   
 ============== MATRIX FORCED POS-DEF BY ADDING 0.003014 TO DIAGONAL.
 MIGRAD TERMINATED WITHOUT CONVERGENCE.
 FCN=-2.37863e+11 FROM MIGRAD    STATUS=FAILED        112 CALLS         696 TOTAL
                     EDM=0.0269501    STRATEGY= 1      ERR MATRIX NOT POS-DEF
  EXT PARAMETER                APPROXIMATE        STEP         FIRST   
  NO.   NAME      VALUE            ERROR          SIZE      DERIVATIVE 
   1  norm         5.58880e+05   9.92890e+01   2.13201e+02   1.72645e-02
   2  Q            5.65026e-01   3.19326e-05   1.91333e-04   4.99314e+04
   3  theta       -2.81720e-04   4.97742e-03   1.80475e-02  -6.59474e+00
   4  pileup       9.99804e-04   1.00184e-07   8.39417e-06   1.76489e+06
 EXTERNAL ERROR MATRIX.    NDIM=  25    NPAR=  4    ERR DEF=1
  9.858e+03 -3.158e-03  1.670e-02  1.779e-07 
 -3.158e-03  1.020e-09  1.014e-09 -8.982e-14 
  1.670e-02  1.014e-09  2.477e-05  1.783e-10 
  1.779e-07 -8.982e-14  1.783e-10  1.004e-14 
ERR MATRIX NOT POS-DEF
 PARAMETER  CORRELATION COEFFICIENTS  
       NO.  GLOBAL      1      2      3      4
        1  0.99734   1.000 -0.996  0.034  0.018
        2  0.99734  -0.996  1.000  0.006 -0.028
        3  0.61911   0.034  0.006  1.000  0.358
        4  0.47804   0.018 -0.028  0.358  1.000
 ERR MATRIX NOT POS-DEF
status of the fit-----000------4
1  558880
2  0.565026
3  -0.00028172
4  0.000999804
 PARAMETER DEFINITIONS:
    NO.   NAME         VALUE      STEP SIZE      LIMITS
     1 norm         5.58880e+05  1.00000e-01     no limits
     2 Q            5.65026e-01  1.00000e-01     no limits
     3 theta       -2.81720e-04  1.00000e-01     no limits
     4 pileup       9.99804e-04  1.00000e-01     no limits
 **********
 **    5 **MIGRAD
 **********
 FIRST CALL TO USER FUNCTION AT NEW START POINT, WITH IFLAG=4.
 START MIGRAD MINIMIZATION.  STRATEGY  1.  CONVERGENCE WHEN EDM .LT. 1.00e-04
 FCN=-2.37863e+11 FROM MIGRAD    STATUS=INITIATE       14 CALLS         711 TOTAL
                     EDM= unknown      STRATEGY= 1      NO ERROR MATRIX       
  EXT PARAMETER               CURRENT GUESS       STEP         FIRST   
  NO.   NAME      VALUE            ERROR          SIZE      DERIVATIVE 
   1  norm         5.58880e+05   1.00000e-01   1.00000e-01   1.72402e-02
   2  Q            5.65026e-01   1.00000e-01   1.00000e-01   5.49949e+06
   3  theta       -2.81720e-04   1.00000e-01   1.00000e-01  -1.87395e+03
   4  pileup       9.99804e-04   1.00000e-01   1.00000e-01  -9.18071e+11
 MIGRAD FAILS TO FIND IMPROVEMENT
 COVARIANCE MATRIX CALCULATED SUCCESSFULLY
 FCN=-2.37863e+11 FROM HESSE     STATUS=OK             29 CALLS         751 TOTAL
                     EDM=0.1484    STRATEGY= 1      ERROR MATRIX ACCURATE 
  EXT PARAMETER                                   STEP         FIRST   
  NO.   NAME      VALUE            ERROR          SIZE      DERIVATIVE 
   1  norm         5.58880e+05   5.78931e+01   2.66495e+00   1.70341e-02
   2  Q            5.65026e-01   5.37604e-06   1.00000e-03   4.99192e+04
   3  theta       -2.81720e-04   4.65791e-03   1.00000e-01  -9.41467e+00
   4  pileup       9.99804e-04   9.24329e-08   1.00000e-02   1.17925e+06
 MIGRAD FAILS TO FIND IMPROVEMENT
 MIGRAD TERMINATED WITHOUT CONVERGENCE.
 FCN=-2.37863e+11 FROM MIGRAD    STATUS=FAILED        100 CALLS         797 TOTAL
                     EDM=3.40905e+07    STRATEGY= 1  ERROR MATRIX UNCERTAINTY 100.0 per cent
  EXT PARAMETER                APPROXIMATE        STEP         FIRST   
  NO.   NAME      VALUE            ERROR          SIZE      DERIVATIVE 
   1  norm         5.58879e+05   9.19493e+00  -0.00000e+00  -1.32442e-02
   2  Q            5.65026e-01   6.97056e-10  -0.00000e+00   2.10432e+09
   3  theta       -1.98239e-04   9.56418e-04  -0.00000e+00  -2.73822e+02
   4  pileup       9.99803e-04   1.49735e-08   0.00000e+00  -2.76093e+07
 EXTERNAL ERROR MATRIX.    NDIM=  25    NPAR=  4    ERR DEF=1
  8.455e+01  2.161e-10  5.289e-03 -1.192e-07 
  2.161e-10  4.859e-19  3.270e-14 -4.523e-19 
  5.289e-03  3.270e-14  9.147e-07 -1.142e-11 
 -1.192e-07 -4.523e-19 -1.142e-11  2.242e-16 
ERR MATRIX APPROXIMATE
 PARAMETER  CORRELATION COEFFICIENTS  
       NO.  GLOBAL      1      2      3      4
        1  0.87774   1.000  0.034  0.601 -0.865
        2  0.04955   0.034  1.000  0.049 -0.043
        3  0.81665   0.601  0.049  1.000 -0.797
        4  0.93216  -0.865 -0.043 -0.797  1.000
 ERR MATRIX APPROXIMATE
 **********
 **    6 **MIGRAD 
 **********
 START MIGRAD MINIMIZATION.  STRATEGY  1.  CONVERGENCE WHEN EDM .LT. 1.00e-04
 FCN=-2.37863e+11 FROM MIGRAD    STATUS=INITIATE       14 CALLS         811 TOTAL
                     EDM=0.210946    STRATEGY= 1  ERROR MATRIX UNCERTAINTY 100.0 per cent
  EXT PARAMETER                APPROXIMATE        STEP         FIRST   
  NO.   NAME      VALUE            ERROR          SIZE      DERIVATIVE 
   1  norm         5.58879e+05   9.19493e+00  -0.00000e+00  -1.93490e-02
   2  Q            5.65026e-01   6.97056e-10  -0.00000e+00  -4.46102e+04
   3  theta       -1.98239e-04   9.56418e-04  -0.00000e+00  -2.71760e+02
   4  pileup       9.99803e-04   1.49735e-08   0.00000e+00  -2.76095e+07
 MIGRAD FAILS TO FIND IMPROVEMENT
 MACHINE ACCURACY LIMITS FURTHER IMPROVEMENT.
 MIGRAD MINIMIZATION HAS CONVERGED.
 MIGRAD WILL VERIFY CONVERGENCE AND ERROR MATRIX.
 EIGENVALUES OF SECOND-DERIVATIVE MATRIX:
        -2.3352e-01  4.1398e-01  6.7746e-01  3.1421e+00
 MINUIT WARNING IN HESSE   
 ============== MATRIX FORCED POS-DEF BY ADDING 0.236660 TO DIAGONAL.
 FCN=-2.37863e+11 FROM HESSE     STATUS=NOT POSDEF     31 CALLS         877 TOTAL
                     EDM=0.0100176    STRATEGY= 1      ERR MATRIX NOT POS-DEF
  EXT PARAMETER                APPROXIMATE        STEP         FIRST   
  NO.   NAME      VALUE            ERROR          SIZE      DERIVATIVE 
   1  norm         5.58879e+05   2.64304e+01   1.72555e+03  -1.32877e-02
   2  Q            5.65026e-01   5.58544e-06   5.54986e-04  -4.47001e+04
   3  theta       -1.98234e-04   1.82618e-02   4.49348e-02  -5.61998e+00
   4  pileup       9.99803e-04   1.87816e-07   2.09855e-05   8.26560e+05
 MINUIT WARNING IN MIGRAD  
 ============== Negative diagonal element 2 in Error Matrix
 MINUIT WARNING IN MIGRAD  
 ============== 1 added to diagonal of error matrix
 MIGRAD FAILS TO FIND IMPROVEMENT
 MIGRAD TERMINATED WITHOUT CONVERGENCE.
 FCN=-2.37863e+11 FROM MIGRAD    STATUS=FAILED        116 CALLS         913 TOTAL
                     EDM=2.00545e+07    STRATEGY= 1      ERR MATRIX NOT POS-DEF
  EXT PARAMETER                APPROXIMATE        STEP         FIRST   
  NO.   NAME      VALUE            ERROR          SIZE      DERIVATIVE 
   1  norm         5.58879e+05   7.49197e+00  -0.00000e+00  -6.70137e-02
   2  Q            5.65026e-01   1.00000e+00  -0.00000e+00   2.10439e+09
   3  theta       -8.89156e-05   1.00000e+00   0.00000e+00  -1.92424e+03
   4  pileup       9.99802e-04   1.00000e+00   0.00000e+00  -2.77025e+07
 EXTERNAL ERROR MATRIX.    NDIM=  25    NPAR=  4    ERR DEF=1
  5.613e+01  4.528e-09  5.119e-03 -1.500e-07 
  4.528e-09  1.000e+00  2.675e-12  1.269e-17 
  5.119e-03  2.675e-12  1.000e+00 -2.048e-12 
 -1.500e-07  1.269e-17 -2.048e-12  1.000e+00 
ERR MATRIX NOT POS-DEF
 PARAMETER  CORRELATION COEFFICIENTS  
       NO.  GLOBAL      1      2      3      4
        1  0.00068   1.000  0.000  0.001 -0.000
        2  0.00000   0.000  1.000  0.000  0.000
        3  0.00068   0.001  0.000  1.000 -0.000
        4  0.00000  -0.000  0.000 -0.000  1.000
 ERR MATRIX NOT POS-DEF
status of the fit-----000------4
1  558879
2  0.565026
3  -8.89156e-05
4  0.000999802
 **********
 **   26 **SET PRINT           2
 **********
 **********
 **   27 **SET NOGRAD
 **********
 PARAMETER DEFINITIONS:
    NO.   NAME         VALUE      STEP SIZE      LIMITS
     1 p0           5.58000e+05  1.67400e+05     no limits
     2 p1           5.65000e-01  1.69500e-01     no limits
     3 p2           0.00000e+00  3.00000e-01     no limits
     4 p3           9.99871e-04  2.99961e-04     no limits
 **********
 **   28 **SET ERR         0.5
 **********
 **********
 **   29 **SET PRINT           2
 **********
 **********
 **   30 **SET STR           1
 **********
 NOW USING STRATEGY  1: TRY TO BALANCE SPEED AGAINST RELIABILITY
 **********
 **   31 **MIGRAD        1480        0.01
 **********
 FIRST CALL TO USER FUNCTION AT NEW START POINT, WITH IFLAG=4.
 START MIGRAD MINIMIZATION.  STRATEGY  1.  CONVERGENCE WHEN EDM .LT. 1.00e-05
 FCN=17162.5 FROM MIGRAD    STATUS=INITIATE       18 CALLS          19 TOTAL
                     EDM= unknown      STRATEGY= 1      NO ERROR MATRIX       
  EXT PARAMETER               CURRENT GUESS       STEP         FIRST   
  NO.   NAME      VALUE            ERROR          SIZE      DERIVATIVE 
   1  p0           5.58000e+05   1.67400e+05   1.67400e+05  -3.61169e+01
   2  p1           5.65000e-01   1.69500e-01   1.69500e-01  -1.12109e+08
   3  p2           0.00000e+00   3.00000e-01   3.00000e-01   0.00000e+00
   4  p3           9.99871e-04   2.99961e-04   2.99961e-04  -9.59119e+08
                               ERR DEF= 0.5
NO ERROR MATRIX       
 FCN=511.666 FROM MIGRAD    STATUS=PROGRESS       34 CALLS          35 TOTAL
                     EDM=1448.24    STRATEGY= 1      NO ERROR MATRIX       
  EXT PARAMETER               CURRENT GUESS       STEP         FIRST   
  NO.   NAME      VALUE            ERROR          SIZE      DERIVATIVE 
   1  p0           5.58438e+05   1.67400e+05   4.37986e+02  -8.31180e-01
   2  p1           5.65141e-01   1.69500e-01   1.41233e-04  -2.55060e+06
   3  p2           0.00000e+00   3.00000e-01  -0.00000e+00   0.00000e+00
   4  p3           1.00160e-03   2.99961e-04   1.72452e-06   4.21158e+08
                               ERR DEF= 0.5
 MIGRAD FAILS TO FIND IMPROVEMENT
 MIGRAD MINIMIZATION HAS CONVERGED.
 MIGRAD WILL VERIFY CONVERGENCE AND ERROR MATRIX.
   START COVARIANCE MATRIX CALCULATION.
 MINUIT WARNING IN HESSE   
 ============== Negative diagonal element 3 in Error Matrix
 MINUIT WARNING IN HESSE   
 ============== 15886.8 added to diagonal of error matrix
 EIGENVALUES OF SECOND-DERIVATIVE MATRIX:
        -7.3704e+00  9.9574e-01  1.0004e+00  9.3742e+00
 MINUIT WARNING IN HESSE   
 ============== MATRIX FORCED POS-DEF BY ADDING 7.379797 TO DIAGONAL.
 FCN=67.7396 FROM HESSE     STATUS=NOT POSDEF     25 CALLS         139 TOTAL
                     EDM=0.000107537    STRATEGY= 1      ERR MATRIX NOT POS-DEF
  EXT PARAMETER                APPROXIMATE        STEP         FIRST   
  NO.   NAME      VALUE            ERROR          SIZE      DERIVATIVE 
   1  p0           5.59667e+05   2.74085e-03   2.66870e-01   6.72851e-05
   2  p1           5.64771e-01   6.96518e-07   2.69304e-07   2.19859e+02
   3  p2           0.00000e+00   7.30052e+00   4.21894e-05   0.00000e+00
   4  p3           9.99665e-04   4.41294e-07   4.76677e-10  -3.30313e+04
                               ERR DEF= 0.5
 PARAMETER  CORRELATION COEFFICIENTS  
       NO.  GLOBAL      1      2      3      4
        1  0.00984   1.000 -0.006  0.010  0.010
        2  0.57681  -0.006  1.000 -0.576 -0.577
        3  0.99888   0.010 -0.576  1.000  0.999
        4  0.99888   0.010 -0.577  0.999  1.000
 ERR MATRIX NOT POS-DEF
 FCN=67.66 FROM MIGRAD    STATUS=PROGRESS      150 CALLS         151 TOTAL
                     EDM=12305.5    STRATEGY= 1      ERR MATRIX NOT POS-DEF
  EXT PARAMETER                APPROXIMATE        STEP         FIRST   
  NO.   NAME      VALUE            ERROR          SIZE      DERIVATIVE 
   1  p0           5.59667e+05   2.74085e-03   1.97166e-08  -6.26744e-02
   2  p1           5.64771e-01   6.96518e-07  -2.98135e-10  -1.96239e+05
   3  p2           5.34704e-03   7.30052e+00   5.34704e-03   2.17446e+01
   4  p3           9.99665e-04   4.41294e-07   3.23575e-10  -4.41741e+06
                               ERR DEF= 0.5
 MIGRAD FAILS TO FIND IMPROVEMENT
 MIGRAD MINIMIZATION HAS CONVERGED.
 MIGRAD WILL VERIFY CONVERGENCE AND ERROR MATRIX.
   START COVARIANCE MATRIX CALCULATION.
 EIGENVALUES OF SECOND-DERIVATIVE MATRIX:
         1.3164e-03  4.5321e-01  8.8157e-01  2.6639e+00
 COVARIANCE MATRIX CALCULATED SUCCESSFULLY
 MIGRAD TERMINATED WITHOUT CONVERGENCE.
 FCN=67.5701 FROM MIGRAD    STATUS=FAILED        262 CALLS         263 TOTAL
                     EDM=0.00182382    STRATEGY= 1      ERR MATRIX APPROXIMATE
  EXT PARAMETER                APPROXIMATE        STEP         FIRST   
  NO.   NAME      VALUE            ERROR          SIZE      DERIVATIVE 
   1  p0           5.59667e+05   9.98516e+01   2.66870e-01   4.33703e-04
   2  p1           5.64771e-01   3.21337e-05   2.69304e-07   1.23617e+01
   3  p2           6.70144e-03   4.63283e-03   2.12807e-05  -2.12264e-02
   4  p3           9.99684e-04   6.96487e-08   4.76686e-10  -1.88866e+04
                               ERR DEF= 0.5
 EXTERNAL ERROR MATRIX.    NDIM=  25    NPAR=  4    ERR DEF=0.5
  9.970e+03 -3.203e-03  3.120e-02  1.151e-06 
 -3.203e-03  1.033e-09 -5.707e-09 -3.808e-13 
  3.120e-02 -5.707e-09  2.146e-05  1.261e-10 
  1.151e-06 -3.808e-13  1.261e-10  4.851e-15 
ERR MATRIX APPROXIMATE
 PARAMETER  CORRELATION COEFFICIENTS  
       NO.  GLOBAL      1      2      3      4
        1  0.99868   1.000 -0.998  0.067  0.165
        2  0.99869  -0.998  1.000 -0.038 -0.170
        3  0.63837   0.067 -0.038  1.000  0.391
        4  0.51005   0.165 -0.170  0.391  1.000
 ERR MATRIX APPROXIMATE
 FCN=67.5701 FROM MIGRAD    STATUS=FAILED        262 CALLS         263 TOTAL
                     EDM=0.00182382    STRATEGY= 1      ERR MATRIX APPROXIMATE
  EXT PARAMETER                  PARABOLIC         MINOS ERRORS        
  NO.   NAME      VALUE            ERROR      NEGATIVE      POSITIVE   
   1  p0           5.59667e+05   9.98516e+01                            
   2  p1           5.64771e-01   3.21337e-05                            
   3  p2           6.70144e-03   4.63283e-03                            
   4  p3           9.99684e-04   6.96487e-08                            
                               ERR DEF= 0.5
 **********
 **   32 **SET PRINT           2
 **********
 **********
 **   33 **SET NOGRAD
 **********
 PARAMETER DEFINITIONS:
    NO.   NAME         VALUE      STEP SIZE      LIMITS
     1 p0           5.59667e+05  9.98516e+01     no limits
     2 p1           5.64771e-01  3.21337e-05     no limits
     3 p2           6.70144e-03  4.63283e-03     no limits
     4 p3           9.99684e-04  6.96487e-08     no limits
 **********
 **   34 **SET ERR         0.5
 **********
 **********
 **   35 **SET PRINT           2
 **********
 **********
 **   36 **SET STR           1
 **********
 NOW USING STRATEGY  1: TRY TO BALANCE SPEED AGAINST RELIABILITY
 **********
 **   37 **MIGRAD        1480        0.01
 **********
 FIRST CALL TO USER FUNCTION AT NEW START POINT, WITH IFLAG=4.
 START MIGRAD MINIMIZATION.  STRATEGY  1.  CONVERGENCE WHEN EDM .LT. 1.00e-05
 FCN=67.5701 FROM MIGRAD    STATUS=INITIATE       14 CALLS          15 TOTAL
                     EDM= unknown      STRATEGY= 1      NO ERROR MATRIX       
  EXT PARAMETER               CURRENT GUESS       STEP         FIRST   
  NO.   NAME      VALUE            ERROR          SIZE      DERIVATIVE 
   1  p0           5.59667e+05   9.98516e+01   9.98516e+01   4.26847e-04
   2  p1           5.64771e-01   3.21337e-05   3.21337e-05   2.65002e+01
   3  p2           6.70144e-03   4.63283e-03   4.63283e-03   5.31002e-02
   4  p3           9.99684e-04   6.96487e-08   6.96487e-08   1.10204e+02
                               ERR DEF= 0.5
NO ERROR MATRIX       
 MIGRAD FAILS TO FIND IMPROVEMENT
   START COVARIANCE MATRIX CALCULATION.
 EIGENVALUES OF SECOND-DERIVATIVE MATRIX:
         1.5485e-03  4.0050e-01  9.0239e-01  2.6956e+00
 COVARIANCE MATRIX CALCULATED SUCCESSFULLY
 FCN=67.5701 FROM HESSE     STATUS=OK             29 CALLS          49 TOTAL
                     EDM=0.000778174    STRATEGY= 1      ERROR MATRIX ACCURATE 
  EXT PARAMETER                                   STEP         FIRST   
  NO.   NAME      VALUE            ERROR          SIZE      DERIVATIVE 
   1  p0           5.59667e+05   9.20411e+01   2.66870e-01   4.33703e-04
   2  p1           5.64771e-01   2.96405e-05   3.21337e-07   1.23617e+01
   3  p2           6.70144e-03   4.95841e-03   2.26329e-05   1.54302e-01
   4  p3           9.99684e-04   7.13849e-08   4.76686e-10  -1.88866e+04
                               ERR DEF= 0.5
 PARAMETER  CORRELATION COEFFICIENTS  
       NO.  GLOBAL      1      2      3      4
        1  0.99845   1.000 -0.998  0.020  0.101
        2  0.99846  -0.998  1.000  0.013 -0.103
        3  0.67562   0.020  0.013  1.000  0.452
        4  0.54378   0.101 -0.103  0.452  1.000
 FCN=67.5132 FROM MIGRAD    STATUS=PROGRESS       61 CALLS          62 TOTAL
                     EDM=0.0334768    STRATEGY= 1      ERROR MATRIX ACCURATE 
  EXT PARAMETER                                   STEP         FIRST   
  NO.   NAME      VALUE            ERROR          SIZE      DERIVATIVE 
   1  p0           5.59396e+05   9.20411e+01  -2.70262e+02  -8.47960e-03
   2  p1           5.64858e-01   2.96405e-05   8.67719e-05  -2.68880e+04
   3  p2           6.35293e-03   4.95841e-03  -3.48515e-04  -2.53331e+01
   4  p3           9.99668e-04   7.13849e-08  -1.58944e-08  -2.20372e+06
                               ERR DEF= 0.5
 MIGRAD FAILS TO FIND IMPROVEMENT
 MIGRAD TERMINATED WITHOUT CONVERGENCE.
 FCN=67.3526 FROM MIGRAD    STATUS=FAILED        119 CALLS         120 TOTAL
                     EDM=3.03232e-05    STRATEGY= 1  ERROR MATRIX UNCERTAINTY  56.2 per cent
  EXT PARAMETER                APPROXIMATE        STEP         FIRST   
  NO.   NAME      VALUE            ERROR          SIZE      DERIVATIVE 
   1  p0           5.58644e+05   5.78180e+02   0.00000e+00  -9.54662e-05
   2  p1           5.65101e-01   1.86641e-04  -0.00000e+00  -2.78630e+02
   3  p2           1.01632e-02   4.63430e-03   0.00000e+00  -1.26109e-01
   4  p3           9.99687e-04   7.67740e-08   0.00000e+00  -1.53212e+03
                               ERR DEF= 0.5
 EXTERNAL ERROR MATRIX.    NDIM=  25    NPAR=  4    ERR DEF=0.5
  3.343e+05 -1.079e-01 -7.336e-01  2.496e-06 
 -1.079e-01  3.484e-08  2.428e-07 -8.078e-13 
 -7.336e-01  2.428e-07  2.148e-05  1.494e-10 
  2.496e-06 -8.078e-13  1.494e-10  5.894e-15 
ERR MATRIX APPROXIMATE
 PARAMETER  CORRELATION COEFFICIENTS  
       NO.  GLOBAL      1      2      3      4
        1  0.99996   1.000 -1.000 -0.274  0.056
        2  0.99996  -1.000  1.000  0.281 -0.056
        3  0.77431  -0.274  0.281  1.000  0.420
        4  0.57559   0.056 -0.056  0.420  1.000
 ERR MATRIX APPROXIMATE
 FCN=67.3526 FROM MIGRAD    STATUS=FAILED        119 CALLS         120 TOTAL
                     EDM=3.03232e-05    STRATEGY= 1  ERROR MATRIX UNCERTAINTY  56.2 per cent
  EXT PARAMETER                  PARABOLIC         MINOS ERRORS        
  NO.   NAME      VALUE            ERROR      NEGATIVE      POSITIVE   
   1  p0           5.58644e+05   5.78180e+02                            
   2  p1           5.65101e-01   1.86641e-04                            
   3  p2           1.01632e-02   4.63430e-03                            
   4  p3           9.99687e-04   7.67740e-08                            
                               ERR DEF= 0.5
 **********
 **   38 **SET PRINT           2
 **********
 **********
 **   39 **SET NOGRAD
 **********
 PARAMETER DEFINITIONS:
    NO.   NAME         VALUE      STEP SIZE      LIMITS
     1 p0           5.58644e+05  5.78180e+02     no limits
     2 p1           5.65101e-01  1.86641e-04     no limits
     3 p2           1.01632e-02  4.63430e-03     no limits
     4 p3           9.99687e-04  7.67740e-08     no limits
 **********
 **   40 **SET ERR         0.5
 **********
 **********
 **   41 **SET PRINT           2
 **********
 **********
 **   42 **SET STR           1
 **********
 NOW USING STRATEGY  1: TRY TO BALANCE SPEED AGAINST RELIABILITY
 **********
 **   43 **MIGRAD        1480        0.01
 **********
 FIRST CALL TO USER FUNCTION AT NEW START POINT, WITH IFLAG=4.
 START MIGRAD MINIMIZATION.  STRATEGY  1.  CONVERGENCE WHEN EDM .LT. 1.00e-05
 FCN=67.3526 FROM MIGRAD    STATUS=INITIATE       16 CALLS          17 TOTAL
                     EDM= unknown      STRATEGY= 1      NO ERROR MATRIX       
  EXT PARAMETER               CURRENT GUESS       STEP         FIRST   
  NO.   NAME      VALUE            ERROR          SIZE      DERIVATIVE 
   1  p0           5.58644e+05   5.78180e+02   5.78180e+02  -9.34235e-05
   2  p1           5.65101e-01   1.86641e-04   1.86641e-04  -2.78630e+02
   3  p2           1.01632e-02   4.63430e-03   4.63430e-03  -5.99835e-02
   4  p3           9.99687e-04   7.67740e-08   7.67740e-08  -1.53212e+03
                               ERR DEF= 0.5
NO ERROR MATRIX       
 MIGRAD FAILS TO FIND IMPROVEMENT
   START COVARIANCE MATRIX CALCULATION.
 EIGENVALUES OF SECOND-DERIVATIVE MATRIX:
         5.1598e-04  3.6658e-01  9.1478e-01  2.7181e+00
 COVARIANCE MATRIX CALCULATED SUCCESSFULLY
 FCN=67.3526 FROM HESSE     STATUS=OK             29 CALLS          49 TOTAL
                     EDM=9.70827e-07    STRATEGY= 1      ERROR MATRIX ACCURATE 
  EXT PARAMETER                                   STEP         FIRST   
  NO.   NAME      VALUE            ERROR          SIZE      DERIVATIVE 
   1  p0           5.58644e+05   1.59112e+02   5.78180e-01  -8.81140e-05
   2  p1           5.65101e-01   5.14101e-05   2.69461e-07  -2.89738e+02
   3  p2           1.01632e-02   3.61124e-03   1.53300e-05  -1.20685e-01
   4  p3           9.99687e-04   7.06367e-08   4.76688e-10  -4.23610e+03
                               ERR DEF= 0.5
 PARAMETER  CORRELATION COEFFICIENTS  
       NO.  GLOBAL      1      2      3      4
        1  0.99948   1.000 -0.999 -0.179 -0.087
        2  0.99949  -0.999  1.000  0.199  0.087
        3  0.71555  -0.179  0.199  1.000  0.497
        4  0.56695  -0.087  0.087  0.497  1.000
 MIGRAD FAILS TO FIND IMPROVEMENT
 MIGRAD MINIMIZATION HAS CONVERGED.
 FCN=67.3526 FROM MIGRAD    STATUS=CONVERGED      52 CALLS          53 TOTAL
                     EDM=9.70827e-07    STRATEGY= 1      ERROR MATRIX ACCURATE 
  EXT PARAMETER                                   STEP         FIRST   
  NO.   NAME      VALUE            ERROR          SIZE      DERIVATIVE 
   1  p0           5.58644e+05   1.59112e+02  -0.00000e+00  -8.81140e-05
   2  p1           5.65101e-01   5.14101e-05   0.00000e+00  -2.89738e+02
   3  p2           1.01632e-02   3.61124e-03   0.00000e+00  -1.20685e-01
   4  p3           9.99687e-04   7.06367e-08   0.00000e+00  -4.23610e+03
                               ERR DEF= 0.5
 EXTERNAL ERROR MATRIX.    NDIM=  25    NPAR=  4    ERR DEF=0.5
  2.532e+04 -8.174e-03 -1.027e-01 -9.770e-07 
 -8.174e-03  2.643e-09  3.685e-08  3.177e-13 
 -1.027e-01  3.685e-08  1.304e-05  1.267e-10 
 -9.770e-07  3.177e-13  1.267e-10  4.990e-15 
 PARAMETER  CORRELATION COEFFICIENTS  
       NO.  GLOBAL      1      2      3      4
        1  0.99948   1.000 -0.999 -0.179 -0.087
        2  0.99949  -0.999  1.000  0.199  0.087
        3  0.71555  -0.179  0.199  1.000  0.497
        4  0.56695  -0.087  0.087  0.497  1.000
 EXTERNAL ERROR MATRIX.    NDIM=   4    NPAR=  4    ERR DEF=0.5
  2.532e+04 -8.174e-03 -1.027e-01 -9.770e-07 
 -8.174e-03  2.643e-09  3.685e-08  3.177e-13 
 -1.027e-01  3.685e-08  1.304e-05  1.267e-10 
 -9.770e-07  3.177e-13  1.267e-10  4.990e-15 
 FCN=67.3526 FROM MIGRAD    STATUS=CONVERGED      52 CALLS          53 TOTAL
                     EDM=9.70827e-07    STRATEGY= 1      ERROR MATRIX ACCURATE 
  EXT PARAMETER                  PARABOLIC         MINOS ERRORS        
  NO.   NAME      VALUE            ERROR      NEGATIVE      POSITIVE   
   1  p0           5.58644e+05   1.59112e+02                            
   2  p1           5.65101e-01   5.14101e-05                            
   3  p2           1.01632e-02   3.61124e-03                            
   4  p3           9.99687e-04   7.06367e-08                            
                               ERR DEF= 0.5
------------------------------------------
Enering ROOFIt-------
 PARAMETER DEFINITIONS:
    NO.   NAME         VALUE      STEP SIZE      LIMITS
     1 norm         5.58644e+05  1.00000e-01     no limits
     2 Q            5.65000e-01  1.00000e-01     no limits
     3 theta        0.00000e+00  1.00000e-01     no limits
     4 pileup       9.99687e-04  1.00000e-01     no limits
 **********
 **    1 **MIGRAD
 **********
 FIRST CALL TO USER FUNCTION AT NEW START POINT, WITH IFLAG=4.
 START MIGRAD MINIMIZATION.  STRATEGY  1.  CONVERGENCE WHEN EDM .LT. 1.00e-04
 FCN=-2.37858e+11 FROM MIGRAD    STATUS=INITIATE       14 CALLS          15 TOTAL
                     EDM= unknown      STRATEGY= 1      NO ERROR MATRIX       
  EXT PARAMETER               CURRENT GUESS       STEP         FIRST   
  NO.   NAME      VALUE            ERROR          SIZE      DERIVATIVE 
   1  norm         5.58644e+05   1.00000e-01   1.00000e-01  -1.17504e+01
   2  Q            5.65000e-01   1.00000e-01   1.00000e-01  -1.71477e+08
   3  theta        0.00000e+00   1.00000e-01   1.00000e-01   0.00000e+00
   4  pileup       9.99687e-04   1.00000e-01   1.00000e-01  -9.18397e+11
 MIGRAD FAILS TO FIND IMPROVEMENT
 MACHINE ACCURACY LIMITS FURTHER IMPROVEMENT.
 MIGRAD MINIMIZATION HAS CONVERGED.
 MIGRAD WILL VERIFY CONVERGENCE AND ERROR MATRIX.
 EIGENVALUES OF SECOND-DERIVATIVE MATRIX:
        -8.4875e-02  5.0156e-01  6.6584e-01  2.9175e+00
 MINUIT WARNING IN HESSE   
 ============== MATRIX FORCED POS-DEF BY ADDING 0.087793 TO DIAGONAL.
 FCN=-2.37858e+11 FROM HESSE     STATUS=NOT POSDEF     27 CALLS          93 TOTAL
                     EDM=796.511    STRATEGY= 1      ERR MATRIX NOT POS-DEF
  EXT PARAMETER                APPROXIMATE        STEP         FIRST   
  NO.   NAME      VALUE            ERROR          SIZE      DERIVATIVE 
   1  norm         5.58888e+05   1.69596e+01   2.66382e+02   3.16133e-01
   2  Q            5.65003e-01   4.90125e-06   5.55013e-04   1.01794e+06
   3  theta        0.00000e+00   9.89416e-03   1.13836e-01   0.00000e+00
   4  pileup       1.00196e-03   1.00741e-07   2.10174e-05   5.34684e+08
 MIGRAD FAILS TO FIND IMPROVEMENT
 MACHINE ACCURACY LIMITS FURTHER IMPROVEMENT.
 MIGRAD MINIMIZATION HAS CONVERGED.
 MIGRAD WILL VERIFY CONVERGENCE AND ERROR MATRIX.
 EIGENVALUES OF SECOND-DERIVATIVE MATRIX:
        -8.2240e-03  5.0879e-01  6.6688e-01  2.8326e+00
 MINUIT WARNING IN HESSE   
 ============== MATRIX FORCED POS-DEF BY ADDING 0.011057 TO DIAGONAL.
 MIGRAD TERMINATED WITHOUT CONVERGENCE.
 FCN=-2.37858e+11 FROM MIGRAD    STATUS=FAILED        202 CALLS         203 TOTAL
                     EDM=14.0369    STRATEGY= 1      ERR MATRIX NOT POS-DEF
  EXT PARAMETER                APPROXIMATE        STEP         FIRST   
  NO.   NAME      VALUE            ERROR          SIZE      DERIVATIVE 
   1  norm         5.58940e+05   1.38269e+01   1.72574e+03  -4.71552e-02
   2  Q            5.65003e-01   5.11184e-06   5.54959e-04  -1.42515e+05
   3  theta       -5.76408e-04   5.99867e-03   1.75750e-01  -4.45614e+02
   4  pileup       9.99765e-04   1.07983e-07   2.09855e-05   2.45716e+07
 EXTERNAL ERROR MATRIX.    NDIM=  25    NPAR=  4    ERR DEF=1
  1.912e+02  5.345e-05  6.535e-02 -3.591e-07 
  5.345e-05  2.613e-11  3.050e-08 -1.645e-13 
  6.535e-02  3.050e-08  3.598e-05 -1.648e-10 
 -3.591e-07 -1.645e-13 -1.648e-10  1.166e-14 
ERR MATRIX NOT POS-DEF
 PARAMETER  CORRELATION COEFFICIENTS  
       NO.  GLOBAL      1      2      3      4
        1  0.85341   1.000  0.756  0.788 -0.240
        2  0.99704   0.756  1.000  0.995 -0.298
        3  0.99732   0.788  0.995  1.000 -0.254
        4  0.58420  -0.240 -0.298 -0.254  1.000
 ERR MATRIX NOT POS-DEF
 **********
 **    2 **MIGRAD 
 **********
 START MIGRAD MINIMIZATION.  STRATEGY  1.  CONVERGENCE WHEN EDM .LT. 1.00e-04
 FCN=-2.37858e+11 FROM MIGRAD    STATUS=INITIATE        8 CALLS         211 TOTAL
                     EDM=185.47    STRATEGY= 1      ERR MATRIX NOT POS-DEF
  EXT PARAMETER                APPROXIMATE        STEP         FIRST   
  NO.   NAME      VALUE            ERROR          SIZE      DERIVATIVE 
   1  norm         5.58940e+05   1.38269e+01   1.72574e+03  -5.73892e-02
   2  Q            5.65003e-01   5.11184e-06   5.54959e-04  -1.42439e+05
   3  theta       -5.76408e-04   5.99867e-03   1.75750e-01  -4.20877e+03
   4  pileup       9.99765e-04   1.07983e-07   2.09855e-05   2.00609e+07
 EIGENVALUES OF SECOND-DERIVATIVE MATRIX:
        -1.8809e-04  3.9520e-01  1.0096e+00  2.5954e+00
 MINUIT WARNING IN MIGRAD  
 ============== MATRIX FORCED POS-DEF BY ADDING 0.002783 TO DIAGONAL.
 MIGRAD FAILS TO FIND IMPROVEMENT
 MACHINE ACCURACY LIMITS FURTHER IMPROVEMENT.
 MIGRAD MINIMIZATION HAS CONVERGED.
 MIGRAD WILL VERIFY CONVERGENCE AND ERROR MATRIX.
 EIGENVALUES OF SECOND-DERIVATIVE MATRIX:
        -4.2885e-04  3.6469e-01  8.5093e-01  2.7848e+00
 MINUIT WARNING IN HESSE   
 ============== MATRIX FORCED POS-DEF BY ADDING 0.003214 TO DIAGONAL.
 FCN=-2.37858e+11 FROM HESSE     STATUS=NOT POSDEF     29 CALLS         329 TOTAL
                     EDM=2.07735    STRATEGY= 1      ERR MATRIX NOT POS-DEF
  EXT PARAMETER                APPROXIMATE        STEP         FIRST   
  NO.   NAME      VALUE            ERROR          SIZE      DERIVATIVE 
   1  norm         5.58946e+05   9.65403e+01   1.72575e+03   1.61324e-01
   2  Q            5.65003e-01   3.14667e-05   9.41672e-05   5.05313e+05
   3  theta       -2.28221e-05   1.10791e-03   1.03599e-01   1.14516e+00
   4  pileup       9.99733e-04   1.04374e-07   2.09850e-05   2.31916e+07
 MIGRAD FAILS TO FIND IMPROVEMENT
 MIGRAD TERMINATED WITHOUT CONVERGENCE.
 FCN=-2.37858e+11 FROM MIGRAD    STATUS=FAILED        164 CALLS         367 TOTAL
                     EDM=6.27256e+08    STRATEGY= 1      ERR MATRIX NOT POS-DEF
  EXT PARAMETER                APPROXIMATE        STEP         FIRST   
  NO.   NAME      VALUE            ERROR          SIZE      DERIVATIVE 
   1  norm         5.59012e+05   7.76544e+00  -0.00000e+00  -4.58825e-02
   2  Q            5.64981e-01   1.47377e-07   0.00000e+00  -1.57919e+09
   3  theta       -3.51249e-04   8.01640e-04   0.00000e+00  -4.31503e+02
   4  pileup       9.99658e-04   8.62970e-08   0.00000e+00  -2.64948e+07
 EXTERNAL ERROR MATRIX.    NDIM=  25    NPAR=  4    ERR DEF=1
  6.030e+01 -6.456e-08  1.909e-03 -3.093e-07 
 -6.456e-08  2.172e-14 -2.855e-13 -1.049e-16 
  1.909e-03 -2.855e-13  6.426e-07  6.463e-12 
 -3.093e-07 -1.049e-16  6.463e-12  7.447e-15 
ERR MATRIX NOT POS-DEF
 PARAMETER  CORRELATION COEFFICIENTS  
       NO.  GLOBAL      1      2      3      4
        1  0.58308   1.000 -0.056  0.307 -0.462
        2  0.07369  -0.056  1.000 -0.002 -0.008
        3  0.40596   0.307 -0.002  1.000  0.093
        4  0.52480  -0.462 -0.008  0.093  1.000
 ERR MATRIX NOT POS-DEF
status of the fit-----000------4
1  559012
2  0.564981
3  -0.000351249
4  0.000999658
 PARAMETER DEFINITIONS:
    NO.   NAME         VALUE      STEP SIZE      LIMITS
     1 norm         5.59012e+05  1.00000e-01     no limits
     2 Q            5.64981e-01  1.00000e-01     no limits
     3 theta       -3.51249e-04  1.00000e-01     no limits
     4 pileup       9.99658e-04  1.00000e-01     no limits
 **********
 **    3 **MIGRAD
 **********
 FIRST CALL TO USER FUNCTION AT NEW START POINT, WITH IFLAG=4.
 START MIGRAD MINIMIZATION.  STRATEGY  1.  CONVERGENCE WHEN EDM .LT. 1.00e-04
 FCN=-2.37858e+11 FROM MIGRAD    STATUS=INITIATE       14 CALLS         382 TOTAL
                     EDM= unknown      STRATEGY= 1      NO ERROR MATRIX       
  EXT PARAMETER               CURRENT GUESS       STEP         FIRST   
  NO.   NAME      VALUE            ERROR          SIZE      DERIVATIVE 
   1  norm         5.59012e+05   1.00000e-01   1.00000e-01   1.87531e-02
   2  Q            5.64981e-01   1.00000e-01   1.00000e-01   8.08138e+06
   3  theta       -3.51249e-04   1.00000e-01   1.00000e-01  -2.32569e+03
   4  pileup       9.99658e-04   1.00000e-01   1.00000e-01  -9.17979e+11
 MIGRAD FAILS TO FIND IMPROVEMENT
 COVARIANCE MATRIX CALCULATED SUCCESSFULLY
 FCN=-2.37858e+11 FROM HESSE     STATUS=OK             29 CALLS         422 TOTAL
                     EDM=0.25865    STRATEGY= 1      ERROR MATRIX ACCURATE 
  EXT PARAMETER                                   STEP         FIRST   
  NO.   NAME      VALUE            ERROR          SIZE      DERIVATIVE 
   1  norm         5.59012e+05   8.00562e+01   2.66558e+00   1.87187e-02
   2  Q            5.64981e-01   7.54370e-06   1.00000e-03   5.94801e+04
   3  theta       -3.51249e-04   6.59645e-03   1.00000e-01   7.01141e+00
   4  pileup       9.99658e-04   9.24366e-08   1.00000e-02   1.40199e+06
 MINUIT WARNING IN MIGRAD  
 ============== Negative diagonal element 2 in Error Matrix
 MINUIT WARNING IN MIGRAD  
 ============== 1 added to diagonal of error matrix
 MIGRAD FAILS TO FIND IMPROVEMENT
 MIGRAD TERMINATED WITHOUT CONVERGENCE.
 FCN=-2.37858e+11 FROM MIGRAD    STATUS=FAILED         98 CALLS         466 TOTAL
                     EDM=3.41318e+07    STRATEGY= 1  ERROR MATRIX UNCERTAINTY 100.0 per cent
  EXT PARAMETER                APPROXIMATE        STEP         FIRST   
  NO.   NAME      VALUE            ERROR          SIZE      DERIVATIVE 
   1  norm         5.59012e+05   9.28224e+00  -0.00000e+00   5.30364e-04
   2  Q            5.64981e-01   1.00000e+00   0.00000e+00  -1.57936e+09
   3  theta       -2.98433e-04   1.00000e+00   0.00000e+00  -3.96213e+02
   4  pileup       9.99658e-04   1.00000e+00   0.00000e+00  -2.70149e+07
 EXTERNAL ERROR MATRIX.    NDIM=  25    NPAR=  4    ERR DEF=1
  8.616e+01 -3.850e-10  5.416e-03 -1.086e-07 
 -3.850e-10  1.000e+00 -6.257e-14  8.919e-19 
  5.416e-03 -6.257e-14  1.000e+00 -1.313e-11 
 -1.086e-07  8.919e-19 -1.313e-11  1.000e+00 
ERR MATRIX APPROXIMATE
 PARAMETER  CORRELATION COEFFICIENTS  
       NO.  GLOBAL      1      2      3      4
        1  0.00058   1.000 -0.000  0.001 -0.000
        2  0.00000  -0.000  1.000 -0.000  0.000
        3  0.00058   0.001 -0.000  1.000 -0.000
        4  0.00000  -0.000  0.000 -0.000  1.000
 ERR MATRIX APPROXIMATE
 **********
 **    4 **MIGRAD 
 **********
 START MIGRAD MINIMIZATION.  STRATEGY  1.  CONVERGENCE WHEN EDM .LT. 1.00e-04
 FCN=-2.37858e+11 FROM MIGRAD    STATUS=INITIATE       14 CALLS         480 TOTAL
                     EDM=8.89716e+15    STRATEGY= 1  ERROR MATRIX UNCERTAINTY 100.0 per cent
  EXT PARAMETER                APPROXIMATE        STEP         FIRST   
  NO.   NAME      VALUE            ERROR          SIZE      DERIVATIVE 
   1  norm         5.59012e+05   9.28224e+00  -0.00000e+00  -5.57286e-03
   2  Q            5.64981e-01   1.00000e+00   0.00000e+00   3.19332e+03
   3  theta       -2.98433e-04   1.00000e+00   0.00000e+00  -3.60673e+02
   4  pileup       9.99658e-04   1.00000e+00   0.00000e+00  -2.70151e+07
 MIGRAD FAILS TO FIND IMPROVEMENT
 EIGENVALUES OF SECOND-DERIVATIVE MATRIX:
        -1.8233e-04  3.6777e-01  8.5154e-01  2.7809e+00
 MINUIT WARNING IN HESSE   
 ============== MATRIX FORCED POS-DEF BY ADDING 0.002963 TO DIAGONAL.
 FCN=-2.37858e+11 FROM HESSE     STATUS=NOT POSDEF     29 CALLS         520 TOTAL
                     EDM=0.00677081    STRATEGY= 1      ERR MATRIX NOT POS-DEF
  EXT PARAMETER                APPROXIMATE        STEP         FIRST   
  NO.   NAME      VALUE            ERROR          SIZE      DERIVATIVE 
   1  norm         5.59012e+05   9.71379e+01   5.33116e+02   5.81740e-04
   2  Q            5.64981e-01   3.13320e-05   9.58488e-05   3.11309e+03
   3  theta       -2.98433e-04   2.61780e-03   4.31965e-02   7.91261e+00
   4  pileup       9.99658e-04   1.04045e-07   2.09838e-05   1.42520e+06
 MIGRAD FAILS TO FIND IMPROVEMENT
 MACHINE ACCURACY LIMITS FURTHER IMPROVEMENT.
 MIGRAD MINIMIZATION HAS CONVERGED.
 MIGRAD WILL VERIFY CONVERGENCE AND ERROR MATRIX.
 EIGENVALUES OF SECOND-DERIVATIVE MATRIX:
        -4.3862e-04  3.7478e-01  8.5106e-01  2.7746e+00
 MINUIT WARNING IN HESSE   
 ============== MATRIX FORCED POS-DEF BY ADDING 0.003213 TO DIAGONAL.
 MIGRAD TERMINATED WITHOUT CONVERGENCE.
 FCN=-2.37858e+11 FROM MIGRAD    STATUS=FAILED        146 CALLS         612 TOTAL
                     EDM=0.00229106    STRATEGY= 1      ERR MATRIX NOT POS-DEF
  EXT PARAMETER                APPROXIMATE        STEP         FIRST   
  NO.   NAME      VALUE            ERROR          SIZE      DERIVATIVE 
   1  norm         5.59014e+05   9.67159e+01   1.72595e+03  -6.41466e-03
   2  Q            5.64980e-01   3.15254e-05   9.52721e-05  -1.84641e+04
   3  theta       -3.68495e-04   1.05788e-03   1.06795e-01   5.32938e+00
   4  pileup       9.99653e-04   1.03911e-07   2.09837e-05   4.60118e+04
 EXTERNAL ERROR MATRIX.    NDIM=  25    NPAR=  4    ERR DEF=1
  9.354e+03 -3.035e-03 -2.185e-02 -7.820e-07 
 -3.035e-03  9.939e-10  8.812e-09  2.496e-13 
 -2.185e-02  8.812e-09  1.119e-06  4.789e-11 
 -7.820e-07  2.496e-13  4.789e-11  1.080e-14 
ERR MATRIX NOT POS-DEF
 PARAMETER  CORRELATION COEFFICIENTS  
       NO.  GLOBAL      1      2      3      4
        1  0.99720   1.000 -0.996 -0.214 -0.078
        2  0.99727  -0.996  1.000  0.264  0.076
        3  0.72569  -0.214  0.264  1.000  0.436
        4  0.53218  -0.078  0.076  0.436  1.000
 ERR MATRIX NOT POS-DEF
status of the fit-----000------4
1  559014
2  0.56498
3  -0.000368495
4  0.000999653
 PARAMETER DEFINITIONS:
    NO.   NAME         VALUE      STEP SIZE      LIMITS
     1 norm         5.59014e+05  1.00000e-01     no limits
     2 Q            5.64980e-01  1.00000e-01     no limits
     3 theta       -3.68495e-04  1.00000e-01     no limits
     4 pileup       9.99653e-04  1.00000e-01     no limits
 **********
 **    5 **MIGRAD
 **********
 FIRST CALL TO USER FUNCTION AT NEW START POINT, WITH IFLAG=4.
 START MIGRAD MINIMIZATION.  STRATEGY  1.  CONVERGENCE WHEN EDM .LT. 1.00e-04
 FCN=-2.37858e+11 FROM MIGRAD    STATUS=INITIATE       14 CALLS         627 TOTAL
                     EDM= unknown      STRATEGY= 1      NO ERROR MATRIX       
  EXT PARAMETER               CURRENT GUESS       STEP         FIRST   
  NO.   NAME      VALUE            ERROR          SIZE      DERIVATIVE 
   1  norm         5.59014e+05   1.00000e-01   1.00000e-01  -6.32543e-03
   2  Q            5.64980e-01   1.00000e-01   1.00000e-01   7.64428e+06
   3  theta       -3.68495e-04   1.00000e-01   1.00000e-01  -2.44144e+03
   4  pileup       9.99653e-04   1.00000e-01   1.00000e-01  -9.17980e+11
 MIGRAD FAILS TO FIND IMPROVEMENT
 COVARIANCE MATRIX CALCULATED SUCCESSFULLY
 FCN=-2.37858e+11 FROM HESSE     STATUS=OK             29 CALLS         667 TOTAL
                     EDM=0.0420468    STRATEGY= 1      ERROR MATRIX ACCURATE 
  EXT PARAMETER                                   STEP         FIRST   
  NO.   NAME      VALUE            ERROR          SIZE      DERIVATIVE 
   1  norm         5.59014e+05   7.73076e+01   2.66558e+00  -6.52578e-03
   2  Q            5.64980e-01   7.26569e-06   1.00000e-03  -1.84595e+04
   3  theta       -3.68495e-04   6.33825e-03   1.00000e-01   5.90897e+00
   4  pileup       9.99653e-04   9.24365e-08   1.00000e-02  -5.01311e+05
 MIGRAD FAILS TO FIND IMPROVEMENT
 MIGRAD TERMINATED WITHOUT CONVERGENCE.
 FCN=-2.37858e+11 FROM MIGRAD    STATUS=FAILED         96 CALLS         709 TOTAL
                     EDM=2.98788e+07    STRATEGY= 1  ERROR MATRIX UNCERTAINTY 100.0 per cent
  EXT PARAMETER                APPROXIMATE        STEP         FIRST   
  NO.   NAME      VALUE            ERROR          SIZE      DERIVATIVE 
   1  norm         5.59014e+05   9.22510e+00   0.00000e+00   4.67767e-03
   2  Q            5.64980e-01   3.77596e-09   0.00000e+00  -1.62098e+09
   3  theta       -3.99808e-04   9.64722e-04   0.00000e+00  -5.31009e+02
   4  pileup       9.99653e-04   1.31418e-08   0.00000e+00  -2.80433e+07
 EXTERNAL ERROR MATRIX.    NDIM=  25    NPAR=  4    ERR DEF=1
  8.510e+01 -4.532e-10  5.546e-03 -5.632e-08 
 -4.532e-10  1.426e-17 -5.919e-14  7.386e-19 
  5.546e-03 -5.919e-14  9.307e-07 -1.168e-11 
 -5.632e-08  7.386e-19 -1.168e-11  1.727e-16 
ERR MATRIX APPROXIMATE
 PARAMETER  CORRELATION COEFFICIENTS  
       NO.  GLOBAL      1      2      3      4
        1  0.68408   1.000 -0.013  0.623 -0.465
        2  0.01670  -0.013  1.000 -0.016  0.015
        3  0.94743   0.623 -0.016  1.000 -0.921
        4  0.93207  -0.465  0.015 -0.921  1.000
 ERR MATRIX APPROXIMATE
 **********
 **    6 **MIGRAD 
 **********
 START MIGRAD MINIMIZATION.  STRATEGY  1.  CONVERGENCE WHEN EDM .LT. 1.00e-04
 FCN=-2.37858e+11 FROM MIGRAD    STATUS=INITIATE       14 CALLS         723 TOTAL
                     EDM=0.253351    STRATEGY= 1  ERROR MATRIX UNCERTAINTY 100.0 per cent
  EXT PARAMETER                APPROXIMATE        STEP         FIRST   
  NO.   NAME      VALUE            ERROR          SIZE      DERIVATIVE 
   1  norm         5.59014e+05   9.22510e+00   0.00000e+00  -1.42568e-03
   2  Q            5.64980e-01   3.77596e-09   0.00000e+00   1.59865e+04
   3  theta       -3.99808e-04   9.64722e-04   0.00000e+00  -4.83890e+02
   4  pileup       9.99653e-04   1.31418e-08   0.00000e+00  -2.80435e+07
 MIGRAD FAILS TO FIND IMPROVEMENT
 MACHINE ACCURACY LIMITS FURTHER IMPROVEMENT.
 MIGRAD MINIMIZATION HAS CONVERGED.
 MIGRAD WILL VERIFY CONVERGENCE AND ERROR MATRIX.
 EIGENVALUES OF SECOND-DERIVATIVE MATRIX:
        -1.8112e-04  3.7238e-01  8.5164e-01  2.7762e+00
 MINUIT WARNING IN HESSE   
 ============== MATRIX FORCED POS-DEF BY ADDING 0.002957 TO DIAGONAL.
 FCN=-2.37858e+11 FROM HESSE     STATUS=NOT POSDEF     29 CALLS         763 TOTAL
                     EDM=0.00209058    STRATEGY= 1      ERR MATRIX NOT POS-DEF
  EXT PARAMETER                APPROXIMATE        STEP         FIRST   
  NO.   NAME      VALUE            ERROR          SIZE      DERIVATIVE 
   1  norm         5.59014e+05   9.72221e+01   5.33117e+02   4.73191e-03
   2  Q            5.64980e-01   3.13574e-05   9.52726e-05   1.59094e+04
   3  theta       -3.99808e-04   2.60100e-03   4.32167e-02   1.03804e+01
   4  pileup       9.99653e-04   1.03833e-07   2.09838e-05   3.96908e+05
 MIGRAD FAILS TO FIND IMPROVEMENT
 MACHINE ACCURACY LIMITS FURTHER IMPROVEMENT.
 MIGRAD MINIMIZATION HAS CONVERGED.
 MIGRAD WILL VERIFY CONVERGENCE AND ERROR MATRIX.
 EIGENVALUES OF SECOND-DERIVATIVE MATRIX:
        -4.3776e-04  3.7612e-01  8.5110e-01  2.7732e+00
 MINUIT WARNING IN HESSE   
 ============== MATRIX FORCED POS-DEF BY ADDING 0.003211 TO DIAGONAL.
 MIGRAD TERMINATED WITHOUT CONVERGENCE.
 FCN=-2.37858e+11 FROM MIGRAD    STATUS=FAILED        141 CALLS         850 TOTAL
                     EDM=0.00748282    STRATEGY= 1      ERR MATRIX NOT POS-DEF
  EXT PARAMETER                APPROXIMATE        STEP         FIRST   
  NO.   NAME      VALUE            ERROR          SIZE      DERIVATIVE 
   1  norm         5.59016e+05   9.67463e+01   1.72596e+03  -3.98829e-03
   2  Q            5.64980e-01   3.15313e-05   9.58971e-05  -1.09583e+04
   3  theta       -4.49954e-04   1.05638e-03   1.06742e-01   6.59001e+00
   4  pileup       9.99653e-04   1.03845e-07   2.09837e-05  -1.13143e+06
 EXTERNAL ERROR MATRIX.    NDIM=  25    NPAR=  4    ERR DEF=1
  9.360e+03 -3.037e-03 -2.169e-02 -7.731e-07 
 -3.037e-03  9.942e-10  8.752e-09  2.462e-13 
 -2.169e-02  8.752e-09  1.116e-06  4.766e-11 
 -7.731e-07  2.462e-13  4.766e-11  1.078e-14 
ERR MATRIX NOT POS-DEF
 PARAMETER  CORRELATION COEFFICIENTS  
       NO.  GLOBAL      1      2      3      4
        1  0.99720   1.000 -0.996 -0.212 -0.077
        2  0.99727  -0.996  1.000  0.263  0.075
        3  0.72445  -0.212  0.263  1.000  0.434
        4  0.53131  -0.077  0.075  0.434  1.000
 ERR MATRIX NOT POS-DEF
status of the fit-----000------4
1  559016
2  0.56498
3  -0.000449954
4  0.000999653
