  *******************************************
  *                                         *
  *        W E L C O M E  to  R O O T       *
  *                                         *
  *   Version   5.34/36      5 April 2016   *
  *                                         *
  *  You are welcome to visit our Web site  *
  *          http://root.cern.ch            *
  *                                         *
  *******************************************

ROOT 5.34/36 (v5-34-36@v5-34-36, Apr 05 2016, 10:25:45 on linuxx8664gcc)

CINT/ROOT C/C++ Interpreter version 5.18.00, July 2, 2010
Type ? for help. Commands must be C++ statements.
Enclose multiple statements between { }.
Loading root init file.
The rat/rootinit.C file loaded the DEAP style for you, which is available from the fStyle pointer.
DEAP style applied. 
RAT: Libraries loaded.

Processing /home/fatemigh/projects/rpp-jillings/fatemigh/sterile/Likelihood/LikelihoodSterile_modified6.C+(197)...
pased here
566 lines read from file
31
spec_E  566
Before entering fitting
 **********
 **    1 **SET PRINT           2
 **********
 **********
 **    2 **SET NOGRAD
 **********
 PARAMETER DEFINITIONS:
    NO.   NAME         VALUE      STEP SIZE      LIMITS
     1 p0           5.58000e+05  1.67400e+05     no limits
     2 p1           5.65000e-01  1.69500e-01     no limits
     3 p2           0.00000e+00  3.00000e-01     no limits
     4 p3           9.99871e-04  2.99961e-04     no limits
 **********
 **    3 **SET ERR         0.5
 **********
 **********
 **    4 **SET PRINT           2
 **********
 **********
 **    5 **SET STR           1
 **********
 NOW USING STRATEGY  1: TRY TO BALANCE SPEED AGAINST RELIABILITY
 **********
 **    6 **MIGRAD        1480        0.01
 **********
 FIRST CALL TO USER FUNCTION AT NEW START POINT, WITH IFLAG=4.
 START MIGRAD MINIMIZATION.  STRATEGY  1.  CONVERGENCE WHEN EDM .LT. 1.00e-05
 FCN=17577.8 FROM MIGRAD    STATUS=INITIATE       18 CALLS          19 TOTAL
                     EDM= unknown      STRATEGY= 1      NO ERROR MATRIX       
  EXT PARAMETER               CURRENT GUESS       STEP         FIRST   
  NO.   NAME      VALUE            ERROR          SIZE      DERIVATIVE 
   1  p0           5.58000e+05   1.67400e+05   1.67400e+05  -3.65535e+01
   2  p1           5.65000e-01   1.69500e-01   1.69500e-01  -1.13466e+08
   3  p2           0.00000e+00   3.00000e-01   3.00000e-01   0.00000e+00
   4  p3           9.99871e-04   2.99961e-04   2.99961e-04  -9.99669e+08
                               ERR DEF= 0.5
NO ERROR MATRIX       
 FCN=491.79 FROM MIGRAD    STATUS=PROGRESS       34 CALLS          35 TOTAL
                     EDM=1367.65    STRATEGY= 1      NO ERROR MATRIX       
  EXT PARAMETER               CURRENT GUESS       STEP         FIRST   
  NO.   NAME      VALUE            ERROR          SIZE      DERIVATIVE 
   1  p0           5.58443e+05   1.67400e+05   4.42721e+02  -8.30282e-01
   2  p1           5.65143e-01   1.69500e-01   1.42765e-04  -2.54847e+06
   3  p2           0.00000e+00   3.00000e-01  -0.00000e+00   0.00000e+00
   4  p3           1.00167e-03   2.99961e-04   1.79505e-06   4.08683e+08
                               ERR DEF= 0.5
 MIGRAD MINIMIZATION HAS CONVERGED.
 MIGRAD WILL VERIFY CONVERGENCE AND ERROR MATRIX.
   START COVARIANCE MATRIX CALCULATION.
 EIGENVALUES OF SECOND-DERIVATIVE MATRIX:
         6.5056e-04  8.0354e-01  9.9853e-01  2.1973e+00
 COVARIANCE MATRIX CALCULATED SUCCESSFULLY
 FCN=71.8934 FROM MIGRAD    STATUS=CONVERGED     152 CALLS         153 TOTAL
                     EDM=3.97547e-07    STRATEGY= 1      ERROR MATRIX ACCURATE 
  EXT PARAMETER                                   STEP         FIRST   
  NO.   NAME      VALUE            ERROR          SIZE      DERIVATIVE 
   1  p0           5.59710e+05   1.42001e+02   2.66890e-01  -4.74615e-05
   2  p1           5.64759e-01   4.57246e-05   2.69298e-07  -1.52127e+02
   3  p2           0.00000e+00   2.00839e-02   9.98746e-05   0.00000e+00
   4  p3           9.99791e-04   6.89890e-08   4.76738e-10   5.97961e+03
                               ERR DEF= 0.5
 EXTERNAL ERROR MATRIX.    NDIM=  25    NPAR=  4    ERR DEF=0.5
  2.016e+04 -6.488e-03  1.100e+00  2.072e-06 
 -6.488e-03  2.091e-09 -3.535e-07 -7.076e-13 
  1.100e+00 -3.535e-07  4.034e-04  1.329e-10 
  2.072e-06 -7.076e-13  1.329e-10  4.759e-15 
 PARAMETER  CORRELATION COEFFICIENTS  
       NO.  GLOBAL      1      2      3      4
        1  0.99935   1.000 -0.999  0.386  0.211
        2  0.99935  -0.999  1.000 -0.385 -0.224
        3  0.38654   0.386 -0.385  1.000  0.096
        4  0.39935   0.211 -0.224  0.096  1.000
 EXTERNAL ERROR MATRIX.    NDIM=   4    NPAR=  4    ERR DEF=0.5
  2.016e+04 -6.488e-03  1.100e+00  2.072e-06 
 -6.488e-03  2.091e-09 -3.535e-07 -7.076e-13 
  1.100e+00 -3.535e-07  4.034e-04  1.329e-10 
  2.072e-06 -7.076e-13  1.329e-10  4.759e-15 
 FCN=71.8934 FROM MIGRAD    STATUS=CONVERGED     152 CALLS         153 TOTAL
                     EDM=3.97547e-07    STRATEGY= 1      ERROR MATRIX ACCURATE 
  EXT PARAMETER                  PARABOLIC         MINOS ERRORS        
  NO.   NAME      VALUE            ERROR      NEGATIVE      POSITIVE   
   1  p0           5.59710e+05   1.42001e+02                            
   2  p1           5.64759e-01   4.57246e-05                            
   3  p2           0.00000e+00   2.00839e-02                            
   4  p3           9.99791e-04   6.89890e-08                            
                               ERR DEF= 0.5
------------------------------------------
Enering ROOFIt-------
 PARAMETER DEFINITIONS:
    NO.   NAME         VALUE      STEP SIZE      LIMITS
     1 norm         5.59710e+05  1.00000e-01     no limits
     2 Q            5.65000e-01  1.00000e-01     no limits
     3 theta        0.00000e+00  1.00000e-01     no limits
     4 pileup       9.99791e-04  1.00000e-01     no limits
 **********
 **    1 **MIGRAD
 **********
 FIRST CALL TO USER FUNCTION AT NEW START POINT, WITH IFLAG=4.
 START MIGRAD MINIMIZATION.  STRATEGY  1.  CONVERGENCE WHEN EDM .LT. 1.00e-04
 FCN=-2.37863e+11 FROM MIGRAD    STATUS=INITIATE       14 CALLS          15 TOTAL
                     EDM= unknown      STRATEGY= 1      NO ERROR MATRIX       
  EXT PARAMETER               CURRENT GUESS       STEP         FIRST   
  NO.   NAME      VALUE            ERROR          SIZE      DERIVATIVE 
   1  norm         5.59710e+05   1.00000e-01   1.00000e-01   2.84923e+01
   2  Q            5.65000e-01   1.00000e-01   1.00000e-01   4.43619e+08
   3  theta        0.00000e+00   1.00000e-01   1.00000e-01   0.00000e+00
   4  pileup       9.99791e-04   1.00000e-01   1.00000e-01  -9.17055e+11
 MIGRAD FAILS TO FIND IMPROVEMENT
 EIGENVALUES OF SECOND-DERIVATIVE MATRIX:
        -1.1578e+01  1.2604e-01  9.1607e-01  1.4536e+01
 MINUIT WARNING IN HESSE   
 ============== MATRIX FORCED POS-DEF BY ADDING 11.592156 TO DIAGONAL.
 FCN=-2.37863e+11 FROM HESSE     STATUS=NOT POSDEF     27 CALLS          53 TOTAL
                     EDM=206997    STRATEGY= 1      ERR MATRIX NOT POS-DEF
  EXT PARAMETER                APPROXIMATE        STEP         FIRST   
  NO.   NAME      VALUE            ERROR          SIZE      DERIVATIVE 
   1  norm         5.59710e+05   2.29829e+01   2.66890e+00   2.84924e+01
   2  Q            5.65000e-01   2.03389e-06   1.00000e-03   8.87210e+07
   3  theta        0.00000e+00   5.57150e-02   1.00000e-01   0.00000e+00
   4  pileup       9.99791e-04   9.78493e-08   1.00000e-02   7.98837e+08
 MIGRAD FAILS TO FIND IMPROVEMENT
 MIGRAD TERMINATED WITHOUT CONVERGENCE.
 FCN=-2.37863e+11 FROM MIGRAD    STATUS=FAILED         76 CALLS          77 TOTAL
                     EDM=1.14063e+08    STRATEGY= 1      ERR MATRIX NOT POS-DEF
  EXT PARAMETER                APPROXIMATE        STEP         FIRST   
  NO.   NAME      VALUE            ERROR          SIZE      DERIVATIVE 
   1  norm         5.59684e+05   2.04409e+00  -0.00000e+00   1.83582e+01
   2  Q            5.64998e-01   1.23713e-07   0.00000e+00   5.70422e+07
   3  theta       -6.32256e-02   5.66616e-04   0.00000e+00  -3.93145e+05
   4  pileup       9.99683e-04   2.52912e-08  -0.00000e+00   8.42515e+07
 EXTERNAL ERROR MATRIX.    NDIM=  25    NPAR=  4    ERR DEF=1
  4.178e+00 -1.755e-08  2.880e-05 -1.206e-09 
 -1.755e-08  1.530e-14  1.108e-11 -7.541e-17 
  2.880e-05  1.108e-11  3.211e-07 -5.768e-13 
 -1.206e-09 -7.541e-17 -5.768e-13  6.396e-16 
ERR MATRIX NOT POS-DEF
 PARAMETER  CORRELATION COEFFICIENTS  
       NO.  GLOBAL      1      2      3      4
        1  0.08182   1.000 -0.069  0.025 -0.023
        2  0.17535  -0.069  1.000  0.158 -0.024
        3  0.16597   0.025  0.158  1.000 -0.040
        4  0.05006  -0.023 -0.024 -0.040  1.000
 ERR MATRIX NOT POS-DEF
 **********
 **    2 **MIGRAD 
 **********
 START MIGRAD MINIMIZATION.  STRATEGY  1.  CONVERGENCE WHEN EDM .LT. 1.00e-04
 FCN=-2.37863e+11 FROM MIGRAD    STATUS=INITIATE       12 CALLS          89 TOTAL
                     EDM=2.45393e+06    STRATEGY= 1      ERR MATRIX NOT POS-DEF
  EXT PARAMETER                APPROXIMATE        STEP         FIRST   
  NO.   NAME      VALUE            ERROR          SIZE      DERIVATIVE 
   1  norm         5.59684e+05   2.04409e+00  -0.00000e+00   1.83581e+01
   2  Q            5.64998e-01   1.23713e-07   0.00000e+00  -2.07165e+08
   3  theta       -6.32256e-02   5.66616e-04   0.00000e+00  -5.54711e+05
   4  pileup       9.99683e-04   2.52912e-08  -0.00000e+00   8.54513e+07
 MIGRAD FAILS TO FIND IMPROVEMENT
 COVARIANCE MATRIX CALCULATED SUCCESSFULLY
 FCN=-2.37863e+11 FROM HESSE     STATUS=OK             29 CALLS         129 TOTAL
                     EDM=5075.39    STRATEGY= 1      ERROR MATRIX ACCURATE 
  EXT PARAMETER                                   STEP         FIRST   
  NO.   NAME      VALUE            ERROR          SIZE      DERIVATIVE 
   1  norm         5.59684e+05   8.29903e+00   5.33781e+01   1.83582e+01
   2  Q            5.64998e-01   5.08364e-07   5.53286e-04   5.70432e+07
   3  theta       -6.32256e-02   4.59304e-04   1.17479e-01   2.84978e+04
   4  pileup       9.99683e-04   1.04133e-07   2.09773e-05   1.13894e+08
 MINUIT WARNING IN MIGRAD  
 ============== Negative diagonal element 2 in Error Matrix
 MINUIT WARNING IN MIGRAD  
 ============== Negative diagonal element 3 in Error Matrix
 MINUIT WARNING IN MIGRAD  
 ============== 1 added to diagonal of error matrix
 MIGRAD FAILS TO FIND IMPROVEMENT
 MACHINE ACCURACY LIMITS FURTHER IMPROVEMENT.
 MIGRAD MINIMIZATION HAS CONVERGED.
 MIGRAD WILL VERIFY CONVERGENCE AND ERROR MATRIX.
 EIGENVALUES OF SECOND-DERIVATIVE MATRIX:
        -1.9055e-01  5.7087e-01  6.7894e-01  2.9407e+00
 MINUIT WARNING IN HESSE   
 ============== MATRIX FORCED POS-DEF BY ADDING 0.193490 TO DIAGONAL.
 MIGRAD TERMINATED WITHOUT CONVERGENCE.
 FCN=-2.37863e+11 FROM MIGRAD    STATUS=FAILED        298 CALLS         375 TOTAL
                     EDM=918.41    STRATEGY= 1      ERR MATRIX NOT POS-DEF
  EXT PARAMETER                APPROXIMATE        STEP         FIRST   
  NO.   NAME      VALUE            ERROR          SIZE      DERIVATIVE 
   1  norm         5.58969e+05   4.13605e+01   1.72601e+03  -1.16293e+00
   2  Q            5.64988e-01   3.92780e-06   5.54721e-04  -3.62168e+06
   3  theta        2.71512e-02   8.12529e-03   1.23130e-01   4.24888e+03
   4  pileup       1.00129e-03   2.71104e-07   2.10046e-05   2.41941e+08
 EXTERNAL ERROR MATRIX.    NDIM=  25    NPAR=  4    ERR DEF=1
  1.711e+03  1.585e-04  3.310e-01  1.032e-05 
  1.585e-04  1.543e-11  3.174e-08  9.882e-13 
  3.310e-01  3.174e-08  6.602e-05  2.080e-09 
  1.032e-05  9.882e-13  2.080e-09  7.350e-14 
ERR MATRIX NOT POS-DEF
 PARAMETER  CORRELATION COEFFICIENTS  
       NO.  GLOBAL      1      2      3      4
        1  0.98705   1.000  0.976  0.985  0.920
        2  0.99568   0.976  1.000  0.995  0.928
        3  0.99794   0.985  0.995  1.000  0.944
        4  0.95462   0.920  0.928  0.944  1.000
 ERR MATRIX NOT POS-DEF
status of the fit-----000------4
1  558969
2  0.564988
3  0.0271512
4  0.00100129
 PARAMETER DEFINITIONS:
    NO.   NAME         VALUE      STEP SIZE      LIMITS
     1 norm         5.58969e+05  1.00000e-01     no limits
     2 Q            5.64988e-01  1.00000e-01     no limits
     3 theta        2.71512e-02  1.00000e-01     no limits
     4 pileup       1.00129e-03  1.00000e-01     no limits
 **********
 **    3 **MIGRAD
 **********
 FIRST CALL TO USER FUNCTION AT NEW START POINT, WITH IFLAG=4.
 START MIGRAD MINIMIZATION.  STRATEGY  1.  CONVERGENCE WHEN EDM .LT. 1.00e-04
 FCN=-2.37863e+11 FROM MIGRAD    STATUS=INITIATE       18 CALLS         394 TOTAL
                     EDM= unknown      STRATEGY= 1      NO ERROR MATRIX       
  EXT PARAMETER               CURRENT GUESS       STEP         FIRST   
  NO.   NAME      VALUE            ERROR          SIZE      DERIVATIVE 
   1  norm         5.58969e+05   1.00000e-01   1.00000e-01  -1.16287e+00
   2  Q            5.64988e-01   1.00000e-01   1.00000e-01  -9.41613e+06
   3  theta        2.71512e-02   1.00000e-01   1.00000e-01   2.16317e+05
   4  pileup       1.00129e-03   1.00000e-01   1.00000e-01  -9.18104e+11
 MIGRAD FAILS TO FIND IMPROVEMENT
 EIGENVALUES OF SECOND-DERIVATIVE MATRIX:
        -1.6198e-01  2.2792e-01  9.1639e-01  3.0177e+00
 MINUIT WARNING IN HESSE   
 ============== MATRIX FORCED POS-DEF BY ADDING 0.165000 TO DIAGONAL.
 FCN=-2.37863e+11 FROM HESSE     STATUS=NOT POSDEF     29 CALLS         434 TOTAL
                     EDM=633.207    STRATEGY= 1      ERR MATRIX NOT POS-DEF
  EXT PARAMETER                APPROXIMATE        STEP         FIRST   
  NO.   NAME      VALUE            ERROR          SIZE      DERIVATIVE 
   1  norm         5.58969e+05   2.24287e+01   2.66537e+00  -1.16274e+00
   2  Q            5.64988e-01   5.91329e-06   1.00000e-03  -3.62168e+06
   3  theta        2.71512e-02   7.39201e-03   1.08436e-01   4.15094e+03
   4  pileup       1.00129e-03   9.89006e-08   1.00000e-02   2.41396e+08
 MINUIT WARNING IN MIGRAD  
 ============== Negative diagonal element 2 in Error Matrix
 MINUIT WARNING IN MIGRAD  
 ============== Negative diagonal element 3 in Error Matrix
 MINUIT WARNING IN MIGRAD  
 ============== 1 added to diagonal of error matrix
 MIGRAD FAILS TO FIND IMPROVEMENT
 MIGRAD TERMINATED WITHOUT CONVERGENCE.
 FCN=-2.37863e+11 FROM MIGRAD    STATUS=FAILED        117 CALLS         493 TOTAL
                     EDM=1.72286e+15    STRATEGY= 1      ERR MATRIX NOT POS-DEF
  EXT PARAMETER                APPROXIMATE        STEP         FIRST   
  NO.   NAME      VALUE            ERROR          SIZE      DERIVATIVE 
   1  norm         5.59036e+05   7.29108e+00  -0.00000e+00   1.84581e-01
   2  Q            5.64986e-01   1.07271e-02  -0.00000e+00   5.73202e+05
   3  theta        2.80219e-02   1.00000e+00  -0.00000e+00   1.63449e+05
   4  pileup       1.00041e-03   9.99944e-01  -0.00000e+00   4.60046e+07
 EXTERNAL ERROR MATRIX.    NDIM=  25    NPAR=  4    ERR DEF=1
  5.316e+01  3.661e-07  5.329e-04 -9.863e-08 
  3.661e-07  1.151e-04  6.939e-04  1.070e-02 
  5.329e-04  6.939e-04  1.000e+00 -7.429e-06 
 -9.863e-08  1.070e-02 -7.429e-06  9.999e-01 
ERR MATRIX NOT POS-DEF
 PARAMETER  CORRELATION COEFFICIENTS  
       NO.  GLOBAL      1      2      3      4
        1  0.01048   1.000  0.000  0.000 -0.000
        2  1.00000   0.000  1.000  0.065  0.998
        3  1.00000   0.000  0.065  1.000 -0.000
        4  1.00000  -0.000  0.998 -0.000  1.000
 ERR MATRIX NOT POS-DEF
 **********
 **    4 **MIGRAD 
 **********
 START MIGRAD MINIMIZATION.  STRATEGY  1.  CONVERGENCE WHEN EDM .LT. 1.00e-04
 FCN=-2.37863e+11 FROM MIGRAD    STATUS=INITIATE       16 CALLS         509 TOTAL
                     EDM=6.05514e+14    STRATEGY= 1      ERR MATRIX NOT POS-DEF
  EXT PARAMETER                APPROXIMATE        STEP         FIRST   
  NO.   NAME      VALUE            ERROR          SIZE      DERIVATIVE 
   1  norm         5.59036e+05   7.29108e+00  -0.00000e+00   1.26133e-01
   2  Q            5.64986e-01   1.07271e-02  -0.00000e+00  -1.15843e+09
   3  theta        2.80219e-02   1.00000e+00  -0.00000e+00   4.50127e+05
   4  pileup       1.00041e-03   9.99944e-01  -0.00000e+00   4.60053e+07
 MIGRAD FAILS TO FIND IMPROVEMENT
 EIGENVALUES OF SECOND-DERIVATIVE MATRIX:
        -1.2729e-01  5.7866e-01  6.8368e-01  2.8650e+00
 MINUIT WARNING IN HESSE   
 ============== MATRIX FORCED POS-DEF BY ADDING 0.130156 TO DIAGONAL.
 FCN=-2.37863e+11 FROM HESSE     STATUS=NOT POSDEF     31 CALLS         551 TOTAL
                     EDM=1164.52    STRATEGY= 1      ERR MATRIX NOT POS-DEF
  EXT PARAMETER                APPROXIMATE        STEP         FIRST   
  NO.   NAME      VALUE            ERROR          SIZE      DERIVATIVE 
   1  norm         5.59036e+05   4.39543e+01   1.72609e+03   1.90640e-01
   2  Q            5.64986e-01   3.89076e-06   5.54666e-04   5.73292e+05
   3  theta        2.80219e-02   6.78783e-03   1.54091e-01   5.50153e+03
   4  pileup       1.00041e-03   2.85475e-07   2.09928e-05   7.44204e+07
 MINUIT WARNING IN MIGRAD  
 ============== Negative diagonal element 3 in Error Matrix
 MINUIT WARNING IN MIGRAD  
 ============== 1 added to diagonal of error matrix
 MIGRAD FAILS TO FIND IMPROVEMENT
 MIGRAD TERMINATED WITHOUT CONVERGENCE.
 FCN=-2.37863e+11 FROM MIGRAD    STATUS=FAILED         80 CALLS         573 TOTAL
                     EDM=41781.3    STRATEGY= 1      ERR MATRIX NOT POS-DEF
  EXT PARAMETER                APPROXIMATE        STEP         FIRST   
  NO.   NAME      VALUE            ERROR          SIZE      DERIVATIVE 
   1  norm         5.59009e+05   7.78113e+00   0.00000e+00  -8.03979e-01
   2  Q            5.64984e-01   1.00000e+00   0.00000e+00  -2.48285e+06
   3  theta        2.39241e-02   1.00000e+00  -0.00000e+00   6.58060e+04
   4  pileup       1.00024e-03   1.00000e+00  -0.00000e+00   2.41317e+07
 EXTERNAL ERROR MATRIX.    NDIM=  25    NPAR=  4    ERR DEF=1
  6.055e+01 -8.319e-07 -1.285e-05 -1.021e-07 
 -8.319e-07  1.000e+00 -9.693e-11 -1.428e-14 
 -1.285e-05 -9.693e-11  1.000e+00 -7.488e-13 
 -1.021e-07 -1.428e-14 -7.488e-13  1.000e+00 
ERR MATRIX NOT POS-DEF
 PARAMETER  CORRELATION COEFFICIENTS  
       NO.  GLOBAL      1      2      3      4
        1  0.00000   1.000 -0.000 -0.000 -0.000
        2  0.00000  -0.000  1.000 -0.000 -0.000
        3  0.00000  -0.000 -0.000  1.000 -0.000
        4  0.00000  -0.000 -0.000 -0.000  1.000
 ERR MATRIX NOT POS-DEF
status of the fit-----000------4
1  559009
2  0.564984
3  0.0239241
4  0.00100024
 PARAMETER DEFINITIONS:
    NO.   NAME         VALUE      STEP SIZE      LIMITS
     1 norm         5.59009e+05  1.00000e-01     no limits
     2 Q            5.64984e-01  1.00000e-01     no limits
     3 theta        2.39241e-02  1.00000e-01     no limits
     4 pileup       1.00024e-03  1.00000e-01     no limits
 **********
 **    5 **MIGRAD
 **********
 FIRST CALL TO USER FUNCTION AT NEW START POINT, WITH IFLAG=4.
 START MIGRAD MINIMIZATION.  STRATEGY  1.  CONVERGENCE WHEN EDM .LT. 1.00e-04
 FCN=-2.37863e+11 FROM MIGRAD    STATUS=INITIATE       18 CALLS         592 TOTAL
                     EDM= unknown      STRATEGY= 1      NO ERROR MATRIX       
  EXT PARAMETER               CURRENT GUESS       STEP         FIRST   
  NO.   NAME      VALUE            ERROR          SIZE      DERIVATIVE 
   1  norm         5.59009e+05   1.00000e-01   1.00000e-01  -7.93650e-01
   2  Q            5.64984e-01   1.00000e-01   1.00000e-01  -1.11441e+07
   3  theta        2.39241e-02   1.00000e-01   1.00000e-01   1.90345e+05
   4  pileup       1.00024e-03   1.00000e-01   1.00000e-01  -9.18108e+11
 MIGRAD FAILS TO FIND IMPROVEMENT
 EIGENVALUES OF SECOND-DERIVATIVE MATRIX:
        -1.3736e-01  2.3952e-01  9.1642e-01  2.9814e+00
 MINUIT WARNING IN HESSE   
 ============== MATRIX FORCED POS-DEF BY ADDING 0.140339 TO DIAGONAL.
 FCN=-2.37863e+11 FROM HESSE     STATUS=NOT POSDEF     29 CALLS         632 TOTAL
                     EDM=595.562    STRATEGY= 1      ERR MATRIX NOT POS-DEF
  EXT PARAMETER                APPROXIMATE        STEP         FIRST   
  NO.   NAME      VALUE            ERROR          SIZE      DERIVATIVE 
   1  norm         5.59009e+05   2.69211e+01   2.66556e+00  -7.93633e-01
   2  Q            5.64984e-01   6.01961e-06   1.00000e-03  -2.48280e+06
   3  theta        2.39241e-02   7.33822e-03   1.07724e-01   5.77509e+03
   4  pileup       1.00024e-03   9.71034e-08   1.00000e-02   2.80943e+07
 MINUIT WARNING IN MIGRAD  
 ============== Negative diagonal element 3 in Error Matrix
 MINUIT WARNING IN MIGRAD  
 ============== 1 added to diagonal of error matrix
 MIGRAD FAILS TO FIND IMPROVEMENT
 MACHINE ACCURACY LIMITS FURTHER IMPROVEMENT.
 MIGRAD MINIMIZATION HAS CONVERGED.
 MIGRAD WILL VERIFY CONVERGENCE AND ERROR MATRIX.
 EIGENVALUES OF SECOND-DERIVATIVE MATRIX:
        -1.4513e-03  9.2735e-03  8.4679e-01  3.1454e+00
 MINUIT WARNING IN HESSE   
 ============== MATRIX FORCED POS-DEF BY ADDING 0.004597 TO DIAGONAL.
 MIGRAD TERMINATED WITHOUT CONVERGENCE.
 FCN=-2.37863e+11 FROM MIGRAD    STATUS=FAILED        106 CALLS         680 TOTAL
                     EDM=608.325    STRATEGY= 1      ERR MATRIX NOT POS-DEF
  EXT PARAMETER                APPROXIMATE        STEP         FIRST   
  NO.   NAME      VALUE            ERROR          SIZE      DERIVATIVE 
   1  norm         5.59041e+05   8.00380e+01   5.33113e+00   2.33127e-01
   2  Q            5.64977e-01   3.16797e-05   1.02991e-04   7.23935e+05
   3  theta        1.51026e-02   1.21615e-02   4.30895e-02  -2.48131e+02
   4  pileup       1.00018e-03   3.75817e-07   2.14095e-05   7.59882e+07
 EXTERNAL ERROR MATRIX.    NDIM=  25    NPAR=  4    ERR DEF=1
  6.406e+03 -2.308e-03 -2.362e-01 -7.081e-06 
 -2.308e-03  1.004e-09  2.371e-07  7.022e-12 
 -2.362e-01  2.371e-07  1.479e-04  4.427e-09 
 -7.081e-06  7.022e-12  4.427e-09  1.412e-13 
ERR MATRIX NOT POS-DEF
 PARAMETER  CORRELATION COEFFICIENTS  
       NO.  GLOBAL      1      2      3      4
        1  0.99591   1.000 -0.910 -0.243 -0.235
        2  0.99730  -0.910  1.000  0.615  0.590
        3  0.99249  -0.243  0.615  1.000  0.969
        4  0.97224  -0.235  0.590  0.969  1.000
 ERR MATRIX NOT POS-DEF
 **********
 **    6 **MIGRAD 
 **********
 START MIGRAD MINIMIZATION.  STRATEGY  1.  CONVERGENCE WHEN EDM .LT. 1.00e-04
 FCN=-2.37863e+11 FROM MIGRAD    STATUS=INITIATE        8 CALLS         688 TOTAL
                     EDM=1177.09    STRATEGY= 1      ERR MATRIX NOT POS-DEF
  EXT PARAMETER                APPROXIMATE        STEP         FIRST   
  NO.   NAME      VALUE            ERROR          SIZE      DERIVATIVE 
   1  norm         5.59041e+05   8.00380e+01   5.33113e+00   2.33135e-01
   2  Q            5.64977e-01   3.16797e-05   1.02991e-04   7.24072e+05
   3  theta        1.51026e-02   1.21615e-02   4.30895e-02   2.69596e+03
   4  pileup       1.00018e-03   3.75817e-07   2.14095e-05   7.12980e+07
 MIGRAD FAILS TO FIND IMPROVEMENT
 COVARIANCE MATRIX CALCULATED SUCCESSFULLY
 FCN=-2.37863e+11 FROM HESSE     STATUS=OK             29 CALLS         748 TOTAL
                     EDM=6.25476    STRATEGY= 1      ERROR MATRIX ACCURATE 
  EXT PARAMETER                                   STEP         FIRST   
  NO.   NAME      VALUE            ERROR          SIZE      DERIVATIVE 
   1  norm         5.59050e+05   9.88447e+00   1.06623e+02  -4.11308e-01
   2  Q            5.64967e-01   4.48556e-07   5.54900e-04  -1.27849e+06
   3  theta        9.15105e-03   7.43481e-04   1.70814e-01   5.72663e+02
   4  pileup       9.99995e-04   1.09600e-07   2.09921e-05   2.99919e+07
 EIGENVALUES OF SECOND-DERIVATIVE MATRIX:
        -5.7366e-03  4.9290e-01  9.9380e-01  2.5190e+00
 MINUIT WARNING IN MIGRAD  
 ============== MATRIX FORCED POS-DEF BY ADDING 0.008256 TO DIAGONAL.
 MIGRAD FAILS TO FIND IMPROVEMENT
 MACHINE ACCURACY LIMITS FURTHER IMPROVEMENT.
 MIGRAD MINIMIZATION HAS CONVERGED.
 MIGRAD WILL VERIFY CONVERGENCE AND ERROR MATRIX.
 EIGENVALUES OF SECOND-DERIVATIVE MATRIX:
        -4.5034e-04  1.8719e-01  8.4856e-01  2.9647e+00
 MINUIT WARNING IN HESSE   
 ============== MATRIX FORCED POS-DEF BY ADDING 0.003415 TO DIAGONAL.
 MIGRAD TERMINATED WITHOUT CONVERGENCE.
 FCN=-2.37863e+11 FROM MIGRAD    STATUS=FAILED        165 CALLS         845 TOTAL
                     EDM=0.588656    STRATEGY= 1      ERR MATRIX NOT POS-DEF
  EXT PARAMETER                APPROXIMATE        STEP         FIRST   
  NO.   NAME      VALUE            ERROR          SIZE      DERIVATIVE 
   1  norm         5.59067e+05   9.32057e+01   1.72613e+03   6.24938e-02
   2  Q            5.64968e-01   3.06418e-05   9.66533e-05   1.92849e+05
   3  theta        9.32122e-03   2.00700e-03   7.39369e-02   1.72489e+02
   4  pileup       9.99813e-04   1.20180e-07   2.09855e-05   1.48338e+06
 EXTERNAL ERROR MATRIX.    NDIM=  25    NPAR=  4    ERR DEF=1
  8.687e+03 -2.835e-03 -3.585e-02 -1.210e-06 
 -2.835e-03  9.389e-10  1.711e-08  5.207e-13 
 -3.585e-02  1.711e-08  4.028e-06  1.515e-10 
 -1.210e-06  5.207e-13  1.515e-10  1.444e-14 
ERR MATRIX NOT POS-DEF
 PARAMETER  CORRELATION COEFFICIENTS  
       NO.  GLOBAL      1      2      3      4
        1  0.99698   1.000 -0.993 -0.192 -0.108
        2  0.99711  -0.993  1.000  0.278  0.141
        3  0.86339  -0.192  0.278  1.000  0.628
        4  0.68130  -0.108  0.141  0.628  1.000
 ERR MATRIX NOT POS-DEF
status of the fit-----000------4
1  559067
2  0.564968
3  0.00932122
4  0.000999813
 **********
 **    7 **SET PRINT           2
 **********
 **********
 **    8 **SET NOGRAD
 **********
 PARAMETER DEFINITIONS:
    NO.   NAME         VALUE      STEP SIZE      LIMITS
     1 p0           5.58000e+05  1.67400e+05     no limits
     2 p1           5.65000e-01  1.69500e-01     no limits
     3 p2           0.00000e+00  3.00000e-01     no limits
     4 p3           9.99871e-04  2.99961e-04     no limits
 **********
 **    9 **SET ERR         0.5
 **********
 **********
 **   10 **SET PRINT           2
 **********
 **********
 **   11 **SET STR           1
 **********
 NOW USING STRATEGY  1: TRY TO BALANCE SPEED AGAINST RELIABILITY
 **********
 **   12 **MIGRAD        1480        0.01
 **********
 FIRST CALL TO USER FUNCTION AT NEW START POINT, WITH IFLAG=4.
 START MIGRAD MINIMIZATION.  STRATEGY  1.  CONVERGENCE WHEN EDM .LT. 1.00e-05
 FCN=17262.3 FROM MIGRAD    STATUS=INITIATE       18 CALLS          19 TOTAL
                     EDM= unknown      STRATEGY= 1      NO ERROR MATRIX       
  EXT PARAMETER               CURRENT GUESS       STEP         FIRST   
  NO.   NAME      VALUE            ERROR          SIZE      DERIVATIVE 
   1  p0           5.58000e+05   1.67400e+05   1.67400e+05  -3.62174e+01
   2  p1           5.65000e-01   1.69500e-01   1.69500e-01  -1.12428e+08
   3  p2           0.00000e+00   3.00000e-01   3.00000e-01   0.00000e+00
   4  p3           9.99871e-04   2.99961e-04   2.99961e-04  -1.00700e+09
                               ERR DEF= 0.5
NO ERROR MATRIX       
 FCN=470.893 FROM MIGRAD    STATUS=PROGRESS       34 CALLS          35 TOTAL
                     EDM=1281.68    STRATEGY= 1      NO ERROR MATRIX       
  EXT PARAMETER               CURRENT GUESS       STEP         FIRST   
  NO.   NAME      VALUE            ERROR          SIZE      DERIVATIVE 
   1  p0           5.58438e+05   1.67400e+05   4.38343e+02  -8.15458e-01
   2  p1           5.65141e-01   1.69500e-01   1.41359e-04  -2.50816e+06
   3  p2           0.00000e+00   3.00000e-01  -0.00000e+00   0.00000e+00
   4  p3           1.00168e-03   2.99961e-04   1.80683e-06   3.95298e+08
                               ERR DEF= 0.5
 FCN=77.6685 FROM MIGRAD    STATUS=PROGRESS      140 CALLS         141 TOTAL
                     EDM=1.40826e-05    STRATEGY= 1  ERROR MATRIX UNCERTAINTY 100.0 per cent
  EXT PARAMETER                APPROXIMATE        STEP         FIRST   
  NO.   NAME      VALUE            ERROR          SIZE      DERIVATIVE 
   1  p0           5.58017e+05   4.94184e+02  -1.92750e-01   9.01326e-05
   2  p1           5.65300e-01   1.59428e-04   6.20122e-08   2.95162e+02
   3  p2           0.00000e+00   4.89702e-04  -0.00000e+00   0.00000e+00
   4  p3           9.99830e-04   6.53602e-08  -9.14368e-12   7.45547e+03
                               ERR DEF= 0.5
 MIGRAD FAILS TO FIND IMPROVEMENT
   START COVARIANCE MATRIX CALCULATION.
 MINUIT WARNING IN HESSE   
 ============== Negative diagonal element 3 in Error Matrix
 MINUIT WARNING IN HESSE   
 ============== 3101.78 added to diagonal of error matrix
 EIGENVALUES OF SECOND-DERIVATIVE MATRIX:
        -1.2983e+00  9.9995e-01  1.3043e+00  2.9941e+00
 MINUIT WARNING IN HESSE   
 ============== MATRIX FORCED POS-DEF BY ADDING 1.301342 TO DIAGONAL.
 FCN=77.6685 FROM HESSE     STATUS=NOT POSDEF     27 CALLS         169 TOTAL
                     EDM=4.76049e-06    STRATEGY= 1      ERR MATRIX NOT POS-DEF
  EXT PARAMETER                APPROXIMATE        STEP         FIRST   
  NO.   NAME      VALUE            ERROR          SIZE      DERIVATIVE 
   1  p0           5.58017e+05   1.18382e-02   2.66083e-01   1.02457e-04
   2  p1           5.65300e-01   1.28974e-05   2.69556e-07   2.81415e+02
   3  p2           0.00000e+00   1.24358e+01   1.15971e-04   0.00000e+00
   4  p3           9.99830e-04   6.68804e-07   4.76756e-10   9.98457e+03
                               ERR DEF= 0.5
 PARAMETER  CORRELATION COEFFICIENTS  
       NO.  GLOBAL      1      2      3      4
        1  0.01994   1.000  0.020  0.020 -0.020
        2  0.99644   0.020  1.000  0.996 -0.995
        3  0.99859   0.020  0.996  1.000 -0.998
        4  0.99817  -0.020 -0.995 -0.998  1.000
 ERR MATRIX NOT POS-DEF
 FCN=77.6651 FROM MIGRAD    STATUS=PROGRESS      178 CALLS         179 TOTAL
                     EDM=151.614    STRATEGY= 1      ERR MATRIX NOT POS-DEF
  EXT PARAMETER                APPROXIMATE        STEP         FIRST   
  NO.   NAME      VALUE            ERROR          SIZE      DERIVATIVE 
   1  p0           5.58017e+05   1.18382e-02   3.54913e-08  -7.57836e-03
   2  p1           5.65300e-01   1.28974e-05   1.94528e-09  -2.36507e+04
   3  p2           1.89576e-03   1.24358e+01   1.89576e-03  -1.40606e+00
   4  p3           9.99830e-04   6.68804e-07  -1.02507e-10  -5.63217e+05
                               ERR DEF= 0.5
 MINUIT WARNING IN MIGRAD  
 ============== Negative diagonal element 3 in Error Matrix
 MINUIT WARNING IN MIGRAD  
 ============== 1.00163 added to diagonal of error matrix
 EIGENVALUES OF SECOND-DERIVATIVE MATRIX:
         1.0000e+00  1.0000e+00  1.0000e+00  1.0000e+00
 MIGRAD FAILS TO FIND IMPROVEMENT
 MIGRAD TERMINATED WITHOUT CONVERGENCE.
 FCN=77.6651 FROM MIGRAD    STATUS=FAILED        189 CALLS         190 TOTAL
                     EDM=151.614    STRATEGY= 1      ERR MATRIX NOT POS-DEF
  EXT PARAMETER                APPROXIMATE        STEP         FIRST   
  NO.   NAME      VALUE            ERROR          SIZE      DERIVATIVE 
   1  p0           5.58017e+05   7.07781e-01   0.00000e+00  -7.57836e-03
   2  p1           5.65300e-01   7.07682e-01   0.00000e+00  -2.36507e+04
   3  p2           1.89576e-03   7.07107e-01   0.00000e+00  -1.40606e+00
   4  p3           9.99830e-04   7.07682e-01   0.00000e+00  -5.63217e+05
                               ERR DEF= 0.5
 EXTERNAL ERROR MATRIX.    NDIM=  25    NPAR=  4    ERR DEF=0.5
  5.010e-01 -1.982e-11 -4.000e-07 -1.303e-13 
 -1.982e-11  5.008e-01 -1.877e-08 -6.171e-15 
 -4.000e-07 -1.877e-08  5.000e-01 -5.279e-10 
 -1.303e-13 -6.171e-15 -5.279e-10  5.008e-01 
ERR MATRIX NOT POS-DEF
 PARAMETER  CORRELATION COEFFICIENTS  
       NO.  GLOBAL      1      2      3      4
        1  0.00000   1.000 -0.000 -0.000 -0.000
        2  0.00000  -0.000  1.000 -0.000 -0.000
        3  0.00000  -0.000 -0.000  1.000 -0.000
        4  0.00000  -0.000 -0.000 -0.000  1.000
 ERR MATRIX NOT POS-DEF
 FCN=77.6651 FROM MIGRAD    STATUS=FAILED        189 CALLS         190 TOTAL
                     EDM=151.614    STRATEGY= 1      ERR MATRIX NOT POS-DEF
  EXT PARAMETER                  PARABOLIC         MINOS ERRORS        
  NO.   NAME      VALUE            ERROR      NEGATIVE      POSITIVE   
   1  p0           5.58017e+05   7.07781e-01                            
   2  p1           5.65300e-01   7.07682e-01                            
   3  p2           1.89576e-03   7.07107e-01                            
   4  p3           9.99830e-04   7.07682e-01                            
                               ERR DEF= 0.5
 **********
 **   13 **SET PRINT           2
 **********
 **********
 **   14 **SET NOGRAD
 **********
 PARAMETER DEFINITIONS:
    NO.   NAME         VALUE      STEP SIZE      LIMITS
     1 p0           5.58017e+05  7.07781e-01     no limits
     2 p1           5.65300e-01  7.07682e-01     no limits
     3 p2           1.89576e-03  7.07107e-01     no limits
     4 p3           9.99830e-04  7.07682e-01     no limits
 **********
 **   15 **SET ERR         0.5
 **********
 **********
 **   16 **SET PRINT           2
 **********
 **********
 **   17 **SET STR           1
 **********
 NOW USING STRATEGY  1: TRY TO BALANCE SPEED AGAINST RELIABILITY
 **********
 **   18 **MIGRAD        1480        0.01
 **********
 FIRST CALL TO USER FUNCTION AT NEW START POINT, WITH IFLAG=4.
 START MIGRAD MINIMIZATION.  STRATEGY  1.  CONVERGENCE WHEN EDM .LT. 1.00e-05
 FCN=77.6651 FROM MIGRAD    STATUS=INITIATE       20 CALLS          21 TOTAL
                     EDM= unknown      STRATEGY= 1      NO ERROR MATRIX       
  EXT PARAMETER               CURRENT GUESS       STEP         FIRST   
  NO.   NAME      VALUE            ERROR          SIZE      DERIVATIVE 
   1  p0           5.58017e+05   7.07781e-01   7.07781e-01  -7.57836e-03
   2  p1           5.65300e-01   7.07682e-01   7.07682e-01  -2.36107e+04
   3  p2           1.89576e-03   7.07107e-01   7.07107e-01  -1.43689e+00
   4  p3           9.99830e-04   7.07682e-01   7.07682e-01  -3.25212e+08
                               ERR DEF= 0.5
NO ERROR MATRIX       
 FCN=77.6644 FROM MIGRAD    STATUS=PROGRESS       44 CALLS          45 TOTAL
                     EDM=0.00625048    STRATEGY= 1      NO ERROR MATRIX       
  EXT PARAMETER               CURRENT GUESS       STEP         FIRST   
  NO.   NAME      VALUE            ERROR          SIZE      DERIVATIVE 
   1  p0           5.58017e+05   7.07781e-01   3.46914e-04  -5.21163e-03
   2  p1           5.65300e-01   7.07682e-01   1.12319e-10  -1.62624e+04
   3  p2           1.89634e-03   7.07107e-01   5.79341e-07  -2.71258e+00
   4  p3           9.99832e-04   7.07682e-01   2.20593e-09   1.76252e+03
                               ERR DEF= 0.5
 MIGRAD MINIMIZATION HAS CONVERGED.
 MIGRAD WILL VERIFY CONVERGENCE AND ERROR MATRIX.
   START COVARIANCE MATRIX CALCULATION.
 EIGENVALUES OF SECOND-DERIVATIVE MATRIX:
         1.7185e-04  3.8721e-01  8.7831e-01  2.7343e+00
 COVARIANCE MATRIX CALCULATED SUCCESSFULLY
 FCN=77.6615 FROM HESSE     STATUS=OK             29 CALLS         109 TOTAL
                     EDM=0.00218833    STRATEGY= 1      ERROR MATRIX ACCURATE 
  EXT PARAMETER                                   STEP         FIRST   
  NO.   NAME      VALUE            ERROR          SIZE      DERIVATIVE 
   1  p0           5.58018e+05   2.73780e+02   2.66083e-01   1.06757e-04
   2  p1           5.65301e-01   8.95292e-05   2.69556e-07  -7.76878e+01
   3  p2           2.94778e-03   2.03415e-02   5.54004e-05  -3.68065e-01
   4  p3           9.99832e-04   9.28601e-08   4.76757e-10  -3.24621e+05
                               ERR DEF= 0.5
 PARAMETER  CORRELATION COEFFICIENTS  
       NO.  GLOBAL      1      2      3      4
        1  0.99983   1.000 -1.000 -0.796 -0.619
        2  0.99983  -1.000  1.000  0.803  0.619
        3  0.90044  -0.796  0.803  1.000  0.710
        4  0.75244  -0.619  0.619  0.710  1.000
 FCN=77.6609 FROM MIGRAD    STATUS=PROGRESS      120 CALLS         121 TOTAL
                     EDM=0.000226591    STRATEGY= 1      ERROR MATRIX ACCURATE 
  EXT PARAMETER                                   STEP         FIRST   
  NO.   NAME      VALUE            ERROR          SIZE      DERIVATIVE 
   1  p0           5.58012e+05   2.73780e+02  -5.80469e+00  -1.84332e-04
   2  p1           5.65302e-01   8.95292e-05   1.89918e-06  -9.07651e+02
   3  p2           3.35715e-03   2.03415e-02   4.09377e-04   1.93945e+00
   4  p3           9.99834e-04   9.28601e-08   1.87348e-09  -1.19372e+05
                               ERR DEF= 0.5
 MIGRAD FAILS TO FIND IMPROVEMENT
 MIGRAD MINIMIZATION HAS CONVERGED.
 MIGRAD WILL VERIFY CONVERGENCE AND ERROR MATRIX.
   START COVARIANCE MATRIX CALCULATION.
 EIGENVALUES OF SECOND-DERIVATIVE MATRIX:
         7.6766e-04  3.7440e-01  9.1820e-01  2.7066e+00
 COVARIANCE MATRIX CALCULATED SUCCESSFULLY
 MIGRAD TERMINATED WITHOUT CONVERGENCE.
 FCN=77.6518 FROM MIGRAD    STATUS=FAILED        215 CALLS         216 TOTAL
                     EDM=1.13144e-05    STRATEGY= 1      ERR MATRIX APPROXIMATE
  EXT PARAMETER                APPROXIMATE        STEP         FIRST   
  NO.   NAME      VALUE            ERROR          SIZE      DERIVATIVE 
   1  p0           5.57803e+05   1.30819e+02   2.65981e-01  -1.29807e-04
   2  p1           5.65370e-01   4.19688e-05   2.69589e-07  -4.09514e+02
   3  p2           4.67786e-03   7.91732e-03   3.58253e-05   3.81622e-01
   4  p3           9.99835e-04   7.60753e-08   4.76758e-10   1.03133e+04
                               ERR DEF= 0.5
 EXTERNAL ERROR MATRIX.    NDIM=  25    NPAR=  4    ERR DEF=0.5
  1.711e+04 -5.484e-03  3.688e-01  3.605e-06 
 -5.484e-03  1.761e-09 -1.110e-07 -1.156e-12 
  3.688e-01 -1.110e-07  6.268e-05  3.324e-10 
  3.605e-06 -1.156e-12  3.324e-10  5.787e-15 
ERR MATRIX APPROXIMATE
 PARAMETER  CORRELATION COEFFICIENTS  
       NO.  GLOBAL      1      2      3      4
        1  0.99924   1.000 -0.999  0.356  0.362
        2  0.99923  -0.999  1.000 -0.334 -0.362
        3  0.73814   0.356 -0.334  1.000  0.552
        4  0.63553   0.362 -0.362  0.552  1.000
 ERR MATRIX APPROXIMATE
 FCN=77.6518 FROM MIGRAD    STATUS=FAILED        215 CALLS         216 TOTAL
                     EDM=1.13144e-05    STRATEGY= 1      ERR MATRIX APPROXIMATE
  EXT PARAMETER                  PARABOLIC         MINOS ERRORS        
  NO.   NAME      VALUE            ERROR      NEGATIVE      POSITIVE   
   1  p0           5.57803e+05   1.30819e+02                            
   2  p1           5.65370e-01   4.19688e-05                            
   3  p2           4.67786e-03   7.91732e-03                            
   4  p3           9.99835e-04   7.60753e-08                            
                               ERR DEF= 0.5
 **********
 **   19 **SET PRINT           2
 **********
 **********
 **   20 **SET NOGRAD
 **********
 PARAMETER DEFINITIONS:
    NO.   NAME         VALUE      STEP SIZE      LIMITS
     1 p0           5.57803e+05  1.30819e+02     no limits
     2 p1           5.65370e-01  4.19688e-05     no limits
     3 p2           4.67786e-03  7.91732e-03     no limits
     4 p3           9.99835e-04  7.60753e-08     no limits
 **********
 **   21 **SET ERR         0.5
 **********
 **********
 **   22 **SET PRINT           2
 **********
 **********
 **   23 **SET STR           1
 **********
 NOW USING STRATEGY  1: TRY TO BALANCE SPEED AGAINST RELIABILITY
 **********
 **   24 **MIGRAD        1480        0.01
 **********
 FIRST CALL TO USER FUNCTION AT NEW START POINT, WITH IFLAG=4.
 START MIGRAD MINIMIZATION.  STRATEGY  1.  CONVERGENCE WHEN EDM .LT. 1.00e-05
 FCN=77.6518 FROM MIGRAD    STATUS=INITIATE       16 CALLS          17 TOTAL
                     EDM= unknown      STRATEGY= 1      NO ERROR MATRIX       
  EXT PARAMETER               CURRENT GUESS       STEP         FIRST   
  NO.   NAME      VALUE            ERROR          SIZE      DERIVATIVE 
   1  p0           5.57803e+05   1.30819e+02   1.30819e+02  -1.27489e-04
   2  p1           5.65370e-01   4.19688e-05   4.19688e-05  -3.94521e+02
   3  p2           4.67786e-03   7.91732e-03   7.91732e-03   2.31394e-01
   4  p3           9.99835e-04   7.60753e-08   7.60753e-08  -1.23647e+04
                               ERR DEF= 0.5
NO ERROR MATRIX       
 FCN=77.6518 FROM MIGRAD    STATUS=PROGRESS       27 CALLS          28 TOTAL
                     EDM=4.24282e-07    STRATEGY= 1      NO ERROR MATRIX       
  EXT PARAMETER               CURRENT GUESS       STEP         FIRST   
  NO.   NAME      VALUE            ERROR          SIZE      DERIVATIVE 
   1  p0           5.57803e+05   1.30819e+02   1.22479e-03   4.31691e-05
   2  p1           5.65370e-01   4.19688e-05   3.94469e-10   1.28620e+02
   3  p2           4.67497e-03   7.91732e-03  -2.88694e-06   4.20501e-02
   4  p3           9.99835e-04   7.60753e-08   1.56869e-11  -4.11754e+03
                               ERR DEF= 0.5
 MIGRAD MINIMIZATION HAS CONVERGED.
 MIGRAD WILL VERIFY CONVERGENCE AND ERROR MATRIX.
   START COVARIANCE MATRIX CALCULATION.
 EIGENVALUES OF SECOND-DERIVATIVE MATRIX:
         6.2726e-04  4.7235e-01  8.2187e-01  2.7052e+00
 COVARIANCE MATRIX CALCULATED SUCCESSFULLY
 FCN=77.6518 FROM HESSE     STATUS=OK             29 CALLS          57 TOTAL
                     EDM=1.11726e-05    STRATEGY= 1      ERROR MATRIX ACCURATE 
  EXT PARAMETER                                   STEP         FIRST   
  NO.   NAME      VALUE            ERROR          SIZE      DERIVATIVE 
   1  p0           5.57803e+05   1.44102e+02   2.65981e-01   3.31490e-05
   2  p1           5.65370e-01   4.66447e-05   2.69589e-07   1.29506e+02
   3  p2           4.67497e-03   7.42091e-03   3.55568e-05   5.92570e-01
   4  p3           9.99835e-04   6.84757e-08   4.76758e-10  -5.82660e+03
                               ERR DEF= 0.5
 PARAMETER  CORRELATION COEFFICIENTS  
       NO.  GLOBAL      1      2      3      4
        1  0.99937   1.000 -0.999 -0.074  0.072
        2  0.99937  -0.999  1.000  0.098 -0.078
        3  0.64193  -0.074  0.098  1.000  0.279
        4  0.43680   0.072 -0.078  0.279  1.000
 MIGRAD FAILS TO FIND IMPROVEMENT
 MIGRAD TERMINATED WITHOUT CONVERGENCE.
 FCN=77.6518 FROM MIGRAD    STATUS=FAILED         63 CALLS          64 TOTAL
                     EDM=1.11726e-05    STRATEGY= 1      ERR MATRIX APPROXIMATE
  EXT PARAMETER                APPROXIMATE        STEP         FIRST   
  NO.   NAME      VALUE            ERROR          SIZE      DERIVATIVE 
   1  p0           5.57803e+05   1.44102e+02   0.00000e+00   3.31490e-05
   2  p1           5.65370e-01   4.66447e-05  -0.00000e+00   1.29506e+02
   3  p2           4.67497e-03   7.42091e-03  -0.00000e+00   5.92570e-01
   4  p3           9.99835e-04   6.84757e-08  -0.00000e+00  -5.82660e+03
                               ERR DEF= 0.5
 EXTERNAL ERROR MATRIX.    NDIM=  25    NPAR=  4    ERR DEF=0.5
  2.077e+04 -6.715e-03 -7.924e-02  7.137e-07 
 -6.715e-03  2.176e-09  3.379e-08 -2.480e-13 
 -7.924e-02  3.379e-08  5.507e-05  1.416e-10 
  7.137e-07 -2.480e-13  1.416e-10  4.689e-15 
ERR MATRIX APPROXIMATE
 PARAMETER  CORRELATION COEFFICIENTS  
       NO.  GLOBAL      1      2      3      4
        1  0.99937   1.000 -0.999 -0.074  0.072
        2  0.99937  -0.999  1.000  0.098 -0.078
        3  0.64193  -0.074  0.098  1.000  0.279
        4  0.43680   0.072 -0.078  0.279  1.000
 ERR MATRIX APPROXIMATE
 FCN=77.6518 FROM MIGRAD    STATUS=FAILED         63 CALLS          64 TOTAL
                     EDM=1.11726e-05    STRATEGY= 1      ERR MATRIX APPROXIMATE
  EXT PARAMETER                  PARABOLIC         MINOS ERRORS        
  NO.   NAME      VALUE            ERROR      NEGATIVE      POSITIVE   
   1  p0           5.57803e+05   1.44102e+02                            
   2  p1           5.65370e-01   4.66447e-05                            
   3  p2           4.67497e-03   7.42091e-03                            
   4  p3           9.99835e-04   6.84757e-08                            
                               ERR DEF= 0.5
------------------------------------------
Enering ROOFIt-------
 PARAMETER DEFINITIONS:
    NO.   NAME         VALUE      STEP SIZE      LIMITS
     1 norm         5.57803e+05  1.00000e-01     no limits
     2 Q            5.65000e-01  1.00000e-01     no limits
     3 theta        0.00000e+00  1.00000e-01     no limits
     4 pileup       9.99835e-04  1.00000e-01     no limits
 **********
 **    1 **MIGRAD
 **********
 FIRST CALL TO USER FUNCTION AT NEW START POINT, WITH IFLAG=4.
 START MIGRAD MINIMIZATION.  STRATEGY  1.  CONVERGENCE WHEN EDM .LT. 1.00e-04
 FCN=-2.3786e+11 FROM MIGRAD    STATUS=INITIATE       14 CALLS          15 TOTAL
                     EDM= unknown      STRATEGY= 1      NO ERROR MATRIX       
  EXT PARAMETER               CURRENT GUESS       STEP         FIRST   
  NO.   NAME      VALUE            ERROR          SIZE      DERIVATIVE 
   1  norm         5.57803e+05   1.00000e-01   1.00000e-01  -4.37895e+01
   2  Q            5.65000e-01   1.00000e-01   1.00000e-01  -6.62426e+08
   3  theta        0.00000e+00   1.00000e-01   1.00000e-01   0.00000e+00
   4  pileup       9.99835e-04   1.00000e-01   1.00000e-01  -9.19634e+11
 MIGRAD FAILS TO FIND IMPROVEMENT
 EIGENVALUES OF SECOND-DERIVATIVE MATRIX:
        -2.4126e-01  4.4013e-01  6.6766e-01  3.1335e+00
 MINUIT WARNING IN HESSE   
 ============== MATRIX FORCED POS-DEF BY ADDING 0.244391 TO DIAGONAL.
 FCN=-2.3786e+11 FROM HESSE     STATUS=NOT POSDEF     27 CALLS          94 TOTAL
                     EDM=3057.18    STRATEGY= 1      ERR MATRIX NOT POS-DEF
  EXT PARAMETER                APPROXIMATE        STEP         FIRST   
  NO.   NAME      VALUE            ERROR          SIZE      DERIVATIVE 
   1  norm         5.58813e+05   9.77312e+00   1.72569e+03   1.23397e+00
   2  Q            5.65011e-01   4.90170e-06   5.55085e-04   3.90196e+06
   3  theta        0.00000e+00   9.55027e-03   1.18866e-01   0.00000e+00
   4  pileup       1.00465e-03   9.17455e-08   2.10508e-05   1.12305e+09
 MIGRAD FAILS TO FIND IMPROVEMENT
 MACHINE ACCURACY LIMITS FURTHER IMPROVEMENT.
 MIGRAD MINIMIZATION HAS CONVERGED.
 MIGRAD WILL VERIFY CONVERGENCE AND ERROR MATRIX.
 EIGENVALUES OF SECOND-DERIVATIVE MATRIX:
        -4.3253e-04  3.6883e-01  8.5101e-01  2.7806e+00
 MINUIT WARNING IN HESSE   
 ============== MATRIX FORCED POS-DEF BY ADDING 0.003213 TO DIAGONAL.
 MIGRAD TERMINATED WITHOUT CONVERGENCE.
 FCN=-2.3786e+11 FROM MIGRAD    STATUS=FAILED        215 CALLS         216 TOTAL
                     EDM=2.25383    STRATEGY= 1      ERR MATRIX NOT POS-DEF
  EXT PARAMETER                APPROXIMATE        STEP         FIRST   
  NO.   NAME      VALUE            ERROR          SIZE      DERIVATIVE 
   1  norm         5.58909e+05   9.66096e+01   1.72565e+03   1.62170e-01
   2  Q            5.65014e-01   3.14901e-05   9.52039e-05   5.03104e+05
   3  theta        8.87363e-05   1.09038e-03   1.04092e-01   2.42481e+01
   4  pileup       9.99890e-04   1.04185e-07   2.09862e-05   1.40887e+07
 EXTERNAL ERROR MATRIX.    NDIM=  25    NPAR=  4    ERR DEF=1
  9.333e+03 -3.028e-03 -2.161e-02 -7.559e-07 
 -3.028e-03  9.916e-10  8.814e-09  2.432e-13 
 -2.161e-02  8.814e-09  1.189e-06  5.002e-11 
 -7.559e-07  2.432e-13  5.002e-11  1.085e-14 
ERR MATRIX NOT POS-DEF
 PARAMETER  CORRELATION COEFFICIENTS  
       NO.  GLOBAL      1      2      3      4
        1  0.99719   1.000 -0.995 -0.205 -0.075
        2  0.99727  -0.995  1.000  0.257  0.074
        3  0.72886  -0.205  0.257  1.000  0.440
        4  0.53556  -0.075  0.074  0.440  1.000
 ERR MATRIX NOT POS-DEF
 **********
 **    2 **MIGRAD 
 **********
 START MIGRAD MINIMIZATION.  STRATEGY  1.  CONVERGENCE WHEN EDM .LT. 1.00e-04
 FCN=-2.3786e+11 FROM MIGRAD    STATUS=INITIATE        8 CALLS         224 TOTAL
                     EDM=3.74783    STRATEGY= 1      ERR MATRIX NOT POS-DEF
  EXT PARAMETER                APPROXIMATE        STEP         FIRST   
  NO.   NAME      VALUE            ERROR          SIZE      DERIVATIVE 
   1  norm         5.58909e+05   9.66096e+01   1.72565e+03   1.51934e-01
   2  Q            5.65014e-01   3.14901e-05   9.52039e-05   5.03439e+05
   3  theta        8.87363e-05   1.09038e-03   1.04092e-01   1.88253e+03
   4  pileup       9.99890e-04   1.04185e-07   2.09862e-05   9.57846e+06
 MINUIT WARNING IN MIGRAD  
 ============== Negative diagonal element 2 in Error Matrix
 MINUIT WARNING IN MIGRAD  
 ============== 1 added to diagonal of error matrix
 MIGRAD FAILS TO FIND IMPROVEMENT
 EIGENVALUES OF SECOND-DERIVATIVE MATRIX:
        -3.4551e-02  4.9315e-01  6.6785e-01  2.8736e+00
 MINUIT WARNING IN HESSE   
 ============== MATRIX FORCED POS-DEF BY ADDING 0.037424 TO DIAGONAL.
 FCN=-2.3786e+11 FROM HESSE     STATUS=NOT POSDEF     31 CALLS         281 TOTAL
                     EDM=0.0807294    STRATEGY= 1      ERR MATRIX NOT POS-DEF
  EXT PARAMETER                APPROXIMATE        STEP         FIRST   
  NO.   NAME      VALUE            ERROR          SIZE      DERIVATIVE 
   1  norm         5.58931e+05   1.00572e+01   1.72565e+03  -1.11345e-02
   2  Q            5.65006e-01   5.21132e-06   5.54966e-04  -3.65601e+04
   3  theta       -4.66537e-04   9.87979e-03   1.03665e-01  -1.13559e+01
   4  pileup       9.99860e-04   1.18082e-07   2.09875e-05   2.38942e+06
 MINUIT WARNING IN MIGRAD  
 ============== Negative diagonal element 4 in Error Matrix
 MINUIT WARNING IN MIGRAD  
 ============== 1 added to diagonal of error matrix
 MIGRAD FAILS TO FIND IMPROVEMENT
 MIGRAD TERMINATED WITHOUT CONVERGENCE.
 FCN=-2.3786e+11 FROM MIGRAD    STATUS=FAILED        128 CALLS         344 TOTAL
                     EDM=2.02123e+14    STRATEGY= 1      ERR MATRIX NOT POS-DEF
  EXT PARAMETER                APPROXIMATE        STEP         FIRST   
  NO.   NAME      VALUE            ERROR          SIZE      DERIVATIVE 
   1  norm         5.58931e+05   8.74191e+00   0.00000e+00  -4.44011e-02
   2  Q            5.65006e-01   1.99246e-05   0.00000e+00   6.06387e+04
   3  theta       -7.50281e-05   1.00000e+00   0.00000e+00  -9.50483e+01
   4  pileup       9.99855e-04   1.00000e+00   0.00000e+00  -2.63552e+07
 EXTERNAL ERROR MATRIX.    NDIM=  25    NPAR=  4    ERR DEF=1
  7.642e+01  1.014e-07  5.370e-03  9.392e-08 
  1.014e-07  3.970e-10  1.889e-05  6.341e-06 
  5.370e-03  1.889e-05  1.000e+00 -1.356e-10 
  9.392e-08  6.341e-06 -1.356e-10  1.000e+00 
ERR MATRIX NOT POS-DEF
 PARAMETER  CORRELATION COEFFICIENTS  
       NO.  GLOBAL      1      2      3      4
        1  0.00055   1.000  0.001  0.001  0.000
        2  1.00000   0.001  1.000  0.948  0.318
        3  1.00000   0.001  0.948  1.000 -0.000
        4  1.00000   0.000  0.318 -0.000  1.000
 ERR MATRIX NOT POS-DEF
status of the fit-----000------4
1  558931
2  0.565006
3  -7.50281e-05
4  0.000999855
 PARAMETER DEFINITIONS:
    NO.   NAME         VALUE      STEP SIZE      LIMITS
     1 norm         5.58931e+05  1.00000e-01     no limits
     2 Q            5.65006e-01  1.00000e-01     no limits
     3 theta       -7.50281e-05  1.00000e-01     no limits
     4 pileup       9.99855e-04  1.00000e-01     no limits
 **********
 **    3 **MIGRAD
 **********
 FIRST CALL TO USER FUNCTION AT NEW START POINT, WITH IFLAG=4.
 START MIGRAD MINIMIZATION.  STRATEGY  1.  CONVERGENCE WHEN EDM .LT. 1.00e-04
 FCN=-2.3786e+11 FROM MIGRAD    STATUS=INITIATE       14 CALLS         359 TOTAL
                     EDM= unknown      STRATEGY= 1      NO ERROR MATRIX       
  EXT PARAMETER               CURRENT GUESS       STEP         FIRST   
  NO.   NAME      VALUE            ERROR          SIZE      DERIVATIVE 
   1  norm         5.58931e+05   1.00000e-01   1.00000e-01   2.02558e-02
   2  Q            5.65006e-01   1.00000e-01   1.00000e-01   6.48479e+06
   3  theta       -7.50281e-05   1.00000e-01   1.00000e-01  -4.98869e+02
   4  pileup       9.99855e-04   1.00000e-01   1.00000e-01  -9.18071e+11
 MIGRAD FAILS TO FIND IMPROVEMENT
 COVARIANCE MATRIX CALCULATED SUCCESSFULLY
 FCN=-2.3786e+11 FROM HESSE     STATUS=OK             29 CALLS         399 TOTAL
                     EDM=0.337028    STRATEGY= 1      ERROR MATRIX ACCURATE 
  EXT PARAMETER                                   STEP         FIRST   
  NO.   NAME      VALUE            ERROR          SIZE      DERIVATIVE 
   1  norm         5.58931e+05   7.80567e+01   2.66519e+00   2.02959e-02
   2  Q            5.65006e-01   7.34542e-06   1.00000e-03   6.05590e+04
   3  theta       -7.50281e-05   6.38430e-03   1.00000e-01  -1.56403e+00
   4  pileup       9.99855e-04   9.24334e-08   1.00000e-02   1.53222e+06
 MIGRAD FAILS TO FIND IMPROVEMENT
 MIGRAD TERMINATED WITHOUT CONVERGENCE.
 FCN=-2.3786e+11 FROM MIGRAD    STATUS=FAILED         93 CALLS         438 TOTAL
                     EDM=2.96377e+06    STRATEGY= 1  ERROR MATRIX UNCERTAINTY 100.0 per cent
  EXT PARAMETER                APPROXIMATE        STEP         FIRST   
  NO.   NAME      VALUE            ERROR          SIZE      DERIVATIVE 
   1  norm         5.58931e+05   9.21238e+00  -0.00000e+00  -2.34161e-03
   2  Q            5.65006e-01   5.45683e-09  -0.00000e+00   4.78150e+08
   3  theta       -9.89035e-06   9.78632e-04  -0.00000e+00  -1.12147e+03
   4  pileup       9.99855e-04   8.68488e-09   0.00000e+00  -2.69993e+07
 EXTERNAL ERROR MATRIX.    NDIM=  25    NPAR=  4    ERR DEF=1
  8.487e+01  1.284e-08  5.472e-03 -6.164e-08 
  1.284e-08  2.978e-17  2.265e-12 -1.003e-17 
  5.472e-03  2.265e-12  9.577e-07 -4.216e-12 
 -6.164e-08 -1.003e-17 -4.216e-12  7.543e-17 
ERR MATRIX APPROXIMATE
 PARAMETER  CORRELATION COEFFICIENTS  
       NO.  GLOBAL      1      2      3      4
        1  0.81281   1.000  0.255  0.607 -0.770
        2  0.42418   0.255  1.000  0.424 -0.212
        3  0.66880   0.607  0.424  1.000 -0.496
        4  0.77130  -0.770 -0.212 -0.496  1.000
 ERR MATRIX APPROXIMATE
 **********
 **    4 **MIGRAD 
 **********
 START MIGRAD MINIMIZATION.  STRATEGY  1.  CONVERGENCE WHEN EDM .LT. 1.00e-04
 FCN=-2.3786e+11 FROM MIGRAD    STATUS=INITIATE       12 CALLS         450 TOTAL
                     EDM=0.373765    STRATEGY= 1  ERROR MATRIX UNCERTAINTY 100.0 per cent
  EXT PARAMETER                APPROXIMATE        STEP         FIRST   
  NO.   NAME      VALUE            ERROR          SIZE      DERIVATIVE 
   1  norm         5.58931e+05   9.21238e+00  -0.00000e+00  -8.44420e-03
   2  Q            5.65006e-01   5.45683e-09  -0.00000e+00  -9.31903e+03
   3  theta       -9.89035e-06   9.78632e-04  -0.00000e+00  -1.35319e+01
   4  pileup       9.99855e-04   8.68488e-09   0.00000e+00  -2.69995e+07
 MIGRAD FAILS TO FIND IMPROVEMENT
 MACHINE ACCURACY LIMITS FURTHER IMPROVEMENT.
 MIGRAD MINIMIZATION HAS CONVERGED.
 MIGRAD WILL VERIFY CONVERGENCE AND ERROR MATRIX.
 EIGENVALUES OF SECOND-DERIVATIVE MATRIX:
        -2.4418e-02  4.8553e-01  6.6362e-01  2.8753e+00
 MINUIT WARNING IN HESSE   
 ============== MATRIX FORCED POS-DEF BY ADDING 0.027293 TO DIAGONAL.
 FCN=-2.3786e+11 FROM HESSE     STATUS=NOT POSDEF     31 CALLS         515 TOTAL
                     EDM=0.00738138    STRATEGY= 1      ERR MATRIX NOT POS-DEF
  EXT PARAMETER                APPROXIMATE        STEP         FIRST   
  NO.   NAME      VALUE            ERROR          SIZE      DERIVATIVE 
   1  norm         5.58931e+05   9.33085e+00   1.72572e+03  -2.38645e-03
   2  Q            5.65006e-01   5.19123e-06   5.54966e-04  -9.41364e+03
   3  theta       -9.89448e-06   2.48919e-03   4.05344e-01  -3.81979e-01
   4  pileup       9.99855e-04   1.04879e-07   2.09856e-05   1.43506e+06
 MINUIT WARNING IN MIGRAD  
 ============== Negative diagonal element 2 in Error Matrix
 MINUIT WARNING IN MIGRAD  
 ============== 1 added to diagonal of error matrix
 MIGRAD FAILS TO FIND IMPROVEMENT
 MIGRAD TERMINATED WITHOUT CONVERGENCE.
 FCN=-2.3786e+11 FROM MIGRAD    STATUS=FAILED        116 CALLS         554 TOTAL
                     EDM=1.06736e+06    STRATEGY= 1      ERR MATRIX NOT POS-DEF
  EXT PARAMETER                APPROXIMATE        STEP         FIRST   
  NO.   NAME      VALUE            ERROR          SIZE      DERIVATIVE 
   1  norm         5.58931e+05   8.84869e+00   0.00000e+00  -6.11848e-02
   2  Q            5.65006e-01   1.00000e+00  -0.00000e+00   4.78144e+08
   3  theta        8.72894e-06   1.00000e+00  -0.00000e+00   1.04980e+03
   4  pileup       9.99852e-04   1.00000e+00   0.00000e+00  -2.74653e+07
 EXTERNAL ERROR MATRIX.    NDIM=  25    NPAR=  4    ERR DEF=1
  7.830e+01  7.511e-09  1.173e-03  6.978e-09 
  7.511e-09  1.000e+00  5.893e-14  9.198e-17 
  1.173e-03  5.893e-14  1.000e+00  2.552e-12 
  6.978e-09  9.198e-17  2.552e-12  1.000e+00 
ERR MATRIX NOT POS-DEF
 PARAMETER  CORRELATION COEFFICIENTS  
       NO.  GLOBAL      1      2      3      4
        1  0.00013   1.000  0.000  0.000  0.000
        2  0.00000   0.000  1.000  0.000  0.000
        3  0.00013   0.000  0.000  1.000  0.000
        4  0.00000   0.000  0.000  0.000  1.000
 ERR MATRIX NOT POS-DEF
status of the fit-----000------4
1  558931
2  0.565006
3  8.72894e-06
4  0.000999852
 PARAMETER DEFINITIONS:
    NO.   NAME         VALUE      STEP SIZE      LIMITS
     1 norm         5.58931e+05  1.00000e-01     no limits
     2 Q            5.65006e-01  1.00000e-01     no limits
     3 theta        8.72894e-06  1.00000e-01     no limits
     4 pileup       9.99852e-04  1.00000e-01     no limits
 **********
 **    5 **MIGRAD
 **********
 FIRST CALL TO USER FUNCTION AT NEW START POINT, WITH IFLAG=4.
 START MIGRAD MINIMIZATION.  STRATEGY  1.  CONVERGENCE WHEN EDM .LT. 1.00e-04
 FCN=-2.3786e+11 FROM MIGRAD    STATUS=INITIATE       14 CALLS         569 TOTAL
                     EDM= unknown      STRATEGY= 1      NO ERROR MATRIX       
  EXT PARAMETER               CURRENT GUESS       STEP         FIRST   
  NO.   NAME      VALUE            ERROR          SIZE      DERIVATIVE 
   1  norm         5.58931e+05   1.00000e-01   1.00000e-01   3.43513e-03
   2  Q            5.65006e-01   1.00000e-01   1.00000e-01   6.20080e+06
   3  theta        8.72894e-06   1.00000e-01   1.00000e-01   5.80600e+01
   4  pileup       9.99852e-04   1.00000e-01   1.00000e-01  -9.18071e+11
 MIGRAD FAILS TO FIND IMPROVEMENT
 COVARIANCE MATRIX CALCULATED SUCCESSFULLY
 FCN=-2.3786e+11 FROM HESSE     STATUS=OK             29 CALLS         609 TOTAL
                     EDM=0.0124695    STRATEGY= 1      ERROR MATRIX ACCURATE 
  EXT PARAMETER                                   STEP         FIRST   
  NO.   NAME      VALUE            ERROR          SIZE      DERIVATIVE 
   1  norm         5.58931e+05   7.75267e+01   2.66519e+00   3.63551e-03
   2  Q            5.65006e-01   7.32781e-06   1.00000e-03   8.34433e+03
   3  theta        8.72894e-06   6.39796e-03   1.00000e-01   1.94550e-01
   4  pileup       9.99852e-04   9.24336e-08   1.00000e-02   4.25752e+05
 MIGRAD FAILS TO FIND IMPROVEMENT
 MACHINE ACCURACY LIMITS FURTHER IMPROVEMENT.
 MIGRAD MINIMIZATION HAS CONVERGED.
 FCN=-2.3786e+11 FROM MIGRAD    STATUS=CONVERGED      78 CALLS         633 TOTAL
                     EDM=1.75602    STRATEGY= 1  ERROR MATRIX UNCERTAINTY   0.0 per cent
  EXT PARAMETER                                   STEP         FIRST   
  NO.   NAME      VALUE            ERROR          SIZE      DERIVATIVE 
   1  norm         5.58931e+05   7.74548e+01  -0.00000e+00   2.07539e-03
   2  Q            5.65006e-01   7.31449e-06   0.00000e+00   4.14823e+03
   3  theta        1.27521e-05   6.39309e-03   0.00000e+00   1.36612e+01
   4  pileup       9.99852e-04   6.04585e-09   0.00000e+00  -2.86653e+07
 EXTERNAL ERROR MATRIX.    NDIM=  25    NPAR=  4    ERR DEF=1
  5.999e+03 -5.626e-04 -4.803e-01 -4.594e-07 
 -5.626e-04  5.350e-11  4.621e-08  4.352e-14 
 -4.803e-01  4.621e-08  4.087e-05  3.774e-11 
 -4.594e-07  4.352e-14  3.774e-11  3.655e-17 
 PARAMETER  CORRELATION COEFFICIENTS  
       NO.  GLOBAL      1      2      3      4
        1  0.99619   1.000 -0.993 -0.970 -0.981
        2  0.99826  -0.993  1.000  0.988  0.984
        3  0.99348  -0.970  0.988  1.000  0.976
        4  0.98642  -0.981  0.984  0.976  1.000
 **********
 **    6 **MIGRAD 
 **********
 START MIGRAD MINIMIZATION.  STRATEGY  1.  CONVERGENCE WHEN EDM .LT. 1.00e-04
 FCN=-2.3786e+11 FROM MIGRAD    STATUS=INITIATE       12 CALLS         645 TOTAL
                     EDM=3.07748e+06    STRATEGY= 1  ERROR MATRIX UNCERTAINTY   0.0 per cent
  EXT PARAMETER                                   STEP         FIRST   
  NO.   NAME      VALUE            ERROR          SIZE      DERIVATIVE 
   1  norm         5.58931e+05   7.74548e+01  -0.00000e+00   1.99696e-03
   2  Q            5.65006e-01   7.31449e-06   0.00000e+00   4.78131e+08
   3  theta        1.27521e-05   6.39309e-03   0.00000e+00   1.44596e+03
   4  pileup       9.99852e-04   6.04585e-09   0.00000e+00  -2.75025e+07
 MIGRAD FAILS TO FIND IMPROVEMENT
 EIGENVALUES OF SECOND-DERIVATIVE MATRIX:
        -2.5144e-02  4.8647e-01  6.6280e-01  2.8759e+00
 MINUIT WARNING IN HESSE   
 ============== MATRIX FORCED POS-DEF BY ADDING 0.028020 TO DIAGONAL.
 FCN=-2.3786e+11 FROM HESSE     STATUS=NOT POSDEF     29 CALLS         685 TOTAL
                     EDM=0.002405    STRATEGY= 1      ERR MATRIX NOT POS-DEF
  EXT PARAMETER                APPROXIMATE        STEP         FIRST   
  NO.   NAME      VALUE            ERROR          SIZE      DERIVATIVE 
   1  norm         5.58931e+05   9.35658e+00   5.33038e+01   2.06108e-03
   2  Q            5.65006e-01   5.19053e-06   5.54966e-04   4.05601e+03
   3  theta        1.27521e-05   2.52375e-03   4.00000e-01   5.10217e-01
   4  pileup       9.99852e-04   1.04958e-07   2.09855e-05   9.32192e+05
 EIGENVALUES OF SECOND-DERIVATIVE MATRIX:
        -3.8629e-01  4.2936e-01  1.5478e+00  2.4092e+00
 MINUIT WARNING IN MIGRAD  
 ============== MATRIX FORCED POS-DEF BY ADDING 0.388702 TO DIAGONAL.
 MIGRAD FAILS TO FIND IMPROVEMENT
 MACHINE ACCURACY LIMITS FURTHER IMPROVEMENT.
 MIGRAD MINIMIZATION HAS CONVERGED.
 MIGRAD WILL VERIFY CONVERGENCE AND ERROR MATRIX.
 EIGENVALUES OF SECOND-DERIVATIVE MATRIX:
        -2.7275e-04  3.8451e-01  8.5229e-01  2.7635e+00
 MINUIT WARNING IN HESSE   
 ============== MATRIX FORCED POS-DEF BY ADDING 0.003036 TO DIAGONAL.
 MIGRAD TERMINATED WITHOUT CONVERGENCE.
 FCN=-2.3786e+11 FROM MIGRAD    STATUS=FAILED        142 CALLS         775 TOTAL
                     EDM=0.00322047    STRATEGY= 1      ERR MATRIX NOT POS-DEF
  EXT PARAMETER                APPROXIMATE        STEP         FIRST   
  NO.   NAME      VALUE            ERROR          SIZE      DERIVATIVE 
   1  norm         5.58931e+05   9.74269e+01   1.72572e+03  -3.79101e-03
   2  Q            5.65006e-01   3.14310e-05   9.42492e-05  -1.38464e+04
   3  theta        1.66497e-06   2.40196e-03   4.46712e-02   9.39344e-02
   4  pileup       9.99850e-04   1.03295e-07   2.09855e-05   2.39783e+05
 EXTERNAL ERROR MATRIX.    NDIM=  25    NPAR=  4    ERR DEF=1
  9.492e+03 -3.049e-03 -4.802e-03  8.284e-08 
 -3.049e-03  9.879e-10  5.373e-09 -3.520e-14 
 -4.802e-03  5.373e-09  5.769e-06  1.052e-10 
  8.284e-08 -3.520e-14  1.052e-10  1.067e-14 
ERR MATRIX NOT POS-DEF
 PARAMETER  CORRELATION COEFFICIENTS  
       NO.  GLOBAL      1      2      3      4
        1  0.99724   1.000 -0.996 -0.021  0.008
        2  0.99726  -0.996  1.000  0.071 -0.011
        3  0.69805  -0.021  0.071  1.000  0.424
        4  0.52382   0.008 -0.011  0.424  1.000
 ERR MATRIX NOT POS-DEF
status of the fit-----000------4
1  558931
2  0.565006
3  1.66497e-06
4  0.00099985
 **********
 **   25 **SET PRINT           2
 **********
 **********
 **   26 **SET NOGRAD
 **********
 PARAMETER DEFINITIONS:
    NO.   NAME         VALUE      STEP SIZE      LIMITS
     1 p0           5.58000e+05  1.67400e+05     no limits
     2 p1           5.65000e-01  1.69500e-01     no limits
     3 p2           0.00000e+00  3.00000e-01     no limits
     4 p3           9.99871e-04  2.99961e-04     no limits
 **********
 **   27 **SET ERR         0.5
 **********
 **********
 **   28 **SET PRINT           2
 **********
 **********
 **   29 **SET STR           1
 **********
 NOW USING STRATEGY  1: TRY TO BALANCE SPEED AGAINST RELIABILITY
 **********
 **   30 **MIGRAD        1480        0.01
 **********
 FIRST CALL TO USER FUNCTION AT NEW START POINT, WITH IFLAG=4.
 START MIGRAD MINIMIZATION.  STRATEGY  1.  CONVERGENCE WHEN EDM .LT. 1.00e-05
 FCN=17068.1 FROM MIGRAD    STATUS=INITIATE       18 CALLS          19 TOTAL
                     EDM= unknown      STRATEGY= 1      NO ERROR MATRIX       
  EXT PARAMETER               CURRENT GUESS       STEP         FIRST   
  NO.   NAME      VALUE            ERROR          SIZE      DERIVATIVE 
   1  p0           5.58000e+05   1.67400e+05   1.67400e+05  -3.60150e+01
   2  p1           5.65000e-01   1.69500e-01   1.69500e-01  -1.11792e+08
   3  p2           0.00000e+00   3.00000e-01   3.00000e-01   0.00000e+00
   4  p3           9.99871e-04   2.99961e-04   2.99961e-04  -9.52162e+08
                               ERR DEF= 0.5
NO ERROR MATRIX       
 FCN=515.249 FROM MIGRAD    STATUS=PROGRESS       34 CALLS          35 TOTAL
                     EDM=1457.05    STRATEGY= 1      NO ERROR MATRIX       
  EXT PARAMETER               CURRENT GUESS       STEP         FIRST   
  NO.   NAME      VALUE            ERROR          SIZE      DERIVATIVE 
   1  p0           5.58437e+05   1.67400e+05   4.36834e+02  -8.30268e-01
   2  p1           5.65141e-01   1.69500e-01   1.40861e-04  -2.54752e+06
   3  p2           0.00000e+00   3.00000e-01  -0.00000e+00   0.00000e+00
   4  p3           1.00158e-03   2.99961e-04   1.71239e-06   4.22522e+08
                               ERR DEF= 0.5
 FCN=68.6561 FROM MIGRAD    STATUS=PROGRESS      145 CALLS         146 TOTAL
                     EDM=4.85991e-07    STRATEGY= 1  ERROR MATRIX UNCERTAINTY  15.2 per cent
  EXT PARAMETER                APPROXIMATE        STEP         FIRST   
  NO.   NAME      VALUE            ERROR          SIZE      DERIVATIVE 
   1  p0           5.59718e+05   9.91896e+02   3.94977e+00  -4.71719e-05
   2  p1           5.64753e-01   3.18612e-04  -1.25126e-06  -1.44386e+02
   3  p2           0.00000e+00   4.94574e-04  -0.00000e+00   0.00000e+00
   4  p3           9.99648e-04   6.92885e-08   3.91071e-10   7.93489e+02
                               ERR DEF= 0.5
 MIGRAD MINIMIZATION HAS CONVERGED.
 MIGRAD WILL VERIFY CONVERGENCE AND ERROR MATRIX.
   START COVARIANCE MATRIX CALCULATION.
 EIGENVALUES OF SECOND-DERIVATIVE MATRIX:
         1.9689e-03  7.9814e-01  1.0065e+00  2.1934e+00
 COVARIANCE MATRIX CALCULATED SUCCESSFULLY
 FCN=68.6561 FROM MIGRAD    STATUS=CONVERGED     172 CALLS         173 TOTAL
                     EDM=9.49647e-07    STRATEGY= 1      ERROR MATRIX ACCURATE 
  EXT PARAMETER                                   STEP         FIRST   
  NO.   NAME      VALUE            ERROR          SIZE      DERIVATIVE 
   1  p0           5.59718e+05   8.16151e+01   2.66894e-01  -5.38850e-05
   2  p1           5.64753e-01   2.62985e-05   2.69295e-07  -1.49994e+02
   3  p2           0.00000e+00   9.06650e-03   5.35011e-05   0.00000e+00
   4  p3           9.99648e-04   6.78204e-08   4.76669e-10   1.15358e+04
                               ERR DEF= 0.5
 EXTERNAL ERROR MATRIX.    NDIM=  25    NPAR=  4    ERR DEF=0.5
  6.661e+03 -2.142e-03  9.553e-02  6.645e-07 
 -2.142e-03  6.916e-10 -3.034e-08 -2.545e-13 
  9.553e-02 -3.034e-08  8.220e-05 -1.237e-11 
  6.645e-07 -2.545e-13 -1.237e-11  4.600e-15 
 PARAMETER  CORRELATION COEFFICIENTS  
       NO.  GLOBAL      1      2      3      4
        1  0.99803   1.000 -0.998  0.129  0.120
        2  0.99804  -0.998  1.000 -0.127 -0.143
        3  0.13454   0.129 -0.127  1.000 -0.020
        4  0.36493   0.120 -0.143 -0.020  1.000
 EXTERNAL ERROR MATRIX.    NDIM=   4    NPAR=  4    ERR DEF=0.5
  6.661e+03 -2.142e-03  9.553e-02  6.645e-07 
 -2.142e-03  6.916e-10 -3.034e-08 -2.545e-13 
  9.553e-02 -3.034e-08  8.220e-05 -1.237e-11 
  6.645e-07 -2.545e-13 -1.237e-11  4.600e-15 
 FCN=68.6561 FROM MIGRAD    STATUS=CONVERGED     172 CALLS         173 TOTAL
                     EDM=9.49647e-07    STRATEGY= 1      ERROR MATRIX ACCURATE 
  EXT PARAMETER                  PARABOLIC         MINOS ERRORS        
  NO.   NAME      VALUE            ERROR      NEGATIVE      POSITIVE   
   1  p0           5.59718e+05   8.16151e+01                            
   2  p1           5.64753e-01   2.62985e-05                            
   3  p2           0.00000e+00   9.06650e-03                            
   4  p3           9.99648e-04   6.78204e-08                            
                               ERR DEF= 0.5
------------------------------------------
Enering ROOFIt-------
 PARAMETER DEFINITIONS:
    NO.   NAME         VALUE      STEP SIZE      LIMITS
     1 norm         5.59718e+05  1.00000e-01     no limits
     2 Q            5.65000e-01  1.00000e-01     no limits
     3 theta        0.00000e+00  1.00000e-01     no limits
     4 pileup       9.99648e-04  1.00000e-01     no limits
 **********
 **    1 **MIGRAD
 **********
 FIRST CALL TO USER FUNCTION AT NEW START POINT, WITH IFLAG=4.
 START MIGRAD MINIMIZATION.  STRATEGY  1.  CONVERGENCE WHEN EDM .LT. 1.00e-04
 FCN=-2.37857e+11 FROM MIGRAD    STATUS=INITIATE       36 CALLS          37 TOTAL
                     EDM= unknown      STRATEGY= 1      NO ERROR MATRIX       
  EXT PARAMETER               CURRENT GUESS       STEP         FIRST   
  NO.   NAME      VALUE            ERROR          SIZE      DERIVATIVE 
   1  norm         5.59718e+05   1.00000e-01   0.00000e+00   1.82848e+01
   2  Q            5.65000e-01   1.00000e-01   0.00000e+00   5.67489e+07
   3  theta        7.05956e-02   1.00000e-01   7.05956e-02   4.67882e+05
   4  pileup       9.99648e-04   1.00000e-01   0.00000e+00   1.47462e+07
 MIGRAD FAILS TO FIND IMPROVEMENT
 MACHINE ACCURACY LIMITS FURTHER IMPROVEMENT.
 MIGRAD MINIMIZATION HAS CONVERGED.
 FCN=-2.37857e+11 FROM MIGRAD    STATUS=CONVERGED     159 CALLS         160 TOTAL
                     EDM=1496.1    STRATEGY= 1  ERROR MATRIX UNCERTAINTY   1.6 per cent
  EXT PARAMETER                                   STEP         FIRST   
  NO.   NAME      VALUE            ERROR          SIZE      DERIVATIVE 
   1  norm         5.59251e+05   7.28397e+00  -0.00000e+00   3.31975e-01
   2  Q            5.64907e-01   1.11164e-08  -0.00000e+00   1.23077e+06
   3  theta        1.01428e-02   3.55575e-04  -0.00000e+00   1.50786e+05
   4  pileup       9.99801e-04   8.80336e-08   0.00000e+00   9.78627e+06
 EXTERNAL ERROR MATRIX.    NDIM=  25    NPAR=  4    ERR DEF=1
  5.306e+01  3.775e-09 -7.757e-05 -1.388e-09 
  3.775e-09  1.236e-16  3.635e-12  4.321e-17 
 -7.757e-05  3.635e-12  1.264e-07 -5.489e-13 
 -1.388e-09  4.321e-17 -5.489e-13  7.750e-15 
 PARAMETER  CORRELATION COEFFICIENTS  
       NO.  GLOBAL      1      2      3      4
        1  0.19387   1.000  0.047 -0.030 -0.002
        2  0.92463   0.047  1.000  0.920  0.044
        3  0.92440  -0.030  0.920  1.000 -0.018
        4  0.15782  -0.002  0.044 -0.018  1.000
 **********
 **    2 **MIGRAD 
 **********
 START MIGRAD MINIMIZATION.  STRATEGY  1.  CONVERGENCE WHEN EDM .LT. 1.00e-04
 FCN=-2.37857e+11 FROM MIGRAD    STATUS=INITIATE       12 CALLS         172 TOTAL
                     EDM=86.1617    STRATEGY= 1  ERROR MATRIX UNCERTAINTY   1.6 per cent
  EXT PARAMETER                                   STEP         FIRST   
  NO.   NAME      VALUE            ERROR          SIZE      DERIVATIVE 
   1  norm         5.59251e+05   7.28397e+00  -0.00000e+00   3.31984e-01
   2  Q            5.64907e-01   1.11164e-08  -0.00000e+00  -4.06274e+09
   3  theta        1.01428e-02   3.55575e-04  -0.00000e+00   1.02066e+05
   4  pileup       9.99801e-04   8.80336e-08   0.00000e+00   9.79922e+06
 MIGRAD FAILS TO FIND IMPROVEMENT
 MACHINE ACCURACY LIMITS FURTHER IMPROVEMENT.
 MIGRAD MINIMIZATION HAS CONVERGED.
 FCN=-2.37857e+11 FROM MIGRAD    STATUS=CONVERGED      23 CALLS         183 TOTAL
                     EDM=86.1617    STRATEGY= 1  ERROR MATRIX UNCERTAINTY   1.6 per cent
  EXT PARAMETER                                   STEP         FIRST   
  NO.   NAME      VALUE            ERROR          SIZE      DERIVATIVE 
   1  norm         5.59251e+05   7.28397e+00   0.00000e+00   3.31984e-01
   2  Q            5.64907e-01   1.11164e-08   0.00000e+00  -4.06274e+09
   3  theta        1.01428e-02   3.55575e-04   0.00000e+00   1.02066e+05
   4  pileup       9.99801e-04   8.80336e-08   0.00000e+00   9.79922e+06
 EXTERNAL ERROR MATRIX.    NDIM=  25    NPAR=  4    ERR DEF=1
  5.306e+01  3.775e-09 -7.757e-05 -1.388e-09 
  3.775e-09  1.236e-16  3.635e-12  4.321e-17 
 -7.757e-05  3.635e-12  1.264e-07 -5.489e-13 
 -1.388e-09  4.321e-17 -5.489e-13  7.750e-15 
 PARAMETER  CORRELATION COEFFICIENTS  
       NO.  GLOBAL      1      2      3      4
        1  0.19387   1.000  0.047 -0.030 -0.002
        2  0.92463   0.047  1.000  0.920  0.044
        3  0.92440  -0.030  0.920  1.000 -0.018
        4  0.15782  -0.002  0.044 -0.018  1.000
status of the fit-----000------0
1  559251
2  0.564907
3  0.0101428
4  0.000999801
