  *******************************************
  *                                         *
  *        W E L C O M E  to  R O O T       *
  *                                         *
  *   Version   5.34/36      5 April 2016   *
  *                                         *
  *  You are welcome to visit our Web site  *
  *          http://root.cern.ch            *
  *                                         *
  *******************************************

ROOT 5.34/36 (v5-34-36@v5-34-36, Apr 05 2016, 10:25:45 on linuxx8664gcc)

CINT/ROOT C/C++ Interpreter version 5.18.00, July 2, 2010
Type ? for help. Commands must be C++ statements.
Enclose multiple statements between { }.
Loading root init file.
The rat/rootinit.C file loaded the DEAP style for you, which is available from the fStyle pointer.
DEAP style applied. 
RAT: Libraries loaded.

Processing /home/fatemigh/projects/rpp-jillings/fatemigh/sterile/Likelihood/LikelihoodSterile_modified6.C+(30)...
pased here
566 lines read from file
31
spec_E  566
Before entering fitting
 **********
 **    1 **SET PRINT           2
 **********
 **********
 **    2 **SET NOGRAD
 **********
 PARAMETER DEFINITIONS:
    NO.   NAME         VALUE      STEP SIZE      LIMITS
     1 p0           5.58000e+05  1.67400e+05     no limits
     2 p1           5.65000e-01  1.69500e-01     no limits
     3 p2           0.00000e+00  3.00000e-01     no limits
     4 p3           9.99871e-04  2.99961e-04     no limits
 **********
 **    3 **SET ERR         0.5
 **********
 **********
 **    4 **SET PRINT           2
 **********
 **********
 **    5 **SET STR           1
 **********
 NOW USING STRATEGY  1: TRY TO BALANCE SPEED AGAINST RELIABILITY
 **********
 **    6 **MIGRAD        1480        0.01
 **********
 FIRST CALL TO USER FUNCTION AT NEW START POINT, WITH IFLAG=4.
 START MIGRAD MINIMIZATION.  STRATEGY  1.  CONVERGENCE WHEN EDM .LT. 1.00e-05
 FCN=17841.5 FROM MIGRAD    STATUS=INITIATE       18 CALLS          19 TOTAL
                     EDM= unknown      STRATEGY= 1      NO ERROR MATRIX       
  EXT PARAMETER               CURRENT GUESS       STEP         FIRST   
  NO.   NAME      VALUE            ERROR          SIZE      DERIVATIVE 
   1  p0           5.58000e+05   1.67400e+05   1.67400e+05  -3.68207e+01
   2  p1           5.65000e-01   1.69500e-01   1.69500e-01  -1.14298e+08
   3  p2           0.00000e+00   3.00000e-01   3.00000e-01   2.10303e+06
   4  p3           9.99871e-04   2.99961e-04   2.99961e-04  -9.99261e+08
                               ERR DEF= 0.5
NO ERROR MATRIX       
 FCN=1382.63 FROM MIGRAD    STATUS=PROGRESS       36 CALLS          37 TOTAL
                     EDM=4151.13    STRATEGY= 1      NO ERROR MATRIX       
  EXT PARAMETER               CURRENT GUESS       STEP         FIRST   
  NO.   NAME      VALUE            ERROR          SIZE      DERIVATIVE 
   1  p0           5.58360e+05   1.67400e+05   3.60345e+02  -2.56260e+00
   2  p1           5.65116e-01   1.69500e-01   1.16204e-04  -7.89638e+06
   3  p2          -2.37916e-03   3.00000e-01  -2.37916e-03  -4.85857e+05
   4  p3           1.00132e-03   2.99961e-04   1.44992e-06   5.12670e+08
                               ERR DEF= 0.5
 MIGRAD MINIMIZATION HAS CONVERGED.
 MIGRAD WILL VERIFY CONVERGENCE AND ERROR MATRIX.
   START COVARIANCE MATRIX CALCULATION.
 EIGENVALUES OF SECOND-DERIVATIVE MATRIX:
         7.7173e-05  3.7136e-01  8.3441e-01  2.7942e+00
 COVARIANCE MATRIX CALCULATED SUCCESSFULLY
 FCN=78.1815 FROM HESSE     STATUS=OK             31 CALLS         101 TOTAL
                     EDM=2.30136e-05    STRATEGY= 1      ERROR MATRIX ACCURATE 
  EXT PARAMETER                                   STEP         FIRST   
  NO.   NAME      VALUE            ERROR          SIZE      DERIVATIVE 
   1  p0           5.58485e+05   4.13322e+02   2.66306e-01  -5.72716e-06
   2  p1           5.65156e-01   1.32256e-04   2.69487e-07  -2.13290e+01
   3  p2           1.65666e-05   9.88197e-05   3.34016e-07   6.40758e+01
   4  p3           9.99739e-04   7.76673e-08   4.76713e-10   4.85846e+03
                               ERR DEF= 0.5
 PARAMETER  CORRELATION COEFFICIENTS  
       NO.  GLOBAL      1      2      3      4
        1  0.99992   1.000 -1.000  0.583  0.301
        2  0.99992  -1.000  1.000 -0.576 -0.302
        3  0.82047   0.583 -0.576  1.000  0.501
        4  0.58416   0.301 -0.302  0.501  1.000
 FCN=78.1815 FROM MIGRAD    STATUS=PROGRESS      117 CALLS         118 TOTAL
                     EDM=7.3363e-07    STRATEGY= 1      ERROR MATRIX ACCURATE 
  EXT PARAMETER                                   STEP         FIRST   
  NO.   NAME      VALUE            ERROR          SIZE      DERIVATIVE 
   1  p0           5.58485e+05   4.13322e+02  -1.96821e-02  -6.23181e-06
   2  p1           5.65156e-01   1.32256e-04   6.22961e-09  -1.37558e+01
   3  p2           1.65591e-05   9.88197e-05  -7.47207e-09  -7.09496e+00
   4  p3           9.99739e-04   7.76673e-08  -3.20056e-12   3.39064e+03
                               ERR DEF= 0.5
 MIGRAD MINIMIZATION HAS CONVERGED.
 FCN=78.1815 FROM MIGRAD    STATUS=CONVERGED     117 CALLS         118 TOTAL
                     EDM=7.3363e-07    STRATEGY= 1  ERROR MATRIX UNCERTAINTY  21.3 per cent
  EXT PARAMETER                                   STEP         FIRST   
  NO.   NAME      VALUE            ERROR          SIZE      DERIVATIVE 
   1  p0           5.58485e+05   3.03777e+02  -1.96821e-02  -6.23181e-06
   2  p1           5.65156e-01   9.80018e-05   6.22961e-09  -1.37558e+01
   3  p2           1.65591e-05   1.58383e-05  -7.47207e-09  -7.09496e+00
   4  p3           9.99739e-04   6.69516e-08  -3.20056e-12   3.39064e+03
                               ERR DEF= 0.5
 EXTERNAL ERROR MATRIX.    NDIM=  25    NPAR=  4    ERR DEF=0.5
  9.228e+04 -2.977e-02 -3.517e-03 -1.362e-06 
 -2.977e-02  9.604e-09  1.137e-09  3.980e-13 
 -3.517e-03  1.137e-09  2.509e-10  4.529e-15 
 -1.362e-06  3.980e-13  4.529e-15  4.483e-15 
 PARAMETER  CORRELATION COEFFICIENTS  
       NO.  GLOBAL      1      2      3      4
        1  0.99986   1.000 -1.000 -0.731 -0.067
        2  0.99986  -1.000  1.000  0.733  0.061
        3  0.73810  -0.731  0.733  1.000  0.004
        4  0.35398  -0.067  0.061  0.004  1.000
 EXTERNAL ERROR MATRIX.    NDIM=   4    NPAR=  4    ERR DEF=0.5
  9.228e+04 -2.977e-02 -3.517e-03 -1.362e-06 
 -2.977e-02  9.604e-09  1.137e-09  3.980e-13 
 -3.517e-03  1.137e-09  2.509e-10  4.529e-15 
 -1.362e-06  3.980e-13  4.529e-15  4.483e-15 
 FCN=78.1815 FROM MIGRAD    STATUS=CONVERGED     117 CALLS         118 TOTAL
                     EDM=7.3363e-07    STRATEGY= 1  ERROR MATRIX UNCERTAINTY  21.3 per cent
  EXT PARAMETER                  PARABOLIC         MINOS ERRORS        
  NO.   NAME      VALUE            ERROR      NEGATIVE      POSITIVE   
   1  p0           5.58485e+05   3.03777e+02                            
   2  p1           5.65156e-01   9.80018e-05                            
   3  p2           1.65591e-05   1.58383e-05                            
   4  p3           9.99739e-04   6.69516e-08                            
                               ERR DEF= 0.5
------------------------------------------
Enering ROOFIt-------
 PARAMETER DEFINITIONS:
    NO.   NAME         VALUE      STEP SIZE      LIMITS
     1 norm         5.58485e+05  1.00000e-01     no limits
     2 Q            5.65000e-01  1.00000e-01     no limits
     3 theta        0.00000e+00  1.00000e-01     no limits
     4 pileup       9.99739e-04  1.00000e-01     no limits
 **********
 **    1 **MIGRAD
 **********
 FIRST CALL TO USER FUNCTION AT NEW START POINT, WITH IFLAG=4.
 START MIGRAD MINIMIZATION.  STRATEGY  1.  CONVERGENCE WHEN EDM .LT. 1.00e-04
 FCN=-2.37866e+11 FROM MIGRAD    STATUS=INITIATE       16 CALLS          17 TOTAL
                     EDM= unknown      STRATEGY= 1      NO ERROR MATRIX       
  EXT PARAMETER               CURRENT GUESS       STEP         FIRST   
  NO.   NAME      VALUE            ERROR          SIZE      DERIVATIVE 
   1  norm         5.58485e+05   1.00000e-01   1.00000e-01  -1.84505e+01
   2  Q            5.65000e-01   1.00000e-01   1.00000e-01  -2.76030e+08
   3  theta        0.00000e+00   1.00000e-01   1.00000e-01   1.07752e+06
   4  pileup       9.99739e-04   1.00000e-01   1.00000e-01  -9.18706e+11
 MIGRAD FAILS TO FIND IMPROVEMENT
 MACHINE ACCURACY LIMITS FURTHER IMPROVEMENT.
 MIGRAD MINIMIZATION HAS CONVERGED.
 FCN=-2.37866e+11 FROM MIGRAD    STATUS=CONVERGED     392 CALLS         393 TOTAL
                     EDM=0.806519    STRATEGY= 1  ERROR MATRIX UNCERTAINTY   4.9 per cent
  EXT PARAMETER                                   STEP         FIRST   
  NO.   NAME      VALUE            ERROR          SIZE      DERIVATIVE 
   1  norm         5.58963e+05   9.28123e+00  -0.00000e+00  -8.39324e-04
   2  Q            5.65001e-01   9.51895e-09   0.00000e+00   1.99620e+05
   3  theta       -5.04886e-05   1.11776e-04   0.00000e+00   8.50504e+02
   4  pileup       9.99767e-04   8.62433e-08   0.00000e+00  -1.61523e+07
 EXTERNAL ERROR MATRIX.    NDIM=  25    NPAR=  4    ERR DEF=1
  8.614e+01 -1.110e-08  6.132e-04 -2.509e-09 
 -1.110e-08  9.061e-17  1.905e-13  7.972e-16 
  6.132e-04  1.905e-13  1.249e-08  3.628e-12 
 -2.509e-09  7.972e-16  3.628e-12  7.438e-15 
 PARAMETER  CORRELATION COEFFICIENTS  
       NO.  GLOBAL      1      2      3      4
        1  0.64102   1.000 -0.126  0.591 -0.003
        2  0.99180  -0.126  1.000  0.179  0.971
        3  0.89559   0.591  0.179  1.000  0.376
        4  0.99278  -0.003  0.971  0.376  1.000
 **********
 **    2 **MIGRAD 
 **********
 START MIGRAD MINIMIZATION.  STRATEGY  1.  CONVERGENCE WHEN EDM .LT. 1.00e-04
 FCN=-2.37866e+11 FROM MIGRAD    STATUS=INITIATE       12 CALLS         405 TOTAL
                     EDM=0.0292387    STRATEGY= 1  ERROR MATRIX UNCERTAINTY   4.9 per cent
  EXT PARAMETER                                   STEP         FIRST   
  NO.   NAME      VALUE            ERROR          SIZE      DERIVATIVE 
   1  norm         5.58963e+05   9.28123e+00  -0.00000e+00  -8.37365e-04
   2  Q            5.65001e-01   9.51895e-09   0.00000e+00   1.20575e+08
   3  theta       -5.04886e-05   1.11776e-04   0.00000e+00   8.51517e+02
   4  pileup       9.99767e-04   8.62433e-08   0.00000e+00  -1.61469e+07
 MINUIT WARNING IN MIGRAD  
 ============== Negative diagonal element 2 in Error Matrix
 MINUIT WARNING IN MIGRAD  
 ============== Negative diagonal element 4 in Error Matrix
 MINUIT WARNING IN MIGRAD  
 ============== 1 added to diagonal of error matrix
 MIGRAD FAILS TO FIND IMPROVEMENT
 MACHINE ACCURACY LIMITS FURTHER IMPROVEMENT.
 MIGRAD MINIMIZATION HAS CONVERGED.
 FCN=-2.37866e+11 FROM MIGRAD    STATUS=CONVERGED      37 CALLS         430 TOTAL
                     EDM=0.420795    STRATEGY= 1  ERROR MATRIX UNCERTAINTY   5.7 per cent
  EXT PARAMETER                                   STEP         FIRST   
  NO.   NAME      VALUE            ERROR          SIZE      DERIVATIVE 
   1  norm         5.58964e+05   8.79403e+00  -0.00000e+00  -1.39616e-03
   2  Q            5.65001e-01   1.00000e+00  -0.00000e+00   1.97601e+05
   3  theta       -3.77445e-05   1.00000e+00  -0.00000e+00   2.50883e+03
   4  pileup       9.99777e-04   1.00000e+00   0.00000e+00  -1.49861e+07
 EXTERNAL ERROR MATRIX.    NDIM=  25    NPAR=  4    ERR DEF=1
  7.733e+01 -5.042e-10  4.635e-04  5.269e-08 
 -5.042e-10  1.000e+00 -1.009e-13 -1.879e-16 
  4.635e-04 -1.009e-13  1.000e+00  1.528e-13 
  5.269e-08 -1.879e-16  1.528e-13  1.000e+00 
 PARAMETER  CORRELATION COEFFICIENTS  
       NO.  GLOBAL      1      2      3      4
        1  0.00005   1.000 -0.000  0.000  0.000
        2  0.00000  -0.000  1.000 -0.000 -0.000
        3  0.00005   0.000 -0.000  1.000  0.000
        4  0.00000   0.000 -0.000  0.000  1.000
status of the fit-----000------0
1  558964
2  0.565001
3  -3.77445e-05
4  0.000999777
 PARAMETER DEFINITIONS:
    NO.   NAME         VALUE      STEP SIZE      LIMITS
     1 norm         5.58964e+05  1.00000e-01     no limits
     2 Q            5.65001e-01  1.00000e-01     no limits
     3 theta       -3.77445e-05  1.00000e-01     no limits
     4 pileup       9.99777e-04  1.00000e-01     no limits
 **********
 **    3 **MIGRAD
 **********
 FIRST CALL TO USER FUNCTION AT NEW START POINT, WITH IFLAG=4.
 START MIGRAD MINIMIZATION.  STRATEGY  1.  CONVERGENCE WHEN EDM .LT. 1.00e-04
 FCN=-2.37866e+11 FROM MIGRAD    STATUS=INITIATE       16 CALLS         447 TOTAL
                     EDM= unknown      STRATEGY= 1      NO ERROR MATRIX       
  EXT PARAMETER               CURRENT GUESS       STEP         FIRST   
  NO.   NAME      VALUE            ERROR          SIZE      DERIVATIVE 
   1  norm         5.58964e+05   1.00000e-01   1.00000e-01   6.32256e-02
   2  Q            5.65001e-01   1.00000e-01   1.00000e-01   7.98975e+06
   3  theta       -3.77445e-05   1.00000e-01   1.00000e-01   2.49305e+03
   4  pileup       9.99777e-04   1.00000e-01   1.00000e-01  -9.18045e+11
 MIGRAD FAILS TO FIND IMPROVEMENT
 COVARIANCE MATRIX CALCULATED SUCCESSFULLY
 FCN=-2.37866e+11 FROM HESSE     STATUS=OK             29 CALLS         487 TOTAL
                     EDM=318.401    STRATEGY= 1      ERROR MATRIX ACCURATE 
  EXT PARAMETER                                   STEP         FIRST   
  NO.   NAME      VALUE            ERROR          SIZE      DERIVATIVE 
   1  norm         5.58964e+05   2.32665e+02   2.66535e+00   6.33744e-02
   2  Q            5.65001e-01   2.22142e-05   1.00000e-03   1.97509e+05
   3  theta       -3.77445e-05   1.94193e-03   1.85102e-02  -1.30605e+04
   4  pileup       9.99777e-04   9.24500e-08   1.00000e-02   1.29033e+07
 MIGRAD FAILS TO FIND IMPROVEMENT
 MACHINE ACCURACY LIMITS FURTHER IMPROVEMENT.
 MIGRAD MINIMIZATION HAS CONVERGED.
 MIGRAD WILL VERIFY CONVERGENCE AND ERROR MATRIX.
 EIGENVALUES OF SECOND-DERIVATIVE MATRIX:
        -7.9249e-05  3.7285e-01  8.5093e-01  2.7763e+00
 MINUIT WARNING IN HESSE   
 ============== MATRIX FORCED POS-DEF BY ADDING 0.002856 TO DIAGONAL.
 MIGRAD TERMINATED WITHOUT CONVERGENCE.
 FCN=-2.37866e+11 FROM MIGRAD    STATUS=FAILED        106 CALLS         537 TOTAL
                     EDM=0.482472    STRATEGY= 1      ERR MATRIX NOT POS-DEF
  EXT PARAMETER                APPROXIMATE        STEP         FIRST   
  NO.   NAME      VALUE            ERROR          SIZE      DERIVATIVE 
   1  norm         5.58961e+05   9.68839e+01   5.33069e+00  -3.93299e-02
   2  Q            5.65001e-01   3.14528e-05   1.02991e-04  -1.21867e+05
   3  theta       -1.87389e-05   1.11401e-04   7.40409e-03  -3.30083e+03
   4  pileup       9.99777e-04   1.03946e-07   2.14100e-05   8.79227e+06
 EXTERNAL ERROR MATRIX.    NDIM=  25    NPAR=  4    ERR DEF=1
  9.386e+03 -3.034e-03 -1.520e-03 -5.696e-07 
 -3.034e-03  9.893e-10  6.744e-10  1.802e-13 
 -1.520e-03  6.744e-10  1.241e-08  5.049e-12 
 -5.696e-07  1.802e-13  5.049e-12  1.080e-14 
ERR MATRIX NOT POS-DEF
 PARAMETER  CORRELATION COEFFICIENTS  
       NO.  GLOBAL      1      2      3      4
        1  0.99721   1.000 -0.996 -0.141 -0.057
        2  0.99726  -0.996  1.000  0.192  0.055
        3  0.71698  -0.141  0.192  1.000  0.436
        4  0.53229  -0.057  0.055  0.436  1.000
 ERR MATRIX NOT POS-DEF
 **********
 **    4 **MIGRAD 
 **********
 START MIGRAD MINIMIZATION.  STRATEGY  1.  CONVERGENCE WHEN EDM .LT. 1.00e-04
 FCN=-2.37866e+11 FROM MIGRAD    STATUS=INITIATE        8 CALLS         545 TOTAL
                     EDM=0.107492    STRATEGY= 1      ERR MATRIX NOT POS-DEF
  EXT PARAMETER                APPROXIMATE        STEP         FIRST   
  NO.   NAME      VALUE            ERROR          SIZE      DERIVATIVE 
   1  norm         5.58961e+05   9.68839e+01   5.33069e+00  -3.92841e-02
   2  Q            5.65001e-01   3.14528e-05   1.02991e-04  -1.21461e+05
   3  theta       -1.87389e-05   1.11401e-04   7.40409e-03  -2.90652e+03
   4  pileup       9.99777e-04   1.03946e-07   2.14100e-05   4.09715e+06
 MIGRAD FAILS TO FIND IMPROVEMENT
 EIGENVALUES OF SECOND-DERIVATIVE MATRIX:
        -1.7295e-02  5.0893e-01  6.6636e-01  2.8420e+00
 MINUIT WARNING IN HESSE   
 ============== MATRIX FORCED POS-DEF BY ADDING 0.020138 TO DIAGONAL.
 FCN=-2.37866e+11 FROM HESSE     STATUS=NOT POSDEF     29 CALLS         600 TOTAL
                     EDM=0.337993    STRATEGY= 1      ERR MATRIX NOT POS-DEF
  EXT PARAMETER                APPROXIMATE        STEP         FIRST   
  NO.   NAME      VALUE            ERROR          SIZE      DERIVATIVE 
   1  norm         5.58960e+05   1.42777e+01   1.06614e+02   1.42628e-02
   2  Q            5.65003e-01   5.08808e-06   5.54956e-04   4.35778e+04
   3  theta        6.85846e-06   1.05684e-03   1.85199e-02   7.64180e+02
   4  pileup       9.99757e-04   1.06452e-07   2.09870e-05   3.22863e+06
 MINUIT WARNING IN MIGRAD  
 ============== Negative diagonal element 2 in Error Matrix
 MINUIT WARNING IN MIGRAD  
 ============== 1 added to diagonal of error matrix
 MIGRAD FAILS TO FIND IMPROVEMENT
 MIGRAD TERMINATED WITHOUT CONVERGENCE.
 FCN=-2.37866e+11 FROM MIGRAD    STATUS=FAILED         99 CALLS         636 TOTAL
                     EDM=35785.2    STRATEGY= 1      ERR MATRIX NOT POS-DEF
  EXT PARAMETER                APPROXIMATE        STEP         FIRST   
  NO.   NAME      VALUE            ERROR          SIZE      DERIVATIVE 
   1  norm         5.58960e+05   8.53680e+00  -0.00000e+00  -3.58785e-02
   2  Q            5.65003e-01   1.00000e+00  -0.00000e+00   2.08418e+08
   3  theta       -8.49711e-06   1.00000e+00  -0.00000e+00   1.27356e+04
   4  pileup       9.99753e-04   1.00000e+00   0.00000e+00  -2.42700e+07
 EXTERNAL ERROR MATRIX.    NDIM=  25    NPAR=  4    ERR DEF=1
  7.288e+01  2.130e-08  5.394e-04  2.801e-07 
  2.130e-08  1.000e+00 -9.054e-14 -9.655e-17 
  5.394e-04 -9.054e-14  1.000e+00  4.056e-12 
  2.801e-07 -9.655e-17  4.056e-12  1.000e+00 
ERR MATRIX NOT POS-DEF
 PARAMETER  CORRELATION COEFFICIENTS  
       NO.  GLOBAL      1      2      3      4
        1  0.00006   1.000  0.000  0.000  0.000
        2  0.00000   0.000  1.000 -0.000 -0.000
        3  0.00006   0.000 -0.000  1.000  0.000
        4  0.00000   0.000 -0.000  0.000  1.000
 ERR MATRIX NOT POS-DEF
status of the fit-----000------4
1  558960
2  0.565003
3  -8.49711e-06
4  0.000999753
 PARAMETER DEFINITIONS:
    NO.   NAME         VALUE      STEP SIZE      LIMITS
     1 norm         5.58960e+05  1.00000e-01     no limits
     2 Q            5.65003e-01  1.00000e-01     no limits
     3 theta       -8.49711e-06  1.00000e-01     no limits
     4 pileup       9.99753e-04  1.00000e-01     no limits
 **********
 **    5 **MIGRAD
 **********
 FIRST CALL TO USER FUNCTION AT NEW START POINT, WITH IFLAG=4.
 START MIGRAD MINIMIZATION.  STRATEGY  1.  CONVERGENCE WHEN EDM .LT. 1.00e-04
 FCN=-2.37866e+11 FROM MIGRAD    STATUS=INITIATE       16 CALLS         653 TOTAL
                     EDM= unknown      STRATEGY= 1      NO ERROR MATRIX       
  EXT PARAMETER               CURRENT GUESS       STEP         FIRST   
  NO.   NAME      VALUE            ERROR          SIZE      DERIVATIVE 
   1  norm         5.58960e+05   1.00000e-01   1.00000e-01   2.87334e-02
   2  Q            5.65003e-01   1.00000e-01   1.00000e-01   6.68505e+06
   3  theta       -8.49711e-06   1.00000e-01   1.00000e-01   1.27195e+04
   4  pileup       9.99753e-04   1.00000e-01   1.00000e-01  -9.18048e+11
 MIGRAD FAILS TO FIND IMPROVEMENT
 COVARIANCE MATRIX CALCULATED SUCCESSFULLY
 FCN=-2.37866e+11 FROM HESSE     STATUS=OK             29 CALLS         693 TOTAL
                     EDM=21.0483    STRATEGY= 1      ERROR MATRIX ACCURATE 
  EXT PARAMETER                                   STEP         FIRST   
  NO.   NAME      VALUE            ERROR          SIZE      DERIVATIVE 
   1  norm         5.58960e+05   2.09219e+02   2.66533e+00   2.87391e-02
   2  Q            5.65003e-01   1.99793e-05   1.00000e-03   8.90402e+04
   3  theta       -8.49711e-06   1.74767e-03   1.85111e-02  -2.83367e+03
   4  pileup       9.99753e-04   9.24472e-08   1.00000e-02   3.62423e+06
 MIGRAD FAILS TO FIND IMPROVEMENT
 MACHINE ACCURACY LIMITS FURTHER IMPROVEMENT.
 MIGRAD MINIMIZATION HAS CONVERGED.
 MIGRAD WILL VERIFY CONVERGENCE AND ERROR MATRIX.
 EIGENVALUES OF SECOND-DERIVATIVE MATRIX:
        -6.4986e-04  3.6681e-01  8.4976e-01  2.7841e+00
 MINUIT WARNING IN HESSE   
 ============== MATRIX FORCED POS-DEF BY ADDING 0.003434 TO DIAGONAL.
 MIGRAD TERMINATED WITHOUT CONVERGENCE.
 FCN=-2.37866e+11 FROM MIGRAD    STATUS=FAILED        148 CALLS         785 TOTAL
                     EDM=0.0552057    STRATEGY= 1      ERR MATRIX NOT POS-DEF
  EXT PARAMETER                APPROXIMATE        STEP         FIRST   
  NO.   NAME      VALUE            ERROR          SIZE      DERIVATIVE 
   1  norm         5.58959e+05   9.60703e+01   5.33066e+02  -1.17647e-03
   2  Q            5.65003e-01   3.16006e-05   9.41729e-05  -4.13743e+03
   3  theta       -2.95545e-06   1.19686e-04   1.85204e-02   6.14869e+02
   4  pileup       9.99753e-04   1.05215e-07   2.09853e-05   2.81963e+06
 EXTERNAL ERROR MATRIX.    NDIM=  25    NPAR=  4    ERR DEF=1
  9.229e+03 -3.022e-03 -4.093e-03 -1.594e-06 
 -3.022e-03  9.986e-10  1.533e-09  5.217e-13 
 -4.093e-03  1.533e-09  1.432e-08  5.772e-12 
 -1.594e-06  5.217e-13  5.772e-12  1.107e-14 
ERR MATRIX NOT POS-DEF
 PARAMETER  CORRELATION COEFFICIENTS  
       NO.  GLOBAL      1      2      3      4
        1  0.99716   1.000 -0.995 -0.356 -0.158
        2  0.99729  -0.995  1.000  0.405  0.157
        3  0.76106  -0.356  0.405  1.000  0.458
        4  0.54858  -0.158  0.157  0.458  1.000
 ERR MATRIX NOT POS-DEF
 **********
 **    6 **MIGRAD 
 **********
 START MIGRAD MINIMIZATION.  STRATEGY  1.  CONVERGENCE WHEN EDM .LT. 1.00e-04
 FCN=-2.37866e+11 FROM MIGRAD    STATUS=INITIATE        8 CALLS         793 TOTAL
                     EDM=0.82534    STRATEGY= 1      ERR MATRIX NOT POS-DEF
  EXT PARAMETER                APPROXIMATE        STEP         FIRST   
  NO.   NAME      VALUE            ERROR          SIZE      DERIVATIVE 
   1  norm         5.58959e+05   9.60703e+01   5.33066e+02  -2.14770e-03
   2  Q            5.65003e-01   3.16006e-05   9.41729e-05  -3.80980e+03
   3  theta       -2.95545e-06   1.19686e-04   1.85204e-02   1.55849e+04
   4  pileup       9.99753e-04   1.05215e-07   2.09853e-05  -1.69119e+06
 MINUIT WARNING IN MIGRAD  
 ============== Negative diagonal element 2 in Error Matrix
 MINUIT WARNING IN MIGRAD  
 ============== 1 added to diagonal of error matrix
 MIGRAD FAILS TO FIND IMPROVEMENT
 EIGENVALUES OF SECOND-DERIVATIVE MATRIX:
        -1.7306e-02  5.0821e-01  6.6723e-01  2.8419e+00
 MINUIT WARNING IN HESSE   
 ============== MATRIX FORCED POS-DEF BY ADDING 0.020148 TO DIAGONAL.
 FCN=-2.37866e+11 FROM HESSE     STATUS=NOT POSDEF     31 CALLS         852 TOTAL
                     EDM=0.259243    STRATEGY= 1      ERR MATRIX NOT POS-DEF
  EXT PARAMETER                APPROXIMATE        STEP         FIRST   
  NO.   NAME      VALUE            ERROR          SIZE      DERIVATIVE 
   1  norm         5.58961e+05   1.42783e+01   1.72580e+03  -1.35321e-03
   2  Q            5.65002e-01   5.08798e-06   5.54961e-04  -4.30218e+03
   3  theta       -7.92113e-06   1.05690e-03   1.85204e-02  -8.18288e+02
   4  pileup       9.99751e-04   1.06400e-07   2.09866e-05   2.89753e+06
 MINUIT WARNING IN MIGRAD  
 ============== Negative diagonal element 2 in Error Matrix
 MINUIT WARNING IN MIGRAD  
 ============== 1 added to diagonal of error matrix
 MIGRAD FAILS TO FIND IMPROVEMENT
 MACHINE ACCURACY LIMITS FURTHER IMPROVEMENT.
 MIGRAD MINIMIZATION HAS CONVERGED.
 MIGRAD WILL VERIFY CONVERGENCE AND ERROR MATRIX.
 EIGENVALUES OF SECOND-DERIVATIVE MATRIX:
        -1.7306e-02  5.0821e-01  6.6723e-01  2.8419e+00
 MINUIT WARNING IN HESSE   
 ============== MATRIX FORCED POS-DEF BY ADDING 0.020148 TO DIAGONAL.
 MIGRAD TERMINATED WITHOUT CONVERGENCE.
 FCN=-2.37866e+11 FROM MIGRAD    STATUS=FAILED        134 CALLS         919 TOTAL
                     EDM=1.00835    STRATEGY= 1      ERR MATRIX NOT POS-DEF
  EXT PARAMETER                APPROXIMATE        STEP         FIRST   
  NO.   NAME      VALUE            ERROR          SIZE      DERIVATIVE 
   1  norm         5.58961e+05   1.42784e+01   1.72580e+03   3.48955e-03
   2  Q            5.65002e-01   5.08798e-06   5.54962e-04   1.08156e+04
   3  theta       -1.12069e-05   1.05690e-03   1.85203e-02  -1.35996e+03
   4  pileup       9.99747e-04   1.06400e-07   2.09866e-05   2.35459e+06
 EXTERNAL ERROR MATRIX.    NDIM=  25    NPAR=  4    ERR DEF=1
  2.039e+02  5.636e-05  1.216e-02 -3.400e-07 
  5.636e-05  2.589e-11  5.350e-09 -1.468e-13 
  1.216e-02  5.350e-09  1.117e-06 -2.563e-11 
 -3.400e-07 -1.468e-13 -2.563e-11  1.132e-14 
ERR MATRIX NOT POS-DEF
 PARAMETER  CORRELATION COEFFICIENTS  
       NO.  GLOBAL      1      2      3      4
        1  0.86457   1.000  0.776  0.806 -0.224
        2  0.99703   0.776  1.000  0.995 -0.271
        3  0.99734   0.806  0.995  1.000 -0.228
        4  0.57239  -0.224 -0.271 -0.228  1.000
 ERR MATRIX NOT POS-DEF
status of the fit-----000------4
1  558961
2  0.565002
3  -1.12069e-05
4  0.000999747
 **********
 **    7 **SET PRINT           2
 **********
 **********
 **    8 **SET NOGRAD
 **********
 PARAMETER DEFINITIONS:
    NO.   NAME         VALUE      STEP SIZE      LIMITS
     1 p0           5.58000e+05  1.67400e+05     no limits
     2 p1           5.65000e-01  1.69500e-01     no limits
     3 p2           0.00000e+00  3.00000e-01     no limits
     4 p3           9.99871e-04  2.99961e-04     no limits
 **********
 **    9 **SET ERR         0.5
 **********
 **********
 **   10 **SET PRINT           2
 **********
 **********
 **   11 **SET STR           1
 **********
 NOW USING STRATEGY  1: TRY TO BALANCE SPEED AGAINST RELIABILITY
 **********
 **   12 **MIGRAD        1480        0.01
 **********
 FIRST CALL TO USER FUNCTION AT NEW START POINT, WITH IFLAG=4.
 START MIGRAD MINIMIZATION.  STRATEGY  1.  CONVERGENCE WHEN EDM .LT. 1.00e-05
 FCN=17451.4 FROM MIGRAD    STATUS=INITIATE       18 CALLS          19 TOTAL
                     EDM= unknown      STRATEGY= 1      NO ERROR MATRIX       
  EXT PARAMETER               CURRENT GUESS       STEP         FIRST   
  NO.   NAME      VALUE            ERROR          SIZE      DERIVATIVE 
   1  p0           5.58000e+05   1.67400e+05   1.67400e+05  -3.64340e+01
   2  p1           5.65000e-01   1.69500e-01   1.69500e-01  -1.13094e+08
   3  p2           0.00000e+00   3.00000e-01   3.00000e-01   2.07621e+06
   4  p3           9.99871e-04   2.99961e-04   2.99961e-04  -9.72379e+08
                               ERR DEF= 0.5
NO ERROR MATRIX       
 FCN=1357.36 FROM MIGRAD    STATUS=PROGRESS       36 CALLS          37 TOTAL
                     EDM=4165.58    STRATEGY= 1      NO ERROR MATRIX       
  EXT PARAMETER               CURRENT GUESS       STEP         FIRST   
  NO.   NAME      VALUE            ERROR          SIZE      DERIVATIVE 
   1  p0           5.58357e+05   1.67400e+05   3.56867e+02  -2.54409e+00
   2  p1           5.65115e-01   1.69500e-01   1.15078e-04  -7.83571e+06
   3  p2          -2.35083e-03   3.00000e-01  -2.35083e-03  -4.82430e+05
   4  p3           1.00128e-03   2.99961e-04   1.41218e-06   5.18237e+08
                               ERR DEF= 0.5
 FCN=55.8549 FROM MIGRAD    STATUS=PROGRESS      158 CALLS         159 TOTAL
                     EDM=0.0536368    STRATEGY= 1  ERROR MATRIX UNCERTAINTY  24.7 per cent
  EXT PARAMETER                APPROXIMATE        STEP         FIRST   
  NO.   NAME      VALUE            ERROR          SIZE      DERIVATIVE 
   1  p0           5.60442e+05   1.67054e+03   2.10708e+01   1.23935e-02
   2  p1           5.64523e-01   5.37574e-04  -6.79160e-06   3.89037e+04
   3  p2          -9.88372e-05   1.18147e-04  -1.28892e-06   2.38133e+02
   4  p3           9.99654e-04   7.40035e-08   5.97704e-11  -6.43360e+05
                               ERR DEF= 0.5
 MINUIT WARNING IN MIGRAD  
 ============== Negative diagonal element 1 in Error Matrix
 MINUIT WARNING IN MIGRAD  
 ============== Negative diagonal element 2 in Error Matrix
 MINUIT WARNING IN MIGRAD  
 ============== Negative diagonal element 3 in Error Matrix
 MINUIT WARNING IN MIGRAD  
 ============== Negative diagonal element 4 in Error Matrix
 MINUIT WARNING IN MIGRAD  
 ============== 1.44907e+07 added to diagonal of error matrix
 EIGENVALUES OF SECOND-DERIVATIVE MATRIX:
         9.9874e-01  1.0000e+00  1.0000e+00  1.0013e+00
 MIGRAD FAILS TO FIND IMPROVEMENT
   START COVARIANCE MATRIX CALCULATION.
 EIGENVALUES OF SECOND-DERIVATIVE MATRIX:
        -8.2793e-04  4.4244e-01  8.0234e-01  2.7560e+00
 MINUIT WARNING IN HESSE   
 ============== MATRIX FORCED POS-DEF BY ADDING 0.003584 TO DIAGONAL.
 FCN=55.8455 FROM HESSE     STATUS=NOT POSDEF     23 CALLS         233 TOTAL
                     EDM=0.00195591    STRATEGY= 1      ERR MATRIX NOT POS-DEF
  EXT PARAMETER                APPROXIMATE        STEP         FIRST   
  NO.   NAME      VALUE            ERROR          SIZE      DERIVATIVE 
   1  p0           5.60495e+05   6.88750e+01   2.67265e-01   7.12905e-03
   2  p1           5.64506e-01   2.23314e-05   2.69177e-07   2.24529e+04
   3  p2          -1.02713e-04   7.67111e-05   2.80996e-07   1.72281e+02
   4  p3           9.99655e-04   7.32442e-08   4.76673e-10  -3.74848e+05
                               ERR DEF= 0.5
 PARAMETER  CORRELATION COEFFICIENTS  
       NO.  GLOBAL      1      2      3      4
        1  0.99722   1.000 -0.995 -0.274 -0.233
        2  0.99729  -0.995  1.000  0.324  0.223
        3  0.69940  -0.274  0.324  1.000  0.346
        4  0.49432  -0.233  0.223  0.346  1.000
 ERR MATRIX NOT POS-DEF
 FCN=55.8437 FROM MIGRAD    STATUS=PROGRESS      242 CALLS         243 TOTAL
                     EDM=3.5495e-05    STRATEGY= 1      ERR MATRIX NOT POS-DEF
  EXT PARAMETER                APPROXIMATE        STEP         FIRST   
  NO.   NAME      VALUE            ERROR          SIZE      DERIVATIVE 
   1  p0           5.60496e+05   6.88750e+01   3.39343e-01   5.65097e-04
   2  p1           5.64506e-01   2.23314e-05  -2.22123e-07   2.09230e+03
   3  p2          -1.04957e-04   7.67111e-05  -2.24413e-06  -9.40434e+01
   4  p3           9.99657e-04   7.32442e-08   1.74562e-09   5.37707e+04
                               ERR DEF= 0.5
 MINUIT WARNING IN MIGRAD  
 ============== Negative diagonal element 1 in Error Matrix
 MINUIT WARNING IN MIGRAD  
 ============== Negative diagonal element 2 in Error Matrix
 MINUIT WARNING IN MIGRAD  
 ============== 14450.8 added to diagonal of error matrix
 EIGENVALUES OF SECOND-DERIVATIVE MATRIX:
         9.9996e-01  1.0000e+00  1.0000e+00  1.0000e+00
 MIGRAD FAILS TO FIND IMPROVEMENT
 MIGRAD TERMINATED WITHOUT CONVERGENCE.
 FCN=55.8418 FROM MIGRAD    STATUS=FAILED        301 CALLS         302 TOTAL
                     EDM=299.609    STRATEGY= 1      ERR MATRIX NOT POS-DEF
  EXT PARAMETER                APPROXIMATE        STEP         FIRST   
  NO.   NAME      VALUE            ERROR          SIZE      DERIVATIVE 
   1  p0           5.60515e+05   7.07107e-01   0.00000e+00  -4.46025e-04
   2  p1           5.64499e-01   8.50024e+01   0.00000e+00  -9.96211e+05
   3  p2          -1.07097e-04   8.50024e+01   0.00000e+00  -1.99492e+02
   4  p3           9.99656e-04   8.50024e+01   0.00000e+00  -6.89826e+04
                               ERR DEF= 0.5
 EXTERNAL ERROR MATRIX.    NDIM=  25    NPAR=  4    ERR DEF=0.5
  5.000e-01  2.341e-03  1.199e-03  1.663e-07 
  2.341e-03  7.225e+03 -2.971e-10 -7.412e-14 
  1.199e-03 -2.971e-10  7.225e+03 -6.999e-13 
  1.663e-07 -7.412e-14 -6.999e-13  7.225e+03 
ERR MATRIX NOT POS-DEF
 PARAMETER  CORRELATION COEFFICIENTS  
       NO.  GLOBAL      1      2      3      4
        1  0.00004   1.000  0.000  0.000  0.000
        2  0.00004   0.000  1.000 -0.000 -0.000
        3  0.00002   0.000 -0.000  1.000 -0.000
        4  0.00000   0.000 -0.000 -0.000  1.000
 ERR MATRIX NOT POS-DEF
 FCN=55.8418 FROM MIGRAD    STATUS=FAILED        301 CALLS         302 TOTAL
                     EDM=299.609    STRATEGY= 1      ERR MATRIX NOT POS-DEF
  EXT PARAMETER                  PARABOLIC         MINOS ERRORS        
  NO.   NAME      VALUE            ERROR      NEGATIVE      POSITIVE   
   1  p0           5.60515e+05   7.07107e-01                            
   2  p1           5.64499e-01   8.50024e+01                            
   3  p2          -1.07097e-04   8.50024e+01                            
   4  p3           9.99656e-04   8.50024e+01                            
                               ERR DEF= 0.5
 **********
 **   13 **SET PRINT           2
 **********
 **********
 **   14 **SET NOGRAD
 **********
 PARAMETER DEFINITIONS:
    NO.   NAME         VALUE      STEP SIZE      LIMITS
     1 p0           5.60515e+05  7.07107e-01     no limits
     2 p1           5.64499e-01  8.50024e+01     no limits
     3 p2          -1.07097e-04  8.50024e+01     no limits
     4 p3           9.99656e-04  8.50024e+01     no limits
 **********
 **   15 **SET ERR         0.5
 **********
 **********
 **   16 **SET PRINT           2
 **********
 **********
 **   17 **SET STR           1
 **********
 NOW USING STRATEGY  1: TRY TO BALANCE SPEED AGAINST RELIABILITY
 **********
 **   18 **MIGRAD        1480        0.01
 **********
 FIRST CALL TO USER FUNCTION AT NEW START POINT, WITH IFLAG=4.
 START MIGRAD MINIMIZATION.  STRATEGY  1.  CONVERGENCE WHEN EDM .LT. 1.00e-05
 FCN=55.8418 FROM MIGRAD    STATUS=INITIATE       20 CALLS          21 TOTAL
                     EDM= unknown      STRATEGY= 1      NO ERROR MATRIX       
  EXT PARAMETER               CURRENT GUESS       STEP         FIRST   
  NO.   NAME      VALUE            ERROR          SIZE      DERIVATIVE 
   1  p0           5.60515e+05   7.07107e-01   7.07107e-01  -4.46025e-04
   2  p1           5.64499e-01   8.50024e+01   8.50024e+01  -3.75168e+09
   3  p2          -1.07097e-04   8.50024e+01   8.50024e+01   3.32690e+03
   4  p3           9.99656e-04   8.50024e+01   8.50024e+01  -4.09434e+13
                               ERR DEF= 0.5
NO ERROR MATRIX       
 MIGRAD FAILS TO FIND IMPROVEMENT
   START COVARIANCE MATRIX CALCULATION.
 EIGENVALUES OF SECOND-DERIVATIVE MATRIX:
         4.2896e-02  4.0442e-01  9.9765e-01  2.5550e+00
 COVARIANCE MATRIX CALCULATED SUCCESSFULLY
 FCN=55.8418 FROM HESSE     STATUS=OK             29 CALLS          61 TOTAL
                     EDM=0.000219938    STRATEGY= 1      ERROR MATRIX ACCURATE 
  EXT PARAMETER                                   STEP         FIRST   
  NO.   NAME      VALUE            ERROR          SIZE      DERIVATIVE 
   1  p0           5.60515e+05   1.54033e+01   2.67274e-01  -4.50180e-04
   2  p1           5.64499e-01   1.25344e-06   8.50024e-03  -1.07569e+03
   3  p2          -1.07097e-04   9.52471e-05   8.50024e-03  -2.35579e+02
   4  p3           9.99656e-04   1.01602e-08   8.50024e-03  -4.11807e+04
                               ERR DEF= 0.5
 PARAMETER  CORRELATION COEFFICIENTS  
       NO.  GLOBAL      1      2      3      4
        1  0.94270   1.000 -0.906 -0.448 -0.017
        2  0.96375  -0.906  1.000  0.699  0.012
        3  0.82587  -0.448  0.699  1.000  0.021
        4  0.04133  -0.017  0.012  0.021  1.000
 FCN=55.8417 FROM MIGRAD    STATUS=PROGRESS       70 CALLS          71 TOTAL
                     EDM=0.000247131    STRATEGY= 1      ERROR MATRIX ACCURATE 
  EXT PARAMETER                                   STEP         FIRST   
  NO.   NAME      VALUE            ERROR          SIZE      DERIVATIVE 
   1  p0           5.60515e+05   1.54033e+01  -1.77366e-02  -1.83891e-03
   2  p1           5.64499e-01   1.25344e-06   3.57578e-09  -5.43321e+03
   3  p2          -1.06585e-04   9.52471e-05   5.12323e-07  -4.12055e+00
   4  p3           9.99656e-04   1.01602e-08   2.13032e-12  -1.55013e+05
                               ERR DEF= 0.5
 MIGRAD FAILS TO FIND IMPROVEMENT
 MIGRAD MINIMIZATION HAS CONVERGED.
 MIGRAD WILL VERIFY CONVERGENCE AND ERROR MATRIX.
   START COVARIANCE MATRIX CALCULATION.
 EIGENVALUES OF SECOND-DERIVATIVE MATRIX:
         4.8216e-04  3.7396e-01  9.4300e-01  2.6826e+00
 COVARIANCE MATRIX CALCULATED SUCCESSFULLY
 MIGRAD TERMINATED WITHOUT CONVERGENCE.
 FCN=55.8416 FROM MIGRAD    STATUS=FAILED        202 CALLS         203 TOTAL
                     EDM=0.000232869    STRATEGY= 1      ERR MATRIX APPROXIMATE
  EXT PARAMETER                APPROXIMATE        STEP         FIRST   
  NO.   NAME      VALUE            ERROR          SIZE      DERIVATIVE 
   1  p0           5.60515e+05   1.65140e+02   2.67274e-01   3.61300e-04
   2  p1           5.64499e-01   5.31163e-05   2.69174e-07   1.40564e+03
   3  p2          -1.05831e-04   6.45792e-05   2.46070e-07  -7.11350e+01
   4  p3           9.99656e-04   7.68413e-08   4.76673e-10   1.22136e+04
                               ERR DEF= 0.5
 EXTERNAL ERROR MATRIX.    NDIM=  25    NPAR=  4    ERR DEF=0.5
  2.727e+04 -8.766e-03  4.184e-04  4.342e-06 
 -8.766e-03  2.821e-09 -7.664e-11 -1.398e-12 
  4.184e-04 -7.664e-11  4.170e-09  2.428e-12 
  4.342e-06 -1.398e-12  2.428e-12  5.905e-15 
ERR MATRIX APPROXIMATE
 PARAMETER  CORRELATION COEFFICIENTS  
       NO.  GLOBAL      1      2      3      4
        1  0.99952   1.000 -0.999  0.039  0.342
        2  0.99952  -0.999  1.000 -0.022 -0.342
        3  0.68895   0.039 -0.022  1.000  0.489
        4  0.64202   0.342 -0.342  0.489  1.000
 ERR MATRIX APPROXIMATE
 FCN=55.8416 FROM MIGRAD    STATUS=FAILED        202 CALLS         203 TOTAL
                     EDM=0.000232869    STRATEGY= 1      ERR MATRIX APPROXIMATE
  EXT PARAMETER                  PARABOLIC         MINOS ERRORS        
  NO.   NAME      VALUE            ERROR      NEGATIVE      POSITIVE   
   1  p0           5.60515e+05   1.65140e+02                            
   2  p1           5.64499e-01   5.31163e-05                            
   3  p2          -1.05831e-04   6.45792e-05                            
   4  p3           9.99656e-04   7.68413e-08                            
                               ERR DEF= 0.5
 **********
 **   19 **SET PRINT           2
 **********
 **********
 **   20 **SET NOGRAD
 **********
 PARAMETER DEFINITIONS:
    NO.   NAME         VALUE      STEP SIZE      LIMITS
     1 p0           5.60515e+05  1.65140e+02     no limits
     2 p1           5.64499e-01  5.31163e-05     no limits
     3 p2          -1.05831e-04  6.45792e-05     no limits
     4 p3           9.99656e-04  7.68413e-08     no limits
 **********
 **   21 **SET ERR         0.5
 **********
 **********
 **   22 **SET PRINT           2
 **********
 **********
 **   23 **SET STR           1
 **********
 NOW USING STRATEGY  1: TRY TO BALANCE SPEED AGAINST RELIABILITY
 **********
 **   24 **MIGRAD        1480        0.01
 **********
 FIRST CALL TO USER FUNCTION AT NEW START POINT, WITH IFLAG=4.
 START MIGRAD MINIMIZATION.  STRATEGY  1.  CONVERGENCE WHEN EDM .LT. 1.00e-05
 FCN=55.8416 FROM MIGRAD    STATUS=INITIATE       16 CALLS          17 TOTAL
                     EDM= unknown      STRATEGY= 1      NO ERROR MATRIX       
  EXT PARAMETER               CURRENT GUESS       STEP         FIRST   
  NO.   NAME      VALUE            ERROR          SIZE      DERIVATIVE 
   1  p0           5.60515e+05   1.65140e+02   1.65140e+02   3.61357e-04
   2  p1           5.64499e-01   5.31163e-05   5.31163e-05   1.39053e+03
   3  p2          -1.05831e-04   6.45792e-05   6.45792e-05  -5.83781e+01
   4  p3           9.99656e-04   7.68413e-08   7.68413e-08   4.80626e+03
                               ERR DEF= 0.5
NO ERROR MATRIX       
 FCN=55.8416 FROM MIGRAD    STATUS=PROGRESS       30 CALLS          31 TOTAL
                     EDM=1.47263e-05    STRATEGY= 1      NO ERROR MATRIX       
  EXT PARAMETER               CURRENT GUESS       STEP         FIRST   
  NO.   NAME      VALUE            ERROR          SIZE      DERIVATIVE 
   1  p0           5.60515e+05   1.65140e+02  -9.87579e-04   2.31661e-04
   2  p1           5.64499e-01   5.31163e-05  -3.90269e-10   1.01773e+03
   3  p2          -1.05815e-04   6.45792e-05   1.55543e-08  -3.43923e+01
   4  p3           9.99656e-04   7.68413e-08  -1.72763e-12  -5.28452e+03
                               ERR DEF= 0.5
 MIGRAD FAILS TO FIND IMPROVEMENT
   START COVARIANCE MATRIX CALCULATION.
 EIGENVALUES OF SECOND-DERIVATIVE MATRIX:
         2.4778e-03  4.5675e-01  8.5689e-01  2.6839e+00
 COVARIANCE MATRIX CALCULATED SUCCESSFULLY
 FCN=55.8416 FROM HESSE     STATUS=OK             27 CALLS          62 TOTAL
                     EDM=2.77228e-05    STRATEGY= 1      ERROR MATRIX ACCURATE 
  EXT PARAMETER                                   STEP         FIRST   
  NO.   NAME      VALUE            ERROR          SIZE      DERIVATIVE 
   1  p0           5.60515e+05   7.33447e+01   2.67274e-01   2.41740e-04
   2  p1           5.64499e-01   2.32593e-05   2.69174e-07   1.01162e+03
   3  p2          -1.05815e-04   6.61026e-05   2.62901e-07  -4.83815e+01
   4  p3           9.99656e-04   6.88391e-08   4.76673e-10  -8.28544e+03
                               ERR DEF= 0.5
 PARAMETER  CORRELATION COEFFICIENTS  
       NO.  GLOBAL      1      2      3      4
        1  0.99755   1.000 -0.996  0.317  0.158
        2  0.99749  -0.996  1.000 -0.275 -0.165
        3  0.68085   0.317 -0.275  1.000  0.383
        4  0.48949   0.158 -0.165  0.383  1.000
 FCN=55.8415 FROM MIGRAD    STATUS=PROGRESS       76 CALLS          77 TOTAL
                     EDM=264.479    STRATEGY= 1      ERROR MATRIX ACCURATE 
  EXT PARAMETER                                   STEP         FIRST   
  NO.   NAME      VALUE            ERROR          SIZE      DERIVATIVE 
   1  p0           5.60515e+05   7.33447e+01   8.44005e-01  -2.64644e-04
   2  p1           5.64499e-01   2.32593e-05  -2.68635e-07  -9.89580e+05
   3  p2          -1.05338e-04   6.61026e-05   4.77864e-07   7.17282e+01
   4  p3           9.99657e-04   6.88391e-08   3.34873e-10   1.50356e+04
                               ERR DEF= 0.5
 MIGRAD FAILS TO FIND IMPROVEMENT
 MIGRAD TERMINATED WITHOUT CONVERGENCE.
 FCN=55.8415 FROM MIGRAD    STATUS=FAILED         87 CALLS          88 TOTAL
                     EDM=264.479    STRATEGY= 1  ERROR MATRIX UNCERTAINTY 100.0 per cent
  EXT PARAMETER                APPROXIMATE        STEP         FIRST   
  NO.   NAME      VALUE            ERROR          SIZE      DERIVATIVE 
   1  p0           5.60515e+05   6.51720e+00  -0.00000e+00  -2.64644e-04
   2  p1           5.64499e-01   5.21164e-07   0.00000e+00  -9.89580e+05
   3  p2          -1.05338e-04   6.35479e-05  -0.00000e+00   7.17282e+01
   4  p3           9.99657e-04   6.78945e-08  -0.00000e+00   1.50356e+04
                               ERR DEF= 0.5
 EXTERNAL ERROR MATRIX.    NDIM=  25    NPAR=  4    ERR DEF=0.5
  4.247e+01 -8.496e-07  2.054e-04 -3.324e-08 
 -8.496e-07  2.716e-13 -6.160e-14 -2.631e-17 
  2.054e-04 -6.160e-14  4.038e-09  1.536e-12 
 -3.324e-08 -2.631e-17  1.536e-12  4.610e-15 
ERR MATRIX APPROXIMATE
 PARAMETER  CORRELATION COEFFICIENTS  
       NO.  GLOBAL      1      2      3      4
        1  0.61697   1.000 -0.250  0.496 -0.075
        2  0.30193  -0.250  1.000 -0.002 -0.001
        3  0.64771   0.496 -0.002  1.000  0.356
        4  0.46722  -0.075 -0.001  0.356  1.000
 ERR MATRIX APPROXIMATE
 FCN=55.8415 FROM MIGRAD    STATUS=FAILED         87 CALLS          88 TOTAL
                     EDM=264.479    STRATEGY= 1  ERROR MATRIX UNCERTAINTY 100.0 per cent
  EXT PARAMETER                  PARABOLIC         MINOS ERRORS        
  NO.   NAME      VALUE            ERROR      NEGATIVE      POSITIVE   
   1  p0           5.60515e+05   6.51720e+00                            
   2  p1           5.64499e-01   5.21164e-07                            
   3  p2          -1.05338e-04   6.35479e-05                            
   4  p3           9.99657e-04   6.78945e-08                            
                               ERR DEF= 0.5
------------------------------------------
Enering ROOFIt-------
 PARAMETER DEFINITIONS:
    NO.   NAME         VALUE      STEP SIZE      LIMITS
     1 norm         5.60515e+05  1.00000e-01     no limits
     2 Q            5.65000e-01  1.00000e-01     no limits
     3 theta        0.00000e+00  1.00000e-01     no limits
     4 pileup       9.99657e-04  1.00000e-01     no limits
 **********
 **    1 **MIGRAD
 **********
 FIRST CALL TO USER FUNCTION AT NEW START POINT, WITH IFLAG=4.
 START MIGRAD MINIMIZATION.  STRATEGY  1.  CONVERGENCE WHEN EDM .LT. 1.00e-04
 FCN=-2.37862e+11 FROM MIGRAD    STATUS=INITIATE       16 CALLS          17 TOTAL
                     EDM= unknown      STRATEGY= 1      NO ERROR MATRIX       
  EXT PARAMETER               CURRENT GUESS       STEP         FIRST   
  NO.   NAME      VALUE            ERROR          SIZE      DERIVATIVE 
   1  norm         5.60515e+05   1.00000e-01   1.00000e-01   5.90332e+01
   2  Q            5.65000e-01   1.00000e-01   1.00000e-01   9.11909e+08
   3  theta        0.00000e+00   1.00000e-01   1.00000e-01  -3.38389e+06
   4  pileup       9.99657e-04   1.00000e-01   1.00000e-01  -9.15937e+11
 MIGRAD FAILS TO FIND IMPROVEMENT
 EIGENVALUES OF SECOND-DERIVATIVE MATRIX:
        -7.1041e-04  3.8391e-01  9.1713e-01  2.6997e+00
 MINUIT WARNING IN HESSE   
 ============== MATRIX FORCED POS-DEF BY ADDING 0.003410 TO DIAGONAL.
 FCN=-2.37862e+11 FROM HESSE     STATUS=NOT POSDEF     27 CALLS          55 TOTAL
                     EDM=5.75188e+06    STRATEGY= 1      ERR MATRIX NOT POS-DEF
  EXT PARAMETER                APPROXIMATE        STEP         FIRST   
  NO.   NAME      VALUE            ERROR          SIZE      DERIVATIVE 
   1  norm         5.60515e+05   6.93684e+01   2.67275e+00   5.90332e+01
   2  Q            5.65000e-01   6.52229e-06   1.00000e-03   1.84082e+08
   3  theta        0.00000e+00   5.73325e-04   1.84991e-02  -3.39886e+06
   4  pileup       9.99657e-04   9.23038e-08   1.00000e-02   1.64583e+09
 MIGRAD FAILS TO FIND IMPROVEMENT
 MACHINE ACCURACY LIMITS FURTHER IMPROVEMENT.
 MIGRAD MINIMIZATION HAS CONVERGED.
 MIGRAD WILL VERIFY CONVERGENCE AND ERROR MATRIX.
 EIGENVALUES OF SECOND-DERIVATIVE MATRIX:
        -5.2676e-01  3.3273e-01  7.2068e-01  3.4733e+00
 MINUIT WARNING IN HESSE   
 ============== MATRIX FORCED POS-DEF BY ADDING 0.530231 TO DIAGONAL.
 MIGRAD TERMINATED WITHOUT CONVERGENCE.
 FCN=-2.37862e+11 FROM MIGRAD    STATUS=FAILED        323 CALLS         324 TOTAL
                     EDM=151.905    STRATEGY= 1      ERR MATRIX NOT POS-DEF
  EXT PARAMETER                APPROXIMATE        STEP         FIRST   
  NO.   NAME      VALUE            ERROR          SIZE      DERIVATIVE 
   1  norm         5.58642e+05   5.62147e+01   1.72482e+03   7.33345e-02
   2  Q            5.65102e-01   4.81113e-06   5.55074e-04   2.36776e+05
   3  theta       -1.99482e-05   5.61765e-04   1.85902e-02  -1.75798e+04
   4  pileup       9.99771e-04   1.77882e-07   2.09859e-05   2.83578e+07
 EXTERNAL ERROR MATRIX.    NDIM=  25    NPAR=  4    ERR DEF=1
  3.160e+03 -2.687e-04 -3.095e-02  8.926e-06 
 -2.687e-04  2.315e-11  2.680e-09 -7.730e-13 
 -3.095e-02  2.680e-09  3.156e-07 -8.790e-11 
  8.926e-06 -7.730e-13 -8.790e-11  3.164e-14 
ERR MATRIX NOT POS-DEF
 PARAMETER  CORRELATION COEFFICIENTS  
       NO.  GLOBAL      1      2      3      4
        1  0.99456   1.000 -0.993 -0.980  0.893
        2  0.99812  -0.993  1.000  0.992 -0.903
        3  0.99367  -0.980  0.992  1.000 -0.880
        4  0.91630   0.893 -0.903 -0.880  1.000
 ERR MATRIX NOT POS-DEF
 **********
 **    2 **MIGRAD 
 **********
 START MIGRAD MINIMIZATION.  STRATEGY  1.  CONVERGENCE WHEN EDM .LT. 1.00e-04
 FCN=-2.37862e+11 FROM MIGRAD    STATUS=INITIATE        8 CALLS         332 TOTAL
                     EDM=54.3308    STRATEGY= 1      ERR MATRIX NOT POS-DEF
  EXT PARAMETER                APPROXIMATE        STEP         FIRST   
  NO.   NAME      VALUE            ERROR          SIZE      DERIVATIVE 
   1  norm         5.58642e+05   5.62147e+01   1.72482e+03   6.30941e-02
   2  Q            5.65102e-01   4.81113e-06   5.55074e-04   2.36842e+05
   3  theta       -1.99482e-05   5.61765e-04   1.85902e-02  -1.51178e+04
   4  pileup       9.99771e-04   1.77882e-07   2.09859e-05   2.38472e+07
 MIGRAD FAILS TO FIND IMPROVEMENT
 MACHINE ACCURACY LIMITS FURTHER IMPROVEMENT.
 MIGRAD MINIMIZATION HAS CONVERGED.
 MIGRAD WILL VERIFY CONVERGENCE AND ERROR MATRIX.
 EIGENVALUES OF SECOND-DERIVATIVE MATRIX:
        -7.0063e-04  3.6635e-01  8.5033e-01  2.7840e+00
 MINUIT WARNING IN HESSE   
 ============== MATRIX FORCED POS-DEF BY ADDING 0.003485 TO DIAGONAL.
 FCN=-2.37862e+11 FROM HESSE     STATUS=NOT POSDEF     29 CALLS         402 TOTAL
                     EDM=0.099469    STRATEGY= 1      ERR MATRIX NOT POS-DEF
  EXT PARAMETER                APPROXIMATE        STEP         FIRST   
  NO.   NAME      VALUE            ERROR          SIZE      DERIVATIVE 
   1  norm         5.58646e+05   9.60452e+01   1.72481e+03   6.56418e-02
   2  Q            5.65102e-01   3.16013e-05   8.68624e-05   2.11353e+05
   3  theta       -1.64696e-05   1.19604e-04   1.85901e-02  -7.12526e+03
   4  pileup       9.99672e-04   1.05016e-07   2.09857e-05   5.29593e+06
 MINUIT WARNING IN MIGRAD  
 ============== Negative diagonal element 2 in Error Matrix
 MINUIT WARNING IN MIGRAD  
 ============== 1 added to diagonal of error matrix
 MIGRAD FAILS TO FIND IMPROVEMENT
 MIGRAD TERMINATED WITHOUT CONVERGENCE.
 FCN=-2.37862e+11 FROM MIGRAD    STATUS=FAILED        114 CALLS         438 TOTAL
                     EDM=3.76979e+09    STRATEGY= 1      ERR MATRIX NOT POS-DEF
  EXT PARAMETER                APPROXIMATE        STEP         FIRST   
  NO.   NAME      VALUE            ERROR          SIZE      DERIVATIVE 
   1  norm         5.58658e+05   9.30352e+00  -0.00000e+00  -8.73911e-02
   2  Q            5.65097e-01   1.00000e+00  -0.00000e+00   4.06689e+09
   3  theta       -7.01380e-06   1.00000e+00  -0.00000e+00   1.69136e+04
   4  pileup       9.99658e-04   1.00000e+00   0.00000e+00  -2.99123e+07
 EXTERNAL ERROR MATRIX.    NDIM=  25    NPAR=  4    ERR DEF=1
  8.656e+01  1.568e-09  5.215e-04 -7.774e-08 
  1.568e-09  1.000e+00  5.467e-16  2.100e-17 
  5.215e-04  5.467e-16  1.000e+00  5.818e-12 
 -7.774e-08  2.100e-17  5.818e-12  1.000e+00 
ERR MATRIX NOT POS-DEF
 PARAMETER  CORRELATION COEFFICIENTS  
       NO.  GLOBAL      1      2      3      4
        1  0.00006   1.000  0.000  0.000 -0.000
        2  0.00000   0.000  1.000  0.000  0.000
        3  0.00006   0.000  0.000  1.000  0.000
        4  0.00000  -0.000  0.000  0.000  1.000
 ERR MATRIX NOT POS-DEF
status of the fit-----000------4
1  558658
2  0.565097
3  -7.0138e-06
4  0.000999658
 PARAMETER DEFINITIONS:
    NO.   NAME         VALUE      STEP SIZE      LIMITS
     1 norm         5.58658e+05  1.00000e-01     no limits
     2 Q            5.65097e-01  1.00000e-01     no limits
     3 theta       -7.01380e-06  1.00000e-01     no limits
     4 pileup       9.99658e-04  1.00000e-01     no limits
 **********
 **    3 **MIGRAD
 **********
 FIRST CALL TO USER FUNCTION AT NEW START POINT, WITH IFLAG=4.
 START MIGRAD MINIMIZATION.  STRATEGY  1.  CONVERGENCE WHEN EDM .LT. 1.00e-04
 FCN=-2.37862e+11 FROM MIGRAD    STATUS=INITIATE       16 CALLS         455 TOTAL
                     EDM= unknown      STRATEGY= 1      NO ERROR MATRIX       
  EXT PARAMETER               CURRENT GUESS       STEP         FIRST   
  NO.   NAME      VALUE            ERROR          SIZE      DERIVATIVE 
   1  norm         5.58658e+05   1.00000e-01   1.00000e-01  -2.27345e-02
   2  Q            5.65097e-01   1.00000e-01   1.00000e-01   6.54100e+06
   3  theta       -7.01380e-06   1.00000e-01   1.00000e-01   1.68956e+04
   4  pileup       9.99658e-04   1.00000e-01   1.00000e-01  -9.18018e+11
 MIGRAD FAILS TO FIND IMPROVEMENT
 COVARIANCE MATRIX CALCULATED SUCCESSFULLY
 FCN=-2.37862e+11 FROM HESSE     STATUS=OK             29 CALLS         495 TOTAL
                     EDM=11.2582    STRATEGY= 1      ERROR MATRIX ACCURATE 
  EXT PARAMETER                                   STEP         FIRST   
  NO.   NAME      VALUE            ERROR          SIZE      DERIVATIVE 
   1  norm         5.58658e+05   2.37604e+02   2.66389e+00  -2.27689e-02
   2  Q            5.65097e-01   2.27052e-05   1.00000e-03  -6.43094e+04
   3  theta       -7.01380e-06   1.99241e-03   1.85773e-02   1.38900e+03
   4  pileup       9.99658e-04   9.24524e-08   1.00000e-02  -2.01556e+06
 MINUIT WARNING IN MIGRAD  
 ============== Negative diagonal element 2 in Error Matrix
 MINUIT WARNING IN MIGRAD  
 ============== 1 added to diagonal of error matrix
 MIGRAD FAILS TO FIND IMPROVEMENT
 MIGRAD TERMINATED WITHOUT CONVERGENCE.
 FCN=-2.37862e+11 FROM MIGRAD    STATUS=FAILED        101 CALLS         540 TOTAL
                     EDM=1.97426e+09    STRATEGY= 1  ERROR MATRIX UNCERTAINTY 100.0 per cent
  EXT PARAMETER                APPROXIMATE        STEP         FIRST   
  NO.   NAME      VALUE            ERROR          SIZE      DERIVATIVE 
   1  norm         5.58658e+05   9.14554e+00   0.00000e+00  -3.82918e-03
   2  Q            5.65097e-01   1.00000e+00  -0.00000e+00   4.06721e+09
   3  theta       -1.05371e-05   1.00000e+00  -0.00000e+00   1.51102e+04
   4  pileup       9.99658e-04   1.00000e+00   0.00000e+00  -2.90473e+07
 EXTERNAL ERROR MATRIX.    NDIM=  25    NPAR=  4    ERR DEF=1
  8.364e+01 -1.812e-09  5.588e-04  6.839e-08 
 -1.812e-09  1.000e+00 -3.201e-14 -1.979e-18 
  5.588e-04 -3.201e-14  1.000e+00  6.105e-13 
  6.839e-08 -1.979e-18  6.105e-13  1.000e+00 
ERR MATRIX APPROXIMATE
 PARAMETER  CORRELATION COEFFICIENTS  
       NO.  GLOBAL      1      2      3      4
        1  0.00006   1.000 -0.000  0.000  0.000
        2  0.00000  -0.000  1.000 -0.000 -0.000
        3  0.00006   0.000 -0.000  1.000  0.000
        4  0.00000   0.000 -0.000  0.000  1.000
 ERR MATRIX APPROXIMATE
 **********
 **    4 **MIGRAD 
 **********
 START MIGRAD MINIMIZATION.  STRATEGY  1.  CONVERGENCE WHEN EDM .LT. 1.00e-04
 FCN=-2.37862e+11 FROM MIGRAD    STATUS=INITIATE       12 CALLS         552 TOTAL
                     EDM=7.21804e+16    STRATEGY= 1  ERROR MATRIX UNCERTAINTY 100.0 per cent
  EXT PARAMETER                APPROXIMATE        STEP         FIRST   
  NO.   NAME      VALUE            ERROR          SIZE      DERIVATIVE 
   1  norm         5.58658e+05   9.14554e+00   0.00000e+00  -9.93645e-03
   2  Q            5.65097e-01   1.00000e+00  -0.00000e+00  -5.18387e+03
   3  theta       -1.05371e-05   1.00000e+00  -0.00000e+00   1.51097e+04
   4  pileup       9.99658e-04   1.00000e+00   0.00000e+00  -2.90475e+07
 MIGRAD FAILS TO FIND IMPROVEMENT
 EIGENVALUES OF SECOND-DERIVATIVE MATRIX:
        -6.2087e-04  3.6654e-01  8.4992e-01  2.7842e+00
 MINUIT WARNING IN HESSE   
 ============== MATRIX FORCED POS-DEF BY ADDING 0.003405 TO DIAGONAL.
 FCN=-2.37862e+11 FROM HESSE     STATUS=NOT POSDEF     29 CALLS         592 TOTAL
                     EDM=0.00965238    STRATEGY= 1      ERR MATRIX NOT POS-DEF
  EXT PARAMETER                APPROXIMATE        STEP         FIRST   
  NO.   NAME      VALUE            ERROR          SIZE      DERIVATIVE 
   1  norm         5.58658e+05   9.60349e+01   5.32778e+02  -3.77333e-03
   2  Q            5.65097e-01   3.16018e-05   8.68896e-05  -5.25341e+03
   3  theta       -1.05371e-05   1.19891e-04   1.85866e-02  -4.12429e+02
   4  pileup       9.99658e-04   1.05199e-07   2.09841e-05  -6.07141e+05
 MINUIT WARNING IN MIGRAD  
 ============== Negative diagonal element 1 in Error Matrix
 MINUIT WARNING IN MIGRAD  
 ============== Negative diagonal element 2 in Error Matrix
 MINUIT WARNING IN MIGRAD  
 ============== Negative diagonal element 3 in Error Matrix
 MINUIT WARNING IN MIGRAD  
 ============== Negative diagonal element 4 in Error Matrix
 MINUIT WARNING IN MIGRAD  
 ============== 5.59674e+06 added to diagonal of error matrix
 MIGRAD FAILS TO FIND IMPROVEMENT
 MACHINE ACCURACY LIMITS FURTHER IMPROVEMENT.
 MIGRAD MINIMIZATION HAS CONVERGED.
 MIGRAD WILL VERIFY CONVERGENCE AND ERROR MATRIX.
 EIGENVALUES OF SECOND-DERIVATIVE MATRIX:
        -3.6218e-04  3.7191e-01  8.5162e-01  2.7768e+00
 MINUIT WARNING IN HESSE   
 ============== MATRIX FORCED POS-DEF BY ADDING 0.003139 TO DIAGONAL.
 MIGRAD TERMINATED WITHOUT CONVERGENCE.
 FCN=-2.37862e+11 FROM MIGRAD    STATUS=FAILED        102 CALLS         642 TOTAL
                     EDM=0.125757    STRATEGY= 1      ERR MATRIX NOT POS-DEF
  EXT PARAMETER                APPROXIMATE        STEP         FIRST   
  NO.   NAME      VALUE            ERROR          SIZE      DERIVATIVE 
   1  norm         5.58732e+05   9.69365e+01   2.13111e+02   2.12373e-02
   2  Q            5.65074e-01   3.14278e-05   1.73779e-04   7.15181e+04
   3  theta       -7.45044e-07   1.11196e-04   7.43462e-03  -1.58153e+03
   4  pileup       9.99684e-04   1.04009e-07   8.39365e-06   4.95490e+06
 EXTERNAL ERROR MATRIX.    NDIM=  25    NPAR=  4    ERR DEF=1
  9.397e+03 -3.033e-03 -1.178e-03 -4.319e-07 
 -3.033e-03  9.877e-10  5.627e-10  1.355e-13 
 -1.178e-03  5.627e-10  1.236e-08  5.055e-12 
 -4.319e-07  1.355e-13  5.055e-12  1.082e-14 
ERR MATRIX NOT POS-DEF
 PARAMETER  CORRELATION COEFFICIENTS  
       NO.  GLOBAL      1      2      3      4
        1  0.99721   1.000 -0.996 -0.109 -0.043
        2  0.99725  -0.996  1.000  0.161  0.041
        3  0.71395  -0.109  0.161  1.000  0.437
        4  0.53326  -0.043  0.041  0.437  1.000
 ERR MATRIX NOT POS-DEF
status of the fit-----000------4
1  558732
2  0.565074
3  -7.45044e-07
4  0.000999684
 PARAMETER DEFINITIONS:
    NO.   NAME         VALUE      STEP SIZE      LIMITS
     1 norm         5.58732e+05  1.00000e-01     no limits
     2 Q            5.65074e-01  1.00000e-01     no limits
     3 theta       -7.45044e-07  1.00000e-01     no limits
     4 pileup       9.99684e-04  1.00000e-01     no limits
 **********
 **    5 **MIGRAD
 **********
 FIRST CALL TO USER FUNCTION AT NEW START POINT, WITH IFLAG=4.
 START MIGRAD MINIMIZATION.  STRATEGY  1.  CONVERGENCE WHEN EDM .LT. 1.00e-04
 FCN=-2.37862e+11 FROM MIGRAD    STATUS=INITIATE       16 CALLS         659 TOTAL
                     EDM= unknown      STRATEGY= 1      NO ERROR MATRIX       
  EXT PARAMETER               CURRENT GUESS       STEP         FIRST   
  NO.   NAME      VALUE            ERROR          SIZE      DERIVATIVE 
   1  norm         5.58732e+05   1.00000e-01   1.00000e-01   2.13054e-02
   2  Q            5.65074e-01   1.00000e-01   1.00000e-01   7.27749e+06
   3  theta       -7.45044e-07   1.00000e-01   1.00000e-01   1.39576e+04
   4  pileup       9.99684e-04   1.00000e-01   1.00000e-01  -9.18017e+11
 MIGRAD FAILS TO FIND IMPROVEMENT
 COVARIANCE MATRIX CALCULATED SUCCESSFULLY
 FCN=-2.37862e+11 FROM HESSE     STATUS=OK             29 CALLS         699 TOTAL
                     EDM=37.1045    STRATEGY= 1      ERROR MATRIX ACCURATE 
  EXT PARAMETER                                   STEP         FIRST   
  NO.   NAME      VALUE            ERROR          SIZE      DERIVATIVE 
   1  norm         5.58732e+05   4.45902e+02   2.66424e+00   2.11336e-02
   2  Q            5.65074e-01   4.25777e-05   1.00000e-03   7.15038e+04
   3  theta       -7.45044e-07   3.72623e-03   1.85607e-02  -1.56043e+03
   4  pileup       9.99684e-04   9.24929e-08   1.00000e-02   4.36956e+06
 MIGRAD FAILS TO FIND IMPROVEMENT
 MIGRAD TERMINATED WITHOUT CONVERGENCE.
 FCN=-2.37862e+11 FROM MIGRAD    STATUS=FAILED        101 CALLS         744 TOTAL
                     EDM=4.93865e+09    STRATEGY= 1  ERROR MATRIX UNCERTAINTY 100.0 per cent
  EXT PARAMETER                APPROXIMATE        STEP         FIRST   
  NO.   NAME      VALUE            ERROR          SIZE      DERIVATIVE 
   1  norm         5.58732e+05   9.17026e+00  -0.00000e+00   2.90687e-03
   2  Q            5.65074e-01   3.50873e-10  -0.00000e+00   3.92979e+09
   3  theta        2.65010e-06   9.95678e-05  -0.00000e+00   1.57132e+04
   4  pileup       9.99684e-04   1.32878e-08   0.00000e+00  -2.43527e+07
 EXTERNAL ERROR MATRIX.    NDIM=  25    NPAR=  4    ERR DEF=1
  8.409e+01 -1.840e-09  5.510e-04  2.574e-08 
 -1.840e-09  1.231e-19 -3.329e-14 -3.571e-18 
  5.510e-04 -3.329e-14  9.914e-09  1.058e-12 
  2.574e-08 -3.571e-18  1.058e-12  1.766e-16 
ERR MATRIX APPROXIMATE
 PARAMETER  CORRELATION COEFFICIENTS  
       NO.  GLOBAL      1      2      3      4
        1  0.75388   1.000 -0.572  0.604  0.211
        2  0.95278  -0.572  1.000 -0.953 -0.766
        3  0.96783   0.604 -0.953  1.000  0.800
        4  0.86901   0.211 -0.766  0.800  1.000
 ERR MATRIX APPROXIMATE
 **********
 **    6 **MIGRAD 
 **********
 START MIGRAD MINIMIZATION.  STRATEGY  1.  CONVERGENCE WHEN EDM .LT. 1.00e-04
 FCN=-2.37862e+11 FROM MIGRAD    STATUS=INITIATE       12 CALLS         756 TOTAL
                     EDM=22.1173    STRATEGY= 1  ERROR MATRIX UNCERTAINTY 100.0 per cent
  EXT PARAMETER                APPROXIMATE        STEP         FIRST   
  NO.   NAME      VALUE            ERROR          SIZE      DERIVATIVE 
   1  norm         5.58732e+05   9.17026e+00  -0.00000e+00  -3.19950e-03
   2  Q            5.65074e-01   3.50873e-10  -0.00000e+00   1.45562e+04
   3  theta        2.65010e-06   9.95678e-05  -0.00000e+00   1.57128e+04
   4  pileup       9.99684e-04   1.32878e-08   0.00000e+00  -2.43529e+07
 MIGRAD FAILS TO FIND IMPROVEMENT
 MACHINE ACCURACY LIMITS FURTHER IMPROVEMENT.
 MIGRAD MINIMIZATION HAS CONVERGED.
 MIGRAD WILL VERIFY CONVERGENCE AND ERROR MATRIX.
 EIGENVALUES OF SECOND-DERIVATIVE MATRIX:
        -7.0714e-04  3.6642e-01  8.5027e-01  2.7840e+00
 MINUIT WARNING IN HESSE   
 ============== MATRIX FORCED POS-DEF BY ADDING 0.003491 TO DIAGONAL.
 FCN=-2.37862e+11 FROM HESSE     STATUS=NOT POSDEF     29 CALLS         838 TOTAL
                     EDM=0.057796    STRATEGY= 1      ERR MATRIX NOT POS-DEF
  EXT PARAMETER                APPROXIMATE        STEP         FIRST   
  NO.   NAME      VALUE            ERROR          SIZE      DERIVATIVE 
   1  norm         5.58731e+05   9.60527e+01   1.72508e+03   1.75025e-03
   2  Q            5.65074e-01   3.16013e-05   8.83551e-05   1.11831e+04
   3  theta       -2.39469e-06   1.19575e-04   1.85701e-02  -7.38943e+02
   4  pileup       9.99684e-04   1.05023e-07   2.09845e-05   4.42086e+06
 MINUIT WARNING IN MIGRAD  
 ============== Negative diagonal element 2 in Error Matrix
 MINUIT WARNING IN MIGRAD  
 ============== 1 added to diagonal of error matrix
 MIGRAD FAILS TO FIND IMPROVEMENT
 MIGRAD TERMINATED WITHOUT CONVERGENCE.
 FCN=-2.37862e+11 FROM MIGRAD    STATUS=FAILED        132 CALLS         876 TOTAL
                     EDM=3.45416e+09    STRATEGY= 1      ERR MATRIX NOT POS-DEF
  EXT PARAMETER                APPROXIMATE        STEP         FIRST   
  NO.   NAME      VALUE            ERROR          SIZE      DERIVATIVE 
   1  norm         5.58744e+05   9.22422e+00  -0.00000e+00  -6.64068e-02
   2  Q            5.65070e-01   1.00000e+00  -0.00000e+00   3.85951e+09
   3  theta       -1.66537e-05   1.00000e+00  -0.00000e+00   1.48137e+04
   4  pileup       9.99657e-04   1.00000e+00   0.00000e+00  -2.90675e+07
 EXTERNAL ERROR MATRIX.    NDIM=  25    NPAR=  4    ERR DEF=1
  8.509e+01 -2.224e-10  5.540e-04  9.471e-09 
 -2.224e-10  1.000e+00 -1.402e-14  3.257e-18 
  5.540e-04 -1.402e-14  1.000e+00  2.793e-12 
  9.471e-09  3.257e-18  2.793e-12  1.000e+00 
ERR MATRIX NOT POS-DEF
 PARAMETER  CORRELATION COEFFICIENTS  
       NO.  GLOBAL      1      2      3      4
        1  0.00006   1.000 -0.000  0.000  0.000
        2  0.00000  -0.000  1.000 -0.000  0.000
        3  0.00006   0.000 -0.000  1.000  0.000
        4  0.00000   0.000  0.000  0.000  1.000
 ERR MATRIX NOT POS-DEF
status of the fit-----000------4
1  558744
2  0.56507
3  -1.66537e-05
4  0.000999657
 **********
 **   25 **SET PRINT           2
 **********
 **********
 **   26 **SET NOGRAD
 **********
 PARAMETER DEFINITIONS:
    NO.   NAME         VALUE      STEP SIZE      LIMITS
     1 p0           5.58000e+05  1.67400e+05     no limits
     2 p1           5.65000e-01  1.69500e-01     no limits
     3 p2           0.00000e+00  3.00000e-01     no limits
     4 p3           9.99871e-04  2.99961e-04     no limits
 **********
 **   27 **SET ERR         0.5
 **********
 **********
 **   28 **SET PRINT           2
 **********
 **********
 **   29 **SET STR           1
 **********
 NOW USING STRATEGY  1: TRY TO BALANCE SPEED AGAINST RELIABILITY
 **********
 **   30 **MIGRAD        1480        0.01
 **********
 FIRST CALL TO USER FUNCTION AT NEW START POINT, WITH IFLAG=4.
 START MIGRAD MINIMIZATION.  STRATEGY  1.  CONVERGENCE WHEN EDM .LT. 1.00e-05
 FCN=17167.5 FROM MIGRAD    STATUS=INITIATE       18 CALLS          19 TOTAL
                     EDM= unknown      STRATEGY= 1      NO ERROR MATRIX       
  EXT PARAMETER               CURRENT GUESS       STEP         FIRST   
  NO.   NAME      VALUE            ERROR          SIZE      DERIVATIVE 
   1  p0           5.58000e+05   1.67400e+05   1.67400e+05  -3.61192e+01
   2  p1           5.65000e-01   1.69500e-01   1.69500e-01  -1.12118e+08
   3  p2           0.00000e+00   3.00000e-01   3.00000e-01   2.04927e+06
   4  p3           9.99871e-04   2.99961e-04   2.99961e-04  -9.66533e+08
                               ERR DEF= 0.5
NO ERROR MATRIX       
 FCN=1364.49 FROM MIGRAD    STATUS=PROGRESS       36 CALLS          37 TOTAL
                     EDM=4116.29    STRATEGY= 1      NO ERROR MATRIX       
  EXT PARAMETER               CURRENT GUESS       STEP         FIRST   
  NO.   NAME      VALUE            ERROR          SIZE      DERIVATIVE 
   1  p0           5.58354e+05   1.67400e+05   3.53841e+02  -2.53492e+00
   2  p1           5.65114e-01   1.69500e-01   1.14102e-04  -7.80850e+06
   3  p2          -2.32075e-03   3.00000e-01  -2.32075e-03  -4.84941e+05
   4  p3           1.00127e-03   2.99961e-04   1.40387e-06   5.10818e+08
                               ERR DEF= 0.5
 MIGRAD MINIMIZATION HAS CONVERGED.
 MIGRAD WILL VERIFY CONVERGENCE AND ERROR MATRIX.
   START COVARIANCE MATRIX CALCULATION.
 EIGENVALUES OF SECOND-DERIVATIVE MATRIX:
         8.7475e-05  4.0103e-01  8.5150e-01  2.7474e+00
 COVARIANCE MATRIX CALCULATED SUCCESSFULLY
 FCN=72.1214 FROM MIGRAD    STATUS=CONVERGED     100 CALLS         101 TOTAL
                     EDM=8.93302e-06    STRATEGY= 1      ERROR MATRIX ACCURATE 
  EXT PARAMETER                                   STEP         FIRST   
  NO.   NAME      VALUE            ERROR          SIZE      DERIVATIVE 
   1  p0           5.58478e+05   3.86106e+02   2.66303e-01  -4.45153e-06
   2  p1           5.65154e-01   1.24886e-04   2.69486e-07  -2.58764e+01
   3  p2           6.60771e-05   8.65837e-05   3.31819e-07  -1.34084e+01
   4  p3           9.99701e-04   7.86875e-08   4.76694e-10  -1.24706e+04
                               ERR DEF= 0.5
 EXTERNAL ERROR MATRIX.    NDIM=  25    NPAR=  4    ERR DEF=0.5
  1.491e+05 -4.821e-02 -1.711e-02 -1.291e-05 
 -4.821e-02  1.560e-08  5.616e-09  4.171e-12 
 -1.711e-02  5.616e-09  7.497e-09  3.646e-12 
 -1.291e-05  4.171e-12  3.646e-12  6.192e-15 
 PARAMETER  CORRELATION COEFFICIENTS  
       NO.  GLOBAL      1      2      3      4
        1  0.99991   1.000 -1.000 -0.512 -0.425
        2  0.99991  -1.000  1.000  0.519  0.424
        3  0.78203  -0.512  0.519  1.000  0.535
        4  0.62775  -0.425  0.424  0.535  1.000
 EXTERNAL ERROR MATRIX.    NDIM=   4    NPAR=  4    ERR DEF=0.5
  1.491e+05 -4.821e-02 -1.711e-02 -1.291e-05 
 -4.821e-02  1.560e-08  5.616e-09  4.171e-12 
 -1.711e-02  5.616e-09  7.497e-09  3.646e-12 
 -1.291e-05  4.171e-12  3.646e-12  6.192e-15 
 FCN=72.1214 FROM MIGRAD    STATUS=CONVERGED     100 CALLS         101 TOTAL
                     EDM=8.93302e-06    STRATEGY= 1      ERROR MATRIX ACCURATE 
  EXT PARAMETER                  PARABOLIC         MINOS ERRORS        
  NO.   NAME      VALUE            ERROR      NEGATIVE      POSITIVE   
   1  p0           5.58478e+05   3.86106e+02                            
   2  p1           5.65154e-01   1.24886e-04                            
   3  p2           6.60771e-05   8.65837e-05                            
   4  p3           9.99701e-04   7.86875e-08                            
                               ERR DEF= 0.5
------------------------------------------
Enering ROOFIt-------
 PARAMETER DEFINITIONS:
    NO.   NAME         VALUE      STEP SIZE      LIMITS
     1 norm         5.58478e+05  1.00000e-01     no limits
     2 Q            5.65000e-01  1.00000e-01     no limits
     3 theta        0.00000e+00  1.00000e-01     no limits
     4 pileup       9.99701e-04  1.00000e-01     no limits
 **********
 **    1 **MIGRAD
 **********
 FIRST CALL TO USER FUNCTION AT NEW START POINT, WITH IFLAG=4.
 START MIGRAD MINIMIZATION.  STRATEGY  1.  CONVERGENCE WHEN EDM .LT. 1.00e-04
 FCN=-2.37858e+11 FROM MIGRAD    STATUS=INITIATE       16 CALLS          17 TOTAL
                     EDM= unknown      STRATEGY= 1      NO ERROR MATRIX       
  EXT PARAMETER               CURRENT GUESS       STEP         FIRST   
  NO.   NAME      VALUE            ERROR          SIZE      DERIVATIVE 
   1  norm         5.58478e+05   1.00000e-01   1.00000e-01  -1.80644e+01
   2  Q            5.65000e-01   1.00000e-01   1.00000e-01  -2.68777e+08
   3  theta        0.00000e+00   1.00000e-01   1.00000e-01   1.04525e+06
   4  pileup       9.99701e-04   1.00000e-01   1.00000e-01  -9.18644e+11
 MIGRAD FAILS TO FIND IMPROVEMENT
 MACHINE ACCURACY LIMITS FURTHER IMPROVEMENT.
 MIGRAD MINIMIZATION HAS CONVERGED.
 MIGRAD WILL VERIFY CONVERGENCE AND ERROR MATRIX.
 EIGENVALUES OF SECOND-DERIVATIVE MATRIX:
        -7.3365e-04  3.6662e-01  8.5013e-01  2.7840e+00
 MINUIT WARNING IN HESSE   
 ============== MATRIX FORCED POS-DEF BY ADDING 0.003518 TO DIAGONAL.
 FCN=-2.37858e+11 FROM HESSE     STATUS=NOT POSDEF     29 CALLS         471 TOTAL
                     EDM=0.147891    STRATEGY= 1      ERR MATRIX NOT POS-DEF
  EXT PARAMETER                APPROXIMATE        STEP         FIRST   
  NO.   NAME      VALUE            ERROR          SIZE      DERIVATIVE 
   1  norm         5.58951e+05   9.60750e+01   1.72577e+03   5.99817e-02
   2  Q            5.65001e-01   3.16007e-05   9.41519e-05   1.86425e+05
   3  theta        4.72431e-05   1.19466e-04   1.85190e-02  -4.81632e+03
   4  pileup       9.99732e-04   1.05035e-07   2.09847e-05   8.24849e+06
 EIGENVALUES OF SECOND-DERIVATIVE MATRIX:
        -6.8663e-04  2.3137e-02  1.0743e+00  2.9033e+00
 MINUIT WARNING IN MIGRAD  
 ============== MATRIX FORCED POS-DEF BY ADDING 0.003590 TO DIAGONAL.
 MIGRAD FAILS TO FIND IMPROVEMENT
 MACHINE ACCURACY LIMITS FURTHER IMPROVEMENT.
 MIGRAD MINIMIZATION HAS CONVERGED.
 MIGRAD WILL VERIFY CONVERGENCE AND ERROR MATRIX.
 EIGENVALUES OF SECOND-DERIVATIVE MATRIX:
        -7.3236e-04  3.6662e-01  8.5014e-01  2.7840e+00
 MINUIT WARNING IN HESSE   
 ============== MATRIX FORCED POS-DEF BY ADDING 0.003516 TO DIAGONAL.
 MIGRAD TERMINATED WITHOUT CONVERGENCE.
 FCN=-2.37858e+11 FROM MIGRAD    STATUS=FAILED        539 CALLS         540 TOTAL
                     EDM=0.00789629    STRATEGY= 1      ERR MATRIX NOT POS-DEF
  EXT PARAMETER                APPROXIMATE        STEP         FIRST   
  NO.   NAME      VALUE            ERROR          SIZE      DERIVATIVE 
   1  norm         5.58952e+05   9.60746e+01   1.72577e+03  -3.97214e-04
   2  Q            5.65000e-01   3.16010e-05   9.41400e-05  -1.51064e+03
   3  theta        3.78506e-05   1.19471e-04   1.85186e-02  -1.67904e+02
   4  pileup       9.99699e-04   1.05034e-07   2.09855e-05  -1.07226e+06
 EXTERNAL ERROR MATRIX.    NDIM=  25    NPAR=  4    ERR DEF=1
  9.230e+03 -3.022e-03 -4.039e-03 -1.489e-06 
 -3.022e-03  9.986e-10  1.516e-09  4.872e-13 
 -4.039e-03  1.516e-09  1.427e-08  5.714e-12 
 -1.489e-06  4.872e-13  5.714e-12  1.103e-14 
ERR MATRIX NOT POS-DEF
 PARAMETER  CORRELATION COEFFICIENTS  
       NO.  GLOBAL      1      2      3      4
        1  0.99716   1.000 -0.995 -0.352 -0.148
        2  0.99729  -0.995  1.000  0.401  0.147
        3  0.76015  -0.352  0.401  1.000  0.455
        4  0.54648  -0.148  0.147  0.455  1.000
 ERR MATRIX NOT POS-DEF
 **********
 **    2 **MIGRAD 
 **********
 START MIGRAD MINIMIZATION.  STRATEGY  1.  CONVERGENCE WHEN EDM .LT. 1.00e-04
 FCN=-2.37858e+11 FROM MIGRAD    STATUS=INITIATE        8 CALLS         548 TOTAL
                     EDM=2.13184    STRATEGY= 1      ERR MATRIX NOT POS-DEF
  EXT PARAMETER                APPROXIMATE        STEP         FIRST   
  NO.   NAME      VALUE            ERROR          SIZE      DERIVATIVE 
   1  norm         5.58952e+05   9.60746e+01   1.72577e+03  -1.06341e-02
   2  Q            5.65000e-01   3.16010e-05   9.41400e-05  -1.21589e+03
   3  theta        3.78506e-05   1.19471e-04   1.85186e-02   2.30238e+03
   4  pileup       9.99699e-04   1.05034e-07   2.09855e-05  -2.84175e+07
 MIGRAD FAILS TO FIND IMPROVEMENT
 MACHINE ACCURACY LIMITS FURTHER IMPROVEMENT.
 MIGRAD MINIMIZATION HAS CONVERGED.
 MIGRAD WILL VERIFY CONVERGENCE AND ERROR MATRIX.
 EIGENVALUES OF SECOND-DERIVATIVE MATRIX:
        -4.2484e-04  3.7334e-01  8.5160e-01  2.7755e+00
 MINUIT WARNING IN HESSE   
 ============== MATRIX FORCED POS-DEF BY ADDING 0.003200 TO DIAGONAL.
 FCN=-2.37858e+11 FROM HESSE     STATUS=NOT POSDEF     31 CALLS         590 TOTAL
                     EDM=0.00386295    STRATEGY= 1      ERR MATRIX NOT POS-DEF
  EXT PARAMETER                APPROXIMATE        STEP         FIRST   
  NO.   NAME      VALUE            ERROR          SIZE      DERIVATIVE 
   1  norm         5.58952e+05   9.70083e+01   6.90309e+02  -3.11671e-04
   2  Q            5.65000e-01   3.14277e-05   1.88280e-04  -1.50943e+03
   3  theta        3.78506e-05   1.10647e-04   7.40746e-03  -1.88431e+02
   4  pileup       9.99699e-04   1.03818e-07   2.09842e-05  -1.07214e+06
 MIGRAD FAILS TO FIND IMPROVEMENT
 MACHINE ACCURACY LIMITS FURTHER IMPROVEMENT.
 MIGRAD MINIMIZATION HAS CONVERGED.
 MIGRAD WILL VERIFY CONVERGENCE AND ERROR MATRIX.
 EIGENVALUES OF SECOND-DERIVATIVE MATRIX:
        -7.3225e-04  3.6662e-01  8.5014e-01  2.7840e+00
 MINUIT WARNING IN HESSE   
 ============== MATRIX FORCED POS-DEF BY ADDING 0.003516 TO DIAGONAL.
 MIGRAD TERMINATED WITHOUT CONVERGENCE.
 FCN=-2.37858e+11 FROM MIGRAD    STATUS=FAILED        141 CALLS         681 TOTAL
                     EDM=0.0268461    STRATEGY= 1      ERR MATRIX NOT POS-DEF
  EXT PARAMETER                APPROXIMATE        STEP         FIRST   
  NO.   NAME      VALUE            ERROR          SIZE      DERIVATIVE 
   1  norm         5.58951e+05   9.60744e+01   1.72576e+03  -2.42193e-03
   2  Q            5.65001e-01   3.16010e-05   9.41400e-05  -1.41825e+02
   3  theta        3.94679e-05   1.19473e-04   1.85187e-02   1.07795e+02
   4  pileup       9.99699e-04   1.05034e-07   2.09842e-05  -8.44592e+04
 EXTERNAL ERROR MATRIX.    NDIM=  25    NPAR=  4    ERR DEF=1
  9.230e+03 -3.022e-03 -4.039e-03 -1.488e-06 
 -3.022e-03  9.986e-10  1.515e-09  4.872e-13 
 -4.039e-03  1.515e-09  1.427e-08  5.714e-12 
 -1.488e-06  4.872e-13  5.714e-12  1.103e-14 
ERR MATRIX NOT POS-DEF
 PARAMETER  CORRELATION COEFFICIENTS  
       NO.  GLOBAL      1      2      3      4
        1  0.99716   1.000 -0.995 -0.352 -0.148
        2  0.99729  -0.995  1.000  0.401  0.147
        3  0.76014  -0.352  0.401  1.000  0.455
        4  0.54648  -0.148  0.147  0.455  1.000
 ERR MATRIX NOT POS-DEF
status of the fit-----000------4
1  558951
2  0.565001
3  3.94679e-05
4  0.000999699
 PARAMETER DEFINITIONS:
    NO.   NAME         VALUE      STEP SIZE      LIMITS
     1 norm         5.58951e+05  1.00000e-01     no limits
     2 Q            5.65001e-01  1.00000e-01     no limits
     3 theta        3.94679e-05  1.00000e-01     no limits
     4 pileup       9.99699e-04  1.00000e-01     no limits
 **********
 **    3 **MIGRAD
 **********
 FIRST CALL TO USER FUNCTION AT NEW START POINT, WITH IFLAG=4.
 START MIGRAD MINIMIZATION.  STRATEGY  1.  CONVERGENCE WHEN EDM .LT. 1.00e-04
 FCN=-2.37858e+11 FROM MIGRAD    STATUS=INITIATE       16 CALLS         698 TOTAL
                     EDM= unknown      STRATEGY= 1      NO ERROR MATRIX       
  EXT PARAMETER               CURRENT GUESS       STEP         FIRST   
  NO.   NAME      VALUE            ERROR          SIZE      DERIVATIVE 
   1  norm         5.58951e+05   1.00000e-01   1.00000e-01   2.00375e-04
   2  Q            5.65001e-01   1.00000e-01   1.00000e-01   6.54758e+06
   3  theta        3.94679e-05   1.00000e-01   1.00000e-01   1.56618e+04
   4  pileup       9.99699e-04   1.00000e-01   1.00000e-01  -9.18004e+11
 MIGRAD FAILS TO FIND IMPROVEMENT
 COVARIANCE MATRIX CALCULATED SUCCESSFULLY
 FCN=-2.37858e+11 FROM HESSE     STATUS=OK             29 CALLS         738 TOTAL
                     EDM=0.00708281    STRATEGY= 1      ERROR MATRIX ACCURATE 
  EXT PARAMETER                                   STEP         FIRST   
  NO.   NAME      VALUE            ERROR          SIZE      DERIVATIVE 
   1  norm         5.58951e+05   1.57953e+02   2.66529e+00  -1.14500e-04
   2  Q            5.65001e-01   1.50958e-05   1.00000e-03  -1.14193e+02
   3  theta        3.94679e-05   1.32357e-03   1.85094e-02   1.07602e+02
   4  pileup       9.99699e-04   9.24435e-08   1.00000e-02  -6.31975e+05
 MIGRAD FAILS TO FIND IMPROVEMENT
 MACHINE ACCURACY LIMITS FURTHER IMPROVEMENT.
 MIGRAD MINIMIZATION HAS CONVERGED.
 FCN=-2.37858e+11 FROM MIGRAD    STATUS=CONVERGED      62 CALLS         744 TOTAL
                     EDM=0.00708281    STRATEGY= 1      ERROR MATRIX ACCURATE 
  EXT PARAMETER                                   STEP         FIRST   
  NO.   NAME      VALUE            ERROR          SIZE      DERIVATIVE 
   1  norm         5.58951e+05   1.57953e+02   0.00000e+00  -1.14500e-04
   2  Q            5.65001e-01   1.50958e-05  -0.00000e+00  -1.14193e+02
   3  theta        3.94679e-05   1.32357e-03  -0.00000e+00   1.07602e+02
   4  pileup       9.99699e-04   9.24435e-08   0.00000e+00  -6.31975e+05
 EXTERNAL ERROR MATRIX.    NDIM=  25    NPAR=  4    ERR DEF=1
  2.495e+04 -2.380e-03 -2.076e-01 -1.781e-07 
 -2.380e-03  2.279e-10  1.992e-08  8.600e-15 
 -2.076e-01  1.992e-08  1.752e-06  1.716e-12 
 -1.781e-07  8.600e-15  1.716e-12  8.546e-15 
 PARAMETER  CORRELATION COEFFICIENTS  
       NO.  GLOBAL      1      2      3      4
        1  0.99895   1.000 -0.998 -0.993 -0.012
        2  0.99959  -0.998  1.000  0.997  0.006
        3  0.99827  -0.993  0.997  1.000  0.014
        4  0.23270  -0.012  0.006  0.014  1.000
 **********
 **    4 **MIGRAD 
 **********
 START MIGRAD MINIMIZATION.  STRATEGY  1.  CONVERGENCE WHEN EDM .LT. 1.00e-04
 FCN=-2.37858e+11 FROM MIGRAD    STATUS=INITIATE        8 CALLS         752 TOTAL
                     EDM=4.68476    STRATEGY= 1      ERROR MATRIX ACCURATE 
  EXT PARAMETER                                   STEP         FIRST   
  NO.   NAME      VALUE            ERROR          SIZE      DERIVATIVE 
   1  norm         5.58951e+05   1.57953e+02   0.00000e+00   1.40263e-04
   2  Q            5.65001e-01   1.50958e-05  -0.00000e+00  -2.91872e+01
   3  theta        3.94679e-05   1.32357e-03  -0.00000e+00   2.57531e+03
   4  pileup       9.99699e-04   9.24435e-08   0.00000e+00  -2.96916e+07
 MIGRAD FAILS TO FIND IMPROVEMENT
 MACHINE ACCURACY LIMITS FURTHER IMPROVEMENT.
 MIGRAD MINIMIZATION HAS CONVERGED.
 FCN=-2.37858e+11 FROM MIGRAD    STATUS=CONVERGED      19 CALLS         763 TOTAL
                     EDM=4.68476    STRATEGY= 1      ERROR MATRIX ACCURATE 
  EXT PARAMETER                                   STEP         FIRST   
  NO.   NAME      VALUE            ERROR          SIZE      DERIVATIVE 
   1  norm         5.58951e+05   1.57953e+02   0.00000e+00   1.40263e-04
   2  Q            5.65001e-01   1.50958e-05  -0.00000e+00  -2.91872e+01
   3  theta        3.94679e-05   1.32357e-03  -0.00000e+00   2.57531e+03
   4  pileup       9.99699e-04   9.24435e-08   0.00000e+00  -2.96916e+07
 EXTERNAL ERROR MATRIX.    NDIM=  25    NPAR=  4    ERR DEF=1
  2.495e+04 -2.380e-03 -2.076e-01 -1.781e-07 
 -2.380e-03  2.279e-10  1.992e-08  8.600e-15 
 -2.076e-01  1.992e-08  1.752e-06  1.716e-12 
 -1.781e-07  8.600e-15  1.716e-12  8.546e-15 
 PARAMETER  CORRELATION COEFFICIENTS  
       NO.  GLOBAL      1      2      3      4
        1  0.99895   1.000 -0.998 -0.993 -0.012
        2  0.99959  -0.998  1.000  0.997  0.006
        3  0.99827  -0.993  0.997  1.000  0.014
        4  0.23270  -0.012  0.006  0.014  1.000
status of the fit-----000------0
1  558951
2  0.565001
3  3.94679e-05
4  0.000999699
