  *******************************************
  *                                         *
  *        W E L C O M E  to  R O O T       *
  *                                         *
  *   Version   5.34/36      5 April 2016   *
  *                                         *
  *  You are welcome to visit our Web site  *
  *          http://root.cern.ch            *
  *                                         *
  *******************************************

ROOT 5.34/36 (v5-34-36@v5-34-36, Apr 05 2016, 10:25:45 on linuxx8664gcc)

CINT/ROOT C/C++ Interpreter version 5.18.00, July 2, 2010
Type ? for help. Commands must be C++ statements.
Enclose multiple statements between { }.
Loading root init file.
The rat/rootinit.C file loaded the DEAP style for you, which is available from the fStyle pointer.
DEAP style applied. 
RAT: Libraries loaded.

Processing /home/fatemigh/projects/rpp-jillings/fatemigh/sterile/Likelihood/LikelihoodSterile_modified6.C+(127)...
pased here
566 lines read from file
31
spec_E  566
Before entering fitting
 **********
 **    1 **SET PRINT           2
 **********
 **********
 **    2 **SET NOGRAD
 **********
 PARAMETER DEFINITIONS:
    NO.   NAME         VALUE      STEP SIZE      LIMITS
     1 p0           5.58000e+05  1.67400e+05     no limits
     2 p1           5.65000e-01  1.69500e-01     no limits
     3 p2           0.00000e+00  3.00000e-01     no limits
     4 p3           9.99871e-04  2.99961e-04     no limits
 **********
 **    3 **SET ERR         0.5
 **********
 **********
 **    4 **SET PRINT           2
 **********
 **********
 **    5 **SET STR           1
 **********
 NOW USING STRATEGY  1: TRY TO BALANCE SPEED AGAINST RELIABILITY
 **********
 **    6 **MIGRAD        1480        0.01
 **********
 FIRST CALL TO USER FUNCTION AT NEW START POINT, WITH IFLAG=4.
 START MIGRAD MINIMIZATION.  STRATEGY  1.  CONVERGENCE WHEN EDM .LT. 1.00e-05
 FCN=16862.6 FROM MIGRAD    STATUS=INITIATE       16 CALLS          17 TOTAL
                     EDM= unknown      STRATEGY= 1      NO ERROR MATRIX       
  EXT PARAMETER               CURRENT GUESS       STEP         FIRST   
  NO.   NAME      VALUE            ERROR          SIZE      DERIVATIVE 
   1  p0           5.58000e+05   1.67400e+05   1.67400e+05  -3.57968e+01
   2  p1           5.65000e-01   1.69500e-01   1.69500e-01  -5.06611e+08
   3  p2           0.00000e+00   3.00000e-01   3.00000e-01   2.03607e+06
   4  p3           9.99871e-04   2.99961e-04   2.99961e-04  -9.58410e+08
                               ERR DEF= 0.5
NO ERROR MATRIX       
 FCN=2580.73 FROM MIGRAD    STATUS=PROGRESS       34 CALLS          35 TOTAL
                     EDM=6247.23    STRATEGY= 1      NO ERROR MATRIX       
  EXT PARAMETER               CURRENT GUESS       STEP         FIRST   
  NO.   NAME      VALUE            ERROR          SIZE      DERIVATIVE 
   1  p0           5.58478e+05   1.67400e+05   4.78179e+02  -5.41329e+00
   2  p1           5.65027e-01   1.69500e-01   2.72688e-05  -1.67395e+07
   3  p2          -3.14405e-03   3.00000e-01  -3.14405e-03  -5.28288e+05
   4  p3           1.00177e-03   2.99961e-04   1.89816e-06   6.18099e+08
                               ERR DEF= 0.5
 MIGRAD MINIMIZATION HAS CONVERGED.
 MIGRAD WILL VERIFY CONVERGENCE AND ERROR MATRIX.
   START COVARIANCE MATRIX CALCULATION.
 EIGENVALUES OF SECOND-DERIVATIVE MATRIX:
         5.6180e-04  4.2933e-01  8.5239e-01  2.7177e+00
 COVARIANCE MATRIX CALCULATED SUCCESSFULLY
 FCN=71.3597 FROM HESSE     STATUS=OK             27 CALLS         109 TOTAL
                     EDM=0.0044531    STRATEGY= 1      ERROR MATRIX ACCURATE 
  EXT PARAMETER                                   STEP         FIRST   
  NO.   NAME      VALUE            ERROR          SIZE      DERIVATIVE 
   1  p0           5.58841e+05   1.52990e+02   2.66476e-01  -4.20672e-05
   2  p1           5.65033e-01   4.91075e-05   2.69429e-07   1.78731e+03
   3  p2           1.44402e-05   7.14866e-05   3.25960e-07  -1.61848e+01
   4  p3           9.99692e-04   7.14618e-08   4.76690e-10   3.96238e+03
                               ERR DEF= 0.5
 PARAMETER  CORRELATION COEFFICIENTS  
       NO.  GLOBAL      1      2      3      4
        1  0.99944   1.000 -0.999  0.224  0.249
        2  0.99944  -0.999  1.000 -0.203 -0.251
        3  0.68364   0.224 -0.203  1.000  0.408
        4  0.53096   0.249 -0.251  0.408  1.000
 FCN=71.3242 FROM MIGRAD    STATUS=PROGRESS      121 CALLS         122 TOTAL
                     EDM=0.0263127    STRATEGY= 1      ERROR MATRIX ACCURATE 
  EXT PARAMETER                                   STEP         FIRST   
  NO.   NAME      VALUE            ERROR          SIZE      DERIVATIVE 
   1  p0           5.58958e+05   1.52990e+02   1.16453e+02  -4.35819e-03
   2  p1           5.64996e-01   4.91075e-05  -3.73975e-05  -1.22694e+04
   3  p2           2.61620e-05   7.14866e-05   1.17218e-05   2.65380e+03
   4  p3           9.99706e-04   7.14618e-08   1.37471e-08   1.38037e+06
                               ERR DEF= 0.5
 MIGRAD FAILS TO FIND IMPROVEMENT
 MIGRAD MINIMIZATION HAS CONVERGED.
 MIGRAD WILL VERIFY CONVERGENCE AND ERROR MATRIX.
   START COVARIANCE MATRIX CALCULATION.
 EIGENVALUES OF SECOND-DERIVATIVE MATRIX:
         1.3818e-03  4.2834e-01  8.6186e-01  2.7084e+00
 COVARIANCE MATRIX CALCULATED SUCCESSFULLY
 MIGRAD TERMINATED WITHOUT CONVERGENCE.
 FCN=70.8929 FROM MIGRAD    STATUS=FAILED        196 CALLS         197 TOTAL
                     EDM=0.000139609    STRATEGY= 1      ERR MATRIX APPROXIMATE
  EXT PARAMETER                APPROXIMATE        STEP         FIRST   
  NO.   NAME      VALUE            ERROR          SIZE      DERIVATIVE 
   1  p0           5.60380e+05   9.78090e+01   2.67210e-01   1.81979e-04
   2  p1           5.64538e-01   3.12980e-05   2.69193e-07   5.60580e+02
   3  p2          -7.09014e-05   6.70395e-05   3.20015e-07  -1.66683e+02
   4  p3           9.99687e-04   7.10011e-08   4.76688e-10  -3.31722e+04
                               ERR DEF= 0.5
 EXTERNAL ERROR MATRIX.    NDIM=  25    NPAR=  4    ERR DEF=0.5
  9.567e+03 -3.055e-03  8.564e-04  8.526e-07 
 -3.055e-03  9.796e-10 -2.058e-10 -2.818e-13 
  8.564e-04 -2.058e-10  4.494e-09  1.912e-12 
  8.526e-07 -2.818e-13  1.912e-12  5.041e-15 
ERR MATRIX APPROXIMATE
 PARAMETER  CORRELATION COEFFICIENTS  
       NO.  GLOBAL      1      2      3      4
        1  0.99862   1.000 -0.998  0.131  0.123
        2  0.99862  -0.998  1.000 -0.098 -0.127
        3  0.66751   0.131 -0.098  1.000  0.402
        4  0.50869   0.123 -0.127  0.402  1.000
 ERR MATRIX APPROXIMATE
 FCN=70.8929 FROM MIGRAD    STATUS=FAILED        196 CALLS         197 TOTAL
                     EDM=0.000139609    STRATEGY= 1      ERR MATRIX APPROXIMATE
  EXT PARAMETER                  PARABOLIC         MINOS ERRORS        
  NO.   NAME      VALUE            ERROR      NEGATIVE      POSITIVE   
   1  p0           5.60380e+05   9.78090e+01                            
   2  p1           5.64538e-01   3.12980e-05                            
   3  p2          -7.09014e-05   6.70395e-05                            
   4  p3           9.99687e-04   7.10011e-08                            
                               ERR DEF= 0.5
 **********
 **    7 **SET PRINT           2
 **********
 **********
 **    8 **SET NOGRAD
 **********
 PARAMETER DEFINITIONS:
    NO.   NAME         VALUE      STEP SIZE      LIMITS
     1 p0           5.60380e+05  9.78090e+01     no limits
     2 p1           5.64538e-01  3.12980e-05     no limits
     3 p2          -7.09014e-05  6.70395e-05     no limits
     4 p3           9.99687e-04  7.10011e-08     no limits
 **********
 **    9 **SET ERR         0.5
 **********
 **********
 **   10 **SET PRINT           2
 **********
 **********
 **   11 **SET STR           1
 **********
 NOW USING STRATEGY  1: TRY TO BALANCE SPEED AGAINST RELIABILITY
 **********
 **   12 **MIGRAD        1480        0.01
 **********
 FIRST CALL TO USER FUNCTION AT NEW START POINT, WITH IFLAG=4.
 START MIGRAD MINIMIZATION.  STRATEGY  1.  CONVERGENCE WHEN EDM .LT. 1.00e-05
 FCN=70.8929 FROM MIGRAD    STATUS=INITIATE       14 CALLS          15 TOTAL
                     EDM= unknown      STRATEGY= 1      NO ERROR MATRIX       
  EXT PARAMETER               CURRENT GUESS       STEP         FIRST   
  NO.   NAME      VALUE            ERROR          SIZE      DERIVATIVE 
   1  p0           5.60380e+05   9.78090e+01   9.78090e+01   1.82061e-04
   2  p1           5.64538e-01   3.12980e-05   3.12980e-05   5.53732e+02
   3  p2          -7.09014e-05   6.70395e-05   6.70395e-05   1.33226e+01
   4  p3           9.99687e-04   7.10011e-08   7.10011e-08  -3.37230e+04
                               ERR DEF= 0.5
NO ERROR MATRIX       
 MIGRAD FAILS TO FIND IMPROVEMENT
   START COVARIANCE MATRIX CALCULATION.
 EIGENVALUES OF SECOND-DERIVATIVE MATRIX:
         1.0481e-03  4.0817e-01  8.5845e-01  2.7323e+00
 COVARIANCE MATRIX CALCULATED SUCCESSFULLY
 FCN=70.8929 FROM HESSE     STATUS=OK             25 CALLS          46 TOTAL
                     EDM=1.94571e-05    STRATEGY= 1      ERROR MATRIX ACCURATE 
  EXT PARAMETER                                   STEP         FIRST   
  NO.   NAME      VALUE            ERROR          SIZE      DERIVATIVE 
   1  p0           5.60380e+05   1.12360e+02   2.67210e-01   1.81979e-04
   2  p1           5.64538e-01   3.59058e-05   3.12980e-07   5.60580e+02
   3  p2          -7.09014e-05   7.22149e-05   3.07145e-07   8.39918e+01
   4  p3           9.99687e-04   7.38025e-08   4.76688e-10  -3.31722e+04
                               ERR DEF= 0.5
 PARAMETER  CORRELATION COEFFICIENTS  
       NO.  GLOBAL      1      2      3      4
        1  0.99896   1.000 -0.998  0.241  0.272
        2  0.99895  -0.998  1.000 -0.212 -0.274
        3  0.69924   0.241 -0.212  1.000  0.444
        4  0.56033   0.272 -0.274  0.444  1.000
 MIGRAD FAILS TO FIND IMPROVEMENT
 MIGRAD TERMINATED WITHOUT CONVERGENCE.
 FCN=70.8929 FROM MIGRAD    STATUS=FAILED         52 CALLS          53 TOTAL
                     EDM=1.94571e-05    STRATEGY= 1      ERR MATRIX APPROXIMATE
  EXT PARAMETER                APPROXIMATE        STEP         FIRST   
  NO.   NAME      VALUE            ERROR          SIZE      DERIVATIVE 
   1  p0           5.60380e+05   1.12360e+02  -0.00000e+00   1.81979e-04
   2  p1           5.64538e-01   3.59058e-05   0.00000e+00   5.60580e+02
   3  p2          -7.09014e-05   7.22149e-05  -0.00000e+00   8.39918e+01
   4  p3           9.99687e-04   7.38025e-08  -0.00000e+00  -3.31722e+04
                               ERR DEF= 0.5
 EXTERNAL ERROR MATRIX.    NDIM=  25    NPAR=  4    ERR DEF=0.5
  1.262e+04 -4.028e-03  1.955e-03  2.255e-06 
 -4.028e-03  1.289e-09 -5.492e-10 -7.272e-13 
  1.955e-03 -5.492e-10  5.215e-09  2.364e-12 
  2.255e-06 -7.272e-13  2.364e-12  5.447e-15 
ERR MATRIX APPROXIMATE
 PARAMETER  CORRELATION COEFFICIENTS  
       NO.  GLOBAL      1      2      3      4
        1  0.99896   1.000 -0.998  0.241  0.272
        2  0.99895  -0.998  1.000 -0.212 -0.274
        3  0.69924   0.241 -0.212  1.000  0.444
        4  0.56033   0.272 -0.274  0.444  1.000
 ERR MATRIX APPROXIMATE
 FCN=70.8929 FROM MIGRAD    STATUS=FAILED         52 CALLS          53 TOTAL
                     EDM=1.94571e-05    STRATEGY= 1      ERR MATRIX APPROXIMATE
  EXT PARAMETER                  PARABOLIC         MINOS ERRORS        
  NO.   NAME      VALUE            ERROR      NEGATIVE      POSITIVE   
   1  p0           5.60380e+05   1.12360e+02                            
   2  p1           5.64538e-01   3.59058e-05                            
   3  p2          -7.09014e-05   7.22149e-05                            
   4  p3           9.99687e-04   7.38025e-08                            
                               ERR DEF= 0.5
 **********
 **   13 **SET PRINT           2
 **********
 **********
 **   14 **SET NOGRAD
 **********
 PARAMETER DEFINITIONS:
    NO.   NAME         VALUE      STEP SIZE      LIMITS
     1 p0           5.60380e+05  1.12360e+02     no limits
     2 p1           5.64538e-01  3.59058e-05     no limits
     3 p2          -7.09014e-05  7.22149e-05     no limits
     4 p3           9.99687e-04  7.38025e-08     no limits
 **********
 **   15 **SET ERR         0.5
 **********
 **********
 **   16 **SET PRINT           2
 **********
 **********
 **   17 **SET STR           1
 **********
 NOW USING STRATEGY  1: TRY TO BALANCE SPEED AGAINST RELIABILITY
 **********
 **   18 **MIGRAD        1480        0.01
 **********
 FIRST CALL TO USER FUNCTION AT NEW START POINT, WITH IFLAG=4.
 START MIGRAD MINIMIZATION.  STRATEGY  1.  CONVERGENCE WHEN EDM .LT. 1.00e-05
 FCN=70.8929 FROM MIGRAD    STATUS=INITIATE       16 CALLS          17 TOTAL
                     EDM= unknown      STRATEGY= 1      NO ERROR MATRIX       
  EXT PARAMETER               CURRENT GUESS       STEP         FIRST   
  NO.   NAME      VALUE            ERROR          SIZE      DERIVATIVE 
   1  p0           5.60380e+05   1.12360e+02   1.12360e+02   1.82061e-04
   2  p1           5.64538e-01   3.59058e-05   3.59058e-05   5.60666e+02
   3  p2          -7.09014e-05   7.22149e-05   7.22149e-05   1.68344e+01
   4  p3           9.99687e-04   7.38025e-08   7.38025e-08  -3.37230e+04
                               ERR DEF= 0.5
NO ERROR MATRIX       
 FCN=70.8929 FROM MIGRAD    STATUS=PROGRESS       33 CALLS          34 TOTAL
                     EDM=2.5499e-06    STRATEGY= 1      NO ERROR MATRIX       
  EXT PARAMETER               CURRENT GUESS       STEP         FIRST   
  NO.   NAME      VALUE            ERROR          SIZE      DERIVATIVE 
   1  p0           5.60380e+05   1.12360e+02  -7.79699e-03  -4.40750e-05
   2  p1           5.64538e-01   3.59058e-05  -2.46923e-09  -1.14433e+02
   3  p2          -7.09691e-05   7.22149e-05  -6.77235e-08  -1.04536e+01
   4  p3           9.99687e-04   7.38025e-08   2.04770e-10   1.56717e+04
                               ERR DEF= 0.5
 MIGRAD FAILS TO FIND IMPROVEMENT
 MIGRAD MINIMIZATION HAS CONVERGED.
 MIGRAD WILL VERIFY CONVERGENCE AND ERROR MATRIX.
   START COVARIANCE MATRIX CALCULATION.
 EIGENVALUES OF SECOND-DERIVATIVE MATRIX:
         1.8749e-03  4.7082e-01  8.5408e-01  2.6732e+00
 COVARIANCE MATRIX CALCULATED SUCCESSFULLY
 FCN=70.8929 FROM MIGRAD    STATUS=CONVERGED      68 CALLS          69 TOTAL
                     EDM=4.74667e-06    STRATEGY= 1      ERROR MATRIX ACCURATE 
  EXT PARAMETER                                   STEP         FIRST   
  NO.   NAME      VALUE            ERROR          SIZE      DERIVATIVE 
   1  p0           5.60380e+05   8.38704e+01   2.67210e-01  -2.42671e-05
   2  p1           5.64538e-01   2.68917e-05   2.69193e-07  -1.26015e+02
   3  p2          -7.09691e-05   6.33689e-05   2.90306e-07  -1.13139e+01
   4  p3           9.99687e-04   6.83922e-08   4.76688e-10   2.29821e+04
                               ERR DEF= 0.5
 EXTERNAL ERROR MATRIX.    NDIM=  25    NPAR=  4    ERR DEF=0.5
  7.034e+03 -2.249e-03  6.073e-04  8.553e-07 
 -2.249e-03  7.232e-10 -1.312e-10 -2.873e-13 
  6.073e-04 -1.312e-10  4.016e-09  1.495e-12 
  8.553e-07 -2.873e-13  1.495e-12  4.677e-15 
 PARAMETER  CORRELATION COEFFICIENTS  
       NO.  GLOBAL      1      2      3      4
        1  0.99813   1.000 -0.997  0.114  0.149
        2  0.99812  -0.997  1.000 -0.077 -0.156
        3  0.63613   0.114 -0.077  1.000  0.345
        4  0.47342   0.149 -0.156  0.345  1.000
 EXTERNAL ERROR MATRIX.    NDIM=   4    NPAR=  4    ERR DEF=0.5
  7.034e+03 -2.249e-03  6.073e-04  8.553e-07 
 -2.249e-03  7.232e-10 -1.312e-10 -2.873e-13 
  6.073e-04 -1.312e-10  4.016e-09  1.495e-12 
  8.553e-07 -2.873e-13  1.495e-12  4.677e-15 
 FCN=70.8929 FROM MIGRAD    STATUS=CONVERGED      68 CALLS          69 TOTAL
                     EDM=4.74667e-06    STRATEGY= 1      ERROR MATRIX ACCURATE 
  EXT PARAMETER                  PARABOLIC         MINOS ERRORS        
  NO.   NAME      VALUE            ERROR      NEGATIVE      POSITIVE   
   1  p0           5.60380e+05   8.38704e+01                            
   2  p1           5.64538e-01   2.68917e-05                            
   3  p2          -7.09691e-05   6.33689e-05                            
   4  p3           9.99687e-04   6.83922e-08                            
                               ERR DEF= 0.5
------------------------------------------
Enering ROOFIt-------
 PARAMETER DEFINITIONS:
    NO.   NAME         VALUE      STEP SIZE      LIMITS
     1 norm         5.60380e+05  1.00000e-01     no limits
     2 Q            5.65000e-01  1.00000e-01     no limits
     3 theta        0.00000e+00  1.00000e-01     no limits
     4 pileup       9.99687e-04  1.00000e-01     no limits
 **********
 **    1 **MIGRAD
 **********
 FIRST CALL TO USER FUNCTION AT NEW START POINT, WITH IFLAG=4.
 START MIGRAD MINIMIZATION.  STRATEGY  1.  CONVERGENCE WHEN EDM .LT. 1.00e-04
 FCN=-2.37855e+11 FROM MIGRAD    STATUS=INITIATE       16 CALLS          17 TOTAL
                     EDM= unknown      STRATEGY= 1      NO ERROR MATRIX       
  EXT PARAMETER               CURRENT GUESS       STEP         FIRST   
  NO.   NAME      VALUE            ERROR          SIZE      DERIVATIVE 
   1  norm         5.60380e+05   1.00000e-01   1.00000e-01   5.45495e+01
   2  Q            5.65000e-01   1.00000e-01   1.00000e-01   8.43676e+08
   3  theta        0.00000e+00   1.00000e-01   1.00000e-01  -3.13077e+06
   4  pileup       9.99687e-04   1.00000e-01   1.00000e-01  -9.16095e+11
 MIGRAD FAILS TO FIND IMPROVEMENT
 EIGENVALUES OF SECOND-DERIVATIVE MATRIX:
        -7.6332e-04  3.8391e-01  9.1711e-01  2.6997e+00
 MINUIT WARNING IN HESSE   
 ============== MATRIX FORCED POS-DEF BY ADDING 0.003463 TO DIAGONAL.
 FCN=-2.37855e+11 FROM HESSE     STATUS=NOT POSDEF     27 CALLS          55 TOTAL
                     EDM=4.91802e+06    STRATEGY= 1      ERR MATRIX NOT POS-DEF
  EXT PARAMETER                APPROXIMATE        STEP         FIRST   
  NO.   NAME      VALUE            ERROR          SIZE      DERIVATIVE 
   1  norm         5.60380e+05   6.93679e+01   2.67210e+00   5.45497e+01
   2  Q            5.65000e-01   6.52277e-06   1.00000e-03   1.70060e+08
   3  theta        0.00000e+00   5.73344e-04   1.85001e-02  -3.14573e+06
   4  pileup       9.99687e-04   9.22989e-08   1.00000e-02   1.52329e+09
 MIGRAD FAILS TO FIND IMPROVEMENT
 MACHINE ACCURACY LIMITS FURTHER IMPROVEMENT.
 MIGRAD MINIMIZATION HAS CONVERGED.
 MIGRAD WILL VERIFY CONVERGENCE AND ERROR MATRIX.
 EIGENVALUES OF SECOND-DERIVATIVE MATRIX:
        -7.0391e-04  3.6634e-01  8.5028e-01  2.7841e+00
 MINUIT WARNING IN HESSE   
 ============== MATRIX FORCED POS-DEF BY ADDING 0.003488 TO DIAGONAL.
 MIGRAD TERMINATED WITHOUT CONVERGENCE.
 FCN=-2.37855e+11 FROM MIGRAD    STATUS=FAILED        332 CALLS         333 TOTAL
                     EDM=3.20113    STRATEGY= 1      ERR MATRIX NOT POS-DEF
  EXT PARAMETER                APPROXIMATE        STEP         FIRST   
  NO.   NAME      VALUE            ERROR          SIZE      DERIVATIVE 
   1  norm         5.58651e+05   9.60427e+01   1.72485e+03   7.46369e-02
   2  Q            5.65094e-01   3.16016e-05   8.68934e-05   2.39767e+05
   3  theta        1.78875e-05   1.19636e-04   1.85848e-02  -1.63678e+04
   4  pileup       9.99806e-04   1.05031e-07   2.09857e-05   2.84688e+07
 EXTERNAL ERROR MATRIX.    NDIM=  25    NPAR=  4    ERR DEF=1
  9.224e+03 -3.021e-03 -3.977e-03 -1.459e-06 
 -3.021e-03  9.987e-10  1.496e-09  4.778e-13 
 -3.977e-03  1.496e-09  1.431e-08  5.719e-12 
 -1.459e-06  4.778e-13  5.719e-12  1.103e-14 
ERR MATRIX NOT POS-DEF
 PARAMETER  CORRELATION COEFFICIENTS  
       NO.  GLOBAL      1      2      3      4
        1  0.99716   1.000 -0.995 -0.346 -0.145
        2  0.99729  -0.995  1.000  0.396  0.144
        3  0.75891  -0.346  0.396  1.000  0.455
        4  0.54632  -0.145  0.144  0.455  1.000
 ERR MATRIX NOT POS-DEF
 **********
 **    2 **MIGRAD 
 **********
 START MIGRAD MINIMIZATION.  STRATEGY  1.  CONVERGENCE WHEN EDM .LT. 1.00e-04
 FCN=-2.37855e+11 FROM MIGRAD    STATUS=INITIATE        8 CALLS         341 TOTAL
                     EDM=1.45148    STRATEGY= 1      ERR MATRIX NOT POS-DEF
  EXT PARAMETER                APPROXIMATE        STEP         FIRST   
  NO.   NAME      VALUE            ERROR          SIZE      DERIVATIVE 
   1  norm         5.58651e+05   9.60427e+01   1.72485e+03   6.43948e-02
   2  Q            5.65094e-01   3.16016e-05   8.68934e-05   2.40031e+05
   3  theta        1.78875e-05   1.19636e-04   1.85848e-02  -1.39053e+04
   4  pileup       9.99806e-04   1.05031e-07   2.09857e-05   2.39583e+07
 MINUIT WARNING IN MIGRAD  
 ============== Negative diagonal element 2 in Error Matrix
 MINUIT WARNING IN MIGRAD  
 ============== 1 added to diagonal of error matrix
 MIGRAD FAILS TO FIND IMPROVEMENT
 EIGENVALUES OF SECOND-DERIVATIVE MATRIX:
        -5.1631e-01  3.3444e-01  7.1552e-01  3.4663e+00
 MINUIT WARNING IN HESSE   
 ============== MATRIX FORCED POS-DEF BY ADDING 0.519777 TO DIAGONAL.
 FCN=-2.37855e+11 FROM HESSE     STATUS=NOT POSDEF     31 CALLS         398 TOTAL
                     EDM=0.82794    STRATEGY= 1      ERR MATRIX NOT POS-DEF
  EXT PARAMETER                APPROXIMATE        STEP         FIRST   
  NO.   NAME      VALUE            ERROR          SIZE      DERIVATIVE 
   1  norm         5.58718e+05   5.40348e+01   1.72485e+03  -1.21504e-02
   2  Q            5.65072e-01   4.91771e-06   5.55036e-04  -3.18403e+04
   3  theta       -6.94974e-06   5.84269e-04   1.85851e-02  -4.00640e+03
   4  pileup       9.99681e-04   1.80650e-07   2.09870e-05  -2.32858e+05
 MIGRAD FAILS TO FIND IMPROVEMENT
 MACHINE ACCURACY LIMITS FURTHER IMPROVEMENT.
 MIGRAD MINIMIZATION HAS CONVERGED.
 MIGRAD WILL VERIFY CONVERGENCE AND ERROR MATRIX.
 EIGENVALUES OF SECOND-DERIVATIVE MATRIX:
        -5.1638e-01  3.3444e-01  7.1552e-01  3.4664e+00
 MINUIT WARNING IN HESSE   
 ============== MATRIX FORCED POS-DEF BY ADDING 0.519844 TO DIAGONAL.
 MIGRAD TERMINATED WITHOUT CONVERGENCE.
 FCN=-2.37855e+11 FROM MIGRAD    STATUS=FAILED        179 CALLS         512 TOTAL
                     EDM=0.0319752    STRATEGY= 1      ERR MATRIX NOT POS-DEF
  EXT PARAMETER                APPROXIMATE        STEP         FIRST   
  NO.   NAME      VALUE            ERROR          SIZE      DERIVATIVE 
   1  norm         5.58719e+05   5.40348e+01   1.72505e+03  -1.36699e-02
   2  Q            5.65072e-01   4.91778e-06   5.55027e-04  -3.72163e+04
   3  theta        1.82192e-05   5.84255e-04   1.85693e-02  -2.93129e+02
   4  pileup       9.99697e-04   1.80662e-07   2.09840e-05   9.80379e+05
 EXTERNAL ERROR MATRIX.    NDIM=  25    NPAR=  4    ERR DEF=1
  2.920e+03 -2.638e-04 -3.093e-02  8.730e-06 
 -2.638e-04  2.418e-11  2.851e-09 -8.045e-13 
 -3.093e-02  2.851e-09  3.414e-07 -9.321e-11 
  8.730e-06 -8.045e-13 -9.321e-11  3.264e-14 
ERR MATRIX NOT POS-DEF
 PARAMETER  CORRELATION COEFFICIENTS  
       NO.  GLOBAL      1      2      3      4
        1  0.99407   1.000 -0.993 -0.980  0.894
        2  0.99812  -0.993  1.000  0.992 -0.905
        3  0.99412  -0.980  0.992  1.000 -0.883
        4  0.91841   0.894 -0.905 -0.883  1.000
 ERR MATRIX NOT POS-DEF
status of the fit-----000------4
1  558719
2  0.565072
3  1.82192e-05
4  0.000999697
 PARAMETER DEFINITIONS:
    NO.   NAME         VALUE      STEP SIZE      LIMITS
     1 norm         5.58719e+05  1.00000e-01     no limits
     2 Q            5.65072e-01  1.00000e-01     no limits
     3 theta        1.82192e-05  1.00000e-01     no limits
     4 pileup       9.99697e-04  1.00000e-01     no limits
 **********
 **    3 **MIGRAD
 **********
 FIRST CALL TO USER FUNCTION AT NEW START POINT, WITH IFLAG=4.
 START MIGRAD MINIMIZATION.  STRATEGY  1.  CONVERGENCE WHEN EDM .LT. 1.00e-04
 FCN=-2.37855e+11 FROM MIGRAD    STATUS=INITIATE       16 CALLS         529 TOTAL
                     EDM= unknown      STRATEGY= 1      NO ERROR MATRIX       
  EXT PARAMETER               CURRENT GUESS       STEP         FIRST   
  NO.   NAME      VALUE            ERROR          SIZE      DERIVATIVE 
   1  norm         5.58719e+05   1.00000e-01   1.00000e-01  -1.35911e-02
   2  Q            5.65072e-01   1.00000e-01   1.00000e-01   6.96716e+06
   3  theta        1.82192e-05   1.00000e-01   1.00000e-01   1.52247e+04
   4  pileup       9.99697e-04   1.00000e-01   1.00000e-01  -9.18021e+11
 MIGRAD FAILS TO FIND IMPROVEMENT
 COVARIANCE MATRIX CALCULATED SUCCESSFULLY
 FCN=-2.37855e+11 FROM HESSE     STATUS=OK             29 CALLS         569 TOTAL
                     EDM=0.398857    STRATEGY= 1      ERROR MATRIX ACCURATE 
  EXT PARAMETER                                   STEP         FIRST   
  NO.   NAME      VALUE            ERROR          SIZE      DERIVATIVE 
   1  norm         5.58719e+05   1.68227e+02   2.66418e+00  -1.34880e-02
   2  Q            5.65072e-01   1.60856e-05   1.00000e-03  -3.72144e+04
   3  theta        1.82192e-05   1.41360e-03   1.85600e-02  -2.93173e+02
   4  pileup       9.99697e-04   9.24440e-08   1.00000e-02   4.32971e+05
 MINUIT WARNING IN MIGRAD  
 ============== Negative diagonal element 2 in Error Matrix
 MINUIT WARNING IN MIGRAD  
 ============== 1 added to diagonal of error matrix
 MIGRAD FAILS TO FIND IMPROVEMENT
 MIGRAD TERMINATED WITHOUT CONVERGENCE.
 FCN=-2.37855e+11 FROM MIGRAD    STATUS=FAILED         96 CALLS         609 TOTAL
                     EDM=8.71036e+08    STRATEGY= 1  ERROR MATRIX UNCERTAINTY 100.0 per cent
  EXT PARAMETER                APPROXIMATE        STEP         FIRST   
  NO.   NAME      VALUE            ERROR          SIZE      DERIVATIVE 
   1  norm         5.58719e+05   9.17090e+00   0.00000e+00  -7.78238e-03
   2  Q            5.65072e-01   1.00000e+00  -0.00000e+00   3.90788e+09
   3  theta        1.71404e-05   1.00000e+00  -0.00000e+00   1.46877e+04
   4  pileup       9.99697e-04   1.00000e+00   0.00000e+00  -2.71968e+07
 EXTERNAL ERROR MATRIX.    NDIM=  25    NPAR=  4    ERR DEF=1
  8.411e+01 -1.864e-09  5.539e-04  5.209e-08 
 -1.864e-09  1.000e+00 -3.335e-14 -2.627e-18 
  5.539e-04 -3.335e-14  1.000e+00  7.802e-13 
  5.209e-08 -2.627e-18  7.802e-13  1.000e+00 
ERR MATRIX APPROXIMATE
 PARAMETER  CORRELATION COEFFICIENTS  
       NO.  GLOBAL      1      2      3      4
        1  0.00006   1.000 -0.000  0.000  0.000
        2  0.00000  -0.000  1.000 -0.000 -0.000
        3  0.00006   0.000 -0.000  1.000  0.000
        4  0.00000   0.000 -0.000  0.000  1.000
 ERR MATRIX APPROXIMATE
 **********
 **    4 **MIGRAD 
 **********
 START MIGRAD MINIMIZATION.  STRATEGY  1.  CONVERGENCE WHEN EDM .LT. 1.00e-04
 FCN=-2.37855e+11 FROM MIGRAD    STATUS=INITIATE       12 CALLS         621 TOTAL
                     EDM=2.78096e+16    STRATEGY= 1  ERROR MATRIX UNCERTAINTY 100.0 per cent
  EXT PARAMETER                APPROXIMATE        STEP         FIRST   
  NO.   NAME      VALUE            ERROR          SIZE      DERIVATIVE 
   1  norm         5.58719e+05   9.17090e+00   0.00000e+00  -1.38902e-02
   2  Q            5.65072e-01   1.00000e+00  -0.00000e+00  -1.89432e+04
   3  theta        1.71404e-05   1.00000e+00  -0.00000e+00   1.46873e+04
   4  pileup       9.99697e-04   1.00000e+00   0.00000e+00  -2.71969e+07
 MIGRAD FAILS TO FIND IMPROVEMENT
 EIGENVALUES OF SECOND-DERIVATIVE MATRIX:
        -6.3029e-04  3.6660e-01  8.4986e-01  2.7842e+00
 MINUIT WARNING IN HESSE   
 ============== MATRIX FORCED POS-DEF BY ADDING 0.003414 TO DIAGONAL.
 FCN=-2.37855e+11 FROM HESSE     STATUS=NOT POSDEF     29 CALLS         661 TOTAL
                     EDM=0.0102693    STRATEGY= 1      ERR MATRIX NOT POS-DEF
  EXT PARAMETER                APPROXIMATE        STEP         FIRST   
  NO.   NAME      VALUE            ERROR          SIZE      DERIVATIVE 
   1  norm         5.58719e+05   9.60389e+01   5.32836e+02  -7.72696e-03
   2  Q            5.65072e-01   3.16022e-05   8.85946e-05  -1.90066e+04
   3  theta        1.71404e-05   1.19888e-04   1.85693e-02  -8.46168e+02
   4  pileup       9.99697e-04   1.05208e-07   2.09840e-05   1.24172e+06
 MINUIT WARNING IN MIGRAD  
 ============== Negative diagonal element 2 in Error Matrix
 MINUIT WARNING IN MIGRAD  
 ============== 1 added to diagonal of error matrix
 MIGRAD FAILS TO FIND IMPROVEMENT
 MIGRAD TERMINATED WITHOUT CONVERGENCE.
 FCN=-2.37855e+11 FROM MIGRAD    STATUS=FAILED         96 CALLS         705 TOTAL
                     EDM=5.46732e+09    STRATEGY= 1      ERR MATRIX NOT POS-DEF
  EXT PARAMETER                APPROXIMATE        STEP         FIRST   
  NO.   NAME      VALUE            ERROR          SIZE      DERIVATIVE 
   1  norm         5.58732e+05   9.14388e+00  -0.00000e+00  -6.14158e-02
   2  Q            5.65068e-01   1.00000e+00  -0.00000e+00   3.83333e+09
   3  theta        1.76431e-05   1.00000e+00  -0.00000e+00   1.48434e+04
   4  pileup       9.99691e-04   1.00000e+00   0.00000e+00  -2.82970e+07
 EXTERNAL ERROR MATRIX.    NDIM=  25    NPAR=  4    ERR DEF=1
  8.361e+01  1.493e-09  6.010e-04  2.293e-07 
  1.493e-09  1.000e+00  1.714e-15  1.562e-17 
  6.010e-04  1.714e-15  1.000e+00  5.636e-12 
  2.293e-07  1.562e-17  5.636e-12  1.000e+00 
ERR MATRIX NOT POS-DEF
 PARAMETER  CORRELATION COEFFICIENTS  
       NO.  GLOBAL      1      2      3      4
        1  0.00007   1.000  0.000  0.000  0.000
        2  0.00000   0.000  1.000  0.000  0.000
        3  0.00007   0.000  0.000  1.000  0.000
        4  0.00000   0.000  0.000  0.000  1.000
 ERR MATRIX NOT POS-DEF
status of the fit-----000------4
1  558732
2  0.565068
3  1.76431e-05
4  0.000999691
 PARAMETER DEFINITIONS:
    NO.   NAME         VALUE      STEP SIZE      LIMITS
     1 norm         5.58732e+05  1.00000e-01     no limits
     2 Q            5.65068e-01  1.00000e-01     no limits
     3 theta        1.76431e-05  1.00000e-01     no limits
     4 pileup       9.99691e-04  1.00000e-01     no limits
 **********
 **    5 **MIGRAD
 **********
 FIRST CALL TO USER FUNCTION AT NEW START POINT, WITH IFLAG=4.
 START MIGRAD MINIMIZATION.  STRATEGY  1.  CONVERGENCE WHEN EDM .LT. 1.00e-04
 FCN=-2.37855e+11 FROM MIGRAD    STATUS=INITIATE       16 CALLS         722 TOTAL
                     EDM= unknown      STRATEGY= 1      NO ERROR MATRIX       
  EXT PARAMETER               CURRENT GUESS       STEP         FIRST   
  NO.   NAME      VALUE            ERROR          SIZE      DERIVATIVE 
   1  norm         5.58732e+05   1.00000e-01   1.00000e-01   3.25308e-03
   2  Q            5.65068e-01   1.00000e-01   1.00000e-01   7.16317e+06
   3  theta        1.76431e-05   1.00000e-01   1.00000e-01   1.48268e+04
   4  pileup       9.99691e-04   1.00000e-01   1.00000e-01  -9.18020e+11
 MIGRAD FAILS TO FIND IMPROVEMENT
 COVARIANCE MATRIX CALCULATED SUCCESSFULLY
 FCN=-2.37855e+11 FROM HESSE     STATUS=OK             29 CALLS         762 TOTAL
                     EDM=0.673399    STRATEGY= 1      ERROR MATRIX ACCURATE 
  EXT PARAMETER                                   STEP         FIRST   
  NO.   NAME      VALUE            ERROR          SIZE      DERIVATIVE 
   1  norm         5.58732e+05   2.10990e+02   2.66424e+00   3.37908e-03
   2  Q            5.65068e-01   2.01625e-05   1.00000e-03   1.47284e+04
   3  theta        1.76431e-05   1.76849e-03   1.85571e-02  -6.93126e+02
   4  pileup       9.99691e-04   9.24486e-08   1.00000e-02  -4.02214e+05
 MIGRAD FAILS TO FIND IMPROVEMENT
 MACHINE ACCURACY LIMITS FURTHER IMPROVEMENT.
 MIGRAD MINIMIZATION HAS CONVERGED.
 MIGRAD WILL VERIFY CONVERGENCE AND ERROR MATRIX.
 EIGENVALUES OF SECOND-DERIVATIVE MATRIX:
        -6.3235e-04  3.6661e-01  8.4985e-01  2.7842e+00
 MINUIT WARNING IN HESSE   
 ============== MATRIX FORCED POS-DEF BY ADDING 0.003417 TO DIAGONAL.
 MIGRAD TERMINATED WITHOUT CONVERGENCE.
 FCN=-2.37855e+11 FROM MIGRAD    STATUS=FAILED        139 CALLS         845 TOTAL
                     EDM=0.0101577    STRATEGY= 1      ERR MATRIX NOT POS-DEF
  EXT PARAMETER                APPROXIMATE        STEP         FIRST   
  NO.   NAME      VALUE            ERROR          SIZE      DERIVATIVE 
   1  norm         5.58732e+05   9.60411e+01   5.32848e+02  -3.89453e-03
   2  Q            5.65068e-01   3.16021e-05   8.94309e-05  -7.43054e+03
   3  theta        1.94866e-05   1.19871e-04   1.85664e-02   7.83018e+01
   4  pileup       9.99692e-04   1.05207e-07   2.09839e-05  -1.99334e+05
 EXTERNAL ERROR MATRIX.    NDIM=  25    NPAR=  4    ERR DEF=1
  9.224e+03 -3.021e-03 -4.067e-03 -1.579e-06 
 -3.021e-03  9.987e-10  1.526e-09  5.171e-13 
 -4.067e-03  1.526e-09  1.437e-08  5.779e-12 
 -1.579e-06  5.171e-13  5.779e-12  1.107e-14 
ERR MATRIX NOT POS-DEF
 PARAMETER  CORRELATION COEFFICIENTS  
       NO.  GLOBAL      1      2      3      4
        1  0.99716   1.000 -0.995 -0.353 -0.156
        2  0.99729  -0.995  1.000  0.403  0.156
        3  0.76053  -0.353  0.403  1.000  0.458
        4  0.54853  -0.156  0.156  0.458  1.000
 ERR MATRIX NOT POS-DEF
 **********
 **    6 **MIGRAD 
 **********
 START MIGRAD MINIMIZATION.  STRATEGY  1.  CONVERGENCE WHEN EDM .LT. 1.00e-04
 FCN=-2.37855e+11 FROM MIGRAD    STATUS=INITIATE        8 CALLS         853 TOTAL
                     EDM=0.0667636    STRATEGY= 1      ERR MATRIX NOT POS-DEF
  EXT PARAMETER                APPROXIMATE        STEP         FIRST   
  NO.   NAME      VALUE            ERROR          SIZE      DERIVATIVE 
   1  norm         5.58732e+05   9.60411e+01   5.32848e+02  -4.86924e-03
   2  Q            5.65068e-01   3.16021e-05   8.94309e-05  -7.15047e+03
   3  theta        1.94866e-05   1.19871e-04   1.85664e-02   2.54290e+03
   4  pileup       9.99692e-04   1.05207e-07   2.09839e-05  -4.71046e+06
 MINUIT WARNING IN MIGRAD  
 ============== Negative diagonal element 2 in Error Matrix
 MINUIT WARNING IN MIGRAD  
 ============== 1 added to diagonal of error matrix
 MIGRAD FAILS TO FIND IMPROVEMENT
 EIGENVALUES OF SECOND-DERIVATIVE MATRIX:
        -5.0884e-01  3.3561e-01  7.1288e-01  3.4604e+00
 MINUIT WARNING IN HESSE   
 ============== MATRIX FORCED POS-DEF BY ADDING 0.512304 TO DIAGONAL.
 FCN=-2.37855e+11 FROM HESSE     STATUS=NOT POSDEF     31 CALLS         910 TOTAL
                     EDM=0.0299308    STRATEGY= 1      ERR MATRIX NOT POS-DEF
  EXT PARAMETER                APPROXIMATE        STEP         FIRST   
  NO.   NAME      VALUE            ERROR          SIZE      DERIVATIVE 
   1  norm         5.58735e+05   5.28439e+01   1.72509e+03  -3.31474e-03
   2  Q            5.65067e-01   4.97078e-06   5.55022e-04  -5.27354e+03
   3  theta        1.76653e-05   5.96622e-04   1.85667e-02  -6.14982e+02
   4  pileup       9.99695e-04   1.81854e-07   2.09852e-05   7.40226e+05
 MINUIT WARNING IN MIGRAD  
 ============== Negative diagonal element 2 in Error Matrix
 MINUIT WARNING IN MIGRAD  
 ============== 1 added to diagonal of error matrix
 MIGRAD FAILS TO FIND IMPROVEMENT
 MIGRAD TERMINATED WITHOUT CONVERGENCE.
 FCN=-2.37855e+11 FROM MIGRAD    STATUS=FAILED        104 CALLS         949 TOTAL
                     EDM=3.03099e+07    STRATEGY= 1      ERR MATRIX NOT POS-DEF
  EXT PARAMETER                APPROXIMATE        STEP         FIRST   
  NO.   NAME      VALUE            ERROR          SIZE      DERIVATIVE 
   1  norm         5.58735e+05   6.54656e+00  -0.00000e+00  -6.52936e-02
   2  Q            5.65067e-01   1.00000e+00  -0.00000e+00   3.83330e+09
   3  theta        1.81701e-05   1.00000e+00  -0.00000e+00   1.49059e+04
   4  pileup       9.99695e-04   1.00000e+00   0.00000e+00  -2.77466e+07
 EXTERNAL ERROR MATRIX.    NDIM=  25    NPAR=  4    ERR DEF=1
  4.286e+01 -7.454e-11  1.649e-04 -2.336e-08 
 -7.454e-11  1.000e+00  6.308e-16  2.693e-18 
  1.649e-04  6.308e-16  1.000e+00  2.506e-12 
 -2.336e-08  2.693e-18  2.506e-12  1.000e+00 
ERR MATRIX NOT POS-DEF
 PARAMETER  CORRELATION COEFFICIENTS  
       NO.  GLOBAL      1      2      3      4
        1  0.00003   1.000 -0.000  0.000 -0.000
        2  0.00000  -0.000  1.000  0.000  0.000
        3  0.00003   0.000  0.000  1.000  0.000
        4  0.00000  -0.000  0.000  0.000  1.000
 ERR MATRIX NOT POS-DEF
status of the fit-----000------4
1  558735
2  0.565067
3  1.81701e-05
4  0.000999695
 **********
 **   19 **SET PRINT           2
 **********
 **********
 **   20 **SET NOGRAD
 **********
 PARAMETER DEFINITIONS:
    NO.   NAME         VALUE      STEP SIZE      LIMITS
     1 p0           5.58000e+05  1.67400e+05     no limits
     2 p1           5.65000e-01  1.69500e-01     no limits
     3 p2           0.00000e+00  3.00000e-01     no limits
     4 p3           9.99871e-04  2.99961e-04     no limits
 **********
 **   21 **SET ERR         0.5
 **********
 **********
 **   22 **SET PRINT           2
 **********
 **********
 **   23 **SET STR           1
 **********
 NOW USING STRATEGY  1: TRY TO BALANCE SPEED AGAINST RELIABILITY
 **********
 **   24 **MIGRAD        1480        0.01
 **********
 FIRST CALL TO USER FUNCTION AT NEW START POINT, WITH IFLAG=4.
 START MIGRAD MINIMIZATION.  STRATEGY  1.  CONVERGENCE WHEN EDM .LT. 1.00e-05
 FCN=17332.5 FROM MIGRAD    STATUS=INITIATE       18 CALLS          19 TOTAL
                     EDM= unknown      STRATEGY= 1      NO ERROR MATRIX       
  EXT PARAMETER               CURRENT GUESS       STEP         FIRST   
  NO.   NAME      VALUE            ERROR          SIZE      DERIVATIVE 
   1  p0           5.58000e+05   1.67400e+05   1.67400e+05  -3.62829e+01
   2  p1           5.65000e-01   1.69500e-01   1.69500e-01  -1.12630e+08
   3  p2           0.00000e+00   3.00000e-01   3.00000e-01   2.07308e+06
   4  p3           9.99871e-04   2.99961e-04   2.99961e-04  -9.62078e+08
                               ERR DEF= 0.5
NO ERROR MATRIX       
 FCN=1365.4 FROM MIGRAD    STATUS=PROGRESS       36 CALLS          37 TOTAL
                     EDM=4142.09    STRATEGY= 1      NO ERROR MATRIX       
  EXT PARAMETER               CURRENT GUESS       STEP         FIRST   
  NO.   NAME      VALUE            ERROR          SIZE      DERIVATIVE 
   1  p0           5.58355e+05   1.67400e+05   3.55425e+02  -2.52572e+00
   2  p1           5.65115e-01   1.69500e-01   1.14617e-04  -7.78264e+06
   3  p2          -2.34752e-03   3.00000e-01  -2.34752e-03  -4.75925e+05
   4  p3           1.00127e-03   2.99961e-04   1.39741e-06   5.21154e+08
                               ERR DEF= 0.5
 MIGRAD MINIMIZATION HAS CONVERGED.
 MIGRAD WILL VERIFY CONVERGENCE AND ERROR MATRIX.
   START COVARIANCE MATRIX CALCULATION.
 EIGENVALUES OF SECOND-DERIVATIVE MATRIX:
        -2.6867e-04  3.4204e-01  8.7969e-01  2.7785e+00
 MINUIT WARNING IN HESSE   
 ============== MATRIX FORCED POS-DEF BY ADDING 0.003047 TO DIAGONAL.
 FCN=79.6496 FROM HESSE     STATUS=NOT POSDEF     29 CALLS          99 TOTAL
                     EDM=8.12021e-05    STRATEGY= 1      ERR MATRIX NOT POS-DEF
  EXT PARAMETER                APPROXIMATE        STEP         FIRST   
  NO.   NAME      VALUE            ERROR          SIZE      DERIVATIVE 
   1  p0           5.58478e+05   6.91251e+01   2.66303e-01   8.83260e-05
   2  p1           5.65154e-01   2.20100e-05   2.69486e-07  -3.00650e+02
   3  p2          -4.45179e-05   8.03182e-05   3.53033e-07   1.38759e+01
   4  p3           9.99615e-04   7.67029e-08   4.76654e-10  -2.33679e+04
                               ERR DEF= 0.5
 PARAMETER  CORRELATION COEFFICIENTS  
       NO.  GLOBAL      1      2      3      4
        1  0.99726   1.000 -0.996  0.271  0.186
        2  0.99720  -0.996  1.000 -0.222 -0.184
        3  0.74501   0.271 -0.222  1.000  0.520
        4  0.59680   0.186 -0.184  0.520  1.000
 ERR MATRIX NOT POS-DEF
 FCN=79.6488 FROM MIGRAD    STATUS=PROGRESS      110 CALLS         111 TOTAL
                     EDM=0.000750067    STRATEGY= 1      ERR MATRIX NOT POS-DEF
  EXT PARAMETER                APPROXIMATE        STEP         FIRST   
  NO.   NAME      VALUE            ERROR          SIZE      DERIVATIVE 
   1  p0           5.58469e+05   6.91251e+01  -8.48098e+00  -1.81366e-05
   2  p1           5.65156e-01   2.20100e-05   2.69005e-06  -5.46485e+02
   3  p2          -4.70902e-05   8.03182e-05  -2.57224e-06  -5.26644e+02
   4  p3           9.99615e-04   7.67029e-08  -8.50493e-10   8.00716e+04
                               ERR DEF= 0.5
 MIGRAD FAILS TO FIND IMPROVEMENT
 MIGRAD TERMINATED WITHOUT CONVERGENCE.
 FCN=79.6083 FROM MIGRAD    STATUS=FAILED        168 CALLS         169 TOTAL
                     EDM=1.446e-05    STRATEGY= 1      ERR MATRIX NOT POS-DEF
  EXT PARAMETER                APPROXIMATE        STEP         FIRST   
  NO.   NAME      VALUE            ERROR          SIZE      DERIVATIVE 
   1  p0           5.58037e+05   1.36632e+03  -0.00000e+00   1.31473e-04
   2  p1           5.65296e-01   4.42751e-04   0.00000e+00   4.00292e+02
   3  p2          -2.01010e-05   1.06555e-04   0.00000e+00  -1.26795e+01
   4  p3           9.99617e-04   7.72255e-08   0.00000e+00   1.22080e+03
                               ERR DEF= 0.5
 EXTERNAL ERROR MATRIX.    NDIM=  25    NPAR=  4    ERR DEF=0.5
  1.867e+06 -6.049e-01 -9.981e-02 -2.428e-05 
 -6.049e-01  1.960e-07  3.244e-08  7.866e-12 
 -9.981e-02  3.244e-08  1.135e-08  3.874e-12 
 -2.428e-05  7.866e-12  3.874e-12  5.964e-15 
ERR MATRIX NOT POS-DEF
 PARAMETER  CORRELATION COEFFICIENTS  
       NO.  GLOBAL      1      2      3      4
        1  0.99999   1.000 -1.000 -0.686 -0.230
        2  0.99999  -1.000  1.000  0.688  0.230
        3  0.88446  -0.686  0.688  1.000  0.471
        4  0.60108  -0.230  0.230  0.471  1.000
 ERR MATRIX NOT POS-DEF
 FCN=79.6083 FROM MIGRAD    STATUS=FAILED        168 CALLS         169 TOTAL
                     EDM=1.446e-05    STRATEGY= 1      ERR MATRIX NOT POS-DEF
  EXT PARAMETER                  PARABOLIC         MINOS ERRORS        
  NO.   NAME      VALUE            ERROR      NEGATIVE      POSITIVE   
   1  p0           5.58037e+05   1.36632e+03                            
   2  p1           5.65296e-01   4.42751e-04                            
   3  p2          -2.01010e-05   1.06555e-04                            
   4  p3           9.99617e-04   7.72255e-08                            
                               ERR DEF= 0.5
 **********
 **   25 **SET PRINT           2
 **********
 **********
 **   26 **SET NOGRAD
 **********
 PARAMETER DEFINITIONS:
    NO.   NAME         VALUE      STEP SIZE      LIMITS
     1 p0           5.58037e+05  1.36632e+03     no limits
     2 p1           5.65296e-01  4.42751e-04     no limits
     3 p2          -2.01010e-05  1.06555e-04     no limits
     4 p3           9.99617e-04  7.72255e-08     no limits
 **********
 **   27 **SET ERR         0.5
 **********
 **********
 **   28 **SET PRINT           2
 **********
 **********
 **   29 **SET STR           1
 **********
 NOW USING STRATEGY  1: TRY TO BALANCE SPEED AGAINST RELIABILITY
 **********
 **   30 **MIGRAD        1480        0.01
 **********
 FIRST CALL TO USER FUNCTION AT NEW START POINT, WITH IFLAG=4.
 START MIGRAD MINIMIZATION.  STRATEGY  1.  CONVERGENCE WHEN EDM .LT. 1.00e-05
 FCN=79.6083 FROM MIGRAD    STATUS=INITIATE       16 CALLS          17 TOTAL
                     EDM= unknown      STRATEGY= 1      NO ERROR MATRIX       
  EXT PARAMETER               CURRENT GUESS       STEP         FIRST   
  NO.   NAME      VALUE            ERROR          SIZE      DERIVATIVE 
   1  p0           5.58037e+05   1.36632e+03   1.36632e+03   1.26211e-04
   2  p1           5.65296e-01   4.42751e-04   4.42751e-04   3.95668e+02
   3  p2          -2.01010e-05   1.06555e-04   1.06555e-04  -1.02329e+01
   4  p3           9.99617e-04   7.72255e-08   7.72255e-08   1.22080e+03
                               ERR DEF= 0.5
NO ERROR MATRIX       
 MIGRAD FAILS TO FIND IMPROVEMENT
   START COVARIANCE MATRIX CALCULATION.
 EIGENVALUES OF SECOND-DERIVATIVE MATRIX:
         1.1143e-04  4.0050e-01  8.6767e-01  2.7317e+00
 COVARIANCE MATRIX CALCULATED SUCCESSFULLY
 FCN=79.6083 FROM HESSE     STATUS=OK             27 CALLS          48 TOTAL
                     EDM=2.77952e-06    STRATEGY= 1      ERROR MATRIX ACCURATE 
  EXT PARAMETER                                   STEP         FIRST   
  NO.   NAME      VALUE            ERROR          SIZE      DERIVATIVE 
   1  p0           5.58037e+05   3.42081e+02   1.36632e+00   1.31264e-04
   2  p1           5.65296e-01   1.10643e-04   4.42751e-07   3.94913e+02
   3  p2          -2.01010e-05   7.83357e-05   3.42551e-07  -2.56425e+01
   4  p3           9.99617e-04   6.88645e-08   4.76654e-10   3.74026e+03
                               ERR DEF= 0.5
 PARAMETER  CORRELATION COEFFICIENTS  
       NO.  GLOBAL      1      2      3      4
        1  0.99989   1.000 -1.000 -0.309 -0.104
        2  0.99989  -1.000  1.000  0.319  0.103
        3  0.72298  -0.309  0.319  1.000  0.419
        4  0.51200  -0.104  0.103  0.419  1.000
 FCN=79.6083 FROM MIGRAD    STATUS=PROGRESS       61 CALLS          62 TOTAL
                     EDM=1.01031e-06    STRATEGY= 1      ERROR MATRIX ACCURATE 
  EXT PARAMETER                                   STEP         FIRST   
  NO.   NAME      VALUE            ERROR          SIZE      DERIVATIVE 
   1  p0           5.58037e+05   3.42081e+02  -1.12227e-02   1.28901e-04
   2  p1           5.65296e-01   1.10643e-04   3.63762e-09   3.89691e+02
   3  p2          -2.00983e-05   7.83357e-05   2.63416e-09  -1.17493e+01
   4  p3           9.99617e-04   6.88645e-08   9.13515e-13   5.68911e+03
                               ERR DEF= 0.5
 MIGRAD FAILS TO FIND IMPROVEMENT
 MIGRAD MINIMIZATION HAS CONVERGED.
 FCN=79.6083 FROM MIGRAD    STATUS=CONVERGED      65 CALLS          66 TOTAL
                     EDM=1.01031e-06    STRATEGY= 1  ERROR MATRIX UNCERTAINTY   6.2 per cent
  EXT PARAMETER                                   STEP         FIRST   
  NO.   NAME      VALUE            ERROR          SIZE      DERIVATIVE 
   1  p0           5.58037e+05   3.06423e+02  -0.00000e+00   1.28901e-04
   2  p1           5.65296e-01   9.86355e-05   0.00000e+00   3.89691e+02
   3  p2          -2.00983e-05   2.00994e-05  -0.00000e+00  -1.17493e+01
   4  p3           9.99617e-04   5.98890e-08  -0.00000e+00   5.68911e+03
                               ERR DEF= 0.5
 EXTERNAL ERROR MATRIX.    NDIM=  25    NPAR=  4    ERR DEF=0.5
  9.389e+04 -3.022e-02  3.406e-03  2.841e-06 
 -3.022e-02  9.729e-09 -1.088e-09 -9.534e-13 
  3.406e-03 -1.088e-09  4.040e-10 -3.125e-13 
  2.841e-06 -9.534e-13 -3.125e-13  3.587e-15 
 PARAMETER  CORRELATION COEFFICIENTS  
       NO.  GLOBAL      1      2      3      4
        1  0.99986   1.000 -1.000  0.553  0.155
        2  0.99986  -1.000  1.000 -0.549 -0.161
        3  0.66448   0.553 -0.549  1.000 -0.260
        4  0.51144   0.155 -0.161 -0.260  1.000
 EXTERNAL ERROR MATRIX.    NDIM=   4    NPAR=  4    ERR DEF=0.5
  9.389e+04 -3.022e-02  3.406e-03  2.841e-06 
 -3.022e-02  9.729e-09 -1.088e-09 -9.534e-13 
  3.406e-03 -1.088e-09  4.040e-10 -3.125e-13 
  2.841e-06 -9.534e-13 -3.125e-13  3.587e-15 
 FCN=79.6083 FROM MIGRAD    STATUS=CONVERGED      65 CALLS          66 TOTAL
                     EDM=1.01031e-06    STRATEGY= 1  ERROR MATRIX UNCERTAINTY   6.2 per cent
  EXT PARAMETER                  PARABOLIC         MINOS ERRORS        
  NO.   NAME      VALUE            ERROR      NEGATIVE      POSITIVE   
   1  p0           5.58037e+05   3.06423e+02                            
   2  p1           5.65296e-01   9.86355e-05                            
   3  p2          -2.00983e-05   2.00994e-05                            
   4  p3           9.99617e-04   5.98890e-08                            
                               ERR DEF= 0.5
------------------------------------------
Enering ROOFIt-------
 PARAMETER DEFINITIONS:
    NO.   NAME         VALUE      STEP SIZE      LIMITS
     1 norm         5.58037e+05  1.00000e-01     no limits
     2 Q            5.65000e-01  1.00000e-01     no limits
     3 theta        0.00000e+00  1.00000e-01     no limits
     4 pileup       9.99617e-04  1.00000e-01     no limits
 **********
 **    1 **MIGRAD
 **********
 FIRST CALL TO USER FUNCTION AT NEW START POINT, WITH IFLAG=4.
 START MIGRAD MINIMIZATION.  STRATEGY  1.  CONVERGENCE WHEN EDM .LT. 1.00e-04
 FCN=-2.3786e+11 FROM MIGRAD    STATUS=INITIATE       16 CALLS          17 TOTAL
                     EDM= unknown      STRATEGY= 1      NO ERROR MATRIX       
  EXT PARAMETER               CURRENT GUESS       STEP         FIRST   
  NO.   NAME      VALUE            ERROR          SIZE      DERIVATIVE 
   1  norm         5.58037e+05   1.00000e-01   1.00000e-01  -3.51295e+01
   2  Q            5.65000e-01   1.00000e-01   1.00000e-01  -5.31444e+08
   3  theta        0.00000e+00   1.00000e-01   1.00000e-01   2.04629e+06
   4  pileup       9.99617e-04   1.00000e-01   1.00000e-01  -9.19273e+11
 MIGRAD FAILS TO FIND IMPROVEMENT
 MACHINE ACCURACY LIMITS FURTHER IMPROVEMENT.
 MIGRAD MINIMIZATION HAS CONVERGED.
 FCN=-2.3786e+11 FROM MIGRAD    STATUS=CONVERGED     263 CALLS         264 TOTAL
                     EDM=0.298453    STRATEGY= 1  ERROR MATRIX UNCERTAINTY   3.0 per cent
  EXT PARAMETER                                   STEP         FIRST   
  NO.   NAME      VALUE            ERROR          SIZE      DERIVATIVE 
   1  norm         5.58947e+05   9.46494e+00  -0.00000e+00   1.57431e-02
   2  Q            5.65003e-01   3.40639e-11   0.00000e+00   2.10983e+08
   3  theta       -7.38628e-05   1.04927e-04  -0.00000e+00   6.22319e+03
   4  pileup       9.99657e-04   3.58143e-08   0.00000e+00  -1.62161e+07
 EXTERNAL ERROR MATRIX.    NDIM=  25    NPAR=  4    ERR DEF=1
  8.958e+01 -1.298e-11  6.192e-04  1.079e-08 
 -1.298e-11  1.160e-21 -2.110e-16 -2.471e-20 
  6.192e-04 -2.110e-16  1.101e-08  6.444e-13 
  1.079e-08 -2.471e-20  6.444e-13  1.283e-15 
 PARAMETER  CORRELATION COEFFICIENTS  
       NO.  GLOBAL      1      2      3      4
        1  0.62814   1.000 -0.040  0.623  0.032
        2  0.06016  -0.040  1.000 -0.059 -0.020
        3  0.64243   0.623 -0.059  1.000  0.171
        4  0.19681   0.032 -0.020  0.171  1.000
 **********
 **    2 **MIGRAD 
 **********
 START MIGRAD MINIMIZATION.  STRATEGY  1.  CONVERGENCE WHEN EDM .LT. 1.00e-04
 FCN=-2.3786e+11 FROM MIGRAD    STATUS=INITIATE       12 CALLS         276 TOTAL
                     EDM=0.210449    STRATEGY= 1  ERROR MATRIX UNCERTAINTY   3.0 per cent
  EXT PARAMETER                                   STEP         FIRST   
  NO.   NAME      VALUE            ERROR          SIZE      DERIVATIVE 
   1  norm         5.58947e+05   9.46494e+00  -0.00000e+00   1.57432e-02
   2  Q            5.65003e-01   3.40639e-11   0.00000e+00   2.49599e+05
   3  theta       -7.38628e-05   1.04927e-04  -0.00000e+00   6.22319e+03
   4  pileup       9.99657e-04   3.58143e-08   0.00000e+00  -1.62161e+07
 MIGRAD FAILS TO FIND IMPROVEMENT
 MACHINE ACCURACY LIMITS FURTHER IMPROVEMENT.
 MIGRAD MINIMIZATION HAS CONVERGED.
 FCN=-2.3786e+11 FROM MIGRAD    STATUS=CONVERGED      22 CALLS         286 TOTAL
                     EDM=0.210449    STRATEGY= 1  ERROR MATRIX UNCERTAINTY   3.0 per cent
  EXT PARAMETER                                   STEP         FIRST   
  NO.   NAME      VALUE            ERROR          SIZE      DERIVATIVE 
   1  norm         5.58947e+05   9.46494e+00  -0.00000e+00   1.57432e-02
   2  Q            5.65003e-01   3.40639e-11   0.00000e+00   2.49599e+05
   3  theta       -7.38628e-05   1.04927e-04  -0.00000e+00   6.22319e+03
   4  pileup       9.99657e-04   3.58143e-08   0.00000e+00  -1.62161e+07
 EXTERNAL ERROR MATRIX.    NDIM=  25    NPAR=  4    ERR DEF=1
  8.958e+01 -1.298e-11  6.192e-04  1.079e-08 
 -1.298e-11  1.160e-21 -2.110e-16 -2.471e-20 
  6.192e-04 -2.110e-16  1.101e-08  6.444e-13 
  1.079e-08 -2.471e-20  6.444e-13  1.283e-15 
 PARAMETER  CORRELATION COEFFICIENTS  
       NO.  GLOBAL      1      2      3      4
        1  0.62814   1.000 -0.040  0.623  0.032
        2  0.06016  -0.040  1.000 -0.059 -0.020
        3  0.64243   0.623 -0.059  1.000  0.171
        4  0.19681   0.032 -0.020  0.171  1.000
status of the fit-----000------0
1  558947
2  0.565003
3  -7.38628e-05
4  0.000999657
 **********
 **   31 **SET PRINT           2
 **********
 **********
 **   32 **SET NOGRAD
 **********
 PARAMETER DEFINITIONS:
    NO.   NAME         VALUE      STEP SIZE      LIMITS
     1 p0           5.58000e+05  1.67400e+05     no limits
     2 p1           5.65000e-01  1.69500e-01     no limits
     3 p2           0.00000e+00  3.00000e-01     no limits
     4 p3           9.99871e-04  2.99961e-04     no limits
 **********
 **   33 **SET ERR         0.5
 **********
 **********
 **   34 **SET PRINT           2
 **********
 **********
 **   35 **SET STR           1
 **********
 NOW USING STRATEGY  1: TRY TO BALANCE SPEED AGAINST RELIABILITY
 **********
 **   36 **MIGRAD        1480        0.01
 **********
 FIRST CALL TO USER FUNCTION AT NEW START POINT, WITH IFLAG=4.
 START MIGRAD MINIMIZATION.  STRATEGY  1.  CONVERGENCE WHEN EDM .LT. 1.00e-05
 FCN=17235.1 FROM MIGRAD    STATUS=INITIATE       18 CALLS          19 TOTAL
                     EDM= unknown      STRATEGY= 1      NO ERROR MATRIX       
  EXT PARAMETER               CURRENT GUESS       STEP         FIRST   
  NO.   NAME      VALUE            ERROR          SIZE      DERIVATIVE 
   1  p0           5.58000e+05   1.67400e+05   1.67400e+05  -3.61799e+01
   2  p1           5.65000e-01   1.69500e-01   1.69500e-01  -1.12301e+08
   3  p2           0.00000e+00   3.00000e-01   3.00000e-01   2.03560e+06
   4  p3           9.99871e-04   2.99961e-04   2.99961e-04  -9.84284e+08
                               ERR DEF= 0.5
NO ERROR MATRIX       
 FCN=1398.38 FROM MIGRAD    STATUS=PROGRESS       36 CALLS          37 TOTAL
                     EDM=4119.84    STRATEGY= 1      NO ERROR MATRIX       
  EXT PARAMETER               CURRENT GUESS       STEP         FIRST   
  NO.   NAME      VALUE            ERROR          SIZE      DERIVATIVE 
   1  p0           5.58354e+05   1.67400e+05   3.54385e+02  -2.56199e+00
   2  p1           5.65114e-01   1.69500e-01   1.14272e-04  -7.88894e+06
   3  p2          -2.30498e-03   3.00000e-01  -2.30498e-03  -4.99605e+05
   4  p3           1.00130e-03   2.99961e-04   1.42934e-06   4.98336e+08
                               ERR DEF= 0.5
 FCN=81.6017 FROM MIGRAD    STATUS=PROGRESS      157 CALLS         158 TOTAL
                     EDM=0.00115641    STRATEGY= 1  ERROR MATRIX UNCERTAINTY  62.4 per cent
  EXT PARAMETER                APPROXIMATE        STEP         FIRST   
  NO.   NAME      VALUE            ERROR          SIZE      DERIVATIVE 
   1  p0           5.60497e+05   7.65658e+02   1.06101e+00  -1.12042e-03
   2  p1           5.64505e-01   2.45577e-04  -3.39383e-07  -3.39625e+03
   3  p2           9.41195e-05   9.21432e-05  -7.14505e-08   2.90611e+01
   4  p3           9.99824e-04   7.52518e-08  -4.88146e-11   9.38540e+04
                               ERR DEF= 0.5
 MIGRAD FAILS TO FIND IMPROVEMENT
 MIGRAD MINIMIZATION HAS CONVERGED.
 MIGRAD WILL VERIFY CONVERGENCE AND ERROR MATRIX.
   START COVARIANCE MATRIX CALCULATION.
 EIGENVALUES OF SECOND-DERIVATIVE MATRIX:
         1.0301e-03  4.0179e-01  8.9596e-01  2.7012e+00
 COVARIANCE MATRIX CALCULATED SUCCESSFULLY
 FCN=81.6013 FROM MIGRAD    STATUS=CONVERGED     234 CALLS         235 TOTAL
                     EDM=9.22133e-07    STRATEGY= 1      ERROR MATRIX ACCURATE 
  EXT PARAMETER                                   STEP         FIRST   
  NO.   NAME      VALUE            ERROR          SIZE      DERIVATIVE 
   1  p0           5.60509e+05   1.13250e+02   2.67272e-01   1.50543e-05
   2  p1           5.64501e-01   3.62213e-05   2.69175e-07   6.73609e+01
   3  p2           9.32875e-05   6.88707e-05   3.15308e-07   4.93920e+00
   4  p3           9.99824e-04   7.63356e-08   4.76753e-10  -6.37388e+03
                               ERR DEF= 0.5
 EXTERNAL ERROR MATRIX.    NDIM=  25    NPAR=  4    ERR DEF=0.5
  1.283e+04 -4.096e-03  2.137e-03  3.282e-06 
 -4.096e-03  1.312e-09 -6.178e-10 -1.054e-12 
  2.137e-03 -6.178e-10  4.743e-09  2.619e-12 
  3.282e-06 -1.054e-12  2.619e-12  5.827e-15 
 PARAMETER  CORRELATION COEFFICIENTS  
       NO.  GLOBAL      1      2      3      4
        1  0.99897   1.000 -0.998  0.274  0.380
        2  0.99897  -0.998  1.000 -0.248 -0.381
        3  0.70323   0.274 -0.248  1.000  0.498
        4  0.62152   0.380 -0.381  0.498  1.000
 EXTERNAL ERROR MATRIX.    NDIM=   4    NPAR=  4    ERR DEF=0.5
  1.283e+04 -4.096e-03  2.137e-03  3.282e-06 
 -4.096e-03  1.312e-09 -6.178e-10 -1.054e-12 
  2.137e-03 -6.178e-10  4.743e-09  2.619e-12 
  3.282e-06 -1.054e-12  2.619e-12  5.827e-15 
 FCN=81.6013 FROM MIGRAD    STATUS=CONVERGED     234 CALLS         235 TOTAL
                     EDM=9.22133e-07    STRATEGY= 1      ERROR MATRIX ACCURATE 
  EXT PARAMETER                  PARABOLIC         MINOS ERRORS        
  NO.   NAME      VALUE            ERROR      NEGATIVE      POSITIVE   
   1  p0           5.60509e+05   1.13250e+02                            
   2  p1           5.64501e-01   3.62213e-05                            
   3  p2           9.32875e-05   6.88707e-05                            
   4  p3           9.99824e-04   7.63356e-08                            
                               ERR DEF= 0.5
------------------------------------------
Enering ROOFIt-------
 PARAMETER DEFINITIONS:
    NO.   NAME         VALUE      STEP SIZE      LIMITS
     1 norm         5.60509e+05  1.00000e-01     no limits
     2 Q            5.65000e-01  1.00000e-01     no limits
     3 theta        0.00000e+00  1.00000e-01     no limits
     4 pileup       9.99824e-04  1.00000e-01     no limits
 **********
 **    1 **MIGRAD
 **********
 FIRST CALL TO USER FUNCTION AT NEW START POINT, WITH IFLAG=4.
 START MIGRAD MINIMIZATION.  STRATEGY  1.  CONVERGENCE WHEN EDM .LT. 1.00e-04
 FCN=-2.37859e+11 FROM MIGRAD    STATUS=INITIATE       16 CALLS          17 TOTAL
                     EDM= unknown      STRATEGY= 1      NO ERROR MATRIX       
  EXT PARAMETER               CURRENT GUESS       STEP         FIRST   
  NO.   NAME      VALUE            ERROR          SIZE      DERIVATIVE 
   1  norm         5.60509e+05   1.00000e-01   1.00000e-01   5.92285e+01
   2  Q            5.65000e-01   1.00000e-01   1.00000e-01   9.18883e+08
   3  theta        0.00000e+00   1.00000e-01   1.00000e-01  -3.43690e+06
   4  pileup       9.99824e-04   1.00000e-01   1.00000e-01  -9.15886e+11
 MIGRAD FAILS TO FIND IMPROVEMENT
 EIGENVALUES OF SECOND-DERIVATIVE MATRIX:
        -6.0431e-04  3.8401e-01  9.1713e-01  2.6995e+00
 MINUIT WARNING IN HESSE   
 ============== MATRIX FORCED POS-DEF BY ADDING 0.003304 TO DIAGONAL.
 FCN=-2.37859e+11 FROM HESSE     STATUS=NOT POSDEF     27 CALLS          55 TOTAL
                     EDM=5.8439e+06    STRATEGY= 1      ERR MATRIX NOT POS-DEF
  EXT PARAMETER                APPROXIMATE        STEP         FIRST   
  NO.   NAME      VALUE            ERROR          SIZE      DERIVATIVE 
   1  norm         5.60509e+05   6.93244e+01   2.67272e+00   5.92287e+01
   2  Q            5.65000e-01   6.52275e-06   1.00000e-03   1.84696e+08
   3  theta        0.00000e+00   5.73756e-04   1.85001e-02  -3.45187e+06
   4  pileup       9.99824e-04   9.23104e-08   1.00000e-02   1.67025e+09
 MIGRAD FAILS TO FIND IMPROVEMENT
 MACHINE ACCURACY LIMITS FURTHER IMPROVEMENT.
 MIGRAD MINIMIZATION HAS CONVERGED.
 MIGRAD WILL VERIFY CONVERGENCE AND ERROR MATRIX.
 EIGENVALUES OF SECOND-DERIVATIVE MATRIX:
        -7.0375e-04  3.6630e-01  8.5026e-01  2.7841e+00
 MINUIT WARNING IN HESSE   
 ============== MATRIX FORCED POS-DEF BY ADDING 0.003488 TO DIAGONAL.
 MIGRAD TERMINATED WITHOUT CONVERGENCE.
 FCN=-2.37859e+11 FROM MIGRAD    STATUS=FAILED        298 CALLS         299 TOTAL
                     EDM=3.22106    STRATEGY= 1      ERR MATRIX NOT POS-DEF
  EXT PARAMETER                APPROXIMATE        STEP         FIRST   
  NO.   NAME      VALUE            ERROR          SIZE      DERIVATIVE 
   1  norm         5.58641e+05   9.60365e+01   1.72483e+03   6.00655e-02
   2  Q            5.65103e-01   3.15989e-05   8.68425e-05   1.95235e+05
   3  theta        1.96975e-04   1.19708e-04   1.85900e-02  -1.51383e+04
   4  pileup       9.99946e-04   1.05037e-07   2.09869e-05   2.83757e+07
 EXTERNAL ERROR MATRIX.    NDIM=  25    NPAR=  4    ERR DEF=1
  9.223e+03 -3.021e-03 -3.986e-03 -1.457e-06 
 -3.021e-03  9.985e-10  1.500e-09  4.772e-13 
 -3.986e-03  1.500e-09  1.433e-08  5.722e-12 
 -1.457e-06  4.772e-13  5.722e-12  1.103e-14 
ERR MATRIX NOT POS-DEF
 PARAMETER  CORRELATION COEFFICIENTS  
       NO.  GLOBAL      1      2      3      4
        1  0.99716   1.000 -0.995 -0.347 -0.144
        2  0.99729  -0.995  1.000  0.396  0.144
        3  0.75909  -0.347  0.396  1.000  0.455
        4  0.54634  -0.144  0.144  0.455  1.000
 ERR MATRIX NOT POS-DEF
 **********
 **    2 **MIGRAD 
 **********
 START MIGRAD MINIMIZATION.  STRATEGY  1.  CONVERGENCE WHEN EDM .LT. 1.00e-04
 FCN=-2.37859e+11 FROM MIGRAD    STATUS=INITIATE        8 CALLS         307 TOTAL
                     EDM=1.47909    STRATEGY= 1      ERR MATRIX NOT POS-DEF
  EXT PARAMETER                APPROXIMATE        STEP         FIRST   
  NO.   NAME      VALUE            ERROR          SIZE      DERIVATIVE 
   1  norm         5.58641e+05   9.60365e+01   1.72483e+03   4.98227e-02
   2  Q            5.65103e-01   3.15989e-05   8.68425e-05   1.95390e+05
   3  theta        1.96975e-04   1.19708e-04   1.85900e-02  -1.26760e+04
   4  pileup       9.99946e-04   1.05037e-07   2.09869e-05   2.38659e+07
 MINUIT WARNING IN MIGRAD  
 ============== Negative diagonal element 2 in Error Matrix
 MINUIT WARNING IN MIGRAD  
 ============== 1 added to diagonal of error matrix
 MIGRAD FAILS TO FIND IMPROVEMENT
 EIGENVALUES OF SECOND-DERIVATIVE MATRIX:
        -5.2431e-01  3.3327e-01  7.1897e-01  3.4721e+00
 MINUIT WARNING IN HESSE   
 ============== MATRIX FORCED POS-DEF BY ADDING 0.527780 TO DIAGONAL.
 FCN=-2.37859e+11 FROM HESSE     STATUS=NOT POSDEF     31 CALLS         364 TOTAL
                     EDM=1.14164    STRATEGY= 1      ERR MATRIX NOT POS-DEF
  EXT PARAMETER                APPROXIMATE        STEP         FIRST   
  NO.   NAME      VALUE            ERROR          SIZE      DERIVATIVE 
   1  norm         5.58710e+05   5.55102e+01   1.72483e+03  -9.05045e-03
   2  Q            5.65080e-01   4.84699e-06   5.54985e-04  -2.14180e+04
   3  theta        1.67323e-04   5.68798e-04   1.85903e-02  -4.45287e+03
   4  pileup       9.99819e-04   1.78895e-07   2.09882e-05  -5.32178e+04
 MIGRAD FAILS TO FIND IMPROVEMENT
 MIGRAD TERMINATED WITHOUT CONVERGENCE.
 FCN=-2.37859e+11 FROM MIGRAD    STATUS=FAILED        102 CALLS         401 TOTAL
                     EDM=3.4775e+07    STRATEGY= 1      ERR MATRIX NOT POS-DEF
  EXT PARAMETER                APPROXIMATE        STEP         FIRST   
  NO.   NAME      VALUE            ERROR          SIZE      DERIVATIVE 
   1  norm         5.58710e+05   6.42191e+00  -0.00000e+00  -7.90990e-02
   2  Q            5.65080e-01   1.81757e-09  -0.00000e+00   4.01267e+09
   3  theta        1.91168e-04   6.99972e-05  -0.00000e+00   1.48246e+04
   4  pileup       9.99834e-04   5.91231e-08  -0.00000e+00  -2.74485e+07
 EXTERNAL ERROR MATRIX.    NDIM=  25    NPAR=  4    ERR DEF=1
  4.124e+01 -9.031e-11  1.764e-04 -6.913e-08 
 -9.031e-11  3.304e-18  7.269e-15  1.704e-17 
  1.764e-04  7.269e-15  4.900e-09  2.519e-12 
 -6.913e-08  1.704e-17  2.519e-12  3.496e-15 
ERR MATRIX NOT POS-DEF
 PARAMETER  CORRELATION COEFFICIENTS  
       NO.  GLOBAL      1      2      3      4
        1  0.66200   1.000 -0.008  0.392 -0.182
        2  0.18025  -0.008  1.000  0.057  0.159
        3  0.79683   0.392  0.057  1.000  0.609
        4  0.76922  -0.182  0.159  0.609  1.000
 ERR MATRIX NOT POS-DEF
status of the fit-----000------4
1  558710
2  0.56508
3  0.000191168
4  0.000999834
 PARAMETER DEFINITIONS:
    NO.   NAME         VALUE      STEP SIZE      LIMITS
     1 norm         5.58710e+05  1.00000e-01     no limits
     2 Q            5.65080e-01  1.00000e-01     no limits
     3 theta        1.91168e-04  1.00000e-01     no limits
     4 pileup       9.99834e-04  1.00000e-01     no limits
 **********
 **    3 **MIGRAD
 **********
 FIRST CALL TO USER FUNCTION AT NEW START POINT, WITH IFLAG=4.
 START MIGRAD MINIMIZATION.  STRATEGY  1.  CONVERGENCE WHEN EDM .LT. 1.00e-04
 FCN=-2.37859e+11 FROM MIGRAD    STATUS=INITIATE       16 CALLS         418 TOTAL
                     EDM= unknown      STRATEGY= 1      NO ERROR MATRIX       
  EXT PARAMETER               CURRENT GUESS       STEP         FIRST   
  NO.   NAME      VALUE            ERROR          SIZE      DERIVATIVE 
   1  norm         5.58710e+05   1.00000e-01   1.00000e-01  -1.44676e-02
   2  Q            5.65080e-01   1.00000e-01   1.00000e-01   7.03438e+06
   3  theta        1.91168e-04   1.00000e-01   1.00000e-01   1.48084e+04
   4  pileup       9.99834e-04   1.00000e-01   1.00000e-01  -9.17984e+11
 MIGRAD FAILS TO FIND IMPROVEMENT
 COVARIANCE MATRIX CALCULATED SUCCESSFULLY
 FCN=-2.37859e+11 FROM HESSE     STATUS=OK             29 CALLS         458 TOTAL
                     EDM=0.100567    STRATEGY= 1      ERROR MATRIX ACCURATE 
  EXT PARAMETER                                   STEP         FIRST   
  NO.   NAME      VALUE            ERROR          SIZE      DERIVATIVE 
   1  norm         5.58710e+05   1.23548e+02   2.66414e+00  -1.46337e-02
   2  Q            5.65080e-01   1.18283e-05   1.00000e-03  -3.91638e+04
   3  theta        1.91168e-04   1.04392e-03   1.85649e-02  -7.07486e+02
   4  pileup       9.99834e-04   9.24419e-08   1.00000e-02   4.42495e+05
 MIGRAD FAILS TO FIND IMPROVEMENT
 MACHINE ACCURACY LIMITS FURTHER IMPROVEMENT.
 MIGRAD MINIMIZATION HAS CONVERGED.
 FCN=-2.37859e+11 FROM MIGRAD    STATUS=CONVERGED      66 CALLS         468 TOTAL
                     EDM=0.100567    STRATEGY= 1      ERROR MATRIX ACCURATE 
  EXT PARAMETER                                   STEP         FIRST   
  NO.   NAME      VALUE            ERROR          SIZE      DERIVATIVE 
   1  norm         5.58710e+05   1.23548e+02   0.00000e+00  -1.46337e-02
   2  Q            5.65080e-01   1.18283e-05  -0.00000e+00  -3.91638e+04
   3  theta        1.91168e-04   1.04392e-03  -0.00000e+00  -7.07486e+02
   4  pileup       9.99834e-04   9.24419e-08  -0.00000e+00   4.42495e+05
 EXTERNAL ERROR MATRIX.    NDIM=  25    NPAR=  4    ERR DEF=1
  1.526e+04 -1.457e-03 -1.275e-01 -1.112e-07 
 -1.457e-03  1.399e-10  1.229e-08  2.220e-15 
 -1.275e-01  1.229e-08  1.090e-06  1.164e-12 
 -1.112e-07  2.220e-15  1.164e-12  8.545e-15 
 PARAMETER  CORRELATION COEFFICIENTS  
       NO.  GLOBAL      1      2      3      4
        1  0.99828   1.000 -0.997 -0.988 -0.010
        2  0.99933  -0.997  1.000  0.995  0.002
        3  0.99720  -0.988  0.995  1.000  0.012
        4  0.23259  -0.010  0.002  0.012  1.000
 **********
 **    4 **MIGRAD 
 **********
 START MIGRAD MINIMIZATION.  STRATEGY  1.  CONVERGENCE WHEN EDM .LT. 1.00e-04
 FCN=-2.37859e+11 FROM MIGRAD    STATUS=INITIATE        8 CALLS         476 TOTAL
                     EDM=4.16559    STRATEGY= 1      ERROR MATRIX ACCURATE 
  EXT PARAMETER                                   STEP         FIRST   
  NO.   NAME      VALUE            ERROR          SIZE      DERIVATIVE 
   1  norm         5.58710e+05   1.23548e+02   0.00000e+00  -1.44332e-02
   2  Q            5.65080e-01   1.18283e-05  -0.00000e+00  -3.91000e+04
   3  theta        1.91168e-04   1.04392e-03  -0.00000e+00   1.75408e+03
   4  pileup       9.99834e-04   9.24419e-08  -0.00000e+00  -2.86114e+07
 MIGRAD FAILS TO FIND IMPROVEMENT
 MACHINE ACCURACY LIMITS FURTHER IMPROVEMENT.
 MIGRAD MINIMIZATION HAS CONVERGED.
 FCN=-2.37859e+11 FROM MIGRAD    STATUS=CONVERGED      19 CALLS         487 TOTAL
                     EDM=4.16559    STRATEGY= 1      ERROR MATRIX ACCURATE 
  EXT PARAMETER                                   STEP         FIRST   
  NO.   NAME      VALUE            ERROR          SIZE      DERIVATIVE 
   1  norm         5.58710e+05   1.23548e+02   0.00000e+00  -1.44332e-02
   2  Q            5.65080e-01   1.18283e-05  -0.00000e+00  -3.91000e+04
   3  theta        1.91168e-04   1.04392e-03  -0.00000e+00   1.75408e+03
   4  pileup       9.99834e-04   9.24419e-08   0.00000e+00  -2.86114e+07
 EXTERNAL ERROR MATRIX.    NDIM=  25    NPAR=  4    ERR DEF=1
  1.526e+04 -1.457e-03 -1.275e-01 -1.112e-07 
 -1.457e-03  1.399e-10  1.229e-08  2.220e-15 
 -1.275e-01  1.229e-08  1.090e-06  1.164e-12 
 -1.112e-07  2.220e-15  1.164e-12  8.545e-15 
 PARAMETER  CORRELATION COEFFICIENTS  
       NO.  GLOBAL      1      2      3      4
        1  0.99828   1.000 -0.997 -0.988 -0.010
        2  0.99933  -0.997  1.000  0.995  0.002
        3  0.99720  -0.988  0.995  1.000  0.012
        4  0.23259  -0.010  0.002  0.012  1.000
status of the fit-----000------0
1  558710
2  0.56508
3  0.000191168
4  0.000999834
