  *******************************************
  *                                         *
  *        W E L C O M E  to  R O O T       *
  *                                         *
  *   Version   5.34/36      5 April 2016   *
  *                                         *
  *  You are welcome to visit our Web site  *
  *          http://root.cern.ch            *
  *                                         *
  *******************************************

ROOT 5.34/36 (v5-34-36@v5-34-36, Apr 05 2016, 10:25:45 on linuxx8664gcc)

CINT/ROOT C/C++ Interpreter version 5.18.00, July 2, 2010
Type ? for help. Commands must be C++ statements.
Enclose multiple statements between { }.
Loading root init file.
The rat/rootinit.C file loaded the DEAP style for you, which is available from the fStyle pointer.
DEAP style applied. 
RAT: Libraries loaded.

Processing /home/fatemigh/projects/rpp-jillings/fatemigh/sterile/Likelihood/LikelihoodSterile_modified6.C+(4)...
pased here
566 lines read from file
31
spec_E  566
Before entering fitting
 **********
 **    1 **SET PRINT           2
 **********
 **********
 **    2 **SET NOGRAD
 **********
 PARAMETER DEFINITIONS:
    NO.   NAME         VALUE      STEP SIZE      LIMITS
     1 p0           5.58000e+05  1.67400e+05     no limits
     2 p1           5.65000e-01  1.69500e-01     no limits
     3 p2           0.00000e+00  3.00000e-01     no limits
     4 p3           9.99871e-04  2.99961e-04     no limits
 **********
 **    3 **SET ERR         0.5
 **********
 **********
 **    4 **SET PRINT           2
 **********
 **********
 **    5 **SET STR           1
 **********
 NOW USING STRATEGY  1: TRY TO BALANCE SPEED AGAINST RELIABILITY
 **********
 **    6 **MIGRAD        1480        0.01
 **********
 FIRST CALL TO USER FUNCTION AT NEW START POINT, WITH IFLAG=4.
 START MIGRAD MINIMIZATION.  STRATEGY  1.  CONVERGENCE WHEN EDM .LT. 1.00e-05
 FCN=17328.6 FROM MIGRAD    STATUS=INITIATE       18 CALLS          19 TOTAL
                     EDM= unknown      STRATEGY= 1      NO ERROR MATRIX       
  EXT PARAMETER               CURRENT GUESS       STEP         FIRST   
  NO.   NAME      VALUE            ERROR          SIZE      DERIVATIVE 
   1  p0           5.58000e+05   1.67400e+05   1.67400e+05  -3.63087e+01
   2  p1           5.65000e-01   1.69500e-01   1.69500e-01  -1.12707e+08
   3  p2           0.00000e+00   3.00000e-01   3.00000e-01   2.06928e+06
   4  p3           9.99871e-04   2.99961e-04   2.99961e-04  -9.90773e+08
                               ERR DEF= 0.5
NO ERROR MATRIX       
 FCN=1328.66 FROM MIGRAD    STATUS=PROGRESS       36 CALLS          37 TOTAL
                     EDM=4027.88    STRATEGY= 1      NO ERROR MATRIX       
  EXT PARAMETER               CURRENT GUESS       STEP         FIRST   
  NO.   NAME      VALUE            ERROR          SIZE      DERIVATIVE 
   1  p0           5.58355e+05   1.67400e+05   3.55293e+02  -2.53412e+00
   2  p1           5.65115e-01   1.69500e-01   1.14572e-04  -7.80696e+06
   3  p2          -2.34070e-03   3.00000e-01  -2.34070e-03  -4.82852e+05
   4  p3           1.00131e-03   2.99961e-04   1.43738e-06   5.01183e+08
                               ERR DEF= 0.5
 MIGRAD MINIMIZATION HAS CONVERGED.
 MIGRAD WILL VERIFY CONVERGENCE AND ERROR MATRIX.
   START COVARIANCE MATRIX CALCULATION.
 EIGENVALUES OF SECOND-DERIVATIVE MATRIX:
        -1.3878e-03  3.6839e-01  8.2236e-01  2.8106e+00
 MINUIT WARNING IN HESSE   
 ============== MATRIX FORCED POS-DEF BY ADDING 0.004198 TO DIAGONAL.
 FCN=56.4484 FROM HESSE     STATUS=NOT POSDEF     27 CALLS          97 TOTAL
                     EDM=0.000354307    STRATEGY= 1      ERR MATRIX NOT POS-DEF
  EXT PARAMETER                APPROXIMATE        STEP         FIRST   
  NO.   NAME      VALUE            ERROR          SIZE      DERIVATIVE 
   1  p0           5.58479e+05   6.85025e+01   2.66303e-01  -1.49849e-04
   2  p1           5.65154e-01   2.19940e-05   2.69486e-07   4.65947e+02
   3  p2           5.72819e-05   8.18067e-05   3.08140e-07  -2.07412e+02
   4  p3           9.99781e-04   7.60680e-08   4.76733e-10   6.00810e+03
                               ERR DEF= 0.5
 PARAMETER  CORRELATION COEFFICIENTS  
       NO.  GLOBAL      1      2      3      4
        1  0.99721   1.000 -0.995  0.037 -0.036
        2  0.99720  -0.995  1.000  0.018  0.033
        3  0.71318   0.037  0.018  1.000  0.419
        4  0.53135  -0.036  0.033  0.419  1.000
 ERR MATRIX NOT POS-DEF
 FCN=56.4481 FROM MIGRAD    STATUS=PROGRESS      107 CALLS         108 TOTAL
                     EDM=0.000495301    STRATEGY= 1      ERR MATRIX NOT POS-DEF
  EXT PARAMETER                APPROXIMATE        STEP         FIRST   
  NO.   NAME      VALUE            ERROR          SIZE      DERIVATIVE 
   1  p0           5.58481e+05   6.85025e+01   1.78221e+00  -1.32664e-04
   2  p1           5.65154e-01   2.19940e-05  -5.47087e-07   5.05624e+02
   3  p2           5.89933e-05   8.18067e-05   1.71143e-06   3.11637e+02
   4  p3           9.99782e-04   7.60680e-08   5.58547e-10  -3.99660e+04
                               ERR DEF= 0.5
 MIGRAD FAILS TO FIND IMPROVEMENT
 MIGRAD TERMINATED WITHOUT CONVERGENCE.
 FCN=56.336 FROM MIGRAD    STATUS=FAILED        163 CALLS         164 TOTAL
                     EDM=0.000117372    STRATEGY= 1      ERR MATRIX NOT POS-DEF
  EXT PARAMETER                APPROXIMATE        STEP         FIRST   
  NO.   NAME      VALUE            ERROR          SIZE      DERIVATIVE 
   1  p0           5.59197e+05   1.09446e+03  -0.00000e+00  -6.04615e-04
   2  p1           5.64922e-01   3.52951e-04   0.00000e+00  -1.90125e+03
   3  p2           1.70585e-05   9.98553e-05   0.00000e+00   4.31711e+00
   4  p3           9.99779e-04   7.48976e-08   0.00000e+00  -2.15979e+04
                               ERR DEF= 0.5
 EXTERNAL ERROR MATRIX.    NDIM=  25    NPAR=  4    ERR DEF=0.5
  1.198e+06 -3.863e-01 -6.951e-02 -1.094e-06 
 -3.863e-01  1.246e-07  2.250e-08  3.406e-13 
 -6.951e-02  2.250e-08  9.971e-09  2.284e-12 
 -1.094e-06  3.406e-13  2.284e-12  5.610e-15 
ERR MATRIX NOT POS-DEF
 PARAMETER  CORRELATION COEFFICIENTS  
       NO.  GLOBAL      1      2      3      4
        1  0.99999   1.000 -1.000 -0.636 -0.013
        2  0.99999  -1.000  1.000  0.638  0.013
        3  0.82911  -0.636  0.638  1.000  0.305
        4  0.51522  -0.013  0.013  0.305  1.000
 ERR MATRIX NOT POS-DEF
 FCN=56.336 FROM MIGRAD    STATUS=FAILED        163 CALLS         164 TOTAL
                     EDM=0.000117372    STRATEGY= 1      ERR MATRIX NOT POS-DEF
  EXT PARAMETER                  PARABOLIC         MINOS ERRORS        
  NO.   NAME      VALUE            ERROR      NEGATIVE      POSITIVE   
   1  p0           5.59197e+05   1.09446e+03                            
   2  p1           5.64922e-01   3.52951e-04                            
   3  p2           1.70585e-05   9.98553e-05                            
   4  p3           9.99779e-04   7.48976e-08                            
                               ERR DEF= 0.5
 **********
 **    7 **SET PRINT           2
 **********
 **********
 **    8 **SET NOGRAD
 **********
 PARAMETER DEFINITIONS:
    NO.   NAME         VALUE      STEP SIZE      LIMITS
     1 p0           5.59197e+05  1.09446e+03     no limits
     2 p1           5.64922e-01  3.52951e-04     no limits
     3 p2           1.70585e-05  9.98553e-05     no limits
     4 p3           9.99779e-04  7.48976e-08     no limits
 **********
 **    9 **SET ERR         0.5
 **********
 **********
 **   10 **SET PRINT           2
 **********
 **********
 **   11 **SET STR           1
 **********
 NOW USING STRATEGY  1: TRY TO BALANCE SPEED AGAINST RELIABILITY
 **********
 **   12 **MIGRAD        1480        0.01
 **********
 FIRST CALL TO USER FUNCTION AT NEW START POINT, WITH IFLAG=4.
 START MIGRAD MINIMIZATION.  STRATEGY  1.  CONVERGENCE WHEN EDM .LT. 1.00e-05
 FCN=56.336 FROM MIGRAD    STATUS=INITIATE       16 CALLS          17 TOTAL
                     EDM= unknown      STRATEGY= 1      NO ERROR MATRIX       
  EXT PARAMETER               CURRENT GUESS       STEP         FIRST   
  NO.   NAME      VALUE            ERROR          SIZE      DERIVATIVE 
   1  p0           5.59197e+05   1.09446e+03   1.09446e+03  -6.12849e-04
   2  p1           5.64922e-01   3.52951e-04   3.52951e-04  -1.88776e+03
   3  p2           1.70585e-05   9.98553e-05   9.98553e-05   1.01455e+01
   4  p3           9.99779e-04   7.48976e-08   7.48976e-08  -2.15979e+04
                               ERR DEF= 0.5
NO ERROR MATRIX       
 FCN=56.336 FROM MIGRAD    STATUS=PROGRESS       26 CALLS          27 TOTAL
                     EDM=4.6905e-06    STRATEGY= 1      NO ERROR MATRIX       
  EXT PARAMETER               CURRENT GUESS       STEP         FIRST   
  NO.   NAME      VALUE            ERROR          SIZE      DERIVATIVE 
   1  p0           5.59197e+05   1.09446e+03   6.53240e-03  -5.51045e-05
   2  p1           5.64922e-01   3.52951e-04   2.07829e-09  -1.74795e+02
   3  p2           1.70484e-05   9.98553e-05  -1.00043e-08  -2.94457e+01
   4  p3           9.99779e-04   7.48976e-08   3.17051e-11  -4.53709e+03
                               ERR DEF= 0.5
 MIGRAD MINIMIZATION HAS CONVERGED.
 MIGRAD WILL VERIFY CONVERGENCE AND ERROR MATRIX.
   START COVARIANCE MATRIX CALCULATION.
 EIGENVALUES OF SECOND-DERIVATIVE MATRIX:
         1.8068e-03  3.0749e-01  9.0649e-01  2.7842e+00
 COVARIANCE MATRIX CALCULATED SUCCESSFULLY
 FCN=56.336 FROM MIGRAD    STATUS=CONVERGED      68 CALLS          69 TOTAL
                     EDM=4.43228e-06    STRATEGY= 1      ERROR MATRIX ACCURATE 
  EXT PARAMETER                                   STEP         FIRST   
  NO.   NAME      VALUE            ERROR          SIZE      DERIVATIVE 
   1  p0           5.59197e+05   8.53703e+01   2.66646e-01   1.13061e-04
   2  p1           5.64922e-01   2.73814e-05   2.69376e-07   3.58694e+02
   3  p2           1.72061e-05   8.47402e-05   2.75943e-07  -2.18425e+01
   4  p3           9.99779e-04   7.97330e-08   4.76732e-10  -8.45096e+03
                               ERR DEF= 0.5
 EXTERNAL ERROR MATRIX.    NDIM=  25    NPAR=  4    ERR DEF=0.5
  7.288e+03 -2.331e-03  1.522e-03  2.194e-06 
 -2.331e-03  7.497e-10 -3.881e-10 -6.894e-13 
  1.522e-03 -3.881e-10  7.181e-09  3.818e-12 
  2.194e-06 -6.894e-13  3.818e-12  6.357e-15 
 PARAMETER  CORRELATION COEFFICIENTS  
       NO.  GLOBAL      1      2      3      4
        1  0.99820   1.000 -0.997  0.210  0.322
        2  0.99819  -0.997  1.000 -0.167 -0.316
        3  0.76387   0.210 -0.167  1.000  0.565
        4  0.65594   0.322 -0.316  0.565  1.000
 EXTERNAL ERROR MATRIX.    NDIM=   4    NPAR=  4    ERR DEF=0.5
  7.288e+03 -2.331e-03  1.522e-03  2.194e-06 
 -2.331e-03  7.497e-10 -3.881e-10 -6.894e-13 
  1.522e-03 -3.881e-10  7.181e-09  3.818e-12 
  2.194e-06 -6.894e-13  3.818e-12  6.357e-15 
 FCN=56.336 FROM MIGRAD    STATUS=CONVERGED      68 CALLS          69 TOTAL
                     EDM=4.43228e-06    STRATEGY= 1      ERROR MATRIX ACCURATE 
  EXT PARAMETER                  PARABOLIC         MINOS ERRORS        
  NO.   NAME      VALUE            ERROR      NEGATIVE      POSITIVE   
   1  p0           5.59197e+05   8.53703e+01                            
   2  p1           5.64922e-01   2.73814e-05                            
   3  p2           1.72061e-05   8.47402e-05                            
   4  p3           9.99779e-04   7.97330e-08                            
                               ERR DEF= 0.5
------------------------------------------
Enering ROOFIt-------
 PARAMETER DEFINITIONS:
    NO.   NAME         VALUE      STEP SIZE      LIMITS
     1 norm         5.59197e+05  1.00000e-01     no limits
     2 Q            5.65000e-01  1.00000e-01     no limits
     3 theta        0.00000e+00  1.00000e-01     no limits
     4 pileup       9.99779e-04  1.00000e-01     no limits
 **********
 **    1 **MIGRAD
 **********
 FIRST CALL TO USER FUNCTION AT NEW START POINT, WITH IFLAG=4.
 START MIGRAD MINIMIZATION.  STRATEGY  1.  CONVERGENCE WHEN EDM .LT. 1.00e-04
 FCN=-2.37861e+11 FROM MIGRAD    STATUS=INITIATE       16 CALLS          17 TOTAL
                     EDM= unknown      STRATEGY= 1      NO ERROR MATRIX       
  EXT PARAMETER               CURRENT GUESS       STEP         FIRST   
  NO.   NAME      VALUE            ERROR          SIZE      DERIVATIVE 
   1  norm         5.59197e+05   1.00000e-01   1.00000e-01   9.22813e+00
   2  Q            5.65000e-01   1.00000e-01   1.00000e-01   1.48214e+08
   3  theta        0.00000e+00   1.00000e-01   1.00000e-01  -5.21483e+05
   4  pileup       9.99779e-04   1.00000e-01   1.00000e-01  -9.17692e+11
 MIGRAD FAILS TO FIND IMPROVEMENT
 COVARIANCE MATRIX CALCULATED SUCCESSFULLY
 FCN=-2.37861e+11 FROM HESSE     STATUS=OK             27 CALLS          55 TOTAL
                     EDM=5.1703e+06    STRATEGY= 1      ERROR MATRIX ACCURATE 
  EXT PARAMETER                                   STEP         FIRST   
  NO.   NAME      VALUE            ERROR          SIZE      DERIVATIVE 
   1  norm         5.59197e+05   4.15372e+02   2.66646e+00   9.22821e+00
   2  Q            5.65000e-01   3.96137e-05   1.00000e-03   2.87094e+07
   3  theta        0.00000e+00   3.45557e-03   1.85076e-02  -5.36440e+05
   4  pileup       9.99779e-04   9.24850e-08   1.00000e-02   2.59932e+08
 MINUIT WARNING IN MIGRAD  
 ============== Negative diagonal element 2 in Error Matrix
 MINUIT WARNING IN MIGRAD  
 ============== 1 added to diagonal of error matrix
 MIGRAD FAILS TO FIND IMPROVEMENT
 MIGRAD TERMINATED WITHOUT CONVERGENCE.
 FCN=-2.37861e+11 FROM MIGRAD    STATUS=FAILED         91 CALLS          92 TOTAL
                     EDM=2.91054e+08    STRATEGY= 1  ERROR MATRIX UNCERTAINTY 100.0 per cent
  EXT PARAMETER                APPROXIMATE        STEP         FIRST   
  NO.   NAME      VALUE            ERROR          SIZE      DERIVATIVE 
   1  norm         5.58909e+05   8.46119e+00  -0.00000e+00  -1.33681e-01
   2  Q            5.65017e-01   1.00000e+00  -0.00000e+00   1.32417e+09
   3  theta        3.36927e-04   1.00000e+00  -0.00000e+00   5.33071e+04
   4  pileup       1.00012e-03   1.00000e+00  -0.00000e+00   1.65225e+07
 EXTERNAL ERROR MATRIX.    NDIM=  25    NPAR=  4    ERR DEF=1
  7.159e+01  8.476e-09  5.163e-04 -9.739e-08 
  8.476e-09  1.000e+00 -4.772e-13 -2.634e-16 
  5.163e-04 -4.772e-13  1.000e+00  1.939e-12 
 -9.739e-08 -2.634e-16  1.939e-12  1.000e+00 
ERR MATRIX APPROXIMATE
 PARAMETER  CORRELATION COEFFICIENTS  
       NO.  GLOBAL      1      2      3      4
        1  0.00006   1.000  0.000  0.000 -0.000
        2  0.00000   0.000  1.000 -0.000 -0.000
        3  0.00006   0.000 -0.000  1.000  0.000
        4  0.00000  -0.000 -0.000  0.000  1.000
 ERR MATRIX APPROXIMATE
 **********
 **    2 **MIGRAD 
 **********
 START MIGRAD MINIMIZATION.  STRATEGY  1.  CONVERGENCE WHEN EDM .LT. 1.00e-04
 FCN=-2.37861e+11 FROM MIGRAD    STATUS=INITIATE       12 CALLS         104 TOTAL
                     EDM=3.98748e+16    STRATEGY= 1  ERROR MATRIX UNCERTAINTY 100.0 per cent
  EXT PARAMETER                APPROXIMATE        STEP         FIRST   
  NO.   NAME      VALUE            ERROR          SIZE      DERIVATIVE 
   1  norm         5.58909e+05   8.46119e+00  -0.00000e+00  -1.39792e-01
   2  Q            5.65017e-01   1.00000e+00  -0.00000e+00  -4.20635e+05
   3  theta        3.36927e-04   1.00000e+00  -0.00000e+00   5.33242e+04
   4  pileup       1.00012e-03   1.00000e+00  -0.00000e+00   1.64988e+07
 MIGRAD FAILS TO FIND IMPROVEMENT
 EIGENVALUES OF SECOND-DERIVATIVE MATRIX:
        -6.5674e-04  3.6666e-01  8.4965e-01  2.7843e+00
 MINUIT WARNING IN HESSE   
 ============== MATRIX FORCED POS-DEF BY ADDING 0.003441 TO DIAGONAL.
 FCN=-2.37861e+11 FROM HESSE     STATUS=NOT POSDEF     27 CALLS         142 TOTAL
                     EDM=14.0945    STRATEGY= 1      ERR MATRIX NOT POS-DEF
  EXT PARAMETER                APPROXIMATE        STEP         FIRST   
  NO.   NAME      VALUE            ERROR          SIZE      DERIVATIVE 
   1  norm         5.58909e+05   9.60432e+01   5.33292e+02  -1.33867e-01
   2  Q            5.65017e-01   3.15984e-05   9.53272e-05  -4.20648e+05
   3  theta        3.36927e-04   1.19984e-04   1.85288e-02   3.77607e+04
   4  pileup       1.00012e-03   1.05269e-07   2.09895e-05   4.49235e+07
 MIGRAD FAILS TO FIND IMPROVEMENT
 MACHINE ACCURACY LIMITS FURTHER IMPROVEMENT.
 MIGRAD MINIMIZATION HAS CONVERGED.
 MIGRAD WILL VERIFY CONVERGENCE AND ERROR MATRIX.
 EIGENVALUES OF SECOND-DERIVATIVE MATRIX:
        -4.5661e-04  3.7222e-01  8.5186e-01  2.7764e+00
 MINUIT WARNING IN HESSE   
 ============== MATRIX FORCED POS-DEF BY ADDING 0.003233 TO DIAGONAL.
 MIGRAD TERMINATED WITHOUT CONVERGENCE.
 FCN=-2.37861e+11 FROM MIGRAD    STATUS=FAILED        100 CALLS         192 TOTAL
                     EDM=0.143688    STRATEGY= 1      ERR MATRIX NOT POS-DEF
  EXT PARAMETER                APPROXIMATE        STEP         FIRST   
  NO.   NAME      VALUE            ERROR          SIZE      DERIVATIVE 
   1  norm         5.58998e+05   9.70075e+01   1.06658e+03  -2.10531e-02
   2  Q            5.64986e-01   3.14204e-05   1.90654e-04  -6.48462e+04
   3  theta        1.10969e-05   1.10641e-04   7.41152e-03  -3.43010e+03
   4  pileup       9.99792e-04   1.03940e-07   8.39578e-06   3.77168e+06
 EXTERNAL ERROR MATRIX.    NDIM=  25    NPAR=  4    ERR DEF=1
  9.410e+03 -3.034e-03 -1.078e-03 -3.339e-07 
 -3.034e-03  9.872e-10  5.289e-10  1.036e-13 
 -1.078e-03  5.289e-10  1.224e-08  5.012e-12 
 -3.339e-07  1.036e-13  5.012e-12  1.080e-14 
ERR MATRIX NOT POS-DEF
 PARAMETER  CORRELATION COEFFICIENTS  
       NO.  GLOBAL      1      2      3      4
        1  0.99721   1.000 -0.996 -0.100 -0.033
        2  0.99725  -0.996  1.000  0.152  0.032
        3  0.71283  -0.100  0.152  1.000  0.436
        4  0.53240  -0.033  0.032  0.436  1.000
 ERR MATRIX NOT POS-DEF
status of the fit-----000------4
1  558998
2  0.564986
3  1.10969e-05
4  0.000999792
 PARAMETER DEFINITIONS:
    NO.   NAME         VALUE      STEP SIZE      LIMITS
     1 norm         5.58998e+05  1.00000e-01     no limits
     2 Q            5.64986e-01  1.00000e-01     no limits
     3 theta        1.10969e-05  1.00000e-01     no limits
     4 pileup       9.99792e-04  1.00000e-01     no limits
 **********
 **    3 **MIGRAD
 **********
 FIRST CALL TO USER FUNCTION AT NEW START POINT, WITH IFLAG=4.
 START MIGRAD MINIMIZATION.  STRATEGY  1.  CONVERGENCE WHEN EDM .LT. 1.00e-04
 FCN=-2.37861e+11 FROM MIGRAD    STATUS=INITIATE       16 CALLS         209 TOTAL
                     EDM= unknown      STRATEGY= 1      NO ERROR MATRIX       
  EXT PARAMETER               CURRENT GUESS       STEP         FIRST   
  NO.   NAME      VALUE            ERROR          SIZE      DERIVATIVE 
   1  norm         5.58998e+05   1.00000e-01   1.00000e-01  -2.10033e-02
   2  Q            5.64986e-01   1.00000e-01   1.00000e-01   6.55067e+06
   3  theta        1.10969e-05   1.00000e-01   1.00000e-01   1.21522e+04
   4  pileup       9.99792e-04   1.00000e-01   1.00000e-01  -9.18020e+11
 MIGRAD FAILS TO FIND IMPROVEMENT
 COVARIANCE MATRIX CALCULATED SUCCESSFULLY
 FCN=-2.37861e+11 FROM HESSE     STATUS=OK             29 CALLS         249 TOTAL
                     EDM=22.4151    STRATEGY= 1      ERROR MATRIX ACCURATE 
  EXT PARAMETER                                   STEP         FIRST   
  NO.   NAME      VALUE            ERROR          SIZE      DERIVATIVE 
   1  norm         5.58998e+05   6.88348e+02   2.66551e+00  -2.07800e-02
   2  Q            5.64986e-01   6.56659e-05   1.00000e-03  -6.48641e+04
   3  theta        1.10969e-05   5.72365e-03   1.84990e-02  -3.40937e+03
   4  pileup       9.99792e-04   9.25656e-08   1.00000e-02   3.18606e+06
 MIGRAD FAILS TO FIND IMPROVEMENT
 MACHINE ACCURACY LIMITS FURTHER IMPROVEMENT.
 MIGRAD MINIMIZATION HAS CONVERGED.
 MIGRAD WILL VERIFY CONVERGENCE AND ERROR MATRIX.
 EIGENVALUES OF SECOND-DERIVATIVE MATRIX:
        -2.0515e-04  3.7290e-01  8.5090e-01  2.7764e+00
 MINUIT WARNING IN HESSE   
 ============== MATRIX FORCED POS-DEF BY ADDING 0.002982 TO DIAGONAL.
 MIGRAD TERMINATED WITHOUT CONVERGENCE.
 FCN=-2.37861e+11 FROM MIGRAD    STATUS=FAILED        104 CALLS         297 TOTAL
                     EDM=0.143342    STRATEGY= 1      ERR MATRIX NOT POS-DEF
  EXT PARAMETER                APPROXIMATE        STEP         FIRST   
  NO.   NAME      VALUE            ERROR          SIZE      DERIVATIVE 
   1  norm         5.58998e+05   9.69027e+01   5.33102e+00  -3.92989e-02
   2  Q            5.64986e-01   3.14505e-05   1.02990e-04  -1.21851e+05
   3  theta        1.44805e-05   1.11310e-04   7.39959e-03  -1.68573e+03
   4  pileup       9.99792e-04   1.03930e-07   2.14100e-05   2.90199e+06
 EXTERNAL ERROR MATRIX.    NDIM=  25    NPAR=  4    ERR DEF=1
  9.390e+03 -3.034e-03 -1.517e-03 -5.728e-07 
 -3.034e-03  9.891e-10  6.732e-10  1.811e-13 
 -1.517e-03  6.732e-10  1.239e-08  5.042e-12 
 -5.728e-07  1.811e-13  5.042e-12  1.080e-14 
ERR MATRIX NOT POS-DEF
 PARAMETER  CORRELATION COEFFICIENTS  
       NO.  GLOBAL      1      2      3      4
        1  0.99721   1.000 -0.996 -0.141 -0.057
        2  0.99726  -0.996  1.000  0.192  0.055
        3  0.71687  -0.141  0.192  1.000  0.436
        4  0.53219  -0.057  0.055  0.436  1.000
 ERR MATRIX NOT POS-DEF
 **********
 **    4 **MIGRAD 
 **********
 START MIGRAD MINIMIZATION.  STRATEGY  1.  CONVERGENCE WHEN EDM .LT. 1.00e-04
 FCN=-2.37861e+11 FROM MIGRAD    STATUS=INITIATE        8 CALLS         305 TOTAL
                     EDM=0.0662346    STRATEGY= 1      ERR MATRIX NOT POS-DEF
  EXT PARAMETER                APPROXIMATE        STEP         FIRST   
  NO.   NAME      VALUE            ERROR          SIZE      DERIVATIVE 
   1  norm         5.58998e+05   9.69027e+01   5.33102e+00  -3.93161e-02
   2  Q            5.64986e-01   3.14505e-05   1.02990e-04  -1.21478e+05
   3  theta        1.44805e-05   1.11310e-04   7.39959e-03  -1.29059e+03
   4  pileup       9.99792e-04   1.03930e-07   2.14100e-05  -1.79319e+06
 MINUIT WARNING IN MIGRAD  
 ============== Negative diagonal element 2 in Error Matrix
 MINUIT WARNING IN MIGRAD  
 ============== 1 added to diagonal of error matrix
 MIGRAD FAILS TO FIND IMPROVEMENT
 COVARIANCE MATRIX CALCULATED SUCCESSFULLY
 FCN=-2.37861e+11 FROM HESSE     STATUS=OK             29 CALLS         359 TOTAL
                     EDM=0.0576885    STRATEGY= 1      ERROR MATRIX ACCURATE 
  EXT PARAMETER                                   STEP         FIRST   
  NO.   NAME      VALUE            ERROR          SIZE      DERIVATIVE 
   1  norm         5.58997e+05   9.53524e+00   1.06620e+02  -1.70391e-02
   2  Q            5.64987e-01   6.92391e-07   5.54933e-04  -5.28875e+04
   3  theta        2.77996e-05   1.63698e-04   1.85086e-02  -9.11660e+02
   4  pileup       9.99799e-04   1.04450e-07   2.09865e-05   3.90932e+06
 MIGRAD FAILS TO FIND IMPROVEMENT
 MACHINE ACCURACY LIMITS FURTHER IMPROVEMENT.
 MIGRAD MINIMIZATION HAS CONVERGED.
 FCN=-2.37861e+11 FROM MIGRAD    STATUS=CONVERGED     119 CALLS         416 TOTAL
                     EDM=0.765615    STRATEGY= 1  ERROR MATRIX UNCERTAINTY   1.1 per cent
  EXT PARAMETER                                   STEP         FIRST   
  NO.   NAME      VALUE            ERROR          SIZE      DERIVATIVE 
   1  norm         5.58998e+05   8.79762e+00   0.00000e+00  -6.92339e-02
   2  Q            5.64987e-01   5.89302e-10   0.00000e+00  -1.44908e+04
   3  theta        3.01437e-05   1.05655e-04   0.00000e+00   1.56206e+04
   4  pileup       9.99786e-04   8.96823e-08   0.00000e+00  -2.72714e+07
 EXTERNAL ERROR MATRIX.    NDIM=  25    NPAR=  4    ERR DEF=1
  7.740e+01 -2.251e-12  4.507e-04  1.181e-07 
 -2.251e-12  3.473e-19 -2.884e-17 -3.990e-21 
  4.507e-04 -2.884e-17  1.116e-08  6.812e-12 
  1.181e-07 -3.990e-21  6.812e-12  8.043e-15 
 PARAMETER  CORRELATION COEFFICIENTS  
       NO.  GLOBAL      1      2      3      4
        1  0.56306   1.000 -0.000  0.485  0.150
        2  0.00061  -0.000  1.000 -0.000 -0.000
        3  0.81392   0.485 -0.000  1.000  0.719
        4  0.75406   0.150 -0.000  0.719  1.000
status of the fit-----000------0
1  558998
2  0.564987
3  3.01437e-05
4  0.000999786
 **********
 **   13 **SET PRINT           2
 **********
 **********
 **   14 **SET NOGRAD
 **********
 PARAMETER DEFINITIONS:
    NO.   NAME         VALUE      STEP SIZE      LIMITS
     1 p0           5.58000e+05  1.67400e+05     no limits
     2 p1           5.65000e-01  1.69500e-01     no limits
     3 p2           0.00000e+00  3.00000e-01     no limits
     4 p3           9.99871e-04  2.99961e-04     no limits
 **********
 **   15 **SET ERR         0.5
 **********
 **********
 **   16 **SET PRINT           2
 **********
 **********
 **   17 **SET STR           1
 **********
 NOW USING STRATEGY  1: TRY TO BALANCE SPEED AGAINST RELIABILITY
 **********
 **   18 **MIGRAD        1480        0.01
 **********
 FIRST CALL TO USER FUNCTION AT NEW START POINT, WITH IFLAG=4.
 START MIGRAD MINIMIZATION.  STRATEGY  1.  CONVERGENCE WHEN EDM .LT. 1.00e-05
 FCN=17323.8 FROM MIGRAD    STATUS=INITIATE       18 CALLS          19 TOTAL
                     EDM= unknown      STRATEGY= 1      NO ERROR MATRIX       
  EXT PARAMETER               CURRENT GUESS       STEP         FIRST   
  NO.   NAME      VALUE            ERROR          SIZE      DERIVATIVE 
   1  p0           5.58000e+05   1.67400e+05   1.67400e+05  -3.62755e+01
   2  p1           5.65000e-01   1.69500e-01   1.69500e-01  -1.12601e+08
   3  p2           0.00000e+00   3.00000e-01   3.00000e-01   2.06889e+06
   4  p3           9.99871e-04   2.99961e-04   2.99961e-04  -9.75359e+08
                               ERR DEF= 0.5
NO ERROR MATRIX       
 FCN=1361.67 FROM MIGRAD    STATUS=PROGRESS       36 CALLS          37 TOTAL
                     EDM=4087.4    STRATEGY= 1      NO ERROR MATRIX       
  EXT PARAMETER               CURRENT GUESS       STEP         FIRST   
  NO.   NAME      VALUE            ERROR          SIZE      DERIVATIVE 
   1  p0           5.58355e+05   1.67400e+05   3.55176e+02  -2.53115e+00
   2  p1           5.65115e-01   1.69500e-01   1.14531e-04  -7.79474e+06
   3  p2          -2.34160e-03   3.00000e-01  -2.34160e-03  -4.79884e+05
   4  p3           1.00129e-03   2.99961e-04   1.41591e-06   5.11179e+08
                               ERR DEF= 0.5
 FCN=80.1097 FROM MIGRAD    STATUS=PROGRESS      160 CALLS         161 TOTAL
                     EDM=1.19835    STRATEGY= 1  ERROR MATRIX UNCERTAINTY  25.1 per cent
  EXT PARAMETER                APPROXIMATE        STEP         FIRST   
  NO.   NAME      VALUE            ERROR          SIZE      DERIVATIVE 
   1  p0           5.60510e+05   1.82796e+03   2.51736e-01  -8.90689e-02
   2  p1           5.64499e-01   5.88557e-04  -8.09603e-08  -2.77364e+05
   3  p2          -8.73695e-05   1.94483e-04  -2.58260e-08   9.73008e+03
   4  p3           9.99691e-04   3.39708e-08  -4.56526e-12  -1.01794e+07
                               ERR DEF= 0.5
 EIGENVALUES OF SECOND-DERIVATIVE MATRIX:
        -4.7010e-03  5.7204e-01  9.9907e-01  2.4336e+00
 MINUIT WARNING IN MIGRAD  
 ============== MATRIX FORCED POS-DEF BY ADDING 0.007135 TO DIAGONAL.
 MIGRAD FAILS TO FIND IMPROVEMENT
   START COVARIANCE MATRIX CALCULATION.
 EIGENVALUES OF SECOND-DERIVATIVE MATRIX:
         1.8210e-03  4.1618e-01  8.4505e-01  2.7369e+00
 COVARIANCE MATRIX CALCULATED SUCCESSFULLY
 FCN=79.8709 FROM HESSE     STATUS=OK             29 CALLS         302 TOTAL
                     EDM=0.000662205    STRATEGY= 1      ERROR MATRIX ACCURATE 
  EXT PARAMETER                                   STEP         FIRST   
  NO.   NAME      VALUE            ERROR          SIZE      DERIVATIVE 
   1  p0           5.60511e+05   8.50397e+01   2.67273e-01   1.25510e-05
   2  p1           5.64499e-01   2.73139e-05   2.69174e-07   1.36917e+03
   3  p2          -9.45695e-05   7.22081e-05   3.44649e-07  -7.68805e+00
   4  p3           9.99721e-04   7.07968e-08   4.76704e-10  -3.22287e+03
                               ERR DEF= 0.5
 PARAMETER  CORRELATION COEFFICIENTS  
       NO.  GLOBAL      1      2      3      4
        1  0.99818   1.000 -0.997  0.071  0.158
        2  0.99818  -0.997  1.000 -0.030 -0.162
        3  0.67839   0.071 -0.030  1.000  0.376
        4  0.50380   0.158 -0.162  0.376  1.000
 FCN=79.8708 FROM MIGRAD    STATUS=PROGRESS      311 CALLS         312 TOTAL
                     EDM=0.000633694    STRATEGY= 1      ERROR MATRIX ACCURATE 
  EXT PARAMETER                                   STEP         FIRST   
  NO.   NAME      VALUE            ERROR          SIZE      DERIVATIVE 
   1  p0           5.60511e+05   8.50397e+01   1.54335e-01  -6.81806e-07
   2  p1           5.64499e-01   2.73139e-05  -4.96933e-08   1.30223e+03
   3  p2          -9.45634e-05   7.22081e-05   6.10510e-09  -5.12490e+00
   4  p3           9.99721e-04   7.07968e-08   2.24142e-11   3.42629e+03
                               ERR DEF= 0.5
 MINUIT WARNING IN MIGRAD  
 ============== Negative diagonal element 1 in Error Matrix
 MINUIT WARNING IN MIGRAD  
 ============== Negative diagonal element 2 in Error Matrix
 MINUIT WARNING IN MIGRAD  
 ============== 18519.8 added to diagonal of error matrix
 EIGENVALUES OF SECOND-DERIVATIVE MATRIX:
         9.9994e-01  1.0000e+00  1.0000e+00  1.0001e+00
 MIGRAD FAILS TO FIND IMPROVEMENT
 MIGRAD TERMINATED WITHOUT CONVERGENCE.
 FCN=79.8706 FROM MIGRAD    STATUS=FAILED        343 CALLS         344 TOTAL
                     EDM=0.0132998    STRATEGY= 1  ERROR MATRIX UNCERTAINTY 100.0 per cent
  EXT PARAMETER                APPROXIMATE        STEP         FIRST   
  NO.   NAME      VALUE            ERROR          SIZE      DERIVATIVE 
   1  p0           5.60512e+05   7.07107e-01  -0.00000e+00  -2.71724e-05
   2  p1           5.64499e-01   9.62284e+01  -0.00000e+00   1.23004e+03
   3  p2          -9.46018e-05   9.62284e+01   0.00000e+00  -5.81115e-01
   4  p3           9.99721e-04   9.62284e+01   0.00000e+00  -2.97249e+03
                               ERR DEF= 0.5
 EXTERNAL ERROR MATRIX.    NDIM=  25    NPAR=  4    ERR DEF=0.5
  5.000e-01  3.006e-03  2.332e-03  8.191e-07 
  3.006e-03  9.260e+03 -6.695e-10 -2.710e-13 
  2.332e-03 -6.695e-10  9.260e+03  1.280e-12 
  8.191e-07 -2.710e-13  1.280e-12  9.260e+03 
ERR MATRIX APPROXIMATE
 PARAMETER  CORRELATION COEFFICIENTS  
       NO.  GLOBAL      1      2      3      4
        1  0.00006   1.000  0.000  0.000  0.000
        2  0.00004   0.000  1.000 -0.000 -0.000
        3  0.00003   0.000 -0.000  1.000  0.000
        4  0.00000   0.000 -0.000  0.000  1.000
 ERR MATRIX APPROXIMATE
 FCN=79.8706 FROM MIGRAD    STATUS=FAILED        343 CALLS         344 TOTAL
                     EDM=0.0132998    STRATEGY= 1  ERROR MATRIX UNCERTAINTY 100.0 per cent
  EXT PARAMETER                  PARABOLIC         MINOS ERRORS        
  NO.   NAME      VALUE            ERROR      NEGATIVE      POSITIVE   
   1  p0           5.60512e+05   7.07107e-01                            
   2  p1           5.64499e-01   9.62284e+01                            
   3  p2          -9.46018e-05   9.62284e+01                            
   4  p3           9.99721e-04   9.62284e+01                            
                               ERR DEF= 0.5
 **********
 **   19 **SET PRINT           2
 **********
 **********
 **   20 **SET NOGRAD
 **********
 PARAMETER DEFINITIONS:
    NO.   NAME         VALUE      STEP SIZE      LIMITS
     1 p0           5.60512e+05  7.07107e-01     no limits
     2 p1           5.64499e-01  9.62284e+01     no limits
     3 p2          -9.46018e-05  9.62284e+01     no limits
     4 p3           9.99721e-04  9.62284e+01     no limits
 **********
 **   21 **SET ERR         0.5
 **********
 **********
 **   22 **SET PRINT           2
 **********
 **********
 **   23 **SET STR           1
 **********
 NOW USING STRATEGY  1: TRY TO BALANCE SPEED AGAINST RELIABILITY
 **********
 **   24 **MIGRAD        1480        0.01
 **********
 FIRST CALL TO USER FUNCTION AT NEW START POINT, WITH IFLAG=4.
 START MIGRAD MINIMIZATION.  STRATEGY  1.  CONVERGENCE WHEN EDM .LT. 1.00e-05
 FCN=79.8706 FROM MIGRAD    STATUS=INITIATE       20 CALLS          21 TOTAL
                     EDM= unknown      STRATEGY= 1      NO ERROR MATRIX       
  EXT PARAMETER               CURRENT GUESS       STEP         FIRST   
  NO.   NAME      VALUE            ERROR          SIZE      DERIVATIVE 
   1  p0           5.60512e+05   7.07107e-01   7.07107e-01  -2.71724e-05
   2  p1           5.64499e-01   9.62284e+01   9.62284e+01  -3.75317e+09
   3  p2          -9.46018e-05   9.62284e+01   9.62284e+01   4.51885e+03
   4  p3           9.99721e-04   9.62284e+01   9.62284e+01  -4.40601e+13
                               ERR DEF= 0.5
NO ERROR MATRIX       
 MIGRAD FAILS TO FIND IMPROVEMENT
   START COVARIANCE MATRIX CALCULATION.
 EIGENVALUES OF SECOND-DERIVATIVE MATRIX:
         3.0063e-02  4.0840e-01  9.9779e-01  2.5637e+00
 COVARIANCE MATRIX CALCULATED SUCCESSFULLY
 FCN=79.8706 FROM HESSE     STATUS=OK             31 CALLS          63 TOTAL
                     EDM=1.62553e-06    STRATEGY= 1      ERROR MATRIX ACCURATE 
  EXT PARAMETER                                   STEP         FIRST   
  NO.   NAME      VALUE            ERROR          SIZE      DERIVATIVE 
   1  p0           5.60512e+05   1.83832e+01   2.67273e-01  -2.29043e-05
   2  p1           5.64499e-01   1.48912e-06   9.62284e-03   1.23923e+03
   3  p2          -9.46018e-05   1.00774e-04   9.62284e-03  -2.39531e+01
   4  p3           9.99721e-04   1.04220e-08   9.62284e-03   2.50662e+04
                               ERR DEF= 0.5
 PARAMETER  CORRELATION COEFFICIENTS  
       NO.  GLOBAL      1      2      3      4
        1  0.96013   1.000 -0.935 -0.542 -0.021
        2  0.97440  -0.935  1.000  0.737  0.016
        3  0.84616  -0.542  0.737  1.000  0.023
        4  0.04189  -0.021  0.016  0.023  1.000
 FCN=79.8706 FROM MIGRAD    STATUS=PROGRESS       72 CALLS          73 TOTAL
                     EDM=3.93175e-07    STRATEGY= 1      ERROR MATRIX ACCURATE 
  EXT PARAMETER                                   STEP         FIRST   
  NO.   NAME      VALUE            ERROR          SIZE      DERIVATIVE 
   1  p0           5.60512e+05   1.83832e+01   7.61668e-03   1.32611e-04
   2  p1           5.64499e-01   1.48912e-06  -3.39401e-10   1.72425e+03
   3  p2          -9.45613e-05   1.00774e-04   4.05591e-08  -4.09355e-01
   4  p3           9.99721e-04   1.04220e-08  -1.24506e-12  -3.67186e+03
                               ERR DEF= 0.5
 MIGRAD MINIMIZATION HAS CONVERGED.
 FCN=79.8706 FROM MIGRAD    STATUS=CONVERGED      72 CALLS          73 TOTAL
                     EDM=3.93175e-07    STRATEGY= 1  ERROR MATRIX UNCERTAINTY   1.5 per cent
  EXT PARAMETER                                   STEP         FIRST   
  NO.   NAME      VALUE            ERROR          SIZE      DERIVATIVE 
   1  p0           5.60512e+05   1.78491e+01   7.61668e-03   1.32611e-04
   2  p1           5.64499e-01   1.50273e-06  -3.39401e-10   1.72425e+03
   3  p2          -9.45613e-05   8.80221e-05   4.05591e-08  -4.09355e-01
   4  p3           9.99721e-04   1.03811e-08  -1.24506e-12  -3.67186e+03
                               ERR DEF= 0.5
 EXTERNAL ERROR MATRIX.    NDIM=  25    NPAR=  4    ERR DEF=0.5
  3.186e+02 -2.599e-05 -1.245e-03  1.018e-10 
 -2.599e-05  2.258e-12  1.111e-10  2.961e-16 
 -1.245e-03  1.111e-10  7.748e-09  7.189e-14 
  1.018e-10  2.961e-16  7.189e-14  1.078e-16 
 PARAMETER  CORRELATION COEFFICIENTS  
       NO.  GLOBAL      1      2      3      4
        1  0.96985   1.000 -0.969 -0.793  0.001
        2  0.97611  -0.969  1.000  0.840  0.019
        3  0.84614  -0.793  0.840  1.000  0.079
        4  0.13121   0.001  0.019  0.079  1.000
 EXTERNAL ERROR MATRIX.    NDIM=   4    NPAR=  4    ERR DEF=0.5
  3.186e+02 -2.599e-05 -1.245e-03  1.018e-10 
 -2.599e-05  2.258e-12  1.111e-10  2.961e-16 
 -1.245e-03  1.111e-10  7.748e-09  7.189e-14 
  1.018e-10  2.961e-16  7.189e-14  1.078e-16 
 FCN=79.8706 FROM MIGRAD    STATUS=CONVERGED      72 CALLS          73 TOTAL
                     EDM=3.93175e-07    STRATEGY= 1  ERROR MATRIX UNCERTAINTY   1.5 per cent
  EXT PARAMETER                  PARABOLIC         MINOS ERRORS        
  NO.   NAME      VALUE            ERROR      NEGATIVE      POSITIVE   
   1  p0           5.60512e+05   1.78491e+01                            
   2  p1           5.64499e-01   1.50273e-06                            
   3  p2          -9.45613e-05   8.80221e-05                            
   4  p3           9.99721e-04   1.03811e-08                            
                               ERR DEF= 0.5
------------------------------------------
Enering ROOFIt-------
 PARAMETER DEFINITIONS:
    NO.   NAME         VALUE      STEP SIZE      LIMITS
     1 norm         5.60512e+05  1.00000e-01     no limits
     2 Q            5.65000e-01  1.00000e-01     no limits
     3 theta        0.00000e+00  1.00000e-01     no limits
     4 pileup       9.99721e-04  1.00000e-01     no limits
 **********
 **    1 **MIGRAD
 **********
 FIRST CALL TO USER FUNCTION AT NEW START POINT, WITH IFLAG=4.
 START MIGRAD MINIMIZATION.  STRATEGY  1.  CONVERGENCE WHEN EDM .LT. 1.00e-04
 FCN=-2.3786e+11 FROM MIGRAD    STATUS=INITIATE       16 CALLS          17 TOTAL
                     EDM= unknown      STRATEGY= 1      NO ERROR MATRIX       
  EXT PARAMETER               CURRENT GUESS       STEP         FIRST   
  NO.   NAME      VALUE            ERROR          SIZE      DERIVATIVE 
   1  norm         5.60512e+05   1.00000e-01   1.00000e-01   5.91273e+01
   2  Q            5.65000e-01   1.00000e-01   1.00000e-01   9.13894e+08
   3  theta        0.00000e+00   1.00000e-01   1.00000e-01  -3.39360e+06
   4  pileup       9.99721e-04   1.00000e-01   1.00000e-01  -9.15950e+11
 MIGRAD FAILS TO FIND IMPROVEMENT
 EIGENVALUES OF SECOND-DERIVATIVE MATRIX:
        -5.4449e-04  3.8409e-01  9.1713e-01  2.6993e+00
 MINUIT WARNING IN HESSE   
 ============== MATRIX FORCED POS-DEF BY ADDING 0.003244 TO DIAGONAL.
 FCN=-2.3786e+11 FROM HESSE     STATUS=NOT POSDEF     27 CALLS          55 TOTAL
                     EDM=5.77201e+06    STRATEGY= 1      ERR MATRIX NOT POS-DEF
  EXT PARAMETER                APPROXIMATE        STEP         FIRST   
  NO.   NAME      VALUE            ERROR          SIZE      DERIVATIVE 
   1  norm         5.60512e+05   6.93072e+01   2.67273e+00   5.91272e+01
   2  Q            5.65000e-01   6.52287e-06   1.00000e-03   1.84376e+08
   3  theta        0.00000e+00   5.73898e-04   1.84993e-02  -3.40857e+06
   4  pileup       9.99721e-04   9.23110e-08   1.00000e-02   1.65576e+09
 MINUIT WARNING IN MIGRAD  
 ============== Negative diagonal element 2 in Error Matrix
 MINUIT WARNING IN MIGRAD  
 ============== 1 added to diagonal of error matrix
 MIGRAD FAILS TO FIND IMPROVEMENT
 MIGRAD TERMINATED WITHOUT CONVERGENCE.
 FCN=-2.3786e+11 FROM MIGRAD    STATUS=FAILED        299 CALLS         300 TOTAL
                     EDM=5.488e+18    STRATEGY= 1      ERR MATRIX NOT POS-DEF
  EXT PARAMETER                APPROXIMATE        STEP         FIRST   
  NO.   NAME      VALUE            ERROR          SIZE      DERIVATIVE 
   1  norm         5.58636e+05   9.15909e+00   0.00000e+00  -1.47521e-02
   2  Q            5.65102e-01   0.00000e+00  -0.00000e+00   4.07120e+09
   3  theta       -2.75957e-05   1.00000e+00   0.00000e+00  -3.01183e+03
   4  pileup       9.99798e-04   1.00000e+00   0.00000e+00  -1.34154e+06
 EXTERNAL ERROR MATRIX.    NDIM=  25    NPAR=  4    ERR DEF=1
  8.389e+01  2.726e-15  2.658e-04 -1.803e-07 
  2.726e-15  0.000e+00 -2.572e-12 -1.976e-10 
  2.658e-04 -2.572e-12  1.000e+00  3.075e-12 
 -1.803e-07 -1.976e-10  3.075e-12  1.000e+00 
ERR MATRIX NOT POS-DEF
 PARAMETER  CORRELATION COEFFICIENTS  
       NO.  GLOBAL      1      2      3      4
        1  0.00000   1.000    inf  0.000 -0.000
        2  0.00000     inf   -nan   -inf   -inf
        3  0.00000   0.000   -inf  1.000  0.000
        4  0.00000  -0.000   -inf  0.000  1.000
 ERR MATRIX NOT POS-DEF
 **********
 **    2 **MIGRAD 
 **********
 START MIGRAD MINIMIZATION.  STRATEGY  1.  CONVERGENCE WHEN EDM .LT. 1.00e-04
 FCN=-2.3786e+11 FROM MIGRAD    STATUS=INITIATE       12 CALLS         312 TOTAL
                     EDM=5.26945e+11    STRATEGY= 1      ERR MATRIX NOT POS-DEF
  EXT PARAMETER                APPROXIMATE        STEP         FIRST   
  NO.   NAME      VALUE            ERROR          SIZE      DERIVATIVE 
   1  norm         5.58636e+05   9.15909e+00   0.00000e+00  -1.47521e-02
   2  Q            5.65102e-01   0.00000e+00  -0.00000e+00   1.65078e+05
   3  theta       -2.75957e-05   1.00000e+00   0.00000e+00  -3.01183e+03
   4  pileup       9.99798e-04   1.00000e+00   0.00000e+00  -1.34154e+06
 MIGRAD FAILS TO FIND IMPROVEMENT
 EIGENVALUES OF SECOND-DERIVATIVE MATRIX:
        -6.9845e-04  3.6634e-01  8.5031e-01  2.7840e+00
 MINUIT WARNING IN HESSE   
 ============== MATRIX FORCED POS-DEF BY ADDING 0.003482 TO DIAGONAL.
 FCN=-2.3786e+11 FROM HESSE     STATUS=NOT POSDEF     29 CALLS         352 TOTAL
                     EDM=1.55217    STRATEGY= 1      ERR MATRIX NOT POS-DEF
  EXT PARAMETER                APPROXIMATE        STEP         FIRST   
  NO.   NAME      VALUE            ERROR          SIZE      DERIVATIVE 
   1  norm         5.58636e+05   9.60463e+01   1.72480e+03   4.98036e-02
   2  Q            5.65102e-01   3.16012e-05   8.68507e-05   1.65009e+05
   3  theta       -2.75957e-05   1.19580e-04   1.85904e-02  -1.85306e+04
   4  pileup       9.99798e-04   1.05023e-07   2.09860e-05   2.70941e+07
 MINUIT WARNING IN MIGRAD  
 ============== Negative diagonal element 2 in Error Matrix
 MINUIT WARNING IN MIGRAD  
 ============== 1 added to diagonal of error matrix
 MIGRAD FAILS TO FIND IMPROVEMENT
 MIGRAD TERMINATED WITHOUT CONVERGENCE.
 FCN=-2.3786e+11 FROM MIGRAD    STATUS=FAILED         87 CALLS         387 TOTAL
                     EDM=3.45037e+09    STRATEGY= 1      ERR MATRIX NOT POS-DEF
  EXT PARAMETER                APPROXIMATE        STEP         FIRST   
  NO.   NAME      VALUE            ERROR          SIZE      DERIVATIVE 
   1  norm         5.58741e+05   9.21417e+00  -0.00000e+00  -7.61343e-02
   2  Q            5.65069e-01   1.00000e+00  -0.00000e+00   3.83345e+09
   3  theta       -3.79898e-05   1.00000e+00  -0.00000e+00   1.07792e+04
   4  pileup       9.99679e-04   1.00000e+00   0.00000e+00  -2.96880e+07
 EXTERNAL ERROR MATRIX.    NDIM=  25    NPAR=  4    ERR DEF=1
  8.490e+01  5.358e-08  5.532e-04  2.296e-09 
  5.358e-08  1.000e+00 -5.025e-15  4.288e-17 
  5.532e-04 -5.025e-15  1.000e+00  5.070e-12 
  2.296e-09  4.288e-17  5.070e-12  1.000e+00 
ERR MATRIX NOT POS-DEF
 PARAMETER  CORRELATION COEFFICIENTS  
       NO.  GLOBAL      1      2      3      4
        1  0.00006   1.000  0.000  0.000  0.000
        2  0.00000   0.000  1.000 -0.000  0.000
        3  0.00006   0.000 -0.000  1.000  0.000
        4  0.00000   0.000  0.000  0.000  1.000
 ERR MATRIX NOT POS-DEF
status of the fit-----000------4
1  558741
2  0.565069
3  -3.79898e-05
4  0.000999679
 PARAMETER DEFINITIONS:
    NO.   NAME         VALUE      STEP SIZE      LIMITS
     1 norm         5.58741e+05  1.00000e-01     no limits
     2 Q            5.65069e-01  1.00000e-01     no limits
     3 theta       -3.79898e-05  1.00000e-01     no limits
     4 pileup       9.99679e-04  1.00000e-01     no limits
 **********
 **    3 **MIGRAD
 **********
 FIRST CALL TO USER FUNCTION AT NEW START POINT, WITH IFLAG=4.
 START MIGRAD MINIMIZATION.  STRATEGY  1.  CONVERGENCE WHEN EDM .LT. 1.00e-04
 FCN=-2.3786e+11 FROM MIGRAD    STATUS=INITIATE       16 CALLS         404 TOTAL
                     EDM= unknown      STRATEGY= 1      NO ERROR MATRIX       
  EXT PARAMETER               CURRENT GUESS       STEP         FIRST   
  NO.   NAME      VALUE            ERROR          SIZE      DERIVATIVE 
   1  norm         5.58741e+05   1.00000e-01   1.00000e-01  -1.15345e-02
   2  Q            5.65069e-01   1.00000e-01   1.00000e-01   7.29809e+06
   3  theta       -3.79898e-05   1.00000e-01   1.00000e-01   1.07242e+04
   4  pileup       9.99679e-04   1.00000e-01   1.00000e-01  -9.18035e+11
 MIGRAD FAILS TO FIND IMPROVEMENT
 COVARIANCE MATRIX CALCULATED SUCCESSFULLY
 FCN=-2.3786e+11 FROM HESSE     STATUS=OK             29 CALLS         444 TOTAL
                     EDM=17.8676    STRATEGY= 1      ERROR MATRIX ACCURATE 
  EXT PARAMETER                                   STEP         FIRST   
  NO.   NAME      VALUE            ERROR          SIZE      DERIVATIVE 
   1  norm         5.58741e+05   2.67638e+02   2.66428e+00  -1.13398e-02
   2  Q            5.65069e-01   2.55648e-05   1.00000e-03  -2.87287e+04
   3  theta       -3.79898e-05   2.23962e-03   1.85575e-02  -4.79562e+03
   4  pileup       9.99679e-04   9.24559e-08   1.00000e-02  -1.79153e+06
 MIGRAD FAILS TO FIND IMPROVEMENT
 MACHINE ACCURACY LIMITS FURTHER IMPROVEMENT.
 MIGRAD MINIMIZATION HAS CONVERGED.
 MIGRAD WILL VERIFY CONVERGENCE AND ERROR MATRIX.
 EIGENVALUES OF SECOND-DERIVATIVE MATRIX:
        -7.0843e-04  3.6644e-01  8.5027e-01  2.7840e+00
 MINUIT WARNING IN HESSE   
 ============== MATRIX FORCED POS-DEF BY ADDING 0.003492 TO DIAGONAL.
 MIGRAD TERMINATED WITHOUT CONVERGENCE.
 FCN=-2.3786e+11 FROM MIGRAD    STATUS=FAILED        220 CALLS         608 TOTAL
                     EDM=0.0607811    STRATEGY= 1      ERR MATRIX NOT POS-DEF
  EXT PARAMETER                APPROXIMATE        STEP         FIRST   
  NO.   NAME      VALUE            ERROR          SIZE      DERIVATIVE 
   1  norm         5.58742e+05   9.60552e+01   1.72512e+03  -1.34987e-02
   2  Q            5.65069e-01   3.16014e-05   8.91373e-05  -3.54100e+04
   3  theta       -1.26858e-05   1.19551e-04   1.85666e-02   1.83455e+02
   4  pileup       9.99682e-04   1.05020e-07   2.09841e-05  -2.99655e+06
 EXTERNAL ERROR MATRIX.    NDIM=  25    NPAR=  4    ERR DEF=1
  9.227e+03 -3.022e-03 -3.985e-03 -1.465e-06 
 -3.022e-03  9.986e-10  1.499e-09  4.795e-13 
 -3.985e-03  1.499e-09  1.429e-08  5.714e-12 
 -1.465e-06  4.795e-13  5.714e-12  1.103e-14 
ERR MATRIX NOT POS-DEF
 PARAMETER  CORRELATION COEFFICIENTS  
       NO.  GLOBAL      1      2      3      4
        1  0.99716   1.000 -0.995 -0.347 -0.145
        2  0.99729  -0.995  1.000  0.397  0.144
        3  0.75906  -0.347  0.397  1.000  0.455
        4  0.54630  -0.145  0.144  0.455  1.000
 ERR MATRIX NOT POS-DEF
 **********
 **    4 **MIGRAD 
 **********
 START MIGRAD MINIMIZATION.  STRATEGY  1.  CONVERGENCE WHEN EDM .LT. 1.00e-04
 FCN=-2.3786e+11 FROM MIGRAD    STATUS=INITIATE        8 CALLS         616 TOTAL
                     EDM=0.460537    STRATEGY= 1      ERR MATRIX NOT POS-DEF
  EXT PARAMETER                APPROXIMATE        STEP         FIRST   
  NO.   NAME      VALUE            ERROR          SIZE      DERIVATIVE 
   1  norm         5.58742e+05   9.60552e+01   1.72512e+03  -2.37405e-02
   2  Q            5.65069e-01   3.16014e-05   8.91373e-05  -3.51051e+04
   3  theta       -1.26858e-05   1.19551e-04   1.85666e-02   2.64810e+03
   4  pileup       9.99682e-04   1.05020e-07   2.09841e-05  -7.50771e+06
 MINUIT WARNING IN MIGRAD  
 ============== Negative diagonal element 2 in Error Matrix
 MINUIT WARNING IN MIGRAD  
 ============== 1 added to diagonal of error matrix
 MIGRAD FAILS TO FIND IMPROVEMENT
 EIGENVALUES OF SECOND-DERIVATIVE MATRIX:
        -4.7874e-01  3.4169e-01  7.0380e-01  3.4332e+00
 MINUIT WARNING IN HESSE   
 ============== MATRIX FORCED POS-DEF BY ADDING 0.482168 TO DIAGONAL.
 FCN=-2.3786e+11 FROM HESSE     STATUS=NOT POSDEF     31 CALLS         673 TOTAL
                     EDM=1.65369    STRATEGY= 1      ERR MATRIX NOT POS-DEF
  EXT PARAMETER                APPROXIMATE        STEP         FIRST   
  NO.   NAME      VALUE            ERROR          SIZE      DERIVATIVE 
   1  norm         5.58776e+05   4.82166e+01   1.72512e+03  -3.06791e-03
   2  Q            5.65057e-01   5.15578e-06   5.55026e-04  -2.91698e+03
   3  theta       -2.40025e-05   6.42675e-04   1.85669e-02  -3.77030e+03
   4  pileup       9.99697e-04   1.85363e-07   2.09855e-05   1.67210e+06
 MINUIT WARNING IN MIGRAD  
 ============== Negative diagonal element 2 in Error Matrix
 MINUIT WARNING IN MIGRAD  
 ============== 1 added to diagonal of error matrix
 MIGRAD FAILS TO FIND IMPROVEMENT
 MIGRAD TERMINATED WITHOUT CONVERGENCE.
 FCN=-2.3786e+11 FROM MIGRAD    STATUS=FAILED        109 CALLS         717 TOTAL
                     EDM=2.52642e+07    STRATEGY= 1      ERR MATRIX NOT POS-DEF
  EXT PARAMETER                APPROXIMATE        STEP         FIRST   
  NO.   NAME      VALUE            ERROR          SIZE      DERIVATIVE 
   1  norm         5.58777e+05   6.62936e+00  -0.00000e+00  -6.52875e-02
   2  Q            5.65057e-01   1.00000e+00  -0.00000e+00   3.59037e+09
   3  theta       -1.12960e-05   1.00000e+00  -0.00000e+00   1.36865e+04
   4  pileup       9.99703e-04   1.00000e+00   0.00000e+00  -2.65915e+07
 EXTERNAL ERROR MATRIX.    NDIM=  25    NPAR=  4    ERR DEF=1
  4.395e+01 -2.092e-10  1.874e-04 -7.002e-08 
 -2.092e-10  1.000e+00  4.511e-15  1.822e-17 
  1.874e-04  4.511e-15  1.000e+00  2.646e-12 
 -7.002e-08  1.822e-17  2.646e-12  1.000e+00 
ERR MATRIX NOT POS-DEF
 PARAMETER  CORRELATION COEFFICIENTS  
       NO.  GLOBAL      1      2      3      4
        1  0.00003   1.000 -0.000  0.000 -0.000
        2  0.00000  -0.000  1.000  0.000  0.000
        3  0.00003   0.000  0.000  1.000  0.000
        4  0.00000  -0.000  0.000  0.000  1.000
 ERR MATRIX NOT POS-DEF
status of the fit-----000------4
1  558777
2  0.565057
3  -1.1296e-05
4  0.000999703
 PARAMETER DEFINITIONS:
    NO.   NAME         VALUE      STEP SIZE      LIMITS
     1 norm         5.58777e+05  1.00000e-01     no limits
     2 Q            5.65057e-01  1.00000e-01     no limits
     3 theta       -1.12960e-05  1.00000e-01     no limits
     4 pileup       9.99703e-04  1.00000e-01     no limits
 **********
 **    5 **MIGRAD
 **********
 FIRST CALL TO USER FUNCTION AT NEW START POINT, WITH IFLAG=4.
 START MIGRAD MINIMIZATION.  STRATEGY  1.  CONVERGENCE WHEN EDM .LT. 1.00e-04
 FCN=-2.3786e+11 FROM MIGRAD    STATUS=INITIATE       16 CALLS         734 TOTAL
                     EDM= unknown      STRATEGY= 1      NO ERROR MATRIX       
  EXT PARAMETER               CURRENT GUESS       STEP         FIRST   
  NO.   NAME      VALUE            ERROR          SIZE      DERIVATIVE 
   1  norm         5.58777e+05   1.00000e-01   1.00000e-01  -6.70035e-04
   2  Q            5.65057e-01   1.00000e-01   1.00000e-01   7.16920e+06
   3  theta       -1.12960e-05   1.00000e-01   1.00000e-01   1.36703e+04
   4  pileup       9.99703e-04   1.00000e-01   1.00000e-01  -9.18036e+11
 MIGRAD FAILS TO FIND IMPROVEMENT
 COVARIANCE MATRIX CALCULATED SUCCESSFULLY
 FCN=-2.3786e+11 FROM HESSE     STATUS=OK             29 CALLS         774 TOTAL
                     EDM=2.84936    STRATEGY= 1      ERROR MATRIX ACCURATE 
  EXT PARAMETER                                   STEP         FIRST   
  NO.   NAME      VALUE            ERROR          SIZE      DERIVATIVE 
   1  norm         5.58777e+05   2.33357e+02   2.66446e+00  -6.87215e-04
   2  Q            5.65057e-01   2.22921e-05   1.00000e-03   3.94008e+03
   3  theta       -1.12960e-05   1.95317e-03   1.85494e-02  -1.85532e+03
   4  pileup       9.99703e-04   9.24509e-08   1.00000e-02   1.30327e+06
 MIGRAD FAILS TO FIND IMPROVEMENT
 MACHINE ACCURACY LIMITS FURTHER IMPROVEMENT.
 MIGRAD MINIMIZATION HAS CONVERGED.
 MIGRAD WILL VERIFY CONVERGENCE AND ERROR MATRIX.
 EIGENVALUES OF SECOND-DERIVATIVE MATRIX:
        -4.7883e-01  3.4170e-01  7.0379e-01  3.4333e+00
 MINUIT WARNING IN HESSE   
 ============== MATRIX FORCED POS-DEF BY ADDING 0.482262 TO DIAGONAL.
 MIGRAD TERMINATED WITHOUT CONVERGENCE.
 FCN=-2.3786e+11 FROM MIGRAD    STATUS=FAILED        168 CALLS         886 TOTAL
                     EDM=0.0828554    STRATEGY= 1      ERR MATRIX NOT POS-DEF
  EXT PARAMETER                APPROXIMATE        STEP         FIRST   
  NO.   NAME      VALUE            ERROR          SIZE      DERIVATIVE 
   1  norm         5.58777e+05   4.82169e+01   1.72523e+03  -9.24757e-03
   2  Q            5.65057e-01   5.15592e-06   5.55018e-04  -2.27727e+04
   3  theta       -2.37828e-06   6.42655e-04   1.85587e-02   3.65403e+02
   4  pileup       9.99704e-04   1.85378e-07   2.09845e-05   9.77249e+05
 EXTERNAL ERROR MATRIX.    NDIM=  25    NPAR=  4    ERR DEF=1
  2.325e+03 -2.463e-04 -3.032e-02  7.988e-06 
 -2.463e-04  2.658e-11  3.292e-09 -8.673e-13 
 -3.032e-02  3.292e-09  4.130e-07 -1.057e-10 
  7.988e-06 -8.673e-13 -1.057e-10  3.437e-14 
ERR MATRIX NOT POS-DEF
 PARAMETER  CORRELATION COEFFICIENTS  
       NO.  GLOBAL      1      2      3      4
        1  0.99236   1.000 -0.991 -0.978  0.894
        2  0.99809  -0.991  1.000  0.993 -0.907
        3  0.99503  -0.978  0.993  1.000 -0.887
        4  0.92063   0.894 -0.907 -0.887  1.000
 ERR MATRIX NOT POS-DEF
 **********
 **    6 **MIGRAD 
 **********
 START MIGRAD MINIMIZATION.  STRATEGY  1.  CONVERGENCE WHEN EDM .LT. 1.00e-04
 FCN=-2.3786e+11 FROM MIGRAD    STATUS=INITIATE        8 CALLS         894 TOTAL
                     EDM=2.6038    STRATEGY= 1      ERR MATRIX NOT POS-DEF
  EXT PARAMETER                APPROXIMATE        STEP         FIRST   
  NO.   NAME      VALUE            ERROR          SIZE      DERIVATIVE 
   1  norm         5.58777e+05   4.82169e+01   1.72523e+03  -1.94872e-02
   2  Q            5.65057e-01   5.15592e-06   5.55018e-04  -2.26928e+04
   3  theta       -2.37828e-06   6.42655e-04   1.85587e-02   2.83103e+03
   4  pileup       9.99704e-04   1.85378e-07   2.09845e-05  -3.53373e+06
 MINUIT WARNING IN MIGRAD  
 ============== Negative diagonal element 2 in Error Matrix
 MINUIT WARNING IN MIGRAD  
 ============== 1 added to diagonal of error matrix
 MIGRAD FAILS TO FIND IMPROVEMENT
 EIGENVALUES OF SECOND-DERIVATIVE MATRIX:
        -4.7882e-01  3.4170e-01  7.0379e-01  3.4333e+00
 MINUIT WARNING IN HESSE   
 ============== MATRIX FORCED POS-DEF BY ADDING 0.482255 TO DIAGONAL.
 FCN=-2.3786e+11 FROM HESSE     STATUS=NOT POSDEF     31 CALLS         954 TOTAL
                     EDM=0.00868383    STRATEGY= 1      ERR MATRIX NOT POS-DEF
  EXT PARAMETER                APPROXIMATE        STEP         FIRST   
  NO.   NAME      VALUE            ERROR          SIZE      DERIVATIVE 
   1  norm         5.58777e+05   4.82169e+01   1.72523e+03  -7.12888e-03
   2  Q            5.65057e-01   5.15591e-06   5.55018e-04  -1.61608e+04
   3  theta       -2.86362e-06   6.42656e-04   1.85589e-02   1.32844e+02
   4  pileup       9.99704e-04   1.85377e-07   2.09858e-05   1.11192e+06
 MINUIT WARNING IN MIGRAD  
 ============== Negative diagonal element 2 in Error Matrix
 MINUIT WARNING IN MIGRAD  
 ============== 1 added to diagonal of error matrix
 MIGRAD FAILS TO FIND IMPROVEMENT
 MIGRAD TERMINATED WITHOUT CONVERGENCE.
 FCN=-2.3786e+11 FROM MIGRAD    STATUS=FAILED        111 CALLS         997 TOTAL
                     EDM=2.52553e+07    STRATEGY= 1      ERR MATRIX NOT POS-DEF
  EXT PARAMETER                APPROXIMATE        STEP         FIRST   
  NO.   NAME      VALUE            ERROR          SIZE      DERIVATIVE 
   1  norm         5.58777e+05   6.61693e+00  -0.00000e+00  -6.20518e-02
   2  Q            5.65057e-01   1.00000e+00  -0.00000e+00   3.59030e+09
   3  theta       -4.97202e-06   1.00000e+00  -0.00000e+00   1.48498e+04
   4  pileup       9.99702e-04   1.00000e+00   0.00000e+00  -2.72414e+07
 EXTERNAL ERROR MATRIX.    NDIM=  25    NPAR=  4    ERR DEF=1
  4.378e+01  4.901e-11  1.709e-04 -3.691e-09 
  4.901e-11  1.000e+00 -4.723e-16 -3.695e-19 
  1.709e-04 -4.723e-16  1.000e+00  2.515e-12 
 -3.691e-09 -3.695e-19  2.515e-12  1.000e+00 
ERR MATRIX NOT POS-DEF
 PARAMETER  CORRELATION COEFFICIENTS  
       NO.  GLOBAL      1      2      3      4
        1  0.00003   1.000  0.000  0.000 -0.000
        2  0.00000   0.000  1.000 -0.000 -0.000
        3  0.00003   0.000 -0.000  1.000  0.000
        4  0.00000  -0.000 -0.000  0.000  1.000
 ERR MATRIX NOT POS-DEF
status of the fit-----000------4
1  558777
2  0.565057
3  -4.97202e-06
4  0.000999702
 **********
 **   25 **SET PRINT           2
 **********
 **********
 **   26 **SET NOGRAD
 **********
 PARAMETER DEFINITIONS:
    NO.   NAME         VALUE      STEP SIZE      LIMITS
     1 p0           5.58000e+05  1.67400e+05     no limits
     2 p1           5.65000e-01  1.69500e-01     no limits
     3 p2           0.00000e+00  3.00000e-01     no limits
     4 p3           9.99871e-04  2.99961e-04     no limits
 **********
 **   27 **SET ERR         0.5
 **********
 **********
 **   28 **SET PRINT           2
 **********
 **********
 **   29 **SET STR           1
 **********
 NOW USING STRATEGY  1: TRY TO BALANCE SPEED AGAINST RELIABILITY
 **********
 **   30 **MIGRAD        1480        0.01
 **********
 FIRST CALL TO USER FUNCTION AT NEW START POINT, WITH IFLAG=4.
 START MIGRAD MINIMIZATION.  STRATEGY  1.  CONVERGENCE WHEN EDM .LT. 1.00e-05
 FCN=17590.7 FROM MIGRAD    STATUS=INITIATE       18 CALLS          19 TOTAL
                     EDM= unknown      STRATEGY= 1      NO ERROR MATRIX       
  EXT PARAMETER               CURRENT GUESS       STEP         FIRST   
  NO.   NAME      VALUE            ERROR          SIZE      DERIVATIVE 
   1  p0           5.58000e+05   1.67400e+05   1.67400e+05  -3.65590e+01
   2  p1           5.65000e-01   1.69500e-01   1.69500e-01  -1.13487e+08
   3  p2           0.00000e+00   3.00000e-01   3.00000e-01   2.08664e+06
   4  p3           9.99871e-04   2.99961e-04   2.99961e-04  -9.95873e+08
                               ERR DEF= 0.5
NO ERROR MATRIX       
 FCN=1365.69 FROM MIGRAD    STATUS=PROGRESS       36 CALLS          37 TOTAL
                     EDM=4083    STRATEGY= 1      NO ERROR MATRIX       
  EXT PARAMETER               CURRENT GUESS       STEP         FIRST   
  NO.   NAME      VALUE            ERROR          SIZE      DERIVATIVE 
   1  p0           5.58358e+05   1.67400e+05   3.57727e+02  -2.54760e+00
   2  p1           5.65115e-01   1.69500e-01   1.15360e-04  -7.84939e+06
   3  p2          -2.36027e-03   3.00000e-01  -2.36027e-03  -4.84008e+05
   4  p3           1.00132e-03   2.99961e-04   1.44473e-06   5.06446e+08
                               ERR DEF= 0.5
 MIGRAD FAILS TO FIND IMPROVEMENT
 MIGRAD MINIMIZATION HAS CONVERGED.
 MIGRAD WILL VERIFY CONVERGENCE AND ERROR MATRIX.
   START COVARIANCE MATRIX CALCULATION.
 EIGENVALUES OF SECOND-DERIVATIVE MATRIX:
         1.6127e-03  3.5009e-01  9.1248e-01  2.7358e+00
 COVARIANCE MATRIX CALCULATED SUCCESSFULLY
 FCN=79.1092 FROM HESSE     STATUS=OK             29 CALLS         102 TOTAL
                     EDM=0.00100672    STRATEGY= 1      ERROR MATRIX ACCURATE 
  EXT PARAMETER                                   STEP         FIRST   
  NO.   NAME      VALUE            ERROR          SIZE      DERIVATIVE 
   1  p0           5.58482e+05   9.00835e+01   2.66305e-01   2.24074e-04
   2  p1           5.65155e-01   2.90411e-05   2.69487e-07  -7.56371e+02
   3  p2           3.58369e-05   7.81738e-05   3.53678e-07   1.17424e+02
   4  p3           9.99763e-04   7.58525e-08   4.76724e-10   9.11682e+03
                               ERR DEF= 0.5
 PARAMETER  CORRELATION COEFFICIENTS  
       NO.  GLOBAL      1      2      3      4
        1  0.99839   1.000 -0.997  0.182  0.384
        2  0.99839  -0.997  1.000 -0.144 -0.381
        3  0.72867   0.182 -0.144  1.000  0.511
        4  0.64295   0.384 -0.381  0.511  1.000
 FCN=79.1064 FROM MIGRAD    STATUS=PROGRESS      114 CALLS         115 TOTAL
                     EDM=0.00278226    STRATEGY= 1      ERROR MATRIX ACCURATE 
  EXT PARAMETER                                   STEP         FIRST   
  NO.   NAME      VALUE            ERROR          SIZE      DERIVATIVE 
   1  p0           5.58470e+05   9.00835e+01  -1.20598e+01   3.52999e-04
   2  p1           5.65159e-01   2.90411e-05   3.85678e-06  -2.64332e+02
   3  p2           3.19473e-05   7.81738e-05  -3.88960e-06  -4.60688e+02
   4  p3           9.99758e-04   7.58525e-08  -4.95957e-09  -7.04734e+05
                               ERR DEF= 0.5
 MIGRAD FAILS TO FIND IMPROVEMENT
 MIGRAD TERMINATED WITHOUT CONVERGENCE.
 FCN=78.8335 FROM MIGRAD    STATUS=FAILED        214 CALLS         215 TOTAL
                     EDM=2.10173e-05    STRATEGY= 1  ERROR MATRIX UNCERTAINTY 100.0 per cent
  EXT PARAMETER                APPROXIMATE        STEP         FIRST   
  NO.   NAME      VALUE            ERROR          SIZE      DERIVATIVE 
   1  p0           5.57415e+05   7.31474e+01   0.00000e+00  -1.92390e-04
   2  p1           5.65500e-01   2.21962e-05  -0.00000e+00  -5.77903e+02
   3  p2           9.78326e-05   7.51172e-05   0.00000e+00  -4.32565e+00
   4  p3           9.99767e-04   7.37760e-08  -0.00000e+00   1.92403e+04
                               ERR DEF= 0.5
 EXTERNAL ERROR MATRIX.    NDIM=  25    NPAR=  4    ERR DEF=0.5
  5.351e+03 -1.618e-03  4.245e-03 -4.985e-07 
 -1.618e-03  4.927e-10 -1.268e-09  1.259e-13 
  4.245e-03 -1.268e-09  5.643e-09  1.386e-12 
 -4.985e-07  1.259e-13  1.386e-12  5.443e-15 
ERR MATRIX APPROXIMATE
 PARAMETER  CORRELATION COEFFICIENTS  
       NO.  GLOBAL      1      2      3      4
        1  0.99751   1.000 -0.997  0.773 -0.092
        2  0.99728  -0.997  1.000 -0.761  0.077
        3  0.85684   0.773 -0.761  1.000  0.250
        4  0.58994  -0.092  0.077  0.250  1.000
 ERR MATRIX APPROXIMATE
 FCN=78.8335 FROM MIGRAD    STATUS=FAILED        214 CALLS         215 TOTAL
                     EDM=2.10173e-05    STRATEGY= 1  ERROR MATRIX UNCERTAINTY 100.0 per cent
  EXT PARAMETER                  PARABOLIC         MINOS ERRORS        
  NO.   NAME      VALUE            ERROR      NEGATIVE      POSITIVE   
   1  p0           5.57415e+05   7.31474e+01                            
   2  p1           5.65500e-01   2.21962e-05                            
   3  p2           9.78326e-05   7.51172e-05                            
   4  p3           9.99767e-04   7.37760e-08                            
                               ERR DEF= 0.5
 **********
 **   31 **SET PRINT           2
 **********
 **********
 **   32 **SET NOGRAD
 **********
 PARAMETER DEFINITIONS:
    NO.   NAME         VALUE      STEP SIZE      LIMITS
     1 p0           5.57415e+05  7.31474e+01     no limits
     2 p1           5.65500e-01  2.21962e-05     no limits
     3 p2           9.78326e-05  7.51172e-05     no limits
     4 p3           9.99767e-04  7.37760e-08     no limits
 **********
 **   33 **SET ERR         0.5
 **********
 **********
 **   34 **SET PRINT           2
 **********
 **********
 **   35 **SET STR           1
 **********
 NOW USING STRATEGY  1: TRY TO BALANCE SPEED AGAINST RELIABILITY
 **********
 **   36 **MIGRAD        1480        0.01
 **********
 FIRST CALL TO USER FUNCTION AT NEW START POINT, WITH IFLAG=4.
 START MIGRAD MINIMIZATION.  STRATEGY  1.  CONVERGENCE WHEN EDM .LT. 1.00e-05
 FCN=78.8335 FROM MIGRAD    STATUS=INITIATE       14 CALLS          15 TOTAL
                     EDM= unknown      STRATEGY= 1      NO ERROR MATRIX       
  EXT PARAMETER               CURRENT GUESS       STEP         FIRST   
  NO.   NAME      VALUE            ERROR          SIZE      DERIVATIVE 
   1  p0           5.57415e+05   7.31474e+01   7.31474e+01  -1.92390e-04
   2  p1           5.65500e-01   2.21962e-05   2.21962e-05  -5.77903e+02
   3  p2           9.78326e-05   7.51172e-05   7.51172e-05  -1.03676e+01
   4  p3           9.99767e-04   7.37760e-08   7.37760e-08   1.92403e+04
                               ERR DEF= 0.5
NO ERROR MATRIX       
 FCN=78.8335 FROM MIGRAD    STATUS=PROGRESS       30 CALLS          31 TOTAL
                     EDM=2.1536e-06    STRATEGY= 1      NO ERROR MATRIX       
  EXT PARAMETER               CURRENT GUESS       STEP         FIRST   
  NO.   NAME      VALUE            ERROR          SIZE      DERIVATIVE 
   1  p0           5.57416e+05   7.31474e+01   6.57624e-03   1.16359e-04
   2  p1           5.65500e-01   2.21962e-05   2.05781e-09   3.84020e+02
   3  p2           9.78719e-05   7.51172e-05   3.92516e-08  -6.42358e+00
   4  p3           9.99767e-04   7.37760e-08  -9.50316e-11   7.38206e+03
                               ERR DEF= 0.5
 MIGRAD MINIMIZATION HAS CONVERGED.
 MIGRAD WILL VERIFY CONVERGENCE AND ERROR MATRIX.
   START COVARIANCE MATRIX CALCULATION.
 EIGENVALUES OF SECOND-DERIVATIVE MATRIX:
         3.2910e-03  4.6591e-01  8.5116e-01  2.6796e+00
 COVARIANCE MATRIX CALCULATED SUCCESSFULLY
 FCN=78.8335 FROM MIGRAD    STATUS=CONVERGED      88 CALLS          89 TOTAL
                     EDM=5.01794e-06    STRATEGY= 1      ERROR MATRIX ACCURATE 
  EXT PARAMETER                                   STEP         FIRST   
  NO.   NAME      VALUE            ERROR          SIZE      DERIVATIVE 
   1  p0           5.57416e+05   6.30227e+01   2.65796e-01  -5.83949e-05
   2  p1           5.65500e-01   2.03077e-05   2.69651e-07  -2.85255e+02
   3  p2           9.78872e-05   6.73438e-05   3.26119e-07   1.37666e+01
   4  p3           9.99767e-04   6.83315e-08   4.76726e-10  -1.16249e+04
                               ERR DEF= 0.5
 EXTERNAL ERROR MATRIX.    NDIM=  25    NPAR=  4    ERR DEF=0.5
  3.972e+03 -1.273e-03  5.516e-04  6.733e-07 
 -1.273e-03  4.124e-10 -1.084e-10 -2.295e-13 
  5.516e-04 -1.084e-10  4.535e-09  1.577e-12 
  6.733e-07 -2.295e-13  1.577e-12  4.669e-15 
 PARAMETER  CORRELATION COEFFICIENTS  
       NO.  GLOBAL      1      2      3      4
        1  0.99672   1.000 -0.995  0.130  0.156
        2  0.99671  -0.995  1.000 -0.079 -0.165
        3  0.64230   0.130 -0.079  1.000  0.343
        4  0.47273   0.156 -0.165  0.343  1.000
 EXTERNAL ERROR MATRIX.    NDIM=   4    NPAR=  4    ERR DEF=0.5
  3.972e+03 -1.273e-03  5.516e-04  6.733e-07 
 -1.273e-03  4.124e-10 -1.084e-10 -2.295e-13 
  5.516e-04 -1.084e-10  4.535e-09  1.577e-12 
  6.733e-07 -2.295e-13  1.577e-12  4.669e-15 
 FCN=78.8335 FROM MIGRAD    STATUS=CONVERGED      88 CALLS          89 TOTAL
                     EDM=5.01794e-06    STRATEGY= 1      ERROR MATRIX ACCURATE 
  EXT PARAMETER                  PARABOLIC         MINOS ERRORS        
  NO.   NAME      VALUE            ERROR      NEGATIVE      POSITIVE   
   1  p0           5.57416e+05   6.30227e+01                            
   2  p1           5.65500e-01   2.03077e-05                            
   3  p2           9.78872e-05   6.73438e-05                            
   4  p3           9.99767e-04   6.83315e-08                            
                               ERR DEF= 0.5
------------------------------------------
Enering ROOFIt-------
 PARAMETER DEFINITIONS:
    NO.   NAME         VALUE      STEP SIZE      LIMITS
     1 norm         5.57416e+05  1.00000e-01     no limits
     2 Q            5.65000e-01  1.00000e-01     no limits
     3 theta        0.00000e+00  1.00000e-01     no limits
     4 pileup       9.99767e-04  1.00000e-01     no limits
 **********
 **    1 **MIGRAD
 **********
 FIRST CALL TO USER FUNCTION AT NEW START POINT, WITH IFLAG=4.
 START MIGRAD MINIMIZATION.  STRATEGY  1.  CONVERGENCE WHEN EDM .LT. 1.00e-04
 FCN=-2.37863e+11 FROM MIGRAD    STATUS=INITIATE       16 CALLS          17 TOTAL
                     EDM= unknown      STRATEGY= 1      NO ERROR MATRIX       
  EXT PARAMETER               CURRENT GUESS       STEP         FIRST   
  NO.   NAME      VALUE            ERROR          SIZE      DERIVATIVE 
   1  norm         5.57416e+05   1.00000e-01   1.00000e-01  -5.90239e+01
   2  Q            5.65000e-01   1.00000e-01   1.00000e-01  -8.93822e+08
   3  theta        0.00000e+00   1.00000e-01   1.00000e-01   3.39743e+06
   4  pileup       9.99767e-04   1.00000e-01   1.00000e-01  -9.20153e+11
 MIGRAD FAILS TO FIND IMPROVEMENT
 MACHINE ACCURACY LIMITS FURTHER IMPROVEMENT.
 MIGRAD MINIMIZATION HAS CONVERGED.
 FCN=-2.37863e+11 FROM MIGRAD    STATUS=CONVERGED     287 CALLS         288 TOTAL
                     EDM=0.265302    STRATEGY= 1  ERROR MATRIX UNCERTAINTY   2.6 per cent
  EXT PARAMETER                                   STEP         FIRST   
  NO.   NAME      VALUE            ERROR          SIZE      DERIVATIVE 
   1  norm         5.58951e+05   9.46096e+00   0.00000e+00  -6.59543e-03
   2  Q            5.65003e-01   1.33405e-11   0.00000e+00   2.09884e+08
   3  theta       -2.10275e-05   1.08688e-04   0.00000e+00   6.42609e+02
   4  pileup       9.99820e-04   4.81076e-08   0.00000e+00  -1.07383e+07
 EXTERNAL ERROR MATRIX.    NDIM=  25    NPAR=  4    ERR DEF=1
  8.951e+01  5.206e-13  6.315e-04  6.743e-08 
  5.206e-13 -1.780e-22  1.750e-17  1.901e-20 
  6.315e-04  1.750e-17  1.181e-08  1.740e-12 
  6.743e-08  1.901e-20  1.740e-12  2.314e-15 
 PARAMETER  CORRELATION COEFFICIENTS  
       NO.  GLOBAL      1      2      3      4
        1  0.00000   1.000  0.004  0.614  0.148
        2  0.00000   0.004 -1.000  0.012  0.030
        3  0.00000   0.614  0.012  1.000  0.333
        4  0.00000   0.148  0.030  0.333  1.000
 **********
 **    2 **MIGRAD 
 **********
 START MIGRAD MINIMIZATION.  STRATEGY  1.  CONVERGENCE WHEN EDM .LT. 1.00e-04
 FCN=-2.37863e+11 FROM MIGRAD    STATUS=INITIATE       12 CALLS         300 TOTAL
                     EDM=0.0688837    STRATEGY= 1  ERROR MATRIX UNCERTAINTY   2.6 per cent
  EXT PARAMETER                                   STEP         FIRST   
  NO.   NAME      VALUE            ERROR          SIZE      DERIVATIVE 
   1  norm         5.58951e+05   9.46096e+00   0.00000e+00  -6.59541e-03
   2  Q            5.65003e-01   1.33405e-11   0.00000e+00   1.80423e+05
   3  theta       -2.10275e-05   1.08688e-04   0.00000e+00   6.42606e+02
   4  pileup       9.99820e-04   4.81076e-08   0.00000e+00  -1.07383e+07
 MIGRAD FAILS TO FIND IMPROVEMENT
 MACHINE ACCURACY LIMITS FURTHER IMPROVEMENT.
 MIGRAD MINIMIZATION HAS CONVERGED.
 FCN=-2.37863e+11 FROM MIGRAD    STATUS=CONVERGED      23 CALLS         311 TOTAL
                     EDM=0.0688837    STRATEGY= 1  ERROR MATRIX UNCERTAINTY   2.6 per cent
  EXT PARAMETER                                   STEP         FIRST   
  NO.   NAME      VALUE            ERROR          SIZE      DERIVATIVE 
   1  norm         5.58951e+05   9.46096e+00   0.00000e+00  -6.59541e-03
   2  Q            5.65003e-01   1.33405e-11   0.00000e+00   1.80423e+05
   3  theta       -2.10275e-05   1.08688e-04   0.00000e+00   6.42606e+02
   4  pileup       9.99820e-04   4.81076e-08   0.00000e+00  -1.07383e+07
 EXTERNAL ERROR MATRIX.    NDIM=  25    NPAR=  4    ERR DEF=1
  8.951e+01  5.206e-13  6.315e-04  6.743e-08 
  5.206e-13 -1.780e-22  1.750e-17  1.901e-20 
  6.315e-04  1.750e-17  1.181e-08  1.740e-12 
  6.743e-08  1.901e-20  1.740e-12  2.314e-15 
 PARAMETER  CORRELATION COEFFICIENTS  
       NO.  GLOBAL      1      2      3      4
        1  0.00000   1.000  0.004  0.614  0.148
        2  0.00000   0.004 -1.000  0.012  0.030
        3  0.00000   0.614  0.012  1.000  0.333
        4  0.00000   0.148  0.030  0.333  1.000
status of the fit-----000------0
1  558951
2  0.565003
3  -2.10275e-05
4  0.00099982
