  *******************************************
  *                                         *
  *        W E L C O M E  to  R O O T       *
  *                                         *
  *   Version   5.34/36      5 April 2016   *
  *                                         *
  *  You are welcome to visit our Web site  *
  *          http://root.cern.ch            *
  *                                         *
  *******************************************

ROOT 5.34/36 (v5-34-36@v5-34-36, Apr 05 2016, 10:25:45 on linuxx8664gcc)

CINT/ROOT C/C++ Interpreter version 5.18.00, July 2, 2010
Type ? for help. Commands must be C++ statements.
Enclose multiple statements between { }.
Loading root init file.
The rat/rootinit.C file loaded the DEAP style for you, which is available from the fStyle pointer.
DEAP style applied. 
RAT: Libraries loaded.

Processing /home/fatemigh/projects/rpp-jillings/fatemigh/sterile/Likelihood/LikelihoodSterile_modified6.C+(4)...
pased here
566 lines read from file
31
spec_E  566
Before entering fitting
 **********
 **    1 **SET PRINT           2
 **********
 **********
 **    2 **SET NOGRAD
 **********
 PARAMETER DEFINITIONS:
    NO.   NAME         VALUE      STEP SIZE      LIMITS
     1 p0           5.58000e+05  1.67400e+05     no limits
     2 p1           5.65000e-01  1.69500e-01     no limits
     3 p2           0.00000e+00  3.00000e-01     no limits
     4 p3           9.99871e-04  2.99961e-04     no limits
 **********
 **    3 **SET ERR         0.5
 **********
 **********
 **    4 **SET PRINT           2
 **********
 **********
 **    5 **SET STR           1
 **********
 NOW USING STRATEGY  1: TRY TO BALANCE SPEED AGAINST RELIABILITY
 **********
 **    6 **MIGRAD        1480        0.01
 **********
 FIRST CALL TO USER FUNCTION AT NEW START POINT, WITH IFLAG=4.
 START MIGRAD MINIMIZATION.  STRATEGY  1.  CONVERGENCE WHEN EDM .LT. 1.00e-05
 FCN=17488.8 FROM MIGRAD    STATUS=INITIATE       18 CALLS          19 TOTAL
                     EDM= unknown      STRATEGY= 1      NO ERROR MATRIX       
  EXT PARAMETER               CURRENT GUESS       STEP         FIRST   
  NO.   NAME      VALUE            ERROR          SIZE      DERIVATIVE 
   1  p0           5.58000e+05   1.67400e+05   1.67400e+05  -3.64530e+01
   2  p1           5.65000e-01   1.69500e-01   1.69500e-01  -1.13148e+08
   3  p2           0.00000e+00   3.00000e-01   3.00000e-01   0.00000e+00
   4  p3           9.99871e-04   2.99961e-04   2.99961e-04  -9.73706e+08
                               ERR DEF= 0.5
NO ERROR MATRIX       
 FCN=521.291 FROM MIGRAD    STATUS=PROGRESS       34 CALLS          35 TOTAL
                     EDM=1450.9    STRATEGY= 1      NO ERROR MATRIX       
  EXT PARAMETER               CURRENT GUESS       STEP         FIRST   
  NO.   NAME      VALUE            ERROR          SIZE      DERIVATIVE 
   1  p0           5.58442e+05   1.67400e+05   4.41951e+02  -8.37244e-01
   2  p1           5.65143e-01   1.69500e-01   1.42509e-04  -2.56494e+06
   3  p2           0.00000e+00   3.00000e-01  -0.00000e+00   0.00000e+00
   4  p3           1.00162e-03   2.99961e-04   1.75028e-06   4.21431e+08
                               ERR DEF= 0.5
 FCN=74.0498 FROM MIGRAD    STATUS=PROGRESS      147 CALLS         148 TOTAL
                     EDM=0.503544    STRATEGY= 1  ERROR MATRIX UNCERTAINTY  11.3 per cent
  EXT PARAMETER                APPROXIMATE        STEP         FIRST   
  NO.   NAME      VALUE            ERROR          SIZE      DERIVATIVE 
   1  p0           5.60494e+05   8.61798e+02   2.48638e+01  -1.28474e-01
   2  p1           5.64507e-01   2.76339e-04  -7.91213e-06  -3.98837e+05
   3  p2           0.00000e+00   4.95160e-04  -0.00000e+00   0.00000e+00
   4  p3           9.99709e-04   6.80650e-08   3.01795e-10  -2.71082e+06
                               ERR DEF= 0.5
 MINUIT WARNING IN MIGRAD  
 ============== Negative diagonal element 1 in Error Matrix
 MINUIT WARNING IN MIGRAD  
 ============== Negative diagonal element 2 in Error Matrix
 MINUIT WARNING IN MIGRAD  
 ============== 1.41725e+06 added to diagonal of error matrix
 EIGENVALUES OF SECOND-DERIVATIVE MATRIX:
         9.9962e-01  1.0000e+00  1.0000e+00  1.0004e+00
 MIGRAD FAILS TO FIND IMPROVEMENT
   START COVARIANCE MATRIX CALCULATION.
 MINUIT WARNING IN HESSE   
 ============== Negative diagonal element 3 in Error Matrix
 MINUIT WARNING IN HESSE   
 ============== 45087.2 added to diagonal of error matrix
 EIGENVALUES OF SECOND-DERIVATIVE MATRIX:
        -3.1679e+00  9.9991e-01  1.0128e+00  5.1552e+00
 MINUIT WARNING IN HESSE   
 ============== MATRIX FORCED POS-DEF BY ADDING 3.173043 TO DIAGONAL.
 FCN=73.8301 FROM HESSE     STATUS=NOT POSDEF     23 CALLS         270 TOTAL
                     EDM=0.138957    STRATEGY= 1      ERR MATRIX NOT POS-DEF
  EXT PARAMETER                APPROXIMATE        STEP         FIRST   
  NO.   NAME      VALUE            ERROR          SIZE      DERIVATIVE 
   1  p0           5.60507e+05   2.30550e-03   2.67270e-01   1.49525e-02
   2  p1           5.64504e-01   1.79916e-06   2.69176e-07   4.86670e+04
   3  p2           0.00000e+00   9.81198e+00   2.73756e-05   0.00000e+00
   4  p3           9.99700e-04   6.01003e-07   4.76694e-10  -7.44477e+05
                               ERR DEF= 0.5
 PARAMETER  CORRELATION COEFFICIENTS  
       NO.  GLOBAL      1      2      3      4
        1  0.00908   1.000  0.008 -0.009 -0.009
        2  0.89408   0.008  1.000 -0.893 -0.894
        3  0.99875  -0.009 -0.893  1.000  0.999
        4  0.99876  -0.009 -0.894  0.999  1.000
 ERR MATRIX NOT POS-DEF
 MIGRAD FAILS TO FIND IMPROVEMENT
 MIGRAD TERMINATED WITHOUT CONVERGENCE.
 FCN=73.8301 FROM MIGRAD    STATUS=FAILED        272 CALLS         273 TOTAL
                     EDM=0.138957    STRATEGY= 1      ERR MATRIX NOT POS-DEF
  EXT PARAMETER                APPROXIMATE        STEP         FIRST   
  NO.   NAME      VALUE            ERROR          SIZE      DERIVATIVE 
   1  p0           5.60507e+05   2.30550e-03  -0.00000e+00   1.49525e-02
   2  p1           5.64504e-01   1.79916e-06  -0.00000e+00   4.86670e+04
   3  p2           0.00000e+00   9.81198e+00   0.00000e+00   0.00000e+00
   4  p3           9.99700e-04   6.01003e-07   0.00000e+00  -7.44477e+05
                               ERR DEF= 0.5
 EXTERNAL ERROR MATRIX.    NDIM=  25    NPAR=  4    ERR DEF=0.5
  5.315e-06  3.323e-11 -2.053e-04 -1.256e-11 
  3.323e-11  3.237e-12 -1.577e-05 -9.667e-13 
 -2.053e-04 -1.577e-05  9.627e+01  5.890e-06 
 -1.256e-11 -9.667e-13  5.890e-06  3.612e-13 
ERR MATRIX NOT POS-DEF
 PARAMETER  CORRELATION COEFFICIENTS  
       NO.  GLOBAL      1      2      3      4
        1  0.00908   1.000  0.008 -0.009 -0.009
        2  0.89408   0.008  1.000 -0.893 -0.894
        3  0.99875  -0.009 -0.893  1.000  0.999
        4  0.99876  -0.009 -0.894  0.999  1.000
 ERR MATRIX NOT POS-DEF
 FCN=73.8301 FROM MIGRAD    STATUS=FAILED        272 CALLS         273 TOTAL
                     EDM=0.138957    STRATEGY= 1      ERR MATRIX NOT POS-DEF
  EXT PARAMETER                  PARABOLIC         MINOS ERRORS        
  NO.   NAME      VALUE            ERROR      NEGATIVE      POSITIVE   
   1  p0           5.60507e+05   2.30550e-03                            
   2  p1           5.64504e-01   1.79916e-06                            
   3  p2           0.00000e+00   9.81198e+00                            
   4  p3           9.99700e-04   6.01003e-07                            
                               ERR DEF= 0.5
 **********
 **    7 **SET PRINT           2
 **********
 **********
 **    8 **SET NOGRAD
 **********
 PARAMETER DEFINITIONS:
    NO.   NAME         VALUE      STEP SIZE      LIMITS
     1 p0           5.60507e+05  2.30550e-03     no limits
     2 p1           5.64504e-01  1.79916e-06     no limits
     3 p2           0.00000e+00  9.81198e+00     no limits
     4 p3           9.99700e-04  6.01003e-07     no limits
 **********
 **    9 **SET ERR         0.5
 **********
 **********
 **   10 **SET PRINT           2
 **********
 **********
 **   11 **SET STR           1
 **********
 NOW USING STRATEGY  1: TRY TO BALANCE SPEED AGAINST RELIABILITY
 **********
 **   12 **MIGRAD        1480        0.01
 **********
 FIRST CALL TO USER FUNCTION AT NEW START POINT, WITH IFLAG=4.
 START MIGRAD MINIMIZATION.  STRATEGY  1.  CONVERGENCE WHEN EDM .LT. 1.00e-05
 FCN=73.1395 FROM MIGRAD    STATUS=INITIATE       35 CALLS          36 TOTAL
                     EDM= unknown      STRATEGY= 1      NO ERROR MATRIX       
  EXT PARAMETER               CURRENT GUESS       STEP         FIRST   
  NO.   NAME      VALUE            ERROR          SIZE      DERIVATIVE 
   1  p0           5.60507e+05   2.30550e-03   0.00000e+00  -1.19096e-01
   2  p1           5.64504e-01   1.79916e-06   0.00000e+00  -3.71774e+05
   3  p2           7.75894e-03   9.81198e+00   7.75894e-03  -1.63156e+01
   4  p3           9.99700e-04   6.01003e-07   0.00000e+00  -1.02746e+07
                               ERR DEF= 0.5
NO ERROR MATRIX       
 FCN=72.834 FROM MIGRAD    STATUS=PROGRESS       45 CALLS          46 TOTAL
                     EDM=1.1657    STRATEGY= 1      NO ERROR MATRIX       
  EXT PARAMETER               CURRENT GUESS       STEP         FIRST   
  NO.   NAME      VALUE            ERROR          SIZE      DERIVATIVE 
   1  p0           5.60508e+05   2.30550e-03   1.57434e+00   1.88631e-02
   2  p1           5.64504e-01   1.79916e-06   5.03464e-07   5.91287e+04
   3  p2           7.91231e-03   9.81198e+00   1.53374e-04  -1.71690e+02
   4  p3           9.99723e-04   6.01003e-07   2.27895e-08  -1.44755e+06
                               ERR DEF= 0.5
 FCN=72.5001 FROM MIGRAD    STATUS=PROGRESS      170 CALLS         171 TOTAL
                     EDM=0.000141012    STRATEGY= 1  ERROR MATRIX UNCERTAINTY  12.3 per cent
  EXT PARAMETER                APPROXIMATE        STEP         FIRST   
  NO.   NAME      VALUE            ERROR          SIZE      DERIVATIVE 
   1  p0           5.60509e+05   3.29955e+01   5.22700e-02   3.63097e-04
   2  p1           5.64505e-01   1.05899e-05  -1.22959e-08  -3.58890e+02
   3  p2           1.11118e-02   3.33783e-03  -3.90977e-05   6.39319e-01
   4  p3           9.99757e-04   7.08775e-08  -3.92340e-10  -6.89099e+03
                               ERR DEF= 0.5
 FCN=72.2166 FROM MIGRAD    STATUS=PROGRESS      298 CALLS         299 TOTAL
                     EDM=2.92212e-05    STRATEGY= 1  ERROR MATRIX UNCERTAINTY  37.7 per cent
  EXT PARAMETER                APPROXIMATE        STEP         FIRST   
  NO.   NAME      VALUE            ERROR          SIZE      DERIVATIVE 
   1  p0           5.59361e+05   7.63245e+02  -2.58772e+00   1.25635e-04
   2  p1           5.64874e-01   2.45909e-04   8.34095e-07   3.69118e+02
   3  p2           1.37489e-02   2.93980e-03   3.69345e-06  -3.64897e-01
   4  p3           9.99761e-04   7.57557e-08   1.29233e-10   2.08942e+04
                               ERR DEF= 0.5
 MINUIT WARNING IN MIGRAD  
 ============== Negative diagonal element 1 in Error Matrix
 MINUIT WARNING IN MIGRAD  
 ============== Negative diagonal element 2 in Error Matrix
 MINUIT WARNING IN MIGRAD  
 ============== Negative diagonal element 4 in Error Matrix
 MINUIT WARNING IN MIGRAD  
 ============== 3.84138e+06 added to diagonal of error matrix
 EIGENVALUES OF SECOND-DERIVATIVE MATRIX:
         9.9724e-01  1.0000e+00  1.0000e+00  1.0028e+00
 MIGRAD FAILS TO FIND IMPROVEMENT
   START COVARIANCE MATRIX CALCULATION.
 EIGENVALUES OF SECOND-DERIVATIVE MATRIX:
         8.4496e-04  3.4291e-01  8.8720e-01  2.7690e+00
 COVARIANCE MATRIX CALCULATED SUCCESSFULLY
 FCN=72.2166 FROM HESSE     STATUS=OK             29 CALLS         339 TOTAL
                     EDM=7.14442e-07    STRATEGY= 1      ERROR MATRIX ACCURATE 
  EXT PARAMETER                                   STEP         FIRST   
  NO.   NAME      VALUE            ERROR          SIZE      DERIVATIVE 
   1  p0           5.59361e+05   1.24433e+02   2.66724e-01   1.15076e-04
   2  p1           5.64874e-01   4.01732e-05   2.69353e-07   3.62898e+02
   3  p2           1.37489e-02   2.83443e-03   1.08134e-05  -5.41302e-01
   4  p3           9.99761e-04   7.78094e-08   4.76723e-10   1.71842e+04
                               ERR DEF= 0.5
 PARAMETER  CORRELATION COEFFICIENTS  
       NO.  GLOBAL      1      2      3      4
        1  0.99915   1.000 -0.999  0.000  0.236
        2  0.99916  -0.999  1.000  0.028 -0.235
        3  0.72583   0.000  0.028  1.000  0.483
        4  0.60812   0.236 -0.235  0.483  1.000
 FCN=72.2166 FROM MIGRAD    STATUS=PROGRESS      350 CALLS         351 TOTAL
                     EDM=1.69019e-06    STRATEGY= 1      ERROR MATRIX ACCURATE 
  EXT PARAMETER                                   STEP         FIRST   
  NO.   NAME      VALUE            ERROR          SIZE      DERIVATIVE 
   1  p0           5.59361e+05   1.24433e+02  -1.22236e-03   9.08659e-05
   2  p1           5.64874e-01   4.01732e-05   4.06253e-10   3.26726e+02
   3  p2           1.37491e-02   2.83443e-03   1.78493e-07  -4.64426e-01
   4  p3           9.99761e-04   7.78094e-08  -5.65777e-12   1.36579e+04
                               ERR DEF= 0.5
 MIGRAD FAILS TO FIND IMPROVEMENT
 MIGRAD TERMINATED WITHOUT CONVERGENCE.
 FCN=72.2166 FROM MIGRAD    STATUS=FAILED        372 CALLS         373 TOTAL
                     EDM=3.60878e-05    STRATEGY= 1  ERROR MATRIX UNCERTAINTY 100.0 per cent
  EXT PARAMETER                APPROXIMATE        STEP         FIRST   
  NO.   NAME      VALUE            ERROR          SIZE      DERIVATIVE 
   1  p0           5.59361e+05   1.70583e+01  -0.00000e+00  -4.92325e-05
   2  p1           5.64874e-01   5.77568e-06   0.00000e+00  -1.70230e+02
   3  p2           1.37510e-02   2.34163e-03  -0.00000e+00   5.59321e-01
   4  p3           9.99761e-04   7.95098e-08   0.00000e+00  -9.04111e+03
                               ERR DEF= 0.5
 EXTERNAL ERROR MATRIX.    NDIM=  25    NPAR=  4    ERR DEF=0.5
  2.910e+02 -9.225e-05 -6.444e-03 -7.297e-07 
 -9.225e-05  3.336e-11  4.436e-09  2.477e-13 
 -6.444e-03  4.436e-09  5.483e-06  1.082e-10 
 -7.297e-07  2.477e-13  1.082e-10  6.322e-15 
ERR MATRIX APPROXIMATE
 PARAMETER  CORRELATION COEFFICIENTS  
       NO.  GLOBAL      1      2      3      4
        1  0.95876   1.000 -0.936 -0.161 -0.538
        2  0.95671  -0.936  1.000  0.328  0.539
        3  0.74888  -0.161  0.328  1.000  0.581
        4  0.75682  -0.538  0.539  0.581  1.000
 ERR MATRIX APPROXIMATE
 FCN=72.2166 FROM MIGRAD    STATUS=FAILED        372 CALLS         373 TOTAL
                     EDM=3.60878e-05    STRATEGY= 1  ERROR MATRIX UNCERTAINTY 100.0 per cent
  EXT PARAMETER                  PARABOLIC         MINOS ERRORS        
  NO.   NAME      VALUE            ERROR      NEGATIVE      POSITIVE   
   1  p0           5.59361e+05   1.70583e+01                            
   2  p1           5.64874e-01   5.77568e-06                            
   3  p2           1.37510e-02   2.34163e-03                            
   4  p3           9.99761e-04   7.95098e-08                            
                               ERR DEF= 0.5
 **********
 **   13 **SET PRINT           2
 **********
 **********
 **   14 **SET NOGRAD
 **********
 PARAMETER DEFINITIONS:
    NO.   NAME         VALUE      STEP SIZE      LIMITS
     1 p0           5.59361e+05  1.70583e+01     no limits
     2 p1           5.64874e-01  5.77568e-06     no limits
     3 p2           1.37510e-02  2.34163e-03     no limits
     4 p3           9.99761e-04  7.95098e-08     no limits
 **********
 **   15 **SET ERR         0.5
 **********
 **********
 **   16 **SET PRINT           2
 **********
 **********
 **   17 **SET STR           1
 **********
 NOW USING STRATEGY  1: TRY TO BALANCE SPEED AGAINST RELIABILITY
 **********
 **   18 **MIGRAD        1480        0.01
 **********
 FIRST CALL TO USER FUNCTION AT NEW START POINT, WITH IFLAG=4.
 START MIGRAD MINIMIZATION.  STRATEGY  1.  CONVERGENCE WHEN EDM .LT. 1.00e-05
 FCN=72.2166 FROM MIGRAD    STATUS=INITIATE       12 CALLS          13 TOTAL
                     EDM= unknown      STRATEGY= 1      NO ERROR MATRIX       
  EXT PARAMETER               CURRENT GUESS       STEP         FIRST   
  NO.   NAME      VALUE            ERROR          SIZE      DERIVATIVE 
   1  p0           5.59361e+05   1.70583e+01   1.70583e+01  -4.92325e-05
   2  p1           5.64874e-01   5.77568e-06   5.77568e-06  -1.70230e+02
   3  p2           1.37510e-02   2.34163e-03   2.34163e-03   4.87293e-01
   4  p3           9.99761e-04   7.95098e-08   7.95098e-08  -9.04111e+03
                               ERR DEF= 0.5
NO ERROR MATRIX       
 FCN=72.2166 FROM MIGRAD    STATUS=PROGRESS       26 CALLS          27 TOTAL
                     EDM=2.49542e-06    STRATEGY= 1      NO ERROR MATRIX       
  EXT PARAMETER               CURRENT GUESS       STEP         FIRST   
  NO.   NAME      VALUE            ERROR          SIZE      DERIVATIVE 
   1  p0           5.59361e+05   1.70583e+01   1.46435e-05  -4.37013e-05
   2  p1           5.64874e-01   5.77568e-06   5.23253e-12  -1.59276e+02
   3  p2           1.37510e-02   2.34163e-03  -1.83937e-08   5.34713e-01
   4  p3           9.99761e-04   7.95098e-08   3.83596e-13  -6.85836e+03
                               ERR DEF= 0.5
 MIGRAD FAILS TO FIND IMPROVEMENT
 MIGRAD MINIMIZATION HAS CONVERGED.
 MIGRAD WILL VERIFY CONVERGENCE AND ERROR MATRIX.
   START COVARIANCE MATRIX CALCULATION.
 EIGENVALUES OF SECOND-DERIVATIVE MATRIX:
         2.1415e-03  4.4937e-01  8.4786e-01  2.7006e+00
 COVARIANCE MATRIX CALCULATED SUCCESSFULLY
 FCN=72.2166 FROM HESSE     STATUS=OK             29 CALLS          60 TOTAL
                     EDM=9.20356e-05    STRATEGY= 1      ERROR MATRIX ACCURATE 
  EXT PARAMETER                                   STEP         FIRST   
  NO.   NAME      VALUE            ERROR          SIZE      DERIVATIVE 
   1  p0           5.59361e+05   7.83966e+01   2.66724e-01  -4.27793e-05
   2  p1           5.64874e-01   2.51588e-05   2.69353e-07  -1.63025e+02
   3  p2           1.37510e-02   2.53327e-03   1.07482e-05  -5.24634e+00
   4  p3           9.99761e-04   6.82517e-08   4.76723e-10  -7.96418e+03
                               ERR DEF= 0.5
 PARAMETER  CORRELATION COEFFICIENTS  
       NO.  GLOBAL      1      2      3      4
        1  0.99786   1.000 -0.997  0.154  0.198
        2  0.99785  -0.997  1.000 -0.110 -0.204
        3  0.66074   0.154 -0.110  1.000  0.345
        4  0.48085   0.198 -0.204  0.345  1.000
 FCN=72.2166 FROM MIGRAD    STATUS=PROGRESS       76 CALLS          77 TOTAL
                     EDM=8.5739e-07    STRATEGY= 1      ERROR MATRIX ACCURATE 
  EXT PARAMETER                                   STEP         FIRST   
  NO.   NAME      VALUE            ERROR          SIZE      DERIVATIVE 
   1  p0           5.59361e+05   7.83966e+01   3.54560e-04  -4.70922e-05
   2  p1           5.64874e-01   2.51588e-05  -6.56708e-11  -1.63164e+02
   3  p2           1.37511e-02   2.53327e-03   1.09140e-07   5.41306e-01
   4  p3           9.99761e-04   6.82517e-08   1.07647e-12  -1.70366e+03
                               ERR DEF= 0.5
 MIGRAD MINIMIZATION HAS CONVERGED.
 FCN=72.2166 FROM MIGRAD    STATUS=CONVERGED      76 CALLS          77 TOTAL
                     EDM=8.5739e-07    STRATEGY= 1  ERROR MATRIX UNCERTAINTY   0.5 per cent
  EXT PARAMETER                                   STEP         FIRST   
  NO.   NAME      VALUE            ERROR          SIZE      DERIVATIVE 
   1  p0           5.59361e+05   7.76687e+01   3.54560e-04  -4.70922e-05
   2  p1           5.64874e-01   2.50499e-05  -6.56708e-11  -1.63164e+02
   3  p2           1.37511e-02   1.59486e-04   1.09140e-07   5.41306e-01
   4  p3           9.99761e-04   6.34975e-08   1.07647e-12  -1.70366e+03
                               ERR DEF= 0.5
 EXTERNAL ERROR MATRIX.    NDIM=  25    NPAR=  4    ERR DEF=0.5
  6.032e+03 -1.941e-03  3.651e-03  7.937e-07 
 -1.941e-03  6.275e-10 -1.126e-09 -2.925e-13 
  3.651e-03 -1.126e-09  2.544e-08 -3.591e-12 
  7.937e-07 -2.925e-13 -3.591e-12  4.032e-15 
 PARAMETER  CORRELATION COEFFICIENTS  
       NO.  GLOBAL      1      2      3      4
        1  0.99783   1.000 -0.998  0.295  0.161
        2  0.99784  -0.998  1.000 -0.282 -0.184
        3  0.50428   0.295 -0.282  1.000 -0.355
        4  0.52107   0.161 -0.184 -0.355  1.000
 EXTERNAL ERROR MATRIX.    NDIM=   4    NPAR=  4    ERR DEF=0.5
  6.032e+03 -1.941e-03  3.651e-03  7.937e-07 
 -1.941e-03  6.275e-10 -1.126e-09 -2.925e-13 
  3.651e-03 -1.126e-09  2.544e-08 -3.591e-12 
  7.937e-07 -2.925e-13 -3.591e-12  4.032e-15 
 FCN=72.2166 FROM MIGRAD    STATUS=CONVERGED      76 CALLS          77 TOTAL
                     EDM=8.5739e-07    STRATEGY= 1  ERROR MATRIX UNCERTAINTY   0.5 per cent
  EXT PARAMETER                  PARABOLIC         MINOS ERRORS        
  NO.   NAME      VALUE            ERROR      NEGATIVE      POSITIVE   
   1  p0           5.59361e+05   7.76687e+01                            
   2  p1           5.64874e-01   2.50499e-05                            
   3  p2           1.37511e-02   1.59486e-04                            
   4  p3           9.99761e-04   6.34975e-08                            
                               ERR DEF= 0.5
------------------------------------------
Enering ROOFIt-------
 PARAMETER DEFINITIONS:
    NO.   NAME         VALUE      STEP SIZE      LIMITS
     1 norm         5.59361e+05  1.00000e-01     no limits
     2 Q            5.65000e-01  1.00000e-01     no limits
     3 theta        0.00000e+00  1.00000e-01     no limits
     4 pileup       9.99761e-04  1.00000e-01     no limits
 **********
 **    1 **MIGRAD
 **********
 FIRST CALL TO USER FUNCTION AT NEW START POINT, WITH IFLAG=4.
 START MIGRAD MINIMIZATION.  STRATEGY  1.  CONVERGENCE WHEN EDM .LT. 1.00e-04
 FCN=-2.37862e+11 FROM MIGRAD    STATUS=INITIATE       14 CALLS          15 TOTAL
                     EDM= unknown      STRATEGY= 1      NO ERROR MATRIX       
  EXT PARAMETER               CURRENT GUESS       STEP         FIRST   
  NO.   NAME      VALUE            ERROR          SIZE      DERIVATIVE 
   1  norm         5.59361e+05   1.00000e-01   1.00000e-01   1.52981e+01
   2  Q            5.65000e-01   1.00000e-01   1.00000e-01   2.44491e+08
   3  theta        0.00000e+00   1.00000e-01   1.00000e-01   0.00000e+00
   4  pileup       9.99761e-04   1.00000e-01   1.00000e-01  -9.17411e+11
 MIGRAD FAILS TO FIND IMPROVEMENT
 EIGENVALUES OF SECOND-DERIVATIVE MATRIX:
        -3.0692e-01  1.8882e-01  9.1640e-01  3.2017e+00
 MINUIT WARNING IN HESSE   
 ============== MATRIX FORCED POS-DEF BY ADDING 0.310121 TO DIAGONAL.
 FCN=-2.37862e+11 FROM HESSE     STATUS=NOT POSDEF     27 CALLS          53 TOTAL
                     EDM=25193.6    STRATEGY= 1      ERR MATRIX NOT POS-DEF
  EXT PARAMETER                APPROXIMATE        STEP         FIRST   
  NO.   NAME      VALUE            ERROR          SIZE      DERIVATIVE 
   1  norm         5.59361e+05   8.96877e+00   2.66724e+00   1.52980e+01
   2  Q            5.65000e-01   5.36636e-06   1.00000e-03   4.76129e+07
   3  theta        0.00000e+00   1.46801e-02   1.00000e-01   0.00000e+00
   4  pileup       9.99761e-04   1.08771e-07   1.00000e-02   4.46462e+08
 MIGRAD FAILS TO FIND IMPROVEMENT
 MIGRAD TERMINATED WITHOUT CONVERGENCE.
 FCN=-2.37862e+11 FROM MIGRAD    STATUS=FAILED         97 CALLS          98 TOTAL
                     EDM=109949    STRATEGY= 1      ERR MATRIX NOT POS-DEF
  EXT PARAMETER                APPROXIMATE        STEP         FIRST   
  NO.   NAME      VALUE            ERROR          SIZE      DERIVATIVE 
   1  norm         5.58946e+05   6.65277e+00   0.00000e+00   3.66110e-01
   2  Q            5.65015e-01   2.00390e-07  -0.00000e+00   1.23636e+09
   3  theta       -1.67154e-03   7.97241e-05   0.00000e+00  -5.19739e+03
   4  pileup       9.98918e-04   7.93968e-08   0.00000e+00  -1.90869e+08
 EXTERNAL ERROR MATRIX.    NDIM=  25    NPAR=  4    ERR DEF=1
  4.426e+01 -3.012e-07  3.746e-05 -9.011e-08 
 -3.012e-07  4.016e-14 -5.278e-12  7.540e-16 
  3.746e-05 -5.278e-12  6.356e-09 -5.232e-14 
 -9.011e-08  7.540e-16 -5.232e-14  6.304e-15 
ERR MATRIX NOT POS-DEF
 PARAMETER  CORRELATION COEFFICIENTS  
       NO.  GLOBAL      1      2      3      4
        1  0.27689   1.000 -0.226  0.071 -0.171
        2  0.38794  -0.226  1.000 -0.330  0.047
        3  0.33047   0.071 -0.330  1.000 -0.008
        4  0.17099  -0.171  0.047 -0.008  1.000
 ERR MATRIX NOT POS-DEF
 **********
 **    2 **MIGRAD 
 **********
 START MIGRAD MINIMIZATION.  STRATEGY  1.  CONVERGENCE WHEN EDM .LT. 1.00e-04
 FCN=-2.37862e+11 FROM MIGRAD    STATUS=INITIATE       14 CALLS         112 TOTAL
                     EDM=99.5718    STRATEGY= 1      ERR MATRIX NOT POS-DEF
  EXT PARAMETER                APPROXIMATE        STEP         FIRST   
  NO.   NAME      VALUE            ERROR          SIZE      DERIVATIVE 
   1  norm         5.58946e+05   6.65277e+00   0.00000e+00   3.59997e-01
   2  Q            5.65015e-01   2.00390e-07  -0.00000e+00   1.13512e+06
   3  theta       -1.67154e-03   7.97241e-05   0.00000e+00  -5.20658e+03
   4  pileup       9.98918e-04   7.93968e-08   0.00000e+00  -1.90827e+08
 MIGRAD FAILS TO FIND IMPROVEMENT
 MACHINE ACCURACY LIMITS FURTHER IMPROVEMENT.
 MIGRAD MINIMIZATION HAS CONVERGED.
 MIGRAD WILL VERIFY CONVERGENCE AND ERROR MATRIX.
 EIGENVALUES OF SECOND-DERIVATIVE MATRIX:
        -2.7319e-04  3.8558e-01  8.5240e-01  2.7623e+00
 MINUIT WARNING IN HESSE   
 ============== MATRIX FORCED POS-DEF BY ADDING 0.003035 TO DIAGONAL.
 FCN=-2.37862e+11 FROM HESSE     STATUS=NOT POSDEF     29 CALLS         266 TOTAL
                     EDM=0.812266    STRATEGY= 1      ERR MATRIX NOT POS-DEF
  EXT PARAMETER                APPROXIMATE        STEP         FIRST   
  NO.   NAME      VALUE            ERROR          SIZE      DERIVATIVE 
   1  norm         5.58913e+05   9.74629e+01   1.72565e+03   4.30158e-03
   2  Q            5.65015e-01   3.14316e-05   9.52398e-05   2.18204e+04
   3  theta       -1.63515e-03   2.58110e-03   4.47473e-02   1.32922e+02
   4  pileup       9.99743e-04   1.03255e-07   2.09850e-05   1.55587e+07
 MINUIT WARNING IN MIGRAD  
 ============== Negative diagonal element 2 in Error Matrix
 MINUIT WARNING IN MIGRAD  
 ============== 1 added to diagonal of error matrix
 MIGRAD FAILS TO FIND IMPROVEMENT
 MIGRAD TERMINATED WITHOUT CONVERGENCE.
 FCN=-2.37862e+11 FROM MIGRAD    STATUS=FAILED        206 CALLS         304 TOTAL
                     EDM=2.31698e+07    STRATEGY= 1      ERR MATRIX NOT POS-DEF
  EXT PARAMETER                APPROXIMATE        STEP         FIRST   
  NO.   NAME      VALUE            ERROR          SIZE      DERIVATIVE 
   1  norm         5.58949e+05   7.97701e+00  -0.00000e+00  -7.24917e-02
   2  Q            5.65004e-01   1.00000e+00  -0.00000e+00   3.05382e+08
   3  theta       -2.09099e-03   1.00000e+00   0.00000e+00  -1.46835e+04
   4  pileup       9.99677e-04   1.00000e+00   0.00000e+00  -2.86315e+07
 EXTERNAL ERROR MATRIX.    NDIM=  25    NPAR=  4    ERR DEF=1
  6.363e+01  2.987e-07  3.271e-03 -3.668e-07 
  2.987e-07  1.000e+00  1.389e-10  1.428e-16 
  3.271e-03  1.389e-10  1.000e+00 -8.960e-12 
 -3.668e-07  1.428e-16 -8.960e-12  1.000e+00 
ERR MATRIX NOT POS-DEF
 PARAMETER  CORRELATION COEFFICIENTS  
       NO.  GLOBAL      1      2      3      4
        1  0.00041   1.000  0.000  0.000 -0.000
        2  0.00000   0.000  1.000  0.000  0.000
        3  0.00041   0.000  0.000  1.000 -0.000
        4  0.00000  -0.000  0.000 -0.000  1.000
 ERR MATRIX NOT POS-DEF
status of the fit-----000------4
1  558949
2  0.565004
3  -0.00209099
4  0.000999677
 PARAMETER DEFINITIONS:
    NO.   NAME         VALUE      STEP SIZE      LIMITS
     1 norm         5.58949e+05  1.00000e-01     no limits
     2 Q            5.65004e-01  1.00000e-01     no limits
     3 theta       -2.09099e-03  1.00000e-01     no limits
     4 pileup       9.99677e-04  1.00000e-01     no limits
 **********
 **    3 **MIGRAD
 **********
 FIRST CALL TO USER FUNCTION AT NEW START POINT, WITH IFLAG=4.
 START MIGRAD MINIMIZATION.  STRATEGY  1.  CONVERGENCE WHEN EDM .LT. 1.00e-04
 FCN=-2.37862e+11 FROM MIGRAD    STATUS=INITIATE       14 CALLS         319 TOTAL
                     EDM= unknown      STRATEGY= 1      NO ERROR MATRIX       
  EXT PARAMETER               CURRENT GUESS       STEP         FIRST   
  NO.   NAME      VALUE            ERROR          SIZE      DERIVATIVE 
   1  norm         5.58949e+05   1.00000e-01   1.00000e-01  -7.87764e-03
   2  Q            5.65004e-01   1.00000e-01   1.00000e-01   9.30126e+06
   3  theta       -2.09099e-03   1.00000e-01   1.00000e-01  -1.37415e+04
   4  pileup       9.99677e-04   1.00000e-01   1.00000e-01  -9.17955e+11
 MIGRAD FAILS TO FIND IMPROVEMENT
 COVARIANCE MATRIX CALCULATED SUCCESSFULLY
 FCN=-2.37862e+11 FROM HESSE     STATUS=OK             29 CALLS         359 TOTAL
                     EDM=0.0831865    STRATEGY= 1      ERROR MATRIX ACCURATE 
  EXT PARAMETER                                   STEP         FIRST   
  NO.   NAME      VALUE            ERROR          SIZE      DERIVATIVE 
   1  norm         5.58949e+05   3.81413e+01   2.66528e+00  -7.98642e-03
   2  Q            5.65004e-01   3.37000e-06   1.00000e-03  -1.78831e+04
   3  theta       -2.09099e-03   2.90853e-03   1.00000e-01   1.20235e+02
   4  pileup       9.99677e-04   9.24365e-08   1.00000e-02  -7.34877e+05
 MIGRAD FAILS TO FIND IMPROVEMENT
 MACHINE ACCURACY LIMITS FURTHER IMPROVEMENT.
 MIGRAD MINIMIZATION HAS CONVERGED.
 MIGRAD WILL VERIFY CONVERGENCE AND ERROR MATRIX.
 COVARIANCE MATRIX CALCULATED SUCCESSFULLY
 MIGRAD TERMINATED WITHOUT CONVERGENCE.
 FCN=-2.37862e+11 FROM MIGRAD    STATUS=FAILED        185 CALLS         490 TOTAL
                     EDM=0.0754483    STRATEGY= 1      ERR MATRIX APPROXIMATE
  EXT PARAMETER                APPROXIMATE        STEP         FIRST   
  NO.   NAME      VALUE            ERROR          SIZE      DERIVATIVE 
   1  norm         5.58950e+05   9.46122e+00   1.72576e+03   1.57894e-02
   2  Q            5.65004e-01   2.98617e-06   5.54956e-04   5.60084e+04
   3  theta       -2.15911e-03   1.37557e-03   4.29876e-01   1.02472e+02
   4  pileup       9.99677e-04   1.05853e-07   2.09840e-05   5.33575e+05
 EXTERNAL ERROR MATRIX.    NDIM=  25    NPAR=  4    ERR DEF=1
  8.951e+01  8.971e-06  5.199e-03 -3.863e-08 
  8.971e-06  8.917e-12  4.041e-09 -2.012e-14 
  5.199e-03  4.041e-09  1.892e-06  2.926e-12 
 -3.863e-08 -2.012e-14  2.926e-12  1.120e-14 
ERR MATRIX APPROXIMATE
 PARAMETER  CORRELATION COEFFICIENTS  
       NO.  GLOBAL      1      2      3      4
        1  0.64290   1.000  0.318  0.400 -0.039
        2  0.99119   0.318  1.000  0.984 -0.064
        3  0.99176   0.400  0.984  1.000  0.020
        4  0.55412  -0.039 -0.064  0.020  1.000
 ERR MATRIX APPROXIMATE
 **********
 **    4 **MIGRAD 
 **********
 START MIGRAD MINIMIZATION.  STRATEGY  1.  CONVERGENCE WHEN EDM .LT. 1.00e-04
 FCN=-2.37862e+11 FROM MIGRAD    STATUS=INITIATE        8 CALLS         498 TOTAL
                     EDM=2.41258    STRATEGY= 1      ERR MATRIX APPROXIMATE
  EXT PARAMETER                APPROXIMATE        STEP         FIRST   
  NO.   NAME      VALUE            ERROR          SIZE      DERIVATIVE 
   1  norm         5.58950e+05   9.46122e+00   1.72576e+03   5.55268e-03
   2  Q            5.65004e-01   2.98617e-06   5.54956e-04   5.60934e+04
   3  theta       -2.15911e-03   1.37557e-03   4.29876e-01  -2.36456e+03
   4  pileup       9.99677e-04   1.05853e-07   2.09840e-05  -3.97779e+06
 MIGRAD FAILS TO FIND IMPROVEMENT
 MACHINE ACCURACY LIMITS FURTHER IMPROVEMENT.
 MIGRAD MINIMIZATION HAS CONVERGED.
 MIGRAD WILL VERIFY CONVERGENCE AND ERROR MATRIX.
 EIGENVALUES OF SECOND-DERIVATIVE MATRIX:
        -1.8888e-04  4.1620e-01  8.5303e-01  2.7310e+00
 MINUIT WARNING IN HESSE   
 ============== MATRIX FORCED POS-DEF BY ADDING 0.002920 TO DIAGONAL.
 FCN=-2.37862e+11 FROM HESSE     STATUS=NOT POSDEF     29 CALLS         538 TOTAL
                     EDM=0.0778871    STRATEGY= 1      ERR MATRIX NOT POS-DEF
  EXT PARAMETER                APPROXIMATE        STEP         FIRST   
  NO.   NAME      VALUE            ERROR          SIZE      DERIVATIVE 
   1  norm         5.58950e+05   9.80432e+01   6.90304e+02   1.58765e-02
   2  Q            5.65004e-01   3.16020e-05   9.41867e-05   5.60176e+04
   3  theta       -2.15911e-03   2.64679e-03   4.19752e-02   1.48788e+02
   4  pileup       9.99677e-04   1.02117e-07   8.39359e-06   5.71642e+05
 EIGENVALUES OF SECOND-DERIVATIVE MATRIX:
        -1.4245e-01  2.0719e-03  1.0858e+00  3.0546e+00
 MINUIT WARNING IN MIGRAD  
 ============== MATRIX FORCED POS-DEF BY ADDING 0.145505 TO DIAGONAL.
 MIGRAD FAILS TO FIND IMPROVEMENT
 MACHINE ACCURACY LIMITS FURTHER IMPROVEMENT.
 MIGRAD MINIMIZATION HAS CONVERGED.
 MIGRAD WILL VERIFY CONVERGENCE AND ERROR MATRIX.
 EIGENVALUES OF SECOND-DERIVATIVE MATRIX:
        -1.2079e-03  3.8930e-01  8.4969e-01  2.7622e+00
 MINUIT WARNING IN HESSE   
 ============== MATRIX FORCED POS-DEF BY ADDING 0.003970 TO DIAGONAL.
 MIGRAD TERMINATED WITHOUT CONVERGENCE.
 FCN=-2.37862e+11 FROM MIGRAD    STATUS=FAILED        157 CALLS         647 TOTAL
                     EDM=0.0340319    STRATEGY= 1      ERR MATRIX NOT POS-DEF
  EXT PARAMETER                APPROXIMATE        STEP         FIRST   
  NO.   NAME      VALUE            ERROR          SIZE      DERIVATIVE 
   1  norm         5.58963e+05   9.60217e+01   1.72580e+03   3.25613e-03
   2  Q            5.65000e-01   3.18287e-05   9.41366e-05   1.67076e+04
   3  theta       -2.59822e-03   7.32846e-04   1.70042e-01   9.54561e+01
   4  pileup       9.99672e-04   1.05093e-07   2.09839e-05  -1.09884e+06
 EXTERNAL ERROR MATRIX.    NDIM=  25    NPAR=  4    ERR DEF=1
  9.220e+03 -3.043e-03 -3.375e-02 -2.115e-06 
 -3.043e-03  1.013e-09  1.221e-08  6.909e-13 
 -3.375e-02  1.221e-08  5.371e-07  3.519e-11 
 -2.115e-06  6.909e-13  3.519e-11  1.104e-14 
ERR MATRIX NOT POS-DEF
 PARAMETER  CORRELATION COEFFICIENTS  
       NO.  GLOBAL      1      2      3      4
        1  0.99716   1.000 -0.996 -0.480 -0.210
        2  0.99733  -0.996  1.000  0.524  0.207
        3  0.78287  -0.480  0.524  1.000  0.457
        4  0.54752  -0.210  0.207  0.457  1.000
 ERR MATRIX NOT POS-DEF
status of the fit-----000------4
1  558963
2  0.565
3  -0.00259822
4  0.000999672
 PARAMETER DEFINITIONS:
    NO.   NAME         VALUE      STEP SIZE      LIMITS
     1 norm         5.58963e+05  1.00000e-01     no limits
     2 Q            5.65000e-01  1.00000e-01     no limits
     3 theta       -2.59822e-03  1.00000e-01     no limits
     4 pileup       9.99672e-04  1.00000e-01     no limits
 **********
 **    5 **MIGRAD
 **********
 FIRST CALL TO USER FUNCTION AT NEW START POINT, WITH IFLAG=4.
 START MIGRAD MINIMIZATION.  STRATEGY  1.  CONVERGENCE WHEN EDM .LT. 1.00e-04
 FCN=-2.37862e+11 FROM MIGRAD    STATUS=INITIATE       14 CALLS         662 TOTAL
                     EDM= unknown      STRATEGY= 1      NO ERROR MATRIX       
  EXT PARAMETER               CURRENT GUESS       STEP         FIRST   
  NO.   NAME      VALUE            ERROR          SIZE      DERIVATIVE 
   1  norm         5.58963e+05   1.00000e-01   1.00000e-01   3.33761e-03
   2  Q            5.65000e-01   1.00000e-01   1.00000e-01   9.37261e+06
   3  theta       -2.59822e-03   1.00000e-01   1.00000e-01  -1.70828e+04
   4  pileup       9.99672e-04   1.00000e-01   1.00000e-01  -9.17955e+11
 MIGRAD FAILS TO FIND IMPROVEMENT
 COVARIANCE MATRIX CALCULATED SUCCESSFULLY
 FCN=-2.37862e+11 FROM HESSE     STATUS=OK             29 CALLS         702 TOTAL
                     EDM=0.0338565    STRATEGY= 1      ERROR MATRIX ACCURATE 
  EXT PARAMETER                                   STEP         FIRST   
  NO.   NAME      VALUE            ERROR          SIZE      DERIVATIVE 
   1  norm         5.58963e+05   3.44514e+01   2.66534e+00   3.17731e-03
   2  Q            5.65000e-01   2.98492e-06   1.00000e-03   1.66993e+04
   3  theta       -2.59822e-03   2.55964e-03   1.00000e-01   1.47446e+02
   4  pileup       9.99672e-04   9.24365e-08   1.00000e-02  -1.64635e+06
 MIGRAD FAILS TO FIND IMPROVEMENT
 MACHINE ACCURACY LIMITS FURTHER IMPROVEMENT.
 MIGRAD MINIMIZATION HAS CONVERGED.
 MIGRAD WILL VERIFY CONVERGENCE AND ERROR MATRIX.
 EIGENVALUES OF SECOND-DERIVATIVE MATRIX:
        -1.7633e-04  4.4154e-01  8.5354e-01  2.7051e+00
 MINUIT WARNING IN HESSE   
 ============== MATRIX FORCED POS-DEF BY ADDING 0.002881 TO DIAGONAL.
 MIGRAD TERMINATED WITHOUT CONVERGENCE.
 FCN=-2.37862e+11 FROM MIGRAD    STATUS=FAILED        139 CALLS         787 TOTAL
                     EDM=0.236528    STRATEGY= 1      ERR MATRIX NOT POS-DEF
  EXT PARAMETER                APPROXIMATE        STEP         FIRST   
  NO.   NAME      VALUE            ERROR          SIZE      DERIVATIVE 
   1  norm         5.58964e+05   9.85166e+01   5.33069e+02   2.43322e-02
   2  Q            5.65000e-01   3.17487e-05   9.41367e-05   8.20428e+04
   3  theta       -2.68747e-03   2.51306e-03   4.28850e-02   1.85589e+02
   4  pileup       9.99680e-04   1.01159e-07   2.09840e-05   1.19571e+06
 EXTERNAL ERROR MATRIX.    NDIM=  25    NPAR=  4    ERR DEF=1
  9.706e+03 -3.115e-03 -3.446e-03  3.886e-08 
 -3.115e-03  1.008e-09  4.624e-09 -3.704e-14 
 -3.446e-03  4.624e-09  6.315e-06  9.678e-11 
  3.886e-08 -3.704e-14  9.678e-11  1.023e-14 
ERR MATRIX NOT POS-DEF
 PARAMETER  CORRELATION COEFFICIENTS  
       NO.  GLOBAL      1      2      3      4
        1  0.99730   1.000 -0.996 -0.014  0.004
        2  0.99731  -0.996  1.000  0.058 -0.012
        3  0.65028  -0.014  0.058  1.000  0.381
        4  0.49338   0.004 -0.012  0.381  1.000
 ERR MATRIX NOT POS-DEF
 **********
 **    6 **MIGRAD 
 **********
 START MIGRAD MINIMIZATION.  STRATEGY  1.  CONVERGENCE WHEN EDM .LT. 1.00e-04
 FCN=-2.37862e+11 FROM MIGRAD    STATUS=INITIATE        8 CALLS         795 TOTAL
                     EDM=0.246215    STRATEGY= 1      ERR MATRIX NOT POS-DEF
  EXT PARAMETER                APPROXIMATE        STEP         FIRST   
  NO.   NAME      VALUE            ERROR          SIZE      DERIVATIVE 
   1  norm         5.58964e+05   9.85166e+01   5.33069e+02   2.33548e-02
   2  Q            5.65000e-01   3.17487e-05   9.41367e-05   8.23646e+04
   3  theta       -2.68747e-03   2.51306e-03   4.28850e-02  -3.32338e+02
   4  pileup       9.99680e-04   1.01159e-07   2.09840e-05  -3.31550e+06
 MIGRAD FAILS TO FIND IMPROVEMENT
 MACHINE ACCURACY LIMITS FURTHER IMPROVEMENT.
 MIGRAD MINIMIZATION HAS CONVERGED.
 MIGRAD WILL VERIFY CONVERGENCE AND ERROR MATRIX.
 EIGENVALUES OF SECOND-DERIVATIVE MATRIX:
        -3.4195e-04  2.6198e-01  8.5036e-01  2.8880e+00
 MINUIT WARNING IN HESSE   
 ============== MATRIX FORCED POS-DEF BY ADDING 0.003230 TO DIAGONAL.
 FCN=-2.37862e+11 FROM HESSE     STATUS=NOT POSDEF     27 CALLS         832 TOTAL
                     EDM=1.67533    STRATEGY= 1      ERR MATRIX NOT POS-DEF
  EXT PARAMETER                APPROXIMATE        STEP         FIRST   
  NO.   NAME      VALUE            ERROR          SIZE      DERIVATIVE 
   1  norm         5.58964e+05   9.55634e+01   2.13227e+02   2.43025e-02
   2  Q            5.65000e-01   3.06825e-05   1.88273e-04   8.20545e+04
   3  theta       -2.68747e-03   1.23133e-02   1.71540e-02   1.89845e+02
   4  pileup       9.99680e-04   1.10993e-07   8.39360e-06   1.23350e+06
 MIGRAD FAILS TO FIND IMPROVEMENT
 MIGRAD TERMINATED WITHOUT CONVERGENCE.
 FCN=-2.37862e+11 FROM MIGRAD    STATUS=FAILED         80 CALLS         867 TOTAL
                     EDM=2.88121e+08    STRATEGY= 1      ERR MATRIX NOT POS-DEF
  EXT PARAMETER                APPROXIMATE        STEP         FIRST   
  NO.   NAME      VALUE            ERROR          SIZE      DERIVATIVE 
   1  norm         5.59001e+05   7.12209e+00  -0.00000e+00  -1.89610e-01
   2  Q            5.64987e-01   1.84037e-07   0.00000e+00  -1.09273e+09
   3  theta       -6.82953e-03   5.45029e-03   0.00000e+00  -2.10875e+04
   4  pileup       9.99675e-04   8.71001e-08   0.00000e+00  -3.64017e+07
 EXTERNAL ERROR MATRIX.    NDIM=  25    NPAR=  4    ERR DEF=1
  5.072e+01 -1.269e-07  3.132e-03 -3.475e-07 
 -1.269e-07  3.387e-14 -5.706e-10  3.017e-16 
  3.132e-03 -5.706e-10  2.971e-05 -2.499e-11 
 -3.475e-07  3.017e-16 -2.499e-11  7.586e-15 
ERR MATRIX NOT POS-DEF
 PARAMETER  CORRELATION COEFFICIENTS  
       NO.  GLOBAL      1      2      3      4
        1  0.56680   1.000 -0.097  0.081 -0.560
        2  0.57315  -0.097  1.000 -0.569  0.019
        3  0.57041   0.081 -0.569  1.000 -0.053
        4  0.56231  -0.560  0.019 -0.053  1.000
 ERR MATRIX NOT POS-DEF
status of the fit-----000------4
1  559001
2  0.564987
3  -0.00682953
4  0.000999675
 **********
 **   19 **SET PRINT           2
 **********
 **********
 **   20 **SET NOGRAD
 **********
 PARAMETER DEFINITIONS:
    NO.   NAME         VALUE      STEP SIZE      LIMITS
     1 p0           5.58000e+05  1.67400e+05     no limits
     2 p1           5.65000e-01  1.69500e-01     no limits
     3 p2           0.00000e+00  3.00000e-01     no limits
     4 p3           9.99871e-04  2.99961e-04     no limits
 **********
 **   21 **SET ERR         0.5
 **********
 **********
 **   22 **SET PRINT           2
 **********
 **********
 **   23 **SET STR           1
 **********
 NOW USING STRATEGY  1: TRY TO BALANCE SPEED AGAINST RELIABILITY
 **********
 **   24 **MIGRAD        1480        0.01
 **********
 FIRST CALL TO USER FUNCTION AT NEW START POINT, WITH IFLAG=4.
 START MIGRAD MINIMIZATION.  STRATEGY  1.  CONVERGENCE WHEN EDM .LT. 1.00e-05
 FCN=17488.4 FROM MIGRAD    STATUS=INITIATE       18 CALLS          19 TOTAL
                     EDM= unknown      STRATEGY= 1      NO ERROR MATRIX       
  EXT PARAMETER               CURRENT GUESS       STEP         FIRST   
  NO.   NAME      VALUE            ERROR          SIZE      DERIVATIVE 
   1  p0           5.58000e+05   1.67400e+05   1.67400e+05  -3.64467e+01
   2  p1           5.65000e-01   1.69500e-01   1.69500e-01  -1.13135e+08
   3  p2           0.00000e+00   3.00000e-01   3.00000e-01   0.00000e+00
   4  p3           9.99871e-04   2.99961e-04   2.99961e-04  -9.99360e+08
                               ERR DEF= 0.5
NO ERROR MATRIX       
 FCN=499.774 FROM MIGRAD    STATUS=PROGRESS       34 CALLS          35 TOTAL
                     EDM=1351.18    STRATEGY= 1      NO ERROR MATRIX       
  EXT PARAMETER               CURRENT GUESS       STEP         FIRST   
  NO.   NAME      VALUE            ERROR          SIZE      DERIVATIVE 
   1  p0           5.58441e+05   1.67400e+05   4.41374e+02  -8.27229e-01
   2  p1           5.65142e-01   1.69500e-01   1.42330e-04  -2.53941e+06
   3  p2           0.00000e+00   3.00000e-01  -0.00000e+00   0.00000e+00
   4  p3           1.00167e-03   2.99961e-04   1.79429e-06   4.06159e+08
                               ERR DEF= 0.5
 MIGRAD FAILS TO FIND IMPROVEMENT
 MIGRAD MINIMIZATION HAS CONVERGED.
 MIGRAD WILL VERIFY CONVERGENCE AND ERROR MATRIX.
   START COVARIANCE MATRIX CALCULATION.
 EIGENVALUES OF SECOND-DERIVATIVE MATRIX:
         6.1500e-04  8.1338e-01  1.0024e+00  2.1836e+00
 COVARIANCE MATRIX CALCULATED SUCCESSFULLY
 FCN=84.9772 FROM MIGRAD    STATUS=CONVERGED     166 CALLS         167 TOTAL
                     EDM=1.7398e-06    STRATEGY= 1      ERROR MATRIX ACCURATE 
  EXT PARAMETER                                   STEP         FIRST   
  NO.   NAME      VALUE            ERROR          SIZE      DERIVATIVE 
   1  p0           5.59623e+05   1.46134e+02   2.66849e-01  -7.21189e-05
   2  p1           5.64786e-01   4.70143e-05   2.69311e-07  -2.45495e+02
   3  p2           0.00000e+00   6.16972e-03   4.18517e-05   0.00000e+00
   4  p3           9.99800e-04   6.51791e-08   4.76742e-10   8.14849e+03
                               ERR DEF= 0.5
 EXTERNAL ERROR MATRIX.    NDIM=  25    NPAR=  4    ERR DEF=0.5
  2.136e+04 -6.866e-03 -6.715e-02  1.210e-06 
 -6.866e-03  2.210e-09  2.153e-08 -4.264e-13 
 -6.715e-02  2.153e-08  3.807e-05  6.024e-12 
  1.210e-06 -4.264e-13  6.024e-12  4.248e-15 
 PARAMETER  CORRELATION COEFFICIENTS  
       NO.  GLOBAL      1      2      3      4
        1  0.99938   1.000 -0.999 -0.074  0.127
        2  0.99939  -0.999  1.000  0.074 -0.139
        3  0.07850  -0.074  0.074  1.000  0.015
        4  0.35399   0.127 -0.139  0.015  1.000
 EXTERNAL ERROR MATRIX.    NDIM=   4    NPAR=  4    ERR DEF=0.5
  2.136e+04 -6.866e-03 -6.715e-02  1.210e-06 
 -6.866e-03  2.210e-09  2.153e-08 -4.264e-13 
 -6.715e-02  2.153e-08  3.807e-05  6.024e-12 
  1.210e-06 -4.264e-13  6.024e-12  4.248e-15 
 FCN=84.9772 FROM MIGRAD    STATUS=CONVERGED     166 CALLS         167 TOTAL
                     EDM=1.7398e-06    STRATEGY= 1      ERROR MATRIX ACCURATE 
  EXT PARAMETER                  PARABOLIC         MINOS ERRORS        
  NO.   NAME      VALUE            ERROR      NEGATIVE      POSITIVE   
   1  p0           5.59623e+05   1.46134e+02                            
   2  p1           5.64786e-01   4.70143e-05                            
   3  p2           0.00000e+00   6.16972e-03                            
   4  p3           9.99800e-04   6.51791e-08                            
                               ERR DEF= 0.5
------------------------------------------
Enering ROOFIt-------
 PARAMETER DEFINITIONS:
    NO.   NAME         VALUE      STEP SIZE      LIMITS
     1 norm         5.59623e+05  1.00000e-01     no limits
     2 Q            5.65000e-01  1.00000e-01     no limits
     3 theta        0.00000e+00  1.00000e-01     no limits
     4 pileup       9.99800e-04  1.00000e-01     no limits
 **********
 **    1 **MIGRAD
 **********
 FIRST CALL TO USER FUNCTION AT NEW START POINT, WITH IFLAG=4.
 START MIGRAD MINIMIZATION.  STRATEGY  1.  CONVERGENCE WHEN EDM .LT. 1.00e-04
 FCN=-2.37862e+11 FROM MIGRAD    STATUS=INITIATE       14 CALLS          15 TOTAL
                     EDM= unknown      STRATEGY= 1      NO ERROR MATRIX       
  EXT PARAMETER               CURRENT GUESS       STEP         FIRST   
  NO.   NAME      VALUE            ERROR          SIZE      DERIVATIVE 
   1  norm         5.59623e+05   1.00000e-01   1.00000e-01   2.53028e+01
   2  Q            5.65000e-01   1.00000e-01   1.00000e-01   3.93600e+08
   3  theta        0.00000e+00   1.00000e-01   1.00000e-01   0.00000e+00
   4  pileup       9.99800e-04   1.00000e-01   1.00000e-01  -9.17148e+11
 MIGRAD FAILS TO FIND IMPROVEMENT
 EIGENVALUES OF SECOND-DERIVATIVE MATRIX:
        -1.6483e+00  1.3662e-01  9.1616e-01  4.5955e+00
 MINUIT WARNING IN HESSE   
 ============== MATRIX FORCED POS-DEF BY ADDING 1.652882 TO DIAGONAL.
 FCN=-2.37862e+11 FROM HESSE     STATUS=NOT POSDEF     27 CALLS          53 TOTAL
                     EDM=331025    STRATEGY= 1      ERR MATRIX NOT POS-DEF
  EXT PARAMETER                APPROXIMATE        STEP         FIRST   
  NO.   NAME      VALUE            ERROR          SIZE      DERIVATIVE 
   1  norm         5.59623e+05   3.04404e+01   2.66849e+00   2.53027e+01
   2  Q            5.65000e-01   3.76511e-06   1.00000e-03   7.87768e+07
   3  theta        0.00000e+00   2.43178e-02   1.00000e-01   0.00000e+00
   4  pileup       9.99800e-04   1.35958e-07   1.00000e-02   7.09348e+08
 MINUIT WARNING IN MIGRAD  
 ============== Negative diagonal element 1 in Error Matrix
 MINUIT WARNING IN MIGRAD  
 ============== Negative diagonal element 2 in Error Matrix
 MINUIT WARNING IN MIGRAD  
 ============== Negative diagonal element 3 in Error Matrix
 MINUIT WARNING IN MIGRAD  
 ============== 2.75127 added to diagonal of error matrix
 MIGRAD FAILS TO FIND IMPROVEMENT
 MACHINE ACCURACY LIMITS FURTHER IMPROVEMENT.
 MIGRAD MINIMIZATION HAS CONVERGED.
 MIGRAD WILL VERIFY CONVERGENCE AND ERROR MATRIX.
 COVARIANCE MATRIX CALCULATED SUCCESSFULLY
 MIGRAD TERMINATED WITHOUT CONVERGENCE.
 FCN=-2.37862e+11 FROM MIGRAD    STATUS=FAILED        325 CALLS         326 TOTAL
                     EDM=8.48939    STRATEGY= 1      ERR MATRIX APPROXIMATE
  EXT PARAMETER                APPROXIMATE        STEP         FIRST   
  NO.   NAME      VALUE            ERROR          SIZE      DERIVATIVE 
   1  norm         5.58999e+05   9.27295e+00   1.72589e+03  -9.35373e-02
   2  Q            5.64984e-01   6.08461e-07   5.54945e-04  -2.86899e+05
   3  theta       -1.23652e-03   9.76370e-04   1.47219e-01  -7.00447e+02
   4  pileup       9.99968e-04   1.04027e-07   2.09875e-05   3.82170e+07
 EXTERNAL ERROR MATRIX.    NDIM=  25    NPAR=  4    ERR DEF=1
  8.599e+01  1.075e-06  4.691e-03 -4.717e-08 
  1.075e-06  3.702e-13  3.939e-10 -6.123e-15 
  4.691e-03  3.939e-10  9.533e-07  2.576e-11 
 -4.717e-08 -6.123e-15  2.576e-11  1.082e-14 
ERR MATRIX APPROXIMATE
 PARAMETER  CORRELATION COEFFICIENTS  
       NO.  GLOBAL      1      2      3      4
        1  0.62380   1.000  0.191  0.518 -0.049
        2  0.75797   0.191  1.000  0.663 -0.097
        3  0.84212   0.518  0.663  1.000  0.254
        4  0.53125  -0.049 -0.097  0.254  1.000
 ERR MATRIX APPROXIMATE
 **********
 **    2 **MIGRAD 
 **********
 START MIGRAD MINIMIZATION.  STRATEGY  1.  CONVERGENCE WHEN EDM .LT. 1.00e-04
 FCN=-2.37862e+11 FROM MIGRAD    STATUS=INITIATE        8 CALLS         334 TOTAL
                     EDM=41.6658    STRATEGY= 1      ERR MATRIX APPROXIMATE
  EXT PARAMETER                APPROXIMATE        STEP         FIRST   
  NO.   NAME      VALUE            ERROR          SIZE      DERIVATIVE 
   1  norm         5.58999e+05   9.27295e+00   1.72589e+03  -1.03772e-01
   2  Q            5.64984e-01   6.08461e-07   5.54945e-04  -2.86812e+05
   3  theta       -1.23652e-03   9.76370e-04   1.47219e-01  -1.29494e+04
   4  pileup       9.99968e-04   1.04027e-07   2.09875e-05   3.37077e+07
 MINUIT WARNING IN MIGRAD  
 ============== Negative diagonal element 2 in Error Matrix
 MINUIT WARNING IN MIGRAD  
 ============== 1 added to diagonal of error matrix
 MIGRAD FAILS TO FIND IMPROVEMENT
 COVARIANCE MATRIX CALCULATED SUCCESSFULLY
 FCN=-2.37862e+11 FROM HESSE     STATUS=OK             31 CALLS         393 TOTAL
                     EDM=4.33737    STRATEGY= 1      ERROR MATRIX ACCURATE 
  EXT PARAMETER                                   STEP         FIRST   
  NO.   NAME      VALUE            ERROR          SIZE      DERIVATIVE 
   1  norm         5.59002e+05   9.33441e+00   1.72594e+03   1.52684e-02
   2  Q            5.64984e-01   6.23542e-07   5.54944e-04   5.15042e+04
   3  theta       -8.49417e-04   9.98432e-04   1.47363e-01  -4.71383e+02
   4  pileup       9.99967e-04   1.04191e-07   2.09895e-05   4.10598e+07
 MINUIT WARNING IN MIGRAD  
 ============== Negative diagonal element 2 in Error Matrix
 MINUIT WARNING IN MIGRAD  
 ============== 1 added to diagonal of error matrix
 MIGRAD FAILS TO FIND IMPROVEMENT
 MIGRAD TERMINATED WITHOUT CONVERGENCE.
 FCN=-2.37862e+11 FROM MIGRAD    STATUS=FAILED        103 CALLS         429 TOTAL
                     EDM=140702    STRATEGY= 1  ERROR MATRIX UNCERTAINTY   4.3 per cent
  EXT PARAMETER                APPROXIMATE        STEP         FIRST   
  NO.   NAME      VALUE            ERROR          SIZE      DERIVATIVE 
   1  norm         5.59004e+05   8.12964e+00   0.00000e+00  -1.35038e-01
   2  Q            5.64985e-01   1.00000e+00   0.00000e+00  -1.27606e+09
   3  theta       -9.75801e-04   1.00000e+00   0.00000e+00  -1.40942e+04
   4  pileup       9.99773e-04   1.00000e+00   0.00000e+00  -3.38384e+07
 EXTERNAL ERROR MATRIX.    NDIM=  25    NPAR=  4    ERR DEF=1
  6.609e+01  4.490e-09  5.634e-04 -3.775e-07 
  4.490e-09  1.000e+00 -2.181e-13 -1.585e-16 
  5.634e-04 -2.181e-13  1.000e+00 -8.439e-12 
 -3.775e-07 -1.585e-16 -8.439e-12  1.000e+00 
ERR MATRIX APPROXIMATE
 PARAMETER  CORRELATION COEFFICIENTS  
       NO.  GLOBAL      1      2      3      4
        1  0.00007   1.000  0.000  0.000 -0.000
        2  0.00000   0.000  1.000 -0.000 -0.000
        3  0.00007   0.000 -0.000  1.000 -0.000
        4  0.00000  -0.000 -0.000 -0.000  1.000
 ERR MATRIX APPROXIMATE
status of the fit-----000------4
1  559004
2  0.564985
3  -0.000975801
4  0.000999773
 PARAMETER DEFINITIONS:
    NO.   NAME         VALUE      STEP SIZE      LIMITS
     1 norm         5.59004e+05  1.00000e-01     no limits
     2 Q            5.64985e-01  1.00000e-01     no limits
     3 theta       -9.75801e-04  1.00000e-01     no limits
     4 pileup       9.99773e-04  1.00000e-01     no limits
 **********
 **    3 **MIGRAD
 **********
 FIRST CALL TO USER FUNCTION AT NEW START POINT, WITH IFLAG=4.
 START MIGRAD MINIMIZATION.  STRATEGY  1.  CONVERGENCE WHEN EDM .LT. 1.00e-04
 FCN=-2.37862e+11 FROM MIGRAD    STATUS=INITIATE       14 CALLS         444 TOTAL
                     EDM= unknown      STRATEGY= 1      NO ERROR MATRIX       
  EXT PARAMETER               CURRENT GUESS       STEP         FIRST   
  NO.   NAME      VALUE            ERROR          SIZE      DERIVATIVE 
   1  norm         5.59004e+05   1.00000e-01   1.00000e-01  -7.04224e-02
   2  Q            5.64985e-01   1.00000e-01   1.00000e-01   4.69680e+06
   3  theta       -9.75801e-04   1.00000e-01   1.00000e-01  -6.51456e+03
   4  pileup       9.99773e-04   1.00000e-01   1.00000e-01  -9.18048e+11
 MIGRAD FAILS TO FIND IMPROVEMENT
 COVARIANCE MATRIX CALCULATED SUCCESSFULLY
 FCN=-2.37862e+11 FROM HESSE     STATUS=OK             29 CALLS         484 TOTAL
                     EDM=1.16442    STRATEGY= 1      ERROR MATRIX ACCURATE 
  EXT PARAMETER                                   STEP         FIRST   
  NO.   NAME      VALUE            ERROR          SIZE      DERIVATIVE 
   1  norm         5.59004e+05   4.26655e+01   2.66554e+00  -7.03251e-02
   2  Q            5.64985e-01   3.83814e-06   1.00000e-03  -2.18046e+05
   3  theta       -9.75801e-04   3.28508e-03   1.00000e-01  -3.56750e+01
   4  pileup       9.99773e-04   9.24335e-08   1.00000e-02  -5.94463e+06
 MIGRAD FAILS TO FIND IMPROVEMENT
 MIGRAD TERMINATED WITHOUT CONVERGENCE.
 FCN=-2.37862e+11 FROM MIGRAD    STATUS=FAILED         97 CALLS         527 TOTAL
                     EDM=4.95538e+06    STRATEGY= 1  ERROR MATRIX UNCERTAINTY 100.0 per cent
  EXT PARAMETER                APPROXIMATE        STEP         FIRST   
  NO.   NAME      VALUE            ERROR          SIZE      DERIVATIVE 
   1  norm         5.59007e+05   9.74158e+00   0.00000e+00   1.48378e-02
   2  Q            5.64984e-01   8.89807e-08   0.00000e+00  -1.27522e+09
   3  theta       -1.15798e-03   8.50168e-04   0.00000e+00  -1.34402e+05
   4  pileup       9.99776e-04   3.56434e-08   0.00000e+00  -3.08019e+07
 EXTERNAL ERROR MATRIX.    NDIM=  25    NPAR=  4    ERR DEF=1
  9.490e+01 -6.120e-07  5.864e-03 -2.944e-08 
 -6.120e-07  7.918e-15 -7.542e-11  1.639e-15 
  5.864e-03 -7.542e-11  7.228e-07 -1.570e-11 
 -2.944e-08  1.639e-15 -1.570e-11  1.270e-15 
ERR MATRIX APPROXIMATE
 PARAMETER  CORRELATION COEFFICIENTS  
       NO.  GLOBAL      1      2      3      4
        1  0.78108   1.000 -0.706  0.708 -0.085
        2  0.99701  -0.706  1.000 -0.997  0.517
        3  0.99705   0.708 -0.997  1.000 -0.518
        4  0.65429  -0.085  0.517 -0.518  1.000
 ERR MATRIX APPROXIMATE
 **********
 **    4 **MIGRAD 
 **********
 START MIGRAD MINIMIZATION.  STRATEGY  1.  CONVERGENCE WHEN EDM .LT. 1.00e-04
 FCN=-2.37862e+11 FROM MIGRAD    STATUS=INITIATE       16 CALLS         543 TOTAL
                     EDM=1.55344    STRATEGY= 1  ERROR MATRIX UNCERTAINTY 100.0 per cent
  EXT PARAMETER                APPROXIMATE        STEP         FIRST   
  NO.   NAME      VALUE            ERROR          SIZE      DERIVATIVE 
   1  norm         5.59007e+05   9.74158e+00   0.00000e+00   8.73442e-03
   2  Q            5.64984e-01   8.89807e-08   0.00000e+00   4.74045e+04
   3  theta       -1.15798e-03   8.50168e-04   0.00000e+00  -1.52202e+03
   4  pileup       9.99776e-04   3.56434e-08   0.00000e+00  -3.08022e+07
 MIGRAD FAILS TO FIND IMPROVEMENT
 MACHINE ACCURACY LIMITS FURTHER IMPROVEMENT.
 MIGRAD MINIMIZATION HAS CONVERGED.
 MIGRAD WILL VERIFY CONVERGENCE AND ERROR MATRIX.
 COVARIANCE MATRIX CALCULATED SUCCESSFULLY
 FCN=-2.37862e+11 FROM HESSE     STATUS=OK             31 CALLS         611 TOTAL
                     EDM=0.0214712    STRATEGY= 1      ERROR MATRIX ACCURATE 
  EXT PARAMETER                                   STEP         FIRST   
  NO.   NAME      VALUE            ERROR          SIZE      DERIVATIVE 
   1  norm         5.59007e+05   9.12037e+00   1.72595e+03   1.50106e-02
   2  Q            5.64984e-01   6.04132e-07   5.54939e-04   4.79892e+04
   3  theta       -1.15756e-03   3.35295e-04   4.16918e-01  -4.69403e+01
   4  pileup       9.99776e-04   1.05914e-07   2.09852e-05  -2.35702e+06
 MINUIT WARNING IN MIGRAD  
 ============== Negative diagonal element 4 in Error Matrix
 MINUIT WARNING IN MIGRAD  
 ============== 1 added to diagonal of error matrix
 MIGRAD FAILS TO FIND IMPROVEMENT
 MACHINE ACCURACY LIMITS FURTHER IMPROVEMENT.
 MIGRAD MINIMIZATION HAS CONVERGED.
 MIGRAD WILL VERIFY CONVERGENCE AND ERROR MATRIX.
 EIGENVALUES OF SECOND-DERIVATIVE MATRIX:
        -1.9137e-04  4.3050e-01  8.5339e-01  2.7163e+00
 MINUIT WARNING IN HESSE   
 ============== MATRIX FORCED POS-DEF BY ADDING 0.002908 TO DIAGONAL.
 MIGRAD TERMINATED WITHOUT CONVERGENCE.
 FCN=-2.37862e+11 FROM MIGRAD    STATUS=FAILED        134 CALLS         661 TOTAL
                     EDM=0.0014514    STRATEGY= 1      ERR MATRIX NOT POS-DEF
  EXT PARAMETER                APPROXIMATE        STEP         FIRST   
  NO.   NAME      VALUE            ERROR          SIZE      DERIVATIVE 
   1  norm         5.59007e+05   9.83099e+01   6.90379e+02   4.63701e-03
   2  Q            5.64984e-01   3.16872e-05   9.50867e-05   1.56268e+04
   3  theta       -1.15657e-03   2.35334e-03   4.32891e-02  -1.90959e+01
   4  pileup       9.99789e-04   1.01607e-07   8.39407e-06   1.78099e+05
 EXTERNAL ERROR MATRIX.    NDIM=  25    NPAR=  4    ERR DEF=1
  9.665e+03 -3.102e-03 -4.066e-03  3.381e-08 
 -3.102e-03  1.004e-09  4.673e-09 -3.280e-14 
 -4.066e-03  4.673e-09  5.538e-06  9.320e-11 
  3.381e-08 -3.280e-14  9.320e-11  1.032e-14 
ERR MATRIX NOT POS-DEF
 PARAMETER  CORRELATION COEFFICIENTS  
       NO.  GLOBAL      1      2      3      4
        1  0.99729   1.000 -0.996 -0.018  0.003
        2  0.99730  -0.996  1.000  0.063 -0.010
        3  0.65950  -0.018  0.063  1.000  0.390
        4  0.49990   0.003 -0.010  0.390  1.000
 ERR MATRIX NOT POS-DEF
status of the fit-----000------4
1  559007
2  0.564984
3  -0.00115657
4  0.000999789
 PARAMETER DEFINITIONS:
    NO.   NAME         VALUE      STEP SIZE      LIMITS
     1 norm         5.59007e+05  1.00000e-01     no limits
     2 Q            5.64984e-01  1.00000e-01     no limits
     3 theta       -1.15657e-03  1.00000e-01     no limits
     4 pileup       9.99789e-04  1.00000e-01     no limits
 **********
 **    5 **MIGRAD
 **********
 FIRST CALL TO USER FUNCTION AT NEW START POINT, WITH IFLAG=4.
 START MIGRAD MINIMIZATION.  STRATEGY  1.  CONVERGENCE WHEN EDM .LT. 1.00e-04
 FCN=-2.37862e+11 FROM MIGRAD    STATUS=INITIATE       14 CALLS         676 TOTAL
                     EDM= unknown      STRATEGY= 1      NO ERROR MATRIX       
  EXT PARAMETER               CURRENT GUESS       STEP         FIRST   
  NO.   NAME      VALUE            ERROR          SIZE      DERIVATIVE 
   1  norm         5.59007e+05   1.00000e-01   1.00000e-01   4.64252e-03
   2  Q            5.64984e-01   1.00000e-01   1.00000e-01   5.98849e+06
   3  theta       -1.15657e-03   1.00000e-01   1.00000e-01  -7.70840e+03
   4  pileup       9.99789e-04   1.00000e-01   1.00000e-01  -9.18045e+11
 MIGRAD FAILS TO FIND IMPROVEMENT
 COVARIANCE MATRIX CALCULATED SUCCESSFULLY
 FCN=-2.37862e+11 FROM HESSE     STATUS=OK             29 CALLS         716 TOTAL
                     EDM=0.0134392    STRATEGY= 1      ERROR MATRIX ACCURATE 
  EXT PARAMETER                                   STEP         FIRST   
  NO.   NAME      VALUE            ERROR          SIZE      DERIVATIVE 
   1  norm         5.59007e+05   4.25631e+01   2.66555e+00   4.69404e-03
   2  Q            5.64984e-01   3.80859e-06   1.00000e-03   1.56244e+04
   3  theta       -1.15657e-03   3.24753e-03   1.00000e-01  -2.91367e+01
   4  pileup       9.99789e-04   9.24335e-08   1.00000e-02  -4.07245e+05
 EIGENVALUES OF SECOND-DERIVATIVE MATRIX:
        -5.3578e-03  1.8763e-02  3.5799e-01  3.6286e+00
 MINUIT WARNING IN MIGRAD  
 ============== MATRIX FORCED POS-DEF BY ADDING 0.008986 TO DIAGONAL.
 MIGRAD FAILS TO FIND IMPROVEMENT
 MACHINE ACCURACY LIMITS FURTHER IMPROVEMENT.
 MIGRAD MINIMIZATION HAS CONVERGED.
 MIGRAD WILL VERIFY CONVERGENCE AND ERROR MATRIX.
 COVARIANCE MATRIX CALCULATED SUCCESSFULLY
 MIGRAD TERMINATED WITHOUT CONVERGENCE.
 FCN=-2.37862e+11 FROM MIGRAD    STATUS=FAILED        100 CALLS         762 TOTAL
                     EDM=0.224833    STRATEGY= 1      ERR MATRIX APPROXIMATE
  EXT PARAMETER                APPROXIMATE        STEP         FIRST   
  NO.   NAME      VALUE            ERROR          SIZE      DERIVATIVE 
   1  norm         5.59006e+05   1.73190e+03   5.33110e+00  -3.03395e-03
   2  Q            5.64984e-01   5.58156e-04   1.02990e-04  -8.20126e+03
   3  theta       -1.13565e-03   3.01795e-03   4.00000e-02  -1.94550e+01
   4  pileup       9.99789e-04   1.01802e-07   2.14099e-05  -1.18501e+06
 EXTERNAL ERROR MATRIX.    NDIM=  25    NPAR=  4    ERR DEF=1
  2.999e+06 -9.667e-01 -2.844e+00  1.222e-05 
 -9.667e-01  3.115e-07  9.200e-07 -3.962e-12 
 -2.844e+00  9.200e-07  9.108e-06  8.752e-11 
  1.222e-05 -3.962e-12  8.752e-11  1.036e-14 
ERR MATRIX APPROXIMATE
 PARAMETER  CORRELATION COEFFICIENTS  
       NO.  GLOBAL      1      2      3      4
        1  0.99999   1.000 -1.000 -0.544  0.069
        2  0.99999  -1.000  1.000  0.546 -0.070
        3  0.77377  -0.544  0.546  1.000  0.285
        4  0.50070   0.069 -0.070  0.285  1.000
 ERR MATRIX APPROXIMATE
 **********
 **    6 **MIGRAD 
 **********
 START MIGRAD MINIMIZATION.  STRATEGY  1.  CONVERGENCE WHEN EDM .LT. 1.00e-04
 FCN=-2.37862e+11 FROM MIGRAD    STATUS=INITIATE        8 CALLS         770 TOTAL
                     EDM=2.58795    STRATEGY= 1      ERR MATRIX APPROXIMATE
  EXT PARAMETER                APPROXIMATE        STEP         FIRST   
  NO.   NAME      VALUE            ERROR          SIZE      DERIVATIVE 
   1  norm         5.59006e+05   1.73190e+03   5.33110e+00  -3.01535e-03
   2  Q            5.64984e-01   5.58156e-04   1.02990e-04  -7.81346e+03
   3  theta       -1.13565e-03   3.01795e-03   4.00000e-02  -2.10117e+02
   4  pileup       9.99789e-04   1.01802e-07   2.14099e-05  -2.84809e+07
 MIGRAD FAILS TO FIND IMPROVEMENT
 COVARIANCE MATRIX CALCULATED SUCCESSFULLY
 FCN=-2.37862e+11 FROM HESSE     STATUS=OK             31 CALLS         829 TOTAL
                     EDM=0.00365981    STRATEGY= 1      ERROR MATRIX ACCURATE 
  EXT PARAMETER                                   STEP         FIRST   
  NO.   NAME      VALUE            ERROR          SIZE      DERIVATIVE 
   1  norm         5.59028e+05   9.17335e+00   1.06622e+02   1.51698e-03
   2  Q            5.64978e-01   5.14206e-07   5.54932e-04   5.71765e+03
   3  theta       -1.08371e-03   7.74734e-04   1.60000e-01  -4.49181e+01
   4  pileup       9.99794e-04   1.04267e-07   2.09854e-05   1.24698e+06
 MINUIT WARNING IN MIGRAD  
 ============== Negative diagonal element 2 in Error Matrix
 MINUIT WARNING IN MIGRAD  
 ============== 1 added to diagonal of error matrix
 MIGRAD FAILS TO FIND IMPROVEMENT
 MIGRAD TERMINATED WITHOUT CONVERGENCE.
 FCN=-2.37862e+11 FROM MIGRAD    STATUS=FAILED        113 CALLS         875 TOTAL
                     EDM=223790    STRATEGY= 1  ERROR MATRIX UNCERTAINTY   3.7 per cent
  EXT PARAMETER                APPROXIMATE        STEP         FIRST   
  NO.   NAME      VALUE            ERROR          SIZE      DERIVATIVE 
   1  norm         5.59028e+05   8.15012e+00   0.00000e+00  -3.99580e-03
   2  Q            5.64978e-01   1.00000e+00   0.00000e+00  -1.84206e+09
   3  theta       -1.08170e-03   1.00000e+00   0.00000e+00  -2.92858e+03
   4  pileup       9.99789e-04   1.00000e+00   0.00000e+00  -2.85318e+07
 EXTERNAL ERROR MATRIX.    NDIM=  25    NPAR=  4    ERR DEF=1
  6.642e+01  3.952e-09  5.102e-04 -3.126e-07 
  3.952e-09  1.000e+00  1.404e-13 -9.837e-17 
  5.102e-04  1.404e-13  1.000e+00 -1.141e-11 
 -3.126e-07 -9.837e-17 -1.141e-11  1.000e+00 
ERR MATRIX APPROXIMATE
 PARAMETER  CORRELATION COEFFICIENTS  
       NO.  GLOBAL      1      2      3      4
        1  0.00006   1.000  0.000  0.000 -0.000
        2  0.00000   0.000  1.000  0.000 -0.000
        3  0.00006   0.000  0.000  1.000 -0.000
        4  0.00000  -0.000 -0.000 -0.000  1.000
 ERR MATRIX APPROXIMATE
status of the fit-----000------4
1  559028
2  0.564978
3  -0.0010817
4  0.000999789
 **********
 **   25 **SET PRINT           2
 **********
 **********
 **   26 **SET NOGRAD
 **********
 PARAMETER DEFINITIONS:
    NO.   NAME         VALUE      STEP SIZE      LIMITS
     1 p0           5.58000e+05  1.67400e+05     no limits
     2 p1           5.65000e-01  1.69500e-01     no limits
     3 p2           0.00000e+00  3.00000e-01     no limits
     4 p3           9.99871e-04  2.99961e-04     no limits
 **********
 **   27 **SET ERR         0.5
 **********
 **********
 **   28 **SET PRINT           2
 **********
 **********
 **   29 **SET STR           1
 **********
 NOW USING STRATEGY  1: TRY TO BALANCE SPEED AGAINST RELIABILITY
 **********
 **   30 **MIGRAD        1480        0.01
 **********
 FIRST CALL TO USER FUNCTION AT NEW START POINT, WITH IFLAG=4.
 START MIGRAD MINIMIZATION.  STRATEGY  1.  CONVERGENCE WHEN EDM .LT. 1.00e-05
 FCN=17328.2 FROM MIGRAD    STATUS=INITIATE       18 CALLS          19 TOTAL
                     EDM= unknown      STRATEGY= 1      NO ERROR MATRIX       
  EXT PARAMETER               CURRENT GUESS       STEP         FIRST   
  NO.   NAME      VALUE            ERROR          SIZE      DERIVATIVE 
   1  p0           5.58000e+05   1.67400e+05   1.67400e+05  -3.62795e+01
   2  p1           5.65000e-01   1.69500e-01   1.69500e-01  -1.12612e+08
   3  p2           0.00000e+00   3.00000e-01   3.00000e-01   0.00000e+00
   4  p3           9.99871e-04   2.99961e-04   2.99961e-04  -9.80488e+08
                               ERR DEF= 0.5
NO ERROR MATRIX       
 FCN=510.394 FROM MIGRAD    STATUS=PROGRESS       34 CALLS          35 TOTAL
                     EDM=1393.9    STRATEGY= 1      NO ERROR MATRIX       
  EXT PARAMETER               CURRENT GUESS       STEP         FIRST   
  NO.   NAME      VALUE            ERROR          SIZE      DERIVATIVE 
   1  p0           5.58440e+05   1.67400e+05   4.39622e+02  -8.29363e-01
   2  p1           5.65142e-01   1.69500e-01   1.41760e-04  -2.54293e+06
   3  p2           0.00000e+00   3.00000e-01  -0.00000e+00   0.00000e+00
   4  p3           1.00163e-03   2.99961e-04   1.76155e-06   4.12828e+08
                               ERR DEF= 0.5
 FCN=81.4066 FROM MIGRAD    STATUS=PROGRESS      149 CALLS         150 TOTAL
                     EDM=0.00150547    STRATEGY= 1  ERROR MATRIX UNCERTAINTY  37.5 per cent
  EXT PARAMETER                APPROXIMATE        STEP         FIRST   
  NO.   NAME      VALUE            ERROR          SIZE      DERIVATIVE 
   1  p0           5.60511e+05   7.94446e+02   1.70164e+02  -4.10371e-03
   2  p1           5.64500e-01   2.54794e-04  -5.47071e-05  -1.26841e+04
   3  p2           0.00000e+00   4.92112e-04  -0.00000e+00   0.00000e+00
   4  p3           9.99757e-04   6.81871e-08   8.21995e-09   1.78538e+05
                               ERR DEF= 0.5
 MINUIT WARNING IN MIGRAD  
 ============== Negative diagonal element 1 in Error Matrix
 MINUIT WARNING IN MIGRAD  
 ============== Negative diagonal element 2 in Error Matrix
 MINUIT WARNING IN MIGRAD  
 ============== 215330 added to diagonal of error matrix
 EIGENVALUES OF SECOND-DERIVATIVE MATRIX:
         9.9985e-01  1.0000e+00  1.0000e+00  1.0001e+00
 MIGRAD FAILS TO FIND IMPROVEMENT
   START COVARIANCE MATRIX CALCULATION.
 EIGENVALUES OF SECOND-DERIVATIVE MATRIX:
        -4.8369e-04  7.9722e-01  9.9984e-01  2.2034e+00
 MINUIT WARNING IN HESSE   
 ============== MATRIX FORCED POS-DEF BY ADDING 0.002687 TO DIAGONAL.
 FCN=81.4064 FROM HESSE     STATUS=NOT POSDEF     25 CALLS         207 TOTAL
                     EDM=6.79573e-05    STRATEGY= 1      ERR MATRIX NOT POS-DEF
  EXT PARAMETER                APPROXIMATE        STEP         FIRST   
  NO.   NAME      VALUE            ERROR          SIZE      DERIVATIVE 
   1  p0           5.60508e+05   7.73292e+01   2.67271e-01  -1.63687e-03
   2  p1           5.64501e-01   2.48557e-05   2.69175e-07  -4.96511e+03
   3  p2           0.00000e+00   7.14480e-03   4.41141e-05   0.00000e+00
   4  p3           9.99756e-04   6.93624e-08   4.76721e-10   6.89200e+04
                               ERR DEF= 0.5
 PARAMETER  CORRELATION COEFFICIENTS  
       NO.  GLOBAL      1      2      3      4
        1  0.99780   1.000 -0.997  0.226  0.130
        2  0.99781  -0.997  1.000 -0.225 -0.154
        3  0.22612   0.226 -0.225  1.000  0.037
        4  0.37313   0.130 -0.154  0.037  1.000
 ERR MATRIX NOT POS-DEF
 FCN=81.4063 FROM MIGRAD    STATUS=PROGRESS      218 CALLS         219 TOTAL
                     EDM=4.78099e-06    STRATEGY= 1      ERR MATRIX NOT POS-DEF
  EXT PARAMETER                APPROXIMATE        STEP         FIRST   
  NO.   NAME      VALUE            ERROR          SIZE      DERIVATIVE 
   1  p0           5.60508e+05   7.73292e+01   2.33639e-01   7.22242e-05
   2  p1           5.64501e-01   2.48557e-05  -5.55840e-08   3.41272e+02
   3  p2           4.68689e-06   7.14480e-03   4.68689e-06   7.82675e-02
   4  p3           9.99755e-04   6.93624e-08  -5.41632e-10  -1.04634e+04
                               ERR DEF= 0.5
 MINUIT WARNING IN MIGRAD  
 ============== Negative diagonal element 1 in Error Matrix
 MINUIT WARNING IN MIGRAD  
 ============== Negative diagonal element 2 in Error Matrix
 MINUIT WARNING IN MIGRAD  
 ============== 7815.03 added to diagonal of error matrix
 EIGENVALUES OF SECOND-DERIVATIVE MATRIX:
         9.9994e-01  1.0000e+00  1.0000e+00  1.0001e+00
 MIGRAD FAILS TO FIND IMPROVEMENT
 MIGRAD TERMINATED WITHOUT CONVERGENCE.
 FCN=81.4061 FROM MIGRAD    STATUS=FAILED        282 CALLS         283 TOTAL
                     EDM=1665.52    STRATEGY= 1      ERR MATRIX NOT POS-DEF
  EXT PARAMETER                APPROXIMATE        STEP         FIRST   
  NO.   NAME      VALUE            ERROR          SIZE      DERIVATIVE 
   1  p0           5.60515e+05   7.07107e-01   0.00000e+00   1.25425e-04
   2  p1           5.64499e-01   6.25101e+01   0.00000e+00  -1.10111e+06
   3  p2           1.49170e-05   6.25101e+01  -0.00000e+00   2.83300e-01
   4  p3           9.99756e-04   6.25101e+01  -0.00000e+00   1.28953e+05
                               ERR DEF= 0.5
 EXTERNAL ERROR MATRIX.    NDIM=  25    NPAR=  4    ERR DEF=0.5
  5.000e-01  1.264e-03 -2.169e-03 -3.893e-07 
  1.264e-03  3.908e+03  1.992e-09  1.078e-13 
 -2.169e-03  1.992e-09  3.908e+03 -1.792e-10 
 -3.893e-07  1.078e-13 -1.792e-10  3.908e+03 
ERR MATRIX NOT POS-DEF
 PARAMETER  CORRELATION COEFFICIENTS  
       NO.  GLOBAL      1      2      3      4
        1  0.00006   1.000  0.000 -0.000 -0.000
        2  0.00003   0.000  1.000  0.000  0.000
        3  0.00005  -0.000  0.000  1.000 -0.000
        4  0.00000  -0.000  0.000 -0.000  1.000
 ERR MATRIX NOT POS-DEF
 FCN=81.4061 FROM MIGRAD    STATUS=FAILED        282 CALLS         283 TOTAL
                     EDM=1665.52    STRATEGY= 1      ERR MATRIX NOT POS-DEF
  EXT PARAMETER                  PARABOLIC         MINOS ERRORS        
  NO.   NAME      VALUE            ERROR      NEGATIVE      POSITIVE   
   1  p0           5.60515e+05   7.07107e-01                            
   2  p1           5.64499e-01   6.25101e+01                            
   3  p2           1.49170e-05   6.25101e+01                            
   4  p3           9.99756e-04   6.25101e+01                            
                               ERR DEF= 0.5
 **********
 **   31 **SET PRINT           2
 **********
 **********
 **   32 **SET NOGRAD
 **********
 PARAMETER DEFINITIONS:
    NO.   NAME         VALUE      STEP SIZE      LIMITS
     1 p0           5.60515e+05  7.07107e-01     no limits
     2 p1           5.64499e-01  6.25101e+01     no limits
     3 p2           1.49170e-05  6.25101e+01     no limits
     4 p3           9.99756e-04  6.25101e+01     no limits
 **********
 **   33 **SET ERR         0.5
 **********
 **********
 **   34 **SET PRINT           2
 **********
 **********
 **   35 **SET STR           1
 **********
 NOW USING STRATEGY  1: TRY TO BALANCE SPEED AGAINST RELIABILITY
 **********
 **   36 **MIGRAD        1480        0.01
 **********
 FIRST CALL TO USER FUNCTION AT NEW START POINT, WITH IFLAG=4.
 START MIGRAD MINIMIZATION.  STRATEGY  1.  CONVERGENCE WHEN EDM .LT. 1.00e-05
 FCN=81.4061 FROM MIGRAD    STATUS=INITIATE       20 CALLS          21 TOTAL
                     EDM= unknown      STRATEGY= 1      NO ERROR MATRIX       
  EXT PARAMETER               CURRENT GUESS       STEP         FIRST   
  NO.   NAME      VALUE            ERROR          SIZE      DERIVATIVE 
   1  p0           5.60515e+05   7.07107e-01   7.07107e-01   1.25425e-04
   2  p1           5.64499e-01   6.25101e+01   6.25101e+01  -3.68339e+09
   3  p2           1.49170e-05   6.25101e+01   6.25101e+01   6.84232e-01
   4  p3           9.99756e-04   6.25101e+01   6.25101e+01  -3.88857e+13
                               ERR DEF= 0.5
NO ERROR MATRIX       
 MIGRAD FAILS TO FIND IMPROVEMENT
   START COVARIANCE MATRIX CALCULATION.
 EIGENVALUES OF SECOND-DERIVATIVE MATRIX:
         9.4737e-02  6.7940e-01  9.9767e-01  2.2282e+00
 COVARIANCE MATRIX CALCULATED SUCCESSFULLY
 FCN=81.4061 FROM HESSE     STATUS=OK             31 CALLS          63 TOTAL
                     EDM=39.4793    STRATEGY= 1      ERROR MATRIX ACCURATE 
  EXT PARAMETER                                   STEP         FIRST   
  NO.   NAME      VALUE            ERROR          SIZE      DERIVATIVE 
   1  p0           5.60515e+05   1.17798e+01   2.67274e-01   1.18312e-04
   2  p1           5.64499e-01   8.10991e-07   6.25101e-03  -1.09561e+07
   3  p2           1.49170e-05   6.44968e-03   6.25101e-03   2.97972e-01
   4  p3           9.99756e-04   8.94119e-09   6.25101e-03   1.35154e+05
                               ERR DEF= 0.5
 PARAMETER  CORRELATION COEFFICIENTS  
       NO.  GLOBAL      1      2      3      4
        1  0.90006   1.000 -0.880 -0.120 -0.008
        2  0.91078  -0.880  1.000  0.339 -0.005
        3  0.50646  -0.120  0.339  1.000  0.009
        4  0.03591  -0.008 -0.005  0.009  1.000
 MIGRAD FAILS TO FIND IMPROVEMENT
 MIGRAD TERMINATED WITHOUT CONVERGENCE.
 FCN=81.4061 FROM MIGRAD    STATUS=FAILED         73 CALLS          74 TOTAL
                     EDM=39.4793    STRATEGY= 1      ERR MATRIX APPROXIMATE
  EXT PARAMETER                APPROXIMATE        STEP         FIRST   
  NO.   NAME      VALUE            ERROR          SIZE      DERIVATIVE 
   1  p0           5.60515e+05   1.17798e+01  -0.00000e+00   1.18312e-04
   2  p1           5.64499e-01   8.10991e-07   0.00000e+00  -1.09561e+07
   3  p2           1.49170e-05   6.44968e-03   0.00000e+00   2.97972e-01
   4  p3           9.99756e-04   8.94119e-09  -0.00000e+00   1.35154e+05
                               ERR DEF= 0.5
 EXTERNAL ERROR MATRIX.    NDIM=  25    NPAR=  4    ERR DEF=0.5
  1.388e+02 -8.404e-06 -9.121e-03 -8.242e-10 
 -8.404e-06  6.577e-13  1.775e-09 -3.884e-17 
 -9.121e-03  1.775e-09  4.160e-05  5.076e-13 
 -8.242e-10 -3.884e-17  5.076e-13  7.994e-17 
ERR MATRIX APPROXIMATE
 PARAMETER  CORRELATION COEFFICIENTS  
       NO.  GLOBAL      1      2      3      4
        1  0.90006   1.000 -0.880 -0.120 -0.008
        2  0.91078  -0.880  1.000  0.339 -0.005
        3  0.50646  -0.120  0.339  1.000  0.009
        4  0.03591  -0.008 -0.005  0.009  1.000
 ERR MATRIX APPROXIMATE
 FCN=81.4061 FROM MIGRAD    STATUS=FAILED         73 CALLS          74 TOTAL
                     EDM=39.4793    STRATEGY= 1      ERR MATRIX APPROXIMATE
  EXT PARAMETER                  PARABOLIC         MINOS ERRORS        
  NO.   NAME      VALUE            ERROR      NEGATIVE      POSITIVE   
   1  p0           5.60515e+05   1.17798e+01                            
   2  p1           5.64499e-01   8.10991e-07                            
   3  p2           1.49170e-05   6.44968e-03                            
   4  p3           9.99756e-04   8.94119e-09                            
                               ERR DEF= 0.5
 **********
 **   37 **SET PRINT           2
 **********
 **********
 **   38 **SET NOGRAD
 **********
 PARAMETER DEFINITIONS:
    NO.   NAME         VALUE      STEP SIZE      LIMITS
     1 p0           5.60515e+05  1.17798e+01     no limits
     2 p1           5.64499e-01  8.10991e-07     no limits
     3 p2           1.49170e-05  6.44968e-03     no limits
     4 p3           9.99756e-04  8.94119e-09     no limits
 **********
 **   39 **SET ERR         0.5
 **********
 **********
 **   40 **SET PRINT           2
 **********
 **********
 **   41 **SET STR           1
 **********
 NOW USING STRATEGY  1: TRY TO BALANCE SPEED AGAINST RELIABILITY
 **********
 **   42 **MIGRAD        1480        0.01
 **********
 FIRST CALL TO USER FUNCTION AT NEW START POINT, WITH IFLAG=4.
 START MIGRAD MINIMIZATION.  STRATEGY  1.  CONVERGENCE WHEN EDM .LT. 1.00e-05
 FCN=81.4061 FROM MIGRAD    STATUS=INITIATE       10 CALLS          11 TOTAL
                     EDM= unknown      STRATEGY= 1      NO ERROR MATRIX       
  EXT PARAMETER               CURRENT GUESS       STEP         FIRST   
  NO.   NAME      VALUE            ERROR          SIZE      DERIVATIVE 
   1  p0           5.60515e+05   1.17798e+01   1.17798e+01   1.25425e-04
   2  p1           5.64499e-01   8.10991e-07   8.10991e-07  -1.10111e+06
   3  p2           1.49170e-05   6.44968e-03   6.44968e-03   2.70535e-01
   4  p3           9.99756e-04   8.94119e-09   8.94119e-09   1.28953e+05
                               ERR DEF= 0.5
NO ERROR MATRIX       
 MIGRAD FAILS TO FIND IMPROVEMENT
   START COVARIANCE MATRIX CALCULATION.
 EIGENVALUES OF SECOND-DERIVATIVE MATRIX:
         6.5179e-01  9.0151e-01  1.0290e+00  1.4177e+00
 COVARIANCE MATRIX CALCULATED SUCCESSFULLY
 FCN=81.4061 FROM HESSE     STATUS=OK             29 CALLS          51 TOTAL
                     EDM=0.294742    STRATEGY= 1      ERROR MATRIX ACCURATE 
  EXT PARAMETER                                   STEP         FIRST   
  NO.   NAME      VALUE            ERROR          SIZE      DERIVATIVE 
   1  p0           5.60515e+05   5.49983e+00   2.67274e-01   1.18312e-04
   2  p1           5.64499e-01   3.49515e-07   2.69174e-07  -2.19612e+06
   3  p2           1.49170e-05   6.54291e-03   4.42786e-05   2.40902e-01
   4  p3           9.99756e-04   6.21968e-08   4.76721e-10   1.25884e+05
                               ERR DEF= 0.5
 PARAMETER  CORRELATION COEFFICIENTS  
       NO.  GLOBAL      1      2      3      4
        1  0.35899   1.000 -0.197 -0.011 -0.299
        2  0.20746  -0.197  1.000 -0.003 -0.004
        3  0.10843  -0.011 -0.003  1.000  0.106
        4  0.32225  -0.299 -0.004  0.106  1.000
 FCN=81.4061 FROM MIGRAD    STATUS=PROGRESS       60 CALLS          61 TOTAL
                     EDM=0.0746301    STRATEGY= 1      ERROR MATRIX ACCURATE 
  EXT PARAMETER                                   STEP         FIRST   
  NO.   NAME      VALUE            ERROR          SIZE      DERIVATIVE 
   1  p0           5.60514e+05   5.49983e+00  -4.10899e-01   7.47223e-05
   2  p1           5.64499e-01   3.49515e-07   1.34168e-07  -1.10505e+06
   3  p2          -1.72203e-06   6.54291e-03  -1.66390e-05   1.24334e-02
   4  p3           9.99756e-04   6.21968e-08  -3.27021e-10   6.05021e+04
                               ERR DEF= 0.5
 MINUIT WARNING IN MIGRAD  
 ============== Negative diagonal element 1 in Error Matrix
 MINUIT WARNING IN MIGRAD  
 ============== Negative diagonal element 2 in Error Matrix
 MINUIT WARNING IN MIGRAD  
 ============== 727.55 added to diagonal of error matrix
 EIGENVALUES OF SECOND-DERIVATIVE MATRIX:
         9.9969e-01  1.0000e+00  1.0000e+00  1.0003e+00
 MIGRAD FAILS TO FIND IMPROVEMENT
 MIGRAD TERMINATED WITHOUT CONVERGENCE.
 FCN=81.4061 FROM MIGRAD    STATUS=FAILED         90 CALLS          91 TOTAL
                     EDM=0.0752966    STRATEGY= 1  ERROR MATRIX UNCERTAINTY  27.1 per cent
  EXT PARAMETER                APPROXIMATE        STEP         FIRST   
  NO.   NAME      VALUE            ERROR          SIZE      DERIVATIVE 
   1  p0           5.60514e+05   7.07107e-01   0.00000e+00   4.83946e-05
   2  p1           5.64499e-01   1.90729e+01   0.00000e+00  -1.10638e+06
   3  p2          -4.34881e-06   1.90729e+01   0.00000e+00  -5.08121e-02
   4  p3           9.99756e-04   1.90729e+01  -0.00000e+00   3.38985e+04
                               ERR DEF= 0.5
 EXTERNAL ERROR MATRIX.    NDIM=  25    NPAR=  4    ERR DEF=0.5
  5.000e-01  1.271e-04 -4.137e-03 -2.991e-07 
  1.271e-04  3.638e+02  2.010e-09  8.533e-14 
 -4.137e-03  2.010e-09  3.638e+02 -8.833e-11 
 -2.991e-07  8.533e-14 -8.833e-11  3.638e+02 
ERR MATRIX APPROXIMATE
 PARAMETER  CORRELATION COEFFICIENTS  
       NO.  GLOBAL      1      2      3      4
        1  0.00031   1.000  0.000 -0.000 -0.000
        2  0.00001   0.000  1.000  0.000  0.000
        3  0.00031  -0.000  0.000  1.000 -0.000
        4  0.00000  -0.000  0.000 -0.000  1.000
 ERR MATRIX APPROXIMATE
 FCN=81.4061 FROM MIGRAD    STATUS=FAILED         90 CALLS          91 TOTAL
                     EDM=0.0752966    STRATEGY= 1  ERROR MATRIX UNCERTAINTY  27.1 per cent
  EXT PARAMETER                  PARABOLIC         MINOS ERRORS        
  NO.   NAME      VALUE            ERROR      NEGATIVE      POSITIVE   
   1  p0           5.60514e+05   7.07107e-01                            
   2  p1           5.64499e-01   1.90729e+01                            
   3  p2          -4.34881e-06   1.90729e+01                            
   4  p3           9.99756e-04   1.90729e+01                            
                               ERR DEF= 0.5
------------------------------------------
Enering ROOFIt-------
 PARAMETER DEFINITIONS:
    NO.   NAME         VALUE      STEP SIZE      LIMITS
     1 norm         5.60514e+05  1.00000e-01     no limits
     2 Q            5.65000e-01  1.00000e-01     no limits
     3 theta        0.00000e+00  1.00000e-01     no limits
     4 pileup       9.99756e-04  1.00000e-01     no limits
 **********
 **    1 **MIGRAD
 **********
 FIRST CALL TO USER FUNCTION AT NEW START POINT, WITH IFLAG=4.
 START MIGRAD MINIMIZATION.  STRATEGY  1.  CONVERGENCE WHEN EDM .LT. 1.00e-04
 FCN=-2.3786e+11 FROM MIGRAD    STATUS=INITIATE       40 CALLS          41 TOTAL
                     EDM= unknown      STRATEGY= 1      NO ERROR MATRIX       
  EXT PARAMETER               CURRENT GUESS       STEP         FIRST   
  NO.   NAME      VALUE            ERROR          SIZE      DERIVATIVE 
   1  norm         5.60514e+05   1.00000e-01   0.00000e+00   3.73479e+01
   2  Q            5.65000e-01   1.00000e-01   0.00000e+00   1.16065e+08
   3  theta        1.00000e-01   1.00000e-01   1.00000e-01   2.93349e+05
   4  pileup       9.99756e-04   1.00000e-01   0.00000e+00   7.48550e+07
 MIGRAD FAILS TO FIND IMPROVEMENT
 MACHINE ACCURACY LIMITS FURTHER IMPROVEMENT.
 MIGRAD MINIMIZATION HAS CONVERGED.
 FCN=-2.3786e+11 FROM MIGRAD    STATUS=CONVERGED     176 CALLS         177 TOTAL
                     EDM=116.38    STRATEGY= 1  ERROR MATRIX UNCERTAINTY   4.0 per cent
  EXT PARAMETER                                   STEP         FIRST   
  NO.   NAME      VALUE            ERROR          SIZE      DERIVATIVE 
   1  norm         5.58981e+05   7.92297e+00   0.00000e+00   4.35212e-01
   2  Q            5.64996e-01   8.37885e-08  -0.00000e+00   1.55796e+06
   3  theta       -4.45426e-03   4.15583e-04   0.00000e+00  -4.54031e+04
   4  pileup       9.99707e-04   7.88608e-08   0.00000e+00  -2.03834e+07
 EXTERNAL ERROR MATRIX.    NDIM=  25    NPAR=  4    ERR DEF=1
  6.277e+01  1.108e-07  8.492e-04 -3.169e-07 
  1.108e-07  7.021e-15 -9.245e-13 -9.054e-16 
  8.492e-04 -9.245e-13  1.727e-07 -3.705e-12 
 -3.169e-07 -9.054e-16 -3.705e-12  6.219e-15 
 PARAMETER  CORRELATION COEFFICIENTS  
       NO.  GLOBAL      1      2      3      4
        1  0.55629   1.000  0.167  0.258 -0.507
        2  0.19124   0.167  1.000 -0.027 -0.137
        3  0.26789   0.258 -0.027  1.000 -0.113
        4  0.51017  -0.507 -0.137 -0.113  1.000
 **********
 **    2 **MIGRAD 
 **********
 START MIGRAD MINIMIZATION.  STRATEGY  1.  CONVERGENCE WHEN EDM .LT. 1.00e-04
 FCN=-2.3786e+11 FROM MIGRAD    STATUS=INITIATE       12 CALLS         189 TOTAL
                     EDM=390.795    STRATEGY= 1  ERROR MATRIX UNCERTAINTY   4.0 per cent
  EXT PARAMETER                                   STEP         FIRST   
  NO.   NAME      VALUE            ERROR          SIZE      DERIVATIVE 
   1  norm         5.58981e+05   7.92297e+00   0.00000e+00   4.35213e-01
   2  Q            5.64996e-01   8.37885e-08  -0.00000e+00  -3.29930e+08
   3  theta       -4.45426e-03   4.15583e-04   0.00000e+00  -6.61110e+04
   4  pileup       9.99707e-04   7.88608e-08   0.00000e+00  -2.03738e+07
 MIGRAD FAILS TO FIND IMPROVEMENT
 MACHINE ACCURACY LIMITS FURTHER IMPROVEMENT.
 MIGRAD MINIMIZATION HAS CONVERGED.
 FCN=-2.3786e+11 FROM MIGRAD    STATUS=CONVERGED      23 CALLS         200 TOTAL
                     EDM=390.795    STRATEGY= 1  ERROR MATRIX UNCERTAINTY   4.0 per cent
  EXT PARAMETER                                   STEP         FIRST   
  NO.   NAME      VALUE            ERROR          SIZE      DERIVATIVE 
   1  norm         5.58981e+05   7.92297e+00   0.00000e+00   4.35213e-01
   2  Q            5.64996e-01   8.37885e-08   0.00000e+00  -3.29930e+08
   3  theta       -4.45426e-03   4.15583e-04   0.00000e+00  -6.61110e+04
   4  pileup       9.99707e-04   7.88608e-08  -0.00000e+00  -2.03738e+07
 EXTERNAL ERROR MATRIX.    NDIM=  25    NPAR=  4    ERR DEF=1
  6.277e+01  1.108e-07  8.492e-04 -3.169e-07 
  1.108e-07  7.021e-15 -9.245e-13 -9.054e-16 
  8.492e-04 -9.245e-13  1.727e-07 -3.705e-12 
 -3.169e-07 -9.054e-16 -3.705e-12  6.219e-15 
 PARAMETER  CORRELATION COEFFICIENTS  
       NO.  GLOBAL      1      2      3      4
        1  0.55629   1.000  0.167  0.258 -0.507
        2  0.19124   0.167  1.000 -0.027 -0.137
        3  0.26789   0.258 -0.027  1.000 -0.113
        4  0.51017  -0.507 -0.137 -0.113  1.000
status of the fit-----000------0
1  558981
2  0.564996
3  -0.00445426
4  0.000999707
