  *******************************************
  *                                         *
  *        W E L C O M E  to  R O O T       *
  *                                         *
  *   Version   5.34/36      5 April 2016   *
  *                                         *
  *  You are welcome to visit our Web site  *
  *          http://root.cern.ch            *
  *                                         *
  *******************************************

ROOT 5.34/36 (v5-34-36@v5-34-36, Apr 05 2016, 10:25:45 on linuxx8664gcc)

CINT/ROOT C/C++ Interpreter version 5.18.00, July 2, 2010
Type ? for help. Commands must be C++ statements.
Enclose multiple statements between { }.
Loading root init file.
The rat/rootinit.C file loaded the DEAP style for you, which is available from the fStyle pointer.
DEAP style applied. 
RAT: Libraries loaded.

Processing /home/fatemigh/projects/rpp-jillings/fatemigh/sterile/Likelihood/LikelihoodSterile_modified6.C+(230)...
pased here
566 lines read from file
31
spec_E  566
Before entering fitting
 **********
 **    1 **SET PRINT           2
 **********
 **********
 **    2 **SET NOGRAD
 **********
 PARAMETER DEFINITIONS:
    NO.   NAME         VALUE      STEP SIZE      LIMITS
     1 p0           5.58000e+05  1.67400e+05     no limits
     2 p1           5.65000e-01  1.69500e-01     no limits
     3 p2           0.00000e+00  3.00000e-01     no limits
     4 p3           9.99871e-04  2.99961e-04     no limits
 **********
 **    3 **SET ERR         0.5
 **********
 **********
 **    4 **SET PRINT           2
 **********
 **********
 **    5 **SET STR           1
 **********
 NOW USING STRATEGY  1: TRY TO BALANCE SPEED AGAINST RELIABILITY
 **********
 **    6 **MIGRAD        1480        0.01
 **********
 FIRST CALL TO USER FUNCTION AT NEW START POINT, WITH IFLAG=4.
 START MIGRAD MINIMIZATION.  STRATEGY  1.  CONVERGENCE WHEN EDM .LT. 1.00e-05
 FCN=17574.4 FROM MIGRAD    STATUS=INITIATE       18 CALLS          19 TOTAL
                     EDM= unknown      STRATEGY= 1      NO ERROR MATRIX       
  EXT PARAMETER               CURRENT GUESS       STEP         FIRST   
  NO.   NAME      VALUE            ERROR          SIZE      DERIVATIVE 
   1  p0           5.58000e+05   1.67400e+05   1.67400e+05  -3.65637e+01
   2  p1           5.65000e-01   1.69500e-01   1.69500e-01  -1.13498e+08
   3  p2           0.00000e+00   3.00000e-01   3.00000e-01   0.00000e+00
   4  p3           9.99871e-04   2.99961e-04   2.99961e-04  -9.82173e+08
                               ERR DEF= 0.5
NO ERROR MATRIX       
 FCN=497.349 FROM MIGRAD    STATUS=PROGRESS       34 CALLS          35 TOTAL
                     EDM=1438.09    STRATEGY= 1      NO ERROR MATRIX       
  EXT PARAMETER               CURRENT GUESS       STEP         FIRST   
  NO.   NAME      VALUE            ERROR          SIZE      DERIVATIVE 
   1  p0           5.58443e+05   1.67400e+05   4.43183e+02  -8.36973e-01
   2  p1           5.65143e-01   1.69500e-01   1.42914e-04  -2.57017e+06
   3  p2           0.00000e+00   3.00000e-01  -0.00000e+00   0.00000e+00
   4  p3           1.00164e-03   2.99961e-04   1.76510e-06   4.19444e+08
                               ERR DEF= 0.5
 MIGRAD FAILS TO FIND IMPROVEMENT
 MIGRAD MINIMIZATION HAS CONVERGED.
 MIGRAD WILL VERIFY CONVERGENCE AND ERROR MATRIX.
   START COVARIANCE MATRIX CALCULATION.
 EIGENVALUES OF SECOND-DERIVATIVE MATRIX:
         2.2870e-03  8.2272e-01  1.0051e+00  2.1699e+00
 COVARIANCE MATRIX CALCULATED SUCCESSFULLY
 FCN=56.7209 FROM MIGRAD    STATUS=CONVERGED     175 CALLS         176 TOTAL
                     EDM=4.18246e-07    STRATEGY= 1      ERROR MATRIX ACCURATE 
  EXT PARAMETER                                   STEP         FIRST   
  NO.   NAME      VALUE            ERROR          SIZE      DERIVATIVE 
   1  p0           5.59164e+05   7.55660e+01   2.66630e-01   1.09245e-05
   2  p1           5.64936e-01   2.44233e-05   2.69382e-07   1.48090e+01
   3  p2           0.00000e+00   1.18772e-02   6.67446e-05   0.00000e+00
   4  p3           9.99702e-04   6.39125e-08   4.76695e-10   5.98429e+03
                               ERR DEF= 0.5
 EXTERNAL ERROR MATRIX.    NDIM=  25    NPAR=  4    ERR DEF=0.5
  5.710e+03 -1.841e-03  1.180e-01  8.363e-07 
 -1.841e-03  5.965e-10 -3.816e-08 -3.049e-13 
  1.180e-01 -3.816e-08  1.411e-04  4.768e-11 
  8.363e-07 -3.049e-13  4.768e-11  4.085e-15 
 PARAMETER  CORRELATION COEFFICIENTS  
       NO.  GLOBAL      1      2      3      4
        1  0.99770   1.000 -0.997  0.132  0.173
        2  0.99772  -0.997  1.000 -0.132 -0.195
        3  0.13794   0.132 -0.132  1.000  0.063
        4  0.36373   0.173 -0.195  0.063  1.000
 EXTERNAL ERROR MATRIX.    NDIM=   4    NPAR=  4    ERR DEF=0.5
  5.710e+03 -1.841e-03  1.180e-01  8.363e-07 
 -1.841e-03  5.965e-10 -3.816e-08 -3.049e-13 
  1.180e-01 -3.816e-08  1.411e-04  4.768e-11 
  8.363e-07 -3.049e-13  4.768e-11  4.085e-15 
 FCN=56.7209 FROM MIGRAD    STATUS=CONVERGED     175 CALLS         176 TOTAL
                     EDM=4.18246e-07    STRATEGY= 1      ERROR MATRIX ACCURATE 
  EXT PARAMETER                  PARABOLIC         MINOS ERRORS        
  NO.   NAME      VALUE            ERROR      NEGATIVE      POSITIVE   
   1  p0           5.59164e+05   7.55660e+01                            
   2  p1           5.64936e-01   2.44233e-05                            
   3  p2           0.00000e+00   1.18772e-02                            
   4  p3           9.99702e-04   6.39125e-08                            
                               ERR DEF= 0.5
------------------------------------------
Enering ROOFIt-------
 PARAMETER DEFINITIONS:
    NO.   NAME         VALUE      STEP SIZE      LIMITS
     1 norm         5.59164e+05  1.00000e-01     no limits
     2 Q            5.65000e-01  1.00000e-01     no limits
     3 theta        0.00000e+00  1.00000e-01     no limits
     4 pileup       9.99702e-04  1.00000e-01     no limits
 **********
 **    1 **MIGRAD
 **********
 FIRST CALL TO USER FUNCTION AT NEW START POINT, WITH IFLAG=4.
 START MIGRAD MINIMIZATION.  STRATEGY  1.  CONVERGENCE WHEN EDM .LT. 1.00e-04
 FCN=-2.37863e+11 FROM MIGRAD    STATUS=INITIATE       14 CALLS          15 TOTAL
                     EDM= unknown      STRATEGY= 1      NO ERROR MATRIX       
  EXT PARAMETER               CURRENT GUESS       STEP         FIRST   
  NO.   NAME      VALUE            ERROR          SIZE      DERIVATIVE 
   1  norm         5.59164e+05   1.00000e-01   1.00000e-01   7.62529e+00
   2  Q            5.65000e-01   1.00000e-01   1.00000e-01   1.23017e+08
   3  theta        0.00000e+00   1.00000e-01   1.00000e-01   0.00000e+00
   4  pileup       9.99702e-04   1.00000e-01   1.00000e-01  -9.17739e+11
 MIGRAD FAILS TO FIND IMPROVEMENT
 EIGENVALUES OF SECOND-DERIVATIVE MATRIX:
        -6.3550e-02  2.8806e-01  9.1665e-01  2.8588e+00
 MINUIT WARNING IN HESSE   
 ============== MATRIX FORCED POS-DEF BY ADDING 0.066409 TO DIAGONAL.
 FCN=-2.37863e+11 FROM HESSE     STATUS=NOT POSDEF     27 CALLS          53 TOTAL
                     EDM=9746.5    STRATEGY= 1      ERR MATRIX NOT POS-DEF
  EXT PARAMETER                APPROXIMATE        STEP         FIRST   
  NO.   NAME      VALUE            ERROR          SIZE      DERIVATIVE 
   1  norm         5.59164e+05   4.53935e+01   2.66630e+00   7.62536e+00
   2  Q            5.65000e-01   6.33955e-06   1.00000e-03   2.37208e+07
   3  theta        0.00000e+00   8.99437e-03   1.00000e-01   0.00000e+00
   4  pileup       9.99702e-04   9.25756e-08   1.00000e-02   2.13342e+08
 MINUIT WARNING IN MIGRAD  
 ============== Negative diagonal element 1 in Error Matrix
 MINUIT WARNING IN MIGRAD  
 ============== Negative diagonal element 2 in Error Matrix
 MINUIT WARNING IN MIGRAD  
 ============== Negative diagonal element 3 in Error Matrix
 MINUIT WARNING IN MIGRAD  
 ============== 2.44872 added to diagonal of error matrix
 MIGRAD FAILS TO FIND IMPROVEMENT
 MACHINE ACCURACY LIMITS FURTHER IMPROVEMENT.
 MIGRAD MINIMIZATION HAS CONVERGED.
 MIGRAD WILL VERIFY CONVERGENCE AND ERROR MATRIX.
 EIGENVALUES OF SECOND-DERIVATIVE MATRIX:
        -3.8591e-01  3.5980e-01  6.7743e-01  3.3487e+00
 MINUIT WARNING IN HESSE   
 ============== MATRIX FORCED POS-DEF BY ADDING 0.389255 TO DIAGONAL.
 MIGRAD TERMINATED WITHOUT CONVERGENCE.
 FCN=-2.37863e+11 FROM MIGRAD    STATUS=FAILED        190 CALLS         191 TOTAL
                     EDM=4.07034    STRATEGY= 1      ERR MATRIX NOT POS-DEF
  EXT PARAMETER                APPROXIMATE        STEP         FIRST   
  NO.   NAME      VALUE            ERROR          SIZE      DERIVATIVE 
   1  norm         5.58876e+05   1.54737e+01   1.72538e+03  -1.79805e-01
   2  Q            5.65026e-01   5.18898e-06   5.54966e-04  -5.56621e+05
   3  theta        8.07975e-03   7.40034e-03   1.18969e-01   2.39673e+02
   4  pileup       9.99875e-04   1.03409e-07   2.09831e-05   2.93867e+07
 EXTERNAL ERROR MATRIX.    NDIM=  25    NPAR=  4    ERR DEF=1
  2.394e+02 -7.136e-05 -9.918e-02  8.283e-07 
 -7.136e-05  2.693e-11  3.824e-08 -3.207e-13 
 -9.918e-02  3.824e-08  5.477e-05 -4.347e-10 
  8.283e-07 -3.207e-13 -4.347e-10  1.069e-14 
ERR MATRIX NOT POS-DEF
 PARAMETER  CORRELATION COEFFICIENTS  
       NO.  GLOBAL      1      2      3      4
        1  0.91769   1.000 -0.889 -0.866  0.518
        2  0.99780  -0.889  1.000  0.996 -0.598
        3  0.99725  -0.866  0.996  1.000 -0.568
        4  0.69080   0.518 -0.598 -0.568  1.000
 ERR MATRIX NOT POS-DEF
 **********
 **    2 **MIGRAD 
 **********
 START MIGRAD MINIMIZATION.  STRATEGY  1.  CONVERGENCE WHEN EDM .LT. 1.00e-04
 FCN=-2.37863e+11 FROM MIGRAD    STATUS=INITIATE        8 CALLS         199 TOTAL
                     EDM=1962.44    STRATEGY= 1      ERR MATRIX NOT POS-DEF
  EXT PARAMETER                APPROXIMATE        STEP         FIRST   
  NO.   NAME      VALUE            ERROR          SIZE      DERIVATIVE 
   1  norm         5.58876e+05   1.54737e+01   1.72538e+03  -1.90040e-01
   2  Q            5.65026e-01   5.18898e-06   5.54966e-04  -5.56546e+05
   3  theta        8.07975e-03   7.40034e-03   1.18969e-01   1.22093e+04
   4  pileup       9.99875e-04   1.03409e-07   2.09831e-05   2.48783e+07
 MIGRAD FAILS TO FIND IMPROVEMENT
 MACHINE ACCURACY LIMITS FURTHER IMPROVEMENT.
 MIGRAD MINIMIZATION HAS CONVERGED.
 MIGRAD WILL VERIFY CONVERGENCE AND ERROR MATRIX.
 EIGENVALUES OF SECOND-DERIVATIVE MATRIX:
        -2.4008e-04  1.4493e-01  8.4834e-01  3.0070e+00
 MINUIT WARNING IN HESSE   
 ============== MATRIX FORCED POS-DEF BY ADDING 0.003247 TO DIAGONAL.
 FCN=-2.37863e+11 FROM HESSE     STATUS=NOT POSDEF     29 CALLS         239 TOTAL
                     EDM=3.42454    STRATEGY= 1      ERR MATRIX NOT POS-DEF
  EXT PARAMETER                APPROXIMATE        STEP         FIRST   
  NO.   NAME      VALUE            ERROR          SIZE      DERIVATIVE 
   1  norm         5.58876e+05   9.29321e+01   6.90153e+02  -1.79719e-01
   2  Q            5.65026e-01   3.03346e-05   9.64882e-05  -5.56618e+05
   3  theta        8.07975e-03   3.35267e-03   4.75876e-02   1.38263e+02
   4  pileup       9.99875e-04   1.28147e-07   8.39324e-06   2.94250e+07
 MIGRAD FAILS TO FIND IMPROVEMENT
 MACHINE ACCURACY LIMITS FURTHER IMPROVEMENT.
 MIGRAD MINIMIZATION HAS CONVERGED.
 MIGRAD WILL VERIFY CONVERGENCE AND ERROR MATRIX.
 EIGENVALUES OF SECOND-DERIVATIVE MATRIX:
        -3.4735e-04  1.5014e-01  8.4904e-01  3.0012e+00
 MINUIT WARNING IN HESSE   
 ============== MATRIX FORCED POS-DEF BY ADDING 0.003349 TO DIAGONAL.
 MIGRAD TERMINATED WITHOUT CONVERGENCE.
 FCN=-2.37863e+11 FROM MIGRAD    STATUS=FAILED         96 CALLS         287 TOTAL
                     EDM=1.6642    STRATEGY= 1      ERR MATRIX NOT POS-DEF
  EXT PARAMETER                APPROXIMATE        STEP         FIRST   
  NO.   NAME      VALUE            ERROR          SIZE      DERIVATIVE 
   1  norm         5.58882e+05   9.38059e+01   2.76061e+02  -2.20247e-01
   2  Q            5.65025e-01   3.01183e-05   1.92976e-04  -6.83952e+05
   3  theta        6.44189e-03   6.50652e-03   1.90351e-02   2.56797e+02
   4  pileup       9.99717e-04   1.26821e-07   3.35730e-06  -5.38385e+06
 EXTERNAL ERROR MATRIX.    NDIM=  25    NPAR=  4    ERR DEF=1
  8.800e+03 -2.801e-03  4.433e-02  6.266e-07 
 -2.801e-03  9.071e-10  5.656e-09 -1.799e-14 
  4.433e-02  5.656e-09  4.233e-05  5.572e-10 
  6.266e-07 -1.799e-14  5.572e-10  1.608e-14 
ERR MATRIX NOT POS-DEF
 PARAMETER  CORRELATION COEFFICIENTS  
       NO.  GLOBAL      1      2      3      4
        1  0.99702   1.000 -0.991  0.073  0.053
        2  0.99701  -0.991  1.000  0.029 -0.005
        3  0.88311   0.073  0.029  1.000  0.675
        4  0.72024   0.053 -0.005  0.675  1.000
 ERR MATRIX NOT POS-DEF
status of the fit-----000------4
1  558882
2  0.565025
3  0.00644189
4  0.000999717
 PARAMETER DEFINITIONS:
    NO.   NAME         VALUE      STEP SIZE      LIMITS
     1 norm         5.58882e+05  1.00000e-01     no limits
     2 Q            5.65025e-01  1.00000e-01     no limits
     3 theta        6.44189e-03  1.00000e-01     no limits
     4 pileup       9.99717e-04  1.00000e-01     no limits
 **********
 **    3 **MIGRAD
 **********
 FIRST CALL TO USER FUNCTION AT NEW START POINT, WITH IFLAG=4.
 START MIGRAD MINIMIZATION.  STRATEGY  1.  CONVERGENCE WHEN EDM .LT. 1.00e-04
 FCN=-2.37863e+11 FROM MIGRAD    STATUS=INITIATE       14 CALLS         302 TOTAL
                     EDM= unknown      STRATEGY= 1      NO ERROR MATRIX       
  EXT PARAMETER               CURRENT GUESS       STEP         FIRST   
  NO.   NAME      VALUE            ERROR          SIZE      DERIVATIVE 
   1  norm         5.58882e+05   1.00000e-01   1.00000e-01  -2.20165e-01
   2  Q            5.65025e-01   1.00000e-01   1.00000e-01   2.44454e+06
   3  theta        6.44189e-03   1.00000e-01   1.00000e-01   4.29636e+04
   4  pileup       9.99717e-04   1.00000e-01   1.00000e-01  -9.18018e+11
 MIGRAD FAILS TO FIND IMPROVEMENT
 EIGENVALUES OF SECOND-DERIVATIVE MATRIX:
        -3.9084e-02  3.1563e-01  9.1667e-01  2.8068e+00
 MINUIT WARNING IN HESSE   
 ============== MATRIX FORCED POS-DEF BY ADDING 0.041891 TO DIAGONAL.
 FCN=-2.37863e+11 FROM HESSE     STATUS=NOT POSDEF     29 CALLS         342 TOTAL
                     EDM=22.7737    STRATEGY= 1      ERR MATRIX NOT POS-DEF
  EXT PARAMETER                APPROXIMATE        STEP         FIRST   
  NO.   NAME      VALUE            ERROR          SIZE      DERIVATIVE 
   1  norm         5.58882e+05   5.35222e+01   2.66496e+00  -2.20268e-01
   2  Q            5.65025e-01   6.43238e-06   1.00000e-03  -6.83963e+05
   3  theta        6.44189e-03   7.01034e-03   1.00000e-01   3.22327e+02
   4  pileup       9.99717e-04   9.18434e-08   1.00000e-02  -5.97558e+06
 MINUIT WARNING IN MIGRAD  
 ============== Negative diagonal element 1 in Error Matrix
 MINUIT WARNING IN MIGRAD  
 ============== 10.9306 added to diagonal of error matrix
 MIGRAD FAILS TO FIND IMPROVEMENT
 MIGRAD TERMINATED WITHOUT CONVERGENCE.
 FCN=-2.37863e+11 FROM MIGRAD    STATUS=FAILED        102 CALLS         390 TOTAL
                     EDM=2.23052e+07    STRATEGY= 1      ERR MATRIX NOT POS-DEF
  EXT PARAMETER                APPROXIMATE        STEP         FIRST   
  NO.   NAME      VALUE            ERROR          SIZE      DERIVATIVE 
   1  norm         5.58899e+05   1.00000e+00   0.00000e+00   2.11079e-01
   2  Q            5.65023e-01   3.30615e+00  -0.00000e+00   1.85251e+09
   3  theta        4.43414e-03   3.30615e+00  -0.00000e+00   5.20705e+05
   4  pileup       9.99714e-04   3.30615e+00   0.00000e+00  -2.05696e+07
 EXTERNAL ERROR MATRIX.    NDIM=  25    NPAR=  4    ERR DEF=1
  1.000e+00  5.832e-07 -2.093e-03  1.582e-07 
  5.832e-07  1.093e+01 -1.698e-11 -6.067e-15 
 -2.093e-03 -1.698e-11  1.093e+01  2.175e-11 
  1.582e-07 -6.067e-15  2.175e-11  1.093e+01 
ERR MATRIX NOT POS-DEF
 PARAMETER  CORRELATION COEFFICIENTS  
       NO.  GLOBAL      1      2      3      4
        1  0.00063   1.000  0.000 -0.001  0.000
        2  0.00000   0.000  1.000 -0.000 -0.000
        3  0.00063  -0.001 -0.000  1.000  0.000
        4  0.00000   0.000 -0.000  0.000  1.000
 ERR MATRIX NOT POS-DEF
 **********
 **    4 **MIGRAD 
 **********
 START MIGRAD MINIMIZATION.  STRATEGY  1.  CONVERGENCE WHEN EDM .LT. 1.00e-04
 FCN=-2.37863e+11 FROM MIGRAD    STATUS=INITIATE       16 CALLS         406 TOTAL
                     EDM=7.8608e+16    STRATEGY= 1      ERR MATRIX NOT POS-DEF
  EXT PARAMETER                APPROXIMATE        STEP         FIRST   
  NO.   NAME      VALUE            ERROR          SIZE      DERIVATIVE 
   1  norm         5.58899e+05   1.00000e+00   0.00000e+00   2.04975e-01
   2  Q            5.65023e-01   3.30615e+00  -0.00000e+00   6.57760e+05
   3  theta        4.43414e-03   3.30615e+00  -0.00000e+00   5.50701e+03
   4  pileup       9.99714e-04   3.30615e+00   0.00000e+00  -2.05697e+07
 MIGRAD FAILS TO FIND IMPROVEMENT
 EIGENVALUES OF SECOND-DERIVATIVE MATRIX:
        -2.0452e-04  2.0283e-01  8.4890e-01  2.9485e+00
 MINUIT WARNING IN HESSE   
 ============== MATRIX FORCED POS-DEF BY ADDING 0.003153 TO DIAGONAL.
 FCN=-2.37863e+11 FROM HESSE     STATUS=NOT POSDEF     27 CALLS         444 TOTAL
                     EDM=1.60514    STRATEGY= 1      ERR MATRIX NOT POS-DEF
  EXT PARAMETER                APPROXIMATE        STEP         FIRST   
  NO.   NAME      VALUE            ERROR          SIZE      DERIVATIVE 
   1  norm         5.58899e+05   9.41441e+01   5.32992e+02   2.10895e-01
   2  Q            5.65023e-01   3.05186e-05   9.56946e-05   6.57685e+05
   3  theta        4.43414e-03   3.29460e-03   4.36680e-02  -7.18423e+01
   4  pileup       9.99714e-04   1.17199e-07   2.09849e-05   7.86893e+06
 EIGENVALUES OF SECOND-DERIVATIVE MATRIX:
        -6.2059e-02  2.4496e-02  7.3888e-01  3.2987e+00
 MINUIT WARNING IN MIGRAD  
 ============== MATRIX FORCED POS-DEF BY ADDING 0.065358 TO DIAGONAL.
 EIGENVALUES OF SECOND-DERIVATIVE MATRIX:
        -8.8656e-01  6.8452e-02  1.5989e+00  3.2192e+00
 MINUIT WARNING IN MIGRAD  
 ============== MATRIX FORCED POS-DEF BY ADDING 0.889779 TO DIAGONAL.
 EIGENVALUES OF SECOND-DERIVATIVE MATRIX:
        -1.1206e-02  1.1566e-01  1.8239e+00  2.0716e+00
 MINUIT WARNING IN MIGRAD  
 ============== MATRIX FORCED POS-DEF BY ADDING 0.013278 TO DIAGONAL.
 MIGRAD FAILS TO FIND IMPROVEMENT
 MACHINE ACCURACY LIMITS FURTHER IMPROVEMENT.
 MIGRAD MINIMIZATION HAS CONVERGED.
 MIGRAD WILL VERIFY CONVERGENCE AND ERROR MATRIX.
 EIGENVALUES OF SECOND-DERIVATIVE MATRIX:
        -1.7240e-03  3.4320e-01  8.4843e-01  2.8101e+00
 MINUIT WARNING IN HESSE   
 ============== MATRIX FORCED POS-DEF BY ADDING 0.004534 TO DIAGONAL.
 MIGRAD TERMINATED WITHOUT CONVERGENCE.
 FCN=-2.37863e+11 FROM MIGRAD    STATUS=FAILED        176 CALLS         566 TOTAL
                     EDM=0.0360847    STRATEGY= 1      ERR MATRIX NOT POS-DEF
  EXT PARAMETER                APPROXIMATE        STEP         FIRST   
  NO.   NAME      VALUE            ERROR          SIZE      DERIVATIVE 
   1  norm         5.58900e+05   9.45706e+01   1.72561e+03   1.64072e-02
   2  Q            5.65021e-01   3.17104e-05   9.55802e-05   5.27695e+04
   3  theta        2.08569e-03   7.96169e-04   1.75205e-01   6.91285e+01
   4  pileup       9.99700e-04   1.09352e-07   2.09844e-05   6.10641e+05
 EXTERNAL ERROR MATRIX.    NDIM=  25    NPAR=  4    ERR DEF=1
  8.944e+03 -2.984e-03 -4.195e-02 -2.925e-06 
 -2.984e-03  1.006e-09  1.524e-08  9.875e-13 
 -4.195e-02  1.524e-08  6.339e-07  4.522e-11 
 -2.925e-06  9.875e-13  4.522e-11  1.196e-14 
ERR MATRIX NOT POS-DEF
 PARAMETER  CORRELATION COEFFICIENTS  
       NO.  GLOBAL      1      2      3      4
        1  0.99707   1.000 -0.995 -0.557 -0.283
        2  0.99731  -0.995  1.000  0.604  0.285
        3  0.83244  -0.557  0.604  1.000  0.519
        4  0.59462  -0.283  0.285  0.519  1.000
 ERR MATRIX NOT POS-DEF
status of the fit-----000------4
1  558900
2  0.565021
3  0.00208569
4  0.0009997
 PARAMETER DEFINITIONS:
    NO.   NAME         VALUE      STEP SIZE      LIMITS
     1 norm         5.58900e+05  1.00000e-01     no limits
     2 Q            5.65021e-01  1.00000e-01     no limits
     3 theta        2.08569e-03  1.00000e-01     no limits
     4 pileup       9.99700e-04  1.00000e-01     no limits
 **********
 **    5 **MIGRAD
 **********
 FIRST CALL TO USER FUNCTION AT NEW START POINT, WITH IFLAG=4.
 START MIGRAD MINIMIZATION.  STRATEGY  1.  CONVERGENCE WHEN EDM .LT. 1.00e-04
 FCN=-2.37863e+11 FROM MIGRAD    STATUS=INITIATE       14 CALLS         581 TOTAL
                     EDM= unknown      STRATEGY= 1      NO ERROR MATRIX       
  EXT PARAMETER               CURRENT GUESS       STEP         FIRST   
  NO.   NAME      VALUE            ERROR          SIZE      DERIVATIVE 
   1  norm         5.58900e+05   1.00000e-01   1.00000e-01   1.64953e-02
   2  Q            5.65021e-01   1.00000e-01   1.00000e-01   6.56085e+06
   3  theta        2.08569e-03   1.00000e-01   1.00000e-01   1.38332e+04
   4  pileup       9.99700e-04   1.00000e-01   1.00000e-01  -9.18009e+11
 MIGRAD FAILS TO FIND IMPROVEMENT
 EIGENVALUES OF SECOND-DERIVATIVE MATRIX:
        -1.1446e-02  3.5918e-01  9.1680e-01  2.7355e+00
 MINUIT WARNING IN HESSE   
 ============== MATRIX FORCED POS-DEF BY ADDING 0.014181 TO DIAGONAL.
 FCN=-2.37863e+11 FROM HESSE     STATUS=NOT POSDEF     29 CALLS         621 TOTAL
                     EDM=0.0816283    STRATEGY= 1      ERR MATRIX NOT POS-DEF
  EXT PARAMETER                APPROXIMATE        STEP         FIRST   
  NO.   NAME      VALUE            ERROR          SIZE      DERIVATIVE 
   1  norm         5.58900e+05   6.39550e+01   2.66504e+00   1.63464e-02
   2  Q            5.65021e-01   6.51023e-06   1.00000e-03   5.27722e+04
   3  theta        2.08569e-03   6.21920e-03   1.00000e-01   2.34833e+01
   4  pileup       9.99700e-04   9.19108e-08   1.00000e-02   6.32856e+04
 MIGRAD FAILS TO FIND IMPROVEMENT
 MACHINE ACCURACY LIMITS FURTHER IMPROVEMENT.
 MIGRAD MINIMIZATION HAS CONVERGED.
 MIGRAD WILL VERIFY CONVERGENCE AND ERROR MATRIX.
 EIGENVALUES OF SECOND-DERIVATIVE MATRIX:
        -1.8013e-01  4.1474e-01  6.7000e-01  3.0954e+00
 MINUIT WARNING IN HESSE   
 ============== MATRIX FORCED POS-DEF BY ADDING 0.183230 TO DIAGONAL.
 MIGRAD TERMINATED WITHOUT CONVERGENCE.
 FCN=-2.37863e+11 FROM MIGRAD    STATUS=FAILED        186 CALLS         753 TOTAL
                     EDM=0.0133975    STRATEGY= 1      ERR MATRIX NOT POS-DEF
  EXT PARAMETER                APPROXIMATE        STEP         FIRST   
  NO.   NAME      VALUE            ERROR          SIZE      DERIVATIVE 
   1  norm         5.58899e+05   2.00242e+01   1.72561e+03  -8.50279e-03
   2  Q            5.65021e-01   5.42984e-06   5.54975e-04  -2.46865e+04
   3  theta        2.16613e-03   2.05079e-03   4.26904e-01   5.91328e+01
   4  pileup       9.99700e-04   1.29732e-07   2.09846e-05  -9.16198e+04
 EXTERNAL ERROR MATRIX.    NDIM=  25    NPAR=  4    ERR DEF=1
  4.010e+02 -1.003e-04 -3.697e-02  1.643e-06 
 -1.003e-04  2.948e-11  1.108e-08 -4.953e-13 
 -3.697e-02  1.108e-08  4.206e-06 -1.785e-10 
  1.643e-06 -4.953e-13 -1.785e-10  1.683e-14 
ERR MATRIX NOT POS-DEF
 PARAMETER  CORRELATION COEFFICIENTS  
       NO.  GLOBAL      1      2      3      4
        1  0.94304   1.000 -0.922 -0.900  0.632
        2  0.99769  -0.922  1.000  0.995 -0.703
        3  0.99683  -0.900  0.995  1.000 -0.671
        4  0.78108   0.632 -0.703 -0.671  1.000
 ERR MATRIX NOT POS-DEF
 **********
 **    6 **MIGRAD 
 **********
 START MIGRAD MINIMIZATION.  STRATEGY  1.  CONVERGENCE WHEN EDM .LT. 1.00e-04
 FCN=-2.37863e+11 FROM MIGRAD    STATUS=INITIATE        8 CALLS         761 TOTAL
                     EDM=8.67573    STRATEGY= 1      ERR MATRIX NOT POS-DEF
  EXT PARAMETER                APPROXIMATE        STEP         FIRST   
  NO.   NAME      VALUE            ERROR          SIZE      DERIVATIVE 
   1  norm         5.58899e+05   2.00242e+01   1.72561e+03  -1.87389e-02
   2  Q            5.65021e-01   5.42984e-06   5.54975e-04  -2.46065e+04
   3  theta        2.16613e-03   2.05079e-03   4.26904e-01   2.56788e+03
   4  pileup       9.99700e-04   1.29732e-07   2.09846e-05  -4.60277e+06
 EIGENVALUES OF SECOND-DERIVATIVE MATRIX:
        -7.8229e-02  4.7358e-01  1.0498e+00  2.5549e+00
 MINUIT WARNING IN MIGRAD  
 ============== MATRIX FORCED POS-DEF BY ADDING 0.080784 TO DIAGONAL.
 MIGRAD FAILS TO FIND IMPROVEMENT
 EIGENVALUES OF SECOND-DERIVATIVE MATRIX:
        -1.7992e-01  4.1480e-01  6.6999e-01  3.0951e+00
 MINUIT WARNING IN HESSE   
 ============== MATRIX FORCED POS-DEF BY ADDING 0.183015 TO DIAGONAL.
 FCN=-2.37863e+11 FROM HESSE     STATUS=NOT POSDEF     31 CALLS         827 TOTAL
                     EDM=0.00292662    STRATEGY= 1      ERR MATRIX NOT POS-DEF
  EXT PARAMETER                APPROXIMATE        STEP         FIRST   
  NO.   NAME      VALUE            ERROR          SIZE      DERIVATIVE 
   1  norm         5.58899e+05   2.00437e+01   1.72561e+03  -4.96046e-03
   2  Q            5.65021e-01   5.43041e-06   5.54975e-04  -1.36578e+04
   3  theta        2.12446e-03   2.04946e-03   4.27127e-01   5.61551e+01
   4  pileup       9.99702e-04   1.29833e-07   2.09859e-05   4.59797e+05
 MINUIT WARNING IN MIGRAD  
 ============== Negative diagonal element 3 in Error Matrix
 MINUIT WARNING IN MIGRAD  
 ============== 1 added to diagonal of error matrix
 MIGRAD FAILS TO FIND IMPROVEMENT
 MACHINE ACCURACY LIMITS FURTHER IMPROVEMENT.
 MIGRAD MINIMIZATION HAS CONVERGED.
 MIGRAD WILL VERIFY CONVERGENCE AND ERROR MATRIX.
 EIGENVALUES OF SECOND-DERIVATIVE MATRIX:
        -1.9768e-04  2.9499e-01  8.5039e-01  2.8548e+00
 MINUIT WARNING IN HESSE   
 ============== MATRIX FORCED POS-DEF BY ADDING 0.003052 TO DIAGONAL.
 MIGRAD TERMINATED WITHOUT CONVERGENCE.
 FCN=-2.37863e+11 FROM MIGRAD    STATUS=FAILED        127 CALLS         880 TOTAL
                     EDM=0.00658221    STRATEGY= 1      ERR MATRIX NOT POS-DEF
  EXT PARAMETER                APPROXIMATE        STEP         FIRST   
  NO.   NAME      VALUE            ERROR          SIZE      DERIVATIVE 
   1  norm         5.58900e+05   9.58097e+01   6.90242e+02  -1.66351e-04
   2  Q            5.65021e-01   3.09496e-05   9.55814e-05   9.97762e+02
   3  theta        2.08407e-03   2.86555e-03   4.22629e-02   8.36720e+00
   4  pileup       9.99702e-04   1.08310e-07   8.39437e-06   8.25708e+05
 EXTERNAL ERROR MATRIX.    NDIM=  25    NPAR=  4    ERR DEF=1
  9.179e+03 -2.950e-03 -7.450e-03 -5.093e-08 
 -2.950e-03  9.579e-10  8.045e-09  4.540e-14 
 -7.450e-03  8.045e-09  8.211e-06  1.564e-10 
 -5.093e-08  4.540e-14  1.564e-10  1.173e-14 
ERR MATRIX NOT POS-DEF
 PARAMETER  CORRELATION COEFFICIENTS  
       NO.  GLOBAL      1      2      3      4
        1  0.99714   1.000 -0.995 -0.027 -0.005
        2  0.99717  -0.995  1.000  0.091  0.014
        3  0.77065  -0.027  0.091  1.000  0.504
        4  0.58311  -0.005  0.014  0.504  1.000
 ERR MATRIX NOT POS-DEF
status of the fit-----000------4
1  558900
2  0.565021
3  0.00208407
4  0.000999702
 **********
 **    7 **SET PRINT           2
 **********
 **********
 **    8 **SET NOGRAD
 **********
 PARAMETER DEFINITIONS:
    NO.   NAME         VALUE      STEP SIZE      LIMITS
     1 p0           5.58000e+05  1.67400e+05     no limits
     2 p1           5.65000e-01  1.69500e-01     no limits
     3 p2           0.00000e+00  3.00000e-01     no limits
     4 p3           9.99871e-04  2.99961e-04     no limits
 **********
 **    9 **SET ERR         0.5
 **********
 **********
 **   10 **SET PRINT           2
 **********
 **********
 **   11 **SET STR           1
 **********
 NOW USING STRATEGY  1: TRY TO BALANCE SPEED AGAINST RELIABILITY
 **********
 **   12 **MIGRAD        1480        0.01
 **********
 FIRST CALL TO USER FUNCTION AT NEW START POINT, WITH IFLAG=4.
 START MIGRAD MINIMIZATION.  STRATEGY  1.  CONVERGENCE WHEN EDM .LT. 1.00e-05
 FCN=17097.4 FROM MIGRAD    STATUS=INITIATE       18 CALLS          19 TOTAL
                     EDM= unknown      STRATEGY= 1      NO ERROR MATRIX       
  EXT PARAMETER               CURRENT GUESS       STEP         FIRST   
  NO.   NAME      VALUE            ERROR          SIZE      DERIVATIVE 
   1  p0           5.58000e+05   1.67400e+05   1.67400e+05  -3.60507e+01
   2  p1           5.65000e-01   1.69500e-01   1.69500e-01  -1.11910e+08
   3  p2           0.00000e+00   3.00000e-01   3.00000e-01   0.00000e+00
   4  p3           9.99871e-04   2.99961e-04   2.99961e-04  -1.00985e+09
                               ERR DEF= 0.5
NO ERROR MATRIX       
 FCN=451.907 FROM MIGRAD    STATUS=PROGRESS       34 CALLS          35 TOTAL
                     EDM=1242.14    STRATEGY= 1      NO ERROR MATRIX       
  EXT PARAMETER               CURRENT GUESS       STEP         FIRST   
  NO.   NAME      VALUE            ERROR          SIZE      DERIVATIVE 
   1  p0           5.58436e+05   1.67400e+05   4.36192e+02  -8.08594e-01
   2  p1           5.65141e-01   1.69500e-01   1.40663e-04  -2.48587e+06
   3  p2           0.00000e+00   3.00000e-01  -0.00000e+00   0.00000e+00
   4  p3           1.00168e-03   2.99961e-04   1.81133e-06   3.89002e+08
                               ERR DEF= 0.5
 MIGRAD MINIMIZATION HAS CONVERGED.
 MIGRAD WILL VERIFY CONVERGENCE AND ERROR MATRIX.
   START COVARIANCE MATRIX CALCULATION.
 MINUIT WARNING IN HESSE   
 ============== Negative diagonal element 3 in Error Matrix
 MINUIT WARNING IN HESSE   
 ============== 14597.9 added to diagonal of error matrix
 EIGENVALUES OF SECOND-DERIVATIVE MATRIX:
        -1.5643e+01  9.8298e-01  1.0001e+00  1.7660e+01
 MINUIT WARNING IN HESSE   
 ============== MATRIX FORCED POS-DEF BY ADDING 15.660667 TO DIAGONAL.
 FCN=70.7842 FROM MIGRAD    STATUS=CONVERGED      84 CALLS          85 TOTAL
                     EDM=7.42482e-06    STRATEGY= 1      ERR MATRIX NOT POS-DEF
  EXT PARAMETER                APPROXIMATE        STEP         FIRST   
  NO.   NAME      VALUE            ERROR          SIZE      DERIVATIVE 
   1  p0           5.58472e+05   2.02772e-03   2.66300e-01  -1.60499e-05
   2  p1           5.65152e-01   4.06240e-07   2.69486e-07   2.29390e+01
   3  p2           0.00000e+00   5.32265e+00   4.98488e-05   0.00000e+00
   4  p3           9.99872e-04   3.27917e-07   4.76776e-10   8.30654e+03
                               ERR DEF= 0.5
 EXTERNAL ERROR MATRIX.    NDIM=  25    NPAR=  4    ERR DEF=0.5
  4.112e-06 -3.959e-14  4.855e-06  2.978e-13 
 -3.959e-14  1.650e-13  2.298e-07  1.402e-14 
  4.855e-06  2.298e-07  2.833e+01  1.744e-06 
  2.978e-13  1.402e-14  1.744e-06  1.075e-13 
ERR MATRIX NOT POS-DEF
 PARAMETER  CORRELATION COEFFICIENTS  
       NO.  GLOBAL      1      2      3      4
        1  0.00046   1.000 -0.000  0.000  0.000
        2  0.10817  -0.000  1.000  0.106  0.105
        3  0.99894   0.000  0.106  1.000  0.999
        4  0.99894   0.000  0.105  0.999  1.000
 ERR MATRIX NOT POS-DEF
 **********
 **   13 **HESSE        1480
 **********
   START COVARIANCE MATRIX CALCULATION.
 MINUIT WARNING IN HESSE   
 ============== Negative diagonal element 3 in Error Matrix
 MINUIT WARNING IN HESSE   
 ============== 14597.9 added to diagonal of error matrix
 EIGENVALUES OF SECOND-DERIVATIVE MATRIX:
        -3.3130e-01  6.8501e-01  1.0000e+00  2.6463e+00
 MINUIT WARNING IN HESSE   
 ============== MATRIX FORCED POS-DEF BY ADDING 0.333944 TO DIAGONAL.
 FCN=70.7842 FROM HESSE     STATUS=NOT POSDEF     27 CALLS         112 TOTAL
                     EDM=0.000184646    STRATEGY= 1      ERR MATRIX NOT POS-DEF
  EXT PARAMETER                APPROXIMATE     INTERNAL      INTERNAL  
  NO.   NAME      VALUE            ERROR       STEP SIZE       VALUE   
   1  p0           5.58472e+05   7.16921e-03   1.33150e-01   5.58472e+05
   2  p1           5.65152e-01   1.00034e-05   1.34743e-07   5.65152e-01
   3  p2           0.00000e+00   1.43865e+01   4.98488e-05   0.00000e+00
   4  p3           9.99872e-04   7.25034e-07   1.05856e-08   9.99872e-04
                               ERR DEF= 0.5
 EXTERNAL ERROR MATRIX.    NDIM=  25    NPAR=  4    ERR DEF=0.5
  5.140e-05  2.059e-09  3.011e-03  1.513e-10 
  2.059e-09  1.001e-10  1.423e-04  7.131e-12 
  3.011e-03  1.423e-04  2.070e+02  1.040e-05 
  1.513e-10  7.131e-12  1.040e-05  5.257e-13 
ERR MATRIX NOT POS-DEF
 PARAMETER  CORRELATION COEFFICIENTS  
       NO.  GLOBAL      1      2      3      4
        1  0.02922   1.000  0.029  0.029  0.029
        2  0.98977   0.029  1.000  0.989  0.983
        3  0.99819   0.029  0.989  1.000  0.997
        4  0.99723   0.029  0.983  0.997  1.000
 ERR MATRIX NOT POS-DEF
 EXTERNAL ERROR MATRIX.    NDIM=   4    NPAR=  4    ERR DEF=0.5
  5.140e-05  2.059e-09  3.011e-03  1.513e-10 
  2.059e-09  1.001e-10  1.423e-04  7.131e-12 
  3.011e-03  1.423e-04  2.070e+02  1.040e-05 
  1.513e-10  7.131e-12  1.040e-05  5.257e-13 
 FCN=70.7842 FROM HESSE     STATUS=NOT POSDEF     27 CALLS         112 TOTAL
                     EDM=0.000184646    STRATEGY= 1      ERR MATRIX NOT POS-DEF
  EXT PARAMETER                  PARABOLIC         MINOS ERRORS        
  NO.   NAME      VALUE            ERROR      NEGATIVE      POSITIVE   
   1  p0           5.58472e+05   7.16921e-03                            
   2  p1           5.65152e-01   1.00034e-05                            
   3  p2           0.00000e+00   1.43865e+01                            
   4  p3           9.99872e-04   7.25034e-07                            
                               ERR DEF= 0.5
------------------------------------------
Enering ROOFIt-------
 PARAMETER DEFINITIONS:
    NO.   NAME         VALUE      STEP SIZE      LIMITS
     1 norm         5.58472e+05  1.00000e-01     no limits
     2 Q            5.65000e-01  1.00000e-01     no limits
     3 theta        0.00000e+00  1.00000e-01     no limits
     4 pileup       9.99872e-04  1.00000e-01     no limits
 **********
 **    1 **MIGRAD
 **********
 FIRST CALL TO USER FUNCTION AT NEW START POINT, WITH IFLAG=4.
 START MIGRAD MINIMIZATION.  STRATEGY  1.  CONVERGENCE WHEN EDM .LT. 1.00e-04
 FCN=-2.37858e+11 FROM MIGRAD    STATUS=INITIATE       14 CALLS          15 TOTAL
                     EDM= unknown      STRATEGY= 1      NO ERROR MATRIX       
  EXT PARAMETER               CURRENT GUESS       STEP         FIRST   
  NO.   NAME      VALUE            ERROR          SIZE      DERIVATIVE 
   1  norm         5.58472e+05   1.00000e-01   1.00000e-01  -1.80247e+01
   2  Q            5.65000e-01   1.00000e-01   1.00000e-01  -2.68809e+08
   3  theta        0.00000e+00   1.00000e-01   1.00000e-01   0.00000e+00
   4  pileup       9.99872e-04   1.00000e-01   1.00000e-01  -9.18706e+11
 MIGRAD FAILS TO FIND IMPROVEMENT
 EIGENVALUES OF SECOND-DERIVATIVE MATRIX:
        -1.0034e-01  4.8937e-01  6.6594e-01  2.9450e+00
 MINUIT WARNING IN HESSE   
 ============== MATRIX FORCED POS-DEF BY ADDING 0.103285 TO DIAGONAL.
 FCN=-2.37858e+11 FROM HESSE     STATUS=NOT POSDEF     27 CALLS          93 TOTAL
                     EDM=730.976    STRATEGY= 1      ERR MATRIX NOT POS-DEF
  EXT PARAMETER                APPROXIMATE        STEP         FIRST   
  NO.   NAME      VALUE            ERROR          SIZE      DERIVATIVE 
   1  norm         5.58881e+05   1.39806e+01   2.66300e+02   5.12362e-01
   2  Q            5.65005e-01   4.96649e-06   5.55019e-04   1.62414e+06
   3  theta        0.00000e+00   9.49109e-03   1.16492e-01   0.00000e+00
   4  pileup       1.00215e-03   9.78193e-08   2.10171e-05   5.30493e+08
 MIGRAD FAILS TO FIND IMPROVEMENT
 MACHINE ACCURACY LIMITS FURTHER IMPROVEMENT.
 MIGRAD MINIMIZATION HAS CONVERGED.
 MIGRAD WILL VERIFY CONVERGENCE AND ERROR MATRIX.
 EIGENVALUES OF SECOND-DERIVATIVE MATRIX:
        -4.0656e-04  4.0386e-01  8.5176e-01  2.7448e+00
 MINUIT WARNING IN HESSE   
 ============== MATRIX FORCED POS-DEF BY ADDING 0.003151 TO DIAGONAL.
 MIGRAD TERMINATED WITHOUT CONVERGENCE.
 FCN=-2.37858e+11 FROM MIGRAD    STATUS=FAILED        178 CALLS         179 TOTAL
                     EDM=4.77029    STRATEGY= 1      ERR MATRIX NOT POS-DEF
  EXT PARAMETER                APPROXIMATE        STEP         FIRST   
  NO.   NAME      VALUE            ERROR          SIZE      DERIVATIVE 
   1  norm         5.58928e+05   9.73173e+01   1.72558e+03  -6.26967e-02
   2  Q            5.65004e-01   3.16685e-05   9.41972e-05  -1.93981e+05
   3  theta       -2.12571e-03   1.01392e-03   1.07405e-01   2.53057e+01
   4  pileup       1.00002e-03   1.02628e-07   2.09865e-05   2.92678e+07
 EXTERNAL ERROR MATRIX.    NDIM=  25    NPAR=  4    ERR DEF=1
  9.471e+03 -3.069e-03 -1.942e-02 -6.492e-07 
 -3.069e-03  1.003e-09  7.840e-09  1.968e-13 
 -1.942e-02  7.840e-09  1.028e-06  4.278e-11 
 -6.492e-07  1.968e-13  4.278e-11  1.053e-14 
ERR MATRIX NOT POS-DEF
 PARAMETER  CORRELATION COEFFICIENTS  
       NO.  GLOBAL      1      2      3      4
        1  0.99723   1.000 -0.996 -0.197 -0.065
        2  0.99730  -0.996  1.000  0.244  0.061
        3  0.70050  -0.197  0.244  1.000  0.411
        4  0.51464  -0.065  0.061  0.411  1.000
 ERR MATRIX NOT POS-DEF
 **********
 **    2 **MIGRAD 
 **********
 START MIGRAD MINIMIZATION.  STRATEGY  1.  CONVERGENCE WHEN EDM .LT. 1.00e-04
 FCN=-2.37858e+11 FROM MIGRAD    STATUS=INITIATE        8 CALLS         187 TOTAL
                     EDM=2.50078    STRATEGY= 1      ERR MATRIX NOT POS-DEF
  EXT PARAMETER                APPROXIMATE        STEP         FIRST   
  NO.   NAME      VALUE            ERROR          SIZE      DERIVATIVE 
   1  norm         5.58928e+05   9.73173e+01   1.72558e+03  -7.29313e-02
   2  Q            5.65004e-01   3.16685e-05   9.41972e-05  -1.93658e+05
   3  theta       -2.12571e-03   1.01392e-03   1.07405e-01  -2.54497e+03
   4  pileup       1.00002e-03   1.02628e-07   2.09865e-05   2.47590e+07
 MIGRAD FAILS TO FIND IMPROVEMENT
 COVARIANCE MATRIX CALCULATED SUCCESSFULLY
 FCN=-2.37858e+11 FROM HESSE     STATUS=OK             31 CALLS         248 TOTAL
                     EDM=1.83408    STRATEGY= 1      ERROR MATRIX ACCURATE 
  EXT PARAMETER                                   STEP         FIRST   
  NO.   NAME      VALUE            ERROR          SIZE      DERIVATIVE 
   1  norm         5.58956e+05   9.22578e+00   1.72573e+03   1.70989e-01
   2  Q            5.64997e-01   1.05306e-06   5.54957e-04   5.31450e+05
   3  theta       -1.38759e-03   5.22039e-04   4.29622e-01   2.04730e+01
   4  pileup       9.99948e-04   1.05861e-07   2.09890e-05   1.96232e+07
 EIGENVALUES OF SECOND-DERIVATIVE MATRIX:
        -7.2526e-02  4.1163e-01  1.4180e+00  2.2429e+00
 MINUIT WARNING IN MIGRAD  
 ============== MATRIX FORCED POS-DEF BY ADDING 0.074769 TO DIAGONAL.
 MIGRAD FAILS TO FIND IMPROVEMENT
 MACHINE ACCURACY LIMITS FURTHER IMPROVEMENT.
 MIGRAD MINIMIZATION HAS CONVERGED.
 FCN=-2.37858e+11 FROM MIGRAD    STATUS=CONVERGED     136 CALLS         315 TOTAL
                     EDM=1.56383    STRATEGY= 1  ERROR MATRIX UNCERTAINTY   4.0 per cent
  EXT PARAMETER                                   STEP         FIRST   
  NO.   NAME      VALUE            ERROR          SIZE      DERIVATIVE 
   1  norm         5.58953e+05   7.72735e+00  -0.00000e+00  -5.41236e-02
   2  Q            5.64997e-01   1.21712e-07  -0.00000e+00   3.13885e+04
   3  theta       -1.48412e-03   1.51273e-04   0.00000e+00  -1.80302e+03
   4  pileup       9.99896e-04   6.91509e-08   0.00000e+00  -2.52102e+07
 EXTERNAL ERROR MATRIX.    NDIM=  25    NPAR=  4    ERR DEF=1
  5.971e+01 -2.330e-07  2.896e-04 -1.840e-07 
 -2.330e-07  1.481e-14 -1.841e-11 -3.486e-15 
  2.896e-04 -1.841e-11  2.288e-08  4.333e-12 
 -1.840e-07 -3.486e-15  4.333e-12  4.782e-15 
 PARAMETER  CORRELATION COEFFICIENTS  
       NO.  GLOBAL      1      2      3      4
        1  0.55014   1.000 -0.248  0.248 -0.344
        2  0.99999  -0.248  1.000 -1.000 -0.414
        3  0.99999   0.248 -1.000  1.000  0.414
        4  0.62013  -0.344 -0.414  0.414  1.000
status of the fit-----000------0
1  558953
2  0.564997
3  -0.00148412
4  0.000999896
 **********
 **   14 **SET PRINT           2
 **********
 **********
 **   15 **SET NOGRAD
 **********
 PARAMETER DEFINITIONS:
    NO.   NAME         VALUE      STEP SIZE      LIMITS
     1 p0           5.58000e+05  1.67400e+05     no limits
     2 p1           5.65000e-01  1.69500e-01     no limits
     3 p2           0.00000e+00  3.00000e-01     no limits
     4 p3           9.99871e-04  2.99961e-04     no limits
 **********
 **   16 **SET ERR         0.5
 **********
 **********
 **   17 **SET PRINT           2
 **********
 **********
 **   18 **SET STR           1
 **********
 NOW USING STRATEGY  1: TRY TO BALANCE SPEED AGAINST RELIABILITY
 **********
 **   19 **MIGRAD        1480        0.01
 **********
 FIRST CALL TO USER FUNCTION AT NEW START POINT, WITH IFLAG=4.
 START MIGRAD MINIMIZATION.  STRATEGY  1.  CONVERGENCE WHEN EDM .LT. 1.00e-05
 FCN=17270.8 FROM MIGRAD    STATUS=INITIATE       18 CALLS          19 TOTAL
                     EDM= unknown      STRATEGY= 1      NO ERROR MATRIX       
  EXT PARAMETER               CURRENT GUESS       STEP         FIRST   
  NO.   NAME      VALUE            ERROR          SIZE      DERIVATIVE 
   1  p0           5.58000e+05   1.67400e+05   1.67400e+05  -3.62365e+01
   2  p1           5.65000e-01   1.69500e-01   1.69500e-01  -1.12481e+08
   3  p2           0.00000e+00   3.00000e-01   3.00000e-01   0.00000e+00
   4  p3           9.99871e-04   2.99961e-04   2.99961e-04  -9.76647e+08
                               ERR DEF= 0.5
NO ERROR MATRIX       
 FCN=495.173 FROM MIGRAD    STATUS=PROGRESS       34 CALLS          35 TOTAL
                     EDM=1401.11    STRATEGY= 1      NO ERROR MATRIX       
  EXT PARAMETER               CURRENT GUESS       STEP         FIRST   
  NO.   NAME      VALUE            ERROR          SIZE      DERIVATIVE 
   1  p0           5.58439e+05   1.67400e+05   4.39154e+02  -8.28957e-01
   2  p1           5.65142e-01   1.69500e-01   1.41612e-04  -2.54414e+06
   3  p2           0.00000e+00   3.00000e-01  -0.00000e+00   0.00000e+00
   4  p3           1.00163e-03   2.99961e-04   1.75485e-06   4.13953e+08
                               ERR DEF= 0.5
 MIGRAD MINIMIZATION HAS CONVERGED.
 MIGRAD WILL VERIFY CONVERGENCE AND ERROR MATRIX.
   START COVARIANCE MATRIX CALCULATION.
 MINUIT WARNING IN HESSE   
 ============== Negative diagonal element 3 in Error Matrix
 MINUIT WARNING IN HESSE   
 ============== 9480.77 added to diagonal of error matrix
 EIGENVALUES OF SECOND-DERIVATIVE MATRIX:
        -2.6237e+00  9.9997e-01  1.2182e+00  4.4055e+00
 MINUIT WARNING IN HESSE   
 ============== MATRIX FORCED POS-DEF BY ADDING 2.628100 TO DIAGONAL.
 FCN=65.3704 FROM HESSE     STATUS=NOT POSDEF     27 CALLS         156 TOTAL
                     EDM=6.28468e-05    STRATEGY= 1      ERR MATRIX NOT POS-DEF
  EXT PARAMETER                APPROXIMATE        STEP         FIRST   
  NO.   NAME      VALUE            ERROR          SIZE      DERIVATIVE 
   1  p0           5.59667e+05   5.39430e-03   2.66870e-01  -5.89126e-05
   2  p1           5.64771e-01   7.21968e-06   2.69304e-07  -1.72573e+02
   3  p2           0.00000e+00   1.04614e+01   5.16753e-05   0.00000e+00
   4  p3           9.99727e-04   6.24596e-07   4.76707e-10   1.59692e+04
                               ERR DEF= 0.5
 PARAMETER  CORRELATION COEFFICIENTS  
       NO.  GLOBAL      1      2      3      4
        1  0.03014   1.000  0.030  0.030 -0.030
        2  0.99280   0.030  1.000  0.993 -0.992
        3  0.99874   0.030  0.993  1.000 -0.999
        4  0.99860  -0.030 -0.992 -0.999  1.000
 ERR MATRIX NOT POS-DEF
 FCN=65.3691 FROM MIGRAD    STATUS=PROGRESS      167 CALLS         168 TOTAL
                     EDM=248595    STRATEGY= 1      ERR MATRIX NOT POS-DEF
  EXT PARAMETER                APPROXIMATE        STEP         FIRST   
  NO.   NAME      VALUE            ERROR          SIZE      DERIVATIVE 
   1  p0           5.59667e+05   5.39430e-03   9.10843e-08  -7.56018e-02
   2  p1           5.64771e-01   7.21968e-06   4.02132e-09  -2.36689e+05
   3  p2           5.85691e-03   1.04614e+01   5.85691e-03   6.72385e+01
   4  p3           9.99727e-04   6.24596e-07  -3.50093e-10  -5.45389e+06
                               ERR DEF= 0.5
 MIGRAD FAILS TO FIND IMPROVEMENT
 MIGRAD TERMINATED WITHOUT CONVERGENCE.
 FCN=65.2689 FROM MIGRAD    STATUS=FAILED        256 CALLS         257 TOTAL
                     EDM=0.0010134    STRATEGY= 1      ERR MATRIX NOT POS-DEF
  EXT PARAMETER                APPROXIMATE        STEP         FIRST   
  NO.   NAME      VALUE            ERROR          SIZE      DERIVATIVE 
   1  p0           5.59667e+05   5.39188e-03  -0.00000e+00   3.61691e-04
   2  p1           5.64771e-01   2.08481e-06  -0.00000e+00   1.49477e+02
   3  p2           5.89556e-03   6.33122e-03  -0.00000e+00  -3.14835e-02
   4  p3           9.99742e-04   4.78629e-08  -0.00000e+00   6.50088e+03
                               ERR DEF= 0.5
 EXTERNAL ERROR MATRIX.    NDIM=  25    NPAR=  4    ERR DEF=0.5
  2.907e-05  2.797e-11  7.467e-08  4.304e-13 
  2.797e-11  4.346e-12  7.561e-09  1.093e-14 
  7.467e-08  7.561e-09  4.008e-05  1.457e-10 
  4.304e-13  1.093e-14  1.457e-10  2.291e-15 
ERR MATRIX NOT POS-DEF
 PARAMETER  CORRELATION COEFFICIENTS  
       NO.  GLOBAL      1      2      3      4
        1  0.00287   1.000  0.002  0.002  0.002
        2  0.60324   0.002  1.000  0.573  0.110
        3  0.71059   0.002  0.573  1.000  0.481
        4  0.52154   0.002  0.110  0.481  1.000
 ERR MATRIX NOT POS-DEF
 FCN=65.2689 FROM MIGRAD    STATUS=FAILED        256 CALLS         257 TOTAL
                     EDM=0.0010134    STRATEGY= 1      ERR MATRIX NOT POS-DEF
  EXT PARAMETER                  PARABOLIC         MINOS ERRORS        
  NO.   NAME      VALUE            ERROR      NEGATIVE      POSITIVE   
   1  p0           5.59667e+05   5.39188e-03                            
   2  p1           5.64771e-01   2.08481e-06                            
   3  p2           5.89556e-03   6.33122e-03                            
   4  p3           9.99742e-04   4.78629e-08                            
                               ERR DEF= 0.5
 **********
 **   20 **SET PRINT           2
 **********
 **********
 **   21 **SET NOGRAD
 **********
 PARAMETER DEFINITIONS:
    NO.   NAME         VALUE      STEP SIZE      LIMITS
     1 p0           5.59667e+05  5.39188e-03     no limits
     2 p1           5.64771e-01  2.08481e-06     no limits
     3 p2           5.89556e-03  6.33122e-03     no limits
     4 p3           9.99742e-04  4.78629e-08     no limits
 **********
 **   22 **SET ERR         0.5
 **********
 **********
 **   23 **SET PRINT           2
 **********
 **********
 **   24 **SET STR           1
 **********
 NOW USING STRATEGY  1: TRY TO BALANCE SPEED AGAINST RELIABILITY
 **********
 **   25 **MIGRAD        1480        0.01
 **********
 FIRST CALL TO USER FUNCTION AT NEW START POINT, WITH IFLAG=4.
 START MIGRAD MINIMIZATION.  STRATEGY  1.  CONVERGENCE WHEN EDM .LT. 1.00e-05
 FCN=65.2689 FROM MIGRAD    STATUS=INITIATE       10 CALLS          11 TOTAL
                     EDM= unknown      STRATEGY= 1      NO ERROR MATRIX       
  EXT PARAMETER               CURRENT GUESS       STEP         FIRST   
  NO.   NAME      VALUE            ERROR          SIZE      DERIVATIVE 
   1  p0           5.59667e+05   5.39188e-03   5.39188e-03   3.61691e-04
   2  p1           5.64771e-01   2.08481e-06   2.08481e-06   1.49477e+02
   3  p2           5.89556e-03   6.33122e-03   6.33122e-03  -6.28436e-02
   4  p3           9.99742e-04   4.78629e-08   4.78629e-08   1.11316e+04
                               ERR DEF= 0.5
NO ERROR MATRIX       
 MIGRAD FAILS TO FIND IMPROVEMENT
   START COVARIANCE MATRIX CALCULATION.
 EIGENVALUES OF SECOND-DERIVATIVE MATRIX:
         1.8638e-03  4.2541e-01  8.7078e-01  2.7019e+00
 COVARIANCE MATRIX CALCULATED SUCCESSFULLY
 FCN=65.2689 FROM HESSE     STATUS=OK             27 CALLS          43 TOTAL
                     EDM=0.000336846    STRATEGY= 1      ERROR MATRIX ACCURATE 
  EXT PARAMETER                                   STEP         FIRST   
  NO.   NAME      VALUE            ERROR          SIZE      DERIVATIVE 
   1  p0           5.59667e+05   8.34462e+01   2.66870e-01   3.58952e-04
   2  p1           5.64771e-01   2.71521e-05   2.69304e-07   1.53249e+02
   3  p2           5.89556e-03   6.07152e-03   2.53090e-05  -2.24578e-01
   4  p3           9.99742e-04   7.04076e-08   4.78629e-10   3.22465e+04
                               ERR DEF= 0.5
 PARAMETER  CORRELATION COEFFICIENTS  
       NO.  GLOBAL      1      2      3      4
        1  0.99811   1.000 -0.997 -0.297 -0.146
        2  0.99816  -0.997  1.000  0.333  0.142
        3  0.70361  -0.297  0.333  1.000  0.424
        4  0.51721  -0.146  0.142  0.424  1.000
 FCN=65.2634 FROM MIGRAD    STATUS=PROGRESS       53 CALLS          54 TOTAL
                     EDM=0.00474255    STRATEGY= 1      ERROR MATRIX ACCURATE 
  EXT PARAMETER                                   STEP         FIRST   
  NO.   NAME      VALUE            ERROR          SIZE      DERIVATIVE 
   1  p0           5.59635e+05   8.34462e+01  -3.23919e+01  -2.34203e-03
   2  p1           5.64782e-01   2.71521e-05   1.05247e-05  -8.45407e+03
   3  p2           6.61724e-03   6.07152e-03   7.21684e-04   1.93082e+01
   4  p3           9.99744e-04   7.04076e-08   2.20017e-09  -2.69932e+05
                               ERR DEF= 0.5
 MIGRAD FAILS TO FIND IMPROVEMENT
 MIGRAD TERMINATED WITHOUT CONVERGENCE.
 FCN=65.1522 FROM MIGRAD    STATUS=FAILED        156 CALLS         157 TOTAL
                     EDM=1.08e-05    STRATEGY= 1  ERROR MATRIX UNCERTAINTY 100.0 per cent
  EXT PARAMETER                APPROXIMATE        STEP         FIRST   
  NO.   NAME      VALUE            ERROR          SIZE      DERIVATIVE 
   1  p0           5.58936e+05   8.88186e+00  -0.00000e+00  -1.18433e-05
   2  p1           5.65007e-01   3.31785e-06  -0.00000e+00  -6.18628e+01
   3  p2           8.67875e-03   2.74255e-03  -0.00000e+00   1.59476e-01
   4  p3           9.99744e-04   1.29288e-08   0.00000e+00  -7.07434e+03
                               ERR DEF= 0.5
 EXTERNAL ERROR MATRIX.    NDIM=  25    NPAR=  4    ERR DEF=0.5
  7.889e+01 -2.418e-05 -5.528e-03 -1.149e-07 
 -2.418e-05  1.101e-11  4.529e-09  3.484e-14 
 -5.528e-03  4.529e-09  7.522e-06  8.535e-12 
 -1.149e-07  3.484e-14  8.535e-12  1.672e-16 
ERR MATRIX APPROXIMATE
 PARAMETER  CORRELATION COEFFICIENTS  
       NO.  GLOBAL      1      2      3      4
        1  1.00092   1.000 -0.820 -0.227 -1.001
        2  0.79737  -0.820  1.000  0.498  0.812
        3  0.00000  -0.227  0.498  1.000  0.241
        4  1.00099  -1.001  0.812  0.241  1.000
 ERR MATRIX APPROXIMATE
 FCN=65.1522 FROM MIGRAD    STATUS=FAILED        156 CALLS         157 TOTAL
                     EDM=1.08e-05    STRATEGY= 1  ERROR MATRIX UNCERTAINTY 100.0 per cent
  EXT PARAMETER                  PARABOLIC         MINOS ERRORS        
  NO.   NAME      VALUE            ERROR      NEGATIVE      POSITIVE   
   1  p0           5.58936e+05   8.88186e+00                            
   2  p1           5.65007e-01   3.31785e-06                            
   3  p2           8.67875e-03   2.74255e-03                            
   4  p3           9.99744e-04   1.29288e-08                            
                               ERR DEF= 0.5
 **********
 **   26 **SET PRINT           2
 **********
 **********
 **   27 **SET NOGRAD
 **********
 PARAMETER DEFINITIONS:
    NO.   NAME         VALUE      STEP SIZE      LIMITS
     1 p0           5.58936e+05  8.88186e+00     no limits
     2 p1           5.65007e-01  3.31785e-06     no limits
     3 p2           8.67875e-03  2.74255e-03     no limits
     4 p3           9.99744e-04  1.29288e-08     no limits
 **********
 **   28 **SET ERR         0.5
 **********
 **********
 **   29 **SET PRINT           2
 **********
 **********
 **   30 **SET STR           1
 **********
 NOW USING STRATEGY  1: TRY TO BALANCE SPEED AGAINST RELIABILITY
 **********
 **   31 **MIGRAD        1480        0.01
 **********
 FIRST CALL TO USER FUNCTION AT NEW START POINT, WITH IFLAG=4.
 START MIGRAD MINIMIZATION.  STRATEGY  1.  CONVERGENCE WHEN EDM .LT. 1.00e-05
 FCN=65.1522 FROM MIGRAD    STATUS=INITIATE       10 CALLS          11 TOTAL
                     EDM= unknown      STRATEGY= 1      NO ERROR MATRIX       
  EXT PARAMETER               CURRENT GUESS       STEP         FIRST   
  NO.   NAME      VALUE            ERROR          SIZE      DERIVATIVE 
   1  p0           5.58936e+05   8.88186e+00   8.88186e+00  -1.18433e-05
   2  p1           5.65007e-01   3.31785e-06   3.31785e-06  -6.18628e+01
   3  p2           8.67875e-03   2.74255e-03   2.74255e-03   9.28954e-02
   4  p3           9.99744e-04   1.29288e-08   1.29288e-08  -7.07434e+03
                               ERR DEF= 0.5
NO ERROR MATRIX       
 MIGRAD FAILS TO FIND IMPROVEMENT
   START COVARIANCE MATRIX CALCULATION.
 EIGENVALUES OF SECOND-DERIVATIVE MATRIX:
         1.9690e-03  4.0675e-01  9.4149e-01  2.6498e+00
 COVARIANCE MATRIX CALCULATED SUCCESSFULLY
 FCN=65.1522 FROM HESSE     STATUS=OK             31 CALLS          45 TOTAL
                     EDM=2.59827e-05    STRATEGY= 1      ERROR MATRIX ACCURATE 
  EXT PARAMETER                                   STEP         FIRST   
  NO.   NAME      VALUE            ERROR          SIZE      DERIVATIVE 
   1  p0           5.58936e+05   8.17025e+01   2.66521e-01  -1.11122e-04
   2  p1           5.65007e-01   2.62285e-05   2.69416e-07  -6.96851e+01
   3  p2           8.67875e-03   3.66114e-03   1.66473e-05   5.41580e-01
   4  p3           9.99744e-04   7.53476e-08   4.76715e-10  -1.09665e+04
                               ERR DEF= 0.5
 PARAMETER  CORRELATION COEFFICIENTS  
       NO.  GLOBAL      1      2      3      4
        1  0.99804   1.000 -0.997  0.270  0.365
        2  0.99803  -0.997  1.000 -0.238 -0.367
        3  0.68971   0.270 -0.238  1.000  0.518
        4  0.62510   0.365 -0.367  0.518  1.000
 MIGRAD FAILS TO FIND IMPROVEMENT
 MIGRAD TERMINATED WITHOUT CONVERGENCE.
 FCN=65.1522 FROM MIGRAD    STATUS=FAILED         50 CALLS          51 TOTAL
                     EDM=2.59827e-05    STRATEGY= 1      ERR MATRIX APPROXIMATE
  EXT PARAMETER                APPROXIMATE        STEP         FIRST   
  NO.   NAME      VALUE            ERROR          SIZE      DERIVATIVE 
   1  p0           5.58936e+05   8.17025e+01   0.00000e+00  -1.11122e-04
   2  p1           5.65007e-01   2.62285e-05  -0.00000e+00  -6.96851e+01
   3  p2           8.67875e-03   3.66114e-03   0.00000e+00   5.41580e-01
   4  p3           9.99744e-04   7.53476e-08   0.00000e+00  -1.09665e+04
                               ERR DEF= 0.5
 EXTERNAL ERROR MATRIX.    NDIM=  25    NPAR=  4    ERR DEF=0.5
  6.675e+03 -2.137e-03  8.075e-02  2.250e-06 
 -2.137e-03  6.879e-10 -2.282e-08 -7.261e-13 
  8.075e-02 -2.282e-08  1.340e-05  1.429e-10 
  2.250e-06 -7.261e-13  1.429e-10  5.677e-15 
ERR MATRIX APPROXIMATE
 PARAMETER  CORRELATION COEFFICIENTS  
       NO.  GLOBAL      1      2      3      4
        1  0.99804   1.000 -0.997  0.270  0.365
        2  0.99803  -0.997  1.000 -0.238 -0.367
        3  0.68971   0.270 -0.238  1.000  0.518
        4  0.62510   0.365 -0.367  0.518  1.000
 ERR MATRIX APPROXIMATE
 FCN=65.1522 FROM MIGRAD    STATUS=FAILED         50 CALLS          51 TOTAL
                     EDM=2.59827e-05    STRATEGY= 1      ERR MATRIX APPROXIMATE
  EXT PARAMETER                  PARABOLIC         MINOS ERRORS        
  NO.   NAME      VALUE            ERROR      NEGATIVE      POSITIVE   
   1  p0           5.58936e+05   8.17025e+01                            
   2  p1           5.65007e-01   2.62285e-05                            
   3  p2           8.67875e-03   3.66114e-03                            
   4  p3           9.99744e-04   7.53476e-08                            
                               ERR DEF= 0.5
------------------------------------------
Enering ROOFIt-------
 PARAMETER DEFINITIONS:
    NO.   NAME         VALUE      STEP SIZE      LIMITS
     1 norm         5.58936e+05  1.00000e-01     no limits
     2 Q            5.65000e-01  1.00000e-01     no limits
     3 theta        0.00000e+00  1.00000e-01     no limits
     4 pileup       9.99744e-04  1.00000e-01     no limits
 **********
 **    1 **MIGRAD
 **********
 FIRST CALL TO USER FUNCTION AT NEW START POINT, WITH IFLAG=4.
 START MIGRAD MINIMIZATION.  STRATEGY  1.  CONVERGENCE WHEN EDM .LT. 1.00e-04
 FCN=-2.3786e+11 FROM MIGRAD    STATUS=INITIATE       14 CALLS          15 TOTAL
                     EDM= unknown      STRATEGY= 1      NO ERROR MATRIX       
  EXT PARAMETER               CURRENT GUESS       STEP         FIRST   
  NO.   NAME      VALUE            ERROR          SIZE      DERIVATIVE 
   1  norm         5.58936e+05   1.00000e-01   1.00000e-01  -6.68596e-01
   2  Q            5.65000e-01   1.00000e-01   1.00000e-01  -2.40465e+06
   3  theta        0.00000e+00   1.00000e-01   1.00000e-01   0.00000e+00
   4  pileup       9.99744e-04   1.00000e-01   1.00000e-01  -9.18023e+11
 MIGRAD FAILS TO FIND IMPROVEMENT
 COVARIANCE MATRIX CALCULATED SUCCESSFULLY
 FCN=-2.3786e+11 FROM HESSE     STATUS=OK             27 CALLS          53 TOTAL
                     EDM=250.905    STRATEGY= 1      ERROR MATRIX ACCURATE 
  EXT PARAMETER                                   STEP         FIRST   
  NO.   NAME      VALUE            ERROR          SIZE      DERIVATIVE 
   1  norm         5.58936e+05   6.62913e+01   2.66521e+00  -6.68527e-01
   2  Q            5.65000e-01   6.17702e-06   1.00000e-03  -2.07644e+06
   3  theta        0.00000e+00   5.31341e-03   1.00000e-01   0.00000e+00
   4  pileup       9.99744e-04   9.24351e-08   1.00000e-02  -1.22733e+07
 MIGRAD FAILS TO FIND IMPROVEMENT
 MACHINE ACCURACY LIMITS FURTHER IMPROVEMENT.
 MIGRAD MINIMIZATION HAS CONVERGED.
 MIGRAD WILL VERIFY CONVERGENCE AND ERROR MATRIX.
 EIGENVALUES OF SECOND-DERIVATIVE MATRIX:
        -3.1143e-04  4.0238e-01  8.5138e-01  2.7466e+00
 MINUIT WARNING IN HESSE   
 ============== MATRIX FORCED POS-DEF BY ADDING 0.003058 TO DIAGONAL.
 MIGRAD TERMINATED WITHOUT CONVERGENCE.
 FCN=-2.3786e+11 FROM MIGRAD    STATUS=FAILED        103 CALLS         104 TOTAL
                     EDM=0.30582    STRATEGY= 1      ERR MATRIX NOT POS-DEF
  EXT PARAMETER                APPROXIMATE        STEP         FIRST   
  NO.   NAME      VALUE            ERROR          SIZE      DERIVATIVE 
   1  norm         5.58961e+05   9.73689e+01   5.33043e+00   1.46278e-02
   2  Q            5.64998e-01   3.16355e-05   1.02992e-04   4.79639e+04
   3  theta       -1.91754e-03   1.08204e-03   1.00472e-01   3.81614e+01
   4  pileup       9.99745e-04   1.02724e-07   2.14100e-05   7.22270e+06
 EXTERNAL ERROR MATRIX.    NDIM=  25    NPAR=  4    ERR DEF=1
  9.481e+03 -3.067e-03 -1.845e-02 -6.832e-07 
 -3.067e-03  1.001e-09  7.628e-09  2.078e-13 
 -1.845e-02  7.628e-09  1.171e-06  4.596e-11 
 -6.832e-07  2.078e-13  4.596e-11  1.055e-14 
ERR MATRIX NOT POS-DEF
 PARAMETER  CORRELATION COEFFICIENTS  
       NO.  GLOBAL      1      2      3      4
        1  0.99723   1.000 -0.996 -0.175 -0.068
        2  0.99729  -0.996  1.000  0.223  0.064
        3  0.69819  -0.175  0.223  1.000  0.414
        4  0.51611  -0.068  0.064  0.414  1.000
 ERR MATRIX NOT POS-DEF
 **********
 **    2 **MIGRAD 
 **********
 START MIGRAD MINIMIZATION.  STRATEGY  1.  CONVERGENCE WHEN EDM .LT. 1.00e-04
 FCN=-2.3786e+11 FROM MIGRAD    STATUS=INITIATE        8 CALLS         112 TOTAL
                     EDM=0.971931    STRATEGY= 1      ERR MATRIX NOT POS-DEF
  EXT PARAMETER                APPROXIMATE        STEP         FIRST   
  NO.   NAME      VALUE            ERROR          SIZE      DERIVATIVE 
   1  norm         5.58961e+05   9.73689e+01   5.33043e+00   1.46850e-02
   2  Q            5.64998e-01   3.16355e-05   1.02992e-04   4.83541e+04
   3  theta       -1.91754e-03   1.08204e-03   1.00472e-01  -1.99168e+03
   4  pileup       9.99745e-04   1.02724e-07   2.14100e-05   2.52716e+06
 MIGRAD FAILS TO FIND IMPROVEMENT
 MACHINE ACCURACY LIMITS FURTHER IMPROVEMENT.
 MIGRAD MINIMIZATION HAS CONVERGED.
 MIGRAD WILL VERIFY CONVERGENCE AND ERROR MATRIX.
 EIGENVALUES OF SECOND-DERIVATIVE MATRIX:
        -3.5635e-04  4.3734e-01  8.5399e-01  2.7090e+00
 MINUIT WARNING IN HESSE   
 ============== MATRIX FORCED POS-DEF BY ADDING 0.003065 TO DIAGONAL.
 FCN=-2.3786e+11 FROM HESSE     STATUS=NOT POSDEF     27 CALLS         150 TOTAL
                     EDM=0.167437    STRATEGY= 1      ERR MATRIX NOT POS-DEF
  EXT PARAMETER                APPROXIMATE        STEP         FIRST   
  NO.   NAME      VALUE            ERROR          SIZE      DERIVATIVE 
   1  norm         5.58961e+05   9.85322e+01   1.06609e+01   1.46850e-02
   2  Q            5.64998e-01   3.16986e-05   2.05983e-04   4.79817e+04
   3  theta       -1.91754e-03   2.61319e-03   4.01888e-02   5.53285e+01
   4  pileup       9.99745e-04   1.01401e-07   8.56399e-06   7.26245e+06
 MIGRAD FAILS TO FIND IMPROVEMENT
 MIGRAD TERMINATED WITHOUT CONVERGENCE.
 FCN=-2.3786e+11 FROM MIGRAD    STATUS=FAILED         83 CALLS         187 TOTAL
                     EDM=2.74498e+07    STRATEGY= 1      ERR MATRIX NOT POS-DEF
  EXT PARAMETER                APPROXIMATE        STEP         FIRST   
  NO.   NAME      VALUE            ERROR          SIZE      DERIVATIVE 
   1  norm         5.58965e+05   7.78147e+00  -0.00000e+00  -1.32112e-02
   2  Q            5.64997e-01   1.67774e-07   0.00000e+00  -3.29972e+08
   3  theta       -2.15679e-03   1.43726e-03   0.00000e+00  -3.72285e+04
   4  pileup       9.99717e-04   9.34800e-08  -0.00000e+00  -2.83897e+07
 EXTERNAL ERROR MATRIX.    NDIM=  25    NPAR=  4    ERR DEF=1
  6.055e+01 -2.499e-07  2.419e-03 -3.308e-07 
 -2.499e-07  2.815e-14 -2.311e-10  3.046e-16 
  2.419e-03 -2.311e-10  2.066e-06 -9.320e-12 
 -3.308e-07  3.046e-16 -9.320e-12  8.739e-15 
ERR MATRIX NOT POS-DEF
 PARAMETER  CORRELATION COEFFICIENTS  
       NO.  GLOBAL      1      2      3      4
        1  0.49136   1.000 -0.191  0.216 -0.455
        2  0.95972  -0.191  1.000 -0.959  0.019
        3  0.95995   0.216 -0.959  1.000 -0.069
        4  0.47666  -0.455  0.019 -0.069  1.000
 ERR MATRIX NOT POS-DEF
status of the fit-----000------4
1  558965
2  0.564997
3  -0.00215679
4  0.000999717
 PARAMETER DEFINITIONS:
    NO.   NAME         VALUE      STEP SIZE      LIMITS
     1 norm         5.58965e+05  1.00000e-01     no limits
     2 Q            5.64997e-01  1.00000e-01     no limits
     3 theta       -2.15679e-03  1.00000e-01     no limits
     4 pileup       9.99717e-04  1.00000e-01     no limits
 **********
 **    3 **MIGRAD
 **********
 FIRST CALL TO USER FUNCTION AT NEW START POINT, WITH IFLAG=4.
 START MIGRAD MINIMIZATION.  STRATEGY  1.  CONVERGENCE WHEN EDM .LT. 1.00e-04
 FCN=-2.3786e+11 FROM MIGRAD    STATUS=INITIATE       14 CALLS         202 TOTAL
                     EDM= unknown      STRATEGY= 1      NO ERROR MATRIX       
  EXT PARAMETER               CURRENT GUESS       STEP         FIRST   
  NO.   NAME      VALUE            ERROR          SIZE      DERIVATIVE 
   1  norm         5.58965e+05   1.00000e-01   1.00000e-01  -1.22455e-02
   2  Q            5.64997e-01   1.00000e-01   1.00000e-01   7.27200e+06
   3  theta       -2.15679e-03   1.00000e-01   1.00000e-01  -1.42823e+04
   4  pileup       9.99717e-04   1.00000e-01   1.00000e-01  -9.18001e+11
 MIGRAD FAILS TO FIND IMPROVEMENT
 COVARIANCE MATRIX CALCULATED SUCCESSFULLY
 FCN=-2.3786e+11 FROM HESSE     STATUS=OK             29 CALLS         242 TOTAL
                     EDM=0.0359457    STRATEGY= 1      ERROR MATRIX ACCURATE 
  EXT PARAMETER                                   STEP         FIRST   
  NO.   NAME      VALUE            ERROR          SIZE      DERIVATIVE 
   1  norm         5.58965e+05   3.50949e+01   2.66535e+00  -1.22512e-02
   2  Q            5.64997e-01   3.05544e-06   1.00000e-03  -3.62073e+04
   3  theta       -2.15679e-03   2.60834e-03   1.00000e-01   2.41547e+01
   4  pileup       9.99717e-04   9.24348e-08   1.00000e-02  -4.94389e+05
 MIGRAD FAILS TO FIND IMPROVEMENT
 MACHINE ACCURACY LIMITS FURTHER IMPROVEMENT.
 MIGRAD MINIMIZATION HAS CONVERGED.
 MIGRAD WILL VERIFY CONVERGENCE AND ERROR MATRIX.
 EIGENVALUES OF SECOND-DERIVATIVE MATRIX:
        -2.6952e-04  4.5083e-01  8.5420e-01  2.6952e+00
 MINUIT WARNING IN HESSE   
 ============== MATRIX FORCED POS-DEF BY ADDING 0.002965 TO DIAGONAL.
 MIGRAD TERMINATED WITHOUT CONVERGENCE.
 FCN=-2.3786e+11 FROM MIGRAD    STATUS=FAILED        207 CALLS         395 TOTAL
                     EDM=0.0149413    STRATEGY= 1      ERR MATRIX NOT POS-DEF
  EXT PARAMETER                APPROXIMATE        STEP         FIRST   
  NO.   NAME      VALUE            ERROR          SIZE      DERIVATIVE 
   1  norm         5.58965e+05   9.86950e+01   1.72581e+03   3.56932e-03
   2  Q            5.64997e-01   3.18069e-05   9.41478e-05   1.32178e+04
   3  theta       -2.19242e-03   2.38587e-03   4.30499e-02   4.74246e+01
   4  pileup       9.99717e-04   1.00856e-07   2.09844e-05   5.35891e+05
 EXTERNAL ERROR MATRIX.    NDIM=  25    NPAR=  4    ERR DEF=1
  9.741e+03 -3.127e-03 -2.407e-03  1.403e-07 
 -3.127e-03  1.012e-09  4.043e-09 -7.184e-14 
 -2.407e-03  4.043e-09  5.692e-06  8.991e-11 
  1.403e-07 -7.184e-14  8.991e-11  1.017e-14 
ERR MATRIX NOT POS-DEF
 PARAMETER  CORRELATION COEFFICIENTS  
       NO.  GLOBAL      1      2      3      4
        1  0.99731   1.000 -0.996 -0.010  0.014
        2  0.99732  -0.996  1.000  0.053 -0.022
        3  0.64221  -0.010  0.053  1.000  0.374
        4  0.48877   0.014 -0.022  0.374  1.000
 ERR MATRIX NOT POS-DEF
 **********
 **    4 **MIGRAD 
 **********
 START MIGRAD MINIMIZATION.  STRATEGY  1.  CONVERGENCE WHEN EDM .LT. 1.00e-04
 FCN=-2.3786e+11 FROM MIGRAD    STATUS=INITIATE        8 CALLS         403 TOTAL
                     EDM=0.597779    STRATEGY= 1      ERR MATRIX NOT POS-DEF
  EXT PARAMETER                APPROXIMATE        STEP         FIRST   
  NO.   NAME      VALUE            ERROR          SIZE      DERIVATIVE 
   1  norm         5.58965e+05   9.86950e+01   1.72581e+03  -6.66684e-03
   2  Q            5.64997e-01   3.18069e-05   9.41478e-05   1.35390e+04
   3  theta       -2.19242e-03   2.38587e-03   4.30499e-02  -3.78479e+02
   4  pileup       9.99717e-04   1.00856e-07   2.09844e-05  -3.97520e+06
 MIGRAD FAILS TO FIND IMPROVEMENT
 MACHINE ACCURACY LIMITS FURTHER IMPROVEMENT.
 MIGRAD MINIMIZATION HAS CONVERGED.
 MIGRAD WILL VERIFY CONVERGENCE AND ERROR MATRIX.
 EIGENVALUES OF SECOND-DERIVATIVE MATRIX:
        -3.7801e-04  5.2349e-01  8.5772e-01  2.6192e+00
 MINUIT WARNING IN HESSE   
 ============== MATRIX FORCED POS-DEF BY ADDING 0.002997 TO DIAGONAL.
 FCN=-2.3786e+11 FROM HESSE     STATUS=NOT POSDEF     29 CALLS         443 TOTAL
                     EDM=0.0307459    STRATEGY= 1      ERR MATRIX NOT POS-DEF
  EXT PARAMETER                APPROXIMATE        STEP         FIRST   
  NO.   NAME      VALUE            ERROR          SIZE      DERIVATIVE 
   1  norm         5.58965e+05   1.00221e+02   6.90324e+02   3.65707e-03
   2  Q            5.64997e-01   3.22265e-05   1.88296e-04   1.32328e+04
   3  theta       -2.19242e-03   6.08455e-03   1.72200e-02   5.09735e+01
   4  pileup       9.99717e-04   9.89429e-08   8.39376e-06   5.74266e+05
 MIGRAD FAILS TO FIND IMPROVEMENT
 MIGRAD TERMINATED WITHOUT CONVERGENCE.
 FCN=-2.3786e+11 FROM MIGRAD    STATUS=FAILED        110 CALLS         505 TOTAL
                     EDM=1.45934e+07    STRATEGY= 1      ERR MATRIX NOT POS-DEF
  EXT PARAMETER                APPROXIMATE        STEP         FIRST   
  NO.   NAME      VALUE            ERROR          SIZE      DERIVATIVE 
   1  norm         5.58970e+05   7.20689e+00  -0.00000e+00  -9.02675e-02
   2  Q            5.64995e-01   5.19138e-08   0.00000e+00  -7.81656e+04
   3  theta       -2.99361e-03   1.53123e-04   0.00000e+00  -1.51318e+05
   4  pileup       9.99713e-04   8.66240e-08   0.00000e+00  -3.01838e+07
 EXTERNAL ERROR MATRIX.    NDIM=  25    NPAR=  4    ERR DEF=1
  5.194e+01  5.992e-09  1.791e-05 -3.366e-07 
  5.992e-09  2.695e-15  7.925e-12 -4.279e-16 
  1.791e-05  7.925e-12  2.345e-08 -1.267e-12 
 -3.366e-07 -4.279e-16 -1.267e-12  7.504e-15 
ERR MATRIX NOT POS-DEF
 PARAMETER  CORRELATION COEFFICIENTS  
       NO.  GLOBAL      1      2      3      4
        1  0.54034   1.000  0.016  0.016 -0.539
        2  0.99692   0.016  1.000  0.997 -0.095
        3  0.99692   0.016  0.997  1.000 -0.096
        4  0.54612  -0.539 -0.095 -0.096  1.000
 ERR MATRIX NOT POS-DEF
status of the fit-----000------4
1  558970
2  0.564995
3  -0.00299361
4  0.000999713
 PARAMETER DEFINITIONS:
    NO.   NAME         VALUE      STEP SIZE      LIMITS
     1 norm         5.58970e+05  1.00000e-01     no limits
     2 Q            5.64995e-01  1.00000e-01     no limits
     3 theta       -2.99361e-03  1.00000e-01     no limits
     4 pileup       9.99713e-04  1.00000e-01     no limits
 **********
 **    5 **MIGRAD
 **********
 FIRST CALL TO USER FUNCTION AT NEW START POINT, WITH IFLAG=4.
 START MIGRAD MINIMIZATION.  STRATEGY  1.  CONVERGENCE WHEN EDM .LT. 1.00e-04
 FCN=-2.3786e+11 FROM MIGRAD    STATUS=INITIATE       14 CALLS         520 TOTAL
                     EDM= unknown      STRATEGY= 1      NO ERROR MATRIX       
  EXT PARAMETER               CURRENT GUESS       STEP         FIRST   
  NO.   NAME      VALUE            ERROR          SIZE      DERIVATIVE 
   1  norm         5.58970e+05   1.00000e-01   1.00000e-01  -2.56701e-02
   2  Q            5.64995e-01   1.00000e-01   1.00000e-01   6.93788e+06
   3  theta       -2.99361e-03   1.00000e-01   1.00000e-01  -1.98390e+04
   4  pileup       9.99713e-04   1.00000e-01   1.00000e-01  -9.18002e+11
 MIGRAD FAILS TO FIND IMPROVEMENT
 COVARIANCE MATRIX CALCULATED SUCCESSFULLY
 FCN=-2.3786e+11 FROM HESSE     STATUS=OK             29 CALLS         560 TOTAL
                     EDM=0.406553    STRATEGY= 1      ERROR MATRIX ACCURATE 
  EXT PARAMETER                                   STEP         FIRST   
  NO.   NAME      VALUE            ERROR          SIZE      DERIVATIVE 
   1  norm         5.58970e+05   3.09950e+01   2.66538e+00  -2.55899e-02
   2  Q            5.64995e-01   2.61754e-06   1.00000e-03  -7.82426e+04
   3  theta       -2.99361e-03   2.20960e-03   1.00000e-01  -7.40002e+02
   4  pileup       9.99713e-04   9.24347e-08   1.00000e-02  -2.29253e+06
 MINUIT WARNING IN MIGRAD  
 ============== Negative diagonal element 1 in Error Matrix
 MINUIT WARNING IN MIGRAD  
 ============== Negative diagonal element 2 in Error Matrix
 MINUIT WARNING IN MIGRAD  
 ============== 3.09288 added to diagonal of error matrix
 MIGRAD FAILS TO FIND IMPROVEMENT
 MACHINE ACCURACY LIMITS FURTHER IMPROVEMENT.
 MIGRAD MINIMIZATION HAS CONVERGED.
 MIGRAD WILL VERIFY CONVERGENCE AND ERROR MATRIX.
 EIGENVALUES OF SECOND-DERIVATIVE MATRIX:
        -3.5139e-04  4.2394e-01  8.5257e-01  2.7238e+00
 MINUIT WARNING IN HESSE   
 ============== MATRIX FORCED POS-DEF BY ADDING 0.003075 TO DIAGONAL.
 MIGRAD TERMINATED WITHOUT CONVERGENCE.
 FCN=-2.3786e+11 FROM MIGRAD    STATUS=FAILED        197 CALLS         703 TOTAL
                     EDM=0.00262559    STRATEGY= 1      ERR MATRIX NOT POS-DEF
  EXT PARAMETER                APPROXIMATE        STEP         FIRST   
  NO.   NAME      VALUE            ERROR          SIZE      DERIVATIVE 
   1  norm         5.58970e+05   9.78407e+01   1.72582e+03  -9.59297e-04
   2  Q            5.64995e-01   3.17445e-05   9.41602e-05  -1.07359e+03
   3  theta       -3.00050e-03   1.07820e-03   9.78698e-02   3.32359e+01
   4  pileup       9.99717e-04   1.01761e-07   2.09844e-05  -5.84083e+04
 EXTERNAL ERROR MATRIX.    NDIM=  25    NPAR=  4    ERR DEF=1
  9.573e+03 -3.093e-03 -1.584e-02 -4.220e-07 
 -3.093e-03  1.008e-09  6.696e-09  1.169e-13 
 -1.584e-02  6.696e-09  1.163e-06  4.319e-11 
 -4.220e-07  1.169e-13  4.319e-11  1.036e-14 
ERR MATRIX NOT POS-DEF
 PARAMETER  CORRELATION COEFFICIENTS  
       NO.  GLOBAL      1      2      3      4
        1  0.99726   1.000 -0.996 -0.150 -0.042
        2  0.99731  -0.996  1.000  0.196  0.036
        3  0.67724  -0.150  0.196  1.000  0.394
        4  0.50246  -0.042  0.036  0.394  1.000
 ERR MATRIX NOT POS-DEF
 **********
 **    6 **MIGRAD 
 **********
 START MIGRAD MINIMIZATION.  STRATEGY  1.  CONVERGENCE WHEN EDM .LT. 1.00e-04
 FCN=-2.3786e+11 FROM MIGRAD    STATUS=INITIATE        8 CALLS         711 TOTAL
                     EDM=2.94866    STRATEGY= 1      ERR MATRIX NOT POS-DEF
  EXT PARAMETER                APPROXIMATE        STEP         FIRST   
  NO.   NAME      VALUE            ERROR          SIZE      DERIVATIVE 
   1  norm         5.58970e+05   9.78407e+01   1.72582e+03  -1.11935e-02
   2  Q            5.64995e-01   3.17445e-05   9.41602e-05  -1.06022e+03
   3  theta       -3.00050e-03   1.07820e-03   9.78698e-02  -2.98112e+03
   4  pileup       9.99717e-04   1.01761e-07   2.09844e-05  -4.56958e+06
 MIGRAD FAILS TO FIND IMPROVEMENT
 MACHINE ACCURACY LIMITS FURTHER IMPROVEMENT.
 MIGRAD MINIMIZATION HAS CONVERGED.
 MIGRAD WILL VERIFY CONVERGENCE AND ERROR MATRIX.
 EIGENVALUES OF SECOND-DERIVATIVE MATRIX:
        -7.4211e-05  4.9575e-01  8.5549e-01  2.6488e+00
 MINUIT WARNING IN HESSE   
 ============== MATRIX FORCED POS-DEF BY ADDING 0.002723 TO DIAGONAL.
 FCN=-2.3786e+11 FROM HESSE     STATUS=NOT POSDEF     29 CALLS         751 TOTAL
                     EDM=0.00609454    STRATEGY= 1      ERR MATRIX NOT POS-DEF
  EXT PARAMETER                APPROXIMATE        STEP         FIRST   
  NO.   NAME      VALUE            ERROR          SIZE      DERIVATIVE 
   1  norm         5.58970e+05   9.95432e+01   6.90330e+02  -8.73646e-04
   2  Q            5.64995e-01   3.20846e-05   3.76641e-05  -1.06751e+03
   3  theta       -3.00050e-03   2.51090e-03   3.91479e-02   5.87680e+01
   4  pileup       9.99717e-04   9.96071e-08   8.39376e-06  -1.99057e+04
 EIGENVALUES OF SECOND-DERIVATIVE MATRIX:
        -5.1472e-02  5.7533e-01  1.4149e+00  2.0613e+00
 MINUIT WARNING IN MIGRAD  
 ============== MATRIX FORCED POS-DEF BY ADDING 0.053533 TO DIAGONAL.
 EIGENVALUES OF SECOND-DERIVATIVE MATRIX:
        -1.2147e-01  2.8808e-01  9.3188e-01  2.9015e+00
 MINUIT WARNING IN MIGRAD  
 ============== MATRIX FORCED POS-DEF BY ADDING 0.124375 TO DIAGONAL.
 MIGRAD TERMINATED WITHOUT CONVERGENCE.
 FCN=-2.3786e+11 FROM MIGRAD    STATUS=FAILED        115 CALLS         818 TOTAL
                     EDM=88.76    STRATEGY= 1      ERR MATRIX NOT POS-DEF
  EXT PARAMETER                APPROXIMATE        STEP         FIRST   
  NO.   NAME      VALUE            ERROR          SIZE      DERIVATIVE 
   1  norm         5.58974e+05   7.54130e+00   2.16959e-01  -7.08238e-02
   2  Q            5.64994e-01   1.75014e-09   4.91833e-10  -5.10355e+08
   3  theta       -3.22918e-03   2.51631e-05   7.90716e-06  -2.96898e+04
   4  pileup       9.99719e-04   7.39887e-08   5.01463e-09  -2.83310e+07
 EXTERNAL ERROR MATRIX.    NDIM=  25    NPAR=  4    ERR DEF=1
  5.687e+01  2.813e-09  7.806e-05 -4.881e-07 
  2.813e-09 -3.063e-18 -1.248e-14 -2.120e-16 
  7.806e-05 -1.248e-14  6.332e-10 -4.248e-12 
 -4.881e-07 -2.120e-16 -4.248e-12  5.474e-15 
ERR MATRIX NOT POS-DEF
 PARAMETER  CORRELATION COEFFICIENTS  
       NO.  GLOBAL      1      2      3      4
        1  0.00000   1.000  0.213  0.411 -0.875
        2  0.00000   0.213 -1.000 -0.283 -1.637
        3  0.00000   0.411 -0.283  1.000 -2.281
        4  0.00000  -0.875 -1.637 -2.281  1.000
 ERR MATRIX NOT POS-DEF
status of the fit-----000------4
1  558974
2  0.564994
3  -0.00322918
4  0.000999719
