  *******************************************
  *                                         *
  *        W E L C O M E  to  R O O T       *
  *                                         *
  *   Version   5.34/36      5 April 2016   *
  *                                         *
  *  You are welcome to visit our Web site  *
  *          http://root.cern.ch            *
  *                                         *
  *******************************************

ROOT 5.34/36 (v5-34-36@v5-34-36, Apr 05 2016, 10:25:45 on linuxx8664gcc)

CINT/ROOT C/C++ Interpreter version 5.18.00, July 2, 2010
Type ? for help. Commands must be C++ statements.
Enclose multiple statements between { }.
Loading root init file.
The rat/rootinit.C file loaded the DEAP style for you, which is available from the fStyle pointer.
DEAP style applied. 
RAT: Libraries loaded.

Processing /home/fatemigh/projects/rpp-jillings/fatemigh/sterile/Likelihood/LikelihoodSterile_modified6.C+(442)...
pased here
566 lines read from file
31
spec_E  566
Before entering fitting
 **********
 **    1 **SET PRINT           2
 **********
 **********
 **    2 **SET NOGRAD
 **********
 PARAMETER DEFINITIONS:
    NO.   NAME         VALUE      STEP SIZE      LIMITS
     1 p0           5.58000e+05  1.67400e+05     no limits
     2 p1           5.65000e-01  1.69500e-01     no limits
     3 p2           0.00000e+00  3.00000e-01     no limits
     4 p3           9.99871e-04  2.99961e-04     no limits
 **********
 **    3 **SET ERR         0.5
 **********
 **********
 **    4 **SET PRINT           2
 **********
 **********
 **    5 **SET STR           1
 **********
 NOW USING STRATEGY  1: TRY TO BALANCE SPEED AGAINST RELIABILITY
 **********
 **    6 **MIGRAD        1480        0.01
 **********
 FIRST CALL TO USER FUNCTION AT NEW START POINT, WITH IFLAG=4.
 START MIGRAD MINIMIZATION.  STRATEGY  1.  CONVERGENCE WHEN EDM .LT. 1.00e-05
 FCN=17054.3 FROM MIGRAD    STATUS=INITIATE       18 CALLS          19 TOTAL
                     EDM= unknown      STRATEGY= 1      NO ERROR MATRIX       
  EXT PARAMETER               CURRENT GUESS       STEP         FIRST   
  NO.   NAME      VALUE            ERROR          SIZE      DERIVATIVE 
   1  p0           5.58000e+05   1.67400e+05   1.67400e+05  -3.59974e+01
   2  p1           5.65000e-01   1.69500e-01   1.69500e-01  -1.11739e+08
   3  p2           0.00000e+00   3.00000e-01   3.00000e-01   0.00000e+00
   4  p3           9.99871e-04   2.99961e-04   2.99961e-04  -9.78411e+08
                               ERR DEF= 0.5
NO ERROR MATRIX       
 FCN=490.49 FROM MIGRAD    STATUS=PROGRESS       34 CALLS          35 TOTAL
                     EDM=1349.49    STRATEGY= 1      NO ERROR MATRIX       
  EXT PARAMETER               CURRENT GUESS       STEP         FIRST   
  NO.   NAME      VALUE            ERROR          SIZE      DERIVATIVE 
   1  p0           5.58436e+05   1.67400e+05   4.36106e+02  -8.20019e-01
   2  p1           5.65141e-01   1.69500e-01   1.40629e-04  -2.51694e+06
   3  p2           0.00000e+00   3.00000e-01  -0.00000e+00   0.00000e+00
   4  p3           1.00163e-03   2.99961e-04   1.75736e-06   4.06086e+08
                               ERR DEF= 0.5
 MIGRAD FAILS TO FIND IMPROVEMENT
 MIGRAD MINIMIZATION HAS CONVERGED.
 MIGRAD WILL VERIFY CONVERGENCE AND ERROR MATRIX.
   START COVARIANCE MATRIX CALCULATION.
 MINUIT WARNING IN HESSE   
 ============== Negative diagonal element 3 in Error Matrix
 MINUIT WARNING IN HESSE   
 ============== 2680.44 added to diagonal of error matrix
 EIGENVALUES OF SECOND-DERIVATIVE MATRIX:
        -8.8828e-01  9.9995e-01  1.2946e+00  2.5937e+00
 MINUIT WARNING IN HESSE   
 ============== MATRIX FORCED POS-DEF BY ADDING 0.890874 TO DIAGONAL.
 FCN=76.3643 FROM MIGRAD    STATUS=CONVERGED     176 CALLS         177 TOTAL
                     EDM=1.49613e-06    STRATEGY= 1      ERR MATRIX NOT POS-DEF
  EXT PARAMETER                APPROXIMATE        STEP         FIRST   
  NO.   NAME      VALUE            ERROR          SIZE      DERIVATIVE 
   1  p0           5.59644e+05   1.40591e-02   2.66859e-01   3.32729e-05
   2  p1           5.64776e-01   1.85826e-05   2.69306e-07   4.52762e+01
   3  p2           0.00000e+00   1.32733e+01   1.14743e-04   0.00000e+00
   4  p3           9.99765e-04   5.20086e-07   4.76725e-10  -7.36401e+02
                               ERR DEF= 0.5
 EXTERNAL ERROR MATRIX.    NDIM=  25    NPAR=  4    ERR DEF=0.5
  1.977e-04  1.108e-08  7.952e-03 -3.107e-10 
  1.108e-08  3.453e-10  2.461e-04 -9.621e-12 
  7.952e-03  2.461e-04  1.762e+02 -6.881e-06 
 -3.107e-10 -9.621e-12 -6.881e-06  2.705e-13 
ERR MATRIX NOT POS-DEF
 PARAMETER  CORRELATION COEFFICIENTS  
       NO.  GLOBAL      1      2      3      4
        1  0.04266   1.000  0.042  0.043 -0.042
        2  0.99792   0.042  1.000  0.998 -0.995
        3  0.99850   0.043  0.998  1.000 -0.997
        4  0.99680  -0.042 -0.995 -0.997  1.000
 ERR MATRIX NOT POS-DEF
 **********
 **    7 **HESSE        1480
 **********
   START COVARIANCE MATRIX CALCULATION.
 MINUIT WARNING IN HESSE   
 ============== Negative diagonal element 3 in Error Matrix
 MINUIT WARNING IN HESSE   
 ============== 2680.44 added to diagonal of error matrix
 EIGENVALUES OF SECOND-DERIVATIVE MATRIX:
        -1.6692e+00  7.2301e-01  9.9999e-01  3.9462e+00
 MINUIT WARNING IN HESSE   
 ============== MATRIX FORCED POS-DEF BY ADDING 1.673120 TO DIAGONAL.
 FCN=76.3643 FROM HESSE     STATUS=NOT POSDEF     35 CALLS         212 TOTAL
                     EDM=2.11035e-06    STRATEGY= 1      ERR MATRIX NOT POS-DEF
  EXT PARAMETER                APPROXIMATE     INTERNAL      INTERNAL  
  NO.   NAME      VALUE            ERROR       STEP SIZE       VALUE   
   1  p0           5.59644e+05   1.18143e-02   8.35042e-01   5.59644e+05
   2  p1           5.64776e-01   1.62965e-05   2.69306e-08   5.64776e-01
   3  p2           0.00000e+00   1.15061e+01   1.14743e-04   0.00000e+00
   4  p3           9.99765e-04   2.79746e-07   1.20494e-08   9.99765e-04
                               ERR DEF= 0.5
 EXTERNAL ERROR MATRIX.    NDIM=  25    NPAR=  4    ERR DEF=0.5
  1.396e-04  1.966e-09  1.402e-03  3.362e-11 
  1.966e-09  2.656e-10  1.872e-04  4.502e-12 
  1.402e-03  1.872e-04  1.324e+02  3.188e-06 
  3.362e-11  4.502e-12  3.188e-06  7.826e-14 
ERR MATRIX NOT POS-DEF
 PARAMETER  CORRELATION COEFFICIENTS  
       NO.  GLOBAL      1      2      3      4
        1  0.01041   1.000  0.010  0.010  0.010
        2  0.99815   0.010  1.000  0.998  0.988
        3  0.99859   0.010  0.998  1.000  0.991
        4  0.99068   0.010  0.988  0.991  1.000
 ERR MATRIX NOT POS-DEF
 EXTERNAL ERROR MATRIX.    NDIM=   4    NPAR=  4    ERR DEF=0.5
  1.396e-04  1.966e-09  1.402e-03  3.362e-11 
  1.966e-09  2.656e-10  1.872e-04  4.502e-12 
  1.402e-03  1.872e-04  1.324e+02  3.188e-06 
  3.362e-11  4.502e-12  3.188e-06  7.826e-14 
 FCN=76.3643 FROM HESSE     STATUS=NOT POSDEF     35 CALLS         212 TOTAL
                     EDM=2.11035e-06    STRATEGY= 1      ERR MATRIX NOT POS-DEF
  EXT PARAMETER                  PARABOLIC         MINOS ERRORS        
  NO.   NAME      VALUE            ERROR      NEGATIVE      POSITIVE   
   1  p0           5.59644e+05   1.18143e-02                            
   2  p1           5.64776e-01   1.62965e-05                            
   3  p2           0.00000e+00   1.15061e+01                            
   4  p3           9.99765e-04   2.79746e-07                            
                               ERR DEF= 0.5
------------------------------------------
Enering ROOFIt-------
 PARAMETER DEFINITIONS:
    NO.   NAME         VALUE      STEP SIZE      LIMITS
     1 norm         5.59644e+05  1.00000e-01     no limits
     2 Q            5.65000e-01  1.00000e-01     no limits
     3 theta        0.00000e+00  1.00000e-01     no limits
     4 pileup       9.99765e-04  1.00000e-01     no limits
 **********
 **    1 **MIGRAD
 **********
 FIRST CALL TO USER FUNCTION AT NEW START POINT, WITH IFLAG=4.
 START MIGRAD MINIMIZATION.  STRATEGY  1.  CONVERGENCE WHEN EDM .LT. 1.00e-04
 FCN=-2.37857e+11 FROM MIGRAD    STATUS=INITIATE       14 CALLS          15 TOTAL
                     EDM= unknown      STRATEGY= 1      NO ERROR MATRIX       
  EXT PARAMETER               CURRENT GUESS       STEP         FIRST   
  NO.   NAME      VALUE            ERROR          SIZE      DERIVATIVE 
   1  norm         5.59644e+05   1.00000e-01   1.00000e-01   2.65162e+01
   2  Q            5.65000e-01   1.00000e-01   1.00000e-01   4.13586e+08
   3  theta        0.00000e+00   1.00000e-01   1.00000e-01   0.00000e+00
   4  pileup       9.99765e-04   1.00000e-01   1.00000e-01  -9.17082e+11
 MIGRAD FAILS TO FIND IMPROVEMENT
 EIGENVALUES OF SECOND-DERIVATIVE MATRIX:
        -2.5525e+00  1.3211e-01  9.1612e-01  5.5043e+00
 MINUIT WARNING IN HESSE   
 ============== MATRIX FORCED POS-DEF BY ADDING 2.558052 TO DIAGONAL.
 FCN=-2.37857e+11 FROM HESSE     STATUS=NOT POSDEF     27 CALLS          53 TOTAL
                     EDM=359707    STRATEGY= 1      ERR MATRIX NOT POS-DEF
  EXT PARAMETER                APPROXIMATE        STEP         FIRST   
  NO.   NAME      VALUE            ERROR          SIZE      DERIVATIVE 
   1  norm         5.59644e+05   3.12921e+01   2.66859e+00   2.65164e+01
   2  Q            5.65000e-01   3.37484e-06   1.00000e-03   8.25578e+07
   3  theta        0.00000e+00   2.86080e-02   1.00000e-01   0.00000e+00
   4  pileup       9.99765e-04   1.34996e-07   1.00000e-02   7.43378e+08
 MIGRAD FAILS TO FIND IMPROVEMENT
 MIGRAD TERMINATED WITHOUT CONVERGENCE.
 FCN=-2.37857e+11 FROM MIGRAD    STATUS=FAILED        151 CALLS         152 TOTAL
                     EDM=263892    STRATEGY= 1      ERR MATRIX NOT POS-DEF
  EXT PARAMETER                APPROXIMATE        STEP         FIRST   
  NO.   NAME      VALUE            ERROR          SIZE      DERIVATIVE 
   1  norm         5.59110e+05   4.04643e+00   0.00000e+00   1.83816e+00
   2  Q            5.64981e-01   1.21653e-07   0.00000e+00  -1.59958e+09
   3  theta       -2.78563e-02   3.73300e-04   0.00000e+00  -3.10790e+05
   4  pileup       9.99397e-04   4.72859e-08  -0.00000e+00  -1.29476e+08
 EXTERNAL ERROR MATRIX.    NDIM=  25    NPAR=  4    ERR DEF=1
  1.637e+01  7.121e-08  1.968e-04 -2.193e-08 
  7.121e-08  1.480e-14  1.927e-11 -1.927e-16 
  1.968e-04  1.927e-11  1.394e-07 -1.053e-12 
 -2.193e-08 -1.927e-16 -1.053e-12  2.236e-15 
ERR MATRIX NOT POS-DEF
 PARAMETER  CORRELATION COEFFICIENTS  
       NO.  GLOBAL      1      2      3      4
        1  0.19491   1.000  0.145  0.130 -0.115
        2  0.43375   0.145  1.000  0.424 -0.033
        3  0.43163   0.130  0.424  1.000 -0.060
        4  0.12318  -0.115 -0.033 -0.060  1.000
 ERR MATRIX NOT POS-DEF
 **********
 **    2 **MIGRAD 
 **********
 START MIGRAD MINIMIZATION.  STRATEGY  1.  CONVERGENCE WHEN EDM .LT. 1.00e-04
 FCN=-2.37857e+11 FROM MIGRAD    STATUS=INITIATE       12 CALLS         164 TOTAL
                     EDM=13704.2    STRATEGY= 1      ERR MATRIX NOT POS-DEF
  EXT PARAMETER                APPROXIMATE        STEP         FIRST   
  NO.   NAME      VALUE            ERROR          SIZE      DERIVATIVE 
   1  norm         5.59110e+05   4.04643e+00   0.00000e+00   1.83819e+00
   2  Q            5.64981e-01   1.21653e-07   0.00000e+00   5.88557e+06
   3  theta       -2.78563e-02   3.73300e-04   0.00000e+00  -3.20028e+05
   4  pileup       9.99397e-04   4.72859e-08  -0.00000e+00  -1.29500e+08
 MINUIT WARNING IN MIGRAD  
 ============== Negative diagonal element 2 in Error Matrix
 MINUIT WARNING IN MIGRAD  
 ============== 1 added to diagonal of error matrix
 MIGRAD FAILS TO FIND IMPROVEMENT
 EIGENVALUES OF SECOND-DERIVATIVE MATRIX:
        -3.8526e-04  6.7011e-01  8.6972e-01  2.4605e+00
 MINUIT WARNING IN HESSE   
 ============== MATRIX FORCED POS-DEF BY ADDING 0.002846 TO DIAGONAL.
 FCN=-2.37857e+11 FROM HESSE     STATUS=NOT POSDEF     27 CALLS         235 TOTAL
                     EDM=118.987    STRATEGY= 1      ERR MATRIX NOT POS-DEF
  EXT PARAMETER                APPROXIMATE        STEP         FIRST   
  NO.   NAME      VALUE            ERROR          SIZE      DERIVATIVE 
   1  norm         5.59111e+05   1.03203e+02   1.72623e+03   2.50491e+00
   2  Q            5.64981e-01   3.32959e-05   9.58917e-05   7.77774e+06
   3  theta       -2.30309e-02   6.21399e-04   1.31790e-01  -1.01480e+04
   4  pileup       9.99404e-04   9.59585e-08   2.09777e-05  -5.93488e+07
 MIGRAD FAILS TO FIND IMPROVEMENT
 MACHINE ACCURACY LIMITS FURTHER IMPROVEMENT.
 MIGRAD MINIMIZATION HAS CONVERGED.
 MIGRAD WILL VERIFY CONVERGENCE AND ERROR MATRIX.
 EIGENVALUES OF SECOND-DERIVATIVE MATRIX:
        -3.1234e-04  6.6930e-01  8.6939e-01  2.4616e+00
 MINUIT WARNING IN HESSE   
 ============== MATRIX FORCED POS-DEF BY ADDING 0.002774 TO DIAGONAL.
 MIGRAD TERMINATED WITHOUT CONVERGENCE.
 FCN=-2.37857e+11 FROM MIGRAD    STATUS=FAILED        173 CALLS         325 TOTAL
                     EDM=2.43074    STRATEGY= 1      ERR MATRIX NOT POS-DEF
  EXT PARAMETER                APPROXIMATE        STEP         FIRST   
  NO.   NAME      VALUE            ERROR          SIZE      DERIVATIVE 
   1  norm         5.59052e+05   1.03166e+02   1.72611e+03   5.15988e-02
   2  Q            5.64974e-01   3.32933e-05   9.66350e-05   1.45962e+05
   3  theta       -2.25730e-02   6.14617e-04   1.32074e-01  -3.60615e+03
   4  pileup       1.00000e-03   9.60200e-08   2.09871e-05   1.06390e+07
 EXTERNAL ERROR MATRIX.    NDIM=  25    NPAR=  4    ERR DEF=1
  1.064e+04 -3.424e-03 -7.724e-03 -5.005e-08 
 -3.424e-03  1.108e-09  2.978e-09 -4.502e-14 
 -7.724e-03  2.978e-09  3.778e-07  1.320e-11 
 -5.005e-08 -4.502e-14  1.320e-11  9.220e-15 
ERR MATRIX NOT POS-DEF
 PARAMETER  CORRELATION COEFFICIENTS  
       NO.  GLOBAL      1      2      3      4
        1  0.99754   1.000 -0.997 -0.122 -0.005
        2  0.99756  -0.997  1.000  0.146 -0.014
        3  0.45227  -0.122  0.146  1.000  0.224
        4  0.39990  -0.005 -0.014  0.224  1.000
 ERR MATRIX NOT POS-DEF
status of the fit-----000------4
1  559052
2  0.564974
3  -0.022573
4  0.001
 PARAMETER DEFINITIONS:
    NO.   NAME         VALUE      STEP SIZE      LIMITS
     1 norm         5.59052e+05  1.00000e-01     no limits
     2 Q            5.64974e-01  1.00000e-01     no limits
     3 theta       -2.25730e-02  1.00000e-01     no limits
     4 pileup       1.00000e-03  1.00000e-01     no limits
 **********
 **    3 **MIGRAD
 **********
 FIRST CALL TO USER FUNCTION AT NEW START POINT, WITH IFLAG=4.
 START MIGRAD MINIMIZATION.  STRATEGY  1.  CONVERGENCE WHEN EDM .LT. 1.00e-04
 FCN=-2.37857e+11 FROM MIGRAD    STATUS=INITIATE       18 CALLS         344 TOTAL
                     EDM= unknown      STRATEGY= 1      NO ERROR MATRIX       
  EXT PARAMETER               CURRENT GUESS       STEP         FIRST   
  NO.   NAME      VALUE            ERROR          SIZE      DERIVATIVE 
   1  norm         5.59052e+05   1.00000e-01   1.00000e-01   5.17218e-02
   2  Q            5.64974e-01   1.00000e-01   1.00000e-01   1.13971e+06
   3  theta       -2.25730e-02   1.00000e-01   1.00000e-01  -1.74323e+05
   4  pileup       1.00000e-03   1.00000e-01   1.00000e-01  -9.18037e+11
 MIGRAD FAILS TO FIND IMPROVEMENT
 COVARIANCE MATRIX CALCULATED SUCCESSFULLY
 FCN=-2.37857e+11 FROM HESSE     STATUS=OK             29 CALLS         384 TOTAL
                     EDM=2.46137    STRATEGY= 1      ERROR MATRIX ACCURATE 
  EXT PARAMETER                                   STEP         FIRST   
  NO.   NAME      VALUE            ERROR          SIZE      DERIVATIVE 
   1  norm         5.59052e+05   1.97293e+01   2.66577e+00   5.17161e-02
   2  Q            5.64974e-01   1.25638e-06   1.00000e-03   1.45965e+05
   3  theta       -2.25730e-02   7.71142e-04   1.06666e-01  -3.46085e+03
   4  pileup       1.00000e-03   9.24335e-08   1.00000e-02   1.00919e+07
 MINUIT WARNING IN MIGRAD  
 ============== Negative diagonal element 3 in Error Matrix
 MINUIT WARNING IN MIGRAD  
 ============== 1 added to diagonal of error matrix
 MIGRAD FAILS TO FIND IMPROVEMENT
 MACHINE ACCURACY LIMITS FURTHER IMPROVEMENT.
 MIGRAD MINIMIZATION HAS CONVERGED.
 FCN=-2.37857e+11 FROM MIGRAD    STATUS=CONVERGED      79 CALLS         405 TOTAL
                     EDM=126.473    STRATEGY= 1  ERROR MATRIX UNCERTAINTY   1.4 per cent
  EXT PARAMETER                                   STEP         FIRST   
  NO.   NAME      VALUE            ERROR          SIZE      DERIVATIVE 
   1  norm         5.59038e+05   1.92374e+01   0.00000e+00  -3.09106e-01
   2  Q            5.64975e-01   1.00000e+00   0.00000e+00  -9.75263e+05
   3  theta       -2.15721e-02   1.00000e+00   0.00000e+00  -2.97673e+04
   4  pileup       9.99966e-04   1.00000e+00   0.00000e+00  -3.36522e+07
 EXTERNAL ERROR MATRIX.    NDIM=  25    NPAR=  4    ERR DEF=1
  3.701e+02 -2.123e-05 -3.009e-03 -3.075e-08 
 -2.123e-05  1.000e+00  1.625e-10 -1.039e-14 
 -3.009e-03  1.625e-10  1.000e+00 -9.594e-12 
 -3.075e-08 -1.039e-14 -9.594e-12  1.000e+00 
 PARAMETER  CORRELATION COEFFICIENTS  
       NO.  GLOBAL      1      2      3      4
        1  0.00016   1.000 -0.000 -0.000 -0.000
        2  0.00000  -0.000  1.000  0.000 -0.000
        3  0.00016  -0.000  0.000  1.000 -0.000
        4  0.00000  -0.000 -0.000 -0.000  1.000
 **********
 **    4 **MIGRAD 
 **********
 START MIGRAD MINIMIZATION.  STRATEGY  1.  CONVERGENCE WHEN EDM .LT. 1.00e-04
 FCN=-2.37857e+11 FROM MIGRAD    STATUS=INITIATE       16 CALLS         421 TOTAL
                     EDM=1.10969e+18    STRATEGY= 1  ERROR MATRIX UNCERTAINTY   1.4 per cent
  EXT PARAMETER                                   STEP         FIRST   
  NO.   NAME      VALUE            ERROR          SIZE      DERIVATIVE 
   1  norm         5.59038e+05   1.92374e+01   0.00000e+00  -3.09154e-01
   2  Q            5.64975e-01   1.00000e+00   0.00000e+00  -2.06469e+09
   3  theta       -2.15721e-02   1.00000e+00   0.00000e+00  -7.88490e+05
   4  pileup       9.99966e-04   1.00000e+00   0.00000e+00  -3.24918e+07
 MIGRAD FAILS TO FIND IMPROVEMENT
 COVARIANCE MATRIX CALCULATED SUCCESSFULLY
 FCN=-2.37857e+11 FROM HESSE     STATUS=OK             29 CALLS         461 TOTAL
                     EDM=3.8961    STRATEGY= 1      ERROR MATRIX ACCURATE 
  EXT PARAMETER                                   STEP         FIRST   
  NO.   NAME      VALUE            ERROR          SIZE      DERIVATIVE 
   1  norm         5.59038e+05   8.42062e+00   5.33154e+01  -3.09096e-01
   2  Q            5.64975e-01   4.62347e-07   5.54765e-04  -9.75239e+05
   3  theta       -2.15721e-02   4.10771e-04   2.31603e-01  -4.93486e+03
   4  pileup       9.99966e-04   1.01079e-07   2.09865e-05  -4.06240e+06
 MINUIT WARNING IN MIGRAD  
 ============== Negative diagonal element 3 in Error Matrix
 MINUIT WARNING IN MIGRAD  
 ============== 1 added to diagonal of error matrix
 MIGRAD FAILS TO FIND IMPROVEMENT
 MACHINE ACCURACY LIMITS FURTHER IMPROVEMENT.
 MIGRAD MINIMIZATION HAS CONVERGED.
 FCN=-2.37857e+11 FROM MIGRAD    STATUS=CONVERGED      81 CALLS         486 TOTAL
                     EDM=505.453    STRATEGY= 1  ERROR MATRIX UNCERTAINTY   4.4 per cent
  EXT PARAMETER                                   STEP         FIRST   
  NO.   NAME      VALUE            ERROR          SIZE      DERIVATIVE 
   1  norm         5.59047e+05   7.83450e+00   0.00000e+00   8.40352e-02
   2  Q            5.64975e-01   1.00000e+00  -0.00000e+00   2.49518e+05
   3  theta       -2.11593e-02   1.00000e+00   0.00000e+00  -1.10569e+05
   4  pileup       9.99978e-04   1.00000e+00  -0.00000e+00   6.91045e+06
 EXTERNAL ERROR MATRIX.    NDIM=  25    NPAR=  4    ERR DEF=1
  6.138e+01 -5.835e-07  3.470e-05 -1.974e-07 
 -5.835e-07  1.000e+00 -3.585e-12 -1.320e-14 
  3.470e-05 -3.585e-12  1.000e+00 -1.194e-13 
 -1.974e-07 -1.320e-14 -1.194e-13  1.000e+00 
 PARAMETER  CORRELATION COEFFICIENTS  
       NO.  GLOBAL      1      2      3      4
        1  0.00000   1.000 -0.000  0.000 -0.000
        2  0.00000  -0.000  1.000 -0.000 -0.000
        3  0.00000   0.000 -0.000  1.000 -0.000
        4  0.00000  -0.000 -0.000 -0.000  1.000
status of the fit-----000------0
1  559047
2  0.564975
3  -0.0211593
4  0.000999978
 PARAMETER DEFINITIONS:
    NO.   NAME         VALUE      STEP SIZE      LIMITS
     1 norm         5.59047e+05  1.00000e-01     no limits
     2 Q            5.64975e-01  1.00000e-01     no limits
     3 theta       -2.11593e-02  1.00000e-01     no limits
     4 pileup       9.99978e-04  1.00000e-01     no limits
 **********
 **    5 **MIGRAD
 **********
 FIRST CALL TO USER FUNCTION AT NEW START POINT, WITH IFLAG=4.
 START MIGRAD MINIMIZATION.  STRATEGY  1.  CONVERGENCE WHEN EDM .LT. 1.00e-04
 FCN=-2.37857e+11 FROM MIGRAD    STATUS=INITIATE       18 CALLS         505 TOTAL
                     EDM= unknown      STRATEGY= 1      NO ERROR MATRIX       
  EXT PARAMETER               CURRENT GUESS       STEP         FIRST   
  NO.   NAME      VALUE            ERROR          SIZE      DERIVATIVE 
   1  norm         5.59047e+05   1.00000e-01   1.00000e-01   8.43150e-02
   2  Q            5.64975e-01   1.00000e-01   1.00000e-01   2.52669e+06
   3  theta       -2.11593e-02   1.00000e-01   1.00000e-01  -1.60698e+05
   4  pileup       9.99978e-04   1.00000e-01   1.00000e-01  -9.18034e+11
 MIGRAD FAILS TO FIND IMPROVEMENT
 COVARIANCE MATRIX CALCULATED SUCCESSFULLY
 FCN=-2.37857e+11 FROM HESSE     STATUS=OK             29 CALLS         545 TOTAL
                     EDM=2.32975    STRATEGY= 1      ERROR MATRIX ACCURATE 
  EXT PARAMETER                                   STEP         FIRST   
  NO.   NAME      VALUE            ERROR          SIZE      DERIVATIVE 
   1  norm         5.59047e+05   1.99708e+01   2.66574e+00   8.41719e-02
   2  Q            5.64975e-01   1.28051e-06   1.00000e-03   2.49535e+05
   3  theta       -2.11593e-02   8.01356e-04   1.05946e-01  -2.72695e+03
   4  pileup       9.99978e-04   9.24336e-08   1.00000e-02   1.08729e+07
 EIGENVALUES OF SECOND-DERIVATIVE MATRIX:
        -5.3877e+00  7.3392e-02  1.1988e+00  8.1156e+00
 MINUIT WARNING IN MIGRAD  
 ============== MATRIX FORCED POS-DEF BY ADDING 5.395836 TO DIAGONAL.
 EIGENVALUES OF SECOND-DERIVATIVE MATRIX:
        -4.1745e-02  1.9324e-03  1.0064e+00  3.0335e+00
 MINUIT WARNING IN MIGRAD  
 ============== MATRIX FORCED POS-DEF BY ADDING 0.044778 TO DIAGONAL.
 MIGRAD FAILS TO FIND IMPROVEMENT
 MIGRAD TERMINATED WITHOUT CONVERGENCE.
 FCN=-2.37857e+11 FROM MIGRAD    STATUS=FAILED         98 CALLS         585 TOTAL
                     EDM=9.90389e+06    STRATEGY= 1      ERR MATRIX NOT POS-DEF
  EXT PARAMETER                APPROXIMATE        STEP         FIRST   
  NO.   NAME      VALUE            ERROR          SIZE      DERIVATIVE 
   1  norm         5.59040e+05   4.94468e+01   0.00000e+00  -2.03372e-02
   2  Q            5.64976e-01   2.93359e-08   0.00000e+00  -2.01796e+09
   3  theta       -2.06643e-02   6.71882e-05  -0.00000e+00  -8.25344e+05
   4  pileup       9.99969e-04   2.33075e-07   0.00000e+00  -2.01797e+07
 EXTERNAL ERROR MATRIX.    NDIM=  25    NPAR=  4    ERR DEF=1
  2.445e+03  1.082e-06 -2.242e-03 -3.974e-08 
  1.082e-06  8.606e-16 -1.941e-12  4.386e-15 
 -2.242e-03 -1.941e-12  4.514e-09 -1.055e-11 
 -3.974e-08  4.386e-15 -1.055e-11  5.432e-14 
ERR MATRIX NOT POS-DEF
 PARAMETER  CORRELATION COEFFICIENTS  
       NO.  GLOBAL      1      2      3      4
        1  0.98786   1.000  0.746 -0.675 -0.003
        2  0.99780   0.746  1.000 -0.985  0.641
        3  0.99321  -0.675 -0.985  1.000 -0.674
        4  0.98003  -0.003  0.641 -0.674  1.000
 ERR MATRIX NOT POS-DEF
 **********
 **    6 **MIGRAD 
 **********
 START MIGRAD MINIMIZATION.  STRATEGY  1.  CONVERGENCE WHEN EDM .LT. 1.00e-04
 FCN=-2.37857e+11 FROM MIGRAD    STATUS=INITIATE       16 CALLS         601 TOTAL
                     EDM=3.91487    STRATEGY= 1      ERR MATRIX NOT POS-DEF
  EXT PARAMETER                APPROXIMATE        STEP         FIRST   
  NO.   NAME      VALUE            ERROR          SIZE      DERIVATIVE 
   1  norm         5.59040e+05   4.94468e+01   0.00000e+00  -2.64404e-02
   2  Q            5.64976e-01   2.93359e-08   0.00000e+00  -7.50349e+04
   3  theta       -2.06643e-02   6.71882e-05  -0.00000e+00  -1.01507e+05
   4  pileup       9.99969e-04   2.33075e-07   0.00000e+00  -2.01805e+07
 MIGRAD FAILS TO FIND IMPROVEMENT
 MACHINE ACCURACY LIMITS FURTHER IMPROVEMENT.
 MIGRAD MINIMIZATION HAS CONVERGED.
 MIGRAD WILL VERIFY CONVERGENCE AND ERROR MATRIX.
 EIGENVALUES OF SECOND-DERIVATIVE MATRIX:
        -1.7326e-04  7.5264e-01  8.9922e-01  2.3483e+00
 MINUIT WARNING IN HESSE   
 ============== MATRIX FORCED POS-DEF BY ADDING 0.002522 TO DIAGONAL.
 FCN=-2.37857e+11 FROM HESSE     STATUS=NOT POSDEF     29 CALLS         639 TOTAL
                     EDM=1.4427    STRATEGY= 1      ERR MATRIX NOT POS-DEF
  EXT PARAMETER                APPROXIMATE        STEP         FIRST   
  NO.   NAME      VALUE            ERROR          SIZE      DERIVATIVE 
   1  norm         5.59040e+05   1.05772e+02   5.33148e+02  -2.02874e-02
   2  Q            5.64976e-01   3.40382e-05   9.60190e-05  -7.50195e+04
   3  theta       -2.06643e-02   8.49085e-04   8.48688e-02  -2.68468e+03
   4  pileup       9.99969e-04   9.47911e-08   2.09867e-05   8.24899e+06
 MINUIT WARNING IN MIGRAD  
 ============== Negative diagonal element 3 in Error Matrix
 MINUIT WARNING IN MIGRAD  
 ============== 1 added to diagonal of error matrix
 MIGRAD FAILS TO FIND IMPROVEMENT
 MACHINE ACCURACY LIMITS FURTHER IMPROVEMENT.
 MIGRAD MINIMIZATION HAS CONVERGED.
 MIGRAD WILL VERIFY CONVERGENCE AND ERROR MATRIX.
 EIGENVALUES OF SECOND-DERIVATIVE MATRIX:
        -3.5242e-04  8.0566e-01  9.9677e-01  2.1979e+00
 MINUIT WARNING IN HESSE   
 ============== MATRIX FORCED POS-DEF BY ADDING 0.002550 TO DIAGONAL.
 MIGRAD TERMINATED WITHOUT CONVERGENCE.
 FCN=-2.37857e+11 FROM MIGRAD    STATUS=FAILED        103 CALLS         688 TOTAL
                     EDM=5.18794    STRATEGY= 1      ERR MATRIX NOT POS-DEF
  EXT PARAMETER                APPROXIMATE        STEP         FIRST   
  NO.   NAME      VALUE            ERROR          SIZE      DERIVATIVE 
   1  norm         5.58989e+05   1.09350e+02   2.13259e+02   3.73963e-01
   2  Q            5.64995e-01   3.51715e-05   1.92038e-04   1.15465e+06
   3  theta       -1.87456e-02   1.49028e-03   3.39475e-02  -1.01956e+03
   4  pileup       9.99922e-04   9.36221e-08   8.39469e-06   1.61406e+07
 EXTERNAL ERROR MATRIX.    NDIM=  25    NPAR=  4    ERR DEF=1
  1.196e+04 -3.836e-03 -3.741e-04  1.109e-07 
 -3.836e-03  1.237e-09  4.162e-12 -1.141e-13 
 -3.741e-04  4.162e-12  2.221e-06 -3.247e-12 
  1.109e-07 -1.141e-13 -3.247e-12  8.765e-15 
ERR MATRIX NOT POS-DEF
 PARAMETER  CORRELATION COEFFICIENTS  
       NO.  GLOBAL      1      2      3      4
        1  0.99781   1.000 -0.998 -0.002  0.011
        2  0.99781  -0.998  1.000  0.000 -0.035
        3  0.04785  -0.002  0.000  1.000 -0.023
        4  0.34072   0.011 -0.035 -0.023  1.000
 ERR MATRIX NOT POS-DEF
status of the fit-----000------4
1  558989
2  0.564995
3  -0.0187456
4  0.000999922
 **********
 **    8 **SET PRINT           2
 **********
 **********
 **    9 **SET NOGRAD
 **********
 PARAMETER DEFINITIONS:
    NO.   NAME         VALUE      STEP SIZE      LIMITS
     1 p0           5.58000e+05  1.67400e+05     no limits
     2 p1           5.65000e-01  1.69500e-01     no limits
     3 p2           0.00000e+00  3.00000e-01     no limits
     4 p3           9.99871e-04  2.99961e-04     no limits
 **********
 **   10 **SET ERR         0.5
 **********
 **********
 **   11 **SET PRINT           2
 **********
 **********
 **   12 **SET STR           1
 **********
 NOW USING STRATEGY  1: TRY TO BALANCE SPEED AGAINST RELIABILITY
 **********
 **   13 **MIGRAD        1480        0.01
 **********
 FIRST CALL TO USER FUNCTION AT NEW START POINT, WITH IFLAG=4.
 START MIGRAD MINIMIZATION.  STRATEGY  1.  CONVERGENCE WHEN EDM .LT. 1.00e-05
 FCN=17439.2 FROM MIGRAD    STATUS=INITIATE       20 CALLS          21 TOTAL
                     EDM= unknown      STRATEGY= 1      NO ERROR MATRIX       
  EXT PARAMETER               CURRENT GUESS       STEP         FIRST   
  NO.   NAME      VALUE            ERROR          SIZE      DERIVATIVE 
   1  p0           5.58000e+05   1.67400e+05   1.67400e+05  -3.63816e+01
   2  p1           5.65000e-01   1.69500e-01   1.69500e-01  -1.12938e+08
   3  p2           0.00000e+00   3.00000e-01   3.00000e-01   0.00000e+00
   4  p3           9.99871e-04   2.99961e-04   2.99961e-04  -9.54045e+08
                               ERR DEF= 0.5
NO ERROR MATRIX       
 FCN=553.258 FROM MIGRAD    STATUS=PROGRESS       36 CALLS          37 TOTAL
                     EDM=1515.78    STRATEGY= 1      NO ERROR MATRIX       
  EXT PARAMETER               CURRENT GUESS       STEP         FIRST   
  NO.   NAME      VALUE            ERROR          SIZE      DERIVATIVE 
   1  p0           5.58441e+05   1.67400e+05   4.41441e+02  -8.39125e-01
   2  p1           5.65142e-01   1.69500e-01   1.42358e-04  -2.58246e+06
   3  p2           0.00000e+00   3.00000e-01  -0.00000e+00   0.00000e+00
   4  p3           1.00159e-03   2.99961e-04   1.71653e-06   4.31110e+08
                               ERR DEF= 0.5
 MINUIT WARNING IN MIGRAD  
 ============== Negative diagonal element 4 in Error Matrix
 MINUIT WARNING IN MIGRAD  
 ============== 1 added to diagonal of error matrix
 EIGENVALUES OF SECOND-DERIVATIVE MATRIX:
         1.0000e+00  1.0000e+00  1.0000e+00  1.0000e+00
 MIGRAD FAILS TO FIND IMPROVEMENT
   START COVARIANCE MATRIX CALCULATION.
 EIGENVALUES OF SECOND-DERIVATIVE MATRIX:
         1.7080e-03  8.1097e-01  1.0018e+00  2.1855e+00
 COVARIANCE MATRIX CALCULATED SUCCESSFULLY
 FCN=88.6222 FROM HESSE     STATUS=OK             23 CALLS         177 TOTAL
                     EDM=0.00602836    STRATEGY= 1      ERROR MATRIX ACCURATE 
  EXT PARAMETER                                   STEP         FIRST   
  NO.   NAME      VALUE            ERROR          SIZE      DERIVATIVE 
   1  p0           5.57445e+05   8.73349e+01   2.65811e-01   4.74173e-03
   2  p1           5.65489e-01   2.82474e-05   2.69646e-07   1.34213e+04
   3  p2           0.00000e+00   7.27908e-03   6.55315e-05   0.00000e+00
   4  p3           9.99574e-04   6.51342e-08   4.76634e-10   1.65286e+06
                               ERR DEF= 0.5
 PARAMETER  CORRELATION COEFFICIENTS  
       NO.  GLOBAL      1      2      3      4
        1  0.99829   1.000 -0.998 -0.058  0.043
        2  0.99829  -0.998  1.000  0.059 -0.064
        3  0.06220  -0.058  0.059  1.000 -0.023
        4  0.33757   0.043 -0.064 -0.023  1.000
 FCN=88.6151 FROM MIGRAD    STATUS=PROGRESS      186 CALLS         187 TOTAL
                     EDM=0.000841994    STRATEGY= 1      ERROR MATRIX ACCURATE 
  EXT PARAMETER                                   STEP         FIRST   
  NO.   NAME      VALUE            ERROR          SIZE      DERIVATIVE 
   1  p0           5.57441e+05   8.73349e+01  -4.16785e+00  -4.90673e-04
   2  p1           5.65490e-01   2.82474e-05   1.37136e-06  -2.89303e+03
   3  p2           3.60745e-05   7.27908e-03   3.60745e-05   7.17599e-01
   4  p3           9.99567e-04   6.51342e-08  -7.80690e-09  -2.48298e+05
                               ERR DEF= 0.5
 MINUIT WARNING IN MIGRAD  
 ============== Negative diagonal element 1 in Error Matrix
 MINUIT WARNING IN MIGRAD  
 ============== Negative diagonal element 2 in Error Matrix
 MINUIT WARNING IN MIGRAD  
 ============== Negative diagonal element 3 in Error Matrix
 MINUIT WARNING IN MIGRAD  
 ============== Negative diagonal element 4 in Error Matrix
 MINUIT WARNING IN MIGRAD  
 ============== 4.08608e+06 added to diagonal of error matrix
 EIGENVALUES OF SECOND-DERIVATIVE MATRIX:
         9.8949e-01  1.0000e+00  1.0000e+00  1.0105e+00
 MIGRAD FAILS TO FIND IMPROVEMENT
 MIGRAD TERMINATED WITHOUT CONVERGENCE.
 FCN=88.5141 FROM MIGRAD    STATUS=FAILED        215 CALLS         216 TOTAL
                     EDM=0.105356    STRATEGY= 1  ERROR MATRIX UNCERTAINTY  26.8 per cent
  EXT PARAMETER                APPROXIMATE        STEP         FIRST   
  NO.   NAME      VALUE            ERROR          SIZE      DERIVATIVE 
   1  p0           5.57406e+05   7.07107e-01  -0.00000e+00   5.25662e-03
   2  p1           5.65501e-01   1.42935e+03  -0.00000e+00   1.51746e+04
   3  p2          -1.44847e-04   1.42935e+03   0.00000e+00  -2.25034e+00
   4  p3           9.99566e-04   1.42935e+03  -0.00000e+00   6.42537e+06
                               ERR DEF= 0.5
 EXTERNAL ERROR MATRIX.    NDIM=  25    NPAR=  4    ERR DEF=0.5
  5.000e-01  6.608e-01 -1.060e+01 -3.948e-05 
  6.608e-01  2.043e+06  3.428e-06  1.276e-11 
 -1.060e+01  3.428e-06  2.043e+06 -1.806e-10 
 -3.948e-05  1.276e-11 -1.806e-10  2.043e+06 
ERR MATRIX APPROXIMATE
 PARAMETER  CORRELATION COEFFICIENTS  
       NO.  GLOBAL      1      2      3      4
        1  0.01051   1.000  0.001 -0.010 -0.000
        2  0.00065   0.001  1.000  0.000  0.000
        3  0.01049  -0.010  0.000  1.000 -0.000
        4  0.00000  -0.000  0.000 -0.000  1.000
 ERR MATRIX APPROXIMATE
 FCN=88.5141 FROM MIGRAD    STATUS=FAILED        215 CALLS         216 TOTAL
                     EDM=0.105356    STRATEGY= 1  ERROR MATRIX UNCERTAINTY  26.8 per cent
  EXT PARAMETER                  PARABOLIC         MINOS ERRORS        
  NO.   NAME      VALUE            ERROR      NEGATIVE      POSITIVE   
   1  p0           5.57406e+05   7.07107e-01                            
   2  p1           5.65501e-01   1.42935e+03                            
   3  p2          -1.44847e-04   1.42935e+03                            
   4  p3           9.99566e-04   1.42935e+03                            
                               ERR DEF= 0.5
 **********
 **   14 **SET PRINT           2
 **********
 **********
 **   15 **SET NOGRAD
 **********
 PARAMETER DEFINITIONS:
    NO.   NAME         VALUE      STEP SIZE      LIMITS
     1 p0           5.57406e+05  7.07107e-01     no limits
     2 p1           5.65501e-01  1.42935e+03     no limits
     3 p2          -1.44847e-04  1.42935e+03     no limits
     4 p3           9.99566e-04  1.42935e+03     no limits
 **********
 **   16 **SET ERR         0.5
 **********
 **********
 **   17 **SET PRINT           2
 **********
 **********
 **   18 **SET STR           1
 **********
 NOW USING STRATEGY  1: TRY TO BALANCE SPEED AGAINST RELIABILITY
 **********
 **   19 **MIGRAD        1480        0.01
 **********
 FIRST CALL TO USER FUNCTION AT NEW START POINT, WITH IFLAG=4.
 START MIGRAD MINIMIZATION.  STRATEGY  1.  CONVERGENCE WHEN EDM .LT. 1.00e-05
 FCN=88.5141 FROM MIGRAD    STATUS=INITIATE       20 CALLS          21 TOTAL
                     EDM= unknown      STRATEGY= 1      NO ERROR MATRIX       
  EXT PARAMETER               CURRENT GUESS       STEP         FIRST   
  NO.   NAME      VALUE            ERROR          SIZE      DERIVATIVE 
   1  p0           5.57406e+05   7.07107e-01   7.07107e-01   5.25662e-03
   2  p1           5.65501e-01   1.42935e+03   1.42935e+03   1.75771e+11
   3  p2          -1.44847e-04   1.42935e+03   1.42935e+03  -1.90427e+03
   4  p3           9.99566e-04   1.42935e+03   1.42935e+03  -3.35795e+13
                               ERR DEF= 0.5
NO ERROR MATRIX       
 MIGRAD FAILS TO FIND IMPROVEMENT
   START COVARIANCE MATRIX CALCULATION.
 EIGENVALUES OF SECOND-DERIVATIVE MATRIX:
        -1.9124e+00  8.9537e-01  1.0018e+00  4.0152e+00
 MINUIT WARNING IN HESSE   
 ============== MATRIX FORCED POS-DEF BY ADDING 1.916410 TO DIAGONAL.
 FCN=88.5141 FROM HESSE     STATUS=NOT POSDEF     29 CALLS          61 TOTAL
                     EDM=0.0379477    STRATEGY= 1      ERR MATRIX NOT POS-DEF
  EXT PARAMETER                APPROXIMATE        STEP         FIRST   
  NO.   NAME      VALUE            ERROR          SIZE      DERIVATIVE 
   1  p0           5.57406e+05   5.72779e+01   2.65792e-01   5.24884e-03
   2  p1           5.65501e-01   4.74337e-06   1.42935e-01   1.51573e+04
   3  p2          -1.44847e-04   5.92314e-04   1.42935e-01  -1.40132e+00
   4  p3           9.99566e-04   2.68226e-08   1.42935e-01   6.41829e+06
                               ERR DEF= 0.5
 PARAMETER  CORRELATION COEFFICIENTS  
       NO.  GLOBAL      1      2      3      4
        1  0.99864   1.000 -0.999  0.922 -0.073
        2  0.99859  -0.999  1.000 -0.919  0.073
        3  0.92254   0.922 -0.919  1.000 -0.065
        4  0.07404  -0.073  0.073 -0.065  1.000
 ERR MATRIX NOT POS-DEF
 FCN=88.5132 FROM MIGRAD    STATUS=PROGRESS       71 CALLS          72 TOTAL
                     EDM=0.0223093    STRATEGY= 1      ERR MATRIX NOT POS-DEF
  EXT PARAMETER                APPROXIMATE        STEP         FIRST   
  NO.   NAME      VALUE            ERROR          SIZE      DERIVATIVE 
   1  p0           5.57406e+05   5.72779e+01  -2.82114e-01  -2.89749e-03
   2  p1           5.65501e-01   4.74337e-06   2.33126e-08  -1.00441e+04
   3  p2          -1.47542e-04   5.92314e-04  -2.69587e-06  -2.10430e+00
   4  p3           9.99566e-04   2.68226e-08  -9.52802e-11   6.17249e+06
                               ERR DEF= 0.5
 MIGRAD FAILS TO FIND IMPROVEMENT
 MIGRAD TERMINATED WITHOUT CONVERGENCE.
 FCN=88.4273 FROM MIGRAD    STATUS=FAILED        106 CALLS         107 TOTAL
                     EDM=7.64165e-05    STRATEGY= 1      ERR MATRIX NOT POS-DEF
  EXT PARAMETER                APPROXIMATE        STEP         FIRST   
  NO.   NAME      VALUE            ERROR          SIZE      DERIVATIVE 
   1  p0           5.57407e+05   6.99531e+00  -0.00000e+00   3.12538e-04
   2  p1           5.65501e-01   6.06584e-07   0.00000e+00  -5.24505e+02
   3  p2          -1.37409e-04   2.75194e-04  -0.00000e+00  -2.89713e+00
   4  p3           9.99538e-04   6.63639e-08  -0.00000e+00   1.37236e+04
                               ERR DEF= 0.5
 EXTERNAL ERROR MATRIX.    NDIM=  25    NPAR=  4    ERR DEF=0.5
  4.893e+01 -3.826e-06  1.008e-03 -1.541e-07 
 -3.826e-06  3.679e-13 -6.931e-11  1.291e-14 
  1.008e-03 -6.931e-11  7.573e-08 -7.804e-13 
 -1.541e-07  1.291e-14 -7.804e-13  4.404e-15 
ERR MATRIX NOT POS-DEF
 PARAMETER  CORRELATION COEFFICIENTS  
       NO.  GLOBAL      1      2      3      4
        1  0.91863   1.000 -0.902  0.523 -0.332
        2  0.90428  -0.902  1.000 -0.415  0.321
        3  0.55556   0.523 -0.415  1.000 -0.043
        4  0.36669  -0.332  0.321 -0.043  1.000
 ERR MATRIX NOT POS-DEF
 FCN=88.4273 FROM MIGRAD    STATUS=FAILED        106 CALLS         107 TOTAL
                     EDM=7.64165e-05    STRATEGY= 1      ERR MATRIX NOT POS-DEF
  EXT PARAMETER                  PARABOLIC         MINOS ERRORS        
  NO.   NAME      VALUE            ERROR      NEGATIVE      POSITIVE   
   1  p0           5.57407e+05   6.99531e+00                            
   2  p1           5.65501e-01   6.06584e-07                            
   3  p2          -1.37409e-04   2.75194e-04                            
   4  p3           9.99538e-04   6.63639e-08                            
                               ERR DEF= 0.5
 **********
 **   20 **SET PRINT           2
 **********
 **********
 **   21 **SET NOGRAD
 **********
 PARAMETER DEFINITIONS:
    NO.   NAME         VALUE      STEP SIZE      LIMITS
     1 p0           5.57407e+05  6.99531e+00     no limits
     2 p1           5.65501e-01  6.06584e-07     no limits
     3 p2          -1.37409e-04  2.75194e-04     no limits
     4 p3           9.99538e-04  6.63639e-08     no limits
 **********
 **   22 **SET ERR         0.5
 **********
 **********
 **   23 **SET PRINT           2
 **********
 **********
 **   24 **SET STR           1
 **********
 NOW USING STRATEGY  1: TRY TO BALANCE SPEED AGAINST RELIABILITY
 **********
 **   25 **MIGRAD        1480        0.01
 **********
 FIRST CALL TO USER FUNCTION AT NEW START POINT, WITH IFLAG=4.
 START MIGRAD MINIMIZATION.  STRATEGY  1.  CONVERGENCE WHEN EDM .LT. 1.00e-05
 FCN=88.4273 FROM MIGRAD    STATUS=INITIATE       12 CALLS          13 TOTAL
                     EDM= unknown      STRATEGY= 1      NO ERROR MATRIX       
  EXT PARAMETER               CURRENT GUESS       STEP         FIRST   
  NO.   NAME      VALUE            ERROR          SIZE      DERIVATIVE 
   1  p0           5.57407e+05   6.99531e+00   6.99531e+00   3.12538e-04
   2  p1           5.65501e-01   6.06584e-07   6.06584e-07  -5.24505e+02
   3  p2          -1.37409e-04   2.75194e-04   2.75194e-04  -2.86750e+00
   4  p3           9.99538e-04   6.63639e-08   6.63639e-08   1.37236e+04
                               ERR DEF= 0.5
NO ERROR MATRIX       
 FCN=88.4272 FROM MIGRAD    STATUS=PROGRESS       26 CALLS          27 TOTAL
                     EDM=0.000292307    STRATEGY= 1      NO ERROR MATRIX       
  EXT PARAMETER               CURRENT GUESS       STEP         FIRST   
  NO.   NAME      VALUE            ERROR          SIZE      DERIVATIVE 
   1  p0           5.57407e+05   6.99531e+00  -6.26481e-02  -1.15650e-03
   2  p1           5.65501e-01   6.06584e-07   1.09898e-08  -5.03595e+03
   3  p2          -2.28747e-05   2.75194e-04   1.14534e-04  -4.84980e-01
   4  p3           9.99538e-04   6.63639e-08  -3.74213e-10  -1.07813e+05
                               ERR DEF= 0.5
 MIGRAD FAILS TO FIND IMPROVEMENT
   START COVARIANCE MATRIX CALCULATION.
 EIGENVALUES OF SECOND-DERIVATIVE MATRIX:
         2.7391e-02  9.4474e-01  1.0085e+00  2.0193e+00
 COVARIANCE MATRIX CALCULATED SUCCESSFULLY
 FCN=88.4268 FROM HESSE     STATUS=OK             27 CALLS         125 TOTAL
                     EDM=347.628    STRATEGY= 1      ERROR MATRIX ACCURATE 
  EXT PARAMETER                                   STEP         FIRST   
  NO.   NAME      VALUE            ERROR          SIZE      DERIVATIVE 
   1  p0           5.57406e+05   7.69253e+00   2.65792e-01   7.73873e-04
   2  p1           5.65502e-01   1.71989e-07   2.69652e-07   1.53567e+08
   3  p2          -8.68880e-05   7.18348e-03   4.63789e-05  -1.68913e+00
   4  p3           9.99539e-04   2.60698e-07   4.76617e-10   2.03695e+05
                               ERR DEF= 0.5
 PARAMETER  CORRELATION COEFFICIENTS  
       NO.  GLOBAL      1      2      3      4
        1  0.74694   1.000  0.710 -0.202 -0.745
        2  0.96991   0.710  1.000 -0.248 -0.970
        3  0.25521  -0.202 -0.248  1.000  0.254
        4  0.97312  -0.745 -0.970  0.254  1.000
 MIGRAD FAILS TO FIND IMPROVEMENT
 MIGRAD TERMINATED WITHOUT CONVERGENCE.
 FCN=88.4268 FROM MIGRAD    STATUS=FAILED        135 CALLS         136 TOTAL
                     EDM=347.628    STRATEGY= 1      ERR MATRIX APPROXIMATE
  EXT PARAMETER                APPROXIMATE        STEP         FIRST   
  NO.   NAME      VALUE            ERROR          SIZE      DERIVATIVE 
   1  p0           5.57406e+05   7.69253e+00  -0.00000e+00   7.73873e-04
   2  p1           5.65502e-01   1.71989e-07  -0.00000e+00   1.53567e+08
   3  p2          -8.68880e-05   7.18348e-03   0.00000e+00  -1.68913e+00
   4  p3           9.99539e-04   2.60698e-07   0.00000e+00   2.03695e+05
                               ERR DEF= 0.5
 EXTERNAL ERROR MATRIX.    NDIM=  25    NPAR=  4    ERR DEF=0.5
  5.918e+01  9.392e-07 -1.118e-02 -1.494e-06 
  9.392e-07  2.958e-14 -3.059e-10 -4.348e-14 
 -1.118e-02 -3.059e-10  5.160e-05  4.765e-10 
 -1.494e-06 -4.348e-14  4.765e-10  6.796e-14 
ERR MATRIX APPROXIMATE
 PARAMETER  CORRELATION COEFFICIENTS  
       NO.  GLOBAL      1      2      3      4
        1  0.74694   1.000  0.710 -0.202 -0.745
        2  0.96991   0.710  1.000 -0.248 -0.970
        3  0.25521  -0.202 -0.248  1.000  0.254
        4  0.97312  -0.745 -0.970  0.254  1.000
 ERR MATRIX APPROXIMATE
 FCN=88.4268 FROM MIGRAD    STATUS=FAILED        135 CALLS         136 TOTAL
                     EDM=347.628    STRATEGY= 1      ERR MATRIX APPROXIMATE
  EXT PARAMETER                  PARABOLIC         MINOS ERRORS        
  NO.   NAME      VALUE            ERROR      NEGATIVE      POSITIVE   
   1  p0           5.57406e+05   7.69253e+00                            
   2  p1           5.65502e-01   1.71989e-07                            
   3  p2          -8.68880e-05   7.18348e-03                            
   4  p3           9.99539e-04   2.60698e-07                            
                               ERR DEF= 0.5
------------------------------------------
Enering ROOFIt-------
 PARAMETER DEFINITIONS:
    NO.   NAME         VALUE      STEP SIZE      LIMITS
     1 norm         5.57406e+05  1.00000e-01     no limits
     2 Q            5.65000e-01  1.00000e-01     no limits
     3 theta        0.00000e+00  1.00000e-01     no limits
     4 pileup       9.99539e-04  1.00000e-01     no limits
 **********
 **    1 **MIGRAD
 **********
 FIRST CALL TO USER FUNCTION AT NEW START POINT, WITH IFLAG=4.
 START MIGRAD MINIMIZATION.  STRATEGY  1.  CONVERGENCE WHEN EDM .LT. 1.00e-04
 FCN=-2.37861e+11 FROM MIGRAD    STATUS=INITIATE       14 CALLS          15 TOTAL
                     EDM= unknown      STRATEGY= 1      NO ERROR MATRIX       
  EXT PARAMETER               CURRENT GUESS       STEP         FIRST   
  NO.   NAME      VALUE            ERROR          SIZE      DERIVATIVE 
   1  norm         5.57406e+05   1.00000e-01   1.00000e-01  -5.94658e+01
   2  Q            5.65000e-01   1.00000e-01   1.00000e-01  -9.03768e+08
   3  theta        0.00000e+00   1.00000e-01   1.00000e-01   0.00000e+00
   4  pileup       9.99539e-04   1.00000e-01   1.00000e-01  -9.20143e+11
 MIGRAD FAILS TO FIND IMPROVEMENT
 EIGENVALUES OF SECOND-DERIVATIVE MATRIX:
        -3.6145e-01  4.0874e-01  6.6863e-01  3.2841e+00
 MINUIT WARNING IN HESSE   
 ============== MATRIX FORCED POS-DEF BY ADDING 0.364730 TO DIAGONAL.
 FCN=-2.37861e+11 FROM HESSE     STATUS=NOT POSDEF     25 CALLS          92 TOTAL
                     EDM=6026.3    STRATEGY= 1      ERR MATRIX NOT POS-DEF
  EXT PARAMETER                APPROXIMATE        STEP         FIRST   
  NO.   NAME      VALUE            ERROR          SIZE      DERIVATIVE 
   1  norm         5.58774e+05   8.87005e+00   1.72566e+03   1.62069e+00
   2  Q            5.65015e-01   4.82117e-06   5.55123e-04   5.13317e+06
   3  theta        0.00000e+00   1.02058e-02   1.15632e-01   0.00000e+00
   4  pileup       1.00614e-03   9.17535e-08   2.10732e-05   1.52748e+09
 MIGRAD FAILS TO FIND IMPROVEMENT
 MACHINE ACCURACY LIMITS FURTHER IMPROVEMENT.
 MIGRAD MINIMIZATION HAS CONVERGED.
 MIGRAD WILL VERIFY CONVERGENCE AND ERROR MATRIX.
 EIGENVALUES OF SECOND-DERIVATIVE MATRIX:
        -4.2374e-04  3.9593e-01  8.5162e-01  2.7529e+00
 MINUIT WARNING IN HESSE   
 ============== MATRIX FORCED POS-DEF BY ADDING 0.003177 TO DIAGONAL.
 MIGRAD TERMINATED WITHOUT CONVERGENCE.
 FCN=-2.37861e+11 FROM MIGRAD    STATUS=FAILED        219 CALLS         220 TOTAL
                     EDM=0.0132419    STRATEGY= 1      ERR MATRIX NOT POS-DEF
  EXT PARAMETER                APPROXIMATE        STEP         FIRST   
  NO.   NAME      VALUE            ERROR          SIZE      DERIVATIVE 
   1  norm         5.58896e+05   9.71353e+01   1.72558e+03   1.92041e-03
   2  Q            5.65021e-01   3.16320e-05   9.62461e-05   1.52198e+03
   3  theta       -1.18824e-03   1.01246e-03   1.07792e-01  -7.04672e+01
   4  pileup       9.99599e-04   1.02954e-07   2.09841e-05   3.27477e+05
 EXTERNAL ERROR MATRIX.    NDIM=  25    NPAR=  4    ERR DEF=1
  9.435e+03 -3.059e-03 -2.006e-02 -6.961e-07 
 -3.059e-03  1.001e-09  8.078e-09  2.146e-13 
 -2.006e-02  8.078e-09  1.025e-06  4.356e-11 
 -6.961e-07  2.146e-13  4.356e-11  1.060e-14 
ERR MATRIX NOT POS-DEF
 PARAMETER  CORRELATION COEFFICIENTS  
       NO.  GLOBAL      1      2      3      4
        1  0.99722   1.000 -0.996 -0.204 -0.070
        2  0.99729  -0.996  1.000  0.252  0.066
        3  0.70785  -0.204  0.252  1.000  0.418
        4  0.51941  -0.070  0.066  0.418  1.000
 ERR MATRIX NOT POS-DEF
 **********
 **    2 **MIGRAD 
 **********
 START MIGRAD MINIMIZATION.  STRATEGY  1.  CONVERGENCE WHEN EDM .LT. 1.00e-04
 FCN=-2.37861e+11 FROM MIGRAD    STATUS=INITIATE        8 CALLS         228 TOTAL
                     EDM=0.807818    STRATEGY= 1      ERR MATRIX NOT POS-DEF
  EXT PARAMETER                APPROXIMATE        STEP         FIRST   
  NO.   NAME      VALUE            ERROR          SIZE      DERIVATIVE 
   1  norm         5.58896e+05   9.71353e+01   1.72558e+03  -8.31659e-03
   2  Q            5.65021e-01   3.16320e-05   9.62461e-05   1.50771e+03
   3  theta       -1.18824e-03   1.01246e-03   1.07792e-01  -1.51590e+03
   4  pileup       9.99599e-04   1.02954e-07   2.09841e-05  -4.18406e+06
 MIGRAD FAILS TO FIND IMPROVEMENT
 MACHINE ACCURACY LIMITS FURTHER IMPROVEMENT.
 MIGRAD MINIMIZATION HAS CONVERGED.
 MIGRAD WILL VERIFY CONVERGENCE AND ERROR MATRIX.
 EIGENVALUES OF SECOND-DERIVATIVE MATRIX:
        -8.0606e-05  4.5072e-01  8.5376e-01  2.6956e+00
 MINUIT WARNING IN HESSE   
 ============== MATRIX FORCED POS-DEF BY ADDING 0.002776 TO DIAGONAL.
 FCN=-2.37861e+11 FROM HESSE     STATUS=NOT POSDEF     29 CALLS         268 TOTAL
                     EDM=0.00970207    STRATEGY= 1      ERR MATRIX NOT POS-DEF
  EXT PARAMETER                APPROXIMATE        STEP         FIRST   
  NO.   NAME      VALUE            ERROR          SIZE      DERIVATIVE 
   1  norm         5.58896e+05   9.86270e+01   6.90233e+02   2.00784e-03
   2  Q            5.65021e-01   3.18213e-05   3.84985e-05   1.48432e+03
   3  theta       -1.18824e-03   2.26544e-03   4.31169e-02  -5.82243e+01
   4  pileup       9.99599e-04   1.00917e-07   8.39363e-06   3.66216e+05
 MIGRAD FAILS TO FIND IMPROVEMENT
 MACHINE ACCURACY LIMITS FURTHER IMPROVEMENT.
 MIGRAD MINIMIZATION HAS CONVERGED.
 MIGRAD WILL VERIFY CONVERGENCE AND ERROR MATRIX.
 EIGENVALUES OF SECOND-DERIVATIVE MATRIX:
        -4.3390e-04  3.8309e-01  8.5135e-01  2.7660e+00
 MINUIT WARNING IN HESSE   
 ============== MATRIX FORCED POS-DEF BY ADDING 0.003200 TO DIAGONAL.
 MIGRAD TERMINATED WITHOUT CONVERGENCE.
 FCN=-2.37861e+11 FROM MIGRAD    STATUS=FAILED        136 CALLS         356 TOTAL
                     EDM=0.176656    STRATEGY= 1      ERR MATRIX NOT POS-DEF
  EXT PARAMETER                APPROXIMATE        STEP         FIRST   
  NO.   NAME      VALUE            ERROR          SIZE      DERIVATIVE 
   1  norm         5.58855e+05   9.68705e+01   1.72546e+03   5.85970e-02
   2  Q            5.65035e-01   3.15671e-05   9.74094e-05   1.78432e+05
   3  theta       -4.39563e-04   1.03854e-03   1.06864e-01  -2.21606e+01
   4  pileup       9.99602e-04   1.03521e-07   2.09841e-05   3.01831e+06
 EXTERNAL ERROR MATRIX.    NDIM=  25    NPAR=  4    ERR DEF=1
  9.384e+03 -3.044e-03 -2.081e-02 -7.348e-07 
 -3.044e-03  9.965e-10  8.413e-09  2.314e-13 
 -2.081e-02  8.413e-09  1.079e-06  4.607e-11 
 -7.348e-07  2.314e-13  4.607e-11  1.072e-14 
ERR MATRIX NOT POS-DEF
 PARAMETER  CORRELATION COEFFICIENTS  
       NO.  GLOBAL      1      2      3      4
        1  0.99721   1.000 -0.996 -0.207 -0.073
        2  0.99728  -0.996  1.000  0.257  0.071
        3  0.71821  -0.207  0.257  1.000  0.429
        4  0.52704  -0.073  0.071  0.429  1.000
 ERR MATRIX NOT POS-DEF
status of the fit-----000------4
1  558855
2  0.565035
3  -0.000439563
4  0.000999602
 PARAMETER DEFINITIONS:
    NO.   NAME         VALUE      STEP SIZE      LIMITS
     1 norm         5.58855e+05  1.00000e-01     no limits
     2 Q            5.65035e-01  1.00000e-01     no limits
     3 theta       -4.39563e-04  1.00000e-01     no limits
     4 pileup       9.99602e-04  1.00000e-01     no limits
 **********
 **    3 **MIGRAD
 **********
 FIRST CALL TO USER FUNCTION AT NEW START POINT, WITH IFLAG=4.
 START MIGRAD MINIMIZATION.  STRATEGY  1.  CONVERGENCE WHEN EDM .LT. 1.00e-04
 FCN=-2.37861e+11 FROM MIGRAD    STATUS=INITIATE       14 CALLS         371 TOTAL
                     EDM= unknown      STRATEGY= 1      NO ERROR MATRIX       
  EXT PARAMETER               CURRENT GUESS       STEP         FIRST   
  NO.   NAME      VALUE            ERROR          SIZE      DERIVATIVE 
   1  norm         5.58855e+05   1.00000e-01   1.00000e-01   5.86743e-02
   2  Q            5.65035e-01   1.00000e-01   1.00000e-01   4.86852e+06
   3  theta       -4.39563e-04   1.00000e-01   1.00000e-01  -2.92890e+03
   4  pileup       9.99602e-04   1.00000e-01   1.00000e-01  -9.18013e+11
 MIGRAD FAILS TO FIND IMPROVEMENT
 COVARIANCE MATRIX CALCULATED SUCCESSFULLY
 FCN=-2.37861e+11 FROM HESSE     STATUS=OK             29 CALLS         411 TOTAL
                     EDM=1.22191    STRATEGY= 1      ERROR MATRIX ACCURATE 
  EXT PARAMETER                                   STEP         FIRST   
  NO.   NAME      VALUE            ERROR          SIZE      DERIVATIVE 
   1  norm         5.58855e+05   4.96288e+01   2.66483e+00   5.87774e-02
   2  Q            5.65035e-01   4.55397e-06   1.00000e-03   1.78425e+05
   3  theta       -4.39563e-04   3.92679e-03   1.00000e-01  -2.15416e+01
   4  pileup       9.99602e-04   9.24347e-08   1.00000e-02   2.47074e+06
 MIGRAD FAILS TO FIND IMPROVEMENT
 MIGRAD TERMINATED WITHOUT CONVERGENCE.
 FCN=-2.37861e+11 FROM MIGRAD    STATUS=FAILED        100 CALLS         457 TOTAL
                     EDM=3.77637e+07    STRATEGY= 1  ERROR MATRIX UNCERTAINTY 100.0 per cent
  EXT PARAMETER                APPROXIMATE        STEP         FIRST   
  NO.   NAME      VALUE            ERROR          SIZE      DERIVATIVE 
   1  norm         5.58852e+05   9.04451e+00  -0.00000e+00  -1.68087e-02
   2  Q            5.65035e-01   7.51509e-10  -0.00000e+00   2.74723e+09
   3  theta       -2.43108e-04   9.29525e-04  -0.00000e+00  -3.40697e+02
   4  pileup       9.99602e-04   2.94968e-08   0.00000e+00  -2.76259e+07
 EXTERNAL ERROR MATRIX.    NDIM=  25    NPAR=  4    ERR DEF=1
  8.180e+01  2.233e-10  4.822e-03 -2.253e-07 
  2.233e-10  5.648e-19  3.090e-14 -8.386e-19 
  4.822e-03  3.090e-14  8.640e-07 -1.740e-11 
 -2.253e-07 -8.386e-19 -1.740e-11  8.701e-16 
ERR MATRIX APPROXIMATE
 PARAMETER  CORRELATION COEFFICIENTS  
       NO.  GLOBAL      1      2      3      4
        1  0.84599   1.000  0.033  0.574 -0.845
        2  0.04600   0.033  1.000  0.044 -0.038
        3  0.63889   0.574  0.044  1.000 -0.635
        4  0.86431  -0.845 -0.038 -0.635  1.000
 ERR MATRIX APPROXIMATE
 **********
 **    4 **MIGRAD 
 **********
 START MIGRAD MINIMIZATION.  STRATEGY  1.  CONVERGENCE WHEN EDM .LT. 1.00e-04
 FCN=-2.37861e+11 FROM MIGRAD    STATUS=INITIATE       14 CALLS         471 TOTAL
                     EDM=1.20305    STRATEGY= 1  ERROR MATRIX UNCERTAINTY 100.0 per cent
  EXT PARAMETER                APPROXIMATE        STEP         FIRST   
  NO.   NAME      VALUE            ERROR          SIZE      DERIVATIVE 
   1  norm         5.58852e+05   9.04451e+00  -0.00000e+00  -2.29148e-02
   2  Q            5.65035e-01   7.51509e-10  -0.00000e+00  -5.60289e+04
   3  theta       -2.43108e-04   9.29525e-04  -0.00000e+00  -3.48123e+02
   4  pileup       9.99602e-04   2.94968e-08   0.00000e+00  -2.76261e+07
 MIGRAD FAILS TO FIND IMPROVEMENT
 MACHINE ACCURACY LIMITS FURTHER IMPROVEMENT.
 MIGRAD MINIMIZATION HAS CONVERGED.
 MIGRAD WILL VERIFY CONVERGENCE AND ERROR MATRIX.
 EIGENVALUES OF SECOND-DERIVATIVE MATRIX:
        -3.2302e-01  3.9636e-01  6.8464e-01  3.2420e+00
 MINUIT WARNING IN HESSE   
 ============== MATRIX FORCED POS-DEF BY ADDING 0.326262 TO DIAGONAL.
 FCN=-2.37861e+11 FROM HESSE     STATUS=NOT POSDEF     31 CALLS         537 TOTAL
                     EDM=0.00588963    STRATEGY= 1      ERR MATRIX NOT POS-DEF
  EXT PARAMETER                APPROXIMATE        STEP         FIRST   
  NO.   NAME      VALUE            ERROR          SIZE      DERIVATIVE 
   1  norm         5.58852e+05   3.71965e+01   1.72545e+03  -1.68623e-02
   2  Q            5.65035e-01   5.59071e-06   5.54990e-04  -5.61505e+04
   3  theta       -2.43117e-04   1.56378e-02   4.62986e-02  -1.19553e+01
   4  pileup       9.99602e-04   2.10304e-07   2.09841e-05   8.15129e+05
 MINUIT WARNING IN MIGRAD  
 ============== Negative diagonal element 2 in Error Matrix
 MINUIT WARNING IN MIGRAD  
 ============== 1 added to diagonal of error matrix
 MIGRAD FAILS TO FIND IMPROVEMENT
 MIGRAD TERMINATED WITHOUT CONVERGENCE.
 FCN=-2.37861e+11 FROM MIGRAD    STATUS=FAILED        116 CALLS         573 TOTAL
                     EDM=3.85341e+07    STRATEGY= 1      ERR MATRIX NOT POS-DEF
  EXT PARAMETER                APPROXIMATE        STEP         FIRST   
  NO.   NAME      VALUE            ERROR          SIZE      DERIVATIVE 
   1  norm         5.58852e+05   7.41294e+00  -0.00000e+00  -6.91961e-02
   2  Q            5.65035e-01   1.00000e+00  -0.00000e+00   2.74730e+09
   3  theta       -1.50413e-04   1.00000e+00   0.00000e+00  -3.45930e+03
   4  pileup       9.99598e-04   1.00000e+00   0.00000e+00  -2.80432e+07
 EXTERNAL ERROR MATRIX.    NDIM=  25    NPAR=  4    ERR DEF=1
  5.495e+01  4.655e-09  4.144e-03 -2.035e-07 
  4.655e-09  1.000e+00  2.971e-12  1.194e-17 
  4.144e-03  2.971e-12  1.000e+00 -4.221e-12 
 -2.035e-07  1.194e-17 -4.221e-12  1.000e+00 
ERR MATRIX NOT POS-DEF
 PARAMETER  CORRELATION COEFFICIENTS  
       NO.  GLOBAL      1      2      3      4
        1  0.00056   1.000  0.000  0.001 -0.000
        2  0.00000   0.000  1.000  0.000  0.000
        3  0.00056   0.001  0.000  1.000 -0.000
        4  0.00000  -0.000  0.000 -0.000  1.000
 ERR MATRIX NOT POS-DEF
status of the fit-----000------4
1  558852
2  0.565035
3  -0.000150413
4  0.000999598
 PARAMETER DEFINITIONS:
    NO.   NAME         VALUE      STEP SIZE      LIMITS
     1 norm         5.58852e+05  1.00000e-01     no limits
     2 Q            5.65035e-01  1.00000e-01     no limits
     3 theta       -1.50413e-04  1.00000e-01     no limits
     4 pileup       9.99598e-04  1.00000e-01     no limits
 **********
 **    5 **MIGRAD
 **********
 FIRST CALL TO USER FUNCTION AT NEW START POINT, WITH IFLAG=4.
 START MIGRAD MINIMIZATION.  STRATEGY  1.  CONVERGENCE WHEN EDM .LT. 1.00e-04
 FCN=-2.37861e+11 FROM MIGRAD    STATUS=INITIATE       14 CALLS         588 TOTAL
                     EDM= unknown      STRATEGY= 1      NO ERROR MATRIX       
  EXT PARAMETER               CURRENT GUESS       STEP         FIRST   
  NO.   NAME      VALUE            ERROR          SIZE      DERIVATIVE 
   1  norm         5.58852e+05   1.00000e-01   1.00000e-01  -4.58654e-03
   2  Q            5.65035e-01   1.00000e-01   1.00000e-01   3.86735e+06
   3  theta       -1.50413e-04   1.00000e-01   1.00000e-01  -1.00340e+03
   4  pileup       9.99598e-04   1.00000e-01   1.00000e-01  -9.18016e+11
 MIGRAD FAILS TO FIND IMPROVEMENT
 COVARIANCE MATRIX CALCULATED SUCCESSFULLY
 FCN=-2.37861e+11 FROM HESSE     STATUS=OK             29 CALLS         628 TOTAL
                     EDM=0.00379733    STRATEGY= 1      ERROR MATRIX ACCURATE 
  EXT PARAMETER                                   STEP         FIRST   
  NO.   NAME      VALUE            ERROR          SIZE      DERIVATIVE 
   1  norm         5.58852e+05   5.71151e+01   2.66482e+00  -4.40904e-03
   2  Q            5.65035e-01   5.29185e-06   1.00000e-03  -1.82770e+04
   3  theta       -1.50413e-04   4.56276e-03   1.00000e-01  -8.55255e+00
   4  pileup       9.99598e-04   9.24348e-08   1.00000e-02  -1.45803e+05
 MINUIT WARNING IN MIGRAD  
 ============== Negative diagonal element 2 in Error Matrix
 MINUIT WARNING IN MIGRAD  
 ============== 1 added to diagonal of error matrix
 MIGRAD FAILS TO FIND IMPROVEMENT
 MIGRAD TERMINATED WITHOUT CONVERGENCE.
 FCN=-2.37861e+11 FROM MIGRAD    STATUS=FAILED         93 CALLS         667 TOTAL
                     EDM=5.18731e+07    STRATEGY= 1  ERROR MATRIX UNCERTAINTY 100.0 per cent
  EXT PARAMETER                APPROXIMATE        STEP         FIRST   
  NO.   NAME      VALUE            ERROR          SIZE      DERIVATIVE 
   1  norm         5.58852e+05   9.22016e+00   0.00000e+00   6.29862e-04
   2  Q            5.65035e-01   1.00000e+00  -0.00000e+00   2.74736e+09
   3  theta       -1.63530e-04   1.00000e+00   0.00000e+00  -2.28955e+02
   4  pileup       9.99598e-04   1.00000e+00   0.00000e+00  -2.78848e+07
 EXTERNAL ERROR MATRIX.    NDIM=  25    NPAR=  4    ERR DEF=1
  8.501e+01  1.078e-10  5.456e-03 -1.950e-08 
  1.078e-10  1.000e+00  1.734e-14 -8.793e-20 
  5.456e-03  1.734e-14  1.000e+00 -4.695e-12 
 -1.950e-08 -8.793e-20 -4.695e-12  1.000e+00 
ERR MATRIX APPROXIMATE
 PARAMETER  CORRELATION COEFFICIENTS  
       NO.  GLOBAL      1      2      3      4
        1  0.00059   1.000  0.000  0.001 -0.000
        2  0.00000   0.000  1.000  0.000 -0.000
        3  0.00059   0.001  0.000  1.000 -0.000
        4  0.00000  -0.000 -0.000 -0.000  1.000
 ERR MATRIX APPROXIMATE
 **********
 **    6 **MIGRAD 
 **********
 START MIGRAD MINIMIZATION.  STRATEGY  1.  CONVERGENCE WHEN EDM .LT. 1.00e-04
 FCN=-2.37861e+11 FROM MIGRAD    STATUS=INITIATE       14 CALLS         681 TOTAL
                     EDM=5.18732e+15    STRATEGY= 1  ERROR MATRIX UNCERTAINTY 100.0 per cent
  EXT PARAMETER                APPROXIMATE        STEP         FIRST   
  NO.   NAME      VALUE            ERROR          SIZE      DERIVATIVE 
   1  norm         5.58852e+05   9.22016e+00   0.00000e+00  -5.47677e-03
   2  Q            5.65035e-01   1.00000e+00  -0.00000e+00  -1.86288e+03
   3  theta       -1.63530e-04   1.00000e+00   0.00000e+00  -2.33485e+02
   4  pileup       9.99598e-04   1.00000e+00   0.00000e+00  -2.78849e+07
 MIGRAD FAILS TO FIND IMPROVEMENT
 EIGENVALUES OF SECOND-DERIVATIVE MATRIX:
        -1.8570e-04  4.0839e-01  8.5256e-01  2.7392e+00
 MINUIT WARNING IN HESSE   
 ============== MATRIX FORCED POS-DEF BY ADDING 0.002925 TO DIAGONAL.
 FCN=-2.37861e+11 FROM HESSE     STATUS=NOT POSDEF     29 CALLS         721 TOTAL
                     EDM=0.00482093    STRATEGY= 1      ERR MATRIX NOT POS-DEF
  EXT PARAMETER                APPROXIMATE        STEP         FIRST   
  NO.   NAME      VALUE            ERROR          SIZE      DERIVATIVE 
   1  norm         5.58852e+05   9.78466e+01   5.32963e+02   6.79249e-04
   2  Q            5.65035e-01   3.15669e-05   9.74153e-05  -1.94543e+03
   3  theta       -1.63530e-04   2.24001e-03   4.57504e-02  -7.82110e+00
   4  pileup       9.99598e-04   1.02335e-07   2.09840e-05   5.56315e+05
 MINUIT WARNING IN MIGRAD  
 ============== Negative diagonal element 2 in Error Matrix
 MINUIT WARNING IN MIGRAD  
 ============== 1 added to diagonal of error matrix
 MIGRAD FAILS TO FIND IMPROVEMENT
 MIGRAD TERMINATED WITHOUT CONVERGENCE.
 FCN=-2.37861e+11 FROM MIGRAD    STATUS=FAILED         91 CALLS         758 TOTAL
                     EDM=1.17785e+10    STRATEGY= 1      ERR MATRIX NOT POS-DEF
  EXT PARAMETER                APPROXIMATE        STEP         FIRST   
  NO.   NAME      VALUE            ERROR          SIZE      DERIVATIVE 
   1  norm         5.58818e+05   9.04195e+00  -0.00000e+00  -6.26991e-02
   2  Q            5.65046e-01   1.00000e+00  -0.00000e+00   3.29505e+09
   3  theta       -1.47969e-04   1.00000e+00   0.00000e+00  -3.31933e+03
   4  pileup       9.99585e-04   1.00000e+00   0.00000e+00  -3.06565e+07
 EXTERNAL ERROR MATRIX.    NDIM=  25    NPAR=  4    ERR DEF=1
  8.176e+01  1.560e-08  1.026e-02 -6.660e-08 
  1.560e-08  1.000e+00  4.007e-12  7.327e-18 
  1.026e-02  4.007e-12  1.000e+00 -7.086e-12 
 -6.660e-08  7.327e-18 -7.086e-12  1.000e+00 
ERR MATRIX NOT POS-DEF
 PARAMETER  CORRELATION COEFFICIENTS  
       NO.  GLOBAL      1      2      3      4
        1  0.00114   1.000  0.000  0.001 -0.000
        2  0.00000   0.000  1.000  0.000  0.000
        3  0.00114   0.001  0.000  1.000 -0.000
        4  0.00000  -0.000  0.000 -0.000  1.000
 ERR MATRIX NOT POS-DEF
status of the fit-----000------4
1  558818
2  0.565046
3  -0.000147969
4  0.000999585
 **********
 **   26 **SET PRINT           2
 **********
 **********
 **   27 **SET NOGRAD
 **********
 PARAMETER DEFINITIONS:
    NO.   NAME         VALUE      STEP SIZE      LIMITS
     1 p0           5.58000e+05  1.67400e+05     no limits
     2 p1           5.65000e-01  1.69500e-01     no limits
     3 p2           0.00000e+00  3.00000e-01     no limits
     4 p3           9.99871e-04  2.99961e-04     no limits
 **********
 **   28 **SET ERR         0.5
 **********
 **********
 **   29 **SET PRINT           2
 **********
 **********
 **   30 **SET STR           1
 **********
 NOW USING STRATEGY  1: TRY TO BALANCE SPEED AGAINST RELIABILITY
 **********
 **   31 **MIGRAD        1480        0.01
 **********
 FIRST CALL TO USER FUNCTION AT NEW START POINT, WITH IFLAG=4.
 START MIGRAD MINIMIZATION.  STRATEGY  1.  CONVERGENCE WHEN EDM .LT. 1.00e-05
 FCN=17400.6 FROM MIGRAD    STATUS=INITIATE       18 CALLS          19 TOTAL
                     EDM= unknown      STRATEGY= 1      NO ERROR MATRIX       
  EXT PARAMETER               CURRENT GUESS       STEP         FIRST   
  NO.   NAME      VALUE            ERROR          SIZE      DERIVATIVE 
   1  p0           5.58000e+05   1.67400e+05   1.67400e+05  -3.63761e+01
   2  p1           5.65000e-01   1.69500e-01   1.69500e-01  -1.12920e+08
   3  p2           0.00000e+00   3.00000e-01   3.00000e-01   0.00000e+00
   4  p3           9.99871e-04   2.99961e-04   2.99961e-04  -1.01245e+09
                               ERR DEF= 0.5
NO ERROR MATRIX       
 FCN=460.715 FROM MIGRAD    STATUS=PROGRESS       34 CALLS          35 TOTAL
                     EDM=1289.08    STRATEGY= 1      NO ERROR MATRIX       
  EXT PARAMETER               CURRENT GUESS       STEP         FIRST   
  NO.   NAME      VALUE            ERROR          SIZE      DERIVATIVE 
   1  p0           5.58440e+05   1.67400e+05   4.40242e+02  -8.18748e-01
   2  p1           5.65142e-01   1.69500e-01   1.41971e-04  -2.51737e+06
   3  p2           0.00000e+00   3.00000e-01  -0.00000e+00   0.00000e+00
   4  p3           1.00169e-03   2.99961e-04   1.81657e-06   3.96412e+08
                               ERR DEF= 0.5
 MIGRAD MINIMIZATION HAS CONVERGED.
 MIGRAD WILL VERIFY CONVERGENCE AND ERROR MATRIX.
   START COVARIANCE MATRIX CALCULATION.
 EIGENVALUES OF SECOND-DERIVATIVE MATRIX:
         1.7304e-03  8.1236e-01  1.0003e+00  2.1856e+00
 COVARIANCE MATRIX CALCULATED SUCCESSFULLY
 FCN=65.2918 FROM HESSE     STATUS=OK             29 CALLS          85 TOTAL
                     EDM=6.45571e-05    STRATEGY= 1      ERROR MATRIX ACCURATE 
  EXT PARAMETER                                   STEP         FIRST   
  NO.   NAME      VALUE            ERROR          SIZE      DERIVATIVE 
   1  p0           5.58477e+05   8.69603e+01   2.66302e-01   6.71535e-05
   2  p1           5.65154e-01   2.80377e-05   2.69486e-07  -1.97249e+02
   3  p2           0.00000e+00   4.45808e-03   2.78696e-05   0.00000e+00
   4  p3           9.99843e-04   6.50978e-08   4.76762e-10  -1.16989e+03
                               ERR DEF= 0.5
 PARAMETER  CORRELATION COEFFICIENTS  
       NO.  GLOBAL      1      2      3      4
        1  0.99827   1.000 -0.998  0.126  0.016
        2  0.99827  -0.998  1.000 -0.126 -0.036
        3  0.12654   0.126 -0.126  1.000 -0.004
        4  0.33425   0.016 -0.036 -0.004  1.000
 FCN=65.2891 FROM MIGRAD    STATUS=PROGRESS       96 CALLS          97 TOTAL
                     EDM=0.00145571    STRATEGY= 1      ERROR MATRIX ACCURATE 
  EXT PARAMETER                                   STEP         FIRST   
  NO.   NAME      VALUE            ERROR          SIZE      DERIVATIVE 
   1  p0           5.58434e+05   8.69603e+01  -4.29041e+01   1.17274e-03
   2  p1           5.65168e-01   2.80377e-05   1.38304e-05   3.39548e+03
   3  p2          -2.77267e-04   4.45808e-03  -2.77267e-04  -1.21129e+01
   4  p3           9.99843e-04   6.50978e-08  -6.08978e-10   8.28776e+04
                               ERR DEF= 0.5
 MIGRAD FAILS TO FIND IMPROVEMENT
 MIGRAD MINIMIZATION HAS CONVERGED.
 MIGRAD WILL VERIFY CONVERGENCE AND ERROR MATRIX.
   START COVARIANCE MATRIX CALCULATION.
 EIGENVALUES OF SECOND-DERIVATIVE MATRIX:
         2.3191e-03  8.3385e-01  1.0082e+00  2.1556e+00
 COVARIANCE MATRIX CALCULATED SUCCESSFULLY
 FCN=65.2836 FROM MIGRAD    STATUS=CONVERGED     193 CALLS         194 TOTAL
                     EDM=2.67756e-06    STRATEGY= 1      ERROR MATRIX ACCURATE 
  EXT PARAMETER                                   STEP         FIRST   
  NO.   NAME      VALUE            ERROR          SIZE      DERIVATIVE 
   1  p0           5.58342e+05   7.47968e+01   2.66238e-01   3.29950e-05
   2  p1           5.65197e-01   2.42956e-05   2.69507e-07   4.78505e+01
   3  p2          -4.04168e-07   4.05720e-03   2.47682e-05  -3.02498e-01
   4  p3           9.99841e-04   6.35868e-08   4.76761e-10  -1.64337e+03
                               ERR DEF= 0.5
 EXTERNAL ERROR MATRIX.    NDIM=  25    NPAR=  4    ERR DEF=0.5
  5.595e+03 -1.813e-03  4.783e-02  1.441e-06 
 -1.813e-03  5.903e-10 -1.556e-08 -4.997e-13 
  4.783e-02 -1.556e-08  1.646e-05  2.373e-11 
  1.441e-06 -4.997e-13  2.373e-11  4.043e-15 
 PARAMETER  CORRELATION COEFFICIENTS  
       NO.  GLOBAL      1      2      3      4
        1  0.99766   1.000 -0.997  0.158  0.303
        2  0.99770  -0.997  1.000 -0.158 -0.323
        3  0.16437   0.158 -0.158  1.000  0.092
        4  0.42668   0.303 -0.323  0.092  1.000
 EXTERNAL ERROR MATRIX.    NDIM=   4    NPAR=  4    ERR DEF=0.5
  5.595e+03 -1.813e-03  4.783e-02  1.441e-06 
 -1.813e-03  5.903e-10 -1.556e-08 -4.997e-13 
  4.783e-02 -1.556e-08  1.646e-05  2.373e-11 
  1.441e-06 -4.997e-13  2.373e-11  4.043e-15 
 FCN=65.2836 FROM MIGRAD    STATUS=CONVERGED     193 CALLS         194 TOTAL
                     EDM=2.67756e-06    STRATEGY= 1      ERROR MATRIX ACCURATE 
  EXT PARAMETER                  PARABOLIC         MINOS ERRORS        
  NO.   NAME      VALUE            ERROR      NEGATIVE      POSITIVE   
   1  p0           5.58342e+05   7.47968e+01                            
   2  p1           5.65197e-01   2.42956e-05                            
   3  p2          -4.04168e-07   4.05720e-03                            
   4  p3           9.99841e-04   6.35868e-08                            
                               ERR DEF= 0.5
------------------------------------------
Enering ROOFIt-------
 PARAMETER DEFINITIONS:
    NO.   NAME         VALUE      STEP SIZE      LIMITS
     1 norm         5.58342e+05  1.00000e-01     no limits
     2 Q            5.65000e-01  1.00000e-01     no limits
     3 theta        0.00000e+00  1.00000e-01     no limits
     4 pileup       9.99841e-04  1.00000e-01     no limits
 **********
 **    1 **MIGRAD
 **********
 FIRST CALL TO USER FUNCTION AT NEW START POINT, WITH IFLAG=4.
 START MIGRAD MINIMIZATION.  STRATEGY  1.  CONVERGENCE WHEN EDM .LT. 1.00e-04
 FCN=-2.37862e+11 FROM MIGRAD    STATUS=INITIATE       14 CALLS          15 TOTAL
                     EDM= unknown      STRATEGY= 1      NO ERROR MATRIX       
  EXT PARAMETER               CURRENT GUESS       STEP         FIRST   
  NO.   NAME      VALUE            ERROR          SIZE      DERIVATIVE 
   1  norm         5.58342e+05   1.00000e-01   1.00000e-01  -2.33429e+01
   2  Q            5.65000e-01   1.00000e-01   1.00000e-01  -3.52044e+08
   3  theta        0.00000e+00   1.00000e-01   1.00000e-01   0.00000e+00
   4  pileup       9.99841e-04   1.00000e-01   1.00000e-01  -9.18946e+11
 MIGRAD FAILS TO FIND IMPROVEMENT
 EIGENVALUES OF SECOND-DERIVATIVE MATRIX:
        -1.0963e-01  4.8311e-01  6.6602e-01  2.9605e+00
 MINUIT WARNING IN HESSE   
 ============== MATRIX FORCED POS-DEF BY ADDING 0.112586 TO DIAGONAL.
 FCN=-2.37862e+11 FROM HESSE     STATUS=NOT POSDEF     25 CALLS          91 TOTAL
                     EDM=892.534    STRATEGY= 1      ERR MATRIX NOT POS-DEF
  EXT PARAMETER                APPROXIMATE        STEP         FIRST   
  NO.   NAME      VALUE            ERROR          SIZE      DERIVATIVE 
   1  norm         5.58882e+05   1.26639e+01   2.66238e+02   6.61831e-01
   2  Q            5.65006e-01   4.99203e-06   5.55026e-04   2.09238e+06
   3  theta        0.00000e+00   9.30411e-03   1.17897e-01   0.00000e+00
   4  pileup       1.00240e-03   9.72400e-08   2.10205e-05   5.96265e+08
 MIGRAD FAILS TO FIND IMPROVEMENT
 MACHINE ACCURACY LIMITS FURTHER IMPROVEMENT.
 MIGRAD MINIMIZATION HAS CONVERGED.
 MIGRAD WILL VERIFY CONVERGENCE AND ERROR MATRIX.
 EIGENVALUES OF SECOND-DERIVATIVE MATRIX:
        -5.0971e-02  4.8553e-01  6.6745e-01  2.8980e+00
 MINUIT WARNING IN HESSE   
 ============== MATRIX FORCED POS-DEF BY ADDING 0.053869 TO DIAGONAL.
 MIGRAD TERMINATED WITHOUT CONVERGENCE.
 FCN=-2.37862e+11 FROM MIGRAD    STATUS=FAILED        239 CALLS         240 TOTAL
                     EDM=8.05662    STRATEGY= 1      ERR MATRIX NOT POS-DEF
  EXT PARAMETER                APPROXIMATE        STEP         FIRST   
  NO.   NAME      VALUE            ERROR          SIZE      DERIVATIVE 
   1  norm         5.58937e+05   9.33606e+00   1.72574e+03   2.13483e-01
   2  Q            5.65007e-01   5.20988e-06   5.54966e-04   6.63597e+05
   3  theta       -1.38232e-04   6.14725e-03   1.65208e-01  -6.28981e+00
   4  pileup       9.99917e-04   1.15096e-07   2.09870e-05   2.07139e+07
 EXTERNAL ERROR MATRIX.    NDIM=  25    NPAR=  4    ERR DEF=1
  8.716e+01  1.790e-05  2.376e-02 -2.319e-07 
  1.790e-05  2.714e-11  3.187e-08 -3.010e-13 
  2.376e-02  3.187e-08  3.779e-05 -3.280e-10 
 -2.319e-07 -3.010e-13 -3.280e-10  1.325e-14 
ERR MATRIX NOT POS-DEF
 PARAMETER  CORRELATION COEFFICIENTS  
       NO.  GLOBAL      1      2      3      4
        1  0.65444   1.000  0.368  0.414 -0.216
        2  0.99726   0.368  1.000  0.995 -0.502
        3  0.99724   0.414  0.995  1.000 -0.464
        4  0.66609  -0.216 -0.502 -0.464  1.000
 ERR MATRIX NOT POS-DEF
 **********
 **    2 **MIGRAD 
 **********
 START MIGRAD MINIMIZATION.  STRATEGY  1.  CONVERGENCE WHEN EDM .LT. 1.00e-04
 FCN=-2.37862e+11 FROM MIGRAD    STATUS=INITIATE        8 CALLS         248 TOTAL
                     EDM=1.33896    STRATEGY= 1      ERR MATRIX NOT POS-DEF
  EXT PARAMETER                APPROXIMATE        STEP         FIRST   
  NO.   NAME      VALUE            ERROR          SIZE      DERIVATIVE 
   1  norm         5.58937e+05   9.33606e+00   1.72574e+03   2.03247e-01
   2  Q            5.65007e-01   5.20988e-06   5.54966e-04   6.63682e+05
   3  theta       -1.38232e-04   6.14725e-03   1.65208e-01  -4.02111e+02
   4  pileup       9.99917e-04   1.15096e-07   2.09870e-05   1.62039e+07
 MINUIT WARNING IN MIGRAD  
 ============== Negative diagonal element 2 in Error Matrix
 MINUIT WARNING IN MIGRAD  
 ============== 1 added to diagonal of error matrix
 MIGRAD FAILS TO FIND IMPROVEMENT
 COVARIANCE MATRIX CALCULATED SUCCESSFULLY
 FCN=-2.37862e+11 FROM HESSE     STATUS=OK             31 CALLS         306 TOTAL
                     EDM=1.20152    STRATEGY= 1      ERROR MATRIX ACCURATE 
  EXT PARAMETER                                   STEP         FIRST   
  NO.   NAME      VALUE            ERROR          SIZE      DERIVATIVE 
   1  norm         5.58934e+05   9.31257e+00   1.72574e+03   9.28971e-03
   2  Q            5.65006e-01   6.02118e-06   5.54967e-04   2.83654e+04
   3  theta       -1.06109e-03   1.72088e-02   6.57252e-02  -5.13480e+01
   4  pileup       9.99901e-04   1.49890e-07   2.09883e-05   1.10655e+07
 MINUIT WARNING IN MIGRAD  
 ============== Negative diagonal element 2 in Error Matrix
 MINUIT WARNING IN MIGRAD  
 ============== 1 added to diagonal of error matrix
 MIGRAD FAILS TO FIND IMPROVEMENT
 MIGRAD TERMINATED WITHOUT CONVERGENCE.
 FCN=-2.37862e+11 FROM MIGRAD    STATUS=FAILED        103 CALLS         343 TOTAL
                     EDM=197348    STRATEGY= 1  ERROR MATRIX UNCERTAINTY   6.4 per cent
  EXT PARAMETER                APPROXIMATE        STEP         FIRST   
  NO.   NAME      VALUE            ERROR          SIZE      DERIVATIVE 
   1  norm         5.58934e+05   8.01635e+00  -0.00000e+00  -8.90764e-02
   2  Q            5.65006e-01   1.00000e+00  -0.00000e+00   4.73992e+08
   3  theta       -8.24256e-04   1.00000e+00   0.00000e+00  -2.69634e+03
   4  pileup       9.99871e-04   1.00000e+00   0.00000e+00  -2.49860e+07
 EXTERNAL ERROR MATRIX.    NDIM=  25    NPAR=  4    ERR DEF=1
  6.426e+01  6.432e-08  6.768e-03  1.698e-07 
  6.432e-08  1.000e+00  1.776e-11  8.991e-16 
  6.768e-03  1.776e-11  1.000e+00  7.631e-11 
  1.698e-07  8.991e-16  7.631e-11  1.000e+00 
ERR MATRIX APPROXIMATE
 PARAMETER  CORRELATION COEFFICIENTS  
       NO.  GLOBAL      1      2      3      4
        1  0.00084   1.000  0.000  0.001  0.000
        2  0.00000   0.000  1.000  0.000  0.000
        3  0.00084   0.001  0.000  1.000  0.000
        4  0.00000   0.000  0.000  0.000  1.000
 ERR MATRIX APPROXIMATE
status of the fit-----000------4
1  558934
2  0.565006
3  -0.000824256
4  0.000999871
 PARAMETER DEFINITIONS:
    NO.   NAME         VALUE      STEP SIZE      LIMITS
     1 norm         5.58934e+05  1.00000e-01     no limits
     2 Q            5.65006e-01  1.00000e-01     no limits
     3 theta       -8.24256e-04  1.00000e-01     no limits
     4 pileup       9.99871e-04  1.00000e-01     no limits
 **********
 **    3 **MIGRAD
 **********
 FIRST CALL TO USER FUNCTION AT NEW START POINT, WITH IFLAG=4.
 START MIGRAD MINIMIZATION.  STRATEGY  1.  CONVERGENCE WHEN EDM .LT. 1.00e-04
 FCN=-2.37862e+11 FROM MIGRAD    STATUS=INITIATE       14 CALLS         358 TOTAL
                     EDM= unknown      STRATEGY= 1      NO ERROR MATRIX       
  EXT PARAMETER               CURRENT GUESS       STEP         FIRST   
  NO.   NAME      VALUE            ERROR          SIZE      DERIVATIVE 
   1  norm         5.58934e+05   1.00000e-01   1.00000e-01  -2.44466e-02
   2  Q            5.65006e-01   1.00000e-01   1.00000e-01   4.53597e+06
   3  theta       -8.24256e-04   1.00000e-01   1.00000e-01  -5.51597e+03
   4  pileup       9.99871e-04   1.00000e-01   1.00000e-01  -9.18115e+11
 MIGRAD FAILS TO FIND IMPROVEMENT
 COVARIANCE MATRIX CALCULATED SUCCESSFULLY
 FCN=-2.37862e+11 FROM HESSE     STATUS=OK             29 CALLS         398 TOTAL
                     EDM=0.110128    STRATEGY= 1      ERROR MATRIX ACCURATE 
  EXT PARAMETER                                   STEP         FIRST   
  NO.   NAME      VALUE            ERROR          SIZE      DERIVATIVE 
   1  norm         5.58934e+05   4.18389e+01   2.66520e+00  -2.44752e-02
   2  Q            5.65006e-01   3.75958e-06   1.00000e-03  -7.72756e+04
   3  theta       -8.24256e-04   3.21003e-03   1.00000e-01  -5.23949e+01
   4  pileup       9.99871e-04   9.24309e-08   1.00000e-02   2.90486e+06
 MINUIT WARNING IN MIGRAD  
 ============== Negative diagonal element 2 in Error Matrix
 MINUIT WARNING IN MIGRAD  
 ============== 1 added to diagonal of error matrix
 MIGRAD FAILS TO FIND IMPROVEMENT
 MIGRAD TERMINATED WITHOUT CONVERGENCE.
 FCN=-2.37862e+11 FROM MIGRAD    STATUS=FAILED        100 CALLS         444 TOTAL
                     EDM=636699    STRATEGY= 1  ERROR MATRIX UNCERTAINTY 100.0 per cent
  EXT PARAMETER                APPROXIMATE        STEP         FIRST   
  NO.   NAME      VALUE            ERROR          SIZE      DERIVATIVE 
   1  norm         5.58935e+05   9.17655e+00   0.00000e+00   7.80343e-04
   2  Q            5.65006e-01   1.00000e+00  -0.00000e+00   4.74201e+08
   3  theta       -8.80668e-04   1.00000e+00   0.00000e+00  -1.23695e+03
   4  pileup       9.99870e-04   1.00000e+00   0.00000e+00  -2.44971e+07
 EXTERNAL ERROR MATRIX.    NDIM=  25    NPAR=  4    ERR DEF=1
  8.421e+01  3.057e-09  5.134e-03 -9.985e-08 
  3.057e-09  1.000e+00  5.004e-13 -1.390e-17 
  5.134e-03  5.004e-13  1.000e+00 -2.177e-11 
 -9.985e-08 -1.390e-17 -2.177e-11  1.000e+00 
ERR MATRIX APPROXIMATE
 PARAMETER  CORRELATION COEFFICIENTS  
       NO.  GLOBAL      1      2      3      4
        1  0.00056   1.000  0.000  0.001 -0.000
        2  0.00000   0.000  1.000  0.000 -0.000
        3  0.00056   0.001  0.000  1.000 -0.000
        4  0.00000  -0.000 -0.000 -0.000  1.000
 ERR MATRIX APPROXIMATE
 **********
 **    4 **MIGRAD 
 **********
 START MIGRAD MINIMIZATION.  STRATEGY  1.  CONVERGENCE WHEN EDM .LT. 1.00e-04
 FCN=-2.37862e+11 FROM MIGRAD    STATUS=INITIATE       14 CALLS         458 TOTAL
                     EDM=1.15479e+15    STRATEGY= 1  ERROR MATRIX UNCERTAINTY 100.0 per cent
  EXT PARAMETER                APPROXIMATE        STEP         FIRST   
  NO.   NAME      VALUE            ERROR          SIZE      DERIVATIVE 
   1  norm         5.58935e+05   9.17655e+00   0.00000e+00  -5.32379e-03
   2  Q            5.65006e-01   1.00000e+00  -0.00000e+00   1.44310e+03
   3  theta       -8.80668e-04   1.00000e+00   0.00000e+00  -1.27116e+03
   4  pileup       9.99870e-04   1.00000e+00   0.00000e+00  -2.44972e+07
 MIGRAD FAILS TO FIND IMPROVEMENT
 EIGENVALUES OF SECOND-DERIVATIVE MATRIX:
        -1.7874e-04  4.3667e-01  8.5328e-01  2.7102e+00
 MINUIT WARNING IN HESSE   
 ============== MATRIX FORCED POS-DEF BY ADDING 0.002889 TO DIAGONAL.
 FCN=-2.37862e+11 FROM HESSE     STATUS=NOT POSDEF     31 CALLS         500 TOTAL
                     EDM=0.0348817    STRATEGY= 1      ERR MATRIX NOT POS-DEF
  EXT PARAMETER                APPROXIMATE        STEP         FIRST   
  NO.   NAME      VALUE            ERROR          SIZE      DERIVATIVE 
   1  norm         5.58935e+05   9.83913e+01   5.33041e+02   8.31583e-04
   2  Q            5.65006e-01   3.17290e-05   9.42426e-05   1.34385e+03
   3  theta       -8.80668e-04   2.16099e-03   4.58818e-02  -4.63599e+01
   4  pileup       9.99870e-04   1.01327e-07   2.09862e-05   3.93624e+06
 EIGENVALUES OF SECOND-DERIVATIVE MATRIX:
        -7.5788e-02  2.7185e-03  1.0207e+00  3.0523e+00
 MINUIT WARNING IN MIGRAD  
 ============== MATRIX FORCED POS-DEF BY ADDING 0.078841 TO DIAGONAL.
 MIGRAD FAILS TO FIND IMPROVEMENT
 MIGRAD TERMINATED WITHOUT CONVERGENCE.
 FCN=-2.37862e+11 FROM MIGRAD    STATUS=FAILED        109 CALLS         553 TOTAL
                     EDM=8.7201e+07    STRATEGY= 1      ERR MATRIX NOT POS-DEF
  EXT PARAMETER                APPROXIMATE        STEP         FIRST   
  NO.   NAME      VALUE            ERROR          SIZE      DERIVATIVE 
   1  norm         5.58933e+05   3.87138e+01   0.00000e+00  -5.67362e-02
   2  Q            5.65007e-01   2.40312e-09   0.00000e+00   5.64037e+08
   3  theta       -8.14022e-04   1.07953e-04  -0.00000e+00  -5.47072e+03
   4  pileup       9.99857e-04   7.02359e-08   0.00000e+00  -2.74019e+07
 EXTERNAL ERROR MATRIX.    NDIM=  25    NPAR=  4    ERR DEF=1
  1.499e+03  5.566e-08 -2.438e-03 -1.519e-07 
  5.566e-08  5.775e-18 -2.671e-13  1.305e-16 
 -2.438e-03 -2.671e-13  1.165e-08 -5.683e-12 
 -1.519e-07  1.305e-16 -5.683e-12  4.933e-15 
ERR MATRIX NOT POS-DEF
 PARAMETER  CORRELATION COEFFICIENTS  
       NO.  GLOBAL      1      2      3      4
        1  0.94600   1.000  0.598 -0.583 -0.056
        2  1.02941   0.598  1.000 -1.029  0.773
        3  0.85895  -0.583 -1.029  1.000 -0.749
        4  0.96446  -0.056  0.773 -0.749  1.000
 ERR MATRIX NOT POS-DEF
status of the fit-----000------4
1  558933
2  0.565007
3  -0.000814022
4  0.000999857
 PARAMETER DEFINITIONS:
    NO.   NAME         VALUE      STEP SIZE      LIMITS
     1 norm         5.58933e+05  1.00000e-01     no limits
     2 Q            5.65007e-01  1.00000e-01     no limits
     3 theta       -8.14022e-04  1.00000e-01     no limits
     4 pileup       9.99857e-04  1.00000e-01     no limits
 **********
 **    5 **MIGRAD
 **********
 FIRST CALL TO USER FUNCTION AT NEW START POINT, WITH IFLAG=4.
 START MIGRAD MINIMIZATION.  STRATEGY  1.  CONVERGENCE WHEN EDM .LT. 1.00e-04
 FCN=-2.37862e+11 FROM MIGRAD    STATUS=INITIATE       14 CALLS         568 TOTAL
                     EDM= unknown      STRATEGY= 1      NO ERROR MATRIX       
  EXT PARAMETER               CURRENT GUESS       STEP         FIRST   
  NO.   NAME      VALUE            ERROR          SIZE      DERIVATIVE 
   1  norm         5.58933e+05   1.00000e-01   1.00000e-01   7.87215e-03
   2  Q            5.65007e-01   1.00000e-01   1.00000e-01   4.88839e+06
   3  theta       -8.14022e-04   1.00000e-01   1.00000e-01  -5.44640e+03
   4  pileup       9.99857e-04   1.00000e-01   1.00000e-01  -9.18115e+11
 MIGRAD FAILS TO FIND IMPROVEMENT
 COVARIANCE MATRIX CALCULATED SUCCESSFULLY
 FCN=-2.37862e+11 FROM HESSE     STATUS=OK             29 CALLS         608 TOTAL
                     EDM=0.0412654    STRATEGY= 1      ERROR MATRIX ACCURATE 
  EXT PARAMETER                                   STEP         FIRST   
  NO.   NAME      VALUE            ERROR          SIZE      DERIVATIVE 
   1  norm         5.58933e+05   4.18942e+01   2.66520e+00   8.07253e-03
   2  Q            5.65007e-01   3.76790e-06   1.00000e-03   2.31126e+04
   3  theta       -8.14022e-04   3.22024e-03   1.00000e-01  -5.09491e+01
   4  pileup       9.99857e-04   9.24309e-08   1.00000e-02   4.84994e+05
 MIGRAD FAILS TO FIND IMPROVEMENT
 MIGRAD TERMINATED WITHOUT CONVERGENCE.
 FCN=-2.37862e+11 FROM MIGRAD    STATUS=FAILED         97 CALLS         651 TOTAL
                     EDM=990196    STRATEGY= 1  ERROR MATRIX UNCERTAINTY 100.0 per cent
  EXT PARAMETER                APPROXIMATE        STEP         FIRST   
  NO.   NAME      VALUE            ERROR          SIZE      DERIVATIVE 
   1  norm         5.58932e+05   9.06924e+00  -0.00000e+00  -8.08799e-03
   2  Q            5.65007e-01   5.31536e-09  -0.00000e+00   5.63887e+08
   3  theta       -7.72389e-04   8.92455e-04  -0.00000e+00  -1.08753e+03
   4  pileup       9.99856e-04   2.66748e-08  -0.00000e+00  -2.78996e+07
 EXTERNAL ERROR MATRIX.    NDIM=  25    NPAR=  4    ERR DEF=1
  8.225e+01  2.286e-09  4.814e-03 -1.706e-07 
  2.286e-09  2.825e-17  4.032e-13 -1.230e-17 
  4.814e-03  4.032e-13  7.965e-07 -2.446e-11 
 -1.706e-07 -1.230e-17 -2.446e-11  7.115e-16 
ERR MATRIX APPROXIMATE
 PARAMETER  CORRELATION COEFFICIENTS  
       NO.  GLOBAL      1      2      3      4
        1  0.44010   1.000  0.047  0.595 -0.705
        2  0.08509   0.047  1.000  0.085 -0.087
        3  1.04366   0.595  0.085  1.000 -1.027
        4  1.03408  -0.705 -0.087 -1.027  1.000
 ERR MATRIX APPROXIMATE
 **********
 **    6 **MIGRAD 
 **********
 START MIGRAD MINIMIZATION.  STRATEGY  1.  CONVERGENCE WHEN EDM .LT. 1.00e-04
 FCN=-2.37862e+11 FROM MIGRAD    STATUS=INITIATE       14 CALLS         665 TOTAL
                     EDM=0.174163    STRATEGY= 1  ERROR MATRIX UNCERTAINTY 100.0 per cent
  EXT PARAMETER                APPROXIMATE        STEP         FIRST   
  NO.   NAME      VALUE            ERROR          SIZE      DERIVATIVE 
   1  norm         5.58932e+05   9.06924e+00  -0.00000e+00  -1.41924e-02
   2  Q            5.65007e-01   5.31536e-09  -0.00000e+00  -2.62852e+04
   3  theta       -7.72389e-04   8.92455e-04  -0.00000e+00  -1.12255e+03
   4  pileup       9.99856e-04   2.66748e-08  -0.00000e+00  -2.78997e+07
 MINUIT WARNING IN MIGRAD  
 ============== Negative diagonal element 1 in Error Matrix
 MINUIT WARNING IN MIGRAD  
 ============== Negative diagonal element 2 in Error Matrix
 MINUIT WARNING IN MIGRAD  
 ============== 3.77274 added to diagonal of error matrix
 MIGRAD FAILS TO FIND IMPROVEMENT
 COVARIANCE MATRIX CALCULATED SUCCESSFULLY
 FCN=-2.37862e+11 FROM HESSE     STATUS=OK             31 CALLS         767 TOTAL
                     EDM=0.574071    STRATEGY= 1      ERROR MATRIX ACCURATE 
  EXT PARAMETER                                   STEP         FIRST   
  NO.   NAME      VALUE            ERROR          SIZE      DERIVATIVE 
   1  norm         5.58933e+05   8.96908e+00   1.72572e+03   7.81520e-03
   2  Q            5.65007e-01   1.92625e-05   5.54966e-04   2.31126e+04
   3  theta       -5.55909e-04   7.22331e-02   4.80694e-02  -3.10528e+01
   4  pileup       9.99849e-04   4.08684e-07   2.09859e-05  -7.39258e+05
 MIGRAD FAILS TO FIND IMPROVEMENT
 MACHINE ACCURACY LIMITS FURTHER IMPROVEMENT.
 MIGRAD MINIMIZATION HAS CONVERGED.
 MIGRAD WILL VERIFY CONVERGENCE AND ERROR MATRIX.
 EIGENVALUES OF SECOND-DERIVATIVE MATRIX:
        -3.7349e-04  3.8546e-01  8.5155e-01  2.7634e+00
 MINUIT WARNING IN HESSE   
 ============== MATRIX FORCED POS-DEF BY ADDING 0.003137 TO DIAGONAL.
 MIGRAD TERMINATED WITHOUT CONVERGENCE.
 FCN=-2.37862e+11 FROM MIGRAD    STATUS=FAILED        200 CALLS         851 TOTAL
                     EDM=0.013701    STRATEGY= 1      ERR MATRIX NOT POS-DEF
  EXT PARAMETER                APPROXIMATE        STEP         FIRST   
  NO.   NAME      VALUE            ERROR          SIZE      DERIVATIVE 
   1  norm         5.58933e+05   9.70475e+01   1.72572e+03   5.11773e-03
   2  Q            5.65007e-01   3.15469e-05   9.42759e-05   1.47043e+04
   3  theta       -2.95033e-04   1.14183e-03   9.56398e-02  -1.88502e+01
   4  pileup       9.99846e-04   1.03326e-07   2.09858e-05  -1.40445e+06
 EXTERNAL ERROR MATRIX.    NDIM=  25    NPAR=  4    ERR DEF=1
  9.418e+03 -3.048e-03 -1.846e-02 -5.493e-07 
 -3.048e-03  9.952e-10  7.796e-09  1.697e-13 
 -1.846e-02  7.796e-09  1.304e-06  5.010e-11 
 -5.493e-07  1.697e-13  5.010e-11  1.068e-14 
ERR MATRIX NOT POS-DEF
 PARAMETER  CORRELATION COEFFICIENTS  
       NO.  GLOBAL      1      2      3      4
        1  0.99722   1.000 -0.996 -0.167 -0.055
        2  0.99728  -0.996  1.000  0.216  0.052
        3  0.71020  -0.167  0.216  1.000  0.425
        4  0.52430  -0.055  0.052  0.425  1.000
 ERR MATRIX NOT POS-DEF
status of the fit-----000------4
1  558933
2  0.565007
3  -0.000295033
4  0.000999846
