  *******************************************
  *                                         *
  *        W E L C O M E  to  R O O T       *
  *                                         *
  *   Version   5.34/36      5 April 2016   *
  *                                         *
  *  You are welcome to visit our Web site  *
  *          http://root.cern.ch            *
  *                                         *
  *******************************************

ROOT 5.34/36 (v5-34-36@v5-34-36, Apr 05 2016, 10:25:45 on linuxx8664gcc)

CINT/ROOT C/C++ Interpreter version 5.18.00, July 2, 2010
Type ? for help. Commands must be C++ statements.
Enclose multiple statements between { }.
Loading root init file.
The rat/rootinit.C file loaded the DEAP style for you, which is available from the fStyle pointer.
DEAP style applied. 
RAT: Libraries loaded.

Processing /home/fatemigh/projects/rpp-jillings/fatemigh/sterile/Likelihood/LikelihoodSterile_modified6.C+(3)...
pased here
566 lines read from file
31
spec_E  566
Before entering fitting
 **********
 **    1 **SET PRINT           2
 **********
 **********
 **    2 **SET NOGRAD
 **********
 PARAMETER DEFINITIONS:
    NO.   NAME         VALUE      STEP SIZE      LIMITS
     1 p0           5.58000e+05  1.67400e+05     no limits
     2 p1           5.65000e-01  1.69500e-01     no limits
     3 p2           0.00000e+00  3.00000e-01     no limits
     4 p3           9.99871e-04  2.99961e-04     no limits
 **********
 **    3 **SET ERR         0.5
 **********
 **********
 **    4 **SET PRINT           2
 **********
 **********
 **    5 **SET STR           1
 **********
 NOW USING STRATEGY  1: TRY TO BALANCE SPEED AGAINST RELIABILITY
 **********
 **    6 **MIGRAD        1480        0.01
 **********
 FIRST CALL TO USER FUNCTION AT NEW START POINT, WITH IFLAG=4.
 START MIGRAD MINIMIZATION.  STRATEGY  1.  CONVERGENCE WHEN EDM .LT. 1.00e-05
 FCN=17131.5 FROM MIGRAD    STATUS=INITIATE       16 CALLS          17 TOTAL
                     EDM= unknown      STRATEGY= 1      NO ERROR MATRIX       
  EXT PARAMETER               CURRENT GUESS       STEP         FIRST   
  NO.   NAME      VALUE            ERROR          SIZE      DERIVATIVE 
   1  p0           5.58000e+05   1.67400e+05   1.67400e+05  -3.60803e+01
   2  p1           5.65000e-01   1.69500e-01   1.69500e-01  -5.06337e+08
   3  p2           0.00000e+00   3.00000e-01   3.00000e-01   0.00000e+00
   4  p3           9.99871e-04   2.99961e-04   2.99961e-04  -9.60345e+08
                               ERR DEF= 0.5
NO ERROR MATRIX       
 FCN=1113.4 FROM MIGRAD    STATUS=PROGRESS       33 CALLS          34 TOTAL
                     EDM=3135.58    STRATEGY= 1      NO ERROR MATRIX       
  EXT PARAMETER               CURRENT GUESS       STEP         FIRST   
  NO.   NAME      VALUE            ERROR          SIZE      DERIVATIVE 
   1  p0           5.58692e+05   1.67400e+05   6.92475e+02  -2.04862e+00
   2  p1           5.65040e-01   1.69500e-01   3.96689e-05  -6.32110e+06
   3  p2           0.00000e+00   3.00000e-01  -0.00000e+00   0.00000e+00
   4  p3           1.00260e-03   2.99961e-04   2.73278e-06   6.12034e+08
                               ERR DEF= 0.5
 FCN=72.2673 FROM MIGRAD    STATUS=PROGRESS      143 CALLS         144 TOTAL
                     EDM=1.31693e-06    STRATEGY= 1  ERROR MATRIX UNCERTAINTY   9.6 per cent
  EXT PARAMETER                APPROXIMATE        STEP         FIRST   
  NO.   NAME      VALUE            ERROR          SIZE      DERIVATIVE 
   1  p0           5.58820e+05   8.05180e+00   3.28648e-03   1.61864e-04
   2  p1           5.65042e-01   2.41758e-06  -1.35061e-09   4.71410e+03
   3  p2           0.00000e+00   4.95481e-04  -0.00000e+00   0.00000e+00
   4  p3           9.99660e-04   6.38612e-08   2.41897e-11   1.56207e+05
                               ERR DEF= 0.5
 MIGRAD FAILS TO FIND IMPROVEMENT
 MIGRAD MINIMIZATION HAS CONVERGED.
 MIGRAD WILL VERIFY CONVERGENCE AND ERROR MATRIX.
   START COVARIANCE MATRIX CALCULATION.
 MINUIT WARNING IN HESSE   
 ============== Negative diagonal element 3 in Error Matrix
 MINUIT WARNING IN HESSE   
 ============== 5022.71 added to diagonal of error matrix
 EIGENVALUES OF SECOND-DERIVATIVE MATRIX:
        -1.0442e+01  9.2733e-01  1.0001e+00  1.2514e+01
 MINUIT WARNING IN HESSE   
 ============== MATRIX FORCED POS-DEF BY ADDING 10.454206 TO DIAGONAL.
 FCN=71.2826 FROM HESSE     STATUS=NOT POSDEF     27 CALLS         278 TOTAL
                     EDM=4.81211e-05    STRATEGY= 1      ERR MATRIX NOT POS-DEF
  EXT PARAMETER                APPROXIMATE        STEP         FIRST   
  NO.   NAME      VALUE            ERROR          SIZE      DERIVATIVE 
   1  p0           5.60279e+05   4.16921e-03   2.67162e-01   1.49413e-04
   2  p1           5.64574e-01   1.01519e-06   2.69210e-07   4.12471e+02
   3  p2           0.00000e+00   6.33026e+00   8.16159e-05   0.00000e+00
   4  p3           9.99688e-04   3.76341e-07   4.76689e-10   2.50873e+04
                               ERR DEF= 0.5
 PARAMETER  CORRELATION COEFFICIENTS  
       NO.  GLOBAL      1      2      3      4
        1  0.00560   1.000  0.005  0.006  0.006
        2  0.87772   0.005  1.000  0.878  0.876
        3  0.99891   0.006  0.878  1.000  0.999
        4  0.99890   0.006  0.876  0.999  1.000
 ERR MATRIX NOT POS-DEF
 FCN=71.2715 FROM MIGRAD    STATUS=PROGRESS      289 CALLS         290 TOTAL
                     EDM=198.351    STRATEGY= 1      ERR MATRIX NOT POS-DEF
  EXT PARAMETER                APPROXIMATE        STEP         FIRST   
  NO.   NAME      VALUE            ERROR          SIZE      DERIVATIVE 
   1  p0           5.60279e+05   4.16921e-03  -1.15310e-08  -2.14764e-02
   2  p1           5.64574e-01   1.01519e-06  -4.41075e-10  -6.73143e+04
   3  p2          -3.10134e-03   6.33026e+00  -3.10134e-03  -3.04534e+00
   4  p3           9.99688e-04   3.76341e-07  -1.84562e-10  -1.54179e+06
                               ERR DEF= 0.5
 MIGRAD FAILS TO FIND IMPROVEMENT
 MIGRAD TERMINATED WITHOUT CONVERGENCE.
 FCN=71.2595 FROM MIGRAD    STATUS=FAILED        412 CALLS         413 TOTAL
                     EDM=8.63537e-05    STRATEGY= 1      ERR MATRIX NOT POS-DEF
  EXT PARAMETER                APPROXIMATE        STEP         FIRST   
  NO.   NAME      VALUE            ERROR          SIZE      DERIVATIVE 
   1  p0           5.60279e+05   4.16927e-03   0.00000e+00  -2.16980e-04
   2  p1           5.64574e-01   1.75068e-06   0.00000e+00  -1.17019e+03
   3  p2          -4.06036e-03   3.89153e-03   0.00000e+00  -2.77389e-01
   4  p3           9.99695e-04   8.93235e-08   0.00000e+00  -1.60556e+04
                               ERR DEF= 0.5
 EXTERNAL ERROR MATRIX.    NDIM=  25    NPAR=  4    ERR DEF=0.5
  1.738e-05  5.218e-11 -3.045e-08  1.522e-12 
  5.218e-11  3.065e-12 -3.059e-09  3.062e-14 
 -3.045e-08 -3.059e-09  1.514e-05  2.345e-10 
  1.522e-12  3.062e-14  2.345e-10  7.979e-15 
ERR MATRIX NOT POS-DEF
 PARAMETER  CORRELATION COEFFICIENTS  
       NO.  GLOBAL      1      2      3      4
        1  0.00787   1.000  0.007 -0.002  0.004
        2  0.81142   0.007  1.000 -0.449  0.196
        3  0.89805  -0.002 -0.449  1.000  0.675
        4  0.87573   0.004  0.196  0.675  1.000
 ERR MATRIX NOT POS-DEF
 FCN=71.2595 FROM MIGRAD    STATUS=FAILED        412 CALLS         413 TOTAL
                     EDM=8.63537e-05    STRATEGY= 1      ERR MATRIX NOT POS-DEF
  EXT PARAMETER                  PARABOLIC         MINOS ERRORS        
  NO.   NAME      VALUE            ERROR      NEGATIVE      POSITIVE   
   1  p0           5.60279e+05   4.16927e-03                            
   2  p1           5.64574e-01   1.75068e-06                            
   3  p2          -4.06036e-03   3.89153e-03                            
   4  p3           9.99695e-04   8.93235e-08                            
                               ERR DEF= 0.5
 **********
 **    7 **SET PRINT           2
 **********
 **********
 **    8 **SET NOGRAD
 **********
 PARAMETER DEFINITIONS:
    NO.   NAME         VALUE      STEP SIZE      LIMITS
     1 p0           5.60279e+05  4.16927e-03     no limits
     2 p1           5.64574e-01  1.75068e-06     no limits
     3 p2          -4.06036e-03  3.89153e-03     no limits
     4 p3           9.99695e-04  8.93235e-08     no limits
 **********
 **    9 **SET ERR         0.5
 **********
 **********
 **   10 **SET PRINT           2
 **********
 **********
 **   11 **SET STR           1
 **********
 NOW USING STRATEGY  1: TRY TO BALANCE SPEED AGAINST RELIABILITY
 **********
 **   12 **MIGRAD        1480        0.01
 **********
 FIRST CALL TO USER FUNCTION AT NEW START POINT, WITH IFLAG=4.
 START MIGRAD MINIMIZATION.  STRATEGY  1.  CONVERGENCE WHEN EDM .LT. 1.00e-05
 FCN=71.2595 FROM MIGRAD    STATUS=INITIATE       10 CALLS          11 TOTAL
                     EDM= unknown      STRATEGY= 1      NO ERROR MATRIX       
  EXT PARAMETER               CURRENT GUESS       STEP         FIRST   
  NO.   NAME      VALUE            ERROR          SIZE      DERIVATIVE 
   1  p0           5.60279e+05   4.16927e-03   4.16927e-03  -2.16980e-04
   2  p1           5.64574e-01   1.75068e-06   1.75068e-06  -1.17019e+03
   3  p2          -4.06036e-03   3.89153e-03   3.89153e-03  -3.20315e-01
   4  p3           9.99695e-04   8.93235e-08   8.93235e-08  -1.60556e+04
                               ERR DEF= 0.5
NO ERROR MATRIX       
 FCN=71.2595 FROM MIGRAD    STATUS=PROGRESS       21 CALLS          22 TOTAL
                     EDM=5.739e-06    STRATEGY= 1      NO ERROR MATRIX       
  EXT PARAMETER               CURRENT GUESS       STEP         FIRST   
  NO.   NAME      VALUE            ERROR          SIZE      DERIVATIVE 
   1  p0           5.60279e+05   4.16927e-03   1.10727e-03  -4.04550e-05
   2  p1           5.64574e-01   1.75068e-06   6.15255e-10  -6.29162e+02
   3  p2          -4.05797e-03   3.89153e-03   2.38873e-06  -2.07662e-01
   4  p3           9.99695e-04   8.93235e-08   1.13000e-11  -5.13489e+03
                               ERR DEF= 0.5
 MIGRAD FAILS TO FIND IMPROVEMENT
 MIGRAD MINIMIZATION HAS CONVERGED.
 MIGRAD WILL VERIFY CONVERGENCE AND ERROR MATRIX.
   START COVARIANCE MATRIX CALCULATION.
 EIGENVALUES OF SECOND-DERIVATIVE MATRIX:
         1.9031e-03  4.9157e-01  8.7305e-01  2.6335e+00
 COVARIANCE MATRIX CALCULATED SUCCESSFULLY
 FCN=71.2595 FROM HESSE     STATUS=OK             27 CALLS          54 TOTAL
                     EDM=9.89898e-05    STRATEGY= 1      ERROR MATRIX ACCURATE 
  EXT PARAMETER                                   STEP         FIRST   
  NO.   NAME      VALUE            ERROR          SIZE      DERIVATIVE 
   1  p0           5.60279e+05   8.31339e+01   2.67162e-01  -4.03376e-05
   2  p1           5.64574e-01   2.67197e-05   2.69210e-07  -6.43863e+02
   3  p2          -4.05797e-03   7.83937e-03   3.62695e-05  -1.11628e-01
   4  p3           9.99695e-04   6.72708e-08   4.76692e-10   3.13431e+03
                               ERR DEF= 0.5
 PARAMETER  CORRELATION COEFFICIENTS  
       NO.  GLOBAL      1      2      3      4
        1  0.99809   1.000 -0.997 -0.159  0.361
        2  0.99810  -0.997  1.000  0.122 -0.368
        3  0.62640  -0.159  0.122  1.000 -0.333
        4  0.53183   0.361 -0.368 -0.333  1.000
 FCN=71.2589 FROM MIGRAD    STATUS=PROGRESS       64 CALLS          65 TOTAL
                     EDM=0.000404414    STRATEGY= 1      ERROR MATRIX ACCURATE 
  EXT PARAMETER                                   STEP         FIRST   
  NO.   NAME      VALUE            ERROR          SIZE      DERIVATIVE 
   1  p0           5.60271e+05   8.31339e+01  -7.62335e+00   9.15509e-04
   2  p1           5.64576e-01   2.67197e-05   2.45475e-06   2.38632e+03
   3  p2          -3.92942e-03   7.83937e-03   1.28550e-04   7.75291e-01
   4  p3           9.99693e-04   6.72708e-08  -2.47063e-09  -4.09238e+05
                               ERR DEF= 0.5
 MIGRAD FAILS TO FIND IMPROVEMENT
 MIGRAD TERMINATED WITHOUT CONVERGENCE.
 FCN=71.2292 FROM MIGRAD    STATUS=FAILED        157 CALLS         158 TOTAL
                     EDM=0.000100082    STRATEGY= 1  ERROR MATRIX UNCERTAINTY 100.0 per cent
  EXT PARAMETER                APPROXIMATE        STEP         FIRST   
  NO.   NAME      VALUE            ERROR          SIZE      DERIVATIVE 
   1  p0           5.59901e+05   4.36567e+01  -0.00000e+00   2.12762e-05
   2  p1           5.64696e-01   1.38884e-05  -0.00000e+00   6.78257e+01
   3  p2          -6.12702e-03   7.41714e-03   0.00000e+00  -1.93699e-01
   4  p3           9.99696e-04   6.56820e-08  -0.00000e+00  -1.08313e+03
                               ERR DEF= 0.5
 EXTERNAL ERROR MATRIX.    NDIM=  25    NPAR=  4    ERR DEF=0.5
  1.906e+03 -5.977e-04 -2.542e-02 -6.663e-07 
 -5.977e-04  1.929e-10 -3.293e-09  2.067e-13 
 -2.542e-02 -3.293e-09  5.501e-05 -1.669e-10 
 -6.663e-07  2.067e-13 -1.669e-10  4.314e-15 
ERR MATRIX APPROXIMATE
 PARAMETER  CORRELATION COEFFICIENTS  
       NO.  GLOBAL      1      2      3      4
        1  0.99315   1.000 -0.986 -0.079 -0.232
        2  0.99294  -0.986  1.000 -0.032  0.227
        3  0.75769  -0.079 -0.032  1.000 -0.343
        4  0.54288  -0.232  0.227 -0.343  1.000
 ERR MATRIX APPROXIMATE
 FCN=71.2292 FROM MIGRAD    STATUS=FAILED        157 CALLS         158 TOTAL
                     EDM=0.000100082    STRATEGY= 1  ERROR MATRIX UNCERTAINTY 100.0 per cent
  EXT PARAMETER                  PARABOLIC         MINOS ERRORS        
  NO.   NAME      VALUE            ERROR      NEGATIVE      POSITIVE   
   1  p0           5.59901e+05   4.36567e+01                            
   2  p1           5.64696e-01   1.38884e-05                            
   3  p2          -6.12702e-03   7.41714e-03                            
   4  p3           9.99696e-04   6.56820e-08                            
                               ERR DEF= 0.5
 **********
 **   13 **SET PRINT           2
 **********
 **********
 **   14 **SET NOGRAD
 **********
 PARAMETER DEFINITIONS:
    NO.   NAME         VALUE      STEP SIZE      LIMITS
     1 p0           5.59901e+05  4.36567e+01     no limits
     2 p1           5.64696e-01  1.38884e-05     no limits
     3 p2          -6.12702e-03  7.41714e-03     no limits
     4 p3           9.99696e-04  6.56820e-08     no limits
 **********
 **   15 **SET ERR         0.5
 **********
 **********
 **   16 **SET PRINT           2
 **********
 **********
 **   17 **SET STR           1
 **********
 NOW USING STRATEGY  1: TRY TO BALANCE SPEED AGAINST RELIABILITY
 **********
 **   18 **MIGRAD        1480        0.01
 **********
 FIRST CALL TO USER FUNCTION AT NEW START POINT, WITH IFLAG=4.
 START MIGRAD MINIMIZATION.  STRATEGY  1.  CONVERGENCE WHEN EDM .LT. 1.00e-05
 FCN=71.2292 FROM MIGRAD    STATUS=INITIATE       14 CALLS          15 TOTAL
                     EDM= unknown      STRATEGY= 1      NO ERROR MATRIX       
  EXT PARAMETER               CURRENT GUESS       STEP         FIRST   
  NO.   NAME      VALUE            ERROR          SIZE      DERIVATIVE 
   1  p0           5.59901e+05   4.36567e+01   4.36567e+01   2.12762e-05
   2  p1           5.64696e-01   1.38884e-05   1.38884e-05   6.78257e+01
   3  p2          -6.12702e-03   7.41714e-03   7.41714e-03  -2.66988e-01
   4  p3           9.99696e-04   6.56820e-08   6.56820e-08  -1.08313e+03
                               ERR DEF= 0.5
NO ERROR MATRIX       
 MIGRAD FAILS TO FIND IMPROVEMENT
   START COVARIANCE MATRIX CALCULATION.
 EIGENVALUES OF SECOND-DERIVATIVE MATRIX:
         2.5150e-03  4.9993e-01  8.6732e-01  2.6302e+00
 COVARIANCE MATRIX CALCULATED SUCCESSFULLY
 FCN=71.2292 FROM HESSE     STATUS=OK             27 CALLS          46 TOTAL
                     EDM=9.9231e-07    STRATEGY= 1      ERROR MATRIX ACCURATE 
  EXT PARAMETER                                   STEP         FIRST   
  NO.   NAME      VALUE            ERROR          SIZE      DERIVATIVE 
   1  p0           5.59901e+05   7.20381e+01   2.66982e-01   2.09874e-05
   2  p1           5.64696e-01   2.33236e-05   2.69268e-07   7.49866e+01
   3  p2          -6.12702e-03   5.06658e-03   2.55562e-05  -2.57073e-01
   4  p3           9.99696e-04   6.35617e-08   4.76692e-10  -1.14865e+03
                               ERR DEF= 0.5
 PARAMETER  CORRELATION COEFFICIENTS  
       NO.  GLOBAL      1      2      3      4
        1  0.99747   1.000 -0.996  0.124  0.014
        2  0.99751  -0.996  1.000 -0.165 -0.023
        3  0.61824   0.124 -0.165  1.000 -0.307
        4  0.42867   0.014 -0.023 -0.307  1.000
 MIGRAD FAILS TO FIND IMPROVEMENT
 MIGRAD MINIMIZATION HAS CONVERGED.
 FCN=71.2292 FROM MIGRAD    STATUS=CONVERGED      49 CALLS          50 TOTAL
                     EDM=9.9231e-07    STRATEGY= 1      ERROR MATRIX ACCURATE 
  EXT PARAMETER                                   STEP         FIRST   
  NO.   NAME      VALUE            ERROR          SIZE      DERIVATIVE 
   1  p0           5.59901e+05   7.20381e+01   0.00000e+00   2.09874e-05
   2  p1           5.64696e-01   2.33236e-05  -0.00000e+00   7.49866e+01
   3  p2          -6.12702e-03   5.06658e-03   0.00000e+00  -2.57073e-01
   4  p3           9.99696e-04   6.35617e-08  -0.00000e+00  -1.14865e+03
                               ERR DEF= 0.5
 EXTERNAL ERROR MATRIX.    NDIM=  25    NPAR=  4    ERR DEF=0.5
  5.189e+03 -1.674e-03  4.512e-02  6.294e-08 
 -1.674e-03  5.440e-10 -1.945e-08 -3.357e-14 
  4.512e-02 -1.945e-08  2.567e-05 -9.873e-11 
  6.294e-08 -3.357e-14 -9.873e-11  4.040e-15 
 PARAMETER  CORRELATION COEFFICIENTS  
       NO.  GLOBAL      1      2      3      4
        1  0.99747   1.000 -0.996  0.124  0.014
        2  0.99751  -0.996  1.000 -0.165 -0.023
        3  0.61824   0.124 -0.165  1.000 -0.307
        4  0.42867   0.014 -0.023 -0.307  1.000
 EXTERNAL ERROR MATRIX.    NDIM=   4    NPAR=  4    ERR DEF=0.5
  5.189e+03 -1.674e-03  4.512e-02  6.294e-08 
 -1.674e-03  5.440e-10 -1.945e-08 -3.357e-14 
  4.512e-02 -1.945e-08  2.567e-05 -9.873e-11 
  6.294e-08 -3.357e-14 -9.873e-11  4.040e-15 
 FCN=71.2292 FROM MIGRAD    STATUS=CONVERGED      49 CALLS          50 TOTAL
                     EDM=9.9231e-07    STRATEGY= 1      ERROR MATRIX ACCURATE 
  EXT PARAMETER                  PARABOLIC         MINOS ERRORS        
  NO.   NAME      VALUE            ERROR      NEGATIVE      POSITIVE   
   1  p0           5.59901e+05   7.20381e+01                            
   2  p1           5.64696e-01   2.33236e-05                            
   3  p2          -6.12702e-03   5.06658e-03                            
   4  p3           9.99696e-04   6.35617e-08                            
                               ERR DEF= 0.5
------------------------------------------
Enering ROOFIt-------
 PARAMETER DEFINITIONS:
    NO.   NAME         VALUE      STEP SIZE      LIMITS
     1 norm         5.59901e+05  1.00000e-01     no limits
     2 Q            5.65000e-01  1.00000e-01     no limits
     3 theta        0.00000e+00  1.00000e-01     no limits
     4 pileup       9.99696e-04  1.00000e-01     no limits
 **********
 **    1 **MIGRAD
 **********
 FIRST CALL TO USER FUNCTION AT NEW START POINT, WITH IFLAG=4.
 START MIGRAD MINIMIZATION.  STRATEGY  1.  CONVERGENCE WHEN EDM .LT. 1.00e-04
 FCN=-2.37858e+11 FROM MIGRAD    STATUS=INITIATE       45 CALLS          46 TOTAL
                     EDM= unknown      STRATEGY= 1      NO ERROR MATRIX       
  EXT PARAMETER               CURRENT GUESS       STEP         FIRST   
  NO.   NAME      VALUE            ERROR          SIZE      DERIVATIVE 
   1  norm         5.59901e+05   1.00000e-01   0.00000e+00   2.29147e+01
   2  Q            5.65000e-01   1.00000e-01   0.00000e+00   7.11582e+07
   3  theta        7.76672e-02   1.00000e-01   7.76672e-02   6.76068e+05
   4  pileup       9.99696e-04   1.00000e-01   0.00000e+00   4.91726e+07
 MIGRAD FAILS TO FIND IMPROVEMENT
 MACHINE ACCURACY LIMITS FURTHER IMPROVEMENT.
 MIGRAD MINIMIZATION HAS CONVERGED.
 FCN=-2.37858e+11 FROM MIGRAD    STATUS=CONVERGED     196 CALLS         197 TOTAL
                     EDM=66.4994    STRATEGY= 1  ERROR MATRIX UNCERTAINTY   1.6 per cent
  EXT PARAMETER                                   STEP         FIRST   
  NO.   NAME      VALUE            ERROR          SIZE      DERIVATIVE 
   1  norm         5.59334e+05   7.38194e+00  -0.00000e+00  -1.49363e-02
   2  Q            5.64878e-01   3.79792e-09  -0.00000e+00   1.52035e+05
   3  theta        5.92144e-03   8.14202e-04  -0.00000e+00   7.00768e+04
   4  pileup       9.99707e-04   8.82991e-08   0.00000e+00  -2.19132e+07
 EXTERNAL ERROR MATRIX.    NDIM=  25    NPAR=  4    ERR DEF=1
  5.449e+01  1.046e-08  2.096e-03 -6.799e-08 
  1.046e-08  1.442e-17  3.035e-12 -6.337e-17 
  2.096e-03  3.035e-12  6.629e-07 -1.303e-11 
 -6.799e-08 -6.337e-17 -1.303e-11  7.797e-15 
 PARAMETER  CORRELATION COEFFICIENTS  
       NO.  GLOBAL      1      2      3      4
        1  0.38569   1.000  0.373  0.349 -0.104
        2  0.98208   0.373  1.000  0.981 -0.189
        3  0.98166   0.349  0.981  1.000 -0.181
        4  0.19336  -0.104 -0.189 -0.181  1.000
 **********
 **    2 **MIGRAD 
 **********
 START MIGRAD MINIMIZATION.  STRATEGY  1.  CONVERGENCE WHEN EDM .LT. 1.00e-04
 FCN=-2.37858e+11 FROM MIGRAD    STATUS=INITIATE       12 CALLS         209 TOTAL
                     EDM=581.919    STRATEGY= 1  ERROR MATRIX UNCERTAINTY   1.6 per cent
  EXT PARAMETER                                   STEP         FIRST   
  NO.   NAME      VALUE            ERROR          SIZE      DERIVATIVE 
   1  norm         5.59334e+05   7.38194e+00  -0.00000e+00  -1.49350e-02
   2  Q            5.64878e-01   3.79792e-09  -0.00000e+00  -4.07173e+09
   3  theta        5.92144e-03   8.14202e-04  -0.00000e+00   7.59958e+04
   4  pileup       9.99707e-04   8.82991e-08   0.00000e+00  -2.19144e+07
 MIGRAD FAILS TO FIND IMPROVEMENT
 MACHINE ACCURACY LIMITS FURTHER IMPROVEMENT.
 MIGRAD MINIMIZATION HAS CONVERGED.
 FCN=-2.37858e+11 FROM MIGRAD    STATUS=CONVERGED      23 CALLS         220 TOTAL
                     EDM=581.919    STRATEGY= 1  ERROR MATRIX UNCERTAINTY   1.6 per cent
  EXT PARAMETER                                   STEP         FIRST   
  NO.   NAME      VALUE            ERROR          SIZE      DERIVATIVE 
   1  norm         5.59334e+05   7.38194e+00  -0.00000e+00  -1.49350e-02
   2  Q            5.64878e-01   3.79792e-09  -0.00000e+00  -4.07173e+09
   3  theta        5.92144e-03   8.14202e-04  -0.00000e+00   7.59958e+04
   4  pileup       9.99707e-04   8.82991e-08   0.00000e+00  -2.19144e+07
 EXTERNAL ERROR MATRIX.    NDIM=  25    NPAR=  4    ERR DEF=1
  5.449e+01  1.046e-08  2.096e-03 -6.799e-08 
  1.046e-08  1.442e-17  3.035e-12 -6.337e-17 
  2.096e-03  3.035e-12  6.629e-07 -1.303e-11 
 -6.799e-08 -6.337e-17 -1.303e-11  7.797e-15 
 PARAMETER  CORRELATION COEFFICIENTS  
       NO.  GLOBAL      1      2      3      4
        1  0.38569   1.000  0.373  0.349 -0.104
        2  0.98208   0.373  1.000  0.981 -0.189
        3  0.98166   0.349  0.981  1.000 -0.181
        4  0.19336  -0.104 -0.189 -0.181  1.000
status of the fit-----000------0
1  559334
2  0.564878
3  0.00592144
4  0.000999707
 **********
 **   19 **SET PRINT           2
 **********
 **********
 **   20 **SET NOGRAD
 **********
 PARAMETER DEFINITIONS:
    NO.   NAME         VALUE      STEP SIZE      LIMITS
     1 p0           5.58000e+05  1.67400e+05     no limits
     2 p1           5.65000e-01  1.69500e-01     no limits
     3 p2           0.00000e+00  3.00000e-01     no limits
     4 p3           9.99871e-04  2.99961e-04     no limits
 **********
 **   21 **SET ERR         0.5
 **********
 **********
 **   22 **SET PRINT           2
 **********
 **********
 **   23 **SET STR           1
 **********
 NOW USING STRATEGY  1: TRY TO BALANCE SPEED AGAINST RELIABILITY
 **********
 **   24 **MIGRAD        1480        0.01
 **********
 FIRST CALL TO USER FUNCTION AT NEW START POINT, WITH IFLAG=4.
 START MIGRAD MINIMIZATION.  STRATEGY  1.  CONVERGENCE WHEN EDM .LT. 1.00e-05
 FCN=17155.3 FROM MIGRAD    STATUS=INITIATE       18 CALLS          19 TOTAL
                     EDM= unknown      STRATEGY= 1      NO ERROR MATRIX       
  EXT PARAMETER               CURRENT GUESS       STEP         FIRST   
  NO.   NAME      VALUE            ERROR          SIZE      DERIVATIVE 
   1  p0           5.58000e+05   1.67400e+05   1.67400e+05  -3.61011e+01
   2  p1           5.65000e-01   1.69500e-01   1.69500e-01  -1.12060e+08
   3  p2           0.00000e+00   3.00000e-01   3.00000e-01   0.00000e+00
   4  p3           9.99871e-04   2.99961e-04   2.99961e-04  -9.63677e+08
                               ERR DEF= 0.5
NO ERROR MATRIX       
 FCN=514.109 FROM MIGRAD    STATUS=PROGRESS       34 CALLS          35 TOTAL
                     EDM=1427.28    STRATEGY= 1      NO ERROR MATRIX       
  EXT PARAMETER               CURRENT GUESS       STEP         FIRST   
  NO.   NAME      VALUE            ERROR          SIZE      DERIVATIVE 
   1  p0           5.58438e+05   1.67400e+05   4.37696e+02  -8.29202e-01
   2  p1           5.65141e-01   1.69500e-01   1.41140e-04  -2.54443e+06
   3  p2           0.00000e+00   3.00000e-01  -0.00000e+00   0.00000e+00
   4  p3           1.00160e-03   2.99961e-04   1.73233e-06   4.17993e+08
                               ERR DEF= 0.5
 MIGRAD FAILS TO FIND IMPROVEMENT
 MIGRAD MINIMIZATION HAS CONVERGED.
 MIGRAD WILL VERIFY CONVERGENCE AND ERROR MATRIX.
   START COVARIANCE MATRIX CALCULATION.
 EIGENVALUES OF SECOND-DERIVATIVE MATRIX:
        -2.9487e-04  7.7905e-01  1.0235e+00  2.1977e+00
 MINUIT WARNING IN HESSE   
 ============== MATRIX FORCED POS-DEF BY ADDING 0.002493 TO DIAGONAL.
 FCN=76.3998 FROM MIGRAD    STATUS=CONVERGED     143 CALLS         144 TOTAL
                     EDM=1.3529e-06    STRATEGY= 1      ERR MATRIX NOT POS-DEF
  EXT PARAMETER                APPROXIMATE        STEP         FIRST   
  NO.   NAME      VALUE            ERROR          SIZE      DERIVATIVE 
   1  p0           5.59747e+05   7.74314e+01   2.66908e-01   2.15178e-04
   2  p1           5.64744e-01   2.48619e-05   2.69291e-07   6.82716e+02
   3  p2           0.00000e+00   9.23132e-03   5.68114e-05   0.00000e+00
   4  p3           9.99689e-04   6.65743e-08   4.76689e-10   4.15699e+03
                               ERR DEF= 0.5
 EXTERNAL ERROR MATRIX.    NDIM=  25    NPAR=  4    ERR DEF=0.5
  5.996e+03 -1.920e-03 -3.172e-02 -2.494e-08 
 -1.920e-03  6.181e-10  1.065e-08 -3.206e-14 
 -3.172e-02  1.065e-08  8.522e-05 -5.172e-11 
 -2.494e-08 -3.206e-14 -5.172e-11  4.432e-15 
ERR MATRIX NOT POS-DEF
 PARAMETER  CORRELATION COEFFICIENTS  
       NO.  GLOBAL      1      2      3      4
        1  0.99781   1.000 -0.998 -0.044 -0.005
        2  0.99781  -0.998  1.000  0.046 -0.019
        3  0.09535  -0.044  0.046  1.000 -0.084
        4  0.35141  -0.005 -0.019 -0.084  1.000
 ERR MATRIX NOT POS-DEF
 **********
 **   25 **HESSE        1480
 **********
   START COVARIANCE MATRIX CALCULATION.
 EIGENVALUES OF SECOND-DERIVATIVE MATRIX:
        -2.5777e-03  8.0557e-01  1.0002e+00  2.1968e+00
 MINUIT WARNING IN HESSE   
 ============== MATRIX FORCED POS-DEF BY ADDING 0.004775 TO DIAGONAL.
 FCN=76.3998 FROM HESSE     STATUS=NOT POSDEF     25 CALLS         169 TOTAL
                     EDM=1.31788e-06    STRATEGY= 1      ERR MATRIX NOT POS-DEF
  EXT PARAMETER                APPROXIMATE     INTERNAL      INTERNAL  
  NO.   NAME      VALUE            ERROR       STEP SIZE       VALUE   
   1  p0           5.59747e+05   7.76219e+01   1.33454e-01   5.59747e+05
   2  p1           5.64744e-01   2.48614e-05   1.34646e-07   5.64744e-01
   3  p2           0.00000e+00   9.53746e-03   5.68114e-05   0.00000e+00
   4  p3           9.99689e-04   6.60968e-08   1.26870e-08   9.99689e-04
                               ERR DEF= 0.5
 EXTERNAL ERROR MATRIX.    NDIM=  25    NPAR=  4    ERR DEF=0.5
  6.025e+03 -1.925e-03 -2.010e-01 -4.408e-08 
 -1.925e-03  6.181e-10  6.435e-08 -2.512e-14 
 -2.010e-01  6.435e-08  9.096e-05  1.638e-12 
 -4.408e-08 -2.512e-14  1.638e-12  4.369e-15 
ERR MATRIX NOT POS-DEF
 PARAMETER  CORRELATION COEFFICIENTS  
       NO.  GLOBAL      1      2      3      4
        1  0.99781   1.000 -0.998 -0.272 -0.009
        2  0.99781  -0.998  1.000  0.271 -0.015
        3  0.27165  -0.272  0.271  1.000  0.003
        4  0.33966  -0.009 -0.015  0.003  1.000
 ERR MATRIX NOT POS-DEF
 EXTERNAL ERROR MATRIX.    NDIM=   4    NPAR=  4    ERR DEF=0.5
  6.025e+03 -1.925e-03 -2.010e-01 -4.408e-08 
 -1.925e-03  6.181e-10  6.435e-08 -2.512e-14 
 -2.010e-01  6.435e-08  9.096e-05  1.638e-12 
 -4.408e-08 -2.512e-14  1.638e-12  4.369e-15 
 FCN=76.3998 FROM HESSE     STATUS=NOT POSDEF     25 CALLS         169 TOTAL
                     EDM=1.31788e-06    STRATEGY= 1      ERR MATRIX NOT POS-DEF
  EXT PARAMETER                  PARABOLIC         MINOS ERRORS        
  NO.   NAME      VALUE            ERROR      NEGATIVE      POSITIVE   
   1  p0           5.59747e+05   7.76219e+01                            
   2  p1           5.64744e-01   2.48614e-05                            
   3  p2           0.00000e+00   9.53746e-03                            
   4  p3           9.99689e-04   6.60968e-08                            
                               ERR DEF= 0.5
------------------------------------------
Enering ROOFIt-------
 PARAMETER DEFINITIONS:
    NO.   NAME         VALUE      STEP SIZE      LIMITS
     1 norm         5.59747e+05  1.00000e-01     no limits
     2 Q            5.65000e-01  1.00000e-01     no limits
     3 theta        0.00000e+00  1.00000e-01     no limits
     4 pileup       9.99689e-04  1.00000e-01     no limits
 **********
 **    1 **MIGRAD
 **********
 FIRST CALL TO USER FUNCTION AT NEW START POINT, WITH IFLAG=4.
 START MIGRAD MINIMIZATION.  STRATEGY  1.  CONVERGENCE WHEN EDM .LT. 1.00e-04
 FCN=-2.37858e+11 FROM MIGRAD    STATUS=INITIATE       41 CALLS          42 TOTAL
                     EDM= unknown      STRATEGY= 1      NO ERROR MATRIX       
  EXT PARAMETER               CURRENT GUESS       STEP         FIRST   
  NO.   NAME      VALUE            ERROR          SIZE      DERIVATIVE 
   1  norm         5.59747e+05   1.00000e-01   0.00000e+00   8.36374e+00
   2  Q            5.65000e-01   1.00000e-01   0.00000e+00   2.50441e+07
   3  theta        1.00000e-01   1.00000e-01   1.00000e-01   7.60792e+05
   4  pileup       9.99689e-04   1.00000e-01   0.00000e+00  -7.39747e+08
 MIGRAD FAILS TO FIND IMPROVEMENT
 EIGENVALUES OF SECOND-DERIVATIVE MATRIX:
        -4.1471e-02  6.5018e-01  9.8219e-01  2.4091e+00
 MINUIT WARNING IN HESSE   
 ============== MATRIX FORCED POS-DEF BY ADDING 0.043880 TO DIAGONAL.
 FCN=-2.37858e+11 FROM HESSE     STATUS=NOT POSDEF     27 CALLS         100 TOTAL
                     EDM=242112    STRATEGY= 1      ERR MATRIX NOT POS-DEF
  EXT PARAMETER                APPROXIMATE        STEP         FIRST   
  NO.   NAME      VALUE            ERROR          SIZE      DERIVATIVE 
   1  norm         5.59484e+05   7.76187e+01   2.66908e+02   8.56215e+00
   2  Q            5.64920e-01   3.69582e-07   5.53873e-04   2.66209e+07
   3  theta        5.16188e-02   8.44733e-03   1.03364e-01  -2.70761e+04
   4  pileup       1.00311e-03   7.19490e-07   2.09592e-05   7.66549e+08
 EIGENVALUES OF SECOND-DERIVATIVE MATRIX:
        -3.5457e-01 -2.1363e-02  4.2392e-01  3.9520e+00
 MINUIT WARNING IN MIGRAD  
 ============== MATRIX FORCED POS-DEF BY ADDING 0.358519 TO DIAGONAL.
 MIGRAD FAILS TO FIND IMPROVEMENT
 MIGRAD TERMINATED WITHOUT CONVERGENCE.
 FCN=-2.37858e+11 FROM MIGRAD    STATUS=FAILED        158 CALLS         159 TOTAL
                     EDM=113571    STRATEGY= 1      ERR MATRIX NOT POS-DEF
  EXT PARAMETER                APPROXIMATE        STEP         FIRST   
  NO.   NAME      VALUE            ERROR          SIZE      DERIVATIVE 
   1  norm         5.59208e+05   1.59684e+01  -0.00000e+00  -1.07146e+00
   2  Q            5.64919e-01   9.64633e-08  -0.00000e+00  -3.16175e+06
   3  theta        2.90847e-02   8.29590e-04  -0.00000e+00   2.37979e+05
   4  pileup       1.00028e-03   1.74432e-07  -0.00000e+00   2.97040e+04
 EXTERNAL ERROR MATRIX.    NDIM=  25    NPAR=  4    ERR DEF=1
  2.550e+02  1.281e-06  1.093e-02  1.110e-06 
  1.281e-06  9.305e-15  8.017e-11  1.420e-14 
  1.093e-02  8.017e-11  6.882e-07  1.221e-10 
  1.110e-06  1.420e-14  1.221e-10  3.043e-14 
ERR MATRIX NOT POS-DEF
 PARAMETER  CORRELATION COEFFICIENTS  
       NO.  GLOBAL      1      2      3      4
        1  0.99218   1.000  0.831  0.825  0.399
        2  1.00226   0.831  1.000  1.002  0.844
        3  0.99725   0.825  1.002  1.000  0.844
        4  0.99310   0.399  0.844  0.844  1.000
 ERR MATRIX NOT POS-DEF
 **********
 **    2 **MIGRAD 
 **********
 START MIGRAD MINIMIZATION.  STRATEGY  1.  CONVERGENCE WHEN EDM .LT. 1.00e-04
 FCN=-2.37858e+11 FROM MIGRAD    STATUS=INITIATE       12 CALLS         171 TOTAL
                     EDM=4050.51    STRATEGY= 1      ERR MATRIX NOT POS-DEF
  EXT PARAMETER                APPROXIMATE        STEP         FIRST   
  NO.   NAME      VALUE            ERROR          SIZE      DERIVATIVE 
   1  norm         5.59208e+05   1.59684e+01  -0.00000e+00  -1.07145e+00
   2  Q            5.64919e-01   9.64633e-08  -0.00000e+00  -4.04955e+09
   3  theta        2.90847e-02   8.29590e-04  -0.00000e+00   4.21069e+05
   4  pileup       1.00028e-03   1.74432e-07  -0.00000e+00   4.56152e+04
 MINUIT WARNING IN MIGRAD  
 ============== Negative diagonal element 3 in Error Matrix
 MINUIT WARNING IN MIGRAD  
 ============== 1 added to diagonal of error matrix
 MIGRAD FAILS TO FIND IMPROVEMENT
 EIGENVALUES OF SECOND-DERIVATIVE MATRIX:
        -4.1229e-03  9.3101e-02  8.4583e-01  3.0652e+00
 MINUIT WARNING IN HESSE   
 ============== MATRIX FORCED POS-DEF BY ADDING 0.007188 TO DIAGONAL.
 FCN=-2.37858e+11 FROM HESSE     STATUS=NOT POSDEF     29 CALLS         228 TOTAL
                     EDM=61.8    STRATEGY= 1      ERR MATRIX NOT POS-DEF
  EXT PARAMETER                APPROXIMATE        STEP         FIRST   
  NO.   NAME      VALUE            ERROR          SIZE      DERIVATIVE 
   1  norm         5.59212e+05   8.41827e+01   1.72661e+03  -8.40331e-01
   2  Q            5.64919e-01   3.14993e-05   8.70865e-05  -2.64295e+06
   3  theta        2.93061e-02   2.28719e-03   1.15254e-01   1.01976e+04
   4  pileup       1.00031e-03   1.85759e-07   2.09909e-05   3.97651e+07
 MINUIT WARNING IN MIGRAD  
 ============== Negative diagonal element 3 in Error Matrix
 MINUIT WARNING IN MIGRAD  
 ============== 1 added to diagonal of error matrix
 MIGRAD FAILS TO FIND IMPROVEMENT
 MACHINE ACCURACY LIMITS FURTHER IMPROVEMENT.
 MIGRAD MINIMIZATION HAS CONVERGED.
 MIGRAD WILL VERIFY CONVERGENCE AND ERROR MATRIX.
 EIGENVALUES OF SECOND-DERIVATIVE MATRIX:
        -4.0882e-04  1.3093e-01  8.4800e-01  3.0215e+00
 MINUIT WARNING IN HESSE   
 ============== MATRIX FORCED POS-DEF BY ADDING 0.003430 TO DIAGONAL.
 MIGRAD TERMINATED WITHOUT CONVERGENCE.
 FCN=-2.37858e+11 FROM MIGRAD    STATUS=FAILED        117 CALLS         276 TOTAL
                     EDM=82.219    STRATEGY= 1      ERR MATRIX NOT POS-DEF
  EXT PARAMETER                APPROXIMATE        STEP         FIRST   
  NO.   NAME      VALUE            ERROR          SIZE      DERIVATIVE 
   1  norm         5.59273e+05   9.24120e+01   6.90646e+02  -1.35851e+00
   2  Q            5.64895e-01   3.03551e-05   1.74173e-04  -4.25387e+06
   3  theta        2.68323e-02   2.28277e-03   4.61014e-02   1.02600e+04
   4  pileup       1.00009e-03   1.32355e-07   8.39636e-06  -1.17729e+07
 EXTERNAL ERROR MATRIX.    NDIM=  25    NPAR=  4    ERR DEF=1
  8.540e+03 -2.778e-03 -2.912e-02 -1.110e-06 
 -2.778e-03  9.214e-10  1.711e-08  5.959e-13 
 -2.912e-02  1.711e-08  5.211e-06  2.137e-10 
 -1.110e-06  5.959e-13  2.137e-10  1.752e-14 
ERR MATRIX NOT POS-DEF
 PARAMETER  CORRELATION COEFFICIENTS  
       NO.  GLOBAL      1      2      3      4
        1  0.99693   1.000 -0.990 -0.138 -0.091
        2  0.99706  -0.990  1.000  0.247  0.148
        3  0.90200  -0.138  0.247  1.000  0.707
        4  0.74702  -0.091  0.148  0.707  1.000
 ERR MATRIX NOT POS-DEF
status of the fit-----000------4
1  559273
2  0.564895
3  0.0268323
4  0.00100009
 PARAMETER DEFINITIONS:
    NO.   NAME         VALUE      STEP SIZE      LIMITS
     1 norm         5.59273e+05  1.00000e-01     no limits
     2 Q            5.64895e-01  1.00000e-01     no limits
     3 theta        2.68323e-02  1.00000e-01     no limits
     4 pileup       1.00009e-03  1.00000e-01     no limits
 **********
 **    3 **MIGRAD
 **********
 FIRST CALL TO USER FUNCTION AT NEW START POINT, WITH IFLAG=4.
 START MIGRAD MINIMIZATION.  STRATEGY  1.  CONVERGENCE WHEN EDM .LT. 1.00e-04
 FCN=-2.37858e+11 FROM MIGRAD    STATUS=INITIATE       18 CALLS         295 TOTAL
                     EDM= unknown      STRATEGY= 1      NO ERROR MATRIX       
  EXT PARAMETER               CURRENT GUESS       STEP         FIRST   
  NO.   NAME      VALUE            ERROR          SIZE      DERIVATIVE 
   1  norm         5.59273e+05   1.00000e-01   1.00000e-01  -1.35808e+00
   2  Q            5.64895e-01   1.00000e-01   1.00000e-01  -2.34828e+07
   3  theta        2.68323e-02   1.00000e-01   1.00000e-01   2.25662e+05
   4  pileup       1.00009e-03   1.00000e-01   1.00000e-01  -9.18077e+11
 MIGRAD FAILS TO FIND IMPROVEMENT
 EIGENVALUES OF SECOND-DERIVATIVE MATRIX:
        -1.3834e-01  2.3892e-01  9.1640e-01  2.9830e+00
 MINUIT WARNING IN HESSE   
 ============== MATRIX FORCED POS-DEF BY ADDING 0.141321 TO DIAGONAL.
 FCN=-2.37858e+11 FROM HESSE     STATUS=NOT POSDEF     29 CALLS         335 TOTAL
                     EDM=1667.17    STRATEGY= 1      ERR MATRIX NOT POS-DEF
  EXT PARAMETER                APPROXIMATE        STEP         FIRST   
  NO.   NAME      VALUE            ERROR          SIZE      DERIVATIVE 
   1  norm         5.59273e+05   2.68365e+01   2.66682e+00  -1.35796e+00
   2  Q            5.64895e-01   6.01622e-06   1.00000e-03  -4.25386e+06
   3  theta        2.68323e-02   6.98639e-03   1.09408e-01   1.05421e+04
   4  pileup       1.00009e-03   9.71822e-08   1.00000e-02  -1.23581e+07
 MIGRAD FAILS TO FIND IMPROVEMENT
 MACHINE ACCURACY LIMITS FURTHER IMPROVEMENT.
 MIGRAD MINIMIZATION HAS CONVERGED.
 MIGRAD WILL VERIFY CONVERGENCE AND ERROR MATRIX.
 EIGENVALUES OF SECOND-DERIVATIVE MATRIX:
        -4.4111e-04  2.5705e-02  8.4686e-01  3.1279e+00
 MINUIT WARNING IN HESSE   
 ============== MATRIX FORCED POS-DEF BY ADDING 0.003569 TO DIAGONAL.
 MIGRAD TERMINATED WITHOUT CONVERGENCE.
 FCN=-2.37858e+11 FROM MIGRAD    STATUS=FAILED        106 CALLS         383 TOTAL
                     EDM=235.096    STRATEGY= 1      ERR MATRIX NOT POS-DEF
  EXT PARAMETER                APPROXIMATE        STEP         FIRST   
  NO.   NAME      VALUE            ERROR          SIZE      DERIVATIVE 
   1  norm         5.59326e+05   8.76300e+01   5.33365e+00   3.25422e-01
   2  Q            5.64883e-01   3.08703e-05   1.02986e-04   1.00867e+06
   3  theta        1.27641e-02   7.92144e-03   4.37631e-02  -3.13339e+02
   4  pileup       1.00000e-03   2.43474e-07   2.14096e-05   6.71763e+07
 EXTERNAL ERROR MATRIX.    NDIM=  25    NPAR=  4    ERR DEF=1
  7.679e+03 -2.603e-03 -1.390e-01 -3.924e-06 
 -2.603e-03  9.530e-10  1.095e-07  3.024e-12 
 -1.390e-01  1.095e-07  6.275e-05  1.781e-09 
 -3.924e-06  3.024e-12  1.781e-09  5.928e-14 
ERR MATRIX NOT POS-DEF
 PARAMETER  CORRELATION COEFFICIENTS  
       NO.  GLOBAL      1      2      3      4
        1  0.99658   1.000 -0.962 -0.200 -0.184
        2  0.99716  -0.962  1.000  0.448  0.402
        3  0.98070  -0.200  0.448  1.000  0.923
        4  0.93243  -0.184  0.402  0.923  1.000
 ERR MATRIX NOT POS-DEF
 **********
 **    4 **MIGRAD 
 **********
 START MIGRAD MINIMIZATION.  STRATEGY  1.  CONVERGENCE WHEN EDM .LT. 1.00e-04
 FCN=-2.37858e+11 FROM MIGRAD    STATUS=INITIATE        8 CALLS         391 TOTAL
                     EDM=413.407    STRATEGY= 1      ERR MATRIX NOT POS-DEF
  EXT PARAMETER                APPROXIMATE        STEP         FIRST   
  NO.   NAME      VALUE            ERROR          SIZE      DERIVATIVE 
   1  norm         5.59326e+05   8.76300e+01   5.33365e+00   3.25458e-01
   2  Q            5.64883e-01   3.08703e-05   1.02986e-04   1.00884e+06
   3  theta        1.27641e-02   7.92144e-03   4.37631e-02   2.27232e+03
   4  pileup       1.00000e-03   2.43474e-07   2.14096e-05   6.24843e+07
 MIGRAD FAILS TO FIND IMPROVEMENT
 COVARIANCE MATRIX CALCULATED SUCCESSFULLY
 FCN=-2.37858e+11 FROM HESSE     STATUS=OK             29 CALLS         449 TOTAL
                     EDM=7.60542    STRATEGY= 1      ERROR MATRIX ACCURATE 
  EXT PARAMETER                                   STEP         FIRST   
  NO.   NAME      VALUE            ERROR          SIZE      DERIVATIVE 
   1  norm         5.59343e+05   9.54754e+00   1.06673e+02  -6.00456e-01
   2  Q            5.64869e-01   3.68804e-07   5.54810e-04  -1.87236e+06
   3  theta        4.78569e-03   6.54472e-04   1.74025e-01   4.83131e+02
   4  pileup       9.99765e-04   1.06484e-07   2.09901e-05   1.27253e+05
 EIGENVALUES OF SECOND-DERIVATIVE MATRIX:
        -3.5299e-02  5.9033e-01  1.3735e+00  2.0715e+00
 MINUIT WARNING IN MIGRAD  
 ============== MATRIX FORCED POS-DEF BY ADDING 0.037370 TO DIAGONAL.
 MIGRAD FAILS TO FIND IMPROVEMENT
 MACHINE ACCURACY LIMITS FURTHER IMPROVEMENT.
 MIGRAD MINIMIZATION HAS CONVERGED.
 FCN=-2.37858e+11 FROM MIGRAD    STATUS=CONVERGED     178 CALLS         561 TOTAL
                     EDM=2.38627    STRATEGY= 1  ERROR MATRIX UNCERTAINTY   1.1 per cent
  EXT PARAMETER                                   STEP         FIRST   
  NO.   NAME      VALUE            ERROR          SIZE      DERIVATIVE 
   1  norm         5.59362e+05   7.91120e+00  -0.00000e+00  -2.90744e-02
   2  Q            5.64869e-01   5.43448e-09  -0.00000e+00   1.06267e+05
   3  theta        4.12773e-03   1.23769e-04  -0.00000e+00   1.35803e+04
   4  pileup       9.99689e-04   9.34676e-08   0.00000e+00  -2.72905e+07
 EXTERNAL ERROR MATRIX.    NDIM=  25    NPAR=  4    ERR DEF=1
  6.259e+01 -2.876e-10 -6.554e-06 -2.727e-07 
 -2.876e-10  2.953e-17  6.726e-13  4.901e-17 
 -6.554e-06  6.726e-13  1.532e-08  1.116e-12 
 -2.727e-07  4.901e-17  1.116e-12  8.736e-15 
 PARAMETER  CORRELATION COEFFICIENTS  
       NO.  GLOBAL      1      2      3      4
        1  0.36996   1.000 -0.007 -0.007 -0.369
        2  1.00000  -0.007  1.000  1.000  0.096
        3  1.00000  -0.007  1.000  1.000  0.096
        4  0.38062  -0.369  0.096  0.096  1.000
status of the fit-----000------0
1  559362
2  0.564869
3  0.00412773
4  0.000999689
 **********
 **   26 **SET PRINT           2
 **********
 **********
 **   27 **SET NOGRAD
 **********
 PARAMETER DEFINITIONS:
    NO.   NAME         VALUE      STEP SIZE      LIMITS
     1 p0           5.58000e+05  1.67400e+05     no limits
     2 p1           5.65000e-01  1.69500e-01     no limits
     3 p2           0.00000e+00  3.00000e-01     no limits
     4 p3           9.99871e-04  2.99961e-04     no limits
 **********
 **   28 **SET ERR         0.5
 **********
 **********
 **   29 **SET PRINT           2
 **********
 **********
 **   30 **SET STR           1
 **********
 NOW USING STRATEGY  1: TRY TO BALANCE SPEED AGAINST RELIABILITY
 **********
 **   31 **MIGRAD        1480        0.01
 **********
 FIRST CALL TO USER FUNCTION AT NEW START POINT, WITH IFLAG=4.
 START MIGRAD MINIMIZATION.  STRATEGY  1.  CONVERGENCE WHEN EDM .LT. 1.00e-05
 FCN=17332.4 FROM MIGRAD    STATUS=INITIATE       18 CALLS          19 TOTAL
                     EDM= unknown      STRATEGY= 1      NO ERROR MATRIX       
  EXT PARAMETER               CURRENT GUESS       STEP         FIRST   
  NO.   NAME      VALUE            ERROR          SIZE      DERIVATIVE 
   1  p0           5.58000e+05   1.67400e+05   1.67400e+05  -3.62932e+01
   2  p1           5.65000e-01   1.69500e-01   1.69500e-01  -1.12660e+08
   3  p2           0.00000e+00   3.00000e-01   3.00000e-01   0.00000e+00
   4  p3           9.99871e-04   2.99961e-04   2.99961e-04  -9.89523e+08
                               ERR DEF= 0.5
NO ERROR MATRIX       
 FCN=492.103 FROM MIGRAD    STATUS=PROGRESS       34 CALLS          35 TOTAL
                     EDM=1361.45    STRATEGY= 1      NO ERROR MATRIX       
  EXT PARAMETER               CURRENT GUESS       STEP         FIRST   
  NO.   NAME      VALUE            ERROR          SIZE      DERIVATIVE 
   1  p0           5.58440e+05   1.67400e+05   4.39624e+02  -8.25610e-01
   2  p1           5.65142e-01   1.69500e-01   1.41767e-04  -2.53653e+06
   3  p2           0.00000e+00   3.00000e-01  -0.00000e+00   0.00000e+00
   4  p3           1.00165e-03   2.99961e-04   1.77706e-06   4.07819e+08
                               ERR DEF= 0.5
 MIGRAD FAILS TO FIND IMPROVEMENT
 MIGRAD MINIMIZATION HAS CONVERGED.
 MIGRAD WILL VERIFY CONVERGENCE AND ERROR MATRIX.
   START COVARIANCE MATRIX CALCULATION.
 MINUIT WARNING IN HESSE   
 ============== Negative diagonal element 3 in Error Matrix
 MINUIT WARNING IN HESSE   
 ============== 11190.9 added to diagonal of error matrix
 EIGENVALUES OF SECOND-DERIVATIVE MATRIX:
        -1.0102e-01  8.0071e-01  9.9999e-01  2.3003e+00
 MINUIT WARNING IN HESSE   
 ============== MATRIX FORCED POS-DEF BY ADDING 0.103321 TO DIAGONAL.
 FCN=74.883 FROM HESSE     STATUS=NOT POSDEF     27 CALLS          84 TOTAL
                     EDM=7.31734e-05    STRATEGY= 1      ERR MATRIX NOT POS-DEF
  EXT PARAMETER                APPROXIMATE        STEP         FIRST   
  NO.   NAME      VALUE            ERROR          SIZE      DERIVATIVE 
   1  p0           5.58477e+05   9.00086e-03   2.66303e-01  -1.84350e-04
   2  p1           5.65154e-01   2.41283e-05   2.69486e-07   5.06306e+02
   3  p2           0.00000e+00   1.48510e+01   1.01020e-04   0.00000e+00
   4  p3           9.99753e-04   7.36172e-08   4.76719e-10  -3.06166e+03
                               ERR DEF= 0.5
 PARAMETER  CORRELATION COEFFICIENTS  
       NO.  GLOBAL      1      2      3      4
        1  0.01785   1.000  0.018  0.018  0.010
        2  0.99788   0.018  1.000  0.998  0.534
        3  0.99794   0.018  0.998  1.000  0.553
        4  0.60934   0.010  0.534  0.553  1.000
 ERR MATRIX NOT POS-DEF
 MIGRAD FAILS TO FIND IMPROVEMENT
 MIGRAD TERMINATED WITHOUT CONVERGENCE.
 FCN=74.883 FROM MIGRAD    STATUS=FAILED         84 CALLS          85 TOTAL
                     EDM=7.31734e-05    STRATEGY= 1      ERR MATRIX NOT POS-DEF
  EXT PARAMETER                APPROXIMATE        STEP         FIRST   
  NO.   NAME      VALUE            ERROR          SIZE      DERIVATIVE 
   1  p0           5.58477e+05   9.00086e-03  -0.00000e+00  -1.84350e-04
   2  p1           5.65154e-01   2.41283e-05  -0.00000e+00   5.06306e+02
   3  p2           0.00000e+00   1.48510e+01  -0.00000e+00   0.00000e+00
   4  p3           9.99753e-04   7.36172e-08  -0.00000e+00  -3.06166e+03
                               ERR DEF= 0.5
 EXTERNAL ERROR MATRIX.    NDIM=  25    NPAR=  4    ERR DEF=0.5
  8.102e-05  3.827e-09  2.375e-03  6.493e-12 
  3.827e-09  5.822e-10  3.575e-04  9.489e-13 
  2.375e-03  3.575e-04  2.206e+02  6.046e-07 
  6.493e-12  9.489e-13  6.046e-07  5.419e-15 
ERR MATRIX NOT POS-DEF
 PARAMETER  CORRELATION COEFFICIENTS  
       NO.  GLOBAL      1      2      3      4
        1  0.01785   1.000  0.018  0.018  0.010
        2  0.99788   0.018  1.000  0.998  0.534
        3  0.99794   0.018  0.998  1.000  0.553
        4  0.60934   0.010  0.534  0.553  1.000
 ERR MATRIX NOT POS-DEF
 FCN=74.883 FROM MIGRAD    STATUS=FAILED         84 CALLS          85 TOTAL
                     EDM=7.31734e-05    STRATEGY= 1      ERR MATRIX NOT POS-DEF
  EXT PARAMETER                  PARABOLIC         MINOS ERRORS        
  NO.   NAME      VALUE            ERROR      NEGATIVE      POSITIVE   
   1  p0           5.58477e+05   9.00086e-03                            
   2  p1           5.65154e-01   2.41283e-05                            
   3  p2           0.00000e+00   1.48510e+01                            
   4  p3           9.99753e-04   7.36172e-08                            
                               ERR DEF= 0.5
 **********
 **   32 **SET PRINT           2
 **********
 **********
 **   33 **SET NOGRAD
 **********
 PARAMETER DEFINITIONS:
    NO.   NAME         VALUE      STEP SIZE      LIMITS
     1 p0           5.58477e+05  9.00086e-03     no limits
     2 p1           5.65154e-01  2.41283e-05     no limits
     3 p2           0.00000e+00  1.48510e+01     no limits
     4 p3           9.99753e-04  7.36172e-08     no limits
 **********
 **   34 **SET ERR         0.5
 **********
 **********
 **   35 **SET PRINT           2
 **********
 **********
 **   36 **SET STR           1
 **********
 NOW USING STRATEGY  1: TRY TO BALANCE SPEED AGAINST RELIABILITY
 **********
 **   37 **MIGRAD        1480        0.01
 **********
 FIRST CALL TO USER FUNCTION AT NEW START POINT, WITH IFLAG=4.
 START MIGRAD MINIMIZATION.  STRATEGY  1.  CONVERGENCE WHEN EDM .LT. 1.00e-05
 FCN=74.883 FROM MIGRAD    STATUS=INITIATE       12 CALLS          13 TOTAL
                     EDM= unknown      STRATEGY= 1      NO ERROR MATRIX       
  EXT PARAMETER               CURRENT GUESS       STEP         FIRST   
  NO.   NAME      VALUE            ERROR          SIZE      DERIVATIVE 
   1  p0           5.58477e+05   9.00086e-03   9.00086e-03  -1.73379e-04
   2  p1           5.65154e-01   2.41283e-05   2.41283e-05   5.00311e+02
   3  p2           0.00000e+00   1.48510e+01   1.48510e+01   0.00000e+00
   4  p3           9.99753e-04   7.36172e-08   7.36172e-08  -2.30930e+03
                               ERR DEF= 0.5
NO ERROR MATRIX       
 MIGRAD FAILS TO FIND IMPROVEMENT
   START COVARIANCE MATRIX CALCULATION.
 EIGENVALUES OF SECOND-DERIVATIVE MATRIX:
         2.8488e-04  2.9898e-01  8.5626e-01  2.8445e+00
 COVARIANCE MATRIX CALCULATED SUCCESSFULLY
 FCN=74.883 FROM HESSE     STATUS=OK             27 CALLS          41 TOTAL
                     EDM=0.00278087    STRATEGY= 1      ERROR MATRIX ACCURATE 
  EXT PARAMETER                                   STEP         FIRST   
  NO.   NAME      VALUE            ERROR          SIZE      DERIVATIVE 
   1  p0           5.58477e+05   2.13916e+02   2.66303e-01  -1.84350e-04
   2  p1           5.65154e-01   6.91951e-05   2.69486e-07   5.06306e+02
   3  p2           0.00000e+00   6.34926e-03   1.48510e-02   0.00000e+00
   4  p3           9.99753e-04   8.42250e-08   4.76719e-10  -3.06166e+03
                               ERR DEF= 0.5
 PARAMETER  CORRELATION COEFFICIENTS  
       NO.  GLOBAL      1      2      3      4
        1  0.99971   1.000 -0.999  0.056  0.455
        2  0.99972  -0.999  1.000 -0.036 -0.453
        3  0.76905   0.056 -0.036  1.000  0.465
        4  0.68561   0.455 -0.453  0.465  1.000
 FCN=74.8746 FROM MIGRAD    STATUS=PROGRESS       55 CALLS          56 TOTAL
                     EDM=0.00914569    STRATEGY= 1      ERROR MATRIX ACCURATE 
  EXT PARAMETER                                   STEP         FIRST   
  NO.   NAME      VALUE            ERROR          SIZE      DERIVATIVE 
   1  p0           5.58527e+05   2.13916e+02   4.99383e+01   4.23129e-04
   2  p1           5.65138e-01   6.91951e-05  -1.61528e-05   2.31571e+03
   3  p2           7.17232e-05   6.34926e-03   7.17232e-05  -8.85105e-01
   4  p3           9.99762e-04   8.42250e-08   8.98377e-09   1.83419e+06
                               ERR DEF= 0.5
 FCN=74.7836 FROM MIGRAD    STATUS=PROGRESS      176 CALLS         177 TOTAL
                     EDM=0.000891236    STRATEGY= 1  ERROR MATRIX UNCERTAINTY  27.5 per cent
  EXT PARAMETER                APPROXIMATE        STEP         FIRST   
  NO.   NAME      VALUE            ERROR          SIZE      DERIVATIVE 
   1  p0           5.58533e+05   1.36941e+03  -1.96624e+02   5.93792e-04
   2  p1           5.65136e-01   4.41956e-04   6.36258e-05   1.77268e+03
   3  p2          -5.73157e-03   1.59898e-02  -1.19341e-03  -2.87289e+00
   4  p3           9.99766e-04   7.43271e-08   2.18274e-09  -2.55906e+05
                               ERR DEF= 0.5
 MINUIT WARNING IN MIGRAD  
 ============== Negative diagonal element 1 in Error Matrix
 MINUIT WARNING IN MIGRAD  
 ============== Negative diagonal element 2 in Error Matrix
 MINUIT WARNING IN MIGRAD  
 ============== 739763 added to diagonal of error matrix
 EIGENVALUES OF SECOND-DERIVATIVE MATRIX:
         9.9574e-01  1.0000e+00  1.0000e+00  1.0043e+00
 MIGRAD FAILS TO FIND IMPROVEMENT
 MIGRAD TERMINATED WITHOUT CONVERGENCE.
 FCN=74.7832 FROM MIGRAD    STATUS=FAILED        231 CALLS         232 TOTAL
                     EDM=3.18482e-05    STRATEGY= 1  ERROR MATRIX UNCERTAINTY  92.6 per cent
  EXT PARAMETER                APPROXIMATE        STEP         FIRST   
  NO.   NAME      VALUE            ERROR          SIZE      DERIVATIVE 
   1  p0           5.58518e+05   7.07107e-01   0.00000e+00  -4.41024e-05
   2  p1           5.65141e-01   6.08179e+02   0.00000e+00  -1.58373e+02
   3  p2          -5.71124e-03   6.08179e+02   0.00000e+00  -7.72252e-02
   4  p3           9.99767e-04   6.08179e+02  -0.00000e+00   1.43182e+03
                               ERR DEF= 0.5
 EXTERNAL ERROR MATRIX.    NDIM=  25    NPAR=  4    ERR DEF=0.5
  5.000e-01  1.194e-01 -1.829e+00  1.899e-06 
  1.194e-01  3.699e+05  5.836e-07 -6.199e-13 
 -1.829e+00  5.836e-07  3.699e+05 -2.026e-10 
  1.899e-06 -6.199e-13 -2.026e-10  3.699e+05 
ERR MATRIX APPROXIMATE
 PARAMETER  CORRELATION COEFFICIENTS  
       NO.  GLOBAL      1      2      3      4
        1  0.00426   1.000  0.000 -0.004  0.000
        2  0.00028   0.000  1.000  0.000 -0.000
        3  0.00425  -0.004  0.000  1.000 -0.000
        4  0.00000   0.000 -0.000 -0.000  1.000
 ERR MATRIX APPROXIMATE
 FCN=74.7832 FROM MIGRAD    STATUS=FAILED        231 CALLS         232 TOTAL
                     EDM=3.18482e-05    STRATEGY= 1  ERROR MATRIX UNCERTAINTY  92.6 per cent
  EXT PARAMETER                  PARABOLIC         MINOS ERRORS        
  NO.   NAME      VALUE            ERROR      NEGATIVE      POSITIVE   
   1  p0           5.58518e+05   7.07107e-01                            
   2  p1           5.65141e-01   6.08179e+02                            
   3  p2          -5.71124e-03   6.08179e+02                            
   4  p3           9.99767e-04   6.08179e+02                            
                               ERR DEF= 0.5
 **********
 **   38 **SET PRINT           2
 **********
 **********
 **   39 **SET NOGRAD
 **********
 PARAMETER DEFINITIONS:
    NO.   NAME         VALUE      STEP SIZE      LIMITS
     1 p0           5.58518e+05  7.07107e-01     no limits
     2 p1           5.65141e-01  6.08179e+02     no limits
     3 p2          -5.71124e-03  6.08179e+02     no limits
     4 p3           9.99767e-04  6.08179e+02     no limits
 **********
 **   40 **SET ERR         0.5
 **********
 **********
 **   41 **SET PRINT           2
 **********
 **********
 **   42 **SET STR           1
 **********
 NOW USING STRATEGY  1: TRY TO BALANCE SPEED AGAINST RELIABILITY
 **********
 **   43 **MIGRAD        1480        0.01
 **********
 FIRST CALL TO USER FUNCTION AT NEW START POINT, WITH IFLAG=4.
 START MIGRAD MINIMIZATION.  STRATEGY  1.  CONVERGENCE WHEN EDM .LT. 1.00e-05
 FCN=74.7832 FROM MIGRAD    STATUS=INITIATE       20 CALLS          21 TOTAL
                     EDM= unknown      STRATEGY= 1      NO ERROR MATRIX       
  EXT PARAMETER               CURRENT GUESS       STEP         FIRST   
  NO.   NAME      VALUE            ERROR          SIZE      DERIVATIVE 
   1  p0           5.58518e+05   7.07107e-01   7.07107e-01  -4.41024e-05
   2  p1           5.65141e-01   6.08179e+02   6.08179e+02   1.18499e+10
   3  p2          -5.71124e-03   6.08179e+02   6.08179e+02  -1.38468e+04
   4  p3           9.99767e-04   6.08179e+02   6.08179e+02  -7.94217e+13
                               ERR DEF= 0.5
NO ERROR MATRIX       
 MIGRAD FAILS TO FIND IMPROVEMENT
   START COVARIANCE MATRIX CALCULATION.
 EIGENVALUES OF SECOND-DERIVATIVE MATRIX:
        -5.5701e-01  7.7826e-01  9.9952e-01  2.7792e+00
 MINUIT WARNING IN HESSE   
 ============== MATRIX FORCED POS-DEF BY ADDING 0.559788 TO DIAGONAL.
 FCN=74.7832 FROM HESSE     STATUS=NOT POSDEF     31 CALLS          63 TOTAL
                     EDM=8.7342e-06    STRATEGY= 1      ERR MATRIX NOT POS-DEF
  EXT PARAMETER                APPROXIMATE        STEP         FIRST   
  NO.   NAME      VALUE            ERROR          SIZE      DERIVATIVE 
   1  p0           5.58518e+05   6.91504e+01   2.66322e-01  -5.58136e-05
   2  p1           5.65141e-01   4.61716e-06   6.08179e-02  -1.17870e+02
   3  p2          -5.71124e-03   1.05825e-03   6.08179e-02  -1.05871e+00
   4  p3           9.99767e-04   1.56769e-08   6.08179e-02  -1.41491e+04
                               ERR DEF= 0.5
 PARAMETER  CORRELATION COEFFICIENTS  
       NO.  GLOBAL      1      2      3      4
        1  0.99825   1.000 -0.998  0.715 -0.090
        2  0.99818  -0.998  1.000 -0.702  0.089
        3  0.73731   0.715 -0.702  1.000 -0.059
        4  0.09105  -0.090  0.089 -0.059  1.000
 ERR MATRIX NOT POS-DEF
 MIGRAD FAILS TO FIND IMPROVEMENT
 MIGRAD MINIMIZATION HAS CONVERGED.
 MIGRAD WILL VERIFY CONVERGENCE AND ERROR MATRIX.
   START COVARIANCE MATRIX CALCULATION.
 EIGENVALUES OF SECOND-DERIVATIVE MATRIX:
         1.3011e-03  4.4453e-01  8.5456e-01  2.6996e+00
 COVARIANCE MATRIX CALCULATED SUCCESSFULLY
 FCN=74.7832 FROM MIGRAD    STATUS=CONVERGED     105 CALLS         106 TOTAL
                     EDM=4.63481e-06    STRATEGY= 1      ERROR MATRIX ACCURATE 
  EXT PARAMETER                                   STEP         FIRST   
  NO.   NAME      VALUE            ERROR          SIZE      DERIVATIVE 
   1  p0           5.58518e+05   1.00074e+02   1.33161e-01  -5.58136e-05
   2  p1           5.65141e-01   3.23879e-05   3.13651e-07  -1.50219e+02
   3  p2          -5.71124e-03   6.35678e-03   9.21255e-04  -3.50196e-01
   4  p3           9.99767e-04   7.17155e-08   1.19326e-08  -5.49172e+03
                               ERR DEF= 0.5
 EXTERNAL ERROR MATRIX.    NDIM=  25    NPAR=  4    ERR DEF=0.5
  1.001e+04 -3.235e-03  4.478e-02  1.682e-07 
 -3.235e-03  1.049e-09 -2.071e-08 -6.705e-14 
  4.478e-02 -2.071e-08  4.041e-05 -1.725e-10 
  1.682e-07 -6.705e-14 -1.725e-10  5.143e-15 
 PARAMETER  CORRELATION COEFFICIENTS  
       NO.  GLOBAL      1      2      3      4
        1  0.99869   1.000 -0.998  0.070  0.023
        2  0.99870  -0.998  1.000 -0.101 -0.029
        3  0.65134   0.070 -0.101  1.000 -0.378
        4  0.49510   0.023 -0.029 -0.378  1.000
 EXTERNAL ERROR MATRIX.    NDIM=   4    NPAR=  4    ERR DEF=0.5
  1.001e+04 -3.235e-03  4.478e-02  1.682e-07 
 -3.235e-03  1.049e-09 -2.071e-08 -6.705e-14 
  4.478e-02 -2.071e-08  4.041e-05 -1.725e-10 
  1.682e-07 -6.705e-14 -1.725e-10  5.143e-15 
 FCN=74.7832 FROM MIGRAD    STATUS=CONVERGED     105 CALLS         106 TOTAL
                     EDM=4.63481e-06    STRATEGY= 1      ERROR MATRIX ACCURATE 
  EXT PARAMETER                  PARABOLIC         MINOS ERRORS        
  NO.   NAME      VALUE            ERROR      NEGATIVE      POSITIVE   
   1  p0           5.58518e+05   1.00074e+02                            
   2  p1           5.65141e-01   3.23879e-05                            
   3  p2          -5.71124e-03   6.35678e-03                            
   4  p3           9.99767e-04   7.17155e-08                            
                               ERR DEF= 0.5
------------------------------------------
Enering ROOFIt-------
 PARAMETER DEFINITIONS:
    NO.   NAME         VALUE      STEP SIZE      LIMITS
     1 norm         5.58518e+05  1.00000e-01     no limits
     2 Q            5.65000e-01  1.00000e-01     no limits
     3 theta        0.00000e+00  1.00000e-01     no limits
     4 pileup       9.99767e-04  1.00000e-01     no limits
 **********
 **    1 **MIGRAD
 **********
 FIRST CALL TO USER FUNCTION AT NEW START POINT, WITH IFLAG=4.
 START MIGRAD MINIMIZATION.  STRATEGY  1.  CONVERGENCE WHEN EDM .LT. 1.00e-04
 FCN=-2.3786e+11 FROM MIGRAD    STATUS=INITIATE       14 CALLS          15 TOTAL
                     EDM= unknown      STRATEGY= 1      NO ERROR MATRIX       
  EXT PARAMETER               CURRENT GUESS       STEP         FIRST   
  NO.   NAME      VALUE            ERROR          SIZE      DERIVATIVE 
   1  norm         5.58518e+05   1.00000e-01   1.00000e-01  -1.66243e+01
   2  Q            5.65000e-01   1.00000e-01   1.00000e-01  -2.47443e+08
   3  theta        0.00000e+00   1.00000e-01   1.00000e-01   0.00000e+00
   4  pileup       9.99767e-04   1.00000e-01   1.00000e-01  -9.18615e+11
 MIGRAD FAILS TO FIND IMPROVEMENT
 EIGENVALUES OF SECOND-DERIVATIVE MATRIX:
        -9.0143e-02  4.9570e-01  6.6586e-01  2.9286e+00
 MINUIT WARNING IN HESSE   
 ============== MATRIX FORCED POS-DEF BY ADDING 0.093071 TO DIAGONAL.
 FCN=-2.3786e+11 FROM HESSE     STATUS=NOT POSDEF     27 CALLS          93 TOTAL
                     EDM=776.95    STRATEGY= 1      ERR MATRIX NOT POS-DEF
  EXT PARAMETER                APPROXIMATE        STEP         FIRST   
  NO.   NAME      VALUE            ERROR          SIZE      DERIVATIVE 
   1  norm         5.58891e+05   1.53524e+01   2.66322e+02   4.86995e-01
   2  Q            5.65004e-01   4.94062e-06   5.55016e-04   1.54644e+06
   3  theta        0.00000e+00   9.59204e-03   1.16102e-01   0.00000e+00
   4  pileup       1.00205e-03   9.89226e-08   2.10169e-05   5.32847e+08
 MIGRAD FAILS TO FIND IMPROVEMENT
 MACHINE ACCURACY LIMITS FURTHER IMPROVEMENT.
 MIGRAD MINIMIZATION HAS CONVERGED.
 MIGRAD WILL VERIFY CONVERGENCE AND ERROR MATRIX.
 EIGENVALUES OF SECOND-DERIVATIVE MATRIX:
        -8.0521e-02  4.9520e-01  6.6664e-01  2.9187e+00
 MINUIT WARNING IN HESSE   
 ============== MATRIX FORCED POS-DEF BY ADDING 0.083440 TO DIAGONAL.
 MIGRAD TERMINATED WITHOUT CONVERGENCE.
 FCN=-2.3786e+11 FROM MIGRAD    STATUS=FAILED        240 CALLS         241 TOTAL
                     EDM=0.124181    STRATEGY= 1      ERR MATRIX NOT POS-DEF
  EXT PARAMETER                APPROXIMATE        STEP         FIRST   
  NO.   NAME      VALUE            ERROR          SIZE      DERIVATIVE 
   1  norm         5.58942e+05   1.48872e+01   1.72575e+03  -2.61868e-02
   2  Q            5.65004e-01   4.96036e-06   5.54954e-04  -8.16528e+04
   3  theta        4.70361e-03   6.12016e-03   1.71033e-01   1.65838e+02
   4  pileup       9.99788e-04   9.93486e-08   2.09867e-05   3.00123e+06
 EXTERNAL ERROR MATRIX.    NDIM=  25    NPAR=  4    ERR DEF=1
  2.216e+02  6.001e-05  7.648e-02  8.657e-08 
  6.001e-05  2.461e-11  3.021e-08  3.657e-14 
  7.648e-02  3.021e-08  3.746e-05  7.096e-11 
  8.657e-08  3.657e-14  7.096e-11  9.870e-15 
ERR MATRIX NOT POS-DEF
 PARAMETER  CORRELATION COEFFICIENTS  
       NO.  GLOBAL      1      2      3      4
        1  0.88391   1.000  0.813  0.839  0.059
        2  0.99706   0.813  1.000  0.995  0.074
        3  0.99748   0.839  0.995  1.000  0.117
        4  0.52329   0.059  0.074  0.117  1.000
 ERR MATRIX NOT POS-DEF
 **********
 **    2 **MIGRAD 
 **********
 START MIGRAD MINIMIZATION.  STRATEGY  1.  CONVERGENCE WHEN EDM .LT. 1.00e-04
 FCN=-2.3786e+11 FROM MIGRAD    STATUS=INITIATE        8 CALLS         249 TOTAL
                     EDM=1958.77    STRATEGY= 1      ERR MATRIX NOT POS-DEF
  EXT PARAMETER                APPROXIMATE        STEP         FIRST   
  NO.   NAME      VALUE            ERROR          SIZE      DERIVATIVE 
   1  norm         5.58942e+05   1.48872e+01   1.72575e+03  -3.64240e-02
   2  Q            5.65004e-01   4.96036e-06   5.54954e-04  -8.15864e+04
   3  theta        4.70361e-03   6.12016e-03   1.71033e-01   1.46059e+04
   4  pileup       9.99788e-04   9.93486e-08   2.09867e-05  -1.51020e+06
 MIGRAD FAILS TO FIND IMPROVEMENT
 MACHINE ACCURACY LIMITS FURTHER IMPROVEMENT.
 MIGRAD MINIMIZATION HAS CONVERGED.
 MIGRAD WILL VERIFY CONVERGENCE AND ERROR MATRIX.
 EIGENVALUES OF SECOND-DERIVATIVE MATRIX:
        -2.5774e-04  2.6318e-01  8.4950e-01  2.8876e+00
 MINUIT WARNING IN HESSE   
 ============== MATRIX FORCED POS-DEF BY ADDING 0.003145 TO DIAGONAL.
 FCN=-2.3786e+11 FROM HESSE     STATUS=NOT POSDEF     29 CALLS         289 TOTAL
                     EDM=0.0419565    STRATEGY= 1      ERR MATRIX NOT POS-DEF
  EXT PARAMETER                APPROXIMATE        STEP         FIRST   
  NO.   NAME      VALUE            ERROR          SIZE      DERIVATIVE 
   1  norm         5.58942e+05   9.49227e+01   6.90301e+02  -2.61016e-02
   2  Q            5.65004e-01   3.08850e-05   9.41920e-05  -8.16569e+04
   3  theta        4.70361e-03   1.87367e-03   6.84133e-02   4.35873e+01
   4  pileup       9.99788e-04   1.10946e-07   8.39468e-06   3.03956e+06
 MINUIT WARNING IN MIGRAD  
 ============== Negative diagonal element 3 in Error Matrix
 MINUIT WARNING IN MIGRAD  
 ============== 1 added to diagonal of error matrix
 MIGRAD FAILS TO FIND IMPROVEMENT
 MACHINE ACCURACY LIMITS FURTHER IMPROVEMENT.
 MIGRAD MINIMIZATION HAS CONVERGED.
 MIGRAD WILL VERIFY CONVERGENCE AND ERROR MATRIX.
 EIGENVALUES OF SECOND-DERIVATIVE MATRIX:
        -3.4350e-04  1.4947e-01  8.4895e-01  3.0019e+00
 MINUIT WARNING IN HESSE   
 ============== MATRIX FORCED POS-DEF BY ADDING 0.003345 TO DIAGONAL.
 MIGRAD TERMINATED WITHOUT CONVERGENCE.
 FCN=-2.3786e+11 FROM MIGRAD    STATUS=FAILED         98 CALLS         339 TOTAL
                     EDM=0.00475814    STRATEGY= 1      ERR MATRIX NOT POS-DEF
  EXT PARAMETER                APPROXIMATE        STEP         FIRST   
  NO.   NAME      VALUE            ERROR          SIZE      DERIVATIVE 
   1  norm         5.58942e+05   9.37252e+01   2.76120e+02  -1.25968e-02
   2  Q            5.65004e-01   3.01403e-05   1.88384e-04  -3.99443e+04
   3  theta        4.62951e-03   5.67913e-03   2.73653e-02   3.06260e+01
   4  pileup       9.99770e-04   1.26919e-07   3.35787e-06  -5.97219e+05
 EXTERNAL ERROR MATRIX.    NDIM=  25    NPAR=  4    ERR DEF=1
  8.784e+03 -2.801e-03  2.971e-02  4.917e-07 
 -2.801e-03  9.084e-10  7.877e-09  2.658e-14 
  2.971e-02  7.877e-09  3.225e-05  4.872e-10 
  4.917e-07  2.658e-14  4.872e-10  1.611e-14 
ERR MATRIX NOT POS-DEF
 PARAMETER  CORRELATION COEFFICIENTS  
       NO.  GLOBAL      1      2      3      4
        1  0.99702   1.000 -0.991  0.056  0.041
        2  0.99702  -0.991  1.000  0.046  0.007
        3  0.88358   0.056  0.046  1.000  0.676
        4  0.72075   0.041  0.007  0.676  1.000
 ERR MATRIX NOT POS-DEF
status of the fit-----000------4
1  558942
2  0.565004
3  0.00462951
4  0.00099977
 PARAMETER DEFINITIONS:
    NO.   NAME         VALUE      STEP SIZE      LIMITS
     1 norm         5.58942e+05  1.00000e-01     no limits
     2 Q            5.65004e-01  1.00000e-01     no limits
     3 theta        4.62951e-03  1.00000e-01     no limits
     4 pileup       9.99770e-04  1.00000e-01     no limits
 **********
 **    3 **MIGRAD
 **********
 FIRST CALL TO USER FUNCTION AT NEW START POINT, WITH IFLAG=4.
 START MIGRAD MINIMIZATION.  STRATEGY  1.  CONVERGENCE WHEN EDM .LT. 1.00e-04
 FCN=-2.3786e+11 FROM MIGRAD    STATUS=INITIATE       14 CALLS         354 TOTAL
                     EDM= unknown      STRATEGY= 1      NO ERROR MATRIX       
  EXT PARAMETER               CURRENT GUESS       STEP         FIRST   
  NO.   NAME      VALUE            ERROR          SIZE      DERIVATIVE 
   1  norm         5.58942e+05   1.00000e-01   1.00000e-01  -1.26010e-02
   2  Q            5.65004e-01   1.00000e-01   1.00000e-01   6.08610e+06
   3  theta        4.62951e-03   1.00000e-01   1.00000e-01   3.07668e+04
   4  pileup       9.99770e-04   1.00000e-01   1.00000e-01  -9.18025e+11
 MIGRAD FAILS TO FIND IMPROVEMENT
 EIGENVALUES OF SECOND-DERIVATIVE MATRIX:
        -2.8333e-02  3.3054e-01  9.1672e-01  2.7811e+00
 MINUIT WARNING IN HESSE   
 ============== MATRIX FORCED POS-DEF BY ADDING 0.031114 TO DIAGONAL.
 FCN=-2.3786e+11 FROM HESSE     STATUS=NOT POSDEF     29 CALLS         394 TOTAL
                     EDM=0.231837    STRATEGY= 1      ERR MATRIX NOT POS-DEF
  EXT PARAMETER                APPROXIMATE        STEP         FIRST   
  NO.   NAME      VALUE            ERROR          SIZE      DERIVATIVE 
   1  norm         5.58942e+05   5.74503e+01   2.66524e+00  -1.26811e-02
   2  Q            5.65004e-01   6.46663e-06   1.00000e-03  -3.99535e+04
   3  theta        4.62951e-03   6.75019e-03   1.00000e-01   7.60231e+01
   4  pileup       9.99770e-04   9.17351e-08   1.00000e-02  -1.18849e+06
 EIGENVALUES OF SECOND-DERIVATIVE MATRIX:
        -5.0846e-02  8.4954e-02  1.2525e+00  2.7134e+00
 MINUIT WARNING IN MIGRAD  
 ============== MATRIX FORCED POS-DEF BY ADDING 0.053560 TO DIAGONAL.
 MIGRAD FAILS TO FIND IMPROVEMENT
 MIGRAD TERMINATED WITHOUT CONVERGENCE.
 FCN=-2.3786e+11 FROM MIGRAD    STATUS=FAILED        101 CALLS         441 TOTAL
                     EDM=579639    STRATEGY= 1      ERR MATRIX NOT POS-DEF
  EXT PARAMETER                APPROXIMATE        STEP         FIRST   
  NO.   NAME      VALUE            ERROR          SIZE      DERIVATIVE 
   1  norm         5.58942e+05   1.20172e+01   0.00000e+00   3.87389e-03
   2  Q            5.65004e-01   5.47747e-07  -0.00000e+00   2.97479e+08
   3  theta        4.55920e-03   3.17715e-04   0.00000e+00   5.17471e+05
   4  pileup       9.99770e-04   5.78749e-08   0.00000e+00  -2.85538e+07
 EXTERNAL ERROR MATRIX.    NDIM=  25    NPAR=  4    ERR DEF=1
  1.444e+02 -4.458e-06  2.586e-03  5.203e-07 
 -4.458e-06  3.000e-13 -1.740e-10 -3.129e-14 
  2.586e-03 -1.740e-10  1.009e-07  1.815e-11 
  5.203e-07 -3.129e-14  1.815e-11  3.350e-15 
ERR MATRIX NOT POS-DEF
 PARAMETER  CORRELATION COEFFICIENTS  
       NO.  GLOBAL      1      2      3      4
        1  0.84063   1.000 -0.677  0.677  0.748
        2  1.00000  -0.677  1.000 -1.000 -0.987
        3  1.00000   0.677 -1.000  1.000  0.987
        4  0.99305   0.748 -0.987  0.987  1.000
 ERR MATRIX NOT POS-DEF
 **********
 **    4 **MIGRAD 
 **********
 START MIGRAD MINIMIZATION.  STRATEGY  1.  CONVERGENCE WHEN EDM .LT. 1.00e-04
 FCN=-2.3786e+11 FROM MIGRAD    STATUS=INITIATE       16 CALLS         457 TOTAL
                     EDM=0.246619    STRATEGY= 1      ERR MATRIX NOT POS-DEF
  EXT PARAMETER                APPROXIMATE        STEP         FIRST   
  NO.   NAME      VALUE            ERROR          SIZE      DERIVATIVE 
   1  norm         5.58942e+05   1.20172e+01   0.00000e+00  -2.22873e-03
   2  Q            5.65004e-01   5.47747e-07  -0.00000e+00   1.15679e+04
   3  theta        4.55920e-03   3.17715e-04   0.00000e+00   6.18238e+03
   4  pileup       9.99770e-04   5.78749e-08   0.00000e+00  -2.85540e+07
 MIGRAD FAILS TO FIND IMPROVEMENT
 MACHINE ACCURACY LIMITS FURTHER IMPROVEMENT.
 MIGRAD MINIMIZATION HAS CONVERGED.
 MIGRAD WILL VERIFY CONVERGENCE AND ERROR MATRIX.
 EIGENVALUES OF SECOND-DERIVATIVE MATRIX:
        -1.9647e-04  2.2156e-01  8.4906e-01  2.9296e+00
 MINUIT WARNING IN HESSE   
 ============== MATRIX FORCED POS-DEF BY ADDING 0.003126 TO DIAGONAL.
 FCN=-2.3786e+11 FROM HESSE     STATUS=NOT POSDEF     29 CALLS         497 TOTAL
                     EDM=0.00287084    STRATEGY= 1      ERR MATRIX NOT POS-DEF
  EXT PARAMETER                APPROXIMATE        STEP         FIRST   
  NO.   NAME      VALUE            ERROR          SIZE      DERIVATIVE 
   1  norm         5.58942e+05   9.44523e+01   5.33048e+02   3.93458e-03
   2  Q            5.65004e-01   3.06107e-05   9.41915e-05   1.14864e+04
   3  theta        4.55920e-03   3.00580e-03   4.52038e-02   2.66247e+01
   4  pileup       9.99770e-04   1.14842e-07   2.09849e-05  -1.17014e+05
 EIGENVALUES OF SECOND-DERIVATIVE MATRIX:
        -3.9135e-01  3.0352e-03  1.8217e+00  2.5666e+00
 MINUIT WARNING IN MIGRAD  
 ============== MATRIX FORCED POS-DEF BY ADDING 0.393919 TO DIAGONAL.
 MIGRAD FAILS TO FIND IMPROVEMENT
 MIGRAD TERMINATED WITHOUT CONVERGENCE.
 FCN=-2.3786e+11 FROM MIGRAD    STATUS=FAILED         96 CALLS         537 TOTAL
                     EDM=3.76185e+07    STRATEGY= 1      ERR MATRIX NOT POS-DEF
  EXT PARAMETER                APPROXIMATE        STEP         FIRST   
  NO.   NAME      VALUE            ERROR          SIZE      DERIVATIVE 
   1  norm         5.58942e+05   7.75813e+01   0.00000e+00  -6.33347e-02
   2  Q            5.65004e-01   1.11548e-07  -0.00000e+00   3.43548e+08
   3  theta        4.49481e-03   4.21614e-04   0.00000e+00   9.85378e+04
   4  pileup       9.99769e-04   1.22097e-07   0.00000e+00  -2.87850e+07
 EXTERNAL ERROR MATRIX.    NDIM=  25    NPAR=  4    ERR DEF=1
  6.019e+03  2.695e-07  2.640e-03 -1.444e-08 
  2.695e-07  1.244e-14 -4.648e-11 -1.351e-14 
  2.640e-03 -4.648e-11  1.778e-07  5.120e-11 
 -1.444e-08 -1.351e-14  5.120e-11  1.491e-14 
ERR MATRIX NOT POS-DEF
 PARAMETER  CORRELATION COEFFICIENTS  
       NO.  GLOBAL      1      2      3      4
        1  0.86780   1.000  0.031  0.081 -0.002
        2  0.99457   0.031  1.000 -0.988 -0.992
        3  0.99864   0.081 -0.988  1.000  0.995
        4  0.99808  -0.002 -0.992  0.995  1.000
 ERR MATRIX NOT POS-DEF
status of the fit-----000------4
1  558942
2  0.565004
3  0.00449481
4  0.000999769
 PARAMETER DEFINITIONS:
    NO.   NAME         VALUE      STEP SIZE      LIMITS
     1 norm         5.58942e+05  1.00000e-01     no limits
     2 Q            5.65004e-01  1.00000e-01     no limits
     3 theta        4.49481e-03  1.00000e-01     no limits
     4 pileup       9.99769e-04  1.00000e-01     no limits
 **********
 **    5 **MIGRAD
 **********
 FIRST CALL TO USER FUNCTION AT NEW START POINT, WITH IFLAG=4.
 START MIGRAD MINIMIZATION.  STRATEGY  1.  CONVERGENCE WHEN EDM .LT. 1.00e-04
 FCN=-2.3786e+11 FROM MIGRAD    STATUS=INITIATE       14 CALLS         552 TOTAL
                     EDM= unknown      STRATEGY= 1      NO ERROR MATRIX       
  EXT PARAMETER               CURRENT GUESS       STEP         FIRST   
  NO.   NAME      VALUE            ERROR          SIZE      DERIVATIVE 
   1  norm         5.58942e+05   1.00000e-01   1.00000e-01   1.30532e-03
   2  Q            5.65004e-01   1.00000e-01   1.00000e-01   6.31226e+06
   3  theta        4.49481e-03   1.00000e-01   1.00000e-01   2.98629e+04
   4  pileup       9.99769e-04   1.00000e-01   1.00000e-01  -9.18025e+11
 MIGRAD FAILS TO FIND IMPROVEMENT
 EIGENVALUES OF SECOND-DERIVATIVE MATRIX:
        -2.7425e-02  3.3194e-01  9.1672e-01  2.7788e+00
 MINUIT WARNING IN HESSE   
 ============== MATRIX FORCED POS-DEF BY ADDING 0.030204 TO DIAGONAL.
 FCN=-2.3786e+11 FROM HESSE     STATUS=NOT POSDEF     29 CALLS         592 TOTAL
                     EDM=0.0361296    STRATEGY= 1      ERR MATRIX NOT POS-DEF
  EXT PARAMETER                APPROXIMATE        STEP         FIRST   
  NO.   NAME      VALUE            ERROR          SIZE      DERIVATIVE 
   1  norm         5.58942e+05   5.77179e+01   2.66524e+00   1.40265e-03
   2  Q            5.65004e-01   6.46924e-06   1.00000e-03   3.26232e+03
   3  theta        4.49481e-03   6.73169e-03   1.00000e-01   6.51550e+01
   4  pileup       9.99769e-04   9.17350e-08   1.00000e-02  -8.91698e+05
 MIGRAD FAILS TO FIND IMPROVEMENT
 MACHINE ACCURACY LIMITS FURTHER IMPROVEMENT.
 MIGRAD MINIMIZATION HAS CONVERGED.
 MIGRAD WILL VERIFY CONVERGENCE AND ERROR MATRIX.
 MINUIT WARNING IN HESSE   
 ============== MATRIX FORCED POS-DEF BY ADDING 0.002941 TO DIAGONAL.
 MIGRAD TERMINATED WITHOUT CONVERGENCE.
 FCN=-2.3786e+11 FROM MIGRAD    STATUS=FAILED        107 CALLS         645 TOTAL
                     EDM=0.00342918    STRATEGY= 1      ERR MATRIX NOT POS-DEF
  EXT PARAMETER                APPROXIMATE        STEP         FIRST   
  NO.   NAME      VALUE            ERROR          SIZE      DERIVATIVE 
   1  norm         5.58942e+05   9.42543e+01   5.33049e+00   1.30246e-03
   2  Q            5.65004e-01   3.05315e-05   1.02990e-04   3.26094e+03
   3  theta        4.49483e-03   3.47680e-03   4.00000e-02   2.51389e+01
   4  pileup       9.99769e-04   1.16571e-07   2.14099e-05  -3.46317e+05
 EXTERNAL ERROR MATRIX.    NDIM=  25    NPAR=  4    ERR DEF=1
  8.884e+03 -2.858e-03 -1.251e-02 -2.056e-07 
 -2.858e-03  9.322e-10  1.281e-08  1.635e-13 
 -1.251e-02  1.281e-08  1.209e-05  2.419e-10 
 -2.056e-07  1.635e-13  2.419e-10  1.359e-14 
ERR MATRIX NOT POS-DEF
 PARAMETER  CORRELATION COEFFICIENTS  
       NO.  GLOBAL      1      2      3      4
        1  0.99705   1.000 -0.993 -0.038 -0.019
        2  0.99709  -0.993  1.000  0.121  0.046
        3  0.83986  -0.038  0.121  1.000  0.597
        4  0.65592  -0.019  0.046  0.597  1.000
 ERR MATRIX NOT POS-DEF
 **********
 **    6 **MIGRAD 
 **********
 START MIGRAD MINIMIZATION.  STRATEGY  1.  CONVERGENCE WHEN EDM .LT. 1.00e-04
 FCN=-2.3786e+11 FROM MIGRAD    STATUS=INITIATE        8 CALLS         653 TOTAL
                     EDM=1.45452    STRATEGY= 1      ERR MATRIX NOT POS-DEF
  EXT PARAMETER                APPROXIMATE        STEP         FIRST   
  NO.   NAME      VALUE            ERROR          SIZE      DERIVATIVE 
   1  norm         5.58942e+05   9.42543e+01   5.33049e+00   1.28242e-03
   2  Q            5.65004e-01   3.05315e-05   1.02990e-04   3.62423e+03
   3  theta        4.49483e-03   3.47680e-03   4.00000e-02   7.78553e+02
   4  pileup       9.99769e-04   1.16571e-07   2.14099e-05  -5.04178e+06
 EIGENVALUES OF SECOND-DERIVATIVE MATRIX:
        -1.4621e-03  2.1862e-01  7.4073e-01  3.0421e+00
 MINUIT WARNING IN MIGRAD  
 ============== MATRIX FORCED POS-DEF BY ADDING 0.004504 TO DIAGONAL.
 MIGRAD FAILS TO FIND IMPROVEMENT
 EIGENVALUES OF SECOND-DERIVATIVE MATRIX:
        -1.1151e-01  4.9268e-01  6.6620e-01  2.9526e+00
 MINUIT WARNING IN HESSE   
 ============== MATRIX FORCED POS-DEF BY ADDING 0.114463 TO DIAGONAL.
 FCN=-2.3786e+11 FROM HESSE     STATUS=NOT POSDEF     31 CALLS         715 TOTAL
                     EDM=0.0944253    STRATEGY= 1      ERR MATRIX NOT POS-DEF
  EXT PARAMETER                APPROXIMATE        STEP         FIRST   
  NO.   NAME      VALUE            ERROR          SIZE      DERIVATIVE 
   1  norm         5.58942e+05   1.53932e+01   1.06610e+02  -4.14712e-03
   2  Q            5.65004e-01   4.94500e-06   5.54954e-04  -1.35881e+04
   3  theta        4.43336e-03   9.06233e-03   1.15141e-01   8.20578e+01
   4  pileup       9.99768e-04   9.80350e-08   2.09862e-05  -6.49688e+05
 MINUIT WARNING IN MIGRAD  
 ============== Negative diagonal element 3 in Error Matrix
 MINUIT WARNING IN MIGRAD  
 ============== 1 added to diagonal of error matrix
 MIGRAD FAILS TO FIND IMPROVEMENT
 MACHINE ACCURACY LIMITS FURTHER IMPROVEMENT.
 MIGRAD MINIMIZATION HAS CONVERGED.
 MIGRAD WILL VERIFY CONVERGENCE AND ERROR MATRIX.
 EIGENVALUES OF SECOND-DERIVATIVE MATRIX:
        -1.5934e-04  2.2831e-01  8.4910e-01  2.9228e+00
 MINUIT WARNING IN HESSE   
 ============== MATRIX FORCED POS-DEF BY ADDING 0.003082 TO DIAGONAL.
 MIGRAD TERMINATED WITHOUT CONVERGENCE.
 FCN=-2.3786e+11 FROM MIGRAD    STATUS=FAILED        126 CALLS         771 TOTAL
                     EDM=0.00282595    STRATEGY= 1      ERR MATRIX NOT POS-DEF
  EXT PARAMETER                APPROXIMATE        STEP         FIRST   
  NO.   NAME      VALUE            ERROR          SIZE      DERIVATIVE 
   1  norm         5.58942e+05   9.45570e+01   4.26439e+01  -7.51599e-03
   2  Q            5.65004e-01   3.06456e-05   9.48096e-05  -2.41106e+04
   3  theta        4.39959e-03   2.91471e-03   4.60565e-02   3.07452e+01
   4  pileup       9.99768e-04   1.14254e-07   8.39449e-06  -6.84370e+05
 EXTERNAL ERROR MATRIX.    NDIM=  25    NPAR=  4    ERR DEF=1
  8.941e+03 -2.880e-03 -1.527e-02 -3.010e-07 
 -2.880e-03  9.392e-10  1.182e-08  1.738e-13 
 -1.527e-02  1.182e-08  8.496e-06  1.912e-10 
 -3.010e-07  1.738e-13  1.912e-10  1.305e-14 
ERR MATRIX NOT POS-DEF
 PARAMETER  CORRELATION COEFFICIENTS  
       NO.  GLOBAL      1      2      3      4
        1  0.99707   1.000 -0.994 -0.055 -0.028
        2  0.99711  -0.994  1.000  0.132  0.050
        3  0.82428  -0.055  0.132  1.000  0.574
        4  0.63789  -0.028  0.050  0.574  1.000
 ERR MATRIX NOT POS-DEF
status of the fit-----000------4
1  558942
2  0.565004
3  0.00439959
4  0.000999768
